We are starting on node: spool0353.sdcc.bnl.gov
HOME is not defined
Using getent method
HOME is now /star/u/maxwoo
32364 We will spawn ourselves (/star/data01/pwg/xiatong/git/strangeness/script/sched21EF1A6A9139C9FD2A38E59AFB466F9A_2646.csh )
32364 We BEGIN on [Thu Jun  2 10:54:18 EDT 2022]
[1] 32717
32364 We are waiting for 32717 
32364 Grandchild PID is 1020 - found in 10 x 1 seconds
32364 Establishing first watcher   on    Thu Jun  2 10:54:29 EDT 2022
32364 Process tree is 32364 (main) -> 32717 (child) -> 1020 (grandchild)
F S   UID   PID  PPID  C PRI  NI ADDR SZ WCHAN  TTY        TIME CMD
0 D 100667 1020 32717  0  80   0 - 32311 cxiWai ?          0:00 cp /star/data01/pwg/xiatong/AMPT/14GeV/data_1640165001.root /tmp/maxwoo/21EF1A6A9139C9FD2A38E59AFB466F9A_2646/INPUTFILES/data_1640165001.root
32364 Grandchild PID is 1693 - found in 20 x 2 seconds
32364 Grandchild to watch has changed on Thu Jun  2 10:54:50 EDT 2022
32364 Process tree is 32364 (main) -> 32717 (child) -> 1693 (grandchild)
F S   UID   PID  PPID  C PRI  NI ADDR SZ WCHAN  TTY        TIME CMD
0 D 100667 1693 32717  0  80   0 - 32311 cxiWai ?          0:00 cp /star/data01/pwg/xiatong/AMPT/14GeV/data_1644165101.root /tmp/maxwoo/21EF1A6A9139C9FD2A38E59AFB466F9A_2646/INPUTFILES/data_1644165101.root
32364 Grandchild PID is 2824 - found in 40 x 2 seconds
32364 Grandchild to watch has changed on Thu Jun  2 10:55:32 EDT 2022
32364 Process tree is 32364 (main) -> 32717 (child) -> 2824 (grandchild)
F S   UID   PID  PPID  C PRI  NI ADDR SZ WCHAN  TTY        TIME CMD
0 D 100667 2824 32717  0  80   0 - 32311 cxiWai ?          0:00 cp /star/data01/pwg/xiatong/AMPT/14GeV/data_1645165611.root /tmp/maxwoo/21EF1A6A9139C9FD2A38E59AFB466F9A_2646/INPUTFILES/data_1645165611.root
32364 Grandchild PID is 4202 - found in 60 x 2 seconds
32364 Grandchild to watch has changed on Thu Jun  2 10:56:14 EDT 2022
32364 Process tree is 32364 (main) -> 32717 (child) -> 4202 (grandchild)
F S   UID   PID  PPID  C PRI  NI ADDR SZ WCHAN  TTY        TIME CMD
0 D 100667 4202 32717  0  80   0 - 32311 cxiWai ?          0:00 cp /star/data01/pwg/xiatong/AMPT/14GeV/data_1647164451.root /tmp/maxwoo/21EF1A6A9139C9FD2A38E59AFB466F9A_2646/INPUTFILES/data_1647164451.root
32364 Grandchild PID is 4855 - found in 70 x 2 seconds
32364 Grandchild to watch has changed on Thu Jun  2 10:56:35 EDT 2022
32364 Process tree is 32364 (main) -> 32717 (child) -> 4855 (grandchild)
F S   UID   PID  PPID  C PRI  NI ADDR SZ WCHAN  TTY        TIME CMD
0 D 100667 4855 32717  0  80   0 - 32311 cxiWai ?          0:00 cp /star/data01/pwg/xiatong/AMPT/14GeV/data_1647164551.root /tmp/maxwoo/21EF1A6A9139C9FD2A38E59AFB466F9A_2646/INPUTFILES/data_1647164551.root
32364 Grandchild PID is 5460 - found in 80 x 2 seconds
32364 Grandchild to watch has changed on Thu Jun  2 10:56:56 EDT 2022
32364 Process tree is 32364 (main) -> 32717 (child) -> 5460 (grandchild)
F S   UID   PID  PPID  C PRI  NI ADDR SZ WCHAN  TTY        TIME CMD
0 S 100667 5460 32717  0  80   0 -  1272 do_wai ?          0:00 root -b -q check_S.C++("/tmp/maxwoo/21EF1A6A9139C9FD2A38E59AFB466F9A_2646/INPUTFILES/21EF1A6A9139C9FD2A38E59AFB466F9A_2646.local.list","21EF1A6A9139C9FD2A38E59AFB466F9A_2646",1)
32717 Stepping into the main SUMS wrapper program with []
.... building sandbox
Running: cp /star/data01/pwg/xiatong/AMPT/14GeV/data_1639182831.root /tmp/maxwoo/21EF1A6A9139C9FD2A38E59AFB466F9A_2646/INPUTFILES/data_1639182831.root
Running: cp /star/data01/pwg/xiatong/AMPT/14GeV/data_1640023091.root /tmp/maxwoo/21EF1A6A9139C9FD2A38E59AFB466F9A_2646/INPUTFILES/data_1640023091.root
Running: cp /star/data01/pwg/xiatong/AMPT/14GeV/data_1640165001.root /tmp/maxwoo/21EF1A6A9139C9FD2A38E59AFB466F9A_2646/INPUTFILES/data_1640165001.root
Running: cp /star/data01/pwg/xiatong/AMPT/14GeV/data_1640165121.root /tmp/maxwoo/21EF1A6A9139C9FD2A38E59AFB466F9A_2646/INPUTFILES/data_1640165121.root
Running: cp /star/data01/pwg/xiatong/AMPT/14GeV/data_1641165621.root /tmp/maxwoo/21EF1A6A9139C9FD2A38E59AFB466F9A_2646/INPUTFILES/data_1641165621.root
Running: cp /star/data01/pwg/xiatong/AMPT/14GeV/data_1641722811.root /tmp/maxwoo/21EF1A6A9139C9FD2A38E59AFB466F9A_2646/INPUTFILES/data_1641722811.root
Running: cp /star/data01/pwg/xiatong/AMPT/14GeV/data_1642522671.root /tmp/maxwoo/21EF1A6A9139C9FD2A38E59AFB466F9A_2646/INPUTFILES/data_1642522671.root
Running: cp /star/data01/pwg/xiatong/AMPT/14GeV/data_1642722181.root /tmp/maxwoo/21EF1A6A9139C9FD2A38E59AFB466F9A_2646/INPUTFILES/data_1642722181.root
Running: cp /star/data01/pwg/xiatong/AMPT/14GeV/data_1643197191.root /tmp/maxwoo/21EF1A6A9139C9FD2A38E59AFB466F9A_2646/INPUTFILES/data_1643197191.root
Running: cp /star/data01/pwg/xiatong/AMPT/14GeV/data_1644164501.root /tmp/maxwoo/21EF1A6A9139C9FD2A38E59AFB466F9A_2646/INPUTFILES/data_1644164501.root
Running: cp /star/data01/pwg/xiatong/AMPT/14GeV/data_1644164541.root /tmp/maxwoo/21EF1A6A9139C9FD2A38E59AFB466F9A_2646/INPUTFILES/data_1644164541.root
Running: cp /star/data01/pwg/xiatong/AMPT/14GeV/data_1644164991.root /tmp/maxwoo/21EF1A6A9139C9FD2A38E59AFB466F9A_2646/INPUTFILES/data_1644164991.root
Running: cp /star/data01/pwg/xiatong/AMPT/14GeV/data_1644165101.root /tmp/maxwoo/21EF1A6A9139C9FD2A38E59AFB466F9A_2646/INPUTFILES/data_1644165101.root
Running: cp /star/data01/pwg/xiatong/AMPT/14GeV/data_1644165501.root /tmp/maxwoo/21EF1A6A9139C9FD2A38E59AFB466F9A_2646/INPUTFILES/data_1644165501.root
Running: cp /star/data01/pwg/xiatong/AMPT/14GeV/data_1644167201.root /tmp/maxwoo/21EF1A6A9139C9FD2A38E59AFB466F9A_2646/INPUTFILES/data_1644167201.root
Running: cp /star/data01/pwg/xiatong/AMPT/14GeV/data_1644168161.root /tmp/maxwoo/21EF1A6A9139C9FD2A38E59AFB466F9A_2646/INPUTFILES/data_1644168161.root
Running: cp /star/data01/pwg/xiatong/AMPT/14GeV/data_1644182811.root /tmp/maxwoo/21EF1A6A9139C9FD2A38E59AFB466F9A_2646/INPUTFILES/data_1644182811.root
Running: cp /star/data01/pwg/xiatong/AMPT/14GeV/data_1644182821.root /tmp/maxwoo/21EF1A6A9139C9FD2A38E59AFB466F9A_2646/INPUTFILES/data_1644182821.root
Running: cp /star/data01/pwg/xiatong/AMPT/14GeV/data_1644921361.root /tmp/maxwoo/21EF1A6A9139C9FD2A38E59AFB466F9A_2646/INPUTFILES/data_1644921361.root
Running: cp /star/data01/pwg/xiatong/AMPT/14GeV/data_1645125131.root /tmp/maxwoo/21EF1A6A9139C9FD2A38E59AFB466F9A_2646/INPUTFILES/data_1645125131.root
Running: cp /star/data01/pwg/xiatong/AMPT/14GeV/data_1645125141.root /tmp/maxwoo/21EF1A6A9139C9FD2A38E59AFB466F9A_2646/INPUTFILES/data_1645125141.root
Running: cp /star/data01/pwg/xiatong/AMPT/14GeV/data_1645165611.root /tmp/maxwoo/21EF1A6A9139C9FD2A38E59AFB466F9A_2646/INPUTFILES/data_1645165611.root
Running: cp /star/data01/pwg/xiatong/AMPT/14GeV/data_1645420701.root /tmp/maxwoo/21EF1A6A9139C9FD2A38E59AFB466F9A_2646/INPUTFILES/data_1645420701.root
Running: cp /star/data01/pwg/xiatong/AMPT/14GeV/data_1645435471.root /tmp/maxwoo/21EF1A6A9139C9FD2A38E59AFB466F9A_2646/INPUTFILES/data_1645435471.root
Running: cp /star/data01/pwg/xiatong/AMPT/14GeV/data_1645437671.root /tmp/maxwoo/21EF1A6A9139C9FD2A38E59AFB466F9A_2646/INPUTFILES/data_1645437671.root
Running: cp /star/data01/pwg/xiatong/AMPT/14GeV/data_1645447531.root /tmp/maxwoo/21EF1A6A9139C9FD2A38E59AFB466F9A_2646/INPUTFILES/data_1645447531.root
Running: cp /star/data01/pwg/xiatong/AMPT/14GeV/data_1646165151.root /tmp/maxwoo/21EF1A6A9139C9FD2A38E59AFB466F9A_2646/INPUTFILES/data_1646165151.root
Running: cp /star/data01/pwg/xiatong/AMPT/14GeV/data_1647163891.root /tmp/maxwoo/21EF1A6A9139C9FD2A38E59AFB466F9A_2646/INPUTFILES/data_1647163891.root
Running: cp /star/data01/pwg/xiatong/AMPT/14GeV/data_1647163971.root /tmp/maxwoo/21EF1A6A9139C9FD2A38E59AFB466F9A_2646/INPUTFILES/data_1647163971.root
Running: cp /star/data01/pwg/xiatong/AMPT/14GeV/data_1647163991.root /tmp/maxwoo/21EF1A6A9139C9FD2A38E59AFB466F9A_2646/INPUTFILES/data_1647163991.root
Running: cp /star/data01/pwg/xiatong/AMPT/14GeV/data_1647164451.root /tmp/maxwoo/21EF1A6A9139C9FD2A38E59AFB466F9A_2646/INPUTFILES/data_1647164451.root
Running: cp /star/data01/pwg/xiatong/AMPT/14GeV/data_1647164481.root /tmp/maxwoo/21EF1A6A9139C9FD2A38E59AFB466F9A_2646/INPUTFILES/data_1647164481.root
Running: cp /star/data01/pwg/xiatong/AMPT/14GeV/data_1647164491.root /tmp/maxwoo/21EF1A6A9139C9FD2A38E59AFB466F9A_2646/INPUTFILES/data_1647164491.root
Running: cp /star/data01/pwg/xiatong/AMPT/14GeV/data_1647164511.root /tmp/maxwoo/21EF1A6A9139C9FD2A38E59AFB466F9A_2646/INPUTFILES/data_1647164511.root
Running: cp /star/data01/pwg/xiatong/AMPT/14GeV/data_1647164551.root /tmp/maxwoo/21EF1A6A9139C9FD2A38E59AFB466F9A_2646/INPUTFILES/data_1647164551.root
Running: cp /star/data01/pwg/xiatong/AMPT/14GeV/data_1647164571.root /tmp/maxwoo/21EF1A6A9139C9FD2A38E59AFB466F9A_2646/INPUTFILES/data_1647164571.root
Running: cp /star/data01/pwg/xiatong/AMPT/14GeV/data_1647164581.root /tmp/maxwoo/21EF1A6A9139C9FD2A38E59AFB466F9A_2646/INPUTFILES/data_1647164581.root
Swapping $FILELIST with: /tmp/maxwoo/21EF1A6A9139C9FD2A38E59AFB466F9A_2646/INPUTFILES/21EF1A6A9139C9FD2A38E59AFB466F9A_2646.local.list
+++++++++++local copy debug++++++++++++++++++++
newFileList: /tmp/maxwoo/21EF1A6A9139C9FD2A38E59AFB466F9A_2646/INPUTFILES/21EF1A6A9139C9FD2A38E59AFB466F9A_2646.local.list
++++++++++++++++cat FILELIST+++++++++++++++++++
/tmp/maxwoo/21EF1A6A9139C9FD2A38E59AFB466F9A_2646/INPUTFILES/data_1639182831.root 
/tmp/maxwoo/21EF1A6A9139C9FD2A38E59AFB466F9A_2646/INPUTFILES/data_1640023091.root 
/tmp/maxwoo/21EF1A6A9139C9FD2A38E59AFB466F9A_2646/INPUTFILES/data_1640165001.root 
/tmp/maxwoo/21EF1A6A9139C9FD2A38E59AFB466F9A_2646/INPUTFILES/data_1640165121.root 
/tmp/maxwoo/21EF1A6A9139C9FD2A38E59AFB466F9A_2646/INPUTFILES/data_1641165621.root 
/tmp/maxwoo/21EF1A6A9139C9FD2A38E59AFB466F9A_2646/INPUTFILES/data_1641722811.root 
/tmp/maxwoo/21EF1A6A9139C9FD2A38E59AFB466F9A_2646/INPUTFILES/data_1642522671.root 
/tmp/maxwoo/21EF1A6A9139C9FD2A38E59AFB466F9A_2646/INPUTFILES/data_1642722181.root 
/tmp/maxwoo/21EF1A6A9139C9FD2A38E59AFB466F9A_2646/INPUTFILES/data_1643197191.root 
/tmp/maxwoo/21EF1A6A9139C9FD2A38E59AFB466F9A_2646/INPUTFILES/data_1644164501.root 
/tmp/maxwoo/21EF1A6A9139C9FD2A38E59AFB466F9A_2646/INPUTFILES/data_1644164541.root 
/tmp/maxwoo/21EF1A6A9139C9FD2A38E59AFB466F9A_2646/INPUTFILES/data_1644164991.root 
/tmp/maxwoo/21EF1A6A9139C9FD2A38E59AFB466F9A_2646/INPUTFILES/data_1644165101.root 
/tmp/maxwoo/21EF1A6A9139C9FD2A38E59AFB466F9A_2646/INPUTFILES/data_1644165501.root 
/tmp/maxwoo/21EF1A6A9139C9FD2A38E59AFB466F9A_2646/INPUTFILES/data_1644167201.root 
/tmp/maxwoo/21EF1A6A9139C9FD2A38E59AFB466F9A_2646/INPUTFILES/data_1644168161.root 
/tmp/maxwoo/21EF1A6A9139C9FD2A38E59AFB466F9A_2646/INPUTFILES/data_1644182811.root 
/tmp/maxwoo/21EF1A6A9139C9FD2A38E59AFB466F9A_2646/INPUTFILES/data_1644182821.root 
/tmp/maxwoo/21EF1A6A9139C9FD2A38E59AFB466F9A_2646/INPUTFILES/data_1644921361.root 
/tmp/maxwoo/21EF1A6A9139C9FD2A38E59AFB466F9A_2646/INPUTFILES/data_1645125131.root 
/tmp/maxwoo/21EF1A6A9139C9FD2A38E59AFB466F9A_2646/INPUTFILES/data_1645125141.root 
/tmp/maxwoo/21EF1A6A9139C9FD2A38E59AFB466F9A_2646/INPUTFILES/data_1645165611.root 
/tmp/maxwoo/21EF1A6A9139C9FD2A38E59AFB466F9A_2646/INPUTFILES/data_1645420701.root 
/tmp/maxwoo/21EF1A6A9139C9FD2A38E59AFB466F9A_2646/INPUTFILES/data_1645435471.root 
/tmp/maxwoo/21EF1A6A9139C9FD2A38E59AFB466F9A_2646/INPUTFILES/data_1645437671.root 
/tmp/maxwoo/21EF1A6A9139C9FD2A38E59AFB466F9A_2646/INPUTFILES/data_1645447531.root 
/tmp/maxwoo/21EF1A6A9139C9FD2A38E59AFB466F9A_2646/INPUTFILES/data_1646165151.root 
/tmp/maxwoo/21EF1A6A9139C9FD2A38E59AFB466F9A_2646/INPUTFILES/data_1647163891.root 
/tmp/maxwoo/21EF1A6A9139C9FD2A38E59AFB466F9A_2646/INPUTFILES/data_1647163971.root 
/tmp/maxwoo/21EF1A6A9139C9FD2A38E59AFB466F9A_2646/INPUTFILES/data_1647163991.root 
/tmp/maxwoo/21EF1A6A9139C9FD2A38E59AFB466F9A_2646/INPUTFILES/data_1647164451.root 
/tmp/maxwoo/21EF1A6A9139C9FD2A38E59AFB466F9A_2646/INPUTFILES/data_1647164481.root 
/tmp/maxwoo/21EF1A6A9139C9FD2A38E59AFB466F9A_2646/INPUTFILES/data_1647164491.root 
/tmp/maxwoo/21EF1A6A9139C9FD2A38E59AFB466F9A_2646/INPUTFILES/data_1647164511.root 
/tmp/maxwoo/21EF1A6A9139C9FD2A38E59AFB466F9A_2646/INPUTFILES/data_1647164551.root 
/tmp/maxwoo/21EF1A6A9139C9FD2A38E59AFB466F9A_2646/INPUTFILES/data_1647164571.root 
/tmp/maxwoo/21EF1A6A9139C9FD2A38E59AFB466F9A_2646/INPUTFILES/data_1647164581.root 
++++++++++++++++++++find.++++++++++++++++++++++
.
./.sandboxFiles
./lib
./lib/my_particle.h
./lib/CenMaker.cpp
./lib/my_particle_cpp_ACLiC_dict_rdict.pcm
./lib/my_particle_cpp.so
./lib/CenMaker_cpp.so
./lib/my_event.h
./lib/NpartNormalizer_cpp.d
./lib/NpartNormalizer_cpp_ACLiC_dict_rdict.pcm
./lib/CenMaker.h
./lib/my_event.cpp
./lib/MixedBuffer_cpp.so
./lib/my_particle_cpp.d
./lib/MixedBuffer_cpp.d
./lib/MixedBuffer.h
./lib/NpartNormalizer_cpp.so
./lib/my_event_cpp_ACLiC_dict_rdict.pcm
./lib/my_event_cpp.so
./lib/MixedBuffer.cpp
./lib/MixedBuffer_cpp_ACLiC_dict_rdict.pcm
./lib/NpartNormalizer.cpp
./lib/CenMaker_cpp_ACLiC_dict_rdict.pcm
./lib/CenMaker_cpp.d
./lib/my_particle.cpp
./lib/my_event_cpp.d
./lib/NpartNormalizer.h
./.output.log
./Check_Sness.C
./.errror.log
./INPUTFILES
./INPUTFILES/data_1642522671.root
./INPUTFILES/data_1640165121.root
./INPUTFILES/data_1644164501.root
./INPUTFILES/data_1645165611.root
./INPUTFILES/data_1645125131.root
./INPUTFILES/data_1642722181.root
./INPUTFILES/data_1643197191.root
./INPUTFILES/data_1640165001.root
./INPUTFILES/data_1647164571.root
./INPUTFILES/data_1645420701.root
./INPUTFILES/data_1647164491.root
./INPUTFILES/data_1647163891.root
./INPUTFILES/data_1644165501.root
./INPUTFILES/data_1639182831.root
./INPUTFILES/data_1647163991.root
./INPUTFILES/data_1644167201.root
./INPUTFILES/data_1644182811.root
./INPUTFILES/data_1644182821.root
./INPUTFILES/data_1644165101.root
./INPUTFILES/data_1640023091.root
./INPUTFILES/data_1645125141.root
./INPUTFILES/21EF1A6A9139C9FD2A38E59AFB466F9A_2646.local.list
./INPUTFILES/data_1644921361.root
./INPUTFILES/data_1644168161.root
./INPUTFILES/data_1646165151.root
./INPUTFILES/data_1647164451.root
./INPUTFILES/data_1645435471.root
./INPUTFILES/data_1644164541.root
./INPUTFILES/data_1644164991.root
./INPUTFILES/data_1647164551.root
./INPUTFILES/data_1645447531.root
./INPUTFILES/data_1647163971.root
./INPUTFILES/data_1647164511.root
./INPUTFILES/data_1641722811.root
./INPUTFILES/data_1647164481.root
./INPUTFILES/data_1647164581.root
./INPUTFILES/data_1645437671.root
./INPUTFILES/data_1641165621.root
./check_S.C
++++++++++++++++INPUTFILE Var++++++++++++++++++
FILELIST=/tmp/maxwoo/21EF1A6A9139C9FD2A38E59AFB466F9A_2646/INPUTFILES/21EF1A6A9139C9FD2A38E59AFB466F9A_2646.local.list
INPUTFILECOUNT=37
INPUTFILE0=/tmp/maxwoo/21EF1A6A9139C9FD2A38E59AFB466F9A_2646/INPUTFILES/data_1639182831.root
INPUTFILE1=/tmp/maxwoo/21EF1A6A9139C9FD2A38E59AFB466F9A_2646/INPUTFILES/data_1640023091.root
INPUTFILE2=/tmp/maxwoo/21EF1A6A9139C9FD2A38E59AFB466F9A_2646/INPUTFILES/data_1640165001.root
INPUTFILE3=/tmp/maxwoo/21EF1A6A9139C9FD2A38E59AFB466F9A_2646/INPUTFILES/data_1640165121.root
INPUTFILE4=/tmp/maxwoo/21EF1A6A9139C9FD2A38E59AFB466F9A_2646/INPUTFILES/data_1641165621.root
INPUTFILE5=/tmp/maxwoo/21EF1A6A9139C9FD2A38E59AFB466F9A_2646/INPUTFILES/data_1641722811.root
INPUTFILE6=/tmp/maxwoo/21EF1A6A9139C9FD2A38E59AFB466F9A_2646/INPUTFILES/data_1642522671.root
INPUTFILE7=/tmp/maxwoo/21EF1A6A9139C9FD2A38E59AFB466F9A_2646/INPUTFILES/data_1642722181.root
INPUTFILE8=/tmp/maxwoo/21EF1A6A9139C9FD2A38E59AFB466F9A_2646/INPUTFILES/data_1643197191.root
INPUTFILE9=/tmp/maxwoo/21EF1A6A9139C9FD2A38E59AFB466F9A_2646/INPUTFILES/data_1644164501.root
INPUTFILE10=/tmp/maxwoo/21EF1A6A9139C9FD2A38E59AFB466F9A_2646/INPUTFILES/data_1644164541.root
INPUTFILE11=/tmp/maxwoo/21EF1A6A9139C9FD2A38E59AFB466F9A_2646/INPUTFILES/data_1644164991.root
INPUTFILE12=/tmp/maxwoo/21EF1A6A9139C9FD2A38E59AFB466F9A_2646/INPUTFILES/data_1644165101.root
INPUTFILE13=/tmp/maxwoo/21EF1A6A9139C9FD2A38E59AFB466F9A_2646/INPUTFILES/data_1644165501.root
INPUTFILE14=/tmp/maxwoo/21EF1A6A9139C9FD2A38E59AFB466F9A_2646/INPUTFILES/data_1644167201.root
INPUTFILE15=/tmp/maxwoo/21EF1A6A9139C9FD2A38E59AFB466F9A_2646/INPUTFILES/data_1644168161.root
INPUTFILE16=/tmp/maxwoo/21EF1A6A9139C9FD2A38E59AFB466F9A_2646/INPUTFILES/data_1644182811.root
INPUTFILE17=/tmp/maxwoo/21EF1A6A9139C9FD2A38E59AFB466F9A_2646/INPUTFILES/data_1644182821.root
INPUTFILE18=/tmp/maxwoo/21EF1A6A9139C9FD2A38E59AFB466F9A_2646/INPUTFILES/data_1644921361.root
INPUTFILE19=/tmp/maxwoo/21EF1A6A9139C9FD2A38E59AFB466F9A_2646/INPUTFILES/data_1645125131.root
INPUTFILE20=/tmp/maxwoo/21EF1A6A9139C9FD2A38E59AFB466F9A_2646/INPUTFILES/data_1645125141.root
INPUTFILE21=/tmp/maxwoo/21EF1A6A9139C9FD2A38E59AFB466F9A_2646/INPUTFILES/data_1645165611.root
INPUTFILE22=/tmp/maxwoo/21EF1A6A9139C9FD2A38E59AFB466F9A_2646/INPUTFILES/data_1645420701.root
INPUTFILE23=/tmp/maxwoo/21EF1A6A9139C9FD2A38E59AFB466F9A_2646/INPUTFILES/data_1645435471.root
INPUTFILE24=/tmp/maxwoo/21EF1A6A9139C9FD2A38E59AFB466F9A_2646/INPUTFILES/data_1645437671.root
INPUTFILE25=/tmp/maxwoo/21EF1A6A9139C9FD2A38E59AFB466F9A_2646/INPUTFILES/data_1645447531.root
INPUTFILE26=/tmp/maxwoo/21EF1A6A9139C9FD2A38E59AFB466F9A_2646/INPUTFILES/data_1646165151.root
INPUTFILE27=/tmp/maxwoo/21EF1A6A9139C9FD2A38E59AFB466F9A_2646/INPUTFILES/data_1647163891.root
INPUTFILE28=/tmp/maxwoo/21EF1A6A9139C9FD2A38E59AFB466F9A_2646/INPUTFILES/data_1647163971.root
INPUTFILE29=/tmp/maxwoo/21EF1A6A9139C9FD2A38E59AFB466F9A_2646/INPUTFILES/data_1647163991.root
INPUTFILE30=/tmp/maxwoo/21EF1A6A9139C9FD2A38E59AFB466F9A_2646/INPUTFILES/data_1647164451.root
INPUTFILE31=/tmp/maxwoo/21EF1A6A9139C9FD2A38E59AFB466F9A_2646/INPUTFILES/data_1647164481.root
INPUTFILE32=/tmp/maxwoo/21EF1A6A9139C9FD2A38E59AFB466F9A_2646/INPUTFILES/data_1647164491.root
INPUTFILE33=/tmp/maxwoo/21EF1A6A9139C9FD2A38E59AFB466F9A_2646/INPUTFILES/data_1647164511.root
INPUTFILE34=/tmp/maxwoo/21EF1A6A9139C9FD2A38E59AFB466F9A_2646/INPUTFILES/data_1647164551.root
INPUTFILE35=/tmp/maxwoo/21EF1A6A9139C9FD2A38E59AFB466F9A_2646/INPUTFILES/data_1647164571.root
INPUTFILE36=/tmp/maxwoo/21EF1A6A9139C9FD2A38E59AFB466F9A_2646/INPUTFILES/data_1647164581.root
LocalInputFileDir=/tmp/maxwoo/21EF1A6A9139C9FD2A38E59AFB466F9A_2646/INPUTFILES
NewFILELIST=/tmp/maxwoo/21EF1A6A9139C9FD2A38E59AFB466F9A_2646/INPUTFILES/21EF1A6A9139C9FD2A38E59AFB466F9A_2646.local.list
+++++++++++++++++++++++++++++++++++++++++++++++
--------------------------------
Simple Unified Meta Scheduler 1.10.50 we are starting in $SCRATCH : /home/tmp/maxwoo/21EF1A6A9139C9FD2A38E59AFB466F9A_2646
--------------------------------
total 16
lrwxrwxrwx 1 maxwoo rhstar   61 Jun  2 10:54 check_S.C -> /gpfs/mnt/gpfs01/star/pwg/xiatong/git/strangeness/./check_S.C
lrwxrwxrwx 1 maxwoo rhstar   65 Jun  2 10:54 Check_Sness.C -> /gpfs/mnt/gpfs01/star/pwg/xiatong/git/strangeness/./Check_Sness.C
drwxr-xr-x 2 maxwoo rhstar 4096 Jun  2 10:56 INPUTFILES
drwxr-xr-x 2 maxwoo rhstar 4096 Jun  2 10:54 lib
  *******************************************
  *                                         *
  *        W E L C O M E  to  R O O T       *
  *                                         *
  *   Version   5.34/38     12 March 2018   *
  *                                         *
  *  You are welcome to visit our Web site  *
  *          http://root.cern.ch            *
  *                                         *
  *******************************************

ROOT 5.34/38 (v5-34-38@v5-34-38, Mar 12 2018, 15:49:39 on linux)

CINT/ROOT C/C++ Interpreter version 5.18.00, July 2, 2010
Type ? for help. Commands must be C++ statements.
Enclose multiple statements between { }.
*** Float Point Exception is OFF ***
 *** Start at Date : Thu Jun  2 10:56:44 2022
QAInfo:You are using STAR_LEVEL : dev, ROOT_LEVEL : 5.34.38 and node : spool0353.sdcc.bnl.gov 

Processing check_S.C++("/tmp/maxwoo/21EF1A6A9139C9FD2A38E59AFB466F9A_2646/INPUTFILES/21EF1A6A9139C9FD2A38E59AFB466F9A_2646.local.list","21EF1A6A9139C9FD2A38E59AFB466F9A_2646",1)...
/tmp/maxwoo/21EF1A6A9139C9FD2A38E59AFB466F9A_2646/INPUTFILES/data_1639182831.root 
/tmp/maxwoo/21EF1A6A9139C9FD2A38E59AFB466F9A_2646/INPUTFILES/data_1640023091.root 
/tmp/maxwoo/21EF1A6A9139C9FD2A38E59AFB466F9A_2646/INPUTFILES/data_1640165001.root 
/tmp/maxwoo/21EF1A6A9139C9FD2A38E59AFB466F9A_2646/INPUTFILES/data_1640165121.root 
/tmp/maxwoo/21EF1A6A9139C9FD2A38E59AFB466F9A_2646/INPUTFILES/data_1641165621.root 
/tmp/maxwoo/21EF1A6A9139C9FD2A38E59AFB466F9A_2646/INPUTFILES/data_1641722811.root 
/tmp/maxwoo/21EF1A6A9139C9FD2A38E59AFB466F9A_2646/INPUTFILES/data_1642522671.root 
/tmp/maxwoo/21EF1A6A9139C9FD2A38E59AFB466F9A_2646/INPUTFILES/data_1642722181.root 
/tmp/maxwoo/21EF1A6A9139C9FD2A38E59AFB466F9A_2646/INPUTFILES/data_1643197191.root 
/tmp/maxwoo/21EF1A6A9139C9FD2A38E59AFB466F9A_2646/INPUTFILES/data_1644164501.root 
/tmp/maxwoo/21EF1A6A9139C9FD2A38E59AFB466F9A_2646/INPUTFILES/data_1644164541.root 
/tmp/maxwoo/21EF1A6A9139C9FD2A38E59AFB466F9A_2646/INPUTFILES/data_1644164991.root 
/tmp/maxwoo/21EF1A6A9139C9FD2A38E59AFB466F9A_2646/INPUTFILES/data_1644165101.root 
/tmp/maxwoo/21EF1A6A9139C9FD2A38E59AFB466F9A_2646/INPUTFILES/data_1644165501.root 
/tmp/maxwoo/21EF1A6A9139C9FD2A38E59AFB466F9A_2646/INPUTFILES/data_1644167201.root 
/tmp/maxwoo/21EF1A6A9139C9FD2A38E59AFB466F9A_2646/INPUTFILES/data_1644168161.root 
/tmp/maxwoo/21EF1A6A9139C9FD2A38E59AFB466F9A_2646/INPUTFILES/data_1644182811.root 
/tmp/maxwoo/21EF1A6A9139C9FD2A38E59AFB466F9A_2646/INPUTFILES/data_1644182821.root 
/tmp/maxwoo/21EF1A6A9139C9FD2A38E59AFB466F9A_2646/INPUTFILES/data_1644921361.root 
/tmp/maxwoo/21EF1A6A9139C9FD2A38E59AFB466F9A_2646/INPUTFILES/data_1645125131.root 
/tmp/maxwoo/21EF1A6A9139C9FD2A38E59AFB466F9A_2646/INPUTFILES/data_1645125141.root 
/tmp/maxwoo/21EF1A6A9139C9FD2A38E59AFB466F9A_2646/INPUTFILES/data_1645165611.root 
/tmp/maxwoo/21EF1A6A9139C9FD2A38E59AFB466F9A_2646/INPUTFILES/data_1645420701.root 
/tmp/maxwoo/21EF1A6A9139C9FD2A38E59AFB466F9A_2646/INPUTFILES/data_1645435471.root 
/tmp/maxwoo/21EF1A6A9139C9FD2A38E59AFB466F9A_2646/INPUTFILES/data_1645437671.root 
/tmp/maxwoo/21EF1A6A9139C9FD2A38E59AFB466F9A_2646/INPUTFILES/data_1645447531.root 
/tmp/maxwoo/21EF1A6A9139C9FD2A38E59AFB466F9A_2646/INPUTFILES/data_1646165151.root 
/tmp/maxwoo/21EF1A6A9139C9FD2A38E59AFB466F9A_2646/INPUTFILES/data_1647163891.root 
/tmp/maxwoo/21EF1A6A9139C9FD2A38E59AFB466F9A_2646/INPUTFILES/data_1647163971.root 
/tmp/maxwoo/21EF1A6A9139C9FD2A38E59AFB466F9A_2646/INPUTFILES/data_1647163991.root 
/tmp/maxwoo/21EF1A6A9139C9FD2A38E59AFB466F9A_2646/INPUTFILES/data_1647164451.root 
/tmp/maxwoo/21EF1A6A9139C9FD2A38E59AFB466F9A_2646/INPUTFILES/data_1647164481.root 
/tmp/maxwoo/21EF1A6A9139C9FD2A38E59AFB466F9A_2646/INPUTFILES/data_1647164491.root 
/tmp/maxwoo/21EF1A6A9139C9FD2A38E59AFB466F9A_2646/INPUTFILES/data_1647164511.root 
/tmp/maxwoo/21EF1A6A9139C9FD2A38E59AFB466F9A_2646/INPUTFILES/data_1647164551.root 
/tmp/maxwoo/21EF1A6A9139C9FD2A38E59AFB466F9A_2646/INPUTFILES/data_1647164571.root 
/tmp/maxwoo/21EF1A6A9139C9FD2A38E59AFB466F9A_2646/INPUTFILES/data_1647164581.root 
Added 37 files
# entries in chain: 37000
Processing entry == 1000 == out of 37000.
Processing entry == 2000 == out of 37000.
Processing entry == 3000 == out of 37000.
Processing entry == 4000 == out of 37000.
Processing entry == 5000 == out of 37000.
Processing entry == 6000 == out of 37000.
Processing entry == 7000 == out of 37000.
Processing entry == 8000 == out of 37000.
Processing entry == 9000 == out of 37000.
Processing entry == 10000 == out of 37000.
Processing entry == 11000 == out of 37000.
Processing entry == 12000 == out of 37000.
Processing entry == 13000 == out of 37000.
Processing entry == 14000 == out of 37000.
Processing entry == 15000 == out of 37000.
Processing entry == 16000 == out of 37000.
Processing entry == 17000 == out of 37000.
Processing entry == 18000 == out of 37000.
Processing entry == 19000 == out of 37000.
Processing entry == 20000 == out of 37000.
Processing entry == 21000 == out of 37000.
Processing entry == 22000 == out of 37000.
Processing entry == 23000 == out of 37000.
Processing entry == 24000 == out of 37000.
Processing entry == 25000 == out of 37000.
Processing entry == 26000 == out of 37000.
Processing entry == 27000 == out of 37000.
Processing entry == 28000 == out of 37000.
Processing entry == 29000 == out of 37000.
Processing entry == 30000 == out of 37000.
Processing entry == 31000 == out of 37000.
Processing entry == 32000 == out of 37000.
Processing entry == 33000 == out of 37000.
Processing entry == 34000 == out of 37000.
Processing entry == 35000 == out of 37000.
Processing entry == 36000 == out of 37000.
Processing entry == 37000 == out of 37000.

This is the end of ROOT -- Goodbye

Cleaning up sandbox file:  /tmp/maxwoo/21EF1A6A9139C9FD2A38E59AFB466F9A_2646/check_S.C
Cleaning up sandbox file:  /tmp/maxwoo/21EF1A6A9139C9FD2A38E59AFB466F9A_2646/Check_Sness.C
Cleaning up sandbox file:  /tmp/maxwoo/21EF1A6A9139C9FD2A38E59AFB466F9A_2646/lib
Cleaning up sandbox file:  /tmp/maxwoo/21EF1A6A9139C9FD2A38E59AFB466F9A_2646/.sandboxFiles
Starting copy block
Running copy command:  /bin/cp -fp /tmp/maxwoo/21EF1A6A9139C9FD2A38E59AFB466F9A_2646/out_21EF1A6A9139C9FD2A38E59AFB466F9A_2646.root /star/data01/pwg/xiatong/git/strangeness/data/
32364 Execution of (/star/data01/pwg/xiatong/git/strangeness/script/sched21EF1A6A9139C9FD2A38E59AFB466F9A_2646.csh ) has ended, exiting normally
32364 We END on [Thu Jun  2 11:29:28 EDT 2022]
