We are starting on node: spool0255.sdcc.bnl.gov
HOME is not defined
Using getent method
HOME is now /star/u/maxwoo
4816 We will spawn ourselves (/star/data01/pwg/xiatong/git/strangeness/script/sched21EF1A6A9139C9FD2A38E59AFB466F9A_2182.csh )
4816 We BEGIN on [Thu Jun  2 11:00:17 EDT 2022]
[1] 5011
4816 We are waiting for 5011 
4816 Grandchild PID is 5029 - found in 0 x 1 seconds
4816 Establishing first watcher   on    Thu Jun  2 11:00:17 EDT 2022
4816 Process tree is 4816 (main) -> 5011 (child) -> 5029 (grandchild)
F S   UID   PID  PPID  C PRI  NI ADDR SZ WCHAN  TTY        TIME CMD
4816 Grandchild PID is 6053 - found in 10 x 2 seconds
4816 Grandchild to watch has changed on Thu Jun  2 11:00:38 EDT 2022
4816 Process tree is 4816 (main) -> 5011 (child) -> 6053 (grandchild)
F S   UID   PID  PPID  C PRI  NI ADDR SZ WCHAN  TTY        TIME CMD
0 D 100667 6053  5011  0  80   0 - 32311 cxiWai ?          0:00 cp /star/data01/pwg/xiatong/AMPT/14GeV/data_0800141361.root /tmp/maxwoo/21EF1A6A9139C9FD2A38E59AFB466F9A_2182/INPUTFILES/data_0800141361.root
4816 Grandchild PID is 8128 - found in 20 x 2 seconds
4816 Grandchild to watch has changed on Thu Jun  2 11:00:59 EDT 2022
4816 Process tree is 4816 (main) -> 5011 (child) -> 8128 (grandchild)
F S   UID   PID  PPID  C PRI  NI ADDR SZ WCHAN  TTY        TIME CMD
0 D 100667 8128  5011  0  80   0 - 32311 cxiWai ?          0:00 cp /star/data01/pwg/xiatong/AMPT/14GeV/data_0800141971.root /tmp/maxwoo/21EF1A6A9139C9FD2A38E59AFB466F9A_2182/INPUTFILES/data_0800141971.root
4816 Grandchild PID is 8943 - found in 30 x 2 seconds
4816 Grandchild to watch has changed on Thu Jun  2 11:01:19 EDT 2022
4816 Process tree is 4816 (main) -> 5011 (child) -> 8943 (grandchild)
F S   UID   PID  PPID  C PRI  NI ADDR SZ WCHAN  TTY        TIME CMD
0 D 100667 8943  5011  0  80   0 - 32311 cxiWai ?          0:00 cp /star/data01/pwg/xiatong/AMPT/14GeV/data_0800142101.root /tmp/maxwoo/21EF1A6A9139C9FD2A38E59AFB466F9A_2182/INPUTFILES/data_0800142101.root
4816 Grandchild PID is 11382 - found in 50 x 2 seconds
4816 Grandchild to watch has changed on Thu Jun  2 11:02:02 EDT 2022
4816 Process tree is 4816 (main) -> 5011 (child) -> 11382 (grandchild)
F S   UID   PID  PPID  C PRI  NI ADDR SZ WCHAN  TTY        TIME CMD
0 D 100667 11382 5011  0  80   0 - 32311 cxiWai ?          0:00 cp /star/data01/pwg/xiatong/AMPT/14GeV/data_0801142061.root /tmp/maxwoo/21EF1A6A9139C9FD2A38E59AFB466F9A_2182/INPUTFILES/data_0801142061.root
4816 Grandchild PID is 12581 - found in 60 x 2 seconds
4816 Grandchild to watch has changed on Thu Jun  2 11:02:23 EDT 2022
4816 Process tree is 4816 (main) -> 5011 (child) -> 12581 (grandchild)
F S   UID   PID  PPID  C PRI  NI ADDR SZ WCHAN  TTY        TIME CMD
0 R 100667 12581 5011  0  80   0 - 32311 -      ?          0:00 cp /star/data01/pwg/xiatong/AMPT/14GeV/data_0802140901.root /tmp/maxwoo/21EF1A6A9139C9FD2A38E59AFB466F9A_2182/INPUTFILES/data_0802140901.root
4816 Grandchild PID is 13617 - found in 70 x 2 seconds
4816 Grandchild to watch has changed on Thu Jun  2 11:02:44 EDT 2022
4816 Process tree is 4816 (main) -> 5011 (child) -> 13617 (grandchild)
F S   UID   PID  PPID  C PRI  NI ADDR SZ WCHAN  TTY        TIME CMD
0 S 100667 13617 5011  0  80   0 -  1272 do_wai ?          0:00 root -b -q check_S.C++("/tmp/maxwoo/21EF1A6A9139C9FD2A38E59AFB466F9A_2182/INPUTFILES/21EF1A6A9139C9FD2A38E59AFB466F9A_2182.local.list","21EF1A6A9139C9FD2A38E59AFB466F9A_2182",1)
5011 Stepping into the main SUMS wrapper program with []
.... building sandbox
Running: cp /star/data01/pwg/xiatong/AMPT/14GeV/data_0799142281.root /tmp/maxwoo/21EF1A6A9139C9FD2A38E59AFB466F9A_2182/INPUTFILES/data_0799142281.root
Running: cp /star/data01/pwg/xiatong/AMPT/14GeV/data_0799197321.root /tmp/maxwoo/21EF1A6A9139C9FD2A38E59AFB466F9A_2182/INPUTFILES/data_0799197321.root
Running: cp /star/data01/pwg/xiatong/AMPT/14GeV/data_0800141221.root /tmp/maxwoo/21EF1A6A9139C9FD2A38E59AFB466F9A_2182/INPUTFILES/data_0800141221.root
Running: cp /star/data01/pwg/xiatong/AMPT/14GeV/data_0800141251.root /tmp/maxwoo/21EF1A6A9139C9FD2A38E59AFB466F9A_2182/INPUTFILES/data_0800141251.root
Running: cp /star/data01/pwg/xiatong/AMPT/14GeV/data_0800141261.root /tmp/maxwoo/21EF1A6A9139C9FD2A38E59AFB466F9A_2182/INPUTFILES/data_0800141261.root
Running: cp /star/data01/pwg/xiatong/AMPT/14GeV/data_0800141291.root /tmp/maxwoo/21EF1A6A9139C9FD2A38E59AFB466F9A_2182/INPUTFILES/data_0800141291.root
Running: cp /star/data01/pwg/xiatong/AMPT/14GeV/data_0800141321.root /tmp/maxwoo/21EF1A6A9139C9FD2A38E59AFB466F9A_2182/INPUTFILES/data_0800141321.root
Running: cp /star/data01/pwg/xiatong/AMPT/14GeV/data_0800141361.root /tmp/maxwoo/21EF1A6A9139C9FD2A38E59AFB466F9A_2182/INPUTFILES/data_0800141361.root
Running: cp /star/data01/pwg/xiatong/AMPT/14GeV/data_0800141371.root /tmp/maxwoo/21EF1A6A9139C9FD2A38E59AFB466F9A_2182/INPUTFILES/data_0800141371.root
Running: cp /star/data01/pwg/xiatong/AMPT/14GeV/data_0800141391.root /tmp/maxwoo/21EF1A6A9139C9FD2A38E59AFB466F9A_2182/INPUTFILES/data_0800141391.root
Running: cp /star/data01/pwg/xiatong/AMPT/14GeV/data_0800141911.root /tmp/maxwoo/21EF1A6A9139C9FD2A38E59AFB466F9A_2182/INPUTFILES/data_0800141911.root
Running: cp /star/data01/pwg/xiatong/AMPT/14GeV/data_0800141921.root /tmp/maxwoo/21EF1A6A9139C9FD2A38E59AFB466F9A_2182/INPUTFILES/data_0800141921.root
Running: cp /star/data01/pwg/xiatong/AMPT/14GeV/data_0800141941.root /tmp/maxwoo/21EF1A6A9139C9FD2A38E59AFB466F9A_2182/INPUTFILES/data_0800141941.root
Running: cp /star/data01/pwg/xiatong/AMPT/14GeV/data_0800141971.root /tmp/maxwoo/21EF1A6A9139C9FD2A38E59AFB466F9A_2182/INPUTFILES/data_0800141971.root
Running: cp /star/data01/pwg/xiatong/AMPT/14GeV/data_0800141991.root /tmp/maxwoo/21EF1A6A9139C9FD2A38E59AFB466F9A_2182/INPUTFILES/data_0800141991.root
Running: cp /star/data01/pwg/xiatong/AMPT/14GeV/data_0800142021.root /tmp/maxwoo/21EF1A6A9139C9FD2A38E59AFB466F9A_2182/INPUTFILES/data_0800142021.root
Running: cp /star/data01/pwg/xiatong/AMPT/14GeV/data_0800142041.root /tmp/maxwoo/21EF1A6A9139C9FD2A38E59AFB466F9A_2182/INPUTFILES/data_0800142041.root
Running: cp /star/data01/pwg/xiatong/AMPT/14GeV/data_0800142071.root /tmp/maxwoo/21EF1A6A9139C9FD2A38E59AFB466F9A_2182/INPUTFILES/data_0800142071.root
Running: cp /star/data01/pwg/xiatong/AMPT/14GeV/data_0800142101.root /tmp/maxwoo/21EF1A6A9139C9FD2A38E59AFB466F9A_2182/INPUTFILES/data_0800142101.root
Running: cp /star/data01/pwg/xiatong/AMPT/14GeV/data_0800142121.root /tmp/maxwoo/21EF1A6A9139C9FD2A38E59AFB466F9A_2182/INPUTFILES/data_0800142121.root
Running: cp /star/data01/pwg/xiatong/AMPT/14GeV/data_0800142161.root /tmp/maxwoo/21EF1A6A9139C9FD2A38E59AFB466F9A_2182/INPUTFILES/data_0800142161.root
Running: cp /star/data01/pwg/xiatong/AMPT/14GeV/data_0801141331.root /tmp/maxwoo/21EF1A6A9139C9FD2A38E59AFB466F9A_2182/INPUTFILES/data_0801141331.root
Running: cp /star/data01/pwg/xiatong/AMPT/14GeV/data_0801141891.root /tmp/maxwoo/21EF1A6A9139C9FD2A38E59AFB466F9A_2182/INPUTFILES/data_0801141891.root
Running: cp /star/data01/pwg/xiatong/AMPT/14GeV/data_0801141901.root /tmp/maxwoo/21EF1A6A9139C9FD2A38E59AFB466F9A_2182/INPUTFILES/data_0801141901.root
Running: cp /star/data01/pwg/xiatong/AMPT/14GeV/data_0801141981.root /tmp/maxwoo/21EF1A6A9139C9FD2A38E59AFB466F9A_2182/INPUTFILES/data_0801141981.root
Running: cp /star/data01/pwg/xiatong/AMPT/14GeV/data_0801142001.root /tmp/maxwoo/21EF1A6A9139C9FD2A38E59AFB466F9A_2182/INPUTFILES/data_0801142001.root
Running: cp /star/data01/pwg/xiatong/AMPT/14GeV/data_0801142031.root /tmp/maxwoo/21EF1A6A9139C9FD2A38E59AFB466F9A_2182/INPUTFILES/data_0801142031.root
Running: cp /star/data01/pwg/xiatong/AMPT/14GeV/data_0801142051.root /tmp/maxwoo/21EF1A6A9139C9FD2A38E59AFB466F9A_2182/INPUTFILES/data_0801142051.root
Running: cp /star/data01/pwg/xiatong/AMPT/14GeV/data_0801142061.root /tmp/maxwoo/21EF1A6A9139C9FD2A38E59AFB466F9A_2182/INPUTFILES/data_0801142061.root
Running: cp /star/data01/pwg/xiatong/AMPT/14GeV/data_0801142081.root /tmp/maxwoo/21EF1A6A9139C9FD2A38E59AFB466F9A_2182/INPUTFILES/data_0801142081.root
Running: cp /star/data01/pwg/xiatong/AMPT/14GeV/data_0801142111.root /tmp/maxwoo/21EF1A6A9139C9FD2A38E59AFB466F9A_2182/INPUTFILES/data_0801142111.root
Running: cp /star/data01/pwg/xiatong/AMPT/14GeV/data_0802138431.root /tmp/maxwoo/21EF1A6A9139C9FD2A38E59AFB466F9A_2182/INPUTFILES/data_0802138431.root
Running: cp /star/data01/pwg/xiatong/AMPT/14GeV/data_0802140891.root /tmp/maxwoo/21EF1A6A9139C9FD2A38E59AFB466F9A_2182/INPUTFILES/data_0802140891.root
Running: cp /star/data01/pwg/xiatong/AMPT/14GeV/data_0802140901.root /tmp/maxwoo/21EF1A6A9139C9FD2A38E59AFB466F9A_2182/INPUTFILES/data_0802140901.root
Running: cp /star/data01/pwg/xiatong/AMPT/14GeV/data_0802141281.root /tmp/maxwoo/21EF1A6A9139C9FD2A38E59AFB466F9A_2182/INPUTFILES/data_0802141281.root
Running: cp /star/data01/pwg/xiatong/AMPT/14GeV/data_0802141511.root /tmp/maxwoo/21EF1A6A9139C9FD2A38E59AFB466F9A_2182/INPUTFILES/data_0802141511.root
Running: cp /star/data01/pwg/xiatong/AMPT/14GeV/data_0802141561.root /tmp/maxwoo/21EF1A6A9139C9FD2A38E59AFB466F9A_2182/INPUTFILES/data_0802141561.root
Swapping $FILELIST with: /tmp/maxwoo/21EF1A6A9139C9FD2A38E59AFB466F9A_2182/INPUTFILES/21EF1A6A9139C9FD2A38E59AFB466F9A_2182.local.list
+++++++++++local copy debug++++++++++++++++++++
newFileList: /tmp/maxwoo/21EF1A6A9139C9FD2A38E59AFB466F9A_2182/INPUTFILES/21EF1A6A9139C9FD2A38E59AFB466F9A_2182.local.list
++++++++++++++++cat FILELIST+++++++++++++++++++
/tmp/maxwoo/21EF1A6A9139C9FD2A38E59AFB466F9A_2182/INPUTFILES/data_0799142281.root 
/tmp/maxwoo/21EF1A6A9139C9FD2A38E59AFB466F9A_2182/INPUTFILES/data_0799197321.root 
/tmp/maxwoo/21EF1A6A9139C9FD2A38E59AFB466F9A_2182/INPUTFILES/data_0800141221.root 
/tmp/maxwoo/21EF1A6A9139C9FD2A38E59AFB466F9A_2182/INPUTFILES/data_0800141251.root 
/tmp/maxwoo/21EF1A6A9139C9FD2A38E59AFB466F9A_2182/INPUTFILES/data_0800141261.root 
/tmp/maxwoo/21EF1A6A9139C9FD2A38E59AFB466F9A_2182/INPUTFILES/data_0800141291.root 
/tmp/maxwoo/21EF1A6A9139C9FD2A38E59AFB466F9A_2182/INPUTFILES/data_0800141321.root 
/tmp/maxwoo/21EF1A6A9139C9FD2A38E59AFB466F9A_2182/INPUTFILES/data_0800141361.root 
/tmp/maxwoo/21EF1A6A9139C9FD2A38E59AFB466F9A_2182/INPUTFILES/data_0800141371.root 
/tmp/maxwoo/21EF1A6A9139C9FD2A38E59AFB466F9A_2182/INPUTFILES/data_0800141391.root 
/tmp/maxwoo/21EF1A6A9139C9FD2A38E59AFB466F9A_2182/INPUTFILES/data_0800141911.root 
/tmp/maxwoo/21EF1A6A9139C9FD2A38E59AFB466F9A_2182/INPUTFILES/data_0800141921.root 
/tmp/maxwoo/21EF1A6A9139C9FD2A38E59AFB466F9A_2182/INPUTFILES/data_0800141941.root 
/tmp/maxwoo/21EF1A6A9139C9FD2A38E59AFB466F9A_2182/INPUTFILES/data_0800141971.root 
/tmp/maxwoo/21EF1A6A9139C9FD2A38E59AFB466F9A_2182/INPUTFILES/data_0800141991.root 
/tmp/maxwoo/21EF1A6A9139C9FD2A38E59AFB466F9A_2182/INPUTFILES/data_0800142021.root 
/tmp/maxwoo/21EF1A6A9139C9FD2A38E59AFB466F9A_2182/INPUTFILES/data_0800142041.root 
/tmp/maxwoo/21EF1A6A9139C9FD2A38E59AFB466F9A_2182/INPUTFILES/data_0800142071.root 
/tmp/maxwoo/21EF1A6A9139C9FD2A38E59AFB466F9A_2182/INPUTFILES/data_0800142101.root 
/tmp/maxwoo/21EF1A6A9139C9FD2A38E59AFB466F9A_2182/INPUTFILES/data_0800142121.root 
/tmp/maxwoo/21EF1A6A9139C9FD2A38E59AFB466F9A_2182/INPUTFILES/data_0800142161.root 
/tmp/maxwoo/21EF1A6A9139C9FD2A38E59AFB466F9A_2182/INPUTFILES/data_0801141331.root 
/tmp/maxwoo/21EF1A6A9139C9FD2A38E59AFB466F9A_2182/INPUTFILES/data_0801141891.root 
/tmp/maxwoo/21EF1A6A9139C9FD2A38E59AFB466F9A_2182/INPUTFILES/data_0801141901.root 
/tmp/maxwoo/21EF1A6A9139C9FD2A38E59AFB466F9A_2182/INPUTFILES/data_0801141981.root 
/tmp/maxwoo/21EF1A6A9139C9FD2A38E59AFB466F9A_2182/INPUTFILES/data_0801142001.root 
/tmp/maxwoo/21EF1A6A9139C9FD2A38E59AFB466F9A_2182/INPUTFILES/data_0801142031.root 
/tmp/maxwoo/21EF1A6A9139C9FD2A38E59AFB466F9A_2182/INPUTFILES/data_0801142051.root 
/tmp/maxwoo/21EF1A6A9139C9FD2A38E59AFB466F9A_2182/INPUTFILES/data_0801142061.root 
/tmp/maxwoo/21EF1A6A9139C9FD2A38E59AFB466F9A_2182/INPUTFILES/data_0801142081.root 
/tmp/maxwoo/21EF1A6A9139C9FD2A38E59AFB466F9A_2182/INPUTFILES/data_0801142111.root 
/tmp/maxwoo/21EF1A6A9139C9FD2A38E59AFB466F9A_2182/INPUTFILES/data_0802138431.root 
/tmp/maxwoo/21EF1A6A9139C9FD2A38E59AFB466F9A_2182/INPUTFILES/data_0802140891.root 
/tmp/maxwoo/21EF1A6A9139C9FD2A38E59AFB466F9A_2182/INPUTFILES/data_0802140901.root 
/tmp/maxwoo/21EF1A6A9139C9FD2A38E59AFB466F9A_2182/INPUTFILES/data_0802141281.root 
/tmp/maxwoo/21EF1A6A9139C9FD2A38E59AFB466F9A_2182/INPUTFILES/data_0802141511.root 
/tmp/maxwoo/21EF1A6A9139C9FD2A38E59AFB466F9A_2182/INPUTFILES/data_0802141561.root 
++++++++++++++++++++find.++++++++++++++++++++++
.
./.output.log
./lib
./lib/my_particle_cpp.so
./lib/my_particle.h
./lib/MixedBuffer_cpp.d
./lib/my_event_cpp_ACLiC_dict_rdict.pcm
./lib/my_event.cpp
./lib/my_particle_cpp_ACLiC_dict_rdict.pcm
./lib/NpartNormalizer_cpp_ACLiC_dict_rdict.pcm
./lib/CenMaker_cpp_ACLiC_dict_rdict.pcm
./lib/NpartNormalizer_cpp.so
./lib/MixedBuffer_cpp.so
./lib/MixedBuffer.cpp
./lib/NpartNormalizer_cpp.d
./lib/CenMaker.h
./lib/CenMaker.cpp
./lib/CenMaker_cpp.so
./lib/my_event.h
./lib/MixedBuffer.h
./lib/NpartNormalizer.cpp
./lib/CenMaker_cpp.d
./lib/my_event_cpp.so
./lib/my_particle.cpp
./lib/NpartNormalizer.h
./lib/MixedBuffer_cpp_ACLiC_dict_rdict.pcm
./lib/my_particle_cpp.d
./lib/my_event_cpp.d
./.sandboxFiles
./.errror.log
./check_S.C
./Check_Sness.C
./INPUTFILES
./INPUTFILES/data_0801141981.root
./INPUTFILES/data_0799197321.root
./INPUTFILES/data_0800141261.root
./INPUTFILES/data_0800142071.root
./INPUTFILES/21EF1A6A9139C9FD2A38E59AFB466F9A_2182.local.list
./INPUTFILES/data_0801142081.root
./INPUTFILES/data_0800141391.root
./INPUTFILES/data_0800142021.root
./INPUTFILES/data_0800141991.root
./INPUTFILES/data_0801142111.root
./INPUTFILES/data_0800141251.root
./INPUTFILES/data_0802141511.root
./INPUTFILES/data_0801141901.root
./INPUTFILES/data_0800141361.root
./INPUTFILES/data_0800141291.root
./INPUTFILES/data_0800141971.root
./INPUTFILES/data_0800141371.root
./INPUTFILES/data_0801142001.root
./INPUTFILES/data_0802140901.root
./INPUTFILES/data_0800141221.root
./INPUTFILES/data_0802140891.root
./INPUTFILES/data_0800141921.root
./INPUTFILES/data_0800141321.root
./INPUTFILES/data_0800141911.root
./INPUTFILES/data_0800142041.root
./INPUTFILES/data_0802141281.root
./INPUTFILES/data_0801142051.root
./INPUTFILES/data_0801141891.root
./INPUTFILES/data_0801142061.root
./INPUTFILES/data_0801142031.root
./INPUTFILES/data_0800142161.root
./INPUTFILES/data_0799142281.root
./INPUTFILES/data_0802141561.root
./INPUTFILES/data_0801141331.root
./INPUTFILES/data_0800142121.root
./INPUTFILES/data_0800142101.root
./INPUTFILES/data_0800141941.root
./INPUTFILES/data_0802138431.root
++++++++++++++++INPUTFILE Var++++++++++++++++++
FILELIST=/tmp/maxwoo/21EF1A6A9139C9FD2A38E59AFB466F9A_2182/INPUTFILES/21EF1A6A9139C9FD2A38E59AFB466F9A_2182.local.list
INPUTFILECOUNT=37
INPUTFILE0=/tmp/maxwoo/21EF1A6A9139C9FD2A38E59AFB466F9A_2182/INPUTFILES/data_0799142281.root
INPUTFILE1=/tmp/maxwoo/21EF1A6A9139C9FD2A38E59AFB466F9A_2182/INPUTFILES/data_0799197321.root
INPUTFILE2=/tmp/maxwoo/21EF1A6A9139C9FD2A38E59AFB466F9A_2182/INPUTFILES/data_0800141221.root
INPUTFILE3=/tmp/maxwoo/21EF1A6A9139C9FD2A38E59AFB466F9A_2182/INPUTFILES/data_0800141251.root
INPUTFILE4=/tmp/maxwoo/21EF1A6A9139C9FD2A38E59AFB466F9A_2182/INPUTFILES/data_0800141261.root
INPUTFILE5=/tmp/maxwoo/21EF1A6A9139C9FD2A38E59AFB466F9A_2182/INPUTFILES/data_0800141291.root
INPUTFILE6=/tmp/maxwoo/21EF1A6A9139C9FD2A38E59AFB466F9A_2182/INPUTFILES/data_0800141321.root
INPUTFILE7=/tmp/maxwoo/21EF1A6A9139C9FD2A38E59AFB466F9A_2182/INPUTFILES/data_0800141361.root
INPUTFILE8=/tmp/maxwoo/21EF1A6A9139C9FD2A38E59AFB466F9A_2182/INPUTFILES/data_0800141371.root
INPUTFILE9=/tmp/maxwoo/21EF1A6A9139C9FD2A38E59AFB466F9A_2182/INPUTFILES/data_0800141391.root
INPUTFILE10=/tmp/maxwoo/21EF1A6A9139C9FD2A38E59AFB466F9A_2182/INPUTFILES/data_0800141911.root
INPUTFILE11=/tmp/maxwoo/21EF1A6A9139C9FD2A38E59AFB466F9A_2182/INPUTFILES/data_0800141921.root
INPUTFILE12=/tmp/maxwoo/21EF1A6A9139C9FD2A38E59AFB466F9A_2182/INPUTFILES/data_0800141941.root
INPUTFILE13=/tmp/maxwoo/21EF1A6A9139C9FD2A38E59AFB466F9A_2182/INPUTFILES/data_0800141971.root
INPUTFILE14=/tmp/maxwoo/21EF1A6A9139C9FD2A38E59AFB466F9A_2182/INPUTFILES/data_0800141991.root
INPUTFILE15=/tmp/maxwoo/21EF1A6A9139C9FD2A38E59AFB466F9A_2182/INPUTFILES/data_0800142021.root
INPUTFILE16=/tmp/maxwoo/21EF1A6A9139C9FD2A38E59AFB466F9A_2182/INPUTFILES/data_0800142041.root
INPUTFILE17=/tmp/maxwoo/21EF1A6A9139C9FD2A38E59AFB466F9A_2182/INPUTFILES/data_0800142071.root
INPUTFILE18=/tmp/maxwoo/21EF1A6A9139C9FD2A38E59AFB466F9A_2182/INPUTFILES/data_0800142101.root
INPUTFILE19=/tmp/maxwoo/21EF1A6A9139C9FD2A38E59AFB466F9A_2182/INPUTFILES/data_0800142121.root
INPUTFILE20=/tmp/maxwoo/21EF1A6A9139C9FD2A38E59AFB466F9A_2182/INPUTFILES/data_0800142161.root
INPUTFILE21=/tmp/maxwoo/21EF1A6A9139C9FD2A38E59AFB466F9A_2182/INPUTFILES/data_0801141331.root
INPUTFILE22=/tmp/maxwoo/21EF1A6A9139C9FD2A38E59AFB466F9A_2182/INPUTFILES/data_0801141891.root
INPUTFILE23=/tmp/maxwoo/21EF1A6A9139C9FD2A38E59AFB466F9A_2182/INPUTFILES/data_0801141901.root
INPUTFILE24=/tmp/maxwoo/21EF1A6A9139C9FD2A38E59AFB466F9A_2182/INPUTFILES/data_0801141981.root
INPUTFILE25=/tmp/maxwoo/21EF1A6A9139C9FD2A38E59AFB466F9A_2182/INPUTFILES/data_0801142001.root
INPUTFILE26=/tmp/maxwoo/21EF1A6A9139C9FD2A38E59AFB466F9A_2182/INPUTFILES/data_0801142031.root
INPUTFILE27=/tmp/maxwoo/21EF1A6A9139C9FD2A38E59AFB466F9A_2182/INPUTFILES/data_0801142051.root
INPUTFILE28=/tmp/maxwoo/21EF1A6A9139C9FD2A38E59AFB466F9A_2182/INPUTFILES/data_0801142061.root
INPUTFILE29=/tmp/maxwoo/21EF1A6A9139C9FD2A38E59AFB466F9A_2182/INPUTFILES/data_0801142081.root
INPUTFILE30=/tmp/maxwoo/21EF1A6A9139C9FD2A38E59AFB466F9A_2182/INPUTFILES/data_0801142111.root
INPUTFILE31=/tmp/maxwoo/21EF1A6A9139C9FD2A38E59AFB466F9A_2182/INPUTFILES/data_0802138431.root
INPUTFILE32=/tmp/maxwoo/21EF1A6A9139C9FD2A38E59AFB466F9A_2182/INPUTFILES/data_0802140891.root
INPUTFILE33=/tmp/maxwoo/21EF1A6A9139C9FD2A38E59AFB466F9A_2182/INPUTFILES/data_0802140901.root
INPUTFILE34=/tmp/maxwoo/21EF1A6A9139C9FD2A38E59AFB466F9A_2182/INPUTFILES/data_0802141281.root
INPUTFILE35=/tmp/maxwoo/21EF1A6A9139C9FD2A38E59AFB466F9A_2182/INPUTFILES/data_0802141511.root
INPUTFILE36=/tmp/maxwoo/21EF1A6A9139C9FD2A38E59AFB466F9A_2182/INPUTFILES/data_0802141561.root
LocalInputFileDir=/tmp/maxwoo/21EF1A6A9139C9FD2A38E59AFB466F9A_2182/INPUTFILES
NewFILELIST=/tmp/maxwoo/21EF1A6A9139C9FD2A38E59AFB466F9A_2182/INPUTFILES/21EF1A6A9139C9FD2A38E59AFB466F9A_2182.local.list
+++++++++++++++++++++++++++++++++++++++++++++++
--------------------------------
Simple Unified Meta Scheduler 1.10.50 we are starting in $SCRATCH : /home/tmp/maxwoo/21EF1A6A9139C9FD2A38E59AFB466F9A_2182
--------------------------------
total 16
lrwxrwxrwx 1 maxwoo rhstar   61 Jun  2 11:00 check_S.C -> /gpfs/mnt/gpfs01/star/pwg/xiatong/git/strangeness/./check_S.C
lrwxrwxrwx 1 maxwoo rhstar   65 Jun  2 11:00 Check_Sness.C -> /gpfs/mnt/gpfs01/star/pwg/xiatong/git/strangeness/./Check_Sness.C
drwxr-xr-x 2 maxwoo rhstar 4096 Jun  2 11:02 INPUTFILES
drwxr-xr-x 2 maxwoo rhstar 4096 Jun  2 11:00 lib
  *******************************************
  *                                         *
  *        W E L C O M E  to  R O O T       *
  *                                         *
  *   Version   5.34/38     12 March 2018   *
  *                                         *
  *  You are welcome to visit our Web site  *
  *          http://root.cern.ch            *
  *                                         *
  *******************************************

ROOT 5.34/38 (v5-34-38@v5-34-38, Mar 12 2018, 15:49:39 on linux)

CINT/ROOT C/C++ Interpreter version 5.18.00, July 2, 2010
Type ? for help. Commands must be C++ statements.
Enclose multiple statements between { }.
*** Float Point Exception is OFF ***
 *** Start at Date : Thu Jun  2 11:02:36 2022
QAInfo:You are using STAR_LEVEL : dev, ROOT_LEVEL : 5.34.38 and node : spool0255.sdcc.bnl.gov 

Processing check_S.C++("/tmp/maxwoo/21EF1A6A9139C9FD2A38E59AFB466F9A_2182/INPUTFILES/21EF1A6A9139C9FD2A38E59AFB466F9A_2182.local.list","21EF1A6A9139C9FD2A38E59AFB466F9A_2182",1)...
/tmp/maxwoo/21EF1A6A9139C9FD2A38E59AFB466F9A_2182/INPUTFILES/data_0799142281.root 
/tmp/maxwoo/21EF1A6A9139C9FD2A38E59AFB466F9A_2182/INPUTFILES/data_0799197321.root 
/tmp/maxwoo/21EF1A6A9139C9FD2A38E59AFB466F9A_2182/INPUTFILES/data_0800141221.root 
/tmp/maxwoo/21EF1A6A9139C9FD2A38E59AFB466F9A_2182/INPUTFILES/data_0800141251.root 
/tmp/maxwoo/21EF1A6A9139C9FD2A38E59AFB466F9A_2182/INPUTFILES/data_0800141261.root 
/tmp/maxwoo/21EF1A6A9139C9FD2A38E59AFB466F9A_2182/INPUTFILES/data_0800141291.root 
/tmp/maxwoo/21EF1A6A9139C9FD2A38E59AFB466F9A_2182/INPUTFILES/data_0800141321.root 
/tmp/maxwoo/21EF1A6A9139C9FD2A38E59AFB466F9A_2182/INPUTFILES/data_0800141361.root 
/tmp/maxwoo/21EF1A6A9139C9FD2A38E59AFB466F9A_2182/INPUTFILES/data_0800141371.root 
/tmp/maxwoo/21EF1A6A9139C9FD2A38E59AFB466F9A_2182/INPUTFILES/data_0800141391.root 
/tmp/maxwoo/21EF1A6A9139C9FD2A38E59AFB466F9A_2182/INPUTFILES/data_0800141911.root 
/tmp/maxwoo/21EF1A6A9139C9FD2A38E59AFB466F9A_2182/INPUTFILES/data_0800141921.root 
/tmp/maxwoo/21EF1A6A9139C9FD2A38E59AFB466F9A_2182/INPUTFILES/data_0800141941.root 
/tmp/maxwoo/21EF1A6A9139C9FD2A38E59AFB466F9A_2182/INPUTFILES/data_0800141971.root 
/tmp/maxwoo/21EF1A6A9139C9FD2A38E59AFB466F9A_2182/INPUTFILES/data_0800141991.root 
/tmp/maxwoo/21EF1A6A9139C9FD2A38E59AFB466F9A_2182/INPUTFILES/data_0800142021.root 
/tmp/maxwoo/21EF1A6A9139C9FD2A38E59AFB466F9A_2182/INPUTFILES/data_0800142041.root 
/tmp/maxwoo/21EF1A6A9139C9FD2A38E59AFB466F9A_2182/INPUTFILES/data_0800142071.root 
/tmp/maxwoo/21EF1A6A9139C9FD2A38E59AFB466F9A_2182/INPUTFILES/data_0800142101.root 
/tmp/maxwoo/21EF1A6A9139C9FD2A38E59AFB466F9A_2182/INPUTFILES/data_0800142121.root 
/tmp/maxwoo/21EF1A6A9139C9FD2A38E59AFB466F9A_2182/INPUTFILES/data_0800142161.root 
/tmp/maxwoo/21EF1A6A9139C9FD2A38E59AFB466F9A_2182/INPUTFILES/data_0801141331.root 
/tmp/maxwoo/21EF1A6A9139C9FD2A38E59AFB466F9A_2182/INPUTFILES/data_0801141891.root 
/tmp/maxwoo/21EF1A6A9139C9FD2A38E59AFB466F9A_2182/INPUTFILES/data_0801141901.root 
/tmp/maxwoo/21EF1A6A9139C9FD2A38E59AFB466F9A_2182/INPUTFILES/data_0801141981.root 
/tmp/maxwoo/21EF1A6A9139C9FD2A38E59AFB466F9A_2182/INPUTFILES/data_0801142001.root 
/tmp/maxwoo/21EF1A6A9139C9FD2A38E59AFB466F9A_2182/INPUTFILES/data_0801142031.root 
/tmp/maxwoo/21EF1A6A9139C9FD2A38E59AFB466F9A_2182/INPUTFILES/data_0801142051.root 
/tmp/maxwoo/21EF1A6A9139C9FD2A38E59AFB466F9A_2182/INPUTFILES/data_0801142061.root 
/tmp/maxwoo/21EF1A6A9139C9FD2A38E59AFB466F9A_2182/INPUTFILES/data_0801142081.root 
/tmp/maxwoo/21EF1A6A9139C9FD2A38E59AFB466F9A_2182/INPUTFILES/data_0801142111.root 
/tmp/maxwoo/21EF1A6A9139C9FD2A38E59AFB466F9A_2182/INPUTFILES/data_0802138431.root 
/tmp/maxwoo/21EF1A6A9139C9FD2A38E59AFB466F9A_2182/INPUTFILES/data_0802140891.root 
/tmp/maxwoo/21EF1A6A9139C9FD2A38E59AFB466F9A_2182/INPUTFILES/data_0802140901.root 
/tmp/maxwoo/21EF1A6A9139C9FD2A38E59AFB466F9A_2182/INPUTFILES/data_0802141281.root 
/tmp/maxwoo/21EF1A6A9139C9FD2A38E59AFB466F9A_2182/INPUTFILES/data_0802141511.root 
/tmp/maxwoo/21EF1A6A9139C9FD2A38E59AFB466F9A_2182/INPUTFILES/data_0802141561.root 
Added 37 files
# entries in chain: 37000
Processing entry == 1000 == out of 37000.
Processing entry == 2000 == out of 37000.
Processing entry == 3000 == out of 37000.
Processing entry == 4000 == out of 37000.
Processing entry == 5000 == out of 37000.
Processing entry == 6000 == out of 37000.
Processing entry == 7000 == out of 37000.
Processing entry == 8000 == out of 37000.
Processing entry == 9000 == out of 37000.
Processing entry == 10000 == out of 37000.
Processing entry == 11000 == out of 37000.
Processing entry == 12000 == out of 37000.
Processing entry == 13000 == out of 37000.
Processing entry == 14000 == out of 37000.
Processing entry == 15000 == out of 37000.
Processing entry == 16000 == out of 37000.
Processing entry == 17000 == out of 37000.
Processing entry == 18000 == out of 37000.
Processing entry == 19000 == out of 37000.
Processing entry == 20000 == out of 37000.
Processing entry == 21000 == out of 37000.
Processing entry == 22000 == out of 37000.
Processing entry == 23000 == out of 37000.
Processing entry == 24000 == out of 37000.
Processing entry == 25000 == out of 37000.
Processing entry == 26000 == out of 37000.
Processing entry == 27000 == out of 37000.
Processing entry == 28000 == out of 37000.
Processing entry == 29000 == out of 37000.
Processing entry == 30000 == out of 37000.
Processing entry == 31000 == out of 37000.
Processing entry == 32000 == out of 37000.
Processing entry == 33000 == out of 37000.
Processing entry == 34000 == out of 37000.
Processing entry == 35000 == out of 37000.
Processing entry == 36000 == out of 37000.
Processing entry == 37000 == out of 37000.

This is the end of ROOT -- Goodbye

Cleaning up sandbox file:  /tmp/maxwoo/21EF1A6A9139C9FD2A38E59AFB466F9A_2182/check_S.C
Cleaning up sandbox file:  /tmp/maxwoo/21EF1A6A9139C9FD2A38E59AFB466F9A_2182/Check_Sness.C
Cleaning up sandbox file:  /tmp/maxwoo/21EF1A6A9139C9FD2A38E59AFB466F9A_2182/lib
Cleaning up sandbox file:  /tmp/maxwoo/21EF1A6A9139C9FD2A38E59AFB466F9A_2182/.sandboxFiles
Starting copy block
Running copy command:  /bin/cp -fp /tmp/maxwoo/21EF1A6A9139C9FD2A38E59AFB466F9A_2182/out_21EF1A6A9139C9FD2A38E59AFB466F9A_2182.root /star/data01/pwg/xiatong/git/strangeness/data/
4816 Execution of (/star/data01/pwg/xiatong/git/strangeness/script/sched21EF1A6A9139C9FD2A38E59AFB466F9A_2182.csh ) has ended, exiting normally
4816 We END on [Thu Jun  2 11:22:04 EDT 2022]
