We are starting on node: rcas2402.rcf.bnl.gov
HOME is not defined
Using getent method
HOME is now /star/u/maxwoo
27982 We will spawn ourselves (/star/data01/pwg/xiatong/git/strangeness/script/sched21EF1A6A9139C9FD2A38E59AFB466F9A_2579.csh )
27982 We BEGIN on [Thu Jun  2 10:58:03 EDT 2022]
[1] 28189
27982 We are waiting for 28189 
27982 Grandchild PID is 28587 - found in 10 x 1 seconds
27982 Establishing first watcher   on    Thu Jun  2 10:58:14 EDT 2022
27982 Process tree is 27982 (main) -> 28189 (child) -> 28587 (grandchild)
F S   UID   PID  PPID  C PRI  NI ADDR SZ WCHAN  TTY        TIME CMD
0 D 100667 28587 28189  0 80   0 - 32311 cxiWai ?          0:00 cp /star/data01/pwg/xiatong/AMPT/14GeV/data_1469182581.root /tmp/maxwoo/21EF1A6A9139C9FD2A38E59AFB466F9A_2579/INPUTFILES/data_1469182581.root
27982 Grandchild PID is 29232 - found in 20 x 2 seconds
27982 Grandchild to watch has changed on Thu Jun  2 10:58:35 EDT 2022
27982 Process tree is 27982 (main) -> 28189 (child) -> 29232 (grandchild)
F S   UID   PID  PPID  C PRI  NI ADDR SZ WCHAN  TTY        TIME CMD
0 D 100667 29232 28189  0 80   0 - 32311 cxiWai ?          0:00 cp /star/data01/pwg/xiatong/AMPT/14GeV/data_1469183211.root /tmp/maxwoo/21EF1A6A9139C9FD2A38E59AFB466F9A_2579/INPUTFILES/data_1469183211.root
27982 Grandchild PID is 29848 - found in 30 x 2 seconds
27982 Grandchild to watch has changed on Thu Jun  2 10:58:56 EDT 2022
27982 Process tree is 27982 (main) -> 28189 (child) -> 29848 (grandchild)
F S   UID   PID  PPID  C PRI  NI ADDR SZ WCHAN  TTY        TIME CMD
0 D 100667 29848 28189  0 80   0 - 32311 cxiWai ?          0:00 cp /star/data01/pwg/xiatong/AMPT/14GeV/data_1469183361.root /tmp/maxwoo/21EF1A6A9139C9FD2A38E59AFB466F9A_2579/INPUTFILES/data_1469183361.root
27982 Grandchild PID is 30881 - found in 40 x 2 seconds
27982 Grandchild to watch has changed on Thu Jun  2 10:59:17 EDT 2022
27982 Process tree is 27982 (main) -> 28189 (child) -> 30881 (grandchild)
F S   UID   PID  PPID  C PRI  NI ADDR SZ WCHAN  TTY        TIME CMD
0 D 100667 30881 28189  0 80   0 - 32311 cxiWai ?          0:00 cp /star/data01/pwg/xiatong/AMPT/14GeV/data_1469186151.root /tmp/maxwoo/21EF1A6A9139C9FD2A38E59AFB466F9A_2579/INPUTFILES/data_1469186151.root
27982 Grandchild PID is 31953 - found in 50 x 2 seconds
27982 Grandchild to watch has changed on Thu Jun  2 10:59:38 EDT 2022
27982 Process tree is 27982 (main) -> 28189 (child) -> 31953 (grandchild)
F S   UID   PID  PPID  C PRI  NI ADDR SZ WCHAN  TTY        TIME CMD
0 D 100667 31953 28189  0 80   0 - 32311 cxiWai ?          0:00 cp /star/data01/pwg/xiatong/AMPT/14GeV/data_1469186431.root /tmp/maxwoo/21EF1A6A9139C9FD2A38E59AFB466F9A_2579/INPUTFILES/data_1469186431.root
27982 Grandchild PID is 32754 - found in 60 x 2 seconds
27982 Grandchild to watch has changed on Thu Jun  2 10:59:59 EDT 2022
27982 Process tree is 27982 (main) -> 28189 (child) -> 32754 (grandchild)
F S   UID   PID  PPID  C PRI  NI ADDR SZ WCHAN  TTY        TIME CMD
0 D 100667 32754 28189  0 80   0 - 32311 cxiWai ?          0:00 cp /star/data01/pwg/xiatong/AMPT/14GeV/data_1470107461.root /tmp/maxwoo/21EF1A6A9139C9FD2A38E59AFB466F9A_2579/INPUTFILES/data_1470107461.root
27982 Grandchild PID is 1123 - found in 70 x 2 seconds
27982 Grandchild to watch has changed on Thu Jun  2 11:00:20 EDT 2022
27982 Process tree is 27982 (main) -> 28189 (child) -> 1123 (grandchild)
F S   UID   PID  PPID  C PRI  NI ADDR SZ WCHAN  TTY        TIME CMD
0 D 100667 1123 28189  0  80   0 - 32311 cxiWai ?          0:00 cp /star/data01/pwg/xiatong/AMPT/14GeV/data_1472106191.root /tmp/maxwoo/21EF1A6A9139C9FD2A38E59AFB466F9A_2579/INPUTFILES/data_1472106191.root
27982 Grandchild PID is 2211 - found in 80 x 2 seconds
27982 Grandchild to watch has changed on Thu Jun  2 11:00:41 EDT 2022
27982 Process tree is 27982 (main) -> 28189 (child) -> 2211 (grandchild)
F S   UID   PID  PPID  C PRI  NI ADDR SZ WCHAN  TTY        TIME CMD
0 S 100667 2211 28189  0  80   0 -  1272 do_wai ?          0:00 root -b -q check_S.C++("/tmp/maxwoo/21EF1A6A9139C9FD2A38E59AFB466F9A_2579/INPUTFILES/21EF1A6A9139C9FD2A38E59AFB466F9A_2579.local.list","21EF1A6A9139C9FD2A38E59AFB466F9A_2579",1)
28189 Stepping into the main SUMS wrapper program with []
.... building sandbox
Running: cp /star/data01/pwg/xiatong/AMPT/14GeV/data_1469182141.root /tmp/maxwoo/21EF1A6A9139C9FD2A38E59AFB466F9A_2579/INPUTFILES/data_1469182141.root
Running: cp /star/data01/pwg/xiatong/AMPT/14GeV/data_1469182271.root /tmp/maxwoo/21EF1A6A9139C9FD2A38E59AFB466F9A_2579/INPUTFILES/data_1469182271.root
Running: cp /star/data01/pwg/xiatong/AMPT/14GeV/data_1469182351.root /tmp/maxwoo/21EF1A6A9139C9FD2A38E59AFB466F9A_2579/INPUTFILES/data_1469182351.root
Running: cp /star/data01/pwg/xiatong/AMPT/14GeV/data_1469182481.root /tmp/maxwoo/21EF1A6A9139C9FD2A38E59AFB466F9A_2579/INPUTFILES/data_1469182481.root
Running: cp /star/data01/pwg/xiatong/AMPT/14GeV/data_1469182581.root /tmp/maxwoo/21EF1A6A9139C9FD2A38E59AFB466F9A_2579/INPUTFILES/data_1469182581.root
Running: cp /star/data01/pwg/xiatong/AMPT/14GeV/data_1469182791.root /tmp/maxwoo/21EF1A6A9139C9FD2A38E59AFB466F9A_2579/INPUTFILES/data_1469182791.root
Running: cp /star/data01/pwg/xiatong/AMPT/14GeV/data_1469182931.root /tmp/maxwoo/21EF1A6A9139C9FD2A38E59AFB466F9A_2579/INPUTFILES/data_1469182931.root
Running: cp /star/data01/pwg/xiatong/AMPT/14GeV/data_1469183051.root /tmp/maxwoo/21EF1A6A9139C9FD2A38E59AFB466F9A_2579/INPUTFILES/data_1469183051.root
Running: cp /star/data01/pwg/xiatong/AMPT/14GeV/data_1469183211.root /tmp/maxwoo/21EF1A6A9139C9FD2A38E59AFB466F9A_2579/INPUTFILES/data_1469183211.root
Running: cp /star/data01/pwg/xiatong/AMPT/14GeV/data_1469183361.root /tmp/maxwoo/21EF1A6A9139C9FD2A38E59AFB466F9A_2579/INPUTFILES/data_1469183361.root
Running: cp /star/data01/pwg/xiatong/AMPT/14GeV/data_1469186151.root /tmp/maxwoo/21EF1A6A9139C9FD2A38E59AFB466F9A_2579/INPUTFILES/data_1469186151.root
Running: cp /star/data01/pwg/xiatong/AMPT/14GeV/data_1469186431.root /tmp/maxwoo/21EF1A6A9139C9FD2A38E59AFB466F9A_2579/INPUTFILES/data_1469186431.root
Running: cp /star/data01/pwg/xiatong/AMPT/14GeV/data_1469187791.root /tmp/maxwoo/21EF1A6A9139C9FD2A38E59AFB466F9A_2579/INPUTFILES/data_1469187791.root
Running: cp /star/data01/pwg/xiatong/AMPT/14GeV/data_1469189671.root /tmp/maxwoo/21EF1A6A9139C9FD2A38E59AFB466F9A_2579/INPUTFILES/data_1469189671.root
Running: cp /star/data01/pwg/xiatong/AMPT/14GeV/data_1469191991.root /tmp/maxwoo/21EF1A6A9139C9FD2A38E59AFB466F9A_2579/INPUTFILES/data_1469191991.root
Running: cp /star/data01/pwg/xiatong/AMPT/14GeV/data_1470106201.root /tmp/maxwoo/21EF1A6A9139C9FD2A38E59AFB466F9A_2579/INPUTFILES/data_1470106201.root
Running: cp /star/data01/pwg/xiatong/AMPT/14GeV/data_1470107081.root /tmp/maxwoo/21EF1A6A9139C9FD2A38E59AFB466F9A_2579/INPUTFILES/data_1470107081.root
Running: cp /star/data01/pwg/xiatong/AMPT/14GeV/data_1470107461.root /tmp/maxwoo/21EF1A6A9139C9FD2A38E59AFB466F9A_2579/INPUTFILES/data_1470107461.root
Running: cp /star/data01/pwg/xiatong/AMPT/14GeV/data_1470180321.root /tmp/maxwoo/21EF1A6A9139C9FD2A38E59AFB466F9A_2579/INPUTFILES/data_1470180321.root
Running: cp /star/data01/pwg/xiatong/AMPT/14GeV/data_1471106171.root /tmp/maxwoo/21EF1A6A9139C9FD2A38E59AFB466F9A_2579/INPUTFILES/data_1471106171.root
Running: cp /star/data01/pwg/xiatong/AMPT/14GeV/data_1471137611.root /tmp/maxwoo/21EF1A6A9139C9FD2A38E59AFB466F9A_2579/INPUTFILES/data_1471137611.root
Running: cp /star/data01/pwg/xiatong/AMPT/14GeV/data_1471180111.root /tmp/maxwoo/21EF1A6A9139C9FD2A38E59AFB466F9A_2579/INPUTFILES/data_1471180111.root
Running: cp /star/data01/pwg/xiatong/AMPT/14GeV/data_1471181031.root /tmp/maxwoo/21EF1A6A9139C9FD2A38E59AFB466F9A_2579/INPUTFILES/data_1471181031.root
Running: cp /star/data01/pwg/xiatong/AMPT/14GeV/data_1471184281.root /tmp/maxwoo/21EF1A6A9139C9FD2A38E59AFB466F9A_2579/INPUTFILES/data_1471184281.root
Running: cp /star/data01/pwg/xiatong/AMPT/14GeV/data_1471185151.root /tmp/maxwoo/21EF1A6A9139C9FD2A38E59AFB466F9A_2579/INPUTFILES/data_1471185151.root
Running: cp /star/data01/pwg/xiatong/AMPT/14GeV/data_1471186371.root /tmp/maxwoo/21EF1A6A9139C9FD2A38E59AFB466F9A_2579/INPUTFILES/data_1471186371.root
Running: cp /star/data01/pwg/xiatong/AMPT/14GeV/data_1472106151.root /tmp/maxwoo/21EF1A6A9139C9FD2A38E59AFB466F9A_2579/INPUTFILES/data_1472106151.root
Running: cp /star/data01/pwg/xiatong/AMPT/14GeV/data_1472106161.root /tmp/maxwoo/21EF1A6A9139C9FD2A38E59AFB466F9A_2579/INPUTFILES/data_1472106161.root
Running: cp /star/data01/pwg/xiatong/AMPT/14GeV/data_1472106191.root /tmp/maxwoo/21EF1A6A9139C9FD2A38E59AFB466F9A_2579/INPUTFILES/data_1472106191.root
Running: cp /star/data01/pwg/xiatong/AMPT/14GeV/data_1472137601.root /tmp/maxwoo/21EF1A6A9139C9FD2A38E59AFB466F9A_2579/INPUTFILES/data_1472137601.root
Running: cp /star/data01/pwg/xiatong/AMPT/14GeV/data_1472180041.root /tmp/maxwoo/21EF1A6A9139C9FD2A38E59AFB466F9A_2579/INPUTFILES/data_1472180041.root
Running: cp /star/data01/pwg/xiatong/AMPT/14GeV/data_1472180171.root /tmp/maxwoo/21EF1A6A9139C9FD2A38E59AFB466F9A_2579/INPUTFILES/data_1472180171.root
Running: cp /star/data01/pwg/xiatong/AMPT/14GeV/data_1472181441.root /tmp/maxwoo/21EF1A6A9139C9FD2A38E59AFB466F9A_2579/INPUTFILES/data_1472181441.root
Running: cp /star/data01/pwg/xiatong/AMPT/14GeV/data_1472185461.root /tmp/maxwoo/21EF1A6A9139C9FD2A38E59AFB466F9A_2579/INPUTFILES/data_1472185461.root
Running: cp /star/data01/pwg/xiatong/AMPT/14GeV/data_1472666441.root /tmp/maxwoo/21EF1A6A9139C9FD2A38E59AFB466F9A_2579/INPUTFILES/data_1472666441.root
Running: cp /star/data01/pwg/xiatong/AMPT/14GeV/data_1473106131.root /tmp/maxwoo/21EF1A6A9139C9FD2A38E59AFB466F9A_2579/INPUTFILES/data_1473106131.root
Running: cp /star/data01/pwg/xiatong/AMPT/14GeV/data_1473106181.root /tmp/maxwoo/21EF1A6A9139C9FD2A38E59AFB466F9A_2579/INPUTFILES/data_1473106181.root
Swapping $FILELIST with: /tmp/maxwoo/21EF1A6A9139C9FD2A38E59AFB466F9A_2579/INPUTFILES/21EF1A6A9139C9FD2A38E59AFB466F9A_2579.local.list
+++++++++++local copy debug++++++++++++++++++++
newFileList: /tmp/maxwoo/21EF1A6A9139C9FD2A38E59AFB466F9A_2579/INPUTFILES/21EF1A6A9139C9FD2A38E59AFB466F9A_2579.local.list
++++++++++++++++cat FILELIST+++++++++++++++++++
/tmp/maxwoo/21EF1A6A9139C9FD2A38E59AFB466F9A_2579/INPUTFILES/data_1469182141.root 
/tmp/maxwoo/21EF1A6A9139C9FD2A38E59AFB466F9A_2579/INPUTFILES/data_1469182271.root 
/tmp/maxwoo/21EF1A6A9139C9FD2A38E59AFB466F9A_2579/INPUTFILES/data_1469182351.root 
/tmp/maxwoo/21EF1A6A9139C9FD2A38E59AFB466F9A_2579/INPUTFILES/data_1469182481.root 
/tmp/maxwoo/21EF1A6A9139C9FD2A38E59AFB466F9A_2579/INPUTFILES/data_1469182581.root 
/tmp/maxwoo/21EF1A6A9139C9FD2A38E59AFB466F9A_2579/INPUTFILES/data_1469182791.root 
/tmp/maxwoo/21EF1A6A9139C9FD2A38E59AFB466F9A_2579/INPUTFILES/data_1469182931.root 
/tmp/maxwoo/21EF1A6A9139C9FD2A38E59AFB466F9A_2579/INPUTFILES/data_1469183051.root 
/tmp/maxwoo/21EF1A6A9139C9FD2A38E59AFB466F9A_2579/INPUTFILES/data_1469183211.root 
/tmp/maxwoo/21EF1A6A9139C9FD2A38E59AFB466F9A_2579/INPUTFILES/data_1469183361.root 
/tmp/maxwoo/21EF1A6A9139C9FD2A38E59AFB466F9A_2579/INPUTFILES/data_1469186151.root 
/tmp/maxwoo/21EF1A6A9139C9FD2A38E59AFB466F9A_2579/INPUTFILES/data_1469186431.root 
/tmp/maxwoo/21EF1A6A9139C9FD2A38E59AFB466F9A_2579/INPUTFILES/data_1469187791.root 
/tmp/maxwoo/21EF1A6A9139C9FD2A38E59AFB466F9A_2579/INPUTFILES/data_1469189671.root 
/tmp/maxwoo/21EF1A6A9139C9FD2A38E59AFB466F9A_2579/INPUTFILES/data_1469191991.root 
/tmp/maxwoo/21EF1A6A9139C9FD2A38E59AFB466F9A_2579/INPUTFILES/data_1470106201.root 
/tmp/maxwoo/21EF1A6A9139C9FD2A38E59AFB466F9A_2579/INPUTFILES/data_1470107081.root 
/tmp/maxwoo/21EF1A6A9139C9FD2A38E59AFB466F9A_2579/INPUTFILES/data_1470107461.root 
/tmp/maxwoo/21EF1A6A9139C9FD2A38E59AFB466F9A_2579/INPUTFILES/data_1470180321.root 
/tmp/maxwoo/21EF1A6A9139C9FD2A38E59AFB466F9A_2579/INPUTFILES/data_1471106171.root 
/tmp/maxwoo/21EF1A6A9139C9FD2A38E59AFB466F9A_2579/INPUTFILES/data_1471137611.root 
/tmp/maxwoo/21EF1A6A9139C9FD2A38E59AFB466F9A_2579/INPUTFILES/data_1471180111.root 
/tmp/maxwoo/21EF1A6A9139C9FD2A38E59AFB466F9A_2579/INPUTFILES/data_1471181031.root 
/tmp/maxwoo/21EF1A6A9139C9FD2A38E59AFB466F9A_2579/INPUTFILES/data_1471184281.root 
/tmp/maxwoo/21EF1A6A9139C9FD2A38E59AFB466F9A_2579/INPUTFILES/data_1471185151.root 
/tmp/maxwoo/21EF1A6A9139C9FD2A38E59AFB466F9A_2579/INPUTFILES/data_1471186371.root 
/tmp/maxwoo/21EF1A6A9139C9FD2A38E59AFB466F9A_2579/INPUTFILES/data_1472106151.root 
/tmp/maxwoo/21EF1A6A9139C9FD2A38E59AFB466F9A_2579/INPUTFILES/data_1472106161.root 
/tmp/maxwoo/21EF1A6A9139C9FD2A38E59AFB466F9A_2579/INPUTFILES/data_1472106191.root 
/tmp/maxwoo/21EF1A6A9139C9FD2A38E59AFB466F9A_2579/INPUTFILES/data_1472137601.root 
/tmp/maxwoo/21EF1A6A9139C9FD2A38E59AFB466F9A_2579/INPUTFILES/data_1472180041.root 
/tmp/maxwoo/21EF1A6A9139C9FD2A38E59AFB466F9A_2579/INPUTFILES/data_1472180171.root 
/tmp/maxwoo/21EF1A6A9139C9FD2A38E59AFB466F9A_2579/INPUTFILES/data_1472181441.root 
/tmp/maxwoo/21EF1A6A9139C9FD2A38E59AFB466F9A_2579/INPUTFILES/data_1472185461.root 
/tmp/maxwoo/21EF1A6A9139C9FD2A38E59AFB466F9A_2579/INPUTFILES/data_1472666441.root 
/tmp/maxwoo/21EF1A6A9139C9FD2A38E59AFB466F9A_2579/INPUTFILES/data_1473106131.root 
/tmp/maxwoo/21EF1A6A9139C9FD2A38E59AFB466F9A_2579/INPUTFILES/data_1473106181.root 
++++++++++++++++++++find.++++++++++++++++++++++
.
./.output.log
./check_S.C
./Check_Sness.C
./.errror.log
./lib
./lib/NpartNormalizer.cpp
./lib/CenMaker_cpp.d
./lib/my_event.h
./lib/CenMaker.cpp
./lib/MixedBuffer.cpp
./lib/CenMaker.h
./lib/my_particle_cpp.so
./lib/CenMaker_cpp.so
./lib/my_event_cpp_ACLiC_dict_rdict.pcm
./lib/my_event.cpp
./lib/MixedBuffer_cpp.so
./lib/my_event_cpp.d
./lib/MixedBuffer.h
./lib/MixedBuffer_cpp.d
./lib/my_particle.cpp
./lib/NpartNormalizer_cpp.so
./lib/NpartNormalizer_cpp_ACLiC_dict_rdict.pcm
./lib/my_particle.h
./lib/NpartNormalizer.h
./lib/CenMaker_cpp_ACLiC_dict_rdict.pcm
./lib/MixedBuffer_cpp_ACLiC_dict_rdict.pcm
./lib/my_event_cpp.so
./lib/NpartNormalizer_cpp.d
./lib/my_particle_cpp.d
./lib/my_particle_cpp_ACLiC_dict_rdict.pcm
./.sandboxFiles
./INPUTFILES
./INPUTFILES/data_1470106201.root
./INPUTFILES/data_1472666441.root
./INPUTFILES/data_1469186151.root
./INPUTFILES/data_1469187791.root
./INPUTFILES/data_1469183051.root
./INPUTFILES/data_1472180041.root
./INPUTFILES/data_1469183361.root
./INPUTFILES/data_1472137601.root
./INPUTFILES/data_1472181441.root
./INPUTFILES/data_1471180111.root
./INPUTFILES/data_1471137611.root
./INPUTFILES/data_1471186371.root
./INPUTFILES/data_1469191991.root
./INPUTFILES/data_1470107081.root
./INPUTFILES/data_1469183211.root
./INPUTFILES/data_1469182931.root
./INPUTFILES/data_1469186431.root
./INPUTFILES/data_1472106151.root
./INPUTFILES/data_1473106181.root
./INPUTFILES/data_1471106171.root
./INPUTFILES/data_1473106131.root
./INPUTFILES/data_1469182791.root
./INPUTFILES/data_1469182271.root
./INPUTFILES/data_1471184281.root
./INPUTFILES/data_1472106191.root
./INPUTFILES/data_1472180171.root
./INPUTFILES/data_1469182481.root
./INPUTFILES/data_1469182351.root
./INPUTFILES/data_1471185151.root
./INPUTFILES/data_1470107461.root
./INPUTFILES/data_1469182581.root
./INPUTFILES/21EF1A6A9139C9FD2A38E59AFB466F9A_2579.local.list
./INPUTFILES/data_1469189671.root
./INPUTFILES/data_1471181031.root
./INPUTFILES/data_1470180321.root
./INPUTFILES/data_1472185461.root
./INPUTFILES/data_1469182141.root
./INPUTFILES/data_1472106161.root
++++++++++++++++INPUTFILE Var++++++++++++++++++
FILELIST=/tmp/maxwoo/21EF1A6A9139C9FD2A38E59AFB466F9A_2579/INPUTFILES/21EF1A6A9139C9FD2A38E59AFB466F9A_2579.local.list
INPUTFILECOUNT=37
INPUTFILE0=/tmp/maxwoo/21EF1A6A9139C9FD2A38E59AFB466F9A_2579/INPUTFILES/data_1469182141.root
INPUTFILE1=/tmp/maxwoo/21EF1A6A9139C9FD2A38E59AFB466F9A_2579/INPUTFILES/data_1469182271.root
INPUTFILE2=/tmp/maxwoo/21EF1A6A9139C9FD2A38E59AFB466F9A_2579/INPUTFILES/data_1469182351.root
INPUTFILE3=/tmp/maxwoo/21EF1A6A9139C9FD2A38E59AFB466F9A_2579/INPUTFILES/data_1469182481.root
INPUTFILE4=/tmp/maxwoo/21EF1A6A9139C9FD2A38E59AFB466F9A_2579/INPUTFILES/data_1469182581.root
INPUTFILE5=/tmp/maxwoo/21EF1A6A9139C9FD2A38E59AFB466F9A_2579/INPUTFILES/data_1469182791.root
INPUTFILE6=/tmp/maxwoo/21EF1A6A9139C9FD2A38E59AFB466F9A_2579/INPUTFILES/data_1469182931.root
INPUTFILE7=/tmp/maxwoo/21EF1A6A9139C9FD2A38E59AFB466F9A_2579/INPUTFILES/data_1469183051.root
INPUTFILE8=/tmp/maxwoo/21EF1A6A9139C9FD2A38E59AFB466F9A_2579/INPUTFILES/data_1469183211.root
INPUTFILE9=/tmp/maxwoo/21EF1A6A9139C9FD2A38E59AFB466F9A_2579/INPUTFILES/data_1469183361.root
INPUTFILE10=/tmp/maxwoo/21EF1A6A9139C9FD2A38E59AFB466F9A_2579/INPUTFILES/data_1469186151.root
INPUTFILE11=/tmp/maxwoo/21EF1A6A9139C9FD2A38E59AFB466F9A_2579/INPUTFILES/data_1469186431.root
INPUTFILE12=/tmp/maxwoo/21EF1A6A9139C9FD2A38E59AFB466F9A_2579/INPUTFILES/data_1469187791.root
INPUTFILE13=/tmp/maxwoo/21EF1A6A9139C9FD2A38E59AFB466F9A_2579/INPUTFILES/data_1469189671.root
INPUTFILE14=/tmp/maxwoo/21EF1A6A9139C9FD2A38E59AFB466F9A_2579/INPUTFILES/data_1469191991.root
INPUTFILE15=/tmp/maxwoo/21EF1A6A9139C9FD2A38E59AFB466F9A_2579/INPUTFILES/data_1470106201.root
INPUTFILE16=/tmp/maxwoo/21EF1A6A9139C9FD2A38E59AFB466F9A_2579/INPUTFILES/data_1470107081.root
INPUTFILE17=/tmp/maxwoo/21EF1A6A9139C9FD2A38E59AFB466F9A_2579/INPUTFILES/data_1470107461.root
INPUTFILE18=/tmp/maxwoo/21EF1A6A9139C9FD2A38E59AFB466F9A_2579/INPUTFILES/data_1470180321.root
INPUTFILE19=/tmp/maxwoo/21EF1A6A9139C9FD2A38E59AFB466F9A_2579/INPUTFILES/data_1471106171.root
INPUTFILE20=/tmp/maxwoo/21EF1A6A9139C9FD2A38E59AFB466F9A_2579/INPUTFILES/data_1471137611.root
INPUTFILE21=/tmp/maxwoo/21EF1A6A9139C9FD2A38E59AFB466F9A_2579/INPUTFILES/data_1471180111.root
INPUTFILE22=/tmp/maxwoo/21EF1A6A9139C9FD2A38E59AFB466F9A_2579/INPUTFILES/data_1471181031.root
INPUTFILE23=/tmp/maxwoo/21EF1A6A9139C9FD2A38E59AFB466F9A_2579/INPUTFILES/data_1471184281.root
INPUTFILE24=/tmp/maxwoo/21EF1A6A9139C9FD2A38E59AFB466F9A_2579/INPUTFILES/data_1471185151.root
INPUTFILE25=/tmp/maxwoo/21EF1A6A9139C9FD2A38E59AFB466F9A_2579/INPUTFILES/data_1471186371.root
INPUTFILE26=/tmp/maxwoo/21EF1A6A9139C9FD2A38E59AFB466F9A_2579/INPUTFILES/data_1472106151.root
INPUTFILE27=/tmp/maxwoo/21EF1A6A9139C9FD2A38E59AFB466F9A_2579/INPUTFILES/data_1472106161.root
INPUTFILE28=/tmp/maxwoo/21EF1A6A9139C9FD2A38E59AFB466F9A_2579/INPUTFILES/data_1472106191.root
INPUTFILE29=/tmp/maxwoo/21EF1A6A9139C9FD2A38E59AFB466F9A_2579/INPUTFILES/data_1472137601.root
INPUTFILE30=/tmp/maxwoo/21EF1A6A9139C9FD2A38E59AFB466F9A_2579/INPUTFILES/data_1472180041.root
INPUTFILE31=/tmp/maxwoo/21EF1A6A9139C9FD2A38E59AFB466F9A_2579/INPUTFILES/data_1472180171.root
INPUTFILE32=/tmp/maxwoo/21EF1A6A9139C9FD2A38E59AFB466F9A_2579/INPUTFILES/data_1472181441.root
INPUTFILE33=/tmp/maxwoo/21EF1A6A9139C9FD2A38E59AFB466F9A_2579/INPUTFILES/data_1472185461.root
INPUTFILE34=/tmp/maxwoo/21EF1A6A9139C9FD2A38E59AFB466F9A_2579/INPUTFILES/data_1472666441.root
INPUTFILE35=/tmp/maxwoo/21EF1A6A9139C9FD2A38E59AFB466F9A_2579/INPUTFILES/data_1473106131.root
INPUTFILE36=/tmp/maxwoo/21EF1A6A9139C9FD2A38E59AFB466F9A_2579/INPUTFILES/data_1473106181.root
LocalInputFileDir=/tmp/maxwoo/21EF1A6A9139C9FD2A38E59AFB466F9A_2579/INPUTFILES
NewFILELIST=/tmp/maxwoo/21EF1A6A9139C9FD2A38E59AFB466F9A_2579/INPUTFILES/21EF1A6A9139C9FD2A38E59AFB466F9A_2579.local.list
+++++++++++++++++++++++++++++++++++++++++++++++
--------------------------------
Simple Unified Meta Scheduler 1.10.50 we are starting in $SCRATCH : /home/tmp/maxwoo/21EF1A6A9139C9FD2A38E59AFB466F9A_2579
--------------------------------
total 16
lrwxrwxrwx 1 maxwoo rhstar   61 Jun  2 10:58 check_S.C -> /gpfs/mnt/gpfs01/star/pwg/xiatong/git/strangeness/./check_S.C
lrwxrwxrwx 1 maxwoo rhstar   65 Jun  2 10:58 Check_Sness.C -> /gpfs/mnt/gpfs01/star/pwg/xiatong/git/strangeness/./Check_Sness.C
drwxr-xr-x 2 maxwoo rhstar 4096 Jun  2 11:00 INPUTFILES
drwxr-xr-x 2 maxwoo rhstar 4096 Jun  2 10:58 lib
  *******************************************
  *                                         *
  *        W E L C O M E  to  R O O T       *
  *                                         *
  *   Version   5.34/38     12 March 2018   *
  *                                         *
  *  You are welcome to visit our Web site  *
  *          http://root.cern.ch            *
  *                                         *
  *******************************************

ROOT 5.34/38 (v5-34-38@v5-34-38, Mar 12 2018, 15:49:39 on linux)

CINT/ROOT C/C++ Interpreter version 5.18.00, July 2, 2010
Type ? for help. Commands must be C++ statements.
Enclose multiple statements between { }.
*** Float Point Exception is OFF ***
 *** Start at Date : Thu Jun  2 11:00:41 2022
QAInfo:You are using STAR_LEVEL : dev, ROOT_LEVEL : 5.34.38 and node : rcas2402.rcf.bnl.gov 

Processing check_S.C++("/tmp/maxwoo/21EF1A6A9139C9FD2A38E59AFB466F9A_2579/INPUTFILES/21EF1A6A9139C9FD2A38E59AFB466F9A_2579.local.list","21EF1A6A9139C9FD2A38E59AFB466F9A_2579",1)...
/tmp/maxwoo/21EF1A6A9139C9FD2A38E59AFB466F9A_2579/INPUTFILES/data_1469182141.root 
/tmp/maxwoo/21EF1A6A9139C9FD2A38E59AFB466F9A_2579/INPUTFILES/data_1469182271.root 
/tmp/maxwoo/21EF1A6A9139C9FD2A38E59AFB466F9A_2579/INPUTFILES/data_1469182351.root 
/tmp/maxwoo/21EF1A6A9139C9FD2A38E59AFB466F9A_2579/INPUTFILES/data_1469182481.root 
/tmp/maxwoo/21EF1A6A9139C9FD2A38E59AFB466F9A_2579/INPUTFILES/data_1469182581.root 
/tmp/maxwoo/21EF1A6A9139C9FD2A38E59AFB466F9A_2579/INPUTFILES/data_1469182791.root 
/tmp/maxwoo/21EF1A6A9139C9FD2A38E59AFB466F9A_2579/INPUTFILES/data_1469182931.root 
/tmp/maxwoo/21EF1A6A9139C9FD2A38E59AFB466F9A_2579/INPUTFILES/data_1469183051.root 
/tmp/maxwoo/21EF1A6A9139C9FD2A38E59AFB466F9A_2579/INPUTFILES/data_1469183211.root 
/tmp/maxwoo/21EF1A6A9139C9FD2A38E59AFB466F9A_2579/INPUTFILES/data_1469183361.root 
/tmp/maxwoo/21EF1A6A9139C9FD2A38E59AFB466F9A_2579/INPUTFILES/data_1469186151.root 
/tmp/maxwoo/21EF1A6A9139C9FD2A38E59AFB466F9A_2579/INPUTFILES/data_1469186431.root 
/tmp/maxwoo/21EF1A6A9139C9FD2A38E59AFB466F9A_2579/INPUTFILES/data_1469187791.root 
/tmp/maxwoo/21EF1A6A9139C9FD2A38E59AFB466F9A_2579/INPUTFILES/data_1469189671.root 
/tmp/maxwoo/21EF1A6A9139C9FD2A38E59AFB466F9A_2579/INPUTFILES/data_1469191991.root 
/tmp/maxwoo/21EF1A6A9139C9FD2A38E59AFB466F9A_2579/INPUTFILES/data_1470106201.root 
/tmp/maxwoo/21EF1A6A9139C9FD2A38E59AFB466F9A_2579/INPUTFILES/data_1470107081.root 
/tmp/maxwoo/21EF1A6A9139C9FD2A38E59AFB466F9A_2579/INPUTFILES/data_1470107461.root 
/tmp/maxwoo/21EF1A6A9139C9FD2A38E59AFB466F9A_2579/INPUTFILES/data_1470180321.root 
/tmp/maxwoo/21EF1A6A9139C9FD2A38E59AFB466F9A_2579/INPUTFILES/data_1471106171.root 
/tmp/maxwoo/21EF1A6A9139C9FD2A38E59AFB466F9A_2579/INPUTFILES/data_1471137611.root 
/tmp/maxwoo/21EF1A6A9139C9FD2A38E59AFB466F9A_2579/INPUTFILES/data_1471180111.root 
/tmp/maxwoo/21EF1A6A9139C9FD2A38E59AFB466F9A_2579/INPUTFILES/data_1471181031.root 
/tmp/maxwoo/21EF1A6A9139C9FD2A38E59AFB466F9A_2579/INPUTFILES/data_1471184281.root 
/tmp/maxwoo/21EF1A6A9139C9FD2A38E59AFB466F9A_2579/INPUTFILES/data_1471185151.root 
/tmp/maxwoo/21EF1A6A9139C9FD2A38E59AFB466F9A_2579/INPUTFILES/data_1471186371.root 
/tmp/maxwoo/21EF1A6A9139C9FD2A38E59AFB466F9A_2579/INPUTFILES/data_1472106151.root 
/tmp/maxwoo/21EF1A6A9139C9FD2A38E59AFB466F9A_2579/INPUTFILES/data_1472106161.root 
/tmp/maxwoo/21EF1A6A9139C9FD2A38E59AFB466F9A_2579/INPUTFILES/data_1472106191.root 
/tmp/maxwoo/21EF1A6A9139C9FD2A38E59AFB466F9A_2579/INPUTFILES/data_1472137601.root 
/tmp/maxwoo/21EF1A6A9139C9FD2A38E59AFB466F9A_2579/INPUTFILES/data_1472180041.root 
/tmp/maxwoo/21EF1A6A9139C9FD2A38E59AFB466F9A_2579/INPUTFILES/data_1472180171.root 
/tmp/maxwoo/21EF1A6A9139C9FD2A38E59AFB466F9A_2579/INPUTFILES/data_1472181441.root 
/tmp/maxwoo/21EF1A6A9139C9FD2A38E59AFB466F9A_2579/INPUTFILES/data_1472185461.root 
/tmp/maxwoo/21EF1A6A9139C9FD2A38E59AFB466F9A_2579/INPUTFILES/data_1472666441.root 
/tmp/maxwoo/21EF1A6A9139C9FD2A38E59AFB466F9A_2579/INPUTFILES/data_1473106131.root 
/tmp/maxwoo/21EF1A6A9139C9FD2A38E59AFB466F9A_2579/INPUTFILES/data_1473106181.root 
Added 37 files
# entries in chain: 36564
Processing entry == 1000 == out of 36564.
Processing entry == 2000 == out of 36564.
Processing entry == 3000 == out of 36564.
Processing entry == 4000 == out of 36564.
Processing entry == 5000 == out of 36564.
Processing entry == 6000 == out of 36564.
Processing entry == 7000 == out of 36564.
Processing entry == 8000 == out of 36564.
Processing entry == 9000 == out of 36564.
Processing entry == 10000 == out of 36564.
Processing entry == 11000 == out of 36564.
Processing entry == 12000 == out of 36564.
Processing entry == 13000 == out of 36564.
Processing entry == 14000 == out of 36564.
Processing entry == 15000 == out of 36564.
Processing entry == 16000 == out of 36564.
Processing entry == 17000 == out of 36564.
Processing entry == 18000 == out of 36564.
Processing entry == 19000 == out of 36564.
Processing entry == 20000 == out of 36564.
Processing entry == 21000 == out of 36564.
Processing entry == 22000 == out of 36564.
Processing entry == 23000 == out of 36564.
Processing entry == 24000 == out of 36564.
Processing entry == 25000 == out of 36564.
Processing entry == 26000 == out of 36564.
Processing entry == 27000 == out of 36564.
Processing entry == 28000 == out of 36564.
Processing entry == 29000 == out of 36564.
Processing entry == 30000 == out of 36564.
Processing entry == 31000 == out of 36564.
Processing entry == 32000 == out of 36564.
Processing entry == 33000 == out of 36564.
Processing entry == 34000 == out of 36564.
Processing entry == 35000 == out of 36564.
Processing entry == 36000 == out of 36564.

This is the end of ROOT -- Goodbye

Cleaning up sandbox file:  /tmp/maxwoo/21EF1A6A9139C9FD2A38E59AFB466F9A_2579/check_S.C
Cleaning up sandbox file:  /tmp/maxwoo/21EF1A6A9139C9FD2A38E59AFB466F9A_2579/Check_Sness.C
Cleaning up sandbox file:  /tmp/maxwoo/21EF1A6A9139C9FD2A38E59AFB466F9A_2579/lib
Cleaning up sandbox file:  /tmp/maxwoo/21EF1A6A9139C9FD2A38E59AFB466F9A_2579/.sandboxFiles
Starting copy block
Running copy command:  /bin/cp -fp /tmp/maxwoo/21EF1A6A9139C9FD2A38E59AFB466F9A_2579/out_21EF1A6A9139C9FD2A38E59AFB466F9A_2579.root /star/data01/pwg/xiatong/git/strangeness/data/
27982 Execution of (/star/data01/pwg/xiatong/git/strangeness/script/sched21EF1A6A9139C9FD2A38E59AFB466F9A_2579.csh ) has ended, exiting normally
27982 We END on [Thu Jun  2 11:29:17 EDT 2022]
