We are starting on node: rcas2008.rcf.bnl.gov
HOME is not defined
Using getent method
HOME is now /star/u/maxwoo
37886 We will spawn ourselves (/star/data01/pwg/xiatong/git/strangeness/script/sched21EF1A6A9139C9FD2A38E59AFB466F9A_750.csh )
37886 We BEGIN on [Thu Jun  2 11:26:38 EDT 2022]
[1] 38074
37886 We are waiting for 38074 
37886 Grandchild PID is 38311 - found in 10 x 1 seconds
37886 Establishing first watcher   on    Thu Jun  2 11:26:49 EDT 2022
37886 Process tree is 37886 (main) -> 38074 (child) -> 38311 (grandchild)
F S   UID    PID   PPID  C PRI  NI ADDR SZ WCHAN  TTY        TIME CMD
0 D 100667 38311  38074  0  80   0 - 32311 cxiWai ?          0:00 cp /star/data01/pwg/xiatong/AMPT/14GeV/data_288364401.root /tmp/maxwoo/21EF1A6A9139C9FD2A38E59AFB466F9A_750/INPUTFILES/data_288364401.root
37886 Grandchild PID is 40770 - found in 20 x 2 seconds
37886 Grandchild to watch has changed on Thu Jun  2 11:27:17 EDT 2022
37886 Process tree is 37886 (main) -> 38074 (child) -> 40770 (grandchild)
F S   UID    PID   PPID  C PRI  NI ADDR SZ WCHAN  TTY        TIME CMD
0 D 100667 40770  38074  0  80   0 - 32311 cxiWai ?          0:00 cp /star/data01/pwg/xiatong/AMPT/14GeV/data_288391821.root /tmp/maxwoo/21EF1A6A9139C9FD2A38E59AFB466F9A_750/INPUTFILES/data_288391821.root
37886 Grandchild PID is 43028 - found in 30 x 2 seconds
37886 Grandchild to watch has changed on Thu Jun  2 11:27:37 EDT 2022
37886 Process tree is 37886 (main) -> 38074 (child) -> 43028 (grandchild)
F S   UID    PID   PPID  C PRI  NI ADDR SZ WCHAN  TTY        TIME CMD
0 D 100667 43028  38074  0  80   0 - 32311 cxiWai ?          0:00 cp /star/data01/pwg/xiatong/AMPT/14GeV/data_288391841.root /tmp/maxwoo/21EF1A6A9139C9FD2A38E59AFB466F9A_750/INPUTFILES/data_288391841.root
37886 Grandchild PID is 45886 - found in 40 x 2 seconds
37886 Grandchild to watch has changed on Thu Jun  2 11:27:58 EDT 2022
37886 Process tree is 37886 (main) -> 38074 (child) -> 45886 (grandchild)
F S   UID    PID   PPID  C PRI  NI ADDR SZ WCHAN  TTY        TIME CMD
0 D 100667 45886  38074  0  80   0 - 32311 cxiWai ?          0:00 cp /star/data01/pwg/xiatong/AMPT/14GeV/data_288391891.root /tmp/maxwoo/21EF1A6A9139C9FD2A38E59AFB466F9A_750/INPUTFILES/data_288391891.root
37886 Grandchild PID is 48551 - found in 50 x 2 seconds
37886 Grandchild to watch has changed on Thu Jun  2 11:28:19 EDT 2022
37886 Process tree is 37886 (main) -> 38074 (child) -> 48551 (grandchild)
F S   UID    PID   PPID  C PRI  NI ADDR SZ WCHAN  TTY        TIME CMD
0 D 100667 48551  38074  0  80   0 - 32311 cxiWai ?          0:00 cp /star/data01/pwg/xiatong/AMPT/14GeV/data_288391921.root /tmp/maxwoo/21EF1A6A9139C9FD2A38E59AFB466F9A_750/INPUTFILES/data_288391921.root
37886 Grandchild PID is 50189 - found in 60 x 2 seconds
37886 Grandchild to watch has changed on Thu Jun  2 11:28:40 EDT 2022
37886 Process tree is 37886 (main) -> 38074 (child) -> 50189 (grandchild)
F S   UID    PID   PPID  C PRI  NI ADDR SZ WCHAN  TTY        TIME CMD
0 D 100667 50189  38074  0  80   0 - 32311 cxiWai ?          0:00 cp /star/data01/pwg/xiatong/AMPT/14GeV/data_288391961.root /tmp/maxwoo/21EF1A6A9139C9FD2A38E59AFB466F9A_750/INPUTFILES/data_288391961.root
37886 Grandchild PID is 51250 - found in 70 x 2 seconds
37886 Grandchild to watch has changed on Thu Jun  2 11:29:00 EDT 2022
37886 Process tree is 37886 (main) -> 38074 (child) -> 51250 (grandchild)
F S   UID    PID   PPID  C PRI  NI ADDR SZ WCHAN  TTY        TIME CMD
0 D 100667 51250  38074  0  80   0 - 32311 cxiWai ?          0:00 cp /star/data01/pwg/xiatong/AMPT/14GeV/data_288392001.root /tmp/maxwoo/21EF1A6A9139C9FD2A38E59AFB466F9A_750/INPUTFILES/data_288392001.root
37886 Grandchild PID is 52613 - found in 80 x 2 seconds
37886 Grandchild to watch has changed on Thu Jun  2 11:29:21 EDT 2022
37886 Process tree is 37886 (main) -> 38074 (child) -> 52613 (grandchild)
F S   UID    PID   PPID  C PRI  NI ADDR SZ WCHAN  TTY        TIME CMD
0 D 100667 52613  38074  0  80   0 - 32311 cxiWai ?          0:00 cp /star/data01/pwg/xiatong/AMPT/14GeV/data_288392021.root /tmp/maxwoo/21EF1A6A9139C9FD2A38E59AFB466F9A_750/INPUTFILES/data_288392021.root
37886 Grandchild PID is 55090 - found in 90 x 2 seconds
37886 Grandchild to watch has changed on Thu Jun  2 11:29:42 EDT 2022
37886 Process tree is 37886 (main) -> 38074 (child) -> 55090 (grandchild)
F S   UID    PID   PPID  C PRI  NI ADDR SZ WCHAN  TTY        TIME CMD
0 D 100667 55090  38074  0  80   0 - 32311 cxiWai ?          0:00 cp /star/data01/pwg/xiatong/AMPT/14GeV/data_288392031.root /tmp/maxwoo/21EF1A6A9139C9FD2A38E59AFB466F9A_750/INPUTFILES/data_288392031.root
37886 Grandchild PID is 59691 - found in 100 x 2 seconds
37886 Grandchild to watch has changed on Thu Jun  2 11:30:03 EDT 2022
37886 Process tree is 37886 (main) -> 38074 (child) -> 59691 (grandchild)
F S   UID    PID   PPID  C PRI  NI ADDR SZ WCHAN  TTY        TIME CMD
0 D 100667 59691  38074  0  80   0 - 32311 cxiWai ?          0:00 cp /star/data01/pwg/xiatong/AMPT/14GeV/data_288392111.root /tmp/maxwoo/21EF1A6A9139C9FD2A38E59AFB466F9A_750/INPUTFILES/data_288392111.root
37886 Grandchild PID is 62496 - found in 110 x 2 seconds
37886 Grandchild to watch has changed on Thu Jun  2 11:30:24 EDT 2022
37886 Process tree is 37886 (main) -> 38074 (child) -> 62496 (grandchild)
F S   UID    PID   PPID  C PRI  NI ADDR SZ WCHAN  TTY        TIME CMD
0 D 100667 62496  38074  0  80   0 - 32311 cxiWai ?          0:00 cp /star/data01/pwg/xiatong/AMPT/14GeV/data_288392571.root /tmp/maxwoo/21EF1A6A9139C9FD2A38E59AFB466F9A_750/INPUTFILES/data_288392571.root
37886 Grandchild PID is 66998 - found in 130 x 2 seconds
37886 Grandchild to watch has changed on Thu Jun  2 11:31:05 EDT 2022
37886 Process tree is 37886 (main) -> 38074 (child) -> 66998 (grandchild)
F S   UID    PID   PPID  C PRI  NI ADDR SZ WCHAN  TTY        TIME CMD
0 D 100667 66998  38074  0  80   0 - 32311 cxiWai ?          0:00 cp /star/data01/pwg/xiatong/AMPT/14GeV/data_288464351.root /tmp/maxwoo/21EF1A6A9139C9FD2A38E59AFB466F9A_750/INPUTFILES/data_288464351.root
37886 Grandchild PID is 71148 - found in 140 x 2 seconds
37886 Grandchild to watch has changed on Thu Jun  2 11:31:26 EDT 2022
37886 Process tree is 37886 (main) -> 38074 (child) -> 71148 (grandchild)
F S   UID    PID   PPID  C PRI  NI ADDR SZ WCHAN  TTY        TIME CMD
0 D 100667 71148  38074  0  80   0 - 32311 cxiWai ?          0:00 cp /star/data01/pwg/xiatong/AMPT/14GeV/data_288464381.root /tmp/maxwoo/21EF1A6A9139C9FD2A38E59AFB466F9A_750/INPUTFILES/data_288464381.root
37886 Grandchild PID is 75200 - found in 150 x 2 seconds
37886 Grandchild to watch has changed on Thu Jun  2 11:31:47 EDT 2022
37886 Process tree is 37886 (main) -> 38074 (child) -> 75200 (grandchild)
F S   UID    PID   PPID  C PRI  NI ADDR SZ WCHAN  TTY        TIME CMD
0 S 100667 75200  38074  0  80   0 -  1272 do_wai ?          0:00 root -b -q check_S.C++("/tmp/maxwoo/21EF1A6A9139C9FD2A38E59AFB466F9A_750/INPUTFILES/21EF1A6A9139C9FD2A38E59AFB466F9A_750.local.list","21EF1A6A9139C9FD2A38E59AFB466F9A_750",1)
38074 Stepping into the main SUMS wrapper program with []
.... building sandbox
Running: cp /star/data01/pwg/xiatong/AMPT/14GeV/data_288364391.root /tmp/maxwoo/21EF1A6A9139C9FD2A38E59AFB466F9A_750/INPUTFILES/data_288364391.root
Running: cp /star/data01/pwg/xiatong/AMPT/14GeV/data_288364401.root /tmp/maxwoo/21EF1A6A9139C9FD2A38E59AFB466F9A_750/INPUTFILES/data_288364401.root
Running: cp /star/data01/pwg/xiatong/AMPT/14GeV/data_288364411.root /tmp/maxwoo/21EF1A6A9139C9FD2A38E59AFB466F9A_750/INPUTFILES/data_288364411.root
Running: cp /star/data01/pwg/xiatong/AMPT/14GeV/data_288364421.root /tmp/maxwoo/21EF1A6A9139C9FD2A38E59AFB466F9A_750/INPUTFILES/data_288364421.root
Running: cp /star/data01/pwg/xiatong/AMPT/14GeV/data_288376551.root /tmp/maxwoo/21EF1A6A9139C9FD2A38E59AFB466F9A_750/INPUTFILES/data_288376551.root
Running: cp /star/data01/pwg/xiatong/AMPT/14GeV/data_288391811.root /tmp/maxwoo/21EF1A6A9139C9FD2A38E59AFB466F9A_750/INPUTFILES/data_288391811.root
Running: cp /star/data01/pwg/xiatong/AMPT/14GeV/data_288391821.root /tmp/maxwoo/21EF1A6A9139C9FD2A38E59AFB466F9A_750/INPUTFILES/data_288391821.root
Running: cp /star/data01/pwg/xiatong/AMPT/14GeV/data_288391831.root /tmp/maxwoo/21EF1A6A9139C9FD2A38E59AFB466F9A_750/INPUTFILES/data_288391831.root
Running: cp /star/data01/pwg/xiatong/AMPT/14GeV/data_288391841.root /tmp/maxwoo/21EF1A6A9139C9FD2A38E59AFB466F9A_750/INPUTFILES/data_288391841.root
Running: cp /star/data01/pwg/xiatong/AMPT/14GeV/data_288391851.root /tmp/maxwoo/21EF1A6A9139C9FD2A38E59AFB466F9A_750/INPUTFILES/data_288391851.root
Running: cp /star/data01/pwg/xiatong/AMPT/14GeV/data_288391861.root /tmp/maxwoo/21EF1A6A9139C9FD2A38E59AFB466F9A_750/INPUTFILES/data_288391861.root
Running: cp /star/data01/pwg/xiatong/AMPT/14GeV/data_288391871.root /tmp/maxwoo/21EF1A6A9139C9FD2A38E59AFB466F9A_750/INPUTFILES/data_288391871.root
Running: cp /star/data01/pwg/xiatong/AMPT/14GeV/data_288391881.root /tmp/maxwoo/21EF1A6A9139C9FD2A38E59AFB466F9A_750/INPUTFILES/data_288391881.root
Running: cp /star/data01/pwg/xiatong/AMPT/14GeV/data_288391891.root /tmp/maxwoo/21EF1A6A9139C9FD2A38E59AFB466F9A_750/INPUTFILES/data_288391891.root
Running: cp /star/data01/pwg/xiatong/AMPT/14GeV/data_288391921.root /tmp/maxwoo/21EF1A6A9139C9FD2A38E59AFB466F9A_750/INPUTFILES/data_288391921.root
Running: cp /star/data01/pwg/xiatong/AMPT/14GeV/data_288391951.root /tmp/maxwoo/21EF1A6A9139C9FD2A38E59AFB466F9A_750/INPUTFILES/data_288391951.root
Running: cp /star/data01/pwg/xiatong/AMPT/14GeV/data_288391961.root /tmp/maxwoo/21EF1A6A9139C9FD2A38E59AFB466F9A_750/INPUTFILES/data_288391961.root
Running: cp /star/data01/pwg/xiatong/AMPT/14GeV/data_288391971.root /tmp/maxwoo/21EF1A6A9139C9FD2A38E59AFB466F9A_750/INPUTFILES/data_288391971.root
Running: cp /star/data01/pwg/xiatong/AMPT/14GeV/data_288391991.root /tmp/maxwoo/21EF1A6A9139C9FD2A38E59AFB466F9A_750/INPUTFILES/data_288391991.root
Running: cp /star/data01/pwg/xiatong/AMPT/14GeV/data_288392001.root /tmp/maxwoo/21EF1A6A9139C9FD2A38E59AFB466F9A_750/INPUTFILES/data_288392001.root
Running: cp /star/data01/pwg/xiatong/AMPT/14GeV/data_288392011.root /tmp/maxwoo/21EF1A6A9139C9FD2A38E59AFB466F9A_750/INPUTFILES/data_288392011.root
Running: cp /star/data01/pwg/xiatong/AMPT/14GeV/data_288392021.root /tmp/maxwoo/21EF1A6A9139C9FD2A38E59AFB466F9A_750/INPUTFILES/data_288392021.root
Running: cp /star/data01/pwg/xiatong/AMPT/14GeV/data_288392031.root /tmp/maxwoo/21EF1A6A9139C9FD2A38E59AFB466F9A_750/INPUTFILES/data_288392031.root
Running: cp /star/data01/pwg/xiatong/AMPT/14GeV/data_288392041.root /tmp/maxwoo/21EF1A6A9139C9FD2A38E59AFB466F9A_750/INPUTFILES/data_288392041.root
Running: cp /star/data01/pwg/xiatong/AMPT/14GeV/data_288392051.root /tmp/maxwoo/21EF1A6A9139C9FD2A38E59AFB466F9A_750/INPUTFILES/data_288392051.root
Running: cp /star/data01/pwg/xiatong/AMPT/14GeV/data_288392091.root /tmp/maxwoo/21EF1A6A9139C9FD2A38E59AFB466F9A_750/INPUTFILES/data_288392091.root
Running: cp /star/data01/pwg/xiatong/AMPT/14GeV/data_288392111.root /tmp/maxwoo/21EF1A6A9139C9FD2A38E59AFB466F9A_750/INPUTFILES/data_288392111.root
Running: cp /star/data01/pwg/xiatong/AMPT/14GeV/data_288392151.root /tmp/maxwoo/21EF1A6A9139C9FD2A38E59AFB466F9A_750/INPUTFILES/data_288392151.root
Running: cp /star/data01/pwg/xiatong/AMPT/14GeV/data_288392571.root /tmp/maxwoo/21EF1A6A9139C9FD2A38E59AFB466F9A_750/INPUTFILES/data_288392571.root
Running: cp /star/data01/pwg/xiatong/AMPT/14GeV/data_288392621.root /tmp/maxwoo/21EF1A6A9139C9FD2A38E59AFB466F9A_750/INPUTFILES/data_288392621.root
Running: cp /star/data01/pwg/xiatong/AMPT/14GeV/data_288411681.root /tmp/maxwoo/21EF1A6A9139C9FD2A38E59AFB466F9A_750/INPUTFILES/data_288411681.root
Running: cp /star/data01/pwg/xiatong/AMPT/14GeV/data_288411691.root /tmp/maxwoo/21EF1A6A9139C9FD2A38E59AFB466F9A_750/INPUTFILES/data_288411691.root
Running: cp /star/data01/pwg/xiatong/AMPT/14GeV/data_288411711.root /tmp/maxwoo/21EF1A6A9139C9FD2A38E59AFB466F9A_750/INPUTFILES/data_288411711.root
Running: cp /star/data01/pwg/xiatong/AMPT/14GeV/data_288419141.root /tmp/maxwoo/21EF1A6A9139C9FD2A38E59AFB466F9A_750/INPUTFILES/data_288419141.root
Running: cp /star/data01/pwg/xiatong/AMPT/14GeV/data_288464351.root /tmp/maxwoo/21EF1A6A9139C9FD2A38E59AFB466F9A_750/INPUTFILES/data_288464351.root
Running: cp /star/data01/pwg/xiatong/AMPT/14GeV/data_288464361.root /tmp/maxwoo/21EF1A6A9139C9FD2A38E59AFB466F9A_750/INPUTFILES/data_288464361.root
Running: cp /star/data01/pwg/xiatong/AMPT/14GeV/data_288464381.root /tmp/maxwoo/21EF1A6A9139C9FD2A38E59AFB466F9A_750/INPUTFILES/data_288464381.root
Swapping $FILELIST with: /tmp/maxwoo/21EF1A6A9139C9FD2A38E59AFB466F9A_750/INPUTFILES/21EF1A6A9139C9FD2A38E59AFB466F9A_750.local.list
+++++++++++local copy debug++++++++++++++++++++
newFileList: /tmp/maxwoo/21EF1A6A9139C9FD2A38E59AFB466F9A_750/INPUTFILES/21EF1A6A9139C9FD2A38E59AFB466F9A_750.local.list
++++++++++++++++cat FILELIST+++++++++++++++++++
/tmp/maxwoo/21EF1A6A9139C9FD2A38E59AFB466F9A_750/INPUTFILES/data_288364391.root 
/tmp/maxwoo/21EF1A6A9139C9FD2A38E59AFB466F9A_750/INPUTFILES/data_288364401.root 
/tmp/maxwoo/21EF1A6A9139C9FD2A38E59AFB466F9A_750/INPUTFILES/data_288364411.root 
/tmp/maxwoo/21EF1A6A9139C9FD2A38E59AFB466F9A_750/INPUTFILES/data_288364421.root 
/tmp/maxwoo/21EF1A6A9139C9FD2A38E59AFB466F9A_750/INPUTFILES/data_288376551.root 
/tmp/maxwoo/21EF1A6A9139C9FD2A38E59AFB466F9A_750/INPUTFILES/data_288391811.root 
/tmp/maxwoo/21EF1A6A9139C9FD2A38E59AFB466F9A_750/INPUTFILES/data_288391821.root 
/tmp/maxwoo/21EF1A6A9139C9FD2A38E59AFB466F9A_750/INPUTFILES/data_288391831.root 
/tmp/maxwoo/21EF1A6A9139C9FD2A38E59AFB466F9A_750/INPUTFILES/data_288391841.root 
/tmp/maxwoo/21EF1A6A9139C9FD2A38E59AFB466F9A_750/INPUTFILES/data_288391851.root 
/tmp/maxwoo/21EF1A6A9139C9FD2A38E59AFB466F9A_750/INPUTFILES/data_288391861.root 
/tmp/maxwoo/21EF1A6A9139C9FD2A38E59AFB466F9A_750/INPUTFILES/data_288391871.root 
/tmp/maxwoo/21EF1A6A9139C9FD2A38E59AFB466F9A_750/INPUTFILES/data_288391881.root 
/tmp/maxwoo/21EF1A6A9139C9FD2A38E59AFB466F9A_750/INPUTFILES/data_288391891.root 
/tmp/maxwoo/21EF1A6A9139C9FD2A38E59AFB466F9A_750/INPUTFILES/data_288391921.root 
/tmp/maxwoo/21EF1A6A9139C9FD2A38E59AFB466F9A_750/INPUTFILES/data_288391951.root 
/tmp/maxwoo/21EF1A6A9139C9FD2A38E59AFB466F9A_750/INPUTFILES/data_288391961.root 
/tmp/maxwoo/21EF1A6A9139C9FD2A38E59AFB466F9A_750/INPUTFILES/data_288391971.root 
/tmp/maxwoo/21EF1A6A9139C9FD2A38E59AFB466F9A_750/INPUTFILES/data_288391991.root 
/tmp/maxwoo/21EF1A6A9139C9FD2A38E59AFB466F9A_750/INPUTFILES/data_288392001.root 
/tmp/maxwoo/21EF1A6A9139C9FD2A38E59AFB466F9A_750/INPUTFILES/data_288392011.root 
/tmp/maxwoo/21EF1A6A9139C9FD2A38E59AFB466F9A_750/INPUTFILES/data_288392021.root 
/tmp/maxwoo/21EF1A6A9139C9FD2A38E59AFB466F9A_750/INPUTFILES/data_288392031.root 
/tmp/maxwoo/21EF1A6A9139C9FD2A38E59AFB466F9A_750/INPUTFILES/data_288392041.root 
/tmp/maxwoo/21EF1A6A9139C9FD2A38E59AFB466F9A_750/INPUTFILES/data_288392051.root 
/tmp/maxwoo/21EF1A6A9139C9FD2A38E59AFB466F9A_750/INPUTFILES/data_288392091.root 
/tmp/maxwoo/21EF1A6A9139C9FD2A38E59AFB466F9A_750/INPUTFILES/data_288392111.root 
/tmp/maxwoo/21EF1A6A9139C9FD2A38E59AFB466F9A_750/INPUTFILES/data_288392151.root 
/tmp/maxwoo/21EF1A6A9139C9FD2A38E59AFB466F9A_750/INPUTFILES/data_288392571.root 
/tmp/maxwoo/21EF1A6A9139C9FD2A38E59AFB466F9A_750/INPUTFILES/data_288392621.root 
/tmp/maxwoo/21EF1A6A9139C9FD2A38E59AFB466F9A_750/INPUTFILES/data_288411681.root 
/tmp/maxwoo/21EF1A6A9139C9FD2A38E59AFB466F9A_750/INPUTFILES/data_288411691.root 
/tmp/maxwoo/21EF1A6A9139C9FD2A38E59AFB466F9A_750/INPUTFILES/data_288411711.root 
/tmp/maxwoo/21EF1A6A9139C9FD2A38E59AFB466F9A_750/INPUTFILES/data_288419141.root 
/tmp/maxwoo/21EF1A6A9139C9FD2A38E59AFB466F9A_750/INPUTFILES/data_288464351.root 
/tmp/maxwoo/21EF1A6A9139C9FD2A38E59AFB466F9A_750/INPUTFILES/data_288464361.root 
/tmp/maxwoo/21EF1A6A9139C9FD2A38E59AFB466F9A_750/INPUTFILES/data_288464381.root 
++++++++++++++++++++find.++++++++++++++++++++++
.
./check_S.C
./lib
./lib/my_particle_cpp.d
./lib/my_particle.h
./lib/CenMaker.h
./lib/MixedBuffer_cpp_ACLiC_dict_rdict.pcm
./lib/my_event_cpp_ACLiC_dict_rdict.pcm
./lib/NpartNormalizer_cpp.so
./lib/NpartNormalizer_cpp_ACLiC_dict_rdict.pcm
./lib/CenMaker_cpp.d
./lib/NpartNormalizer.h
./lib/my_particle_cpp.so
./lib/MixedBuffer.h
./lib/my_particle.cpp
./lib/CenMaker_cpp_ACLiC_dict_rdict.pcm
./lib/CenMaker_cpp.so
./lib/my_event.h
./lib/my_event_cpp.so
./lib/MixedBuffer_cpp.d
./lib/my_particle_cpp_ACLiC_dict_rdict.pcm
./lib/NpartNormalizer_cpp.d
./lib/CenMaker.cpp
./lib/MixedBuffer_cpp.so
./lib/my_event.cpp
./lib/MixedBuffer.cpp
./lib/NpartNormalizer.cpp
./lib/my_event_cpp.d
./.errror.log
./INPUTFILES
./INPUTFILES/data_288391951.root
./INPUTFILES/data_288376551.root
./INPUTFILES/data_288411681.root
./INPUTFILES/data_288392111.root
./INPUTFILES/data_288391961.root
./INPUTFILES/21EF1A6A9139C9FD2A38E59AFB466F9A_750.local.list
./INPUTFILES/data_288364401.root
./INPUTFILES/data_288392011.root
./INPUTFILES/data_288392031.root
./INPUTFILES/data_288391811.root
./INPUTFILES/data_288391881.root
./INPUTFILES/data_288364411.root
./INPUTFILES/data_288364391.root
./INPUTFILES/data_288392091.root
./INPUTFILES/data_288392151.root
./INPUTFILES/data_288391851.root
./INPUTFILES/data_288391921.root
./INPUTFILES/data_288392621.root
./INPUTFILES/data_288411691.root
./INPUTFILES/data_288391971.root
./INPUTFILES/data_288391841.root
./INPUTFILES/data_288392021.root
./INPUTFILES/data_288392001.root
./INPUTFILES/data_288464351.root
./INPUTFILES/data_288391991.root
./INPUTFILES/data_288391871.root
./INPUTFILES/data_288464381.root
./INPUTFILES/data_288391831.root
./INPUTFILES/data_288392041.root
./INPUTFILES/data_288392051.root
./INPUTFILES/data_288391821.root
./INPUTFILES/data_288464361.root
./INPUTFILES/data_288419141.root
./INPUTFILES/data_288411711.root
./INPUTFILES/data_288392571.root
./INPUTFILES/data_288391861.root
./INPUTFILES/data_288364421.root
./INPUTFILES/data_288391891.root
./.output.log
./.sandboxFiles
./Check_Sness.C
++++++++++++++++INPUTFILE Var++++++++++++++++++
FILELIST=/tmp/maxwoo/21EF1A6A9139C9FD2A38E59AFB466F9A_750/INPUTFILES/21EF1A6A9139C9FD2A38E59AFB466F9A_750.local.list
INPUTFILECOUNT=37
INPUTFILE0=/tmp/maxwoo/21EF1A6A9139C9FD2A38E59AFB466F9A_750/INPUTFILES/data_288364391.root
INPUTFILE1=/tmp/maxwoo/21EF1A6A9139C9FD2A38E59AFB466F9A_750/INPUTFILES/data_288364401.root
INPUTFILE2=/tmp/maxwoo/21EF1A6A9139C9FD2A38E59AFB466F9A_750/INPUTFILES/data_288364411.root
INPUTFILE3=/tmp/maxwoo/21EF1A6A9139C9FD2A38E59AFB466F9A_750/INPUTFILES/data_288364421.root
INPUTFILE4=/tmp/maxwoo/21EF1A6A9139C9FD2A38E59AFB466F9A_750/INPUTFILES/data_288376551.root
INPUTFILE5=/tmp/maxwoo/21EF1A6A9139C9FD2A38E59AFB466F9A_750/INPUTFILES/data_288391811.root
INPUTFILE6=/tmp/maxwoo/21EF1A6A9139C9FD2A38E59AFB466F9A_750/INPUTFILES/data_288391821.root
INPUTFILE7=/tmp/maxwoo/21EF1A6A9139C9FD2A38E59AFB466F9A_750/INPUTFILES/data_288391831.root
INPUTFILE8=/tmp/maxwoo/21EF1A6A9139C9FD2A38E59AFB466F9A_750/INPUTFILES/data_288391841.root
INPUTFILE9=/tmp/maxwoo/21EF1A6A9139C9FD2A38E59AFB466F9A_750/INPUTFILES/data_288391851.root
INPUTFILE10=/tmp/maxwoo/21EF1A6A9139C9FD2A38E59AFB466F9A_750/INPUTFILES/data_288391861.root
INPUTFILE11=/tmp/maxwoo/21EF1A6A9139C9FD2A38E59AFB466F9A_750/INPUTFILES/data_288391871.root
INPUTFILE12=/tmp/maxwoo/21EF1A6A9139C9FD2A38E59AFB466F9A_750/INPUTFILES/data_288391881.root
INPUTFILE13=/tmp/maxwoo/21EF1A6A9139C9FD2A38E59AFB466F9A_750/INPUTFILES/data_288391891.root
INPUTFILE14=/tmp/maxwoo/21EF1A6A9139C9FD2A38E59AFB466F9A_750/INPUTFILES/data_288391921.root
INPUTFILE15=/tmp/maxwoo/21EF1A6A9139C9FD2A38E59AFB466F9A_750/INPUTFILES/data_288391951.root
INPUTFILE16=/tmp/maxwoo/21EF1A6A9139C9FD2A38E59AFB466F9A_750/INPUTFILES/data_288391961.root
INPUTFILE17=/tmp/maxwoo/21EF1A6A9139C9FD2A38E59AFB466F9A_750/INPUTFILES/data_288391971.root
INPUTFILE18=/tmp/maxwoo/21EF1A6A9139C9FD2A38E59AFB466F9A_750/INPUTFILES/data_288391991.root
INPUTFILE19=/tmp/maxwoo/21EF1A6A9139C9FD2A38E59AFB466F9A_750/INPUTFILES/data_288392001.root
INPUTFILE20=/tmp/maxwoo/21EF1A6A9139C9FD2A38E59AFB466F9A_750/INPUTFILES/data_288392011.root
INPUTFILE21=/tmp/maxwoo/21EF1A6A9139C9FD2A38E59AFB466F9A_750/INPUTFILES/data_288392021.root
INPUTFILE22=/tmp/maxwoo/21EF1A6A9139C9FD2A38E59AFB466F9A_750/INPUTFILES/data_288392031.root
INPUTFILE23=/tmp/maxwoo/21EF1A6A9139C9FD2A38E59AFB466F9A_750/INPUTFILES/data_288392041.root
INPUTFILE24=/tmp/maxwoo/21EF1A6A9139C9FD2A38E59AFB466F9A_750/INPUTFILES/data_288392051.root
INPUTFILE25=/tmp/maxwoo/21EF1A6A9139C9FD2A38E59AFB466F9A_750/INPUTFILES/data_288392091.root
INPUTFILE26=/tmp/maxwoo/21EF1A6A9139C9FD2A38E59AFB466F9A_750/INPUTFILES/data_288392111.root
INPUTFILE27=/tmp/maxwoo/21EF1A6A9139C9FD2A38E59AFB466F9A_750/INPUTFILES/data_288392151.root
INPUTFILE28=/tmp/maxwoo/21EF1A6A9139C9FD2A38E59AFB466F9A_750/INPUTFILES/data_288392571.root
INPUTFILE29=/tmp/maxwoo/21EF1A6A9139C9FD2A38E59AFB466F9A_750/INPUTFILES/data_288392621.root
INPUTFILE30=/tmp/maxwoo/21EF1A6A9139C9FD2A38E59AFB466F9A_750/INPUTFILES/data_288411681.root
INPUTFILE31=/tmp/maxwoo/21EF1A6A9139C9FD2A38E59AFB466F9A_750/INPUTFILES/data_288411691.root
INPUTFILE32=/tmp/maxwoo/21EF1A6A9139C9FD2A38E59AFB466F9A_750/INPUTFILES/data_288411711.root
INPUTFILE33=/tmp/maxwoo/21EF1A6A9139C9FD2A38E59AFB466F9A_750/INPUTFILES/data_288419141.root
INPUTFILE34=/tmp/maxwoo/21EF1A6A9139C9FD2A38E59AFB466F9A_750/INPUTFILES/data_288464351.root
INPUTFILE35=/tmp/maxwoo/21EF1A6A9139C9FD2A38E59AFB466F9A_750/INPUTFILES/data_288464361.root
INPUTFILE36=/tmp/maxwoo/21EF1A6A9139C9FD2A38E59AFB466F9A_750/INPUTFILES/data_288464381.root
LocalInputFileDir=/tmp/maxwoo/21EF1A6A9139C9FD2A38E59AFB466F9A_750/INPUTFILES
NewFILELIST=/tmp/maxwoo/21EF1A6A9139C9FD2A38E59AFB466F9A_750/INPUTFILES/21EF1A6A9139C9FD2A38E59AFB466F9A_750.local.list
+++++++++++++++++++++++++++++++++++++++++++++++
--------------------------------
Simple Unified Meta Scheduler 1.10.50 we are starting in $SCRATCH : /home/tmp/maxwoo/21EF1A6A9139C9FD2A38E59AFB466F9A_750
--------------------------------
total 16
lrwxrwxrwx 1 maxwoo rhstar   61 Jun  2 11:26 check_S.C -> /gpfs/mnt/gpfs01/star/pwg/xiatong/git/strangeness/./check_S.C
lrwxrwxrwx 1 maxwoo rhstar   65 Jun  2 11:26 Check_Sness.C -> /gpfs/mnt/gpfs01/star/pwg/xiatong/git/strangeness/./Check_Sness.C
drwxr-xr-x 2 maxwoo rhstar 4096 Jun  2 11:31 INPUTFILES
drwxr-xr-x 2 maxwoo rhstar 4096 Jun  2 11:26 lib
  *******************************************
  *                                         *
  *        W E L C O M E  to  R O O T       *
  *                                         *
  *   Version   5.34/38     12 March 2018   *
  *                                         *
  *  You are welcome to visit our Web site  *
  *          http://root.cern.ch            *
  *                                         *
  *******************************************

ROOT 5.34/38 (v5-34-38@v5-34-38, Mar 12 2018, 15:49:39 on linux)

CINT/ROOT C/C++ Interpreter version 5.18.00, July 2, 2010
Type ? for help. Commands must be C++ statements.
Enclose multiple statements between { }.
*** Float Point Exception is OFF ***
 *** Start at Date : Thu Jun  2 11:31:33 2022
QAInfo:You are using STAR_LEVEL : dev, ROOT_LEVEL : 5.34.38 and node : rcas2008.rcf.bnl.gov 

Processing check_S.C++("/tmp/maxwoo/21EF1A6A9139C9FD2A38E59AFB466F9A_750/INPUTFILES/21EF1A6A9139C9FD2A38E59AFB466F9A_750.local.list","21EF1A6A9139C9FD2A38E59AFB466F9A_750",1)...
/tmp/maxwoo/21EF1A6A9139C9FD2A38E59AFB466F9A_750/INPUTFILES/data_288364391.root 
/tmp/maxwoo/21EF1A6A9139C9FD2A38E59AFB466F9A_750/INPUTFILES/data_288364401.root 
/tmp/maxwoo/21EF1A6A9139C9FD2A38E59AFB466F9A_750/INPUTFILES/data_288364411.root 
/tmp/maxwoo/21EF1A6A9139C9FD2A38E59AFB466F9A_750/INPUTFILES/data_288364421.root 
/tmp/maxwoo/21EF1A6A9139C9FD2A38E59AFB466F9A_750/INPUTFILES/data_288376551.root 
/tmp/maxwoo/21EF1A6A9139C9FD2A38E59AFB466F9A_750/INPUTFILES/data_288391811.root 
/tmp/maxwoo/21EF1A6A9139C9FD2A38E59AFB466F9A_750/INPUTFILES/data_288391821.root 
/tmp/maxwoo/21EF1A6A9139C9FD2A38E59AFB466F9A_750/INPUTFILES/data_288391831.root 
/tmp/maxwoo/21EF1A6A9139C9FD2A38E59AFB466F9A_750/INPUTFILES/data_288391841.root 
/tmp/maxwoo/21EF1A6A9139C9FD2A38E59AFB466F9A_750/INPUTFILES/data_288391851.root 
/tmp/maxwoo/21EF1A6A9139C9FD2A38E59AFB466F9A_750/INPUTFILES/data_288391861.root 
/tmp/maxwoo/21EF1A6A9139C9FD2A38E59AFB466F9A_750/INPUTFILES/data_288391871.root 
/tmp/maxwoo/21EF1A6A9139C9FD2A38E59AFB466F9A_750/INPUTFILES/data_288391881.root 
/tmp/maxwoo/21EF1A6A9139C9FD2A38E59AFB466F9A_750/INPUTFILES/data_288391891.root 
/tmp/maxwoo/21EF1A6A9139C9FD2A38E59AFB466F9A_750/INPUTFILES/data_288391921.root 
/tmp/maxwoo/21EF1A6A9139C9FD2A38E59AFB466F9A_750/INPUTFILES/data_288391951.root 
/tmp/maxwoo/21EF1A6A9139C9FD2A38E59AFB466F9A_750/INPUTFILES/data_288391961.root 
/tmp/maxwoo/21EF1A6A9139C9FD2A38E59AFB466F9A_750/INPUTFILES/data_288391971.root 
/tmp/maxwoo/21EF1A6A9139C9FD2A38E59AFB466F9A_750/INPUTFILES/data_288391991.root 
/tmp/maxwoo/21EF1A6A9139C9FD2A38E59AFB466F9A_750/INPUTFILES/data_288392001.root 
/tmp/maxwoo/21EF1A6A9139C9FD2A38E59AFB466F9A_750/INPUTFILES/data_288392011.root 
/tmp/maxwoo/21EF1A6A9139C9FD2A38E59AFB466F9A_750/INPUTFILES/data_288392021.root 
/tmp/maxwoo/21EF1A6A9139C9FD2A38E59AFB466F9A_750/INPUTFILES/data_288392031.root 
/tmp/maxwoo/21EF1A6A9139C9FD2A38E59AFB466F9A_750/INPUTFILES/data_288392041.root 
/tmp/maxwoo/21EF1A6A9139C9FD2A38E59AFB466F9A_750/INPUTFILES/data_288392051.root 
/tmp/maxwoo/21EF1A6A9139C9FD2A38E59AFB466F9A_750/INPUTFILES/data_288392091.root 
/tmp/maxwoo/21EF1A6A9139C9FD2A38E59AFB466F9A_750/INPUTFILES/data_288392111.root 
/tmp/maxwoo/21EF1A6A9139C9FD2A38E59AFB466F9A_750/INPUTFILES/data_288392151.root 
/tmp/maxwoo/21EF1A6A9139C9FD2A38E59AFB466F9A_750/INPUTFILES/data_288392571.root 
/tmp/maxwoo/21EF1A6A9139C9FD2A38E59AFB466F9A_750/INPUTFILES/data_288392621.root 
/tmp/maxwoo/21EF1A6A9139C9FD2A38E59AFB466F9A_750/INPUTFILES/data_288411681.root 
/tmp/maxwoo/21EF1A6A9139C9FD2A38E59AFB466F9A_750/INPUTFILES/data_288411691.root 
/tmp/maxwoo/21EF1A6A9139C9FD2A38E59AFB466F9A_750/INPUTFILES/data_288411711.root 
/tmp/maxwoo/21EF1A6A9139C9FD2A38E59AFB466F9A_750/INPUTFILES/data_288419141.root 
/tmp/maxwoo/21EF1A6A9139C9FD2A38E59AFB466F9A_750/INPUTFILES/data_288464351.root 
/tmp/maxwoo/21EF1A6A9139C9FD2A38E59AFB466F9A_750/INPUTFILES/data_288464361.root 
/tmp/maxwoo/21EF1A6A9139C9FD2A38E59AFB466F9A_750/INPUTFILES/data_288464381.root 
Added 37 files
# entries in chain: 37000
Processing entry == 1000 == out of 37000.
Processing entry == 2000 == out of 37000.
Processing entry == 3000 == out of 37000.
Processing entry == 4000 == out of 37000.
Processing entry == 5000 == out of 37000.
Processing entry == 6000 == out of 37000.
Processing entry == 7000 == out of 37000.
Processing entry == 8000 == out of 37000.
Processing entry == 9000 == out of 37000.
Processing entry == 10000 == out of 37000.
Processing entry == 11000 == out of 37000.
Processing entry == 12000 == out of 37000.
Processing entry == 13000 == out of 37000.
Processing entry == 14000 == out of 37000.
Processing entry == 15000 == out of 37000.
Processing entry == 16000 == out of 37000.
Processing entry == 17000 == out of 37000.
Processing entry == 18000 == out of 37000.
Processing entry == 19000 == out of 37000.
Processing entry == 20000 == out of 37000.
Processing entry == 21000 == out of 37000.
Processing entry == 22000 == out of 37000.
Processing entry == 23000 == out of 37000.
Processing entry == 24000 == out of 37000.
Processing entry == 25000 == out of 37000.
Processing entry == 26000 == out of 37000.
Processing entry == 27000 == out of 37000.
Processing entry == 28000 == out of 37000.
Processing entry == 29000 == out of 37000.
Processing entry == 30000 == out of 37000.
Processing entry == 31000 == out of 37000.
Processing entry == 32000 == out of 37000.
Processing entry == 33000 == out of 37000.
Processing entry == 34000 == out of 37000.
Processing entry == 35000 == out of 37000.
Processing entry == 36000 == out of 37000.
Processing entry == 37000 == out of 37000.

This is the end of ROOT -- Goodbye

Cleaning up sandbox file:  /tmp/maxwoo/21EF1A6A9139C9FD2A38E59AFB466F9A_750/check_S.C
Cleaning up sandbox file:  /tmp/maxwoo/21EF1A6A9139C9FD2A38E59AFB466F9A_750/Check_Sness.C
Cleaning up sandbox file:  /tmp/maxwoo/21EF1A6A9139C9FD2A38E59AFB466F9A_750/lib
Cleaning up sandbox file:  /tmp/maxwoo/21EF1A6A9139C9FD2A38E59AFB466F9A_750/.sandboxFiles
Starting copy block
Running copy command:  /bin/cp -fp /tmp/maxwoo/21EF1A6A9139C9FD2A38E59AFB466F9A_750/out_21EF1A6A9139C9FD2A38E59AFB466F9A_750.root /star/data01/pwg/xiatong/git/strangeness/data/
37886 Execution of (/star/data01/pwg/xiatong/git/strangeness/script/sched21EF1A6A9139C9FD2A38E59AFB466F9A_750.csh ) has ended, exiting normally
37886 We END on [Thu Jun  2 11:48:01 EDT 2022]
