We are starting on node: rcas2768.rcf.bnl.gov
HOME is not defined
Using getent method
HOME is now /star/u/maxwoo
47382 We will spawn ourselves (/star/data01/pwg/xiatong/git/strangeness/script/sched21EF1A6A9139C9FD2A38E59AFB466F9A_471.csh )
47382 We BEGIN on [Thu Jun  2 11:30:02 EDT 2022]
[1] 47626
47382 We are waiting for 47626 
47382 Grandchild PID is 47845 - found in 10 x 1 seconds
47382 Establishing first watcher   on    Thu Jun  2 11:30:13 EDT 2022
47382 Process tree is 47382 (main) -> 47626 (child) -> 47845 (grandchild)
F S   UID   PID  PPID  C PRI  NI ADDR SZ WCHAN  TTY        TIME CMD
0 D 100667 47845 47626  0 80   0 - 32311 cxiWai ?          0:00 cp /star/data01/pwg/xiatong/AMPT/14GeV/data_204349311.root /tmp/maxwoo/21EF1A6A9139C9FD2A38E59AFB466F9A_471/INPUTFILES/data_204349311.root
47382 Grandchild PID is 49471 - found in 30 x 2 seconds
47382 Grandchild to watch has changed on Thu Jun  2 11:30:54 EDT 2022
47382 Process tree is 47382 (main) -> 47626 (child) -> 49471 (grandchild)
F S   UID   PID  PPID  C PRI  NI ADDR SZ WCHAN  TTY        TIME CMD
0 D 100667 49471 47626  0 80   0 - 32311 cxiWai ?          0:00 cp /star/data01/pwg/xiatong/AMPT/14GeV/data_204423491.root /tmp/maxwoo/21EF1A6A9139C9FD2A38E59AFB466F9A_471/INPUTFILES/data_204423491.root
47382 Grandchild PID is 50463 - found in 40 x 2 seconds
47382 Grandchild to watch has changed on Thu Jun  2 11:31:15 EDT 2022
47382 Process tree is 47382 (main) -> 47626 (child) -> 50463 (grandchild)
F S   UID   PID  PPID  C PRI  NI ADDR SZ WCHAN  TTY        TIME CMD
0 D 100667 50463 47626  0 80   0 - 32311 cxiWai ?          0:00 cp /star/data01/pwg/xiatong/AMPT/14GeV/data_204749301.root /tmp/maxwoo/21EF1A6A9139C9FD2A38E59AFB466F9A_471/INPUTFILES/data_204749301.root
47382 Grandchild PID is 52431 - found in 60 x 2 seconds
47382 Grandchild to watch has changed on Thu Jun  2 11:31:56 EDT 2022
47382 Process tree is 47382 (main) -> 47626 (child) -> 52431 (grandchild)
F S   UID   PID  PPID  C PRI  NI ADDR SZ WCHAN  TTY        TIME CMD
0 D 100667 52431 47626  0 80   0 - 32311 cxiWai ?          0:00 cp /star/data01/pwg/xiatong/AMPT/14GeV/data_204949291.root /tmp/maxwoo/21EF1A6A9139C9FD2A38E59AFB466F9A_471/INPUTFILES/data_204949291.root
47382 Grandchild PID is 53020 - found in 70 x 2 seconds
47382 Grandchild to watch has changed on Thu Jun  2 11:32:17 EDT 2022
47382 Process tree is 47382 (main) -> 47626 (child) -> 53020 (grandchild)
F S   UID   PID  PPID  C PRI  NI ADDR SZ WCHAN  TTY        TIME CMD
0 D 100667 53020 47626  0 80   0 - 32311 cxiWai ?          0:00 cp /star/data01/pwg/xiatong/AMPT/14GeV/data_205023471.root /tmp/maxwoo/21EF1A6A9139C9FD2A38E59AFB466F9A_471/INPUTFILES/data_205023471.root
47382 Grandchild PID is 54943 - found in 90 x 2 seconds
47382 Grandchild to watch has changed on Thu Jun  2 11:32:58 EDT 2022
47382 Process tree is 47382 (main) -> 47626 (child) -> 54943 (grandchild)
F S   UID   PID  PPID  C PRI  NI ADDR SZ WCHAN  TTY        TIME CMD
0 D 100667 54943 47626  0 80   0 - 32311 cxiWai ?          0:00 cp /star/data01/pwg/xiatong/AMPT/14GeV/data_205049261.root /tmp/maxwoo/21EF1A6A9139C9FD2A38E59AFB466F9A_471/INPUTFILES/data_205049261.root
47382 Grandchild PID is 57299 - found in 110 x 2 seconds
47382 Grandchild to watch has changed on Thu Jun  2 11:33:39 EDT 2022
47382 Process tree is 47382 (main) -> 47626 (child) -> 57299 (grandchild)
F S   UID   PID  PPID  C PRI  NI ADDR SZ WCHAN  TTY        TIME CMD
0 D 100667 57299 47626  0 80   0 - 32311 cxiWai ?          0:00 cp /star/data01/pwg/xiatong/AMPT/14GeV/data_205118391.root /tmp/maxwoo/21EF1A6A9139C9FD2A38E59AFB466F9A_471/INPUTFILES/data_205118391.root
47382 Grandchild PID is 57735 - found in 120 x 2 seconds
47382 Grandchild to watch has changed on Thu Jun  2 11:34:00 EDT 2022
47382 Process tree is 47382 (main) -> 47626 (child) -> 57735 (grandchild)
F S   UID   PID  PPID  C PRI  NI ADDR SZ WCHAN  TTY        TIME CMD
0 D 100667 57735 47626  0 80   0 - 32311 cxiWai ?          0:00 cp /star/data01/pwg/xiatong/AMPT/14GeV/data_205122831.root /tmp/maxwoo/21EF1A6A9139C9FD2A38E59AFB466F9A_471/INPUTFILES/data_205122831.root
47382 Grandchild PID is 58988 - found in 130 x 2 seconds
47382 Grandchild to watch has changed on Thu Jun  2 11:34:21 EDT 2022
47382 Process tree is 47382 (main) -> 47626 (child) -> 58988 (grandchild)
F S   UID   PID  PPID  C PRI  NI ADDR SZ WCHAN  TTY        TIME CMD
0 D 100667 58988 47626  0 80   0 - 32311 cxiWai ?          0:00 cp /star/data01/pwg/xiatong/AMPT/14GeV/data_205123521.root /tmp/maxwoo/21EF1A6A9139C9FD2A38E59AFB466F9A_471/INPUTFILES/data_205123521.root
47382 Grandchild PID is 59793 - found in 140 x 2 seconds
47382 Grandchild to watch has changed on Thu Jun  2 11:34:41 EDT 2022
47382 Process tree is 47382 (main) -> 47626 (child) -> 59793 (grandchild)
F S   UID   PID  PPID  C PRI  NI ADDR SZ WCHAN  TTY        TIME CMD
0 D 100667 59793 47626  0 80   0 - 32311 cxiWai ?          0:00 cp /star/data01/pwg/xiatong/AMPT/14GeV/data_205123581.root /tmp/maxwoo/21EF1A6A9139C9FD2A38E59AFB466F9A_471/INPUTFILES/data_205123581.root
47382 Grandchild PID is 60701 - found in 150 x 2 seconds
47382 Grandchild to watch has changed on Thu Jun  2 11:35:02 EDT 2022
47382 Process tree is 47382 (main) -> 47626 (child) -> 60701 (grandchild)
F S   UID   PID  PPID  C PRI  NI ADDR SZ WCHAN  TTY        TIME CMD
0 D 100667 60701 47626  0 80   0 - 32311 cxiWai ?          0:00 cp /star/data01/pwg/xiatong/AMPT/14GeV/data_205174061.root /tmp/maxwoo/21EF1A6A9139C9FD2A38E59AFB466F9A_471/INPUTFILES/data_205174061.root
47382 Grandchild PID is 62136 - found in 170 x 2 seconds
47382 Grandchild to watch has changed on Thu Jun  2 11:35:43 EDT 2022
47382 Process tree is 47382 (main) -> 47626 (child) -> 62136 (grandchild)
F S   UID   PID  PPID  C PRI  NI ADDR SZ WCHAN  TTY        TIME CMD
0 D 100667 62136 47626  0 80   0 - 32311 cxiWai ?          0:00 cp /star/data01/pwg/xiatong/AMPT/14GeV/data_205174191.root /tmp/maxwoo/21EF1A6A9139C9FD2A38E59AFB466F9A_471/INPUTFILES/data_205174191.root
47382 Grandchild PID is 63545 - found in 180 x 2 seconds
47382 Grandchild to watch has changed on Thu Jun  2 11:36:04 EDT 2022
47382 Process tree is 47382 (main) -> 47626 (child) -> 63545 (grandchild)
F S   UID   PID  PPID  C PRI  NI ADDR SZ WCHAN  TTY        TIME CMD
0 D 100667 63545 47626  0 80   0 - 32311 cxiWai ?          0:00 cp /star/data01/pwg/xiatong/AMPT/14GeV/data_205174271.root /tmp/maxwoo/21EF1A6A9139C9FD2A38E59AFB466F9A_471/INPUTFILES/data_205174271.root
47382 Grandchild PID is 65383 - found in 200 x 2 seconds
47382 Grandchild to watch has changed on Thu Jun  2 11:36:45 EDT 2022
47382 Process tree is 47382 (main) -> 47626 (child) -> 65383 (grandchild)
F S   UID   PID  PPID  C PRI  NI ADDR SZ WCHAN  TTY        TIME CMD
0 D 100667 65383 47626  0 80   0 - 32311 cxiWai ?          0:00 cp /star/data01/pwg/xiatong/AMPT/14GeV/data_205174331.root /tmp/maxwoo/21EF1A6A9139C9FD2A38E59AFB466F9A_471/INPUTFILES/data_205174331.root
47382 Grandchild PID is 1007 - found in 210 x 2 seconds
47382 Grandchild to watch has changed on Thu Jun  2 11:37:06 EDT 2022
47382 Process tree is 47382 (main) -> 47626 (child) -> 1007 (grandchild)
F S   UID   PID  PPID  C PRI  NI ADDR SZ WCHAN  TTY        TIME CMD
0 D 100667 1007 47626  0  80   0 - 32311 cxiWai ?          0:00 cp /star/data01/pwg/xiatong/AMPT/14GeV/data_205174381.root /tmp/maxwoo/21EF1A6A9139C9FD2A38E59AFB466F9A_471/INPUTFILES/data_205174381.root
47382 Grandchild PID is 2221 - found in 220 x 2 seconds
47382 Grandchild to watch has changed on Thu Jun  2 11:37:27 EDT 2022
47382 Process tree is 47382 (main) -> 47626 (child) -> 2221 (grandchild)
F S   UID   PID  PPID  C PRI  NI ADDR SZ WCHAN  TTY        TIME CMD
0 S 100667 2221 47626  0  80   0 -  1272 do_wai ?          0:00 root -b -q check_S.C++("/tmp/maxwoo/21EF1A6A9139C9FD2A38E59AFB466F9A_471/INPUTFILES/21EF1A6A9139C9FD2A38E59AFB466F9A_471.local.list","21EF1A6A9139C9FD2A38E59AFB466F9A_471",1)
47626 Stepping into the main SUMS wrapper program with []
.... building sandbox
Running: cp /star/data01/pwg/xiatong/AMPT/14GeV/data_204192221.root /tmp/maxwoo/21EF1A6A9139C9FD2A38E59AFB466F9A_471/INPUTFILES/data_204192221.root
Running: cp /star/data01/pwg/xiatong/AMPT/14GeV/data_204223501.root /tmp/maxwoo/21EF1A6A9139C9FD2A38E59AFB466F9A_471/INPUTFILES/data_204223501.root
Running: cp /star/data01/pwg/xiatong/AMPT/14GeV/data_204349311.root /tmp/maxwoo/21EF1A6A9139C9FD2A38E59AFB466F9A_471/INPUTFILES/data_204349311.root
Running: cp /star/data01/pwg/xiatong/AMPT/14GeV/data_204423491.root /tmp/maxwoo/21EF1A6A9139C9FD2A38E59AFB466F9A_471/INPUTFILES/data_204423491.root
Running: cp /star/data01/pwg/xiatong/AMPT/14GeV/data_204672791.root /tmp/maxwoo/21EF1A6A9139C9FD2A38E59AFB466F9A_471/INPUTFILES/data_204672791.root
Running: cp /star/data01/pwg/xiatong/AMPT/14GeV/data_204723481.root /tmp/maxwoo/21EF1A6A9139C9FD2A38E59AFB466F9A_471/INPUTFILES/data_204723481.root
Running: cp /star/data01/pwg/xiatong/AMPT/14GeV/data_204749301.root /tmp/maxwoo/21EF1A6A9139C9FD2A38E59AFB466F9A_471/INPUTFILES/data_204749301.root
Running: cp /star/data01/pwg/xiatong/AMPT/14GeV/data_204849281.root /tmp/maxwoo/21EF1A6A9139C9FD2A38E59AFB466F9A_471/INPUTFILES/data_204849281.root
Running: cp /star/data01/pwg/xiatong/AMPT/14GeV/data_204924211.root /tmp/maxwoo/21EF1A6A9139C9FD2A38E59AFB466F9A_471/INPUTFILES/data_204924211.root
Running: cp /star/data01/pwg/xiatong/AMPT/14GeV/data_204949291.root /tmp/maxwoo/21EF1A6A9139C9FD2A38E59AFB466F9A_471/INPUTFILES/data_204949291.root
Running: cp /star/data01/pwg/xiatong/AMPT/14GeV/data_205023471.root /tmp/maxwoo/21EF1A6A9139C9FD2A38E59AFB466F9A_471/INPUTFILES/data_205023471.root
Running: cp /star/data01/pwg/xiatong/AMPT/14GeV/data_205049261.root /tmp/maxwoo/21EF1A6A9139C9FD2A38E59AFB466F9A_471/INPUTFILES/data_205049261.root
Running: cp /star/data01/pwg/xiatong/AMPT/14GeV/data_205049271.root /tmp/maxwoo/21EF1A6A9139C9FD2A38E59AFB466F9A_471/INPUTFILES/data_205049271.root
Running: cp /star/data01/pwg/xiatong/AMPT/14GeV/data_205100821.root /tmp/maxwoo/21EF1A6A9139C9FD2A38E59AFB466F9A_471/INPUTFILES/data_205100821.root
Running: cp /star/data01/pwg/xiatong/AMPT/14GeV/data_205118391.root /tmp/maxwoo/21EF1A6A9139C9FD2A38E59AFB466F9A_471/INPUTFILES/data_205118391.root
Running: cp /star/data01/pwg/xiatong/AMPT/14GeV/data_205118401.root /tmp/maxwoo/21EF1A6A9139C9FD2A38E59AFB466F9A_471/INPUTFILES/data_205118401.root
Running: cp /star/data01/pwg/xiatong/AMPT/14GeV/data_205122831.root /tmp/maxwoo/21EF1A6A9139C9FD2A38E59AFB466F9A_471/INPUTFILES/data_205122831.root
Running: cp /star/data01/pwg/xiatong/AMPT/14GeV/data_205123511.root /tmp/maxwoo/21EF1A6A9139C9FD2A38E59AFB466F9A_471/INPUTFILES/data_205123511.root
Running: cp /star/data01/pwg/xiatong/AMPT/14GeV/data_205123521.root /tmp/maxwoo/21EF1A6A9139C9FD2A38E59AFB466F9A_471/INPUTFILES/data_205123521.root
Running: cp /star/data01/pwg/xiatong/AMPT/14GeV/data_205123531.root /tmp/maxwoo/21EF1A6A9139C9FD2A38E59AFB466F9A_471/INPUTFILES/data_205123531.root
Running: cp /star/data01/pwg/xiatong/AMPT/14GeV/data_205123581.root /tmp/maxwoo/21EF1A6A9139C9FD2A38E59AFB466F9A_471/INPUTFILES/data_205123581.root
Running: cp /star/data01/pwg/xiatong/AMPT/14GeV/data_205123591.root /tmp/maxwoo/21EF1A6A9139C9FD2A38E59AFB466F9A_471/INPUTFILES/data_205123591.root
Running: cp /star/data01/pwg/xiatong/AMPT/14GeV/data_205131351.root /tmp/maxwoo/21EF1A6A9139C9FD2A38E59AFB466F9A_471/INPUTFILES/data_205131351.root
Running: cp /star/data01/pwg/xiatong/AMPT/14GeV/data_205132611.root /tmp/maxwoo/21EF1A6A9139C9FD2A38E59AFB466F9A_471/INPUTFILES/data_205132611.root
Running: cp /star/data01/pwg/xiatong/AMPT/14GeV/data_205134101.root /tmp/maxwoo/21EF1A6A9139C9FD2A38E59AFB466F9A_471/INPUTFILES/data_205134101.root
Running: cp /star/data01/pwg/xiatong/AMPT/14GeV/data_205134121.root /tmp/maxwoo/21EF1A6A9139C9FD2A38E59AFB466F9A_471/INPUTFILES/data_205134121.root
Running: cp /star/data01/pwg/xiatong/AMPT/14GeV/data_205171321.root /tmp/maxwoo/21EF1A6A9139C9FD2A38E59AFB466F9A_471/INPUTFILES/data_205171321.root
Running: cp /star/data01/pwg/xiatong/AMPT/14GeV/data_205173111.root /tmp/maxwoo/21EF1A6A9139C9FD2A38E59AFB466F9A_471/INPUTFILES/data_205173111.root
Running: cp /star/data01/pwg/xiatong/AMPT/14GeV/data_205174051.root /tmp/maxwoo/21EF1A6A9139C9FD2A38E59AFB466F9A_471/INPUTFILES/data_205174051.root
Running: cp /star/data01/pwg/xiatong/AMPT/14GeV/data_205174061.root /tmp/maxwoo/21EF1A6A9139C9FD2A38E59AFB466F9A_471/INPUTFILES/data_205174061.root
Running: cp /star/data01/pwg/xiatong/AMPT/14GeV/data_205174191.root /tmp/maxwoo/21EF1A6A9139C9FD2A38E59AFB466F9A_471/INPUTFILES/data_205174191.root
Running: cp /star/data01/pwg/xiatong/AMPT/14GeV/data_205174271.root /tmp/maxwoo/21EF1A6A9139C9FD2A38E59AFB466F9A_471/INPUTFILES/data_205174271.root
Running: cp /star/data01/pwg/xiatong/AMPT/14GeV/data_205174291.root /tmp/maxwoo/21EF1A6A9139C9FD2A38E59AFB466F9A_471/INPUTFILES/data_205174291.root
Running: cp /star/data01/pwg/xiatong/AMPT/14GeV/data_205174331.root /tmp/maxwoo/21EF1A6A9139C9FD2A38E59AFB466F9A_471/INPUTFILES/data_205174331.root
Running: cp /star/data01/pwg/xiatong/AMPT/14GeV/data_205174361.root /tmp/maxwoo/21EF1A6A9139C9FD2A38E59AFB466F9A_471/INPUTFILES/data_205174361.root
Running: cp /star/data01/pwg/xiatong/AMPT/14GeV/data_205174371.root /tmp/maxwoo/21EF1A6A9139C9FD2A38E59AFB466F9A_471/INPUTFILES/data_205174371.root
Running: cp /star/data01/pwg/xiatong/AMPT/14GeV/data_205174381.root /tmp/maxwoo/21EF1A6A9139C9FD2A38E59AFB466F9A_471/INPUTFILES/data_205174381.root
Swapping $FILELIST with: /tmp/maxwoo/21EF1A6A9139C9FD2A38E59AFB466F9A_471/INPUTFILES/21EF1A6A9139C9FD2A38E59AFB466F9A_471.local.list
+++++++++++local copy debug++++++++++++++++++++
newFileList: /tmp/maxwoo/21EF1A6A9139C9FD2A38E59AFB466F9A_471/INPUTFILES/21EF1A6A9139C9FD2A38E59AFB466F9A_471.local.list
++++++++++++++++cat FILELIST+++++++++++++++++++
/tmp/maxwoo/21EF1A6A9139C9FD2A38E59AFB466F9A_471/INPUTFILES/data_204192221.root 
/tmp/maxwoo/21EF1A6A9139C9FD2A38E59AFB466F9A_471/INPUTFILES/data_204223501.root 
/tmp/maxwoo/21EF1A6A9139C9FD2A38E59AFB466F9A_471/INPUTFILES/data_204349311.root 
/tmp/maxwoo/21EF1A6A9139C9FD2A38E59AFB466F9A_471/INPUTFILES/data_204423491.root 
/tmp/maxwoo/21EF1A6A9139C9FD2A38E59AFB466F9A_471/INPUTFILES/data_204672791.root 
/tmp/maxwoo/21EF1A6A9139C9FD2A38E59AFB466F9A_471/INPUTFILES/data_204723481.root 
/tmp/maxwoo/21EF1A6A9139C9FD2A38E59AFB466F9A_471/INPUTFILES/data_204749301.root 
/tmp/maxwoo/21EF1A6A9139C9FD2A38E59AFB466F9A_471/INPUTFILES/data_204849281.root 
/tmp/maxwoo/21EF1A6A9139C9FD2A38E59AFB466F9A_471/INPUTFILES/data_204924211.root 
/tmp/maxwoo/21EF1A6A9139C9FD2A38E59AFB466F9A_471/INPUTFILES/data_204949291.root 
/tmp/maxwoo/21EF1A6A9139C9FD2A38E59AFB466F9A_471/INPUTFILES/data_205023471.root 
/tmp/maxwoo/21EF1A6A9139C9FD2A38E59AFB466F9A_471/INPUTFILES/data_205049261.root 
/tmp/maxwoo/21EF1A6A9139C9FD2A38E59AFB466F9A_471/INPUTFILES/data_205049271.root 
/tmp/maxwoo/21EF1A6A9139C9FD2A38E59AFB466F9A_471/INPUTFILES/data_205100821.root 
/tmp/maxwoo/21EF1A6A9139C9FD2A38E59AFB466F9A_471/INPUTFILES/data_205118391.root 
/tmp/maxwoo/21EF1A6A9139C9FD2A38E59AFB466F9A_471/INPUTFILES/data_205118401.root 
/tmp/maxwoo/21EF1A6A9139C9FD2A38E59AFB466F9A_471/INPUTFILES/data_205122831.root 
/tmp/maxwoo/21EF1A6A9139C9FD2A38E59AFB466F9A_471/INPUTFILES/data_205123511.root 
/tmp/maxwoo/21EF1A6A9139C9FD2A38E59AFB466F9A_471/INPUTFILES/data_205123521.root 
/tmp/maxwoo/21EF1A6A9139C9FD2A38E59AFB466F9A_471/INPUTFILES/data_205123531.root 
/tmp/maxwoo/21EF1A6A9139C9FD2A38E59AFB466F9A_471/INPUTFILES/data_205123581.root 
/tmp/maxwoo/21EF1A6A9139C9FD2A38E59AFB466F9A_471/INPUTFILES/data_205123591.root 
/tmp/maxwoo/21EF1A6A9139C9FD2A38E59AFB466F9A_471/INPUTFILES/data_205131351.root 
/tmp/maxwoo/21EF1A6A9139C9FD2A38E59AFB466F9A_471/INPUTFILES/data_205132611.root 
/tmp/maxwoo/21EF1A6A9139C9FD2A38E59AFB466F9A_471/INPUTFILES/data_205134101.root 
/tmp/maxwoo/21EF1A6A9139C9FD2A38E59AFB466F9A_471/INPUTFILES/data_205134121.root 
/tmp/maxwoo/21EF1A6A9139C9FD2A38E59AFB466F9A_471/INPUTFILES/data_205171321.root 
/tmp/maxwoo/21EF1A6A9139C9FD2A38E59AFB466F9A_471/INPUTFILES/data_205173111.root 
/tmp/maxwoo/21EF1A6A9139C9FD2A38E59AFB466F9A_471/INPUTFILES/data_205174051.root 
/tmp/maxwoo/21EF1A6A9139C9FD2A38E59AFB466F9A_471/INPUTFILES/data_205174061.root 
/tmp/maxwoo/21EF1A6A9139C9FD2A38E59AFB466F9A_471/INPUTFILES/data_205174191.root 
/tmp/maxwoo/21EF1A6A9139C9FD2A38E59AFB466F9A_471/INPUTFILES/data_205174271.root 
/tmp/maxwoo/21EF1A6A9139C9FD2A38E59AFB466F9A_471/INPUTFILES/data_205174291.root 
/tmp/maxwoo/21EF1A6A9139C9FD2A38E59AFB466F9A_471/INPUTFILES/data_205174331.root 
/tmp/maxwoo/21EF1A6A9139C9FD2A38E59AFB466F9A_471/INPUTFILES/data_205174361.root 
/tmp/maxwoo/21EF1A6A9139C9FD2A38E59AFB466F9A_471/INPUTFILES/data_205174371.root 
/tmp/maxwoo/21EF1A6A9139C9FD2A38E59AFB466F9A_471/INPUTFILES/data_205174381.root 
++++++++++++++++++++find.++++++++++++++++++++++
.
./.output.log
./lib
./lib/MixedBuffer_cpp.so
./lib/NpartNormalizer.h
./lib/my_event_cpp.so
./lib/my_particle.cpp
./lib/MixedBuffer.h
./lib/NpartNormalizer_cpp.d
./lib/my_event_cpp_ACLiC_dict_rdict.pcm
./lib/MixedBuffer_cpp.d
./lib/my_event_cpp.d
./lib/CenMaker_cpp_ACLiC_dict_rdict.pcm
./lib/my_event.cpp
./lib/CenMaker.h
./lib/CenMaker_cpp.so
./lib/NpartNormalizer_cpp_ACLiC_dict_rdict.pcm
./lib/NpartNormalizer_cpp.so
./lib/my_particle_cpp_ACLiC_dict_rdict.pcm
./lib/CenMaker_cpp.d
./lib/CenMaker.cpp
./lib/MixedBuffer_cpp_ACLiC_dict_rdict.pcm
./lib/my_particle_cpp.d
./lib/my_event.h
./lib/NpartNormalizer.cpp
./lib/my_particle_cpp.so
./lib/my_particle.h
./lib/MixedBuffer.cpp
./Check_Sness.C
./INPUTFILES
./INPUTFILES/data_205122831.root
./INPUTFILES/data_204423491.root
./INPUTFILES/data_205123581.root
./INPUTFILES/data_205174061.root
./INPUTFILES/data_205131351.root
./INPUTFILES/data_205118391.root
./INPUTFILES/data_204849281.root
./INPUTFILES/data_204192221.root
./INPUTFILES/data_205123521.root
./INPUTFILES/data_205174361.root
./INPUTFILES/data_205118401.root
./INPUTFILES/data_204949291.root
./INPUTFILES/data_205134121.root
./INPUTFILES/data_205049261.root
./INPUTFILES/data_205123511.root
./INPUTFILES/data_204349311.root
./INPUTFILES/data_204924211.root
./INPUTFILES/data_205174381.root
./INPUTFILES/data_205023471.root
./INPUTFILES/data_204223501.root
./INPUTFILES/data_205174331.root
./INPUTFILES/data_205100821.root
./INPUTFILES/data_204672791.root
./INPUTFILES/data_205174291.root
./INPUTFILES/data_205123591.root
./INPUTFILES/data_204749301.root
./INPUTFILES/21EF1A6A9139C9FD2A38E59AFB466F9A_471.local.list
./INPUTFILES/data_204723481.root
./INPUTFILES/data_205049271.root
./INPUTFILES/data_205174051.root
./INPUTFILES/data_205174371.root
./INPUTFILES/data_205174271.root
./INPUTFILES/data_205174191.root
./INPUTFILES/data_205134101.root
./INPUTFILES/data_205171321.root
./INPUTFILES/data_205123531.root
./INPUTFILES/data_205173111.root
./INPUTFILES/data_205132611.root
./.sandboxFiles
./check_S.C
./.errror.log
++++++++++++++++INPUTFILE Var++++++++++++++++++
FILELIST=/tmp/maxwoo/21EF1A6A9139C9FD2A38E59AFB466F9A_471/INPUTFILES/21EF1A6A9139C9FD2A38E59AFB466F9A_471.local.list
INPUTFILECOUNT=37
INPUTFILE0=/tmp/maxwoo/21EF1A6A9139C9FD2A38E59AFB466F9A_471/INPUTFILES/data_204192221.root
INPUTFILE1=/tmp/maxwoo/21EF1A6A9139C9FD2A38E59AFB466F9A_471/INPUTFILES/data_204223501.root
INPUTFILE2=/tmp/maxwoo/21EF1A6A9139C9FD2A38E59AFB466F9A_471/INPUTFILES/data_204349311.root
INPUTFILE3=/tmp/maxwoo/21EF1A6A9139C9FD2A38E59AFB466F9A_471/INPUTFILES/data_204423491.root
INPUTFILE4=/tmp/maxwoo/21EF1A6A9139C9FD2A38E59AFB466F9A_471/INPUTFILES/data_204672791.root
INPUTFILE5=/tmp/maxwoo/21EF1A6A9139C9FD2A38E59AFB466F9A_471/INPUTFILES/data_204723481.root
INPUTFILE6=/tmp/maxwoo/21EF1A6A9139C9FD2A38E59AFB466F9A_471/INPUTFILES/data_204749301.root
INPUTFILE7=/tmp/maxwoo/21EF1A6A9139C9FD2A38E59AFB466F9A_471/INPUTFILES/data_204849281.root
INPUTFILE8=/tmp/maxwoo/21EF1A6A9139C9FD2A38E59AFB466F9A_471/INPUTFILES/data_204924211.root
INPUTFILE9=/tmp/maxwoo/21EF1A6A9139C9FD2A38E59AFB466F9A_471/INPUTFILES/data_204949291.root
INPUTFILE10=/tmp/maxwoo/21EF1A6A9139C9FD2A38E59AFB466F9A_471/INPUTFILES/data_205023471.root
INPUTFILE11=/tmp/maxwoo/21EF1A6A9139C9FD2A38E59AFB466F9A_471/INPUTFILES/data_205049261.root
INPUTFILE12=/tmp/maxwoo/21EF1A6A9139C9FD2A38E59AFB466F9A_471/INPUTFILES/data_205049271.root
INPUTFILE13=/tmp/maxwoo/21EF1A6A9139C9FD2A38E59AFB466F9A_471/INPUTFILES/data_205100821.root
INPUTFILE14=/tmp/maxwoo/21EF1A6A9139C9FD2A38E59AFB466F9A_471/INPUTFILES/data_205118391.root
INPUTFILE15=/tmp/maxwoo/21EF1A6A9139C9FD2A38E59AFB466F9A_471/INPUTFILES/data_205118401.root
INPUTFILE16=/tmp/maxwoo/21EF1A6A9139C9FD2A38E59AFB466F9A_471/INPUTFILES/data_205122831.root
INPUTFILE17=/tmp/maxwoo/21EF1A6A9139C9FD2A38E59AFB466F9A_471/INPUTFILES/data_205123511.root
INPUTFILE18=/tmp/maxwoo/21EF1A6A9139C9FD2A38E59AFB466F9A_471/INPUTFILES/data_205123521.root
INPUTFILE19=/tmp/maxwoo/21EF1A6A9139C9FD2A38E59AFB466F9A_471/INPUTFILES/data_205123531.root
INPUTFILE20=/tmp/maxwoo/21EF1A6A9139C9FD2A38E59AFB466F9A_471/INPUTFILES/data_205123581.root
INPUTFILE21=/tmp/maxwoo/21EF1A6A9139C9FD2A38E59AFB466F9A_471/INPUTFILES/data_205123591.root
INPUTFILE22=/tmp/maxwoo/21EF1A6A9139C9FD2A38E59AFB466F9A_471/INPUTFILES/data_205131351.root
INPUTFILE23=/tmp/maxwoo/21EF1A6A9139C9FD2A38E59AFB466F9A_471/INPUTFILES/data_205132611.root
INPUTFILE24=/tmp/maxwoo/21EF1A6A9139C9FD2A38E59AFB466F9A_471/INPUTFILES/data_205134101.root
INPUTFILE25=/tmp/maxwoo/21EF1A6A9139C9FD2A38E59AFB466F9A_471/INPUTFILES/data_205134121.root
INPUTFILE26=/tmp/maxwoo/21EF1A6A9139C9FD2A38E59AFB466F9A_471/INPUTFILES/data_205171321.root
INPUTFILE27=/tmp/maxwoo/21EF1A6A9139C9FD2A38E59AFB466F9A_471/INPUTFILES/data_205173111.root
INPUTFILE28=/tmp/maxwoo/21EF1A6A9139C9FD2A38E59AFB466F9A_471/INPUTFILES/data_205174051.root
INPUTFILE29=/tmp/maxwoo/21EF1A6A9139C9FD2A38E59AFB466F9A_471/INPUTFILES/data_205174061.root
INPUTFILE30=/tmp/maxwoo/21EF1A6A9139C9FD2A38E59AFB466F9A_471/INPUTFILES/data_205174191.root
INPUTFILE31=/tmp/maxwoo/21EF1A6A9139C9FD2A38E59AFB466F9A_471/INPUTFILES/data_205174271.root
INPUTFILE32=/tmp/maxwoo/21EF1A6A9139C9FD2A38E59AFB466F9A_471/INPUTFILES/data_205174291.root
INPUTFILE33=/tmp/maxwoo/21EF1A6A9139C9FD2A38E59AFB466F9A_471/INPUTFILES/data_205174331.root
INPUTFILE34=/tmp/maxwoo/21EF1A6A9139C9FD2A38E59AFB466F9A_471/INPUTFILES/data_205174361.root
INPUTFILE35=/tmp/maxwoo/21EF1A6A9139C9FD2A38E59AFB466F9A_471/INPUTFILES/data_205174371.root
INPUTFILE36=/tmp/maxwoo/21EF1A6A9139C9FD2A38E59AFB466F9A_471/INPUTFILES/data_205174381.root
LocalInputFileDir=/tmp/maxwoo/21EF1A6A9139C9FD2A38E59AFB466F9A_471/INPUTFILES
NewFILELIST=/tmp/maxwoo/21EF1A6A9139C9FD2A38E59AFB466F9A_471/INPUTFILES/21EF1A6A9139C9FD2A38E59AFB466F9A_471.local.list
+++++++++++++++++++++++++++++++++++++++++++++++
--------------------------------
Simple Unified Meta Scheduler 1.10.50 we are starting in $SCRATCH : /home/tmp/maxwoo/21EF1A6A9139C9FD2A38E59AFB466F9A_471
--------------------------------
total 16
lrwxrwxrwx 1 maxwoo rhstar   61 Jun  2 11:30 check_S.C -> /gpfs/mnt/gpfs01/star/pwg/xiatong/git/strangeness/./check_S.C
lrwxrwxrwx 1 maxwoo rhstar   65 Jun  2 11:30 Check_Sness.C -> /gpfs/mnt/gpfs01/star/pwg/xiatong/git/strangeness/./Check_Sness.C
drwxr-xr-x 2 maxwoo rhstar 4096 Jun  2 11:36 INPUTFILES
drwxr-xr-x 2 maxwoo rhstar 4096 Jun  2 11:30 lib
  *******************************************
  *                                         *
  *        W E L C O M E  to  R O O T       *
  *                                         *
  *   Version   5.34/38     12 March 2018   *
  *                                         *
  *  You are welcome to visit our Web site  *
  *          http://root.cern.ch            *
  *                                         *
  *******************************************

ROOT 5.34/38 (v5-34-38@v5-34-38, Mar 12 2018, 15:49:39 on linux)

CINT/ROOT C/C++ Interpreter version 5.18.00, July 2, 2010
Type ? for help. Commands must be C++ statements.
Enclose multiple statements between { }.
*** Float Point Exception is OFF ***
 *** Start at Date : Thu Jun  2 11:37:22 2022
QAInfo:You are using STAR_LEVEL : dev, ROOT_LEVEL : 5.34.38 and node : rcas2768.rcf.bnl.gov 

Processing check_S.C++("/tmp/maxwoo/21EF1A6A9139C9FD2A38E59AFB466F9A_471/INPUTFILES/21EF1A6A9139C9FD2A38E59AFB466F9A_471.local.list","21EF1A6A9139C9FD2A38E59AFB466F9A_471",1)...
/tmp/maxwoo/21EF1A6A9139C9FD2A38E59AFB466F9A_471/INPUTFILES/data_204192221.root 
/tmp/maxwoo/21EF1A6A9139C9FD2A38E59AFB466F9A_471/INPUTFILES/data_204223501.root 
/tmp/maxwoo/21EF1A6A9139C9FD2A38E59AFB466F9A_471/INPUTFILES/data_204349311.root 
/tmp/maxwoo/21EF1A6A9139C9FD2A38E59AFB466F9A_471/INPUTFILES/data_204423491.root 
/tmp/maxwoo/21EF1A6A9139C9FD2A38E59AFB466F9A_471/INPUTFILES/data_204672791.root 
/tmp/maxwoo/21EF1A6A9139C9FD2A38E59AFB466F9A_471/INPUTFILES/data_204723481.root 
/tmp/maxwoo/21EF1A6A9139C9FD2A38E59AFB466F9A_471/INPUTFILES/data_204749301.root 
/tmp/maxwoo/21EF1A6A9139C9FD2A38E59AFB466F9A_471/INPUTFILES/data_204849281.root 
/tmp/maxwoo/21EF1A6A9139C9FD2A38E59AFB466F9A_471/INPUTFILES/data_204924211.root 
/tmp/maxwoo/21EF1A6A9139C9FD2A38E59AFB466F9A_471/INPUTFILES/data_204949291.root 
/tmp/maxwoo/21EF1A6A9139C9FD2A38E59AFB466F9A_471/INPUTFILES/data_205023471.root 
/tmp/maxwoo/21EF1A6A9139C9FD2A38E59AFB466F9A_471/INPUTFILES/data_205049261.root 
/tmp/maxwoo/21EF1A6A9139C9FD2A38E59AFB466F9A_471/INPUTFILES/data_205049271.root 
/tmp/maxwoo/21EF1A6A9139C9FD2A38E59AFB466F9A_471/INPUTFILES/data_205100821.root 
/tmp/maxwoo/21EF1A6A9139C9FD2A38E59AFB466F9A_471/INPUTFILES/data_205118391.root 
/tmp/maxwoo/21EF1A6A9139C9FD2A38E59AFB466F9A_471/INPUTFILES/data_205118401.root 
/tmp/maxwoo/21EF1A6A9139C9FD2A38E59AFB466F9A_471/INPUTFILES/data_205122831.root 
/tmp/maxwoo/21EF1A6A9139C9FD2A38E59AFB466F9A_471/INPUTFILES/data_205123511.root 
/tmp/maxwoo/21EF1A6A9139C9FD2A38E59AFB466F9A_471/INPUTFILES/data_205123521.root 
/tmp/maxwoo/21EF1A6A9139C9FD2A38E59AFB466F9A_471/INPUTFILES/data_205123531.root 
/tmp/maxwoo/21EF1A6A9139C9FD2A38E59AFB466F9A_471/INPUTFILES/data_205123581.root 
/tmp/maxwoo/21EF1A6A9139C9FD2A38E59AFB466F9A_471/INPUTFILES/data_205123591.root 
/tmp/maxwoo/21EF1A6A9139C9FD2A38E59AFB466F9A_471/INPUTFILES/data_205131351.root 
/tmp/maxwoo/21EF1A6A9139C9FD2A38E59AFB466F9A_471/INPUTFILES/data_205132611.root 
/tmp/maxwoo/21EF1A6A9139C9FD2A38E59AFB466F9A_471/INPUTFILES/data_205134101.root 
/tmp/maxwoo/21EF1A6A9139C9FD2A38E59AFB466F9A_471/INPUTFILES/data_205134121.root 
/tmp/maxwoo/21EF1A6A9139C9FD2A38E59AFB466F9A_471/INPUTFILES/data_205171321.root 
/tmp/maxwoo/21EF1A6A9139C9FD2A38E59AFB466F9A_471/INPUTFILES/data_205173111.root 
/tmp/maxwoo/21EF1A6A9139C9FD2A38E59AFB466F9A_471/INPUTFILES/data_205174051.root 
/tmp/maxwoo/21EF1A6A9139C9FD2A38E59AFB466F9A_471/INPUTFILES/data_205174061.root 
/tmp/maxwoo/21EF1A6A9139C9FD2A38E59AFB466F9A_471/INPUTFILES/data_205174191.root 
/tmp/maxwoo/21EF1A6A9139C9FD2A38E59AFB466F9A_471/INPUTFILES/data_205174271.root 
/tmp/maxwoo/21EF1A6A9139C9FD2A38E59AFB466F9A_471/INPUTFILES/data_205174291.root 
/tmp/maxwoo/21EF1A6A9139C9FD2A38E59AFB466F9A_471/INPUTFILES/data_205174331.root 
/tmp/maxwoo/21EF1A6A9139C9FD2A38E59AFB466F9A_471/INPUTFILES/data_205174361.root 
/tmp/maxwoo/21EF1A6A9139C9FD2A38E59AFB466F9A_471/INPUTFILES/data_205174371.root 
/tmp/maxwoo/21EF1A6A9139C9FD2A38E59AFB466F9A_471/INPUTFILES/data_205174381.root 
Added 37 files
# entries in chain: 35229
Processing entry == 1000 == out of 35229.
Processing entry == 2000 == out of 35229.
Processing entry == 3000 == out of 35229.
Processing entry == 4000 == out of 35229.
Processing entry == 5000 == out of 35229.
Processing entry == 6000 == out of 35229.
Processing entry == 7000 == out of 35229.
Processing entry == 8000 == out of 35229.
Processing entry == 9000 == out of 35229.
Processing entry == 10000 == out of 35229.
Processing entry == 11000 == out of 35229.
Processing entry == 12000 == out of 35229.
Processing entry == 13000 == out of 35229.
Processing entry == 14000 == out of 35229.
Processing entry == 15000 == out of 35229.
Processing entry == 16000 == out of 35229.
Processing entry == 17000 == out of 35229.
Processing entry == 18000 == out of 35229.
Processing entry == 19000 == out of 35229.
Processing entry == 20000 == out of 35229.
Processing entry == 21000 == out of 35229.
Processing entry == 22000 == out of 35229.
Processing entry == 23000 == out of 35229.
Processing entry == 24000 == out of 35229.
Processing entry == 25000 == out of 35229.
Processing entry == 26000 == out of 35229.
Processing entry == 27000 == out of 35229.
Processing entry == 28000 == out of 35229.
Processing entry == 29000 == out of 35229.
Processing entry == 30000 == out of 35229.
Processing entry == 31000 == out of 35229.
Processing entry == 32000 == out of 35229.
Processing entry == 33000 == out of 35229.
Processing entry == 34000 == out of 35229.
Processing entry == 35000 == out of 35229.

This is the end of ROOT -- Goodbye

Cleaning up sandbox file:  /tmp/maxwoo/21EF1A6A9139C9FD2A38E59AFB466F9A_471/check_S.C
Cleaning up sandbox file:  /tmp/maxwoo/21EF1A6A9139C9FD2A38E59AFB466F9A_471/Check_Sness.C
Cleaning up sandbox file:  /tmp/maxwoo/21EF1A6A9139C9FD2A38E59AFB466F9A_471/lib
Cleaning up sandbox file:  /tmp/maxwoo/21EF1A6A9139C9FD2A38E59AFB466F9A_471/.sandboxFiles
Starting copy block
Running copy command:  /bin/cp -fp /tmp/maxwoo/21EF1A6A9139C9FD2A38E59AFB466F9A_471/out_21EF1A6A9139C9FD2A38E59AFB466F9A_471.root /star/data01/pwg/xiatong/git/strangeness/data/
47382 Execution of (/star/data01/pwg/xiatong/git/strangeness/script/sched21EF1A6A9139C9FD2A38E59AFB466F9A_471.csh ) has ended, exiting normally
47382 We END on [Thu Jun  2 11:57:18 EDT 2022]
