We are starting on node: rcrs6320.rcf.bnl.gov
HOME is not defined
Using getent method
HOME is now /star/u/maxwoo
21842 We will spawn ourselves (/star/data01/pwg/xiatong/git/strangeness/script/sched21EF1A6A9139C9FD2A38E59AFB466F9A_706.csh )
21842 We BEGIN on [Thu Jun  2 11:26:52 EDT 2022]
[1] 22041
21842 We are waiting for 22041 
21842 Grandchild PID is 22287 - found in 10 x 1 seconds
21842 Establishing first watcher   on    Thu Jun  2 11:27:02 EDT 2022
21842 Process tree is 21842 (main) -> 22041 (child) -> 22287 (grandchild)
F S   UID   PID  PPID  C PRI  NI ADDR SZ WCHAN  TTY        TIME CMD
0 D 100667 22287 22041  0 80   0 - 32311 cxiWai ?          0:00 cp /star/data01/pwg/xiatong/AMPT/14GeV/data_281974391.root /tmp/maxwoo/21EF1A6A9139C9FD2A38E59AFB466F9A_706/INPUTFILES/data_281974391.root
21842 Grandchild PID is 22800 - found in 20 x 2 seconds
21842 Grandchild to watch has changed on Thu Jun  2 11:27:23 EDT 2022
21842 Process tree is 21842 (main) -> 22041 (child) -> 22800 (grandchild)
F S   UID   PID  PPID  C PRI  NI ADDR SZ WCHAN  TTY        TIME CMD
0 D 100667 22800 22041  0 80   0 - 32311 cxiWai ?          0:00 cp /star/data01/pwg/xiatong/AMPT/14GeV/data_281975531.root /tmp/maxwoo/21EF1A6A9139C9FD2A38E59AFB466F9A_706/INPUTFILES/data_281975531.root
21842 Grandchild PID is 25279 - found in 30 x 2 seconds
21842 Grandchild to watch has changed on Thu Jun  2 11:27:43 EDT 2022
21842 Process tree is 21842 (main) -> 22041 (child) -> 25279 (grandchild)
F S   UID   PID  PPID  C PRI  NI ADDR SZ WCHAN  TTY        TIME CMD
0 D 100667 25279 22041  0 80   0 - 32311 cxiWai ?          0:00 cp /star/data01/pwg/xiatong/AMPT/14GeV/data_282068461.root /tmp/maxwoo/21EF1A6A9139C9FD2A38E59AFB466F9A_706/INPUTFILES/data_282068461.root
21842 Grandchild PID is 26249 - found in 40 x 2 seconds
21842 Grandchild to watch has changed on Thu Jun  2 11:28:04 EDT 2022
21842 Process tree is 21842 (main) -> 22041 (child) -> 26249 (grandchild)
F S   UID   PID  PPID  C PRI  NI ADDR SZ WCHAN  TTY        TIME CMD
0 D 100667 26249 22041  0 80   0 - 32311 cxiWai ?          0:00 cp /star/data01/pwg/xiatong/AMPT/14GeV/data_282068641.root /tmp/maxwoo/21EF1A6A9139C9FD2A38E59AFB466F9A_706/INPUTFILES/data_282068641.root
21842 Grandchild PID is 26965 - found in 50 x 2 seconds
21842 Grandchild to watch has changed on Thu Jun  2 11:28:27 EDT 2022
21842 Process tree is 21842 (main) -> 22041 (child) -> 26965 (grandchild)
F S   UID   PID  PPID  C PRI  NI ADDR SZ WCHAN  TTY        TIME CMD
0 D 100667 26965 22041  0 80   0 - 32311 cxiWai ?          0:00 cp /star/data01/pwg/xiatong/AMPT/14GeV/data_282068831.root /tmp/maxwoo/21EF1A6A9139C9FD2A38E59AFB466F9A_706/INPUTFILES/data_282068831.root
21842 Grandchild PID is 28152 - found in 70 x 2 seconds
21842 Grandchild to watch has changed on Thu Jun  2 11:29:09 EDT 2022
21842 Process tree is 21842 (main) -> 22041 (child) -> 28152 (grandchild)
F S   UID   PID  PPID  C PRI  NI ADDR SZ WCHAN  TTY        TIME CMD
0 D 100667 28152 22041  0 80   0 - 32311 cxiWai ?          0:00 cp /star/data01/pwg/xiatong/AMPT/14GeV/data_282112731.root /tmp/maxwoo/21EF1A6A9139C9FD2A38E59AFB466F9A_706/INPUTFILES/data_282112731.root
21842 Grandchild PID is 28566 - found in 80 x 2 seconds
21842 Grandchild to watch has changed on Thu Jun  2 11:29:30 EDT 2022
21842 Process tree is 21842 (main) -> 22041 (child) -> 28566 (grandchild)
F S   UID   PID  PPID  C PRI  NI ADDR SZ WCHAN  TTY        TIME CMD
0 D 100667 28566 22041  0 80   0 - 32311 cxiWai ?          0:00 cp /star/data01/pwg/xiatong/AMPT/14GeV/data_282116961.root /tmp/maxwoo/21EF1A6A9139C9FD2A38E59AFB466F9A_706/INPUTFILES/data_282116961.root
21842 Grandchild PID is 29486 - found in 90 x 2 seconds
21842 Grandchild to watch has changed on Thu Jun  2 11:29:50 EDT 2022
21842 Process tree is 21842 (main) -> 22041 (child) -> 29486 (grandchild)
F S   UID   PID  PPID  C PRI  NI ADDR SZ WCHAN  TTY        TIME CMD
0 D 100667 29486 22041  0 80   0 - 32311 cxiWai ?          0:00 cp /star/data01/pwg/xiatong/AMPT/14GeV/data_282168301.root /tmp/maxwoo/21EF1A6A9139C9FD2A38E59AFB466F9A_706/INPUTFILES/data_282168301.root
21842 Grandchild PID is 30645 - found in 100 x 2 seconds
21842 Grandchild to watch has changed on Thu Jun  2 11:30:11 EDT 2022
21842 Process tree is 21842 (main) -> 22041 (child) -> 30645 (grandchild)
F S   UID   PID  PPID  C PRI  NI ADDR SZ WCHAN  TTY        TIME CMD
0 D 100667 30645 22041  0 80   0 - 32311 cxiWai ?          0:00 cp /star/data01/pwg/xiatong/AMPT/14GeV/data_282168601.root /tmp/maxwoo/21EF1A6A9139C9FD2A38E59AFB466F9A_706/INPUTFILES/data_282168601.root
21842 Grandchild PID is 31930 - found in 110 x 2 seconds
21842 Grandchild to watch has changed on Thu Jun  2 11:30:31 EDT 2022
21842 Process tree is 21842 (main) -> 22041 (child) -> 31930 (grandchild)
F S   UID   PID  PPID  C PRI  NI ADDR SZ WCHAN  TTY        TIME CMD
0 D 100667 31930 22041  0 80   0 - 32311 cxiWai ?          0:00 cp /star/data01/pwg/xiatong/AMPT/14GeV/data_282169241.root /tmp/maxwoo/21EF1A6A9139C9FD2A38E59AFB466F9A_706/INPUTFILES/data_282169241.root
21842 Grandchild PID is 32687 - found in 120 x 2 seconds
21842 Grandchild to watch has changed on Thu Jun  2 11:30:52 EDT 2022
21842 Process tree is 21842 (main) -> 22041 (child) -> 32687 (grandchild)
F S   UID   PID  PPID  C PRI  NI ADDR SZ WCHAN  TTY        TIME CMD
0 D 100667 32687 22041  0 80   0 - 32311 cxiWai ?          0:00 cp /star/data01/pwg/xiatong/AMPT/14GeV/data_282175351.root /tmp/maxwoo/21EF1A6A9139C9FD2A38E59AFB466F9A_706/INPUTFILES/data_282175351.root
21842 Grandchild PID is 1495 - found in 140 x 2 seconds
21842 Grandchild to watch has changed on Thu Jun  2 11:31:33 EDT 2022
21842 Process tree is 21842 (main) -> 22041 (child) -> 1495 (grandchild)
F S   UID   PID  PPID  C PRI  NI ADDR SZ WCHAN  TTY        TIME CMD
0 D 100667 1495 22041  0  80   0 - 32311 cxiWai ?          0:00 cp /star/data01/pwg/xiatong/AMPT/14GeV/data_282175361.root /tmp/maxwoo/21EF1A6A9139C9FD2A38E59AFB466F9A_706/INPUTFILES/data_282175361.root
21842 Grandchild PID is 2181 - found in 150 x 2 seconds
21842 Grandchild to watch has changed on Thu Jun  2 11:31:55 EDT 2022
21842 Process tree is 21842 (main) -> 22041 (child) -> 2181 (grandchild)
F S   UID   PID  PPID  C PRI  NI ADDR SZ WCHAN  TTY        TIME CMD
0 S 100667 2181 22041  0  80   0 -  1272 do_wai ?          0:00 root -b -q check_S.C++("/tmp/maxwoo/21EF1A6A9139C9FD2A38E59AFB466F9A_706/INPUTFILES/21EF1A6A9139C9FD2A38E59AFB466F9A_706.local.list","21EF1A6A9139C9FD2A38E59AFB466F9A_706",1)
22041 Stepping into the main SUMS wrapper program with []
.... building sandbox
Running: cp /star/data01/pwg/xiatong/AMPT/14GeV/data_281969511.root /tmp/maxwoo/21EF1A6A9139C9FD2A38E59AFB466F9A_706/INPUTFILES/data_281969511.root
Running: cp /star/data01/pwg/xiatong/AMPT/14GeV/data_281970061.root /tmp/maxwoo/21EF1A6A9139C9FD2A38E59AFB466F9A_706/INPUTFILES/data_281970061.root
Running: cp /star/data01/pwg/xiatong/AMPT/14GeV/data_281970931.root /tmp/maxwoo/21EF1A6A9139C9FD2A38E59AFB466F9A_706/INPUTFILES/data_281970931.root
Running: cp /star/data01/pwg/xiatong/AMPT/14GeV/data_281974391.root /tmp/maxwoo/21EF1A6A9139C9FD2A38E59AFB466F9A_706/INPUTFILES/data_281974391.root
Running: cp /star/data01/pwg/xiatong/AMPT/14GeV/data_281975531.root /tmp/maxwoo/21EF1A6A9139C9FD2A38E59AFB466F9A_706/INPUTFILES/data_281975531.root
Running: cp /star/data01/pwg/xiatong/AMPT/14GeV/data_282012751.root /tmp/maxwoo/21EF1A6A9139C9FD2A38E59AFB466F9A_706/INPUTFILES/data_282012751.root
Running: cp /star/data01/pwg/xiatong/AMPT/14GeV/data_282068381.root /tmp/maxwoo/21EF1A6A9139C9FD2A38E59AFB466F9A_706/INPUTFILES/data_282068381.root
Running: cp /star/data01/pwg/xiatong/AMPT/14GeV/data_282068421.root /tmp/maxwoo/21EF1A6A9139C9FD2A38E59AFB466F9A_706/INPUTFILES/data_282068421.root
Running: cp /star/data01/pwg/xiatong/AMPT/14GeV/data_282068451.root /tmp/maxwoo/21EF1A6A9139C9FD2A38E59AFB466F9A_706/INPUTFILES/data_282068451.root
Running: cp /star/data01/pwg/xiatong/AMPT/14GeV/data_282068461.root /tmp/maxwoo/21EF1A6A9139C9FD2A38E59AFB466F9A_706/INPUTFILES/data_282068461.root
Running: cp /star/data01/pwg/xiatong/AMPT/14GeV/data_282068641.root /tmp/maxwoo/21EF1A6A9139C9FD2A38E59AFB466F9A_706/INPUTFILES/data_282068641.root
Running: cp /star/data01/pwg/xiatong/AMPT/14GeV/data_282068771.root /tmp/maxwoo/21EF1A6A9139C9FD2A38E59AFB466F9A_706/INPUTFILES/data_282068771.root
Running: cp /star/data01/pwg/xiatong/AMPT/14GeV/data_282068831.root /tmp/maxwoo/21EF1A6A9139C9FD2A38E59AFB466F9A_706/INPUTFILES/data_282068831.root
Running: cp /star/data01/pwg/xiatong/AMPT/14GeV/data_282100221.root /tmp/maxwoo/21EF1A6A9139C9FD2A38E59AFB466F9A_706/INPUTFILES/data_282100221.root
Running: cp /star/data01/pwg/xiatong/AMPT/14GeV/data_282100761.root /tmp/maxwoo/21EF1A6A9139C9FD2A38E59AFB466F9A_706/INPUTFILES/data_282100761.root
Running: cp /star/data01/pwg/xiatong/AMPT/14GeV/data_282102671.root /tmp/maxwoo/21EF1A6A9139C9FD2A38E59AFB466F9A_706/INPUTFILES/data_282102671.root
Running: cp /star/data01/pwg/xiatong/AMPT/14GeV/data_282106711.root /tmp/maxwoo/21EF1A6A9139C9FD2A38E59AFB466F9A_706/INPUTFILES/data_282106711.root
Running: cp /star/data01/pwg/xiatong/AMPT/14GeV/data_282109401.root /tmp/maxwoo/21EF1A6A9139C9FD2A38E59AFB466F9A_706/INPUTFILES/data_282109401.root
Running: cp /star/data01/pwg/xiatong/AMPT/14GeV/data_282112691.root /tmp/maxwoo/21EF1A6A9139C9FD2A38E59AFB466F9A_706/INPUTFILES/data_282112691.root
Running: cp /star/data01/pwg/xiatong/AMPT/14GeV/data_282112731.root /tmp/maxwoo/21EF1A6A9139C9FD2A38E59AFB466F9A_706/INPUTFILES/data_282112731.root
Running: cp /star/data01/pwg/xiatong/AMPT/14GeV/data_282116901.root /tmp/maxwoo/21EF1A6A9139C9FD2A38E59AFB466F9A_706/INPUTFILES/data_282116901.root
Running: cp /star/data01/pwg/xiatong/AMPT/14GeV/data_282116961.root /tmp/maxwoo/21EF1A6A9139C9FD2A38E59AFB466F9A_706/INPUTFILES/data_282116961.root
Running: cp /star/data01/pwg/xiatong/AMPT/14GeV/data_282133301.root /tmp/maxwoo/21EF1A6A9139C9FD2A38E59AFB466F9A_706/INPUTFILES/data_282133301.root
Running: cp /star/data01/pwg/xiatong/AMPT/14GeV/data_282133311.root /tmp/maxwoo/21EF1A6A9139C9FD2A38E59AFB466F9A_706/INPUTFILES/data_282133311.root
Running: cp /star/data01/pwg/xiatong/AMPT/14GeV/data_282133321.root /tmp/maxwoo/21EF1A6A9139C9FD2A38E59AFB466F9A_706/INPUTFILES/data_282133321.root
Running: cp /star/data01/pwg/xiatong/AMPT/14GeV/data_282166191.root /tmp/maxwoo/21EF1A6A9139C9FD2A38E59AFB466F9A_706/INPUTFILES/data_282166191.root
Running: cp /star/data01/pwg/xiatong/AMPT/14GeV/data_282168281.root /tmp/maxwoo/21EF1A6A9139C9FD2A38E59AFB466F9A_706/INPUTFILES/data_282168281.root
Running: cp /star/data01/pwg/xiatong/AMPT/14GeV/data_282168301.root /tmp/maxwoo/21EF1A6A9139C9FD2A38E59AFB466F9A_706/INPUTFILES/data_282168301.root
Running: cp /star/data01/pwg/xiatong/AMPT/14GeV/data_282168391.root /tmp/maxwoo/21EF1A6A9139C9FD2A38E59AFB466F9A_706/INPUTFILES/data_282168391.root
Running: cp /star/data01/pwg/xiatong/AMPT/14GeV/data_282168431.root /tmp/maxwoo/21EF1A6A9139C9FD2A38E59AFB466F9A_706/INPUTFILES/data_282168431.root
Running: cp /star/data01/pwg/xiatong/AMPT/14GeV/data_282168441.root /tmp/maxwoo/21EF1A6A9139C9FD2A38E59AFB466F9A_706/INPUTFILES/data_282168441.root
Running: cp /star/data01/pwg/xiatong/AMPT/14GeV/data_282168581.root /tmp/maxwoo/21EF1A6A9139C9FD2A38E59AFB466F9A_706/INPUTFILES/data_282168581.root
Running: cp /star/data01/pwg/xiatong/AMPT/14GeV/data_282168601.root /tmp/maxwoo/21EF1A6A9139C9FD2A38E59AFB466F9A_706/INPUTFILES/data_282168601.root
Running: cp /star/data01/pwg/xiatong/AMPT/14GeV/data_282169241.root /tmp/maxwoo/21EF1A6A9139C9FD2A38E59AFB466F9A_706/INPUTFILES/data_282169241.root
Running: cp /star/data01/pwg/xiatong/AMPT/14GeV/data_282169271.root /tmp/maxwoo/21EF1A6A9139C9FD2A38E59AFB466F9A_706/INPUTFILES/data_282169271.root
Running: cp /star/data01/pwg/xiatong/AMPT/14GeV/data_282175351.root /tmp/maxwoo/21EF1A6A9139C9FD2A38E59AFB466F9A_706/INPUTFILES/data_282175351.root
Running: cp /star/data01/pwg/xiatong/AMPT/14GeV/data_282175361.root /tmp/maxwoo/21EF1A6A9139C9FD2A38E59AFB466F9A_706/INPUTFILES/data_282175361.root
Swapping $FILELIST with: /tmp/maxwoo/21EF1A6A9139C9FD2A38E59AFB466F9A_706/INPUTFILES/21EF1A6A9139C9FD2A38E59AFB466F9A_706.local.list
+++++++++++local copy debug++++++++++++++++++++
newFileList: /tmp/maxwoo/21EF1A6A9139C9FD2A38E59AFB466F9A_706/INPUTFILES/21EF1A6A9139C9FD2A38E59AFB466F9A_706.local.list
++++++++++++++++cat FILELIST+++++++++++++++++++
/tmp/maxwoo/21EF1A6A9139C9FD2A38E59AFB466F9A_706/INPUTFILES/data_281969511.root 
/tmp/maxwoo/21EF1A6A9139C9FD2A38E59AFB466F9A_706/INPUTFILES/data_281970061.root 
/tmp/maxwoo/21EF1A6A9139C9FD2A38E59AFB466F9A_706/INPUTFILES/data_281970931.root 
/tmp/maxwoo/21EF1A6A9139C9FD2A38E59AFB466F9A_706/INPUTFILES/data_281974391.root 
/tmp/maxwoo/21EF1A6A9139C9FD2A38E59AFB466F9A_706/INPUTFILES/data_281975531.root 
/tmp/maxwoo/21EF1A6A9139C9FD2A38E59AFB466F9A_706/INPUTFILES/data_282012751.root 
/tmp/maxwoo/21EF1A6A9139C9FD2A38E59AFB466F9A_706/INPUTFILES/data_282068381.root 
/tmp/maxwoo/21EF1A6A9139C9FD2A38E59AFB466F9A_706/INPUTFILES/data_282068421.root 
/tmp/maxwoo/21EF1A6A9139C9FD2A38E59AFB466F9A_706/INPUTFILES/data_282068451.root 
/tmp/maxwoo/21EF1A6A9139C9FD2A38E59AFB466F9A_706/INPUTFILES/data_282068461.root 
/tmp/maxwoo/21EF1A6A9139C9FD2A38E59AFB466F9A_706/INPUTFILES/data_282068641.root 
/tmp/maxwoo/21EF1A6A9139C9FD2A38E59AFB466F9A_706/INPUTFILES/data_282068771.root 
/tmp/maxwoo/21EF1A6A9139C9FD2A38E59AFB466F9A_706/INPUTFILES/data_282068831.root 
/tmp/maxwoo/21EF1A6A9139C9FD2A38E59AFB466F9A_706/INPUTFILES/data_282100221.root 
/tmp/maxwoo/21EF1A6A9139C9FD2A38E59AFB466F9A_706/INPUTFILES/data_282100761.root 
/tmp/maxwoo/21EF1A6A9139C9FD2A38E59AFB466F9A_706/INPUTFILES/data_282102671.root 
/tmp/maxwoo/21EF1A6A9139C9FD2A38E59AFB466F9A_706/INPUTFILES/data_282106711.root 
/tmp/maxwoo/21EF1A6A9139C9FD2A38E59AFB466F9A_706/INPUTFILES/data_282109401.root 
/tmp/maxwoo/21EF1A6A9139C9FD2A38E59AFB466F9A_706/INPUTFILES/data_282112691.root 
/tmp/maxwoo/21EF1A6A9139C9FD2A38E59AFB466F9A_706/INPUTFILES/data_282112731.root 
/tmp/maxwoo/21EF1A6A9139C9FD2A38E59AFB466F9A_706/INPUTFILES/data_282116901.root 
/tmp/maxwoo/21EF1A6A9139C9FD2A38E59AFB466F9A_706/INPUTFILES/data_282116961.root 
/tmp/maxwoo/21EF1A6A9139C9FD2A38E59AFB466F9A_706/INPUTFILES/data_282133301.root 
/tmp/maxwoo/21EF1A6A9139C9FD2A38E59AFB466F9A_706/INPUTFILES/data_282133311.root 
/tmp/maxwoo/21EF1A6A9139C9FD2A38E59AFB466F9A_706/INPUTFILES/data_282133321.root 
/tmp/maxwoo/21EF1A6A9139C9FD2A38E59AFB466F9A_706/INPUTFILES/data_282166191.root 
/tmp/maxwoo/21EF1A6A9139C9FD2A38E59AFB466F9A_706/INPUTFILES/data_282168281.root 
/tmp/maxwoo/21EF1A6A9139C9FD2A38E59AFB466F9A_706/INPUTFILES/data_282168301.root 
/tmp/maxwoo/21EF1A6A9139C9FD2A38E59AFB466F9A_706/INPUTFILES/data_282168391.root 
/tmp/maxwoo/21EF1A6A9139C9FD2A38E59AFB466F9A_706/INPUTFILES/data_282168431.root 
/tmp/maxwoo/21EF1A6A9139C9FD2A38E59AFB466F9A_706/INPUTFILES/data_282168441.root 
/tmp/maxwoo/21EF1A6A9139C9FD2A38E59AFB466F9A_706/INPUTFILES/data_282168581.root 
/tmp/maxwoo/21EF1A6A9139C9FD2A38E59AFB466F9A_706/INPUTFILES/data_282168601.root 
/tmp/maxwoo/21EF1A6A9139C9FD2A38E59AFB466F9A_706/INPUTFILES/data_282169241.root 
/tmp/maxwoo/21EF1A6A9139C9FD2A38E59AFB466F9A_706/INPUTFILES/data_282169271.root 
/tmp/maxwoo/21EF1A6A9139C9FD2A38E59AFB466F9A_706/INPUTFILES/data_282175351.root 
/tmp/maxwoo/21EF1A6A9139C9FD2A38E59AFB466F9A_706/INPUTFILES/data_282175361.root 
++++++++++++++++++++find.++++++++++++++++++++++
.
./check_S.C
./.errror.log
./INPUTFILES
./INPUTFILES/data_282133301.root
./INPUTFILES/data_282112731.root
./INPUTFILES/data_282166191.root
./INPUTFILES/data_282116901.root
./INPUTFILES/data_282068641.root
./INPUTFILES/data_282168301.root
./INPUTFILES/data_281969511.root
./INPUTFILES/data_282169241.root
./INPUTFILES/data_282100761.root
./INPUTFILES/data_281975531.root
./INPUTFILES/data_282100221.root
./INPUTFILES/data_282068831.root
./INPUTFILES/data_282102671.root
./INPUTFILES/data_282168581.root
./INPUTFILES/data_282068451.root
./INPUTFILES/data_282133321.root
./INPUTFILES/data_282068381.root
./INPUTFILES/data_282116961.root
./INPUTFILES/data_282112691.root
./INPUTFILES/data_282175351.root
./INPUTFILES/data_282169271.root
./INPUTFILES/data_282109401.root
./INPUTFILES/data_282168441.root
./INPUTFILES/data_281974391.root
./INPUTFILES/data_282133311.root
./INPUTFILES/data_282175361.root
./INPUTFILES/data_282068771.root
./INPUTFILES/data_281970061.root
./INPUTFILES/data_282012751.root
./INPUTFILES/data_282168601.root
./INPUTFILES/data_282068461.root
./INPUTFILES/data_282106711.root
./INPUTFILES/data_282168281.root
./INPUTFILES/data_282068421.root
./INPUTFILES/data_282168391.root
./INPUTFILES/data_281970931.root
./INPUTFILES/21EF1A6A9139C9FD2A38E59AFB466F9A_706.local.list
./INPUTFILES/data_282168431.root
./.sandboxFiles
./lib
./lib/CenMaker_cpp.so
./lib/CenMaker_cpp_ACLiC_dict_rdict.pcm
./lib/NpartNormalizer.h
./lib/my_particle.cpp
./lib/my_event_cpp.d
./lib/NpartNormalizer.cpp
./lib/my_particle.h
./lib/CenMaker.h
./lib/my_event.h
./lib/my_event_cpp_ACLiC_dict_rdict.pcm
./lib/my_particle_cpp.so
./lib/MixedBuffer_cpp_ACLiC_dict_rdict.pcm
./lib/MixedBuffer_cpp.d
./lib/my_event.cpp
./lib/NpartNormalizer_cpp_ACLiC_dict_rdict.pcm
./lib/my_particle_cpp_ACLiC_dict_rdict.pcm
./lib/NpartNormalizer_cpp.d
./lib/my_event_cpp.so
./lib/NpartNormalizer_cpp.so
./lib/my_particle_cpp.d
./lib/MixedBuffer.h
./lib/CenMaker_cpp.d
./lib/CenMaker.cpp
./lib/MixedBuffer_cpp.so
./lib/MixedBuffer.cpp
./.output.log
./Check_Sness.C
++++++++++++++++INPUTFILE Var++++++++++++++++++
FILELIST=/tmp/maxwoo/21EF1A6A9139C9FD2A38E59AFB466F9A_706/INPUTFILES/21EF1A6A9139C9FD2A38E59AFB466F9A_706.local.list
INPUTFILECOUNT=37
INPUTFILE0=/tmp/maxwoo/21EF1A6A9139C9FD2A38E59AFB466F9A_706/INPUTFILES/data_281969511.root
INPUTFILE1=/tmp/maxwoo/21EF1A6A9139C9FD2A38E59AFB466F9A_706/INPUTFILES/data_281970061.root
INPUTFILE2=/tmp/maxwoo/21EF1A6A9139C9FD2A38E59AFB466F9A_706/INPUTFILES/data_281970931.root
INPUTFILE3=/tmp/maxwoo/21EF1A6A9139C9FD2A38E59AFB466F9A_706/INPUTFILES/data_281974391.root
INPUTFILE4=/tmp/maxwoo/21EF1A6A9139C9FD2A38E59AFB466F9A_706/INPUTFILES/data_281975531.root
INPUTFILE5=/tmp/maxwoo/21EF1A6A9139C9FD2A38E59AFB466F9A_706/INPUTFILES/data_282012751.root
INPUTFILE6=/tmp/maxwoo/21EF1A6A9139C9FD2A38E59AFB466F9A_706/INPUTFILES/data_282068381.root
INPUTFILE7=/tmp/maxwoo/21EF1A6A9139C9FD2A38E59AFB466F9A_706/INPUTFILES/data_282068421.root
INPUTFILE8=/tmp/maxwoo/21EF1A6A9139C9FD2A38E59AFB466F9A_706/INPUTFILES/data_282068451.root
INPUTFILE9=/tmp/maxwoo/21EF1A6A9139C9FD2A38E59AFB466F9A_706/INPUTFILES/data_282068461.root
INPUTFILE10=/tmp/maxwoo/21EF1A6A9139C9FD2A38E59AFB466F9A_706/INPUTFILES/data_282068641.root
INPUTFILE11=/tmp/maxwoo/21EF1A6A9139C9FD2A38E59AFB466F9A_706/INPUTFILES/data_282068771.root
INPUTFILE12=/tmp/maxwoo/21EF1A6A9139C9FD2A38E59AFB466F9A_706/INPUTFILES/data_282068831.root
INPUTFILE13=/tmp/maxwoo/21EF1A6A9139C9FD2A38E59AFB466F9A_706/INPUTFILES/data_282100221.root
INPUTFILE14=/tmp/maxwoo/21EF1A6A9139C9FD2A38E59AFB466F9A_706/INPUTFILES/data_282100761.root
INPUTFILE15=/tmp/maxwoo/21EF1A6A9139C9FD2A38E59AFB466F9A_706/INPUTFILES/data_282102671.root
INPUTFILE16=/tmp/maxwoo/21EF1A6A9139C9FD2A38E59AFB466F9A_706/INPUTFILES/data_282106711.root
INPUTFILE17=/tmp/maxwoo/21EF1A6A9139C9FD2A38E59AFB466F9A_706/INPUTFILES/data_282109401.root
INPUTFILE18=/tmp/maxwoo/21EF1A6A9139C9FD2A38E59AFB466F9A_706/INPUTFILES/data_282112691.root
INPUTFILE19=/tmp/maxwoo/21EF1A6A9139C9FD2A38E59AFB466F9A_706/INPUTFILES/data_282112731.root
INPUTFILE20=/tmp/maxwoo/21EF1A6A9139C9FD2A38E59AFB466F9A_706/INPUTFILES/data_282116901.root
INPUTFILE21=/tmp/maxwoo/21EF1A6A9139C9FD2A38E59AFB466F9A_706/INPUTFILES/data_282116961.root
INPUTFILE22=/tmp/maxwoo/21EF1A6A9139C9FD2A38E59AFB466F9A_706/INPUTFILES/data_282133301.root
INPUTFILE23=/tmp/maxwoo/21EF1A6A9139C9FD2A38E59AFB466F9A_706/INPUTFILES/data_282133311.root
INPUTFILE24=/tmp/maxwoo/21EF1A6A9139C9FD2A38E59AFB466F9A_706/INPUTFILES/data_282133321.root
INPUTFILE25=/tmp/maxwoo/21EF1A6A9139C9FD2A38E59AFB466F9A_706/INPUTFILES/data_282166191.root
INPUTFILE26=/tmp/maxwoo/21EF1A6A9139C9FD2A38E59AFB466F9A_706/INPUTFILES/data_282168281.root
INPUTFILE27=/tmp/maxwoo/21EF1A6A9139C9FD2A38E59AFB466F9A_706/INPUTFILES/data_282168301.root
INPUTFILE28=/tmp/maxwoo/21EF1A6A9139C9FD2A38E59AFB466F9A_706/INPUTFILES/data_282168391.root
INPUTFILE29=/tmp/maxwoo/21EF1A6A9139C9FD2A38E59AFB466F9A_706/INPUTFILES/data_282168431.root
INPUTFILE30=/tmp/maxwoo/21EF1A6A9139C9FD2A38E59AFB466F9A_706/INPUTFILES/data_282168441.root
INPUTFILE31=/tmp/maxwoo/21EF1A6A9139C9FD2A38E59AFB466F9A_706/INPUTFILES/data_282168581.root
INPUTFILE32=/tmp/maxwoo/21EF1A6A9139C9FD2A38E59AFB466F9A_706/INPUTFILES/data_282168601.root
INPUTFILE33=/tmp/maxwoo/21EF1A6A9139C9FD2A38E59AFB466F9A_706/INPUTFILES/data_282169241.root
INPUTFILE34=/tmp/maxwoo/21EF1A6A9139C9FD2A38E59AFB466F9A_706/INPUTFILES/data_282169271.root
INPUTFILE35=/tmp/maxwoo/21EF1A6A9139C9FD2A38E59AFB466F9A_706/INPUTFILES/data_282175351.root
INPUTFILE36=/tmp/maxwoo/21EF1A6A9139C9FD2A38E59AFB466F9A_706/INPUTFILES/data_282175361.root
LocalInputFileDir=/tmp/maxwoo/21EF1A6A9139C9FD2A38E59AFB466F9A_706/INPUTFILES
NewFILELIST=/tmp/maxwoo/21EF1A6A9139C9FD2A38E59AFB466F9A_706/INPUTFILES/21EF1A6A9139C9FD2A38E59AFB466F9A_706.local.list
+++++++++++++++++++++++++++++++++++++++++++++++
--------------------------------
Simple Unified Meta Scheduler 1.10.50 we are starting in $SCRATCH : /home/tmp/maxwoo/21EF1A6A9139C9FD2A38E59AFB466F9A_706
--------------------------------
total 16
lrwxrwxrwx 1 maxwoo rhstar   61 Jun  2 11:26 check_S.C -> /gpfs/mnt/gpfs01/star/pwg/xiatong/git/strangeness/./check_S.C
lrwxrwxrwx 1 maxwoo rhstar   65 Jun  2 11:26 Check_Sness.C -> /gpfs/mnt/gpfs01/star/pwg/xiatong/git/strangeness/./Check_Sness.C
drwxr-xr-x 2 maxwoo rhstar 4096 Jun  2 11:31 INPUTFILES
drwxr-xr-x 2 maxwoo rhstar 4096 Jun  2 11:26 lib
  *******************************************
  *                                         *
  *        W E L C O M E  to  R O O T       *
  *                                         *
  *   Version   5.34/38     12 March 2018   *
  *                                         *
  *  You are welcome to visit our Web site  *
  *          http://root.cern.ch            *
  *                                         *
  *******************************************

ROOT 5.34/38 (v5-34-38@v5-34-38, Mar 12 2018, 15:49:39 on linux)

CINT/ROOT C/C++ Interpreter version 5.18.00, July 2, 2010
Type ? for help. Commands must be C++ statements.
Enclose multiple statements between { }.
*** Float Point Exception is OFF ***
 *** Start at Date : Thu Jun  2 11:31:44 2022
QAInfo:You are using STAR_LEVEL : dev, ROOT_LEVEL : 5.34.38 and node : rcrs6320.rcf.bnl.gov 

Processing check_S.C++("/tmp/maxwoo/21EF1A6A9139C9FD2A38E59AFB466F9A_706/INPUTFILES/21EF1A6A9139C9FD2A38E59AFB466F9A_706.local.list","21EF1A6A9139C9FD2A38E59AFB466F9A_706",1)...
/tmp/maxwoo/21EF1A6A9139C9FD2A38E59AFB466F9A_706/INPUTFILES/data_281969511.root 
/tmp/maxwoo/21EF1A6A9139C9FD2A38E59AFB466F9A_706/INPUTFILES/data_281970061.root 
/tmp/maxwoo/21EF1A6A9139C9FD2A38E59AFB466F9A_706/INPUTFILES/data_281970931.root 
/tmp/maxwoo/21EF1A6A9139C9FD2A38E59AFB466F9A_706/INPUTFILES/data_281974391.root 
/tmp/maxwoo/21EF1A6A9139C9FD2A38E59AFB466F9A_706/INPUTFILES/data_281975531.root 
/tmp/maxwoo/21EF1A6A9139C9FD2A38E59AFB466F9A_706/INPUTFILES/data_282012751.root 
/tmp/maxwoo/21EF1A6A9139C9FD2A38E59AFB466F9A_706/INPUTFILES/data_282068381.root 
/tmp/maxwoo/21EF1A6A9139C9FD2A38E59AFB466F9A_706/INPUTFILES/data_282068421.root 
/tmp/maxwoo/21EF1A6A9139C9FD2A38E59AFB466F9A_706/INPUTFILES/data_282068451.root 
/tmp/maxwoo/21EF1A6A9139C9FD2A38E59AFB466F9A_706/INPUTFILES/data_282068461.root 
/tmp/maxwoo/21EF1A6A9139C9FD2A38E59AFB466F9A_706/INPUTFILES/data_282068641.root 
/tmp/maxwoo/21EF1A6A9139C9FD2A38E59AFB466F9A_706/INPUTFILES/data_282068771.root 
/tmp/maxwoo/21EF1A6A9139C9FD2A38E59AFB466F9A_706/INPUTFILES/data_282068831.root 
/tmp/maxwoo/21EF1A6A9139C9FD2A38E59AFB466F9A_706/INPUTFILES/data_282100221.root 
/tmp/maxwoo/21EF1A6A9139C9FD2A38E59AFB466F9A_706/INPUTFILES/data_282100761.root 
/tmp/maxwoo/21EF1A6A9139C9FD2A38E59AFB466F9A_706/INPUTFILES/data_282102671.root 
/tmp/maxwoo/21EF1A6A9139C9FD2A38E59AFB466F9A_706/INPUTFILES/data_282106711.root 
/tmp/maxwoo/21EF1A6A9139C9FD2A38E59AFB466F9A_706/INPUTFILES/data_282109401.root 
/tmp/maxwoo/21EF1A6A9139C9FD2A38E59AFB466F9A_706/INPUTFILES/data_282112691.root 
/tmp/maxwoo/21EF1A6A9139C9FD2A38E59AFB466F9A_706/INPUTFILES/data_282112731.root 
/tmp/maxwoo/21EF1A6A9139C9FD2A38E59AFB466F9A_706/INPUTFILES/data_282116901.root 
/tmp/maxwoo/21EF1A6A9139C9FD2A38E59AFB466F9A_706/INPUTFILES/data_282116961.root 
/tmp/maxwoo/21EF1A6A9139C9FD2A38E59AFB466F9A_706/INPUTFILES/data_282133301.root 
/tmp/maxwoo/21EF1A6A9139C9FD2A38E59AFB466F9A_706/INPUTFILES/data_282133311.root 
/tmp/maxwoo/21EF1A6A9139C9FD2A38E59AFB466F9A_706/INPUTFILES/data_282133321.root 
/tmp/maxwoo/21EF1A6A9139C9FD2A38E59AFB466F9A_706/INPUTFILES/data_282166191.root 
/tmp/maxwoo/21EF1A6A9139C9FD2A38E59AFB466F9A_706/INPUTFILES/data_282168281.root 
/tmp/maxwoo/21EF1A6A9139C9FD2A38E59AFB466F9A_706/INPUTFILES/data_282168301.root 
/tmp/maxwoo/21EF1A6A9139C9FD2A38E59AFB466F9A_706/INPUTFILES/data_282168391.root 
/tmp/maxwoo/21EF1A6A9139C9FD2A38E59AFB466F9A_706/INPUTFILES/data_282168431.root 
/tmp/maxwoo/21EF1A6A9139C9FD2A38E59AFB466F9A_706/INPUTFILES/data_282168441.root 
/tmp/maxwoo/21EF1A6A9139C9FD2A38E59AFB466F9A_706/INPUTFILES/data_282168581.root 
/tmp/maxwoo/21EF1A6A9139C9FD2A38E59AFB466F9A_706/INPUTFILES/data_282168601.root 
/tmp/maxwoo/21EF1A6A9139C9FD2A38E59AFB466F9A_706/INPUTFILES/data_282169241.root 
/tmp/maxwoo/21EF1A6A9139C9FD2A38E59AFB466F9A_706/INPUTFILES/data_282169271.root 
/tmp/maxwoo/21EF1A6A9139C9FD2A38E59AFB466F9A_706/INPUTFILES/data_282175351.root 
/tmp/maxwoo/21EF1A6A9139C9FD2A38E59AFB466F9A_706/INPUTFILES/data_282175361.root 
Added 37 files
# entries in chain: 37000
Processing entry == 1000 == out of 37000.
Processing entry == 2000 == out of 37000.
Processing entry == 3000 == out of 37000.
Processing entry == 4000 == out of 37000.
Processing entry == 5000 == out of 37000.
Processing entry == 6000 == out of 37000.
Processing entry == 7000 == out of 37000.
Processing entry == 8000 == out of 37000.
Processing entry == 9000 == out of 37000.
Processing entry == 10000 == out of 37000.
Processing entry == 11000 == out of 37000.
Processing entry == 12000 == out of 37000.
Processing entry == 13000 == out of 37000.
Processing entry == 14000 == out of 37000.
Processing entry == 15000 == out of 37000.
Processing entry == 16000 == out of 37000.
Processing entry == 17000 == out of 37000.
Processing entry == 18000 == out of 37000.
Processing entry == 19000 == out of 37000.
Processing entry == 20000 == out of 37000.
Processing entry == 21000 == out of 37000.
Processing entry == 22000 == out of 37000.
Processing entry == 23000 == out of 37000.
Processing entry == 24000 == out of 37000.
Processing entry == 25000 == out of 37000.
Processing entry == 26000 == out of 37000.
Processing entry == 27000 == out of 37000.
Processing entry == 28000 == out of 37000.
Processing entry == 29000 == out of 37000.
Processing entry == 30000 == out of 37000.
Processing entry == 31000 == out of 37000.
Processing entry == 32000 == out of 37000.
Processing entry == 33000 == out of 37000.
Processing entry == 34000 == out of 37000.
Processing entry == 35000 == out of 37000.
Processing entry == 36000 == out of 37000.
Processing entry == 37000 == out of 37000.

This is the end of ROOT -- Goodbye

Cleaning up sandbox file:  /tmp/maxwoo/21EF1A6A9139C9FD2A38E59AFB466F9A_706/check_S.C
Cleaning up sandbox file:  /tmp/maxwoo/21EF1A6A9139C9FD2A38E59AFB466F9A_706/Check_Sness.C
Cleaning up sandbox file:  /tmp/maxwoo/21EF1A6A9139C9FD2A38E59AFB466F9A_706/lib
Cleaning up sandbox file:  /tmp/maxwoo/21EF1A6A9139C9FD2A38E59AFB466F9A_706/.sandboxFiles
Starting copy block
Running copy command:  /bin/cp -fp /tmp/maxwoo/21EF1A6A9139C9FD2A38E59AFB466F9A_706/out_21EF1A6A9139C9FD2A38E59AFB466F9A_706.root /star/data01/pwg/xiatong/git/strangeness/data/
21842 Execution of (/star/data01/pwg/xiatong/git/strangeness/script/sched21EF1A6A9139C9FD2A38E59AFB466F9A_706.csh ) has ended, exiting normally
21842 We END on [Thu Jun  2 11:57:15 EDT 2022]
