We are starting on node: rcas2928.rcf.bnl.gov
HOME is not defined
Using getent method
HOME is now /star/u/maxwoo
20370 We will spawn ourselves (/star/data01/pwg/xiatong/git/strangeness/script/sched21EF1A6A9139C9FD2A38E59AFB466F9A_2291.csh )
20370 We BEGIN on [Thu Jun  2 10:59:51 EDT 2022]
[1] 20555
20370 We are waiting for 20555 
20370 Grandchild PID is 21643 - found in 10 x 1 seconds
20370 Establishing first watcher   on    Thu Jun  2 11:00:02 EDT 2022
20370 Process tree is 20370 (main) -> 20555 (child) -> 21643 (grandchild)
F S   UID   PID  PPID  C PRI  NI ADDR SZ WCHAN  TTY        TIME CMD
0 D 100667 21643 20555  0 80   0 - 32311 cxiWai ?          0:00 cp /star/data01/pwg/xiatong/AMPT/14GeV/data_1221120861.root /tmp/maxwoo/21EF1A6A9139C9FD2A38E59AFB466F9A_2291/INPUTFILES/data_1221120861.root
20370 Grandchild PID is 23123 - found in 20 x 2 seconds
20370 Grandchild to watch has changed on Thu Jun  2 11:00:23 EDT 2022
20370 Process tree is 20370 (main) -> 20555 (child) -> 23123 (grandchild)
F S   UID   PID  PPID  C PRI  NI ADDR SZ WCHAN  TTY        TIME CMD
0 D 100667 23123 20555  0 80   0 - 32311 cxiWai ?          0:00 cp /star/data01/pwg/xiatong/AMPT/14GeV/data_1221383811.root /tmp/maxwoo/21EF1A6A9139C9FD2A38E59AFB466F9A_2291/INPUTFILES/data_1221383811.root
20370 Grandchild PID is 24417 - found in 30 x 2 seconds
20370 Grandchild to watch has changed on Thu Jun  2 11:00:44 EDT 2022
20370 Process tree is 20370 (main) -> 20555 (child) -> 24417 (grandchild)
F S   UID   PID  PPID  C PRI  NI ADDR SZ WCHAN  TTY        TIME CMD
0 D 100667 24417 20555  0 80   0 - 32311 cxiWai ?          0:00 cp /star/data01/pwg/xiatong/AMPT/14GeV/data_1221783731.root /tmp/maxwoo/21EF1A6A9139C9FD2A38E59AFB466F9A_2291/INPUTFILES/data_1221783731.root
20370 Grandchild PID is 27240 - found in 50 x 2 seconds
20370 Grandchild to watch has changed on Thu Jun  2 11:01:25 EDT 2022
20370 Process tree is 20370 (main) -> 20555 (child) -> 27240 (grandchild)
F S   UID   PID  PPID  C PRI  NI ADDR SZ WCHAN  TTY        TIME CMD
0 D 100667 27240 20555  0 80   0 - 32311 cxiWai ?          0:00 cp /star/data01/pwg/xiatong/AMPT/14GeV/data_1222119651.root /tmp/maxwoo/21EF1A6A9139C9FD2A38E59AFB466F9A_2291/INPUTFILES/data_1222119651.root
20370 Grandchild PID is 29630 - found in 60 x 2 seconds
20370 Grandchild to watch has changed on Thu Jun  2 11:01:46 EDT 2022
20370 Process tree is 20370 (main) -> 20555 (child) -> 29630 (grandchild)
F S   UID   PID  PPID  C PRI  NI ADDR SZ WCHAN  TTY        TIME CMD
0 D 100667 29630 20555  0 80   0 - 32311 cxiWai ?          0:00 cp /star/data01/pwg/xiatong/AMPT/14GeV/data_1222120741.root /tmp/maxwoo/21EF1A6A9139C9FD2A38E59AFB466F9A_2291/INPUTFILES/data_1222120741.root
20370 Grandchild PID is 30245 - found in 70 x 2 seconds
20370 Grandchild to watch has changed on Thu Jun  2 11:02:07 EDT 2022
20370 Process tree is 20370 (main) -> 20555 (child) -> 30245 (grandchild)
F S   UID   PID  PPID  C PRI  NI ADDR SZ WCHAN  TTY        TIME CMD
0 S 100667 30245 20555  0 80   0 -  1272 do_wai ?          0:00 root -b -q check_S.C++("/tmp/maxwoo/21EF1A6A9139C9FD2A38E59AFB466F9A_2291/INPUTFILES/21EF1A6A9139C9FD2A38E59AFB466F9A_2291.local.list","21EF1A6A9139C9FD2A38E59AFB466F9A_2291",1)
20555 Stepping into the main SUMS wrapper program with []
.... building sandbox
Running: cp /star/data01/pwg/xiatong/AMPT/14GeV/data_1220283971.root /tmp/maxwoo/21EF1A6A9139C9FD2A38E59AFB466F9A_2291/INPUTFILES/data_1220283971.root
Running: cp /star/data01/pwg/xiatong/AMPT/14GeV/data_1220483901.root /tmp/maxwoo/21EF1A6A9139C9FD2A38E59AFB466F9A_2291/INPUTFILES/data_1220483901.root
Running: cp /star/data01/pwg/xiatong/AMPT/14GeV/data_1220483911.root /tmp/maxwoo/21EF1A6A9139C9FD2A38E59AFB466F9A_2291/INPUTFILES/data_1220483911.root
Running: cp /star/data01/pwg/xiatong/AMPT/14GeV/data_1220883891.root /tmp/maxwoo/21EF1A6A9139C9FD2A38E59AFB466F9A_2291/INPUTFILES/data_1220883891.root
Running: cp /star/data01/pwg/xiatong/AMPT/14GeV/data_1220983881.root /tmp/maxwoo/21EF1A6A9139C9FD2A38E59AFB466F9A_2291/INPUTFILES/data_1220983881.root
Running: cp /star/data01/pwg/xiatong/AMPT/14GeV/data_1221083851.root /tmp/maxwoo/21EF1A6A9139C9FD2A38E59AFB466F9A_2291/INPUTFILES/data_1221083851.root
Running: cp /star/data01/pwg/xiatong/AMPT/14GeV/data_1221083861.root /tmp/maxwoo/21EF1A6A9139C9FD2A38E59AFB466F9A_2291/INPUTFILES/data_1221083861.root
Running: cp /star/data01/pwg/xiatong/AMPT/14GeV/data_1221120861.root /tmp/maxwoo/21EF1A6A9139C9FD2A38E59AFB466F9A_2291/INPUTFILES/data_1221120861.root
Running: cp /star/data01/pwg/xiatong/AMPT/14GeV/data_1221120871.root /tmp/maxwoo/21EF1A6A9139C9FD2A38E59AFB466F9A_2291/INPUTFILES/data_1221120871.root
Running: cp /star/data01/pwg/xiatong/AMPT/14GeV/data_1221155101.root /tmp/maxwoo/21EF1A6A9139C9FD2A38E59AFB466F9A_2291/INPUTFILES/data_1221155101.root
Running: cp /star/data01/pwg/xiatong/AMPT/14GeV/data_1221183841.root /tmp/maxwoo/21EF1A6A9139C9FD2A38E59AFB466F9A_2291/INPUTFILES/data_1221183841.root
Running: cp /star/data01/pwg/xiatong/AMPT/14GeV/data_1221283831.root /tmp/maxwoo/21EF1A6A9139C9FD2A38E59AFB466F9A_2291/INPUTFILES/data_1221283831.root
Running: cp /star/data01/pwg/xiatong/AMPT/14GeV/data_1221383811.root /tmp/maxwoo/21EF1A6A9139C9FD2A38E59AFB466F9A_2291/INPUTFILES/data_1221383811.root
Running: cp /star/data01/pwg/xiatong/AMPT/14GeV/data_1221383821.root /tmp/maxwoo/21EF1A6A9139C9FD2A38E59AFB466F9A_2291/INPUTFILES/data_1221383821.root
Running: cp /star/data01/pwg/xiatong/AMPT/14GeV/data_1221483761.root /tmp/maxwoo/21EF1A6A9139C9FD2A38E59AFB466F9A_2291/INPUTFILES/data_1221483761.root
Running: cp /star/data01/pwg/xiatong/AMPT/14GeV/data_1221483771.root /tmp/maxwoo/21EF1A6A9139C9FD2A38E59AFB466F9A_2291/INPUTFILES/data_1221483771.root
Running: cp /star/data01/pwg/xiatong/AMPT/14GeV/data_1221483781.root /tmp/maxwoo/21EF1A6A9139C9FD2A38E59AFB466F9A_2291/INPUTFILES/data_1221483781.root
Running: cp /star/data01/pwg/xiatong/AMPT/14GeV/data_1221483791.root /tmp/maxwoo/21EF1A6A9139C9FD2A38E59AFB466F9A_2291/INPUTFILES/data_1221483791.root
Running: cp /star/data01/pwg/xiatong/AMPT/14GeV/data_1221583751.root /tmp/maxwoo/21EF1A6A9139C9FD2A38E59AFB466F9A_2291/INPUTFILES/data_1221583751.root
Running: cp /star/data01/pwg/xiatong/AMPT/14GeV/data_1221683741.root /tmp/maxwoo/21EF1A6A9139C9FD2A38E59AFB466F9A_2291/INPUTFILES/data_1221683741.root
Running: cp /star/data01/pwg/xiatong/AMPT/14GeV/data_1221683801.root /tmp/maxwoo/21EF1A6A9139C9FD2A38E59AFB466F9A_2291/INPUTFILES/data_1221683801.root
Running: cp /star/data01/pwg/xiatong/AMPT/14GeV/data_1221783721.root /tmp/maxwoo/21EF1A6A9139C9FD2A38E59AFB466F9A_2291/INPUTFILES/data_1221783721.root
Running: cp /star/data01/pwg/xiatong/AMPT/14GeV/data_1221783731.root /tmp/maxwoo/21EF1A6A9139C9FD2A38E59AFB466F9A_2291/INPUTFILES/data_1221783731.root
Running: cp /star/data01/pwg/xiatong/AMPT/14GeV/data_1221883691.root /tmp/maxwoo/21EF1A6A9139C9FD2A38E59AFB466F9A_2291/INPUTFILES/data_1221883691.root
Running: cp /star/data01/pwg/xiatong/AMPT/14GeV/data_1221883701.root /tmp/maxwoo/21EF1A6A9139C9FD2A38E59AFB466F9A_2291/INPUTFILES/data_1221883701.root
Running: cp /star/data01/pwg/xiatong/AMPT/14GeV/data_1221883711.root /tmp/maxwoo/21EF1A6A9139C9FD2A38E59AFB466F9A_2291/INPUTFILES/data_1221883711.root
Running: cp /star/data01/pwg/xiatong/AMPT/14GeV/data_1221983651.root /tmp/maxwoo/21EF1A6A9139C9FD2A38E59AFB466F9A_2291/INPUTFILES/data_1221983651.root
Running: cp /star/data01/pwg/xiatong/AMPT/14GeV/data_1221983681.root /tmp/maxwoo/21EF1A6A9139C9FD2A38E59AFB466F9A_2291/INPUTFILES/data_1221983681.root
Running: cp /star/data01/pwg/xiatong/AMPT/14GeV/data_1222083581.root /tmp/maxwoo/21EF1A6A9139C9FD2A38E59AFB466F9A_2291/INPUTFILES/data_1222083581.root
Running: cp /star/data01/pwg/xiatong/AMPT/14GeV/data_1222083591.root /tmp/maxwoo/21EF1A6A9139C9FD2A38E59AFB466F9A_2291/INPUTFILES/data_1222083591.root
Running: cp /star/data01/pwg/xiatong/AMPT/14GeV/data_1222083601.root /tmp/maxwoo/21EF1A6A9139C9FD2A38E59AFB466F9A_2291/INPUTFILES/data_1222083601.root
Running: cp /star/data01/pwg/xiatong/AMPT/14GeV/data_1222083611.root /tmp/maxwoo/21EF1A6A9139C9FD2A38E59AFB466F9A_2291/INPUTFILES/data_1222083611.root
Running: cp /star/data01/pwg/xiatong/AMPT/14GeV/data_1222083621.root /tmp/maxwoo/21EF1A6A9139C9FD2A38E59AFB466F9A_2291/INPUTFILES/data_1222083621.root
Running: cp /star/data01/pwg/xiatong/AMPT/14GeV/data_1222083641.root /tmp/maxwoo/21EF1A6A9139C9FD2A38E59AFB466F9A_2291/INPUTFILES/data_1222083641.root
Running: cp /star/data01/pwg/xiatong/AMPT/14GeV/data_1222083661.root /tmp/maxwoo/21EF1A6A9139C9FD2A38E59AFB466F9A_2291/INPUTFILES/data_1222083661.root
Running: cp /star/data01/pwg/xiatong/AMPT/14GeV/data_1222119651.root /tmp/maxwoo/21EF1A6A9139C9FD2A38E59AFB466F9A_2291/INPUTFILES/data_1222119651.root
Running: cp /star/data01/pwg/xiatong/AMPT/14GeV/data_1222120741.root /tmp/maxwoo/21EF1A6A9139C9FD2A38E59AFB466F9A_2291/INPUTFILES/data_1222120741.root
Swapping $FILELIST with: /tmp/maxwoo/21EF1A6A9139C9FD2A38E59AFB466F9A_2291/INPUTFILES/21EF1A6A9139C9FD2A38E59AFB466F9A_2291.local.list
+++++++++++local copy debug++++++++++++++++++++
newFileList: /tmp/maxwoo/21EF1A6A9139C9FD2A38E59AFB466F9A_2291/INPUTFILES/21EF1A6A9139C9FD2A38E59AFB466F9A_2291.local.list
++++++++++++++++cat FILELIST+++++++++++++++++++
/tmp/maxwoo/21EF1A6A9139C9FD2A38E59AFB466F9A_2291/INPUTFILES/data_1220283971.root 
/tmp/maxwoo/21EF1A6A9139C9FD2A38E59AFB466F9A_2291/INPUTFILES/data_1220483901.root 
/tmp/maxwoo/21EF1A6A9139C9FD2A38E59AFB466F9A_2291/INPUTFILES/data_1220483911.root 
/tmp/maxwoo/21EF1A6A9139C9FD2A38E59AFB466F9A_2291/INPUTFILES/data_1220883891.root 
/tmp/maxwoo/21EF1A6A9139C9FD2A38E59AFB466F9A_2291/INPUTFILES/data_1220983881.root 
/tmp/maxwoo/21EF1A6A9139C9FD2A38E59AFB466F9A_2291/INPUTFILES/data_1221083851.root 
/tmp/maxwoo/21EF1A6A9139C9FD2A38E59AFB466F9A_2291/INPUTFILES/data_1221083861.root 
/tmp/maxwoo/21EF1A6A9139C9FD2A38E59AFB466F9A_2291/INPUTFILES/data_1221120861.root 
/tmp/maxwoo/21EF1A6A9139C9FD2A38E59AFB466F9A_2291/INPUTFILES/data_1221120871.root 
/tmp/maxwoo/21EF1A6A9139C9FD2A38E59AFB466F9A_2291/INPUTFILES/data_1221155101.root 
/tmp/maxwoo/21EF1A6A9139C9FD2A38E59AFB466F9A_2291/INPUTFILES/data_1221183841.root 
/tmp/maxwoo/21EF1A6A9139C9FD2A38E59AFB466F9A_2291/INPUTFILES/data_1221283831.root 
/tmp/maxwoo/21EF1A6A9139C9FD2A38E59AFB466F9A_2291/INPUTFILES/data_1221383811.root 
/tmp/maxwoo/21EF1A6A9139C9FD2A38E59AFB466F9A_2291/INPUTFILES/data_1221383821.root 
/tmp/maxwoo/21EF1A6A9139C9FD2A38E59AFB466F9A_2291/INPUTFILES/data_1221483761.root 
/tmp/maxwoo/21EF1A6A9139C9FD2A38E59AFB466F9A_2291/INPUTFILES/data_1221483771.root 
/tmp/maxwoo/21EF1A6A9139C9FD2A38E59AFB466F9A_2291/INPUTFILES/data_1221483781.root 
/tmp/maxwoo/21EF1A6A9139C9FD2A38E59AFB466F9A_2291/INPUTFILES/data_1221483791.root 
/tmp/maxwoo/21EF1A6A9139C9FD2A38E59AFB466F9A_2291/INPUTFILES/data_1221583751.root 
/tmp/maxwoo/21EF1A6A9139C9FD2A38E59AFB466F9A_2291/INPUTFILES/data_1221683741.root 
/tmp/maxwoo/21EF1A6A9139C9FD2A38E59AFB466F9A_2291/INPUTFILES/data_1221683801.root 
/tmp/maxwoo/21EF1A6A9139C9FD2A38E59AFB466F9A_2291/INPUTFILES/data_1221783721.root 
/tmp/maxwoo/21EF1A6A9139C9FD2A38E59AFB466F9A_2291/INPUTFILES/data_1221783731.root 
/tmp/maxwoo/21EF1A6A9139C9FD2A38E59AFB466F9A_2291/INPUTFILES/data_1221883691.root 
/tmp/maxwoo/21EF1A6A9139C9FD2A38E59AFB466F9A_2291/INPUTFILES/data_1221883701.root 
/tmp/maxwoo/21EF1A6A9139C9FD2A38E59AFB466F9A_2291/INPUTFILES/data_1221883711.root 
/tmp/maxwoo/21EF1A6A9139C9FD2A38E59AFB466F9A_2291/INPUTFILES/data_1221983651.root 
/tmp/maxwoo/21EF1A6A9139C9FD2A38E59AFB466F9A_2291/INPUTFILES/data_1221983681.root 
/tmp/maxwoo/21EF1A6A9139C9FD2A38E59AFB466F9A_2291/INPUTFILES/data_1222083581.root 
/tmp/maxwoo/21EF1A6A9139C9FD2A38E59AFB466F9A_2291/INPUTFILES/data_1222083591.root 
/tmp/maxwoo/21EF1A6A9139C9FD2A38E59AFB466F9A_2291/INPUTFILES/data_1222083601.root 
/tmp/maxwoo/21EF1A6A9139C9FD2A38E59AFB466F9A_2291/INPUTFILES/data_1222083611.root 
/tmp/maxwoo/21EF1A6A9139C9FD2A38E59AFB466F9A_2291/INPUTFILES/data_1222083621.root 
/tmp/maxwoo/21EF1A6A9139C9FD2A38E59AFB466F9A_2291/INPUTFILES/data_1222083641.root 
/tmp/maxwoo/21EF1A6A9139C9FD2A38E59AFB466F9A_2291/INPUTFILES/data_1222083661.root 
/tmp/maxwoo/21EF1A6A9139C9FD2A38E59AFB466F9A_2291/INPUTFILES/data_1222119651.root 
/tmp/maxwoo/21EF1A6A9139C9FD2A38E59AFB466F9A_2291/INPUTFILES/data_1222120741.root 
++++++++++++++++++++find.++++++++++++++++++++++
.
./INPUTFILES
./INPUTFILES/data_1222083601.root
./INPUTFILES/data_1220283971.root
./INPUTFILES/data_1221483791.root
./INPUTFILES/data_1222119651.root
./INPUTFILES/data_1221155101.root
./INPUTFILES/data_1222083581.root
./INPUTFILES/data_1222120741.root
./INPUTFILES/data_1222083641.root
./INPUTFILES/data_1221083851.root
./INPUTFILES/data_1221883701.root
./INPUTFILES/data_1221483761.root
./INPUTFILES/data_1221383811.root
./INPUTFILES/data_1222083611.root
./INPUTFILES/data_1221483771.root
./INPUTFILES/21EF1A6A9139C9FD2A38E59AFB466F9A_2291.local.list
./INPUTFILES/data_1221783731.root
./INPUTFILES/data_1222083621.root
./INPUTFILES/data_1220983881.root
./INPUTFILES/data_1221583751.root
./INPUTFILES/data_1221183841.root
./INPUTFILES/data_1221283831.root
./INPUTFILES/data_1220883891.root
./INPUTFILES/data_1221983651.root
./INPUTFILES/data_1221083861.root
./INPUTFILES/data_1222083661.root
./INPUTFILES/data_1221683801.root
./INPUTFILES/data_1221783721.root
./INPUTFILES/data_1221983681.root
./INPUTFILES/data_1221883691.root
./INPUTFILES/data_1221383821.root
./INPUTFILES/data_1221883711.root
./INPUTFILES/data_1222083591.root
./INPUTFILES/data_1221120861.root
./INPUTFILES/data_1220483911.root
./INPUTFILES/data_1221120871.root
./INPUTFILES/data_1221483781.root
./INPUTFILES/data_1220483901.root
./INPUTFILES/data_1221683741.root
./Check_Sness.C
./.output.log
./check_S.C
./.errror.log
./lib
./lib/NpartNormalizer_cpp.so
./lib/CenMaker_cpp_ACLiC_dict_rdict.pcm
./lib/my_particle.cpp
./lib/my_particle.h
./lib/MixedBuffer_cpp_ACLiC_dict_rdict.pcm
./lib/my_particle_cpp.d
./lib/MixedBuffer_cpp.so
./lib/my_event_cpp_ACLiC_dict_rdict.pcm
./lib/my_particle_cpp_ACLiC_dict_rdict.pcm
./lib/CenMaker_cpp.d
./lib/CenMaker.h
./lib/MixedBuffer.h
./lib/NpartNormalizer_cpp.d
./lib/MixedBuffer.cpp
./lib/NpartNormalizer_cpp_ACLiC_dict_rdict.pcm
./lib/my_event_cpp.d
./lib/MixedBuffer_cpp.d
./lib/my_event.cpp
./lib/my_particle_cpp.so
./lib/my_event_cpp.so
./lib/CenMaker.cpp
./lib/CenMaker_cpp.so
./lib/NpartNormalizer.cpp
./lib/my_event.h
./lib/NpartNormalizer.h
./.sandboxFiles
++++++++++++++++INPUTFILE Var++++++++++++++++++
FILELIST=/tmp/maxwoo/21EF1A6A9139C9FD2A38E59AFB466F9A_2291/INPUTFILES/21EF1A6A9139C9FD2A38E59AFB466F9A_2291.local.list
INPUTFILECOUNT=37
INPUTFILE0=/tmp/maxwoo/21EF1A6A9139C9FD2A38E59AFB466F9A_2291/INPUTFILES/data_1220283971.root
INPUTFILE1=/tmp/maxwoo/21EF1A6A9139C9FD2A38E59AFB466F9A_2291/INPUTFILES/data_1220483901.root
INPUTFILE2=/tmp/maxwoo/21EF1A6A9139C9FD2A38E59AFB466F9A_2291/INPUTFILES/data_1220483911.root
INPUTFILE3=/tmp/maxwoo/21EF1A6A9139C9FD2A38E59AFB466F9A_2291/INPUTFILES/data_1220883891.root
INPUTFILE4=/tmp/maxwoo/21EF1A6A9139C9FD2A38E59AFB466F9A_2291/INPUTFILES/data_1220983881.root
INPUTFILE5=/tmp/maxwoo/21EF1A6A9139C9FD2A38E59AFB466F9A_2291/INPUTFILES/data_1221083851.root
INPUTFILE6=/tmp/maxwoo/21EF1A6A9139C9FD2A38E59AFB466F9A_2291/INPUTFILES/data_1221083861.root
INPUTFILE7=/tmp/maxwoo/21EF1A6A9139C9FD2A38E59AFB466F9A_2291/INPUTFILES/data_1221120861.root
INPUTFILE8=/tmp/maxwoo/21EF1A6A9139C9FD2A38E59AFB466F9A_2291/INPUTFILES/data_1221120871.root
INPUTFILE9=/tmp/maxwoo/21EF1A6A9139C9FD2A38E59AFB466F9A_2291/INPUTFILES/data_1221155101.root
INPUTFILE10=/tmp/maxwoo/21EF1A6A9139C9FD2A38E59AFB466F9A_2291/INPUTFILES/data_1221183841.root
INPUTFILE11=/tmp/maxwoo/21EF1A6A9139C9FD2A38E59AFB466F9A_2291/INPUTFILES/data_1221283831.root
INPUTFILE12=/tmp/maxwoo/21EF1A6A9139C9FD2A38E59AFB466F9A_2291/INPUTFILES/data_1221383811.root
INPUTFILE13=/tmp/maxwoo/21EF1A6A9139C9FD2A38E59AFB466F9A_2291/INPUTFILES/data_1221383821.root
INPUTFILE14=/tmp/maxwoo/21EF1A6A9139C9FD2A38E59AFB466F9A_2291/INPUTFILES/data_1221483761.root
INPUTFILE15=/tmp/maxwoo/21EF1A6A9139C9FD2A38E59AFB466F9A_2291/INPUTFILES/data_1221483771.root
INPUTFILE16=/tmp/maxwoo/21EF1A6A9139C9FD2A38E59AFB466F9A_2291/INPUTFILES/data_1221483781.root
INPUTFILE17=/tmp/maxwoo/21EF1A6A9139C9FD2A38E59AFB466F9A_2291/INPUTFILES/data_1221483791.root
INPUTFILE18=/tmp/maxwoo/21EF1A6A9139C9FD2A38E59AFB466F9A_2291/INPUTFILES/data_1221583751.root
INPUTFILE19=/tmp/maxwoo/21EF1A6A9139C9FD2A38E59AFB466F9A_2291/INPUTFILES/data_1221683741.root
INPUTFILE20=/tmp/maxwoo/21EF1A6A9139C9FD2A38E59AFB466F9A_2291/INPUTFILES/data_1221683801.root
INPUTFILE21=/tmp/maxwoo/21EF1A6A9139C9FD2A38E59AFB466F9A_2291/INPUTFILES/data_1221783721.root
INPUTFILE22=/tmp/maxwoo/21EF1A6A9139C9FD2A38E59AFB466F9A_2291/INPUTFILES/data_1221783731.root
INPUTFILE23=/tmp/maxwoo/21EF1A6A9139C9FD2A38E59AFB466F9A_2291/INPUTFILES/data_1221883691.root
INPUTFILE24=/tmp/maxwoo/21EF1A6A9139C9FD2A38E59AFB466F9A_2291/INPUTFILES/data_1221883701.root
INPUTFILE25=/tmp/maxwoo/21EF1A6A9139C9FD2A38E59AFB466F9A_2291/INPUTFILES/data_1221883711.root
INPUTFILE26=/tmp/maxwoo/21EF1A6A9139C9FD2A38E59AFB466F9A_2291/INPUTFILES/data_1221983651.root
INPUTFILE27=/tmp/maxwoo/21EF1A6A9139C9FD2A38E59AFB466F9A_2291/INPUTFILES/data_1221983681.root
INPUTFILE28=/tmp/maxwoo/21EF1A6A9139C9FD2A38E59AFB466F9A_2291/INPUTFILES/data_1222083581.root
INPUTFILE29=/tmp/maxwoo/21EF1A6A9139C9FD2A38E59AFB466F9A_2291/INPUTFILES/data_1222083591.root
INPUTFILE30=/tmp/maxwoo/21EF1A6A9139C9FD2A38E59AFB466F9A_2291/INPUTFILES/data_1222083601.root
INPUTFILE31=/tmp/maxwoo/21EF1A6A9139C9FD2A38E59AFB466F9A_2291/INPUTFILES/data_1222083611.root
INPUTFILE32=/tmp/maxwoo/21EF1A6A9139C9FD2A38E59AFB466F9A_2291/INPUTFILES/data_1222083621.root
INPUTFILE33=/tmp/maxwoo/21EF1A6A9139C9FD2A38E59AFB466F9A_2291/INPUTFILES/data_1222083641.root
INPUTFILE34=/tmp/maxwoo/21EF1A6A9139C9FD2A38E59AFB466F9A_2291/INPUTFILES/data_1222083661.root
INPUTFILE35=/tmp/maxwoo/21EF1A6A9139C9FD2A38E59AFB466F9A_2291/INPUTFILES/data_1222119651.root
INPUTFILE36=/tmp/maxwoo/21EF1A6A9139C9FD2A38E59AFB466F9A_2291/INPUTFILES/data_1222120741.root
LocalInputFileDir=/tmp/maxwoo/21EF1A6A9139C9FD2A38E59AFB466F9A_2291/INPUTFILES
NewFILELIST=/tmp/maxwoo/21EF1A6A9139C9FD2A38E59AFB466F9A_2291/INPUTFILES/21EF1A6A9139C9FD2A38E59AFB466F9A_2291.local.list
+++++++++++++++++++++++++++++++++++++++++++++++
--------------------------------
Simple Unified Meta Scheduler 1.10.50 we are starting in $SCRATCH : /home/tmp/maxwoo/21EF1A6A9139C9FD2A38E59AFB466F9A_2291
--------------------------------
total 16
lrwxrwxrwx 1 maxwoo rhstar   61 Jun  2 10:59 check_S.C -> /gpfs/mnt/gpfs01/star/pwg/xiatong/git/strangeness/./check_S.C
lrwxrwxrwx 1 maxwoo rhstar   65 Jun  2 10:59 Check_Sness.C -> /gpfs/mnt/gpfs01/star/pwg/xiatong/git/strangeness/./Check_Sness.C
drwxr-xr-x 2 maxwoo rhstar 4096 Jun  2 11:01 INPUTFILES
drwxr-xr-x 2 maxwoo rhstar 4096 Jun  2 10:59 lib
  *******************************************
  *                                         *
  *        W E L C O M E  to  R O O T       *
  *                                         *
  *   Version   5.34/38     12 March 2018   *
  *                                         *
  *  You are welcome to visit our Web site  *
  *          http://root.cern.ch            *
  *                                         *
  *******************************************

ROOT 5.34/38 (v5-34-38@v5-34-38, Mar 12 2018, 15:49:39 on linux)

CINT/ROOT C/C++ Interpreter version 5.18.00, July 2, 2010
Type ? for help. Commands must be C++ statements.
Enclose multiple statements between { }.
*** Float Point Exception is OFF ***
 *** Start at Date : Thu Jun  2 11:01:52 2022
QAInfo:You are using STAR_LEVEL : dev, ROOT_LEVEL : 5.34.38 and node : rcas2928.rcf.bnl.gov 

Processing check_S.C++("/tmp/maxwoo/21EF1A6A9139C9FD2A38E59AFB466F9A_2291/INPUTFILES/21EF1A6A9139C9FD2A38E59AFB466F9A_2291.local.list","21EF1A6A9139C9FD2A38E59AFB466F9A_2291",1)...
/tmp/maxwoo/21EF1A6A9139C9FD2A38E59AFB466F9A_2291/INPUTFILES/data_1220283971.root 
/tmp/maxwoo/21EF1A6A9139C9FD2A38E59AFB466F9A_2291/INPUTFILES/data_1220483901.root 
/tmp/maxwoo/21EF1A6A9139C9FD2A38E59AFB466F9A_2291/INPUTFILES/data_1220483911.root 
/tmp/maxwoo/21EF1A6A9139C9FD2A38E59AFB466F9A_2291/INPUTFILES/data_1220883891.root 
/tmp/maxwoo/21EF1A6A9139C9FD2A38E59AFB466F9A_2291/INPUTFILES/data_1220983881.root 
/tmp/maxwoo/21EF1A6A9139C9FD2A38E59AFB466F9A_2291/INPUTFILES/data_1221083851.root 
/tmp/maxwoo/21EF1A6A9139C9FD2A38E59AFB466F9A_2291/INPUTFILES/data_1221083861.root 
/tmp/maxwoo/21EF1A6A9139C9FD2A38E59AFB466F9A_2291/INPUTFILES/data_1221120861.root 
/tmp/maxwoo/21EF1A6A9139C9FD2A38E59AFB466F9A_2291/INPUTFILES/data_1221120871.root 
/tmp/maxwoo/21EF1A6A9139C9FD2A38E59AFB466F9A_2291/INPUTFILES/data_1221155101.root 
/tmp/maxwoo/21EF1A6A9139C9FD2A38E59AFB466F9A_2291/INPUTFILES/data_1221183841.root 
/tmp/maxwoo/21EF1A6A9139C9FD2A38E59AFB466F9A_2291/INPUTFILES/data_1221283831.root 
/tmp/maxwoo/21EF1A6A9139C9FD2A38E59AFB466F9A_2291/INPUTFILES/data_1221383811.root 
/tmp/maxwoo/21EF1A6A9139C9FD2A38E59AFB466F9A_2291/INPUTFILES/data_1221383821.root 
/tmp/maxwoo/21EF1A6A9139C9FD2A38E59AFB466F9A_2291/INPUTFILES/data_1221483761.root 
/tmp/maxwoo/21EF1A6A9139C9FD2A38E59AFB466F9A_2291/INPUTFILES/data_1221483771.root 
/tmp/maxwoo/21EF1A6A9139C9FD2A38E59AFB466F9A_2291/INPUTFILES/data_1221483781.root 
/tmp/maxwoo/21EF1A6A9139C9FD2A38E59AFB466F9A_2291/INPUTFILES/data_1221483791.root 
/tmp/maxwoo/21EF1A6A9139C9FD2A38E59AFB466F9A_2291/INPUTFILES/data_1221583751.root 
/tmp/maxwoo/21EF1A6A9139C9FD2A38E59AFB466F9A_2291/INPUTFILES/data_1221683741.root 
/tmp/maxwoo/21EF1A6A9139C9FD2A38E59AFB466F9A_2291/INPUTFILES/data_1221683801.root 
/tmp/maxwoo/21EF1A6A9139C9FD2A38E59AFB466F9A_2291/INPUTFILES/data_1221783721.root 
/tmp/maxwoo/21EF1A6A9139C9FD2A38E59AFB466F9A_2291/INPUTFILES/data_1221783731.root 
/tmp/maxwoo/21EF1A6A9139C9FD2A38E59AFB466F9A_2291/INPUTFILES/data_1221883691.root 
/tmp/maxwoo/21EF1A6A9139C9FD2A38E59AFB466F9A_2291/INPUTFILES/data_1221883701.root 
/tmp/maxwoo/21EF1A6A9139C9FD2A38E59AFB466F9A_2291/INPUTFILES/data_1221883711.root 
/tmp/maxwoo/21EF1A6A9139C9FD2A38E59AFB466F9A_2291/INPUTFILES/data_1221983651.root 
/tmp/maxwoo/21EF1A6A9139C9FD2A38E59AFB466F9A_2291/INPUTFILES/data_1221983681.root 
/tmp/maxwoo/21EF1A6A9139C9FD2A38E59AFB466F9A_2291/INPUTFILES/data_1222083581.root 
/tmp/maxwoo/21EF1A6A9139C9FD2A38E59AFB466F9A_2291/INPUTFILES/data_1222083591.root 
/tmp/maxwoo/21EF1A6A9139C9FD2A38E59AFB466F9A_2291/INPUTFILES/data_1222083601.root 
/tmp/maxwoo/21EF1A6A9139C9FD2A38E59AFB466F9A_2291/INPUTFILES/data_1222083611.root 
/tmp/maxwoo/21EF1A6A9139C9FD2A38E59AFB466F9A_2291/INPUTFILES/data_1222083621.root 
/tmp/maxwoo/21EF1A6A9139C9FD2A38E59AFB466F9A_2291/INPUTFILES/data_1222083641.root 
/tmp/maxwoo/21EF1A6A9139C9FD2A38E59AFB466F9A_2291/INPUTFILES/data_1222083661.root 
/tmp/maxwoo/21EF1A6A9139C9FD2A38E59AFB466F9A_2291/INPUTFILES/data_1222119651.root 
/tmp/maxwoo/21EF1A6A9139C9FD2A38E59AFB466F9A_2291/INPUTFILES/data_1222120741.root 
Added 37 files
# entries in chain: 36551
Processing entry == 1000 == out of 36551.
Processing entry == 2000 == out of 36551.
Processing entry == 3000 == out of 36551.
Processing entry == 4000 == out of 36551.
Processing entry == 5000 == out of 36551.
Processing entry == 6000 == out of 36551.
Processing entry == 7000 == out of 36551.
Processing entry == 8000 == out of 36551.
Processing entry == 9000 == out of 36551.
Processing entry == 10000 == out of 36551.
Processing entry == 11000 == out of 36551.
Processing entry == 12000 == out of 36551.
Processing entry == 13000 == out of 36551.
Processing entry == 14000 == out of 36551.
Processing entry == 15000 == out of 36551.
Processing entry == 16000 == out of 36551.
Processing entry == 17000 == out of 36551.
Processing entry == 18000 == out of 36551.
Processing entry == 19000 == out of 36551.
Processing entry == 20000 == out of 36551.
Processing entry == 21000 == out of 36551.
Processing entry == 22000 == out of 36551.
Processing entry == 23000 == out of 36551.
Processing entry == 24000 == out of 36551.
Processing entry == 25000 == out of 36551.
Processing entry == 26000 == out of 36551.
Processing entry == 27000 == out of 36551.
Processing entry == 28000 == out of 36551.
Processing entry == 29000 == out of 36551.
Processing entry == 30000 == out of 36551.
Processing entry == 31000 == out of 36551.
Processing entry == 32000 == out of 36551.
Processing entry == 33000 == out of 36551.
Processing entry == 34000 == out of 36551.
Processing entry == 35000 == out of 36551.
Processing entry == 36000 == out of 36551.

This is the end of ROOT -- Goodbye

Cleaning up sandbox file:  /tmp/maxwoo/21EF1A6A9139C9FD2A38E59AFB466F9A_2291/check_S.C
Cleaning up sandbox file:  /tmp/maxwoo/21EF1A6A9139C9FD2A38E59AFB466F9A_2291/Check_Sness.C
Cleaning up sandbox file:  /tmp/maxwoo/21EF1A6A9139C9FD2A38E59AFB466F9A_2291/lib
Cleaning up sandbox file:  /tmp/maxwoo/21EF1A6A9139C9FD2A38E59AFB466F9A_2291/.sandboxFiles
Starting copy block
Running copy command:  /bin/cp -fp /tmp/maxwoo/21EF1A6A9139C9FD2A38E59AFB466F9A_2291/out_21EF1A6A9139C9FD2A38E59AFB466F9A_2291.root /star/data01/pwg/xiatong/git/strangeness/data/
20370 Execution of (/star/data01/pwg/xiatong/git/strangeness/script/sched21EF1A6A9139C9FD2A38E59AFB466F9A_2291.csh ) has ended, exiting normally
20370 We END on [Thu Jun  2 11:22:33 EDT 2022]
