We are starting on node: rcas6350.rcf.bnl.gov
HOME is not defined
Using getent method
HOME is now /star/u/maxwoo
45878 We will spawn ourselves (/star/data01/pwg/xiatong/git/strangeness/script/sched21EF1A6A9139C9FD2A38E59AFB466F9A_2130.csh )
45878 We BEGIN on [Thu Jun  2 11:00:42 EDT 2022]
[1] 46086
45878 We are waiting for 46086 
45878 Grandchild PID is 47239 - found in 10 x 1 seconds
45878 Establishing first watcher   on    Thu Jun  2 11:00:53 EDT 2022
45878 Process tree is 45878 (main) -> 46086 (child) -> 47239 (grandchild)
F S   UID   PID  PPID  C PRI  NI ADDR SZ WCHAN  TTY        TIME CMD
0 D 100667 47239 46086  0 80   0 - 32311 cxiWai ?          0:00 cp /star/data01/pwg/xiatong/AMPT/14GeV/data_0193188181.root /tmp/maxwoo/21EF1A6A9139C9FD2A38E59AFB466F9A_2130/INPUTFILES/data_0193188181.root
45878 Grandchild PID is 47961 - found in 20 x 2 seconds
45878 Grandchild to watch has changed on Thu Jun  2 11:01:14 EDT 2022
45878 Process tree is 45878 (main) -> 46086 (child) -> 47961 (grandchild)
F S   UID   PID  PPID  C PRI  NI ADDR SZ WCHAN  TTY        TIME CMD
0 D 100667 47961 46086  0 80   0 - 32311 cxiWai ?          0:00 cp /star/data01/pwg/xiatong/AMPT/14GeV/data_0194031851.root /tmp/maxwoo/21EF1A6A9139C9FD2A38E59AFB466F9A_2130/INPUTFILES/data_0194031851.root
45878 Grandchild PID is 1039 - found in 30 x 2 seconds
45878 Grandchild to watch has changed on Thu Jun  2 11:01:34 EDT 2022
45878 Process tree is 45878 (main) -> 46086 (child) -> 1039 (grandchild)
F S   UID   PID  PPID  C PRI  NI ADDR SZ WCHAN  TTY        TIME CMD
0 D 100667 1039 46086  0  80   0 - 32311 cxiWai ?          0:00 cp /star/data01/pwg/xiatong/AMPT/14GeV/data_0194153861.root /tmp/maxwoo/21EF1A6A9139C9FD2A38E59AFB466F9A_2130/INPUTFILES/data_0194153861.root
45878 Grandchild PID is 2949 - found in 50 x 2 seconds
45878 Grandchild to watch has changed on Thu Jun  2 11:02:16 EDT 2022
45878 Process tree is 45878 (main) -> 46086 (child) -> 2949 (grandchild)
F S   UID   PID  PPID  C PRI  NI ADDR SZ WCHAN  TTY        TIME CMD
0 D 100667 2949 46086  0  80   0 - 32311 cxiWai ?          0:00 cp /star/data01/pwg/xiatong/AMPT/14GeV/data_0195188151.root /tmp/maxwoo/21EF1A6A9139C9FD2A38E59AFB466F9A_2130/INPUTFILES/data_0195188151.root
45878 Grandchild PID is 4075 - found in 60 x 2 seconds
45878 Grandchild to watch has changed on Thu Jun  2 11:02:37 EDT 2022
45878 Process tree is 45878 (main) -> 46086 (child) -> 4075 (grandchild)
F S   UID   PID  PPID  C PRI  NI ADDR SZ WCHAN  TTY        TIME CMD
0 D 100667 4075 46086  0  80   0 - 32311 cxiWai ?          0:00 cp /star/data01/pwg/xiatong/AMPT/14GeV/data_0196154891.root /tmp/maxwoo/21EF1A6A9139C9FD2A38E59AFB466F9A_2130/INPUTFILES/data_0196154891.root
45878 Grandchild PID is 6094 - found in 70 x 2 seconds
45878 Grandchild to watch has changed on Thu Jun  2 11:02:57 EDT 2022
45878 Process tree is 45878 (main) -> 46086 (child) -> 6094 (grandchild)
F S   UID   PID  PPID  C PRI  NI ADDR SZ WCHAN  TTY        TIME CMD
0 D 100667 6094 46086  0  80   0 - 32311 cxiWai ?          0:00 cp /star/data01/pwg/xiatong/AMPT/14GeV/data_0196187451.root /tmp/maxwoo/21EF1A6A9139C9FD2A38E59AFB466F9A_2130/INPUTFILES/data_0196187451.root
45878 Grandchild PID is 7268 - found in 80 x 2 seconds
45878 Grandchild to watch has changed on Thu Jun  2 11:03:18 EDT 2022
45878 Process tree is 45878 (main) -> 46086 (child) -> 7268 (grandchild)
F S   UID   PID  PPID  C PRI  NI ADDR SZ WCHAN  TTY        TIME CMD
0 D 100667 7268 46086  0  80   0 - 32311 cxiWai ?          0:00 cp /star/data01/pwg/xiatong/AMPT/14GeV/data_0196187871.root /tmp/maxwoo/21EF1A6A9139C9FD2A38E59AFB466F9A_2130/INPUTFILES/data_0196187871.root
45878 Grandchild PID is 8714 - found in 90 x 2 seconds
45878 Grandchild to watch has changed on Thu Jun  2 11:03:39 EDT 2022
45878 Process tree is 45878 (main) -> 46086 (child) -> 8714 (grandchild)
F S   UID   PID  PPID  C PRI  NI ADDR SZ WCHAN  TTY        TIME CMD
0 S 100667 8714 46086  0  80   0 -  1272 do_wai ?          0:00 root -b -q check_S.C++("/tmp/maxwoo/21EF1A6A9139C9FD2A38E59AFB466F9A_2130/INPUTFILES/21EF1A6A9139C9FD2A38E59AFB466F9A_2130.local.list","21EF1A6A9139C9FD2A38E59AFB466F9A_2130",1)
46086 Stepping into the main SUMS wrapper program with []
.... building sandbox
Running: cp /star/data01/pwg/xiatong/AMPT/14GeV/data_0191231931.root /tmp/maxwoo/21EF1A6A9139C9FD2A38E59AFB466F9A_2130/INPUTFILES/data_0191231931.root
Running: cp /star/data01/pwg/xiatong/AMPT/14GeV/data_0191631921.root /tmp/maxwoo/21EF1A6A9139C9FD2A38E59AFB466F9A_2130/INPUTFILES/data_0191631921.root
Running: cp /star/data01/pwg/xiatong/AMPT/14GeV/data_0191731911.root /tmp/maxwoo/21EF1A6A9139C9FD2A38E59AFB466F9A_2130/INPUTFILES/data_0191731911.root
Running: cp /star/data01/pwg/xiatong/AMPT/14GeV/data_0191831901.root /tmp/maxwoo/21EF1A6A9139C9FD2A38E59AFB466F9A_2130/INPUTFILES/data_0191831901.root
Running: cp /star/data01/pwg/xiatong/AMPT/14GeV/data_0191931891.root /tmp/maxwoo/21EF1A6A9139C9FD2A38E59AFB466F9A_2130/INPUTFILES/data_0191931891.root
Running: cp /star/data01/pwg/xiatong/AMPT/14GeV/data_0192197471.root /tmp/maxwoo/21EF1A6A9139C9FD2A38E59AFB466F9A_2130/INPUTFILES/data_0192197471.root
Running: cp /star/data01/pwg/xiatong/AMPT/14GeV/data_0192331881.root /tmp/maxwoo/21EF1A6A9139C9FD2A38E59AFB466F9A_2130/INPUTFILES/data_0192331881.root
Running: cp /star/data01/pwg/xiatong/AMPT/14GeV/data_0192731871.root /tmp/maxwoo/21EF1A6A9139C9FD2A38E59AFB466F9A_2130/INPUTFILES/data_0192731871.root
Running: cp /star/data01/pwg/xiatong/AMPT/14GeV/data_0192831861.root /tmp/maxwoo/21EF1A6A9139C9FD2A38E59AFB466F9A_2130/INPUTFILES/data_0192831861.root
Running: cp /star/data01/pwg/xiatong/AMPT/14GeV/data_0193188181.root /tmp/maxwoo/21EF1A6A9139C9FD2A38E59AFB466F9A_2130/INPUTFILES/data_0193188181.root
Running: cp /star/data01/pwg/xiatong/AMPT/14GeV/data_0194031851.root /tmp/maxwoo/21EF1A6A9139C9FD2A38E59AFB466F9A_2130/INPUTFILES/data_0194031851.root
Running: cp /star/data01/pwg/xiatong/AMPT/14GeV/data_0194153861.root /tmp/maxwoo/21EF1A6A9139C9FD2A38E59AFB466F9A_2130/INPUTFILES/data_0194153861.root
Running: cp /star/data01/pwg/xiatong/AMPT/14GeV/data_0194931821.root /tmp/maxwoo/21EF1A6A9139C9FD2A38E59AFB466F9A_2130/INPUTFILES/data_0194931821.root
Running: cp /star/data01/pwg/xiatong/AMPT/14GeV/data_0194931831.root /tmp/maxwoo/21EF1A6A9139C9FD2A38E59AFB466F9A_2130/INPUTFILES/data_0194931831.root
Running: cp /star/data01/pwg/xiatong/AMPT/14GeV/data_0195031841.root /tmp/maxwoo/21EF1A6A9139C9FD2A38E59AFB466F9A_2130/INPUTFILES/data_0195031841.root
Running: cp /star/data01/pwg/xiatong/AMPT/14GeV/data_0195139451.root /tmp/maxwoo/21EF1A6A9139C9FD2A38E59AFB466F9A_2130/INPUTFILES/data_0195139451.root
Running: cp /star/data01/pwg/xiatong/AMPT/14GeV/data_0195153851.root /tmp/maxwoo/21EF1A6A9139C9FD2A38E59AFB466F9A_2130/INPUTFILES/data_0195153851.root
Running: cp /star/data01/pwg/xiatong/AMPT/14GeV/data_0195187801.root /tmp/maxwoo/21EF1A6A9139C9FD2A38E59AFB466F9A_2130/INPUTFILES/data_0195187801.root
Running: cp /star/data01/pwg/xiatong/AMPT/14GeV/data_0195188151.root /tmp/maxwoo/21EF1A6A9139C9FD2A38E59AFB466F9A_2130/INPUTFILES/data_0195188151.root
Running: cp /star/data01/pwg/xiatong/AMPT/14GeV/data_0195188171.root /tmp/maxwoo/21EF1A6A9139C9FD2A38E59AFB466F9A_2130/INPUTFILES/data_0195188171.root
Running: cp /star/data01/pwg/xiatong/AMPT/14GeV/data_0195331811.root /tmp/maxwoo/21EF1A6A9139C9FD2A38E59AFB466F9A_2130/INPUTFILES/data_0195331811.root
Running: cp /star/data01/pwg/xiatong/AMPT/14GeV/data_0196154891.root /tmp/maxwoo/21EF1A6A9139C9FD2A38E59AFB466F9A_2130/INPUTFILES/data_0196154891.root
Running: cp /star/data01/pwg/xiatong/AMPT/14GeV/data_0196187451.root /tmp/maxwoo/21EF1A6A9139C9FD2A38E59AFB466F9A_2130/INPUTFILES/data_0196187451.root
Running: cp /star/data01/pwg/xiatong/AMPT/14GeV/data_0196187531.root /tmp/maxwoo/21EF1A6A9139C9FD2A38E59AFB466F9A_2130/INPUTFILES/data_0196187531.root
Running: cp /star/data01/pwg/xiatong/AMPT/14GeV/data_0196187541.root /tmp/maxwoo/21EF1A6A9139C9FD2A38E59AFB466F9A_2130/INPUTFILES/data_0196187541.root
Running: cp /star/data01/pwg/xiatong/AMPT/14GeV/data_0196187591.root /tmp/maxwoo/21EF1A6A9139C9FD2A38E59AFB466F9A_2130/INPUTFILES/data_0196187591.root
Running: cp /star/data01/pwg/xiatong/AMPT/14GeV/data_0196187621.root /tmp/maxwoo/21EF1A6A9139C9FD2A38E59AFB466F9A_2130/INPUTFILES/data_0196187621.root
Running: cp /star/data01/pwg/xiatong/AMPT/14GeV/data_0196187701.root /tmp/maxwoo/21EF1A6A9139C9FD2A38E59AFB466F9A_2130/INPUTFILES/data_0196187701.root
Running: cp /star/data01/pwg/xiatong/AMPT/14GeV/data_0196187731.root /tmp/maxwoo/21EF1A6A9139C9FD2A38E59AFB466F9A_2130/INPUTFILES/data_0196187731.root
Running: cp /star/data01/pwg/xiatong/AMPT/14GeV/data_0196187761.root /tmp/maxwoo/21EF1A6A9139C9FD2A38E59AFB466F9A_2130/INPUTFILES/data_0196187761.root
Running: cp /star/data01/pwg/xiatong/AMPT/14GeV/data_0196187821.root /tmp/maxwoo/21EF1A6A9139C9FD2A38E59AFB466F9A_2130/INPUTFILES/data_0196187821.root
Running: cp /star/data01/pwg/xiatong/AMPT/14GeV/data_0196187871.root /tmp/maxwoo/21EF1A6A9139C9FD2A38E59AFB466F9A_2130/INPUTFILES/data_0196187871.root
Running: cp /star/data01/pwg/xiatong/AMPT/14GeV/data_0196187931.root /tmp/maxwoo/21EF1A6A9139C9FD2A38E59AFB466F9A_2130/INPUTFILES/data_0196187931.root
Running: cp /star/data01/pwg/xiatong/AMPT/14GeV/data_0196187941.root /tmp/maxwoo/21EF1A6A9139C9FD2A38E59AFB466F9A_2130/INPUTFILES/data_0196187941.root
Running: cp /star/data01/pwg/xiatong/AMPT/14GeV/data_0196187981.root /tmp/maxwoo/21EF1A6A9139C9FD2A38E59AFB466F9A_2130/INPUTFILES/data_0196187981.root
Running: cp /star/data01/pwg/xiatong/AMPT/14GeV/data_0196188031.root /tmp/maxwoo/21EF1A6A9139C9FD2A38E59AFB466F9A_2130/INPUTFILES/data_0196188031.root
Running: cp /star/data01/pwg/xiatong/AMPT/14GeV/data_0196188141.root /tmp/maxwoo/21EF1A6A9139C9FD2A38E59AFB466F9A_2130/INPUTFILES/data_0196188141.root
Swapping $FILELIST with: /tmp/maxwoo/21EF1A6A9139C9FD2A38E59AFB466F9A_2130/INPUTFILES/21EF1A6A9139C9FD2A38E59AFB466F9A_2130.local.list
+++++++++++local copy debug++++++++++++++++++++
newFileList: /tmp/maxwoo/21EF1A6A9139C9FD2A38E59AFB466F9A_2130/INPUTFILES/21EF1A6A9139C9FD2A38E59AFB466F9A_2130.local.list
++++++++++++++++cat FILELIST+++++++++++++++++++
/tmp/maxwoo/21EF1A6A9139C9FD2A38E59AFB466F9A_2130/INPUTFILES/data_0191231931.root 
/tmp/maxwoo/21EF1A6A9139C9FD2A38E59AFB466F9A_2130/INPUTFILES/data_0191631921.root 
/tmp/maxwoo/21EF1A6A9139C9FD2A38E59AFB466F9A_2130/INPUTFILES/data_0191731911.root 
/tmp/maxwoo/21EF1A6A9139C9FD2A38E59AFB466F9A_2130/INPUTFILES/data_0191831901.root 
/tmp/maxwoo/21EF1A6A9139C9FD2A38E59AFB466F9A_2130/INPUTFILES/data_0191931891.root 
/tmp/maxwoo/21EF1A6A9139C9FD2A38E59AFB466F9A_2130/INPUTFILES/data_0192197471.root 
/tmp/maxwoo/21EF1A6A9139C9FD2A38E59AFB466F9A_2130/INPUTFILES/data_0192331881.root 
/tmp/maxwoo/21EF1A6A9139C9FD2A38E59AFB466F9A_2130/INPUTFILES/data_0192731871.root 
/tmp/maxwoo/21EF1A6A9139C9FD2A38E59AFB466F9A_2130/INPUTFILES/data_0192831861.root 
/tmp/maxwoo/21EF1A6A9139C9FD2A38E59AFB466F9A_2130/INPUTFILES/data_0193188181.root 
/tmp/maxwoo/21EF1A6A9139C9FD2A38E59AFB466F9A_2130/INPUTFILES/data_0194031851.root 
/tmp/maxwoo/21EF1A6A9139C9FD2A38E59AFB466F9A_2130/INPUTFILES/data_0194153861.root 
/tmp/maxwoo/21EF1A6A9139C9FD2A38E59AFB466F9A_2130/INPUTFILES/data_0194931821.root 
/tmp/maxwoo/21EF1A6A9139C9FD2A38E59AFB466F9A_2130/INPUTFILES/data_0194931831.root 
/tmp/maxwoo/21EF1A6A9139C9FD2A38E59AFB466F9A_2130/INPUTFILES/data_0195031841.root 
/tmp/maxwoo/21EF1A6A9139C9FD2A38E59AFB466F9A_2130/INPUTFILES/data_0195139451.root 
/tmp/maxwoo/21EF1A6A9139C9FD2A38E59AFB466F9A_2130/INPUTFILES/data_0195153851.root 
/tmp/maxwoo/21EF1A6A9139C9FD2A38E59AFB466F9A_2130/INPUTFILES/data_0195187801.root 
/tmp/maxwoo/21EF1A6A9139C9FD2A38E59AFB466F9A_2130/INPUTFILES/data_0195188151.root 
/tmp/maxwoo/21EF1A6A9139C9FD2A38E59AFB466F9A_2130/INPUTFILES/data_0195188171.root 
/tmp/maxwoo/21EF1A6A9139C9FD2A38E59AFB466F9A_2130/INPUTFILES/data_0195331811.root 
/tmp/maxwoo/21EF1A6A9139C9FD2A38E59AFB466F9A_2130/INPUTFILES/data_0196154891.root 
/tmp/maxwoo/21EF1A6A9139C9FD2A38E59AFB466F9A_2130/INPUTFILES/data_0196187451.root 
/tmp/maxwoo/21EF1A6A9139C9FD2A38E59AFB466F9A_2130/INPUTFILES/data_0196187531.root 
/tmp/maxwoo/21EF1A6A9139C9FD2A38E59AFB466F9A_2130/INPUTFILES/data_0196187541.root 
/tmp/maxwoo/21EF1A6A9139C9FD2A38E59AFB466F9A_2130/INPUTFILES/data_0196187591.root 
/tmp/maxwoo/21EF1A6A9139C9FD2A38E59AFB466F9A_2130/INPUTFILES/data_0196187621.root 
/tmp/maxwoo/21EF1A6A9139C9FD2A38E59AFB466F9A_2130/INPUTFILES/data_0196187701.root 
/tmp/maxwoo/21EF1A6A9139C9FD2A38E59AFB466F9A_2130/INPUTFILES/data_0196187731.root 
/tmp/maxwoo/21EF1A6A9139C9FD2A38E59AFB466F9A_2130/INPUTFILES/data_0196187761.root 
/tmp/maxwoo/21EF1A6A9139C9FD2A38E59AFB466F9A_2130/INPUTFILES/data_0196187821.root 
/tmp/maxwoo/21EF1A6A9139C9FD2A38E59AFB466F9A_2130/INPUTFILES/data_0196187871.root 
/tmp/maxwoo/21EF1A6A9139C9FD2A38E59AFB466F9A_2130/INPUTFILES/data_0196187931.root 
/tmp/maxwoo/21EF1A6A9139C9FD2A38E59AFB466F9A_2130/INPUTFILES/data_0196187941.root 
/tmp/maxwoo/21EF1A6A9139C9FD2A38E59AFB466F9A_2130/INPUTFILES/data_0196187981.root 
/tmp/maxwoo/21EF1A6A9139C9FD2A38E59AFB466F9A_2130/INPUTFILES/data_0196188031.root 
/tmp/maxwoo/21EF1A6A9139C9FD2A38E59AFB466F9A_2130/INPUTFILES/data_0196188141.root 
++++++++++++++++++++find.++++++++++++++++++++++
.
./lib
./lib/CenMaker_cpp.d
./lib/my_particle_cpp_ACLiC_dict_rdict.pcm
./lib/my_particle_cpp.d
./lib/my_event_cpp_ACLiC_dict_rdict.pcm
./lib/CenMaker.cpp
./lib/NpartNormalizer_cpp.d
./lib/MixedBuffer_cpp.d
./lib/my_event.cpp
./lib/MixedBuffer_cpp.so
./lib/CenMaker.h
./lib/my_event.h
./lib/CenMaker_cpp.so
./lib/MixedBuffer_cpp_ACLiC_dict_rdict.pcm
./lib/CenMaker_cpp_ACLiC_dict_rdict.pcm
./lib/my_particle.cpp
./lib/my_particle_cpp.so
./lib/NpartNormalizer.cpp
./lib/my_event_cpp.so
./lib/MixedBuffer.h
./lib/my_particle.h
./lib/NpartNormalizer_cpp.so
./lib/MixedBuffer.cpp
./lib/NpartNormalizer_cpp_ACLiC_dict_rdict.pcm
./lib/my_event_cpp.d
./lib/NpartNormalizer.h
./check_S.C
./.sandboxFiles
./Check_Sness.C
./.output.log
./INPUTFILES
./INPUTFILES/data_0196187541.root
./INPUTFILES/data_0196187941.root
./INPUTFILES/data_0192831861.root
./INPUTFILES/data_0195331811.root
./INPUTFILES/data_0192331881.root
./INPUTFILES/data_0196154891.root
./INPUTFILES/data_0196187731.root
./INPUTFILES/data_0196187531.root
./INPUTFILES/data_0191931891.root
./INPUTFILES/data_0195187801.root
./INPUTFILES/data_0195031841.root
./INPUTFILES/data_0196187931.root
./INPUTFILES/data_0196187821.root
./INPUTFILES/data_0191631921.root
./INPUTFILES/data_0196187451.root
./INPUTFILES/data_0192197471.root
./INPUTFILES/data_0191231931.root
./INPUTFILES/data_0194031851.root
./INPUTFILES/data_0195188171.root
./INPUTFILES/data_0194153861.root
./INPUTFILES/data_0196187701.root
./INPUTFILES/data_0196187761.root
./INPUTFILES/data_0196187621.root
./INPUTFILES/data_0194931821.root
./INPUTFILES/data_0195188151.root
./INPUTFILES/data_0196188141.root
./INPUTFILES/data_0193188181.root
./INPUTFILES/data_0194931831.root
./INPUTFILES/data_0195139451.root
./INPUTFILES/21EF1A6A9139C9FD2A38E59AFB466F9A_2130.local.list
./INPUTFILES/data_0195153851.root
./INPUTFILES/data_0191731911.root
./INPUTFILES/data_0196187591.root
./INPUTFILES/data_0196188031.root
./INPUTFILES/data_0196187981.root
./INPUTFILES/data_0192731871.root
./INPUTFILES/data_0191831901.root
./INPUTFILES/data_0196187871.root
./.errror.log
++++++++++++++++INPUTFILE Var++++++++++++++++++
FILELIST=/tmp/maxwoo/21EF1A6A9139C9FD2A38E59AFB466F9A_2130/INPUTFILES/21EF1A6A9139C9FD2A38E59AFB466F9A_2130.local.list
INPUTFILECOUNT=37
INPUTFILE0=/tmp/maxwoo/21EF1A6A9139C9FD2A38E59AFB466F9A_2130/INPUTFILES/data_0191231931.root
INPUTFILE1=/tmp/maxwoo/21EF1A6A9139C9FD2A38E59AFB466F9A_2130/INPUTFILES/data_0191631921.root
INPUTFILE2=/tmp/maxwoo/21EF1A6A9139C9FD2A38E59AFB466F9A_2130/INPUTFILES/data_0191731911.root
INPUTFILE3=/tmp/maxwoo/21EF1A6A9139C9FD2A38E59AFB466F9A_2130/INPUTFILES/data_0191831901.root
INPUTFILE4=/tmp/maxwoo/21EF1A6A9139C9FD2A38E59AFB466F9A_2130/INPUTFILES/data_0191931891.root
INPUTFILE5=/tmp/maxwoo/21EF1A6A9139C9FD2A38E59AFB466F9A_2130/INPUTFILES/data_0192197471.root
INPUTFILE6=/tmp/maxwoo/21EF1A6A9139C9FD2A38E59AFB466F9A_2130/INPUTFILES/data_0192331881.root
INPUTFILE7=/tmp/maxwoo/21EF1A6A9139C9FD2A38E59AFB466F9A_2130/INPUTFILES/data_0192731871.root
INPUTFILE8=/tmp/maxwoo/21EF1A6A9139C9FD2A38E59AFB466F9A_2130/INPUTFILES/data_0192831861.root
INPUTFILE9=/tmp/maxwoo/21EF1A6A9139C9FD2A38E59AFB466F9A_2130/INPUTFILES/data_0193188181.root
INPUTFILE10=/tmp/maxwoo/21EF1A6A9139C9FD2A38E59AFB466F9A_2130/INPUTFILES/data_0194031851.root
INPUTFILE11=/tmp/maxwoo/21EF1A6A9139C9FD2A38E59AFB466F9A_2130/INPUTFILES/data_0194153861.root
INPUTFILE12=/tmp/maxwoo/21EF1A6A9139C9FD2A38E59AFB466F9A_2130/INPUTFILES/data_0194931821.root
INPUTFILE13=/tmp/maxwoo/21EF1A6A9139C9FD2A38E59AFB466F9A_2130/INPUTFILES/data_0194931831.root
INPUTFILE14=/tmp/maxwoo/21EF1A6A9139C9FD2A38E59AFB466F9A_2130/INPUTFILES/data_0195031841.root
INPUTFILE15=/tmp/maxwoo/21EF1A6A9139C9FD2A38E59AFB466F9A_2130/INPUTFILES/data_0195139451.root
INPUTFILE16=/tmp/maxwoo/21EF1A6A9139C9FD2A38E59AFB466F9A_2130/INPUTFILES/data_0195153851.root
INPUTFILE17=/tmp/maxwoo/21EF1A6A9139C9FD2A38E59AFB466F9A_2130/INPUTFILES/data_0195187801.root
INPUTFILE18=/tmp/maxwoo/21EF1A6A9139C9FD2A38E59AFB466F9A_2130/INPUTFILES/data_0195188151.root
INPUTFILE19=/tmp/maxwoo/21EF1A6A9139C9FD2A38E59AFB466F9A_2130/INPUTFILES/data_0195188171.root
INPUTFILE20=/tmp/maxwoo/21EF1A6A9139C9FD2A38E59AFB466F9A_2130/INPUTFILES/data_0195331811.root
INPUTFILE21=/tmp/maxwoo/21EF1A6A9139C9FD2A38E59AFB466F9A_2130/INPUTFILES/data_0196154891.root
INPUTFILE22=/tmp/maxwoo/21EF1A6A9139C9FD2A38E59AFB466F9A_2130/INPUTFILES/data_0196187451.root
INPUTFILE23=/tmp/maxwoo/21EF1A6A9139C9FD2A38E59AFB466F9A_2130/INPUTFILES/data_0196187531.root
INPUTFILE24=/tmp/maxwoo/21EF1A6A9139C9FD2A38E59AFB466F9A_2130/INPUTFILES/data_0196187541.root
INPUTFILE25=/tmp/maxwoo/21EF1A6A9139C9FD2A38E59AFB466F9A_2130/INPUTFILES/data_0196187591.root
INPUTFILE26=/tmp/maxwoo/21EF1A6A9139C9FD2A38E59AFB466F9A_2130/INPUTFILES/data_0196187621.root
INPUTFILE27=/tmp/maxwoo/21EF1A6A9139C9FD2A38E59AFB466F9A_2130/INPUTFILES/data_0196187701.root
INPUTFILE28=/tmp/maxwoo/21EF1A6A9139C9FD2A38E59AFB466F9A_2130/INPUTFILES/data_0196187731.root
INPUTFILE29=/tmp/maxwoo/21EF1A6A9139C9FD2A38E59AFB466F9A_2130/INPUTFILES/data_0196187761.root
INPUTFILE30=/tmp/maxwoo/21EF1A6A9139C9FD2A38E59AFB466F9A_2130/INPUTFILES/data_0196187821.root
INPUTFILE31=/tmp/maxwoo/21EF1A6A9139C9FD2A38E59AFB466F9A_2130/INPUTFILES/data_0196187871.root
INPUTFILE32=/tmp/maxwoo/21EF1A6A9139C9FD2A38E59AFB466F9A_2130/INPUTFILES/data_0196187931.root
INPUTFILE33=/tmp/maxwoo/21EF1A6A9139C9FD2A38E59AFB466F9A_2130/INPUTFILES/data_0196187941.root
INPUTFILE34=/tmp/maxwoo/21EF1A6A9139C9FD2A38E59AFB466F9A_2130/INPUTFILES/data_0196187981.root
INPUTFILE35=/tmp/maxwoo/21EF1A6A9139C9FD2A38E59AFB466F9A_2130/INPUTFILES/data_0196188031.root
INPUTFILE36=/tmp/maxwoo/21EF1A6A9139C9FD2A38E59AFB466F9A_2130/INPUTFILES/data_0196188141.root
LocalInputFileDir=/tmp/maxwoo/21EF1A6A9139C9FD2A38E59AFB466F9A_2130/INPUTFILES
NewFILELIST=/tmp/maxwoo/21EF1A6A9139C9FD2A38E59AFB466F9A_2130/INPUTFILES/21EF1A6A9139C9FD2A38E59AFB466F9A_2130.local.list
+++++++++++++++++++++++++++++++++++++++++++++++
--------------------------------
Simple Unified Meta Scheduler 1.10.50 we are starting in $SCRATCH : /home/tmp/maxwoo/21EF1A6A9139C9FD2A38E59AFB466F9A_2130
--------------------------------
total 16
lrwxrwxrwx 1 maxwoo rhstar   61 Jun  2 11:00 check_S.C -> /gpfs/mnt/gpfs01/star/pwg/xiatong/git/strangeness/./check_S.C
lrwxrwxrwx 1 maxwoo rhstar   65 Jun  2 11:00 Check_Sness.C -> /gpfs/mnt/gpfs01/star/pwg/xiatong/git/strangeness/./Check_Sness.C
drwxr-xr-x 2 maxwoo rhstar 4096 Jun  2 11:03 INPUTFILES
drwxr-xr-x 2 maxwoo rhstar 4096 Jun  2 11:00 lib
  *******************************************
  *                                         *
  *        W E L C O M E  to  R O O T       *
  *                                         *
  *   Version   5.34/38     12 March 2018   *
  *                                         *
  *  You are welcome to visit our Web site  *
  *          http://root.cern.ch            *
  *                                         *
  *******************************************

ROOT 5.34/38 (v5-34-38@v5-34-38, Mar 12 2018, 15:49:39 on linux)

CINT/ROOT C/C++ Interpreter version 5.18.00, July 2, 2010
Type ? for help. Commands must be C++ statements.
Enclose multiple statements between { }.
*** Float Point Exception is OFF ***
 *** Start at Date : Thu Jun  2 11:03:38 2022
QAInfo:You are using STAR_LEVEL : dev, ROOT_LEVEL : 5.34.38 and node : rcas6350.rcf.bnl.gov 

Processing check_S.C++("/tmp/maxwoo/21EF1A6A9139C9FD2A38E59AFB466F9A_2130/INPUTFILES/21EF1A6A9139C9FD2A38E59AFB466F9A_2130.local.list","21EF1A6A9139C9FD2A38E59AFB466F9A_2130",1)...
/tmp/maxwoo/21EF1A6A9139C9FD2A38E59AFB466F9A_2130/INPUTFILES/data_0191231931.root 
/tmp/maxwoo/21EF1A6A9139C9FD2A38E59AFB466F9A_2130/INPUTFILES/data_0191631921.root 
/tmp/maxwoo/21EF1A6A9139C9FD2A38E59AFB466F9A_2130/INPUTFILES/data_0191731911.root 
/tmp/maxwoo/21EF1A6A9139C9FD2A38E59AFB466F9A_2130/INPUTFILES/data_0191831901.root 
/tmp/maxwoo/21EF1A6A9139C9FD2A38E59AFB466F9A_2130/INPUTFILES/data_0191931891.root 
/tmp/maxwoo/21EF1A6A9139C9FD2A38E59AFB466F9A_2130/INPUTFILES/data_0192197471.root 
/tmp/maxwoo/21EF1A6A9139C9FD2A38E59AFB466F9A_2130/INPUTFILES/data_0192331881.root 
/tmp/maxwoo/21EF1A6A9139C9FD2A38E59AFB466F9A_2130/INPUTFILES/data_0192731871.root 
/tmp/maxwoo/21EF1A6A9139C9FD2A38E59AFB466F9A_2130/INPUTFILES/data_0192831861.root 
/tmp/maxwoo/21EF1A6A9139C9FD2A38E59AFB466F9A_2130/INPUTFILES/data_0193188181.root 
/tmp/maxwoo/21EF1A6A9139C9FD2A38E59AFB466F9A_2130/INPUTFILES/data_0194031851.root 
/tmp/maxwoo/21EF1A6A9139C9FD2A38E59AFB466F9A_2130/INPUTFILES/data_0194153861.root 
/tmp/maxwoo/21EF1A6A9139C9FD2A38E59AFB466F9A_2130/INPUTFILES/data_0194931821.root 
/tmp/maxwoo/21EF1A6A9139C9FD2A38E59AFB466F9A_2130/INPUTFILES/data_0194931831.root 
/tmp/maxwoo/21EF1A6A9139C9FD2A38E59AFB466F9A_2130/INPUTFILES/data_0195031841.root 
/tmp/maxwoo/21EF1A6A9139C9FD2A38E59AFB466F9A_2130/INPUTFILES/data_0195139451.root 
/tmp/maxwoo/21EF1A6A9139C9FD2A38E59AFB466F9A_2130/INPUTFILES/data_0195153851.root 
/tmp/maxwoo/21EF1A6A9139C9FD2A38E59AFB466F9A_2130/INPUTFILES/data_0195187801.root 
/tmp/maxwoo/21EF1A6A9139C9FD2A38E59AFB466F9A_2130/INPUTFILES/data_0195188151.root 
/tmp/maxwoo/21EF1A6A9139C9FD2A38E59AFB466F9A_2130/INPUTFILES/data_0195188171.root 
/tmp/maxwoo/21EF1A6A9139C9FD2A38E59AFB466F9A_2130/INPUTFILES/data_0195331811.root 
/tmp/maxwoo/21EF1A6A9139C9FD2A38E59AFB466F9A_2130/INPUTFILES/data_0196154891.root 
/tmp/maxwoo/21EF1A6A9139C9FD2A38E59AFB466F9A_2130/INPUTFILES/data_0196187451.root 
/tmp/maxwoo/21EF1A6A9139C9FD2A38E59AFB466F9A_2130/INPUTFILES/data_0196187531.root 
/tmp/maxwoo/21EF1A6A9139C9FD2A38E59AFB466F9A_2130/INPUTFILES/data_0196187541.root 
/tmp/maxwoo/21EF1A6A9139C9FD2A38E59AFB466F9A_2130/INPUTFILES/data_0196187591.root 
/tmp/maxwoo/21EF1A6A9139C9FD2A38E59AFB466F9A_2130/INPUTFILES/data_0196187621.root 
/tmp/maxwoo/21EF1A6A9139C9FD2A38E59AFB466F9A_2130/INPUTFILES/data_0196187701.root 
/tmp/maxwoo/21EF1A6A9139C9FD2A38E59AFB466F9A_2130/INPUTFILES/data_0196187731.root 
/tmp/maxwoo/21EF1A6A9139C9FD2A38E59AFB466F9A_2130/INPUTFILES/data_0196187761.root 
/tmp/maxwoo/21EF1A6A9139C9FD2A38E59AFB466F9A_2130/INPUTFILES/data_0196187821.root 
/tmp/maxwoo/21EF1A6A9139C9FD2A38E59AFB466F9A_2130/INPUTFILES/data_0196187871.root 
/tmp/maxwoo/21EF1A6A9139C9FD2A38E59AFB466F9A_2130/INPUTFILES/data_0196187931.root 
/tmp/maxwoo/21EF1A6A9139C9FD2A38E59AFB466F9A_2130/INPUTFILES/data_0196187941.root 
/tmp/maxwoo/21EF1A6A9139C9FD2A38E59AFB466F9A_2130/INPUTFILES/data_0196187981.root 
/tmp/maxwoo/21EF1A6A9139C9FD2A38E59AFB466F9A_2130/INPUTFILES/data_0196188031.root 
/tmp/maxwoo/21EF1A6A9139C9FD2A38E59AFB466F9A_2130/INPUTFILES/data_0196188141.root 
Added 37 files
# entries in chain: 37000
Processing entry == 1000 == out of 37000.
Processing entry == 2000 == out of 37000.
Processing entry == 3000 == out of 37000.
Processing entry == 4000 == out of 37000.
Processing entry == 5000 == out of 37000.
Processing entry == 6000 == out of 37000.
Processing entry == 7000 == out of 37000.
Processing entry == 8000 == out of 37000.
Processing entry == 9000 == out of 37000.
Processing entry == 10000 == out of 37000.
Processing entry == 11000 == out of 37000.
Processing entry == 12000 == out of 37000.
Processing entry == 13000 == out of 37000.
Processing entry == 14000 == out of 37000.
Processing entry == 15000 == out of 37000.
Processing entry == 16000 == out of 37000.
Processing entry == 17000 == out of 37000.
Processing entry == 18000 == out of 37000.
Processing entry == 19000 == out of 37000.
Processing entry == 20000 == out of 37000.
Processing entry == 21000 == out of 37000.
Processing entry == 22000 == out of 37000.
Processing entry == 23000 == out of 37000.
Processing entry == 24000 == out of 37000.
Processing entry == 25000 == out of 37000.
Processing entry == 26000 == out of 37000.
Processing entry == 27000 == out of 37000.
Processing entry == 28000 == out of 37000.
Processing entry == 29000 == out of 37000.
Processing entry == 30000 == out of 37000.
Processing entry == 31000 == out of 37000.
Processing entry == 32000 == out of 37000.
Processing entry == 33000 == out of 37000.
Processing entry == 34000 == out of 37000.
Processing entry == 35000 == out of 37000.
Processing entry == 36000 == out of 37000.
Processing entry == 37000 == out of 37000.

This is the end of ROOT -- Goodbye

Cleaning up sandbox file:  /tmp/maxwoo/21EF1A6A9139C9FD2A38E59AFB466F9A_2130/check_S.C
Cleaning up sandbox file:  /tmp/maxwoo/21EF1A6A9139C9FD2A38E59AFB466F9A_2130/Check_Sness.C
Cleaning up sandbox file:  /tmp/maxwoo/21EF1A6A9139C9FD2A38E59AFB466F9A_2130/lib
Cleaning up sandbox file:  /tmp/maxwoo/21EF1A6A9139C9FD2A38E59AFB466F9A_2130/.sandboxFiles
Starting copy block
Running copy command:  /bin/cp -fp /tmp/maxwoo/21EF1A6A9139C9FD2A38E59AFB466F9A_2130/out_21EF1A6A9139C9FD2A38E59AFB466F9A_2130.root /star/data01/pwg/xiatong/git/strangeness/data/
45878 Execution of (/star/data01/pwg/xiatong/git/strangeness/script/sched21EF1A6A9139C9FD2A38E59AFB466F9A_2130.csh ) has ended, exiting normally
45878 We END on [Thu Jun  2 11:24:52 EDT 2022]
