We are starting on node: spool0205.sdcc.bnl.gov
HOME is not defined
Using getent method
HOME is now /star/u/maxwoo
19416 We will spawn ourselves (/star/data01/pwg/xiatong/git/strangeness/script/sched21EF1A6A9139C9FD2A38E59AFB466F9A_1544.csh )
19416 We BEGIN on [Thu Jun  2 11:14:47 EDT 2022]
[1] 19599
19416 We are waiting for 19599 
19416 Grandchild PID is 19784 - found in 10 x 1 seconds
19416 Establishing first watcher   on    Thu Jun  2 11:14:57 EDT 2022
19416 Process tree is 19416 (main) -> 19599 (child) -> 19784 (grandchild)
F S   UID   PID  PPID  C PRI  NI ADDR SZ WCHAN  TTY        TIME CMD
0 D 100667 19784 19599  0 80   0 - 32311 cxiWai ?          0:00 cp /star/data01/pwg/xiatong/AMPT/14GeV/data_548138281.root /tmp/maxwoo/21EF1A6A9139C9FD2A38E59AFB466F9A_1544/INPUTFILES/data_548138281.root
19416 Grandchild PID is 20680 - found in 20 x 2 seconds
19416 Grandchild to watch has changed on Thu Jun  2 11:15:18 EDT 2022
19416 Process tree is 19416 (main) -> 19599 (child) -> 20680 (grandchild)
F S   UID   PID  PPID  C PRI  NI ADDR SZ WCHAN  TTY        TIME CMD
0 D 100667 20680 19599  0 80   0 - 32311 cxiWai ?          0:00 cp /star/data01/pwg/xiatong/AMPT/14GeV/data_548138471.root /tmp/maxwoo/21EF1A6A9139C9FD2A38E59AFB466F9A_1544/INPUTFILES/data_548138471.root
19416 Grandchild PID is 21957 - found in 40 x 2 seconds
19416 Grandchild to watch has changed on Thu Jun  2 11:16:00 EDT 2022
19416 Process tree is 19416 (main) -> 19599 (child) -> 21957 (grandchild)
F S   UID   PID  PPID  C PRI  NI ADDR SZ WCHAN  TTY        TIME CMD
0 D 100667 21957 19599  0 80   0 - 32311 cxiWai ?          0:00 cp /star/data01/pwg/xiatong/AMPT/14GeV/data_548162001.root /tmp/maxwoo/21EF1A6A9139C9FD2A38E59AFB466F9A_1544/INPUTFILES/data_548162001.root
19416 Grandchild PID is 22371 - found in 50 x 2 seconds
19416 Grandchild to watch has changed on Thu Jun  2 11:16:20 EDT 2022
19416 Process tree is 19416 (main) -> 19599 (child) -> 22371 (grandchild)
F S   UID   PID  PPID  C PRI  NI ADDR SZ WCHAN  TTY        TIME CMD
0 D 100667 22371 19599  0 80   0 - 32311 cxiWai ?          0:00 cp /star/data01/pwg/xiatong/AMPT/14GeV/data_548162831.root /tmp/maxwoo/21EF1A6A9139C9FD2A38E59AFB466F9A_1544/INPUTFILES/data_548162831.root
19416 Grandchild PID is 24268 - found in 70 x 2 seconds
19416 Grandchild to watch has changed on Thu Jun  2 11:17:02 EDT 2022
19416 Process tree is 19416 (main) -> 19599 (child) -> 24268 (grandchild)
F S   UID   PID  PPID  C PRI  NI ADDR SZ WCHAN  TTY        TIME CMD
0 D 100667 24268 19599  0 80   0 - 32311 cxiWai ?          0:00 cp /star/data01/pwg/xiatong/AMPT/14GeV/data_548191711.root /tmp/maxwoo/21EF1A6A9139C9FD2A38E59AFB466F9A_1544/INPUTFILES/data_548191711.root
19416 Grandchild PID is 24635 - found in 80 x 2 seconds
19416 Grandchild to watch has changed on Thu Jun  2 11:17:22 EDT 2022
19416 Process tree is 19416 (main) -> 19599 (child) -> 24635 (grandchild)
F S   UID   PID  PPID  C PRI  NI ADDR SZ WCHAN  TTY        TIME CMD
0 D 100667 24635 19599  0 80   0 - 32311 cxiWai ?          0:00 cp /star/data01/pwg/xiatong/AMPT/14GeV/data_548215681.root /tmp/maxwoo/21EF1A6A9139C9FD2A38E59AFB466F9A_1544/INPUTFILES/data_548215681.root
19416 Grandchild PID is 25437 - found in 90 x 2 seconds
19416 Grandchild to watch has changed on Thu Jun  2 11:17:43 EDT 2022
19416 Process tree is 19416 (main) -> 19599 (child) -> 25437 (grandchild)
F S   UID   PID  PPID  C PRI  NI ADDR SZ WCHAN  TTY        TIME CMD
0 D 100667 25437 19599  0 80   0 - 32311 cxiWai ?          0:00 cp /star/data01/pwg/xiatong/AMPT/14GeV/data_548352211.root /tmp/maxwoo/21EF1A6A9139C9FD2A38E59AFB466F9A_1544/INPUTFILES/data_548352211.root
19416 Grandchild PID is 26218 - found in 100 x 2 seconds
19416 Grandchild to watch has changed on Thu Jun  2 11:18:04 EDT 2022
19416 Process tree is 19416 (main) -> 19599 (child) -> 26218 (grandchild)
F S   UID   PID  PPID  C PRI  NI ADDR SZ WCHAN  TTY        TIME CMD
0 S 100667 26218 19599  0 80   0 -  1272 do_wai ?          0:00 root -b -q check_S.C++("/tmp/maxwoo/21EF1A6A9139C9FD2A38E59AFB466F9A_1544/INPUTFILES/21EF1A6A9139C9FD2A38E59AFB466F9A_1544.local.list","21EF1A6A9139C9FD2A38E59AFB466F9A_1544",1)
19599 Stepping into the main SUMS wrapper program with []
.... building sandbox
Running: cp /star/data01/pwg/xiatong/AMPT/14GeV/data_548138281.root /tmp/maxwoo/21EF1A6A9139C9FD2A38E59AFB466F9A_1544/INPUTFILES/data_548138281.root
Running: cp /star/data01/pwg/xiatong/AMPT/14GeV/data_548138291.root /tmp/maxwoo/21EF1A6A9139C9FD2A38E59AFB466F9A_1544/INPUTFILES/data_548138291.root
Running: cp /star/data01/pwg/xiatong/AMPT/14GeV/data_548138301.root /tmp/maxwoo/21EF1A6A9139C9FD2A38E59AFB466F9A_1544/INPUTFILES/data_548138301.root
Running: cp /star/data01/pwg/xiatong/AMPT/14GeV/data_548138471.root /tmp/maxwoo/21EF1A6A9139C9FD2A38E59AFB466F9A_1544/INPUTFILES/data_548138471.root
Running: cp /star/data01/pwg/xiatong/AMPT/14GeV/data_548138561.root /tmp/maxwoo/21EF1A6A9139C9FD2A38E59AFB466F9A_1544/INPUTFILES/data_548138561.root
Running: cp /star/data01/pwg/xiatong/AMPT/14GeV/data_548141051.root /tmp/maxwoo/21EF1A6A9139C9FD2A38E59AFB466F9A_1544/INPUTFILES/data_548141051.root
Running: cp /star/data01/pwg/xiatong/AMPT/14GeV/data_548141201.root /tmp/maxwoo/21EF1A6A9139C9FD2A38E59AFB466F9A_1544/INPUTFILES/data_548141201.root
Running: cp /star/data01/pwg/xiatong/AMPT/14GeV/data_548145811.root /tmp/maxwoo/21EF1A6A9139C9FD2A38E59AFB466F9A_1544/INPUTFILES/data_548145811.root
Running: cp /star/data01/pwg/xiatong/AMPT/14GeV/data_548149171.root /tmp/maxwoo/21EF1A6A9139C9FD2A38E59AFB466F9A_1544/INPUTFILES/data_548149171.root
Running: cp /star/data01/pwg/xiatong/AMPT/14GeV/data_548152381.root /tmp/maxwoo/21EF1A6A9139C9FD2A38E59AFB466F9A_1544/INPUTFILES/data_548152381.root
Running: cp /star/data01/pwg/xiatong/AMPT/14GeV/data_548154361.root /tmp/maxwoo/21EF1A6A9139C9FD2A38E59AFB466F9A_1544/INPUTFILES/data_548154361.root
Running: cp /star/data01/pwg/xiatong/AMPT/14GeV/data_548157431.root /tmp/maxwoo/21EF1A6A9139C9FD2A38E59AFB466F9A_1544/INPUTFILES/data_548157431.root
Running: cp /star/data01/pwg/xiatong/AMPT/14GeV/data_548162001.root /tmp/maxwoo/21EF1A6A9139C9FD2A38E59AFB466F9A_1544/INPUTFILES/data_548162001.root
Running: cp /star/data01/pwg/xiatong/AMPT/14GeV/data_548162351.root /tmp/maxwoo/21EF1A6A9139C9FD2A38E59AFB466F9A_1544/INPUTFILES/data_548162351.root
Running: cp /star/data01/pwg/xiatong/AMPT/14GeV/data_548162831.root /tmp/maxwoo/21EF1A6A9139C9FD2A38E59AFB466F9A_1544/INPUTFILES/data_548162831.root
Running: cp /star/data01/pwg/xiatong/AMPT/14GeV/data_548162841.root /tmp/maxwoo/21EF1A6A9139C9FD2A38E59AFB466F9A_1544/INPUTFILES/data_548162841.root
Running: cp /star/data01/pwg/xiatong/AMPT/14GeV/data_548172011.root /tmp/maxwoo/21EF1A6A9139C9FD2A38E59AFB466F9A_1544/INPUTFILES/data_548172011.root
Running: cp /star/data01/pwg/xiatong/AMPT/14GeV/data_548180161.root /tmp/maxwoo/21EF1A6A9139C9FD2A38E59AFB466F9A_1544/INPUTFILES/data_548180161.root
Running: cp /star/data01/pwg/xiatong/AMPT/14GeV/data_548191461.root /tmp/maxwoo/21EF1A6A9139C9FD2A38E59AFB466F9A_1544/INPUTFILES/data_548191461.root
Running: cp /star/data01/pwg/xiatong/AMPT/14GeV/data_548191521.root /tmp/maxwoo/21EF1A6A9139C9FD2A38E59AFB466F9A_1544/INPUTFILES/data_548191521.root
Running: cp /star/data01/pwg/xiatong/AMPT/14GeV/data_548191601.root /tmp/maxwoo/21EF1A6A9139C9FD2A38E59AFB466F9A_1544/INPUTFILES/data_548191601.root
Running: cp /star/data01/pwg/xiatong/AMPT/14GeV/data_548191631.root /tmp/maxwoo/21EF1A6A9139C9FD2A38E59AFB466F9A_1544/INPUTFILES/data_548191631.root
Running: cp /star/data01/pwg/xiatong/AMPT/14GeV/data_548191671.root /tmp/maxwoo/21EF1A6A9139C9FD2A38E59AFB466F9A_1544/INPUTFILES/data_548191671.root
Running: cp /star/data01/pwg/xiatong/AMPT/14GeV/data_548191711.root /tmp/maxwoo/21EF1A6A9139C9FD2A38E59AFB466F9A_1544/INPUTFILES/data_548191711.root
Running: cp /star/data01/pwg/xiatong/AMPT/14GeV/data_548191831.root /tmp/maxwoo/21EF1A6A9139C9FD2A38E59AFB466F9A_1544/INPUTFILES/data_548191831.root
Running: cp /star/data01/pwg/xiatong/AMPT/14GeV/data_548215671.root /tmp/maxwoo/21EF1A6A9139C9FD2A38E59AFB466F9A_1544/INPUTFILES/data_548215671.root
Running: cp /star/data01/pwg/xiatong/AMPT/14GeV/data_548215681.root /tmp/maxwoo/21EF1A6A9139C9FD2A38E59AFB466F9A_1544/INPUTFILES/data_548215681.root
Running: cp /star/data01/pwg/xiatong/AMPT/14GeV/data_548217551.root /tmp/maxwoo/21EF1A6A9139C9FD2A38E59AFB466F9A_1544/INPUTFILES/data_548217551.root
Running: cp /star/data01/pwg/xiatong/AMPT/14GeV/data_548242611.root /tmp/maxwoo/21EF1A6A9139C9FD2A38E59AFB466F9A_1544/INPUTFILES/data_548242611.root
Running: cp /star/data01/pwg/xiatong/AMPT/14GeV/data_548287841.root /tmp/maxwoo/21EF1A6A9139C9FD2A38E59AFB466F9A_1544/INPUTFILES/data_548287841.root
Running: cp /star/data01/pwg/xiatong/AMPT/14GeV/data_548352211.root /tmp/maxwoo/21EF1A6A9139C9FD2A38E59AFB466F9A_1544/INPUTFILES/data_548352211.root
Running: cp /star/data01/pwg/xiatong/AMPT/14GeV/data_548379491.root /tmp/maxwoo/21EF1A6A9139C9FD2A38E59AFB466F9A_1544/INPUTFILES/data_548379491.root
Running: cp /star/data01/pwg/xiatong/AMPT/14GeV/data_548391841.root /tmp/maxwoo/21EF1A6A9139C9FD2A38E59AFB466F9A_1544/INPUTFILES/data_548391841.root
Running: cp /star/data01/pwg/xiatong/AMPT/14GeV/data_548415661.root /tmp/maxwoo/21EF1A6A9139C9FD2A38E59AFB466F9A_1544/INPUTFILES/data_548415661.root
Running: cp /star/data01/pwg/xiatong/AMPT/14GeV/data_548415711.root /tmp/maxwoo/21EF1A6A9139C9FD2A38E59AFB466F9A_1544/INPUTFILES/data_548415711.root
Running: cp /star/data01/pwg/xiatong/AMPT/14GeV/data_548431721.root /tmp/maxwoo/21EF1A6A9139C9FD2A38E59AFB466F9A_1544/INPUTFILES/data_548431721.root
Running: cp /star/data01/pwg/xiatong/AMPT/14GeV/data_548441691.root /tmp/maxwoo/21EF1A6A9139C9FD2A38E59AFB466F9A_1544/INPUTFILES/data_548441691.root
Swapping $FILELIST with: /tmp/maxwoo/21EF1A6A9139C9FD2A38E59AFB466F9A_1544/INPUTFILES/21EF1A6A9139C9FD2A38E59AFB466F9A_1544.local.list
+++++++++++local copy debug++++++++++++++++++++
newFileList: /tmp/maxwoo/21EF1A6A9139C9FD2A38E59AFB466F9A_1544/INPUTFILES/21EF1A6A9139C9FD2A38E59AFB466F9A_1544.local.list
++++++++++++++++cat FILELIST+++++++++++++++++++
/tmp/maxwoo/21EF1A6A9139C9FD2A38E59AFB466F9A_1544/INPUTFILES/data_548138281.root 
/tmp/maxwoo/21EF1A6A9139C9FD2A38E59AFB466F9A_1544/INPUTFILES/data_548138291.root 
/tmp/maxwoo/21EF1A6A9139C9FD2A38E59AFB466F9A_1544/INPUTFILES/data_548138301.root 
/tmp/maxwoo/21EF1A6A9139C9FD2A38E59AFB466F9A_1544/INPUTFILES/data_548138471.root 
/tmp/maxwoo/21EF1A6A9139C9FD2A38E59AFB466F9A_1544/INPUTFILES/data_548138561.root 
/tmp/maxwoo/21EF1A6A9139C9FD2A38E59AFB466F9A_1544/INPUTFILES/data_548141051.root 
/tmp/maxwoo/21EF1A6A9139C9FD2A38E59AFB466F9A_1544/INPUTFILES/data_548141201.root 
/tmp/maxwoo/21EF1A6A9139C9FD2A38E59AFB466F9A_1544/INPUTFILES/data_548145811.root 
/tmp/maxwoo/21EF1A6A9139C9FD2A38E59AFB466F9A_1544/INPUTFILES/data_548149171.root 
/tmp/maxwoo/21EF1A6A9139C9FD2A38E59AFB466F9A_1544/INPUTFILES/data_548152381.root 
/tmp/maxwoo/21EF1A6A9139C9FD2A38E59AFB466F9A_1544/INPUTFILES/data_548154361.root 
/tmp/maxwoo/21EF1A6A9139C9FD2A38E59AFB466F9A_1544/INPUTFILES/data_548157431.root 
/tmp/maxwoo/21EF1A6A9139C9FD2A38E59AFB466F9A_1544/INPUTFILES/data_548162001.root 
/tmp/maxwoo/21EF1A6A9139C9FD2A38E59AFB466F9A_1544/INPUTFILES/data_548162351.root 
/tmp/maxwoo/21EF1A6A9139C9FD2A38E59AFB466F9A_1544/INPUTFILES/data_548162831.root 
/tmp/maxwoo/21EF1A6A9139C9FD2A38E59AFB466F9A_1544/INPUTFILES/data_548162841.root 
/tmp/maxwoo/21EF1A6A9139C9FD2A38E59AFB466F9A_1544/INPUTFILES/data_548172011.root 
/tmp/maxwoo/21EF1A6A9139C9FD2A38E59AFB466F9A_1544/INPUTFILES/data_548180161.root 
/tmp/maxwoo/21EF1A6A9139C9FD2A38E59AFB466F9A_1544/INPUTFILES/data_548191461.root 
/tmp/maxwoo/21EF1A6A9139C9FD2A38E59AFB466F9A_1544/INPUTFILES/data_548191521.root 
/tmp/maxwoo/21EF1A6A9139C9FD2A38E59AFB466F9A_1544/INPUTFILES/data_548191601.root 
/tmp/maxwoo/21EF1A6A9139C9FD2A38E59AFB466F9A_1544/INPUTFILES/data_548191631.root 
/tmp/maxwoo/21EF1A6A9139C9FD2A38E59AFB466F9A_1544/INPUTFILES/data_548191671.root 
/tmp/maxwoo/21EF1A6A9139C9FD2A38E59AFB466F9A_1544/INPUTFILES/data_548191711.root 
/tmp/maxwoo/21EF1A6A9139C9FD2A38E59AFB466F9A_1544/INPUTFILES/data_548191831.root 
/tmp/maxwoo/21EF1A6A9139C9FD2A38E59AFB466F9A_1544/INPUTFILES/data_548215671.root 
/tmp/maxwoo/21EF1A6A9139C9FD2A38E59AFB466F9A_1544/INPUTFILES/data_548215681.root 
/tmp/maxwoo/21EF1A6A9139C9FD2A38E59AFB466F9A_1544/INPUTFILES/data_548217551.root 
/tmp/maxwoo/21EF1A6A9139C9FD2A38E59AFB466F9A_1544/INPUTFILES/data_548242611.root 
/tmp/maxwoo/21EF1A6A9139C9FD2A38E59AFB466F9A_1544/INPUTFILES/data_548287841.root 
/tmp/maxwoo/21EF1A6A9139C9FD2A38E59AFB466F9A_1544/INPUTFILES/data_548352211.root 
/tmp/maxwoo/21EF1A6A9139C9FD2A38E59AFB466F9A_1544/INPUTFILES/data_548379491.root 
/tmp/maxwoo/21EF1A6A9139C9FD2A38E59AFB466F9A_1544/INPUTFILES/data_548391841.root 
/tmp/maxwoo/21EF1A6A9139C9FD2A38E59AFB466F9A_1544/INPUTFILES/data_548415661.root 
/tmp/maxwoo/21EF1A6A9139C9FD2A38E59AFB466F9A_1544/INPUTFILES/data_548415711.root 
/tmp/maxwoo/21EF1A6A9139C9FD2A38E59AFB466F9A_1544/INPUTFILES/data_548431721.root 
/tmp/maxwoo/21EF1A6A9139C9FD2A38E59AFB466F9A_1544/INPUTFILES/data_548441691.root 
++++++++++++++++++++find.++++++++++++++++++++++
.
./.sandboxFiles
./.output.log
./lib
./lib/my_particle_cpp_ACLiC_dict_rdict.pcm
./lib/MixedBuffer_cpp.so
./lib/CenMaker.h
./lib/my_particle_cpp.d
./lib/NpartNormalizer_cpp.so
./lib/NpartNormalizer_cpp_ACLiC_dict_rdict.pcm
./lib/my_event.cpp
./lib/my_event_cpp_ACLiC_dict_rdict.pcm
./lib/my_event.h
./lib/MixedBuffer.cpp
./lib/my_particle.h
./lib/MixedBuffer_cpp.d
./lib/CenMaker_cpp.so
./lib/NpartNormalizer_cpp.d
./lib/CenMaker_cpp.d
./lib/CenMaker.cpp
./lib/my_event_cpp.so
./lib/my_event_cpp.d
./lib/MixedBuffer.h
./lib/my_particle.cpp
./lib/my_particle_cpp.so
./lib/NpartNormalizer.h
./lib/CenMaker_cpp_ACLiC_dict_rdict.pcm
./lib/MixedBuffer_cpp_ACLiC_dict_rdict.pcm
./lib/NpartNormalizer.cpp
./.errror.log
./INPUTFILES
./INPUTFILES/data_548191461.root
./INPUTFILES/data_548138281.root
./INPUTFILES/data_548141051.root
./INPUTFILES/data_548191671.root
./INPUTFILES/data_548431721.root
./INPUTFILES/data_548352211.root
./INPUTFILES/data_548415711.root
./INPUTFILES/data_548191711.root
./INPUTFILES/data_548138561.root
./INPUTFILES/data_548191601.root
./INPUTFILES/data_548217551.root
./INPUTFILES/data_548162841.root
./INPUTFILES/21EF1A6A9139C9FD2A38E59AFB466F9A_1544.local.list
./INPUTFILES/data_548441691.root
./INPUTFILES/data_548145811.root
./INPUTFILES/data_548287841.root
./INPUTFILES/data_548172011.root
./INPUTFILES/data_548242611.root
./INPUTFILES/data_548138301.root
./INPUTFILES/data_548215671.root
./INPUTFILES/data_548162351.root
./INPUTFILES/data_548191521.root
./INPUTFILES/data_548379491.root
./INPUTFILES/data_548191631.root
./INPUTFILES/data_548141201.root
./INPUTFILES/data_548152381.root
./INPUTFILES/data_548149171.root
./INPUTFILES/data_548138291.root
./INPUTFILES/data_548162001.root
./INPUTFILES/data_548154361.root
./INPUTFILES/data_548215681.root
./INPUTFILES/data_548162831.root
./INPUTFILES/data_548391841.root
./INPUTFILES/data_548180161.root
./INPUTFILES/data_548415661.root
./INPUTFILES/data_548138471.root
./INPUTFILES/data_548191831.root
./INPUTFILES/data_548157431.root
./Check_Sness.C
./check_S.C
++++++++++++++++INPUTFILE Var++++++++++++++++++
FILELIST=/tmp/maxwoo/21EF1A6A9139C9FD2A38E59AFB466F9A_1544/INPUTFILES/21EF1A6A9139C9FD2A38E59AFB466F9A_1544.local.list
INPUTFILECOUNT=37
INPUTFILE0=/tmp/maxwoo/21EF1A6A9139C9FD2A38E59AFB466F9A_1544/INPUTFILES/data_548138281.root
INPUTFILE1=/tmp/maxwoo/21EF1A6A9139C9FD2A38E59AFB466F9A_1544/INPUTFILES/data_548138291.root
INPUTFILE2=/tmp/maxwoo/21EF1A6A9139C9FD2A38E59AFB466F9A_1544/INPUTFILES/data_548138301.root
INPUTFILE3=/tmp/maxwoo/21EF1A6A9139C9FD2A38E59AFB466F9A_1544/INPUTFILES/data_548138471.root
INPUTFILE4=/tmp/maxwoo/21EF1A6A9139C9FD2A38E59AFB466F9A_1544/INPUTFILES/data_548138561.root
INPUTFILE5=/tmp/maxwoo/21EF1A6A9139C9FD2A38E59AFB466F9A_1544/INPUTFILES/data_548141051.root
INPUTFILE6=/tmp/maxwoo/21EF1A6A9139C9FD2A38E59AFB466F9A_1544/INPUTFILES/data_548141201.root
INPUTFILE7=/tmp/maxwoo/21EF1A6A9139C9FD2A38E59AFB466F9A_1544/INPUTFILES/data_548145811.root
INPUTFILE8=/tmp/maxwoo/21EF1A6A9139C9FD2A38E59AFB466F9A_1544/INPUTFILES/data_548149171.root
INPUTFILE9=/tmp/maxwoo/21EF1A6A9139C9FD2A38E59AFB466F9A_1544/INPUTFILES/data_548152381.root
INPUTFILE10=/tmp/maxwoo/21EF1A6A9139C9FD2A38E59AFB466F9A_1544/INPUTFILES/data_548154361.root
INPUTFILE11=/tmp/maxwoo/21EF1A6A9139C9FD2A38E59AFB466F9A_1544/INPUTFILES/data_548157431.root
INPUTFILE12=/tmp/maxwoo/21EF1A6A9139C9FD2A38E59AFB466F9A_1544/INPUTFILES/data_548162001.root
INPUTFILE13=/tmp/maxwoo/21EF1A6A9139C9FD2A38E59AFB466F9A_1544/INPUTFILES/data_548162351.root
INPUTFILE14=/tmp/maxwoo/21EF1A6A9139C9FD2A38E59AFB466F9A_1544/INPUTFILES/data_548162831.root
INPUTFILE15=/tmp/maxwoo/21EF1A6A9139C9FD2A38E59AFB466F9A_1544/INPUTFILES/data_548162841.root
INPUTFILE16=/tmp/maxwoo/21EF1A6A9139C9FD2A38E59AFB466F9A_1544/INPUTFILES/data_548172011.root
INPUTFILE17=/tmp/maxwoo/21EF1A6A9139C9FD2A38E59AFB466F9A_1544/INPUTFILES/data_548180161.root
INPUTFILE18=/tmp/maxwoo/21EF1A6A9139C9FD2A38E59AFB466F9A_1544/INPUTFILES/data_548191461.root
INPUTFILE19=/tmp/maxwoo/21EF1A6A9139C9FD2A38E59AFB466F9A_1544/INPUTFILES/data_548191521.root
INPUTFILE20=/tmp/maxwoo/21EF1A6A9139C9FD2A38E59AFB466F9A_1544/INPUTFILES/data_548191601.root
INPUTFILE21=/tmp/maxwoo/21EF1A6A9139C9FD2A38E59AFB466F9A_1544/INPUTFILES/data_548191631.root
INPUTFILE22=/tmp/maxwoo/21EF1A6A9139C9FD2A38E59AFB466F9A_1544/INPUTFILES/data_548191671.root
INPUTFILE23=/tmp/maxwoo/21EF1A6A9139C9FD2A38E59AFB466F9A_1544/INPUTFILES/data_548191711.root
INPUTFILE24=/tmp/maxwoo/21EF1A6A9139C9FD2A38E59AFB466F9A_1544/INPUTFILES/data_548191831.root
INPUTFILE25=/tmp/maxwoo/21EF1A6A9139C9FD2A38E59AFB466F9A_1544/INPUTFILES/data_548215671.root
INPUTFILE26=/tmp/maxwoo/21EF1A6A9139C9FD2A38E59AFB466F9A_1544/INPUTFILES/data_548215681.root
INPUTFILE27=/tmp/maxwoo/21EF1A6A9139C9FD2A38E59AFB466F9A_1544/INPUTFILES/data_548217551.root
INPUTFILE28=/tmp/maxwoo/21EF1A6A9139C9FD2A38E59AFB466F9A_1544/INPUTFILES/data_548242611.root
INPUTFILE29=/tmp/maxwoo/21EF1A6A9139C9FD2A38E59AFB466F9A_1544/INPUTFILES/data_548287841.root
INPUTFILE30=/tmp/maxwoo/21EF1A6A9139C9FD2A38E59AFB466F9A_1544/INPUTFILES/data_548352211.root
INPUTFILE31=/tmp/maxwoo/21EF1A6A9139C9FD2A38E59AFB466F9A_1544/INPUTFILES/data_548379491.root
INPUTFILE32=/tmp/maxwoo/21EF1A6A9139C9FD2A38E59AFB466F9A_1544/INPUTFILES/data_548391841.root
INPUTFILE33=/tmp/maxwoo/21EF1A6A9139C9FD2A38E59AFB466F9A_1544/INPUTFILES/data_548415661.root
INPUTFILE34=/tmp/maxwoo/21EF1A6A9139C9FD2A38E59AFB466F9A_1544/INPUTFILES/data_548415711.root
INPUTFILE35=/tmp/maxwoo/21EF1A6A9139C9FD2A38E59AFB466F9A_1544/INPUTFILES/data_548431721.root
INPUTFILE36=/tmp/maxwoo/21EF1A6A9139C9FD2A38E59AFB466F9A_1544/INPUTFILES/data_548441691.root
LocalInputFileDir=/tmp/maxwoo/21EF1A6A9139C9FD2A38E59AFB466F9A_1544/INPUTFILES
NewFILELIST=/tmp/maxwoo/21EF1A6A9139C9FD2A38E59AFB466F9A_1544/INPUTFILES/21EF1A6A9139C9FD2A38E59AFB466F9A_1544.local.list
+++++++++++++++++++++++++++++++++++++++++++++++
--------------------------------
Simple Unified Meta Scheduler 1.10.50 we are starting in $SCRATCH : /home/tmp/maxwoo/21EF1A6A9139C9FD2A38E59AFB466F9A_1544
--------------------------------
total 16
lrwxrwxrwx 1 maxwoo rhstar   61 Jun  2 11:14 check_S.C -> /gpfs/mnt/gpfs01/star/pwg/xiatong/git/strangeness/./check_S.C
lrwxrwxrwx 1 maxwoo rhstar   65 Jun  2 11:14 Check_Sness.C -> /gpfs/mnt/gpfs01/star/pwg/xiatong/git/strangeness/./Check_Sness.C
drwxr-xr-x 2 maxwoo rhstar 4096 Jun  2 11:17 INPUTFILES
drwxr-xr-x 2 maxwoo rhstar 4096 Jun  2 11:14 lib
  *******************************************
  *                                         *
  *        W E L C O M E  to  R O O T       *
  *                                         *
  *   Version   5.34/38     12 March 2018   *
  *                                         *
  *  You are welcome to visit our Web site  *
  *          http://root.cern.ch            *
  *                                         *
  *******************************************

ROOT 5.34/38 (v5-34-38@v5-34-38, Mar 12 2018, 15:49:39 on linux)

CINT/ROOT C/C++ Interpreter version 5.18.00, July 2, 2010
Type ? for help. Commands must be C++ statements.
Enclose multiple statements between { }.
*** Float Point Exception is OFF ***
 *** Start at Date : Thu Jun  2 11:17:55 2022
QAInfo:You are using STAR_LEVEL : dev, ROOT_LEVEL : 5.34.38 and node : spool0205.sdcc.bnl.gov 

Processing check_S.C++("/tmp/maxwoo/21EF1A6A9139C9FD2A38E59AFB466F9A_1544/INPUTFILES/21EF1A6A9139C9FD2A38E59AFB466F9A_1544.local.list","21EF1A6A9139C9FD2A38E59AFB466F9A_1544",1)...
/tmp/maxwoo/21EF1A6A9139C9FD2A38E59AFB466F9A_1544/INPUTFILES/data_548138281.root 
/tmp/maxwoo/21EF1A6A9139C9FD2A38E59AFB466F9A_1544/INPUTFILES/data_548138291.root 
/tmp/maxwoo/21EF1A6A9139C9FD2A38E59AFB466F9A_1544/INPUTFILES/data_548138301.root 
/tmp/maxwoo/21EF1A6A9139C9FD2A38E59AFB466F9A_1544/INPUTFILES/data_548138471.root 
/tmp/maxwoo/21EF1A6A9139C9FD2A38E59AFB466F9A_1544/INPUTFILES/data_548138561.root 
/tmp/maxwoo/21EF1A6A9139C9FD2A38E59AFB466F9A_1544/INPUTFILES/data_548141051.root 
/tmp/maxwoo/21EF1A6A9139C9FD2A38E59AFB466F9A_1544/INPUTFILES/data_548141201.root 
/tmp/maxwoo/21EF1A6A9139C9FD2A38E59AFB466F9A_1544/INPUTFILES/data_548145811.root 
/tmp/maxwoo/21EF1A6A9139C9FD2A38E59AFB466F9A_1544/INPUTFILES/data_548149171.root 
/tmp/maxwoo/21EF1A6A9139C9FD2A38E59AFB466F9A_1544/INPUTFILES/data_548152381.root 
/tmp/maxwoo/21EF1A6A9139C9FD2A38E59AFB466F9A_1544/INPUTFILES/data_548154361.root 
/tmp/maxwoo/21EF1A6A9139C9FD2A38E59AFB466F9A_1544/INPUTFILES/data_548157431.root 
/tmp/maxwoo/21EF1A6A9139C9FD2A38E59AFB466F9A_1544/INPUTFILES/data_548162001.root 
/tmp/maxwoo/21EF1A6A9139C9FD2A38E59AFB466F9A_1544/INPUTFILES/data_548162351.root 
/tmp/maxwoo/21EF1A6A9139C9FD2A38E59AFB466F9A_1544/INPUTFILES/data_548162831.root 
/tmp/maxwoo/21EF1A6A9139C9FD2A38E59AFB466F9A_1544/INPUTFILES/data_548162841.root 
/tmp/maxwoo/21EF1A6A9139C9FD2A38E59AFB466F9A_1544/INPUTFILES/data_548172011.root 
/tmp/maxwoo/21EF1A6A9139C9FD2A38E59AFB466F9A_1544/INPUTFILES/data_548180161.root 
/tmp/maxwoo/21EF1A6A9139C9FD2A38E59AFB466F9A_1544/INPUTFILES/data_548191461.root 
/tmp/maxwoo/21EF1A6A9139C9FD2A38E59AFB466F9A_1544/INPUTFILES/data_548191521.root 
/tmp/maxwoo/21EF1A6A9139C9FD2A38E59AFB466F9A_1544/INPUTFILES/data_548191601.root 
/tmp/maxwoo/21EF1A6A9139C9FD2A38E59AFB466F9A_1544/INPUTFILES/data_548191631.root 
/tmp/maxwoo/21EF1A6A9139C9FD2A38E59AFB466F9A_1544/INPUTFILES/data_548191671.root 
/tmp/maxwoo/21EF1A6A9139C9FD2A38E59AFB466F9A_1544/INPUTFILES/data_548191711.root 
/tmp/maxwoo/21EF1A6A9139C9FD2A38E59AFB466F9A_1544/INPUTFILES/data_548191831.root 
/tmp/maxwoo/21EF1A6A9139C9FD2A38E59AFB466F9A_1544/INPUTFILES/data_548215671.root 
/tmp/maxwoo/21EF1A6A9139C9FD2A38E59AFB466F9A_1544/INPUTFILES/data_548215681.root 
/tmp/maxwoo/21EF1A6A9139C9FD2A38E59AFB466F9A_1544/INPUTFILES/data_548217551.root 
/tmp/maxwoo/21EF1A6A9139C9FD2A38E59AFB466F9A_1544/INPUTFILES/data_548242611.root 
/tmp/maxwoo/21EF1A6A9139C9FD2A38E59AFB466F9A_1544/INPUTFILES/data_548287841.root 
/tmp/maxwoo/21EF1A6A9139C9FD2A38E59AFB466F9A_1544/INPUTFILES/data_548352211.root 
/tmp/maxwoo/21EF1A6A9139C9FD2A38E59AFB466F9A_1544/INPUTFILES/data_548379491.root 
/tmp/maxwoo/21EF1A6A9139C9FD2A38E59AFB466F9A_1544/INPUTFILES/data_548391841.root 
/tmp/maxwoo/21EF1A6A9139C9FD2A38E59AFB466F9A_1544/INPUTFILES/data_548415661.root 
/tmp/maxwoo/21EF1A6A9139C9FD2A38E59AFB466F9A_1544/INPUTFILES/data_548415711.root 
/tmp/maxwoo/21EF1A6A9139C9FD2A38E59AFB466F9A_1544/INPUTFILES/data_548431721.root 
/tmp/maxwoo/21EF1A6A9139C9FD2A38E59AFB466F9A_1544/INPUTFILES/data_548441691.root 
Added 37 files
# entries in chain: 37000
Processing entry == 1000 == out of 37000.
Processing entry == 2000 == out of 37000.
Processing entry == 3000 == out of 37000.
Processing entry == 4000 == out of 37000.
Processing entry == 5000 == out of 37000.
Processing entry == 6000 == out of 37000.
Processing entry == 7000 == out of 37000.
Processing entry == 8000 == out of 37000.
Processing entry == 9000 == out of 37000.
Processing entry == 10000 == out of 37000.
Processing entry == 11000 == out of 37000.
Processing entry == 12000 == out of 37000.
Processing entry == 13000 == out of 37000.
Processing entry == 14000 == out of 37000.
Processing entry == 15000 == out of 37000.
Processing entry == 16000 == out of 37000.
Processing entry == 17000 == out of 37000.
Processing entry == 18000 == out of 37000.
Processing entry == 19000 == out of 37000.
Processing entry == 20000 == out of 37000.
Processing entry == 21000 == out of 37000.
Processing entry == 22000 == out of 37000.
Processing entry == 23000 == out of 37000.
Processing entry == 24000 == out of 37000.
Processing entry == 25000 == out of 37000.
Processing entry == 26000 == out of 37000.
Processing entry == 27000 == out of 37000.
Processing entry == 28000 == out of 37000.
Processing entry == 29000 == out of 37000.
Processing entry == 30000 == out of 37000.
Processing entry == 31000 == out of 37000.
Processing entry == 32000 == out of 37000.
Processing entry == 33000 == out of 37000.
Processing entry == 34000 == out of 37000.
Processing entry == 35000 == out of 37000.
Processing entry == 36000 == out of 37000.
Processing entry == 37000 == out of 37000.

This is the end of ROOT -- Goodbye

Cleaning up sandbox file:  /tmp/maxwoo/21EF1A6A9139C9FD2A38E59AFB466F9A_1544/check_S.C
Cleaning up sandbox file:  /tmp/maxwoo/21EF1A6A9139C9FD2A38E59AFB466F9A_1544/Check_Sness.C
Cleaning up sandbox file:  /tmp/maxwoo/21EF1A6A9139C9FD2A38E59AFB466F9A_1544/lib
Cleaning up sandbox file:  /tmp/maxwoo/21EF1A6A9139C9FD2A38E59AFB466F9A_1544/.sandboxFiles
Starting copy block
Running copy command:  /bin/cp -fp /tmp/maxwoo/21EF1A6A9139C9FD2A38E59AFB466F9A_1544/out_21EF1A6A9139C9FD2A38E59AFB466F9A_1544.root /star/data01/pwg/xiatong/git/strangeness/data/
19416 Execution of (/star/data01/pwg/xiatong/git/strangeness/script/sched21EF1A6A9139C9FD2A38E59AFB466F9A_1544.csh ) has ended, exiting normally
19416 We END on [Thu Jun  2 11:39:24 EDT 2022]
