We are starting on node: rcas6324.rcf.bnl.gov
HOME is not defined
Using getent method
HOME is now /star/u/maxwoo
61962 We will spawn ourselves (/star/data01/pwg/xiatong/git/strangeness/script/sched21EF1A6A9139C9FD2A38E59AFB466F9A_1601.csh )
61962 We BEGIN on [Thu Jun  2 11:13:36 EDT 2022]
[1] 62156
61962 We are waiting for 62156 
61962 Grandchild PID is 62344 - found in 10 x 1 seconds
61962 Establishing first watcher   on    Thu Jun  2 11:13:46 EDT 2022
61962 Process tree is 61962 (main) -> 62156 (child) -> 62344 (grandchild)
F S   UID   PID  PPID  C PRI  NI ADDR SZ WCHAN  TTY        TIME CMD
0 D 100667 62344 62156  0 80   0 - 32311 cxiWai ?          0:00 cp /star/data01/pwg/xiatong/AMPT/14GeV/data_567135711.root /tmp/maxwoo/21EF1A6A9139C9FD2A38E59AFB466F9A_1601/INPUTFILES/data_567135711.root
61962 Grandchild PID is 64677 - found in 30 x 2 seconds
61962 Grandchild to watch has changed on Thu Jun  2 11:14:28 EDT 2022
61962 Process tree is 61962 (main) -> 62156 (child) -> 64677 (grandchild)
F S   UID   PID  PPID  C PRI  NI ADDR SZ WCHAN  TTY        TIME CMD
61962 Grandchild PID is 65470 - found in 40 x 2 seconds
61962 Grandchild to watch has changed on Thu Jun  2 11:14:48 EDT 2022
61962 Process tree is 61962 (main) -> 62156 (child) -> 65470 (grandchild)
F S   UID   PID  PPID  C PRI  NI ADDR SZ WCHAN  TTY        TIME CMD
0 D 100667 65470 62156  0 80   0 - 32311 cxiWai ?          0:00 cp /star/data01/pwg/xiatong/AMPT/14GeV/data_567135851.root /tmp/maxwoo/21EF1A6A9139C9FD2A38E59AFB466F9A_1601/INPUTFILES/data_567135851.root
61962 Grandchild PID is 2291 - found in 50 x 2 seconds
61962 Grandchild to watch has changed on Thu Jun  2 11:15:09 EDT 2022
61962 Process tree is 61962 (main) -> 62156 (child) -> 2291 (grandchild)
F S   UID   PID  PPID  C PRI  NI ADDR SZ WCHAN  TTY        TIME CMD
0 D 100667 2291 62156  0  80   0 - 32311 cxiWai ?          0:00 cp /star/data01/pwg/xiatong/AMPT/14GeV/data_567140971.root /tmp/maxwoo/21EF1A6A9139C9FD2A38E59AFB466F9A_1601/INPUTFILES/data_567140971.root
61962 Grandchild PID is 3770 - found in 60 x 2 seconds
61962 Grandchild to watch has changed on Thu Jun  2 11:15:30 EDT 2022
61962 Process tree is 61962 (main) -> 62156 (child) -> 3770 (grandchild)
F S   UID   PID  PPID  C PRI  NI ADDR SZ WCHAN  TTY        TIME CMD
0 D 100667 3770 62156  0  80   0 - 32311 cxiWai ?          0:00 cp /star/data01/pwg/xiatong/AMPT/14GeV/data_567143101.root /tmp/maxwoo/21EF1A6A9139C9FD2A38E59AFB466F9A_1601/INPUTFILES/data_567143101.root
61962 Grandchild PID is 4522 - found in 70 x 2 seconds
61962 Grandchild to watch has changed on Thu Jun  2 11:15:51 EDT 2022
61962 Process tree is 61962 (main) -> 62156 (child) -> 4522 (grandchild)
F S   UID   PID  PPID  C PRI  NI ADDR SZ WCHAN  TTY        TIME CMD
0 D 100667 4522 62156  0  80   0 - 32311 cxiWai ?          0:00 cp /star/data01/pwg/xiatong/AMPT/14GeV/data_567161731.root /tmp/maxwoo/21EF1A6A9139C9FD2A38E59AFB466F9A_1601/INPUTFILES/data_567161731.root
61962 Grandchild PID is 7067 - found in 90 x 2 seconds
61962 Grandchild to watch has changed on Thu Jun  2 11:16:32 EDT 2022
61962 Process tree is 61962 (main) -> 62156 (child) -> 7067 (grandchild)
F S   UID   PID  PPID  C PRI  NI ADDR SZ WCHAN  TTY        TIME CMD
0 D 100667 7067 62156  0  80   0 - 32311 cxiWai ?          0:00 cp /star/data01/pwg/xiatong/AMPT/14GeV/data_567161771.root /tmp/maxwoo/21EF1A6A9139C9FD2A38E59AFB466F9A_1601/INPUTFILES/data_567161771.root
61962 Grandchild PID is 10353 - found in 110 x 2 seconds
61962 Grandchild to watch has changed on Thu Jun  2 11:17:14 EDT 2022
61962 Process tree is 61962 (main) -> 62156 (child) -> 10353 (grandchild)
F S   UID   PID  PPID  C PRI  NI ADDR SZ WCHAN  TTY        TIME CMD
0 S 100667 10353 62156  0 80   0 -  1272 do_wai ?          0:00 root -b -q check_S.C++("/tmp/maxwoo/21EF1A6A9139C9FD2A38E59AFB466F9A_1601/INPUTFILES/21EF1A6A9139C9FD2A38E59AFB466F9A_1601.local.list","21EF1A6A9139C9FD2A38E59AFB466F9A_1601",1)
62156 Stepping into the main SUMS wrapper program with []
.... building sandbox
Running: cp /star/data01/pwg/xiatong/AMPT/14GeV/data_567135701.root /tmp/maxwoo/21EF1A6A9139C9FD2A38E59AFB466F9A_1601/INPUTFILES/data_567135701.root
Running: cp /star/data01/pwg/xiatong/AMPT/14GeV/data_567135711.root /tmp/maxwoo/21EF1A6A9139C9FD2A38E59AFB466F9A_1601/INPUTFILES/data_567135711.root
Running: cp /star/data01/pwg/xiatong/AMPT/14GeV/data_567135721.root /tmp/maxwoo/21EF1A6A9139C9FD2A38E59AFB466F9A_1601/INPUTFILES/data_567135721.root
Running: cp /star/data01/pwg/xiatong/AMPT/14GeV/data_567135731.root /tmp/maxwoo/21EF1A6A9139C9FD2A38E59AFB466F9A_1601/INPUTFILES/data_567135731.root
Running: cp /star/data01/pwg/xiatong/AMPT/14GeV/data_567135741.root /tmp/maxwoo/21EF1A6A9139C9FD2A38E59AFB466F9A_1601/INPUTFILES/data_567135741.root
Running: cp /star/data01/pwg/xiatong/AMPT/14GeV/data_567135761.root /tmp/maxwoo/21EF1A6A9139C9FD2A38E59AFB466F9A_1601/INPUTFILES/data_567135761.root
Running: cp /star/data01/pwg/xiatong/AMPT/14GeV/data_567135781.root /tmp/maxwoo/21EF1A6A9139C9FD2A38E59AFB466F9A_1601/INPUTFILES/data_567135781.root
Running: cp /star/data01/pwg/xiatong/AMPT/14GeV/data_567135801.root /tmp/maxwoo/21EF1A6A9139C9FD2A38E59AFB466F9A_1601/INPUTFILES/data_567135801.root
Running: cp /star/data01/pwg/xiatong/AMPT/14GeV/data_567135811.root /tmp/maxwoo/21EF1A6A9139C9FD2A38E59AFB466F9A_1601/INPUTFILES/data_567135811.root
Running: cp /star/data01/pwg/xiatong/AMPT/14GeV/data_567135831.root /tmp/maxwoo/21EF1A6A9139C9FD2A38E59AFB466F9A_1601/INPUTFILES/data_567135831.root
Running: cp /star/data01/pwg/xiatong/AMPT/14GeV/data_567135841.root /tmp/maxwoo/21EF1A6A9139C9FD2A38E59AFB466F9A_1601/INPUTFILES/data_567135841.root
Running: cp /star/data01/pwg/xiatong/AMPT/14GeV/data_567135851.root /tmp/maxwoo/21EF1A6A9139C9FD2A38E59AFB466F9A_1601/INPUTFILES/data_567135851.root
Running: cp /star/data01/pwg/xiatong/AMPT/14GeV/data_567135861.root /tmp/maxwoo/21EF1A6A9139C9FD2A38E59AFB466F9A_1601/INPUTFILES/data_567135861.root
Running: cp /star/data01/pwg/xiatong/AMPT/14GeV/data_567136441.root /tmp/maxwoo/21EF1A6A9139C9FD2A38E59AFB466F9A_1601/INPUTFILES/data_567136441.root
Running: cp /star/data01/pwg/xiatong/AMPT/14GeV/data_567136621.root /tmp/maxwoo/21EF1A6A9139C9FD2A38E59AFB466F9A_1601/INPUTFILES/data_567136621.root
Running: cp /star/data01/pwg/xiatong/AMPT/14GeV/data_567136731.root /tmp/maxwoo/21EF1A6A9139C9FD2A38E59AFB466F9A_1601/INPUTFILES/data_567136731.root
Running: cp /star/data01/pwg/xiatong/AMPT/14GeV/data_567137271.root /tmp/maxwoo/21EF1A6A9139C9FD2A38E59AFB466F9A_1601/INPUTFILES/data_567137271.root
Running: cp /star/data01/pwg/xiatong/AMPT/14GeV/data_567140971.root /tmp/maxwoo/21EF1A6A9139C9FD2A38E59AFB466F9A_1601/INPUTFILES/data_567140971.root
Running: cp /star/data01/pwg/xiatong/AMPT/14GeV/data_567140981.root /tmp/maxwoo/21EF1A6A9139C9FD2A38E59AFB466F9A_1601/INPUTFILES/data_567140981.root
Running: cp /star/data01/pwg/xiatong/AMPT/14GeV/data_567140991.root /tmp/maxwoo/21EF1A6A9139C9FD2A38E59AFB466F9A_1601/INPUTFILES/data_567140991.root
Running: cp /star/data01/pwg/xiatong/AMPT/14GeV/data_567141011.root /tmp/maxwoo/21EF1A6A9139C9FD2A38E59AFB466F9A_1601/INPUTFILES/data_567141011.root
Running: cp /star/data01/pwg/xiatong/AMPT/14GeV/data_567141021.root /tmp/maxwoo/21EF1A6A9139C9FD2A38E59AFB466F9A_1601/INPUTFILES/data_567141021.root
Running: cp /star/data01/pwg/xiatong/AMPT/14GeV/data_567141041.root /tmp/maxwoo/21EF1A6A9139C9FD2A38E59AFB466F9A_1601/INPUTFILES/data_567141041.root
Running: cp /star/data01/pwg/xiatong/AMPT/14GeV/data_567141081.root /tmp/maxwoo/21EF1A6A9139C9FD2A38E59AFB466F9A_1601/INPUTFILES/data_567141081.root
Running: cp /star/data01/pwg/xiatong/AMPT/14GeV/data_567141501.root /tmp/maxwoo/21EF1A6A9139C9FD2A38E59AFB466F9A_1601/INPUTFILES/data_567141501.root
Running: cp /star/data01/pwg/xiatong/AMPT/14GeV/data_567143101.root /tmp/maxwoo/21EF1A6A9139C9FD2A38E59AFB466F9A_1601/INPUTFILES/data_567143101.root
Running: cp /star/data01/pwg/xiatong/AMPT/14GeV/data_567157401.root /tmp/maxwoo/21EF1A6A9139C9FD2A38E59AFB466F9A_1601/INPUTFILES/data_567157401.root
Running: cp /star/data01/pwg/xiatong/AMPT/14GeV/data_567161581.root /tmp/maxwoo/21EF1A6A9139C9FD2A38E59AFB466F9A_1601/INPUTFILES/data_567161581.root
Running: cp /star/data01/pwg/xiatong/AMPT/14GeV/data_567161601.root /tmp/maxwoo/21EF1A6A9139C9FD2A38E59AFB466F9A_1601/INPUTFILES/data_567161601.root
Running: cp /star/data01/pwg/xiatong/AMPT/14GeV/data_567161731.root /tmp/maxwoo/21EF1A6A9139C9FD2A38E59AFB466F9A_1601/INPUTFILES/data_567161731.root
Running: cp /star/data01/pwg/xiatong/AMPT/14GeV/data_567161771.root /tmp/maxwoo/21EF1A6A9139C9FD2A38E59AFB466F9A_1601/INPUTFILES/data_567161771.root
Running: cp /star/data01/pwg/xiatong/AMPT/14GeV/data_567161801.root /tmp/maxwoo/21EF1A6A9139C9FD2A38E59AFB466F9A_1601/INPUTFILES/data_567161801.root
Running: cp /star/data01/pwg/xiatong/AMPT/14GeV/data_567161811.root /tmp/maxwoo/21EF1A6A9139C9FD2A38E59AFB466F9A_1601/INPUTFILES/data_567161811.root
Running: cp /star/data01/pwg/xiatong/AMPT/14GeV/data_567161841.root /tmp/maxwoo/21EF1A6A9139C9FD2A38E59AFB466F9A_1601/INPUTFILES/data_567161841.root
Running: cp /star/data01/pwg/xiatong/AMPT/14GeV/data_567161861.root /tmp/maxwoo/21EF1A6A9139C9FD2A38E59AFB466F9A_1601/INPUTFILES/data_567161861.root
Running: cp /star/data01/pwg/xiatong/AMPT/14GeV/data_567161921.root /tmp/maxwoo/21EF1A6A9139C9FD2A38E59AFB466F9A_1601/INPUTFILES/data_567161921.root
Running: cp /star/data01/pwg/xiatong/AMPT/14GeV/data_567161971.root /tmp/maxwoo/21EF1A6A9139C9FD2A38E59AFB466F9A_1601/INPUTFILES/data_567161971.root
Swapping $FILELIST with: /tmp/maxwoo/21EF1A6A9139C9FD2A38E59AFB466F9A_1601/INPUTFILES/21EF1A6A9139C9FD2A38E59AFB466F9A_1601.local.list
+++++++++++local copy debug++++++++++++++++++++
newFileList: /tmp/maxwoo/21EF1A6A9139C9FD2A38E59AFB466F9A_1601/INPUTFILES/21EF1A6A9139C9FD2A38E59AFB466F9A_1601.local.list
++++++++++++++++cat FILELIST+++++++++++++++++++
/tmp/maxwoo/21EF1A6A9139C9FD2A38E59AFB466F9A_1601/INPUTFILES/data_567135701.root 
/tmp/maxwoo/21EF1A6A9139C9FD2A38E59AFB466F9A_1601/INPUTFILES/data_567135711.root 
/tmp/maxwoo/21EF1A6A9139C9FD2A38E59AFB466F9A_1601/INPUTFILES/data_567135721.root 
/tmp/maxwoo/21EF1A6A9139C9FD2A38E59AFB466F9A_1601/INPUTFILES/data_567135731.root 
/tmp/maxwoo/21EF1A6A9139C9FD2A38E59AFB466F9A_1601/INPUTFILES/data_567135741.root 
/tmp/maxwoo/21EF1A6A9139C9FD2A38E59AFB466F9A_1601/INPUTFILES/data_567135761.root 
/tmp/maxwoo/21EF1A6A9139C9FD2A38E59AFB466F9A_1601/INPUTFILES/data_567135781.root 
/tmp/maxwoo/21EF1A6A9139C9FD2A38E59AFB466F9A_1601/INPUTFILES/data_567135801.root 
/tmp/maxwoo/21EF1A6A9139C9FD2A38E59AFB466F9A_1601/INPUTFILES/data_567135811.root 
/tmp/maxwoo/21EF1A6A9139C9FD2A38E59AFB466F9A_1601/INPUTFILES/data_567135831.root 
/tmp/maxwoo/21EF1A6A9139C9FD2A38E59AFB466F9A_1601/INPUTFILES/data_567135841.root 
/tmp/maxwoo/21EF1A6A9139C9FD2A38E59AFB466F9A_1601/INPUTFILES/data_567135851.root 
/tmp/maxwoo/21EF1A6A9139C9FD2A38E59AFB466F9A_1601/INPUTFILES/data_567135861.root 
/tmp/maxwoo/21EF1A6A9139C9FD2A38E59AFB466F9A_1601/INPUTFILES/data_567136441.root 
/tmp/maxwoo/21EF1A6A9139C9FD2A38E59AFB466F9A_1601/INPUTFILES/data_567136621.root 
/tmp/maxwoo/21EF1A6A9139C9FD2A38E59AFB466F9A_1601/INPUTFILES/data_567136731.root 
/tmp/maxwoo/21EF1A6A9139C9FD2A38E59AFB466F9A_1601/INPUTFILES/data_567137271.root 
/tmp/maxwoo/21EF1A6A9139C9FD2A38E59AFB466F9A_1601/INPUTFILES/data_567140971.root 
/tmp/maxwoo/21EF1A6A9139C9FD2A38E59AFB466F9A_1601/INPUTFILES/data_567140981.root 
/tmp/maxwoo/21EF1A6A9139C9FD2A38E59AFB466F9A_1601/INPUTFILES/data_567140991.root 
/tmp/maxwoo/21EF1A6A9139C9FD2A38E59AFB466F9A_1601/INPUTFILES/data_567141011.root 
/tmp/maxwoo/21EF1A6A9139C9FD2A38E59AFB466F9A_1601/INPUTFILES/data_567141021.root 
/tmp/maxwoo/21EF1A6A9139C9FD2A38E59AFB466F9A_1601/INPUTFILES/data_567141041.root 
/tmp/maxwoo/21EF1A6A9139C9FD2A38E59AFB466F9A_1601/INPUTFILES/data_567141081.root 
/tmp/maxwoo/21EF1A6A9139C9FD2A38E59AFB466F9A_1601/INPUTFILES/data_567141501.root 
/tmp/maxwoo/21EF1A6A9139C9FD2A38E59AFB466F9A_1601/INPUTFILES/data_567143101.root 
/tmp/maxwoo/21EF1A6A9139C9FD2A38E59AFB466F9A_1601/INPUTFILES/data_567157401.root 
/tmp/maxwoo/21EF1A6A9139C9FD2A38E59AFB466F9A_1601/INPUTFILES/data_567161581.root 
/tmp/maxwoo/21EF1A6A9139C9FD2A38E59AFB466F9A_1601/INPUTFILES/data_567161601.root 
/tmp/maxwoo/21EF1A6A9139C9FD2A38E59AFB466F9A_1601/INPUTFILES/data_567161731.root 
/tmp/maxwoo/21EF1A6A9139C9FD2A38E59AFB466F9A_1601/INPUTFILES/data_567161771.root 
/tmp/maxwoo/21EF1A6A9139C9FD2A38E59AFB466F9A_1601/INPUTFILES/data_567161801.root 
/tmp/maxwoo/21EF1A6A9139C9FD2A38E59AFB466F9A_1601/INPUTFILES/data_567161811.root 
/tmp/maxwoo/21EF1A6A9139C9FD2A38E59AFB466F9A_1601/INPUTFILES/data_567161841.root 
/tmp/maxwoo/21EF1A6A9139C9FD2A38E59AFB466F9A_1601/INPUTFILES/data_567161861.root 
/tmp/maxwoo/21EF1A6A9139C9FD2A38E59AFB466F9A_1601/INPUTFILES/data_567161921.root 
/tmp/maxwoo/21EF1A6A9139C9FD2A38E59AFB466F9A_1601/INPUTFILES/data_567161971.root 
++++++++++++++++++++find.++++++++++++++++++++++
.
./.output.log
./lib
./lib/CenMaker_cpp_ACLiC_dict_rdict.pcm
./lib/NpartNormalizer_cpp.so
./lib/my_particle_cpp.so
./lib/MixedBuffer_cpp.so
./lib/my_particle.h
./lib/MixedBuffer_cpp_ACLiC_dict_rdict.pcm
./lib/my_particle.cpp
./lib/my_event_cpp_ACLiC_dict_rdict.pcm
./lib/my_event_cpp.so
./lib/CenMaker_cpp.so
./lib/my_event_cpp.d
./lib/my_event.cpp
./lib/CenMaker.h
./lib/NpartNormalizer.cpp
./lib/MixedBuffer.h
./lib/my_particle_cpp_ACLiC_dict_rdict.pcm
./lib/NpartNormalizer.h
./lib/MixedBuffer_cpp.d
./lib/my_particle_cpp.d
./lib/CenMaker.cpp
./lib/NpartNormalizer_cpp_ACLiC_dict_rdict.pcm
./lib/MixedBuffer.cpp
./lib/NpartNormalizer_cpp.d
./lib/my_event.h
./lib/CenMaker_cpp.d
./.sandboxFiles
./.errror.log
./Check_Sness.C
./INPUTFILES
./INPUTFILES/data_567135831.root
./INPUTFILES/data_567140971.root
./INPUTFILES/data_567135811.root
./INPUTFILES/data_567141081.root
./INPUTFILES/data_567135711.root
./INPUTFILES/data_567140991.root
./INPUTFILES/data_567135781.root
./INPUTFILES/data_567161801.root
./INPUTFILES/data_567135851.root
./INPUTFILES/21EF1A6A9139C9FD2A38E59AFB466F9A_1601.local.list
./INPUTFILES/data_567141501.root
./INPUTFILES/data_567136621.root
./INPUTFILES/data_567135861.root
./INPUTFILES/data_567161921.root
./INPUTFILES/data_567161811.root
./INPUTFILES/data_567141041.root
./INPUTFILES/data_567140981.root
./INPUTFILES/data_567135701.root
./INPUTFILES/data_567135841.root
./INPUTFILES/data_567135741.root
./INPUTFILES/data_567136731.root
./INPUTFILES/data_567135761.root
./INPUTFILES/data_567135721.root
./INPUTFILES/data_567161861.root
./INPUTFILES/data_567161601.root
./INPUTFILES/data_567141011.root
./INPUTFILES/data_567161841.root
./INPUTFILES/data_567135731.root
./INPUTFILES/data_567157401.root
./INPUTFILES/data_567135801.root
./INPUTFILES/data_567161731.root
./INPUTFILES/data_567137271.root
./INPUTFILES/data_567161581.root
./INPUTFILES/data_567143101.root
./INPUTFILES/data_567161771.root
./INPUTFILES/data_567141021.root
./INPUTFILES/data_567136441.root
./INPUTFILES/data_567161971.root
./check_S.C
++++++++++++++++INPUTFILE Var++++++++++++++++++
FILELIST=/tmp/maxwoo/21EF1A6A9139C9FD2A38E59AFB466F9A_1601/INPUTFILES/21EF1A6A9139C9FD2A38E59AFB466F9A_1601.local.list
INPUTFILECOUNT=37
INPUTFILE0=/tmp/maxwoo/21EF1A6A9139C9FD2A38E59AFB466F9A_1601/INPUTFILES/data_567135701.root
INPUTFILE1=/tmp/maxwoo/21EF1A6A9139C9FD2A38E59AFB466F9A_1601/INPUTFILES/data_567135711.root
INPUTFILE2=/tmp/maxwoo/21EF1A6A9139C9FD2A38E59AFB466F9A_1601/INPUTFILES/data_567135721.root
INPUTFILE3=/tmp/maxwoo/21EF1A6A9139C9FD2A38E59AFB466F9A_1601/INPUTFILES/data_567135731.root
INPUTFILE4=/tmp/maxwoo/21EF1A6A9139C9FD2A38E59AFB466F9A_1601/INPUTFILES/data_567135741.root
INPUTFILE5=/tmp/maxwoo/21EF1A6A9139C9FD2A38E59AFB466F9A_1601/INPUTFILES/data_567135761.root
INPUTFILE6=/tmp/maxwoo/21EF1A6A9139C9FD2A38E59AFB466F9A_1601/INPUTFILES/data_567135781.root
INPUTFILE7=/tmp/maxwoo/21EF1A6A9139C9FD2A38E59AFB466F9A_1601/INPUTFILES/data_567135801.root
INPUTFILE8=/tmp/maxwoo/21EF1A6A9139C9FD2A38E59AFB466F9A_1601/INPUTFILES/data_567135811.root
INPUTFILE9=/tmp/maxwoo/21EF1A6A9139C9FD2A38E59AFB466F9A_1601/INPUTFILES/data_567135831.root
INPUTFILE10=/tmp/maxwoo/21EF1A6A9139C9FD2A38E59AFB466F9A_1601/INPUTFILES/data_567135841.root
INPUTFILE11=/tmp/maxwoo/21EF1A6A9139C9FD2A38E59AFB466F9A_1601/INPUTFILES/data_567135851.root
INPUTFILE12=/tmp/maxwoo/21EF1A6A9139C9FD2A38E59AFB466F9A_1601/INPUTFILES/data_567135861.root
INPUTFILE13=/tmp/maxwoo/21EF1A6A9139C9FD2A38E59AFB466F9A_1601/INPUTFILES/data_567136441.root
INPUTFILE14=/tmp/maxwoo/21EF1A6A9139C9FD2A38E59AFB466F9A_1601/INPUTFILES/data_567136621.root
INPUTFILE15=/tmp/maxwoo/21EF1A6A9139C9FD2A38E59AFB466F9A_1601/INPUTFILES/data_567136731.root
INPUTFILE16=/tmp/maxwoo/21EF1A6A9139C9FD2A38E59AFB466F9A_1601/INPUTFILES/data_567137271.root
INPUTFILE17=/tmp/maxwoo/21EF1A6A9139C9FD2A38E59AFB466F9A_1601/INPUTFILES/data_567140971.root
INPUTFILE18=/tmp/maxwoo/21EF1A6A9139C9FD2A38E59AFB466F9A_1601/INPUTFILES/data_567140981.root
INPUTFILE19=/tmp/maxwoo/21EF1A6A9139C9FD2A38E59AFB466F9A_1601/INPUTFILES/data_567140991.root
INPUTFILE20=/tmp/maxwoo/21EF1A6A9139C9FD2A38E59AFB466F9A_1601/INPUTFILES/data_567141011.root
INPUTFILE21=/tmp/maxwoo/21EF1A6A9139C9FD2A38E59AFB466F9A_1601/INPUTFILES/data_567141021.root
INPUTFILE22=/tmp/maxwoo/21EF1A6A9139C9FD2A38E59AFB466F9A_1601/INPUTFILES/data_567141041.root
INPUTFILE23=/tmp/maxwoo/21EF1A6A9139C9FD2A38E59AFB466F9A_1601/INPUTFILES/data_567141081.root
INPUTFILE24=/tmp/maxwoo/21EF1A6A9139C9FD2A38E59AFB466F9A_1601/INPUTFILES/data_567141501.root
INPUTFILE25=/tmp/maxwoo/21EF1A6A9139C9FD2A38E59AFB466F9A_1601/INPUTFILES/data_567143101.root
INPUTFILE26=/tmp/maxwoo/21EF1A6A9139C9FD2A38E59AFB466F9A_1601/INPUTFILES/data_567157401.root
INPUTFILE27=/tmp/maxwoo/21EF1A6A9139C9FD2A38E59AFB466F9A_1601/INPUTFILES/data_567161581.root
INPUTFILE28=/tmp/maxwoo/21EF1A6A9139C9FD2A38E59AFB466F9A_1601/INPUTFILES/data_567161601.root
INPUTFILE29=/tmp/maxwoo/21EF1A6A9139C9FD2A38E59AFB466F9A_1601/INPUTFILES/data_567161731.root
INPUTFILE30=/tmp/maxwoo/21EF1A6A9139C9FD2A38E59AFB466F9A_1601/INPUTFILES/data_567161771.root
INPUTFILE31=/tmp/maxwoo/21EF1A6A9139C9FD2A38E59AFB466F9A_1601/INPUTFILES/data_567161801.root
INPUTFILE32=/tmp/maxwoo/21EF1A6A9139C9FD2A38E59AFB466F9A_1601/INPUTFILES/data_567161811.root
INPUTFILE33=/tmp/maxwoo/21EF1A6A9139C9FD2A38E59AFB466F9A_1601/INPUTFILES/data_567161841.root
INPUTFILE34=/tmp/maxwoo/21EF1A6A9139C9FD2A38E59AFB466F9A_1601/INPUTFILES/data_567161861.root
INPUTFILE35=/tmp/maxwoo/21EF1A6A9139C9FD2A38E59AFB466F9A_1601/INPUTFILES/data_567161921.root
INPUTFILE36=/tmp/maxwoo/21EF1A6A9139C9FD2A38E59AFB466F9A_1601/INPUTFILES/data_567161971.root
LocalInputFileDir=/tmp/maxwoo/21EF1A6A9139C9FD2A38E59AFB466F9A_1601/INPUTFILES
NewFILELIST=/tmp/maxwoo/21EF1A6A9139C9FD2A38E59AFB466F9A_1601/INPUTFILES/21EF1A6A9139C9FD2A38E59AFB466F9A_1601.local.list
+++++++++++++++++++++++++++++++++++++++++++++++
--------------------------------
Simple Unified Meta Scheduler 1.10.50 we are starting in $SCRATCH : /home/tmp/maxwoo/21EF1A6A9139C9FD2A38E59AFB466F9A_1601
--------------------------------
total 16
lrwxrwxrwx 1 maxwoo rhstar   61 Jun  2 11:13 check_S.C -> /gpfs/mnt/gpfs01/star/pwg/xiatong/git/strangeness/./check_S.C
lrwxrwxrwx 1 maxwoo rhstar   65 Jun  2 11:13 Check_Sness.C -> /gpfs/mnt/gpfs01/star/pwg/xiatong/git/strangeness/./Check_Sness.C
drwxr-xr-x 2 maxwoo rhstar 4096 Jun  2 11:16 INPUTFILES
drwxr-xr-x 2 maxwoo rhstar 4096 Jun  2 11:13 lib
  *******************************************
  *                                         *
  *        W E L C O M E  to  R O O T       *
  *                                         *
  *   Version   5.34/38     12 March 2018   *
  *                                         *
  *  You are welcome to visit our Web site  *
  *          http://root.cern.ch            *
  *                                         *
  *******************************************

ROOT 5.34/38 (v5-34-38@v5-34-38, Mar 12 2018, 15:49:39 on linux)

CINT/ROOT C/C++ Interpreter version 5.18.00, July 2, 2010
Type ? for help. Commands must be C++ statements.
Enclose multiple statements between { }.
*** Float Point Exception is OFF ***
 *** Start at Date : Thu Jun  2 11:17:05 2022
QAInfo:You are using STAR_LEVEL : dev, ROOT_LEVEL : 5.34.38 and node : rcas6324.rcf.bnl.gov 

Processing check_S.C++("/tmp/maxwoo/21EF1A6A9139C9FD2A38E59AFB466F9A_1601/INPUTFILES/21EF1A6A9139C9FD2A38E59AFB466F9A_1601.local.list","21EF1A6A9139C9FD2A38E59AFB466F9A_1601",1)...
/tmp/maxwoo/21EF1A6A9139C9FD2A38E59AFB466F9A_1601/INPUTFILES/data_567135701.root 
/tmp/maxwoo/21EF1A6A9139C9FD2A38E59AFB466F9A_1601/INPUTFILES/data_567135711.root 
/tmp/maxwoo/21EF1A6A9139C9FD2A38E59AFB466F9A_1601/INPUTFILES/data_567135721.root 
/tmp/maxwoo/21EF1A6A9139C9FD2A38E59AFB466F9A_1601/INPUTFILES/data_567135731.root 
/tmp/maxwoo/21EF1A6A9139C9FD2A38E59AFB466F9A_1601/INPUTFILES/data_567135741.root 
/tmp/maxwoo/21EF1A6A9139C9FD2A38E59AFB466F9A_1601/INPUTFILES/data_567135761.root 
/tmp/maxwoo/21EF1A6A9139C9FD2A38E59AFB466F9A_1601/INPUTFILES/data_567135781.root 
/tmp/maxwoo/21EF1A6A9139C9FD2A38E59AFB466F9A_1601/INPUTFILES/data_567135801.root 
/tmp/maxwoo/21EF1A6A9139C9FD2A38E59AFB466F9A_1601/INPUTFILES/data_567135811.root 
/tmp/maxwoo/21EF1A6A9139C9FD2A38E59AFB466F9A_1601/INPUTFILES/data_567135831.root 
/tmp/maxwoo/21EF1A6A9139C9FD2A38E59AFB466F9A_1601/INPUTFILES/data_567135841.root 
/tmp/maxwoo/21EF1A6A9139C9FD2A38E59AFB466F9A_1601/INPUTFILES/data_567135851.root 
/tmp/maxwoo/21EF1A6A9139C9FD2A38E59AFB466F9A_1601/INPUTFILES/data_567135861.root 
/tmp/maxwoo/21EF1A6A9139C9FD2A38E59AFB466F9A_1601/INPUTFILES/data_567136441.root 
/tmp/maxwoo/21EF1A6A9139C9FD2A38E59AFB466F9A_1601/INPUTFILES/data_567136621.root 
/tmp/maxwoo/21EF1A6A9139C9FD2A38E59AFB466F9A_1601/INPUTFILES/data_567136731.root 
/tmp/maxwoo/21EF1A6A9139C9FD2A38E59AFB466F9A_1601/INPUTFILES/data_567137271.root 
/tmp/maxwoo/21EF1A6A9139C9FD2A38E59AFB466F9A_1601/INPUTFILES/data_567140971.root 
/tmp/maxwoo/21EF1A6A9139C9FD2A38E59AFB466F9A_1601/INPUTFILES/data_567140981.root 
/tmp/maxwoo/21EF1A6A9139C9FD2A38E59AFB466F9A_1601/INPUTFILES/data_567140991.root 
/tmp/maxwoo/21EF1A6A9139C9FD2A38E59AFB466F9A_1601/INPUTFILES/data_567141011.root 
/tmp/maxwoo/21EF1A6A9139C9FD2A38E59AFB466F9A_1601/INPUTFILES/data_567141021.root 
/tmp/maxwoo/21EF1A6A9139C9FD2A38E59AFB466F9A_1601/INPUTFILES/data_567141041.root 
/tmp/maxwoo/21EF1A6A9139C9FD2A38E59AFB466F9A_1601/INPUTFILES/data_567141081.root 
/tmp/maxwoo/21EF1A6A9139C9FD2A38E59AFB466F9A_1601/INPUTFILES/data_567141501.root 
/tmp/maxwoo/21EF1A6A9139C9FD2A38E59AFB466F9A_1601/INPUTFILES/data_567143101.root 
/tmp/maxwoo/21EF1A6A9139C9FD2A38E59AFB466F9A_1601/INPUTFILES/data_567157401.root 
/tmp/maxwoo/21EF1A6A9139C9FD2A38E59AFB466F9A_1601/INPUTFILES/data_567161581.root 
/tmp/maxwoo/21EF1A6A9139C9FD2A38E59AFB466F9A_1601/INPUTFILES/data_567161601.root 
/tmp/maxwoo/21EF1A6A9139C9FD2A38E59AFB466F9A_1601/INPUTFILES/data_567161731.root 
/tmp/maxwoo/21EF1A6A9139C9FD2A38E59AFB466F9A_1601/INPUTFILES/data_567161771.root 
/tmp/maxwoo/21EF1A6A9139C9FD2A38E59AFB466F9A_1601/INPUTFILES/data_567161801.root 
/tmp/maxwoo/21EF1A6A9139C9FD2A38E59AFB466F9A_1601/INPUTFILES/data_567161811.root 
/tmp/maxwoo/21EF1A6A9139C9FD2A38E59AFB466F9A_1601/INPUTFILES/data_567161841.root 
/tmp/maxwoo/21EF1A6A9139C9FD2A38E59AFB466F9A_1601/INPUTFILES/data_567161861.root 
/tmp/maxwoo/21EF1A6A9139C9FD2A38E59AFB466F9A_1601/INPUTFILES/data_567161921.root 
/tmp/maxwoo/21EF1A6A9139C9FD2A38E59AFB466F9A_1601/INPUTFILES/data_567161971.root 
Added 37 files
# entries in chain: 37000
Processing entry == 1000 == out of 37000.
Processing entry == 2000 == out of 37000.
Processing entry == 3000 == out of 37000.
Processing entry == 4000 == out of 37000.
Processing entry == 5000 == out of 37000.
Processing entry == 6000 == out of 37000.
Processing entry == 7000 == out of 37000.
Processing entry == 8000 == out of 37000.
Processing entry == 9000 == out of 37000.
Processing entry == 10000 == out of 37000.
Processing entry == 11000 == out of 37000.
Processing entry == 12000 == out of 37000.
Processing entry == 13000 == out of 37000.
Processing entry == 14000 == out of 37000.
Processing entry == 15000 == out of 37000.
Processing entry == 16000 == out of 37000.
Processing entry == 17000 == out of 37000.
Processing entry == 18000 == out of 37000.
Processing entry == 19000 == out of 37000.
Processing entry == 20000 == out of 37000.
Processing entry == 21000 == out of 37000.
Processing entry == 22000 == out of 37000.
Processing entry == 23000 == out of 37000.
Processing entry == 24000 == out of 37000.
Processing entry == 25000 == out of 37000.
Processing entry == 26000 == out of 37000.
Processing entry == 27000 == out of 37000.
Processing entry == 28000 == out of 37000.
Processing entry == 29000 == out of 37000.
Processing entry == 30000 == out of 37000.
Processing entry == 31000 == out of 37000.
Processing entry == 32000 == out of 37000.
Processing entry == 33000 == out of 37000.
Processing entry == 34000 == out of 37000.
Processing entry == 35000 == out of 37000.
Processing entry == 36000 == out of 37000.
Processing entry == 37000 == out of 37000.

This is the end of ROOT -- Goodbye

Cleaning up sandbox file:  /tmp/maxwoo/21EF1A6A9139C9FD2A38E59AFB466F9A_1601/check_S.C
Cleaning up sandbox file:  /tmp/maxwoo/21EF1A6A9139C9FD2A38E59AFB466F9A_1601/Check_Sness.C
Cleaning up sandbox file:  /tmp/maxwoo/21EF1A6A9139C9FD2A38E59AFB466F9A_1601/lib
Cleaning up sandbox file:  /tmp/maxwoo/21EF1A6A9139C9FD2A38E59AFB466F9A_1601/.sandboxFiles
Starting copy block
Running copy command:  /bin/cp -fp /tmp/maxwoo/21EF1A6A9139C9FD2A38E59AFB466F9A_1601/out_21EF1A6A9139C9FD2A38E59AFB466F9A_1601.root /star/data01/pwg/xiatong/git/strangeness/data/
61962 Execution of (/star/data01/pwg/xiatong/git/strangeness/script/sched21EF1A6A9139C9FD2A38E59AFB466F9A_1601.csh ) has ended, exiting normally
61962 We END on [Thu Jun  2 11:39:26 EDT 2022]
