We are starting on node: spool0810.sdcc.bnl.gov
HOME is not defined
Using getent method
HOME is now /star/u/maxwoo
76709 We will spawn ourselves (/star/data01/pwg/xiatong/git/strangeness/script/sched21EF1A6A9139C9FD2A38E59AFB466F9A_2353.csh )
76709 We BEGIN on [Thu Jun  2 10:59:07 EDT 2022]
[1] 82896
76709 We are waiting for 82896 
76709 Grandchild PID is 89425 - found in 10 x 1 seconds
76709 Establishing first watcher   on    Thu Jun  2 10:59:18 EDT 2022
76709 Process tree is 76709 (main) -> 82896 (child) -> 89425 (grandchild)
F S   UID    PID   PPID  C PRI  NI ADDR SZ WCHAN  TTY        TIME CMD
0 D 100667 89425  82896  0  80   0 - 32311 cxiWai ?          0:00 cp /star/data01/pwg/xiatong/AMPT/14GeV/data_1287665431.root /tmp/maxwoo/21EF1A6A9139C9FD2A38E59AFB466F9A_2353/INPUTFILES/data_1287665431.root
76709 Grandchild PID is 95271 - found in 20 x 2 seconds
76709 Grandchild to watch has changed on Thu Jun  2 10:59:39 EDT 2022
76709 Process tree is 76709 (main) -> 82896 (child) -> 95271 (grandchild)
F S   UID    PID   PPID  C PRI  NI ADDR SZ WCHAN  TTY        TIME CMD
76709 Grandchild PID is 98995 - found in 30 x 2 seconds
76709 Grandchild to watch has changed on Thu Jun  2 11:00:00 EDT 2022
76709 Process tree is 76709 (main) -> 82896 (child) -> 98995 (grandchild)
F S   UID    PID   PPID  C PRI  NI ADDR SZ WCHAN  TTY        TIME CMD
0 D 100667 98995  82896  0  80   0 - 32311 cxiWai ?          0:00 cp /star/data01/pwg/xiatong/AMPT/14GeV/data_1287965371.root /tmp/maxwoo/21EF1A6A9139C9FD2A38E59AFB466F9A_2353/INPUTFILES/data_1287965371.root
76709 Grandchild PID is 107281 - found in 40 x 2 seconds
76709 Grandchild to watch has changed on Thu Jun  2 11:00:21 EDT 2022
76709 Process tree is 76709 (main) -> 82896 (child) -> 107281 (grandchild)
F S   UID    PID   PPID  C PRI  NI ADDR SZ WCHAN  TTY        TIME CMD
0 D 100667 107281 82896  0  80   0 - 32311 cxiWai ?          0:00 cp /star/data01/pwg/xiatong/AMPT/14GeV/data_1287965601.root /tmp/maxwoo/21EF1A6A9139C9FD2A38E59AFB466F9A_2353/INPUTFILES/data_1287965601.root
76709 Grandchild PID is 119664 - found in 60 x 2 seconds
76709 Grandchild to watch has changed on Thu Jun  2 11:01:03 EDT 2022
76709 Process tree is 76709 (main) -> 82896 (child) -> 119664 (grandchild)
F S   UID    PID   PPID  C PRI  NI ADDR SZ WCHAN  TTY        TIME CMD
0 D 100667 119664 82896  0  80   0 - 32311 cxiWai ?          0:00 cp /star/data01/pwg/xiatong/AMPT/14GeV/data_1288265281.root /tmp/maxwoo/21EF1A6A9139C9FD2A38E59AFB466F9A_2353/INPUTFILES/data_1288265281.root
76709 Grandchild PID is 120966 - found in 70 x 2 seconds
76709 Grandchild to watch has changed on Thu Jun  2 11:01:24 EDT 2022
76709 Process tree is 76709 (main) -> 82896 (child) -> 120966 (grandchild)
F S   UID    PID   PPID  C PRI  NI ADDR SZ WCHAN  TTY        TIME CMD
0 D 100667 120966 82896  0  80   0 - 32311 cxiWai ?          0:00 cp /star/data01/pwg/xiatong/AMPT/14GeV/data_1288265301.root /tmp/maxwoo/21EF1A6A9139C9FD2A38E59AFB466F9A_2353/INPUTFILES/data_1288265301.root
76709 Grandchild PID is 138214 - found in 80 x 2 seconds
76709 Grandchild to watch has changed on Thu Jun  2 11:01:45 EDT 2022
76709 Process tree is 76709 (main) -> 82896 (child) -> 138214 (grandchild)
F S   UID    PID   PPID  C PRI  NI ADDR SZ WCHAN  TTY        TIME CMD
0 D 100667 138214 82896  0  80   0 - 32311 cxiWai ?          0:00 cp /star/data01/pwg/xiatong/AMPT/14GeV/data_1288365271.root /tmp/maxwoo/21EF1A6A9139C9FD2A38E59AFB466F9A_2353/INPUTFILES/data_1288365271.root
76709 Grandchild PID is 149765 - found in 100 x 2 seconds
76709 Grandchild to watch has changed on Thu Jun  2 11:02:27 EDT 2022
76709 Process tree is 76709 (main) -> 82896 (child) -> 149765 (grandchild)
F S   UID    PID   PPID  C PRI  NI ADDR SZ WCHAN  TTY        TIME CMD
0 D 100667 149765 82896  0  80   0 - 32311 cxiWai ?          0:00 cp /star/data01/pwg/xiatong/AMPT/14GeV/data_1288465251.root /tmp/maxwoo/21EF1A6A9139C9FD2A38E59AFB466F9A_2353/INPUTFILES/data_1288465251.root
76709 Grandchild PID is 162176 - found in 120 x 2 seconds
76709 Grandchild to watch has changed on Thu Jun  2 11:03:08 EDT 2022
76709 Process tree is 76709 (main) -> 82896 (child) -> 162176 (grandchild)
F S   UID    PID   PPID  C PRI  NI ADDR SZ WCHAN  TTY        TIME CMD
0 D 100667 162176 82896  0  80   0 - 32311 cxiWai ?          0:00 cp /star/data01/pwg/xiatong/AMPT/14GeV/data_1288565211.root /tmp/maxwoo/21EF1A6A9139C9FD2A38E59AFB466F9A_2353/INPUTFILES/data_1288565211.root
76709 Grandchild PID is 167992 - found in 140 x 2 seconds
76709 Grandchild to watch has changed on Thu Jun  2 11:03:50 EDT 2022
76709 Process tree is 76709 (main) -> 82896 (child) -> 167992 (grandchild)
F S   UID    PID   PPID  C PRI  NI ADDR SZ WCHAN  TTY        TIME CMD
0 D 100667 167992 82896  0  80   0 - 32311 cxiWai ?          0:00 cp /star/data01/pwg/xiatong/AMPT/14GeV/data_1288565231.root /tmp/maxwoo/21EF1A6A9139C9FD2A38E59AFB466F9A_2353/INPUTFILES/data_1288565231.root
76709 Grandchild PID is 169906 - found in 150 x 2 seconds
76709 Grandchild to watch has changed on Thu Jun  2 11:04:11 EDT 2022
76709 Process tree is 76709 (main) -> 82896 (child) -> 169906 (grandchild)
F S   UID    PID   PPID  C PRI  NI ADDR SZ WCHAN  TTY        TIME CMD
0 D 100667 169906 82896  0  80   0 - 32311 cxiWai ?          0:00 cp /star/data01/pwg/xiatong/AMPT/14GeV/data_1288665151.root /tmp/maxwoo/21EF1A6A9139C9FD2A38E59AFB466F9A_2353/INPUTFILES/data_1288665151.root
76709 Grandchild PID is 174755 - found in 170 x 2 seconds
76709 Grandchild to watch has changed on Thu Jun  2 11:04:52 EDT 2022
76709 Process tree is 76709 (main) -> 82896 (child) -> 174755 (grandchild)
F S   UID    PID   PPID  C PRI  NI ADDR SZ WCHAN  TTY        TIME CMD
0 S 100667 174755 82896  0  80   0 -  1272 do_wai ?          0:00 root -b -q check_S.C++("/tmp/maxwoo/21EF1A6A9139C9FD2A38E59AFB466F9A_2353/INPUTFILES/21EF1A6A9139C9FD2A38E59AFB466F9A_2353.local.list","21EF1A6A9139C9FD2A38E59AFB466F9A_2353",1)
82896 Stepping into the main SUMS wrapper program with []
.... building sandbox
Running: cp /star/data01/pwg/xiatong/AMPT/14GeV/data_1287565511.root /tmp/maxwoo/21EF1A6A9139C9FD2A38E59AFB466F9A_2353/INPUTFILES/data_1287565511.root
Running: cp /star/data01/pwg/xiatong/AMPT/14GeV/data_1287665431.root /tmp/maxwoo/21EF1A6A9139C9FD2A38E59AFB466F9A_2353/INPUTFILES/data_1287665431.root
Running: cp /star/data01/pwg/xiatong/AMPT/14GeV/data_1287665471.root /tmp/maxwoo/21EF1A6A9139C9FD2A38E59AFB466F9A_2353/INPUTFILES/data_1287665471.root
Running: cp /star/data01/pwg/xiatong/AMPT/14GeV/data_1287665501.root /tmp/maxwoo/21EF1A6A9139C9FD2A38E59AFB466F9A_2353/INPUTFILES/data_1287665501.root
Running: cp /star/data01/pwg/xiatong/AMPT/14GeV/data_1287765441.root /tmp/maxwoo/21EF1A6A9139C9FD2A38E59AFB466F9A_2353/INPUTFILES/data_1287765441.root
Running: cp /star/data01/pwg/xiatong/AMPT/14GeV/data_1287765521.root /tmp/maxwoo/21EF1A6A9139C9FD2A38E59AFB466F9A_2353/INPUTFILES/data_1287765521.root
Running: cp /star/data01/pwg/xiatong/AMPT/14GeV/data_1287865381.root /tmp/maxwoo/21EF1A6A9139C9FD2A38E59AFB466F9A_2353/INPUTFILES/data_1287865381.root
Running: cp /star/data01/pwg/xiatong/AMPT/14GeV/data_1287865391.root /tmp/maxwoo/21EF1A6A9139C9FD2A38E59AFB466F9A_2353/INPUTFILES/data_1287865391.root
Running: cp /star/data01/pwg/xiatong/AMPT/14GeV/data_1287965361.root /tmp/maxwoo/21EF1A6A9139C9FD2A38E59AFB466F9A_2353/INPUTFILES/data_1287965361.root
Running: cp /star/data01/pwg/xiatong/AMPT/14GeV/data_1287965371.root /tmp/maxwoo/21EF1A6A9139C9FD2A38E59AFB466F9A_2353/INPUTFILES/data_1287965371.root
Running: cp /star/data01/pwg/xiatong/AMPT/14GeV/data_1287965411.root /tmp/maxwoo/21EF1A6A9139C9FD2A38E59AFB466F9A_2353/INPUTFILES/data_1287965411.root
Running: cp /star/data01/pwg/xiatong/AMPT/14GeV/data_1287965571.root /tmp/maxwoo/21EF1A6A9139C9FD2A38E59AFB466F9A_2353/INPUTFILES/data_1287965571.root
Running: cp /star/data01/pwg/xiatong/AMPT/14GeV/data_1287965601.root /tmp/maxwoo/21EF1A6A9139C9FD2A38E59AFB466F9A_2353/INPUTFILES/data_1287965601.root
Running: cp /star/data01/pwg/xiatong/AMPT/14GeV/data_1288065331.root /tmp/maxwoo/21EF1A6A9139C9FD2A38E59AFB466F9A_2353/INPUTFILES/data_1288065331.root
Running: cp /star/data01/pwg/xiatong/AMPT/14GeV/data_1288065341.root /tmp/maxwoo/21EF1A6A9139C9FD2A38E59AFB466F9A_2353/INPUTFILES/data_1288065341.root
Running: cp /star/data01/pwg/xiatong/AMPT/14GeV/data_1288065351.root /tmp/maxwoo/21EF1A6A9139C9FD2A38E59AFB466F9A_2353/INPUTFILES/data_1288065351.root
Running: cp /star/data01/pwg/xiatong/AMPT/14GeV/data_1288116471.root /tmp/maxwoo/21EF1A6A9139C9FD2A38E59AFB466F9A_2353/INPUTFILES/data_1288116471.root
Running: cp /star/data01/pwg/xiatong/AMPT/14GeV/data_1288116481.root /tmp/maxwoo/21EF1A6A9139C9FD2A38E59AFB466F9A_2353/INPUTFILES/data_1288116481.root
Running: cp /star/data01/pwg/xiatong/AMPT/14GeV/data_1288165321.root /tmp/maxwoo/21EF1A6A9139C9FD2A38E59AFB466F9A_2353/INPUTFILES/data_1288165321.root
Running: cp /star/data01/pwg/xiatong/AMPT/14GeV/data_1288265281.root /tmp/maxwoo/21EF1A6A9139C9FD2A38E59AFB466F9A_2353/INPUTFILES/data_1288265281.root
Running: cp /star/data01/pwg/xiatong/AMPT/14GeV/data_1288265301.root /tmp/maxwoo/21EF1A6A9139C9FD2A38E59AFB466F9A_2353/INPUTFILES/data_1288265301.root
Running: cp /star/data01/pwg/xiatong/AMPT/14GeV/data_1288265311.root /tmp/maxwoo/21EF1A6A9139C9FD2A38E59AFB466F9A_2353/INPUTFILES/data_1288265311.root
Running: cp /star/data01/pwg/xiatong/AMPT/14GeV/data_1288365241.root /tmp/maxwoo/21EF1A6A9139C9FD2A38E59AFB466F9A_2353/INPUTFILES/data_1288365241.root
Running: cp /star/data01/pwg/xiatong/AMPT/14GeV/data_1288365261.root /tmp/maxwoo/21EF1A6A9139C9FD2A38E59AFB466F9A_2353/INPUTFILES/data_1288365261.root
Running: cp /star/data01/pwg/xiatong/AMPT/14GeV/data_1288365271.root /tmp/maxwoo/21EF1A6A9139C9FD2A38E59AFB466F9A_2353/INPUTFILES/data_1288365271.root
Running: cp /star/data01/pwg/xiatong/AMPT/14GeV/data_1288365291.root /tmp/maxwoo/21EF1A6A9139C9FD2A38E59AFB466F9A_2353/INPUTFILES/data_1288365291.root
Running: cp /star/data01/pwg/xiatong/AMPT/14GeV/data_1288465221.root /tmp/maxwoo/21EF1A6A9139C9FD2A38E59AFB466F9A_2353/INPUTFILES/data_1288465221.root
Running: cp /star/data01/pwg/xiatong/AMPT/14GeV/data_1288465251.root /tmp/maxwoo/21EF1A6A9139C9FD2A38E59AFB466F9A_2353/INPUTFILES/data_1288465251.root
Running: cp /star/data01/pwg/xiatong/AMPT/14GeV/data_1288565171.root /tmp/maxwoo/21EF1A6A9139C9FD2A38E59AFB466F9A_2353/INPUTFILES/data_1288565171.root
Running: cp /star/data01/pwg/xiatong/AMPT/14GeV/data_1288565181.root /tmp/maxwoo/21EF1A6A9139C9FD2A38E59AFB466F9A_2353/INPUTFILES/data_1288565181.root
Running: cp /star/data01/pwg/xiatong/AMPT/14GeV/data_1288565201.root /tmp/maxwoo/21EF1A6A9139C9FD2A38E59AFB466F9A_2353/INPUTFILES/data_1288565201.root
Running: cp /star/data01/pwg/xiatong/AMPT/14GeV/data_1288565211.root /tmp/maxwoo/21EF1A6A9139C9FD2A38E59AFB466F9A_2353/INPUTFILES/data_1288565211.root
Running: cp /star/data01/pwg/xiatong/AMPT/14GeV/data_1288565231.root /tmp/maxwoo/21EF1A6A9139C9FD2A38E59AFB466F9A_2353/INPUTFILES/data_1288565231.root
Running: cp /star/data01/pwg/xiatong/AMPT/14GeV/data_1288565401.root /tmp/maxwoo/21EF1A6A9139C9FD2A38E59AFB466F9A_2353/INPUTFILES/data_1288565401.root
Running: cp /star/data01/pwg/xiatong/AMPT/14GeV/data_1288565461.root /tmp/maxwoo/21EF1A6A9139C9FD2A38E59AFB466F9A_2353/INPUTFILES/data_1288565461.root
Running: cp /star/data01/pwg/xiatong/AMPT/14GeV/data_1288665141.root /tmp/maxwoo/21EF1A6A9139C9FD2A38E59AFB466F9A_2353/INPUTFILES/data_1288665141.root
Running: cp /star/data01/pwg/xiatong/AMPT/14GeV/data_1288665151.root /tmp/maxwoo/21EF1A6A9139C9FD2A38E59AFB466F9A_2353/INPUTFILES/data_1288665151.root
Swapping $FILELIST with: /tmp/maxwoo/21EF1A6A9139C9FD2A38E59AFB466F9A_2353/INPUTFILES/21EF1A6A9139C9FD2A38E59AFB466F9A_2353.local.list
+++++++++++local copy debug++++++++++++++++++++
newFileList: /tmp/maxwoo/21EF1A6A9139C9FD2A38E59AFB466F9A_2353/INPUTFILES/21EF1A6A9139C9FD2A38E59AFB466F9A_2353.local.list
++++++++++++++++cat FILELIST+++++++++++++++++++
/tmp/maxwoo/21EF1A6A9139C9FD2A38E59AFB466F9A_2353/INPUTFILES/data_1287565511.root 
/tmp/maxwoo/21EF1A6A9139C9FD2A38E59AFB466F9A_2353/INPUTFILES/data_1287665431.root 
/tmp/maxwoo/21EF1A6A9139C9FD2A38E59AFB466F9A_2353/INPUTFILES/data_1287665471.root 
/tmp/maxwoo/21EF1A6A9139C9FD2A38E59AFB466F9A_2353/INPUTFILES/data_1287665501.root 
/tmp/maxwoo/21EF1A6A9139C9FD2A38E59AFB466F9A_2353/INPUTFILES/data_1287765441.root 
/tmp/maxwoo/21EF1A6A9139C9FD2A38E59AFB466F9A_2353/INPUTFILES/data_1287765521.root 
/tmp/maxwoo/21EF1A6A9139C9FD2A38E59AFB466F9A_2353/INPUTFILES/data_1287865381.root 
/tmp/maxwoo/21EF1A6A9139C9FD2A38E59AFB466F9A_2353/INPUTFILES/data_1287865391.root 
/tmp/maxwoo/21EF1A6A9139C9FD2A38E59AFB466F9A_2353/INPUTFILES/data_1287965361.root 
/tmp/maxwoo/21EF1A6A9139C9FD2A38E59AFB466F9A_2353/INPUTFILES/data_1287965371.root 
/tmp/maxwoo/21EF1A6A9139C9FD2A38E59AFB466F9A_2353/INPUTFILES/data_1287965411.root 
/tmp/maxwoo/21EF1A6A9139C9FD2A38E59AFB466F9A_2353/INPUTFILES/data_1287965571.root 
/tmp/maxwoo/21EF1A6A9139C9FD2A38E59AFB466F9A_2353/INPUTFILES/data_1287965601.root 
/tmp/maxwoo/21EF1A6A9139C9FD2A38E59AFB466F9A_2353/INPUTFILES/data_1288065331.root 
/tmp/maxwoo/21EF1A6A9139C9FD2A38E59AFB466F9A_2353/INPUTFILES/data_1288065341.root 
/tmp/maxwoo/21EF1A6A9139C9FD2A38E59AFB466F9A_2353/INPUTFILES/data_1288065351.root 
/tmp/maxwoo/21EF1A6A9139C9FD2A38E59AFB466F9A_2353/INPUTFILES/data_1288116471.root 
/tmp/maxwoo/21EF1A6A9139C9FD2A38E59AFB466F9A_2353/INPUTFILES/data_1288116481.root 
/tmp/maxwoo/21EF1A6A9139C9FD2A38E59AFB466F9A_2353/INPUTFILES/data_1288165321.root 
/tmp/maxwoo/21EF1A6A9139C9FD2A38E59AFB466F9A_2353/INPUTFILES/data_1288265281.root 
/tmp/maxwoo/21EF1A6A9139C9FD2A38E59AFB466F9A_2353/INPUTFILES/data_1288265301.root 
/tmp/maxwoo/21EF1A6A9139C9FD2A38E59AFB466F9A_2353/INPUTFILES/data_1288265311.root 
/tmp/maxwoo/21EF1A6A9139C9FD2A38E59AFB466F9A_2353/INPUTFILES/data_1288365241.root 
/tmp/maxwoo/21EF1A6A9139C9FD2A38E59AFB466F9A_2353/INPUTFILES/data_1288365261.root 
/tmp/maxwoo/21EF1A6A9139C9FD2A38E59AFB466F9A_2353/INPUTFILES/data_1288365271.root 
/tmp/maxwoo/21EF1A6A9139C9FD2A38E59AFB466F9A_2353/INPUTFILES/data_1288365291.root 
/tmp/maxwoo/21EF1A6A9139C9FD2A38E59AFB466F9A_2353/INPUTFILES/data_1288465221.root 
/tmp/maxwoo/21EF1A6A9139C9FD2A38E59AFB466F9A_2353/INPUTFILES/data_1288465251.root 
/tmp/maxwoo/21EF1A6A9139C9FD2A38E59AFB466F9A_2353/INPUTFILES/data_1288565171.root 
/tmp/maxwoo/21EF1A6A9139C9FD2A38E59AFB466F9A_2353/INPUTFILES/data_1288565181.root 
/tmp/maxwoo/21EF1A6A9139C9FD2A38E59AFB466F9A_2353/INPUTFILES/data_1288565201.root 
/tmp/maxwoo/21EF1A6A9139C9FD2A38E59AFB466F9A_2353/INPUTFILES/data_1288565211.root 
/tmp/maxwoo/21EF1A6A9139C9FD2A38E59AFB466F9A_2353/INPUTFILES/data_1288565231.root 
/tmp/maxwoo/21EF1A6A9139C9FD2A38E59AFB466F9A_2353/INPUTFILES/data_1288565401.root 
/tmp/maxwoo/21EF1A6A9139C9FD2A38E59AFB466F9A_2353/INPUTFILES/data_1288565461.root 
/tmp/maxwoo/21EF1A6A9139C9FD2A38E59AFB466F9A_2353/INPUTFILES/data_1288665141.root 
/tmp/maxwoo/21EF1A6A9139C9FD2A38E59AFB466F9A_2353/INPUTFILES/data_1288665151.root 
++++++++++++++++++++find.++++++++++++++++++++++
.
./Check_Sness.C
./INPUTFILES
./INPUTFILES/data_1288365241.root
./INPUTFILES/data_1288265281.root
./INPUTFILES/data_1288565181.root
./INPUTFILES/data_1287565511.root
./INPUTFILES/data_1288565171.root
./INPUTFILES/21EF1A6A9139C9FD2A38E59AFB466F9A_2353.local.list
./INPUTFILES/data_1287865381.root
./INPUTFILES/data_1287965601.root
./INPUTFILES/data_1287665431.root
./INPUTFILES/data_1287965411.root
./INPUTFILES/data_1288365271.root
./INPUTFILES/data_1288116471.root
./INPUTFILES/data_1288565461.root
./INPUTFILES/data_1288565201.root
./INPUTFILES/data_1288365261.root
./INPUTFILES/data_1287965371.root
./INPUTFILES/data_1287665471.root
./INPUTFILES/data_1287965571.root
./INPUTFILES/data_1288465221.root
./INPUTFILES/data_1287865391.root
./INPUTFILES/data_1288065341.root
./INPUTFILES/data_1288116481.root
./INPUTFILES/data_1287665501.root
./INPUTFILES/data_1288665141.root
./INPUTFILES/data_1288165321.root
./INPUTFILES/data_1288065331.root
./INPUTFILES/data_1288065351.root
./INPUTFILES/data_1288565401.root
./INPUTFILES/data_1288565211.root
./INPUTFILES/data_1288365291.root
./INPUTFILES/data_1287965361.root
./INPUTFILES/data_1288465251.root
./INPUTFILES/data_1288265311.root
./INPUTFILES/data_1287765441.root
./INPUTFILES/data_1288665151.root
./INPUTFILES/data_1288265301.root
./INPUTFILES/data_1287765521.root
./INPUTFILES/data_1288565231.root
./check_S.C
./.sandboxFiles
./.errror.log
./lib
./lib/CenMaker_cpp.d
./lib/my_particle_cpp_ACLiC_dict_rdict.pcm
./lib/my_particle.cpp
./lib/CenMaker_cpp_ACLiC_dict_rdict.pcm
./lib/NpartNormalizer.h
./lib/NpartNormalizer.cpp
./lib/MixedBuffer.cpp
./lib/NpartNormalizer_cpp.so
./lib/my_particle_cpp.d
./lib/MixedBuffer.h
./lib/CenMaker.h
./lib/NpartNormalizer_cpp.d
./lib/MixedBuffer_cpp_ACLiC_dict_rdict.pcm
./lib/my_event_cpp.so
./lib/my_event_cpp.d
./lib/my_event.cpp
./lib/MixedBuffer_cpp.d
./lib/NpartNormalizer_cpp_ACLiC_dict_rdict.pcm
./lib/MixedBuffer_cpp.so
./lib/CenMaker.cpp
./lib/CenMaker_cpp.so
./lib/my_particle.h
./lib/my_particle_cpp.so
./lib/my_event_cpp_ACLiC_dict_rdict.pcm
./lib/my_event.h
./.output.log
++++++++++++++++INPUTFILE Var++++++++++++++++++
FILELIST=/tmp/maxwoo/21EF1A6A9139C9FD2A38E59AFB466F9A_2353/INPUTFILES/21EF1A6A9139C9FD2A38E59AFB466F9A_2353.local.list
INPUTFILECOUNT=37
INPUTFILE0=/tmp/maxwoo/21EF1A6A9139C9FD2A38E59AFB466F9A_2353/INPUTFILES/data_1287565511.root
INPUTFILE1=/tmp/maxwoo/21EF1A6A9139C9FD2A38E59AFB466F9A_2353/INPUTFILES/data_1287665431.root
INPUTFILE2=/tmp/maxwoo/21EF1A6A9139C9FD2A38E59AFB466F9A_2353/INPUTFILES/data_1287665471.root
INPUTFILE3=/tmp/maxwoo/21EF1A6A9139C9FD2A38E59AFB466F9A_2353/INPUTFILES/data_1287665501.root
INPUTFILE4=/tmp/maxwoo/21EF1A6A9139C9FD2A38E59AFB466F9A_2353/INPUTFILES/data_1287765441.root
INPUTFILE5=/tmp/maxwoo/21EF1A6A9139C9FD2A38E59AFB466F9A_2353/INPUTFILES/data_1287765521.root
INPUTFILE6=/tmp/maxwoo/21EF1A6A9139C9FD2A38E59AFB466F9A_2353/INPUTFILES/data_1287865381.root
INPUTFILE7=/tmp/maxwoo/21EF1A6A9139C9FD2A38E59AFB466F9A_2353/INPUTFILES/data_1287865391.root
INPUTFILE8=/tmp/maxwoo/21EF1A6A9139C9FD2A38E59AFB466F9A_2353/INPUTFILES/data_1287965361.root
INPUTFILE9=/tmp/maxwoo/21EF1A6A9139C9FD2A38E59AFB466F9A_2353/INPUTFILES/data_1287965371.root
INPUTFILE10=/tmp/maxwoo/21EF1A6A9139C9FD2A38E59AFB466F9A_2353/INPUTFILES/data_1287965411.root
INPUTFILE11=/tmp/maxwoo/21EF1A6A9139C9FD2A38E59AFB466F9A_2353/INPUTFILES/data_1287965571.root
INPUTFILE12=/tmp/maxwoo/21EF1A6A9139C9FD2A38E59AFB466F9A_2353/INPUTFILES/data_1287965601.root
INPUTFILE13=/tmp/maxwoo/21EF1A6A9139C9FD2A38E59AFB466F9A_2353/INPUTFILES/data_1288065331.root
INPUTFILE14=/tmp/maxwoo/21EF1A6A9139C9FD2A38E59AFB466F9A_2353/INPUTFILES/data_1288065341.root
INPUTFILE15=/tmp/maxwoo/21EF1A6A9139C9FD2A38E59AFB466F9A_2353/INPUTFILES/data_1288065351.root
INPUTFILE16=/tmp/maxwoo/21EF1A6A9139C9FD2A38E59AFB466F9A_2353/INPUTFILES/data_1288116471.root
INPUTFILE17=/tmp/maxwoo/21EF1A6A9139C9FD2A38E59AFB466F9A_2353/INPUTFILES/data_1288116481.root
INPUTFILE18=/tmp/maxwoo/21EF1A6A9139C9FD2A38E59AFB466F9A_2353/INPUTFILES/data_1288165321.root
INPUTFILE19=/tmp/maxwoo/21EF1A6A9139C9FD2A38E59AFB466F9A_2353/INPUTFILES/data_1288265281.root
INPUTFILE20=/tmp/maxwoo/21EF1A6A9139C9FD2A38E59AFB466F9A_2353/INPUTFILES/data_1288265301.root
INPUTFILE21=/tmp/maxwoo/21EF1A6A9139C9FD2A38E59AFB466F9A_2353/INPUTFILES/data_1288265311.root
INPUTFILE22=/tmp/maxwoo/21EF1A6A9139C9FD2A38E59AFB466F9A_2353/INPUTFILES/data_1288365241.root
INPUTFILE23=/tmp/maxwoo/21EF1A6A9139C9FD2A38E59AFB466F9A_2353/INPUTFILES/data_1288365261.root
INPUTFILE24=/tmp/maxwoo/21EF1A6A9139C9FD2A38E59AFB466F9A_2353/INPUTFILES/data_1288365271.root
INPUTFILE25=/tmp/maxwoo/21EF1A6A9139C9FD2A38E59AFB466F9A_2353/INPUTFILES/data_1288365291.root
INPUTFILE26=/tmp/maxwoo/21EF1A6A9139C9FD2A38E59AFB466F9A_2353/INPUTFILES/data_1288465221.root
INPUTFILE27=/tmp/maxwoo/21EF1A6A9139C9FD2A38E59AFB466F9A_2353/INPUTFILES/data_1288465251.root
INPUTFILE28=/tmp/maxwoo/21EF1A6A9139C9FD2A38E59AFB466F9A_2353/INPUTFILES/data_1288565171.root
INPUTFILE29=/tmp/maxwoo/21EF1A6A9139C9FD2A38E59AFB466F9A_2353/INPUTFILES/data_1288565181.root
INPUTFILE30=/tmp/maxwoo/21EF1A6A9139C9FD2A38E59AFB466F9A_2353/INPUTFILES/data_1288565201.root
INPUTFILE31=/tmp/maxwoo/21EF1A6A9139C9FD2A38E59AFB466F9A_2353/INPUTFILES/data_1288565211.root
INPUTFILE32=/tmp/maxwoo/21EF1A6A9139C9FD2A38E59AFB466F9A_2353/INPUTFILES/data_1288565231.root
INPUTFILE33=/tmp/maxwoo/21EF1A6A9139C9FD2A38E59AFB466F9A_2353/INPUTFILES/data_1288565401.root
INPUTFILE34=/tmp/maxwoo/21EF1A6A9139C9FD2A38E59AFB466F9A_2353/INPUTFILES/data_1288565461.root
INPUTFILE35=/tmp/maxwoo/21EF1A6A9139C9FD2A38E59AFB466F9A_2353/INPUTFILES/data_1288665141.root
INPUTFILE36=/tmp/maxwoo/21EF1A6A9139C9FD2A38E59AFB466F9A_2353/INPUTFILES/data_1288665151.root
LocalInputFileDir=/tmp/maxwoo/21EF1A6A9139C9FD2A38E59AFB466F9A_2353/INPUTFILES
NewFILELIST=/tmp/maxwoo/21EF1A6A9139C9FD2A38E59AFB466F9A_2353/INPUTFILES/21EF1A6A9139C9FD2A38E59AFB466F9A_2353.local.list
+++++++++++++++++++++++++++++++++++++++++++++++
--------------------------------
Simple Unified Meta Scheduler 1.10.50 we are starting in $SCRATCH : /home/tmp/maxwoo/21EF1A6A9139C9FD2A38E59AFB466F9A_2353
--------------------------------
total 16
lrwxrwxrwx 1 maxwoo rhstar   61 Jun  2 10:59 check_S.C -> /gpfs/mnt/gpfs01/star/pwg/xiatong/git/strangeness/./check_S.C
lrwxrwxrwx 1 maxwoo rhstar   65 Jun  2 10:59 Check_Sness.C -> /gpfs/mnt/gpfs01/star/pwg/xiatong/git/strangeness/./Check_Sness.C
drwxr-xr-x 2 maxwoo rhstar 4096 Jun  2 11:03 INPUTFILES
drwxr-xr-x 2 maxwoo rhstar 4096 Jun  2 10:59 lib
  *******************************************
  *                                         *
  *        W E L C O M E  to  R O O T       *
  *                                         *
  *   Version   5.34/38     12 March 2018   *
  *                                         *
  *  You are welcome to visit our Web site  *
  *          http://root.cern.ch            *
  *                                         *
  *******************************************

ROOT 5.34/38 (v5-34-38@v5-34-38, Mar 12 2018, 15:49:39 on linux)

CINT/ROOT C/C++ Interpreter version 5.18.00, July 2, 2010
Type ? for help. Commands must be C++ statements.
Enclose multiple statements between { }.
*** Float Point Exception is OFF ***
 *** Start at Date : Thu Jun  2 11:04:36 2022
QAInfo:You are using STAR_LEVEL : dev, ROOT_LEVEL : 5.34.38 and node : spool0810.sdcc.bnl.gov 

Processing check_S.C++("/tmp/maxwoo/21EF1A6A9139C9FD2A38E59AFB466F9A_2353/INPUTFILES/21EF1A6A9139C9FD2A38E59AFB466F9A_2353.local.list","21EF1A6A9139C9FD2A38E59AFB466F9A_2353",1)...
/tmp/maxwoo/21EF1A6A9139C9FD2A38E59AFB466F9A_2353/INPUTFILES/data_1287565511.root 
/tmp/maxwoo/21EF1A6A9139C9FD2A38E59AFB466F9A_2353/INPUTFILES/data_1287665431.root 
/tmp/maxwoo/21EF1A6A9139C9FD2A38E59AFB466F9A_2353/INPUTFILES/data_1287665471.root 
/tmp/maxwoo/21EF1A6A9139C9FD2A38E59AFB466F9A_2353/INPUTFILES/data_1287665501.root 
/tmp/maxwoo/21EF1A6A9139C9FD2A38E59AFB466F9A_2353/INPUTFILES/data_1287765441.root 
/tmp/maxwoo/21EF1A6A9139C9FD2A38E59AFB466F9A_2353/INPUTFILES/data_1287765521.root 
/tmp/maxwoo/21EF1A6A9139C9FD2A38E59AFB466F9A_2353/INPUTFILES/data_1287865381.root 
/tmp/maxwoo/21EF1A6A9139C9FD2A38E59AFB466F9A_2353/INPUTFILES/data_1287865391.root 
/tmp/maxwoo/21EF1A6A9139C9FD2A38E59AFB466F9A_2353/INPUTFILES/data_1287965361.root 
/tmp/maxwoo/21EF1A6A9139C9FD2A38E59AFB466F9A_2353/INPUTFILES/data_1287965371.root 
/tmp/maxwoo/21EF1A6A9139C9FD2A38E59AFB466F9A_2353/INPUTFILES/data_1287965411.root 
/tmp/maxwoo/21EF1A6A9139C9FD2A38E59AFB466F9A_2353/INPUTFILES/data_1287965571.root 
/tmp/maxwoo/21EF1A6A9139C9FD2A38E59AFB466F9A_2353/INPUTFILES/data_1287965601.root 
/tmp/maxwoo/21EF1A6A9139C9FD2A38E59AFB466F9A_2353/INPUTFILES/data_1288065331.root 
/tmp/maxwoo/21EF1A6A9139C9FD2A38E59AFB466F9A_2353/INPUTFILES/data_1288065341.root 
/tmp/maxwoo/21EF1A6A9139C9FD2A38E59AFB466F9A_2353/INPUTFILES/data_1288065351.root 
/tmp/maxwoo/21EF1A6A9139C9FD2A38E59AFB466F9A_2353/INPUTFILES/data_1288116471.root 
/tmp/maxwoo/21EF1A6A9139C9FD2A38E59AFB466F9A_2353/INPUTFILES/data_1288116481.root 
/tmp/maxwoo/21EF1A6A9139C9FD2A38E59AFB466F9A_2353/INPUTFILES/data_1288165321.root 
/tmp/maxwoo/21EF1A6A9139C9FD2A38E59AFB466F9A_2353/INPUTFILES/data_1288265281.root 
/tmp/maxwoo/21EF1A6A9139C9FD2A38E59AFB466F9A_2353/INPUTFILES/data_1288265301.root 
/tmp/maxwoo/21EF1A6A9139C9FD2A38E59AFB466F9A_2353/INPUTFILES/data_1288265311.root 
/tmp/maxwoo/21EF1A6A9139C9FD2A38E59AFB466F9A_2353/INPUTFILES/data_1288365241.root 
/tmp/maxwoo/21EF1A6A9139C9FD2A38E59AFB466F9A_2353/INPUTFILES/data_1288365261.root 
/tmp/maxwoo/21EF1A6A9139C9FD2A38E59AFB466F9A_2353/INPUTFILES/data_1288365271.root 
/tmp/maxwoo/21EF1A6A9139C9FD2A38E59AFB466F9A_2353/INPUTFILES/data_1288365291.root 
/tmp/maxwoo/21EF1A6A9139C9FD2A38E59AFB466F9A_2353/INPUTFILES/data_1288465221.root 
/tmp/maxwoo/21EF1A6A9139C9FD2A38E59AFB466F9A_2353/INPUTFILES/data_1288465251.root 
/tmp/maxwoo/21EF1A6A9139C9FD2A38E59AFB466F9A_2353/INPUTFILES/data_1288565171.root 
/tmp/maxwoo/21EF1A6A9139C9FD2A38E59AFB466F9A_2353/INPUTFILES/data_1288565181.root 
/tmp/maxwoo/21EF1A6A9139C9FD2A38E59AFB466F9A_2353/INPUTFILES/data_1288565201.root 
/tmp/maxwoo/21EF1A6A9139C9FD2A38E59AFB466F9A_2353/INPUTFILES/data_1288565211.root 
/tmp/maxwoo/21EF1A6A9139C9FD2A38E59AFB466F9A_2353/INPUTFILES/data_1288565231.root 
/tmp/maxwoo/21EF1A6A9139C9FD2A38E59AFB466F9A_2353/INPUTFILES/data_1288565401.root 
/tmp/maxwoo/21EF1A6A9139C9FD2A38E59AFB466F9A_2353/INPUTFILES/data_1288565461.root 
/tmp/maxwoo/21EF1A6A9139C9FD2A38E59AFB466F9A_2353/INPUTFILES/data_1288665141.root 
/tmp/maxwoo/21EF1A6A9139C9FD2A38E59AFB466F9A_2353/INPUTFILES/data_1288665151.root 
Added 37 files
# entries in chain: 35259
Processing entry == 1000 == out of 35259.
Processing entry == 2000 == out of 35259.
Processing entry == 3000 == out of 35259.
Processing entry == 4000 == out of 35259.
Processing entry == 5000 == out of 35259.
Processing entry == 6000 == out of 35259.
Processing entry == 7000 == out of 35259.
Processing entry == 8000 == out of 35259.
Processing entry == 9000 == out of 35259.
Processing entry == 10000 == out of 35259.
Processing entry == 11000 == out of 35259.
Processing entry == 12000 == out of 35259.
Processing entry == 13000 == out of 35259.
Processing entry == 14000 == out of 35259.
Processing entry == 15000 == out of 35259.
Processing entry == 16000 == out of 35259.
Processing entry == 17000 == out of 35259.
Processing entry == 18000 == out of 35259.
Processing entry == 19000 == out of 35259.
Processing entry == 20000 == out of 35259.
Processing entry == 21000 == out of 35259.
Processing entry == 22000 == out of 35259.
Processing entry == 23000 == out of 35259.
Processing entry == 24000 == out of 35259.
Processing entry == 25000 == out of 35259.
Processing entry == 26000 == out of 35259.
Processing entry == 27000 == out of 35259.
Processing entry == 28000 == out of 35259.
Processing entry == 29000 == out of 35259.
Processing entry == 30000 == out of 35259.
Processing entry == 31000 == out of 35259.
Processing entry == 32000 == out of 35259.
Processing entry == 33000 == out of 35259.
Processing entry == 34000 == out of 35259.
Processing entry == 35000 == out of 35259.

This is the end of ROOT -- Goodbye

Cleaning up sandbox file:  /tmp/maxwoo/21EF1A6A9139C9FD2A38E59AFB466F9A_2353/check_S.C
Cleaning up sandbox file:  /tmp/maxwoo/21EF1A6A9139C9FD2A38E59AFB466F9A_2353/Check_Sness.C
Cleaning up sandbox file:  /tmp/maxwoo/21EF1A6A9139C9FD2A38E59AFB466F9A_2353/lib
Cleaning up sandbox file:  /tmp/maxwoo/21EF1A6A9139C9FD2A38E59AFB466F9A_2353/.sandboxFiles
Starting copy block
Running copy command:  /bin/cp -fp /tmp/maxwoo/21EF1A6A9139C9FD2A38E59AFB466F9A_2353/out_21EF1A6A9139C9FD2A38E59AFB466F9A_2353.root /star/data01/pwg/xiatong/git/strangeness/data/
76709 Execution of (/star/data01/pwg/xiatong/git/strangeness/script/sched21EF1A6A9139C9FD2A38E59AFB466F9A_2353.csh ) has ended, exiting normally
76709 We END on [Thu Jun  2 11:24:13 EDT 2022]
