We are starting on node: rcas2810.rcf.bnl.gov
HOME is not defined
Using getent method
HOME is now /star/u/maxwoo
25272 We will spawn ourselves (/star/data01/pwg/xiatong/git/strangeness/script/sched21EF1A6A9139C9FD2A38E59AFB466F9A_1945.csh )
25272 We BEGIN on [Thu Jun  2 11:03:03 EDT 2022]
[1] 25467
25272 We are waiting for 25467 
25272 Grandchild PID is 25893 - found in 10 x 1 seconds
25272 Establishing first watcher   on    Thu Jun  2 11:03:13 EDT 2022
25272 Process tree is 25272 (main) -> 25467 (child) -> 25893 (grandchild)
F S   UID   PID  PPID  C PRI  NI ADDR SZ WCHAN  TTY        TIME CMD
0 D 100667 25893 25467  0 80   0 - 32311 cxiWai ?          0:00 cp /star/data01/pwg/xiatong/AMPT/14GeV/data_856161751.root /tmp/maxwoo/21EF1A6A9139C9FD2A38E59AFB466F9A_1945/INPUTFILES/data_856161751.root
25272 Grandchild PID is 27001 - found in 20 x 2 seconds
25272 Grandchild to watch has changed on Thu Jun  2 11:03:34 EDT 2022
25272 Process tree is 25272 (main) -> 25467 (child) -> 27001 (grandchild)
F S   UID   PID  PPID  C PRI  NI ADDR SZ WCHAN  TTY        TIME CMD
0 D 100667 27001 25467  0 80   0 - 32311 cxiWai ?          0:00 cp /star/data01/pwg/xiatong/AMPT/14GeV/data_856161901.root /tmp/maxwoo/21EF1A6A9139C9FD2A38E59AFB466F9A_1945/INPUTFILES/data_856161901.root
25272 Grandchild PID is 27763 - found in 30 x 2 seconds
25272 Grandchild to watch has changed on Thu Jun  2 11:03:55 EDT 2022
25272 Process tree is 25272 (main) -> 25467 (child) -> 27763 (grandchild)
F S   UID   PID  PPID  C PRI  NI ADDR SZ WCHAN  TTY        TIME CMD
0 D 100667 27763 25467  0 80   0 - 32311 cxiWai ?          0:00 cp /star/data01/pwg/xiatong/AMPT/14GeV/data_856183511.root /tmp/maxwoo/21EF1A6A9139C9FD2A38E59AFB466F9A_1945/INPUTFILES/data_856183511.root
25272 Grandchild PID is 28788 - found in 40 x 2 seconds
25272 Grandchild to watch has changed on Thu Jun  2 11:04:15 EDT 2022
25272 Process tree is 25272 (main) -> 25467 (child) -> 28788 (grandchild)
F S   UID   PID  PPID  C PRI  NI ADDR SZ WCHAN  TTY        TIME CMD
0 S 100667 28788 25467  0 80   0 -  1272 do_wai ?          0:00 root -b -q check_S.C++("/tmp/maxwoo/21EF1A6A9139C9FD2A38E59AFB466F9A_1945/INPUTFILES/21EF1A6A9139C9FD2A38E59AFB466F9A_1945.local.list","21EF1A6A9139C9FD2A38E59AFB466F9A_1945",1)
25467 Stepping into the main SUMS wrapper program with []
.... building sandbox
Running: cp /star/data01/pwg/xiatong/AMPT/14GeV/data_856161571.root /tmp/maxwoo/21EF1A6A9139C9FD2A38E59AFB466F9A_1945/INPUTFILES/data_856161571.root
Running: cp /star/data01/pwg/xiatong/AMPT/14GeV/data_856161611.root /tmp/maxwoo/21EF1A6A9139C9FD2A38E59AFB466F9A_1945/INPUTFILES/data_856161611.root
Running: cp /star/data01/pwg/xiatong/AMPT/14GeV/data_856161621.root /tmp/maxwoo/21EF1A6A9139C9FD2A38E59AFB466F9A_1945/INPUTFILES/data_856161621.root
Running: cp /star/data01/pwg/xiatong/AMPT/14GeV/data_856161631.root /tmp/maxwoo/21EF1A6A9139C9FD2A38E59AFB466F9A_1945/INPUTFILES/data_856161631.root
Running: cp /star/data01/pwg/xiatong/AMPT/14GeV/data_856161751.root /tmp/maxwoo/21EF1A6A9139C9FD2A38E59AFB466F9A_1945/INPUTFILES/data_856161751.root
Running: cp /star/data01/pwg/xiatong/AMPT/14GeV/data_856161811.root /tmp/maxwoo/21EF1A6A9139C9FD2A38E59AFB466F9A_1945/INPUTFILES/data_856161811.root
Running: cp /star/data01/pwg/xiatong/AMPT/14GeV/data_856161821.root /tmp/maxwoo/21EF1A6A9139C9FD2A38E59AFB466F9A_1945/INPUTFILES/data_856161821.root
Running: cp /star/data01/pwg/xiatong/AMPT/14GeV/data_856161841.root /tmp/maxwoo/21EF1A6A9139C9FD2A38E59AFB466F9A_1945/INPUTFILES/data_856161841.root
Running: cp /star/data01/pwg/xiatong/AMPT/14GeV/data_856161851.root /tmp/maxwoo/21EF1A6A9139C9FD2A38E59AFB466F9A_1945/INPUTFILES/data_856161851.root
Running: cp /star/data01/pwg/xiatong/AMPT/14GeV/data_856161861.root /tmp/maxwoo/21EF1A6A9139C9FD2A38E59AFB466F9A_1945/INPUTFILES/data_856161861.root
Running: cp /star/data01/pwg/xiatong/AMPT/14GeV/data_856161871.root /tmp/maxwoo/21EF1A6A9139C9FD2A38E59AFB466F9A_1945/INPUTFILES/data_856161871.root
Running: cp /star/data01/pwg/xiatong/AMPT/14GeV/data_856161881.root /tmp/maxwoo/21EF1A6A9139C9FD2A38E59AFB466F9A_1945/INPUTFILES/data_856161881.root
Running: cp /star/data01/pwg/xiatong/AMPT/14GeV/data_856161891.root /tmp/maxwoo/21EF1A6A9139C9FD2A38E59AFB466F9A_1945/INPUTFILES/data_856161891.root
Running: cp /star/data01/pwg/xiatong/AMPT/14GeV/data_856161901.root /tmp/maxwoo/21EF1A6A9139C9FD2A38E59AFB466F9A_1945/INPUTFILES/data_856161901.root
Running: cp /star/data01/pwg/xiatong/AMPT/14GeV/data_856161951.root /tmp/maxwoo/21EF1A6A9139C9FD2A38E59AFB466F9A_1945/INPUTFILES/data_856161951.root
Running: cp /star/data01/pwg/xiatong/AMPT/14GeV/data_856161961.root /tmp/maxwoo/21EF1A6A9139C9FD2A38E59AFB466F9A_1945/INPUTFILES/data_856161961.root
Running: cp /star/data01/pwg/xiatong/AMPT/14GeV/data_856162001.root /tmp/maxwoo/21EF1A6A9139C9FD2A38E59AFB466F9A_1945/INPUTFILES/data_856162001.root
Running: cp /star/data01/pwg/xiatong/AMPT/14GeV/data_856162261.root /tmp/maxwoo/21EF1A6A9139C9FD2A38E59AFB466F9A_1945/INPUTFILES/data_856162261.root
Running: cp /star/data01/pwg/xiatong/AMPT/14GeV/data_856162291.root /tmp/maxwoo/21EF1A6A9139C9FD2A38E59AFB466F9A_1945/INPUTFILES/data_856162291.root
Running: cp /star/data01/pwg/xiatong/AMPT/14GeV/data_856163311.root /tmp/maxwoo/21EF1A6A9139C9FD2A38E59AFB466F9A_1945/INPUTFILES/data_856163311.root
Running: cp /star/data01/pwg/xiatong/AMPT/14GeV/data_856170681.root /tmp/maxwoo/21EF1A6A9139C9FD2A38E59AFB466F9A_1945/INPUTFILES/data_856170681.root
Running: cp /star/data01/pwg/xiatong/AMPT/14GeV/data_856174331.root /tmp/maxwoo/21EF1A6A9139C9FD2A38E59AFB466F9A_1945/INPUTFILES/data_856174331.root
Running: cp /star/data01/pwg/xiatong/AMPT/14GeV/data_856178391.root /tmp/maxwoo/21EF1A6A9139C9FD2A38E59AFB466F9A_1945/INPUTFILES/data_856178391.root
Running: cp /star/data01/pwg/xiatong/AMPT/14GeV/data_856178401.root /tmp/maxwoo/21EF1A6A9139C9FD2A38E59AFB466F9A_1945/INPUTFILES/data_856178401.root
Running: cp /star/data01/pwg/xiatong/AMPT/14GeV/data_856183511.root /tmp/maxwoo/21EF1A6A9139C9FD2A38E59AFB466F9A_1945/INPUTFILES/data_856183511.root
Running: cp /star/data01/pwg/xiatong/AMPT/14GeV/data_856198181.root /tmp/maxwoo/21EF1A6A9139C9FD2A38E59AFB466F9A_1945/INPUTFILES/data_856198181.root
Running: cp /star/data01/pwg/xiatong/AMPT/14GeV/data_856294941.root /tmp/maxwoo/21EF1A6A9139C9FD2A38E59AFB466F9A_1945/INPUTFILES/data_856294941.root
Running: cp /star/data01/pwg/xiatong/AMPT/14GeV/data_856298351.root /tmp/maxwoo/21EF1A6A9139C9FD2A38E59AFB466F9A_1945/INPUTFILES/data_856298351.root
Running: cp /star/data01/pwg/xiatong/AMPT/14GeV/data_856494921.root /tmp/maxwoo/21EF1A6A9139C9FD2A38E59AFB466F9A_1945/INPUTFILES/data_856494921.root
Running: cp /star/data01/pwg/xiatong/AMPT/14GeV/data_856494931.root /tmp/maxwoo/21EF1A6A9139C9FD2A38E59AFB466F9A_1945/INPUTFILES/data_856494931.root
Running: cp /star/data01/pwg/xiatong/AMPT/14GeV/data_856598361.root /tmp/maxwoo/21EF1A6A9139C9FD2A38E59AFB466F9A_1945/INPUTFILES/data_856598361.root
Running: cp /star/data01/pwg/xiatong/AMPT/14GeV/data_856698321.root /tmp/maxwoo/21EF1A6A9139C9FD2A38E59AFB466F9A_1945/INPUTFILES/data_856698321.root
Running: cp /star/data01/pwg/xiatong/AMPT/14GeV/data_856698341.root /tmp/maxwoo/21EF1A6A9139C9FD2A38E59AFB466F9A_1945/INPUTFILES/data_856698341.root
Running: cp /star/data01/pwg/xiatong/AMPT/14GeV/data_856794881.root /tmp/maxwoo/21EF1A6A9139C9FD2A38E59AFB466F9A_1945/INPUTFILES/data_856794881.root
Running: cp /star/data01/pwg/xiatong/AMPT/14GeV/data_856794891.root /tmp/maxwoo/21EF1A6A9139C9FD2A38E59AFB466F9A_1945/INPUTFILES/data_856794891.root
Running: cp /star/data01/pwg/xiatong/AMPT/14GeV/data_856794901.root /tmp/maxwoo/21EF1A6A9139C9FD2A38E59AFB466F9A_1945/INPUTFILES/data_856794901.root
Running: cp /star/data01/pwg/xiatong/AMPT/14GeV/data_856794911.root /tmp/maxwoo/21EF1A6A9139C9FD2A38E59AFB466F9A_1945/INPUTFILES/data_856794911.root
Swapping $FILELIST with: /tmp/maxwoo/21EF1A6A9139C9FD2A38E59AFB466F9A_1945/INPUTFILES/21EF1A6A9139C9FD2A38E59AFB466F9A_1945.local.list
+++++++++++local copy debug++++++++++++++++++++
newFileList: /tmp/maxwoo/21EF1A6A9139C9FD2A38E59AFB466F9A_1945/INPUTFILES/21EF1A6A9139C9FD2A38E59AFB466F9A_1945.local.list
++++++++++++++++cat FILELIST+++++++++++++++++++
/tmp/maxwoo/21EF1A6A9139C9FD2A38E59AFB466F9A_1945/INPUTFILES/data_856161571.root 
/tmp/maxwoo/21EF1A6A9139C9FD2A38E59AFB466F9A_1945/INPUTFILES/data_856161611.root 
/tmp/maxwoo/21EF1A6A9139C9FD2A38E59AFB466F9A_1945/INPUTFILES/data_856161621.root 
/tmp/maxwoo/21EF1A6A9139C9FD2A38E59AFB466F9A_1945/INPUTFILES/data_856161631.root 
/tmp/maxwoo/21EF1A6A9139C9FD2A38E59AFB466F9A_1945/INPUTFILES/data_856161751.root 
/tmp/maxwoo/21EF1A6A9139C9FD2A38E59AFB466F9A_1945/INPUTFILES/data_856161811.root 
/tmp/maxwoo/21EF1A6A9139C9FD2A38E59AFB466F9A_1945/INPUTFILES/data_856161821.root 
/tmp/maxwoo/21EF1A6A9139C9FD2A38E59AFB466F9A_1945/INPUTFILES/data_856161841.root 
/tmp/maxwoo/21EF1A6A9139C9FD2A38E59AFB466F9A_1945/INPUTFILES/data_856161851.root 
/tmp/maxwoo/21EF1A6A9139C9FD2A38E59AFB466F9A_1945/INPUTFILES/data_856161861.root 
/tmp/maxwoo/21EF1A6A9139C9FD2A38E59AFB466F9A_1945/INPUTFILES/data_856161871.root 
/tmp/maxwoo/21EF1A6A9139C9FD2A38E59AFB466F9A_1945/INPUTFILES/data_856161881.root 
/tmp/maxwoo/21EF1A6A9139C9FD2A38E59AFB466F9A_1945/INPUTFILES/data_856161891.root 
/tmp/maxwoo/21EF1A6A9139C9FD2A38E59AFB466F9A_1945/INPUTFILES/data_856161901.root 
/tmp/maxwoo/21EF1A6A9139C9FD2A38E59AFB466F9A_1945/INPUTFILES/data_856161951.root 
/tmp/maxwoo/21EF1A6A9139C9FD2A38E59AFB466F9A_1945/INPUTFILES/data_856161961.root 
/tmp/maxwoo/21EF1A6A9139C9FD2A38E59AFB466F9A_1945/INPUTFILES/data_856162001.root 
/tmp/maxwoo/21EF1A6A9139C9FD2A38E59AFB466F9A_1945/INPUTFILES/data_856162261.root 
/tmp/maxwoo/21EF1A6A9139C9FD2A38E59AFB466F9A_1945/INPUTFILES/data_856162291.root 
/tmp/maxwoo/21EF1A6A9139C9FD2A38E59AFB466F9A_1945/INPUTFILES/data_856163311.root 
/tmp/maxwoo/21EF1A6A9139C9FD2A38E59AFB466F9A_1945/INPUTFILES/data_856170681.root 
/tmp/maxwoo/21EF1A6A9139C9FD2A38E59AFB466F9A_1945/INPUTFILES/data_856174331.root 
/tmp/maxwoo/21EF1A6A9139C9FD2A38E59AFB466F9A_1945/INPUTFILES/data_856178391.root 
/tmp/maxwoo/21EF1A6A9139C9FD2A38E59AFB466F9A_1945/INPUTFILES/data_856178401.root 
/tmp/maxwoo/21EF1A6A9139C9FD2A38E59AFB466F9A_1945/INPUTFILES/data_856183511.root 
/tmp/maxwoo/21EF1A6A9139C9FD2A38E59AFB466F9A_1945/INPUTFILES/data_856198181.root 
/tmp/maxwoo/21EF1A6A9139C9FD2A38E59AFB466F9A_1945/INPUTFILES/data_856294941.root 
/tmp/maxwoo/21EF1A6A9139C9FD2A38E59AFB466F9A_1945/INPUTFILES/data_856298351.root 
/tmp/maxwoo/21EF1A6A9139C9FD2A38E59AFB466F9A_1945/INPUTFILES/data_856494921.root 
/tmp/maxwoo/21EF1A6A9139C9FD2A38E59AFB466F9A_1945/INPUTFILES/data_856494931.root 
/tmp/maxwoo/21EF1A6A9139C9FD2A38E59AFB466F9A_1945/INPUTFILES/data_856598361.root 
/tmp/maxwoo/21EF1A6A9139C9FD2A38E59AFB466F9A_1945/INPUTFILES/data_856698321.root 
/tmp/maxwoo/21EF1A6A9139C9FD2A38E59AFB466F9A_1945/INPUTFILES/data_856698341.root 
/tmp/maxwoo/21EF1A6A9139C9FD2A38E59AFB466F9A_1945/INPUTFILES/data_856794881.root 
/tmp/maxwoo/21EF1A6A9139C9FD2A38E59AFB466F9A_1945/INPUTFILES/data_856794891.root 
/tmp/maxwoo/21EF1A6A9139C9FD2A38E59AFB466F9A_1945/INPUTFILES/data_856794901.root 
/tmp/maxwoo/21EF1A6A9139C9FD2A38E59AFB466F9A_1945/INPUTFILES/data_856794911.root 
++++++++++++++++++++find.++++++++++++++++++++++
.
./.output.log
./.errror.log
./Check_Sness.C
./check_S.C
./INPUTFILES
./INPUTFILES/21EF1A6A9139C9FD2A38E59AFB466F9A_1945.local.list
./INPUTFILES/data_856161901.root
./INPUTFILES/data_856494921.root
./INPUTFILES/data_856298351.root
./INPUTFILES/data_856161631.root
./INPUTFILES/data_856183511.root
./INPUTFILES/data_856198181.root
./INPUTFILES/data_856178391.root
./INPUTFILES/data_856162261.root
./INPUTFILES/data_856161951.root
./INPUTFILES/data_856161891.root
./INPUTFILES/data_856161611.root
./INPUTFILES/data_856161961.root
./INPUTFILES/data_856161841.root
./INPUTFILES/data_856794901.root
./INPUTFILES/data_856698341.root
./INPUTFILES/data_856162001.root
./INPUTFILES/data_856161751.root
./INPUTFILES/data_856698321.root
./INPUTFILES/data_856494931.root
./INPUTFILES/data_856161851.root
./INPUTFILES/data_856794911.root
./INPUTFILES/data_856161821.root
./INPUTFILES/data_856161861.root
./INPUTFILES/data_856794891.root
./INPUTFILES/data_856174331.root
./INPUTFILES/data_856170681.root
./INPUTFILES/data_856794881.root
./INPUTFILES/data_856161871.root
./INPUTFILES/data_856178401.root
./INPUTFILES/data_856161621.root
./INPUTFILES/data_856161811.root
./INPUTFILES/data_856161571.root
./INPUTFILES/data_856294941.root
./INPUTFILES/data_856161881.root
./INPUTFILES/data_856598361.root
./INPUTFILES/data_856162291.root
./INPUTFILES/data_856163311.root
./.sandboxFiles
./lib
./lib/MixedBuffer.h
./lib/my_particle_cpp.d
./lib/CenMaker.cpp
./lib/my_event.h
./lib/NpartNormalizer_cpp.d
./lib/my_event_cpp.so
./lib/my_particle.h
./lib/CenMaker_cpp.d
./lib/my_event_cpp_ACLiC_dict_rdict.pcm
./lib/my_particle_cpp.so
./lib/CenMaker_cpp_ACLiC_dict_rdict.pcm
./lib/CenMaker.h
./lib/MixedBuffer_cpp.so
./lib/NpartNormalizer_cpp.so
./lib/MixedBuffer_cpp.d
./lib/CenMaker_cpp.so
./lib/MixedBuffer_cpp_ACLiC_dict_rdict.pcm
./lib/my_particle.cpp
./lib/my_event_cpp.d
./lib/my_particle_cpp_ACLiC_dict_rdict.pcm
./lib/NpartNormalizer_cpp_ACLiC_dict_rdict.pcm
./lib/MixedBuffer.cpp
./lib/NpartNormalizer.h
./lib/NpartNormalizer.cpp
./lib/my_event.cpp
++++++++++++++++INPUTFILE Var++++++++++++++++++
FILELIST=/tmp/maxwoo/21EF1A6A9139C9FD2A38E59AFB466F9A_1945/INPUTFILES/21EF1A6A9139C9FD2A38E59AFB466F9A_1945.local.list
INPUTFILECOUNT=37
INPUTFILE0=/tmp/maxwoo/21EF1A6A9139C9FD2A38E59AFB466F9A_1945/INPUTFILES/data_856161571.root
INPUTFILE1=/tmp/maxwoo/21EF1A6A9139C9FD2A38E59AFB466F9A_1945/INPUTFILES/data_856161611.root
INPUTFILE2=/tmp/maxwoo/21EF1A6A9139C9FD2A38E59AFB466F9A_1945/INPUTFILES/data_856161621.root
INPUTFILE3=/tmp/maxwoo/21EF1A6A9139C9FD2A38E59AFB466F9A_1945/INPUTFILES/data_856161631.root
INPUTFILE4=/tmp/maxwoo/21EF1A6A9139C9FD2A38E59AFB466F9A_1945/INPUTFILES/data_856161751.root
INPUTFILE5=/tmp/maxwoo/21EF1A6A9139C9FD2A38E59AFB466F9A_1945/INPUTFILES/data_856161811.root
INPUTFILE6=/tmp/maxwoo/21EF1A6A9139C9FD2A38E59AFB466F9A_1945/INPUTFILES/data_856161821.root
INPUTFILE7=/tmp/maxwoo/21EF1A6A9139C9FD2A38E59AFB466F9A_1945/INPUTFILES/data_856161841.root
INPUTFILE8=/tmp/maxwoo/21EF1A6A9139C9FD2A38E59AFB466F9A_1945/INPUTFILES/data_856161851.root
INPUTFILE9=/tmp/maxwoo/21EF1A6A9139C9FD2A38E59AFB466F9A_1945/INPUTFILES/data_856161861.root
INPUTFILE10=/tmp/maxwoo/21EF1A6A9139C9FD2A38E59AFB466F9A_1945/INPUTFILES/data_856161871.root
INPUTFILE11=/tmp/maxwoo/21EF1A6A9139C9FD2A38E59AFB466F9A_1945/INPUTFILES/data_856161881.root
INPUTFILE12=/tmp/maxwoo/21EF1A6A9139C9FD2A38E59AFB466F9A_1945/INPUTFILES/data_856161891.root
INPUTFILE13=/tmp/maxwoo/21EF1A6A9139C9FD2A38E59AFB466F9A_1945/INPUTFILES/data_856161901.root
INPUTFILE14=/tmp/maxwoo/21EF1A6A9139C9FD2A38E59AFB466F9A_1945/INPUTFILES/data_856161951.root
INPUTFILE15=/tmp/maxwoo/21EF1A6A9139C9FD2A38E59AFB466F9A_1945/INPUTFILES/data_856161961.root
INPUTFILE16=/tmp/maxwoo/21EF1A6A9139C9FD2A38E59AFB466F9A_1945/INPUTFILES/data_856162001.root
INPUTFILE17=/tmp/maxwoo/21EF1A6A9139C9FD2A38E59AFB466F9A_1945/INPUTFILES/data_856162261.root
INPUTFILE18=/tmp/maxwoo/21EF1A6A9139C9FD2A38E59AFB466F9A_1945/INPUTFILES/data_856162291.root
INPUTFILE19=/tmp/maxwoo/21EF1A6A9139C9FD2A38E59AFB466F9A_1945/INPUTFILES/data_856163311.root
INPUTFILE20=/tmp/maxwoo/21EF1A6A9139C9FD2A38E59AFB466F9A_1945/INPUTFILES/data_856170681.root
INPUTFILE21=/tmp/maxwoo/21EF1A6A9139C9FD2A38E59AFB466F9A_1945/INPUTFILES/data_856174331.root
INPUTFILE22=/tmp/maxwoo/21EF1A6A9139C9FD2A38E59AFB466F9A_1945/INPUTFILES/data_856178391.root
INPUTFILE23=/tmp/maxwoo/21EF1A6A9139C9FD2A38E59AFB466F9A_1945/INPUTFILES/data_856178401.root
INPUTFILE24=/tmp/maxwoo/21EF1A6A9139C9FD2A38E59AFB466F9A_1945/INPUTFILES/data_856183511.root
INPUTFILE25=/tmp/maxwoo/21EF1A6A9139C9FD2A38E59AFB466F9A_1945/INPUTFILES/data_856198181.root
INPUTFILE26=/tmp/maxwoo/21EF1A6A9139C9FD2A38E59AFB466F9A_1945/INPUTFILES/data_856294941.root
INPUTFILE27=/tmp/maxwoo/21EF1A6A9139C9FD2A38E59AFB466F9A_1945/INPUTFILES/data_856298351.root
INPUTFILE28=/tmp/maxwoo/21EF1A6A9139C9FD2A38E59AFB466F9A_1945/INPUTFILES/data_856494921.root
INPUTFILE29=/tmp/maxwoo/21EF1A6A9139C9FD2A38E59AFB466F9A_1945/INPUTFILES/data_856494931.root
INPUTFILE30=/tmp/maxwoo/21EF1A6A9139C9FD2A38E59AFB466F9A_1945/INPUTFILES/data_856598361.root
INPUTFILE31=/tmp/maxwoo/21EF1A6A9139C9FD2A38E59AFB466F9A_1945/INPUTFILES/data_856698321.root
INPUTFILE32=/tmp/maxwoo/21EF1A6A9139C9FD2A38E59AFB466F9A_1945/INPUTFILES/data_856698341.root
INPUTFILE33=/tmp/maxwoo/21EF1A6A9139C9FD2A38E59AFB466F9A_1945/INPUTFILES/data_856794881.root
INPUTFILE34=/tmp/maxwoo/21EF1A6A9139C9FD2A38E59AFB466F9A_1945/INPUTFILES/data_856794891.root
INPUTFILE35=/tmp/maxwoo/21EF1A6A9139C9FD2A38E59AFB466F9A_1945/INPUTFILES/data_856794901.root
INPUTFILE36=/tmp/maxwoo/21EF1A6A9139C9FD2A38E59AFB466F9A_1945/INPUTFILES/data_856794911.root
LocalInputFileDir=/tmp/maxwoo/21EF1A6A9139C9FD2A38E59AFB466F9A_1945/INPUTFILES
NewFILELIST=/tmp/maxwoo/21EF1A6A9139C9FD2A38E59AFB466F9A_1945/INPUTFILES/21EF1A6A9139C9FD2A38E59AFB466F9A_1945.local.list
+++++++++++++++++++++++++++++++++++++++++++++++
--------------------------------
Simple Unified Meta Scheduler 1.10.50 we are starting in $SCRATCH : /home/tmp/maxwoo/21EF1A6A9139C9FD2A38E59AFB466F9A_1945
--------------------------------
total 16
lrwxrwxrwx 1 maxwoo rhstar   61 Jun  2 11:03 check_S.C -> /gpfs/mnt/gpfs01/star/pwg/xiatong/git/strangeness/./check_S.C
lrwxrwxrwx 1 maxwoo rhstar   65 Jun  2 11:03 Check_Sness.C -> /gpfs/mnt/gpfs01/star/pwg/xiatong/git/strangeness/./Check_Sness.C
drwxr-xr-x 2 maxwoo rhstar 4096 Jun  2 11:04 INPUTFILES
drwxr-xr-x 2 maxwoo rhstar 4096 Jun  2 11:03 lib
  *******************************************
  *                                         *
  *        W E L C O M E  to  R O O T       *
  *                                         *
  *   Version   5.34/38     12 March 2018   *
  *                                         *
  *  You are welcome to visit our Web site  *
  *          http://root.cern.ch            *
  *                                         *
  *******************************************

ROOT 5.34/38 (v5-34-38@v5-34-38, Mar 12 2018, 15:49:39 on linux)

CINT/ROOT C/C++ Interpreter version 5.18.00, July 2, 2010
Type ? for help. Commands must be C++ statements.
Enclose multiple statements between { }.
*** Float Point Exception is OFF ***
 *** Start at Date : Thu Jun  2 11:04:03 2022
QAInfo:You are using STAR_LEVEL : dev, ROOT_LEVEL : 5.34.38 and node : rcas2810.rcf.bnl.gov 

Processing check_S.C++("/tmp/maxwoo/21EF1A6A9139C9FD2A38E59AFB466F9A_1945/INPUTFILES/21EF1A6A9139C9FD2A38E59AFB466F9A_1945.local.list","21EF1A6A9139C9FD2A38E59AFB466F9A_1945",1)...
/tmp/maxwoo/21EF1A6A9139C9FD2A38E59AFB466F9A_1945/INPUTFILES/data_856161571.root 
/tmp/maxwoo/21EF1A6A9139C9FD2A38E59AFB466F9A_1945/INPUTFILES/data_856161611.root 
/tmp/maxwoo/21EF1A6A9139C9FD2A38E59AFB466F9A_1945/INPUTFILES/data_856161621.root 
/tmp/maxwoo/21EF1A6A9139C9FD2A38E59AFB466F9A_1945/INPUTFILES/data_856161631.root 
/tmp/maxwoo/21EF1A6A9139C9FD2A38E59AFB466F9A_1945/INPUTFILES/data_856161751.root 
/tmp/maxwoo/21EF1A6A9139C9FD2A38E59AFB466F9A_1945/INPUTFILES/data_856161811.root 
/tmp/maxwoo/21EF1A6A9139C9FD2A38E59AFB466F9A_1945/INPUTFILES/data_856161821.root 
/tmp/maxwoo/21EF1A6A9139C9FD2A38E59AFB466F9A_1945/INPUTFILES/data_856161841.root 
/tmp/maxwoo/21EF1A6A9139C9FD2A38E59AFB466F9A_1945/INPUTFILES/data_856161851.root 
/tmp/maxwoo/21EF1A6A9139C9FD2A38E59AFB466F9A_1945/INPUTFILES/data_856161861.root 
/tmp/maxwoo/21EF1A6A9139C9FD2A38E59AFB466F9A_1945/INPUTFILES/data_856161871.root 
/tmp/maxwoo/21EF1A6A9139C9FD2A38E59AFB466F9A_1945/INPUTFILES/data_856161881.root 
/tmp/maxwoo/21EF1A6A9139C9FD2A38E59AFB466F9A_1945/INPUTFILES/data_856161891.root 
/tmp/maxwoo/21EF1A6A9139C9FD2A38E59AFB466F9A_1945/INPUTFILES/data_856161901.root 
/tmp/maxwoo/21EF1A6A9139C9FD2A38E59AFB466F9A_1945/INPUTFILES/data_856161951.root 
/tmp/maxwoo/21EF1A6A9139C9FD2A38E59AFB466F9A_1945/INPUTFILES/data_856161961.root 
/tmp/maxwoo/21EF1A6A9139C9FD2A38E59AFB466F9A_1945/INPUTFILES/data_856162001.root 
/tmp/maxwoo/21EF1A6A9139C9FD2A38E59AFB466F9A_1945/INPUTFILES/data_856162261.root 
/tmp/maxwoo/21EF1A6A9139C9FD2A38E59AFB466F9A_1945/INPUTFILES/data_856162291.root 
/tmp/maxwoo/21EF1A6A9139C9FD2A38E59AFB466F9A_1945/INPUTFILES/data_856163311.root 
/tmp/maxwoo/21EF1A6A9139C9FD2A38E59AFB466F9A_1945/INPUTFILES/data_856170681.root 
/tmp/maxwoo/21EF1A6A9139C9FD2A38E59AFB466F9A_1945/INPUTFILES/data_856174331.root 
/tmp/maxwoo/21EF1A6A9139C9FD2A38E59AFB466F9A_1945/INPUTFILES/data_856178391.root 
/tmp/maxwoo/21EF1A6A9139C9FD2A38E59AFB466F9A_1945/INPUTFILES/data_856178401.root 
/tmp/maxwoo/21EF1A6A9139C9FD2A38E59AFB466F9A_1945/INPUTFILES/data_856183511.root 
/tmp/maxwoo/21EF1A6A9139C9FD2A38E59AFB466F9A_1945/INPUTFILES/data_856198181.root 
/tmp/maxwoo/21EF1A6A9139C9FD2A38E59AFB466F9A_1945/INPUTFILES/data_856294941.root 
/tmp/maxwoo/21EF1A6A9139C9FD2A38E59AFB466F9A_1945/INPUTFILES/data_856298351.root 
/tmp/maxwoo/21EF1A6A9139C9FD2A38E59AFB466F9A_1945/INPUTFILES/data_856494921.root 
/tmp/maxwoo/21EF1A6A9139C9FD2A38E59AFB466F9A_1945/INPUTFILES/data_856494931.root 
/tmp/maxwoo/21EF1A6A9139C9FD2A38E59AFB466F9A_1945/INPUTFILES/data_856598361.root 
/tmp/maxwoo/21EF1A6A9139C9FD2A38E59AFB466F9A_1945/INPUTFILES/data_856698321.root 
/tmp/maxwoo/21EF1A6A9139C9FD2A38E59AFB466F9A_1945/INPUTFILES/data_856698341.root 
/tmp/maxwoo/21EF1A6A9139C9FD2A38E59AFB466F9A_1945/INPUTFILES/data_856794881.root 
/tmp/maxwoo/21EF1A6A9139C9FD2A38E59AFB466F9A_1945/INPUTFILES/data_856794891.root 
/tmp/maxwoo/21EF1A6A9139C9FD2A38E59AFB466F9A_1945/INPUTFILES/data_856794901.root 
/tmp/maxwoo/21EF1A6A9139C9FD2A38E59AFB466F9A_1945/INPUTFILES/data_856794911.root 
Added 37 files
# entries in chain: 37000
Processing entry == 1000 == out of 37000.
Processing entry == 2000 == out of 37000.
Processing entry == 3000 == out of 37000.
Processing entry == 4000 == out of 37000.
Processing entry == 5000 == out of 37000.
Processing entry == 6000 == out of 37000.
Processing entry == 7000 == out of 37000.
Processing entry == 8000 == out of 37000.
Processing entry == 9000 == out of 37000.
Processing entry == 10000 == out of 37000.
Processing entry == 11000 == out of 37000.
Processing entry == 12000 == out of 37000.
Processing entry == 13000 == out of 37000.
Processing entry == 14000 == out of 37000.
Processing entry == 15000 == out of 37000.
Processing entry == 16000 == out of 37000.
Processing entry == 17000 == out of 37000.
Processing entry == 18000 == out of 37000.
Processing entry == 19000 == out of 37000.
Processing entry == 20000 == out of 37000.
Processing entry == 21000 == out of 37000.
Processing entry == 22000 == out of 37000.
Processing entry == 23000 == out of 37000.
Processing entry == 24000 == out of 37000.
Processing entry == 25000 == out of 37000.
Processing entry == 26000 == out of 37000.
Processing entry == 27000 == out of 37000.
Processing entry == 28000 == out of 37000.
Processing entry == 29000 == out of 37000.
Processing entry == 30000 == out of 37000.
Processing entry == 31000 == out of 37000.
Processing entry == 32000 == out of 37000.
Processing entry == 33000 == out of 37000.
Processing entry == 34000 == out of 37000.
Processing entry == 35000 == out of 37000.
Processing entry == 36000 == out of 37000.
Processing entry == 37000 == out of 37000.

This is the end of ROOT -- Goodbye

Cleaning up sandbox file:  /tmp/maxwoo/21EF1A6A9139C9FD2A38E59AFB466F9A_1945/check_S.C
Cleaning up sandbox file:  /tmp/maxwoo/21EF1A6A9139C9FD2A38E59AFB466F9A_1945/Check_Sness.C
Cleaning up sandbox file:  /tmp/maxwoo/21EF1A6A9139C9FD2A38E59AFB466F9A_1945/lib
Cleaning up sandbox file:  /tmp/maxwoo/21EF1A6A9139C9FD2A38E59AFB466F9A_1945/.sandboxFiles
Starting copy block
Running copy command:  /bin/cp -fp /tmp/maxwoo/21EF1A6A9139C9FD2A38E59AFB466F9A_1945/out_21EF1A6A9139C9FD2A38E59AFB466F9A_1945.root /star/data01/pwg/xiatong/git/strangeness/data/
25272 Execution of (/star/data01/pwg/xiatong/git/strangeness/script/sched21EF1A6A9139C9FD2A38E59AFB466F9A_1945.csh ) has ended, exiting normally
25272 We END on [Thu Jun  2 11:26:50 EDT 2022]
