We are starting on node: rcas6364.rcf.bnl.gov
HOME is not defined
Using getent method
HOME is now /star/u/maxwoo
40457 We will spawn ourselves (/star/data01/pwg/xiatong/git/strangeness/script/sched21EF1A6A9139C9FD2A38E59AFB466F9A_1829.csh )
40457 We BEGIN on [Thu Jun  2 11:03:12 EDT 2022]
[1] 40812
40457 We are waiting for 40812 
40457 Grandchild PID is 41534 - found in 10 x 1 seconds
40457 Establishing first watcher   on    Thu Jun  2 11:03:23 EDT 2022
40457 Process tree is 40457 (main) -> 40812 (child) -> 41534 (grandchild)
F S   UID   PID  PPID  C PRI  NI ADDR SZ WCHAN  TTY        TIME CMD
0 D 100667 41534 40812  0 80   0 - 32311 cxiWai ?          0:00 cp /star/data01/pwg/xiatong/AMPT/14GeV/data_770108301.root /tmp/maxwoo/21EF1A6A9139C9FD2A38E59AFB466F9A_1829/INPUTFILES/data_770108301.root
40457 Grandchild PID is 43200 - found in 30 x 2 seconds
40457 Grandchild to watch has changed on Thu Jun  2 11:04:05 EDT 2022
40457 Process tree is 40457 (main) -> 40812 (child) -> 43200 (grandchild)
F S   UID   PID  PPID  C PRI  NI ADDR SZ WCHAN  TTY        TIME CMD
0 D 100667 43200 40812  0 80   0 - 32311 cxiWai ?          0:00 cp /star/data01/pwg/xiatong/AMPT/14GeV/data_770108321.root /tmp/maxwoo/21EF1A6A9139C9FD2A38E59AFB466F9A_1829/INPUTFILES/data_770108321.root
40457 Grandchild PID is 45105 - found in 40 x 2 seconds
40457 Grandchild to watch has changed on Thu Jun  2 11:04:25 EDT 2022
40457 Process tree is 40457 (main) -> 40812 (child) -> 45105 (grandchild)
F S   UID   PID  PPID  C PRI  NI ADDR SZ WCHAN  TTY        TIME CMD
40457 Grandchild PID is 46244 - found in 60 x 2 seconds
40457 Grandchild to watch has changed on Thu Jun  2 11:05:07 EDT 2022
40457 Process tree is 40457 (main) -> 40812 (child) -> 46244 (grandchild)
F S   UID   PID  PPID  C PRI  NI ADDR SZ WCHAN  TTY        TIME CMD
0 D 100667 46244 40812  0 80   0 - 32311 cxiWai ?          0:00 cp /star/data01/pwg/xiatong/AMPT/14GeV/data_770169651.root /tmp/maxwoo/21EF1A6A9139C9FD2A38E59AFB466F9A_1829/INPUTFILES/data_770169651.root
40457 Grandchild PID is 47987 - found in 70 x 2 seconds
40457 Grandchild to watch has changed on Thu Jun  2 11:05:27 EDT 2022
40457 Process tree is 40457 (main) -> 40812 (child) -> 47987 (grandchild)
F S   UID   PID  PPID  C PRI  NI ADDR SZ WCHAN  TTY        TIME CMD
0 D 100667 47987 40812  0 80   0 - 32311 cxiWai ?          0:00 cp /star/data01/pwg/xiatong/AMPT/14GeV/data_770188021.root /tmp/maxwoo/21EF1A6A9139C9FD2A38E59AFB466F9A_1829/INPUTFILES/data_770188021.root
40457 Grandchild PID is 48970 - found in 80 x 2 seconds
40457 Grandchild to watch has changed on Thu Jun  2 11:05:48 EDT 2022
40457 Process tree is 40457 (main) -> 40812 (child) -> 48970 (grandchild)
F S   UID   PID  PPID  C PRI  NI ADDR SZ WCHAN  TTY        TIME CMD
0 D 100667 48970 40812  0 80   0 - 32311 cxiWai ?          0:00 cp /star/data01/pwg/xiatong/AMPT/14GeV/data_770188521.root /tmp/maxwoo/21EF1A6A9139C9FD2A38E59AFB466F9A_1829/INPUTFILES/data_770188521.root
40457 Grandchild PID is 1266 - found in 90 x 2 seconds
40457 Grandchild to watch has changed on Thu Jun  2 11:06:09 EDT 2022
40457 Process tree is 40457 (main) -> 40812 (child) -> 1266 (grandchild)
F S   UID   PID  PPID  C PRI  NI ADDR SZ WCHAN  TTY        TIME CMD
0 S 100667 1266 40812  0  80   0 -  1272 do_wai ?          0:00 root -b -q check_S.C++("/tmp/maxwoo/21EF1A6A9139C9FD2A38E59AFB466F9A_1829/INPUTFILES/21EF1A6A9139C9FD2A38E59AFB466F9A_1829.local.list","21EF1A6A9139C9FD2A38E59AFB466F9A_1829",1)
40812 Stepping into the main SUMS wrapper program with []
.... building sandbox
Running: cp /star/data01/pwg/xiatong/AMPT/14GeV/data_770102711.root /tmp/maxwoo/21EF1A6A9139C9FD2A38E59AFB466F9A_1829/INPUTFILES/data_770102711.root
Running: cp /star/data01/pwg/xiatong/AMPT/14GeV/data_770108301.root /tmp/maxwoo/21EF1A6A9139C9FD2A38E59AFB466F9A_1829/INPUTFILES/data_770108301.root
Running: cp /star/data01/pwg/xiatong/AMPT/14GeV/data_770108321.root /tmp/maxwoo/21EF1A6A9139C9FD2A38E59AFB466F9A_1829/INPUTFILES/data_770108321.root
Running: cp /star/data01/pwg/xiatong/AMPT/14GeV/data_770110061.root /tmp/maxwoo/21EF1A6A9139C9FD2A38E59AFB466F9A_1829/INPUTFILES/data_770110061.root
Running: cp /star/data01/pwg/xiatong/AMPT/14GeV/data_770110081.root /tmp/maxwoo/21EF1A6A9139C9FD2A38E59AFB466F9A_1829/INPUTFILES/data_770110081.root
Running: cp /star/data01/pwg/xiatong/AMPT/14GeV/data_770110141.root /tmp/maxwoo/21EF1A6A9139C9FD2A38E59AFB466F9A_1829/INPUTFILES/data_770110141.root
Running: cp /star/data01/pwg/xiatong/AMPT/14GeV/data_770110171.root /tmp/maxwoo/21EF1A6A9139C9FD2A38E59AFB466F9A_1829/INPUTFILES/data_770110171.root
Running: cp /star/data01/pwg/xiatong/AMPT/14GeV/data_770110241.root /tmp/maxwoo/21EF1A6A9139C9FD2A38E59AFB466F9A_1829/INPUTFILES/data_770110241.root
Running: cp /star/data01/pwg/xiatong/AMPT/14GeV/data_770110301.root /tmp/maxwoo/21EF1A6A9139C9FD2A38E59AFB466F9A_1829/INPUTFILES/data_770110301.root
Running: cp /star/data01/pwg/xiatong/AMPT/14GeV/data_770110311.root /tmp/maxwoo/21EF1A6A9139C9FD2A38E59AFB466F9A_1829/INPUTFILES/data_770110311.root
Running: cp /star/data01/pwg/xiatong/AMPT/14GeV/data_770110681.root /tmp/maxwoo/21EF1A6A9139C9FD2A38E59AFB466F9A_1829/INPUTFILES/data_770110681.root
Running: cp /star/data01/pwg/xiatong/AMPT/14GeV/data_770126081.root /tmp/maxwoo/21EF1A6A9139C9FD2A38E59AFB466F9A_1829/INPUTFILES/data_770126081.root
Running: cp /star/data01/pwg/xiatong/AMPT/14GeV/data_770126091.root /tmp/maxwoo/21EF1A6A9139C9FD2A38E59AFB466F9A_1829/INPUTFILES/data_770126091.root
Running: cp /star/data01/pwg/xiatong/AMPT/14GeV/data_770138501.root /tmp/maxwoo/21EF1A6A9139C9FD2A38E59AFB466F9A_1829/INPUTFILES/data_770138501.root
Running: cp /star/data01/pwg/xiatong/AMPT/14GeV/data_770138511.root /tmp/maxwoo/21EF1A6A9139C9FD2A38E59AFB466F9A_1829/INPUTFILES/data_770138511.root
Running: cp /star/data01/pwg/xiatong/AMPT/14GeV/data_770138521.root /tmp/maxwoo/21EF1A6A9139C9FD2A38E59AFB466F9A_1829/INPUTFILES/data_770138521.root
Running: cp /star/data01/pwg/xiatong/AMPT/14GeV/data_770143221.root /tmp/maxwoo/21EF1A6A9139C9FD2A38E59AFB466F9A_1829/INPUTFILES/data_770143221.root
Running: cp /star/data01/pwg/xiatong/AMPT/14GeV/data_770158501.root /tmp/maxwoo/21EF1A6A9139C9FD2A38E59AFB466F9A_1829/INPUTFILES/data_770158501.root
Running: cp /star/data01/pwg/xiatong/AMPT/14GeV/data_770164471.root /tmp/maxwoo/21EF1A6A9139C9FD2A38E59AFB466F9A_1829/INPUTFILES/data_770164471.root
Running: cp /star/data01/pwg/xiatong/AMPT/14GeV/data_770169651.root /tmp/maxwoo/21EF1A6A9139C9FD2A38E59AFB466F9A_1829/INPUTFILES/data_770169651.root
Running: cp /star/data01/pwg/xiatong/AMPT/14GeV/data_770187831.root /tmp/maxwoo/21EF1A6A9139C9FD2A38E59AFB466F9A_1829/INPUTFILES/data_770187831.root
Running: cp /star/data01/pwg/xiatong/AMPT/14GeV/data_770187871.root /tmp/maxwoo/21EF1A6A9139C9FD2A38E59AFB466F9A_1829/INPUTFILES/data_770187871.root
Running: cp /star/data01/pwg/xiatong/AMPT/14GeV/data_770187911.root /tmp/maxwoo/21EF1A6A9139C9FD2A38E59AFB466F9A_1829/INPUTFILES/data_770187911.root
Running: cp /star/data01/pwg/xiatong/AMPT/14GeV/data_770188021.root /tmp/maxwoo/21EF1A6A9139C9FD2A38E59AFB466F9A_1829/INPUTFILES/data_770188021.root
Running: cp /star/data01/pwg/xiatong/AMPT/14GeV/data_770188031.root /tmp/maxwoo/21EF1A6A9139C9FD2A38E59AFB466F9A_1829/INPUTFILES/data_770188031.root
Running: cp /star/data01/pwg/xiatong/AMPT/14GeV/data_770188131.root /tmp/maxwoo/21EF1A6A9139C9FD2A38E59AFB466F9A_1829/INPUTFILES/data_770188131.root
Running: cp /star/data01/pwg/xiatong/AMPT/14GeV/data_770188271.root /tmp/maxwoo/21EF1A6A9139C9FD2A38E59AFB466F9A_1829/INPUTFILES/data_770188271.root
Running: cp /star/data01/pwg/xiatong/AMPT/14GeV/data_770188371.root /tmp/maxwoo/21EF1A6A9139C9FD2A38E59AFB466F9A_1829/INPUTFILES/data_770188371.root
Running: cp /star/data01/pwg/xiatong/AMPT/14GeV/data_770188401.root /tmp/maxwoo/21EF1A6A9139C9FD2A38E59AFB466F9A_1829/INPUTFILES/data_770188401.root
Running: cp /star/data01/pwg/xiatong/AMPT/14GeV/data_770188521.root /tmp/maxwoo/21EF1A6A9139C9FD2A38E59AFB466F9A_1829/INPUTFILES/data_770188521.root
Running: cp /star/data01/pwg/xiatong/AMPT/14GeV/data_770188531.root /tmp/maxwoo/21EF1A6A9139C9FD2A38E59AFB466F9A_1829/INPUTFILES/data_770188531.root
Running: cp /star/data01/pwg/xiatong/AMPT/14GeV/data_770198381.root /tmp/maxwoo/21EF1A6A9139C9FD2A38E59AFB466F9A_1829/INPUTFILES/data_770198381.root
Running: cp /star/data01/pwg/xiatong/AMPT/14GeV/data_770374681.root /tmp/maxwoo/21EF1A6A9139C9FD2A38E59AFB466F9A_1829/INPUTFILES/data_770374681.root
Running: cp /star/data01/pwg/xiatong/AMPT/14GeV/data_770774661.root /tmp/maxwoo/21EF1A6A9139C9FD2A38E59AFB466F9A_1829/INPUTFILES/data_770774661.root
Running: cp /star/data01/pwg/xiatong/AMPT/14GeV/data_770974671.root /tmp/maxwoo/21EF1A6A9139C9FD2A38E59AFB466F9A_1829/INPUTFILES/data_770974671.root
Running: cp /star/data01/pwg/xiatong/AMPT/14GeV/data_771108291.root /tmp/maxwoo/21EF1A6A9139C9FD2A38E59AFB466F9A_1829/INPUTFILES/data_771108291.root
Running: cp /star/data01/pwg/xiatong/AMPT/14GeV/data_771109961.root /tmp/maxwoo/21EF1A6A9139C9FD2A38E59AFB466F9A_1829/INPUTFILES/data_771109961.root
Swapping $FILELIST with: /tmp/maxwoo/21EF1A6A9139C9FD2A38E59AFB466F9A_1829/INPUTFILES/21EF1A6A9139C9FD2A38E59AFB466F9A_1829.local.list
+++++++++++local copy debug++++++++++++++++++++
newFileList: /tmp/maxwoo/21EF1A6A9139C9FD2A38E59AFB466F9A_1829/INPUTFILES/21EF1A6A9139C9FD2A38E59AFB466F9A_1829.local.list
++++++++++++++++cat FILELIST+++++++++++++++++++
/tmp/maxwoo/21EF1A6A9139C9FD2A38E59AFB466F9A_1829/INPUTFILES/data_770102711.root 
/tmp/maxwoo/21EF1A6A9139C9FD2A38E59AFB466F9A_1829/INPUTFILES/data_770108301.root 
/tmp/maxwoo/21EF1A6A9139C9FD2A38E59AFB466F9A_1829/INPUTFILES/data_770108321.root 
/tmp/maxwoo/21EF1A6A9139C9FD2A38E59AFB466F9A_1829/INPUTFILES/data_770110061.root 
/tmp/maxwoo/21EF1A6A9139C9FD2A38E59AFB466F9A_1829/INPUTFILES/data_770110081.root 
/tmp/maxwoo/21EF1A6A9139C9FD2A38E59AFB466F9A_1829/INPUTFILES/data_770110141.root 
/tmp/maxwoo/21EF1A6A9139C9FD2A38E59AFB466F9A_1829/INPUTFILES/data_770110171.root 
/tmp/maxwoo/21EF1A6A9139C9FD2A38E59AFB466F9A_1829/INPUTFILES/data_770110241.root 
/tmp/maxwoo/21EF1A6A9139C9FD2A38E59AFB466F9A_1829/INPUTFILES/data_770110301.root 
/tmp/maxwoo/21EF1A6A9139C9FD2A38E59AFB466F9A_1829/INPUTFILES/data_770110311.root 
/tmp/maxwoo/21EF1A6A9139C9FD2A38E59AFB466F9A_1829/INPUTFILES/data_770110681.root 
/tmp/maxwoo/21EF1A6A9139C9FD2A38E59AFB466F9A_1829/INPUTFILES/data_770126081.root 
/tmp/maxwoo/21EF1A6A9139C9FD2A38E59AFB466F9A_1829/INPUTFILES/data_770126091.root 
/tmp/maxwoo/21EF1A6A9139C9FD2A38E59AFB466F9A_1829/INPUTFILES/data_770138501.root 
/tmp/maxwoo/21EF1A6A9139C9FD2A38E59AFB466F9A_1829/INPUTFILES/data_770138511.root 
/tmp/maxwoo/21EF1A6A9139C9FD2A38E59AFB466F9A_1829/INPUTFILES/data_770138521.root 
/tmp/maxwoo/21EF1A6A9139C9FD2A38E59AFB466F9A_1829/INPUTFILES/data_770143221.root 
/tmp/maxwoo/21EF1A6A9139C9FD2A38E59AFB466F9A_1829/INPUTFILES/data_770158501.root 
/tmp/maxwoo/21EF1A6A9139C9FD2A38E59AFB466F9A_1829/INPUTFILES/data_770164471.root 
/tmp/maxwoo/21EF1A6A9139C9FD2A38E59AFB466F9A_1829/INPUTFILES/data_770169651.root 
/tmp/maxwoo/21EF1A6A9139C9FD2A38E59AFB466F9A_1829/INPUTFILES/data_770187831.root 
/tmp/maxwoo/21EF1A6A9139C9FD2A38E59AFB466F9A_1829/INPUTFILES/data_770187871.root 
/tmp/maxwoo/21EF1A6A9139C9FD2A38E59AFB466F9A_1829/INPUTFILES/data_770187911.root 
/tmp/maxwoo/21EF1A6A9139C9FD2A38E59AFB466F9A_1829/INPUTFILES/data_770188021.root 
/tmp/maxwoo/21EF1A6A9139C9FD2A38E59AFB466F9A_1829/INPUTFILES/data_770188031.root 
/tmp/maxwoo/21EF1A6A9139C9FD2A38E59AFB466F9A_1829/INPUTFILES/data_770188131.root 
/tmp/maxwoo/21EF1A6A9139C9FD2A38E59AFB466F9A_1829/INPUTFILES/data_770188271.root 
/tmp/maxwoo/21EF1A6A9139C9FD2A38E59AFB466F9A_1829/INPUTFILES/data_770188371.root 
/tmp/maxwoo/21EF1A6A9139C9FD2A38E59AFB466F9A_1829/INPUTFILES/data_770188401.root 
/tmp/maxwoo/21EF1A6A9139C9FD2A38E59AFB466F9A_1829/INPUTFILES/data_770188521.root 
/tmp/maxwoo/21EF1A6A9139C9FD2A38E59AFB466F9A_1829/INPUTFILES/data_770188531.root 
/tmp/maxwoo/21EF1A6A9139C9FD2A38E59AFB466F9A_1829/INPUTFILES/data_770198381.root 
/tmp/maxwoo/21EF1A6A9139C9FD2A38E59AFB466F9A_1829/INPUTFILES/data_770374681.root 
/tmp/maxwoo/21EF1A6A9139C9FD2A38E59AFB466F9A_1829/INPUTFILES/data_770774661.root 
/tmp/maxwoo/21EF1A6A9139C9FD2A38E59AFB466F9A_1829/INPUTFILES/data_770974671.root 
/tmp/maxwoo/21EF1A6A9139C9FD2A38E59AFB466F9A_1829/INPUTFILES/data_771108291.root 
/tmp/maxwoo/21EF1A6A9139C9FD2A38E59AFB466F9A_1829/INPUTFILES/data_771109961.root 
++++++++++++++++++++find.++++++++++++++++++++++
.
./lib
./lib/MixedBuffer_cpp.so
./lib/my_particle.cpp
./lib/my_event_cpp.so
./lib/MixedBuffer.cpp
./lib/CenMaker_cpp_ACLiC_dict_rdict.pcm
./lib/NpartNormalizer_cpp.d
./lib/my_particle.h
./lib/CenMaker_cpp.so
./lib/my_particle_cpp_ACLiC_dict_rdict.pcm
./lib/my_event_cpp.d
./lib/my_particle_cpp.so
./lib/MixedBuffer_cpp.d
./lib/my_event.cpp
./lib/NpartNormalizer_cpp.so
./lib/CenMaker.cpp
./lib/my_particle_cpp.d
./lib/NpartNormalizer.cpp
./lib/MixedBuffer.h
./lib/my_event_cpp_ACLiC_dict_rdict.pcm
./lib/NpartNormalizer_cpp_ACLiC_dict_rdict.pcm
./lib/MixedBuffer_cpp_ACLiC_dict_rdict.pcm
./lib/CenMaker_cpp.d
./lib/CenMaker.h
./lib/my_event.h
./lib/NpartNormalizer.h
./.errror.log
./Check_Sness.C
./check_S.C
./INPUTFILES
./INPUTFILES/data_770110301.root
./INPUTFILES/data_770374681.root
./INPUTFILES/data_771109961.root
./INPUTFILES/data_770110141.root
./INPUTFILES/data_770110061.root
./INPUTFILES/data_770188401.root
./INPUTFILES/data_770126091.root
./INPUTFILES/data_770974671.root
./INPUTFILES/data_770774661.root
./INPUTFILES/data_770164471.root
./INPUTFILES/data_770108301.root
./INPUTFILES/data_770169651.root
./INPUTFILES/data_770188521.root
./INPUTFILES/data_770187871.root
./INPUTFILES/data_770143221.root
./INPUTFILES/data_770187911.root
./INPUTFILES/data_770110311.root
./INPUTFILES/data_770110241.root
./INPUTFILES/data_770187831.root
./INPUTFILES/data_771108291.root
./INPUTFILES/data_770138521.root
./INPUTFILES/data_770188371.root
./INPUTFILES/21EF1A6A9139C9FD2A38E59AFB466F9A_1829.local.list
./INPUTFILES/data_770188031.root
./INPUTFILES/data_770188021.root
./INPUTFILES/data_770188131.root
./INPUTFILES/data_770158501.root
./INPUTFILES/data_770102711.root
./INPUTFILES/data_770108321.root
./INPUTFILES/data_770110171.root
./INPUTFILES/data_770188531.root
./INPUTFILES/data_770110681.root
./INPUTFILES/data_770138511.root
./INPUTFILES/data_770198381.root
./INPUTFILES/data_770188271.root
./INPUTFILES/data_770138501.root
./INPUTFILES/data_770126081.root
./INPUTFILES/data_770110081.root
./.output.log
./.sandboxFiles
++++++++++++++++INPUTFILE Var++++++++++++++++++
FILELIST=/tmp/maxwoo/21EF1A6A9139C9FD2A38E59AFB466F9A_1829/INPUTFILES/21EF1A6A9139C9FD2A38E59AFB466F9A_1829.local.list
INPUTFILECOUNT=37
INPUTFILE0=/tmp/maxwoo/21EF1A6A9139C9FD2A38E59AFB466F9A_1829/INPUTFILES/data_770102711.root
INPUTFILE1=/tmp/maxwoo/21EF1A6A9139C9FD2A38E59AFB466F9A_1829/INPUTFILES/data_770108301.root
INPUTFILE2=/tmp/maxwoo/21EF1A6A9139C9FD2A38E59AFB466F9A_1829/INPUTFILES/data_770108321.root
INPUTFILE3=/tmp/maxwoo/21EF1A6A9139C9FD2A38E59AFB466F9A_1829/INPUTFILES/data_770110061.root
INPUTFILE4=/tmp/maxwoo/21EF1A6A9139C9FD2A38E59AFB466F9A_1829/INPUTFILES/data_770110081.root
INPUTFILE5=/tmp/maxwoo/21EF1A6A9139C9FD2A38E59AFB466F9A_1829/INPUTFILES/data_770110141.root
INPUTFILE6=/tmp/maxwoo/21EF1A6A9139C9FD2A38E59AFB466F9A_1829/INPUTFILES/data_770110171.root
INPUTFILE7=/tmp/maxwoo/21EF1A6A9139C9FD2A38E59AFB466F9A_1829/INPUTFILES/data_770110241.root
INPUTFILE8=/tmp/maxwoo/21EF1A6A9139C9FD2A38E59AFB466F9A_1829/INPUTFILES/data_770110301.root
INPUTFILE9=/tmp/maxwoo/21EF1A6A9139C9FD2A38E59AFB466F9A_1829/INPUTFILES/data_770110311.root
INPUTFILE10=/tmp/maxwoo/21EF1A6A9139C9FD2A38E59AFB466F9A_1829/INPUTFILES/data_770110681.root
INPUTFILE11=/tmp/maxwoo/21EF1A6A9139C9FD2A38E59AFB466F9A_1829/INPUTFILES/data_770126081.root
INPUTFILE12=/tmp/maxwoo/21EF1A6A9139C9FD2A38E59AFB466F9A_1829/INPUTFILES/data_770126091.root
INPUTFILE13=/tmp/maxwoo/21EF1A6A9139C9FD2A38E59AFB466F9A_1829/INPUTFILES/data_770138501.root
INPUTFILE14=/tmp/maxwoo/21EF1A6A9139C9FD2A38E59AFB466F9A_1829/INPUTFILES/data_770138511.root
INPUTFILE15=/tmp/maxwoo/21EF1A6A9139C9FD2A38E59AFB466F9A_1829/INPUTFILES/data_770138521.root
INPUTFILE16=/tmp/maxwoo/21EF1A6A9139C9FD2A38E59AFB466F9A_1829/INPUTFILES/data_770143221.root
INPUTFILE17=/tmp/maxwoo/21EF1A6A9139C9FD2A38E59AFB466F9A_1829/INPUTFILES/data_770158501.root
INPUTFILE18=/tmp/maxwoo/21EF1A6A9139C9FD2A38E59AFB466F9A_1829/INPUTFILES/data_770164471.root
INPUTFILE19=/tmp/maxwoo/21EF1A6A9139C9FD2A38E59AFB466F9A_1829/INPUTFILES/data_770169651.root
INPUTFILE20=/tmp/maxwoo/21EF1A6A9139C9FD2A38E59AFB466F9A_1829/INPUTFILES/data_770187831.root
INPUTFILE21=/tmp/maxwoo/21EF1A6A9139C9FD2A38E59AFB466F9A_1829/INPUTFILES/data_770187871.root
INPUTFILE22=/tmp/maxwoo/21EF1A6A9139C9FD2A38E59AFB466F9A_1829/INPUTFILES/data_770187911.root
INPUTFILE23=/tmp/maxwoo/21EF1A6A9139C9FD2A38E59AFB466F9A_1829/INPUTFILES/data_770188021.root
INPUTFILE24=/tmp/maxwoo/21EF1A6A9139C9FD2A38E59AFB466F9A_1829/INPUTFILES/data_770188031.root
INPUTFILE25=/tmp/maxwoo/21EF1A6A9139C9FD2A38E59AFB466F9A_1829/INPUTFILES/data_770188131.root
INPUTFILE26=/tmp/maxwoo/21EF1A6A9139C9FD2A38E59AFB466F9A_1829/INPUTFILES/data_770188271.root
INPUTFILE27=/tmp/maxwoo/21EF1A6A9139C9FD2A38E59AFB466F9A_1829/INPUTFILES/data_770188371.root
INPUTFILE28=/tmp/maxwoo/21EF1A6A9139C9FD2A38E59AFB466F9A_1829/INPUTFILES/data_770188401.root
INPUTFILE29=/tmp/maxwoo/21EF1A6A9139C9FD2A38E59AFB466F9A_1829/INPUTFILES/data_770188521.root
INPUTFILE30=/tmp/maxwoo/21EF1A6A9139C9FD2A38E59AFB466F9A_1829/INPUTFILES/data_770188531.root
INPUTFILE31=/tmp/maxwoo/21EF1A6A9139C9FD2A38E59AFB466F9A_1829/INPUTFILES/data_770198381.root
INPUTFILE32=/tmp/maxwoo/21EF1A6A9139C9FD2A38E59AFB466F9A_1829/INPUTFILES/data_770374681.root
INPUTFILE33=/tmp/maxwoo/21EF1A6A9139C9FD2A38E59AFB466F9A_1829/INPUTFILES/data_770774661.root
INPUTFILE34=/tmp/maxwoo/21EF1A6A9139C9FD2A38E59AFB466F9A_1829/INPUTFILES/data_770974671.root
INPUTFILE35=/tmp/maxwoo/21EF1A6A9139C9FD2A38E59AFB466F9A_1829/INPUTFILES/data_771108291.root
INPUTFILE36=/tmp/maxwoo/21EF1A6A9139C9FD2A38E59AFB466F9A_1829/INPUTFILES/data_771109961.root
LocalInputFileDir=/tmp/maxwoo/21EF1A6A9139C9FD2A38E59AFB466F9A_1829/INPUTFILES
NewFILELIST=/tmp/maxwoo/21EF1A6A9139C9FD2A38E59AFB466F9A_1829/INPUTFILES/21EF1A6A9139C9FD2A38E59AFB466F9A_1829.local.list
+++++++++++++++++++++++++++++++++++++++++++++++
--------------------------------
Simple Unified Meta Scheduler 1.10.50 we are starting in $SCRATCH : /home/tmp/maxwoo/21EF1A6A9139C9FD2A38E59AFB466F9A_1829
--------------------------------
total 16
lrwxrwxrwx 1 maxwoo rhstar   61 Jun  2 11:03 check_S.C -> /gpfs/mnt/gpfs01/star/pwg/xiatong/git/strangeness/./check_S.C
lrwxrwxrwx 1 maxwoo rhstar   65 Jun  2 11:03 Check_Sness.C -> /gpfs/mnt/gpfs01/star/pwg/xiatong/git/strangeness/./Check_Sness.C
drwxr-xr-x 2 maxwoo rhstar 4096 Jun  2 11:06 INPUTFILES
drwxr-xr-x 2 maxwoo rhstar 4096 Jun  2 11:03 lib
  *******************************************
  *                                         *
  *        W E L C O M E  to  R O O T       *
  *                                         *
  *   Version   5.34/38     12 March 2018   *
  *                                         *
  *  You are welcome to visit our Web site  *
  *          http://root.cern.ch            *
  *                                         *
  *******************************************

ROOT 5.34/38 (v5-34-38@v5-34-38, Mar 12 2018, 15:49:39 on linux)

CINT/ROOT C/C++ Interpreter version 5.18.00, July 2, 2010
Type ? for help. Commands must be C++ statements.
Enclose multiple statements between { }.
*** Float Point Exception is OFF ***
 *** Start at Date : Thu Jun  2 11:06:09 2022
QAInfo:You are using STAR_LEVEL : dev, ROOT_LEVEL : 5.34.38 and node : rcas6364.rcf.bnl.gov 

Processing check_S.C++("/tmp/maxwoo/21EF1A6A9139C9FD2A38E59AFB466F9A_1829/INPUTFILES/21EF1A6A9139C9FD2A38E59AFB466F9A_1829.local.list","21EF1A6A9139C9FD2A38E59AFB466F9A_1829",1)...
/tmp/maxwoo/21EF1A6A9139C9FD2A38E59AFB466F9A_1829/INPUTFILES/data_770102711.root 
/tmp/maxwoo/21EF1A6A9139C9FD2A38E59AFB466F9A_1829/INPUTFILES/data_770108301.root 
/tmp/maxwoo/21EF1A6A9139C9FD2A38E59AFB466F9A_1829/INPUTFILES/data_770108321.root 
/tmp/maxwoo/21EF1A6A9139C9FD2A38E59AFB466F9A_1829/INPUTFILES/data_770110061.root 
/tmp/maxwoo/21EF1A6A9139C9FD2A38E59AFB466F9A_1829/INPUTFILES/data_770110081.root 
/tmp/maxwoo/21EF1A6A9139C9FD2A38E59AFB466F9A_1829/INPUTFILES/data_770110141.root 
/tmp/maxwoo/21EF1A6A9139C9FD2A38E59AFB466F9A_1829/INPUTFILES/data_770110171.root 
/tmp/maxwoo/21EF1A6A9139C9FD2A38E59AFB466F9A_1829/INPUTFILES/data_770110241.root 
/tmp/maxwoo/21EF1A6A9139C9FD2A38E59AFB466F9A_1829/INPUTFILES/data_770110301.root 
/tmp/maxwoo/21EF1A6A9139C9FD2A38E59AFB466F9A_1829/INPUTFILES/data_770110311.root 
/tmp/maxwoo/21EF1A6A9139C9FD2A38E59AFB466F9A_1829/INPUTFILES/data_770110681.root 
/tmp/maxwoo/21EF1A6A9139C9FD2A38E59AFB466F9A_1829/INPUTFILES/data_770126081.root 
/tmp/maxwoo/21EF1A6A9139C9FD2A38E59AFB466F9A_1829/INPUTFILES/data_770126091.root 
/tmp/maxwoo/21EF1A6A9139C9FD2A38E59AFB466F9A_1829/INPUTFILES/data_770138501.root 
/tmp/maxwoo/21EF1A6A9139C9FD2A38E59AFB466F9A_1829/INPUTFILES/data_770138511.root 
/tmp/maxwoo/21EF1A6A9139C9FD2A38E59AFB466F9A_1829/INPUTFILES/data_770138521.root 
/tmp/maxwoo/21EF1A6A9139C9FD2A38E59AFB466F9A_1829/INPUTFILES/data_770143221.root 
/tmp/maxwoo/21EF1A6A9139C9FD2A38E59AFB466F9A_1829/INPUTFILES/data_770158501.root 
/tmp/maxwoo/21EF1A6A9139C9FD2A38E59AFB466F9A_1829/INPUTFILES/data_770164471.root 
/tmp/maxwoo/21EF1A6A9139C9FD2A38E59AFB466F9A_1829/INPUTFILES/data_770169651.root 
/tmp/maxwoo/21EF1A6A9139C9FD2A38E59AFB466F9A_1829/INPUTFILES/data_770187831.root 
/tmp/maxwoo/21EF1A6A9139C9FD2A38E59AFB466F9A_1829/INPUTFILES/data_770187871.root 
/tmp/maxwoo/21EF1A6A9139C9FD2A38E59AFB466F9A_1829/INPUTFILES/data_770187911.root 
/tmp/maxwoo/21EF1A6A9139C9FD2A38E59AFB466F9A_1829/INPUTFILES/data_770188021.root 
/tmp/maxwoo/21EF1A6A9139C9FD2A38E59AFB466F9A_1829/INPUTFILES/data_770188031.root 
/tmp/maxwoo/21EF1A6A9139C9FD2A38E59AFB466F9A_1829/INPUTFILES/data_770188131.root 
/tmp/maxwoo/21EF1A6A9139C9FD2A38E59AFB466F9A_1829/INPUTFILES/data_770188271.root 
/tmp/maxwoo/21EF1A6A9139C9FD2A38E59AFB466F9A_1829/INPUTFILES/data_770188371.root 
/tmp/maxwoo/21EF1A6A9139C9FD2A38E59AFB466F9A_1829/INPUTFILES/data_770188401.root 
/tmp/maxwoo/21EF1A6A9139C9FD2A38E59AFB466F9A_1829/INPUTFILES/data_770188521.root 
/tmp/maxwoo/21EF1A6A9139C9FD2A38E59AFB466F9A_1829/INPUTFILES/data_770188531.root 
/tmp/maxwoo/21EF1A6A9139C9FD2A38E59AFB466F9A_1829/INPUTFILES/data_770198381.root 
/tmp/maxwoo/21EF1A6A9139C9FD2A38E59AFB466F9A_1829/INPUTFILES/data_770374681.root 
/tmp/maxwoo/21EF1A6A9139C9FD2A38E59AFB466F9A_1829/INPUTFILES/data_770774661.root 
/tmp/maxwoo/21EF1A6A9139C9FD2A38E59AFB466F9A_1829/INPUTFILES/data_770974671.root 
/tmp/maxwoo/21EF1A6A9139C9FD2A38E59AFB466F9A_1829/INPUTFILES/data_771108291.root 
/tmp/maxwoo/21EF1A6A9139C9FD2A38E59AFB466F9A_1829/INPUTFILES/data_771109961.root 
Added 37 files
# entries in chain: 37000
Processing entry == 1000 == out of 37000.
Processing entry == 2000 == out of 37000.
Processing entry == 3000 == out of 37000.
Processing entry == 4000 == out of 37000.
Processing entry == 5000 == out of 37000.
Processing entry == 6000 == out of 37000.
Processing entry == 7000 == out of 37000.
Processing entry == 8000 == out of 37000.
Processing entry == 9000 == out of 37000.
Processing entry == 10000 == out of 37000.
Processing entry == 11000 == out of 37000.
Processing entry == 12000 == out of 37000.
Processing entry == 13000 == out of 37000.
Processing entry == 14000 == out of 37000.
Processing entry == 15000 == out of 37000.
Processing entry == 16000 == out of 37000.
Processing entry == 17000 == out of 37000.
Processing entry == 18000 == out of 37000.
Processing entry == 19000 == out of 37000.
Processing entry == 20000 == out of 37000.
Processing entry == 21000 == out of 37000.
Processing entry == 22000 == out of 37000.
Processing entry == 23000 == out of 37000.
Processing entry == 24000 == out of 37000.
Processing entry == 25000 == out of 37000.
Processing entry == 26000 == out of 37000.
Processing entry == 27000 == out of 37000.
Processing entry == 28000 == out of 37000.
Processing entry == 29000 == out of 37000.
Processing entry == 30000 == out of 37000.
Processing entry == 31000 == out of 37000.
Processing entry == 32000 == out of 37000.
Processing entry == 33000 == out of 37000.
Processing entry == 34000 == out of 37000.
Processing entry == 35000 == out of 37000.
Processing entry == 36000 == out of 37000.
Processing entry == 37000 == out of 37000.

This is the end of ROOT -- Goodbye

Cleaning up sandbox file:  /tmp/maxwoo/21EF1A6A9139C9FD2A38E59AFB466F9A_1829/check_S.C
Cleaning up sandbox file:  /tmp/maxwoo/21EF1A6A9139C9FD2A38E59AFB466F9A_1829/Check_Sness.C
Cleaning up sandbox file:  /tmp/maxwoo/21EF1A6A9139C9FD2A38E59AFB466F9A_1829/lib
Cleaning up sandbox file:  /tmp/maxwoo/21EF1A6A9139C9FD2A38E59AFB466F9A_1829/.sandboxFiles
Starting copy block
Running copy command:  /bin/cp -fp /tmp/maxwoo/21EF1A6A9139C9FD2A38E59AFB466F9A_1829/out_21EF1A6A9139C9FD2A38E59AFB466F9A_1829.root /star/data01/pwg/xiatong/git/strangeness/data/
40457 Execution of (/star/data01/pwg/xiatong/git/strangeness/script/sched21EF1A6A9139C9FD2A38E59AFB466F9A_1829.csh ) has ended, exiting normally
40457 We END on [Thu Jun  2 11:28:28 EDT 2022]
