We are starting on node: spool0130.sdcc.bnl.gov
HOME is not defined
Using getent method
HOME is now /star/u/maxwoo
145829 We will spawn ourselves (/star/data01/pwg/xiatong/git/strangeness/script/sched21EF1A6A9139C9FD2A38E59AFB466F9A_1672.csh )
145829 We BEGIN on [Thu Jun  2 11:05:18 EDT 2022]
[1] 146524
145829 We are waiting for 146524 
145829 Grandchild PID is 149932 - found in 10 x 1 seconds
145829 Establishing first watcher   on    Thu Jun  2 11:05:29 EDT 2022
145829 Process tree is 145829 (main) -> 146524 (child) -> 149932 (grandchild)
F S   UID    PID   PPID  C PRI  NI ADDR SZ WCHAN  TTY        TIME CMD
0 D 100667 149932 146524  0 80   0 - 32311 cxiWai ?          0:00 cp /star/data01/pwg/xiatong/AMPT/14GeV/data_626140871.root /tmp/maxwoo/21EF1A6A9139C9FD2A38E59AFB466F9A_1672/INPUTFILES/data_626140871.root
145829 Grandchild PID is 155862 - found in 20 x 2 seconds
145829 Grandchild to watch has changed on Thu Jun  2 11:05:50 EDT 2022
145829 Process tree is 145829 (main) -> 146524 (child) -> 155862 (grandchild)
F S   UID    PID   PPID  C PRI  NI ADDR SZ WCHAN  TTY        TIME CMD
0 D 100667 155862 146524  0 80   0 - 32311 cxiWai ?          0:00 cp /star/data01/pwg/xiatong/AMPT/14GeV/data_626165011.root /tmp/maxwoo/21EF1A6A9139C9FD2A38E59AFB466F9A_1672/INPUTFILES/data_626165011.root
145829 Grandchild PID is 158681 - found in 30 x 2 seconds
145829 Grandchild to watch has changed on Thu Jun  2 11:06:11 EDT 2022
145829 Process tree is 145829 (main) -> 146524 (child) -> 158681 (grandchild)
F S   UID    PID   PPID  C PRI  NI ADDR SZ WCHAN  TTY        TIME CMD
0 D 100667 158681 146524  0 80   0 - 32311 cxiWai ?          0:00 cp /star/data01/pwg/xiatong/AMPT/14GeV/data_627111001.root /tmp/maxwoo/21EF1A6A9139C9FD2A38E59AFB466F9A_1672/INPUTFILES/data_627111001.root
145829 Grandchild PID is 161290 - found in 40 x 2 seconds
145829 Grandchild to watch has changed on Thu Jun  2 11:06:32 EDT 2022
145829 Process tree is 145829 (main) -> 146524 (child) -> 161290 (grandchild)
F S   UID    PID   PPID  C PRI  NI ADDR SZ WCHAN  TTY        TIME CMD
0 D 100667 161290 146524  0 80   0 - 32311 cxiWai ?          0:00 cp /star/data01/pwg/xiatong/AMPT/14GeV/data_627112691.root /tmp/maxwoo/21EF1A6A9139C9FD2A38E59AFB466F9A_1672/INPUTFILES/data_627112691.root
145829 Grandchild PID is 164464 - found in 50 x 2 seconds
145829 Grandchild to watch has changed on Thu Jun  2 11:06:53 EDT 2022
145829 Process tree is 145829 (main) -> 146524 (child) -> 164464 (grandchild)
F S   UID    PID   PPID  C PRI  NI ADDR SZ WCHAN  TTY        TIME CMD
0 S 100667 164464 146524  0 80   0 -  1272 do_wai ?          0:00 root -b -q check_S.C++("/tmp/maxwoo/21EF1A6A9139C9FD2A38E59AFB466F9A_1672/INPUTFILES/21EF1A6A9139C9FD2A38E59AFB466F9A_1672.local.list","21EF1A6A9139C9FD2A38E59AFB466F9A_1672",1)
146524 Stepping into the main SUMS wrapper program with []
.... building sandbox
Running: cp /star/data01/pwg/xiatong/AMPT/14GeV/data_626140031.root /tmp/maxwoo/21EF1A6A9139C9FD2A38E59AFB466F9A_1672/INPUTFILES/data_626140031.root
Running: cp /star/data01/pwg/xiatong/AMPT/14GeV/data_626140161.root /tmp/maxwoo/21EF1A6A9139C9FD2A38E59AFB466F9A_1672/INPUTFILES/data_626140161.root
Running: cp /star/data01/pwg/xiatong/AMPT/14GeV/data_626140311.root /tmp/maxwoo/21EF1A6A9139C9FD2A38E59AFB466F9A_1672/INPUTFILES/data_626140311.root
Running: cp /star/data01/pwg/xiatong/AMPT/14GeV/data_626140731.root /tmp/maxwoo/21EF1A6A9139C9FD2A38E59AFB466F9A_1672/INPUTFILES/data_626140731.root
Running: cp /star/data01/pwg/xiatong/AMPT/14GeV/data_626140871.root /tmp/maxwoo/21EF1A6A9139C9FD2A38E59AFB466F9A_1672/INPUTFILES/data_626140871.root
Running: cp /star/data01/pwg/xiatong/AMPT/14GeV/data_626141041.root /tmp/maxwoo/21EF1A6A9139C9FD2A38E59AFB466F9A_1672/INPUTFILES/data_626141041.root
Running: cp /star/data01/pwg/xiatong/AMPT/14GeV/data_626141771.root /tmp/maxwoo/21EF1A6A9139C9FD2A38E59AFB466F9A_1672/INPUTFILES/data_626141771.root
Running: cp /star/data01/pwg/xiatong/AMPT/14GeV/data_626142011.root /tmp/maxwoo/21EF1A6A9139C9FD2A38E59AFB466F9A_1672/INPUTFILES/data_626142011.root
Running: cp /star/data01/pwg/xiatong/AMPT/14GeV/data_626142131.root /tmp/maxwoo/21EF1A6A9139C9FD2A38E59AFB466F9A_1672/INPUTFILES/data_626142131.root
Running: cp /star/data01/pwg/xiatong/AMPT/14GeV/data_626142221.root /tmp/maxwoo/21EF1A6A9139C9FD2A38E59AFB466F9A_1672/INPUTFILES/data_626142221.root
Running: cp /star/data01/pwg/xiatong/AMPT/14GeV/data_626162431.root /tmp/maxwoo/21EF1A6A9139C9FD2A38E59AFB466F9A_1672/INPUTFILES/data_626162431.root
Running: cp /star/data01/pwg/xiatong/AMPT/14GeV/data_626165001.root /tmp/maxwoo/21EF1A6A9139C9FD2A38E59AFB466F9A_1672/INPUTFILES/data_626165001.root
Running: cp /star/data01/pwg/xiatong/AMPT/14GeV/data_626165011.root /tmp/maxwoo/21EF1A6A9139C9FD2A38E59AFB466F9A_1672/INPUTFILES/data_626165011.root
Running: cp /star/data01/pwg/xiatong/AMPT/14GeV/data_626168161.root /tmp/maxwoo/21EF1A6A9139C9FD2A38E59AFB466F9A_1672/INPUTFILES/data_626168161.root
Running: cp /star/data01/pwg/xiatong/AMPT/14GeV/data_626168171.root /tmp/maxwoo/21EF1A6A9139C9FD2A38E59AFB466F9A_1672/INPUTFILES/data_626168171.root
Running: cp /star/data01/pwg/xiatong/AMPT/14GeV/data_626171691.root /tmp/maxwoo/21EF1A6A9139C9FD2A38E59AFB466F9A_1672/INPUTFILES/data_626171691.root
Running: cp /star/data01/pwg/xiatong/AMPT/14GeV/data_626175451.root /tmp/maxwoo/21EF1A6A9139C9FD2A38E59AFB466F9A_1672/INPUTFILES/data_626175451.root
Running: cp /star/data01/pwg/xiatong/AMPT/14GeV/data_626176631.root /tmp/maxwoo/21EF1A6A9139C9FD2A38E59AFB466F9A_1672/INPUTFILES/data_626176631.root
Running: cp /star/data01/pwg/xiatong/AMPT/14GeV/data_626179601.root /tmp/maxwoo/21EF1A6A9139C9FD2A38E59AFB466F9A_1672/INPUTFILES/data_626179601.root
Running: cp /star/data01/pwg/xiatong/AMPT/14GeV/data_626179611.root /tmp/maxwoo/21EF1A6A9139C9FD2A38E59AFB466F9A_1672/INPUTFILES/data_626179611.root
Running: cp /star/data01/pwg/xiatong/AMPT/14GeV/data_626195831.root /tmp/maxwoo/21EF1A6A9139C9FD2A38E59AFB466F9A_1672/INPUTFILES/data_626195831.root
Running: cp /star/data01/pwg/xiatong/AMPT/14GeV/data_626278271.root /tmp/maxwoo/21EF1A6A9139C9FD2A38E59AFB466F9A_1672/INPUTFILES/data_626278271.root
Running: cp /star/data01/pwg/xiatong/AMPT/14GeV/data_626442121.root /tmp/maxwoo/21EF1A6A9139C9FD2A38E59AFB466F9A_1672/INPUTFILES/data_626442121.root
Running: cp /star/data01/pwg/xiatong/AMPT/14GeV/data_626497011.root /tmp/maxwoo/21EF1A6A9139C9FD2A38E59AFB466F9A_1672/INPUTFILES/data_626497011.root
Running: cp /star/data01/pwg/xiatong/AMPT/14GeV/data_626542151.root /tmp/maxwoo/21EF1A6A9139C9FD2A38E59AFB466F9A_1672/INPUTFILES/data_626542151.root
Running: cp /star/data01/pwg/xiatong/AMPT/14GeV/data_626842111.root /tmp/maxwoo/21EF1A6A9139C9FD2A38E59AFB466F9A_1672/INPUTFILES/data_626842111.root
Running: cp /star/data01/pwg/xiatong/AMPT/14GeV/data_627042101.root /tmp/maxwoo/21EF1A6A9139C9FD2A38E59AFB466F9A_1672/INPUTFILES/data_627042101.root
Running: cp /star/data01/pwg/xiatong/AMPT/14GeV/data_627047701.root /tmp/maxwoo/21EF1A6A9139C9FD2A38E59AFB466F9A_1672/INPUTFILES/data_627047701.root
Running: cp /star/data01/pwg/xiatong/AMPT/14GeV/data_627078261.root /tmp/maxwoo/21EF1A6A9139C9FD2A38E59AFB466F9A_1672/INPUTFILES/data_627078261.root
Running: cp /star/data01/pwg/xiatong/AMPT/14GeV/data_627110991.root /tmp/maxwoo/21EF1A6A9139C9FD2A38E59AFB466F9A_1672/INPUTFILES/data_627110991.root
Running: cp /star/data01/pwg/xiatong/AMPT/14GeV/data_627111001.root /tmp/maxwoo/21EF1A6A9139C9FD2A38E59AFB466F9A_1672/INPUTFILES/data_627111001.root
Running: cp /star/data01/pwg/xiatong/AMPT/14GeV/data_627111041.root /tmp/maxwoo/21EF1A6A9139C9FD2A38E59AFB466F9A_1672/INPUTFILES/data_627111041.root
Running: cp /star/data01/pwg/xiatong/AMPT/14GeV/data_627112691.root /tmp/maxwoo/21EF1A6A9139C9FD2A38E59AFB466F9A_1672/INPUTFILES/data_627112691.root
Running: cp /star/data01/pwg/xiatong/AMPT/14GeV/data_627123691.root /tmp/maxwoo/21EF1A6A9139C9FD2A38E59AFB466F9A_1672/INPUTFILES/data_627123691.root
Running: cp /star/data01/pwg/xiatong/AMPT/14GeV/data_627128061.root /tmp/maxwoo/21EF1A6A9139C9FD2A38E59AFB466F9A_1672/INPUTFILES/data_627128061.root
Running: cp /star/data01/pwg/xiatong/AMPT/14GeV/data_627128191.root /tmp/maxwoo/21EF1A6A9139C9FD2A38E59AFB466F9A_1672/INPUTFILES/data_627128191.root
Running: cp /star/data01/pwg/xiatong/AMPT/14GeV/data_627128211.root /tmp/maxwoo/21EF1A6A9139C9FD2A38E59AFB466F9A_1672/INPUTFILES/data_627128211.root
Swapping $FILELIST with: /tmp/maxwoo/21EF1A6A9139C9FD2A38E59AFB466F9A_1672/INPUTFILES/21EF1A6A9139C9FD2A38E59AFB466F9A_1672.local.list
+++++++++++local copy debug++++++++++++++++++++
newFileList: /tmp/maxwoo/21EF1A6A9139C9FD2A38E59AFB466F9A_1672/INPUTFILES/21EF1A6A9139C9FD2A38E59AFB466F9A_1672.local.list
++++++++++++++++cat FILELIST+++++++++++++++++++
/tmp/maxwoo/21EF1A6A9139C9FD2A38E59AFB466F9A_1672/INPUTFILES/data_626140031.root 
/tmp/maxwoo/21EF1A6A9139C9FD2A38E59AFB466F9A_1672/INPUTFILES/data_626140161.root 
/tmp/maxwoo/21EF1A6A9139C9FD2A38E59AFB466F9A_1672/INPUTFILES/data_626140311.root 
/tmp/maxwoo/21EF1A6A9139C9FD2A38E59AFB466F9A_1672/INPUTFILES/data_626140731.root 
/tmp/maxwoo/21EF1A6A9139C9FD2A38E59AFB466F9A_1672/INPUTFILES/data_626140871.root 
/tmp/maxwoo/21EF1A6A9139C9FD2A38E59AFB466F9A_1672/INPUTFILES/data_626141041.root 
/tmp/maxwoo/21EF1A6A9139C9FD2A38E59AFB466F9A_1672/INPUTFILES/data_626141771.root 
/tmp/maxwoo/21EF1A6A9139C9FD2A38E59AFB466F9A_1672/INPUTFILES/data_626142011.root 
/tmp/maxwoo/21EF1A6A9139C9FD2A38E59AFB466F9A_1672/INPUTFILES/data_626142131.root 
/tmp/maxwoo/21EF1A6A9139C9FD2A38E59AFB466F9A_1672/INPUTFILES/data_626142221.root 
/tmp/maxwoo/21EF1A6A9139C9FD2A38E59AFB466F9A_1672/INPUTFILES/data_626162431.root 
/tmp/maxwoo/21EF1A6A9139C9FD2A38E59AFB466F9A_1672/INPUTFILES/data_626165001.root 
/tmp/maxwoo/21EF1A6A9139C9FD2A38E59AFB466F9A_1672/INPUTFILES/data_626165011.root 
/tmp/maxwoo/21EF1A6A9139C9FD2A38E59AFB466F9A_1672/INPUTFILES/data_626168161.root 
/tmp/maxwoo/21EF1A6A9139C9FD2A38E59AFB466F9A_1672/INPUTFILES/data_626168171.root 
/tmp/maxwoo/21EF1A6A9139C9FD2A38E59AFB466F9A_1672/INPUTFILES/data_626171691.root 
/tmp/maxwoo/21EF1A6A9139C9FD2A38E59AFB466F9A_1672/INPUTFILES/data_626175451.root 
/tmp/maxwoo/21EF1A6A9139C9FD2A38E59AFB466F9A_1672/INPUTFILES/data_626176631.root 
/tmp/maxwoo/21EF1A6A9139C9FD2A38E59AFB466F9A_1672/INPUTFILES/data_626179601.root 
/tmp/maxwoo/21EF1A6A9139C9FD2A38E59AFB466F9A_1672/INPUTFILES/data_626179611.root 
/tmp/maxwoo/21EF1A6A9139C9FD2A38E59AFB466F9A_1672/INPUTFILES/data_626195831.root 
/tmp/maxwoo/21EF1A6A9139C9FD2A38E59AFB466F9A_1672/INPUTFILES/data_626278271.root 
/tmp/maxwoo/21EF1A6A9139C9FD2A38E59AFB466F9A_1672/INPUTFILES/data_626442121.root 
/tmp/maxwoo/21EF1A6A9139C9FD2A38E59AFB466F9A_1672/INPUTFILES/data_626497011.root 
/tmp/maxwoo/21EF1A6A9139C9FD2A38E59AFB466F9A_1672/INPUTFILES/data_626542151.root 
/tmp/maxwoo/21EF1A6A9139C9FD2A38E59AFB466F9A_1672/INPUTFILES/data_626842111.root 
/tmp/maxwoo/21EF1A6A9139C9FD2A38E59AFB466F9A_1672/INPUTFILES/data_627042101.root 
/tmp/maxwoo/21EF1A6A9139C9FD2A38E59AFB466F9A_1672/INPUTFILES/data_627047701.root 
/tmp/maxwoo/21EF1A6A9139C9FD2A38E59AFB466F9A_1672/INPUTFILES/data_627078261.root 
/tmp/maxwoo/21EF1A6A9139C9FD2A38E59AFB466F9A_1672/INPUTFILES/data_627110991.root 
/tmp/maxwoo/21EF1A6A9139C9FD2A38E59AFB466F9A_1672/INPUTFILES/data_627111001.root 
/tmp/maxwoo/21EF1A6A9139C9FD2A38E59AFB466F9A_1672/INPUTFILES/data_627111041.root 
/tmp/maxwoo/21EF1A6A9139C9FD2A38E59AFB466F9A_1672/INPUTFILES/data_627112691.root 
/tmp/maxwoo/21EF1A6A9139C9FD2A38E59AFB466F9A_1672/INPUTFILES/data_627123691.root 
/tmp/maxwoo/21EF1A6A9139C9FD2A38E59AFB466F9A_1672/INPUTFILES/data_627128061.root 
/tmp/maxwoo/21EF1A6A9139C9FD2A38E59AFB466F9A_1672/INPUTFILES/data_627128191.root 
/tmp/maxwoo/21EF1A6A9139C9FD2A38E59AFB466F9A_1672/INPUTFILES/data_627128211.root 
++++++++++++++++++++find.++++++++++++++++++++++
.
./Check_Sness.C
./INPUTFILES
./INPUTFILES/data_627047701.root
./INPUTFILES/data_626142221.root
./INPUTFILES/data_626141041.root
./INPUTFILES/data_626140871.root
./INPUTFILES/data_627112691.root
./INPUTFILES/data_627128061.root
./INPUTFILES/data_627042101.root
./INPUTFILES/data_626497011.root
./INPUTFILES/data_626179611.root
./INPUTFILES/data_626442121.root
./INPUTFILES/data_627111041.root
./INPUTFILES/data_626142011.root
./INPUTFILES/data_626141771.root
./INPUTFILES/data_626168161.root
./INPUTFILES/data_626165001.root
./INPUTFILES/data_627078261.root
./INPUTFILES/data_627128191.root
./INPUTFILES/data_626278271.root
./INPUTFILES/data_626162431.root
./INPUTFILES/data_626142131.root
./INPUTFILES/data_626842111.root
./INPUTFILES/data_626140731.root
./INPUTFILES/data_627110991.root
./INPUTFILES/data_626140311.root
./INPUTFILES/data_626140031.root
./INPUTFILES/data_626140161.root
./INPUTFILES/data_626165011.root
./INPUTFILES/data_626175451.root
./INPUTFILES/data_626195831.root
./INPUTFILES/data_627123691.root
./INPUTFILES/data_626171691.root
./INPUTFILES/data_626179601.root
./INPUTFILES/data_627128211.root
./INPUTFILES/21EF1A6A9139C9FD2A38E59AFB466F9A_1672.local.list
./INPUTFILES/data_626168171.root
./INPUTFILES/data_626542151.root
./INPUTFILES/data_627111001.root
./INPUTFILES/data_626176631.root
./.output.log
./.sandboxFiles
./.errror.log
./check_S.C
./lib
./lib/NpartNormalizer_cpp.d
./lib/NpartNormalizer_cpp.so
./lib/my_event_cpp_ACLiC_dict_rdict.pcm
./lib/CenMaker_cpp.so
./lib/MixedBuffer.h
./lib/my_particle.h
./lib/my_event_cpp.d
./lib/my_event_cpp.so
./lib/CenMaker.h
./lib/NpartNormalizer.cpp
./lib/my_particle_cpp.so
./lib/MixedBuffer_cpp.so
./lib/my_particle_cpp_ACLiC_dict_rdict.pcm
./lib/MixedBuffer_cpp_ACLiC_dict_rdict.pcm
./lib/CenMaker_cpp_ACLiC_dict_rdict.pcm
./lib/CenMaker.cpp
./lib/my_particle_cpp.d
./lib/my_particle.cpp
./lib/MixedBuffer.cpp
./lib/MixedBuffer_cpp.d
./lib/my_event.cpp
./lib/CenMaker_cpp.d
./lib/NpartNormalizer_cpp_ACLiC_dict_rdict.pcm
./lib/my_event.h
./lib/NpartNormalizer.h
++++++++++++++++INPUTFILE Var++++++++++++++++++
FILELIST=/tmp/maxwoo/21EF1A6A9139C9FD2A38E59AFB466F9A_1672/INPUTFILES/21EF1A6A9139C9FD2A38E59AFB466F9A_1672.local.list
INPUTFILECOUNT=37
INPUTFILE0=/tmp/maxwoo/21EF1A6A9139C9FD2A38E59AFB466F9A_1672/INPUTFILES/data_626140031.root
INPUTFILE1=/tmp/maxwoo/21EF1A6A9139C9FD2A38E59AFB466F9A_1672/INPUTFILES/data_626140161.root
INPUTFILE2=/tmp/maxwoo/21EF1A6A9139C9FD2A38E59AFB466F9A_1672/INPUTFILES/data_626140311.root
INPUTFILE3=/tmp/maxwoo/21EF1A6A9139C9FD2A38E59AFB466F9A_1672/INPUTFILES/data_626140731.root
INPUTFILE4=/tmp/maxwoo/21EF1A6A9139C9FD2A38E59AFB466F9A_1672/INPUTFILES/data_626140871.root
INPUTFILE5=/tmp/maxwoo/21EF1A6A9139C9FD2A38E59AFB466F9A_1672/INPUTFILES/data_626141041.root
INPUTFILE6=/tmp/maxwoo/21EF1A6A9139C9FD2A38E59AFB466F9A_1672/INPUTFILES/data_626141771.root
INPUTFILE7=/tmp/maxwoo/21EF1A6A9139C9FD2A38E59AFB466F9A_1672/INPUTFILES/data_626142011.root
INPUTFILE8=/tmp/maxwoo/21EF1A6A9139C9FD2A38E59AFB466F9A_1672/INPUTFILES/data_626142131.root
INPUTFILE9=/tmp/maxwoo/21EF1A6A9139C9FD2A38E59AFB466F9A_1672/INPUTFILES/data_626142221.root
INPUTFILE10=/tmp/maxwoo/21EF1A6A9139C9FD2A38E59AFB466F9A_1672/INPUTFILES/data_626162431.root
INPUTFILE11=/tmp/maxwoo/21EF1A6A9139C9FD2A38E59AFB466F9A_1672/INPUTFILES/data_626165001.root
INPUTFILE12=/tmp/maxwoo/21EF1A6A9139C9FD2A38E59AFB466F9A_1672/INPUTFILES/data_626165011.root
INPUTFILE13=/tmp/maxwoo/21EF1A6A9139C9FD2A38E59AFB466F9A_1672/INPUTFILES/data_626168161.root
INPUTFILE14=/tmp/maxwoo/21EF1A6A9139C9FD2A38E59AFB466F9A_1672/INPUTFILES/data_626168171.root
INPUTFILE15=/tmp/maxwoo/21EF1A6A9139C9FD2A38E59AFB466F9A_1672/INPUTFILES/data_626171691.root
INPUTFILE16=/tmp/maxwoo/21EF1A6A9139C9FD2A38E59AFB466F9A_1672/INPUTFILES/data_626175451.root
INPUTFILE17=/tmp/maxwoo/21EF1A6A9139C9FD2A38E59AFB466F9A_1672/INPUTFILES/data_626176631.root
INPUTFILE18=/tmp/maxwoo/21EF1A6A9139C9FD2A38E59AFB466F9A_1672/INPUTFILES/data_626179601.root
INPUTFILE19=/tmp/maxwoo/21EF1A6A9139C9FD2A38E59AFB466F9A_1672/INPUTFILES/data_626179611.root
INPUTFILE20=/tmp/maxwoo/21EF1A6A9139C9FD2A38E59AFB466F9A_1672/INPUTFILES/data_626195831.root
INPUTFILE21=/tmp/maxwoo/21EF1A6A9139C9FD2A38E59AFB466F9A_1672/INPUTFILES/data_626278271.root
INPUTFILE22=/tmp/maxwoo/21EF1A6A9139C9FD2A38E59AFB466F9A_1672/INPUTFILES/data_626442121.root
INPUTFILE23=/tmp/maxwoo/21EF1A6A9139C9FD2A38E59AFB466F9A_1672/INPUTFILES/data_626497011.root
INPUTFILE24=/tmp/maxwoo/21EF1A6A9139C9FD2A38E59AFB466F9A_1672/INPUTFILES/data_626542151.root
INPUTFILE25=/tmp/maxwoo/21EF1A6A9139C9FD2A38E59AFB466F9A_1672/INPUTFILES/data_626842111.root
INPUTFILE26=/tmp/maxwoo/21EF1A6A9139C9FD2A38E59AFB466F9A_1672/INPUTFILES/data_627042101.root
INPUTFILE27=/tmp/maxwoo/21EF1A6A9139C9FD2A38E59AFB466F9A_1672/INPUTFILES/data_627047701.root
INPUTFILE28=/tmp/maxwoo/21EF1A6A9139C9FD2A38E59AFB466F9A_1672/INPUTFILES/data_627078261.root
INPUTFILE29=/tmp/maxwoo/21EF1A6A9139C9FD2A38E59AFB466F9A_1672/INPUTFILES/data_627110991.root
INPUTFILE30=/tmp/maxwoo/21EF1A6A9139C9FD2A38E59AFB466F9A_1672/INPUTFILES/data_627111001.root
INPUTFILE31=/tmp/maxwoo/21EF1A6A9139C9FD2A38E59AFB466F9A_1672/INPUTFILES/data_627111041.root
INPUTFILE32=/tmp/maxwoo/21EF1A6A9139C9FD2A38E59AFB466F9A_1672/INPUTFILES/data_627112691.root
INPUTFILE33=/tmp/maxwoo/21EF1A6A9139C9FD2A38E59AFB466F9A_1672/INPUTFILES/data_627123691.root
INPUTFILE34=/tmp/maxwoo/21EF1A6A9139C9FD2A38E59AFB466F9A_1672/INPUTFILES/data_627128061.root
INPUTFILE35=/tmp/maxwoo/21EF1A6A9139C9FD2A38E59AFB466F9A_1672/INPUTFILES/data_627128191.root
INPUTFILE36=/tmp/maxwoo/21EF1A6A9139C9FD2A38E59AFB466F9A_1672/INPUTFILES/data_627128211.root
LocalInputFileDir=/tmp/maxwoo/21EF1A6A9139C9FD2A38E59AFB466F9A_1672/INPUTFILES
NewFILELIST=/tmp/maxwoo/21EF1A6A9139C9FD2A38E59AFB466F9A_1672/INPUTFILES/21EF1A6A9139C9FD2A38E59AFB466F9A_1672.local.list
+++++++++++++++++++++++++++++++++++++++++++++++
--------------------------------
Simple Unified Meta Scheduler 1.10.50 we are starting in $SCRATCH : /home/tmp/maxwoo/21EF1A6A9139C9FD2A38E59AFB466F9A_1672
--------------------------------
total 16
lrwxrwxrwx 1 maxwoo rhstar   61 Jun  2 11:05 check_S.C -> /gpfs/mnt/gpfs01/star/pwg/xiatong/git/strangeness/./check_S.C
lrwxrwxrwx 1 maxwoo rhstar   65 Jun  2 11:05 Check_Sness.C -> /gpfs/mnt/gpfs01/star/pwg/xiatong/git/strangeness/./Check_Sness.C
drwxr-xr-x 2 maxwoo rhstar 4096 Jun  2 11:06 INPUTFILES
drwxr-xr-x 2 maxwoo rhstar 4096 Jun  2 11:05 lib
  *******************************************
  *                                         *
  *        W E L C O M E  to  R O O T       *
  *                                         *
  *   Version   5.34/38     12 March 2018   *
  *                                         *
  *  You are welcome to visit our Web site  *
  *          http://root.cern.ch            *
  *                                         *
  *******************************************

ROOT 5.34/38 (v5-34-38@v5-34-38, Mar 12 2018, 15:49:39 on linux)

CINT/ROOT C/C++ Interpreter version 5.18.00, July 2, 2010
Type ? for help. Commands must be C++ statements.
Enclose multiple statements between { }.
*** Float Point Exception is OFF ***
 *** Start at Date : Thu Jun  2 11:06:42 2022
QAInfo:You are using STAR_LEVEL : dev, ROOT_LEVEL : 5.34.38 and node : spool0130.sdcc.bnl.gov 

Processing check_S.C++("/tmp/maxwoo/21EF1A6A9139C9FD2A38E59AFB466F9A_1672/INPUTFILES/21EF1A6A9139C9FD2A38E59AFB466F9A_1672.local.list","21EF1A6A9139C9FD2A38E59AFB466F9A_1672",1)...
/tmp/maxwoo/21EF1A6A9139C9FD2A38E59AFB466F9A_1672/INPUTFILES/data_626140031.root 
/tmp/maxwoo/21EF1A6A9139C9FD2A38E59AFB466F9A_1672/INPUTFILES/data_626140161.root 
/tmp/maxwoo/21EF1A6A9139C9FD2A38E59AFB466F9A_1672/INPUTFILES/data_626140311.root 
/tmp/maxwoo/21EF1A6A9139C9FD2A38E59AFB466F9A_1672/INPUTFILES/data_626140731.root 
/tmp/maxwoo/21EF1A6A9139C9FD2A38E59AFB466F9A_1672/INPUTFILES/data_626140871.root 
/tmp/maxwoo/21EF1A6A9139C9FD2A38E59AFB466F9A_1672/INPUTFILES/data_626141041.root 
/tmp/maxwoo/21EF1A6A9139C9FD2A38E59AFB466F9A_1672/INPUTFILES/data_626141771.root 
/tmp/maxwoo/21EF1A6A9139C9FD2A38E59AFB466F9A_1672/INPUTFILES/data_626142011.root 
/tmp/maxwoo/21EF1A6A9139C9FD2A38E59AFB466F9A_1672/INPUTFILES/data_626142131.root 
/tmp/maxwoo/21EF1A6A9139C9FD2A38E59AFB466F9A_1672/INPUTFILES/data_626142221.root 
/tmp/maxwoo/21EF1A6A9139C9FD2A38E59AFB466F9A_1672/INPUTFILES/data_626162431.root 
/tmp/maxwoo/21EF1A6A9139C9FD2A38E59AFB466F9A_1672/INPUTFILES/data_626165001.root 
/tmp/maxwoo/21EF1A6A9139C9FD2A38E59AFB466F9A_1672/INPUTFILES/data_626165011.root 
/tmp/maxwoo/21EF1A6A9139C9FD2A38E59AFB466F9A_1672/INPUTFILES/data_626168161.root 
/tmp/maxwoo/21EF1A6A9139C9FD2A38E59AFB466F9A_1672/INPUTFILES/data_626168171.root 
/tmp/maxwoo/21EF1A6A9139C9FD2A38E59AFB466F9A_1672/INPUTFILES/data_626171691.root 
/tmp/maxwoo/21EF1A6A9139C9FD2A38E59AFB466F9A_1672/INPUTFILES/data_626175451.root 
/tmp/maxwoo/21EF1A6A9139C9FD2A38E59AFB466F9A_1672/INPUTFILES/data_626176631.root 
/tmp/maxwoo/21EF1A6A9139C9FD2A38E59AFB466F9A_1672/INPUTFILES/data_626179601.root 
/tmp/maxwoo/21EF1A6A9139C9FD2A38E59AFB466F9A_1672/INPUTFILES/data_626179611.root 
/tmp/maxwoo/21EF1A6A9139C9FD2A38E59AFB466F9A_1672/INPUTFILES/data_626195831.root 
/tmp/maxwoo/21EF1A6A9139C9FD2A38E59AFB466F9A_1672/INPUTFILES/data_626278271.root 
/tmp/maxwoo/21EF1A6A9139C9FD2A38E59AFB466F9A_1672/INPUTFILES/data_626442121.root 
/tmp/maxwoo/21EF1A6A9139C9FD2A38E59AFB466F9A_1672/INPUTFILES/data_626497011.root 
/tmp/maxwoo/21EF1A6A9139C9FD2A38E59AFB466F9A_1672/INPUTFILES/data_626542151.root 
/tmp/maxwoo/21EF1A6A9139C9FD2A38E59AFB466F9A_1672/INPUTFILES/data_626842111.root 
/tmp/maxwoo/21EF1A6A9139C9FD2A38E59AFB466F9A_1672/INPUTFILES/data_627042101.root 
/tmp/maxwoo/21EF1A6A9139C9FD2A38E59AFB466F9A_1672/INPUTFILES/data_627047701.root 
/tmp/maxwoo/21EF1A6A9139C9FD2A38E59AFB466F9A_1672/INPUTFILES/data_627078261.root 
/tmp/maxwoo/21EF1A6A9139C9FD2A38E59AFB466F9A_1672/INPUTFILES/data_627110991.root 
/tmp/maxwoo/21EF1A6A9139C9FD2A38E59AFB466F9A_1672/INPUTFILES/data_627111001.root 
/tmp/maxwoo/21EF1A6A9139C9FD2A38E59AFB466F9A_1672/INPUTFILES/data_627111041.root 
/tmp/maxwoo/21EF1A6A9139C9FD2A38E59AFB466F9A_1672/INPUTFILES/data_627112691.root 
/tmp/maxwoo/21EF1A6A9139C9FD2A38E59AFB466F9A_1672/INPUTFILES/data_627123691.root 
/tmp/maxwoo/21EF1A6A9139C9FD2A38E59AFB466F9A_1672/INPUTFILES/data_627128061.root 
/tmp/maxwoo/21EF1A6A9139C9FD2A38E59AFB466F9A_1672/INPUTFILES/data_627128191.root 
/tmp/maxwoo/21EF1A6A9139C9FD2A38E59AFB466F9A_1672/INPUTFILES/data_627128211.root 
Added 37 files
# entries in chain: 36276
Processing entry == 1000 == out of 36276.
Processing entry == 2000 == out of 36276.
Processing entry == 3000 == out of 36276.
Processing entry == 4000 == out of 36276.
Processing entry == 5000 == out of 36276.
Processing entry == 6000 == out of 36276.
Processing entry == 7000 == out of 36276.
Processing entry == 8000 == out of 36276.
Processing entry == 9000 == out of 36276.
Processing entry == 10000 == out of 36276.
Processing entry == 11000 == out of 36276.
Processing entry == 12000 == out of 36276.
Processing entry == 13000 == out of 36276.
Processing entry == 14000 == out of 36276.
Processing entry == 15000 == out of 36276.
Processing entry == 16000 == out of 36276.
Processing entry == 17000 == out of 36276.
Processing entry == 18000 == out of 36276.
Processing entry == 19000 == out of 36276.
Processing entry == 20000 == out of 36276.
Processing entry == 21000 == out of 36276.
Processing entry == 22000 == out of 36276.
Processing entry == 23000 == out of 36276.
Processing entry == 24000 == out of 36276.
Processing entry == 25000 == out of 36276.
Processing entry == 26000 == out of 36276.
Processing entry == 27000 == out of 36276.
Processing entry == 28000 == out of 36276.
Processing entry == 29000 == out of 36276.
Processing entry == 30000 == out of 36276.
Processing entry == 31000 == out of 36276.
Processing entry == 32000 == out of 36276.
Processing entry == 33000 == out of 36276.
Processing entry == 34000 == out of 36276.
Processing entry == 35000 == out of 36276.
Processing entry == 36000 == out of 36276.

This is the end of ROOT -- Goodbye

Cleaning up sandbox file:  /tmp/maxwoo/21EF1A6A9139C9FD2A38E59AFB466F9A_1672/check_S.C
Cleaning up sandbox file:  /tmp/maxwoo/21EF1A6A9139C9FD2A38E59AFB466F9A_1672/Check_Sness.C
Cleaning up sandbox file:  /tmp/maxwoo/21EF1A6A9139C9FD2A38E59AFB466F9A_1672/lib
Cleaning up sandbox file:  /tmp/maxwoo/21EF1A6A9139C9FD2A38E59AFB466F9A_1672/.sandboxFiles
Starting copy block
Running copy command:  /bin/cp -fp /tmp/maxwoo/21EF1A6A9139C9FD2A38E59AFB466F9A_1672/out_21EF1A6A9139C9FD2A38E59AFB466F9A_1672.root /star/data01/pwg/xiatong/git/strangeness/data/
145829 Execution of (/star/data01/pwg/xiatong/git/strangeness/script/sched21EF1A6A9139C9FD2A38E59AFB466F9A_1672.csh ) has ended, exiting normally
145829 We END on [Thu Jun  2 11:28:35 EDT 2022]
