We are starting on node: rcrs6052.rcf.bnl.gov
HOME is not defined
Using getent method
HOME is now /star/u/maxwoo
21015 We will spawn ourselves (/star/data01/pwg/xiatong/git/strangeness/script/sched21EF1A6A9139C9FD2A38E59AFB466F9A_2239.csh )
21015 We BEGIN on [Thu Jun  2 10:59:56 EDT 2022]
[1] 21220
21015 We are waiting for 21220 
21015 Grandchild PID is 21398 - found in 10 x 1 seconds
21015 Establishing first watcher   on    Thu Jun  2 11:00:06 EDT 2022
21015 Process tree is 21015 (main) -> 21220 (child) -> 21398 (grandchild)
F S   UID   PID  PPID  C PRI  NI ADDR SZ WCHAN  TTY        TIME CMD
0 D 100667 21398 21220  0 80   0 - 32311 cxiWai ?          0:00 cp /star/data01/pwg/xiatong/AMPT/14GeV/data_1168098511.root /tmp/maxwoo/21EF1A6A9139C9FD2A38E59AFB466F9A_2239/INPUTFILES/data_1168098511.root
21015 Grandchild PID is 22934 - found in 20 x 2 seconds
21015 Grandchild to watch has changed on Thu Jun  2 11:00:27 EDT 2022
21015 Process tree is 21015 (main) -> 21220 (child) -> 22934 (grandchild)
F S   UID   PID  PPID  C PRI  NI ADDR SZ WCHAN  TTY        TIME CMD
0 D 100667 22934 21220  0 80   0 - 32311 cxiWai ?          0:00 cp /star/data01/pwg/xiatong/AMPT/14GeV/data_1168398441.root /tmp/maxwoo/21EF1A6A9139C9FD2A38E59AFB466F9A_2239/INPUTFILES/data_1168398441.root
21015 Grandchild PID is 28536 - found in 60 x 2 seconds
21015 Grandchild to watch has changed on Thu Jun  2 11:01:50 EDT 2022
21015 Process tree is 21015 (main) -> 21220 (child) -> 28536 (grandchild)
F S   UID   PID  PPID  C PRI  NI ADDR SZ WCHAN  TTY        TIME CMD
0 S 100667 28536 21220  0 80   0 -  1272 do_wai ?          0:00 root -b -q check_S.C++("/tmp/maxwoo/21EF1A6A9139C9FD2A38E59AFB466F9A_2239/INPUTFILES/21EF1A6A9139C9FD2A38E59AFB466F9A_2239.local.list","21EF1A6A9139C9FD2A38E59AFB466F9A_2239",1)
21220 Stepping into the main SUMS wrapper program with []
.... building sandbox
Running: cp /star/data01/pwg/xiatong/AMPT/14GeV/data_1168098511.root /tmp/maxwoo/21EF1A6A9139C9FD2A38E59AFB466F9A_2239/INPUTFILES/data_1168098511.root
Running: cp /star/data01/pwg/xiatong/AMPT/14GeV/data_1168098521.root /tmp/maxwoo/21EF1A6A9139C9FD2A38E59AFB466F9A_2239/INPUTFILES/data_1168098521.root
Running: cp /star/data01/pwg/xiatong/AMPT/14GeV/data_1168124161.root /tmp/maxwoo/21EF1A6A9139C9FD2A38E59AFB466F9A_2239/INPUTFILES/data_1168124161.root
Running: cp /star/data01/pwg/xiatong/AMPT/14GeV/data_1168298491.root /tmp/maxwoo/21EF1A6A9139C9FD2A38E59AFB466F9A_2239/INPUTFILES/data_1168298491.root
Running: cp /star/data01/pwg/xiatong/AMPT/14GeV/data_1168298501.root /tmp/maxwoo/21EF1A6A9139C9FD2A38E59AFB466F9A_2239/INPUTFILES/data_1168298501.root
Running: cp /star/data01/pwg/xiatong/AMPT/14GeV/data_1168398441.root /tmp/maxwoo/21EF1A6A9139C9FD2A38E59AFB466F9A_2239/INPUTFILES/data_1168398441.root
Running: cp /star/data01/pwg/xiatong/AMPT/14GeV/data_1168398461.root /tmp/maxwoo/21EF1A6A9139C9FD2A38E59AFB466F9A_2239/INPUTFILES/data_1168398461.root
Running: cp /star/data01/pwg/xiatong/AMPT/14GeV/data_1168398471.root /tmp/maxwoo/21EF1A6A9139C9FD2A38E59AFB466F9A_2239/INPUTFILES/data_1168398471.root
Running: cp /star/data01/pwg/xiatong/AMPT/14GeV/data_1168498411.root /tmp/maxwoo/21EF1A6A9139C9FD2A38E59AFB466F9A_2239/INPUTFILES/data_1168498411.root
Running: cp /star/data01/pwg/xiatong/AMPT/14GeV/data_1168498421.root /tmp/maxwoo/21EF1A6A9139C9FD2A38E59AFB466F9A_2239/INPUTFILES/data_1168498421.root
Running: cp /star/data01/pwg/xiatong/AMPT/14GeV/data_1168498431.root /tmp/maxwoo/21EF1A6A9139C9FD2A38E59AFB466F9A_2239/INPUTFILES/data_1168498431.root
Running: cp /star/data01/pwg/xiatong/AMPT/14GeV/data_1168498451.root /tmp/maxwoo/21EF1A6A9139C9FD2A38E59AFB466F9A_2239/INPUTFILES/data_1168498451.root
Running: cp /star/data01/pwg/xiatong/AMPT/14GeV/data_1168498481.root /tmp/maxwoo/21EF1A6A9139C9FD2A38E59AFB466F9A_2239/INPUTFILES/data_1168498481.root
Running: cp /star/data01/pwg/xiatong/AMPT/14GeV/data_1168598381.root /tmp/maxwoo/21EF1A6A9139C9FD2A38E59AFB466F9A_2239/INPUTFILES/data_1168598381.root
Running: cp /star/data01/pwg/xiatong/AMPT/14GeV/data_1168598401.root /tmp/maxwoo/21EF1A6A9139C9FD2A38E59AFB466F9A_2239/INPUTFILES/data_1168598401.root
Running: cp /star/data01/pwg/xiatong/AMPT/14GeV/data_1168698351.root /tmp/maxwoo/21EF1A6A9139C9FD2A38E59AFB466F9A_2239/INPUTFILES/data_1168698351.root
Running: cp /star/data01/pwg/xiatong/AMPT/14GeV/data_1168698361.root /tmp/maxwoo/21EF1A6A9139C9FD2A38E59AFB466F9A_2239/INPUTFILES/data_1168698361.root
Running: cp /star/data01/pwg/xiatong/AMPT/14GeV/data_1168698371.root /tmp/maxwoo/21EF1A6A9139C9FD2A38E59AFB466F9A_2239/INPUTFILES/data_1168698371.root
Running: cp /star/data01/pwg/xiatong/AMPT/14GeV/data_1168698391.root /tmp/maxwoo/21EF1A6A9139C9FD2A38E59AFB466F9A_2239/INPUTFILES/data_1168698391.root
Running: cp /star/data01/pwg/xiatong/AMPT/14GeV/data_1168798341.root /tmp/maxwoo/21EF1A6A9139C9FD2A38E59AFB466F9A_2239/INPUTFILES/data_1168798341.root
Running: cp /star/data01/pwg/xiatong/AMPT/14GeV/data_1168898331.root /tmp/maxwoo/21EF1A6A9139C9FD2A38E59AFB466F9A_2239/INPUTFILES/data_1168898331.root
Running: cp /star/data01/pwg/xiatong/AMPT/14GeV/data_1168998271.root /tmp/maxwoo/21EF1A6A9139C9FD2A38E59AFB466F9A_2239/INPUTFILES/data_1168998271.root
Running: cp /star/data01/pwg/xiatong/AMPT/14GeV/data_1168998281.root /tmp/maxwoo/21EF1A6A9139C9FD2A38E59AFB466F9A_2239/INPUTFILES/data_1168998281.root
Running: cp /star/data01/pwg/xiatong/AMPT/14GeV/data_1168998301.root /tmp/maxwoo/21EF1A6A9139C9FD2A38E59AFB466F9A_2239/INPUTFILES/data_1168998301.root
Running: cp /star/data01/pwg/xiatong/AMPT/14GeV/data_1168998321.root /tmp/maxwoo/21EF1A6A9139C9FD2A38E59AFB466F9A_2239/INPUTFILES/data_1168998321.root
Running: cp /star/data01/pwg/xiatong/AMPT/14GeV/data_1169098241.root /tmp/maxwoo/21EF1A6A9139C9FD2A38E59AFB466F9A_2239/INPUTFILES/data_1169098241.root
Running: cp /star/data01/pwg/xiatong/AMPT/14GeV/data_1169098261.root /tmp/maxwoo/21EF1A6A9139C9FD2A38E59AFB466F9A_2239/INPUTFILES/data_1169098261.root
Running: cp /star/data01/pwg/xiatong/AMPT/14GeV/data_1169098291.root /tmp/maxwoo/21EF1A6A9139C9FD2A38E59AFB466F9A_2239/INPUTFILES/data_1169098291.root
Running: cp /star/data01/pwg/xiatong/AMPT/14GeV/data_1169098311.root /tmp/maxwoo/21EF1A6A9139C9FD2A38E59AFB466F9A_2239/INPUTFILES/data_1169098311.root
Running: cp /star/data01/pwg/xiatong/AMPT/14GeV/data_1169124141.root /tmp/maxwoo/21EF1A6A9139C9FD2A38E59AFB466F9A_2239/INPUTFILES/data_1169124141.root
Running: cp /star/data01/pwg/xiatong/AMPT/14GeV/data_1169124151.root /tmp/maxwoo/21EF1A6A9139C9FD2A38E59AFB466F9A_2239/INPUTFILES/data_1169124151.root
Running: cp /star/data01/pwg/xiatong/AMPT/14GeV/data_1169198211.root /tmp/maxwoo/21EF1A6A9139C9FD2A38E59AFB466F9A_2239/INPUTFILES/data_1169198211.root
Running: cp /star/data01/pwg/xiatong/AMPT/14GeV/data_1169198221.root /tmp/maxwoo/21EF1A6A9139C9FD2A38E59AFB466F9A_2239/INPUTFILES/data_1169198221.root
Running: cp /star/data01/pwg/xiatong/AMPT/14GeV/data_1169198231.root /tmp/maxwoo/21EF1A6A9139C9FD2A38E59AFB466F9A_2239/INPUTFILES/data_1169198231.root
Running: cp /star/data01/pwg/xiatong/AMPT/14GeV/data_1169198251.root /tmp/maxwoo/21EF1A6A9139C9FD2A38E59AFB466F9A_2239/INPUTFILES/data_1169198251.root
Running: cp /star/data01/pwg/xiatong/AMPT/14GeV/data_1169298151.root /tmp/maxwoo/21EF1A6A9139C9FD2A38E59AFB466F9A_2239/INPUTFILES/data_1169298151.root
Running: cp /star/data01/pwg/xiatong/AMPT/14GeV/data_1169298161.root /tmp/maxwoo/21EF1A6A9139C9FD2A38E59AFB466F9A_2239/INPUTFILES/data_1169298161.root
Swapping $FILELIST with: /tmp/maxwoo/21EF1A6A9139C9FD2A38E59AFB466F9A_2239/INPUTFILES/21EF1A6A9139C9FD2A38E59AFB466F9A_2239.local.list
+++++++++++local copy debug++++++++++++++++++++
newFileList: /tmp/maxwoo/21EF1A6A9139C9FD2A38E59AFB466F9A_2239/INPUTFILES/21EF1A6A9139C9FD2A38E59AFB466F9A_2239.local.list
++++++++++++++++cat FILELIST+++++++++++++++++++
/tmp/maxwoo/21EF1A6A9139C9FD2A38E59AFB466F9A_2239/INPUTFILES/data_1168098511.root 
/tmp/maxwoo/21EF1A6A9139C9FD2A38E59AFB466F9A_2239/INPUTFILES/data_1168098521.root 
/tmp/maxwoo/21EF1A6A9139C9FD2A38E59AFB466F9A_2239/INPUTFILES/data_1168124161.root 
/tmp/maxwoo/21EF1A6A9139C9FD2A38E59AFB466F9A_2239/INPUTFILES/data_1168298491.root 
/tmp/maxwoo/21EF1A6A9139C9FD2A38E59AFB466F9A_2239/INPUTFILES/data_1168298501.root 
/tmp/maxwoo/21EF1A6A9139C9FD2A38E59AFB466F9A_2239/INPUTFILES/data_1168398441.root 
/tmp/maxwoo/21EF1A6A9139C9FD2A38E59AFB466F9A_2239/INPUTFILES/data_1168398461.root 
/tmp/maxwoo/21EF1A6A9139C9FD2A38E59AFB466F9A_2239/INPUTFILES/data_1168398471.root 
/tmp/maxwoo/21EF1A6A9139C9FD2A38E59AFB466F9A_2239/INPUTFILES/data_1168498411.root 
/tmp/maxwoo/21EF1A6A9139C9FD2A38E59AFB466F9A_2239/INPUTFILES/data_1168498421.root 
/tmp/maxwoo/21EF1A6A9139C9FD2A38E59AFB466F9A_2239/INPUTFILES/data_1168498431.root 
/tmp/maxwoo/21EF1A6A9139C9FD2A38E59AFB466F9A_2239/INPUTFILES/data_1168498451.root 
/tmp/maxwoo/21EF1A6A9139C9FD2A38E59AFB466F9A_2239/INPUTFILES/data_1168498481.root 
/tmp/maxwoo/21EF1A6A9139C9FD2A38E59AFB466F9A_2239/INPUTFILES/data_1168598381.root 
/tmp/maxwoo/21EF1A6A9139C9FD2A38E59AFB466F9A_2239/INPUTFILES/data_1168598401.root 
/tmp/maxwoo/21EF1A6A9139C9FD2A38E59AFB466F9A_2239/INPUTFILES/data_1168698351.root 
/tmp/maxwoo/21EF1A6A9139C9FD2A38E59AFB466F9A_2239/INPUTFILES/data_1168698361.root 
/tmp/maxwoo/21EF1A6A9139C9FD2A38E59AFB466F9A_2239/INPUTFILES/data_1168698371.root 
/tmp/maxwoo/21EF1A6A9139C9FD2A38E59AFB466F9A_2239/INPUTFILES/data_1168698391.root 
/tmp/maxwoo/21EF1A6A9139C9FD2A38E59AFB466F9A_2239/INPUTFILES/data_1168798341.root 
/tmp/maxwoo/21EF1A6A9139C9FD2A38E59AFB466F9A_2239/INPUTFILES/data_1168898331.root 
/tmp/maxwoo/21EF1A6A9139C9FD2A38E59AFB466F9A_2239/INPUTFILES/data_1168998271.root 
/tmp/maxwoo/21EF1A6A9139C9FD2A38E59AFB466F9A_2239/INPUTFILES/data_1168998281.root 
/tmp/maxwoo/21EF1A6A9139C9FD2A38E59AFB466F9A_2239/INPUTFILES/data_1168998301.root 
/tmp/maxwoo/21EF1A6A9139C9FD2A38E59AFB466F9A_2239/INPUTFILES/data_1168998321.root 
/tmp/maxwoo/21EF1A6A9139C9FD2A38E59AFB466F9A_2239/INPUTFILES/data_1169098241.root 
/tmp/maxwoo/21EF1A6A9139C9FD2A38E59AFB466F9A_2239/INPUTFILES/data_1169098261.root 
/tmp/maxwoo/21EF1A6A9139C9FD2A38E59AFB466F9A_2239/INPUTFILES/data_1169098291.root 
/tmp/maxwoo/21EF1A6A9139C9FD2A38E59AFB466F9A_2239/INPUTFILES/data_1169098311.root 
/tmp/maxwoo/21EF1A6A9139C9FD2A38E59AFB466F9A_2239/INPUTFILES/data_1169124141.root 
/tmp/maxwoo/21EF1A6A9139C9FD2A38E59AFB466F9A_2239/INPUTFILES/data_1169124151.root 
/tmp/maxwoo/21EF1A6A9139C9FD2A38E59AFB466F9A_2239/INPUTFILES/data_1169198211.root 
/tmp/maxwoo/21EF1A6A9139C9FD2A38E59AFB466F9A_2239/INPUTFILES/data_1169198221.root 
/tmp/maxwoo/21EF1A6A9139C9FD2A38E59AFB466F9A_2239/INPUTFILES/data_1169198231.root 
/tmp/maxwoo/21EF1A6A9139C9FD2A38E59AFB466F9A_2239/INPUTFILES/data_1169198251.root 
/tmp/maxwoo/21EF1A6A9139C9FD2A38E59AFB466F9A_2239/INPUTFILES/data_1169298151.root 
/tmp/maxwoo/21EF1A6A9139C9FD2A38E59AFB466F9A_2239/INPUTFILES/data_1169298161.root 
++++++++++++++++++++find.++++++++++++++++++++++
.
./.errror.log
./.sandboxFiles
./Check_Sness.C
./.output.log
./lib
./lib/my_event_cpp.so
./lib/CenMaker_cpp.d
./lib/MixedBuffer_cpp_ACLiC_dict_rdict.pcm
./lib/NpartNormalizer.h
./lib/NpartNormalizer_cpp_ACLiC_dict_rdict.pcm
./lib/MixedBuffer_cpp.d
./lib/my_event_cpp.d
./lib/MixedBuffer_cpp.so
./lib/CenMaker_cpp_ACLiC_dict_rdict.pcm
./lib/CenMaker_cpp.so
./lib/my_particle.cpp
./lib/CenMaker.h
./lib/my_event.cpp
./lib/my_particle.h
./lib/CenMaker.cpp
./lib/NpartNormalizer.cpp
./lib/MixedBuffer.cpp
./lib/my_particle_cpp.d
./lib/my_particle_cpp_ACLiC_dict_rdict.pcm
./lib/MixedBuffer.h
./lib/NpartNormalizer_cpp.d
./lib/my_event_cpp_ACLiC_dict_rdict.pcm
./lib/NpartNormalizer_cpp.so
./lib/my_particle_cpp.so
./lib/my_event.h
./INPUTFILES
./INPUTFILES/21EF1A6A9139C9FD2A38E59AFB466F9A_2239.local.list
./INPUTFILES/data_1168498481.root
./INPUTFILES/data_1169098311.root
./INPUTFILES/data_1169124151.root
./INPUTFILES/data_1168498431.root
./INPUTFILES/data_1169198231.root
./INPUTFILES/data_1169098261.root
./INPUTFILES/data_1168698371.root
./INPUTFILES/data_1168124161.root
./INPUTFILES/data_1169298151.root
./INPUTFILES/data_1169198251.root
./INPUTFILES/data_1168598401.root
./INPUTFILES/data_1168498411.root
./INPUTFILES/data_1168398461.root
./INPUTFILES/data_1169198221.root
./INPUTFILES/data_1169098291.root
./INPUTFILES/data_1168998301.root
./INPUTFILES/data_1168398471.root
./INPUTFILES/data_1169124141.root
./INPUTFILES/data_1169298161.root
./INPUTFILES/data_1168498421.root
./INPUTFILES/data_1169198211.root
./INPUTFILES/data_1168698361.root
./INPUTFILES/data_1168998321.root
./INPUTFILES/data_1168898331.root
./INPUTFILES/data_1168098521.root
./INPUTFILES/data_1168498451.root
./INPUTFILES/data_1168598381.root
./INPUTFILES/data_1168098511.root
./INPUTFILES/data_1168998281.root
./INPUTFILES/data_1168798341.root
./INPUTFILES/data_1168998271.root
./INPUTFILES/data_1168698351.root
./INPUTFILES/data_1168698391.root
./INPUTFILES/data_1168298491.root
./INPUTFILES/data_1169098241.root
./INPUTFILES/data_1168398441.root
./INPUTFILES/data_1168298501.root
./check_S.C
++++++++++++++++INPUTFILE Var++++++++++++++++++
FILELIST=/tmp/maxwoo/21EF1A6A9139C9FD2A38E59AFB466F9A_2239/INPUTFILES/21EF1A6A9139C9FD2A38E59AFB466F9A_2239.local.list
INPUTFILECOUNT=37
INPUTFILE0=/tmp/maxwoo/21EF1A6A9139C9FD2A38E59AFB466F9A_2239/INPUTFILES/data_1168098511.root
INPUTFILE1=/tmp/maxwoo/21EF1A6A9139C9FD2A38E59AFB466F9A_2239/INPUTFILES/data_1168098521.root
INPUTFILE2=/tmp/maxwoo/21EF1A6A9139C9FD2A38E59AFB466F9A_2239/INPUTFILES/data_1168124161.root
INPUTFILE3=/tmp/maxwoo/21EF1A6A9139C9FD2A38E59AFB466F9A_2239/INPUTFILES/data_1168298491.root
INPUTFILE4=/tmp/maxwoo/21EF1A6A9139C9FD2A38E59AFB466F9A_2239/INPUTFILES/data_1168298501.root
INPUTFILE5=/tmp/maxwoo/21EF1A6A9139C9FD2A38E59AFB466F9A_2239/INPUTFILES/data_1168398441.root
INPUTFILE6=/tmp/maxwoo/21EF1A6A9139C9FD2A38E59AFB466F9A_2239/INPUTFILES/data_1168398461.root
INPUTFILE7=/tmp/maxwoo/21EF1A6A9139C9FD2A38E59AFB466F9A_2239/INPUTFILES/data_1168398471.root
INPUTFILE8=/tmp/maxwoo/21EF1A6A9139C9FD2A38E59AFB466F9A_2239/INPUTFILES/data_1168498411.root
INPUTFILE9=/tmp/maxwoo/21EF1A6A9139C9FD2A38E59AFB466F9A_2239/INPUTFILES/data_1168498421.root
INPUTFILE10=/tmp/maxwoo/21EF1A6A9139C9FD2A38E59AFB466F9A_2239/INPUTFILES/data_1168498431.root
INPUTFILE11=/tmp/maxwoo/21EF1A6A9139C9FD2A38E59AFB466F9A_2239/INPUTFILES/data_1168498451.root
INPUTFILE12=/tmp/maxwoo/21EF1A6A9139C9FD2A38E59AFB466F9A_2239/INPUTFILES/data_1168498481.root
INPUTFILE13=/tmp/maxwoo/21EF1A6A9139C9FD2A38E59AFB466F9A_2239/INPUTFILES/data_1168598381.root
INPUTFILE14=/tmp/maxwoo/21EF1A6A9139C9FD2A38E59AFB466F9A_2239/INPUTFILES/data_1168598401.root
INPUTFILE15=/tmp/maxwoo/21EF1A6A9139C9FD2A38E59AFB466F9A_2239/INPUTFILES/data_1168698351.root
INPUTFILE16=/tmp/maxwoo/21EF1A6A9139C9FD2A38E59AFB466F9A_2239/INPUTFILES/data_1168698361.root
INPUTFILE17=/tmp/maxwoo/21EF1A6A9139C9FD2A38E59AFB466F9A_2239/INPUTFILES/data_1168698371.root
INPUTFILE18=/tmp/maxwoo/21EF1A6A9139C9FD2A38E59AFB466F9A_2239/INPUTFILES/data_1168698391.root
INPUTFILE19=/tmp/maxwoo/21EF1A6A9139C9FD2A38E59AFB466F9A_2239/INPUTFILES/data_1168798341.root
INPUTFILE20=/tmp/maxwoo/21EF1A6A9139C9FD2A38E59AFB466F9A_2239/INPUTFILES/data_1168898331.root
INPUTFILE21=/tmp/maxwoo/21EF1A6A9139C9FD2A38E59AFB466F9A_2239/INPUTFILES/data_1168998271.root
INPUTFILE22=/tmp/maxwoo/21EF1A6A9139C9FD2A38E59AFB466F9A_2239/INPUTFILES/data_1168998281.root
INPUTFILE23=/tmp/maxwoo/21EF1A6A9139C9FD2A38E59AFB466F9A_2239/INPUTFILES/data_1168998301.root
INPUTFILE24=/tmp/maxwoo/21EF1A6A9139C9FD2A38E59AFB466F9A_2239/INPUTFILES/data_1168998321.root
INPUTFILE25=/tmp/maxwoo/21EF1A6A9139C9FD2A38E59AFB466F9A_2239/INPUTFILES/data_1169098241.root
INPUTFILE26=/tmp/maxwoo/21EF1A6A9139C9FD2A38E59AFB466F9A_2239/INPUTFILES/data_1169098261.root
INPUTFILE27=/tmp/maxwoo/21EF1A6A9139C9FD2A38E59AFB466F9A_2239/INPUTFILES/data_1169098291.root
INPUTFILE28=/tmp/maxwoo/21EF1A6A9139C9FD2A38E59AFB466F9A_2239/INPUTFILES/data_1169098311.root
INPUTFILE29=/tmp/maxwoo/21EF1A6A9139C9FD2A38E59AFB466F9A_2239/INPUTFILES/data_1169124141.root
INPUTFILE30=/tmp/maxwoo/21EF1A6A9139C9FD2A38E59AFB466F9A_2239/INPUTFILES/data_1169124151.root
INPUTFILE31=/tmp/maxwoo/21EF1A6A9139C9FD2A38E59AFB466F9A_2239/INPUTFILES/data_1169198211.root
INPUTFILE32=/tmp/maxwoo/21EF1A6A9139C9FD2A38E59AFB466F9A_2239/INPUTFILES/data_1169198221.root
INPUTFILE33=/tmp/maxwoo/21EF1A6A9139C9FD2A38E59AFB466F9A_2239/INPUTFILES/data_1169198231.root
INPUTFILE34=/tmp/maxwoo/21EF1A6A9139C9FD2A38E59AFB466F9A_2239/INPUTFILES/data_1169198251.root
INPUTFILE35=/tmp/maxwoo/21EF1A6A9139C9FD2A38E59AFB466F9A_2239/INPUTFILES/data_1169298151.root
INPUTFILE36=/tmp/maxwoo/21EF1A6A9139C9FD2A38E59AFB466F9A_2239/INPUTFILES/data_1169298161.root
LocalInputFileDir=/tmp/maxwoo/21EF1A6A9139C9FD2A38E59AFB466F9A_2239/INPUTFILES
NewFILELIST=/tmp/maxwoo/21EF1A6A9139C9FD2A38E59AFB466F9A_2239/INPUTFILES/21EF1A6A9139C9FD2A38E59AFB466F9A_2239.local.list
+++++++++++++++++++++++++++++++++++++++++++++++
--------------------------------
Simple Unified Meta Scheduler 1.10.50 we are starting in $SCRATCH : /home/tmp/maxwoo/21EF1A6A9139C9FD2A38E59AFB466F9A_2239
--------------------------------
total 16
lrwxrwxrwx 1 maxwoo rhstar   61 Jun  2 10:59 check_S.C -> /gpfs/mnt/gpfs01/star/pwg/xiatong/git/strangeness/./check_S.C
lrwxrwxrwx 1 maxwoo rhstar   65 Jun  2 10:59 Check_Sness.C -> /gpfs/mnt/gpfs01/star/pwg/xiatong/git/strangeness/./Check_Sness.C
drwxr-xr-x 2 maxwoo rhstar 4096 Jun  2 11:01 INPUTFILES
drwxr-xr-x 2 maxwoo rhstar 4096 Jun  2 10:59 lib
  *******************************************
  *                                         *
  *        W E L C O M E  to  R O O T       *
  *                                         *
  *   Version   5.34/38     12 March 2018   *
  *                                         *
  *  You are welcome to visit our Web site  *
  *          http://root.cern.ch            *
  *                                         *
  *******************************************

ROOT 5.34/38 (v5-34-38@v5-34-38, Mar 12 2018, 15:49:39 on linux)

CINT/ROOT C/C++ Interpreter version 5.18.00, July 2, 2010
Type ? for help. Commands must be C++ statements.
Enclose multiple statements between { }.
*** Float Point Exception is OFF ***
 *** Start at Date : Thu Jun  2 11:01:30 2022
QAInfo:You are using STAR_LEVEL : dev, ROOT_LEVEL : 5.34.38 and node : rcrs6052.rcf.bnl.gov 

Processing check_S.C++("/tmp/maxwoo/21EF1A6A9139C9FD2A38E59AFB466F9A_2239/INPUTFILES/21EF1A6A9139C9FD2A38E59AFB466F9A_2239.local.list","21EF1A6A9139C9FD2A38E59AFB466F9A_2239",1)...
/tmp/maxwoo/21EF1A6A9139C9FD2A38E59AFB466F9A_2239/INPUTFILES/data_1168098511.root 
/tmp/maxwoo/21EF1A6A9139C9FD2A38E59AFB466F9A_2239/INPUTFILES/data_1168098521.root 
/tmp/maxwoo/21EF1A6A9139C9FD2A38E59AFB466F9A_2239/INPUTFILES/data_1168124161.root 
/tmp/maxwoo/21EF1A6A9139C9FD2A38E59AFB466F9A_2239/INPUTFILES/data_1168298491.root 
/tmp/maxwoo/21EF1A6A9139C9FD2A38E59AFB466F9A_2239/INPUTFILES/data_1168298501.root 
/tmp/maxwoo/21EF1A6A9139C9FD2A38E59AFB466F9A_2239/INPUTFILES/data_1168398441.root 
/tmp/maxwoo/21EF1A6A9139C9FD2A38E59AFB466F9A_2239/INPUTFILES/data_1168398461.root 
/tmp/maxwoo/21EF1A6A9139C9FD2A38E59AFB466F9A_2239/INPUTFILES/data_1168398471.root 
/tmp/maxwoo/21EF1A6A9139C9FD2A38E59AFB466F9A_2239/INPUTFILES/data_1168498411.root 
/tmp/maxwoo/21EF1A6A9139C9FD2A38E59AFB466F9A_2239/INPUTFILES/data_1168498421.root 
/tmp/maxwoo/21EF1A6A9139C9FD2A38E59AFB466F9A_2239/INPUTFILES/data_1168498431.root 
/tmp/maxwoo/21EF1A6A9139C9FD2A38E59AFB466F9A_2239/INPUTFILES/data_1168498451.root 
/tmp/maxwoo/21EF1A6A9139C9FD2A38E59AFB466F9A_2239/INPUTFILES/data_1168498481.root 
/tmp/maxwoo/21EF1A6A9139C9FD2A38E59AFB466F9A_2239/INPUTFILES/data_1168598381.root 
/tmp/maxwoo/21EF1A6A9139C9FD2A38E59AFB466F9A_2239/INPUTFILES/data_1168598401.root 
/tmp/maxwoo/21EF1A6A9139C9FD2A38E59AFB466F9A_2239/INPUTFILES/data_1168698351.root 
/tmp/maxwoo/21EF1A6A9139C9FD2A38E59AFB466F9A_2239/INPUTFILES/data_1168698361.root 
/tmp/maxwoo/21EF1A6A9139C9FD2A38E59AFB466F9A_2239/INPUTFILES/data_1168698371.root 
/tmp/maxwoo/21EF1A6A9139C9FD2A38E59AFB466F9A_2239/INPUTFILES/data_1168698391.root 
/tmp/maxwoo/21EF1A6A9139C9FD2A38E59AFB466F9A_2239/INPUTFILES/data_1168798341.root 
/tmp/maxwoo/21EF1A6A9139C9FD2A38E59AFB466F9A_2239/INPUTFILES/data_1168898331.root 
/tmp/maxwoo/21EF1A6A9139C9FD2A38E59AFB466F9A_2239/INPUTFILES/data_1168998271.root 
/tmp/maxwoo/21EF1A6A9139C9FD2A38E59AFB466F9A_2239/INPUTFILES/data_1168998281.root 
/tmp/maxwoo/21EF1A6A9139C9FD2A38E59AFB466F9A_2239/INPUTFILES/data_1168998301.root 
/tmp/maxwoo/21EF1A6A9139C9FD2A38E59AFB466F9A_2239/INPUTFILES/data_1168998321.root 
/tmp/maxwoo/21EF1A6A9139C9FD2A38E59AFB466F9A_2239/INPUTFILES/data_1169098241.root 
/tmp/maxwoo/21EF1A6A9139C9FD2A38E59AFB466F9A_2239/INPUTFILES/data_1169098261.root 
/tmp/maxwoo/21EF1A6A9139C9FD2A38E59AFB466F9A_2239/INPUTFILES/data_1169098291.root 
/tmp/maxwoo/21EF1A6A9139C9FD2A38E59AFB466F9A_2239/INPUTFILES/data_1169098311.root 
/tmp/maxwoo/21EF1A6A9139C9FD2A38E59AFB466F9A_2239/INPUTFILES/data_1169124141.root 
/tmp/maxwoo/21EF1A6A9139C9FD2A38E59AFB466F9A_2239/INPUTFILES/data_1169124151.root 
/tmp/maxwoo/21EF1A6A9139C9FD2A38E59AFB466F9A_2239/INPUTFILES/data_1169198211.root 
/tmp/maxwoo/21EF1A6A9139C9FD2A38E59AFB466F9A_2239/INPUTFILES/data_1169198221.root 
/tmp/maxwoo/21EF1A6A9139C9FD2A38E59AFB466F9A_2239/INPUTFILES/data_1169198231.root 
/tmp/maxwoo/21EF1A6A9139C9FD2A38E59AFB466F9A_2239/INPUTFILES/data_1169198251.root 
/tmp/maxwoo/21EF1A6A9139C9FD2A38E59AFB466F9A_2239/INPUTFILES/data_1169298151.root 
/tmp/maxwoo/21EF1A6A9139C9FD2A38E59AFB466F9A_2239/INPUTFILES/data_1169298161.root 
Added 37 files
# entries in chain: 36532
Processing entry == 1000 == out of 36532.
Processing entry == 2000 == out of 36532.
Processing entry == 3000 == out of 36532.
Processing entry == 4000 == out of 36532.
Processing entry == 5000 == out of 36532.
Processing entry == 6000 == out of 36532.
Processing entry == 7000 == out of 36532.
Processing entry == 8000 == out of 36532.
Processing entry == 9000 == out of 36532.
Processing entry == 10000 == out of 36532.
Processing entry == 11000 == out of 36532.
Processing entry == 12000 == out of 36532.
Processing entry == 13000 == out of 36532.
Processing entry == 14000 == out of 36532.
Processing entry == 15000 == out of 36532.
Processing entry == 16000 == out of 36532.
Processing entry == 17000 == out of 36532.
Processing entry == 18000 == out of 36532.
Processing entry == 19000 == out of 36532.
Processing entry == 20000 == out of 36532.
Processing entry == 21000 == out of 36532.
Processing entry == 22000 == out of 36532.
Processing entry == 23000 == out of 36532.
Processing entry == 24000 == out of 36532.
Processing entry == 25000 == out of 36532.
Processing entry == 26000 == out of 36532.
Processing entry == 27000 == out of 36532.
Processing entry == 28000 == out of 36532.
Processing entry == 29000 == out of 36532.
Processing entry == 30000 == out of 36532.
Processing entry == 31000 == out of 36532.
Processing entry == 32000 == out of 36532.
Processing entry == 33000 == out of 36532.
Processing entry == 34000 == out of 36532.
Processing entry == 35000 == out of 36532.
Processing entry == 36000 == out of 36532.

This is the end of ROOT -- Goodbye

Cleaning up sandbox file:  /tmp/maxwoo/21EF1A6A9139C9FD2A38E59AFB466F9A_2239/check_S.C
Cleaning up sandbox file:  /tmp/maxwoo/21EF1A6A9139C9FD2A38E59AFB466F9A_2239/Check_Sness.C
Cleaning up sandbox file:  /tmp/maxwoo/21EF1A6A9139C9FD2A38E59AFB466F9A_2239/lib
Cleaning up sandbox file:  /tmp/maxwoo/21EF1A6A9139C9FD2A38E59AFB466F9A_2239/.sandboxFiles
Starting copy block
Running copy command:  /bin/cp -fp /tmp/maxwoo/21EF1A6A9139C9FD2A38E59AFB466F9A_2239/out_21EF1A6A9139C9FD2A38E59AFB466F9A_2239.root /star/data01/pwg/xiatong/git/strangeness/data/
21015 Execution of (/star/data01/pwg/xiatong/git/strangeness/script/sched21EF1A6A9139C9FD2A38E59AFB466F9A_2239.csh ) has ended, exiting normally
21015 We END on [Thu Jun  2 11:23:06 EDT 2022]
