We are starting on node: rcrs6038.rcf.bnl.gov
HOME is not defined
Using getent method
HOME is now /star/u/maxwoo
17823 We will spawn ourselves (/star/data01/pwg/xiatong/git/strangeness/script/sched21EF1A6A9139C9FD2A38E59AFB466F9A_776.csh )
17823 We BEGIN on [Thu Jun  2 11:26:24 EDT 2022]
[1] 18011
17823 We are waiting for 18011 
17823 Grandchild PID is 18211 - found in 10 x 1 seconds
17823 Establishing first watcher   on    Thu Jun  2 11:26:35 EDT 2022
17823 Process tree is 17823 (main) -> 18011 (child) -> 18211 (grandchild)
F S   UID   PID  PPID  C PRI  NI ADDR SZ WCHAN  TTY        TIME CMD
0 D 100667 18211 18011  0 80   0 - 32311 cxiWai ?          0:00 cp /star/data01/pwg/xiatong/AMPT/14GeV/data_291485791.root /tmp/maxwoo/21EF1A6A9139C9FD2A38E59AFB466F9A_776/INPUTFILES/data_291485791.root
17823 Grandchild PID is 19771 - found in 20 x 2 seconds
17823 Grandchild to watch has changed on Thu Jun  2 11:26:56 EDT 2022
17823 Process tree is 17823 (main) -> 18011 (child) -> 19771 (grandchild)
F S   UID   PID  PPID  C PRI  NI ADDR SZ WCHAN  TTY        TIME CMD
0 D 100667 19771 18011  0 80   0 - 32311 cxiWai ?          0:00 cp /star/data01/pwg/xiatong/AMPT/14GeV/data_291485871.root /tmp/maxwoo/21EF1A6A9139C9FD2A38E59AFB466F9A_776/INPUTFILES/data_291485871.root
17823 Grandchild PID is 20688 - found in 30 x 2 seconds
17823 Grandchild to watch has changed on Thu Jun  2 11:27:17 EDT 2022
17823 Process tree is 17823 (main) -> 18011 (child) -> 20688 (grandchild)
F S   UID   PID  PPID  C PRI  NI ADDR SZ WCHAN  TTY        TIME CMD
0 D 100667 20688 18011  0 80   0 - 32311 cxiWai ?          0:00 cp /star/data01/pwg/xiatong/AMPT/14GeV/data_291485931.root /tmp/maxwoo/21EF1A6A9139C9FD2A38E59AFB466F9A_776/INPUTFILES/data_291485931.root
17823 Grandchild PID is 24286 - found in 50 x 2 seconds
17823 Grandchild to watch has changed on Thu Jun  2 11:27:58 EDT 2022
17823 Process tree is 17823 (main) -> 18011 (child) -> 24286 (grandchild)
F S   UID   PID  PPID  C PRI  NI ADDR SZ WCHAN  TTY        TIME CMD
0 D 100667 24286 18011  0 80   0 - 32311 cxiWai ?          0:00 cp /star/data01/pwg/xiatong/AMPT/14GeV/data_291562881.root /tmp/maxwoo/21EF1A6A9139C9FD2A38E59AFB466F9A_776/INPUTFILES/data_291562881.root
17823 Grandchild PID is 26361 - found in 70 x 2 seconds
17823 Grandchild to watch has changed on Thu Jun  2 11:28:40 EDT 2022
17823 Process tree is 17823 (main) -> 18011 (child) -> 26361 (grandchild)
F S   UID   PID  PPID  C PRI  NI ADDR SZ WCHAN  TTY        TIME CMD
0 D 100667 26361 18011  0 80   0 - 32311 cxiWai ?          0:00 cp /star/data01/pwg/xiatong/AMPT/14GeV/data_291585121.root /tmp/maxwoo/21EF1A6A9139C9FD2A38E59AFB466F9A_776/INPUTFILES/data_291585121.root
17823 Grandchild PID is 30581 - found in 90 x 2 seconds
17823 Grandchild to watch has changed on Thu Jun  2 11:29:21 EDT 2022
17823 Process tree is 17823 (main) -> 18011 (child) -> 30581 (grandchild)
F S   UID   PID  PPID  C PRI  NI ADDR SZ WCHAN  TTY        TIME CMD
0 D 100667 30581 18011  0 80   0 - 32311 cxiWai ?          0:00 cp /star/data01/pwg/xiatong/AMPT/14GeV/data_291585341.root /tmp/maxwoo/21EF1A6A9139C9FD2A38E59AFB466F9A_776/INPUTFILES/data_291585341.root
17823 Grandchild PID is 31838 - found in 100 x 2 seconds
17823 Grandchild to watch has changed on Thu Jun  2 11:29:42 EDT 2022
17823 Process tree is 17823 (main) -> 18011 (child) -> 31838 (grandchild)
F S   UID   PID  PPID  C PRI  NI ADDR SZ WCHAN  TTY        TIME CMD
0 D 100667 31838 18011  0 80   0 - 32311 cxiWai ?          0:00 cp /star/data01/pwg/xiatong/AMPT/14GeV/data_291585431.root /tmp/maxwoo/21EF1A6A9139C9FD2A38E59AFB466F9A_776/INPUTFILES/data_291585431.root
17823 Grandchild PID is 33391 - found in 110 x 2 seconds
17823 Grandchild to watch has changed on Thu Jun  2 11:30:02 EDT 2022
17823 Process tree is 17823 (main) -> 18011 (child) -> 33391 (grandchild)
F S   UID   PID  PPID  C PRI  NI ADDR SZ WCHAN  TTY        TIME CMD
0 D 100667 33391 18011  0 80   0 - 32311 cxiWai ?          0:00 cp /star/data01/pwg/xiatong/AMPT/14GeV/data_291585511.root /tmp/maxwoo/21EF1A6A9139C9FD2A38E59AFB466F9A_776/INPUTFILES/data_291585511.root
17823 Grandchild PID is 36237 - found in 120 x 2 seconds
17823 Grandchild to watch has changed on Thu Jun  2 11:30:23 EDT 2022
17823 Process tree is 17823 (main) -> 18011 (child) -> 36237 (grandchild)
F S   UID   PID  PPID  C PRI  NI ADDR SZ WCHAN  TTY        TIME CMD
0 D 100667 36237 18011  0 80   0 - 32311 cxiWai ?          0:00 cp /star/data01/pwg/xiatong/AMPT/14GeV/data_291685301.root /tmp/maxwoo/21EF1A6A9139C9FD2A38E59AFB466F9A_776/INPUTFILES/data_291685301.root
17823 Grandchild PID is 38983 - found in 140 x 2 seconds
17823 Grandchild to watch has changed on Thu Jun  2 11:31:05 EDT 2022
17823 Process tree is 17823 (main) -> 18011 (child) -> 38983 (grandchild)
F S   UID   PID  PPID  C PRI  NI ADDR SZ WCHAN  TTY        TIME CMD
0 D 100667 38983 18011  0 80   0 - 32311 cxiWai ?          0:00 cp /star/data01/pwg/xiatong/AMPT/14GeV/data_291685361.root /tmp/maxwoo/21EF1A6A9139C9FD2A38E59AFB466F9A_776/INPUTFILES/data_291685361.root
17823 Grandchild PID is 44964 - found in 170 x 2 seconds
17823 Grandchild to watch has changed on Thu Jun  2 11:32:07 EDT 2022
17823 Process tree is 17823 (main) -> 18011 (child) -> 44964 (grandchild)
F S   UID   PID  PPID  C PRI  NI ADDR SZ WCHAN  TTY        TIME CMD
0 D 100667 44964 18011  0 80   0 - 32311 cxiWai ?          0:00 cp /star/data01/pwg/xiatong/AMPT/14GeV/data_291685391.root /tmp/maxwoo/21EF1A6A9139C9FD2A38E59AFB466F9A_776/INPUTFILES/data_291685391.root
17823 Grandchild PID is 47045 - found in 190 x 2 seconds
17823 Grandchild to watch has changed on Thu Jun  2 11:32:49 EDT 2022
17823 Process tree is 17823 (main) -> 18011 (child) -> 47045 (grandchild)
F S   UID   PID  PPID  C PRI  NI ADDR SZ WCHAN  TTY        TIME CMD
0 S 100667 47045 18011  0 80   0 -  1272 do_wai ?          0:00 root -b -q check_S.C++("/tmp/maxwoo/21EF1A6A9139C9FD2A38E59AFB466F9A_776/INPUTFILES/21EF1A6A9139C9FD2A38E59AFB466F9A_776.local.list","21EF1A6A9139C9FD2A38E59AFB466F9A_776",1)
18011 Stepping into the main SUMS wrapper program with []
.... building sandbox
Running: cp /star/data01/pwg/xiatong/AMPT/14GeV/data_291485791.root /tmp/maxwoo/21EF1A6A9139C9FD2A38E59AFB466F9A_776/INPUTFILES/data_291485791.root
Running: cp /star/data01/pwg/xiatong/AMPT/14GeV/data_291485831.root /tmp/maxwoo/21EF1A6A9139C9FD2A38E59AFB466F9A_776/INPUTFILES/data_291485831.root
Running: cp /star/data01/pwg/xiatong/AMPT/14GeV/data_291485851.root /tmp/maxwoo/21EF1A6A9139C9FD2A38E59AFB466F9A_776/INPUTFILES/data_291485851.root
Running: cp /star/data01/pwg/xiatong/AMPT/14GeV/data_291485871.root /tmp/maxwoo/21EF1A6A9139C9FD2A38E59AFB466F9A_776/INPUTFILES/data_291485871.root
Running: cp /star/data01/pwg/xiatong/AMPT/14GeV/data_291485931.root /tmp/maxwoo/21EF1A6A9139C9FD2A38E59AFB466F9A_776/INPUTFILES/data_291485931.root
Running: cp /star/data01/pwg/xiatong/AMPT/14GeV/data_291511161.root /tmp/maxwoo/21EF1A6A9139C9FD2A38E59AFB466F9A_776/INPUTFILES/data_291511161.root
Running: cp /star/data01/pwg/xiatong/AMPT/14GeV/data_291511171.root /tmp/maxwoo/21EF1A6A9139C9FD2A38E59AFB466F9A_776/INPUTFILES/data_291511171.root
Running: cp /star/data01/pwg/xiatong/AMPT/14GeV/data_291562851.root /tmp/maxwoo/21EF1A6A9139C9FD2A38E59AFB466F9A_776/INPUTFILES/data_291562851.root
Running: cp /star/data01/pwg/xiatong/AMPT/14GeV/data_291562881.root /tmp/maxwoo/21EF1A6A9139C9FD2A38E59AFB466F9A_776/INPUTFILES/data_291562881.root
Running: cp /star/data01/pwg/xiatong/AMPT/14GeV/data_291562911.root /tmp/maxwoo/21EF1A6A9139C9FD2A38E59AFB466F9A_776/INPUTFILES/data_291562911.root
Running: cp /star/data01/pwg/xiatong/AMPT/14GeV/data_291585051.root /tmp/maxwoo/21EF1A6A9139C9FD2A38E59AFB466F9A_776/INPUTFILES/data_291585051.root
Running: cp /star/data01/pwg/xiatong/AMPT/14GeV/data_291585081.root /tmp/maxwoo/21EF1A6A9139C9FD2A38E59AFB466F9A_776/INPUTFILES/data_291585081.root
Running: cp /star/data01/pwg/xiatong/AMPT/14GeV/data_291585101.root /tmp/maxwoo/21EF1A6A9139C9FD2A38E59AFB466F9A_776/INPUTFILES/data_291585101.root
Running: cp /star/data01/pwg/xiatong/AMPT/14GeV/data_291585111.root /tmp/maxwoo/21EF1A6A9139C9FD2A38E59AFB466F9A_776/INPUTFILES/data_291585111.root
Running: cp /star/data01/pwg/xiatong/AMPT/14GeV/data_291585121.root /tmp/maxwoo/21EF1A6A9139C9FD2A38E59AFB466F9A_776/INPUTFILES/data_291585121.root
Running: cp /star/data01/pwg/xiatong/AMPT/14GeV/data_291585221.root /tmp/maxwoo/21EF1A6A9139C9FD2A38E59AFB466F9A_776/INPUTFILES/data_291585221.root
Running: cp /star/data01/pwg/xiatong/AMPT/14GeV/data_291585251.root /tmp/maxwoo/21EF1A6A9139C9FD2A38E59AFB466F9A_776/INPUTFILES/data_291585251.root
Running: cp /star/data01/pwg/xiatong/AMPT/14GeV/data_291585271.root /tmp/maxwoo/21EF1A6A9139C9FD2A38E59AFB466F9A_776/INPUTFILES/data_291585271.root
Running: cp /star/data01/pwg/xiatong/AMPT/14GeV/data_291585331.root /tmp/maxwoo/21EF1A6A9139C9FD2A38E59AFB466F9A_776/INPUTFILES/data_291585331.root
Running: cp /star/data01/pwg/xiatong/AMPT/14GeV/data_291585341.root /tmp/maxwoo/21EF1A6A9139C9FD2A38E59AFB466F9A_776/INPUTFILES/data_291585341.root
Running: cp /star/data01/pwg/xiatong/AMPT/14GeV/data_291585431.root /tmp/maxwoo/21EF1A6A9139C9FD2A38E59AFB466F9A_776/INPUTFILES/data_291585431.root
Running: cp /star/data01/pwg/xiatong/AMPT/14GeV/data_291585451.root /tmp/maxwoo/21EF1A6A9139C9FD2A38E59AFB466F9A_776/INPUTFILES/data_291585451.root
Running: cp /star/data01/pwg/xiatong/AMPT/14GeV/data_291585461.root /tmp/maxwoo/21EF1A6A9139C9FD2A38E59AFB466F9A_776/INPUTFILES/data_291585461.root
Running: cp /star/data01/pwg/xiatong/AMPT/14GeV/data_291585511.root /tmp/maxwoo/21EF1A6A9139C9FD2A38E59AFB466F9A_776/INPUTFILES/data_291585511.root
Running: cp /star/data01/pwg/xiatong/AMPT/14GeV/data_291586041.root /tmp/maxwoo/21EF1A6A9139C9FD2A38E59AFB466F9A_776/INPUTFILES/data_291586041.root
Running: cp /star/data01/pwg/xiatong/AMPT/14GeV/data_291646241.root /tmp/maxwoo/21EF1A6A9139C9FD2A38E59AFB466F9A_776/INPUTFILES/data_291646241.root
Running: cp /star/data01/pwg/xiatong/AMPT/14GeV/data_291662831.root /tmp/maxwoo/21EF1A6A9139C9FD2A38E59AFB466F9A_776/INPUTFILES/data_291662831.root
Running: cp /star/data01/pwg/xiatong/AMPT/14GeV/data_291662871.root /tmp/maxwoo/21EF1A6A9139C9FD2A38E59AFB466F9A_776/INPUTFILES/data_291662871.root
Running: cp /star/data01/pwg/xiatong/AMPT/14GeV/data_291685041.root /tmp/maxwoo/21EF1A6A9139C9FD2A38E59AFB466F9A_776/INPUTFILES/data_291685041.root
Running: cp /star/data01/pwg/xiatong/AMPT/14GeV/data_291685071.root /tmp/maxwoo/21EF1A6A9139C9FD2A38E59AFB466F9A_776/INPUTFILES/data_291685071.root
Running: cp /star/data01/pwg/xiatong/AMPT/14GeV/data_291685201.root /tmp/maxwoo/21EF1A6A9139C9FD2A38E59AFB466F9A_776/INPUTFILES/data_291685201.root
Running: cp /star/data01/pwg/xiatong/AMPT/14GeV/data_291685301.root /tmp/maxwoo/21EF1A6A9139C9FD2A38E59AFB466F9A_776/INPUTFILES/data_291685301.root
Running: cp /star/data01/pwg/xiatong/AMPT/14GeV/data_291685311.root /tmp/maxwoo/21EF1A6A9139C9FD2A38E59AFB466F9A_776/INPUTFILES/data_291685311.root
Running: cp /star/data01/pwg/xiatong/AMPT/14GeV/data_291685321.root /tmp/maxwoo/21EF1A6A9139C9FD2A38E59AFB466F9A_776/INPUTFILES/data_291685321.root
Running: cp /star/data01/pwg/xiatong/AMPT/14GeV/data_291685361.root /tmp/maxwoo/21EF1A6A9139C9FD2A38E59AFB466F9A_776/INPUTFILES/data_291685361.root
Running: cp /star/data01/pwg/xiatong/AMPT/14GeV/data_291685371.root /tmp/maxwoo/21EF1A6A9139C9FD2A38E59AFB466F9A_776/INPUTFILES/data_291685371.root
Running: cp /star/data01/pwg/xiatong/AMPT/14GeV/data_291685391.root /tmp/maxwoo/21EF1A6A9139C9FD2A38E59AFB466F9A_776/INPUTFILES/data_291685391.root
Swapping $FILELIST with: /tmp/maxwoo/21EF1A6A9139C9FD2A38E59AFB466F9A_776/INPUTFILES/21EF1A6A9139C9FD2A38E59AFB466F9A_776.local.list
+++++++++++local copy debug++++++++++++++++++++
newFileList: /tmp/maxwoo/21EF1A6A9139C9FD2A38E59AFB466F9A_776/INPUTFILES/21EF1A6A9139C9FD2A38E59AFB466F9A_776.local.list
++++++++++++++++cat FILELIST+++++++++++++++++++
/tmp/maxwoo/21EF1A6A9139C9FD2A38E59AFB466F9A_776/INPUTFILES/data_291485791.root 
/tmp/maxwoo/21EF1A6A9139C9FD2A38E59AFB466F9A_776/INPUTFILES/data_291485831.root 
/tmp/maxwoo/21EF1A6A9139C9FD2A38E59AFB466F9A_776/INPUTFILES/data_291485851.root 
/tmp/maxwoo/21EF1A6A9139C9FD2A38E59AFB466F9A_776/INPUTFILES/data_291485871.root 
/tmp/maxwoo/21EF1A6A9139C9FD2A38E59AFB466F9A_776/INPUTFILES/data_291485931.root 
/tmp/maxwoo/21EF1A6A9139C9FD2A38E59AFB466F9A_776/INPUTFILES/data_291511161.root 
/tmp/maxwoo/21EF1A6A9139C9FD2A38E59AFB466F9A_776/INPUTFILES/data_291511171.root 
/tmp/maxwoo/21EF1A6A9139C9FD2A38E59AFB466F9A_776/INPUTFILES/data_291562851.root 
/tmp/maxwoo/21EF1A6A9139C9FD2A38E59AFB466F9A_776/INPUTFILES/data_291562881.root 
/tmp/maxwoo/21EF1A6A9139C9FD2A38E59AFB466F9A_776/INPUTFILES/data_291562911.root 
/tmp/maxwoo/21EF1A6A9139C9FD2A38E59AFB466F9A_776/INPUTFILES/data_291585051.root 
/tmp/maxwoo/21EF1A6A9139C9FD2A38E59AFB466F9A_776/INPUTFILES/data_291585081.root 
/tmp/maxwoo/21EF1A6A9139C9FD2A38E59AFB466F9A_776/INPUTFILES/data_291585101.root 
/tmp/maxwoo/21EF1A6A9139C9FD2A38E59AFB466F9A_776/INPUTFILES/data_291585111.root 
/tmp/maxwoo/21EF1A6A9139C9FD2A38E59AFB466F9A_776/INPUTFILES/data_291585121.root 
/tmp/maxwoo/21EF1A6A9139C9FD2A38E59AFB466F9A_776/INPUTFILES/data_291585221.root 
/tmp/maxwoo/21EF1A6A9139C9FD2A38E59AFB466F9A_776/INPUTFILES/data_291585251.root 
/tmp/maxwoo/21EF1A6A9139C9FD2A38E59AFB466F9A_776/INPUTFILES/data_291585271.root 
/tmp/maxwoo/21EF1A6A9139C9FD2A38E59AFB466F9A_776/INPUTFILES/data_291585331.root 
/tmp/maxwoo/21EF1A6A9139C9FD2A38E59AFB466F9A_776/INPUTFILES/data_291585341.root 
/tmp/maxwoo/21EF1A6A9139C9FD2A38E59AFB466F9A_776/INPUTFILES/data_291585431.root 
/tmp/maxwoo/21EF1A6A9139C9FD2A38E59AFB466F9A_776/INPUTFILES/data_291585451.root 
/tmp/maxwoo/21EF1A6A9139C9FD2A38E59AFB466F9A_776/INPUTFILES/data_291585461.root 
/tmp/maxwoo/21EF1A6A9139C9FD2A38E59AFB466F9A_776/INPUTFILES/data_291585511.root 
/tmp/maxwoo/21EF1A6A9139C9FD2A38E59AFB466F9A_776/INPUTFILES/data_291586041.root 
/tmp/maxwoo/21EF1A6A9139C9FD2A38E59AFB466F9A_776/INPUTFILES/data_291646241.root 
/tmp/maxwoo/21EF1A6A9139C9FD2A38E59AFB466F9A_776/INPUTFILES/data_291662831.root 
/tmp/maxwoo/21EF1A6A9139C9FD2A38E59AFB466F9A_776/INPUTFILES/data_291662871.root 
/tmp/maxwoo/21EF1A6A9139C9FD2A38E59AFB466F9A_776/INPUTFILES/data_291685041.root 
/tmp/maxwoo/21EF1A6A9139C9FD2A38E59AFB466F9A_776/INPUTFILES/data_291685071.root 
/tmp/maxwoo/21EF1A6A9139C9FD2A38E59AFB466F9A_776/INPUTFILES/data_291685201.root 
/tmp/maxwoo/21EF1A6A9139C9FD2A38E59AFB466F9A_776/INPUTFILES/data_291685301.root 
/tmp/maxwoo/21EF1A6A9139C9FD2A38E59AFB466F9A_776/INPUTFILES/data_291685311.root 
/tmp/maxwoo/21EF1A6A9139C9FD2A38E59AFB466F9A_776/INPUTFILES/data_291685321.root 
/tmp/maxwoo/21EF1A6A9139C9FD2A38E59AFB466F9A_776/INPUTFILES/data_291685361.root 
/tmp/maxwoo/21EF1A6A9139C9FD2A38E59AFB466F9A_776/INPUTFILES/data_291685371.root 
/tmp/maxwoo/21EF1A6A9139C9FD2A38E59AFB466F9A_776/INPUTFILES/data_291685391.root 
++++++++++++++++++++find.++++++++++++++++++++++
.
./Check_Sness.C
./check_S.C
./.output.log
./INPUTFILES
./INPUTFILES/data_291585251.root
./INPUTFILES/data_291511161.root
./INPUTFILES/data_291585101.root
./INPUTFILES/data_291646241.root
./INPUTFILES/data_291662871.root
./INPUTFILES/data_291586041.root
./INPUTFILES/data_291685371.root
./INPUTFILES/data_291562881.root
./INPUTFILES/data_291585511.root
./INPUTFILES/data_291685071.root
./INPUTFILES/data_291485871.root
./INPUTFILES/21EF1A6A9139C9FD2A38E59AFB466F9A_776.local.list
./INPUTFILES/data_291585431.root
./INPUTFILES/data_291685391.root
./INPUTFILES/data_291585461.root
./INPUTFILES/data_291685301.root
./INPUTFILES/data_291585221.root
./INPUTFILES/data_291585051.root
./INPUTFILES/data_291562911.root
./INPUTFILES/data_291662831.root
./INPUTFILES/data_291511171.root
./INPUTFILES/data_291685361.root
./INPUTFILES/data_291562851.root
./INPUTFILES/data_291585081.root
./INPUTFILES/data_291485831.root
./INPUTFILES/data_291485791.root
./INPUTFILES/data_291585331.root
./INPUTFILES/data_291585121.root
./INPUTFILES/data_291585271.root
./INPUTFILES/data_291685311.root
./INPUTFILES/data_291485851.root
./INPUTFILES/data_291685041.root
./INPUTFILES/data_291485931.root
./INPUTFILES/data_291585341.root
./INPUTFILES/data_291585451.root
./INPUTFILES/data_291685201.root
./INPUTFILES/data_291585111.root
./INPUTFILES/data_291685321.root
./lib
./lib/my_particle_cpp.d
./lib/MixedBuffer.cpp
./lib/CenMaker.cpp
./lib/my_event_cpp.d
./lib/my_event_cpp.so
./lib/my_event.h
./lib/CenMaker_cpp_ACLiC_dict_rdict.pcm
./lib/NpartNormalizer.cpp
./lib/NpartNormalizer_cpp.so
./lib/my_particle_cpp.so
./lib/my_particle.cpp
./lib/my_event_cpp_ACLiC_dict_rdict.pcm
./lib/NpartNormalizer_cpp_ACLiC_dict_rdict.pcm
./lib/MixedBuffer_cpp_ACLiC_dict_rdict.pcm
./lib/NpartNormalizer.h
./lib/CenMaker.h
./lib/MixedBuffer_cpp.so
./lib/CenMaker_cpp.so
./lib/my_particle_cpp_ACLiC_dict_rdict.pcm
./lib/my_particle.h
./lib/MixedBuffer.h
./lib/NpartNormalizer_cpp.d
./lib/my_event.cpp
./lib/CenMaker_cpp.d
./lib/MixedBuffer_cpp.d
./.sandboxFiles
./.errror.log
++++++++++++++++INPUTFILE Var++++++++++++++++++
FILELIST=/tmp/maxwoo/21EF1A6A9139C9FD2A38E59AFB466F9A_776/INPUTFILES/21EF1A6A9139C9FD2A38E59AFB466F9A_776.local.list
INPUTFILECOUNT=37
INPUTFILE0=/tmp/maxwoo/21EF1A6A9139C9FD2A38E59AFB466F9A_776/INPUTFILES/data_291485791.root
INPUTFILE1=/tmp/maxwoo/21EF1A6A9139C9FD2A38E59AFB466F9A_776/INPUTFILES/data_291485831.root
INPUTFILE2=/tmp/maxwoo/21EF1A6A9139C9FD2A38E59AFB466F9A_776/INPUTFILES/data_291485851.root
INPUTFILE3=/tmp/maxwoo/21EF1A6A9139C9FD2A38E59AFB466F9A_776/INPUTFILES/data_291485871.root
INPUTFILE4=/tmp/maxwoo/21EF1A6A9139C9FD2A38E59AFB466F9A_776/INPUTFILES/data_291485931.root
INPUTFILE5=/tmp/maxwoo/21EF1A6A9139C9FD2A38E59AFB466F9A_776/INPUTFILES/data_291511161.root
INPUTFILE6=/tmp/maxwoo/21EF1A6A9139C9FD2A38E59AFB466F9A_776/INPUTFILES/data_291511171.root
INPUTFILE7=/tmp/maxwoo/21EF1A6A9139C9FD2A38E59AFB466F9A_776/INPUTFILES/data_291562851.root
INPUTFILE8=/tmp/maxwoo/21EF1A6A9139C9FD2A38E59AFB466F9A_776/INPUTFILES/data_291562881.root
INPUTFILE9=/tmp/maxwoo/21EF1A6A9139C9FD2A38E59AFB466F9A_776/INPUTFILES/data_291562911.root
INPUTFILE10=/tmp/maxwoo/21EF1A6A9139C9FD2A38E59AFB466F9A_776/INPUTFILES/data_291585051.root
INPUTFILE11=/tmp/maxwoo/21EF1A6A9139C9FD2A38E59AFB466F9A_776/INPUTFILES/data_291585081.root
INPUTFILE12=/tmp/maxwoo/21EF1A6A9139C9FD2A38E59AFB466F9A_776/INPUTFILES/data_291585101.root
INPUTFILE13=/tmp/maxwoo/21EF1A6A9139C9FD2A38E59AFB466F9A_776/INPUTFILES/data_291585111.root
INPUTFILE14=/tmp/maxwoo/21EF1A6A9139C9FD2A38E59AFB466F9A_776/INPUTFILES/data_291585121.root
INPUTFILE15=/tmp/maxwoo/21EF1A6A9139C9FD2A38E59AFB466F9A_776/INPUTFILES/data_291585221.root
INPUTFILE16=/tmp/maxwoo/21EF1A6A9139C9FD2A38E59AFB466F9A_776/INPUTFILES/data_291585251.root
INPUTFILE17=/tmp/maxwoo/21EF1A6A9139C9FD2A38E59AFB466F9A_776/INPUTFILES/data_291585271.root
INPUTFILE18=/tmp/maxwoo/21EF1A6A9139C9FD2A38E59AFB466F9A_776/INPUTFILES/data_291585331.root
INPUTFILE19=/tmp/maxwoo/21EF1A6A9139C9FD2A38E59AFB466F9A_776/INPUTFILES/data_291585341.root
INPUTFILE20=/tmp/maxwoo/21EF1A6A9139C9FD2A38E59AFB466F9A_776/INPUTFILES/data_291585431.root
INPUTFILE21=/tmp/maxwoo/21EF1A6A9139C9FD2A38E59AFB466F9A_776/INPUTFILES/data_291585451.root
INPUTFILE22=/tmp/maxwoo/21EF1A6A9139C9FD2A38E59AFB466F9A_776/INPUTFILES/data_291585461.root
INPUTFILE23=/tmp/maxwoo/21EF1A6A9139C9FD2A38E59AFB466F9A_776/INPUTFILES/data_291585511.root
INPUTFILE24=/tmp/maxwoo/21EF1A6A9139C9FD2A38E59AFB466F9A_776/INPUTFILES/data_291586041.root
INPUTFILE25=/tmp/maxwoo/21EF1A6A9139C9FD2A38E59AFB466F9A_776/INPUTFILES/data_291646241.root
INPUTFILE26=/tmp/maxwoo/21EF1A6A9139C9FD2A38E59AFB466F9A_776/INPUTFILES/data_291662831.root
INPUTFILE27=/tmp/maxwoo/21EF1A6A9139C9FD2A38E59AFB466F9A_776/INPUTFILES/data_291662871.root
INPUTFILE28=/tmp/maxwoo/21EF1A6A9139C9FD2A38E59AFB466F9A_776/INPUTFILES/data_291685041.root
INPUTFILE29=/tmp/maxwoo/21EF1A6A9139C9FD2A38E59AFB466F9A_776/INPUTFILES/data_291685071.root
INPUTFILE30=/tmp/maxwoo/21EF1A6A9139C9FD2A38E59AFB466F9A_776/INPUTFILES/data_291685201.root
INPUTFILE31=/tmp/maxwoo/21EF1A6A9139C9FD2A38E59AFB466F9A_776/INPUTFILES/data_291685301.root
INPUTFILE32=/tmp/maxwoo/21EF1A6A9139C9FD2A38E59AFB466F9A_776/INPUTFILES/data_291685311.root
INPUTFILE33=/tmp/maxwoo/21EF1A6A9139C9FD2A38E59AFB466F9A_776/INPUTFILES/data_291685321.root
INPUTFILE34=/tmp/maxwoo/21EF1A6A9139C9FD2A38E59AFB466F9A_776/INPUTFILES/data_291685361.root
INPUTFILE35=/tmp/maxwoo/21EF1A6A9139C9FD2A38E59AFB466F9A_776/INPUTFILES/data_291685371.root
INPUTFILE36=/tmp/maxwoo/21EF1A6A9139C9FD2A38E59AFB466F9A_776/INPUTFILES/data_291685391.root
LocalInputFileDir=/tmp/maxwoo/21EF1A6A9139C9FD2A38E59AFB466F9A_776/INPUTFILES
NewFILELIST=/tmp/maxwoo/21EF1A6A9139C9FD2A38E59AFB466F9A_776/INPUTFILES/21EF1A6A9139C9FD2A38E59AFB466F9A_776.local.list
+++++++++++++++++++++++++++++++++++++++++++++++
--------------------------------
Simple Unified Meta Scheduler 1.10.50 we are starting in $SCRATCH : /home/tmp/maxwoo/21EF1A6A9139C9FD2A38E59AFB466F9A_776
--------------------------------
total 16
lrwxrwxrwx 1 maxwoo rhstar   61 Jun  2 11:26 check_S.C -> /gpfs/mnt/gpfs01/star/pwg/xiatong/git/strangeness/./check_S.C
lrwxrwxrwx 1 maxwoo rhstar   65 Jun  2 11:26 Check_Sness.C -> /gpfs/mnt/gpfs01/star/pwg/xiatong/git/strangeness/./Check_Sness.C
drwxr-xr-x 2 maxwoo rhstar 4096 Jun  2 11:31 INPUTFILES
drwxr-xr-x 2 maxwoo rhstar 4096 Jun  2 11:26 lib
  *******************************************
  *                                         *
  *        W E L C O M E  to  R O O T       *
  *                                         *
  *   Version   5.34/38     12 March 2018   *
  *                                         *
  *  You are welcome to visit our Web site  *
  *          http://root.cern.ch            *
  *                                         *
  *******************************************

ROOT 5.34/38 (v5-34-38@v5-34-38, Mar 12 2018, 15:49:39 on linux)

CINT/ROOT C/C++ Interpreter version 5.18.00, July 2, 2010
Type ? for help. Commands must be C++ statements.
Enclose multiple statements between { }.
*** Float Point Exception is OFF ***
 *** Start at Date : Thu Jun  2 11:32:32 2022
QAInfo:You are using STAR_LEVEL : dev, ROOT_LEVEL : 5.34.38 and node : rcrs6038.rcf.bnl.gov 

Processing check_S.C++("/tmp/maxwoo/21EF1A6A9139C9FD2A38E59AFB466F9A_776/INPUTFILES/21EF1A6A9139C9FD2A38E59AFB466F9A_776.local.list","21EF1A6A9139C9FD2A38E59AFB466F9A_776",1)...
/tmp/maxwoo/21EF1A6A9139C9FD2A38E59AFB466F9A_776/INPUTFILES/data_291485791.root 
/tmp/maxwoo/21EF1A6A9139C9FD2A38E59AFB466F9A_776/INPUTFILES/data_291485831.root 
/tmp/maxwoo/21EF1A6A9139C9FD2A38E59AFB466F9A_776/INPUTFILES/data_291485851.root 
/tmp/maxwoo/21EF1A6A9139C9FD2A38E59AFB466F9A_776/INPUTFILES/data_291485871.root 
/tmp/maxwoo/21EF1A6A9139C9FD2A38E59AFB466F9A_776/INPUTFILES/data_291485931.root 
/tmp/maxwoo/21EF1A6A9139C9FD2A38E59AFB466F9A_776/INPUTFILES/data_291511161.root 
/tmp/maxwoo/21EF1A6A9139C9FD2A38E59AFB466F9A_776/INPUTFILES/data_291511171.root 
/tmp/maxwoo/21EF1A6A9139C9FD2A38E59AFB466F9A_776/INPUTFILES/data_291562851.root 
/tmp/maxwoo/21EF1A6A9139C9FD2A38E59AFB466F9A_776/INPUTFILES/data_291562881.root 
/tmp/maxwoo/21EF1A6A9139C9FD2A38E59AFB466F9A_776/INPUTFILES/data_291562911.root 
/tmp/maxwoo/21EF1A6A9139C9FD2A38E59AFB466F9A_776/INPUTFILES/data_291585051.root 
/tmp/maxwoo/21EF1A6A9139C9FD2A38E59AFB466F9A_776/INPUTFILES/data_291585081.root 
/tmp/maxwoo/21EF1A6A9139C9FD2A38E59AFB466F9A_776/INPUTFILES/data_291585101.root 
/tmp/maxwoo/21EF1A6A9139C9FD2A38E59AFB466F9A_776/INPUTFILES/data_291585111.root 
/tmp/maxwoo/21EF1A6A9139C9FD2A38E59AFB466F9A_776/INPUTFILES/data_291585121.root 
/tmp/maxwoo/21EF1A6A9139C9FD2A38E59AFB466F9A_776/INPUTFILES/data_291585221.root 
/tmp/maxwoo/21EF1A6A9139C9FD2A38E59AFB466F9A_776/INPUTFILES/data_291585251.root 
/tmp/maxwoo/21EF1A6A9139C9FD2A38E59AFB466F9A_776/INPUTFILES/data_291585271.root 
/tmp/maxwoo/21EF1A6A9139C9FD2A38E59AFB466F9A_776/INPUTFILES/data_291585331.root 
/tmp/maxwoo/21EF1A6A9139C9FD2A38E59AFB466F9A_776/INPUTFILES/data_291585341.root 
/tmp/maxwoo/21EF1A6A9139C9FD2A38E59AFB466F9A_776/INPUTFILES/data_291585431.root 
/tmp/maxwoo/21EF1A6A9139C9FD2A38E59AFB466F9A_776/INPUTFILES/data_291585451.root 
/tmp/maxwoo/21EF1A6A9139C9FD2A38E59AFB466F9A_776/INPUTFILES/data_291585461.root 
/tmp/maxwoo/21EF1A6A9139C9FD2A38E59AFB466F9A_776/INPUTFILES/data_291585511.root 
/tmp/maxwoo/21EF1A6A9139C9FD2A38E59AFB466F9A_776/INPUTFILES/data_291586041.root 
/tmp/maxwoo/21EF1A6A9139C9FD2A38E59AFB466F9A_776/INPUTFILES/data_291646241.root 
/tmp/maxwoo/21EF1A6A9139C9FD2A38E59AFB466F9A_776/INPUTFILES/data_291662831.root 
/tmp/maxwoo/21EF1A6A9139C9FD2A38E59AFB466F9A_776/INPUTFILES/data_291662871.root 
/tmp/maxwoo/21EF1A6A9139C9FD2A38E59AFB466F9A_776/INPUTFILES/data_291685041.root 
/tmp/maxwoo/21EF1A6A9139C9FD2A38E59AFB466F9A_776/INPUTFILES/data_291685071.root 
/tmp/maxwoo/21EF1A6A9139C9FD2A38E59AFB466F9A_776/INPUTFILES/data_291685201.root 
/tmp/maxwoo/21EF1A6A9139C9FD2A38E59AFB466F9A_776/INPUTFILES/data_291685301.root 
/tmp/maxwoo/21EF1A6A9139C9FD2A38E59AFB466F9A_776/INPUTFILES/data_291685311.root 
/tmp/maxwoo/21EF1A6A9139C9FD2A38E59AFB466F9A_776/INPUTFILES/data_291685321.root 
/tmp/maxwoo/21EF1A6A9139C9FD2A38E59AFB466F9A_776/INPUTFILES/data_291685361.root 
/tmp/maxwoo/21EF1A6A9139C9FD2A38E59AFB466F9A_776/INPUTFILES/data_291685371.root 
/tmp/maxwoo/21EF1A6A9139C9FD2A38E59AFB466F9A_776/INPUTFILES/data_291685391.root 
Added 37 files
# entries in chain: 36955
Processing entry == 1000 == out of 36955.
Processing entry == 2000 == out of 36955.
Processing entry == 3000 == out of 36955.
Processing entry == 4000 == out of 36955.
Processing entry == 5000 == out of 36955.
Processing entry == 6000 == out of 36955.
Processing entry == 7000 == out of 36955.
Processing entry == 8000 == out of 36955.
Processing entry == 9000 == out of 36955.
Processing entry == 10000 == out of 36955.
Processing entry == 11000 == out of 36955.
Processing entry == 12000 == out of 36955.
Processing entry == 13000 == out of 36955.
Processing entry == 14000 == out of 36955.
Processing entry == 15000 == out of 36955.
Processing entry == 16000 == out of 36955.
Processing entry == 17000 == out of 36955.
Processing entry == 18000 == out of 36955.
Processing entry == 19000 == out of 36955.
Processing entry == 20000 == out of 36955.
Processing entry == 21000 == out of 36955.
Processing entry == 22000 == out of 36955.
Processing entry == 23000 == out of 36955.
Processing entry == 24000 == out of 36955.
Processing entry == 25000 == out of 36955.
Processing entry == 26000 == out of 36955.
Processing entry == 27000 == out of 36955.
Processing entry == 28000 == out of 36955.
Processing entry == 29000 == out of 36955.
Processing entry == 30000 == out of 36955.
Processing entry == 31000 == out of 36955.
Processing entry == 32000 == out of 36955.
Processing entry == 33000 == out of 36955.
Processing entry == 34000 == out of 36955.
Processing entry == 35000 == out of 36955.
Processing entry == 36000 == out of 36955.

This is the end of ROOT -- Goodbye

Cleaning up sandbox file:  /tmp/maxwoo/21EF1A6A9139C9FD2A38E59AFB466F9A_776/check_S.C
Cleaning up sandbox file:  /tmp/maxwoo/21EF1A6A9139C9FD2A38E59AFB466F9A_776/Check_Sness.C
Cleaning up sandbox file:  /tmp/maxwoo/21EF1A6A9139C9FD2A38E59AFB466F9A_776/lib
Cleaning up sandbox file:  /tmp/maxwoo/21EF1A6A9139C9FD2A38E59AFB466F9A_776/.sandboxFiles
Starting copy block
Running copy command:  /bin/cp -fp /tmp/maxwoo/21EF1A6A9139C9FD2A38E59AFB466F9A_776/out_21EF1A6A9139C9FD2A38E59AFB466F9A_776.root /star/data01/pwg/xiatong/git/strangeness/data/
17823 Execution of (/star/data01/pwg/xiatong/git/strangeness/script/sched21EF1A6A9139C9FD2A38E59AFB466F9A_776.csh ) has ended, exiting normally
17823 We END on [Thu Jun  2 11:51:27 EDT 2022]
