We are starting on node: spar0507.usatlas.bnl.gov
HOME is not defined
Using getent method
HOME is now /star/u/maxwoo
40906 We will spawn ourselves (/star/data01/pwg/xiatong/git/strangeness/script/sched21EF1A6A9139C9FD2A38E59AFB466F9A_528.csh )
40906 We BEGIN on [Thu Jun  2 11:29:25 EDT 2022]
[1] 462
40906 We are waiting for 462 
40906 Grandchild PID is 1271 - found in 10 x 1 seconds
40906 Establishing first watcher   on    Thu Jun  2 11:29:36 EDT 2022
40906 Process tree is 40906 (main) -> 462 (child) -> 1271 (grandchild)
F S   UID   PID  PPID  C PRI  NI ADDR SZ WCHAN  TTY        TIME CMD
0 D 100667 1271   462  0  80   0 - 32311 cxiWai ?          0:00 cp /star/data01/pwg/xiatong/AMPT/14GeV/data_225181761.root /tmp/maxwoo/21EF1A6A9139C9FD2A38E59AFB466F9A_528/INPUTFILES/data_225181761.root
40906 Grandchild PID is 2564 - found in 20 x 2 seconds
40906 Grandchild to watch has changed on Thu Jun  2 11:29:56 EDT 2022
40906 Process tree is 40906 (main) -> 462 (child) -> 2564 (grandchild)
F S   UID   PID  PPID  C PRI  NI ADDR SZ WCHAN  TTY        TIME CMD
0 D 100667 2564   462  0  80   0 - 32311 cxiWai ?          0:00 cp /star/data01/pwg/xiatong/AMPT/14GeV/data_225183311.root /tmp/maxwoo/21EF1A6A9139C9FD2A38E59AFB466F9A_528/INPUTFILES/data_225183311.root
40906 Grandchild PID is 5458 - found in 40 x 2 seconds
40906 Grandchild to watch has changed on Thu Jun  2 11:30:38 EDT 2022
40906 Process tree is 40906 (main) -> 462 (child) -> 5458 (grandchild)
F S   UID   PID  PPID  C PRI  NI ADDR SZ WCHAN  TTY        TIME CMD
0 D 100667 5458   462  0  80   0 - 32311 cxiWai ?          0:00 cp /star/data01/pwg/xiatong/AMPT/14GeV/data_225183491.root /tmp/maxwoo/21EF1A6A9139C9FD2A38E59AFB466F9A_528/INPUTFILES/data_225183491.root
40906 Grandchild PID is 7384 - found in 50 x 2 seconds
40906 Grandchild to watch has changed on Thu Jun  2 11:30:58 EDT 2022
40906 Process tree is 40906 (main) -> 462 (child) -> 7384 (grandchild)
F S   UID   PID  PPID  C PRI  NI ADDR SZ WCHAN  TTY        TIME CMD
0 D 100667 7384   462  0  80   0 - 32311 cxiWai ?          0:00 cp /star/data01/pwg/xiatong/AMPT/14GeV/data_225183651.root /tmp/maxwoo/21EF1A6A9139C9FD2A38E59AFB466F9A_528/INPUTFILES/data_225183651.root
40906 Grandchild PID is 7741 - found in 60 x 2 seconds
40906 Grandchild to watch has changed on Thu Jun  2 11:31:19 EDT 2022
40906 Process tree is 40906 (main) -> 462 (child) -> 7741 (grandchild)
F S   UID   PID  PPID  C PRI  NI ADDR SZ WCHAN  TTY        TIME CMD
0 D 100667 7741   462  0  80   0 - 32311 cxiWai ?          0:00 cp /star/data01/pwg/xiatong/AMPT/14GeV/data_225183881.root /tmp/maxwoo/21EF1A6A9139C9FD2A38E59AFB466F9A_528/INPUTFILES/data_225183881.root
40906 Grandchild PID is 10932 - found in 70 x 2 seconds
40906 Grandchild to watch has changed on Thu Jun  2 11:31:40 EDT 2022
40906 Process tree is 40906 (main) -> 462 (child) -> 10932 (grandchild)
F S   UID   PID  PPID  C PRI  NI ADDR SZ WCHAN  TTY        TIME CMD
0 D 100667 10932  462  0  80   0 - 32311 cxiWai ?          0:00 cp /star/data01/pwg/xiatong/AMPT/14GeV/data_225190871.root /tmp/maxwoo/21EF1A6A9139C9FD2A38E59AFB466F9A_528/INPUTFILES/data_225190871.root
40906 Grandchild PID is 13076 - found in 80 x 2 seconds
40906 Grandchild to watch has changed on Thu Jun  2 11:32:00 EDT 2022
40906 Process tree is 40906 (main) -> 462 (child) -> 13076 (grandchild)
F S   UID   PID  PPID  C PRI  NI ADDR SZ WCHAN  TTY        TIME CMD
0 D 100667 13076  462  0  80   0 - 32311 cxiWai ?          0:00 cp /star/data01/pwg/xiatong/AMPT/14GeV/data_225191071.root /tmp/maxwoo/21EF1A6A9139C9FD2A38E59AFB466F9A_528/INPUTFILES/data_225191071.root
40906 Grandchild PID is 13694 - found in 90 x 2 seconds
40906 Grandchild to watch has changed on Thu Jun  2 11:32:22 EDT 2022
40906 Process tree is 40906 (main) -> 462 (child) -> 13694 (grandchild)
F S   UID   PID  PPID  C PRI  NI ADDR SZ WCHAN  TTY        TIME CMD
0 D 100667 13694  462  0  80   0 - 32311 cxiWai ?          0:00 cp /star/data01/pwg/xiatong/AMPT/14GeV/data_225191251.root /tmp/maxwoo/21EF1A6A9139C9FD2A38E59AFB466F9A_528/INPUTFILES/data_225191251.root
40906 Grandchild PID is 15899 - found in 100 x 2 seconds
40906 Grandchild to watch has changed on Thu Jun  2 11:32:43 EDT 2022
40906 Process tree is 40906 (main) -> 462 (child) -> 15899 (grandchild)
F S   UID   PID  PPID  C PRI  NI ADDR SZ WCHAN  TTY        TIME CMD
0 D 100667 15899  462  0  80   0 - 32311 cxiWai ?          0:00 cp /star/data01/pwg/xiatong/AMPT/14GeV/data_225290571.root /tmp/maxwoo/21EF1A6A9139C9FD2A38E59AFB466F9A_528/INPUTFILES/data_225290571.root
40906 Grandchild PID is 18785 - found in 120 x 2 seconds
40906 Grandchild to watch has changed on Thu Jun  2 11:33:25 EDT 2022
40906 Process tree is 40906 (main) -> 462 (child) -> 18785 (grandchild)
F S   UID   PID  PPID  C PRI  NI ADDR SZ WCHAN  TTY        TIME CMD
0 S 100667 18785  462  0  80   0 -  1272 do_wai ?          0:00 root -b -q check_S.C++("/tmp/maxwoo/21EF1A6A9139C9FD2A38E59AFB466F9A_528/INPUTFILES/21EF1A6A9139C9FD2A38E59AFB466F9A_528.local.list","21EF1A6A9139C9FD2A38E59AFB466F9A_528",1)
462 Stepping into the main SUMS wrapper program with []
.... building sandbox
Running: cp /star/data01/pwg/xiatong/AMPT/14GeV/data_225159811.root /tmp/maxwoo/21EF1A6A9139C9FD2A38E59AFB466F9A_528/INPUTFILES/data_225159811.root
Running: cp /star/data01/pwg/xiatong/AMPT/14GeV/data_225161111.root /tmp/maxwoo/21EF1A6A9139C9FD2A38E59AFB466F9A_528/INPUTFILES/data_225161111.root
Running: cp /star/data01/pwg/xiatong/AMPT/14GeV/data_225166371.root /tmp/maxwoo/21EF1A6A9139C9FD2A38E59AFB466F9A_528/INPUTFILES/data_225166371.root
Running: cp /star/data01/pwg/xiatong/AMPT/14GeV/data_225181761.root /tmp/maxwoo/21EF1A6A9139C9FD2A38E59AFB466F9A_528/INPUTFILES/data_225181761.root
Running: cp /star/data01/pwg/xiatong/AMPT/14GeV/data_225183181.root /tmp/maxwoo/21EF1A6A9139C9FD2A38E59AFB466F9A_528/INPUTFILES/data_225183181.root
Running: cp /star/data01/pwg/xiatong/AMPT/14GeV/data_225183271.root /tmp/maxwoo/21EF1A6A9139C9FD2A38E59AFB466F9A_528/INPUTFILES/data_225183271.root
Running: cp /star/data01/pwg/xiatong/AMPT/14GeV/data_225183281.root /tmp/maxwoo/21EF1A6A9139C9FD2A38E59AFB466F9A_528/INPUTFILES/data_225183281.root
Running: cp /star/data01/pwg/xiatong/AMPT/14GeV/data_225183291.root /tmp/maxwoo/21EF1A6A9139C9FD2A38E59AFB466F9A_528/INPUTFILES/data_225183291.root
Running: cp /star/data01/pwg/xiatong/AMPT/14GeV/data_225183311.root /tmp/maxwoo/21EF1A6A9139C9FD2A38E59AFB466F9A_528/INPUTFILES/data_225183311.root
Running: cp /star/data01/pwg/xiatong/AMPT/14GeV/data_225183321.root /tmp/maxwoo/21EF1A6A9139C9FD2A38E59AFB466F9A_528/INPUTFILES/data_225183321.root
Running: cp /star/data01/pwg/xiatong/AMPT/14GeV/data_225183451.root /tmp/maxwoo/21EF1A6A9139C9FD2A38E59AFB466F9A_528/INPUTFILES/data_225183451.root
Running: cp /star/data01/pwg/xiatong/AMPT/14GeV/data_225183491.root /tmp/maxwoo/21EF1A6A9139C9FD2A38E59AFB466F9A_528/INPUTFILES/data_225183491.root
Running: cp /star/data01/pwg/xiatong/AMPT/14GeV/data_225183611.root /tmp/maxwoo/21EF1A6A9139C9FD2A38E59AFB466F9A_528/INPUTFILES/data_225183611.root
Running: cp /star/data01/pwg/xiatong/AMPT/14GeV/data_225183621.root /tmp/maxwoo/21EF1A6A9139C9FD2A38E59AFB466F9A_528/INPUTFILES/data_225183621.root
Running: cp /star/data01/pwg/xiatong/AMPT/14GeV/data_225183651.root /tmp/maxwoo/21EF1A6A9139C9FD2A38E59AFB466F9A_528/INPUTFILES/data_225183651.root
Running: cp /star/data01/pwg/xiatong/AMPT/14GeV/data_225183881.root /tmp/maxwoo/21EF1A6A9139C9FD2A38E59AFB466F9A_528/INPUTFILES/data_225183881.root
Running: cp /star/data01/pwg/xiatong/AMPT/14GeV/data_225183891.root /tmp/maxwoo/21EF1A6A9139C9FD2A38E59AFB466F9A_528/INPUTFILES/data_225183891.root
Running: cp /star/data01/pwg/xiatong/AMPT/14GeV/data_225183911.root /tmp/maxwoo/21EF1A6A9139C9FD2A38E59AFB466F9A_528/INPUTFILES/data_225183911.root
Running: cp /star/data01/pwg/xiatong/AMPT/14GeV/data_225186591.root /tmp/maxwoo/21EF1A6A9139C9FD2A38E59AFB466F9A_528/INPUTFILES/data_225186591.root
Running: cp /star/data01/pwg/xiatong/AMPT/14GeV/data_225190601.root /tmp/maxwoo/21EF1A6A9139C9FD2A38E59AFB466F9A_528/INPUTFILES/data_225190601.root
Running: cp /star/data01/pwg/xiatong/AMPT/14GeV/data_225190611.root /tmp/maxwoo/21EF1A6A9139C9FD2A38E59AFB466F9A_528/INPUTFILES/data_225190611.root
Running: cp /star/data01/pwg/xiatong/AMPT/14GeV/data_225190631.root /tmp/maxwoo/21EF1A6A9139C9FD2A38E59AFB466F9A_528/INPUTFILES/data_225190631.root
Running: cp /star/data01/pwg/xiatong/AMPT/14GeV/data_225190681.root /tmp/maxwoo/21EF1A6A9139C9FD2A38E59AFB466F9A_528/INPUTFILES/data_225190681.root
Running: cp /star/data01/pwg/xiatong/AMPT/14GeV/data_225190871.root /tmp/maxwoo/21EF1A6A9139C9FD2A38E59AFB466F9A_528/INPUTFILES/data_225190871.root
Running: cp /star/data01/pwg/xiatong/AMPT/14GeV/data_225191071.root /tmp/maxwoo/21EF1A6A9139C9FD2A38E59AFB466F9A_528/INPUTFILES/data_225191071.root
Running: cp /star/data01/pwg/xiatong/AMPT/14GeV/data_225191241.root /tmp/maxwoo/21EF1A6A9139C9FD2A38E59AFB466F9A_528/INPUTFILES/data_225191241.root
Running: cp /star/data01/pwg/xiatong/AMPT/14GeV/data_225191251.root /tmp/maxwoo/21EF1A6A9139C9FD2A38E59AFB466F9A_528/INPUTFILES/data_225191251.root
Running: cp /star/data01/pwg/xiatong/AMPT/14GeV/data_225191301.root /tmp/maxwoo/21EF1A6A9139C9FD2A38E59AFB466F9A_528/INPUTFILES/data_225191301.root
Running: cp /star/data01/pwg/xiatong/AMPT/14GeV/data_225219441.root /tmp/maxwoo/21EF1A6A9139C9FD2A38E59AFB466F9A_528/INPUTFILES/data_225219441.root
Running: cp /star/data01/pwg/xiatong/AMPT/14GeV/data_225219451.root /tmp/maxwoo/21EF1A6A9139C9FD2A38E59AFB466F9A_528/INPUTFILES/data_225219451.root
Running: cp /star/data01/pwg/xiatong/AMPT/14GeV/data_225219631.root /tmp/maxwoo/21EF1A6A9139C9FD2A38E59AFB466F9A_528/INPUTFILES/data_225219631.root
Running: cp /star/data01/pwg/xiatong/AMPT/14GeV/data_225248231.root /tmp/maxwoo/21EF1A6A9139C9FD2A38E59AFB466F9A_528/INPUTFILES/data_225248231.root
Running: cp /star/data01/pwg/xiatong/AMPT/14GeV/data_225290561.root /tmp/maxwoo/21EF1A6A9139C9FD2A38E59AFB466F9A_528/INPUTFILES/data_225290561.root
Running: cp /star/data01/pwg/xiatong/AMPT/14GeV/data_225290571.root /tmp/maxwoo/21EF1A6A9139C9FD2A38E59AFB466F9A_528/INPUTFILES/data_225290571.root
Running: cp /star/data01/pwg/xiatong/AMPT/14GeV/data_225290641.root /tmp/maxwoo/21EF1A6A9139C9FD2A38E59AFB466F9A_528/INPUTFILES/data_225290641.root
Running: cp /star/data01/pwg/xiatong/AMPT/14GeV/data_225320041.root /tmp/maxwoo/21EF1A6A9139C9FD2A38E59AFB466F9A_528/INPUTFILES/data_225320041.root
Running: cp /star/data01/pwg/xiatong/AMPT/14GeV/data_225390481.root /tmp/maxwoo/21EF1A6A9139C9FD2A38E59AFB466F9A_528/INPUTFILES/data_225390481.root
Swapping $FILELIST with: /tmp/maxwoo/21EF1A6A9139C9FD2A38E59AFB466F9A_528/INPUTFILES/21EF1A6A9139C9FD2A38E59AFB466F9A_528.local.list
+++++++++++local copy debug++++++++++++++++++++
newFileList: /tmp/maxwoo/21EF1A6A9139C9FD2A38E59AFB466F9A_528/INPUTFILES/21EF1A6A9139C9FD2A38E59AFB466F9A_528.local.list
++++++++++++++++cat FILELIST+++++++++++++++++++
/tmp/maxwoo/21EF1A6A9139C9FD2A38E59AFB466F9A_528/INPUTFILES/data_225159811.root 
/tmp/maxwoo/21EF1A6A9139C9FD2A38E59AFB466F9A_528/INPUTFILES/data_225161111.root 
/tmp/maxwoo/21EF1A6A9139C9FD2A38E59AFB466F9A_528/INPUTFILES/data_225166371.root 
/tmp/maxwoo/21EF1A6A9139C9FD2A38E59AFB466F9A_528/INPUTFILES/data_225181761.root 
/tmp/maxwoo/21EF1A6A9139C9FD2A38E59AFB466F9A_528/INPUTFILES/data_225183181.root 
/tmp/maxwoo/21EF1A6A9139C9FD2A38E59AFB466F9A_528/INPUTFILES/data_225183271.root 
/tmp/maxwoo/21EF1A6A9139C9FD2A38E59AFB466F9A_528/INPUTFILES/data_225183281.root 
/tmp/maxwoo/21EF1A6A9139C9FD2A38E59AFB466F9A_528/INPUTFILES/data_225183291.root 
/tmp/maxwoo/21EF1A6A9139C9FD2A38E59AFB466F9A_528/INPUTFILES/data_225183311.root 
/tmp/maxwoo/21EF1A6A9139C9FD2A38E59AFB466F9A_528/INPUTFILES/data_225183321.root 
/tmp/maxwoo/21EF1A6A9139C9FD2A38E59AFB466F9A_528/INPUTFILES/data_225183451.root 
/tmp/maxwoo/21EF1A6A9139C9FD2A38E59AFB466F9A_528/INPUTFILES/data_225183491.root 
/tmp/maxwoo/21EF1A6A9139C9FD2A38E59AFB466F9A_528/INPUTFILES/data_225183611.root 
/tmp/maxwoo/21EF1A6A9139C9FD2A38E59AFB466F9A_528/INPUTFILES/data_225183621.root 
/tmp/maxwoo/21EF1A6A9139C9FD2A38E59AFB466F9A_528/INPUTFILES/data_225183651.root 
/tmp/maxwoo/21EF1A6A9139C9FD2A38E59AFB466F9A_528/INPUTFILES/data_225183881.root 
/tmp/maxwoo/21EF1A6A9139C9FD2A38E59AFB466F9A_528/INPUTFILES/data_225183891.root 
/tmp/maxwoo/21EF1A6A9139C9FD2A38E59AFB466F9A_528/INPUTFILES/data_225183911.root 
/tmp/maxwoo/21EF1A6A9139C9FD2A38E59AFB466F9A_528/INPUTFILES/data_225186591.root 
/tmp/maxwoo/21EF1A6A9139C9FD2A38E59AFB466F9A_528/INPUTFILES/data_225190601.root 
/tmp/maxwoo/21EF1A6A9139C9FD2A38E59AFB466F9A_528/INPUTFILES/data_225190611.root 
/tmp/maxwoo/21EF1A6A9139C9FD2A38E59AFB466F9A_528/INPUTFILES/data_225190631.root 
/tmp/maxwoo/21EF1A6A9139C9FD2A38E59AFB466F9A_528/INPUTFILES/data_225190681.root 
/tmp/maxwoo/21EF1A6A9139C9FD2A38E59AFB466F9A_528/INPUTFILES/data_225190871.root 
/tmp/maxwoo/21EF1A6A9139C9FD2A38E59AFB466F9A_528/INPUTFILES/data_225191071.root 
/tmp/maxwoo/21EF1A6A9139C9FD2A38E59AFB466F9A_528/INPUTFILES/data_225191241.root 
/tmp/maxwoo/21EF1A6A9139C9FD2A38E59AFB466F9A_528/INPUTFILES/data_225191251.root 
/tmp/maxwoo/21EF1A6A9139C9FD2A38E59AFB466F9A_528/INPUTFILES/data_225191301.root 
/tmp/maxwoo/21EF1A6A9139C9FD2A38E59AFB466F9A_528/INPUTFILES/data_225219441.root 
/tmp/maxwoo/21EF1A6A9139C9FD2A38E59AFB466F9A_528/INPUTFILES/data_225219451.root 
/tmp/maxwoo/21EF1A6A9139C9FD2A38E59AFB466F9A_528/INPUTFILES/data_225219631.root 
/tmp/maxwoo/21EF1A6A9139C9FD2A38E59AFB466F9A_528/INPUTFILES/data_225248231.root 
/tmp/maxwoo/21EF1A6A9139C9FD2A38E59AFB466F9A_528/INPUTFILES/data_225290561.root 
/tmp/maxwoo/21EF1A6A9139C9FD2A38E59AFB466F9A_528/INPUTFILES/data_225290571.root 
/tmp/maxwoo/21EF1A6A9139C9FD2A38E59AFB466F9A_528/INPUTFILES/data_225290641.root 
/tmp/maxwoo/21EF1A6A9139C9FD2A38E59AFB466F9A_528/INPUTFILES/data_225320041.root 
/tmp/maxwoo/21EF1A6A9139C9FD2A38E59AFB466F9A_528/INPUTFILES/data_225390481.root 
++++++++++++++++++++find.++++++++++++++++++++++
.
./.sandboxFiles
./lib
./lib/my_particle.cpp
./lib/CenMaker_cpp.d
./lib/CenMaker.cpp
./lib/CenMaker_cpp.so
./lib/CenMaker_cpp_ACLiC_dict_rdict.pcm
./lib/my_event.h
./lib/my_particle_cpp_ACLiC_dict_rdict.pcm
./lib/CenMaker.h
./lib/my_event_cpp_ACLiC_dict_rdict.pcm
./lib/my_particle.h
./lib/my_event.cpp
./lib/MixedBuffer_cpp.so
./lib/MixedBuffer_cpp.d
./lib/my_particle_cpp.d
./lib/NpartNormalizer_cpp.d
./lib/NpartNormalizer_cpp_ACLiC_dict_rdict.pcm
./lib/NpartNormalizer_cpp.so
./lib/MixedBuffer.h
./lib/my_event_cpp.so
./lib/MixedBuffer_cpp_ACLiC_dict_rdict.pcm
./lib/NpartNormalizer.cpp
./lib/my_particle_cpp.so
./lib/my_event_cpp.d
./lib/NpartNormalizer.h
./lib/MixedBuffer.cpp
./Check_Sness.C
./.output.log
./INPUTFILES
./INPUTFILES/data_225190681.root
./INPUTFILES/data_225290641.root
./INPUTFILES/data_225183611.root
./INPUTFILES/data_225183451.root
./INPUTFILES/data_225181761.root
./INPUTFILES/data_225183881.root
./INPUTFILES/data_225390481.root
./INPUTFILES/data_225183491.root
./INPUTFILES/data_225191241.root
./INPUTFILES/data_225191071.root
./INPUTFILES/data_225183291.root
./INPUTFILES/data_225190601.root
./INPUTFILES/data_225183281.root
./INPUTFILES/data_225183651.root
./INPUTFILES/data_225191301.root
./INPUTFILES/data_225183271.root
./INPUTFILES/data_225320041.root
./INPUTFILES/data_225190631.root
./INPUTFILES/data_225186591.root
./INPUTFILES/data_225166371.root
./INPUTFILES/data_225191251.root
./INPUTFILES/data_225183311.root
./INPUTFILES/data_225183911.root
./INPUTFILES/data_225219441.root
./INPUTFILES/data_225290561.root
./INPUTFILES/data_225161111.root
./INPUTFILES/data_225159811.root
./INPUTFILES/data_225290571.root
./INPUTFILES/data_225183621.root
./INPUTFILES/data_225183891.root
./INPUTFILES/data_225219451.root
./INPUTFILES/data_225190611.root
./INPUTFILES/data_225248231.root
./INPUTFILES/21EF1A6A9139C9FD2A38E59AFB466F9A_528.local.list
./INPUTFILES/data_225219631.root
./INPUTFILES/data_225183181.root
./INPUTFILES/data_225183321.root
./INPUTFILES/data_225190871.root
./check_S.C
./.errror.log
++++++++++++++++INPUTFILE Var++++++++++++++++++
FILELIST=/tmp/maxwoo/21EF1A6A9139C9FD2A38E59AFB466F9A_528/INPUTFILES/21EF1A6A9139C9FD2A38E59AFB466F9A_528.local.list
INPUTFILECOUNT=37
INPUTFILE0=/tmp/maxwoo/21EF1A6A9139C9FD2A38E59AFB466F9A_528/INPUTFILES/data_225159811.root
INPUTFILE1=/tmp/maxwoo/21EF1A6A9139C9FD2A38E59AFB466F9A_528/INPUTFILES/data_225161111.root
INPUTFILE2=/tmp/maxwoo/21EF1A6A9139C9FD2A38E59AFB466F9A_528/INPUTFILES/data_225166371.root
INPUTFILE3=/tmp/maxwoo/21EF1A6A9139C9FD2A38E59AFB466F9A_528/INPUTFILES/data_225181761.root
INPUTFILE4=/tmp/maxwoo/21EF1A6A9139C9FD2A38E59AFB466F9A_528/INPUTFILES/data_225183181.root
INPUTFILE5=/tmp/maxwoo/21EF1A6A9139C9FD2A38E59AFB466F9A_528/INPUTFILES/data_225183271.root
INPUTFILE6=/tmp/maxwoo/21EF1A6A9139C9FD2A38E59AFB466F9A_528/INPUTFILES/data_225183281.root
INPUTFILE7=/tmp/maxwoo/21EF1A6A9139C9FD2A38E59AFB466F9A_528/INPUTFILES/data_225183291.root
INPUTFILE8=/tmp/maxwoo/21EF1A6A9139C9FD2A38E59AFB466F9A_528/INPUTFILES/data_225183311.root
INPUTFILE9=/tmp/maxwoo/21EF1A6A9139C9FD2A38E59AFB466F9A_528/INPUTFILES/data_225183321.root
INPUTFILE10=/tmp/maxwoo/21EF1A6A9139C9FD2A38E59AFB466F9A_528/INPUTFILES/data_225183451.root
INPUTFILE11=/tmp/maxwoo/21EF1A6A9139C9FD2A38E59AFB466F9A_528/INPUTFILES/data_225183491.root
INPUTFILE12=/tmp/maxwoo/21EF1A6A9139C9FD2A38E59AFB466F9A_528/INPUTFILES/data_225183611.root
INPUTFILE13=/tmp/maxwoo/21EF1A6A9139C9FD2A38E59AFB466F9A_528/INPUTFILES/data_225183621.root
INPUTFILE14=/tmp/maxwoo/21EF1A6A9139C9FD2A38E59AFB466F9A_528/INPUTFILES/data_225183651.root
INPUTFILE15=/tmp/maxwoo/21EF1A6A9139C9FD2A38E59AFB466F9A_528/INPUTFILES/data_225183881.root
INPUTFILE16=/tmp/maxwoo/21EF1A6A9139C9FD2A38E59AFB466F9A_528/INPUTFILES/data_225183891.root
INPUTFILE17=/tmp/maxwoo/21EF1A6A9139C9FD2A38E59AFB466F9A_528/INPUTFILES/data_225183911.root
INPUTFILE18=/tmp/maxwoo/21EF1A6A9139C9FD2A38E59AFB466F9A_528/INPUTFILES/data_225186591.root
INPUTFILE19=/tmp/maxwoo/21EF1A6A9139C9FD2A38E59AFB466F9A_528/INPUTFILES/data_225190601.root
INPUTFILE20=/tmp/maxwoo/21EF1A6A9139C9FD2A38E59AFB466F9A_528/INPUTFILES/data_225190611.root
INPUTFILE21=/tmp/maxwoo/21EF1A6A9139C9FD2A38E59AFB466F9A_528/INPUTFILES/data_225190631.root
INPUTFILE22=/tmp/maxwoo/21EF1A6A9139C9FD2A38E59AFB466F9A_528/INPUTFILES/data_225190681.root
INPUTFILE23=/tmp/maxwoo/21EF1A6A9139C9FD2A38E59AFB466F9A_528/INPUTFILES/data_225190871.root
INPUTFILE24=/tmp/maxwoo/21EF1A6A9139C9FD2A38E59AFB466F9A_528/INPUTFILES/data_225191071.root
INPUTFILE25=/tmp/maxwoo/21EF1A6A9139C9FD2A38E59AFB466F9A_528/INPUTFILES/data_225191241.root
INPUTFILE26=/tmp/maxwoo/21EF1A6A9139C9FD2A38E59AFB466F9A_528/INPUTFILES/data_225191251.root
INPUTFILE27=/tmp/maxwoo/21EF1A6A9139C9FD2A38E59AFB466F9A_528/INPUTFILES/data_225191301.root
INPUTFILE28=/tmp/maxwoo/21EF1A6A9139C9FD2A38E59AFB466F9A_528/INPUTFILES/data_225219441.root
INPUTFILE29=/tmp/maxwoo/21EF1A6A9139C9FD2A38E59AFB466F9A_528/INPUTFILES/data_225219451.root
INPUTFILE30=/tmp/maxwoo/21EF1A6A9139C9FD2A38E59AFB466F9A_528/INPUTFILES/data_225219631.root
INPUTFILE31=/tmp/maxwoo/21EF1A6A9139C9FD2A38E59AFB466F9A_528/INPUTFILES/data_225248231.root
INPUTFILE32=/tmp/maxwoo/21EF1A6A9139C9FD2A38E59AFB466F9A_528/INPUTFILES/data_225290561.root
INPUTFILE33=/tmp/maxwoo/21EF1A6A9139C9FD2A38E59AFB466F9A_528/INPUTFILES/data_225290571.root
INPUTFILE34=/tmp/maxwoo/21EF1A6A9139C9FD2A38E59AFB466F9A_528/INPUTFILES/data_225290641.root
INPUTFILE35=/tmp/maxwoo/21EF1A6A9139C9FD2A38E59AFB466F9A_528/INPUTFILES/data_225320041.root
INPUTFILE36=/tmp/maxwoo/21EF1A6A9139C9FD2A38E59AFB466F9A_528/INPUTFILES/data_225390481.root
LocalInputFileDir=/tmp/maxwoo/21EF1A6A9139C9FD2A38E59AFB466F9A_528/INPUTFILES
NewFILELIST=/tmp/maxwoo/21EF1A6A9139C9FD2A38E59AFB466F9A_528/INPUTFILES/21EF1A6A9139C9FD2A38E59AFB466F9A_528.local.list
+++++++++++++++++++++++++++++++++++++++++++++++
--------------------------------
Simple Unified Meta Scheduler 1.10.50 we are starting in $SCRATCH : /home/tmp/maxwoo/21EF1A6A9139C9FD2A38E59AFB466F9A_528
--------------------------------
total 16
lrwxrwxrwx 1 maxwoo rhstar   61 Jun  2 11:29 check_S.C -> /gpfs/mnt/gpfs01/star/pwg/xiatong/git/strangeness/./check_S.C
lrwxrwxrwx 1 maxwoo rhstar   65 Jun  2 11:29 Check_Sness.C -> /gpfs/mnt/gpfs01/star/pwg/xiatong/git/strangeness/./Check_Sness.C
drwxr-xr-x 2 maxwoo rhstar 4096 Jun  2 11:33 INPUTFILES
drwxr-xr-x 2 maxwoo rhstar 4096 Jun  2 11:29 lib
  *******************************************
  *                                         *
  *        W E L C O M E  to  R O O T       *
  *                                         *
  *   Version   5.34/38     12 March 2018   *
  *                                         *
  *  You are welcome to visit our Web site  *
  *          http://root.cern.ch            *
  *                                         *
  *******************************************

ROOT 5.34/38 (v5-34-38@v5-34-38, Mar 12 2018, 15:49:39 on linux)

CINT/ROOT C/C++ Interpreter version 5.18.00, July 2, 2010
Type ? for help. Commands must be C++ statements.
Enclose multiple statements between { }.
*** Float Point Exception is OFF ***
 *** Start at Date : Thu Jun  2 11:33:19 2022
QAInfo:You are using STAR_LEVEL : dev, ROOT_LEVEL : 5.34.38 and node : spar0507.usatlas.bnl.gov 

Processing check_S.C++("/tmp/maxwoo/21EF1A6A9139C9FD2A38E59AFB466F9A_528/INPUTFILES/21EF1A6A9139C9FD2A38E59AFB466F9A_528.local.list","21EF1A6A9139C9FD2A38E59AFB466F9A_528",1)...
/tmp/maxwoo/21EF1A6A9139C9FD2A38E59AFB466F9A_528/INPUTFILES/data_225159811.root 
/tmp/maxwoo/21EF1A6A9139C9FD2A38E59AFB466F9A_528/INPUTFILES/data_225161111.root 
/tmp/maxwoo/21EF1A6A9139C9FD2A38E59AFB466F9A_528/INPUTFILES/data_225166371.root 
/tmp/maxwoo/21EF1A6A9139C9FD2A38E59AFB466F9A_528/INPUTFILES/data_225181761.root 
/tmp/maxwoo/21EF1A6A9139C9FD2A38E59AFB466F9A_528/INPUTFILES/data_225183181.root 
/tmp/maxwoo/21EF1A6A9139C9FD2A38E59AFB466F9A_528/INPUTFILES/data_225183271.root 
/tmp/maxwoo/21EF1A6A9139C9FD2A38E59AFB466F9A_528/INPUTFILES/data_225183281.root 
/tmp/maxwoo/21EF1A6A9139C9FD2A38E59AFB466F9A_528/INPUTFILES/data_225183291.root 
/tmp/maxwoo/21EF1A6A9139C9FD2A38E59AFB466F9A_528/INPUTFILES/data_225183311.root 
/tmp/maxwoo/21EF1A6A9139C9FD2A38E59AFB466F9A_528/INPUTFILES/data_225183321.root 
/tmp/maxwoo/21EF1A6A9139C9FD2A38E59AFB466F9A_528/INPUTFILES/data_225183451.root 
/tmp/maxwoo/21EF1A6A9139C9FD2A38E59AFB466F9A_528/INPUTFILES/data_225183491.root 
/tmp/maxwoo/21EF1A6A9139C9FD2A38E59AFB466F9A_528/INPUTFILES/data_225183611.root 
/tmp/maxwoo/21EF1A6A9139C9FD2A38E59AFB466F9A_528/INPUTFILES/data_225183621.root 
/tmp/maxwoo/21EF1A6A9139C9FD2A38E59AFB466F9A_528/INPUTFILES/data_225183651.root 
/tmp/maxwoo/21EF1A6A9139C9FD2A38E59AFB466F9A_528/INPUTFILES/data_225183881.root 
/tmp/maxwoo/21EF1A6A9139C9FD2A38E59AFB466F9A_528/INPUTFILES/data_225183891.root 
/tmp/maxwoo/21EF1A6A9139C9FD2A38E59AFB466F9A_528/INPUTFILES/data_225183911.root 
/tmp/maxwoo/21EF1A6A9139C9FD2A38E59AFB466F9A_528/INPUTFILES/data_225186591.root 
/tmp/maxwoo/21EF1A6A9139C9FD2A38E59AFB466F9A_528/INPUTFILES/data_225190601.root 
/tmp/maxwoo/21EF1A6A9139C9FD2A38E59AFB466F9A_528/INPUTFILES/data_225190611.root 
/tmp/maxwoo/21EF1A6A9139C9FD2A38E59AFB466F9A_528/INPUTFILES/data_225190631.root 
/tmp/maxwoo/21EF1A6A9139C9FD2A38E59AFB466F9A_528/INPUTFILES/data_225190681.root 
/tmp/maxwoo/21EF1A6A9139C9FD2A38E59AFB466F9A_528/INPUTFILES/data_225190871.root 
/tmp/maxwoo/21EF1A6A9139C9FD2A38E59AFB466F9A_528/INPUTFILES/data_225191071.root 
/tmp/maxwoo/21EF1A6A9139C9FD2A38E59AFB466F9A_528/INPUTFILES/data_225191241.root 
/tmp/maxwoo/21EF1A6A9139C9FD2A38E59AFB466F9A_528/INPUTFILES/data_225191251.root 
/tmp/maxwoo/21EF1A6A9139C9FD2A38E59AFB466F9A_528/INPUTFILES/data_225191301.root 
/tmp/maxwoo/21EF1A6A9139C9FD2A38E59AFB466F9A_528/INPUTFILES/data_225219441.root 
/tmp/maxwoo/21EF1A6A9139C9FD2A38E59AFB466F9A_528/INPUTFILES/data_225219451.root 
/tmp/maxwoo/21EF1A6A9139C9FD2A38E59AFB466F9A_528/INPUTFILES/data_225219631.root 
/tmp/maxwoo/21EF1A6A9139C9FD2A38E59AFB466F9A_528/INPUTFILES/data_225248231.root 
/tmp/maxwoo/21EF1A6A9139C9FD2A38E59AFB466F9A_528/INPUTFILES/data_225290561.root 
/tmp/maxwoo/21EF1A6A9139C9FD2A38E59AFB466F9A_528/INPUTFILES/data_225290571.root 
/tmp/maxwoo/21EF1A6A9139C9FD2A38E59AFB466F9A_528/INPUTFILES/data_225290641.root 
/tmp/maxwoo/21EF1A6A9139C9FD2A38E59AFB466F9A_528/INPUTFILES/data_225320041.root 
/tmp/maxwoo/21EF1A6A9139C9FD2A38E59AFB466F9A_528/INPUTFILES/data_225390481.root 
Added 37 files
# entries in chain: 37000
Processing entry == 1000 == out of 37000.
Processing entry == 2000 == out of 37000.
Processing entry == 3000 == out of 37000.
Processing entry == 4000 == out of 37000.
Processing entry == 5000 == out of 37000.
Processing entry == 6000 == out of 37000.
Processing entry == 7000 == out of 37000.
Processing entry == 8000 == out of 37000.
Processing entry == 9000 == out of 37000.
Processing entry == 10000 == out of 37000.
Processing entry == 11000 == out of 37000.
Processing entry == 12000 == out of 37000.
Processing entry == 13000 == out of 37000.
Processing entry == 14000 == out of 37000.
Processing entry == 15000 == out of 37000.
Processing entry == 16000 == out of 37000.
Processing entry == 17000 == out of 37000.
Processing entry == 18000 == out of 37000.
Processing entry == 19000 == out of 37000.
Processing entry == 20000 == out of 37000.
Processing entry == 21000 == out of 37000.
Processing entry == 22000 == out of 37000.
Processing entry == 23000 == out of 37000.
Processing entry == 24000 == out of 37000.
Processing entry == 25000 == out of 37000.
Processing entry == 26000 == out of 37000.
Processing entry == 27000 == out of 37000.
Processing entry == 28000 == out of 37000.
Processing entry == 29000 == out of 37000.
Processing entry == 30000 == out of 37000.
Processing entry == 31000 == out of 37000.
Processing entry == 32000 == out of 37000.
Processing entry == 33000 == out of 37000.
Processing entry == 34000 == out of 37000.
Processing entry == 35000 == out of 37000.
Processing entry == 36000 == out of 37000.
Processing entry == 37000 == out of 37000.

This is the end of ROOT -- Goodbye

Cleaning up sandbox file:  /tmp/maxwoo/21EF1A6A9139C9FD2A38E59AFB466F9A_528/check_S.C
Cleaning up sandbox file:  /tmp/maxwoo/21EF1A6A9139C9FD2A38E59AFB466F9A_528/Check_Sness.C
Cleaning up sandbox file:  /tmp/maxwoo/21EF1A6A9139C9FD2A38E59AFB466F9A_528/lib
Cleaning up sandbox file:  /tmp/maxwoo/21EF1A6A9139C9FD2A38E59AFB466F9A_528/.sandboxFiles
Starting copy block
Running copy command:  /bin/cp -fp /tmp/maxwoo/21EF1A6A9139C9FD2A38E59AFB466F9A_528/out_21EF1A6A9139C9FD2A38E59AFB466F9A_528.root /star/data01/pwg/xiatong/git/strangeness/data/
40906 Execution of (/star/data01/pwg/xiatong/git/strangeness/script/sched21EF1A6A9139C9FD2A38E59AFB466F9A_528.csh ) has ended, exiting normally
40906 We END on [Thu Jun  2 11:53:10 EDT 2022]
