We are starting on node: rcrs6040.rcf.bnl.gov
HOME is not defined
Using getent method
HOME is now /star/u/maxwoo
29783 We will spawn ourselves (/star/data01/pwg/xiatong/git/strangeness/script/sched21EF1A6A9139C9FD2A38E59AFB466F9A_1527.csh )
29783 We BEGIN on [Thu Jun  2 11:15:23 EDT 2022]
[1] 29998
29783 We are waiting for 29998 
29783 Grandchild PID is 30512 - found in 10 x 1 seconds
29783 Establishing first watcher   on    Thu Jun  2 11:15:34 EDT 2022
29783 Process tree is 29783 (main) -> 29998 (child) -> 30512 (grandchild)
F S   UID   PID  PPID  C PRI  NI ADDR SZ WCHAN  TTY        TIME CMD
0 D 100667 30512 29998  0 80   0 - 32311 cxiWai ?          0:00 cp /star/data01/pwg/xiatong/AMPT/14GeV/data_541741301.root /tmp/maxwoo/21EF1A6A9139C9FD2A38E59AFB466F9A_1527/INPUTFILES/data_541741301.root
29783 Grandchild PID is 31988 - found in 30 x 2 seconds
29783 Grandchild to watch has changed on Thu Jun  2 11:16:15 EDT 2022
29783 Process tree is 29783 (main) -> 29998 (child) -> 31988 (grandchild)
F S   UID   PID  PPID  C PRI  NI ADDR SZ WCHAN  TTY        TIME CMD
0 D 100667 31988 29998  0 80   0 - 32311 cxiWai ?          0:00 cp /star/data01/pwg/xiatong/AMPT/14GeV/data_541741311.root /tmp/maxwoo/21EF1A6A9139C9FD2A38E59AFB466F9A_1527/INPUTFILES/data_541741311.root
29783 Grandchild PID is 33925 - found in 40 x 2 seconds
29783 Grandchild to watch has changed on Thu Jun  2 11:16:36 EDT 2022
29783 Process tree is 29783 (main) -> 29998 (child) -> 33925 (grandchild)
F S   UID   PID  PPID  C PRI  NI ADDR SZ WCHAN  TTY        TIME CMD
0 D 100667 33925 29998  0 80   0 - 32311 cxiWai ?          0:00 cp /star/data01/pwg/xiatong/AMPT/14GeV/data_541741391.root /tmp/maxwoo/21EF1A6A9139C9FD2A38E59AFB466F9A_1527/INPUTFILES/data_541741391.root
29783 Grandchild PID is 35485 - found in 50 x 2 seconds
29783 Grandchild to watch has changed on Thu Jun  2 11:16:57 EDT 2022
29783 Process tree is 29783 (main) -> 29998 (child) -> 35485 (grandchild)
F S   UID   PID  PPID  C PRI  NI ADDR SZ WCHAN  TTY        TIME CMD
0 D 100667 35485 29998  0 80   0 - 32311 cxiWai ?          0:00 cp /star/data01/pwg/xiatong/AMPT/14GeV/data_541741401.root /tmp/maxwoo/21EF1A6A9139C9FD2A38E59AFB466F9A_1527/INPUTFILES/data_541741401.root
29783 Grandchild PID is 37055 - found in 70 x 2 seconds
29783 Grandchild to watch has changed on Thu Jun  2 11:17:38 EDT 2022
29783 Process tree is 29783 (main) -> 29998 (child) -> 37055 (grandchild)
F S   UID   PID  PPID  C PRI  NI ADDR SZ WCHAN  TTY        TIME CMD
0 D 100667 37055 29998  0 80   0 - 32311 cxiWai ?          0:00 cp /star/data01/pwg/xiatong/AMPT/14GeV/data_541741441.root /tmp/maxwoo/21EF1A6A9139C9FD2A38E59AFB466F9A_1527/INPUTFILES/data_541741441.root
29783 Grandchild PID is 37783 - found in 80 x 2 seconds
29783 Grandchild to watch has changed on Thu Jun  2 11:17:59 EDT 2022
29783 Process tree is 29783 (main) -> 29998 (child) -> 37783 (grandchild)
F S   UID   PID  PPID  C PRI  NI ADDR SZ WCHAN  TTY        TIME CMD
0 D 100667 37783 29998  0 80   0 - 32311 cxiWai ?          0:00 cp /star/data01/pwg/xiatong/AMPT/14GeV/data_541816151.root /tmp/maxwoo/21EF1A6A9139C9FD2A38E59AFB466F9A_1527/INPUTFILES/data_541816151.root
29783 Grandchild PID is 39350 - found in 90 x 2 seconds
29783 Grandchild to watch has changed on Thu Jun  2 11:18:19 EDT 2022
29783 Process tree is 29783 (main) -> 29998 (child) -> 39350 (grandchild)
F S   UID   PID  PPID  C PRI  NI ADDR SZ WCHAN  TTY        TIME CMD
0 D 100667 39350 29998  0 80   0 - 32311 cxiWai ?          0:00 cp /star/data01/pwg/xiatong/AMPT/14GeV/data_542139341.root /tmp/maxwoo/21EF1A6A9139C9FD2A38E59AFB466F9A_1527/INPUTFILES/data_542139341.root
29783 Grandchild PID is 41655 - found in 110 x 2 seconds
29783 Grandchild to watch has changed on Thu Jun  2 11:19:00 EDT 2022
29783 Process tree is 29783 (main) -> 29998 (child) -> 41655 (grandchild)
F S   UID   PID  PPID  C PRI  NI ADDR SZ WCHAN  TTY        TIME CMD
0 S 100667 41655 29998  0 80   0 -  1272 do_wai ?          0:00 root -b -q check_S.C++("/tmp/maxwoo/21EF1A6A9139C9FD2A38E59AFB466F9A_1527/INPUTFILES/21EF1A6A9139C9FD2A38E59AFB466F9A_1527.local.list","21EF1A6A9139C9FD2A38E59AFB466F9A_1527",1)
29998 Stepping into the main SUMS wrapper program with []
.... building sandbox
Running: cp /star/data01/pwg/xiatong/AMPT/14GeV/data_541731541.root /tmp/maxwoo/21EF1A6A9139C9FD2A38E59AFB466F9A_1527/INPUTFILES/data_541731541.root
Running: cp /star/data01/pwg/xiatong/AMPT/14GeV/data_541731551.root /tmp/maxwoo/21EF1A6A9139C9FD2A38E59AFB466F9A_1527/INPUTFILES/data_541731551.root
Running: cp /star/data01/pwg/xiatong/AMPT/14GeV/data_541731581.root /tmp/maxwoo/21EF1A6A9139C9FD2A38E59AFB466F9A_1527/INPUTFILES/data_541731581.root
Running: cp /star/data01/pwg/xiatong/AMPT/14GeV/data_541741291.root /tmp/maxwoo/21EF1A6A9139C9FD2A38E59AFB466F9A_1527/INPUTFILES/data_541741291.root
Running: cp /star/data01/pwg/xiatong/AMPT/14GeV/data_541741301.root /tmp/maxwoo/21EF1A6A9139C9FD2A38E59AFB466F9A_1527/INPUTFILES/data_541741301.root
Running: cp /star/data01/pwg/xiatong/AMPT/14GeV/data_541741311.root /tmp/maxwoo/21EF1A6A9139C9FD2A38E59AFB466F9A_1527/INPUTFILES/data_541741311.root
Running: cp /star/data01/pwg/xiatong/AMPT/14GeV/data_541741331.root /tmp/maxwoo/21EF1A6A9139C9FD2A38E59AFB466F9A_1527/INPUTFILES/data_541741331.root
Running: cp /star/data01/pwg/xiatong/AMPT/14GeV/data_541741371.root /tmp/maxwoo/21EF1A6A9139C9FD2A38E59AFB466F9A_1527/INPUTFILES/data_541741371.root
Running: cp /star/data01/pwg/xiatong/AMPT/14GeV/data_541741391.root /tmp/maxwoo/21EF1A6A9139C9FD2A38E59AFB466F9A_1527/INPUTFILES/data_541741391.root
Running: cp /star/data01/pwg/xiatong/AMPT/14GeV/data_541741401.root /tmp/maxwoo/21EF1A6A9139C9FD2A38E59AFB466F9A_1527/INPUTFILES/data_541741401.root
Running: cp /star/data01/pwg/xiatong/AMPT/14GeV/data_541741411.root /tmp/maxwoo/21EF1A6A9139C9FD2A38E59AFB466F9A_1527/INPUTFILES/data_541741411.root
Running: cp /star/data01/pwg/xiatong/AMPT/14GeV/data_541741431.root /tmp/maxwoo/21EF1A6A9139C9FD2A38E59AFB466F9A_1527/INPUTFILES/data_541741431.root
Running: cp /star/data01/pwg/xiatong/AMPT/14GeV/data_541741441.root /tmp/maxwoo/21EF1A6A9139C9FD2A38E59AFB466F9A_1527/INPUTFILES/data_541741441.root
Running: cp /star/data01/pwg/xiatong/AMPT/14GeV/data_541751251.root /tmp/maxwoo/21EF1A6A9139C9FD2A38E59AFB466F9A_1527/INPUTFILES/data_541751251.root
Running: cp /star/data01/pwg/xiatong/AMPT/14GeV/data_541751341.root /tmp/maxwoo/21EF1A6A9139C9FD2A38E59AFB466F9A_1527/INPUTFILES/data_541751341.root
Running: cp /star/data01/pwg/xiatong/AMPT/14GeV/data_541816151.root /tmp/maxwoo/21EF1A6A9139C9FD2A38E59AFB466F9A_1527/INPUTFILES/data_541816151.root
Running: cp /star/data01/pwg/xiatong/AMPT/14GeV/data_541916121.root /tmp/maxwoo/21EF1A6A9139C9FD2A38E59AFB466F9A_1527/INPUTFILES/data_541916121.root
Running: cp /star/data01/pwg/xiatong/AMPT/14GeV/data_541916131.root /tmp/maxwoo/21EF1A6A9139C9FD2A38E59AFB466F9A_1527/INPUTFILES/data_541916131.root
Running: cp /star/data01/pwg/xiatong/AMPT/14GeV/data_541916141.root /tmp/maxwoo/21EF1A6A9139C9FD2A38E59AFB466F9A_1527/INPUTFILES/data_541916141.root
Running: cp /star/data01/pwg/xiatong/AMPT/14GeV/data_542016111.root /tmp/maxwoo/21EF1A6A9139C9FD2A38E59AFB466F9A_1527/INPUTFILES/data_542016111.root
Running: cp /star/data01/pwg/xiatong/AMPT/14GeV/data_542029841.root /tmp/maxwoo/21EF1A6A9139C9FD2A38E59AFB466F9A_1527/INPUTFILES/data_542029841.root
Running: cp /star/data01/pwg/xiatong/AMPT/14GeV/data_542106321.root /tmp/maxwoo/21EF1A6A9139C9FD2A38E59AFB466F9A_1527/INPUTFILES/data_542106321.root
Running: cp /star/data01/pwg/xiatong/AMPT/14GeV/data_542112501.root /tmp/maxwoo/21EF1A6A9139C9FD2A38E59AFB466F9A_1527/INPUTFILES/data_542112501.root
Running: cp /star/data01/pwg/xiatong/AMPT/14GeV/data_542112511.root /tmp/maxwoo/21EF1A6A9139C9FD2A38E59AFB466F9A_1527/INPUTFILES/data_542112511.root
Running: cp /star/data01/pwg/xiatong/AMPT/14GeV/data_542112521.root /tmp/maxwoo/21EF1A6A9139C9FD2A38E59AFB466F9A_1527/INPUTFILES/data_542112521.root
Running: cp /star/data01/pwg/xiatong/AMPT/14GeV/data_542112981.root /tmp/maxwoo/21EF1A6A9139C9FD2A38E59AFB466F9A_1527/INPUTFILES/data_542112981.root
Running: cp /star/data01/pwg/xiatong/AMPT/14GeV/data_542116211.root /tmp/maxwoo/21EF1A6A9139C9FD2A38E59AFB466F9A_1527/INPUTFILES/data_542116211.root
Running: cp /star/data01/pwg/xiatong/AMPT/14GeV/data_542123811.root /tmp/maxwoo/21EF1A6A9139C9FD2A38E59AFB466F9A_1527/INPUTFILES/data_542123811.root
Running: cp /star/data01/pwg/xiatong/AMPT/14GeV/data_542125571.root /tmp/maxwoo/21EF1A6A9139C9FD2A38E59AFB466F9A_1527/INPUTFILES/data_542125571.root
Running: cp /star/data01/pwg/xiatong/AMPT/14GeV/data_542129591.root /tmp/maxwoo/21EF1A6A9139C9FD2A38E59AFB466F9A_1527/INPUTFILES/data_542129591.root
Running: cp /star/data01/pwg/xiatong/AMPT/14GeV/data_542139341.root /tmp/maxwoo/21EF1A6A9139C9FD2A38E59AFB466F9A_1527/INPUTFILES/data_542139341.root
Running: cp /star/data01/pwg/xiatong/AMPT/14GeV/data_542141081.root /tmp/maxwoo/21EF1A6A9139C9FD2A38E59AFB466F9A_1527/INPUTFILES/data_542141081.root
Running: cp /star/data01/pwg/xiatong/AMPT/14GeV/data_542141261.root /tmp/maxwoo/21EF1A6A9139C9FD2A38E59AFB466F9A_1527/INPUTFILES/data_542141261.root
Running: cp /star/data01/pwg/xiatong/AMPT/14GeV/data_542141391.root /tmp/maxwoo/21EF1A6A9139C9FD2A38E59AFB466F9A_1527/INPUTFILES/data_542141391.root
Running: cp /star/data01/pwg/xiatong/AMPT/14GeV/data_542141431.root /tmp/maxwoo/21EF1A6A9139C9FD2A38E59AFB466F9A_1527/INPUTFILES/data_542141431.root
Running: cp /star/data01/pwg/xiatong/AMPT/14GeV/data_542141541.root /tmp/maxwoo/21EF1A6A9139C9FD2A38E59AFB466F9A_1527/INPUTFILES/data_542141541.root
Running: cp /star/data01/pwg/xiatong/AMPT/14GeV/data_542141551.root /tmp/maxwoo/21EF1A6A9139C9FD2A38E59AFB466F9A_1527/INPUTFILES/data_542141551.root
Swapping $FILELIST with: /tmp/maxwoo/21EF1A6A9139C9FD2A38E59AFB466F9A_1527/INPUTFILES/21EF1A6A9139C9FD2A38E59AFB466F9A_1527.local.list
+++++++++++local copy debug++++++++++++++++++++
newFileList: /tmp/maxwoo/21EF1A6A9139C9FD2A38E59AFB466F9A_1527/INPUTFILES/21EF1A6A9139C9FD2A38E59AFB466F9A_1527.local.list
++++++++++++++++cat FILELIST+++++++++++++++++++
/tmp/maxwoo/21EF1A6A9139C9FD2A38E59AFB466F9A_1527/INPUTFILES/data_541731541.root 
/tmp/maxwoo/21EF1A6A9139C9FD2A38E59AFB466F9A_1527/INPUTFILES/data_541731551.root 
/tmp/maxwoo/21EF1A6A9139C9FD2A38E59AFB466F9A_1527/INPUTFILES/data_541731581.root 
/tmp/maxwoo/21EF1A6A9139C9FD2A38E59AFB466F9A_1527/INPUTFILES/data_541741291.root 
/tmp/maxwoo/21EF1A6A9139C9FD2A38E59AFB466F9A_1527/INPUTFILES/data_541741301.root 
/tmp/maxwoo/21EF1A6A9139C9FD2A38E59AFB466F9A_1527/INPUTFILES/data_541741311.root 
/tmp/maxwoo/21EF1A6A9139C9FD2A38E59AFB466F9A_1527/INPUTFILES/data_541741331.root 
/tmp/maxwoo/21EF1A6A9139C9FD2A38E59AFB466F9A_1527/INPUTFILES/data_541741371.root 
/tmp/maxwoo/21EF1A6A9139C9FD2A38E59AFB466F9A_1527/INPUTFILES/data_541741391.root 
/tmp/maxwoo/21EF1A6A9139C9FD2A38E59AFB466F9A_1527/INPUTFILES/data_541741401.root 
/tmp/maxwoo/21EF1A6A9139C9FD2A38E59AFB466F9A_1527/INPUTFILES/data_541741411.root 
/tmp/maxwoo/21EF1A6A9139C9FD2A38E59AFB466F9A_1527/INPUTFILES/data_541741431.root 
/tmp/maxwoo/21EF1A6A9139C9FD2A38E59AFB466F9A_1527/INPUTFILES/data_541741441.root 
/tmp/maxwoo/21EF1A6A9139C9FD2A38E59AFB466F9A_1527/INPUTFILES/data_541751251.root 
/tmp/maxwoo/21EF1A6A9139C9FD2A38E59AFB466F9A_1527/INPUTFILES/data_541751341.root 
/tmp/maxwoo/21EF1A6A9139C9FD2A38E59AFB466F9A_1527/INPUTFILES/data_541816151.root 
/tmp/maxwoo/21EF1A6A9139C9FD2A38E59AFB466F9A_1527/INPUTFILES/data_541916121.root 
/tmp/maxwoo/21EF1A6A9139C9FD2A38E59AFB466F9A_1527/INPUTFILES/data_541916131.root 
/tmp/maxwoo/21EF1A6A9139C9FD2A38E59AFB466F9A_1527/INPUTFILES/data_541916141.root 
/tmp/maxwoo/21EF1A6A9139C9FD2A38E59AFB466F9A_1527/INPUTFILES/data_542016111.root 
/tmp/maxwoo/21EF1A6A9139C9FD2A38E59AFB466F9A_1527/INPUTFILES/data_542029841.root 
/tmp/maxwoo/21EF1A6A9139C9FD2A38E59AFB466F9A_1527/INPUTFILES/data_542106321.root 
/tmp/maxwoo/21EF1A6A9139C9FD2A38E59AFB466F9A_1527/INPUTFILES/data_542112501.root 
/tmp/maxwoo/21EF1A6A9139C9FD2A38E59AFB466F9A_1527/INPUTFILES/data_542112511.root 
/tmp/maxwoo/21EF1A6A9139C9FD2A38E59AFB466F9A_1527/INPUTFILES/data_542112521.root 
/tmp/maxwoo/21EF1A6A9139C9FD2A38E59AFB466F9A_1527/INPUTFILES/data_542112981.root 
/tmp/maxwoo/21EF1A6A9139C9FD2A38E59AFB466F9A_1527/INPUTFILES/data_542116211.root 
/tmp/maxwoo/21EF1A6A9139C9FD2A38E59AFB466F9A_1527/INPUTFILES/data_542123811.root 
/tmp/maxwoo/21EF1A6A9139C9FD2A38E59AFB466F9A_1527/INPUTFILES/data_542125571.root 
/tmp/maxwoo/21EF1A6A9139C9FD2A38E59AFB466F9A_1527/INPUTFILES/data_542129591.root 
/tmp/maxwoo/21EF1A6A9139C9FD2A38E59AFB466F9A_1527/INPUTFILES/data_542139341.root 
/tmp/maxwoo/21EF1A6A9139C9FD2A38E59AFB466F9A_1527/INPUTFILES/data_542141081.root 
/tmp/maxwoo/21EF1A6A9139C9FD2A38E59AFB466F9A_1527/INPUTFILES/data_542141261.root 
/tmp/maxwoo/21EF1A6A9139C9FD2A38E59AFB466F9A_1527/INPUTFILES/data_542141391.root 
/tmp/maxwoo/21EF1A6A9139C9FD2A38E59AFB466F9A_1527/INPUTFILES/data_542141431.root 
/tmp/maxwoo/21EF1A6A9139C9FD2A38E59AFB466F9A_1527/INPUTFILES/data_542141541.root 
/tmp/maxwoo/21EF1A6A9139C9FD2A38E59AFB466F9A_1527/INPUTFILES/data_542141551.root 
++++++++++++++++++++find.++++++++++++++++++++++
.
./.errror.log
./INPUTFILES
./INPUTFILES/data_541741411.root
./INPUTFILES/data_541741331.root
./INPUTFILES/data_542141081.root
./INPUTFILES/data_542112511.root
./INPUTFILES/data_541731541.root
./INPUTFILES/data_542112981.root
./INPUTFILES/data_541741371.root
./INPUTFILES/data_541741401.root
./INPUTFILES/data_541731581.root
./INPUTFILES/data_542141391.root
./INPUTFILES/data_542106321.root
./INPUTFILES/data_542116211.root
./INPUTFILES/data_541916121.root
./INPUTFILES/data_541741441.root
./INPUTFILES/data_542141541.root
./INPUTFILES/data_541741311.root
./INPUTFILES/data_542112521.root
./INPUTFILES/data_542129591.root
./INPUTFILES/data_542141261.root
./INPUTFILES/data_542112501.root
./INPUTFILES/data_542016111.root
./INPUTFILES/data_541741431.root
./INPUTFILES/data_541916141.root
./INPUTFILES/data_542029841.root
./INPUTFILES/data_542141431.root
./INPUTFILES/data_542139341.root
./INPUTFILES/data_541741391.root
./INPUTFILES/data_542125571.root
./INPUTFILES/21EF1A6A9139C9FD2A38E59AFB466F9A_1527.local.list
./INPUTFILES/data_541741301.root
./INPUTFILES/data_541816151.root
./INPUTFILES/data_542123811.root
./INPUTFILES/data_541751251.root
./INPUTFILES/data_541916131.root
./INPUTFILES/data_541741291.root
./INPUTFILES/data_541731551.root
./INPUTFILES/data_541751341.root
./INPUTFILES/data_542141551.root
./check_S.C
./Check_Sness.C
./.output.log
./lib
./lib/NpartNormalizer_cpp.d
./lib/MixedBuffer_cpp.so
./lib/NpartNormalizer.cpp
./lib/MixedBuffer_cpp_ACLiC_dict_rdict.pcm
./lib/my_event_cpp.d
./lib/my_particle_cpp.so
./lib/my_event_cpp.so
./lib/NpartNormalizer_cpp.so
./lib/CenMaker.cpp
./lib/NpartNormalizer_cpp_ACLiC_dict_rdict.pcm
./lib/MixedBuffer_cpp.d
./lib/NpartNormalizer.h
./lib/my_event.cpp
./lib/CenMaker_cpp.so
./lib/my_particle.h
./lib/CenMaker_cpp.d
./lib/my_particle.cpp
./lib/my_particle_cpp_ACLiC_dict_rdict.pcm
./lib/my_event.h
./lib/CenMaker_cpp_ACLiC_dict_rdict.pcm
./lib/CenMaker.h
./lib/my_particle_cpp.d
./lib/my_event_cpp_ACLiC_dict_rdict.pcm
./lib/MixedBuffer.cpp
./lib/MixedBuffer.h
./.sandboxFiles
++++++++++++++++INPUTFILE Var++++++++++++++++++
FILELIST=/tmp/maxwoo/21EF1A6A9139C9FD2A38E59AFB466F9A_1527/INPUTFILES/21EF1A6A9139C9FD2A38E59AFB466F9A_1527.local.list
INPUTFILECOUNT=37
INPUTFILE0=/tmp/maxwoo/21EF1A6A9139C9FD2A38E59AFB466F9A_1527/INPUTFILES/data_541731541.root
INPUTFILE1=/tmp/maxwoo/21EF1A6A9139C9FD2A38E59AFB466F9A_1527/INPUTFILES/data_541731551.root
INPUTFILE2=/tmp/maxwoo/21EF1A6A9139C9FD2A38E59AFB466F9A_1527/INPUTFILES/data_541731581.root
INPUTFILE3=/tmp/maxwoo/21EF1A6A9139C9FD2A38E59AFB466F9A_1527/INPUTFILES/data_541741291.root
INPUTFILE4=/tmp/maxwoo/21EF1A6A9139C9FD2A38E59AFB466F9A_1527/INPUTFILES/data_541741301.root
INPUTFILE5=/tmp/maxwoo/21EF1A6A9139C9FD2A38E59AFB466F9A_1527/INPUTFILES/data_541741311.root
INPUTFILE6=/tmp/maxwoo/21EF1A6A9139C9FD2A38E59AFB466F9A_1527/INPUTFILES/data_541741331.root
INPUTFILE7=/tmp/maxwoo/21EF1A6A9139C9FD2A38E59AFB466F9A_1527/INPUTFILES/data_541741371.root
INPUTFILE8=/tmp/maxwoo/21EF1A6A9139C9FD2A38E59AFB466F9A_1527/INPUTFILES/data_541741391.root
INPUTFILE9=/tmp/maxwoo/21EF1A6A9139C9FD2A38E59AFB466F9A_1527/INPUTFILES/data_541741401.root
INPUTFILE10=/tmp/maxwoo/21EF1A6A9139C9FD2A38E59AFB466F9A_1527/INPUTFILES/data_541741411.root
INPUTFILE11=/tmp/maxwoo/21EF1A6A9139C9FD2A38E59AFB466F9A_1527/INPUTFILES/data_541741431.root
INPUTFILE12=/tmp/maxwoo/21EF1A6A9139C9FD2A38E59AFB466F9A_1527/INPUTFILES/data_541741441.root
INPUTFILE13=/tmp/maxwoo/21EF1A6A9139C9FD2A38E59AFB466F9A_1527/INPUTFILES/data_541751251.root
INPUTFILE14=/tmp/maxwoo/21EF1A6A9139C9FD2A38E59AFB466F9A_1527/INPUTFILES/data_541751341.root
INPUTFILE15=/tmp/maxwoo/21EF1A6A9139C9FD2A38E59AFB466F9A_1527/INPUTFILES/data_541816151.root
INPUTFILE16=/tmp/maxwoo/21EF1A6A9139C9FD2A38E59AFB466F9A_1527/INPUTFILES/data_541916121.root
INPUTFILE17=/tmp/maxwoo/21EF1A6A9139C9FD2A38E59AFB466F9A_1527/INPUTFILES/data_541916131.root
INPUTFILE18=/tmp/maxwoo/21EF1A6A9139C9FD2A38E59AFB466F9A_1527/INPUTFILES/data_541916141.root
INPUTFILE19=/tmp/maxwoo/21EF1A6A9139C9FD2A38E59AFB466F9A_1527/INPUTFILES/data_542016111.root
INPUTFILE20=/tmp/maxwoo/21EF1A6A9139C9FD2A38E59AFB466F9A_1527/INPUTFILES/data_542029841.root
INPUTFILE21=/tmp/maxwoo/21EF1A6A9139C9FD2A38E59AFB466F9A_1527/INPUTFILES/data_542106321.root
INPUTFILE22=/tmp/maxwoo/21EF1A6A9139C9FD2A38E59AFB466F9A_1527/INPUTFILES/data_542112501.root
INPUTFILE23=/tmp/maxwoo/21EF1A6A9139C9FD2A38E59AFB466F9A_1527/INPUTFILES/data_542112511.root
INPUTFILE24=/tmp/maxwoo/21EF1A6A9139C9FD2A38E59AFB466F9A_1527/INPUTFILES/data_542112521.root
INPUTFILE25=/tmp/maxwoo/21EF1A6A9139C9FD2A38E59AFB466F9A_1527/INPUTFILES/data_542112981.root
INPUTFILE26=/tmp/maxwoo/21EF1A6A9139C9FD2A38E59AFB466F9A_1527/INPUTFILES/data_542116211.root
INPUTFILE27=/tmp/maxwoo/21EF1A6A9139C9FD2A38E59AFB466F9A_1527/INPUTFILES/data_542123811.root
INPUTFILE28=/tmp/maxwoo/21EF1A6A9139C9FD2A38E59AFB466F9A_1527/INPUTFILES/data_542125571.root
INPUTFILE29=/tmp/maxwoo/21EF1A6A9139C9FD2A38E59AFB466F9A_1527/INPUTFILES/data_542129591.root
INPUTFILE30=/tmp/maxwoo/21EF1A6A9139C9FD2A38E59AFB466F9A_1527/INPUTFILES/data_542139341.root
INPUTFILE31=/tmp/maxwoo/21EF1A6A9139C9FD2A38E59AFB466F9A_1527/INPUTFILES/data_542141081.root
INPUTFILE32=/tmp/maxwoo/21EF1A6A9139C9FD2A38E59AFB466F9A_1527/INPUTFILES/data_542141261.root
INPUTFILE33=/tmp/maxwoo/21EF1A6A9139C9FD2A38E59AFB466F9A_1527/INPUTFILES/data_542141391.root
INPUTFILE34=/tmp/maxwoo/21EF1A6A9139C9FD2A38E59AFB466F9A_1527/INPUTFILES/data_542141431.root
INPUTFILE35=/tmp/maxwoo/21EF1A6A9139C9FD2A38E59AFB466F9A_1527/INPUTFILES/data_542141541.root
INPUTFILE36=/tmp/maxwoo/21EF1A6A9139C9FD2A38E59AFB466F9A_1527/INPUTFILES/data_542141551.root
LocalInputFileDir=/tmp/maxwoo/21EF1A6A9139C9FD2A38E59AFB466F9A_1527/INPUTFILES
NewFILELIST=/tmp/maxwoo/21EF1A6A9139C9FD2A38E59AFB466F9A_1527/INPUTFILES/21EF1A6A9139C9FD2A38E59AFB466F9A_1527.local.list
+++++++++++++++++++++++++++++++++++++++++++++++
--------------------------------
Simple Unified Meta Scheduler 1.10.50 we are starting in $SCRATCH : /home/tmp/maxwoo/21EF1A6A9139C9FD2A38E59AFB466F9A_1527
--------------------------------
total 16
lrwxrwxrwx 1 maxwoo rhstar   61 Jun  2 11:15 check_S.C -> /gpfs/mnt/gpfs01/star/pwg/xiatong/git/strangeness/./check_S.C
lrwxrwxrwx 1 maxwoo rhstar   65 Jun  2 11:15 Check_Sness.C -> /gpfs/mnt/gpfs01/star/pwg/xiatong/git/strangeness/./Check_Sness.C
drwxr-xr-x 2 maxwoo rhstar 4096 Jun  2 11:18 INPUTFILES
drwxr-xr-x 2 maxwoo rhstar 4096 Jun  2 11:15 lib
  *******************************************
  *                                         *
  *        W E L C O M E  to  R O O T       *
  *                                         *
  *   Version   5.34/38     12 March 2018   *
  *                                         *
  *  You are welcome to visit our Web site  *
  *          http://root.cern.ch            *
  *                                         *
  *******************************************

ROOT 5.34/38 (v5-34-38@v5-34-38, Mar 12 2018, 15:49:39 on linux)

CINT/ROOT C/C++ Interpreter version 5.18.00, July 2, 2010
Type ? for help. Commands must be C++ statements.
Enclose multiple statements between { }.
*** Float Point Exception is OFF ***
 *** Start at Date : Thu Jun  2 11:18:50 2022
QAInfo:You are using STAR_LEVEL : dev, ROOT_LEVEL : 5.34.38 and node : rcrs6040.rcf.bnl.gov 

Processing check_S.C++("/tmp/maxwoo/21EF1A6A9139C9FD2A38E59AFB466F9A_1527/INPUTFILES/21EF1A6A9139C9FD2A38E59AFB466F9A_1527.local.list","21EF1A6A9139C9FD2A38E59AFB466F9A_1527",1)...
/tmp/maxwoo/21EF1A6A9139C9FD2A38E59AFB466F9A_1527/INPUTFILES/data_541731541.root 
/tmp/maxwoo/21EF1A6A9139C9FD2A38E59AFB466F9A_1527/INPUTFILES/data_541731551.root 
/tmp/maxwoo/21EF1A6A9139C9FD2A38E59AFB466F9A_1527/INPUTFILES/data_541731581.root 
/tmp/maxwoo/21EF1A6A9139C9FD2A38E59AFB466F9A_1527/INPUTFILES/data_541741291.root 
/tmp/maxwoo/21EF1A6A9139C9FD2A38E59AFB466F9A_1527/INPUTFILES/data_541741301.root 
/tmp/maxwoo/21EF1A6A9139C9FD2A38E59AFB466F9A_1527/INPUTFILES/data_541741311.root 
/tmp/maxwoo/21EF1A6A9139C9FD2A38E59AFB466F9A_1527/INPUTFILES/data_541741331.root 
/tmp/maxwoo/21EF1A6A9139C9FD2A38E59AFB466F9A_1527/INPUTFILES/data_541741371.root 
/tmp/maxwoo/21EF1A6A9139C9FD2A38E59AFB466F9A_1527/INPUTFILES/data_541741391.root 
/tmp/maxwoo/21EF1A6A9139C9FD2A38E59AFB466F9A_1527/INPUTFILES/data_541741401.root 
/tmp/maxwoo/21EF1A6A9139C9FD2A38E59AFB466F9A_1527/INPUTFILES/data_541741411.root 
/tmp/maxwoo/21EF1A6A9139C9FD2A38E59AFB466F9A_1527/INPUTFILES/data_541741431.root 
/tmp/maxwoo/21EF1A6A9139C9FD2A38E59AFB466F9A_1527/INPUTFILES/data_541741441.root 
/tmp/maxwoo/21EF1A6A9139C9FD2A38E59AFB466F9A_1527/INPUTFILES/data_541751251.root 
/tmp/maxwoo/21EF1A6A9139C9FD2A38E59AFB466F9A_1527/INPUTFILES/data_541751341.root 
/tmp/maxwoo/21EF1A6A9139C9FD2A38E59AFB466F9A_1527/INPUTFILES/data_541816151.root 
/tmp/maxwoo/21EF1A6A9139C9FD2A38E59AFB466F9A_1527/INPUTFILES/data_541916121.root 
/tmp/maxwoo/21EF1A6A9139C9FD2A38E59AFB466F9A_1527/INPUTFILES/data_541916131.root 
/tmp/maxwoo/21EF1A6A9139C9FD2A38E59AFB466F9A_1527/INPUTFILES/data_541916141.root 
/tmp/maxwoo/21EF1A6A9139C9FD2A38E59AFB466F9A_1527/INPUTFILES/data_542016111.root 
/tmp/maxwoo/21EF1A6A9139C9FD2A38E59AFB466F9A_1527/INPUTFILES/data_542029841.root 
/tmp/maxwoo/21EF1A6A9139C9FD2A38E59AFB466F9A_1527/INPUTFILES/data_542106321.root 
/tmp/maxwoo/21EF1A6A9139C9FD2A38E59AFB466F9A_1527/INPUTFILES/data_542112501.root 
/tmp/maxwoo/21EF1A6A9139C9FD2A38E59AFB466F9A_1527/INPUTFILES/data_542112511.root 
/tmp/maxwoo/21EF1A6A9139C9FD2A38E59AFB466F9A_1527/INPUTFILES/data_542112521.root 
/tmp/maxwoo/21EF1A6A9139C9FD2A38E59AFB466F9A_1527/INPUTFILES/data_542112981.root 
/tmp/maxwoo/21EF1A6A9139C9FD2A38E59AFB466F9A_1527/INPUTFILES/data_542116211.root 
/tmp/maxwoo/21EF1A6A9139C9FD2A38E59AFB466F9A_1527/INPUTFILES/data_542123811.root 
/tmp/maxwoo/21EF1A6A9139C9FD2A38E59AFB466F9A_1527/INPUTFILES/data_542125571.root 
/tmp/maxwoo/21EF1A6A9139C9FD2A38E59AFB466F9A_1527/INPUTFILES/data_542129591.root 
/tmp/maxwoo/21EF1A6A9139C9FD2A38E59AFB466F9A_1527/INPUTFILES/data_542139341.root 
/tmp/maxwoo/21EF1A6A9139C9FD2A38E59AFB466F9A_1527/INPUTFILES/data_542141081.root 
/tmp/maxwoo/21EF1A6A9139C9FD2A38E59AFB466F9A_1527/INPUTFILES/data_542141261.root 
/tmp/maxwoo/21EF1A6A9139C9FD2A38E59AFB466F9A_1527/INPUTFILES/data_542141391.root 
/tmp/maxwoo/21EF1A6A9139C9FD2A38E59AFB466F9A_1527/INPUTFILES/data_542141431.root 
/tmp/maxwoo/21EF1A6A9139C9FD2A38E59AFB466F9A_1527/INPUTFILES/data_542141541.root 
/tmp/maxwoo/21EF1A6A9139C9FD2A38E59AFB466F9A_1527/INPUTFILES/data_542141551.root 
Added 37 files
# entries in chain: 37000
Processing entry == 1000 == out of 37000.
Processing entry == 2000 == out of 37000.
Processing entry == 3000 == out of 37000.
Processing entry == 4000 == out of 37000.
Processing entry == 5000 == out of 37000.
Processing entry == 6000 == out of 37000.
Processing entry == 7000 == out of 37000.
Processing entry == 8000 == out of 37000.
Processing entry == 9000 == out of 37000.
Processing entry == 10000 == out of 37000.
Processing entry == 11000 == out of 37000.
Processing entry == 12000 == out of 37000.
Processing entry == 13000 == out of 37000.
Processing entry == 14000 == out of 37000.
Processing entry == 15000 == out of 37000.
Processing entry == 16000 == out of 37000.
Processing entry == 17000 == out of 37000.
Processing entry == 18000 == out of 37000.
Processing entry == 19000 == out of 37000.
Processing entry == 20000 == out of 37000.
Processing entry == 21000 == out of 37000.
Processing entry == 22000 == out of 37000.
Processing entry == 23000 == out of 37000.
Processing entry == 24000 == out of 37000.
Processing entry == 25000 == out of 37000.
Processing entry == 26000 == out of 37000.
Processing entry == 27000 == out of 37000.
Processing entry == 28000 == out of 37000.
Processing entry == 29000 == out of 37000.
Processing entry == 30000 == out of 37000.
Processing entry == 31000 == out of 37000.
Processing entry == 32000 == out of 37000.
Processing entry == 33000 == out of 37000.
Processing entry == 34000 == out of 37000.
Processing entry == 35000 == out of 37000.
Processing entry == 36000 == out of 37000.
Processing entry == 37000 == out of 37000.

This is the end of ROOT -- Goodbye

Cleaning up sandbox file:  /tmp/maxwoo/21EF1A6A9139C9FD2A38E59AFB466F9A_1527/check_S.C
Cleaning up sandbox file:  /tmp/maxwoo/21EF1A6A9139C9FD2A38E59AFB466F9A_1527/Check_Sness.C
Cleaning up sandbox file:  /tmp/maxwoo/21EF1A6A9139C9FD2A38E59AFB466F9A_1527/lib
Cleaning up sandbox file:  /tmp/maxwoo/21EF1A6A9139C9FD2A38E59AFB466F9A_1527/.sandboxFiles
Starting copy block
Running copy command:  /bin/cp -fp /tmp/maxwoo/21EF1A6A9139C9FD2A38E59AFB466F9A_1527/out_21EF1A6A9139C9FD2A38E59AFB466F9A_1527.root /star/data01/pwg/xiatong/git/strangeness/data/
29783 Execution of (/star/data01/pwg/xiatong/git/strangeness/script/sched21EF1A6A9139C9FD2A38E59AFB466F9A_1527.csh ) has ended, exiting normally
29783 We END on [Thu Jun  2 11:40:00 EDT 2022]
