We are starting on node: rcas2012.rcf.bnl.gov
HOME is not defined
Using getent method
HOME is now /star/u/maxwoo
78104 We will spawn ourselves (/star/data01/pwg/xiatong/git/strangeness/script/sched21EF1A6A9139C9FD2A38E59AFB466F9A_1343.csh )
78104 We BEGIN on [Thu Jun  2 11:19:25 EDT 2022]
[1] 78321
78104 We are waiting for 78321 
78104 Grandchild PID is 79540 - found in 10 x 1 seconds
78104 Establishing first watcher   on    Thu Jun  2 11:19:35 EDT 2022
78104 Process tree is 78104 (main) -> 78321 (child) -> 79540 (grandchild)
F S   UID    PID   PPID  C PRI  NI ADDR SZ WCHAN  TTY        TIME CMD
0 D 100667 79540  78321  0  80   0 - 32311 cxiWai ?          0:00 cp /star/data01/pwg/xiatong/AMPT/14GeV/data_448191881.root /tmp/maxwoo/21EF1A6A9139C9FD2A38E59AFB466F9A_1343/INPUTFILES/data_448191881.root
78104 Grandchild PID is 80937 - found in 20 x 2 seconds
78104 Grandchild to watch has changed on Thu Jun  2 11:19:56 EDT 2022
78104 Process tree is 78104 (main) -> 78321 (child) -> 80937 (grandchild)
F S   UID    PID   PPID  C PRI  NI ADDR SZ WCHAN  TTY        TIME CMD
0 D 100667 80937  78321  0  80   0 - 32311 cxiWai ?          0:00 cp /star/data01/pwg/xiatong/AMPT/14GeV/data_448192031.root /tmp/maxwoo/21EF1A6A9139C9FD2A38E59AFB466F9A_1343/INPUTFILES/data_448192031.root
78104 Grandchild PID is 82382 - found in 30 x 2 seconds
78104 Grandchild to watch has changed on Thu Jun  2 11:20:17 EDT 2022
78104 Process tree is 78104 (main) -> 78321 (child) -> 82382 (grandchild)
F S   UID    PID   PPID  C PRI  NI ADDR SZ WCHAN  TTY        TIME CMD
0 D 100667 82382  78321  0  80   0 - 32311 cxiWai ?          0:00 cp /star/data01/pwg/xiatong/AMPT/14GeV/data_448483621.root /tmp/maxwoo/21EF1A6A9139C9FD2A38E59AFB466F9A_1343/INPUTFILES/data_448483621.root
78104 Grandchild PID is 84715 - found in 40 x 2 seconds
78104 Grandchild to watch has changed on Thu Jun  2 11:20:38 EDT 2022
78104 Process tree is 78104 (main) -> 78321 (child) -> 84715 (grandchild)
F S   UID    PID   PPID  C PRI  NI ADDR SZ WCHAN  TTY        TIME CMD
0 D 100667 84715  78321  0  80   0 - 32311 cxiWai ?          0:00 cp /star/data01/pwg/xiatong/AMPT/14GeV/data_448548791.root /tmp/maxwoo/21EF1A6A9139C9FD2A38E59AFB466F9A_1343/INPUTFILES/data_448548791.root
78104 Grandchild PID is 86902 - found in 50 x 2 seconds
78104 Grandchild to watch has changed on Thu Jun  2 11:20:59 EDT 2022
78104 Process tree is 78104 (main) -> 78321 (child) -> 86902 (grandchild)
F S   UID    PID   PPID  C PRI  NI ADDR SZ WCHAN  TTY        TIME CMD
0 D 100667 86902  78321  0  80   0 - 32311 cxiWai ?          0:00 cp /star/data01/pwg/xiatong/AMPT/14GeV/data_448583611.root /tmp/maxwoo/21EF1A6A9139C9FD2A38E59AFB466F9A_1343/INPUTFILES/data_448583611.root
78104 Grandchild PID is 89032 - found in 60 x 2 seconds
78104 Grandchild to watch has changed on Thu Jun  2 11:21:20 EDT 2022
78104 Process tree is 78104 (main) -> 78321 (child) -> 89032 (grandchild)
F S   UID    PID   PPID  C PRI  NI ADDR SZ WCHAN  TTY        TIME CMD
0 D 100667 89032  78321  0  80   0 - 32311 cxiWai ?          0:00 cp /star/data01/pwg/xiatong/AMPT/14GeV/data_448650661.root /tmp/maxwoo/21EF1A6A9139C9FD2A38E59AFB466F9A_1343/INPUTFILES/data_448650661.root
78104 Grandchild PID is 90029 - found in 70 x 2 seconds
78104 Grandchild to watch has changed on Thu Jun  2 11:21:40 EDT 2022
78104 Process tree is 78104 (main) -> 78321 (child) -> 90029 (grandchild)
F S   UID    PID   PPID  C PRI  NI ADDR SZ WCHAN  TTY        TIME CMD
0 D 100667 90029  78321  0  80   0 - 32311 cxiWai ?          0:00 cp /star/data01/pwg/xiatong/AMPT/14GeV/data_448741691.root /tmp/maxwoo/21EF1A6A9139C9FD2A38E59AFB466F9A_1343/INPUTFILES/data_448741691.root
78104 Grandchild PID is 92100 - found in 80 x 2 seconds
78104 Grandchild to watch has changed on Thu Jun  2 11:22:01 EDT 2022
78104 Process tree is 78104 (main) -> 78321 (child) -> 92100 (grandchild)
F S   UID    PID   PPID  C PRI  NI ADDR SZ WCHAN  TTY        TIME CMD
0 D 100667 92100  78321  0  80   0 - 32311 cxiWai ?          0:00 cp /star/data01/pwg/xiatong/AMPT/14GeV/data_448850641.root /tmp/maxwoo/21EF1A6A9139C9FD2A38E59AFB466F9A_1343/INPUTFILES/data_448850641.root
78104 Grandchild PID is 94122 - found in 90 x 2 seconds
78104 Grandchild to watch has changed on Thu Jun  2 11:22:22 EDT 2022
78104 Process tree is 78104 (main) -> 78321 (child) -> 94122 (grandchild)
F S   UID    PID   PPID  C PRI  NI ADDR SZ WCHAN  TTY        TIME CMD
0 S 100667 94122  78321  0  80   0 -  1272 do_wai ?          0:00 root -b -q check_S.C++("/tmp/maxwoo/21EF1A6A9139C9FD2A38E59AFB466F9A_1343/INPUTFILES/21EF1A6A9139C9FD2A38E59AFB466F9A_1343.local.list","21EF1A6A9139C9FD2A38E59AFB466F9A_1343",1)
78321 Stepping into the main SUMS wrapper program with []
.... building sandbox
Running: cp /star/data01/pwg/xiatong/AMPT/14GeV/data_448183641.root /tmp/maxwoo/21EF1A6A9139C9FD2A38E59AFB466F9A_1343/INPUTFILES/data_448183641.root
Running: cp /star/data01/pwg/xiatong/AMPT/14GeV/data_448191871.root /tmp/maxwoo/21EF1A6A9139C9FD2A38E59AFB466F9A_1343/INPUTFILES/data_448191871.root
Running: cp /star/data01/pwg/xiatong/AMPT/14GeV/data_448191881.root /tmp/maxwoo/21EF1A6A9139C9FD2A38E59AFB466F9A_1343/INPUTFILES/data_448191881.root
Running: cp /star/data01/pwg/xiatong/AMPT/14GeV/data_448191891.root /tmp/maxwoo/21EF1A6A9139C9FD2A38E59AFB466F9A_1343/INPUTFILES/data_448191891.root
Running: cp /star/data01/pwg/xiatong/AMPT/14GeV/data_448191901.root /tmp/maxwoo/21EF1A6A9139C9FD2A38E59AFB466F9A_1343/INPUTFILES/data_448191901.root
Running: cp /star/data01/pwg/xiatong/AMPT/14GeV/data_448191991.root /tmp/maxwoo/21EF1A6A9139C9FD2A38E59AFB466F9A_1343/INPUTFILES/data_448191991.root
Running: cp /star/data01/pwg/xiatong/AMPT/14GeV/data_448192031.root /tmp/maxwoo/21EF1A6A9139C9FD2A38E59AFB466F9A_1343/INPUTFILES/data_448192031.root
Running: cp /star/data01/pwg/xiatong/AMPT/14GeV/data_448192241.root /tmp/maxwoo/21EF1A6A9139C9FD2A38E59AFB466F9A_1343/INPUTFILES/data_448192241.root
Running: cp /star/data01/pwg/xiatong/AMPT/14GeV/data_448192271.root /tmp/maxwoo/21EF1A6A9139C9FD2A38E59AFB466F9A_1343/INPUTFILES/data_448192271.root
Running: cp /star/data01/pwg/xiatong/AMPT/14GeV/data_448192381.root /tmp/maxwoo/21EF1A6A9139C9FD2A38E59AFB466F9A_1343/INPUTFILES/data_448192381.root
Running: cp /star/data01/pwg/xiatong/AMPT/14GeV/data_448192721.root /tmp/maxwoo/21EF1A6A9139C9FD2A38E59AFB466F9A_1343/INPUTFILES/data_448192721.root
Running: cp /star/data01/pwg/xiatong/AMPT/14GeV/data_448192991.root /tmp/maxwoo/21EF1A6A9139C9FD2A38E59AFB466F9A_1343/INPUTFILES/data_448192991.root
Running: cp /star/data01/pwg/xiatong/AMPT/14GeV/data_448198191.root /tmp/maxwoo/21EF1A6A9139C9FD2A38E59AFB466F9A_1343/INPUTFILES/data_448198191.root
Running: cp /star/data01/pwg/xiatong/AMPT/14GeV/data_448210271.root /tmp/maxwoo/21EF1A6A9139C9FD2A38E59AFB466F9A_1343/INPUTFILES/data_448210271.root
Running: cp /star/data01/pwg/xiatong/AMPT/14GeV/data_448212881.root /tmp/maxwoo/21EF1A6A9139C9FD2A38E59AFB466F9A_1343/INPUTFILES/data_448212881.root
Running: cp /star/data01/pwg/xiatong/AMPT/14GeV/data_448215481.root /tmp/maxwoo/21EF1A6A9139C9FD2A38E59AFB466F9A_1343/INPUTFILES/data_448215481.root
Running: cp /star/data01/pwg/xiatong/AMPT/14GeV/data_448228351.root /tmp/maxwoo/21EF1A6A9139C9FD2A38E59AFB466F9A_1343/INPUTFILES/data_448228351.root
Running: cp /star/data01/pwg/xiatong/AMPT/14GeV/data_448230721.root /tmp/maxwoo/21EF1A6A9139C9FD2A38E59AFB466F9A_1343/INPUTFILES/data_448230721.root
Running: cp /star/data01/pwg/xiatong/AMPT/14GeV/data_448250711.root /tmp/maxwoo/21EF1A6A9139C9FD2A38E59AFB466F9A_1343/INPUTFILES/data_448250711.root
Running: cp /star/data01/pwg/xiatong/AMPT/14GeV/data_448450691.root /tmp/maxwoo/21EF1A6A9139C9FD2A38E59AFB466F9A_1343/INPUTFILES/data_448450691.root
Running: cp /star/data01/pwg/xiatong/AMPT/14GeV/data_448483621.root /tmp/maxwoo/21EF1A6A9139C9FD2A38E59AFB466F9A_1343/INPUTFILES/data_448483621.root
Running: cp /star/data01/pwg/xiatong/AMPT/14GeV/data_448533241.root /tmp/maxwoo/21EF1A6A9139C9FD2A38E59AFB466F9A_1343/INPUTFILES/data_448533241.root
Running: cp /star/data01/pwg/xiatong/AMPT/14GeV/data_448548791.root /tmp/maxwoo/21EF1A6A9139C9FD2A38E59AFB466F9A_1343/INPUTFILES/data_448548791.root
Running: cp /star/data01/pwg/xiatong/AMPT/14GeV/data_448550671.root /tmp/maxwoo/21EF1A6A9139C9FD2A38E59AFB466F9A_1343/INPUTFILES/data_448550671.root
Running: cp /star/data01/pwg/xiatong/AMPT/14GeV/data_448550681.root /tmp/maxwoo/21EF1A6A9139C9FD2A38E59AFB466F9A_1343/INPUTFILES/data_448550681.root
Running: cp /star/data01/pwg/xiatong/AMPT/14GeV/data_448550701.root /tmp/maxwoo/21EF1A6A9139C9FD2A38E59AFB466F9A_1343/INPUTFILES/data_448550701.root
Running: cp /star/data01/pwg/xiatong/AMPT/14GeV/data_448583611.root /tmp/maxwoo/21EF1A6A9139C9FD2A38E59AFB466F9A_1343/INPUTFILES/data_448583611.root
Running: cp /star/data01/pwg/xiatong/AMPT/14GeV/data_448650661.root /tmp/maxwoo/21EF1A6A9139C9FD2A38E59AFB466F9A_1343/INPUTFILES/data_448650661.root
Running: cp /star/data01/pwg/xiatong/AMPT/14GeV/data_448741691.root /tmp/maxwoo/21EF1A6A9139C9FD2A38E59AFB466F9A_1343/INPUTFILES/data_448741691.root
Running: cp /star/data01/pwg/xiatong/AMPT/14GeV/data_448786271.root /tmp/maxwoo/21EF1A6A9139C9FD2A38E59AFB466F9A_1343/INPUTFILES/data_448786271.root
Running: cp /star/data01/pwg/xiatong/AMPT/14GeV/data_448850641.root /tmp/maxwoo/21EF1A6A9139C9FD2A38E59AFB466F9A_1343/INPUTFILES/data_448850641.root
Running: cp /star/data01/pwg/xiatong/AMPT/14GeV/data_448850651.root /tmp/maxwoo/21EF1A6A9139C9FD2A38E59AFB466F9A_1343/INPUTFILES/data_448850651.root
Running: cp /star/data01/pwg/xiatong/AMPT/14GeV/data_448931331.root /tmp/maxwoo/21EF1A6A9139C9FD2A38E59AFB466F9A_1343/INPUTFILES/data_448931331.root
Running: cp /star/data01/pwg/xiatong/AMPT/14GeV/data_448935551.root /tmp/maxwoo/21EF1A6A9139C9FD2A38E59AFB466F9A_1343/INPUTFILES/data_448935551.root
Running: cp /star/data01/pwg/xiatong/AMPT/14GeV/data_448950751.root /tmp/maxwoo/21EF1A6A9139C9FD2A38E59AFB466F9A_1343/INPUTFILES/data_448950751.root
Running: cp /star/data01/pwg/xiatong/AMPT/14GeV/data_448983601.root /tmp/maxwoo/21EF1A6A9139C9FD2A38E59AFB466F9A_1343/INPUTFILES/data_448983601.root
Running: cp /star/data01/pwg/xiatong/AMPT/14GeV/data_449025381.root /tmp/maxwoo/21EF1A6A9139C9FD2A38E59AFB466F9A_1343/INPUTFILES/data_449025381.root
Swapping $FILELIST with: /tmp/maxwoo/21EF1A6A9139C9FD2A38E59AFB466F9A_1343/INPUTFILES/21EF1A6A9139C9FD2A38E59AFB466F9A_1343.local.list
+++++++++++local copy debug++++++++++++++++++++
newFileList: /tmp/maxwoo/21EF1A6A9139C9FD2A38E59AFB466F9A_1343/INPUTFILES/21EF1A6A9139C9FD2A38E59AFB466F9A_1343.local.list
++++++++++++++++cat FILELIST+++++++++++++++++++
/tmp/maxwoo/21EF1A6A9139C9FD2A38E59AFB466F9A_1343/INPUTFILES/data_448183641.root 
/tmp/maxwoo/21EF1A6A9139C9FD2A38E59AFB466F9A_1343/INPUTFILES/data_448191871.root 
/tmp/maxwoo/21EF1A6A9139C9FD2A38E59AFB466F9A_1343/INPUTFILES/data_448191881.root 
/tmp/maxwoo/21EF1A6A9139C9FD2A38E59AFB466F9A_1343/INPUTFILES/data_448191891.root 
/tmp/maxwoo/21EF1A6A9139C9FD2A38E59AFB466F9A_1343/INPUTFILES/data_448191901.root 
/tmp/maxwoo/21EF1A6A9139C9FD2A38E59AFB466F9A_1343/INPUTFILES/data_448191991.root 
/tmp/maxwoo/21EF1A6A9139C9FD2A38E59AFB466F9A_1343/INPUTFILES/data_448192031.root 
/tmp/maxwoo/21EF1A6A9139C9FD2A38E59AFB466F9A_1343/INPUTFILES/data_448192241.root 
/tmp/maxwoo/21EF1A6A9139C9FD2A38E59AFB466F9A_1343/INPUTFILES/data_448192271.root 
/tmp/maxwoo/21EF1A6A9139C9FD2A38E59AFB466F9A_1343/INPUTFILES/data_448192381.root 
/tmp/maxwoo/21EF1A6A9139C9FD2A38E59AFB466F9A_1343/INPUTFILES/data_448192721.root 
/tmp/maxwoo/21EF1A6A9139C9FD2A38E59AFB466F9A_1343/INPUTFILES/data_448192991.root 
/tmp/maxwoo/21EF1A6A9139C9FD2A38E59AFB466F9A_1343/INPUTFILES/data_448198191.root 
/tmp/maxwoo/21EF1A6A9139C9FD2A38E59AFB466F9A_1343/INPUTFILES/data_448210271.root 
/tmp/maxwoo/21EF1A6A9139C9FD2A38E59AFB466F9A_1343/INPUTFILES/data_448212881.root 
/tmp/maxwoo/21EF1A6A9139C9FD2A38E59AFB466F9A_1343/INPUTFILES/data_448215481.root 
/tmp/maxwoo/21EF1A6A9139C9FD2A38E59AFB466F9A_1343/INPUTFILES/data_448228351.root 
/tmp/maxwoo/21EF1A6A9139C9FD2A38E59AFB466F9A_1343/INPUTFILES/data_448230721.root 
/tmp/maxwoo/21EF1A6A9139C9FD2A38E59AFB466F9A_1343/INPUTFILES/data_448250711.root 
/tmp/maxwoo/21EF1A6A9139C9FD2A38E59AFB466F9A_1343/INPUTFILES/data_448450691.root 
/tmp/maxwoo/21EF1A6A9139C9FD2A38E59AFB466F9A_1343/INPUTFILES/data_448483621.root 
/tmp/maxwoo/21EF1A6A9139C9FD2A38E59AFB466F9A_1343/INPUTFILES/data_448533241.root 
/tmp/maxwoo/21EF1A6A9139C9FD2A38E59AFB466F9A_1343/INPUTFILES/data_448548791.root 
/tmp/maxwoo/21EF1A6A9139C9FD2A38E59AFB466F9A_1343/INPUTFILES/data_448550671.root 
/tmp/maxwoo/21EF1A6A9139C9FD2A38E59AFB466F9A_1343/INPUTFILES/data_448550681.root 
/tmp/maxwoo/21EF1A6A9139C9FD2A38E59AFB466F9A_1343/INPUTFILES/data_448550701.root 
/tmp/maxwoo/21EF1A6A9139C9FD2A38E59AFB466F9A_1343/INPUTFILES/data_448583611.root 
/tmp/maxwoo/21EF1A6A9139C9FD2A38E59AFB466F9A_1343/INPUTFILES/data_448650661.root 
/tmp/maxwoo/21EF1A6A9139C9FD2A38E59AFB466F9A_1343/INPUTFILES/data_448741691.root 
/tmp/maxwoo/21EF1A6A9139C9FD2A38E59AFB466F9A_1343/INPUTFILES/data_448786271.root 
/tmp/maxwoo/21EF1A6A9139C9FD2A38E59AFB466F9A_1343/INPUTFILES/data_448850641.root 
/tmp/maxwoo/21EF1A6A9139C9FD2A38E59AFB466F9A_1343/INPUTFILES/data_448850651.root 
/tmp/maxwoo/21EF1A6A9139C9FD2A38E59AFB466F9A_1343/INPUTFILES/data_448931331.root 
/tmp/maxwoo/21EF1A6A9139C9FD2A38E59AFB466F9A_1343/INPUTFILES/data_448935551.root 
/tmp/maxwoo/21EF1A6A9139C9FD2A38E59AFB466F9A_1343/INPUTFILES/data_448950751.root 
/tmp/maxwoo/21EF1A6A9139C9FD2A38E59AFB466F9A_1343/INPUTFILES/data_448983601.root 
/tmp/maxwoo/21EF1A6A9139C9FD2A38E59AFB466F9A_1343/INPUTFILES/data_449025381.root 
++++++++++++++++++++find.++++++++++++++++++++++
.
./Check_Sness.C
./INPUTFILES
./INPUTFILES/data_448550671.root
./INPUTFILES/data_448550701.root
./INPUTFILES/data_448250711.root
./INPUTFILES/data_448850651.root
./INPUTFILES/data_448191991.root
./INPUTFILES/data_448583611.root
./INPUTFILES/data_448786271.root
./INPUTFILES/data_448191881.root
./INPUTFILES/21EF1A6A9139C9FD2A38E59AFB466F9A_1343.local.list
./INPUTFILES/data_448215481.root
./INPUTFILES/data_448931331.root
./INPUTFILES/data_448935551.root
./INPUTFILES/data_448192241.root
./INPUTFILES/data_448192991.root
./INPUTFILES/data_448533241.root
./INPUTFILES/data_448850641.root
./INPUTFILES/data_448741691.root
./INPUTFILES/data_448191871.root
./INPUTFILES/data_449025381.root
./INPUTFILES/data_448192271.root
./INPUTFILES/data_448191901.root
./INPUTFILES/data_448483621.root
./INPUTFILES/data_448983601.root
./INPUTFILES/data_448230721.root
./INPUTFILES/data_448210271.root
./INPUTFILES/data_448191891.root
./INPUTFILES/data_448450691.root
./INPUTFILES/data_448198191.root
./INPUTFILES/data_448650661.root
./INPUTFILES/data_448548791.root
./INPUTFILES/data_448550681.root
./INPUTFILES/data_448228351.root
./INPUTFILES/data_448192031.root
./INPUTFILES/data_448212881.root
./INPUTFILES/data_448950751.root
./INPUTFILES/data_448183641.root
./INPUTFILES/data_448192721.root
./INPUTFILES/data_448192381.root
./lib
./lib/CenMaker_cpp.so
./lib/NpartNormalizer_cpp.d
./lib/CenMaker.cpp
./lib/MixedBuffer_cpp.so
./lib/my_event.cpp
./lib/MixedBuffer_cpp.d
./lib/NpartNormalizer.cpp
./lib/my_event_cpp_ACLiC_dict_rdict.pcm
./lib/CenMaker_cpp_ACLiC_dict_rdict.pcm
./lib/MixedBuffer.cpp
./lib/my_particle.cpp
./lib/CenMaker_cpp.d
./lib/CenMaker.h
./lib/my_event.h
./lib/my_particle_cpp.d
./lib/my_particle_cpp_ACLiC_dict_rdict.pcm
./lib/my_event_cpp.d
./lib/NpartNormalizer_cpp.so
./lib/my_particle_cpp.so
./lib/my_particle.h
./lib/NpartNormalizer.h
./lib/MixedBuffer_cpp_ACLiC_dict_rdict.pcm
./lib/NpartNormalizer_cpp_ACLiC_dict_rdict.pcm
./lib/MixedBuffer.h
./lib/my_event_cpp.so
./check_S.C
./.output.log
./.sandboxFiles
./.errror.log
++++++++++++++++INPUTFILE Var++++++++++++++++++
FILELIST=/tmp/maxwoo/21EF1A6A9139C9FD2A38E59AFB466F9A_1343/INPUTFILES/21EF1A6A9139C9FD2A38E59AFB466F9A_1343.local.list
INPUTFILECOUNT=37
INPUTFILE0=/tmp/maxwoo/21EF1A6A9139C9FD2A38E59AFB466F9A_1343/INPUTFILES/data_448183641.root
INPUTFILE1=/tmp/maxwoo/21EF1A6A9139C9FD2A38E59AFB466F9A_1343/INPUTFILES/data_448191871.root
INPUTFILE2=/tmp/maxwoo/21EF1A6A9139C9FD2A38E59AFB466F9A_1343/INPUTFILES/data_448191881.root
INPUTFILE3=/tmp/maxwoo/21EF1A6A9139C9FD2A38E59AFB466F9A_1343/INPUTFILES/data_448191891.root
INPUTFILE4=/tmp/maxwoo/21EF1A6A9139C9FD2A38E59AFB466F9A_1343/INPUTFILES/data_448191901.root
INPUTFILE5=/tmp/maxwoo/21EF1A6A9139C9FD2A38E59AFB466F9A_1343/INPUTFILES/data_448191991.root
INPUTFILE6=/tmp/maxwoo/21EF1A6A9139C9FD2A38E59AFB466F9A_1343/INPUTFILES/data_448192031.root
INPUTFILE7=/tmp/maxwoo/21EF1A6A9139C9FD2A38E59AFB466F9A_1343/INPUTFILES/data_448192241.root
INPUTFILE8=/tmp/maxwoo/21EF1A6A9139C9FD2A38E59AFB466F9A_1343/INPUTFILES/data_448192271.root
INPUTFILE9=/tmp/maxwoo/21EF1A6A9139C9FD2A38E59AFB466F9A_1343/INPUTFILES/data_448192381.root
INPUTFILE10=/tmp/maxwoo/21EF1A6A9139C9FD2A38E59AFB466F9A_1343/INPUTFILES/data_448192721.root
INPUTFILE11=/tmp/maxwoo/21EF1A6A9139C9FD2A38E59AFB466F9A_1343/INPUTFILES/data_448192991.root
INPUTFILE12=/tmp/maxwoo/21EF1A6A9139C9FD2A38E59AFB466F9A_1343/INPUTFILES/data_448198191.root
INPUTFILE13=/tmp/maxwoo/21EF1A6A9139C9FD2A38E59AFB466F9A_1343/INPUTFILES/data_448210271.root
INPUTFILE14=/tmp/maxwoo/21EF1A6A9139C9FD2A38E59AFB466F9A_1343/INPUTFILES/data_448212881.root
INPUTFILE15=/tmp/maxwoo/21EF1A6A9139C9FD2A38E59AFB466F9A_1343/INPUTFILES/data_448215481.root
INPUTFILE16=/tmp/maxwoo/21EF1A6A9139C9FD2A38E59AFB466F9A_1343/INPUTFILES/data_448228351.root
INPUTFILE17=/tmp/maxwoo/21EF1A6A9139C9FD2A38E59AFB466F9A_1343/INPUTFILES/data_448230721.root
INPUTFILE18=/tmp/maxwoo/21EF1A6A9139C9FD2A38E59AFB466F9A_1343/INPUTFILES/data_448250711.root
INPUTFILE19=/tmp/maxwoo/21EF1A6A9139C9FD2A38E59AFB466F9A_1343/INPUTFILES/data_448450691.root
INPUTFILE20=/tmp/maxwoo/21EF1A6A9139C9FD2A38E59AFB466F9A_1343/INPUTFILES/data_448483621.root
INPUTFILE21=/tmp/maxwoo/21EF1A6A9139C9FD2A38E59AFB466F9A_1343/INPUTFILES/data_448533241.root
INPUTFILE22=/tmp/maxwoo/21EF1A6A9139C9FD2A38E59AFB466F9A_1343/INPUTFILES/data_448548791.root
INPUTFILE23=/tmp/maxwoo/21EF1A6A9139C9FD2A38E59AFB466F9A_1343/INPUTFILES/data_448550671.root
INPUTFILE24=/tmp/maxwoo/21EF1A6A9139C9FD2A38E59AFB466F9A_1343/INPUTFILES/data_448550681.root
INPUTFILE25=/tmp/maxwoo/21EF1A6A9139C9FD2A38E59AFB466F9A_1343/INPUTFILES/data_448550701.root
INPUTFILE26=/tmp/maxwoo/21EF1A6A9139C9FD2A38E59AFB466F9A_1343/INPUTFILES/data_448583611.root
INPUTFILE27=/tmp/maxwoo/21EF1A6A9139C9FD2A38E59AFB466F9A_1343/INPUTFILES/data_448650661.root
INPUTFILE28=/tmp/maxwoo/21EF1A6A9139C9FD2A38E59AFB466F9A_1343/INPUTFILES/data_448741691.root
INPUTFILE29=/tmp/maxwoo/21EF1A6A9139C9FD2A38E59AFB466F9A_1343/INPUTFILES/data_448786271.root
INPUTFILE30=/tmp/maxwoo/21EF1A6A9139C9FD2A38E59AFB466F9A_1343/INPUTFILES/data_448850641.root
INPUTFILE31=/tmp/maxwoo/21EF1A6A9139C9FD2A38E59AFB466F9A_1343/INPUTFILES/data_448850651.root
INPUTFILE32=/tmp/maxwoo/21EF1A6A9139C9FD2A38E59AFB466F9A_1343/INPUTFILES/data_448931331.root
INPUTFILE33=/tmp/maxwoo/21EF1A6A9139C9FD2A38E59AFB466F9A_1343/INPUTFILES/data_448935551.root
INPUTFILE34=/tmp/maxwoo/21EF1A6A9139C9FD2A38E59AFB466F9A_1343/INPUTFILES/data_448950751.root
INPUTFILE35=/tmp/maxwoo/21EF1A6A9139C9FD2A38E59AFB466F9A_1343/INPUTFILES/data_448983601.root
INPUTFILE36=/tmp/maxwoo/21EF1A6A9139C9FD2A38E59AFB466F9A_1343/INPUTFILES/data_449025381.root
LocalInputFileDir=/tmp/maxwoo/21EF1A6A9139C9FD2A38E59AFB466F9A_1343/INPUTFILES
NewFILELIST=/tmp/maxwoo/21EF1A6A9139C9FD2A38E59AFB466F9A_1343/INPUTFILES/21EF1A6A9139C9FD2A38E59AFB466F9A_1343.local.list
+++++++++++++++++++++++++++++++++++++++++++++++
--------------------------------
Simple Unified Meta Scheduler 1.10.50 we are starting in $SCRATCH : /home/tmp/maxwoo/21EF1A6A9139C9FD2A38E59AFB466F9A_1343
--------------------------------
total 16
lrwxrwxrwx 1 maxwoo rhstar   61 Jun  2 11:19 check_S.C -> /gpfs/mnt/gpfs01/star/pwg/xiatong/git/strangeness/./check_S.C
lrwxrwxrwx 1 maxwoo rhstar   65 Jun  2 11:19 Check_Sness.C -> /gpfs/mnt/gpfs01/star/pwg/xiatong/git/strangeness/./Check_Sness.C
drwxr-xr-x 2 maxwoo rhstar 4096 Jun  2 11:22 INPUTFILES
drwxr-xr-x 2 maxwoo rhstar 4096 Jun  2 11:19 lib
  *******************************************
  *                                         *
  *        W E L C O M E  to  R O O T       *
  *                                         *
  *   Version   5.34/38     12 March 2018   *
  *                                         *
  *  You are welcome to visit our Web site  *
  *          http://root.cern.ch            *
  *                                         *
  *******************************************

ROOT 5.34/38 (v5-34-38@v5-34-38, Mar 12 2018, 15:49:39 on linux)

CINT/ROOT C/C++ Interpreter version 5.18.00, July 2, 2010
Type ? for help. Commands must be C++ statements.
Enclose multiple statements between { }.
*** Float Point Exception is OFF ***
 *** Start at Date : Thu Jun  2 11:22:09 2022
QAInfo:You are using STAR_LEVEL : dev, ROOT_LEVEL : 5.34.38 and node : rcas2012.rcf.bnl.gov 

Processing check_S.C++("/tmp/maxwoo/21EF1A6A9139C9FD2A38E59AFB466F9A_1343/INPUTFILES/21EF1A6A9139C9FD2A38E59AFB466F9A_1343.local.list","21EF1A6A9139C9FD2A38E59AFB466F9A_1343",1)...
/tmp/maxwoo/21EF1A6A9139C9FD2A38E59AFB466F9A_1343/INPUTFILES/data_448183641.root 
/tmp/maxwoo/21EF1A6A9139C9FD2A38E59AFB466F9A_1343/INPUTFILES/data_448191871.root 
/tmp/maxwoo/21EF1A6A9139C9FD2A38E59AFB466F9A_1343/INPUTFILES/data_448191881.root 
/tmp/maxwoo/21EF1A6A9139C9FD2A38E59AFB466F9A_1343/INPUTFILES/data_448191891.root 
/tmp/maxwoo/21EF1A6A9139C9FD2A38E59AFB466F9A_1343/INPUTFILES/data_448191901.root 
/tmp/maxwoo/21EF1A6A9139C9FD2A38E59AFB466F9A_1343/INPUTFILES/data_448191991.root 
/tmp/maxwoo/21EF1A6A9139C9FD2A38E59AFB466F9A_1343/INPUTFILES/data_448192031.root 
/tmp/maxwoo/21EF1A6A9139C9FD2A38E59AFB466F9A_1343/INPUTFILES/data_448192241.root 
/tmp/maxwoo/21EF1A6A9139C9FD2A38E59AFB466F9A_1343/INPUTFILES/data_448192271.root 
/tmp/maxwoo/21EF1A6A9139C9FD2A38E59AFB466F9A_1343/INPUTFILES/data_448192381.root 
/tmp/maxwoo/21EF1A6A9139C9FD2A38E59AFB466F9A_1343/INPUTFILES/data_448192721.root 
/tmp/maxwoo/21EF1A6A9139C9FD2A38E59AFB466F9A_1343/INPUTFILES/data_448192991.root 
/tmp/maxwoo/21EF1A6A9139C9FD2A38E59AFB466F9A_1343/INPUTFILES/data_448198191.root 
/tmp/maxwoo/21EF1A6A9139C9FD2A38E59AFB466F9A_1343/INPUTFILES/data_448210271.root 
/tmp/maxwoo/21EF1A6A9139C9FD2A38E59AFB466F9A_1343/INPUTFILES/data_448212881.root 
/tmp/maxwoo/21EF1A6A9139C9FD2A38E59AFB466F9A_1343/INPUTFILES/data_448215481.root 
/tmp/maxwoo/21EF1A6A9139C9FD2A38E59AFB466F9A_1343/INPUTFILES/data_448228351.root 
/tmp/maxwoo/21EF1A6A9139C9FD2A38E59AFB466F9A_1343/INPUTFILES/data_448230721.root 
/tmp/maxwoo/21EF1A6A9139C9FD2A38E59AFB466F9A_1343/INPUTFILES/data_448250711.root 
/tmp/maxwoo/21EF1A6A9139C9FD2A38E59AFB466F9A_1343/INPUTFILES/data_448450691.root 
/tmp/maxwoo/21EF1A6A9139C9FD2A38E59AFB466F9A_1343/INPUTFILES/data_448483621.root 
/tmp/maxwoo/21EF1A6A9139C9FD2A38E59AFB466F9A_1343/INPUTFILES/data_448533241.root 
/tmp/maxwoo/21EF1A6A9139C9FD2A38E59AFB466F9A_1343/INPUTFILES/data_448548791.root 
/tmp/maxwoo/21EF1A6A9139C9FD2A38E59AFB466F9A_1343/INPUTFILES/data_448550671.root 
/tmp/maxwoo/21EF1A6A9139C9FD2A38E59AFB466F9A_1343/INPUTFILES/data_448550681.root 
/tmp/maxwoo/21EF1A6A9139C9FD2A38E59AFB466F9A_1343/INPUTFILES/data_448550701.root 
/tmp/maxwoo/21EF1A6A9139C9FD2A38E59AFB466F9A_1343/INPUTFILES/data_448583611.root 
/tmp/maxwoo/21EF1A6A9139C9FD2A38E59AFB466F9A_1343/INPUTFILES/data_448650661.root 
/tmp/maxwoo/21EF1A6A9139C9FD2A38E59AFB466F9A_1343/INPUTFILES/data_448741691.root 
/tmp/maxwoo/21EF1A6A9139C9FD2A38E59AFB466F9A_1343/INPUTFILES/data_448786271.root 
/tmp/maxwoo/21EF1A6A9139C9FD2A38E59AFB466F9A_1343/INPUTFILES/data_448850641.root 
/tmp/maxwoo/21EF1A6A9139C9FD2A38E59AFB466F9A_1343/INPUTFILES/data_448850651.root 
/tmp/maxwoo/21EF1A6A9139C9FD2A38E59AFB466F9A_1343/INPUTFILES/data_448931331.root 
/tmp/maxwoo/21EF1A6A9139C9FD2A38E59AFB466F9A_1343/INPUTFILES/data_448935551.root 
/tmp/maxwoo/21EF1A6A9139C9FD2A38E59AFB466F9A_1343/INPUTFILES/data_448950751.root 
/tmp/maxwoo/21EF1A6A9139C9FD2A38E59AFB466F9A_1343/INPUTFILES/data_448983601.root 
/tmp/maxwoo/21EF1A6A9139C9FD2A38E59AFB466F9A_1343/INPUTFILES/data_449025381.root 
Added 37 files
# entries in chain: 37000
Processing entry == 1000 == out of 37000.
Processing entry == 2000 == out of 37000.
Processing entry == 3000 == out of 37000.
Processing entry == 4000 == out of 37000.
Processing entry == 5000 == out of 37000.
Processing entry == 6000 == out of 37000.
Processing entry == 7000 == out of 37000.
Processing entry == 8000 == out of 37000.
Processing entry == 9000 == out of 37000.
Processing entry == 10000 == out of 37000.
Processing entry == 11000 == out of 37000.
Processing entry == 12000 == out of 37000.
Processing entry == 13000 == out of 37000.
Processing entry == 14000 == out of 37000.
Processing entry == 15000 == out of 37000.
Processing entry == 16000 == out of 37000.
Processing entry == 17000 == out of 37000.
Processing entry == 18000 == out of 37000.
Processing entry == 19000 == out of 37000.
Processing entry == 20000 == out of 37000.
Processing entry == 21000 == out of 37000.
Processing entry == 22000 == out of 37000.
Processing entry == 23000 == out of 37000.
Processing entry == 24000 == out of 37000.
Processing entry == 25000 == out of 37000.
Processing entry == 26000 == out of 37000.
Processing entry == 27000 == out of 37000.
Processing entry == 28000 == out of 37000.
Processing entry == 29000 == out of 37000.
Processing entry == 30000 == out of 37000.
Processing entry == 31000 == out of 37000.
Processing entry == 32000 == out of 37000.
Processing entry == 33000 == out of 37000.
Processing entry == 34000 == out of 37000.
Processing entry == 35000 == out of 37000.
Processing entry == 36000 == out of 37000.
Processing entry == 37000 == out of 37000.

This is the end of ROOT -- Goodbye

Cleaning up sandbox file:  /tmp/maxwoo/21EF1A6A9139C9FD2A38E59AFB466F9A_1343/check_S.C
Cleaning up sandbox file:  /tmp/maxwoo/21EF1A6A9139C9FD2A38E59AFB466F9A_1343/Check_Sness.C
Cleaning up sandbox file:  /tmp/maxwoo/21EF1A6A9139C9FD2A38E59AFB466F9A_1343/lib
Cleaning up sandbox file:  /tmp/maxwoo/21EF1A6A9139C9FD2A38E59AFB466F9A_1343/.sandboxFiles
Starting copy block
Running copy command:  /bin/cp -fp /tmp/maxwoo/21EF1A6A9139C9FD2A38E59AFB466F9A_1343/out_21EF1A6A9139C9FD2A38E59AFB466F9A_1343.root /star/data01/pwg/xiatong/git/strangeness/data/
78104 Execution of (/star/data01/pwg/xiatong/git/strangeness/script/sched21EF1A6A9139C9FD2A38E59AFB466F9A_1343.csh ) has ended, exiting normally
78104 We END on [Thu Jun  2 11:40:11 EDT 2022]
