We are starting on node: rcas2944.rcf.bnl.gov
HOME is not defined
Using getent method
HOME is now /star/u/maxwoo
1798 We will spawn ourselves (/star/data01/pwg/xiatong/git/strangeness/script/sched21EF1A6A9139C9FD2A38E59AFB466F9A_2868.csh )
1798 We BEGIN on [Thu Jun  2 10:51:25 EDT 2022]
[1] 2060
1798 We are waiting for 2060 
1798 Grandchild PID is 2526 - found in 10 x 1 seconds
1798 Establishing first watcher   on    Thu Jun  2 10:51:36 EDT 2022
1798 Process tree is 1798 (main) -> 2060 (child) -> 2526 (grandchild)
F S   UID   PID  PPID  C PRI  NI ADDR SZ WCHAN  TTY        TIME CMD
0 D 100667 2526  2060  0  80   0 - 32311 cxiWai ?          0:00 cp /star/data01/pwg/xiatong/AMPT/14GeV/data_2016121671.root /tmp/maxwoo/21EF1A6A9139C9FD2A38E59AFB466F9A_2868/INPUTFILES/data_2016121671.root
1798 Grandchild PID is 4304 - found in 20 x 2 seconds
1798 Grandchild to watch has changed on Thu Jun  2 10:51:57 EDT 2022
1798 Process tree is 1798 (main) -> 2060 (child) -> 4304 (grandchild)
F S   UID   PID  PPID  C PRI  NI ADDR SZ WCHAN  TTY        TIME CMD
0 D 100667 4304  2060  0  80   0 - 32311 cxiWai ?          0:00 cp /star/data01/pwg/xiatong/AMPT/14GeV/data_2016125111.root /tmp/maxwoo/21EF1A6A9139C9FD2A38E59AFB466F9A_2868/INPUTFILES/data_2016125111.root
1798 Grandchild PID is 5556 - found in 30 x 2 seconds
1798 Grandchild to watch has changed on Thu Jun  2 10:52:18 EDT 2022
1798 Process tree is 1798 (main) -> 2060 (child) -> 5556 (grandchild)
F S   UID   PID  PPID  C PRI  NI ADDR SZ WCHAN  TTY        TIME CMD
0 D 100667 5556  2060  0  80   0 - 32311 cxiWai ?          0:00 cp /star/data01/pwg/xiatong/AMPT/14GeV/data_2016568251.root /tmp/maxwoo/21EF1A6A9139C9FD2A38E59AFB466F9A_2868/INPUTFILES/data_2016568251.root
1798 Grandchild PID is 7539 - found in 40 x 2 seconds
1798 Grandchild to watch has changed on Thu Jun  2 10:52:38 EDT 2022
1798 Process tree is 1798 (main) -> 2060 (child) -> 7539 (grandchild)
F S   UID   PID  PPID  C PRI  NI ADDR SZ WCHAN  TTY        TIME CMD
0 S 100667 7539  2060  0  80   0 -  1272 do_wai ?          0:00 root -b -q check_S.C++("/tmp/maxwoo/21EF1A6A9139C9FD2A38E59AFB466F9A_2868/INPUTFILES/21EF1A6A9139C9FD2A38E59AFB466F9A_2868.local.list","21EF1A6A9139C9FD2A38E59AFB466F9A_2868",1)
2060 Stepping into the main SUMS wrapper program with []
.... building sandbox
Running: cp /star/data01/pwg/xiatong/AMPT/14GeV/data_2016115581.root /tmp/maxwoo/21EF1A6A9139C9FD2A38E59AFB466F9A_2868/INPUTFILES/data_2016115581.root
Running: cp /star/data01/pwg/xiatong/AMPT/14GeV/data_2016115731.root /tmp/maxwoo/21EF1A6A9139C9FD2A38E59AFB466F9A_2868/INPUTFILES/data_2016115731.root
Running: cp /star/data01/pwg/xiatong/AMPT/14GeV/data_2016115991.root /tmp/maxwoo/21EF1A6A9139C9FD2A38E59AFB466F9A_2868/INPUTFILES/data_2016115991.root
Running: cp /star/data01/pwg/xiatong/AMPT/14GeV/data_2016120471.root /tmp/maxwoo/21EF1A6A9139C9FD2A38E59AFB466F9A_2868/INPUTFILES/data_2016120471.root
Running: cp /star/data01/pwg/xiatong/AMPT/14GeV/data_2016121311.root /tmp/maxwoo/21EF1A6A9139C9FD2A38E59AFB466F9A_2868/INPUTFILES/data_2016121311.root
Running: cp /star/data01/pwg/xiatong/AMPT/14GeV/data_2016121441.root /tmp/maxwoo/21EF1A6A9139C9FD2A38E59AFB466F9A_2868/INPUTFILES/data_2016121441.root
Running: cp /star/data01/pwg/xiatong/AMPT/14GeV/data_2016121671.root /tmp/maxwoo/21EF1A6A9139C9FD2A38E59AFB466F9A_2868/INPUTFILES/data_2016121671.root
Running: cp /star/data01/pwg/xiatong/AMPT/14GeV/data_2016125111.root /tmp/maxwoo/21EF1A6A9139C9FD2A38E59AFB466F9A_2868/INPUTFILES/data_2016125111.root
Running: cp /star/data01/pwg/xiatong/AMPT/14GeV/data_2016134761.root /tmp/maxwoo/21EF1A6A9139C9FD2A38E59AFB466F9A_2868/INPUTFILES/data_2016134761.root
Running: cp /star/data01/pwg/xiatong/AMPT/14GeV/data_2016139871.root /tmp/maxwoo/21EF1A6A9139C9FD2A38E59AFB466F9A_2868/INPUTFILES/data_2016139871.root
Running: cp /star/data01/pwg/xiatong/AMPT/14GeV/data_2016143351.root /tmp/maxwoo/21EF1A6A9139C9FD2A38E59AFB466F9A_2868/INPUTFILES/data_2016143351.root
Running: cp /star/data01/pwg/xiatong/AMPT/14GeV/data_2016143401.root /tmp/maxwoo/21EF1A6A9139C9FD2A38E59AFB466F9A_2868/INPUTFILES/data_2016143401.root
Running: cp /star/data01/pwg/xiatong/AMPT/14GeV/data_2016143481.root /tmp/maxwoo/21EF1A6A9139C9FD2A38E59AFB466F9A_2868/INPUTFILES/data_2016143481.root
Running: cp /star/data01/pwg/xiatong/AMPT/14GeV/data_2016143541.root /tmp/maxwoo/21EF1A6A9139C9FD2A38E59AFB466F9A_2868/INPUTFILES/data_2016143541.root
Running: cp /star/data01/pwg/xiatong/AMPT/14GeV/data_2016143611.root /tmp/maxwoo/21EF1A6A9139C9FD2A38E59AFB466F9A_2868/INPUTFILES/data_2016143611.root
Running: cp /star/data01/pwg/xiatong/AMPT/14GeV/data_2016143671.root /tmp/maxwoo/21EF1A6A9139C9FD2A38E59AFB466F9A_2868/INPUTFILES/data_2016143671.root
Running: cp /star/data01/pwg/xiatong/AMPT/14GeV/data_2016148071.root /tmp/maxwoo/21EF1A6A9139C9FD2A38E59AFB466F9A_2868/INPUTFILES/data_2016148071.root
Running: cp /star/data01/pwg/xiatong/AMPT/14GeV/data_2016148451.root /tmp/maxwoo/21EF1A6A9139C9FD2A38E59AFB466F9A_2868/INPUTFILES/data_2016148451.root
Running: cp /star/data01/pwg/xiatong/AMPT/14GeV/data_2016182251.root /tmp/maxwoo/21EF1A6A9139C9FD2A38E59AFB466F9A_2868/INPUTFILES/data_2016182251.root
Running: cp /star/data01/pwg/xiatong/AMPT/14GeV/data_2016567881.root /tmp/maxwoo/21EF1A6A9139C9FD2A38E59AFB466F9A_2868/INPUTFILES/data_2016567881.root
Running: cp /star/data01/pwg/xiatong/AMPT/14GeV/data_2016568171.root /tmp/maxwoo/21EF1A6A9139C9FD2A38E59AFB466F9A_2868/INPUTFILES/data_2016568171.root
Running: cp /star/data01/pwg/xiatong/AMPT/14GeV/data_2016568181.root /tmp/maxwoo/21EF1A6A9139C9FD2A38E59AFB466F9A_2868/INPUTFILES/data_2016568181.root
Running: cp /star/data01/pwg/xiatong/AMPT/14GeV/data_2016568221.root /tmp/maxwoo/21EF1A6A9139C9FD2A38E59AFB466F9A_2868/INPUTFILES/data_2016568221.root
Running: cp /star/data01/pwg/xiatong/AMPT/14GeV/data_2016568231.root /tmp/maxwoo/21EF1A6A9139C9FD2A38E59AFB466F9A_2868/INPUTFILES/data_2016568231.root
Running: cp /star/data01/pwg/xiatong/AMPT/14GeV/data_2016568241.root /tmp/maxwoo/21EF1A6A9139C9FD2A38E59AFB466F9A_2868/INPUTFILES/data_2016568241.root
Running: cp /star/data01/pwg/xiatong/AMPT/14GeV/data_2016568251.root /tmp/maxwoo/21EF1A6A9139C9FD2A38E59AFB466F9A_2868/INPUTFILES/data_2016568251.root
Running: cp /star/data01/pwg/xiatong/AMPT/14GeV/data_2016667691.root /tmp/maxwoo/21EF1A6A9139C9FD2A38E59AFB466F9A_2868/INPUTFILES/data_2016667691.root
Running: cp /star/data01/pwg/xiatong/AMPT/14GeV/data_2016667751.root /tmp/maxwoo/21EF1A6A9139C9FD2A38E59AFB466F9A_2868/INPUTFILES/data_2016667751.root
Running: cp /star/data01/pwg/xiatong/AMPT/14GeV/data_2016667821.root /tmp/maxwoo/21EF1A6A9139C9FD2A38E59AFB466F9A_2868/INPUTFILES/data_2016667821.root
Running: cp /star/data01/pwg/xiatong/AMPT/14GeV/data_2016667861.root /tmp/maxwoo/21EF1A6A9139C9FD2A38E59AFB466F9A_2868/INPUTFILES/data_2016667861.root
Running: cp /star/data01/pwg/xiatong/AMPT/14GeV/data_2016667901.root /tmp/maxwoo/21EF1A6A9139C9FD2A38E59AFB466F9A_2868/INPUTFILES/data_2016667901.root
Running: cp /star/data01/pwg/xiatong/AMPT/14GeV/data_2016667941.root /tmp/maxwoo/21EF1A6A9139C9FD2A38E59AFB466F9A_2868/INPUTFILES/data_2016667941.root
Running: cp /star/data01/pwg/xiatong/AMPT/14GeV/data_2016667951.root /tmp/maxwoo/21EF1A6A9139C9FD2A38E59AFB466F9A_2868/INPUTFILES/data_2016667951.root
Running: cp /star/data01/pwg/xiatong/AMPT/14GeV/data_2016667961.root /tmp/maxwoo/21EF1A6A9139C9FD2A38E59AFB466F9A_2868/INPUTFILES/data_2016667961.root
Running: cp /star/data01/pwg/xiatong/AMPT/14GeV/data_2016667981.root /tmp/maxwoo/21EF1A6A9139C9FD2A38E59AFB466F9A_2868/INPUTFILES/data_2016667981.root
Running: cp /star/data01/pwg/xiatong/AMPT/14GeV/data_2016668031.root /tmp/maxwoo/21EF1A6A9139C9FD2A38E59AFB466F9A_2868/INPUTFILES/data_2016668031.root
Running: cp /star/data01/pwg/xiatong/AMPT/14GeV/data_2016668041.root /tmp/maxwoo/21EF1A6A9139C9FD2A38E59AFB466F9A_2868/INPUTFILES/data_2016668041.root
Swapping $FILELIST with: /tmp/maxwoo/21EF1A6A9139C9FD2A38E59AFB466F9A_2868/INPUTFILES/21EF1A6A9139C9FD2A38E59AFB466F9A_2868.local.list
+++++++++++local copy debug++++++++++++++++++++
newFileList: /tmp/maxwoo/21EF1A6A9139C9FD2A38E59AFB466F9A_2868/INPUTFILES/21EF1A6A9139C9FD2A38E59AFB466F9A_2868.local.list
++++++++++++++++cat FILELIST+++++++++++++++++++
/tmp/maxwoo/21EF1A6A9139C9FD2A38E59AFB466F9A_2868/INPUTFILES/data_2016115581.root 
/tmp/maxwoo/21EF1A6A9139C9FD2A38E59AFB466F9A_2868/INPUTFILES/data_2016115731.root 
/tmp/maxwoo/21EF1A6A9139C9FD2A38E59AFB466F9A_2868/INPUTFILES/data_2016115991.root 
/tmp/maxwoo/21EF1A6A9139C9FD2A38E59AFB466F9A_2868/INPUTFILES/data_2016120471.root 
/tmp/maxwoo/21EF1A6A9139C9FD2A38E59AFB466F9A_2868/INPUTFILES/data_2016121311.root 
/tmp/maxwoo/21EF1A6A9139C9FD2A38E59AFB466F9A_2868/INPUTFILES/data_2016121441.root 
/tmp/maxwoo/21EF1A6A9139C9FD2A38E59AFB466F9A_2868/INPUTFILES/data_2016121671.root 
/tmp/maxwoo/21EF1A6A9139C9FD2A38E59AFB466F9A_2868/INPUTFILES/data_2016125111.root 
/tmp/maxwoo/21EF1A6A9139C9FD2A38E59AFB466F9A_2868/INPUTFILES/data_2016134761.root 
/tmp/maxwoo/21EF1A6A9139C9FD2A38E59AFB466F9A_2868/INPUTFILES/data_2016139871.root 
/tmp/maxwoo/21EF1A6A9139C9FD2A38E59AFB466F9A_2868/INPUTFILES/data_2016143351.root 
/tmp/maxwoo/21EF1A6A9139C9FD2A38E59AFB466F9A_2868/INPUTFILES/data_2016143401.root 
/tmp/maxwoo/21EF1A6A9139C9FD2A38E59AFB466F9A_2868/INPUTFILES/data_2016143481.root 
/tmp/maxwoo/21EF1A6A9139C9FD2A38E59AFB466F9A_2868/INPUTFILES/data_2016143541.root 
/tmp/maxwoo/21EF1A6A9139C9FD2A38E59AFB466F9A_2868/INPUTFILES/data_2016143611.root 
/tmp/maxwoo/21EF1A6A9139C9FD2A38E59AFB466F9A_2868/INPUTFILES/data_2016143671.root 
/tmp/maxwoo/21EF1A6A9139C9FD2A38E59AFB466F9A_2868/INPUTFILES/data_2016148071.root 
/tmp/maxwoo/21EF1A6A9139C9FD2A38E59AFB466F9A_2868/INPUTFILES/data_2016148451.root 
/tmp/maxwoo/21EF1A6A9139C9FD2A38E59AFB466F9A_2868/INPUTFILES/data_2016182251.root 
/tmp/maxwoo/21EF1A6A9139C9FD2A38E59AFB466F9A_2868/INPUTFILES/data_2016567881.root 
/tmp/maxwoo/21EF1A6A9139C9FD2A38E59AFB466F9A_2868/INPUTFILES/data_2016568171.root 
/tmp/maxwoo/21EF1A6A9139C9FD2A38E59AFB466F9A_2868/INPUTFILES/data_2016568181.root 
/tmp/maxwoo/21EF1A6A9139C9FD2A38E59AFB466F9A_2868/INPUTFILES/data_2016568221.root 
/tmp/maxwoo/21EF1A6A9139C9FD2A38E59AFB466F9A_2868/INPUTFILES/data_2016568231.root 
/tmp/maxwoo/21EF1A6A9139C9FD2A38E59AFB466F9A_2868/INPUTFILES/data_2016568241.root 
/tmp/maxwoo/21EF1A6A9139C9FD2A38E59AFB466F9A_2868/INPUTFILES/data_2016568251.root 
/tmp/maxwoo/21EF1A6A9139C9FD2A38E59AFB466F9A_2868/INPUTFILES/data_2016667691.root 
/tmp/maxwoo/21EF1A6A9139C9FD2A38E59AFB466F9A_2868/INPUTFILES/data_2016667751.root 
/tmp/maxwoo/21EF1A6A9139C9FD2A38E59AFB466F9A_2868/INPUTFILES/data_2016667821.root 
/tmp/maxwoo/21EF1A6A9139C9FD2A38E59AFB466F9A_2868/INPUTFILES/data_2016667861.root 
/tmp/maxwoo/21EF1A6A9139C9FD2A38E59AFB466F9A_2868/INPUTFILES/data_2016667901.root 
/tmp/maxwoo/21EF1A6A9139C9FD2A38E59AFB466F9A_2868/INPUTFILES/data_2016667941.root 
/tmp/maxwoo/21EF1A6A9139C9FD2A38E59AFB466F9A_2868/INPUTFILES/data_2016667951.root 
/tmp/maxwoo/21EF1A6A9139C9FD2A38E59AFB466F9A_2868/INPUTFILES/data_2016667961.root 
/tmp/maxwoo/21EF1A6A9139C9FD2A38E59AFB466F9A_2868/INPUTFILES/data_2016667981.root 
/tmp/maxwoo/21EF1A6A9139C9FD2A38E59AFB466F9A_2868/INPUTFILES/data_2016668031.root 
/tmp/maxwoo/21EF1A6A9139C9FD2A38E59AFB466F9A_2868/INPUTFILES/data_2016668041.root 
++++++++++++++++++++find.++++++++++++++++++++++
.
./.errror.log
./lib
./lib/NpartNormalizer_cpp_ACLiC_dict_rdict.pcm
./lib/MixedBuffer_cpp.d
./lib/NpartNormalizer_cpp.d
./lib/MixedBuffer_cpp_ACLiC_dict_rdict.pcm
./lib/NpartNormalizer_cpp.so
./lib/my_particle_cpp.d
./lib/my_particle.h
./lib/CenMaker_cpp_ACLiC_dict_rdict.pcm
./lib/NpartNormalizer.cpp
./lib/MixedBuffer.h
./lib/MixedBuffer.cpp
./lib/my_particle.cpp
./lib/my_event.h
./lib/CenMaker_cpp.d
./lib/CenMaker.h
./lib/my_particle_cpp_ACLiC_dict_rdict.pcm
./lib/CenMaker_cpp.so
./lib/MixedBuffer_cpp.so
./lib/NpartNormalizer.h
./lib/CenMaker.cpp
./lib/my_event_cpp.d
./lib/my_event_cpp.so
./lib/my_particle_cpp.so
./lib/my_event.cpp
./lib/my_event_cpp_ACLiC_dict_rdict.pcm
./.sandboxFiles
./check_S.C
./Check_Sness.C
./.output.log
./INPUTFILES
./INPUTFILES/21EF1A6A9139C9FD2A38E59AFB466F9A_2868.local.list
./INPUTFILES/data_2016121441.root
./INPUTFILES/data_2016668031.root
./INPUTFILES/data_2016115581.root
./INPUTFILES/data_2016125111.root
./INPUTFILES/data_2016668041.root
./INPUTFILES/data_2016667941.root
./INPUTFILES/data_2016115731.root
./INPUTFILES/data_2016134761.root
./INPUTFILES/data_2016667951.root
./INPUTFILES/data_2016148451.root
./INPUTFILES/data_2016143671.root
./INPUTFILES/data_2016121311.root
./INPUTFILES/data_2016120471.root
./INPUTFILES/data_2016182251.root
./INPUTFILES/data_2016667751.root
./INPUTFILES/data_2016148071.root
./INPUTFILES/data_2016115991.root
./INPUTFILES/data_2016568221.root
./INPUTFILES/data_2016143541.root
./INPUTFILES/data_2016667901.root
./INPUTFILES/data_2016667961.root
./INPUTFILES/data_2016568231.root
./INPUTFILES/data_2016568251.root
./INPUTFILES/data_2016143611.root
./INPUTFILES/data_2016667861.root
./INPUTFILES/data_2016568181.root
./INPUTFILES/data_2016667691.root
./INPUTFILES/data_2016143351.root
./INPUTFILES/data_2016143401.root
./INPUTFILES/data_2016667981.root
./INPUTFILES/data_2016568241.root
./INPUTFILES/data_2016139871.root
./INPUTFILES/data_2016121671.root
./INPUTFILES/data_2016567881.root
./INPUTFILES/data_2016143481.root
./INPUTFILES/data_2016667821.root
./INPUTFILES/data_2016568171.root
++++++++++++++++INPUTFILE Var++++++++++++++++++
FILELIST=/tmp/maxwoo/21EF1A6A9139C9FD2A38E59AFB466F9A_2868/INPUTFILES/21EF1A6A9139C9FD2A38E59AFB466F9A_2868.local.list
INPUTFILECOUNT=37
INPUTFILE0=/tmp/maxwoo/21EF1A6A9139C9FD2A38E59AFB466F9A_2868/INPUTFILES/data_2016115581.root
INPUTFILE1=/tmp/maxwoo/21EF1A6A9139C9FD2A38E59AFB466F9A_2868/INPUTFILES/data_2016115731.root
INPUTFILE2=/tmp/maxwoo/21EF1A6A9139C9FD2A38E59AFB466F9A_2868/INPUTFILES/data_2016115991.root
INPUTFILE3=/tmp/maxwoo/21EF1A6A9139C9FD2A38E59AFB466F9A_2868/INPUTFILES/data_2016120471.root
INPUTFILE4=/tmp/maxwoo/21EF1A6A9139C9FD2A38E59AFB466F9A_2868/INPUTFILES/data_2016121311.root
INPUTFILE5=/tmp/maxwoo/21EF1A6A9139C9FD2A38E59AFB466F9A_2868/INPUTFILES/data_2016121441.root
INPUTFILE6=/tmp/maxwoo/21EF1A6A9139C9FD2A38E59AFB466F9A_2868/INPUTFILES/data_2016121671.root
INPUTFILE7=/tmp/maxwoo/21EF1A6A9139C9FD2A38E59AFB466F9A_2868/INPUTFILES/data_2016125111.root
INPUTFILE8=/tmp/maxwoo/21EF1A6A9139C9FD2A38E59AFB466F9A_2868/INPUTFILES/data_2016134761.root
INPUTFILE9=/tmp/maxwoo/21EF1A6A9139C9FD2A38E59AFB466F9A_2868/INPUTFILES/data_2016139871.root
INPUTFILE10=/tmp/maxwoo/21EF1A6A9139C9FD2A38E59AFB466F9A_2868/INPUTFILES/data_2016143351.root
INPUTFILE11=/tmp/maxwoo/21EF1A6A9139C9FD2A38E59AFB466F9A_2868/INPUTFILES/data_2016143401.root
INPUTFILE12=/tmp/maxwoo/21EF1A6A9139C9FD2A38E59AFB466F9A_2868/INPUTFILES/data_2016143481.root
INPUTFILE13=/tmp/maxwoo/21EF1A6A9139C9FD2A38E59AFB466F9A_2868/INPUTFILES/data_2016143541.root
INPUTFILE14=/tmp/maxwoo/21EF1A6A9139C9FD2A38E59AFB466F9A_2868/INPUTFILES/data_2016143611.root
INPUTFILE15=/tmp/maxwoo/21EF1A6A9139C9FD2A38E59AFB466F9A_2868/INPUTFILES/data_2016143671.root
INPUTFILE16=/tmp/maxwoo/21EF1A6A9139C9FD2A38E59AFB466F9A_2868/INPUTFILES/data_2016148071.root
INPUTFILE17=/tmp/maxwoo/21EF1A6A9139C9FD2A38E59AFB466F9A_2868/INPUTFILES/data_2016148451.root
INPUTFILE18=/tmp/maxwoo/21EF1A6A9139C9FD2A38E59AFB466F9A_2868/INPUTFILES/data_2016182251.root
INPUTFILE19=/tmp/maxwoo/21EF1A6A9139C9FD2A38E59AFB466F9A_2868/INPUTFILES/data_2016567881.root
INPUTFILE20=/tmp/maxwoo/21EF1A6A9139C9FD2A38E59AFB466F9A_2868/INPUTFILES/data_2016568171.root
INPUTFILE21=/tmp/maxwoo/21EF1A6A9139C9FD2A38E59AFB466F9A_2868/INPUTFILES/data_2016568181.root
INPUTFILE22=/tmp/maxwoo/21EF1A6A9139C9FD2A38E59AFB466F9A_2868/INPUTFILES/data_2016568221.root
INPUTFILE23=/tmp/maxwoo/21EF1A6A9139C9FD2A38E59AFB466F9A_2868/INPUTFILES/data_2016568231.root
INPUTFILE24=/tmp/maxwoo/21EF1A6A9139C9FD2A38E59AFB466F9A_2868/INPUTFILES/data_2016568241.root
INPUTFILE25=/tmp/maxwoo/21EF1A6A9139C9FD2A38E59AFB466F9A_2868/INPUTFILES/data_2016568251.root
INPUTFILE26=/tmp/maxwoo/21EF1A6A9139C9FD2A38E59AFB466F9A_2868/INPUTFILES/data_2016667691.root
INPUTFILE27=/tmp/maxwoo/21EF1A6A9139C9FD2A38E59AFB466F9A_2868/INPUTFILES/data_2016667751.root
INPUTFILE28=/tmp/maxwoo/21EF1A6A9139C9FD2A38E59AFB466F9A_2868/INPUTFILES/data_2016667821.root
INPUTFILE29=/tmp/maxwoo/21EF1A6A9139C9FD2A38E59AFB466F9A_2868/INPUTFILES/data_2016667861.root
INPUTFILE30=/tmp/maxwoo/21EF1A6A9139C9FD2A38E59AFB466F9A_2868/INPUTFILES/data_2016667901.root
INPUTFILE31=/tmp/maxwoo/21EF1A6A9139C9FD2A38E59AFB466F9A_2868/INPUTFILES/data_2016667941.root
INPUTFILE32=/tmp/maxwoo/21EF1A6A9139C9FD2A38E59AFB466F9A_2868/INPUTFILES/data_2016667951.root
INPUTFILE33=/tmp/maxwoo/21EF1A6A9139C9FD2A38E59AFB466F9A_2868/INPUTFILES/data_2016667961.root
INPUTFILE34=/tmp/maxwoo/21EF1A6A9139C9FD2A38E59AFB466F9A_2868/INPUTFILES/data_2016667981.root
INPUTFILE35=/tmp/maxwoo/21EF1A6A9139C9FD2A38E59AFB466F9A_2868/INPUTFILES/data_2016668031.root
INPUTFILE36=/tmp/maxwoo/21EF1A6A9139C9FD2A38E59AFB466F9A_2868/INPUTFILES/data_2016668041.root
LocalInputFileDir=/tmp/maxwoo/21EF1A6A9139C9FD2A38E59AFB466F9A_2868/INPUTFILES
NewFILELIST=/tmp/maxwoo/21EF1A6A9139C9FD2A38E59AFB466F9A_2868/INPUTFILES/21EF1A6A9139C9FD2A38E59AFB466F9A_2868.local.list
+++++++++++++++++++++++++++++++++++++++++++++++
--------------------------------
Simple Unified Meta Scheduler 1.10.50 we are starting in $SCRATCH : /home/tmp/maxwoo/21EF1A6A9139C9FD2A38E59AFB466F9A_2868
--------------------------------
total 16
lrwxrwxrwx 1 maxwoo rhstar   61 Jun  2 10:51 check_S.C -> /gpfs/mnt/gpfs01/star/pwg/xiatong/git/strangeness/./check_S.C
lrwxrwxrwx 1 maxwoo rhstar   65 Jun  2 10:51 Check_Sness.C -> /gpfs/mnt/gpfs01/star/pwg/xiatong/git/strangeness/./Check_Sness.C
drwxr-xr-x 2 maxwoo rhstar 4096 Jun  2 10:52 INPUTFILES
drwxr-xr-x 2 maxwoo rhstar 4096 Jun  2 10:51 lib
  *******************************************
  *                                         *
  *        W E L C O M E  to  R O O T       *
  *                                         *
  *   Version   5.34/38     12 March 2018   *
  *                                         *
  *  You are welcome to visit our Web site  *
  *          http://root.cern.ch            *
  *                                         *
  *******************************************

ROOT 5.34/38 (v5-34-38@v5-34-38, Mar 12 2018, 15:49:39 on linux)

CINT/ROOT C/C++ Interpreter version 5.18.00, July 2, 2010
Type ? for help. Commands must be C++ statements.
Enclose multiple statements between { }.
*** Float Point Exception is OFF ***
 *** Start at Date : Thu Jun  2 10:52:33 2022
QAInfo:You are using STAR_LEVEL : dev, ROOT_LEVEL : 5.34.38 and node : rcas2944.rcf.bnl.gov 

Processing check_S.C++("/tmp/maxwoo/21EF1A6A9139C9FD2A38E59AFB466F9A_2868/INPUTFILES/21EF1A6A9139C9FD2A38E59AFB466F9A_2868.local.list","21EF1A6A9139C9FD2A38E59AFB466F9A_2868",1)...
/tmp/maxwoo/21EF1A6A9139C9FD2A38E59AFB466F9A_2868/INPUTFILES/data_2016115581.root 
/tmp/maxwoo/21EF1A6A9139C9FD2A38E59AFB466F9A_2868/INPUTFILES/data_2016115731.root 
/tmp/maxwoo/21EF1A6A9139C9FD2A38E59AFB466F9A_2868/INPUTFILES/data_2016115991.root 
/tmp/maxwoo/21EF1A6A9139C9FD2A38E59AFB466F9A_2868/INPUTFILES/data_2016120471.root 
/tmp/maxwoo/21EF1A6A9139C9FD2A38E59AFB466F9A_2868/INPUTFILES/data_2016121311.root 
/tmp/maxwoo/21EF1A6A9139C9FD2A38E59AFB466F9A_2868/INPUTFILES/data_2016121441.root 
/tmp/maxwoo/21EF1A6A9139C9FD2A38E59AFB466F9A_2868/INPUTFILES/data_2016121671.root 
/tmp/maxwoo/21EF1A6A9139C9FD2A38E59AFB466F9A_2868/INPUTFILES/data_2016125111.root 
/tmp/maxwoo/21EF1A6A9139C9FD2A38E59AFB466F9A_2868/INPUTFILES/data_2016134761.root 
/tmp/maxwoo/21EF1A6A9139C9FD2A38E59AFB466F9A_2868/INPUTFILES/data_2016139871.root 
/tmp/maxwoo/21EF1A6A9139C9FD2A38E59AFB466F9A_2868/INPUTFILES/data_2016143351.root 
/tmp/maxwoo/21EF1A6A9139C9FD2A38E59AFB466F9A_2868/INPUTFILES/data_2016143401.root 
/tmp/maxwoo/21EF1A6A9139C9FD2A38E59AFB466F9A_2868/INPUTFILES/data_2016143481.root 
/tmp/maxwoo/21EF1A6A9139C9FD2A38E59AFB466F9A_2868/INPUTFILES/data_2016143541.root 
/tmp/maxwoo/21EF1A6A9139C9FD2A38E59AFB466F9A_2868/INPUTFILES/data_2016143611.root 
/tmp/maxwoo/21EF1A6A9139C9FD2A38E59AFB466F9A_2868/INPUTFILES/data_2016143671.root 
/tmp/maxwoo/21EF1A6A9139C9FD2A38E59AFB466F9A_2868/INPUTFILES/data_2016148071.root 
/tmp/maxwoo/21EF1A6A9139C9FD2A38E59AFB466F9A_2868/INPUTFILES/data_2016148451.root 
/tmp/maxwoo/21EF1A6A9139C9FD2A38E59AFB466F9A_2868/INPUTFILES/data_2016182251.root 
/tmp/maxwoo/21EF1A6A9139C9FD2A38E59AFB466F9A_2868/INPUTFILES/data_2016567881.root 
/tmp/maxwoo/21EF1A6A9139C9FD2A38E59AFB466F9A_2868/INPUTFILES/data_2016568171.root 
/tmp/maxwoo/21EF1A6A9139C9FD2A38E59AFB466F9A_2868/INPUTFILES/data_2016568181.root 
/tmp/maxwoo/21EF1A6A9139C9FD2A38E59AFB466F9A_2868/INPUTFILES/data_2016568221.root 
/tmp/maxwoo/21EF1A6A9139C9FD2A38E59AFB466F9A_2868/INPUTFILES/data_2016568231.root 
/tmp/maxwoo/21EF1A6A9139C9FD2A38E59AFB466F9A_2868/INPUTFILES/data_2016568241.root 
/tmp/maxwoo/21EF1A6A9139C9FD2A38E59AFB466F9A_2868/INPUTFILES/data_2016568251.root 
/tmp/maxwoo/21EF1A6A9139C9FD2A38E59AFB466F9A_2868/INPUTFILES/data_2016667691.root 
/tmp/maxwoo/21EF1A6A9139C9FD2A38E59AFB466F9A_2868/INPUTFILES/data_2016667751.root 
/tmp/maxwoo/21EF1A6A9139C9FD2A38E59AFB466F9A_2868/INPUTFILES/data_2016667821.root 
/tmp/maxwoo/21EF1A6A9139C9FD2A38E59AFB466F9A_2868/INPUTFILES/data_2016667861.root 
/tmp/maxwoo/21EF1A6A9139C9FD2A38E59AFB466F9A_2868/INPUTFILES/data_2016667901.root 
/tmp/maxwoo/21EF1A6A9139C9FD2A38E59AFB466F9A_2868/INPUTFILES/data_2016667941.root 
/tmp/maxwoo/21EF1A6A9139C9FD2A38E59AFB466F9A_2868/INPUTFILES/data_2016667951.root 
/tmp/maxwoo/21EF1A6A9139C9FD2A38E59AFB466F9A_2868/INPUTFILES/data_2016667961.root 
/tmp/maxwoo/21EF1A6A9139C9FD2A38E59AFB466F9A_2868/INPUTFILES/data_2016667981.root 
/tmp/maxwoo/21EF1A6A9139C9FD2A38E59AFB466F9A_2868/INPUTFILES/data_2016668031.root 
/tmp/maxwoo/21EF1A6A9139C9FD2A38E59AFB466F9A_2868/INPUTFILES/data_2016668041.root 
Added 37 files
# entries in chain: 36641
Processing entry == 1000 == out of 36641.
Processing entry == 2000 == out of 36641.
Processing entry == 3000 == out of 36641.
Processing entry == 4000 == out of 36641.
Processing entry == 5000 == out of 36641.
Processing entry == 6000 == out of 36641.
Processing entry == 7000 == out of 36641.
Processing entry == 8000 == out of 36641.
Processing entry == 9000 == out of 36641.
Processing entry == 10000 == out of 36641.
Processing entry == 11000 == out of 36641.
Processing entry == 12000 == out of 36641.
Processing entry == 13000 == out of 36641.
Processing entry == 14000 == out of 36641.
Processing entry == 15000 == out of 36641.
Processing entry == 16000 == out of 36641.
Processing entry == 17000 == out of 36641.
Processing entry == 18000 == out of 36641.
Processing entry == 19000 == out of 36641.
Processing entry == 20000 == out of 36641.
Processing entry == 21000 == out of 36641.
Processing entry == 22000 == out of 36641.
Processing entry == 23000 == out of 36641.
Processing entry == 24000 == out of 36641.
Processing entry == 25000 == out of 36641.
Processing entry == 26000 == out of 36641.
Processing entry == 27000 == out of 36641.
Processing entry == 28000 == out of 36641.
Processing entry == 29000 == out of 36641.
Processing entry == 30000 == out of 36641.
Processing entry == 31000 == out of 36641.
Processing entry == 32000 == out of 36641.
Processing entry == 33000 == out of 36641.
Processing entry == 34000 == out of 36641.
Processing entry == 35000 == out of 36641.
Processing entry == 36000 == out of 36641.

This is the end of ROOT -- Goodbye

Cleaning up sandbox file:  /tmp/maxwoo/21EF1A6A9139C9FD2A38E59AFB466F9A_2868/check_S.C
Cleaning up sandbox file:  /tmp/maxwoo/21EF1A6A9139C9FD2A38E59AFB466F9A_2868/Check_Sness.C
Cleaning up sandbox file:  /tmp/maxwoo/21EF1A6A9139C9FD2A38E59AFB466F9A_2868/lib
Cleaning up sandbox file:  /tmp/maxwoo/21EF1A6A9139C9FD2A38E59AFB466F9A_2868/.sandboxFiles
Starting copy block
Running copy command:  /bin/cp -fp /tmp/maxwoo/21EF1A6A9139C9FD2A38E59AFB466F9A_2868/out_21EF1A6A9139C9FD2A38E59AFB466F9A_2868.root /star/data01/pwg/xiatong/git/strangeness/data/
1798 Execution of (/star/data01/pwg/xiatong/git/strangeness/script/sched21EF1A6A9139C9FD2A38E59AFB466F9A_2868.csh ) has ended, exiting normally
1798 We END on [Thu Jun  2 11:13:11 EDT 2022]
