We are starting on node: spool0766.sdcc.bnl.gov
HOME is not defined
Using getent method
HOME is now /star/u/maxwoo
190917 We will spawn ourselves (/star/data01/pwg/xiatong/git/strangeness/script/sched21EF1A6A9139C9FD2A38E59AFB466F9A_1983.csh )
190917 We BEGIN on [Thu Jun  2 11:02:36 EDT 2022]
[1] 191257
190917 We are waiting for 191257 
190917 Grandchild PID is 191711 - found in 10 x 1 seconds
190917 Establishing first watcher   on    Thu Jun  2 11:02:47 EDT 2022
190917 Process tree is 190917 (main) -> 191257 (child) -> 191711 (grandchild)
F S   UID    PID   PPID  C PRI  NI ADDR SZ WCHAN  TTY        TIME CMD
0 D 100667 191711 191257  0 80   0 - 32311 cxiWai ?          0:00 cp /star/data01/pwg/xiatong/AMPT/14GeV/data_883158551.root /tmp/maxwoo/21EF1A6A9139C9FD2A38E59AFB466F9A_1983/INPUTFILES/data_883158551.root
190917 Grandchild PID is 193497 - found in 20 x 2 seconds
190917 Grandchild to watch has changed on Thu Jun  2 11:03:07 EDT 2022
190917 Process tree is 190917 (main) -> 191257 (child) -> 193497 (grandchild)
F S   UID    PID   PPID  C PRI  NI ADDR SZ WCHAN  TTY        TIME CMD
0 D 100667 193497 191257  0 80   0 - 32311 cxiWai ?          0:00 cp /star/data01/pwg/xiatong/AMPT/14GeV/data_883189341.root /tmp/maxwoo/21EF1A6A9139C9FD2A38E59AFB466F9A_1983/INPUTFILES/data_883189341.root
190917 Grandchild PID is 194657 - found in 30 x 2 seconds
190917 Grandchild to watch has changed on Thu Jun  2 11:03:28 EDT 2022
190917 Process tree is 190917 (main) -> 191257 (child) -> 194657 (grandchild)
F S   UID    PID   PPID  C PRI  NI ADDR SZ WCHAN  TTY        TIME CMD
0 D 100667 194657 191257  0 80   0 - 32311 cxiWai ?          0:00 cp /star/data01/pwg/xiatong/AMPT/14GeV/data_883390221.root /tmp/maxwoo/21EF1A6A9139C9FD2A38E59AFB466F9A_1983/INPUTFILES/data_883390221.root
190917 Grandchild PID is 195852 - found in 40 x 2 seconds
190917 Grandchild to watch has changed on Thu Jun  2 11:03:49 EDT 2022
190917 Process tree is 190917 (main) -> 191257 (child) -> 195852 (grandchild)
F S   UID    PID   PPID  C PRI  NI ADDR SZ WCHAN  TTY        TIME CMD
0 D 100667 195852 191257  0 80   0 - 32311 cxiWai ?          0:00 cp /star/data01/pwg/xiatong/AMPT/14GeV/data_883990051.root /tmp/maxwoo/21EF1A6A9139C9FD2A38E59AFB466F9A_1983/INPUTFILES/data_883990051.root
190917 Grandchild PID is 646 - found in 50 x 2 seconds
190917 Grandchild to watch has changed on Thu Jun  2 11:04:09 EDT 2022
190917 Process tree is 190917 (main) -> 191257 (child) -> 646 (grandchild)
F S   UID    PID   PPID  C PRI  NI ADDR SZ WCHAN  TTY        TIME CMD
0 S 100667   646 191257  0  80   0 -  1272 do_wai ?          0:00 root -b -q check_S.C++("/tmp/maxwoo/21EF1A6A9139C9FD2A38E59AFB466F9A_1983/INPUTFILES/21EF1A6A9139C9FD2A38E59AFB466F9A_1983.local.list","21EF1A6A9139C9FD2A38E59AFB466F9A_1983",1)
191257 Stepping into the main SUMS wrapper program with []
.... building sandbox
Running: cp /star/data01/pwg/xiatong/AMPT/14GeV/data_883158361.root /tmp/maxwoo/21EF1A6A9139C9FD2A38E59AFB466F9A_1983/INPUTFILES/data_883158361.root
Running: cp /star/data01/pwg/xiatong/AMPT/14GeV/data_883158381.root /tmp/maxwoo/21EF1A6A9139C9FD2A38E59AFB466F9A_1983/INPUTFILES/data_883158381.root
Running: cp /star/data01/pwg/xiatong/AMPT/14GeV/data_883158401.root /tmp/maxwoo/21EF1A6A9139C9FD2A38E59AFB466F9A_1983/INPUTFILES/data_883158401.root
Running: cp /star/data01/pwg/xiatong/AMPT/14GeV/data_883158531.root /tmp/maxwoo/21EF1A6A9139C9FD2A38E59AFB466F9A_1983/INPUTFILES/data_883158531.root
Running: cp /star/data01/pwg/xiatong/AMPT/14GeV/data_883158551.root /tmp/maxwoo/21EF1A6A9139C9FD2A38E59AFB466F9A_1983/INPUTFILES/data_883158551.root
Running: cp /star/data01/pwg/xiatong/AMPT/14GeV/data_883158621.root /tmp/maxwoo/21EF1A6A9139C9FD2A38E59AFB466F9A_1983/INPUTFILES/data_883158621.root
Running: cp /star/data01/pwg/xiatong/AMPT/14GeV/data_883158701.root /tmp/maxwoo/21EF1A6A9139C9FD2A38E59AFB466F9A_1983/INPUTFILES/data_883158701.root
Running: cp /star/data01/pwg/xiatong/AMPT/14GeV/data_883158711.root /tmp/maxwoo/21EF1A6A9139C9FD2A38E59AFB466F9A_1983/INPUTFILES/data_883158711.root
Running: cp /star/data01/pwg/xiatong/AMPT/14GeV/data_883159371.root /tmp/maxwoo/21EF1A6A9139C9FD2A38E59AFB466F9A_1983/INPUTFILES/data_883159371.root
Running: cp /star/data01/pwg/xiatong/AMPT/14GeV/data_883159971.root /tmp/maxwoo/21EF1A6A9139C9FD2A38E59AFB466F9A_1983/INPUTFILES/data_883159971.root
Running: cp /star/data01/pwg/xiatong/AMPT/14GeV/data_883160101.root /tmp/maxwoo/21EF1A6A9139C9FD2A38E59AFB466F9A_1983/INPUTFILES/data_883160101.root
Running: cp /star/data01/pwg/xiatong/AMPT/14GeV/data_883164131.root /tmp/maxwoo/21EF1A6A9139C9FD2A38E59AFB466F9A_1983/INPUTFILES/data_883164131.root
Running: cp /star/data01/pwg/xiatong/AMPT/14GeV/data_883167531.root /tmp/maxwoo/21EF1A6A9139C9FD2A38E59AFB466F9A_1983/INPUTFILES/data_883167531.root
Running: cp /star/data01/pwg/xiatong/AMPT/14GeV/data_883169931.root /tmp/maxwoo/21EF1A6A9139C9FD2A38E59AFB466F9A_1983/INPUTFILES/data_883169931.root
Running: cp /star/data01/pwg/xiatong/AMPT/14GeV/data_883184861.root /tmp/maxwoo/21EF1A6A9139C9FD2A38E59AFB466F9A_1983/INPUTFILES/data_883184861.root
Running: cp /star/data01/pwg/xiatong/AMPT/14GeV/data_883189341.root /tmp/maxwoo/21EF1A6A9139C9FD2A38E59AFB466F9A_1983/INPUTFILES/data_883189341.root
Running: cp /star/data01/pwg/xiatong/AMPT/14GeV/data_883190211.root /tmp/maxwoo/21EF1A6A9139C9FD2A38E59AFB466F9A_1983/INPUTFILES/data_883190211.root
Running: cp /star/data01/pwg/xiatong/AMPT/14GeV/data_883190231.root /tmp/maxwoo/21EF1A6A9139C9FD2A38E59AFB466F9A_1983/INPUTFILES/data_883190231.root
Running: cp /star/data01/pwg/xiatong/AMPT/14GeV/data_883190251.root /tmp/maxwoo/21EF1A6A9139C9FD2A38E59AFB466F9A_1983/INPUTFILES/data_883190251.root
Running: cp /star/data01/pwg/xiatong/AMPT/14GeV/data_883190321.root /tmp/maxwoo/21EF1A6A9139C9FD2A38E59AFB466F9A_1983/INPUTFILES/data_883190321.root
Running: cp /star/data01/pwg/xiatong/AMPT/14GeV/data_883196081.root /tmp/maxwoo/21EF1A6A9139C9FD2A38E59AFB466F9A_1983/INPUTFILES/data_883196081.root
Running: cp /star/data01/pwg/xiatong/AMPT/14GeV/data_883196411.root /tmp/maxwoo/21EF1A6A9139C9FD2A38E59AFB466F9A_1983/INPUTFILES/data_883196411.root
Running: cp /star/data01/pwg/xiatong/AMPT/14GeV/data_883196421.root /tmp/maxwoo/21EF1A6A9139C9FD2A38E59AFB466F9A_1983/INPUTFILES/data_883196421.root
Running: cp /star/data01/pwg/xiatong/AMPT/14GeV/data_883290201.root /tmp/maxwoo/21EF1A6A9139C9FD2A38E59AFB466F9A_1983/INPUTFILES/data_883290201.root
Running: cp /star/data01/pwg/xiatong/AMPT/14GeV/data_883390181.root /tmp/maxwoo/21EF1A6A9139C9FD2A38E59AFB466F9A_1983/INPUTFILES/data_883390181.root
Running: cp /star/data01/pwg/xiatong/AMPT/14GeV/data_883390221.root /tmp/maxwoo/21EF1A6A9139C9FD2A38E59AFB466F9A_1983/INPUTFILES/data_883390221.root
Running: cp /star/data01/pwg/xiatong/AMPT/14GeV/data_883490171.root /tmp/maxwoo/21EF1A6A9139C9FD2A38E59AFB466F9A_1983/INPUTFILES/data_883490171.root
Running: cp /star/data01/pwg/xiatong/AMPT/14GeV/data_883490191.root /tmp/maxwoo/21EF1A6A9139C9FD2A38E59AFB466F9A_1983/INPUTFILES/data_883490191.root
Running: cp /star/data01/pwg/xiatong/AMPT/14GeV/data_883690141.root /tmp/maxwoo/21EF1A6A9139C9FD2A38E59AFB466F9A_1983/INPUTFILES/data_883690141.root
Running: cp /star/data01/pwg/xiatong/AMPT/14GeV/data_883790121.root /tmp/maxwoo/21EF1A6A9139C9FD2A38E59AFB466F9A_1983/INPUTFILES/data_883790121.root
Running: cp /star/data01/pwg/xiatong/AMPT/14GeV/data_883890081.root /tmp/maxwoo/21EF1A6A9139C9FD2A38E59AFB466F9A_1983/INPUTFILES/data_883890081.root
Running: cp /star/data01/pwg/xiatong/AMPT/14GeV/data_883890151.root /tmp/maxwoo/21EF1A6A9139C9FD2A38E59AFB466F9A_1983/INPUTFILES/data_883890151.root
Running: cp /star/data01/pwg/xiatong/AMPT/14GeV/data_883890161.root /tmp/maxwoo/21EF1A6A9139C9FD2A38E59AFB466F9A_1983/INPUTFILES/data_883890161.root
Running: cp /star/data01/pwg/xiatong/AMPT/14GeV/data_883990051.root /tmp/maxwoo/21EF1A6A9139C9FD2A38E59AFB466F9A_1983/INPUTFILES/data_883990051.root
Running: cp /star/data01/pwg/xiatong/AMPT/14GeV/data_883990071.root /tmp/maxwoo/21EF1A6A9139C9FD2A38E59AFB466F9A_1983/INPUTFILES/data_883990071.root
Running: cp /star/data01/pwg/xiatong/AMPT/14GeV/data_883990101.root /tmp/maxwoo/21EF1A6A9139C9FD2A38E59AFB466F9A_1983/INPUTFILES/data_883990101.root
Running: cp /star/data01/pwg/xiatong/AMPT/14GeV/data_884090031.root /tmp/maxwoo/21EF1A6A9139C9FD2A38E59AFB466F9A_1983/INPUTFILES/data_884090031.root
Swapping $FILELIST with: /tmp/maxwoo/21EF1A6A9139C9FD2A38E59AFB466F9A_1983/INPUTFILES/21EF1A6A9139C9FD2A38E59AFB466F9A_1983.local.list
+++++++++++local copy debug++++++++++++++++++++
newFileList: /tmp/maxwoo/21EF1A6A9139C9FD2A38E59AFB466F9A_1983/INPUTFILES/21EF1A6A9139C9FD2A38E59AFB466F9A_1983.local.list
++++++++++++++++cat FILELIST+++++++++++++++++++
/tmp/maxwoo/21EF1A6A9139C9FD2A38E59AFB466F9A_1983/INPUTFILES/data_883158361.root 
/tmp/maxwoo/21EF1A6A9139C9FD2A38E59AFB466F9A_1983/INPUTFILES/data_883158381.root 
/tmp/maxwoo/21EF1A6A9139C9FD2A38E59AFB466F9A_1983/INPUTFILES/data_883158401.root 
/tmp/maxwoo/21EF1A6A9139C9FD2A38E59AFB466F9A_1983/INPUTFILES/data_883158531.root 
/tmp/maxwoo/21EF1A6A9139C9FD2A38E59AFB466F9A_1983/INPUTFILES/data_883158551.root 
/tmp/maxwoo/21EF1A6A9139C9FD2A38E59AFB466F9A_1983/INPUTFILES/data_883158621.root 
/tmp/maxwoo/21EF1A6A9139C9FD2A38E59AFB466F9A_1983/INPUTFILES/data_883158701.root 
/tmp/maxwoo/21EF1A6A9139C9FD2A38E59AFB466F9A_1983/INPUTFILES/data_883158711.root 
/tmp/maxwoo/21EF1A6A9139C9FD2A38E59AFB466F9A_1983/INPUTFILES/data_883159371.root 
/tmp/maxwoo/21EF1A6A9139C9FD2A38E59AFB466F9A_1983/INPUTFILES/data_883159971.root 
/tmp/maxwoo/21EF1A6A9139C9FD2A38E59AFB466F9A_1983/INPUTFILES/data_883160101.root 
/tmp/maxwoo/21EF1A6A9139C9FD2A38E59AFB466F9A_1983/INPUTFILES/data_883164131.root 
/tmp/maxwoo/21EF1A6A9139C9FD2A38E59AFB466F9A_1983/INPUTFILES/data_883167531.root 
/tmp/maxwoo/21EF1A6A9139C9FD2A38E59AFB466F9A_1983/INPUTFILES/data_883169931.root 
/tmp/maxwoo/21EF1A6A9139C9FD2A38E59AFB466F9A_1983/INPUTFILES/data_883184861.root 
/tmp/maxwoo/21EF1A6A9139C9FD2A38E59AFB466F9A_1983/INPUTFILES/data_883189341.root 
/tmp/maxwoo/21EF1A6A9139C9FD2A38E59AFB466F9A_1983/INPUTFILES/data_883190211.root 
/tmp/maxwoo/21EF1A6A9139C9FD2A38E59AFB466F9A_1983/INPUTFILES/data_883190231.root 
/tmp/maxwoo/21EF1A6A9139C9FD2A38E59AFB466F9A_1983/INPUTFILES/data_883190251.root 
/tmp/maxwoo/21EF1A6A9139C9FD2A38E59AFB466F9A_1983/INPUTFILES/data_883190321.root 
/tmp/maxwoo/21EF1A6A9139C9FD2A38E59AFB466F9A_1983/INPUTFILES/data_883196081.root 
/tmp/maxwoo/21EF1A6A9139C9FD2A38E59AFB466F9A_1983/INPUTFILES/data_883196411.root 
/tmp/maxwoo/21EF1A6A9139C9FD2A38E59AFB466F9A_1983/INPUTFILES/data_883196421.root 
/tmp/maxwoo/21EF1A6A9139C9FD2A38E59AFB466F9A_1983/INPUTFILES/data_883290201.root 
/tmp/maxwoo/21EF1A6A9139C9FD2A38E59AFB466F9A_1983/INPUTFILES/data_883390181.root 
/tmp/maxwoo/21EF1A6A9139C9FD2A38E59AFB466F9A_1983/INPUTFILES/data_883390221.root 
/tmp/maxwoo/21EF1A6A9139C9FD2A38E59AFB466F9A_1983/INPUTFILES/data_883490171.root 
/tmp/maxwoo/21EF1A6A9139C9FD2A38E59AFB466F9A_1983/INPUTFILES/data_883490191.root 
/tmp/maxwoo/21EF1A6A9139C9FD2A38E59AFB466F9A_1983/INPUTFILES/data_883690141.root 
/tmp/maxwoo/21EF1A6A9139C9FD2A38E59AFB466F9A_1983/INPUTFILES/data_883790121.root 
/tmp/maxwoo/21EF1A6A9139C9FD2A38E59AFB466F9A_1983/INPUTFILES/data_883890081.root 
/tmp/maxwoo/21EF1A6A9139C9FD2A38E59AFB466F9A_1983/INPUTFILES/data_883890151.root 
/tmp/maxwoo/21EF1A6A9139C9FD2A38E59AFB466F9A_1983/INPUTFILES/data_883890161.root 
/tmp/maxwoo/21EF1A6A9139C9FD2A38E59AFB466F9A_1983/INPUTFILES/data_883990051.root 
/tmp/maxwoo/21EF1A6A9139C9FD2A38E59AFB466F9A_1983/INPUTFILES/data_883990071.root 
/tmp/maxwoo/21EF1A6A9139C9FD2A38E59AFB466F9A_1983/INPUTFILES/data_883990101.root 
/tmp/maxwoo/21EF1A6A9139C9FD2A38E59AFB466F9A_1983/INPUTFILES/data_884090031.root 
++++++++++++++++++++find.++++++++++++++++++++++
.
./lib
./lib/my_particle.cpp
./lib/my_event.h
./lib/NpartNormalizer_cpp.d
./lib/CenMaker_cpp.so
./lib/MixedBuffer_cpp.so
./lib/my_event_cpp.d
./lib/NpartNormalizer_cpp.so
./lib/my_particle_cpp.d
./lib/MixedBuffer_cpp_ACLiC_dict_rdict.pcm
./lib/my_particle.h
./lib/my_event_cpp_ACLiC_dict_rdict.pcm
./lib/MixedBuffer.cpp
./lib/MixedBuffer.h
./lib/NpartNormalizer_cpp_ACLiC_dict_rdict.pcm
./lib/NpartNormalizer.h
./lib/my_event_cpp.so
./lib/MixedBuffer_cpp.d
./lib/CenMaker.cpp
./lib/CenMaker_cpp.d
./lib/my_particle_cpp_ACLiC_dict_rdict.pcm
./lib/NpartNormalizer.cpp
./lib/my_particle_cpp.so
./lib/my_event.cpp
./lib/CenMaker_cpp_ACLiC_dict_rdict.pcm
./lib/CenMaker.h
./Check_Sness.C
./.sandboxFiles
./.output.log
./.errror.log
./INPUTFILES
./INPUTFILES/data_883158381.root
./INPUTFILES/data_883158621.root
./INPUTFILES/data_883189341.root
./INPUTFILES/data_883890081.root
./INPUTFILES/data_883158711.root
./INPUTFILES/data_883890161.root
./INPUTFILES/data_883184861.root
./INPUTFILES/data_883190321.root
./INPUTFILES/data_883190251.root
./INPUTFILES/data_884090031.root
./INPUTFILES/data_883490191.root
./INPUTFILES/data_883159371.root
./INPUTFILES/data_883790121.root
./INPUTFILES/data_883159971.root
./INPUTFILES/data_883990101.root
./INPUTFILES/21EF1A6A9139C9FD2A38E59AFB466F9A_1983.local.list
./INPUTFILES/data_883167531.root
./INPUTFILES/data_883390221.root
./INPUTFILES/data_883390181.root
./INPUTFILES/data_883158551.root
./INPUTFILES/data_883158361.root
./INPUTFILES/data_883196421.root
./INPUTFILES/data_883164131.root
./INPUTFILES/data_883158701.root
./INPUTFILES/data_883196081.root
./INPUTFILES/data_883169931.root
./INPUTFILES/data_883490171.root
./INPUTFILES/data_883990051.root
./INPUTFILES/data_883890151.root
./INPUTFILES/data_883290201.root
./INPUTFILES/data_883990071.root
./INPUTFILES/data_883190211.root
./INPUTFILES/data_883190231.root
./INPUTFILES/data_883690141.root
./INPUTFILES/data_883158531.root
./INPUTFILES/data_883158401.root
./INPUTFILES/data_883160101.root
./INPUTFILES/data_883196411.root
./check_S.C
++++++++++++++++INPUTFILE Var++++++++++++++++++
FILELIST=/tmp/maxwoo/21EF1A6A9139C9FD2A38E59AFB466F9A_1983/INPUTFILES/21EF1A6A9139C9FD2A38E59AFB466F9A_1983.local.list
INPUTFILECOUNT=37
INPUTFILE0=/tmp/maxwoo/21EF1A6A9139C9FD2A38E59AFB466F9A_1983/INPUTFILES/data_883158361.root
INPUTFILE1=/tmp/maxwoo/21EF1A6A9139C9FD2A38E59AFB466F9A_1983/INPUTFILES/data_883158381.root
INPUTFILE2=/tmp/maxwoo/21EF1A6A9139C9FD2A38E59AFB466F9A_1983/INPUTFILES/data_883158401.root
INPUTFILE3=/tmp/maxwoo/21EF1A6A9139C9FD2A38E59AFB466F9A_1983/INPUTFILES/data_883158531.root
INPUTFILE4=/tmp/maxwoo/21EF1A6A9139C9FD2A38E59AFB466F9A_1983/INPUTFILES/data_883158551.root
INPUTFILE5=/tmp/maxwoo/21EF1A6A9139C9FD2A38E59AFB466F9A_1983/INPUTFILES/data_883158621.root
INPUTFILE6=/tmp/maxwoo/21EF1A6A9139C9FD2A38E59AFB466F9A_1983/INPUTFILES/data_883158701.root
INPUTFILE7=/tmp/maxwoo/21EF1A6A9139C9FD2A38E59AFB466F9A_1983/INPUTFILES/data_883158711.root
INPUTFILE8=/tmp/maxwoo/21EF1A6A9139C9FD2A38E59AFB466F9A_1983/INPUTFILES/data_883159371.root
INPUTFILE9=/tmp/maxwoo/21EF1A6A9139C9FD2A38E59AFB466F9A_1983/INPUTFILES/data_883159971.root
INPUTFILE10=/tmp/maxwoo/21EF1A6A9139C9FD2A38E59AFB466F9A_1983/INPUTFILES/data_883160101.root
INPUTFILE11=/tmp/maxwoo/21EF1A6A9139C9FD2A38E59AFB466F9A_1983/INPUTFILES/data_883164131.root
INPUTFILE12=/tmp/maxwoo/21EF1A6A9139C9FD2A38E59AFB466F9A_1983/INPUTFILES/data_883167531.root
INPUTFILE13=/tmp/maxwoo/21EF1A6A9139C9FD2A38E59AFB466F9A_1983/INPUTFILES/data_883169931.root
INPUTFILE14=/tmp/maxwoo/21EF1A6A9139C9FD2A38E59AFB466F9A_1983/INPUTFILES/data_883184861.root
INPUTFILE15=/tmp/maxwoo/21EF1A6A9139C9FD2A38E59AFB466F9A_1983/INPUTFILES/data_883189341.root
INPUTFILE16=/tmp/maxwoo/21EF1A6A9139C9FD2A38E59AFB466F9A_1983/INPUTFILES/data_883190211.root
INPUTFILE17=/tmp/maxwoo/21EF1A6A9139C9FD2A38E59AFB466F9A_1983/INPUTFILES/data_883190231.root
INPUTFILE18=/tmp/maxwoo/21EF1A6A9139C9FD2A38E59AFB466F9A_1983/INPUTFILES/data_883190251.root
INPUTFILE19=/tmp/maxwoo/21EF1A6A9139C9FD2A38E59AFB466F9A_1983/INPUTFILES/data_883190321.root
INPUTFILE20=/tmp/maxwoo/21EF1A6A9139C9FD2A38E59AFB466F9A_1983/INPUTFILES/data_883196081.root
INPUTFILE21=/tmp/maxwoo/21EF1A6A9139C9FD2A38E59AFB466F9A_1983/INPUTFILES/data_883196411.root
INPUTFILE22=/tmp/maxwoo/21EF1A6A9139C9FD2A38E59AFB466F9A_1983/INPUTFILES/data_883196421.root
INPUTFILE23=/tmp/maxwoo/21EF1A6A9139C9FD2A38E59AFB466F9A_1983/INPUTFILES/data_883290201.root
INPUTFILE24=/tmp/maxwoo/21EF1A6A9139C9FD2A38E59AFB466F9A_1983/INPUTFILES/data_883390181.root
INPUTFILE25=/tmp/maxwoo/21EF1A6A9139C9FD2A38E59AFB466F9A_1983/INPUTFILES/data_883390221.root
INPUTFILE26=/tmp/maxwoo/21EF1A6A9139C9FD2A38E59AFB466F9A_1983/INPUTFILES/data_883490171.root
INPUTFILE27=/tmp/maxwoo/21EF1A6A9139C9FD2A38E59AFB466F9A_1983/INPUTFILES/data_883490191.root
INPUTFILE28=/tmp/maxwoo/21EF1A6A9139C9FD2A38E59AFB466F9A_1983/INPUTFILES/data_883690141.root
INPUTFILE29=/tmp/maxwoo/21EF1A6A9139C9FD2A38E59AFB466F9A_1983/INPUTFILES/data_883790121.root
INPUTFILE30=/tmp/maxwoo/21EF1A6A9139C9FD2A38E59AFB466F9A_1983/INPUTFILES/data_883890081.root
INPUTFILE31=/tmp/maxwoo/21EF1A6A9139C9FD2A38E59AFB466F9A_1983/INPUTFILES/data_883890151.root
INPUTFILE32=/tmp/maxwoo/21EF1A6A9139C9FD2A38E59AFB466F9A_1983/INPUTFILES/data_883890161.root
INPUTFILE33=/tmp/maxwoo/21EF1A6A9139C9FD2A38E59AFB466F9A_1983/INPUTFILES/data_883990051.root
INPUTFILE34=/tmp/maxwoo/21EF1A6A9139C9FD2A38E59AFB466F9A_1983/INPUTFILES/data_883990071.root
INPUTFILE35=/tmp/maxwoo/21EF1A6A9139C9FD2A38E59AFB466F9A_1983/INPUTFILES/data_883990101.root
INPUTFILE36=/tmp/maxwoo/21EF1A6A9139C9FD2A38E59AFB466F9A_1983/INPUTFILES/data_884090031.root
LocalInputFileDir=/tmp/maxwoo/21EF1A6A9139C9FD2A38E59AFB466F9A_1983/INPUTFILES
NewFILELIST=/tmp/maxwoo/21EF1A6A9139C9FD2A38E59AFB466F9A_1983/INPUTFILES/21EF1A6A9139C9FD2A38E59AFB466F9A_1983.local.list
+++++++++++++++++++++++++++++++++++++++++++++++
--------------------------------
Simple Unified Meta Scheduler 1.10.50 we are starting in $SCRATCH : /home/tmp/maxwoo/21EF1A6A9139C9FD2A38E59AFB466F9A_1983
--------------------------------
total 16
lrwxrwxrwx 1 maxwoo rhstar   61 Jun  2 11:02 check_S.C -> /gpfs/mnt/gpfs01/star/pwg/xiatong/git/strangeness/./check_S.C
lrwxrwxrwx 1 maxwoo rhstar   65 Jun  2 11:02 Check_Sness.C -> /gpfs/mnt/gpfs01/star/pwg/xiatong/git/strangeness/./Check_Sness.C
drwxr-xr-x 2 maxwoo rhstar 4096 Jun  2 11:03 INPUTFILES
drwxr-xr-x 2 maxwoo rhstar 4096 Jun  2 11:02 lib
  *******************************************
  *                                         *
  *        W E L C O M E  to  R O O T       *
  *                                         *
  *   Version   5.34/38     12 March 2018   *
  *                                         *
  *  You are welcome to visit our Web site  *
  *          http://root.cern.ch            *
  *                                         *
  *******************************************

ROOT 5.34/38 (v5-34-38@v5-34-38, Mar 12 2018, 15:49:39 on linux)

CINT/ROOT C/C++ Interpreter version 5.18.00, July 2, 2010
Type ? for help. Commands must be C++ statements.
Enclose multiple statements between { }.
*** Float Point Exception is OFF ***
 *** Start at Date : Thu Jun  2 11:03:53 2022
QAInfo:You are using STAR_LEVEL : dev, ROOT_LEVEL : 5.34.38 and node : spool0766.sdcc.bnl.gov 

Processing check_S.C++("/tmp/maxwoo/21EF1A6A9139C9FD2A38E59AFB466F9A_1983/INPUTFILES/21EF1A6A9139C9FD2A38E59AFB466F9A_1983.local.list","21EF1A6A9139C9FD2A38E59AFB466F9A_1983",1)...
/tmp/maxwoo/21EF1A6A9139C9FD2A38E59AFB466F9A_1983/INPUTFILES/data_883158361.root 
/tmp/maxwoo/21EF1A6A9139C9FD2A38E59AFB466F9A_1983/INPUTFILES/data_883158381.root 
/tmp/maxwoo/21EF1A6A9139C9FD2A38E59AFB466F9A_1983/INPUTFILES/data_883158401.root 
/tmp/maxwoo/21EF1A6A9139C9FD2A38E59AFB466F9A_1983/INPUTFILES/data_883158531.root 
/tmp/maxwoo/21EF1A6A9139C9FD2A38E59AFB466F9A_1983/INPUTFILES/data_883158551.root 
/tmp/maxwoo/21EF1A6A9139C9FD2A38E59AFB466F9A_1983/INPUTFILES/data_883158621.root 
/tmp/maxwoo/21EF1A6A9139C9FD2A38E59AFB466F9A_1983/INPUTFILES/data_883158701.root 
/tmp/maxwoo/21EF1A6A9139C9FD2A38E59AFB466F9A_1983/INPUTFILES/data_883158711.root 
/tmp/maxwoo/21EF1A6A9139C9FD2A38E59AFB466F9A_1983/INPUTFILES/data_883159371.root 
/tmp/maxwoo/21EF1A6A9139C9FD2A38E59AFB466F9A_1983/INPUTFILES/data_883159971.root 
/tmp/maxwoo/21EF1A6A9139C9FD2A38E59AFB466F9A_1983/INPUTFILES/data_883160101.root 
/tmp/maxwoo/21EF1A6A9139C9FD2A38E59AFB466F9A_1983/INPUTFILES/data_883164131.root 
/tmp/maxwoo/21EF1A6A9139C9FD2A38E59AFB466F9A_1983/INPUTFILES/data_883167531.root 
/tmp/maxwoo/21EF1A6A9139C9FD2A38E59AFB466F9A_1983/INPUTFILES/data_883169931.root 
/tmp/maxwoo/21EF1A6A9139C9FD2A38E59AFB466F9A_1983/INPUTFILES/data_883184861.root 
/tmp/maxwoo/21EF1A6A9139C9FD2A38E59AFB466F9A_1983/INPUTFILES/data_883189341.root 
/tmp/maxwoo/21EF1A6A9139C9FD2A38E59AFB466F9A_1983/INPUTFILES/data_883190211.root 
/tmp/maxwoo/21EF1A6A9139C9FD2A38E59AFB466F9A_1983/INPUTFILES/data_883190231.root 
/tmp/maxwoo/21EF1A6A9139C9FD2A38E59AFB466F9A_1983/INPUTFILES/data_883190251.root 
/tmp/maxwoo/21EF1A6A9139C9FD2A38E59AFB466F9A_1983/INPUTFILES/data_883190321.root 
/tmp/maxwoo/21EF1A6A9139C9FD2A38E59AFB466F9A_1983/INPUTFILES/data_883196081.root 
/tmp/maxwoo/21EF1A6A9139C9FD2A38E59AFB466F9A_1983/INPUTFILES/data_883196411.root 
/tmp/maxwoo/21EF1A6A9139C9FD2A38E59AFB466F9A_1983/INPUTFILES/data_883196421.root 
/tmp/maxwoo/21EF1A6A9139C9FD2A38E59AFB466F9A_1983/INPUTFILES/data_883290201.root 
/tmp/maxwoo/21EF1A6A9139C9FD2A38E59AFB466F9A_1983/INPUTFILES/data_883390181.root 
/tmp/maxwoo/21EF1A6A9139C9FD2A38E59AFB466F9A_1983/INPUTFILES/data_883390221.root 
/tmp/maxwoo/21EF1A6A9139C9FD2A38E59AFB466F9A_1983/INPUTFILES/data_883490171.root 
/tmp/maxwoo/21EF1A6A9139C9FD2A38E59AFB466F9A_1983/INPUTFILES/data_883490191.root 
/tmp/maxwoo/21EF1A6A9139C9FD2A38E59AFB466F9A_1983/INPUTFILES/data_883690141.root 
/tmp/maxwoo/21EF1A6A9139C9FD2A38E59AFB466F9A_1983/INPUTFILES/data_883790121.root 
/tmp/maxwoo/21EF1A6A9139C9FD2A38E59AFB466F9A_1983/INPUTFILES/data_883890081.root 
/tmp/maxwoo/21EF1A6A9139C9FD2A38E59AFB466F9A_1983/INPUTFILES/data_883890151.root 
/tmp/maxwoo/21EF1A6A9139C9FD2A38E59AFB466F9A_1983/INPUTFILES/data_883890161.root 
/tmp/maxwoo/21EF1A6A9139C9FD2A38E59AFB466F9A_1983/INPUTFILES/data_883990051.root 
/tmp/maxwoo/21EF1A6A9139C9FD2A38E59AFB466F9A_1983/INPUTFILES/data_883990071.root 
/tmp/maxwoo/21EF1A6A9139C9FD2A38E59AFB466F9A_1983/INPUTFILES/data_883990101.root 
/tmp/maxwoo/21EF1A6A9139C9FD2A38E59AFB466F9A_1983/INPUTFILES/data_884090031.root 
Added 37 files
# entries in chain: 37000
Processing entry == 1000 == out of 37000.
Processing entry == 2000 == out of 37000.
Processing entry == 3000 == out of 37000.
Processing entry == 4000 == out of 37000.
Processing entry == 5000 == out of 37000.
Processing entry == 6000 == out of 37000.
Processing entry == 7000 == out of 37000.
Processing entry == 8000 == out of 37000.
Processing entry == 9000 == out of 37000.
Processing entry == 10000 == out of 37000.
Processing entry == 11000 == out of 37000.
Processing entry == 12000 == out of 37000.
Processing entry == 13000 == out of 37000.
Processing entry == 14000 == out of 37000.
Processing entry == 15000 == out of 37000.
Processing entry == 16000 == out of 37000.
Processing entry == 17000 == out of 37000.
Processing entry == 18000 == out of 37000.
Processing entry == 19000 == out of 37000.
Processing entry == 20000 == out of 37000.
Processing entry == 21000 == out of 37000.
Processing entry == 22000 == out of 37000.
Processing entry == 23000 == out of 37000.
Processing entry == 24000 == out of 37000.
Processing entry == 25000 == out of 37000.
Processing entry == 26000 == out of 37000.
Processing entry == 27000 == out of 37000.
Processing entry == 28000 == out of 37000.
Processing entry == 29000 == out of 37000.
Processing entry == 30000 == out of 37000.
Processing entry == 31000 == out of 37000.
Processing entry == 32000 == out of 37000.
Processing entry == 33000 == out of 37000.
Processing entry == 34000 == out of 37000.
Processing entry == 35000 == out of 37000.
Processing entry == 36000 == out of 37000.
Processing entry == 37000 == out of 37000.

This is the end of ROOT -- Goodbye

Cleaning up sandbox file:  /tmp/maxwoo/21EF1A6A9139C9FD2A38E59AFB466F9A_1983/check_S.C
Cleaning up sandbox file:  /tmp/maxwoo/21EF1A6A9139C9FD2A38E59AFB466F9A_1983/Check_Sness.C
Cleaning up sandbox file:  /tmp/maxwoo/21EF1A6A9139C9FD2A38E59AFB466F9A_1983/lib
Cleaning up sandbox file:  /tmp/maxwoo/21EF1A6A9139C9FD2A38E59AFB466F9A_1983/.sandboxFiles
Starting copy block
Running copy command:  /bin/cp -fp /tmp/maxwoo/21EF1A6A9139C9FD2A38E59AFB466F9A_1983/out_21EF1A6A9139C9FD2A38E59AFB466F9A_1983.root /star/data01/pwg/xiatong/git/strangeness/data/
190917 Execution of (/star/data01/pwg/xiatong/git/strangeness/script/sched21EF1A6A9139C9FD2A38E59AFB466F9A_1983.csh ) has ended, exiting normally
190917 We END on [Thu Jun  2 11:20:52 EDT 2022]
