We are starting on node: spool0342.sdcc.bnl.gov
HOME is not defined
Using getent method
HOME is now /star/u/maxwoo
10133 We will spawn ourselves (/star/data01/pwg/xiatong/git/strangeness/script/sched21EF1A6A9139C9FD2A38E59AFB466F9A_281.csh )
10133 We BEGIN on [Thu Jun  2 11:39:01 EDT 2022]
[1] 10324
10133 We are waiting for 10324 
10133 Grandchild PID is 10341 - found in 0 x 1 seconds
10133 Establishing first watcher   on    Thu Jun  2 11:39:01 EDT 2022
10133 Process tree is 10133 (main) -> 10324 (child) -> 10341 (grandchild)
F S   UID   PID  PPID  C PRI  NI ADDR SZ WCHAN  TTY        TIME CMD
10133 Grandchild PID is 10583 - found in 10 x 2 seconds
10133 Grandchild to watch has changed on Thu Jun  2 11:39:50 EDT 2022
10133 Process tree is 10133 (main) -> 10324 (child) -> 10583 (grandchild)
F S   UID   PID  PPID  C PRI  NI ADDR SZ WCHAN  TTY        TIME CMD
10133 Grandchild PID is 12634 - found in 20 x 2 seconds
10133 Grandchild to watch has changed on Thu Jun  2 11:40:11 EDT 2022
10133 Process tree is 10133 (main) -> 10324 (child) -> 12634 (grandchild)
F S   UID   PID  PPID  C PRI  NI ADDR SZ WCHAN  TTY        TIME CMD
0 D 100667 12634 10324  0 80   0 - 32311 cxiWai ?          0:00 cp /star/data01/pwg/xiatong/AMPT/14GeV/data_146134841.root /tmp/maxwoo/21EF1A6A9139C9FD2A38E59AFB466F9A_281/INPUTFILES/data_146134841.root
10133 Grandchild PID is 13899 - found in 30 x 2 seconds
10133 Grandchild to watch has changed on Thu Jun  2 11:40:32 EDT 2022
10133 Process tree is 10133 (main) -> 10324 (child) -> 13899 (grandchild)
F S   UID   PID  PPID  C PRI  NI ADDR SZ WCHAN  TTY        TIME CMD
0 D 100667 13899 10324  0 80   0 - 32311 cxiWai ?          0:00 cp /star/data01/pwg/xiatong/AMPT/14GeV/data_146135341.root /tmp/maxwoo/21EF1A6A9139C9FD2A38E59AFB466F9A_281/INPUTFILES/data_146135341.root
10133 Grandchild PID is 15036 - found in 50 x 2 seconds
10133 Grandchild to watch has changed on Thu Jun  2 11:41:13 EDT 2022
10133 Process tree is 10133 (main) -> 10324 (child) -> 15036 (grandchild)
F S   UID   PID  PPID  C PRI  NI ADDR SZ WCHAN  TTY        TIME CMD
0 D 100667 15036 10324  0 80   0 - 32311 cxiWai ?          0:00 cp /star/data01/pwg/xiatong/AMPT/14GeV/data_146135881.root /tmp/maxwoo/21EF1A6A9139C9FD2A38E59AFB466F9A_281/INPUTFILES/data_146135881.root
10133 Grandchild PID is 15639 - found in 60 x 2 seconds
10133 Grandchild to watch has changed on Thu Jun  2 11:41:33 EDT 2022
10133 Process tree is 10133 (main) -> 10324 (child) -> 15639 (grandchild)
F S   UID   PID  PPID  C PRI  NI ADDR SZ WCHAN  TTY        TIME CMD
0 D 100667 15639 10324  0 80   0 - 32311 cxiWai ?          0:00 cp /star/data01/pwg/xiatong/AMPT/14GeV/data_146144671.root /tmp/maxwoo/21EF1A6A9139C9FD2A38E59AFB466F9A_281/INPUTFILES/data_146144671.root
10133 Grandchild PID is 16599 - found in 70 x 2 seconds
10133 Grandchild to watch has changed on Thu Jun  2 11:41:53 EDT 2022
10133 Process tree is 10133 (main) -> 10324 (child) -> 16599 (grandchild)
F S   UID   PID  PPID  C PRI  NI ADDR SZ WCHAN  TTY        TIME CMD
0 D 100667 16599 10324  0 80   0 - 32311 cxiWai ?          0:00 cp /star/data01/pwg/xiatong/AMPT/14GeV/data_146144821.root /tmp/maxwoo/21EF1A6A9139C9FD2A38E59AFB466F9A_281/INPUTFILES/data_146144821.root
10133 Grandchild PID is 17384 - found in 90 x 2 seconds
10133 Grandchild to watch has changed on Thu Jun  2 11:42:37 EDT 2022
10133 Process tree is 10133 (main) -> 10324 (child) -> 17384 (grandchild)
F S   UID   PID  PPID  C PRI  NI ADDR SZ WCHAN  TTY        TIME CMD
0 D 100667 17384 10324  0 80   0 - 32311 cxiWai ?          0:00 cp /star/data01/pwg/xiatong/AMPT/14GeV/data_146146021.root /tmp/maxwoo/21EF1A6A9139C9FD2A38E59AFB466F9A_281/INPUTFILES/data_146146021.root
10133 Grandchild PID is 19597 - found in 110 x 2 seconds
10133 Grandchild to watch has changed on Thu Jun  2 11:43:21 EDT 2022
10133 Process tree is 10133 (main) -> 10324 (child) -> 19597 (grandchild)
F S   UID   PID  PPID  C PRI  NI ADDR SZ WCHAN  TTY        TIME CMD
0 D 100667 19597 10324  0 80   0 - 32311 cxiWai ?          0:00 cp /star/data01/pwg/xiatong/AMPT/14GeV/data_146155821.root /tmp/maxwoo/21EF1A6A9139C9FD2A38E59AFB466F9A_281/INPUTFILES/data_146155821.root
10133 Grandchild PID is 22147 - found in 140 x 2 seconds
10133 Grandchild to watch has changed on Thu Jun  2 11:44:28 EDT 2022
10133 Process tree is 10133 (main) -> 10324 (child) -> 22147 (grandchild)
F S   UID   PID  PPID  C PRI  NI ADDR SZ WCHAN  TTY        TIME CMD
0 S 100667 22147 10324  0 80   0 -  1272 do_wai ?          0:00 root -b -q check_S.C++("/tmp/maxwoo/21EF1A6A9139C9FD2A38E59AFB466F9A_281/INPUTFILES/21EF1A6A9139C9FD2A38E59AFB466F9A_281.local.list","21EF1A6A9139C9FD2A38E59AFB466F9A_281",1)
10324 Stepping into the main SUMS wrapper program with []
.... building sandbox
Running: cp /star/data01/pwg/xiatong/AMPT/14GeV/data_146126091.root /tmp/maxwoo/21EF1A6A9139C9FD2A38E59AFB466F9A_281/INPUTFILES/data_146126091.root
Running: cp /star/data01/pwg/xiatong/AMPT/14GeV/data_146134211.root /tmp/maxwoo/21EF1A6A9139C9FD2A38E59AFB466F9A_281/INPUTFILES/data_146134211.root
Running: cp /star/data01/pwg/xiatong/AMPT/14GeV/data_146134431.root /tmp/maxwoo/21EF1A6A9139C9FD2A38E59AFB466F9A_281/INPUTFILES/data_146134431.root
Running: cp /star/data01/pwg/xiatong/AMPT/14GeV/data_146134571.root /tmp/maxwoo/21EF1A6A9139C9FD2A38E59AFB466F9A_281/INPUTFILES/data_146134571.root
Running: cp /star/data01/pwg/xiatong/AMPT/14GeV/data_146134841.root /tmp/maxwoo/21EF1A6A9139C9FD2A38E59AFB466F9A_281/INPUTFILES/data_146134841.root
Running: cp /star/data01/pwg/xiatong/AMPT/14GeV/data_146134861.root /tmp/maxwoo/21EF1A6A9139C9FD2A38E59AFB466F9A_281/INPUTFILES/data_146134861.root
Running: cp /star/data01/pwg/xiatong/AMPT/14GeV/data_146134921.root /tmp/maxwoo/21EF1A6A9139C9FD2A38E59AFB466F9A_281/INPUTFILES/data_146134921.root
Running: cp /star/data01/pwg/xiatong/AMPT/14GeV/data_146135151.root /tmp/maxwoo/21EF1A6A9139C9FD2A38E59AFB466F9A_281/INPUTFILES/data_146135151.root
Running: cp /star/data01/pwg/xiatong/AMPT/14GeV/data_146135341.root /tmp/maxwoo/21EF1A6A9139C9FD2A38E59AFB466F9A_281/INPUTFILES/data_146135341.root
Running: cp /star/data01/pwg/xiatong/AMPT/14GeV/data_146135881.root /tmp/maxwoo/21EF1A6A9139C9FD2A38E59AFB466F9A_281/INPUTFILES/data_146135881.root
Running: cp /star/data01/pwg/xiatong/AMPT/14GeV/data_146135911.root /tmp/maxwoo/21EF1A6A9139C9FD2A38E59AFB466F9A_281/INPUTFILES/data_146135911.root
Running: cp /star/data01/pwg/xiatong/AMPT/14GeV/data_146144671.root /tmp/maxwoo/21EF1A6A9139C9FD2A38E59AFB466F9A_281/INPUTFILES/data_146144671.root
Running: cp /star/data01/pwg/xiatong/AMPT/14GeV/data_146144821.root /tmp/maxwoo/21EF1A6A9139C9FD2A38E59AFB466F9A_281/INPUTFILES/data_146144821.root
Running: cp /star/data01/pwg/xiatong/AMPT/14GeV/data_146144961.root /tmp/maxwoo/21EF1A6A9139C9FD2A38E59AFB466F9A_281/INPUTFILES/data_146144961.root
Running: cp /star/data01/pwg/xiatong/AMPT/14GeV/data_146145061.root /tmp/maxwoo/21EF1A6A9139C9FD2A38E59AFB466F9A_281/INPUTFILES/data_146145061.root
Running: cp /star/data01/pwg/xiatong/AMPT/14GeV/data_146145221.root /tmp/maxwoo/21EF1A6A9139C9FD2A38E59AFB466F9A_281/INPUTFILES/data_146145221.root
Running: cp /star/data01/pwg/xiatong/AMPT/14GeV/data_146145501.root /tmp/maxwoo/21EF1A6A9139C9FD2A38E59AFB466F9A_281/INPUTFILES/data_146145501.root
Running: cp /star/data01/pwg/xiatong/AMPT/14GeV/data_146145841.root /tmp/maxwoo/21EF1A6A9139C9FD2A38E59AFB466F9A_281/INPUTFILES/data_146145841.root
Running: cp /star/data01/pwg/xiatong/AMPT/14GeV/data_146145861.root /tmp/maxwoo/21EF1A6A9139C9FD2A38E59AFB466F9A_281/INPUTFILES/data_146145861.root
Running: cp /star/data01/pwg/xiatong/AMPT/14GeV/data_146145901.root /tmp/maxwoo/21EF1A6A9139C9FD2A38E59AFB466F9A_281/INPUTFILES/data_146145901.root
Running: cp /star/data01/pwg/xiatong/AMPT/14GeV/data_146146021.root /tmp/maxwoo/21EF1A6A9139C9FD2A38E59AFB466F9A_281/INPUTFILES/data_146146021.root
Running: cp /star/data01/pwg/xiatong/AMPT/14GeV/data_146153971.root /tmp/maxwoo/21EF1A6A9139C9FD2A38E59AFB466F9A_281/INPUTFILES/data_146153971.root
Running: cp /star/data01/pwg/xiatong/AMPT/14GeV/data_146155821.root /tmp/maxwoo/21EF1A6A9139C9FD2A38E59AFB466F9A_281/INPUTFILES/data_146155821.root
Running: cp /star/data01/pwg/xiatong/AMPT/14GeV/data_146155871.root /tmp/maxwoo/21EF1A6A9139C9FD2A38E59AFB466F9A_281/INPUTFILES/data_146155871.root
Running: cp /star/data01/pwg/xiatong/AMPT/14GeV/data_146155891.root /tmp/maxwoo/21EF1A6A9139C9FD2A38E59AFB466F9A_281/INPUTFILES/data_146155891.root
Running: cp /star/data01/pwg/xiatong/AMPT/14GeV/data_146155931.root /tmp/maxwoo/21EF1A6A9139C9FD2A38E59AFB466F9A_281/INPUTFILES/data_146155931.root
Running: cp /star/data01/pwg/xiatong/AMPT/14GeV/data_146161161.root /tmp/maxwoo/21EF1A6A9139C9FD2A38E59AFB466F9A_281/INPUTFILES/data_146161161.root
Running: cp /star/data01/pwg/xiatong/AMPT/14GeV/data_146161171.root /tmp/maxwoo/21EF1A6A9139C9FD2A38E59AFB466F9A_281/INPUTFILES/data_146161171.root
Running: cp /star/data01/pwg/xiatong/AMPT/14GeV/data_146165801.root /tmp/maxwoo/21EF1A6A9139C9FD2A38E59AFB466F9A_281/INPUTFILES/data_146165801.root
Running: cp /star/data01/pwg/xiatong/AMPT/14GeV/data_146165811.root /tmp/maxwoo/21EF1A6A9139C9FD2A38E59AFB466F9A_281/INPUTFILES/data_146165811.root
Running: cp /star/data01/pwg/xiatong/AMPT/14GeV/data_146165851.root /tmp/maxwoo/21EF1A6A9139C9FD2A38E59AFB466F9A_281/INPUTFILES/data_146165851.root
Running: cp /star/data01/pwg/xiatong/AMPT/14GeV/data_146175771.root /tmp/maxwoo/21EF1A6A9139C9FD2A38E59AFB466F9A_281/INPUTFILES/data_146175771.root
Running: cp /star/data01/pwg/xiatong/AMPT/14GeV/data_146175781.root /tmp/maxwoo/21EF1A6A9139C9FD2A38E59AFB466F9A_281/INPUTFILES/data_146175781.root
Running: cp /star/data01/pwg/xiatong/AMPT/14GeV/data_146175791.root /tmp/maxwoo/21EF1A6A9139C9FD2A38E59AFB466F9A_281/INPUTFILES/data_146175791.root
Running: cp /star/data01/pwg/xiatong/AMPT/14GeV/data_146177111.root /tmp/maxwoo/21EF1A6A9139C9FD2A38E59AFB466F9A_281/INPUTFILES/data_146177111.root
Running: cp /star/data01/pwg/xiatong/AMPT/14GeV/data_146185741.root /tmp/maxwoo/21EF1A6A9139C9FD2A38E59AFB466F9A_281/INPUTFILES/data_146185741.root
Running: cp /star/data01/pwg/xiatong/AMPT/14GeV/data_146185751.root /tmp/maxwoo/21EF1A6A9139C9FD2A38E59AFB466F9A_281/INPUTFILES/data_146185751.root
Swapping $FILELIST with: /tmp/maxwoo/21EF1A6A9139C9FD2A38E59AFB466F9A_281/INPUTFILES/21EF1A6A9139C9FD2A38E59AFB466F9A_281.local.list
+++++++++++local copy debug++++++++++++++++++++
newFileList: /tmp/maxwoo/21EF1A6A9139C9FD2A38E59AFB466F9A_281/INPUTFILES/21EF1A6A9139C9FD2A38E59AFB466F9A_281.local.list
++++++++++++++++cat FILELIST+++++++++++++++++++
/tmp/maxwoo/21EF1A6A9139C9FD2A38E59AFB466F9A_281/INPUTFILES/data_146126091.root 
/tmp/maxwoo/21EF1A6A9139C9FD2A38E59AFB466F9A_281/INPUTFILES/data_146134211.root 
/tmp/maxwoo/21EF1A6A9139C9FD2A38E59AFB466F9A_281/INPUTFILES/data_146134431.root 
/tmp/maxwoo/21EF1A6A9139C9FD2A38E59AFB466F9A_281/INPUTFILES/data_146134571.root 
/tmp/maxwoo/21EF1A6A9139C9FD2A38E59AFB466F9A_281/INPUTFILES/data_146134841.root 
/tmp/maxwoo/21EF1A6A9139C9FD2A38E59AFB466F9A_281/INPUTFILES/data_146134861.root 
/tmp/maxwoo/21EF1A6A9139C9FD2A38E59AFB466F9A_281/INPUTFILES/data_146134921.root 
/tmp/maxwoo/21EF1A6A9139C9FD2A38E59AFB466F9A_281/INPUTFILES/data_146135151.root 
/tmp/maxwoo/21EF1A6A9139C9FD2A38E59AFB466F9A_281/INPUTFILES/data_146135341.root 
/tmp/maxwoo/21EF1A6A9139C9FD2A38E59AFB466F9A_281/INPUTFILES/data_146135881.root 
/tmp/maxwoo/21EF1A6A9139C9FD2A38E59AFB466F9A_281/INPUTFILES/data_146135911.root 
/tmp/maxwoo/21EF1A6A9139C9FD2A38E59AFB466F9A_281/INPUTFILES/data_146144671.root 
/tmp/maxwoo/21EF1A6A9139C9FD2A38E59AFB466F9A_281/INPUTFILES/data_146144821.root 
/tmp/maxwoo/21EF1A6A9139C9FD2A38E59AFB466F9A_281/INPUTFILES/data_146144961.root 
/tmp/maxwoo/21EF1A6A9139C9FD2A38E59AFB466F9A_281/INPUTFILES/data_146145061.root 
/tmp/maxwoo/21EF1A6A9139C9FD2A38E59AFB466F9A_281/INPUTFILES/data_146145221.root 
/tmp/maxwoo/21EF1A6A9139C9FD2A38E59AFB466F9A_281/INPUTFILES/data_146145501.root 
/tmp/maxwoo/21EF1A6A9139C9FD2A38E59AFB466F9A_281/INPUTFILES/data_146145841.root 
/tmp/maxwoo/21EF1A6A9139C9FD2A38E59AFB466F9A_281/INPUTFILES/data_146145861.root 
/tmp/maxwoo/21EF1A6A9139C9FD2A38E59AFB466F9A_281/INPUTFILES/data_146145901.root 
/tmp/maxwoo/21EF1A6A9139C9FD2A38E59AFB466F9A_281/INPUTFILES/data_146146021.root 
/tmp/maxwoo/21EF1A6A9139C9FD2A38E59AFB466F9A_281/INPUTFILES/data_146153971.root 
/tmp/maxwoo/21EF1A6A9139C9FD2A38E59AFB466F9A_281/INPUTFILES/data_146155821.root 
/tmp/maxwoo/21EF1A6A9139C9FD2A38E59AFB466F9A_281/INPUTFILES/data_146155871.root 
/tmp/maxwoo/21EF1A6A9139C9FD2A38E59AFB466F9A_281/INPUTFILES/data_146155891.root 
/tmp/maxwoo/21EF1A6A9139C9FD2A38E59AFB466F9A_281/INPUTFILES/data_146155931.root 
/tmp/maxwoo/21EF1A6A9139C9FD2A38E59AFB466F9A_281/INPUTFILES/data_146161161.root 
/tmp/maxwoo/21EF1A6A9139C9FD2A38E59AFB466F9A_281/INPUTFILES/data_146161171.root 
/tmp/maxwoo/21EF1A6A9139C9FD2A38E59AFB466F9A_281/INPUTFILES/data_146165801.root 
/tmp/maxwoo/21EF1A6A9139C9FD2A38E59AFB466F9A_281/INPUTFILES/data_146165811.root 
/tmp/maxwoo/21EF1A6A9139C9FD2A38E59AFB466F9A_281/INPUTFILES/data_146165851.root 
/tmp/maxwoo/21EF1A6A9139C9FD2A38E59AFB466F9A_281/INPUTFILES/data_146175771.root 
/tmp/maxwoo/21EF1A6A9139C9FD2A38E59AFB466F9A_281/INPUTFILES/data_146175781.root 
/tmp/maxwoo/21EF1A6A9139C9FD2A38E59AFB466F9A_281/INPUTFILES/data_146175791.root 
/tmp/maxwoo/21EF1A6A9139C9FD2A38E59AFB466F9A_281/INPUTFILES/data_146177111.root 
/tmp/maxwoo/21EF1A6A9139C9FD2A38E59AFB466F9A_281/INPUTFILES/data_146185741.root 
/tmp/maxwoo/21EF1A6A9139C9FD2A38E59AFB466F9A_281/INPUTFILES/data_146185751.root 
++++++++++++++++++++find.++++++++++++++++++++++
.
./lib
./lib/NpartNormalizer.h
./lib/my_particle.h
./lib/my_event.h
./lib/CenMaker.h
./lib/MixedBuffer.cpp
./lib/MixedBuffer_cpp_ACLiC_dict_rdict.pcm
./lib/CenMaker_cpp.so
./lib/CenMaker.cpp
./lib/CenMaker_cpp_ACLiC_dict_rdict.pcm
./lib/my_event_cpp.so
./lib/NpartNormalizer_cpp.d
./lib/MixedBuffer_cpp.d
./lib/CenMaker_cpp.d
./lib/MixedBuffer_cpp.so
./lib/NpartNormalizer.cpp
./lib/NpartNormalizer_cpp_ACLiC_dict_rdict.pcm
./lib/my_particle_cpp_ACLiC_dict_rdict.pcm
./lib/my_event.cpp
./lib/my_event_cpp_ACLiC_dict_rdict.pcm
./lib/my_particle_cpp.so
./lib/my_particle.cpp
./lib/MixedBuffer.h
./lib/NpartNormalizer_cpp.so
./lib/my_event_cpp.d
./lib/my_particle_cpp.d
./check_S.C
./.output.log
./INPUTFILES
./INPUTFILES/data_146165811.root
./INPUTFILES/data_146134211.root
./INPUTFILES/data_146145221.root
./INPUTFILES/data_146144961.root
./INPUTFILES/data_146135151.root
./INPUTFILES/data_146155931.root
./INPUTFILES/data_146185741.root
./INPUTFILES/data_146177111.root
./INPUTFILES/data_146155891.root
./INPUTFILES/data_146165801.root
./INPUTFILES/data_146134921.root
./INPUTFILES/data_146145061.root
./INPUTFILES/data_146155871.root
./INPUTFILES/data_146144821.root
./INPUTFILES/data_146126091.root
./INPUTFILES/data_146153971.root
./INPUTFILES/data_146135911.root
./INPUTFILES/data_146145501.root
./INPUTFILES/data_146155821.root
./INPUTFILES/data_146146021.root
./INPUTFILES/data_146175771.root
./INPUTFILES/data_146134431.root
./INPUTFILES/data_146134841.root
./INPUTFILES/data_146145901.root
./INPUTFILES/data_146161171.root
./INPUTFILES/data_146145861.root
./INPUTFILES/data_146144671.root
./INPUTFILES/data_146161161.root
./INPUTFILES/data_146135881.root
./INPUTFILES/data_146145841.root
./INPUTFILES/data_146135341.root
./INPUTFILES/data_146165851.root
./INPUTFILES/data_146175791.root
./INPUTFILES/data_146175781.root
./INPUTFILES/data_146134861.root
./INPUTFILES/data_146134571.root
./INPUTFILES/data_146185751.root
./INPUTFILES/21EF1A6A9139C9FD2A38E59AFB466F9A_281.local.list
./.sandboxFiles
./.errror.log
./Check_Sness.C
++++++++++++++++INPUTFILE Var++++++++++++++++++
FILELIST=/tmp/maxwoo/21EF1A6A9139C9FD2A38E59AFB466F9A_281/INPUTFILES/21EF1A6A9139C9FD2A38E59AFB466F9A_281.local.list
INPUTFILECOUNT=37
INPUTFILE0=/tmp/maxwoo/21EF1A6A9139C9FD2A38E59AFB466F9A_281/INPUTFILES/data_146126091.root
INPUTFILE1=/tmp/maxwoo/21EF1A6A9139C9FD2A38E59AFB466F9A_281/INPUTFILES/data_146134211.root
INPUTFILE2=/tmp/maxwoo/21EF1A6A9139C9FD2A38E59AFB466F9A_281/INPUTFILES/data_146134431.root
INPUTFILE3=/tmp/maxwoo/21EF1A6A9139C9FD2A38E59AFB466F9A_281/INPUTFILES/data_146134571.root
INPUTFILE4=/tmp/maxwoo/21EF1A6A9139C9FD2A38E59AFB466F9A_281/INPUTFILES/data_146134841.root
INPUTFILE5=/tmp/maxwoo/21EF1A6A9139C9FD2A38E59AFB466F9A_281/INPUTFILES/data_146134861.root
INPUTFILE6=/tmp/maxwoo/21EF1A6A9139C9FD2A38E59AFB466F9A_281/INPUTFILES/data_146134921.root
INPUTFILE7=/tmp/maxwoo/21EF1A6A9139C9FD2A38E59AFB466F9A_281/INPUTFILES/data_146135151.root
INPUTFILE8=/tmp/maxwoo/21EF1A6A9139C9FD2A38E59AFB466F9A_281/INPUTFILES/data_146135341.root
INPUTFILE9=/tmp/maxwoo/21EF1A6A9139C9FD2A38E59AFB466F9A_281/INPUTFILES/data_146135881.root
INPUTFILE10=/tmp/maxwoo/21EF1A6A9139C9FD2A38E59AFB466F9A_281/INPUTFILES/data_146135911.root
INPUTFILE11=/tmp/maxwoo/21EF1A6A9139C9FD2A38E59AFB466F9A_281/INPUTFILES/data_146144671.root
INPUTFILE12=/tmp/maxwoo/21EF1A6A9139C9FD2A38E59AFB466F9A_281/INPUTFILES/data_146144821.root
INPUTFILE13=/tmp/maxwoo/21EF1A6A9139C9FD2A38E59AFB466F9A_281/INPUTFILES/data_146144961.root
INPUTFILE14=/tmp/maxwoo/21EF1A6A9139C9FD2A38E59AFB466F9A_281/INPUTFILES/data_146145061.root
INPUTFILE15=/tmp/maxwoo/21EF1A6A9139C9FD2A38E59AFB466F9A_281/INPUTFILES/data_146145221.root
INPUTFILE16=/tmp/maxwoo/21EF1A6A9139C9FD2A38E59AFB466F9A_281/INPUTFILES/data_146145501.root
INPUTFILE17=/tmp/maxwoo/21EF1A6A9139C9FD2A38E59AFB466F9A_281/INPUTFILES/data_146145841.root
INPUTFILE18=/tmp/maxwoo/21EF1A6A9139C9FD2A38E59AFB466F9A_281/INPUTFILES/data_146145861.root
INPUTFILE19=/tmp/maxwoo/21EF1A6A9139C9FD2A38E59AFB466F9A_281/INPUTFILES/data_146145901.root
INPUTFILE20=/tmp/maxwoo/21EF1A6A9139C9FD2A38E59AFB466F9A_281/INPUTFILES/data_146146021.root
INPUTFILE21=/tmp/maxwoo/21EF1A6A9139C9FD2A38E59AFB466F9A_281/INPUTFILES/data_146153971.root
INPUTFILE22=/tmp/maxwoo/21EF1A6A9139C9FD2A38E59AFB466F9A_281/INPUTFILES/data_146155821.root
INPUTFILE23=/tmp/maxwoo/21EF1A6A9139C9FD2A38E59AFB466F9A_281/INPUTFILES/data_146155871.root
INPUTFILE24=/tmp/maxwoo/21EF1A6A9139C9FD2A38E59AFB466F9A_281/INPUTFILES/data_146155891.root
INPUTFILE25=/tmp/maxwoo/21EF1A6A9139C9FD2A38E59AFB466F9A_281/INPUTFILES/data_146155931.root
INPUTFILE26=/tmp/maxwoo/21EF1A6A9139C9FD2A38E59AFB466F9A_281/INPUTFILES/data_146161161.root
INPUTFILE27=/tmp/maxwoo/21EF1A6A9139C9FD2A38E59AFB466F9A_281/INPUTFILES/data_146161171.root
INPUTFILE28=/tmp/maxwoo/21EF1A6A9139C9FD2A38E59AFB466F9A_281/INPUTFILES/data_146165801.root
INPUTFILE29=/tmp/maxwoo/21EF1A6A9139C9FD2A38E59AFB466F9A_281/INPUTFILES/data_146165811.root
INPUTFILE30=/tmp/maxwoo/21EF1A6A9139C9FD2A38E59AFB466F9A_281/INPUTFILES/data_146165851.root
INPUTFILE31=/tmp/maxwoo/21EF1A6A9139C9FD2A38E59AFB466F9A_281/INPUTFILES/data_146175771.root
INPUTFILE32=/tmp/maxwoo/21EF1A6A9139C9FD2A38E59AFB466F9A_281/INPUTFILES/data_146175781.root
INPUTFILE33=/tmp/maxwoo/21EF1A6A9139C9FD2A38E59AFB466F9A_281/INPUTFILES/data_146175791.root
INPUTFILE34=/tmp/maxwoo/21EF1A6A9139C9FD2A38E59AFB466F9A_281/INPUTFILES/data_146177111.root
INPUTFILE35=/tmp/maxwoo/21EF1A6A9139C9FD2A38E59AFB466F9A_281/INPUTFILES/data_146185741.root
INPUTFILE36=/tmp/maxwoo/21EF1A6A9139C9FD2A38E59AFB466F9A_281/INPUTFILES/data_146185751.root
LocalInputFileDir=/tmp/maxwoo/21EF1A6A9139C9FD2A38E59AFB466F9A_281/INPUTFILES
NewFILELIST=/tmp/maxwoo/21EF1A6A9139C9FD2A38E59AFB466F9A_281/INPUTFILES/21EF1A6A9139C9FD2A38E59AFB466F9A_281.local.list
+++++++++++++++++++++++++++++++++++++++++++++++
--------------------------------
Simple Unified Meta Scheduler 1.10.50 we are starting in $SCRATCH : /home/tmp/maxwoo/21EF1A6A9139C9FD2A38E59AFB466F9A_281
--------------------------------
total 16
lrwxrwxrwx 1 maxwoo rhstar   61 Jun  2 11:39 check_S.C -> /gpfs/mnt/gpfs01/star/pwg/xiatong/git/strangeness/./check_S.C
lrwxrwxrwx 1 maxwoo rhstar   65 Jun  2 11:39 Check_Sness.C -> /gpfs/mnt/gpfs01/star/pwg/xiatong/git/strangeness/./Check_Sness.C
drwxr-xr-x 2 maxwoo rhstar 4096 Jun  2 11:44 INPUTFILES
drwxr-xr-x 2 maxwoo rhstar 4096 Jun  2 11:39 lib
  *******************************************
  *                                         *
  *        W E L C O M E  to  R O O T       *
  *                                         *
  *   Version   5.34/38     12 March 2018   *
  *                                         *
  *  You are welcome to visit our Web site  *
  *          http://root.cern.ch            *
  *                                         *
  *******************************************

ROOT 5.34/38 (v5-34-38@v5-34-38, Mar 12 2018, 15:49:39 on linux)

CINT/ROOT C/C++ Interpreter version 5.18.00, July 2, 2010
Type ? for help. Commands must be C++ statements.
Enclose multiple statements between { }.
*** Float Point Exception is OFF ***
 *** Start at Date : Thu Jun  2 11:44:04 2022
QAInfo:You are using STAR_LEVEL : dev, ROOT_LEVEL : 5.34.38 and node : spool0342.sdcc.bnl.gov 

Processing check_S.C++("/tmp/maxwoo/21EF1A6A9139C9FD2A38E59AFB466F9A_281/INPUTFILES/21EF1A6A9139C9FD2A38E59AFB466F9A_281.local.list","21EF1A6A9139C9FD2A38E59AFB466F9A_281",1)...
/tmp/maxwoo/21EF1A6A9139C9FD2A38E59AFB466F9A_281/INPUTFILES/data_146126091.root 
/tmp/maxwoo/21EF1A6A9139C9FD2A38E59AFB466F9A_281/INPUTFILES/data_146134211.root 
/tmp/maxwoo/21EF1A6A9139C9FD2A38E59AFB466F9A_281/INPUTFILES/data_146134431.root 
/tmp/maxwoo/21EF1A6A9139C9FD2A38E59AFB466F9A_281/INPUTFILES/data_146134571.root 
/tmp/maxwoo/21EF1A6A9139C9FD2A38E59AFB466F9A_281/INPUTFILES/data_146134841.root 
/tmp/maxwoo/21EF1A6A9139C9FD2A38E59AFB466F9A_281/INPUTFILES/data_146134861.root 
/tmp/maxwoo/21EF1A6A9139C9FD2A38E59AFB466F9A_281/INPUTFILES/data_146134921.root 
/tmp/maxwoo/21EF1A6A9139C9FD2A38E59AFB466F9A_281/INPUTFILES/data_146135151.root 
/tmp/maxwoo/21EF1A6A9139C9FD2A38E59AFB466F9A_281/INPUTFILES/data_146135341.root 
/tmp/maxwoo/21EF1A6A9139C9FD2A38E59AFB466F9A_281/INPUTFILES/data_146135881.root 
/tmp/maxwoo/21EF1A6A9139C9FD2A38E59AFB466F9A_281/INPUTFILES/data_146135911.root 
/tmp/maxwoo/21EF1A6A9139C9FD2A38E59AFB466F9A_281/INPUTFILES/data_146144671.root 
/tmp/maxwoo/21EF1A6A9139C9FD2A38E59AFB466F9A_281/INPUTFILES/data_146144821.root 
/tmp/maxwoo/21EF1A6A9139C9FD2A38E59AFB466F9A_281/INPUTFILES/data_146144961.root 
/tmp/maxwoo/21EF1A6A9139C9FD2A38E59AFB466F9A_281/INPUTFILES/data_146145061.root 
/tmp/maxwoo/21EF1A6A9139C9FD2A38E59AFB466F9A_281/INPUTFILES/data_146145221.root 
/tmp/maxwoo/21EF1A6A9139C9FD2A38E59AFB466F9A_281/INPUTFILES/data_146145501.root 
/tmp/maxwoo/21EF1A6A9139C9FD2A38E59AFB466F9A_281/INPUTFILES/data_146145841.root 
/tmp/maxwoo/21EF1A6A9139C9FD2A38E59AFB466F9A_281/INPUTFILES/data_146145861.root 
/tmp/maxwoo/21EF1A6A9139C9FD2A38E59AFB466F9A_281/INPUTFILES/data_146145901.root 
/tmp/maxwoo/21EF1A6A9139C9FD2A38E59AFB466F9A_281/INPUTFILES/data_146146021.root 
/tmp/maxwoo/21EF1A6A9139C9FD2A38E59AFB466F9A_281/INPUTFILES/data_146153971.root 
/tmp/maxwoo/21EF1A6A9139C9FD2A38E59AFB466F9A_281/INPUTFILES/data_146155821.root 
/tmp/maxwoo/21EF1A6A9139C9FD2A38E59AFB466F9A_281/INPUTFILES/data_146155871.root 
/tmp/maxwoo/21EF1A6A9139C9FD2A38E59AFB466F9A_281/INPUTFILES/data_146155891.root 
/tmp/maxwoo/21EF1A6A9139C9FD2A38E59AFB466F9A_281/INPUTFILES/data_146155931.root 
/tmp/maxwoo/21EF1A6A9139C9FD2A38E59AFB466F9A_281/INPUTFILES/data_146161161.root 
/tmp/maxwoo/21EF1A6A9139C9FD2A38E59AFB466F9A_281/INPUTFILES/data_146161171.root 
/tmp/maxwoo/21EF1A6A9139C9FD2A38E59AFB466F9A_281/INPUTFILES/data_146165801.root 
/tmp/maxwoo/21EF1A6A9139C9FD2A38E59AFB466F9A_281/INPUTFILES/data_146165811.root 
/tmp/maxwoo/21EF1A6A9139C9FD2A38E59AFB466F9A_281/INPUTFILES/data_146165851.root 
/tmp/maxwoo/21EF1A6A9139C9FD2A38E59AFB466F9A_281/INPUTFILES/data_146175771.root 
/tmp/maxwoo/21EF1A6A9139C9FD2A38E59AFB466F9A_281/INPUTFILES/data_146175781.root 
/tmp/maxwoo/21EF1A6A9139C9FD2A38E59AFB466F9A_281/INPUTFILES/data_146175791.root 
/tmp/maxwoo/21EF1A6A9139C9FD2A38E59AFB466F9A_281/INPUTFILES/data_146177111.root 
/tmp/maxwoo/21EF1A6A9139C9FD2A38E59AFB466F9A_281/INPUTFILES/data_146185741.root 
/tmp/maxwoo/21EF1A6A9139C9FD2A38E59AFB466F9A_281/INPUTFILES/data_146185751.root 
Added 37 files
# entries in chain: 37000
Processing entry == 1000 == out of 37000.
Processing entry == 2000 == out of 37000.
Processing entry == 3000 == out of 37000.
Processing entry == 4000 == out of 37000.
Processing entry == 5000 == out of 37000.
Processing entry == 6000 == out of 37000.
Processing entry == 7000 == out of 37000.
Processing entry == 8000 == out of 37000.
Processing entry == 9000 == out of 37000.
Processing entry == 10000 == out of 37000.
Processing entry == 11000 == out of 37000.
Processing entry == 12000 == out of 37000.
Processing entry == 13000 == out of 37000.
Processing entry == 14000 == out of 37000.
Processing entry == 15000 == out of 37000.
Processing entry == 16000 == out of 37000.
Processing entry == 17000 == out of 37000.
Processing entry == 18000 == out of 37000.
Processing entry == 19000 == out of 37000.
Processing entry == 20000 == out of 37000.
Processing entry == 21000 == out of 37000.
Processing entry == 22000 == out of 37000.
Processing entry == 23000 == out of 37000.
Processing entry == 24000 == out of 37000.
Processing entry == 25000 == out of 37000.
Processing entry == 26000 == out of 37000.
Processing entry == 27000 == out of 37000.
Processing entry == 28000 == out of 37000.
Processing entry == 29000 == out of 37000.
Processing entry == 30000 == out of 37000.
Processing entry == 31000 == out of 37000.
Processing entry == 32000 == out of 37000.
Processing entry == 33000 == out of 37000.
Processing entry == 34000 == out of 37000.
Processing entry == 35000 == out of 37000.
Processing entry == 36000 == out of 37000.
Processing entry == 37000 == out of 37000.

This is the end of ROOT -- Goodbye

Cleaning up sandbox file:  /tmp/maxwoo/21EF1A6A9139C9FD2A38E59AFB466F9A_281/check_S.C
Cleaning up sandbox file:  /tmp/maxwoo/21EF1A6A9139C9FD2A38E59AFB466F9A_281/Check_Sness.C
Cleaning up sandbox file:  /tmp/maxwoo/21EF1A6A9139C9FD2A38E59AFB466F9A_281/lib
Cleaning up sandbox file:  /tmp/maxwoo/21EF1A6A9139C9FD2A38E59AFB466F9A_281/.sandboxFiles
Starting copy block
Running copy command:  /bin/cp -fp /tmp/maxwoo/21EF1A6A9139C9FD2A38E59AFB466F9A_281/out_21EF1A6A9139C9FD2A38E59AFB466F9A_281.root /star/data01/pwg/xiatong/git/strangeness/data/
10133 Execution of (/star/data01/pwg/xiatong/git/strangeness/script/sched21EF1A6A9139C9FD2A38E59AFB466F9A_281.csh ) has ended, exiting normally
10133 We END on [Thu Jun  2 12:06:09 EDT 2022]
