We are starting on node: rcas2962.rcf.bnl.gov
HOME is not defined
Using getent method
HOME is now /star/u/maxwoo
17785 We will spawn ourselves (/star/data01/pwg/xiatong/git/strangeness/script/sched21EF1A6A9139C9FD2A38E59AFB466F9A_722.csh )
17785 We BEGIN on [Thu Jun  2 11:26:49 EDT 2022]
[1] 18420
17785 We are waiting for 18420 
17785 Grandchild PID is 19469 - found in 10 x 1 seconds
17785 Establishing first watcher   on    Thu Jun  2 11:27:00 EDT 2022
17785 Process tree is 17785 (main) -> 18420 (child) -> 19469 (grandchild)
F S   UID   PID  PPID  C PRI  NI ADDR SZ WCHAN  TTY        TIME CMD
0 D 100667 19469 18420  0 80   0 - 32311 cxiWai ?          0:00 cp /star/data01/pwg/xiatong/AMPT/14GeV/data_284898171.root /tmp/maxwoo/21EF1A6A9139C9FD2A38E59AFB466F9A_722/INPUTFILES/data_284898171.root
17785 Grandchild PID is 21838 - found in 20 x 2 seconds
17785 Grandchild to watch has changed on Thu Jun  2 11:27:21 EDT 2022
17785 Process tree is 17785 (main) -> 18420 (child) -> 21838 (grandchild)
F S   UID   PID  PPID  C PRI  NI ADDR SZ WCHAN  TTY        TIME CMD
0 D 100667 21838 18420  0 80   0 - 32311 cxiWai ?          0:00 cp /star/data01/pwg/xiatong/AMPT/14GeV/data_284898541.root /tmp/maxwoo/21EF1A6A9139C9FD2A38E59AFB466F9A_722/INPUTFILES/data_284898541.root
17785 Grandchild PID is 24505 - found in 40 x 2 seconds
17785 Grandchild to watch has changed on Thu Jun  2 11:28:02 EDT 2022
17785 Process tree is 17785 (main) -> 18420 (child) -> 24505 (grandchild)
F S   UID   PID  PPID  C PRI  NI ADDR SZ WCHAN  TTY        TIME CMD
0 D 100667 24505 18420  0 80   0 - 32311 cxiWai ?          0:00 cp /star/data01/pwg/xiatong/AMPT/14GeV/data_284898561.root /tmp/maxwoo/21EF1A6A9139C9FD2A38E59AFB466F9A_722/INPUTFILES/data_284898561.root
17785 Grandchild PID is 27064 - found in 60 x 2 seconds
17785 Grandchild to watch has changed on Thu Jun  2 11:28:44 EDT 2022
17785 Process tree is 17785 (main) -> 18420 (child) -> 27064 (grandchild)
F S   UID   PID  PPID  C PRI  NI ADDR SZ WCHAN  TTY        TIME CMD
0 D 100667 27064 18420  0 80   0 - 32311 cxiWai ?          0:00 cp /star/data01/pwg/xiatong/AMPT/14GeV/data_284898611.root /tmp/maxwoo/21EF1A6A9139C9FD2A38E59AFB466F9A_722/INPUTFILES/data_284898611.root
17785 Grandchild PID is 28470 - found in 70 x 2 seconds
17785 Grandchild to watch has changed on Thu Jun  2 11:29:04 EDT 2022
17785 Process tree is 17785 (main) -> 18420 (child) -> 28470 (grandchild)
F S   UID   PID  PPID  C PRI  NI ADDR SZ WCHAN  TTY        TIME CMD
0 D 100667 28470 18420  0 80   0 - 32311 cxiWai ?          0:00 cp /star/data01/pwg/xiatong/AMPT/14GeV/data_284997951.root /tmp/maxwoo/21EF1A6A9139C9FD2A38E59AFB466F9A_722/INPUTFILES/data_284997951.root
17785 Grandchild PID is 29040 - found in 80 x 2 seconds
17785 Grandchild to watch has changed on Thu Jun  2 11:29:25 EDT 2022
17785 Process tree is 17785 (main) -> 18420 (child) -> 29040 (grandchild)
F S   UID   PID  PPID  C PRI  NI ADDR SZ WCHAN  TTY        TIME CMD
0 D 100667 29040 18420  0 80   0 - 32311 cxiWai ?          0:00 cp /star/data01/pwg/xiatong/AMPT/14GeV/data_284997971.root /tmp/maxwoo/21EF1A6A9139C9FD2A38E59AFB466F9A_722/INPUTFILES/data_284997971.root
17785 Grandchild PID is 32555 - found in 100 x 2 seconds
17785 Grandchild to watch has changed on Thu Jun  2 11:30:07 EDT 2022
17785 Process tree is 17785 (main) -> 18420 (child) -> 32555 (grandchild)
F S   UID   PID  PPID  C PRI  NI ADDR SZ WCHAN  TTY        TIME CMD
0 D 100667 32555 18420  0 80   0 - 32311 cxiWai ?          0:00 cp /star/data01/pwg/xiatong/AMPT/14GeV/data_284998181.root /tmp/maxwoo/21EF1A6A9139C9FD2A38E59AFB466F9A_722/INPUTFILES/data_284998181.root
17785 Grandchild PID is 33785 - found in 110 x 2 seconds
17785 Grandchild to watch has changed on Thu Jun  2 11:30:27 EDT 2022
17785 Process tree is 17785 (main) -> 18420 (child) -> 33785 (grandchild)
F S   UID   PID  PPID  C PRI  NI ADDR SZ WCHAN  TTY        TIME CMD
0 S 100667 33785 18420  0 80   0 -  1272 do_wai ?          0:00 root -b -q check_S.C++("/tmp/maxwoo/21EF1A6A9139C9FD2A38E59AFB466F9A_722/INPUTFILES/21EF1A6A9139C9FD2A38E59AFB466F9A_722.local.list","21EF1A6A9139C9FD2A38E59AFB466F9A_722",1)
18420 Stepping into the main SUMS wrapper program with []
.... building sandbox
Running: cp /star/data01/pwg/xiatong/AMPT/14GeV/data_284873481.root /tmp/maxwoo/21EF1A6A9139C9FD2A38E59AFB466F9A_722/INPUTFILES/data_284873481.root
Running: cp /star/data01/pwg/xiatong/AMPT/14GeV/data_284873501.root /tmp/maxwoo/21EF1A6A9139C9FD2A38E59AFB466F9A_722/INPUTFILES/data_284873501.root
Running: cp /star/data01/pwg/xiatong/AMPT/14GeV/data_284898131.root /tmp/maxwoo/21EF1A6A9139C9FD2A38E59AFB466F9A_722/INPUTFILES/data_284898131.root
Running: cp /star/data01/pwg/xiatong/AMPT/14GeV/data_284898171.root /tmp/maxwoo/21EF1A6A9139C9FD2A38E59AFB466F9A_722/INPUTFILES/data_284898171.root
Running: cp /star/data01/pwg/xiatong/AMPT/14GeV/data_284898191.root /tmp/maxwoo/21EF1A6A9139C9FD2A38E59AFB466F9A_722/INPUTFILES/data_284898191.root
Running: cp /star/data01/pwg/xiatong/AMPT/14GeV/data_284898531.root /tmp/maxwoo/21EF1A6A9139C9FD2A38E59AFB466F9A_722/INPUTFILES/data_284898531.root
Running: cp /star/data01/pwg/xiatong/AMPT/14GeV/data_284898541.root /tmp/maxwoo/21EF1A6A9139C9FD2A38E59AFB466F9A_722/INPUTFILES/data_284898541.root
Running: cp /star/data01/pwg/xiatong/AMPT/14GeV/data_284898551.root /tmp/maxwoo/21EF1A6A9139C9FD2A38E59AFB466F9A_722/INPUTFILES/data_284898551.root
Running: cp /star/data01/pwg/xiatong/AMPT/14GeV/data_284898561.root /tmp/maxwoo/21EF1A6A9139C9FD2A38E59AFB466F9A_722/INPUTFILES/data_284898561.root
Running: cp /star/data01/pwg/xiatong/AMPT/14GeV/data_284898571.root /tmp/maxwoo/21EF1A6A9139C9FD2A38E59AFB466F9A_722/INPUTFILES/data_284898571.root
Running: cp /star/data01/pwg/xiatong/AMPT/14GeV/data_284898581.root /tmp/maxwoo/21EF1A6A9139C9FD2A38E59AFB466F9A_722/INPUTFILES/data_284898581.root
Running: cp /star/data01/pwg/xiatong/AMPT/14GeV/data_284898591.root /tmp/maxwoo/21EF1A6A9139C9FD2A38E59AFB466F9A_722/INPUTFILES/data_284898591.root
Running: cp /star/data01/pwg/xiatong/AMPT/14GeV/data_284898601.root /tmp/maxwoo/21EF1A6A9139C9FD2A38E59AFB466F9A_722/INPUTFILES/data_284898601.root
Running: cp /star/data01/pwg/xiatong/AMPT/14GeV/data_284898611.root /tmp/maxwoo/21EF1A6A9139C9FD2A38E59AFB466F9A_722/INPUTFILES/data_284898611.root
Running: cp /star/data01/pwg/xiatong/AMPT/14GeV/data_284898621.root /tmp/maxwoo/21EF1A6A9139C9FD2A38E59AFB466F9A_722/INPUTFILES/data_284898621.root
Running: cp /star/data01/pwg/xiatong/AMPT/14GeV/data_284898631.root /tmp/maxwoo/21EF1A6A9139C9FD2A38E59AFB466F9A_722/INPUTFILES/data_284898631.root
Running: cp /star/data01/pwg/xiatong/AMPT/14GeV/data_284898661.root /tmp/maxwoo/21EF1A6A9139C9FD2A38E59AFB466F9A_722/INPUTFILES/data_284898661.root
Running: cp /star/data01/pwg/xiatong/AMPT/14GeV/data_284898701.root /tmp/maxwoo/21EF1A6A9139C9FD2A38E59AFB466F9A_722/INPUTFILES/data_284898701.root
Running: cp /star/data01/pwg/xiatong/AMPT/14GeV/data_284898731.root /tmp/maxwoo/21EF1A6A9139C9FD2A38E59AFB466F9A_722/INPUTFILES/data_284898731.root
Running: cp /star/data01/pwg/xiatong/AMPT/14GeV/data_284898741.root /tmp/maxwoo/21EF1A6A9139C9FD2A38E59AFB466F9A_722/INPUTFILES/data_284898741.root
Running: cp /star/data01/pwg/xiatong/AMPT/14GeV/data_284898751.root /tmp/maxwoo/21EF1A6A9139C9FD2A38E59AFB466F9A_722/INPUTFILES/data_284898751.root
Running: cp /star/data01/pwg/xiatong/AMPT/14GeV/data_284912301.root /tmp/maxwoo/21EF1A6A9139C9FD2A38E59AFB466F9A_722/INPUTFILES/data_284912301.root
Running: cp /star/data01/pwg/xiatong/AMPT/14GeV/data_284966391.root /tmp/maxwoo/21EF1A6A9139C9FD2A38E59AFB466F9A_722/INPUTFILES/data_284966391.root
Running: cp /star/data01/pwg/xiatong/AMPT/14GeV/data_284966481.root /tmp/maxwoo/21EF1A6A9139C9FD2A38E59AFB466F9A_722/INPUTFILES/data_284966481.root
Running: cp /star/data01/pwg/xiatong/AMPT/14GeV/data_284973181.root /tmp/maxwoo/21EF1A6A9139C9FD2A38E59AFB466F9A_722/INPUTFILES/data_284973181.root
Running: cp /star/data01/pwg/xiatong/AMPT/14GeV/data_284973201.root /tmp/maxwoo/21EF1A6A9139C9FD2A38E59AFB466F9A_722/INPUTFILES/data_284973201.root
Running: cp /star/data01/pwg/xiatong/AMPT/14GeV/data_284973251.root /tmp/maxwoo/21EF1A6A9139C9FD2A38E59AFB466F9A_722/INPUTFILES/data_284973251.root
Running: cp /star/data01/pwg/xiatong/AMPT/14GeV/data_284997881.root /tmp/maxwoo/21EF1A6A9139C9FD2A38E59AFB466F9A_722/INPUTFILES/data_284997881.root
Running: cp /star/data01/pwg/xiatong/AMPT/14GeV/data_284997901.root /tmp/maxwoo/21EF1A6A9139C9FD2A38E59AFB466F9A_722/INPUTFILES/data_284997901.root
Running: cp /star/data01/pwg/xiatong/AMPT/14GeV/data_284997951.root /tmp/maxwoo/21EF1A6A9139C9FD2A38E59AFB466F9A_722/INPUTFILES/data_284997951.root
Running: cp /star/data01/pwg/xiatong/AMPT/14GeV/data_284997961.root /tmp/maxwoo/21EF1A6A9139C9FD2A38E59AFB466F9A_722/INPUTFILES/data_284997961.root
Running: cp /star/data01/pwg/xiatong/AMPT/14GeV/data_284997971.root /tmp/maxwoo/21EF1A6A9139C9FD2A38E59AFB466F9A_722/INPUTFILES/data_284997971.root
Running: cp /star/data01/pwg/xiatong/AMPT/14GeV/data_284998161.root /tmp/maxwoo/21EF1A6A9139C9FD2A38E59AFB466F9A_722/INPUTFILES/data_284998161.root
Running: cp /star/data01/pwg/xiatong/AMPT/14GeV/data_284998181.root /tmp/maxwoo/21EF1A6A9139C9FD2A38E59AFB466F9A_722/INPUTFILES/data_284998181.root
Running: cp /star/data01/pwg/xiatong/AMPT/14GeV/data_284998201.root /tmp/maxwoo/21EF1A6A9139C9FD2A38E59AFB466F9A_722/INPUTFILES/data_284998201.root
Running: cp /star/data01/pwg/xiatong/AMPT/14GeV/data_284998221.root /tmp/maxwoo/21EF1A6A9139C9FD2A38E59AFB466F9A_722/INPUTFILES/data_284998221.root
Running: cp /star/data01/pwg/xiatong/AMPT/14GeV/data_284998251.root /tmp/maxwoo/21EF1A6A9139C9FD2A38E59AFB466F9A_722/INPUTFILES/data_284998251.root
Swapping $FILELIST with: /tmp/maxwoo/21EF1A6A9139C9FD2A38E59AFB466F9A_722/INPUTFILES/21EF1A6A9139C9FD2A38E59AFB466F9A_722.local.list
+++++++++++local copy debug++++++++++++++++++++
newFileList: /tmp/maxwoo/21EF1A6A9139C9FD2A38E59AFB466F9A_722/INPUTFILES/21EF1A6A9139C9FD2A38E59AFB466F9A_722.local.list
++++++++++++++++cat FILELIST+++++++++++++++++++
/tmp/maxwoo/21EF1A6A9139C9FD2A38E59AFB466F9A_722/INPUTFILES/data_284873481.root 
/tmp/maxwoo/21EF1A6A9139C9FD2A38E59AFB466F9A_722/INPUTFILES/data_284873501.root 
/tmp/maxwoo/21EF1A6A9139C9FD2A38E59AFB466F9A_722/INPUTFILES/data_284898131.root 
/tmp/maxwoo/21EF1A6A9139C9FD2A38E59AFB466F9A_722/INPUTFILES/data_284898171.root 
/tmp/maxwoo/21EF1A6A9139C9FD2A38E59AFB466F9A_722/INPUTFILES/data_284898191.root 
/tmp/maxwoo/21EF1A6A9139C9FD2A38E59AFB466F9A_722/INPUTFILES/data_284898531.root 
/tmp/maxwoo/21EF1A6A9139C9FD2A38E59AFB466F9A_722/INPUTFILES/data_284898541.root 
/tmp/maxwoo/21EF1A6A9139C9FD2A38E59AFB466F9A_722/INPUTFILES/data_284898551.root 
/tmp/maxwoo/21EF1A6A9139C9FD2A38E59AFB466F9A_722/INPUTFILES/data_284898561.root 
/tmp/maxwoo/21EF1A6A9139C9FD2A38E59AFB466F9A_722/INPUTFILES/data_284898571.root 
/tmp/maxwoo/21EF1A6A9139C9FD2A38E59AFB466F9A_722/INPUTFILES/data_284898581.root 
/tmp/maxwoo/21EF1A6A9139C9FD2A38E59AFB466F9A_722/INPUTFILES/data_284898591.root 
/tmp/maxwoo/21EF1A6A9139C9FD2A38E59AFB466F9A_722/INPUTFILES/data_284898601.root 
/tmp/maxwoo/21EF1A6A9139C9FD2A38E59AFB466F9A_722/INPUTFILES/data_284898611.root 
/tmp/maxwoo/21EF1A6A9139C9FD2A38E59AFB466F9A_722/INPUTFILES/data_284898621.root 
/tmp/maxwoo/21EF1A6A9139C9FD2A38E59AFB466F9A_722/INPUTFILES/data_284898631.root 
/tmp/maxwoo/21EF1A6A9139C9FD2A38E59AFB466F9A_722/INPUTFILES/data_284898661.root 
/tmp/maxwoo/21EF1A6A9139C9FD2A38E59AFB466F9A_722/INPUTFILES/data_284898701.root 
/tmp/maxwoo/21EF1A6A9139C9FD2A38E59AFB466F9A_722/INPUTFILES/data_284898731.root 
/tmp/maxwoo/21EF1A6A9139C9FD2A38E59AFB466F9A_722/INPUTFILES/data_284898741.root 
/tmp/maxwoo/21EF1A6A9139C9FD2A38E59AFB466F9A_722/INPUTFILES/data_284898751.root 
/tmp/maxwoo/21EF1A6A9139C9FD2A38E59AFB466F9A_722/INPUTFILES/data_284912301.root 
/tmp/maxwoo/21EF1A6A9139C9FD2A38E59AFB466F9A_722/INPUTFILES/data_284966391.root 
/tmp/maxwoo/21EF1A6A9139C9FD2A38E59AFB466F9A_722/INPUTFILES/data_284966481.root 
/tmp/maxwoo/21EF1A6A9139C9FD2A38E59AFB466F9A_722/INPUTFILES/data_284973181.root 
/tmp/maxwoo/21EF1A6A9139C9FD2A38E59AFB466F9A_722/INPUTFILES/data_284973201.root 
/tmp/maxwoo/21EF1A6A9139C9FD2A38E59AFB466F9A_722/INPUTFILES/data_284973251.root 
/tmp/maxwoo/21EF1A6A9139C9FD2A38E59AFB466F9A_722/INPUTFILES/data_284997881.root 
/tmp/maxwoo/21EF1A6A9139C9FD2A38E59AFB466F9A_722/INPUTFILES/data_284997901.root 
/tmp/maxwoo/21EF1A6A9139C9FD2A38E59AFB466F9A_722/INPUTFILES/data_284997951.root 
/tmp/maxwoo/21EF1A6A9139C9FD2A38E59AFB466F9A_722/INPUTFILES/data_284997961.root 
/tmp/maxwoo/21EF1A6A9139C9FD2A38E59AFB466F9A_722/INPUTFILES/data_284997971.root 
/tmp/maxwoo/21EF1A6A9139C9FD2A38E59AFB466F9A_722/INPUTFILES/data_284998161.root 
/tmp/maxwoo/21EF1A6A9139C9FD2A38E59AFB466F9A_722/INPUTFILES/data_284998181.root 
/tmp/maxwoo/21EF1A6A9139C9FD2A38E59AFB466F9A_722/INPUTFILES/data_284998201.root 
/tmp/maxwoo/21EF1A6A9139C9FD2A38E59AFB466F9A_722/INPUTFILES/data_284998221.root 
/tmp/maxwoo/21EF1A6A9139C9FD2A38E59AFB466F9A_722/INPUTFILES/data_284998251.root 
++++++++++++++++++++find.++++++++++++++++++++++
.
./lib
./lib/my_event_cpp_ACLiC_dict_rdict.pcm
./lib/MixedBuffer.h
./lib/NpartNormalizer_cpp_ACLiC_dict_rdict.pcm
./lib/MixedBuffer_cpp.so
./lib/my_particle_cpp.d
./lib/MixedBuffer_cpp_ACLiC_dict_rdict.pcm
./lib/MixedBuffer_cpp.d
./lib/CenMaker_cpp_ACLiC_dict_rdict.pcm
./lib/my_event.h
./lib/my_particle.h
./lib/my_particle_cpp_ACLiC_dict_rdict.pcm
./lib/CenMaker_cpp.d
./lib/CenMaker.cpp
./lib/my_event_cpp.d
./lib/NpartNormalizer_cpp.so
./lib/my_event.cpp
./lib/my_particle.cpp
./lib/CenMaker.h
./lib/NpartNormalizer.cpp
./lib/my_event_cpp.so
./lib/MixedBuffer.cpp
./lib/CenMaker_cpp.so
./lib/NpartNormalizer.h
./lib/NpartNormalizer_cpp.d
./lib/my_particle_cpp.so
./.output.log
./.sandboxFiles
./Check_Sness.C
./check_S.C
./.errror.log
./INPUTFILES
./INPUTFILES/data_284898701.root
./INPUTFILES/data_284898661.root
./INPUTFILES/data_284966481.root
./INPUTFILES/data_284898531.root
./INPUTFILES/data_284898561.root
./INPUTFILES/data_284997951.root
./INPUTFILES/data_284997971.root
./INPUTFILES/data_284912301.root
./INPUTFILES/data_284998201.root
./INPUTFILES/data_284998251.root
./INPUTFILES/data_284898591.root
./INPUTFILES/data_284973201.root
./INPUTFILES/data_284898731.root
./INPUTFILES/data_284898551.root
./INPUTFILES/data_284873481.root
./INPUTFILES/data_284898611.root
./INPUTFILES/data_284973251.root
./INPUTFILES/data_284898631.root
./INPUTFILES/data_284898741.root
./INPUTFILES/21EF1A6A9139C9FD2A38E59AFB466F9A_722.local.list
./INPUTFILES/data_284898751.root
./INPUTFILES/data_284898571.root
./INPUTFILES/data_284898601.root
./INPUTFILES/data_284898131.root
./INPUTFILES/data_284997961.root
./INPUTFILES/data_284998221.root
./INPUTFILES/data_284898191.root
./INPUTFILES/data_284998181.root
./INPUTFILES/data_284997881.root
./INPUTFILES/data_284898581.root
./INPUTFILES/data_284873501.root
./INPUTFILES/data_284898171.root
./INPUTFILES/data_284898541.root
./INPUTFILES/data_284998161.root
./INPUTFILES/data_284966391.root
./INPUTFILES/data_284997901.root
./INPUTFILES/data_284898621.root
./INPUTFILES/data_284973181.root
++++++++++++++++INPUTFILE Var++++++++++++++++++
FILELIST=/tmp/maxwoo/21EF1A6A9139C9FD2A38E59AFB466F9A_722/INPUTFILES/21EF1A6A9139C9FD2A38E59AFB466F9A_722.local.list
INPUTFILECOUNT=37
INPUTFILE0=/tmp/maxwoo/21EF1A6A9139C9FD2A38E59AFB466F9A_722/INPUTFILES/data_284873481.root
INPUTFILE1=/tmp/maxwoo/21EF1A6A9139C9FD2A38E59AFB466F9A_722/INPUTFILES/data_284873501.root
INPUTFILE2=/tmp/maxwoo/21EF1A6A9139C9FD2A38E59AFB466F9A_722/INPUTFILES/data_284898131.root
INPUTFILE3=/tmp/maxwoo/21EF1A6A9139C9FD2A38E59AFB466F9A_722/INPUTFILES/data_284898171.root
INPUTFILE4=/tmp/maxwoo/21EF1A6A9139C9FD2A38E59AFB466F9A_722/INPUTFILES/data_284898191.root
INPUTFILE5=/tmp/maxwoo/21EF1A6A9139C9FD2A38E59AFB466F9A_722/INPUTFILES/data_284898531.root
INPUTFILE6=/tmp/maxwoo/21EF1A6A9139C9FD2A38E59AFB466F9A_722/INPUTFILES/data_284898541.root
INPUTFILE7=/tmp/maxwoo/21EF1A6A9139C9FD2A38E59AFB466F9A_722/INPUTFILES/data_284898551.root
INPUTFILE8=/tmp/maxwoo/21EF1A6A9139C9FD2A38E59AFB466F9A_722/INPUTFILES/data_284898561.root
INPUTFILE9=/tmp/maxwoo/21EF1A6A9139C9FD2A38E59AFB466F9A_722/INPUTFILES/data_284898571.root
INPUTFILE10=/tmp/maxwoo/21EF1A6A9139C9FD2A38E59AFB466F9A_722/INPUTFILES/data_284898581.root
INPUTFILE11=/tmp/maxwoo/21EF1A6A9139C9FD2A38E59AFB466F9A_722/INPUTFILES/data_284898591.root
INPUTFILE12=/tmp/maxwoo/21EF1A6A9139C9FD2A38E59AFB466F9A_722/INPUTFILES/data_284898601.root
INPUTFILE13=/tmp/maxwoo/21EF1A6A9139C9FD2A38E59AFB466F9A_722/INPUTFILES/data_284898611.root
INPUTFILE14=/tmp/maxwoo/21EF1A6A9139C9FD2A38E59AFB466F9A_722/INPUTFILES/data_284898621.root
INPUTFILE15=/tmp/maxwoo/21EF1A6A9139C9FD2A38E59AFB466F9A_722/INPUTFILES/data_284898631.root
INPUTFILE16=/tmp/maxwoo/21EF1A6A9139C9FD2A38E59AFB466F9A_722/INPUTFILES/data_284898661.root
INPUTFILE17=/tmp/maxwoo/21EF1A6A9139C9FD2A38E59AFB466F9A_722/INPUTFILES/data_284898701.root
INPUTFILE18=/tmp/maxwoo/21EF1A6A9139C9FD2A38E59AFB466F9A_722/INPUTFILES/data_284898731.root
INPUTFILE19=/tmp/maxwoo/21EF1A6A9139C9FD2A38E59AFB466F9A_722/INPUTFILES/data_284898741.root
INPUTFILE20=/tmp/maxwoo/21EF1A6A9139C9FD2A38E59AFB466F9A_722/INPUTFILES/data_284898751.root
INPUTFILE21=/tmp/maxwoo/21EF1A6A9139C9FD2A38E59AFB466F9A_722/INPUTFILES/data_284912301.root
INPUTFILE22=/tmp/maxwoo/21EF1A6A9139C9FD2A38E59AFB466F9A_722/INPUTFILES/data_284966391.root
INPUTFILE23=/tmp/maxwoo/21EF1A6A9139C9FD2A38E59AFB466F9A_722/INPUTFILES/data_284966481.root
INPUTFILE24=/tmp/maxwoo/21EF1A6A9139C9FD2A38E59AFB466F9A_722/INPUTFILES/data_284973181.root
INPUTFILE25=/tmp/maxwoo/21EF1A6A9139C9FD2A38E59AFB466F9A_722/INPUTFILES/data_284973201.root
INPUTFILE26=/tmp/maxwoo/21EF1A6A9139C9FD2A38E59AFB466F9A_722/INPUTFILES/data_284973251.root
INPUTFILE27=/tmp/maxwoo/21EF1A6A9139C9FD2A38E59AFB466F9A_722/INPUTFILES/data_284997881.root
INPUTFILE28=/tmp/maxwoo/21EF1A6A9139C9FD2A38E59AFB466F9A_722/INPUTFILES/data_284997901.root
INPUTFILE29=/tmp/maxwoo/21EF1A6A9139C9FD2A38E59AFB466F9A_722/INPUTFILES/data_284997951.root
INPUTFILE30=/tmp/maxwoo/21EF1A6A9139C9FD2A38E59AFB466F9A_722/INPUTFILES/data_284997961.root
INPUTFILE31=/tmp/maxwoo/21EF1A6A9139C9FD2A38E59AFB466F9A_722/INPUTFILES/data_284997971.root
INPUTFILE32=/tmp/maxwoo/21EF1A6A9139C9FD2A38E59AFB466F9A_722/INPUTFILES/data_284998161.root
INPUTFILE33=/tmp/maxwoo/21EF1A6A9139C9FD2A38E59AFB466F9A_722/INPUTFILES/data_284998181.root
INPUTFILE34=/tmp/maxwoo/21EF1A6A9139C9FD2A38E59AFB466F9A_722/INPUTFILES/data_284998201.root
INPUTFILE35=/tmp/maxwoo/21EF1A6A9139C9FD2A38E59AFB466F9A_722/INPUTFILES/data_284998221.root
INPUTFILE36=/tmp/maxwoo/21EF1A6A9139C9FD2A38E59AFB466F9A_722/INPUTFILES/data_284998251.root
LocalInputFileDir=/tmp/maxwoo/21EF1A6A9139C9FD2A38E59AFB466F9A_722/INPUTFILES
NewFILELIST=/tmp/maxwoo/21EF1A6A9139C9FD2A38E59AFB466F9A_722/INPUTFILES/21EF1A6A9139C9FD2A38E59AFB466F9A_722.local.list
+++++++++++++++++++++++++++++++++++++++++++++++
--------------------------------
Simple Unified Meta Scheduler 1.10.50 we are starting in $SCRATCH : /home/tmp/maxwoo/21EF1A6A9139C9FD2A38E59AFB466F9A_722
--------------------------------
total 16
lrwxrwxrwx 1 maxwoo rhstar   61 Jun  2 11:26 check_S.C -> /gpfs/mnt/gpfs01/star/pwg/xiatong/git/strangeness/./check_S.C
lrwxrwxrwx 1 maxwoo rhstar   65 Jun  2 11:26 Check_Sness.C -> /gpfs/mnt/gpfs01/star/pwg/xiatong/git/strangeness/./Check_Sness.C
drwxr-xr-x 2 maxwoo rhstar 4096 Jun  2 11:30 INPUTFILES
drwxr-xr-x 2 maxwoo rhstar 4096 Jun  2 11:26 lib
  *******************************************
  *                                         *
  *        W E L C O M E  to  R O O T       *
  *                                         *
  *   Version   5.34/38     12 March 2018   *
  *                                         *
  *  You are welcome to visit our Web site  *
  *          http://root.cern.ch            *
  *                                         *
  *******************************************

ROOT 5.34/38 (v5-34-38@v5-34-38, Mar 12 2018, 15:49:39 on linux)

CINT/ROOT C/C++ Interpreter version 5.18.00, July 2, 2010
Type ? for help. Commands must be C++ statements.
Enclose multiple statements between { }.
*** Float Point Exception is OFF ***
 *** Start at Date : Thu Jun  2 11:30:27 2022
QAInfo:You are using STAR_LEVEL : dev, ROOT_LEVEL : 5.34.38 and node : rcas2962.rcf.bnl.gov 

Processing check_S.C++("/tmp/maxwoo/21EF1A6A9139C9FD2A38E59AFB466F9A_722/INPUTFILES/21EF1A6A9139C9FD2A38E59AFB466F9A_722.local.list","21EF1A6A9139C9FD2A38E59AFB466F9A_722",1)...
/tmp/maxwoo/21EF1A6A9139C9FD2A38E59AFB466F9A_722/INPUTFILES/data_284873481.root 
/tmp/maxwoo/21EF1A6A9139C9FD2A38E59AFB466F9A_722/INPUTFILES/data_284873501.root 
/tmp/maxwoo/21EF1A6A9139C9FD2A38E59AFB466F9A_722/INPUTFILES/data_284898131.root 
/tmp/maxwoo/21EF1A6A9139C9FD2A38E59AFB466F9A_722/INPUTFILES/data_284898171.root 
/tmp/maxwoo/21EF1A6A9139C9FD2A38E59AFB466F9A_722/INPUTFILES/data_284898191.root 
/tmp/maxwoo/21EF1A6A9139C9FD2A38E59AFB466F9A_722/INPUTFILES/data_284898531.root 
/tmp/maxwoo/21EF1A6A9139C9FD2A38E59AFB466F9A_722/INPUTFILES/data_284898541.root 
/tmp/maxwoo/21EF1A6A9139C9FD2A38E59AFB466F9A_722/INPUTFILES/data_284898551.root 
/tmp/maxwoo/21EF1A6A9139C9FD2A38E59AFB466F9A_722/INPUTFILES/data_284898561.root 
/tmp/maxwoo/21EF1A6A9139C9FD2A38E59AFB466F9A_722/INPUTFILES/data_284898571.root 
/tmp/maxwoo/21EF1A6A9139C9FD2A38E59AFB466F9A_722/INPUTFILES/data_284898581.root 
/tmp/maxwoo/21EF1A6A9139C9FD2A38E59AFB466F9A_722/INPUTFILES/data_284898591.root 
/tmp/maxwoo/21EF1A6A9139C9FD2A38E59AFB466F9A_722/INPUTFILES/data_284898601.root 
/tmp/maxwoo/21EF1A6A9139C9FD2A38E59AFB466F9A_722/INPUTFILES/data_284898611.root 
/tmp/maxwoo/21EF1A6A9139C9FD2A38E59AFB466F9A_722/INPUTFILES/data_284898621.root 
/tmp/maxwoo/21EF1A6A9139C9FD2A38E59AFB466F9A_722/INPUTFILES/data_284898631.root 
/tmp/maxwoo/21EF1A6A9139C9FD2A38E59AFB466F9A_722/INPUTFILES/data_284898661.root 
/tmp/maxwoo/21EF1A6A9139C9FD2A38E59AFB466F9A_722/INPUTFILES/data_284898701.root 
/tmp/maxwoo/21EF1A6A9139C9FD2A38E59AFB466F9A_722/INPUTFILES/data_284898731.root 
/tmp/maxwoo/21EF1A6A9139C9FD2A38E59AFB466F9A_722/INPUTFILES/data_284898741.root 
/tmp/maxwoo/21EF1A6A9139C9FD2A38E59AFB466F9A_722/INPUTFILES/data_284898751.root 
/tmp/maxwoo/21EF1A6A9139C9FD2A38E59AFB466F9A_722/INPUTFILES/data_284912301.root 
/tmp/maxwoo/21EF1A6A9139C9FD2A38E59AFB466F9A_722/INPUTFILES/data_284966391.root 
/tmp/maxwoo/21EF1A6A9139C9FD2A38E59AFB466F9A_722/INPUTFILES/data_284966481.root 
/tmp/maxwoo/21EF1A6A9139C9FD2A38E59AFB466F9A_722/INPUTFILES/data_284973181.root 
/tmp/maxwoo/21EF1A6A9139C9FD2A38E59AFB466F9A_722/INPUTFILES/data_284973201.root 
/tmp/maxwoo/21EF1A6A9139C9FD2A38E59AFB466F9A_722/INPUTFILES/data_284973251.root 
/tmp/maxwoo/21EF1A6A9139C9FD2A38E59AFB466F9A_722/INPUTFILES/data_284997881.root 
/tmp/maxwoo/21EF1A6A9139C9FD2A38E59AFB466F9A_722/INPUTFILES/data_284997901.root 
/tmp/maxwoo/21EF1A6A9139C9FD2A38E59AFB466F9A_722/INPUTFILES/data_284997951.root 
/tmp/maxwoo/21EF1A6A9139C9FD2A38E59AFB466F9A_722/INPUTFILES/data_284997961.root 
/tmp/maxwoo/21EF1A6A9139C9FD2A38E59AFB466F9A_722/INPUTFILES/data_284997971.root 
/tmp/maxwoo/21EF1A6A9139C9FD2A38E59AFB466F9A_722/INPUTFILES/data_284998161.root 
/tmp/maxwoo/21EF1A6A9139C9FD2A38E59AFB466F9A_722/INPUTFILES/data_284998181.root 
/tmp/maxwoo/21EF1A6A9139C9FD2A38E59AFB466F9A_722/INPUTFILES/data_284998201.root 
/tmp/maxwoo/21EF1A6A9139C9FD2A38E59AFB466F9A_722/INPUTFILES/data_284998221.root 
/tmp/maxwoo/21EF1A6A9139C9FD2A38E59AFB466F9A_722/INPUTFILES/data_284998251.root 
Added 37 files
# entries in chain: 37000
Processing entry == 1000 == out of 37000.
Processing entry == 2000 == out of 37000.
Processing entry == 3000 == out of 37000.
Processing entry == 4000 == out of 37000.
Processing entry == 5000 == out of 37000.
Processing entry == 6000 == out of 37000.
Processing entry == 7000 == out of 37000.
Processing entry == 8000 == out of 37000.
Processing entry == 9000 == out of 37000.
Processing entry == 10000 == out of 37000.
Processing entry == 11000 == out of 37000.
Processing entry == 12000 == out of 37000.
Processing entry == 13000 == out of 37000.
Processing entry == 14000 == out of 37000.
Processing entry == 15000 == out of 37000.
Processing entry == 16000 == out of 37000.
Processing entry == 17000 == out of 37000.
Processing entry == 18000 == out of 37000.
Processing entry == 19000 == out of 37000.
Processing entry == 20000 == out of 37000.
Processing entry == 21000 == out of 37000.
Processing entry == 22000 == out of 37000.
Processing entry == 23000 == out of 37000.
Processing entry == 24000 == out of 37000.
Processing entry == 25000 == out of 37000.
Processing entry == 26000 == out of 37000.
Processing entry == 27000 == out of 37000.
Processing entry == 28000 == out of 37000.
Processing entry == 29000 == out of 37000.
Processing entry == 30000 == out of 37000.
Processing entry == 31000 == out of 37000.
Processing entry == 32000 == out of 37000.
Processing entry == 33000 == out of 37000.
Processing entry == 34000 == out of 37000.
Processing entry == 35000 == out of 37000.
Processing entry == 36000 == out of 37000.
Processing entry == 37000 == out of 37000.

This is the end of ROOT -- Goodbye

Cleaning up sandbox file:  /tmp/maxwoo/21EF1A6A9139C9FD2A38E59AFB466F9A_722/check_S.C
Cleaning up sandbox file:  /tmp/maxwoo/21EF1A6A9139C9FD2A38E59AFB466F9A_722/Check_Sness.C
Cleaning up sandbox file:  /tmp/maxwoo/21EF1A6A9139C9FD2A38E59AFB466F9A_722/lib
Cleaning up sandbox file:  /tmp/maxwoo/21EF1A6A9139C9FD2A38E59AFB466F9A_722/.sandboxFiles
Starting copy block
Running copy command:  /bin/cp -fp /tmp/maxwoo/21EF1A6A9139C9FD2A38E59AFB466F9A_722/out_21EF1A6A9139C9FD2A38E59AFB466F9A_722.root /star/data01/pwg/xiatong/git/strangeness/data/
17785 Execution of (/star/data01/pwg/xiatong/git/strangeness/script/sched21EF1A6A9139C9FD2A38E59AFB466F9A_722.csh ) has ended, exiting normally
17785 We END on [Thu Jun  2 11:52:12 EDT 2022]
