We are starting on node: spool0553.sdcc.bnl.gov
HOME is not defined
Using getent method
HOME is now /star/u/maxwoo
28027 We will spawn ourselves (/star/data01/pwg/xiatong/git/strangeness/script/sched21EF1A6A9139C9FD2A38E59AFB466F9A_2659.csh )
28027 We BEGIN on [Thu Jun  2 10:54:13 EDT 2022]
[1] 28428
28027 We are waiting for 28428 
28027 Grandchild PID is 29113 - found in 10 x 1 seconds
28027 Establishing first watcher   on    Thu Jun  2 10:54:25 EDT 2022
28027 Process tree is 28027 (main) -> 28428 (child) -> 29113 (grandchild)
F S   UID   PID  PPID  C PRI  NI ADDR SZ WCHAN  TTY        TIME CMD
0 D 100667 29113 28428  0 80   0 - 32311 cxiWai ?          0:00 cp /star/data01/pwg/xiatong/AMPT/14GeV/data_1688161391.root /tmp/maxwoo/21EF1A6A9139C9FD2A38E59AFB466F9A_2659/INPUTFILES/data_1688161391.root
28027 Grandchild PID is 31284 - found in 30 x 2 seconds
28027 Grandchild to watch has changed on Thu Jun  2 10:55:06 EDT 2022
28027 Process tree is 28027 (main) -> 28428 (child) -> 31284 (grandchild)
F S   UID   PID  PPID  C PRI  NI ADDR SZ WCHAN  TTY        TIME CMD
0 D 100667 31284 28428  0 80   0 - 32311 cxiWai ?          0:00 cp /star/data01/pwg/xiatong/AMPT/14GeV/data_1689161131.root /tmp/maxwoo/21EF1A6A9139C9FD2A38E59AFB466F9A_2659/INPUTFILES/data_1689161131.root
28027 Grandchild PID is 31858 - found in 40 x 2 seconds
28027 Grandchild to watch has changed on Thu Jun  2 10:55:27 EDT 2022
28027 Process tree is 28027 (main) -> 28428 (child) -> 31858 (grandchild)
F S   UID   PID  PPID  C PRI  NI ADDR SZ WCHAN  TTY        TIME CMD
0 D 100667 31858 28428  0 80   0 - 32311 cxiWai ?          0:00 cp /star/data01/pwg/xiatong/AMPT/14GeV/data_1689161191.root /tmp/maxwoo/21EF1A6A9139C9FD2A38E59AFB466F9A_2659/INPUTFILES/data_1689161191.root
28027 Grandchild PID is 34320 - found in 50 x 2 seconds
28027 Grandchild to watch has changed on Thu Jun  2 10:55:48 EDT 2022
28027 Process tree is 28027 (main) -> 28428 (child) -> 34320 (grandchild)
F S   UID   PID  PPID  C PRI  NI ADDR SZ WCHAN  TTY        TIME CMD
0 D 100667 34320 28428  0 80   0 - 32311 cxiWai ?          0:00 cp /star/data01/pwg/xiatong/AMPT/14GeV/data_1689161871.root /tmp/maxwoo/21EF1A6A9139C9FD2A38E59AFB466F9A_2659/INPUTFILES/data_1689161871.root
28027 Grandchild PID is 35155 - found in 60 x 2 seconds
28027 Grandchild to watch has changed on Thu Jun  2 10:56:09 EDT 2022
28027 Process tree is 28027 (main) -> 28428 (child) -> 35155 (grandchild)
F S   UID   PID  PPID  C PRI  NI ADDR SZ WCHAN  TTY        TIME CMD
28027 Grandchild PID is 36251 - found in 70 x 2 seconds
28027 Grandchild to watch has changed on Thu Jun  2 10:56:30 EDT 2022
28027 Process tree is 28027 (main) -> 28428 (child) -> 36251 (grandchild)
F S   UID   PID  PPID  C PRI  NI ADDR SZ WCHAN  TTY        TIME CMD
0 S 100667 36251 28428  0 80   0 -  1272 do_wai ?          0:00 root -b -q check_S.C++("/tmp/maxwoo/21EF1A6A9139C9FD2A38E59AFB466F9A_2659/INPUTFILES/21EF1A6A9139C9FD2A38E59AFB466F9A_2659.local.list","21EF1A6A9139C9FD2A38E59AFB466F9A_2659",1)
28428 Stepping into the main SUMS wrapper program with []
.... building sandbox
Running: cp /star/data01/pwg/xiatong/AMPT/14GeV/data_1688161341.root /tmp/maxwoo/21EF1A6A9139C9FD2A38E59AFB466F9A_2659/INPUTFILES/data_1688161341.root
Running: cp /star/data01/pwg/xiatong/AMPT/14GeV/data_1688161371.root /tmp/maxwoo/21EF1A6A9139C9FD2A38E59AFB466F9A_2659/INPUTFILES/data_1688161371.root
Running: cp /star/data01/pwg/xiatong/AMPT/14GeV/data_1688161381.root /tmp/maxwoo/21EF1A6A9139C9FD2A38E59AFB466F9A_2659/INPUTFILES/data_1688161381.root
Running: cp /star/data01/pwg/xiatong/AMPT/14GeV/data_1688161391.root /tmp/maxwoo/21EF1A6A9139C9FD2A38E59AFB466F9A_2659/INPUTFILES/data_1688161391.root
Running: cp /star/data01/pwg/xiatong/AMPT/14GeV/data_1688161411.root /tmp/maxwoo/21EF1A6A9139C9FD2A38E59AFB466F9A_2659/INPUTFILES/data_1688161411.root
Running: cp /star/data01/pwg/xiatong/AMPT/14GeV/data_1688161421.root /tmp/maxwoo/21EF1A6A9139C9FD2A38E59AFB466F9A_2659/INPUTFILES/data_1688161421.root
Running: cp /star/data01/pwg/xiatong/AMPT/14GeV/data_1688161431.root /tmp/maxwoo/21EF1A6A9139C9FD2A38E59AFB466F9A_2659/INPUTFILES/data_1688161431.root
Running: cp /star/data01/pwg/xiatong/AMPT/14GeV/data_1688161441.root /tmp/maxwoo/21EF1A6A9139C9FD2A38E59AFB466F9A_2659/INPUTFILES/data_1688161441.root
Running: cp /star/data01/pwg/xiatong/AMPT/14GeV/data_1688161451.root /tmp/maxwoo/21EF1A6A9139C9FD2A38E59AFB466F9A_2659/INPUTFILES/data_1688161451.root
Running: cp /star/data01/pwg/xiatong/AMPT/14GeV/data_1688161461.root /tmp/maxwoo/21EF1A6A9139C9FD2A38E59AFB466F9A_2659/INPUTFILES/data_1688161461.root
Running: cp /star/data01/pwg/xiatong/AMPT/14GeV/data_1688161471.root /tmp/maxwoo/21EF1A6A9139C9FD2A38E59AFB466F9A_2659/INPUTFILES/data_1688161471.root
Running: cp /star/data01/pwg/xiatong/AMPT/14GeV/data_1689161081.root /tmp/maxwoo/21EF1A6A9139C9FD2A38E59AFB466F9A_2659/INPUTFILES/data_1689161081.root
Running: cp /star/data01/pwg/xiatong/AMPT/14GeV/data_1689161101.root /tmp/maxwoo/21EF1A6A9139C9FD2A38E59AFB466F9A_2659/INPUTFILES/data_1689161101.root
Running: cp /star/data01/pwg/xiatong/AMPT/14GeV/data_1689161131.root /tmp/maxwoo/21EF1A6A9139C9FD2A38E59AFB466F9A_2659/INPUTFILES/data_1689161131.root
Running: cp /star/data01/pwg/xiatong/AMPT/14GeV/data_1689161141.root /tmp/maxwoo/21EF1A6A9139C9FD2A38E59AFB466F9A_2659/INPUTFILES/data_1689161141.root
Running: cp /star/data01/pwg/xiatong/AMPT/14GeV/data_1689161151.root /tmp/maxwoo/21EF1A6A9139C9FD2A38E59AFB466F9A_2659/INPUTFILES/data_1689161151.root
Running: cp /star/data01/pwg/xiatong/AMPT/14GeV/data_1689161161.root /tmp/maxwoo/21EF1A6A9139C9FD2A38E59AFB466F9A_2659/INPUTFILES/data_1689161161.root
Running: cp /star/data01/pwg/xiatong/AMPT/14GeV/data_1689161171.root /tmp/maxwoo/21EF1A6A9139C9FD2A38E59AFB466F9A_2659/INPUTFILES/data_1689161171.root
Running: cp /star/data01/pwg/xiatong/AMPT/14GeV/data_1689161191.root /tmp/maxwoo/21EF1A6A9139C9FD2A38E59AFB466F9A_2659/INPUTFILES/data_1689161191.root
Running: cp /star/data01/pwg/xiatong/AMPT/14GeV/data_1689161201.root /tmp/maxwoo/21EF1A6A9139C9FD2A38E59AFB466F9A_2659/INPUTFILES/data_1689161201.root
Running: cp /star/data01/pwg/xiatong/AMPT/14GeV/data_1689161221.root /tmp/maxwoo/21EF1A6A9139C9FD2A38E59AFB466F9A_2659/INPUTFILES/data_1689161221.root
Running: cp /star/data01/pwg/xiatong/AMPT/14GeV/data_1689161231.root /tmp/maxwoo/21EF1A6A9139C9FD2A38E59AFB466F9A_2659/INPUTFILES/data_1689161231.root
Running: cp /star/data01/pwg/xiatong/AMPT/14GeV/data_1689161261.root /tmp/maxwoo/21EF1A6A9139C9FD2A38E59AFB466F9A_2659/INPUTFILES/data_1689161261.root
Running: cp /star/data01/pwg/xiatong/AMPT/14GeV/data_1689161271.root /tmp/maxwoo/21EF1A6A9139C9FD2A38E59AFB466F9A_2659/INPUTFILES/data_1689161271.root
Running: cp /star/data01/pwg/xiatong/AMPT/14GeV/data_1689161281.root /tmp/maxwoo/21EF1A6A9139C9FD2A38E59AFB466F9A_2659/INPUTFILES/data_1689161281.root
Running: cp /star/data01/pwg/xiatong/AMPT/14GeV/data_1689161311.root /tmp/maxwoo/21EF1A6A9139C9FD2A38E59AFB466F9A_2659/INPUTFILES/data_1689161311.root
Running: cp /star/data01/pwg/xiatong/AMPT/14GeV/data_1689161331.root /tmp/maxwoo/21EF1A6A9139C9FD2A38E59AFB466F9A_2659/INPUTFILES/data_1689161331.root
Running: cp /star/data01/pwg/xiatong/AMPT/14GeV/data_1689161351.root /tmp/maxwoo/21EF1A6A9139C9FD2A38E59AFB466F9A_2659/INPUTFILES/data_1689161351.root
Running: cp /star/data01/pwg/xiatong/AMPT/14GeV/data_1689161361.root /tmp/maxwoo/21EF1A6A9139C9FD2A38E59AFB466F9A_2659/INPUTFILES/data_1689161361.root
Running: cp /star/data01/pwg/xiatong/AMPT/14GeV/data_1689161871.root /tmp/maxwoo/21EF1A6A9139C9FD2A38E59AFB466F9A_2659/INPUTFILES/data_1689161871.root
Running: cp /star/data01/pwg/xiatong/AMPT/14GeV/data_1690160761.root /tmp/maxwoo/21EF1A6A9139C9FD2A38E59AFB466F9A_2659/INPUTFILES/data_1690160761.root
Running: cp /star/data01/pwg/xiatong/AMPT/14GeV/data_1690160771.root /tmp/maxwoo/21EF1A6A9139C9FD2A38E59AFB466F9A_2659/INPUTFILES/data_1690160771.root
Running: cp /star/data01/pwg/xiatong/AMPT/14GeV/data_1690160791.root /tmp/maxwoo/21EF1A6A9139C9FD2A38E59AFB466F9A_2659/INPUTFILES/data_1690160791.root
Running: cp /star/data01/pwg/xiatong/AMPT/14GeV/data_1690160851.root /tmp/maxwoo/21EF1A6A9139C9FD2A38E59AFB466F9A_2659/INPUTFILES/data_1690160851.root
Running: cp /star/data01/pwg/xiatong/AMPT/14GeV/data_1690160871.root /tmp/maxwoo/21EF1A6A9139C9FD2A38E59AFB466F9A_2659/INPUTFILES/data_1690160871.root
Running: cp /star/data01/pwg/xiatong/AMPT/14GeV/data_1690160881.root /tmp/maxwoo/21EF1A6A9139C9FD2A38E59AFB466F9A_2659/INPUTFILES/data_1690160881.root
Running: cp /star/data01/pwg/xiatong/AMPT/14GeV/data_1690160901.root /tmp/maxwoo/21EF1A6A9139C9FD2A38E59AFB466F9A_2659/INPUTFILES/data_1690160901.root
Swapping $FILELIST with: /tmp/maxwoo/21EF1A6A9139C9FD2A38E59AFB466F9A_2659/INPUTFILES/21EF1A6A9139C9FD2A38E59AFB466F9A_2659.local.list
+++++++++++local copy debug++++++++++++++++++++
newFileList: /tmp/maxwoo/21EF1A6A9139C9FD2A38E59AFB466F9A_2659/INPUTFILES/21EF1A6A9139C9FD2A38E59AFB466F9A_2659.local.list
++++++++++++++++cat FILELIST+++++++++++++++++++
/tmp/maxwoo/21EF1A6A9139C9FD2A38E59AFB466F9A_2659/INPUTFILES/data_1688161341.root 
/tmp/maxwoo/21EF1A6A9139C9FD2A38E59AFB466F9A_2659/INPUTFILES/data_1688161371.root 
/tmp/maxwoo/21EF1A6A9139C9FD2A38E59AFB466F9A_2659/INPUTFILES/data_1688161381.root 
/tmp/maxwoo/21EF1A6A9139C9FD2A38E59AFB466F9A_2659/INPUTFILES/data_1688161391.root 
/tmp/maxwoo/21EF1A6A9139C9FD2A38E59AFB466F9A_2659/INPUTFILES/data_1688161411.root 
/tmp/maxwoo/21EF1A6A9139C9FD2A38E59AFB466F9A_2659/INPUTFILES/data_1688161421.root 
/tmp/maxwoo/21EF1A6A9139C9FD2A38E59AFB466F9A_2659/INPUTFILES/data_1688161431.root 
/tmp/maxwoo/21EF1A6A9139C9FD2A38E59AFB466F9A_2659/INPUTFILES/data_1688161441.root 
/tmp/maxwoo/21EF1A6A9139C9FD2A38E59AFB466F9A_2659/INPUTFILES/data_1688161451.root 
/tmp/maxwoo/21EF1A6A9139C9FD2A38E59AFB466F9A_2659/INPUTFILES/data_1688161461.root 
/tmp/maxwoo/21EF1A6A9139C9FD2A38E59AFB466F9A_2659/INPUTFILES/data_1688161471.root 
/tmp/maxwoo/21EF1A6A9139C9FD2A38E59AFB466F9A_2659/INPUTFILES/data_1689161081.root 
/tmp/maxwoo/21EF1A6A9139C9FD2A38E59AFB466F9A_2659/INPUTFILES/data_1689161101.root 
/tmp/maxwoo/21EF1A6A9139C9FD2A38E59AFB466F9A_2659/INPUTFILES/data_1689161131.root 
/tmp/maxwoo/21EF1A6A9139C9FD2A38E59AFB466F9A_2659/INPUTFILES/data_1689161141.root 
/tmp/maxwoo/21EF1A6A9139C9FD2A38E59AFB466F9A_2659/INPUTFILES/data_1689161151.root 
/tmp/maxwoo/21EF1A6A9139C9FD2A38E59AFB466F9A_2659/INPUTFILES/data_1689161161.root 
/tmp/maxwoo/21EF1A6A9139C9FD2A38E59AFB466F9A_2659/INPUTFILES/data_1689161171.root 
/tmp/maxwoo/21EF1A6A9139C9FD2A38E59AFB466F9A_2659/INPUTFILES/data_1689161191.root 
/tmp/maxwoo/21EF1A6A9139C9FD2A38E59AFB466F9A_2659/INPUTFILES/data_1689161201.root 
/tmp/maxwoo/21EF1A6A9139C9FD2A38E59AFB466F9A_2659/INPUTFILES/data_1689161221.root 
/tmp/maxwoo/21EF1A6A9139C9FD2A38E59AFB466F9A_2659/INPUTFILES/data_1689161231.root 
/tmp/maxwoo/21EF1A6A9139C9FD2A38E59AFB466F9A_2659/INPUTFILES/data_1689161261.root 
/tmp/maxwoo/21EF1A6A9139C9FD2A38E59AFB466F9A_2659/INPUTFILES/data_1689161271.root 
/tmp/maxwoo/21EF1A6A9139C9FD2A38E59AFB466F9A_2659/INPUTFILES/data_1689161281.root 
/tmp/maxwoo/21EF1A6A9139C9FD2A38E59AFB466F9A_2659/INPUTFILES/data_1689161311.root 
/tmp/maxwoo/21EF1A6A9139C9FD2A38E59AFB466F9A_2659/INPUTFILES/data_1689161331.root 
/tmp/maxwoo/21EF1A6A9139C9FD2A38E59AFB466F9A_2659/INPUTFILES/data_1689161351.root 
/tmp/maxwoo/21EF1A6A9139C9FD2A38E59AFB466F9A_2659/INPUTFILES/data_1689161361.root 
/tmp/maxwoo/21EF1A6A9139C9FD2A38E59AFB466F9A_2659/INPUTFILES/data_1689161871.root 
/tmp/maxwoo/21EF1A6A9139C9FD2A38E59AFB466F9A_2659/INPUTFILES/data_1690160761.root 
/tmp/maxwoo/21EF1A6A9139C9FD2A38E59AFB466F9A_2659/INPUTFILES/data_1690160771.root 
/tmp/maxwoo/21EF1A6A9139C9FD2A38E59AFB466F9A_2659/INPUTFILES/data_1690160791.root 
/tmp/maxwoo/21EF1A6A9139C9FD2A38E59AFB466F9A_2659/INPUTFILES/data_1690160851.root 
/tmp/maxwoo/21EF1A6A9139C9FD2A38E59AFB466F9A_2659/INPUTFILES/data_1690160871.root 
/tmp/maxwoo/21EF1A6A9139C9FD2A38E59AFB466F9A_2659/INPUTFILES/data_1690160881.root 
/tmp/maxwoo/21EF1A6A9139C9FD2A38E59AFB466F9A_2659/INPUTFILES/data_1690160901.root 
++++++++++++++++++++find.++++++++++++++++++++++
.
./.sandboxFiles
./INPUTFILES
./INPUTFILES/data_1688161451.root
./INPUTFILES/data_1688161391.root
./INPUTFILES/data_1689161351.root
./INPUTFILES/data_1689161221.root
./INPUTFILES/data_1690160851.root
./INPUTFILES/data_1689161141.root
./INPUTFILES/data_1689161361.root
./INPUTFILES/data_1689161191.root
./INPUTFILES/data_1689161231.root
./INPUTFILES/21EF1A6A9139C9FD2A38E59AFB466F9A_2659.local.list
./INPUTFILES/data_1688161421.root
./INPUTFILES/data_1689161201.root
./INPUTFILES/data_1688161471.root
./INPUTFILES/data_1689161871.root
./INPUTFILES/data_1690160791.root
./INPUTFILES/data_1689161101.root
./INPUTFILES/data_1688161341.root
./INPUTFILES/data_1689161081.root
./INPUTFILES/data_1688161441.root
./INPUTFILES/data_1690160901.root
./INPUTFILES/data_1690160871.root
./INPUTFILES/data_1690160761.root
./INPUTFILES/data_1690160771.root
./INPUTFILES/data_1688161461.root
./INPUTFILES/data_1689161171.root
./INPUTFILES/data_1690160881.root
./INPUTFILES/data_1688161371.root
./INPUTFILES/data_1689161281.root
./INPUTFILES/data_1689161261.root
./INPUTFILES/data_1689161131.root
./INPUTFILES/data_1688161381.root
./INPUTFILES/data_1689161331.root
./INPUTFILES/data_1689161271.root
./INPUTFILES/data_1689161161.root
./INPUTFILES/data_1688161431.root
./INPUTFILES/data_1689161311.root
./INPUTFILES/data_1689161151.root
./INPUTFILES/data_1688161411.root
./.output.log
./check_S.C
./lib
./lib/MixedBuffer_cpp_ACLiC_dict_rdict.pcm
./lib/CenMaker_cpp.d
./lib/MixedBuffer_cpp.so
./lib/NpartNormalizer_cpp.so
./lib/MixedBuffer.h
./lib/NpartNormalizer_cpp.d
./lib/my_event_cpp.d
./lib/MixedBuffer_cpp.d
./lib/my_particle_cpp_ACLiC_dict_rdict.pcm
./lib/my_particle.cpp
./lib/CenMaker.cpp
./lib/NpartNormalizer.cpp
./lib/my_event.h
./lib/my_particle_cpp.so
./lib/my_event_cpp_ACLiC_dict_rdict.pcm
./lib/NpartNormalizer_cpp_ACLiC_dict_rdict.pcm
./lib/my_particle_cpp.d
./lib/my_event.cpp
./lib/MixedBuffer.cpp
./lib/NpartNormalizer.h
./lib/CenMaker.h
./lib/my_particle.h
./lib/CenMaker_cpp.so
./lib/CenMaker_cpp_ACLiC_dict_rdict.pcm
./lib/my_event_cpp.so
./.errror.log
./Check_Sness.C
++++++++++++++++INPUTFILE Var++++++++++++++++++
FILELIST=/tmp/maxwoo/21EF1A6A9139C9FD2A38E59AFB466F9A_2659/INPUTFILES/21EF1A6A9139C9FD2A38E59AFB466F9A_2659.local.list
INPUTFILECOUNT=37
INPUTFILE0=/tmp/maxwoo/21EF1A6A9139C9FD2A38E59AFB466F9A_2659/INPUTFILES/data_1688161341.root
INPUTFILE1=/tmp/maxwoo/21EF1A6A9139C9FD2A38E59AFB466F9A_2659/INPUTFILES/data_1688161371.root
INPUTFILE2=/tmp/maxwoo/21EF1A6A9139C9FD2A38E59AFB466F9A_2659/INPUTFILES/data_1688161381.root
INPUTFILE3=/tmp/maxwoo/21EF1A6A9139C9FD2A38E59AFB466F9A_2659/INPUTFILES/data_1688161391.root
INPUTFILE4=/tmp/maxwoo/21EF1A6A9139C9FD2A38E59AFB466F9A_2659/INPUTFILES/data_1688161411.root
INPUTFILE5=/tmp/maxwoo/21EF1A6A9139C9FD2A38E59AFB466F9A_2659/INPUTFILES/data_1688161421.root
INPUTFILE6=/tmp/maxwoo/21EF1A6A9139C9FD2A38E59AFB466F9A_2659/INPUTFILES/data_1688161431.root
INPUTFILE7=/tmp/maxwoo/21EF1A6A9139C9FD2A38E59AFB466F9A_2659/INPUTFILES/data_1688161441.root
INPUTFILE8=/tmp/maxwoo/21EF1A6A9139C9FD2A38E59AFB466F9A_2659/INPUTFILES/data_1688161451.root
INPUTFILE9=/tmp/maxwoo/21EF1A6A9139C9FD2A38E59AFB466F9A_2659/INPUTFILES/data_1688161461.root
INPUTFILE10=/tmp/maxwoo/21EF1A6A9139C9FD2A38E59AFB466F9A_2659/INPUTFILES/data_1688161471.root
INPUTFILE11=/tmp/maxwoo/21EF1A6A9139C9FD2A38E59AFB466F9A_2659/INPUTFILES/data_1689161081.root
INPUTFILE12=/tmp/maxwoo/21EF1A6A9139C9FD2A38E59AFB466F9A_2659/INPUTFILES/data_1689161101.root
INPUTFILE13=/tmp/maxwoo/21EF1A6A9139C9FD2A38E59AFB466F9A_2659/INPUTFILES/data_1689161131.root
INPUTFILE14=/tmp/maxwoo/21EF1A6A9139C9FD2A38E59AFB466F9A_2659/INPUTFILES/data_1689161141.root
INPUTFILE15=/tmp/maxwoo/21EF1A6A9139C9FD2A38E59AFB466F9A_2659/INPUTFILES/data_1689161151.root
INPUTFILE16=/tmp/maxwoo/21EF1A6A9139C9FD2A38E59AFB466F9A_2659/INPUTFILES/data_1689161161.root
INPUTFILE17=/tmp/maxwoo/21EF1A6A9139C9FD2A38E59AFB466F9A_2659/INPUTFILES/data_1689161171.root
INPUTFILE18=/tmp/maxwoo/21EF1A6A9139C9FD2A38E59AFB466F9A_2659/INPUTFILES/data_1689161191.root
INPUTFILE19=/tmp/maxwoo/21EF1A6A9139C9FD2A38E59AFB466F9A_2659/INPUTFILES/data_1689161201.root
INPUTFILE20=/tmp/maxwoo/21EF1A6A9139C9FD2A38E59AFB466F9A_2659/INPUTFILES/data_1689161221.root
INPUTFILE21=/tmp/maxwoo/21EF1A6A9139C9FD2A38E59AFB466F9A_2659/INPUTFILES/data_1689161231.root
INPUTFILE22=/tmp/maxwoo/21EF1A6A9139C9FD2A38E59AFB466F9A_2659/INPUTFILES/data_1689161261.root
INPUTFILE23=/tmp/maxwoo/21EF1A6A9139C9FD2A38E59AFB466F9A_2659/INPUTFILES/data_1689161271.root
INPUTFILE24=/tmp/maxwoo/21EF1A6A9139C9FD2A38E59AFB466F9A_2659/INPUTFILES/data_1689161281.root
INPUTFILE25=/tmp/maxwoo/21EF1A6A9139C9FD2A38E59AFB466F9A_2659/INPUTFILES/data_1689161311.root
INPUTFILE26=/tmp/maxwoo/21EF1A6A9139C9FD2A38E59AFB466F9A_2659/INPUTFILES/data_1689161331.root
INPUTFILE27=/tmp/maxwoo/21EF1A6A9139C9FD2A38E59AFB466F9A_2659/INPUTFILES/data_1689161351.root
INPUTFILE28=/tmp/maxwoo/21EF1A6A9139C9FD2A38E59AFB466F9A_2659/INPUTFILES/data_1689161361.root
INPUTFILE29=/tmp/maxwoo/21EF1A6A9139C9FD2A38E59AFB466F9A_2659/INPUTFILES/data_1689161871.root
INPUTFILE30=/tmp/maxwoo/21EF1A6A9139C9FD2A38E59AFB466F9A_2659/INPUTFILES/data_1690160761.root
INPUTFILE31=/tmp/maxwoo/21EF1A6A9139C9FD2A38E59AFB466F9A_2659/INPUTFILES/data_1690160771.root
INPUTFILE32=/tmp/maxwoo/21EF1A6A9139C9FD2A38E59AFB466F9A_2659/INPUTFILES/data_1690160791.root
INPUTFILE33=/tmp/maxwoo/21EF1A6A9139C9FD2A38E59AFB466F9A_2659/INPUTFILES/data_1690160851.root
INPUTFILE34=/tmp/maxwoo/21EF1A6A9139C9FD2A38E59AFB466F9A_2659/INPUTFILES/data_1690160871.root
INPUTFILE35=/tmp/maxwoo/21EF1A6A9139C9FD2A38E59AFB466F9A_2659/INPUTFILES/data_1690160881.root
INPUTFILE36=/tmp/maxwoo/21EF1A6A9139C9FD2A38E59AFB466F9A_2659/INPUTFILES/data_1690160901.root
LocalInputFileDir=/tmp/maxwoo/21EF1A6A9139C9FD2A38E59AFB466F9A_2659/INPUTFILES
NewFILELIST=/tmp/maxwoo/21EF1A6A9139C9FD2A38E59AFB466F9A_2659/INPUTFILES/21EF1A6A9139C9FD2A38E59AFB466F9A_2659.local.list
+++++++++++++++++++++++++++++++++++++++++++++++
--------------------------------
Simple Unified Meta Scheduler 1.10.50 we are starting in $SCRATCH : /home/tmp/maxwoo/21EF1A6A9139C9FD2A38E59AFB466F9A_2659
--------------------------------
total 16
lrwxrwxrwx 1 maxwoo rhstar   61 Jun  2 10:54 check_S.C -> /gpfs/mnt/gpfs01/star/pwg/xiatong/git/strangeness/./check_S.C
lrwxrwxrwx 1 maxwoo rhstar   65 Jun  2 10:54 Check_Sness.C -> /gpfs/mnt/gpfs01/star/pwg/xiatong/git/strangeness/./Check_Sness.C
drwxr-xr-x 2 maxwoo rhstar 4096 Jun  2 10:56 INPUTFILES
drwxr-xr-x 2 maxwoo rhstar 4096 Jun  2 10:54 lib
  *******************************************
  *                                         *
  *        W E L C O M E  to  R O O T       *
  *                                         *
  *   Version   5.34/38     12 March 2018   *
  *                                         *
  *  You are welcome to visit our Web site  *
  *          http://root.cern.ch            *
  *                                         *
  *******************************************

ROOT 5.34/38 (v5-34-38@v5-34-38, Mar 12 2018, 15:49:39 on linux)

CINT/ROOT C/C++ Interpreter version 5.18.00, July 2, 2010
Type ? for help. Commands must be C++ statements.
Enclose multiple statements between { }.
*** Float Point Exception is OFF ***
 *** Start at Date : Thu Jun  2 10:56:18 2022
QAInfo:You are using STAR_LEVEL : dev, ROOT_LEVEL : 5.34.38 and node : spool0553.sdcc.bnl.gov 

Processing check_S.C++("/tmp/maxwoo/21EF1A6A9139C9FD2A38E59AFB466F9A_2659/INPUTFILES/21EF1A6A9139C9FD2A38E59AFB466F9A_2659.local.list","21EF1A6A9139C9FD2A38E59AFB466F9A_2659",1)...
/tmp/maxwoo/21EF1A6A9139C9FD2A38E59AFB466F9A_2659/INPUTFILES/data_1688161341.root 
/tmp/maxwoo/21EF1A6A9139C9FD2A38E59AFB466F9A_2659/INPUTFILES/data_1688161371.root 
/tmp/maxwoo/21EF1A6A9139C9FD2A38E59AFB466F9A_2659/INPUTFILES/data_1688161381.root 
/tmp/maxwoo/21EF1A6A9139C9FD2A38E59AFB466F9A_2659/INPUTFILES/data_1688161391.root 
/tmp/maxwoo/21EF1A6A9139C9FD2A38E59AFB466F9A_2659/INPUTFILES/data_1688161411.root 
/tmp/maxwoo/21EF1A6A9139C9FD2A38E59AFB466F9A_2659/INPUTFILES/data_1688161421.root 
/tmp/maxwoo/21EF1A6A9139C9FD2A38E59AFB466F9A_2659/INPUTFILES/data_1688161431.root 
/tmp/maxwoo/21EF1A6A9139C9FD2A38E59AFB466F9A_2659/INPUTFILES/data_1688161441.root 
/tmp/maxwoo/21EF1A6A9139C9FD2A38E59AFB466F9A_2659/INPUTFILES/data_1688161451.root 
/tmp/maxwoo/21EF1A6A9139C9FD2A38E59AFB466F9A_2659/INPUTFILES/data_1688161461.root 
/tmp/maxwoo/21EF1A6A9139C9FD2A38E59AFB466F9A_2659/INPUTFILES/data_1688161471.root 
/tmp/maxwoo/21EF1A6A9139C9FD2A38E59AFB466F9A_2659/INPUTFILES/data_1689161081.root 
/tmp/maxwoo/21EF1A6A9139C9FD2A38E59AFB466F9A_2659/INPUTFILES/data_1689161101.root 
/tmp/maxwoo/21EF1A6A9139C9FD2A38E59AFB466F9A_2659/INPUTFILES/data_1689161131.root 
/tmp/maxwoo/21EF1A6A9139C9FD2A38E59AFB466F9A_2659/INPUTFILES/data_1689161141.root 
/tmp/maxwoo/21EF1A6A9139C9FD2A38E59AFB466F9A_2659/INPUTFILES/data_1689161151.root 
/tmp/maxwoo/21EF1A6A9139C9FD2A38E59AFB466F9A_2659/INPUTFILES/data_1689161161.root 
/tmp/maxwoo/21EF1A6A9139C9FD2A38E59AFB466F9A_2659/INPUTFILES/data_1689161171.root 
/tmp/maxwoo/21EF1A6A9139C9FD2A38E59AFB466F9A_2659/INPUTFILES/data_1689161191.root 
/tmp/maxwoo/21EF1A6A9139C9FD2A38E59AFB466F9A_2659/INPUTFILES/data_1689161201.root 
/tmp/maxwoo/21EF1A6A9139C9FD2A38E59AFB466F9A_2659/INPUTFILES/data_1689161221.root 
/tmp/maxwoo/21EF1A6A9139C9FD2A38E59AFB466F9A_2659/INPUTFILES/data_1689161231.root 
/tmp/maxwoo/21EF1A6A9139C9FD2A38E59AFB466F9A_2659/INPUTFILES/data_1689161261.root 
/tmp/maxwoo/21EF1A6A9139C9FD2A38E59AFB466F9A_2659/INPUTFILES/data_1689161271.root 
/tmp/maxwoo/21EF1A6A9139C9FD2A38E59AFB466F9A_2659/INPUTFILES/data_1689161281.root 
/tmp/maxwoo/21EF1A6A9139C9FD2A38E59AFB466F9A_2659/INPUTFILES/data_1689161311.root 
/tmp/maxwoo/21EF1A6A9139C9FD2A38E59AFB466F9A_2659/INPUTFILES/data_1689161331.root 
/tmp/maxwoo/21EF1A6A9139C9FD2A38E59AFB466F9A_2659/INPUTFILES/data_1689161351.root 
/tmp/maxwoo/21EF1A6A9139C9FD2A38E59AFB466F9A_2659/INPUTFILES/data_1689161361.root 
/tmp/maxwoo/21EF1A6A9139C9FD2A38E59AFB466F9A_2659/INPUTFILES/data_1689161871.root 
/tmp/maxwoo/21EF1A6A9139C9FD2A38E59AFB466F9A_2659/INPUTFILES/data_1690160761.root 
/tmp/maxwoo/21EF1A6A9139C9FD2A38E59AFB466F9A_2659/INPUTFILES/data_1690160771.root 
/tmp/maxwoo/21EF1A6A9139C9FD2A38E59AFB466F9A_2659/INPUTFILES/data_1690160791.root 
/tmp/maxwoo/21EF1A6A9139C9FD2A38E59AFB466F9A_2659/INPUTFILES/data_1690160851.root 
/tmp/maxwoo/21EF1A6A9139C9FD2A38E59AFB466F9A_2659/INPUTFILES/data_1690160871.root 
/tmp/maxwoo/21EF1A6A9139C9FD2A38E59AFB466F9A_2659/INPUTFILES/data_1690160881.root 
/tmp/maxwoo/21EF1A6A9139C9FD2A38E59AFB466F9A_2659/INPUTFILES/data_1690160901.root 
Added 37 files
# entries in chain: 37000
Processing entry == 1000 == out of 37000.
Processing entry == 2000 == out of 37000.
Processing entry == 3000 == out of 37000.
Processing entry == 4000 == out of 37000.
Processing entry == 5000 == out of 37000.
Processing entry == 6000 == out of 37000.
Processing entry == 7000 == out of 37000.
Processing entry == 8000 == out of 37000.
Processing entry == 9000 == out of 37000.
Processing entry == 10000 == out of 37000.
Processing entry == 11000 == out of 37000.
Processing entry == 12000 == out of 37000.
Processing entry == 13000 == out of 37000.
Processing entry == 14000 == out of 37000.
Processing entry == 15000 == out of 37000.
Processing entry == 16000 == out of 37000.
Processing entry == 17000 == out of 37000.
Processing entry == 18000 == out of 37000.
Processing entry == 19000 == out of 37000.
Processing entry == 20000 == out of 37000.
Processing entry == 21000 == out of 37000.
Processing entry == 22000 == out of 37000.
Processing entry == 23000 == out of 37000.
Processing entry == 24000 == out of 37000.
Processing entry == 25000 == out of 37000.
Processing entry == 26000 == out of 37000.
Processing entry == 27000 == out of 37000.
Processing entry == 28000 == out of 37000.
Processing entry == 29000 == out of 37000.
Processing entry == 30000 == out of 37000.
Processing entry == 31000 == out of 37000.
Processing entry == 32000 == out of 37000.
Processing entry == 33000 == out of 37000.
Processing entry == 34000 == out of 37000.
Processing entry == 35000 == out of 37000.
Processing entry == 36000 == out of 37000.
Processing entry == 37000 == out of 37000.

This is the end of ROOT -- Goodbye

Cleaning up sandbox file:  /tmp/maxwoo/21EF1A6A9139C9FD2A38E59AFB466F9A_2659/check_S.C
Cleaning up sandbox file:  /tmp/maxwoo/21EF1A6A9139C9FD2A38E59AFB466F9A_2659/Check_Sness.C
Cleaning up sandbox file:  /tmp/maxwoo/21EF1A6A9139C9FD2A38E59AFB466F9A_2659/lib
Cleaning up sandbox file:  /tmp/maxwoo/21EF1A6A9139C9FD2A38E59AFB466F9A_2659/.sandboxFiles
Starting copy block
Running copy command:  /bin/cp -fp /tmp/maxwoo/21EF1A6A9139C9FD2A38E59AFB466F9A_2659/out_21EF1A6A9139C9FD2A38E59AFB466F9A_2659.root /star/data01/pwg/xiatong/git/strangeness/data/
28027 Execution of (/star/data01/pwg/xiatong/git/strangeness/script/sched21EF1A6A9139C9FD2A38E59AFB466F9A_2659.csh ) has ended, exiting normally
28027 We END on [Thu Jun  2 11:17:57 EDT 2022]
