We are starting on node: spool0131.sdcc.bnl.gov
HOME is not defined
Using getent method
HOME is now /star/u/maxwoo
19623 We will spawn ourselves (/star/data01/pwg/xiatong/git/strangeness/script/sched21EF1A6A9139C9FD2A38E59AFB466F9A_2334.csh )
19623 We BEGIN on [Thu Jun  2 10:59:00 EDT 2022]
[1] 21179
19623 We are waiting for 21179 
19623 Grandchild PID is 21299 - found in 0 x 1 seconds
19623 Establishing first watcher   on    Thu Jun  2 10:59:00 EDT 2022
19623 Process tree is 19623 (main) -> 21179 (child) -> 21299 (grandchild)
F S   UID    PID   PPID  C PRI  NI ADDR SZ WCHAN  TTY        TIME CMD
19623 Grandchild PID is 25528 - found in 10 x 2 seconds
19623 Grandchild to watch has changed on Thu Jun  2 10:59:21 EDT 2022
19623 Process tree is 19623 (main) -> 21179 (child) -> 25528 (grandchild)
F S   UID    PID   PPID  C PRI  NI ADDR SZ WCHAN  TTY        TIME CMD
0 D 100667 25528  21179  0  80   0 - 32311 cxiWai ?          0:00 cp /star/data01/pwg/xiatong/AMPT/14GeV/data_1268571301.root /tmp/maxwoo/21EF1A6A9139C9FD2A38E59AFB466F9A_2334/INPUTFILES/data_1268571301.root
19623 Grandchild PID is 29354 - found in 20 x 2 seconds
19623 Grandchild to watch has changed on Thu Jun  2 11:00:13 EDT 2022
19623 Process tree is 19623 (main) -> 21179 (child) -> 29354 (grandchild)
F S   UID    PID   PPID  C PRI  NI ADDR SZ WCHAN  TTY        TIME CMD
19623 Grandchild PID is 34948 - found in 30 x 2 seconds
19623 Grandchild to watch has changed on Thu Jun  2 11:00:34 EDT 2022
19623 Process tree is 19623 (main) -> 21179 (child) -> 34948 (grandchild)
F S   UID    PID   PPID  C PRI  NI ADDR SZ WCHAN  TTY        TIME CMD
0 D 100667 34948  21179  0  80   0 - 32311 cxiWai ?          0:00 cp /star/data01/pwg/xiatong/AMPT/14GeV/data_1269371081.root /tmp/maxwoo/21EF1A6A9139C9FD2A38E59AFB466F9A_2334/INPUTFILES/data_1269371081.root
19623 Grandchild PID is 40643 - found in 40 x 2 seconds
19623 Grandchild to watch has changed on Thu Jun  2 11:00:55 EDT 2022
19623 Process tree is 19623 (main) -> 21179 (child) -> 40643 (grandchild)
F S   UID    PID   PPID  C PRI  NI ADDR SZ WCHAN  TTY        TIME CMD
0 S 100667 40643  21179  0  80   0 -  1272 do_wai ?          0:00 root -b -q check_S.C++("/tmp/maxwoo/21EF1A6A9139C9FD2A38E59AFB466F9A_2334/INPUTFILES/21EF1A6A9139C9FD2A38E59AFB466F9A_2334.local.list","21EF1A6A9139C9FD2A38E59AFB466F9A_2334",1)
21179 Stepping into the main SUMS wrapper program with []
.... building sandbox
Running: cp /star/data01/pwg/xiatong/AMPT/14GeV/data_1268371381.root /tmp/maxwoo/21EF1A6A9139C9FD2A38E59AFB466F9A_2334/INPUTFILES/data_1268371381.root
Running: cp /star/data01/pwg/xiatong/AMPT/14GeV/data_1268371491.root /tmp/maxwoo/21EF1A6A9139C9FD2A38E59AFB466F9A_2334/INPUTFILES/data_1268371491.root
Running: cp /star/data01/pwg/xiatong/AMPT/14GeV/data_1268471321.root /tmp/maxwoo/21EF1A6A9139C9FD2A38E59AFB466F9A_2334/INPUTFILES/data_1268471321.root
Running: cp /star/data01/pwg/xiatong/AMPT/14GeV/data_1268471341.root /tmp/maxwoo/21EF1A6A9139C9FD2A38E59AFB466F9A_2334/INPUTFILES/data_1268471341.root
Running: cp /star/data01/pwg/xiatong/AMPT/14GeV/data_1268571261.root /tmp/maxwoo/21EF1A6A9139C9FD2A38E59AFB466F9A_2334/INPUTFILES/data_1268571261.root
Running: cp /star/data01/pwg/xiatong/AMPT/14GeV/data_1268571271.root /tmp/maxwoo/21EF1A6A9139C9FD2A38E59AFB466F9A_2334/INPUTFILES/data_1268571271.root
Running: cp /star/data01/pwg/xiatong/AMPT/14GeV/data_1268571281.root /tmp/maxwoo/21EF1A6A9139C9FD2A38E59AFB466F9A_2334/INPUTFILES/data_1268571281.root
Running: cp /star/data01/pwg/xiatong/AMPT/14GeV/data_1268571301.root /tmp/maxwoo/21EF1A6A9139C9FD2A38E59AFB466F9A_2334/INPUTFILES/data_1268571301.root
Running: cp /star/data01/pwg/xiatong/AMPT/14GeV/data_1268571331.root /tmp/maxwoo/21EF1A6A9139C9FD2A38E59AFB466F9A_2334/INPUTFILES/data_1268571331.root
Running: cp /star/data01/pwg/xiatong/AMPT/14GeV/data_1268671211.root /tmp/maxwoo/21EF1A6A9139C9FD2A38E59AFB466F9A_2334/INPUTFILES/data_1268671211.root
Running: cp /star/data01/pwg/xiatong/AMPT/14GeV/data_1268671221.root /tmp/maxwoo/21EF1A6A9139C9FD2A38E59AFB466F9A_2334/INPUTFILES/data_1268671221.root
Running: cp /star/data01/pwg/xiatong/AMPT/14GeV/data_1268671291.root /tmp/maxwoo/21EF1A6A9139C9FD2A38E59AFB466F9A_2334/INPUTFILES/data_1268671291.root
Running: cp /star/data01/pwg/xiatong/AMPT/14GeV/data_1268671311.root /tmp/maxwoo/21EF1A6A9139C9FD2A38E59AFB466F9A_2334/INPUTFILES/data_1268671311.root
Running: cp /star/data01/pwg/xiatong/AMPT/14GeV/data_1268671361.root /tmp/maxwoo/21EF1A6A9139C9FD2A38E59AFB466F9A_2334/INPUTFILES/data_1268671361.root
Running: cp /star/data01/pwg/xiatong/AMPT/14GeV/data_1268771231.root /tmp/maxwoo/21EF1A6A9139C9FD2A38E59AFB466F9A_2334/INPUTFILES/data_1268771231.root
Running: cp /star/data01/pwg/xiatong/AMPT/14GeV/data_1268871171.root /tmp/maxwoo/21EF1A6A9139C9FD2A38E59AFB466F9A_2334/INPUTFILES/data_1268871171.root
Running: cp /star/data01/pwg/xiatong/AMPT/14GeV/data_1268871181.root /tmp/maxwoo/21EF1A6A9139C9FD2A38E59AFB466F9A_2334/INPUTFILES/data_1268871181.root
Running: cp /star/data01/pwg/xiatong/AMPT/14GeV/data_1268871191.root /tmp/maxwoo/21EF1A6A9139C9FD2A38E59AFB466F9A_2334/INPUTFILES/data_1268871191.root
Running: cp /star/data01/pwg/xiatong/AMPT/14GeV/data_1268971161.root /tmp/maxwoo/21EF1A6A9139C9FD2A38E59AFB466F9A_2334/INPUTFILES/data_1268971161.root
Running: cp /star/data01/pwg/xiatong/AMPT/14GeV/data_1268971201.root /tmp/maxwoo/21EF1A6A9139C9FD2A38E59AFB466F9A_2334/INPUTFILES/data_1268971201.root
Running: cp /star/data01/pwg/xiatong/AMPT/14GeV/data_1269071131.root /tmp/maxwoo/21EF1A6A9139C9FD2A38E59AFB466F9A_2334/INPUTFILES/data_1269071131.root
Running: cp /star/data01/pwg/xiatong/AMPT/14GeV/data_1269071141.root /tmp/maxwoo/21EF1A6A9139C9FD2A38E59AFB466F9A_2334/INPUTFILES/data_1269071141.root
Running: cp /star/data01/pwg/xiatong/AMPT/14GeV/data_1269071151.root /tmp/maxwoo/21EF1A6A9139C9FD2A38E59AFB466F9A_2334/INPUTFILES/data_1269071151.root
Running: cp /star/data01/pwg/xiatong/AMPT/14GeV/data_1269071251.root /tmp/maxwoo/21EF1A6A9139C9FD2A38E59AFB466F9A_2334/INPUTFILES/data_1269071251.root
Running: cp /star/data01/pwg/xiatong/AMPT/14GeV/data_1269117641.root /tmp/maxwoo/21EF1A6A9139C9FD2A38E59AFB466F9A_2334/INPUTFILES/data_1269117641.root
Running: cp /star/data01/pwg/xiatong/AMPT/14GeV/data_1269136631.root /tmp/maxwoo/21EF1A6A9139C9FD2A38E59AFB466F9A_2334/INPUTFILES/data_1269136631.root
Running: cp /star/data01/pwg/xiatong/AMPT/14GeV/data_1269136641.root /tmp/maxwoo/21EF1A6A9139C9FD2A38E59AFB466F9A_2334/INPUTFILES/data_1269136641.root
Running: cp /star/data01/pwg/xiatong/AMPT/14GeV/data_1269157761.root /tmp/maxwoo/21EF1A6A9139C9FD2A38E59AFB466F9A_2334/INPUTFILES/data_1269157761.root
Running: cp /star/data01/pwg/xiatong/AMPT/14GeV/data_1269171111.root /tmp/maxwoo/21EF1A6A9139C9FD2A38E59AFB466F9A_2334/INPUTFILES/data_1269171111.root
Running: cp /star/data01/pwg/xiatong/AMPT/14GeV/data_1269271101.root /tmp/maxwoo/21EF1A6A9139C9FD2A38E59AFB466F9A_2334/INPUTFILES/data_1269271101.root
Running: cp /star/data01/pwg/xiatong/AMPT/14GeV/data_1269371081.root /tmp/maxwoo/21EF1A6A9139C9FD2A38E59AFB466F9A_2334/INPUTFILES/data_1269371081.root
Running: cp /star/data01/pwg/xiatong/AMPT/14GeV/data_1269371091.root /tmp/maxwoo/21EF1A6A9139C9FD2A38E59AFB466F9A_2334/INPUTFILES/data_1269371091.root
Running: cp /star/data01/pwg/xiatong/AMPT/14GeV/data_1269371121.root /tmp/maxwoo/21EF1A6A9139C9FD2A38E59AFB466F9A_2334/INPUTFILES/data_1269371121.root
Running: cp /star/data01/pwg/xiatong/AMPT/14GeV/data_1269471021.root /tmp/maxwoo/21EF1A6A9139C9FD2A38E59AFB466F9A_2334/INPUTFILES/data_1269471021.root
Running: cp /star/data01/pwg/xiatong/AMPT/14GeV/data_1269471031.root /tmp/maxwoo/21EF1A6A9139C9FD2A38E59AFB466F9A_2334/INPUTFILES/data_1269471031.root
Running: cp /star/data01/pwg/xiatong/AMPT/14GeV/data_1269471041.root /tmp/maxwoo/21EF1A6A9139C9FD2A38E59AFB466F9A_2334/INPUTFILES/data_1269471041.root
Running: cp /star/data01/pwg/xiatong/AMPT/14GeV/data_1269471061.root /tmp/maxwoo/21EF1A6A9139C9FD2A38E59AFB466F9A_2334/INPUTFILES/data_1269471061.root
Swapping $FILELIST with: /tmp/maxwoo/21EF1A6A9139C9FD2A38E59AFB466F9A_2334/INPUTFILES/21EF1A6A9139C9FD2A38E59AFB466F9A_2334.local.list
+++++++++++local copy debug++++++++++++++++++++
newFileList: /tmp/maxwoo/21EF1A6A9139C9FD2A38E59AFB466F9A_2334/INPUTFILES/21EF1A6A9139C9FD2A38E59AFB466F9A_2334.local.list
++++++++++++++++cat FILELIST+++++++++++++++++++
/tmp/maxwoo/21EF1A6A9139C9FD2A38E59AFB466F9A_2334/INPUTFILES/data_1268371381.root 
/tmp/maxwoo/21EF1A6A9139C9FD2A38E59AFB466F9A_2334/INPUTFILES/data_1268371491.root 
/tmp/maxwoo/21EF1A6A9139C9FD2A38E59AFB466F9A_2334/INPUTFILES/data_1268471321.root 
/tmp/maxwoo/21EF1A6A9139C9FD2A38E59AFB466F9A_2334/INPUTFILES/data_1268471341.root 
/tmp/maxwoo/21EF1A6A9139C9FD2A38E59AFB466F9A_2334/INPUTFILES/data_1268571261.root 
/tmp/maxwoo/21EF1A6A9139C9FD2A38E59AFB466F9A_2334/INPUTFILES/data_1268571271.root 
/tmp/maxwoo/21EF1A6A9139C9FD2A38E59AFB466F9A_2334/INPUTFILES/data_1268571281.root 
/tmp/maxwoo/21EF1A6A9139C9FD2A38E59AFB466F9A_2334/INPUTFILES/data_1268571301.root 
/tmp/maxwoo/21EF1A6A9139C9FD2A38E59AFB466F9A_2334/INPUTFILES/data_1268571331.root 
/tmp/maxwoo/21EF1A6A9139C9FD2A38E59AFB466F9A_2334/INPUTFILES/data_1268671211.root 
/tmp/maxwoo/21EF1A6A9139C9FD2A38E59AFB466F9A_2334/INPUTFILES/data_1268671221.root 
/tmp/maxwoo/21EF1A6A9139C9FD2A38E59AFB466F9A_2334/INPUTFILES/data_1268671291.root 
/tmp/maxwoo/21EF1A6A9139C9FD2A38E59AFB466F9A_2334/INPUTFILES/data_1268671311.root 
/tmp/maxwoo/21EF1A6A9139C9FD2A38E59AFB466F9A_2334/INPUTFILES/data_1268671361.root 
/tmp/maxwoo/21EF1A6A9139C9FD2A38E59AFB466F9A_2334/INPUTFILES/data_1268771231.root 
/tmp/maxwoo/21EF1A6A9139C9FD2A38E59AFB466F9A_2334/INPUTFILES/data_1268871171.root 
/tmp/maxwoo/21EF1A6A9139C9FD2A38E59AFB466F9A_2334/INPUTFILES/data_1268871181.root 
/tmp/maxwoo/21EF1A6A9139C9FD2A38E59AFB466F9A_2334/INPUTFILES/data_1268871191.root 
/tmp/maxwoo/21EF1A6A9139C9FD2A38E59AFB466F9A_2334/INPUTFILES/data_1268971161.root 
/tmp/maxwoo/21EF1A6A9139C9FD2A38E59AFB466F9A_2334/INPUTFILES/data_1268971201.root 
/tmp/maxwoo/21EF1A6A9139C9FD2A38E59AFB466F9A_2334/INPUTFILES/data_1269071131.root 
/tmp/maxwoo/21EF1A6A9139C9FD2A38E59AFB466F9A_2334/INPUTFILES/data_1269071141.root 
/tmp/maxwoo/21EF1A6A9139C9FD2A38E59AFB466F9A_2334/INPUTFILES/data_1269071151.root 
/tmp/maxwoo/21EF1A6A9139C9FD2A38E59AFB466F9A_2334/INPUTFILES/data_1269071251.root 
/tmp/maxwoo/21EF1A6A9139C9FD2A38E59AFB466F9A_2334/INPUTFILES/data_1269117641.root 
/tmp/maxwoo/21EF1A6A9139C9FD2A38E59AFB466F9A_2334/INPUTFILES/data_1269136631.root 
/tmp/maxwoo/21EF1A6A9139C9FD2A38E59AFB466F9A_2334/INPUTFILES/data_1269136641.root 
/tmp/maxwoo/21EF1A6A9139C9FD2A38E59AFB466F9A_2334/INPUTFILES/data_1269157761.root 
/tmp/maxwoo/21EF1A6A9139C9FD2A38E59AFB466F9A_2334/INPUTFILES/data_1269171111.root 
/tmp/maxwoo/21EF1A6A9139C9FD2A38E59AFB466F9A_2334/INPUTFILES/data_1269271101.root 
/tmp/maxwoo/21EF1A6A9139C9FD2A38E59AFB466F9A_2334/INPUTFILES/data_1269371081.root 
/tmp/maxwoo/21EF1A6A9139C9FD2A38E59AFB466F9A_2334/INPUTFILES/data_1269371091.root 
/tmp/maxwoo/21EF1A6A9139C9FD2A38E59AFB466F9A_2334/INPUTFILES/data_1269371121.root 
/tmp/maxwoo/21EF1A6A9139C9FD2A38E59AFB466F9A_2334/INPUTFILES/data_1269471021.root 
/tmp/maxwoo/21EF1A6A9139C9FD2A38E59AFB466F9A_2334/INPUTFILES/data_1269471031.root 
/tmp/maxwoo/21EF1A6A9139C9FD2A38E59AFB466F9A_2334/INPUTFILES/data_1269471041.root 
/tmp/maxwoo/21EF1A6A9139C9FD2A38E59AFB466F9A_2334/INPUTFILES/data_1269471061.root 
++++++++++++++++++++find.++++++++++++++++++++++
.
./check_S.C
./.sandboxFiles
./Check_Sness.C
./.output.log
./INPUTFILES
./INPUTFILES/data_1268371381.root
./INPUTFILES/data_1269471021.root
./INPUTFILES/data_1268571261.root
./INPUTFILES/data_1269136631.root
./INPUTFILES/data_1268871191.root
./INPUTFILES/data_1269471061.root
./INPUTFILES/data_1269071251.root
./INPUTFILES/data_1268571281.root
./INPUTFILES/data_1269071141.root
./INPUTFILES/data_1269071131.root
./INPUTFILES/data_1268971201.root
./INPUTFILES/data_1268671211.root
./INPUTFILES/data_1269471031.root
./INPUTFILES/data_1268671311.root
./INPUTFILES/data_1268771231.root
./INPUTFILES/data_1268371491.root
./INPUTFILES/data_1269371081.root
./INPUTFILES/data_1269271101.root
./INPUTFILES/data_1268671221.root
./INPUTFILES/data_1268671291.root
./INPUTFILES/data_1269157761.root
./INPUTFILES/data_1268871181.root
./INPUTFILES/data_1269371091.root
./INPUTFILES/data_1269117641.root
./INPUTFILES/data_1268471321.root
./INPUTFILES/data_1269171111.root
./INPUTFILES/data_1269136641.root
./INPUTFILES/21EF1A6A9139C9FD2A38E59AFB466F9A_2334.local.list
./INPUTFILES/data_1268571331.root
./INPUTFILES/data_1268571301.root
./INPUTFILES/data_1269371121.root
./INPUTFILES/data_1269071151.root
./INPUTFILES/data_1268471341.root
./INPUTFILES/data_1268571271.root
./INPUTFILES/data_1268871171.root
./INPUTFILES/data_1268671361.root
./INPUTFILES/data_1268971161.root
./INPUTFILES/data_1269471041.root
./.errror.log
./lib
./lib/my_particle_cpp.d
./lib/MixedBuffer.cpp
./lib/MixedBuffer_cpp.so
./lib/NpartNormalizer_cpp.d
./lib/my_event.h
./lib/MixedBuffer_cpp_ACLiC_dict_rdict.pcm
./lib/my_particle.cpp
./lib/MixedBuffer_cpp.d
./lib/my_particle_cpp.so
./lib/my_event_cpp.d
./lib/CenMaker.h
./lib/my_event_cpp_ACLiC_dict_rdict.pcm
./lib/CenMaker_cpp.so
./lib/NpartNormalizer.cpp
./lib/my_particle.h
./lib/NpartNormalizer_cpp_ACLiC_dict_rdict.pcm
./lib/NpartNormalizer_cpp.so
./lib/my_event_cpp.so
./lib/CenMaker_cpp_ACLiC_dict_rdict.pcm
./lib/MixedBuffer.h
./lib/NpartNormalizer.h
./lib/my_particle_cpp_ACLiC_dict_rdict.pcm
./lib/CenMaker_cpp.d
./lib/my_event.cpp
./lib/CenMaker.cpp
++++++++++++++++INPUTFILE Var++++++++++++++++++
FILELIST=/tmp/maxwoo/21EF1A6A9139C9FD2A38E59AFB466F9A_2334/INPUTFILES/21EF1A6A9139C9FD2A38E59AFB466F9A_2334.local.list
INPUTFILECOUNT=37
INPUTFILE0=/tmp/maxwoo/21EF1A6A9139C9FD2A38E59AFB466F9A_2334/INPUTFILES/data_1268371381.root
INPUTFILE1=/tmp/maxwoo/21EF1A6A9139C9FD2A38E59AFB466F9A_2334/INPUTFILES/data_1268371491.root
INPUTFILE2=/tmp/maxwoo/21EF1A6A9139C9FD2A38E59AFB466F9A_2334/INPUTFILES/data_1268471321.root
INPUTFILE3=/tmp/maxwoo/21EF1A6A9139C9FD2A38E59AFB466F9A_2334/INPUTFILES/data_1268471341.root
INPUTFILE4=/tmp/maxwoo/21EF1A6A9139C9FD2A38E59AFB466F9A_2334/INPUTFILES/data_1268571261.root
INPUTFILE5=/tmp/maxwoo/21EF1A6A9139C9FD2A38E59AFB466F9A_2334/INPUTFILES/data_1268571271.root
INPUTFILE6=/tmp/maxwoo/21EF1A6A9139C9FD2A38E59AFB466F9A_2334/INPUTFILES/data_1268571281.root
INPUTFILE7=/tmp/maxwoo/21EF1A6A9139C9FD2A38E59AFB466F9A_2334/INPUTFILES/data_1268571301.root
INPUTFILE8=/tmp/maxwoo/21EF1A6A9139C9FD2A38E59AFB466F9A_2334/INPUTFILES/data_1268571331.root
INPUTFILE9=/tmp/maxwoo/21EF1A6A9139C9FD2A38E59AFB466F9A_2334/INPUTFILES/data_1268671211.root
INPUTFILE10=/tmp/maxwoo/21EF1A6A9139C9FD2A38E59AFB466F9A_2334/INPUTFILES/data_1268671221.root
INPUTFILE11=/tmp/maxwoo/21EF1A6A9139C9FD2A38E59AFB466F9A_2334/INPUTFILES/data_1268671291.root
INPUTFILE12=/tmp/maxwoo/21EF1A6A9139C9FD2A38E59AFB466F9A_2334/INPUTFILES/data_1268671311.root
INPUTFILE13=/tmp/maxwoo/21EF1A6A9139C9FD2A38E59AFB466F9A_2334/INPUTFILES/data_1268671361.root
INPUTFILE14=/tmp/maxwoo/21EF1A6A9139C9FD2A38E59AFB466F9A_2334/INPUTFILES/data_1268771231.root
INPUTFILE15=/tmp/maxwoo/21EF1A6A9139C9FD2A38E59AFB466F9A_2334/INPUTFILES/data_1268871171.root
INPUTFILE16=/tmp/maxwoo/21EF1A6A9139C9FD2A38E59AFB466F9A_2334/INPUTFILES/data_1268871181.root
INPUTFILE17=/tmp/maxwoo/21EF1A6A9139C9FD2A38E59AFB466F9A_2334/INPUTFILES/data_1268871191.root
INPUTFILE18=/tmp/maxwoo/21EF1A6A9139C9FD2A38E59AFB466F9A_2334/INPUTFILES/data_1268971161.root
INPUTFILE19=/tmp/maxwoo/21EF1A6A9139C9FD2A38E59AFB466F9A_2334/INPUTFILES/data_1268971201.root
INPUTFILE20=/tmp/maxwoo/21EF1A6A9139C9FD2A38E59AFB466F9A_2334/INPUTFILES/data_1269071131.root
INPUTFILE21=/tmp/maxwoo/21EF1A6A9139C9FD2A38E59AFB466F9A_2334/INPUTFILES/data_1269071141.root
INPUTFILE22=/tmp/maxwoo/21EF1A6A9139C9FD2A38E59AFB466F9A_2334/INPUTFILES/data_1269071151.root
INPUTFILE23=/tmp/maxwoo/21EF1A6A9139C9FD2A38E59AFB466F9A_2334/INPUTFILES/data_1269071251.root
INPUTFILE24=/tmp/maxwoo/21EF1A6A9139C9FD2A38E59AFB466F9A_2334/INPUTFILES/data_1269117641.root
INPUTFILE25=/tmp/maxwoo/21EF1A6A9139C9FD2A38E59AFB466F9A_2334/INPUTFILES/data_1269136631.root
INPUTFILE26=/tmp/maxwoo/21EF1A6A9139C9FD2A38E59AFB466F9A_2334/INPUTFILES/data_1269136641.root
INPUTFILE27=/tmp/maxwoo/21EF1A6A9139C9FD2A38E59AFB466F9A_2334/INPUTFILES/data_1269157761.root
INPUTFILE28=/tmp/maxwoo/21EF1A6A9139C9FD2A38E59AFB466F9A_2334/INPUTFILES/data_1269171111.root
INPUTFILE29=/tmp/maxwoo/21EF1A6A9139C9FD2A38E59AFB466F9A_2334/INPUTFILES/data_1269271101.root
INPUTFILE30=/tmp/maxwoo/21EF1A6A9139C9FD2A38E59AFB466F9A_2334/INPUTFILES/data_1269371081.root
INPUTFILE31=/tmp/maxwoo/21EF1A6A9139C9FD2A38E59AFB466F9A_2334/INPUTFILES/data_1269371091.root
INPUTFILE32=/tmp/maxwoo/21EF1A6A9139C9FD2A38E59AFB466F9A_2334/INPUTFILES/data_1269371121.root
INPUTFILE33=/tmp/maxwoo/21EF1A6A9139C9FD2A38E59AFB466F9A_2334/INPUTFILES/data_1269471021.root
INPUTFILE34=/tmp/maxwoo/21EF1A6A9139C9FD2A38E59AFB466F9A_2334/INPUTFILES/data_1269471031.root
INPUTFILE35=/tmp/maxwoo/21EF1A6A9139C9FD2A38E59AFB466F9A_2334/INPUTFILES/data_1269471041.root
INPUTFILE36=/tmp/maxwoo/21EF1A6A9139C9FD2A38E59AFB466F9A_2334/INPUTFILES/data_1269471061.root
LocalInputFileDir=/tmp/maxwoo/21EF1A6A9139C9FD2A38E59AFB466F9A_2334/INPUTFILES
NewFILELIST=/tmp/maxwoo/21EF1A6A9139C9FD2A38E59AFB466F9A_2334/INPUTFILES/21EF1A6A9139C9FD2A38E59AFB466F9A_2334.local.list
+++++++++++++++++++++++++++++++++++++++++++++++
--------------------------------
Simple Unified Meta Scheduler 1.10.50 we are starting in $SCRATCH : /home/tmp/maxwoo/21EF1A6A9139C9FD2A38E59AFB466F9A_2334
--------------------------------
total 16
lrwxrwxrwx 1 maxwoo rhstar   61 Jun  2 10:59 check_S.C -> /gpfs/mnt/gpfs01/star/pwg/xiatong/git/strangeness/./check_S.C
lrwxrwxrwx 1 maxwoo rhstar   65 Jun  2 10:59 Check_Sness.C -> /gpfs/mnt/gpfs01/star/pwg/xiatong/git/strangeness/./Check_Sness.C
drwxr-xr-x 2 maxwoo rhstar 4096 Jun  2 11:00 INPUTFILES
drwxr-xr-x 2 maxwoo rhstar 4096 Jun  2 10:59 lib
  *******************************************
  *                                         *
  *        W E L C O M E  to  R O O T       *
  *                                         *
  *   Version   5.34/38     12 March 2018   *
  *                                         *
  *  You are welcome to visit our Web site  *
  *          http://root.cern.ch            *
  *                                         *
  *******************************************

ROOT 5.34/38 (v5-34-38@v5-34-38, Mar 12 2018, 15:49:39 on linux)

CINT/ROOT C/C++ Interpreter version 5.18.00, July 2, 2010
Type ? for help. Commands must be C++ statements.
Enclose multiple statements between { }.
*** Float Point Exception is OFF ***
 *** Start at Date : Thu Jun  2 11:00:38 2022
QAInfo:You are using STAR_LEVEL : dev, ROOT_LEVEL : 5.34.38 and node : spool0131.sdcc.bnl.gov 

Processing check_S.C++("/tmp/maxwoo/21EF1A6A9139C9FD2A38E59AFB466F9A_2334/INPUTFILES/21EF1A6A9139C9FD2A38E59AFB466F9A_2334.local.list","21EF1A6A9139C9FD2A38E59AFB466F9A_2334",1)...
/tmp/maxwoo/21EF1A6A9139C9FD2A38E59AFB466F9A_2334/INPUTFILES/data_1268371381.root 
/tmp/maxwoo/21EF1A6A9139C9FD2A38E59AFB466F9A_2334/INPUTFILES/data_1268371491.root 
/tmp/maxwoo/21EF1A6A9139C9FD2A38E59AFB466F9A_2334/INPUTFILES/data_1268471321.root 
/tmp/maxwoo/21EF1A6A9139C9FD2A38E59AFB466F9A_2334/INPUTFILES/data_1268471341.root 
/tmp/maxwoo/21EF1A6A9139C9FD2A38E59AFB466F9A_2334/INPUTFILES/data_1268571261.root 
/tmp/maxwoo/21EF1A6A9139C9FD2A38E59AFB466F9A_2334/INPUTFILES/data_1268571271.root 
/tmp/maxwoo/21EF1A6A9139C9FD2A38E59AFB466F9A_2334/INPUTFILES/data_1268571281.root 
/tmp/maxwoo/21EF1A6A9139C9FD2A38E59AFB466F9A_2334/INPUTFILES/data_1268571301.root 
/tmp/maxwoo/21EF1A6A9139C9FD2A38E59AFB466F9A_2334/INPUTFILES/data_1268571331.root 
/tmp/maxwoo/21EF1A6A9139C9FD2A38E59AFB466F9A_2334/INPUTFILES/data_1268671211.root 
/tmp/maxwoo/21EF1A6A9139C9FD2A38E59AFB466F9A_2334/INPUTFILES/data_1268671221.root 
/tmp/maxwoo/21EF1A6A9139C9FD2A38E59AFB466F9A_2334/INPUTFILES/data_1268671291.root 
/tmp/maxwoo/21EF1A6A9139C9FD2A38E59AFB466F9A_2334/INPUTFILES/data_1268671311.root 
/tmp/maxwoo/21EF1A6A9139C9FD2A38E59AFB466F9A_2334/INPUTFILES/data_1268671361.root 
/tmp/maxwoo/21EF1A6A9139C9FD2A38E59AFB466F9A_2334/INPUTFILES/data_1268771231.root 
/tmp/maxwoo/21EF1A6A9139C9FD2A38E59AFB466F9A_2334/INPUTFILES/data_1268871171.root 
/tmp/maxwoo/21EF1A6A9139C9FD2A38E59AFB466F9A_2334/INPUTFILES/data_1268871181.root 
/tmp/maxwoo/21EF1A6A9139C9FD2A38E59AFB466F9A_2334/INPUTFILES/data_1268871191.root 
/tmp/maxwoo/21EF1A6A9139C9FD2A38E59AFB466F9A_2334/INPUTFILES/data_1268971161.root 
/tmp/maxwoo/21EF1A6A9139C9FD2A38E59AFB466F9A_2334/INPUTFILES/data_1268971201.root 
/tmp/maxwoo/21EF1A6A9139C9FD2A38E59AFB466F9A_2334/INPUTFILES/data_1269071131.root 
/tmp/maxwoo/21EF1A6A9139C9FD2A38E59AFB466F9A_2334/INPUTFILES/data_1269071141.root 
/tmp/maxwoo/21EF1A6A9139C9FD2A38E59AFB466F9A_2334/INPUTFILES/data_1269071151.root 
/tmp/maxwoo/21EF1A6A9139C9FD2A38E59AFB466F9A_2334/INPUTFILES/data_1269071251.root 
/tmp/maxwoo/21EF1A6A9139C9FD2A38E59AFB466F9A_2334/INPUTFILES/data_1269117641.root 
/tmp/maxwoo/21EF1A6A9139C9FD2A38E59AFB466F9A_2334/INPUTFILES/data_1269136631.root 
/tmp/maxwoo/21EF1A6A9139C9FD2A38E59AFB466F9A_2334/INPUTFILES/data_1269136641.root 
/tmp/maxwoo/21EF1A6A9139C9FD2A38E59AFB466F9A_2334/INPUTFILES/data_1269157761.root 
/tmp/maxwoo/21EF1A6A9139C9FD2A38E59AFB466F9A_2334/INPUTFILES/data_1269171111.root 
/tmp/maxwoo/21EF1A6A9139C9FD2A38E59AFB466F9A_2334/INPUTFILES/data_1269271101.root 
/tmp/maxwoo/21EF1A6A9139C9FD2A38E59AFB466F9A_2334/INPUTFILES/data_1269371081.root 
/tmp/maxwoo/21EF1A6A9139C9FD2A38E59AFB466F9A_2334/INPUTFILES/data_1269371091.root 
/tmp/maxwoo/21EF1A6A9139C9FD2A38E59AFB466F9A_2334/INPUTFILES/data_1269371121.root 
/tmp/maxwoo/21EF1A6A9139C9FD2A38E59AFB466F9A_2334/INPUTFILES/data_1269471021.root 
/tmp/maxwoo/21EF1A6A9139C9FD2A38E59AFB466F9A_2334/INPUTFILES/data_1269471031.root 
/tmp/maxwoo/21EF1A6A9139C9FD2A38E59AFB466F9A_2334/INPUTFILES/data_1269471041.root 
/tmp/maxwoo/21EF1A6A9139C9FD2A38E59AFB466F9A_2334/INPUTFILES/data_1269471061.root 
Added 37 files
# entries in chain: 37000
Processing entry == 1000 == out of 37000.
Processing entry == 2000 == out of 37000.
Processing entry == 3000 == out of 37000.
Processing entry == 4000 == out of 37000.
Processing entry == 5000 == out of 37000.
Processing entry == 6000 == out of 37000.
Processing entry == 7000 == out of 37000.
Processing entry == 8000 == out of 37000.
Processing entry == 9000 == out of 37000.
Processing entry == 10000 == out of 37000.
Processing entry == 11000 == out of 37000.
Processing entry == 12000 == out of 37000.
Processing entry == 13000 == out of 37000.
Processing entry == 14000 == out of 37000.
Processing entry == 15000 == out of 37000.
Processing entry == 16000 == out of 37000.
Processing entry == 17000 == out of 37000.
Processing entry == 18000 == out of 37000.
Processing entry == 19000 == out of 37000.
Processing entry == 20000 == out of 37000.
Processing entry == 21000 == out of 37000.
Processing entry == 22000 == out of 37000.
Processing entry == 23000 == out of 37000.
Processing entry == 24000 == out of 37000.
Processing entry == 25000 == out of 37000.
Processing entry == 26000 == out of 37000.
Processing entry == 27000 == out of 37000.
Processing entry == 28000 == out of 37000.
Processing entry == 29000 == out of 37000.
Processing entry == 30000 == out of 37000.
Processing entry == 31000 == out of 37000.
Processing entry == 32000 == out of 37000.
Processing entry == 33000 == out of 37000.
Processing entry == 34000 == out of 37000.
Processing entry == 35000 == out of 37000.
Processing entry == 36000 == out of 37000.
Processing entry == 37000 == out of 37000.

This is the end of ROOT -- Goodbye

Cleaning up sandbox file:  /tmp/maxwoo/21EF1A6A9139C9FD2A38E59AFB466F9A_2334/check_S.C
Cleaning up sandbox file:  /tmp/maxwoo/21EF1A6A9139C9FD2A38E59AFB466F9A_2334/Check_Sness.C
Cleaning up sandbox file:  /tmp/maxwoo/21EF1A6A9139C9FD2A38E59AFB466F9A_2334/lib
Cleaning up sandbox file:  /tmp/maxwoo/21EF1A6A9139C9FD2A38E59AFB466F9A_2334/.sandboxFiles
Starting copy block
Running copy command:  /bin/cp -fp /tmp/maxwoo/21EF1A6A9139C9FD2A38E59AFB466F9A_2334/out_21EF1A6A9139C9FD2A38E59AFB466F9A_2334.root /star/data01/pwg/xiatong/git/strangeness/data/
19623 Execution of (/star/data01/pwg/xiatong/git/strangeness/script/sched21EF1A6A9139C9FD2A38E59AFB466F9A_2334.csh ) has ended, exiting normally
19623 We END on [Thu Jun  2 11:22:13 EDT 2022]
