We are starting on node: spool0721.sdcc.bnl.gov
HOME is not defined
Using getent method
HOME is now /star/u/maxwoo
141846 We will spawn ourselves (/star/data01/pwg/xiatong/git/strangeness/script/sched21EF1A6A9139C9FD2A38E59AFB466F9A_1574.csh )
141846 We BEGIN on [Thu Jun  2 11:14:20 EDT 2022]
[1] 142210
141846 We are waiting for 142210 
141846 Grandchild PID is 142984 - found in 10 x 1 seconds
141846 Establishing first watcher   on    Thu Jun  2 11:14:31 EDT 2022
141846 Process tree is 141846 (main) -> 142210 (child) -> 142984 (grandchild)
F S   UID    PID   PPID  C PRI  NI ADDR SZ WCHAN  TTY        TIME CMD
0 D 100667 142984 142210  0 80   0 - 32311 cxiWai ?          0:00 cp /star/data01/pwg/xiatong/AMPT/14GeV/data_552607671.root /tmp/maxwoo/21EF1A6A9139C9FD2A38E59AFB466F9A_1574/INPUTFILES/data_552607671.root
141846 Grandchild PID is 143535 - found in 20 x 2 seconds
141846 Grandchild to watch has changed on Thu Jun  2 11:14:52 EDT 2022
141846 Process tree is 141846 (main) -> 142210 (child) -> 143535 (grandchild)
F S   UID    PID   PPID  C PRI  NI ADDR SZ WCHAN  TTY        TIME CMD
0 D 100667 143535 142210  0 80   0 - 32311 cxiWai ?          0:00 cp /star/data01/pwg/xiatong/AMPT/14GeV/data_552633491.root /tmp/maxwoo/21EF1A6A9139C9FD2A38E59AFB466F9A_1574/INPUTFILES/data_552633491.root
141846 Grandchild PID is 147669 - found in 40 x 2 seconds
141846 Grandchild to watch has changed on Thu Jun  2 11:15:33 EDT 2022
141846 Process tree is 141846 (main) -> 142210 (child) -> 147669 (grandchild)
F S   UID    PID   PPID  C PRI  NI ADDR SZ WCHAN  TTY        TIME CMD
0 D 100667 147669 142210  0 80   0 - 32311 cxiWai ?          0:00 cp /star/data01/pwg/xiatong/AMPT/14GeV/data_552639081.root /tmp/maxwoo/21EF1A6A9139C9FD2A38E59AFB466F9A_1574/INPUTFILES/data_552639081.root
141846 Grandchild PID is 148261 - found in 50 x 2 seconds
141846 Grandchild to watch has changed on Thu Jun  2 11:15:54 EDT 2022
141846 Process tree is 141846 (main) -> 142210 (child) -> 148261 (grandchild)
F S   UID    PID   PPID  C PRI  NI ADDR SZ WCHAN  TTY        TIME CMD
0 D 100667 148261 142210  0 80   0 - 32311 cxiWai ?          0:00 cp /star/data01/pwg/xiatong/AMPT/14GeV/data_552763441.root /tmp/maxwoo/21EF1A6A9139C9FD2A38E59AFB466F9A_1574/INPUTFILES/data_552763441.root
141846 Grandchild PID is 151295 - found in 70 x 2 seconds
141846 Grandchild to watch has changed on Thu Jun  2 11:16:37 EDT 2022
141846 Process tree is 141846 (main) -> 142210 (child) -> 151295 (grandchild)
F S   UID    PID   PPID  C PRI  NI ADDR SZ WCHAN  TTY        TIME CMD
0 D 100667 151295 142210  0 80   0 - 32311 cxiWai ?          0:00 cp /star/data01/pwg/xiatong/AMPT/14GeV/data_552846121.root /tmp/maxwoo/21EF1A6A9139C9FD2A38E59AFB466F9A_1574/INPUTFILES/data_552846121.root
141846 Grandchild PID is 151936 - found in 80 x 2 seconds
141846 Grandchild to watch has changed on Thu Jun  2 11:16:58 EDT 2022
141846 Process tree is 141846 (main) -> 142210 (child) -> 151936 (grandchild)
F S   UID    PID   PPID  C PRI  NI ADDR SZ WCHAN  TTY        TIME CMD
0 D 100667 151936 142210  0 80   0 - 32311 cxiWai ?          0:00 cp /star/data01/pwg/xiatong/AMPT/14GeV/data_552858411.root /tmp/maxwoo/21EF1A6A9139C9FD2A38E59AFB466F9A_1574/INPUTFILES/data_552858411.root
141846 Grandchild PID is 155020 - found in 90 x 2 seconds
141846 Grandchild to watch has changed on Thu Jun  2 11:17:19 EDT 2022
141846 Process tree is 141846 (main) -> 142210 (child) -> 155020 (grandchild)
F S   UID    PID   PPID  C PRI  NI ADDR SZ WCHAN  TTY        TIME CMD
0 D 100667 155020 142210  0 80   0 - 32311 cxiWai ?          0:00 cp /star/data01/pwg/xiatong/AMPT/14GeV/data_552879361.root /tmp/maxwoo/21EF1A6A9139C9FD2A38E59AFB466F9A_1574/INPUTFILES/data_552879361.root
141846 Grandchild PID is 156368 - found in 110 x 2 seconds
141846 Grandchild to watch has changed on Thu Jun  2 11:18:00 EDT 2022
141846 Process tree is 141846 (main) -> 142210 (child) -> 156368 (grandchild)
F S   UID    PID   PPID  C PRI  NI ADDR SZ WCHAN  TTY        TIME CMD
0 D 100667 156368 142210  0 80   0 - 32311 cxiWai ?          0:00 cp /star/data01/pwg/xiatong/AMPT/14GeV/data_552902951.root /tmp/maxwoo/21EF1A6A9139C9FD2A38E59AFB466F9A_1574/INPUTFILES/data_552902951.root
141846 Grandchild PID is 159053 - found in 120 x 2 seconds
141846 Grandchild to watch has changed on Thu Jun  2 11:18:21 EDT 2022
141846 Process tree is 141846 (main) -> 142210 (child) -> 159053 (grandchild)
F S   UID    PID   PPID  C PRI  NI ADDR SZ WCHAN  TTY        TIME CMD
0 S 100667 159053 142210  0 80   0 -  1272 do_wai ?          0:00 root -b -q check_S.C++("/tmp/maxwoo/21EF1A6A9139C9FD2A38E59AFB466F9A_1574/INPUTFILES/21EF1A6A9139C9FD2A38E59AFB466F9A_1574.local.list","21EF1A6A9139C9FD2A38E59AFB466F9A_1574",1)
142210 Stepping into the main SUMS wrapper program with []
.... building sandbox
Running: cp /star/data01/pwg/xiatong/AMPT/14GeV/data_552581641.root /tmp/maxwoo/21EF1A6A9139C9FD2A38E59AFB466F9A_1574/INPUTFILES/data_552581641.root
Running: cp /star/data01/pwg/xiatong/AMPT/14GeV/data_552591671.root /tmp/maxwoo/21EF1A6A9139C9FD2A38E59AFB466F9A_1574/INPUTFILES/data_552591671.root
Running: cp /star/data01/pwg/xiatong/AMPT/14GeV/data_552601561.root /tmp/maxwoo/21EF1A6A9139C9FD2A38E59AFB466F9A_1574/INPUTFILES/data_552601561.root
Running: cp /star/data01/pwg/xiatong/AMPT/14GeV/data_552607001.root /tmp/maxwoo/21EF1A6A9139C9FD2A38E59AFB466F9A_1574/INPUTFILES/data_552607001.root
Running: cp /star/data01/pwg/xiatong/AMPT/14GeV/data_552607671.root /tmp/maxwoo/21EF1A6A9139C9FD2A38E59AFB466F9A_1574/INPUTFILES/data_552607671.root
Running: cp /star/data01/pwg/xiatong/AMPT/14GeV/data_552613571.root /tmp/maxwoo/21EF1A6A9139C9FD2A38E59AFB466F9A_1574/INPUTFILES/data_552613571.root
Running: cp /star/data01/pwg/xiatong/AMPT/14GeV/data_552615401.root /tmp/maxwoo/21EF1A6A9139C9FD2A38E59AFB466F9A_1574/INPUTFILES/data_552615401.root
Running: cp /star/data01/pwg/xiatong/AMPT/14GeV/data_552633491.root /tmp/maxwoo/21EF1A6A9139C9FD2A38E59AFB466F9A_1574/INPUTFILES/data_552633491.root
Running: cp /star/data01/pwg/xiatong/AMPT/14GeV/data_552639081.root /tmp/maxwoo/21EF1A6A9139C9FD2A38E59AFB466F9A_1574/INPUTFILES/data_552639081.root
Running: cp /star/data01/pwg/xiatong/AMPT/14GeV/data_552643981.root /tmp/maxwoo/21EF1A6A9139C9FD2A38E59AFB466F9A_1574/INPUTFILES/data_552643981.root
Running: cp /star/data01/pwg/xiatong/AMPT/14GeV/data_552653771.root /tmp/maxwoo/21EF1A6A9139C9FD2A38E59AFB466F9A_1574/INPUTFILES/data_552653771.root
Running: cp /star/data01/pwg/xiatong/AMPT/14GeV/data_552654371.root /tmp/maxwoo/21EF1A6A9139C9FD2A38E59AFB466F9A_1574/INPUTFILES/data_552654371.root
Running: cp /star/data01/pwg/xiatong/AMPT/14GeV/data_552686941.root /tmp/maxwoo/21EF1A6A9139C9FD2A38E59AFB466F9A_1574/INPUTFILES/data_552686941.root
Running: cp /star/data01/pwg/xiatong/AMPT/14GeV/data_552686981.root /tmp/maxwoo/21EF1A6A9139C9FD2A38E59AFB466F9A_1574/INPUTFILES/data_552686981.root
Running: cp /star/data01/pwg/xiatong/AMPT/14GeV/data_552693701.root /tmp/maxwoo/21EF1A6A9139C9FD2A38E59AFB466F9A_1574/INPUTFILES/data_552693701.root
Running: cp /star/data01/pwg/xiatong/AMPT/14GeV/data_552715281.root /tmp/maxwoo/21EF1A6A9139C9FD2A38E59AFB466F9A_1574/INPUTFILES/data_552715281.root
Running: cp /star/data01/pwg/xiatong/AMPT/14GeV/data_552738671.root /tmp/maxwoo/21EF1A6A9139C9FD2A38E59AFB466F9A_1574/INPUTFILES/data_552738671.root
Running: cp /star/data01/pwg/xiatong/AMPT/14GeV/data_552746881.root /tmp/maxwoo/21EF1A6A9139C9FD2A38E59AFB466F9A_1574/INPUTFILES/data_552746881.root
Running: cp /star/data01/pwg/xiatong/AMPT/14GeV/data_552763441.root /tmp/maxwoo/21EF1A6A9139C9FD2A38E59AFB466F9A_1574/INPUTFILES/data_552763441.root
Running: cp /star/data01/pwg/xiatong/AMPT/14GeV/data_552793101.root /tmp/maxwoo/21EF1A6A9139C9FD2A38E59AFB466F9A_1574/INPUTFILES/data_552793101.root
Running: cp /star/data01/pwg/xiatong/AMPT/14GeV/data_552793121.root /tmp/maxwoo/21EF1A6A9139C9FD2A38E59AFB466F9A_1574/INPUTFILES/data_552793121.root
Running: cp /star/data01/pwg/xiatong/AMPT/14GeV/data_552803391.root /tmp/maxwoo/21EF1A6A9139C9FD2A38E59AFB466F9A_1574/INPUTFILES/data_552803391.root
Running: cp /star/data01/pwg/xiatong/AMPT/14GeV/data_552809971.root /tmp/maxwoo/21EF1A6A9139C9FD2A38E59AFB466F9A_1574/INPUTFILES/data_552809971.root
Running: cp /star/data01/pwg/xiatong/AMPT/14GeV/data_552815211.root /tmp/maxwoo/21EF1A6A9139C9FD2A38E59AFB466F9A_1574/INPUTFILES/data_552815211.root
Running: cp /star/data01/pwg/xiatong/AMPT/14GeV/data_552815221.root /tmp/maxwoo/21EF1A6A9139C9FD2A38E59AFB466F9A_1574/INPUTFILES/data_552815221.root
Running: cp /star/data01/pwg/xiatong/AMPT/14GeV/data_552838891.root /tmp/maxwoo/21EF1A6A9139C9FD2A38E59AFB466F9A_1574/INPUTFILES/data_552838891.root
Running: cp /star/data01/pwg/xiatong/AMPT/14GeV/data_552846121.root /tmp/maxwoo/21EF1A6A9139C9FD2A38E59AFB466F9A_1574/INPUTFILES/data_552846121.root
Running: cp /star/data01/pwg/xiatong/AMPT/14GeV/data_552846521.root /tmp/maxwoo/21EF1A6A9139C9FD2A38E59AFB466F9A_1574/INPUTFILES/data_552846521.root
Running: cp /star/data01/pwg/xiatong/AMPT/14GeV/data_552858411.root /tmp/maxwoo/21EF1A6A9139C9FD2A38E59AFB466F9A_1574/INPUTFILES/data_552858411.root
Running: cp /star/data01/pwg/xiatong/AMPT/14GeV/data_552868431.root /tmp/maxwoo/21EF1A6A9139C9FD2A38E59AFB466F9A_1574/INPUTFILES/data_552868431.root
Running: cp /star/data01/pwg/xiatong/AMPT/14GeV/data_552869831.root /tmp/maxwoo/21EF1A6A9139C9FD2A38E59AFB466F9A_1574/INPUTFILES/data_552869831.root
Running: cp /star/data01/pwg/xiatong/AMPT/14GeV/data_552879361.root /tmp/maxwoo/21EF1A6A9139C9FD2A38E59AFB466F9A_1574/INPUTFILES/data_552879361.root
Running: cp /star/data01/pwg/xiatong/AMPT/14GeV/data_552886311.root /tmp/maxwoo/21EF1A6A9139C9FD2A38E59AFB466F9A_1574/INPUTFILES/data_552886311.root
Running: cp /star/data01/pwg/xiatong/AMPT/14GeV/data_552886991.root /tmp/maxwoo/21EF1A6A9139C9FD2A38E59AFB466F9A_1574/INPUTFILES/data_552886991.root
Running: cp /star/data01/pwg/xiatong/AMPT/14GeV/data_552889501.root /tmp/maxwoo/21EF1A6A9139C9FD2A38E59AFB466F9A_1574/INPUTFILES/data_552889501.root
Running: cp /star/data01/pwg/xiatong/AMPT/14GeV/data_552901111.root /tmp/maxwoo/21EF1A6A9139C9FD2A38E59AFB466F9A_1574/INPUTFILES/data_552901111.root
Running: cp /star/data01/pwg/xiatong/AMPT/14GeV/data_552902951.root /tmp/maxwoo/21EF1A6A9139C9FD2A38E59AFB466F9A_1574/INPUTFILES/data_552902951.root
Swapping $FILELIST with: /tmp/maxwoo/21EF1A6A9139C9FD2A38E59AFB466F9A_1574/INPUTFILES/21EF1A6A9139C9FD2A38E59AFB466F9A_1574.local.list
+++++++++++local copy debug++++++++++++++++++++
newFileList: /tmp/maxwoo/21EF1A6A9139C9FD2A38E59AFB466F9A_1574/INPUTFILES/21EF1A6A9139C9FD2A38E59AFB466F9A_1574.local.list
++++++++++++++++cat FILELIST+++++++++++++++++++
/tmp/maxwoo/21EF1A6A9139C9FD2A38E59AFB466F9A_1574/INPUTFILES/data_552581641.root 
/tmp/maxwoo/21EF1A6A9139C9FD2A38E59AFB466F9A_1574/INPUTFILES/data_552591671.root 
/tmp/maxwoo/21EF1A6A9139C9FD2A38E59AFB466F9A_1574/INPUTFILES/data_552601561.root 
/tmp/maxwoo/21EF1A6A9139C9FD2A38E59AFB466F9A_1574/INPUTFILES/data_552607001.root 
/tmp/maxwoo/21EF1A6A9139C9FD2A38E59AFB466F9A_1574/INPUTFILES/data_552607671.root 
/tmp/maxwoo/21EF1A6A9139C9FD2A38E59AFB466F9A_1574/INPUTFILES/data_552613571.root 
/tmp/maxwoo/21EF1A6A9139C9FD2A38E59AFB466F9A_1574/INPUTFILES/data_552615401.root 
/tmp/maxwoo/21EF1A6A9139C9FD2A38E59AFB466F9A_1574/INPUTFILES/data_552633491.root 
/tmp/maxwoo/21EF1A6A9139C9FD2A38E59AFB466F9A_1574/INPUTFILES/data_552639081.root 
/tmp/maxwoo/21EF1A6A9139C9FD2A38E59AFB466F9A_1574/INPUTFILES/data_552643981.root 
/tmp/maxwoo/21EF1A6A9139C9FD2A38E59AFB466F9A_1574/INPUTFILES/data_552653771.root 
/tmp/maxwoo/21EF1A6A9139C9FD2A38E59AFB466F9A_1574/INPUTFILES/data_552654371.root 
/tmp/maxwoo/21EF1A6A9139C9FD2A38E59AFB466F9A_1574/INPUTFILES/data_552686941.root 
/tmp/maxwoo/21EF1A6A9139C9FD2A38E59AFB466F9A_1574/INPUTFILES/data_552686981.root 
/tmp/maxwoo/21EF1A6A9139C9FD2A38E59AFB466F9A_1574/INPUTFILES/data_552693701.root 
/tmp/maxwoo/21EF1A6A9139C9FD2A38E59AFB466F9A_1574/INPUTFILES/data_552715281.root 
/tmp/maxwoo/21EF1A6A9139C9FD2A38E59AFB466F9A_1574/INPUTFILES/data_552738671.root 
/tmp/maxwoo/21EF1A6A9139C9FD2A38E59AFB466F9A_1574/INPUTFILES/data_552746881.root 
/tmp/maxwoo/21EF1A6A9139C9FD2A38E59AFB466F9A_1574/INPUTFILES/data_552763441.root 
/tmp/maxwoo/21EF1A6A9139C9FD2A38E59AFB466F9A_1574/INPUTFILES/data_552793101.root 
/tmp/maxwoo/21EF1A6A9139C9FD2A38E59AFB466F9A_1574/INPUTFILES/data_552793121.root 
/tmp/maxwoo/21EF1A6A9139C9FD2A38E59AFB466F9A_1574/INPUTFILES/data_552803391.root 
/tmp/maxwoo/21EF1A6A9139C9FD2A38E59AFB466F9A_1574/INPUTFILES/data_552809971.root 
/tmp/maxwoo/21EF1A6A9139C9FD2A38E59AFB466F9A_1574/INPUTFILES/data_552815211.root 
/tmp/maxwoo/21EF1A6A9139C9FD2A38E59AFB466F9A_1574/INPUTFILES/data_552815221.root 
/tmp/maxwoo/21EF1A6A9139C9FD2A38E59AFB466F9A_1574/INPUTFILES/data_552838891.root 
/tmp/maxwoo/21EF1A6A9139C9FD2A38E59AFB466F9A_1574/INPUTFILES/data_552846121.root 
/tmp/maxwoo/21EF1A6A9139C9FD2A38E59AFB466F9A_1574/INPUTFILES/data_552846521.root 
/tmp/maxwoo/21EF1A6A9139C9FD2A38E59AFB466F9A_1574/INPUTFILES/data_552858411.root 
/tmp/maxwoo/21EF1A6A9139C9FD2A38E59AFB466F9A_1574/INPUTFILES/data_552868431.root 
/tmp/maxwoo/21EF1A6A9139C9FD2A38E59AFB466F9A_1574/INPUTFILES/data_552869831.root 
/tmp/maxwoo/21EF1A6A9139C9FD2A38E59AFB466F9A_1574/INPUTFILES/data_552879361.root 
/tmp/maxwoo/21EF1A6A9139C9FD2A38E59AFB466F9A_1574/INPUTFILES/data_552886311.root 
/tmp/maxwoo/21EF1A6A9139C9FD2A38E59AFB466F9A_1574/INPUTFILES/data_552886991.root 
/tmp/maxwoo/21EF1A6A9139C9FD2A38E59AFB466F9A_1574/INPUTFILES/data_552889501.root 
/tmp/maxwoo/21EF1A6A9139C9FD2A38E59AFB466F9A_1574/INPUTFILES/data_552901111.root 
/tmp/maxwoo/21EF1A6A9139C9FD2A38E59AFB466F9A_1574/INPUTFILES/data_552902951.root 
++++++++++++++++++++find.++++++++++++++++++++++
.
./check_S.C
./Check_Sness.C
./INPUTFILES
./INPUTFILES/data_552639081.root
./INPUTFILES/data_552901111.root
./INPUTFILES/data_552846521.root
./INPUTFILES/data_552715281.root
./INPUTFILES/data_552886311.root
./INPUTFILES/data_552809971.root
./INPUTFILES/data_552879361.root
./INPUTFILES/data_552615401.root
./INPUTFILES/data_552815211.root
./INPUTFILES/data_552815221.root
./INPUTFILES/data_552746881.root
./INPUTFILES/data_552654371.root
./INPUTFILES/data_552793121.root
./INPUTFILES/data_552846121.root
./INPUTFILES/data_552793101.root
./INPUTFILES/21EF1A6A9139C9FD2A38E59AFB466F9A_1574.local.list
./INPUTFILES/data_552686981.root
./INPUTFILES/data_552868431.root
./INPUTFILES/data_552858411.root
./INPUTFILES/data_552693701.root
./INPUTFILES/data_552581641.root
./INPUTFILES/data_552738671.root
./INPUTFILES/data_552607671.root
./INPUTFILES/data_552902951.root
./INPUTFILES/data_552889501.root
./INPUTFILES/data_552643981.root
./INPUTFILES/data_552633491.root
./INPUTFILES/data_552601561.root
./INPUTFILES/data_552838891.root
./INPUTFILES/data_552869831.root
./INPUTFILES/data_552613571.root
./INPUTFILES/data_552886991.root
./INPUTFILES/data_552591671.root
./INPUTFILES/data_552607001.root
./INPUTFILES/data_552686941.root
./INPUTFILES/data_552653771.root
./INPUTFILES/data_552803391.root
./INPUTFILES/data_552763441.root
./.errror.log
./.output.log
./.sandboxFiles
./lib
./lib/my_event.h
./lib/CenMaker.cpp
./lib/my_event_cpp_ACLiC_dict_rdict.pcm
./lib/my_event.cpp
./lib/CenMaker_cpp_ACLiC_dict_rdict.pcm
./lib/CenMaker_cpp.so
./lib/my_particle_cpp.d
./lib/NpartNormalizer.cpp
./lib/MixedBuffer.cpp
./lib/NpartNormalizer_cpp.so
./lib/my_event_cpp.so
./lib/my_particle_cpp_ACLiC_dict_rdict.pcm
./lib/CenMaker_cpp.d
./lib/NpartNormalizer_cpp.d
./lib/MixedBuffer_cpp.so
./lib/MixedBuffer_cpp.d
./lib/my_particle_cpp.so
./lib/my_event_cpp.d
./lib/CenMaker.h
./lib/NpartNormalizer_cpp_ACLiC_dict_rdict.pcm
./lib/my_particle.cpp
./lib/MixedBuffer.h
./lib/MixedBuffer_cpp_ACLiC_dict_rdict.pcm
./lib/my_particle.h
./lib/NpartNormalizer.h
++++++++++++++++INPUTFILE Var++++++++++++++++++
FILELIST=/tmp/maxwoo/21EF1A6A9139C9FD2A38E59AFB466F9A_1574/INPUTFILES/21EF1A6A9139C9FD2A38E59AFB466F9A_1574.local.list
INPUTFILECOUNT=37
INPUTFILE0=/tmp/maxwoo/21EF1A6A9139C9FD2A38E59AFB466F9A_1574/INPUTFILES/data_552581641.root
INPUTFILE1=/tmp/maxwoo/21EF1A6A9139C9FD2A38E59AFB466F9A_1574/INPUTFILES/data_552591671.root
INPUTFILE2=/tmp/maxwoo/21EF1A6A9139C9FD2A38E59AFB466F9A_1574/INPUTFILES/data_552601561.root
INPUTFILE3=/tmp/maxwoo/21EF1A6A9139C9FD2A38E59AFB466F9A_1574/INPUTFILES/data_552607001.root
INPUTFILE4=/tmp/maxwoo/21EF1A6A9139C9FD2A38E59AFB466F9A_1574/INPUTFILES/data_552607671.root
INPUTFILE5=/tmp/maxwoo/21EF1A6A9139C9FD2A38E59AFB466F9A_1574/INPUTFILES/data_552613571.root
INPUTFILE6=/tmp/maxwoo/21EF1A6A9139C9FD2A38E59AFB466F9A_1574/INPUTFILES/data_552615401.root
INPUTFILE7=/tmp/maxwoo/21EF1A6A9139C9FD2A38E59AFB466F9A_1574/INPUTFILES/data_552633491.root
INPUTFILE8=/tmp/maxwoo/21EF1A6A9139C9FD2A38E59AFB466F9A_1574/INPUTFILES/data_552639081.root
INPUTFILE9=/tmp/maxwoo/21EF1A6A9139C9FD2A38E59AFB466F9A_1574/INPUTFILES/data_552643981.root
INPUTFILE10=/tmp/maxwoo/21EF1A6A9139C9FD2A38E59AFB466F9A_1574/INPUTFILES/data_552653771.root
INPUTFILE11=/tmp/maxwoo/21EF1A6A9139C9FD2A38E59AFB466F9A_1574/INPUTFILES/data_552654371.root
INPUTFILE12=/tmp/maxwoo/21EF1A6A9139C9FD2A38E59AFB466F9A_1574/INPUTFILES/data_552686941.root
INPUTFILE13=/tmp/maxwoo/21EF1A6A9139C9FD2A38E59AFB466F9A_1574/INPUTFILES/data_552686981.root
INPUTFILE14=/tmp/maxwoo/21EF1A6A9139C9FD2A38E59AFB466F9A_1574/INPUTFILES/data_552693701.root
INPUTFILE15=/tmp/maxwoo/21EF1A6A9139C9FD2A38E59AFB466F9A_1574/INPUTFILES/data_552715281.root
INPUTFILE16=/tmp/maxwoo/21EF1A6A9139C9FD2A38E59AFB466F9A_1574/INPUTFILES/data_552738671.root
INPUTFILE17=/tmp/maxwoo/21EF1A6A9139C9FD2A38E59AFB466F9A_1574/INPUTFILES/data_552746881.root
INPUTFILE18=/tmp/maxwoo/21EF1A6A9139C9FD2A38E59AFB466F9A_1574/INPUTFILES/data_552763441.root
INPUTFILE19=/tmp/maxwoo/21EF1A6A9139C9FD2A38E59AFB466F9A_1574/INPUTFILES/data_552793101.root
INPUTFILE20=/tmp/maxwoo/21EF1A6A9139C9FD2A38E59AFB466F9A_1574/INPUTFILES/data_552793121.root
INPUTFILE21=/tmp/maxwoo/21EF1A6A9139C9FD2A38E59AFB466F9A_1574/INPUTFILES/data_552803391.root
INPUTFILE22=/tmp/maxwoo/21EF1A6A9139C9FD2A38E59AFB466F9A_1574/INPUTFILES/data_552809971.root
INPUTFILE23=/tmp/maxwoo/21EF1A6A9139C9FD2A38E59AFB466F9A_1574/INPUTFILES/data_552815211.root
INPUTFILE24=/tmp/maxwoo/21EF1A6A9139C9FD2A38E59AFB466F9A_1574/INPUTFILES/data_552815221.root
INPUTFILE25=/tmp/maxwoo/21EF1A6A9139C9FD2A38E59AFB466F9A_1574/INPUTFILES/data_552838891.root
INPUTFILE26=/tmp/maxwoo/21EF1A6A9139C9FD2A38E59AFB466F9A_1574/INPUTFILES/data_552846121.root
INPUTFILE27=/tmp/maxwoo/21EF1A6A9139C9FD2A38E59AFB466F9A_1574/INPUTFILES/data_552846521.root
INPUTFILE28=/tmp/maxwoo/21EF1A6A9139C9FD2A38E59AFB466F9A_1574/INPUTFILES/data_552858411.root
INPUTFILE29=/tmp/maxwoo/21EF1A6A9139C9FD2A38E59AFB466F9A_1574/INPUTFILES/data_552868431.root
INPUTFILE30=/tmp/maxwoo/21EF1A6A9139C9FD2A38E59AFB466F9A_1574/INPUTFILES/data_552869831.root
INPUTFILE31=/tmp/maxwoo/21EF1A6A9139C9FD2A38E59AFB466F9A_1574/INPUTFILES/data_552879361.root
INPUTFILE32=/tmp/maxwoo/21EF1A6A9139C9FD2A38E59AFB466F9A_1574/INPUTFILES/data_552886311.root
INPUTFILE33=/tmp/maxwoo/21EF1A6A9139C9FD2A38E59AFB466F9A_1574/INPUTFILES/data_552886991.root
INPUTFILE34=/tmp/maxwoo/21EF1A6A9139C9FD2A38E59AFB466F9A_1574/INPUTFILES/data_552889501.root
INPUTFILE35=/tmp/maxwoo/21EF1A6A9139C9FD2A38E59AFB466F9A_1574/INPUTFILES/data_552901111.root
INPUTFILE36=/tmp/maxwoo/21EF1A6A9139C9FD2A38E59AFB466F9A_1574/INPUTFILES/data_552902951.root
LocalInputFileDir=/tmp/maxwoo/21EF1A6A9139C9FD2A38E59AFB466F9A_1574/INPUTFILES
NewFILELIST=/tmp/maxwoo/21EF1A6A9139C9FD2A38E59AFB466F9A_1574/INPUTFILES/21EF1A6A9139C9FD2A38E59AFB466F9A_1574.local.list
+++++++++++++++++++++++++++++++++++++++++++++++
--------------------------------
Simple Unified Meta Scheduler 1.10.50 we are starting in $SCRATCH : /home/tmp/maxwoo/21EF1A6A9139C9FD2A38E59AFB466F9A_1574
--------------------------------
total 16
lrwxrwxrwx 1 maxwoo rhstar   61 Jun  2 11:14 check_S.C -> /gpfs/mnt/gpfs01/star/pwg/xiatong/git/strangeness/./check_S.C
lrwxrwxrwx 1 maxwoo rhstar   65 Jun  2 11:14 Check_Sness.C -> /gpfs/mnt/gpfs01/star/pwg/xiatong/git/strangeness/./Check_Sness.C
drwxr-xr-x 2 maxwoo rhstar 4096 Jun  2 11:17 INPUTFILES
drwxr-xr-x 2 maxwoo rhstar 4096 Jun  2 11:14 lib
  *******************************************
  *                                         *
  *        W E L C O M E  to  R O O T       *
  *                                         *
  *   Version   5.34/38     12 March 2018   *
  *                                         *
  *  You are welcome to visit our Web site  *
  *          http://root.cern.ch            *
  *                                         *
  *******************************************

ROOT 5.34/38 (v5-34-38@v5-34-38, Mar 12 2018, 15:49:39 on linux)

CINT/ROOT C/C++ Interpreter version 5.18.00, July 2, 2010
Type ? for help. Commands must be C++ statements.
Enclose multiple statements between { }.
*** Float Point Exception is OFF ***
 *** Start at Date : Thu Jun  2 11:18:08 2022
QAInfo:You are using STAR_LEVEL : dev, ROOT_LEVEL : 5.34.38 and node : spool0721.sdcc.bnl.gov 

Processing check_S.C++("/tmp/maxwoo/21EF1A6A9139C9FD2A38E59AFB466F9A_1574/INPUTFILES/21EF1A6A9139C9FD2A38E59AFB466F9A_1574.local.list","21EF1A6A9139C9FD2A38E59AFB466F9A_1574",1)...
/tmp/maxwoo/21EF1A6A9139C9FD2A38E59AFB466F9A_1574/INPUTFILES/data_552581641.root 
/tmp/maxwoo/21EF1A6A9139C9FD2A38E59AFB466F9A_1574/INPUTFILES/data_552591671.root 
/tmp/maxwoo/21EF1A6A9139C9FD2A38E59AFB466F9A_1574/INPUTFILES/data_552601561.root 
/tmp/maxwoo/21EF1A6A9139C9FD2A38E59AFB466F9A_1574/INPUTFILES/data_552607001.root 
/tmp/maxwoo/21EF1A6A9139C9FD2A38E59AFB466F9A_1574/INPUTFILES/data_552607671.root 
/tmp/maxwoo/21EF1A6A9139C9FD2A38E59AFB466F9A_1574/INPUTFILES/data_552613571.root 
/tmp/maxwoo/21EF1A6A9139C9FD2A38E59AFB466F9A_1574/INPUTFILES/data_552615401.root 
/tmp/maxwoo/21EF1A6A9139C9FD2A38E59AFB466F9A_1574/INPUTFILES/data_552633491.root 
/tmp/maxwoo/21EF1A6A9139C9FD2A38E59AFB466F9A_1574/INPUTFILES/data_552639081.root 
/tmp/maxwoo/21EF1A6A9139C9FD2A38E59AFB466F9A_1574/INPUTFILES/data_552643981.root 
/tmp/maxwoo/21EF1A6A9139C9FD2A38E59AFB466F9A_1574/INPUTFILES/data_552653771.root 
/tmp/maxwoo/21EF1A6A9139C9FD2A38E59AFB466F9A_1574/INPUTFILES/data_552654371.root 
/tmp/maxwoo/21EF1A6A9139C9FD2A38E59AFB466F9A_1574/INPUTFILES/data_552686941.root 
/tmp/maxwoo/21EF1A6A9139C9FD2A38E59AFB466F9A_1574/INPUTFILES/data_552686981.root 
/tmp/maxwoo/21EF1A6A9139C9FD2A38E59AFB466F9A_1574/INPUTFILES/data_552693701.root 
/tmp/maxwoo/21EF1A6A9139C9FD2A38E59AFB466F9A_1574/INPUTFILES/data_552715281.root 
/tmp/maxwoo/21EF1A6A9139C9FD2A38E59AFB466F9A_1574/INPUTFILES/data_552738671.root 
/tmp/maxwoo/21EF1A6A9139C9FD2A38E59AFB466F9A_1574/INPUTFILES/data_552746881.root 
/tmp/maxwoo/21EF1A6A9139C9FD2A38E59AFB466F9A_1574/INPUTFILES/data_552763441.root 
/tmp/maxwoo/21EF1A6A9139C9FD2A38E59AFB466F9A_1574/INPUTFILES/data_552793101.root 
/tmp/maxwoo/21EF1A6A9139C9FD2A38E59AFB466F9A_1574/INPUTFILES/data_552793121.root 
/tmp/maxwoo/21EF1A6A9139C9FD2A38E59AFB466F9A_1574/INPUTFILES/data_552803391.root 
/tmp/maxwoo/21EF1A6A9139C9FD2A38E59AFB466F9A_1574/INPUTFILES/data_552809971.root 
/tmp/maxwoo/21EF1A6A9139C9FD2A38E59AFB466F9A_1574/INPUTFILES/data_552815211.root 
/tmp/maxwoo/21EF1A6A9139C9FD2A38E59AFB466F9A_1574/INPUTFILES/data_552815221.root 
/tmp/maxwoo/21EF1A6A9139C9FD2A38E59AFB466F9A_1574/INPUTFILES/data_552838891.root 
/tmp/maxwoo/21EF1A6A9139C9FD2A38E59AFB466F9A_1574/INPUTFILES/data_552846121.root 
/tmp/maxwoo/21EF1A6A9139C9FD2A38E59AFB466F9A_1574/INPUTFILES/data_552846521.root 
/tmp/maxwoo/21EF1A6A9139C9FD2A38E59AFB466F9A_1574/INPUTFILES/data_552858411.root 
/tmp/maxwoo/21EF1A6A9139C9FD2A38E59AFB466F9A_1574/INPUTFILES/data_552868431.root 
/tmp/maxwoo/21EF1A6A9139C9FD2A38E59AFB466F9A_1574/INPUTFILES/data_552869831.root 
/tmp/maxwoo/21EF1A6A9139C9FD2A38E59AFB466F9A_1574/INPUTFILES/data_552879361.root 
/tmp/maxwoo/21EF1A6A9139C9FD2A38E59AFB466F9A_1574/INPUTFILES/data_552886311.root 
/tmp/maxwoo/21EF1A6A9139C9FD2A38E59AFB466F9A_1574/INPUTFILES/data_552886991.root 
/tmp/maxwoo/21EF1A6A9139C9FD2A38E59AFB466F9A_1574/INPUTFILES/data_552889501.root 
/tmp/maxwoo/21EF1A6A9139C9FD2A38E59AFB466F9A_1574/INPUTFILES/data_552901111.root 
/tmp/maxwoo/21EF1A6A9139C9FD2A38E59AFB466F9A_1574/INPUTFILES/data_552902951.root 
Added 37 files
# entries in chain: 37000
Processing entry == 1000 == out of 37000.
Processing entry == 2000 == out of 37000.
Processing entry == 3000 == out of 37000.
Processing entry == 4000 == out of 37000.
Processing entry == 5000 == out of 37000.
Processing entry == 6000 == out of 37000.
Processing entry == 7000 == out of 37000.
Processing entry == 8000 == out of 37000.
Processing entry == 9000 == out of 37000.
Processing entry == 10000 == out of 37000.
Processing entry == 11000 == out of 37000.
Processing entry == 12000 == out of 37000.
Processing entry == 13000 == out of 37000.
Processing entry == 14000 == out of 37000.
Processing entry == 15000 == out of 37000.
Processing entry == 16000 == out of 37000.
Processing entry == 17000 == out of 37000.
Processing entry == 18000 == out of 37000.
Processing entry == 19000 == out of 37000.
Processing entry == 20000 == out of 37000.
Processing entry == 21000 == out of 37000.
Processing entry == 22000 == out of 37000.
Processing entry == 23000 == out of 37000.
Processing entry == 24000 == out of 37000.
Processing entry == 25000 == out of 37000.
Processing entry == 26000 == out of 37000.
Processing entry == 27000 == out of 37000.
Processing entry == 28000 == out of 37000.
Processing entry == 29000 == out of 37000.
Processing entry == 30000 == out of 37000.
Processing entry == 31000 == out of 37000.
Processing entry == 32000 == out of 37000.
Processing entry == 33000 == out of 37000.
Processing entry == 34000 == out of 37000.
Processing entry == 35000 == out of 37000.
Processing entry == 36000 == out of 37000.
Processing entry == 37000 == out of 37000.

This is the end of ROOT -- Goodbye

Cleaning up sandbox file:  /tmp/maxwoo/21EF1A6A9139C9FD2A38E59AFB466F9A_1574/check_S.C
Cleaning up sandbox file:  /tmp/maxwoo/21EF1A6A9139C9FD2A38E59AFB466F9A_1574/Check_Sness.C
Cleaning up sandbox file:  /tmp/maxwoo/21EF1A6A9139C9FD2A38E59AFB466F9A_1574/lib
Cleaning up sandbox file:  /tmp/maxwoo/21EF1A6A9139C9FD2A38E59AFB466F9A_1574/.sandboxFiles
Starting copy block
Running copy command:  /bin/cp -fp /tmp/maxwoo/21EF1A6A9139C9FD2A38E59AFB466F9A_1574/out_21EF1A6A9139C9FD2A38E59AFB466F9A_1574.root /star/data01/pwg/xiatong/git/strangeness/data/
141846 Execution of (/star/data01/pwg/xiatong/git/strangeness/script/sched21EF1A6A9139C9FD2A38E59AFB466F9A_1574.csh ) has ended, exiting normally
141846 We END on [Thu Jun  2 11:36:08 EDT 2022]
