We are starting on node: rcrs6043.rcf.bnl.gov
HOME is not defined
Using getent method
HOME is now /star/u/maxwoo
38341 We will spawn ourselves (/star/data01/pwg/xiatong/git/strangeness/script/sched21EF1A6A9139C9FD2A38E59AFB466F9A_1550.csh )
38341 We BEGIN on [Thu Jun  2 11:14:39 EDT 2022]
[1] 38545
38341 We are waiting for 38545 
38341 Grandchild PID is 38766 - found in 10 x 1 seconds
38341 Establishing first watcher   on    Thu Jun  2 11:14:50 EDT 2022
38341 Process tree is 38341 (main) -> 38545 (child) -> 38766 (grandchild)
F S   UID   PID  PPID  C PRI  NI ADDR SZ WCHAN  TTY        TIME CMD
0 D 100667 38766 38545  0 80   0 - 32311 cxiWai ?          0:00 cp /star/data01/pwg/xiatong/AMPT/14GeV/data_548603121.root /tmp/maxwoo/21EF1A6A9139C9FD2A38E59AFB466F9A_1550/INPUTFILES/data_548603121.root
38341 Grandchild PID is 40421 - found in 20 x 2 seconds
38341 Grandchild to watch has changed on Thu Jun  2 11:15:11 EDT 2022
38341 Process tree is 38341 (main) -> 38545 (child) -> 40421 (grandchild)
F S   UID   PID  PPID  C PRI  NI ADDR SZ WCHAN  TTY        TIME CMD
0 D 100667 40421 38545  0 80   0 - 32311 cxiWai ?          0:00 cp /star/data01/pwg/xiatong/AMPT/14GeV/data_548603501.root /tmp/maxwoo/21EF1A6A9139C9FD2A38E59AFB466F9A_1550/INPUTFILES/data_548603501.root
38341 Grandchild PID is 41785 - found in 30 x 2 seconds
38341 Grandchild to watch has changed on Thu Jun  2 11:15:32 EDT 2022
38341 Process tree is 38341 (main) -> 38545 (child) -> 41785 (grandchild)
F S   UID   PID  PPID  C PRI  NI ADDR SZ WCHAN  TTY        TIME CMD
0 D 100667 41785 38545  0 80   0 - 32311 cxiWai ?          0:00 cp /star/data01/pwg/xiatong/AMPT/14GeV/data_548612531.root /tmp/maxwoo/21EF1A6A9139C9FD2A38E59AFB466F9A_1550/INPUTFILES/data_548612531.root
38341 Grandchild PID is 43087 - found in 40 x 2 seconds
38341 Grandchild to watch has changed on Thu Jun  2 11:15:53 EDT 2022
38341 Process tree is 38341 (main) -> 38545 (child) -> 43087 (grandchild)
F S   UID   PID  PPID  C PRI  NI ADDR SZ WCHAN  TTY        TIME CMD
0 D 100667 43087 38545  0 80   0 - 32311 cxiWai ?          0:00 cp /star/data01/pwg/xiatong/AMPT/14GeV/data_548615651.root /tmp/maxwoo/21EF1A6A9139C9FD2A38E59AFB466F9A_1550/INPUTFILES/data_548615651.root
38341 Grandchild PID is 44494 - found in 50 x 2 seconds
38341 Grandchild to watch has changed on Thu Jun  2 11:16:13 EDT 2022
38341 Process tree is 38341 (main) -> 38545 (child) -> 44494 (grandchild)
F S   UID   PID  PPID  C PRI  NI ADDR SZ WCHAN  TTY        TIME CMD
0 D 100667 44494 38545  0 80   0 - 32311 cxiWai ?          0:00 cp /star/data01/pwg/xiatong/AMPT/14GeV/data_548622411.root /tmp/maxwoo/21EF1A6A9139C9FD2A38E59AFB466F9A_1550/INPUTFILES/data_548622411.root
38341 Grandchild PID is 45604 - found in 60 x 2 seconds
38341 Grandchild to watch has changed on Thu Jun  2 11:16:34 EDT 2022
38341 Process tree is 38341 (main) -> 38545 (child) -> 45604 (grandchild)
F S   UID   PID  PPID  C PRI  NI ADDR SZ WCHAN  TTY        TIME CMD
0 D 100667 45604 38545  0 80   0 - 32311 cxiWai ?          0:00 cp /star/data01/pwg/xiatong/AMPT/14GeV/data_548622471.root /tmp/maxwoo/21EF1A6A9139C9FD2A38E59AFB466F9A_1550/INPUTFILES/data_548622471.root
38341 Grandchild PID is 47297 - found in 70 x 2 seconds
38341 Grandchild to watch has changed on Thu Jun  2 11:16:55 EDT 2022
38341 Process tree is 38341 (main) -> 38545 (child) -> 47297 (grandchild)
F S   UID   PID  PPID  C PRI  NI ADDR SZ WCHAN  TTY        TIME CMD
0 D 100667 47297 38545  0 80   0 - 32311 cxiWai ?          0:00 cp /star/data01/pwg/xiatong/AMPT/14GeV/data_548632121.root /tmp/maxwoo/21EF1A6A9139C9FD2A38E59AFB466F9A_1550/INPUTFILES/data_548632121.root
38341 Grandchild PID is 48413 - found in 80 x 2 seconds
38341 Grandchild to watch has changed on Thu Jun  2 11:17:16 EDT 2022
38341 Process tree is 38341 (main) -> 38545 (child) -> 48413 (grandchild)
F S   UID   PID  PPID  C PRI  NI ADDR SZ WCHAN  TTY        TIME CMD
0 D 100667 48413 38545  0 80   0 - 32311 cxiWai ?          0:00 cp /star/data01/pwg/xiatong/AMPT/14GeV/data_548632141.root /tmp/maxwoo/21EF1A6A9139C9FD2A38E59AFB466F9A_1550/INPUTFILES/data_548632141.root
38341 Grandchild PID is 438 - found in 90 x 2 seconds
38341 Grandchild to watch has changed on Thu Jun  2 11:17:36 EDT 2022
38341 Process tree is 38341 (main) -> 38545 (child) -> 438 (grandchild)
F S   UID   PID  PPID  C PRI  NI ADDR SZ WCHAN  TTY        TIME CMD
0 S 100667  438 38545  0  80   0 -  1272 do_wai ?          0:00 root -b -q check_S.C++("/tmp/maxwoo/21EF1A6A9139C9FD2A38E59AFB466F9A_1550/INPUTFILES/21EF1A6A9139C9FD2A38E59AFB466F9A_1550.local.list","21EF1A6A9139C9FD2A38E59AFB466F9A_1550",1)
38545 Stepping into the main SUMS wrapper program with []
.... building sandbox
Running: cp /star/data01/pwg/xiatong/AMPT/14GeV/data_548603091.root /tmp/maxwoo/21EF1A6A9139C9FD2A38E59AFB466F9A_1550/INPUTFILES/data_548603091.root
Running: cp /star/data01/pwg/xiatong/AMPT/14GeV/data_548603111.root /tmp/maxwoo/21EF1A6A9139C9FD2A38E59AFB466F9A_1550/INPUTFILES/data_548603111.root
Running: cp /star/data01/pwg/xiatong/AMPT/14GeV/data_548603121.root /tmp/maxwoo/21EF1A6A9139C9FD2A38E59AFB466F9A_1550/INPUTFILES/data_548603121.root
Running: cp /star/data01/pwg/xiatong/AMPT/14GeV/data_548603161.root /tmp/maxwoo/21EF1A6A9139C9FD2A38E59AFB466F9A_1550/INPUTFILES/data_548603161.root
Running: cp /star/data01/pwg/xiatong/AMPT/14GeV/data_548603181.root /tmp/maxwoo/21EF1A6A9139C9FD2A38E59AFB466F9A_1550/INPUTFILES/data_548603181.root
Running: cp /star/data01/pwg/xiatong/AMPT/14GeV/data_548603501.root /tmp/maxwoo/21EF1A6A9139C9FD2A38E59AFB466F9A_1550/INPUTFILES/data_548603501.root
Running: cp /star/data01/pwg/xiatong/AMPT/14GeV/data_548603651.root /tmp/maxwoo/21EF1A6A9139C9FD2A38E59AFB466F9A_1550/INPUTFILES/data_548603651.root
Running: cp /star/data01/pwg/xiatong/AMPT/14GeV/data_548604461.root /tmp/maxwoo/21EF1A6A9139C9FD2A38E59AFB466F9A_1550/INPUTFILES/data_548604461.root
Running: cp /star/data01/pwg/xiatong/AMPT/14GeV/data_548604581.root /tmp/maxwoo/21EF1A6A9139C9FD2A38E59AFB466F9A_1550/INPUTFILES/data_548604581.root
Running: cp /star/data01/pwg/xiatong/AMPT/14GeV/data_548611441.root /tmp/maxwoo/21EF1A6A9139C9FD2A38E59AFB466F9A_1550/INPUTFILES/data_548611441.root
Running: cp /star/data01/pwg/xiatong/AMPT/14GeV/data_548611481.root /tmp/maxwoo/21EF1A6A9139C9FD2A38E59AFB466F9A_1550/INPUTFILES/data_548611481.root
Running: cp /star/data01/pwg/xiatong/AMPT/14GeV/data_548611541.root /tmp/maxwoo/21EF1A6A9139C9FD2A38E59AFB466F9A_1550/INPUTFILES/data_548611541.root
Running: cp /star/data01/pwg/xiatong/AMPT/14GeV/data_548612391.root /tmp/maxwoo/21EF1A6A9139C9FD2A38E59AFB466F9A_1550/INPUTFILES/data_548612391.root
Running: cp /star/data01/pwg/xiatong/AMPT/14GeV/data_548612401.root /tmp/maxwoo/21EF1A6A9139C9FD2A38E59AFB466F9A_1550/INPUTFILES/data_548612401.root
Running: cp /star/data01/pwg/xiatong/AMPT/14GeV/data_548612531.root /tmp/maxwoo/21EF1A6A9139C9FD2A38E59AFB466F9A_1550/INPUTFILES/data_548612531.root
Running: cp /star/data01/pwg/xiatong/AMPT/14GeV/data_548612781.root /tmp/maxwoo/21EF1A6A9139C9FD2A38E59AFB466F9A_1550/INPUTFILES/data_548612781.root
Running: cp /star/data01/pwg/xiatong/AMPT/14GeV/data_548612941.root /tmp/maxwoo/21EF1A6A9139C9FD2A38E59AFB466F9A_1550/INPUTFILES/data_548612941.root
Running: cp /star/data01/pwg/xiatong/AMPT/14GeV/data_548613031.root /tmp/maxwoo/21EF1A6A9139C9FD2A38E59AFB466F9A_1550/INPUTFILES/data_548613031.root
Running: cp /star/data01/pwg/xiatong/AMPT/14GeV/data_548615651.root /tmp/maxwoo/21EF1A6A9139C9FD2A38E59AFB466F9A_1550/INPUTFILES/data_548615651.root
Running: cp /star/data01/pwg/xiatong/AMPT/14GeV/data_548622191.root /tmp/maxwoo/21EF1A6A9139C9FD2A38E59AFB466F9A_1550/INPUTFILES/data_548622191.root
Running: cp /star/data01/pwg/xiatong/AMPT/14GeV/data_548622211.root /tmp/maxwoo/21EF1A6A9139C9FD2A38E59AFB466F9A_1550/INPUTFILES/data_548622211.root
Running: cp /star/data01/pwg/xiatong/AMPT/14GeV/data_548622311.root /tmp/maxwoo/21EF1A6A9139C9FD2A38E59AFB466F9A_1550/INPUTFILES/data_548622311.root
Running: cp /star/data01/pwg/xiatong/AMPT/14GeV/data_548622351.root /tmp/maxwoo/21EF1A6A9139C9FD2A38E59AFB466F9A_1550/INPUTFILES/data_548622351.root
Running: cp /star/data01/pwg/xiatong/AMPT/14GeV/data_548622361.root /tmp/maxwoo/21EF1A6A9139C9FD2A38E59AFB466F9A_1550/INPUTFILES/data_548622361.root
Running: cp /star/data01/pwg/xiatong/AMPT/14GeV/data_548622381.root /tmp/maxwoo/21EF1A6A9139C9FD2A38E59AFB466F9A_1550/INPUTFILES/data_548622381.root
Running: cp /star/data01/pwg/xiatong/AMPT/14GeV/data_548622411.root /tmp/maxwoo/21EF1A6A9139C9FD2A38E59AFB466F9A_1550/INPUTFILES/data_548622411.root
Running: cp /star/data01/pwg/xiatong/AMPT/14GeV/data_548622421.root /tmp/maxwoo/21EF1A6A9139C9FD2A38E59AFB466F9A_1550/INPUTFILES/data_548622421.root
Running: cp /star/data01/pwg/xiatong/AMPT/14GeV/data_548622431.root /tmp/maxwoo/21EF1A6A9139C9FD2A38E59AFB466F9A_1550/INPUTFILES/data_548622431.root
Running: cp /star/data01/pwg/xiatong/AMPT/14GeV/data_548622451.root /tmp/maxwoo/21EF1A6A9139C9FD2A38E59AFB466F9A_1550/INPUTFILES/data_548622451.root
Running: cp /star/data01/pwg/xiatong/AMPT/14GeV/data_548622471.root /tmp/maxwoo/21EF1A6A9139C9FD2A38E59AFB466F9A_1550/INPUTFILES/data_548622471.root
Running: cp /star/data01/pwg/xiatong/AMPT/14GeV/data_548622481.root /tmp/maxwoo/21EF1A6A9139C9FD2A38E59AFB466F9A_1550/INPUTFILES/data_548622481.root
Running: cp /star/data01/pwg/xiatong/AMPT/14GeV/data_548622821.root /tmp/maxwoo/21EF1A6A9139C9FD2A38E59AFB466F9A_1550/INPUTFILES/data_548622821.root
Running: cp /star/data01/pwg/xiatong/AMPT/14GeV/data_548631561.root /tmp/maxwoo/21EF1A6A9139C9FD2A38E59AFB466F9A_1550/INPUTFILES/data_548631561.root
Running: cp /star/data01/pwg/xiatong/AMPT/14GeV/data_548632121.root /tmp/maxwoo/21EF1A6A9139C9FD2A38E59AFB466F9A_1550/INPUTFILES/data_548632121.root
Running: cp /star/data01/pwg/xiatong/AMPT/14GeV/data_548632131.root /tmp/maxwoo/21EF1A6A9139C9FD2A38E59AFB466F9A_1550/INPUTFILES/data_548632131.root
Running: cp /star/data01/pwg/xiatong/AMPT/14GeV/data_548632141.root /tmp/maxwoo/21EF1A6A9139C9FD2A38E59AFB466F9A_1550/INPUTFILES/data_548632141.root
Running: cp /star/data01/pwg/xiatong/AMPT/14GeV/data_548632151.root /tmp/maxwoo/21EF1A6A9139C9FD2A38E59AFB466F9A_1550/INPUTFILES/data_548632151.root
Swapping $FILELIST with: /tmp/maxwoo/21EF1A6A9139C9FD2A38E59AFB466F9A_1550/INPUTFILES/21EF1A6A9139C9FD2A38E59AFB466F9A_1550.local.list
+++++++++++local copy debug++++++++++++++++++++
newFileList: /tmp/maxwoo/21EF1A6A9139C9FD2A38E59AFB466F9A_1550/INPUTFILES/21EF1A6A9139C9FD2A38E59AFB466F9A_1550.local.list
++++++++++++++++cat FILELIST+++++++++++++++++++
/tmp/maxwoo/21EF1A6A9139C9FD2A38E59AFB466F9A_1550/INPUTFILES/data_548603091.root 
/tmp/maxwoo/21EF1A6A9139C9FD2A38E59AFB466F9A_1550/INPUTFILES/data_548603111.root 
/tmp/maxwoo/21EF1A6A9139C9FD2A38E59AFB466F9A_1550/INPUTFILES/data_548603121.root 
/tmp/maxwoo/21EF1A6A9139C9FD2A38E59AFB466F9A_1550/INPUTFILES/data_548603161.root 
/tmp/maxwoo/21EF1A6A9139C9FD2A38E59AFB466F9A_1550/INPUTFILES/data_548603181.root 
/tmp/maxwoo/21EF1A6A9139C9FD2A38E59AFB466F9A_1550/INPUTFILES/data_548603501.root 
/tmp/maxwoo/21EF1A6A9139C9FD2A38E59AFB466F9A_1550/INPUTFILES/data_548603651.root 
/tmp/maxwoo/21EF1A6A9139C9FD2A38E59AFB466F9A_1550/INPUTFILES/data_548604461.root 
/tmp/maxwoo/21EF1A6A9139C9FD2A38E59AFB466F9A_1550/INPUTFILES/data_548604581.root 
/tmp/maxwoo/21EF1A6A9139C9FD2A38E59AFB466F9A_1550/INPUTFILES/data_548611441.root 
/tmp/maxwoo/21EF1A6A9139C9FD2A38E59AFB466F9A_1550/INPUTFILES/data_548611481.root 
/tmp/maxwoo/21EF1A6A9139C9FD2A38E59AFB466F9A_1550/INPUTFILES/data_548611541.root 
/tmp/maxwoo/21EF1A6A9139C9FD2A38E59AFB466F9A_1550/INPUTFILES/data_548612391.root 
/tmp/maxwoo/21EF1A6A9139C9FD2A38E59AFB466F9A_1550/INPUTFILES/data_548612401.root 
/tmp/maxwoo/21EF1A6A9139C9FD2A38E59AFB466F9A_1550/INPUTFILES/data_548612531.root 
/tmp/maxwoo/21EF1A6A9139C9FD2A38E59AFB466F9A_1550/INPUTFILES/data_548612781.root 
/tmp/maxwoo/21EF1A6A9139C9FD2A38E59AFB466F9A_1550/INPUTFILES/data_548612941.root 
/tmp/maxwoo/21EF1A6A9139C9FD2A38E59AFB466F9A_1550/INPUTFILES/data_548613031.root 
/tmp/maxwoo/21EF1A6A9139C9FD2A38E59AFB466F9A_1550/INPUTFILES/data_548615651.root 
/tmp/maxwoo/21EF1A6A9139C9FD2A38E59AFB466F9A_1550/INPUTFILES/data_548622191.root 
/tmp/maxwoo/21EF1A6A9139C9FD2A38E59AFB466F9A_1550/INPUTFILES/data_548622211.root 
/tmp/maxwoo/21EF1A6A9139C9FD2A38E59AFB466F9A_1550/INPUTFILES/data_548622311.root 
/tmp/maxwoo/21EF1A6A9139C9FD2A38E59AFB466F9A_1550/INPUTFILES/data_548622351.root 
/tmp/maxwoo/21EF1A6A9139C9FD2A38E59AFB466F9A_1550/INPUTFILES/data_548622361.root 
/tmp/maxwoo/21EF1A6A9139C9FD2A38E59AFB466F9A_1550/INPUTFILES/data_548622381.root 
/tmp/maxwoo/21EF1A6A9139C9FD2A38E59AFB466F9A_1550/INPUTFILES/data_548622411.root 
/tmp/maxwoo/21EF1A6A9139C9FD2A38E59AFB466F9A_1550/INPUTFILES/data_548622421.root 
/tmp/maxwoo/21EF1A6A9139C9FD2A38E59AFB466F9A_1550/INPUTFILES/data_548622431.root 
/tmp/maxwoo/21EF1A6A9139C9FD2A38E59AFB466F9A_1550/INPUTFILES/data_548622451.root 
/tmp/maxwoo/21EF1A6A9139C9FD2A38E59AFB466F9A_1550/INPUTFILES/data_548622471.root 
/tmp/maxwoo/21EF1A6A9139C9FD2A38E59AFB466F9A_1550/INPUTFILES/data_548622481.root 
/tmp/maxwoo/21EF1A6A9139C9FD2A38E59AFB466F9A_1550/INPUTFILES/data_548622821.root 
/tmp/maxwoo/21EF1A6A9139C9FD2A38E59AFB466F9A_1550/INPUTFILES/data_548631561.root 
/tmp/maxwoo/21EF1A6A9139C9FD2A38E59AFB466F9A_1550/INPUTFILES/data_548632121.root 
/tmp/maxwoo/21EF1A6A9139C9FD2A38E59AFB466F9A_1550/INPUTFILES/data_548632131.root 
/tmp/maxwoo/21EF1A6A9139C9FD2A38E59AFB466F9A_1550/INPUTFILES/data_548632141.root 
/tmp/maxwoo/21EF1A6A9139C9FD2A38E59AFB466F9A_1550/INPUTFILES/data_548632151.root 
++++++++++++++++++++find.++++++++++++++++++++++
.
./.sandboxFiles
./INPUTFILES
./INPUTFILES/data_548615651.root
./INPUTFILES/data_548611541.root
./INPUTFILES/data_548603651.root
./INPUTFILES/data_548631561.root
./INPUTFILES/data_548632151.root
./INPUTFILES/data_548632121.root
./INPUTFILES/data_548622421.root
./INPUTFILES/data_548604461.root
./INPUTFILES/data_548622451.root
./INPUTFILES/data_548632141.root
./INPUTFILES/data_548622191.root
./INPUTFILES/21EF1A6A9139C9FD2A38E59AFB466F9A_1550.local.list
./INPUTFILES/data_548603181.root
./INPUTFILES/data_548611441.root
./INPUTFILES/data_548622471.root
./INPUTFILES/data_548622351.root
./INPUTFILES/data_548611481.root
./INPUTFILES/data_548622481.root
./INPUTFILES/data_548612941.root
./INPUTFILES/data_548604581.root
./INPUTFILES/data_548622821.root
./INPUTFILES/data_548612401.root
./INPUTFILES/data_548603161.root
./INPUTFILES/data_548632131.root
./INPUTFILES/data_548613031.root
./INPUTFILES/data_548603091.root
./INPUTFILES/data_548622211.root
./INPUTFILES/data_548622431.root
./INPUTFILES/data_548622361.root
./INPUTFILES/data_548603121.root
./INPUTFILES/data_548622411.root
./INPUTFILES/data_548612531.root
./INPUTFILES/data_548612781.root
./INPUTFILES/data_548603111.root
./INPUTFILES/data_548622381.root
./INPUTFILES/data_548622311.root
./INPUTFILES/data_548603501.root
./INPUTFILES/data_548612391.root
./.output.log
./.errror.log
./lib
./lib/my_particle.h
./lib/MixedBuffer_cpp.so
./lib/NpartNormalizer_cpp.so
./lib/CenMaker.cpp
./lib/NpartNormalizer_cpp_ACLiC_dict_rdict.pcm
./lib/CenMaker_cpp.so
./lib/NpartNormalizer.h
./lib/my_particle_cpp.so
./lib/NpartNormalizer_cpp.d
./lib/my_particle_cpp_ACLiC_dict_rdict.pcm
./lib/CenMaker_cpp.d
./lib/my_event_cpp.so
./lib/my_particle_cpp.d
./lib/MixedBuffer_cpp.d
./lib/my_event.h
./lib/my_event.cpp
./lib/MixedBuffer.cpp
./lib/my_particle.cpp
./lib/NpartNormalizer.cpp
./lib/CenMaker.h
./lib/my_event_cpp_ACLiC_dict_rdict.pcm
./lib/my_event_cpp.d
./lib/CenMaker_cpp_ACLiC_dict_rdict.pcm
./lib/MixedBuffer.h
./lib/MixedBuffer_cpp_ACLiC_dict_rdict.pcm
./Check_Sness.C
./check_S.C
++++++++++++++++INPUTFILE Var++++++++++++++++++
FILELIST=/tmp/maxwoo/21EF1A6A9139C9FD2A38E59AFB466F9A_1550/INPUTFILES/21EF1A6A9139C9FD2A38E59AFB466F9A_1550.local.list
INPUTFILECOUNT=37
INPUTFILE0=/tmp/maxwoo/21EF1A6A9139C9FD2A38E59AFB466F9A_1550/INPUTFILES/data_548603091.root
INPUTFILE1=/tmp/maxwoo/21EF1A6A9139C9FD2A38E59AFB466F9A_1550/INPUTFILES/data_548603111.root
INPUTFILE2=/tmp/maxwoo/21EF1A6A9139C9FD2A38E59AFB466F9A_1550/INPUTFILES/data_548603121.root
INPUTFILE3=/tmp/maxwoo/21EF1A6A9139C9FD2A38E59AFB466F9A_1550/INPUTFILES/data_548603161.root
INPUTFILE4=/tmp/maxwoo/21EF1A6A9139C9FD2A38E59AFB466F9A_1550/INPUTFILES/data_548603181.root
INPUTFILE5=/tmp/maxwoo/21EF1A6A9139C9FD2A38E59AFB466F9A_1550/INPUTFILES/data_548603501.root
INPUTFILE6=/tmp/maxwoo/21EF1A6A9139C9FD2A38E59AFB466F9A_1550/INPUTFILES/data_548603651.root
INPUTFILE7=/tmp/maxwoo/21EF1A6A9139C9FD2A38E59AFB466F9A_1550/INPUTFILES/data_548604461.root
INPUTFILE8=/tmp/maxwoo/21EF1A6A9139C9FD2A38E59AFB466F9A_1550/INPUTFILES/data_548604581.root
INPUTFILE9=/tmp/maxwoo/21EF1A6A9139C9FD2A38E59AFB466F9A_1550/INPUTFILES/data_548611441.root
INPUTFILE10=/tmp/maxwoo/21EF1A6A9139C9FD2A38E59AFB466F9A_1550/INPUTFILES/data_548611481.root
INPUTFILE11=/tmp/maxwoo/21EF1A6A9139C9FD2A38E59AFB466F9A_1550/INPUTFILES/data_548611541.root
INPUTFILE12=/tmp/maxwoo/21EF1A6A9139C9FD2A38E59AFB466F9A_1550/INPUTFILES/data_548612391.root
INPUTFILE13=/tmp/maxwoo/21EF1A6A9139C9FD2A38E59AFB466F9A_1550/INPUTFILES/data_548612401.root
INPUTFILE14=/tmp/maxwoo/21EF1A6A9139C9FD2A38E59AFB466F9A_1550/INPUTFILES/data_548612531.root
INPUTFILE15=/tmp/maxwoo/21EF1A6A9139C9FD2A38E59AFB466F9A_1550/INPUTFILES/data_548612781.root
INPUTFILE16=/tmp/maxwoo/21EF1A6A9139C9FD2A38E59AFB466F9A_1550/INPUTFILES/data_548612941.root
INPUTFILE17=/tmp/maxwoo/21EF1A6A9139C9FD2A38E59AFB466F9A_1550/INPUTFILES/data_548613031.root
INPUTFILE18=/tmp/maxwoo/21EF1A6A9139C9FD2A38E59AFB466F9A_1550/INPUTFILES/data_548615651.root
INPUTFILE19=/tmp/maxwoo/21EF1A6A9139C9FD2A38E59AFB466F9A_1550/INPUTFILES/data_548622191.root
INPUTFILE20=/tmp/maxwoo/21EF1A6A9139C9FD2A38E59AFB466F9A_1550/INPUTFILES/data_548622211.root
INPUTFILE21=/tmp/maxwoo/21EF1A6A9139C9FD2A38E59AFB466F9A_1550/INPUTFILES/data_548622311.root
INPUTFILE22=/tmp/maxwoo/21EF1A6A9139C9FD2A38E59AFB466F9A_1550/INPUTFILES/data_548622351.root
INPUTFILE23=/tmp/maxwoo/21EF1A6A9139C9FD2A38E59AFB466F9A_1550/INPUTFILES/data_548622361.root
INPUTFILE24=/tmp/maxwoo/21EF1A6A9139C9FD2A38E59AFB466F9A_1550/INPUTFILES/data_548622381.root
INPUTFILE25=/tmp/maxwoo/21EF1A6A9139C9FD2A38E59AFB466F9A_1550/INPUTFILES/data_548622411.root
INPUTFILE26=/tmp/maxwoo/21EF1A6A9139C9FD2A38E59AFB466F9A_1550/INPUTFILES/data_548622421.root
INPUTFILE27=/tmp/maxwoo/21EF1A6A9139C9FD2A38E59AFB466F9A_1550/INPUTFILES/data_548622431.root
INPUTFILE28=/tmp/maxwoo/21EF1A6A9139C9FD2A38E59AFB466F9A_1550/INPUTFILES/data_548622451.root
INPUTFILE29=/tmp/maxwoo/21EF1A6A9139C9FD2A38E59AFB466F9A_1550/INPUTFILES/data_548622471.root
INPUTFILE30=/tmp/maxwoo/21EF1A6A9139C9FD2A38E59AFB466F9A_1550/INPUTFILES/data_548622481.root
INPUTFILE31=/tmp/maxwoo/21EF1A6A9139C9FD2A38E59AFB466F9A_1550/INPUTFILES/data_548622821.root
INPUTFILE32=/tmp/maxwoo/21EF1A6A9139C9FD2A38E59AFB466F9A_1550/INPUTFILES/data_548631561.root
INPUTFILE33=/tmp/maxwoo/21EF1A6A9139C9FD2A38E59AFB466F9A_1550/INPUTFILES/data_548632121.root
INPUTFILE34=/tmp/maxwoo/21EF1A6A9139C9FD2A38E59AFB466F9A_1550/INPUTFILES/data_548632131.root
INPUTFILE35=/tmp/maxwoo/21EF1A6A9139C9FD2A38E59AFB466F9A_1550/INPUTFILES/data_548632141.root
INPUTFILE36=/tmp/maxwoo/21EF1A6A9139C9FD2A38E59AFB466F9A_1550/INPUTFILES/data_548632151.root
LocalInputFileDir=/tmp/maxwoo/21EF1A6A9139C9FD2A38E59AFB466F9A_1550/INPUTFILES
NewFILELIST=/tmp/maxwoo/21EF1A6A9139C9FD2A38E59AFB466F9A_1550/INPUTFILES/21EF1A6A9139C9FD2A38E59AFB466F9A_1550.local.list
+++++++++++++++++++++++++++++++++++++++++++++++
--------------------------------
Simple Unified Meta Scheduler 1.10.50 we are starting in $SCRATCH : /home/tmp/maxwoo/21EF1A6A9139C9FD2A38E59AFB466F9A_1550
--------------------------------
total 16
lrwxrwxrwx 1 maxwoo rhstar   61 Jun  2 11:14 check_S.C -> /gpfs/mnt/gpfs01/star/pwg/xiatong/git/strangeness/./check_S.C
lrwxrwxrwx 1 maxwoo rhstar   65 Jun  2 11:14 Check_Sness.C -> /gpfs/mnt/gpfs01/star/pwg/xiatong/git/strangeness/./Check_Sness.C
drwxr-xr-x 2 maxwoo rhstar 4096 Jun  2 11:17 INPUTFILES
drwxr-xr-x 2 maxwoo rhstar 4096 Jun  2 11:14 lib
  *******************************************
  *                                         *
  *        W E L C O M E  to  R O O T       *
  *                                         *
  *   Version   5.34/38     12 March 2018   *
  *                                         *
  *  You are welcome to visit our Web site  *
  *          http://root.cern.ch            *
  *                                         *
  *******************************************

ROOT 5.34/38 (v5-34-38@v5-34-38, Mar 12 2018, 15:49:39 on linux)

CINT/ROOT C/C++ Interpreter version 5.18.00, July 2, 2010
Type ? for help. Commands must be C++ statements.
Enclose multiple statements between { }.
*** Float Point Exception is OFF ***
 *** Start at Date : Thu Jun  2 11:17:21 2022
QAInfo:You are using STAR_LEVEL : dev, ROOT_LEVEL : 5.34.38 and node : rcrs6043.rcf.bnl.gov 

Processing check_S.C++("/tmp/maxwoo/21EF1A6A9139C9FD2A38E59AFB466F9A_1550/INPUTFILES/21EF1A6A9139C9FD2A38E59AFB466F9A_1550.local.list","21EF1A6A9139C9FD2A38E59AFB466F9A_1550",1)...
/tmp/maxwoo/21EF1A6A9139C9FD2A38E59AFB466F9A_1550/INPUTFILES/data_548603091.root 
/tmp/maxwoo/21EF1A6A9139C9FD2A38E59AFB466F9A_1550/INPUTFILES/data_548603111.root 
/tmp/maxwoo/21EF1A6A9139C9FD2A38E59AFB466F9A_1550/INPUTFILES/data_548603121.root 
/tmp/maxwoo/21EF1A6A9139C9FD2A38E59AFB466F9A_1550/INPUTFILES/data_548603161.root 
/tmp/maxwoo/21EF1A6A9139C9FD2A38E59AFB466F9A_1550/INPUTFILES/data_548603181.root 
/tmp/maxwoo/21EF1A6A9139C9FD2A38E59AFB466F9A_1550/INPUTFILES/data_548603501.root 
/tmp/maxwoo/21EF1A6A9139C9FD2A38E59AFB466F9A_1550/INPUTFILES/data_548603651.root 
/tmp/maxwoo/21EF1A6A9139C9FD2A38E59AFB466F9A_1550/INPUTFILES/data_548604461.root 
/tmp/maxwoo/21EF1A6A9139C9FD2A38E59AFB466F9A_1550/INPUTFILES/data_548604581.root 
/tmp/maxwoo/21EF1A6A9139C9FD2A38E59AFB466F9A_1550/INPUTFILES/data_548611441.root 
/tmp/maxwoo/21EF1A6A9139C9FD2A38E59AFB466F9A_1550/INPUTFILES/data_548611481.root 
/tmp/maxwoo/21EF1A6A9139C9FD2A38E59AFB466F9A_1550/INPUTFILES/data_548611541.root 
/tmp/maxwoo/21EF1A6A9139C9FD2A38E59AFB466F9A_1550/INPUTFILES/data_548612391.root 
/tmp/maxwoo/21EF1A6A9139C9FD2A38E59AFB466F9A_1550/INPUTFILES/data_548612401.root 
/tmp/maxwoo/21EF1A6A9139C9FD2A38E59AFB466F9A_1550/INPUTFILES/data_548612531.root 
/tmp/maxwoo/21EF1A6A9139C9FD2A38E59AFB466F9A_1550/INPUTFILES/data_548612781.root 
/tmp/maxwoo/21EF1A6A9139C9FD2A38E59AFB466F9A_1550/INPUTFILES/data_548612941.root 
/tmp/maxwoo/21EF1A6A9139C9FD2A38E59AFB466F9A_1550/INPUTFILES/data_548613031.root 
/tmp/maxwoo/21EF1A6A9139C9FD2A38E59AFB466F9A_1550/INPUTFILES/data_548615651.root 
/tmp/maxwoo/21EF1A6A9139C9FD2A38E59AFB466F9A_1550/INPUTFILES/data_548622191.root 
/tmp/maxwoo/21EF1A6A9139C9FD2A38E59AFB466F9A_1550/INPUTFILES/data_548622211.root 
/tmp/maxwoo/21EF1A6A9139C9FD2A38E59AFB466F9A_1550/INPUTFILES/data_548622311.root 
/tmp/maxwoo/21EF1A6A9139C9FD2A38E59AFB466F9A_1550/INPUTFILES/data_548622351.root 
/tmp/maxwoo/21EF1A6A9139C9FD2A38E59AFB466F9A_1550/INPUTFILES/data_548622361.root 
/tmp/maxwoo/21EF1A6A9139C9FD2A38E59AFB466F9A_1550/INPUTFILES/data_548622381.root 
/tmp/maxwoo/21EF1A6A9139C9FD2A38E59AFB466F9A_1550/INPUTFILES/data_548622411.root 
/tmp/maxwoo/21EF1A6A9139C9FD2A38E59AFB466F9A_1550/INPUTFILES/data_548622421.root 
/tmp/maxwoo/21EF1A6A9139C9FD2A38E59AFB466F9A_1550/INPUTFILES/data_548622431.root 
/tmp/maxwoo/21EF1A6A9139C9FD2A38E59AFB466F9A_1550/INPUTFILES/data_548622451.root 
/tmp/maxwoo/21EF1A6A9139C9FD2A38E59AFB466F9A_1550/INPUTFILES/data_548622471.root 
/tmp/maxwoo/21EF1A6A9139C9FD2A38E59AFB466F9A_1550/INPUTFILES/data_548622481.root 
/tmp/maxwoo/21EF1A6A9139C9FD2A38E59AFB466F9A_1550/INPUTFILES/data_548622821.root 
/tmp/maxwoo/21EF1A6A9139C9FD2A38E59AFB466F9A_1550/INPUTFILES/data_548631561.root 
/tmp/maxwoo/21EF1A6A9139C9FD2A38E59AFB466F9A_1550/INPUTFILES/data_548632121.root 
/tmp/maxwoo/21EF1A6A9139C9FD2A38E59AFB466F9A_1550/INPUTFILES/data_548632131.root 
/tmp/maxwoo/21EF1A6A9139C9FD2A38E59AFB466F9A_1550/INPUTFILES/data_548632141.root 
/tmp/maxwoo/21EF1A6A9139C9FD2A38E59AFB466F9A_1550/INPUTFILES/data_548632151.root 
Added 37 files
# entries in chain: 37000
Processing entry == 1000 == out of 37000.
Processing entry == 2000 == out of 37000.
Processing entry == 3000 == out of 37000.
Processing entry == 4000 == out of 37000.
Processing entry == 5000 == out of 37000.
Processing entry == 6000 == out of 37000.
Processing entry == 7000 == out of 37000.
Processing entry == 8000 == out of 37000.
Processing entry == 9000 == out of 37000.
Processing entry == 10000 == out of 37000.
Processing entry == 11000 == out of 37000.
Processing entry == 12000 == out of 37000.
Processing entry == 13000 == out of 37000.
Processing entry == 14000 == out of 37000.
Processing entry == 15000 == out of 37000.
Processing entry == 16000 == out of 37000.
Processing entry == 17000 == out of 37000.
Processing entry == 18000 == out of 37000.
Processing entry == 19000 == out of 37000.
Processing entry == 20000 == out of 37000.
Processing entry == 21000 == out of 37000.
Processing entry == 22000 == out of 37000.
Processing entry == 23000 == out of 37000.
Processing entry == 24000 == out of 37000.
Processing entry == 25000 == out of 37000.
Processing entry == 26000 == out of 37000.
Processing entry == 27000 == out of 37000.
Processing entry == 28000 == out of 37000.
Processing entry == 29000 == out of 37000.
Processing entry == 30000 == out of 37000.
Processing entry == 31000 == out of 37000.
Processing entry == 32000 == out of 37000.
Processing entry == 33000 == out of 37000.
Processing entry == 34000 == out of 37000.
Processing entry == 35000 == out of 37000.
Processing entry == 36000 == out of 37000.
Processing entry == 37000 == out of 37000.

This is the end of ROOT -- Goodbye

Cleaning up sandbox file:  /tmp/maxwoo/21EF1A6A9139C9FD2A38E59AFB466F9A_1550/check_S.C
Cleaning up sandbox file:  /tmp/maxwoo/21EF1A6A9139C9FD2A38E59AFB466F9A_1550/Check_Sness.C
Cleaning up sandbox file:  /tmp/maxwoo/21EF1A6A9139C9FD2A38E59AFB466F9A_1550/lib
Cleaning up sandbox file:  /tmp/maxwoo/21EF1A6A9139C9FD2A38E59AFB466F9A_1550/.sandboxFiles
Starting copy block
Running copy command:  /bin/cp -fp /tmp/maxwoo/21EF1A6A9139C9FD2A38E59AFB466F9A_1550/out_21EF1A6A9139C9FD2A38E59AFB466F9A_1550.root /star/data01/pwg/xiatong/git/strangeness/data/
38341 Execution of (/star/data01/pwg/xiatong/git/strangeness/script/sched21EF1A6A9139C9FD2A38E59AFB466F9A_1550.csh ) has ended, exiting normally
38341 We END on [Thu Jun  2 11:38:44 EDT 2022]
