We are starting on node: spool0516.sdcc.bnl.gov
HOME is not defined
Using getent method
HOME is now /star/u/maxwoo
29095 We will spawn ourselves (/star/data01/pwg/xiatong/git/strangeness/script/sched21EF1A6A9139C9FD2A38E59AFB466F9A_2739.csh )
29095 We BEGIN on [Thu Jun  2 10:54:12 EDT 2022]
[1] 29303
29095 We are waiting for 29303 
29095 Grandchild PID is 29617 - found in 10 x 1 seconds
29095 Establishing first watcher   on    Thu Jun  2 10:54:23 EDT 2022
29095 Process tree is 29095 (main) -> 29303 (child) -> 29617 (grandchild)
F S   UID   PID  PPID  C PRI  NI ADDR SZ WCHAN  TTY        TIME CMD
0 D 100667 29617 29303  0 80   0 - 32311 cxiWai ?          0:00 cp /star/data01/pwg/xiatong/AMPT/14GeV/data_1900136011.root /tmp/maxwoo/21EF1A6A9139C9FD2A38E59AFB466F9A_2739/INPUTFILES/data_1900136011.root
29095 Grandchild PID is 30267 - found in 20 x 2 seconds
29095 Grandchild to watch has changed on Thu Jun  2 10:54:46 EDT 2022
29095 Process tree is 29095 (main) -> 29303 (child) -> 30267 (grandchild)
F S   UID   PID  PPID  C PRI  NI ADDR SZ WCHAN  TTY        TIME CMD
0 D 100667 30267 29303  0 80   0 - 32311 cxiWai ?          0:00 cp /star/data01/pwg/xiatong/AMPT/14GeV/data_1900136161.root /tmp/maxwoo/21EF1A6A9139C9FD2A38E59AFB466F9A_2739/INPUTFILES/data_1900136161.root
29095 Grandchild PID is 32843 - found in 40 x 2 seconds
29095 Grandchild to watch has changed on Thu Jun  2 10:55:27 EDT 2022
29095 Process tree is 29095 (main) -> 29303 (child) -> 32843 (grandchild)
F S   UID   PID  PPID  C PRI  NI ADDR SZ WCHAN  TTY        TIME CMD
0 D 100667 32843 29303  0 80   0 - 32311 cxiWai ?          0:00 cp /star/data01/pwg/xiatong/AMPT/14GeV/data_1901098531.root /tmp/maxwoo/21EF1A6A9139C9FD2A38E59AFB466F9A_2739/INPUTFILES/data_1901098531.root
29095 Grandchild PID is 34427 - found in 50 x 2 seconds
29095 Grandchild to watch has changed on Thu Jun  2 10:55:48 EDT 2022
29095 Process tree is 29095 (main) -> 29303 (child) -> 34427 (grandchild)
F S   UID   PID  PPID  C PRI  NI ADDR SZ WCHAN  TTY        TIME CMD
0 D 100667 34427 29303  0 80   0 - 32311 cxiWai ?          0:00 cp /star/data01/pwg/xiatong/AMPT/14GeV/data_1901132641.root /tmp/maxwoo/21EF1A6A9139C9FD2A38E59AFB466F9A_2739/INPUTFILES/data_1901132641.root
29095 Grandchild PID is 35866 - found in 70 x 2 seconds
29095 Grandchild to watch has changed on Thu Jun  2 10:56:30 EDT 2022
29095 Process tree is 29095 (main) -> 29303 (child) -> 35866 (grandchild)
F S   UID   PID  PPID  C PRI  NI ADDR SZ WCHAN  TTY        TIME CMD
0 S 100667 35866 29303  0 80   0 -  1272 do_wai ?          0:00 root -b -q check_S.C++("/tmp/maxwoo/21EF1A6A9139C9FD2A38E59AFB466F9A_2739/INPUTFILES/21EF1A6A9139C9FD2A38E59AFB466F9A_2739.local.list","21EF1A6A9139C9FD2A38E59AFB466F9A_2739",1)
29303 Stepping into the main SUMS wrapper program with []
.... building sandbox
Running: cp /star/data01/pwg/xiatong/AMPT/14GeV/data_1900134991.root /tmp/maxwoo/21EF1A6A9139C9FD2A38E59AFB466F9A_2739/INPUTFILES/data_1900134991.root
Running: cp /star/data01/pwg/xiatong/AMPT/14GeV/data_1900135171.root /tmp/maxwoo/21EF1A6A9139C9FD2A38E59AFB466F9A_2739/INPUTFILES/data_1900135171.root
Running: cp /star/data01/pwg/xiatong/AMPT/14GeV/data_1900135441.root /tmp/maxwoo/21EF1A6A9139C9FD2A38E59AFB466F9A_2739/INPUTFILES/data_1900135441.root
Running: cp /star/data01/pwg/xiatong/AMPT/14GeV/data_1900135891.root /tmp/maxwoo/21EF1A6A9139C9FD2A38E59AFB466F9A_2739/INPUTFILES/data_1900135891.root
Running: cp /star/data01/pwg/xiatong/AMPT/14GeV/data_1900136001.root /tmp/maxwoo/21EF1A6A9139C9FD2A38E59AFB466F9A_2739/INPUTFILES/data_1900136001.root
Running: cp /star/data01/pwg/xiatong/AMPT/14GeV/data_1900136011.root /tmp/maxwoo/21EF1A6A9139C9FD2A38E59AFB466F9A_2739/INPUTFILES/data_1900136011.root
Running: cp /star/data01/pwg/xiatong/AMPT/14GeV/data_1900136161.root /tmp/maxwoo/21EF1A6A9139C9FD2A38E59AFB466F9A_2739/INPUTFILES/data_1900136161.root
Running: cp /star/data01/pwg/xiatong/AMPT/14GeV/data_1900136221.root /tmp/maxwoo/21EF1A6A9139C9FD2A38E59AFB466F9A_2739/INPUTFILES/data_1900136221.root
Running: cp /star/data01/pwg/xiatong/AMPT/14GeV/data_1900136231.root /tmp/maxwoo/21EF1A6A9139C9FD2A38E59AFB466F9A_2739/INPUTFILES/data_1900136231.root
Running: cp /star/data01/pwg/xiatong/AMPT/14GeV/data_1900145741.root /tmp/maxwoo/21EF1A6A9139C9FD2A38E59AFB466F9A_2739/INPUTFILES/data_1900145741.root
Running: cp /star/data01/pwg/xiatong/AMPT/14GeV/data_1900196821.root /tmp/maxwoo/21EF1A6A9139C9FD2A38E59AFB466F9A_2739/INPUTFILES/data_1900196821.root
Running: cp /star/data01/pwg/xiatong/AMPT/14GeV/data_1900198391.root /tmp/maxwoo/21EF1A6A9139C9FD2A38E59AFB466F9A_2739/INPUTFILES/data_1900198391.root
Running: cp /star/data01/pwg/xiatong/AMPT/14GeV/data_1900198451.root /tmp/maxwoo/21EF1A6A9139C9FD2A38E59AFB466F9A_2739/INPUTFILES/data_1900198451.root
Running: cp /star/data01/pwg/xiatong/AMPT/14GeV/data_1900198521.root /tmp/maxwoo/21EF1A6A9139C9FD2A38E59AFB466F9A_2739/INPUTFILES/data_1900198521.root
Running: cp /star/data01/pwg/xiatong/AMPT/14GeV/data_1900198541.root /tmp/maxwoo/21EF1A6A9139C9FD2A38E59AFB466F9A_2739/INPUTFILES/data_1900198541.root
Running: cp /star/data01/pwg/xiatong/AMPT/14GeV/data_1900198561.root /tmp/maxwoo/21EF1A6A9139C9FD2A38E59AFB466F9A_2739/INPUTFILES/data_1900198561.root
Running: cp /star/data01/pwg/xiatong/AMPT/14GeV/data_1900198571.root /tmp/maxwoo/21EF1A6A9139C9FD2A38E59AFB466F9A_2739/INPUTFILES/data_1900198571.root
Running: cp /star/data01/pwg/xiatong/AMPT/14GeV/data_1900198721.root /tmp/maxwoo/21EF1A6A9139C9FD2A38E59AFB466F9A_2739/INPUTFILES/data_1900198721.root
Running: cp /star/data01/pwg/xiatong/AMPT/14GeV/data_1900198751.root /tmp/maxwoo/21EF1A6A9139C9FD2A38E59AFB466F9A_2739/INPUTFILES/data_1900198751.root
Running: cp /star/data01/pwg/xiatong/AMPT/14GeV/data_1900298441.root /tmp/maxwoo/21EF1A6A9139C9FD2A38E59AFB466F9A_2739/INPUTFILES/data_1900298441.root
Running: cp /star/data01/pwg/xiatong/AMPT/14GeV/data_1900498771.root /tmp/maxwoo/21EF1A6A9139C9FD2A38E59AFB466F9A_2739/INPUTFILES/data_1900498771.root
Running: cp /star/data01/pwg/xiatong/AMPT/14GeV/data_1900598731.root /tmp/maxwoo/21EF1A6A9139C9FD2A38E59AFB466F9A_2739/INPUTFILES/data_1900598731.root
Running: cp /star/data01/pwg/xiatong/AMPT/14GeV/data_1900598791.root /tmp/maxwoo/21EF1A6A9139C9FD2A38E59AFB466F9A_2739/INPUTFILES/data_1900598791.root
Running: cp /star/data01/pwg/xiatong/AMPT/14GeV/data_1900698421.root /tmp/maxwoo/21EF1A6A9139C9FD2A38E59AFB466F9A_2739/INPUTFILES/data_1900698421.root
Running: cp /star/data01/pwg/xiatong/AMPT/14GeV/data_1901098531.root /tmp/maxwoo/21EF1A6A9139C9FD2A38E59AFB466F9A_2739/INPUTFILES/data_1901098531.root
Running: cp /star/data01/pwg/xiatong/AMPT/14GeV/data_1901131561.root /tmp/maxwoo/21EF1A6A9139C9FD2A38E59AFB466F9A_2739/INPUTFILES/data_1901131561.root
Running: cp /star/data01/pwg/xiatong/AMPT/14GeV/data_1901131701.root /tmp/maxwoo/21EF1A6A9139C9FD2A38E59AFB466F9A_2739/INPUTFILES/data_1901131701.root
Running: cp /star/data01/pwg/xiatong/AMPT/14GeV/data_1901131721.root /tmp/maxwoo/21EF1A6A9139C9FD2A38E59AFB466F9A_2739/INPUTFILES/data_1901131721.root
Running: cp /star/data01/pwg/xiatong/AMPT/14GeV/data_1901131841.root /tmp/maxwoo/21EF1A6A9139C9FD2A38E59AFB466F9A_2739/INPUTFILES/data_1901131841.root
Running: cp /star/data01/pwg/xiatong/AMPT/14GeV/data_1901132151.root /tmp/maxwoo/21EF1A6A9139C9FD2A38E59AFB466F9A_2739/INPUTFILES/data_1901132151.root
Running: cp /star/data01/pwg/xiatong/AMPT/14GeV/data_1901132191.root /tmp/maxwoo/21EF1A6A9139C9FD2A38E59AFB466F9A_2739/INPUTFILES/data_1901132191.root
Running: cp /star/data01/pwg/xiatong/AMPT/14GeV/data_1901132261.root /tmp/maxwoo/21EF1A6A9139C9FD2A38E59AFB466F9A_2739/INPUTFILES/data_1901132261.root
Running: cp /star/data01/pwg/xiatong/AMPT/14GeV/data_1901132631.root /tmp/maxwoo/21EF1A6A9139C9FD2A38E59AFB466F9A_2739/INPUTFILES/data_1901132631.root
Running: cp /star/data01/pwg/xiatong/AMPT/14GeV/data_1901132641.root /tmp/maxwoo/21EF1A6A9139C9FD2A38E59AFB466F9A_2739/INPUTFILES/data_1901132641.root
Running: cp /star/data01/pwg/xiatong/AMPT/14GeV/data_1901132671.root /tmp/maxwoo/21EF1A6A9139C9FD2A38E59AFB466F9A_2739/INPUTFILES/data_1901132671.root
Running: cp /star/data01/pwg/xiatong/AMPT/14GeV/data_1901132711.root /tmp/maxwoo/21EF1A6A9139C9FD2A38E59AFB466F9A_2739/INPUTFILES/data_1901132711.root
Running: cp /star/data01/pwg/xiatong/AMPT/14GeV/data_1901132871.root /tmp/maxwoo/21EF1A6A9139C9FD2A38E59AFB466F9A_2739/INPUTFILES/data_1901132871.root
Swapping $FILELIST with: /tmp/maxwoo/21EF1A6A9139C9FD2A38E59AFB466F9A_2739/INPUTFILES/21EF1A6A9139C9FD2A38E59AFB466F9A_2739.local.list
+++++++++++local copy debug++++++++++++++++++++
newFileList: /tmp/maxwoo/21EF1A6A9139C9FD2A38E59AFB466F9A_2739/INPUTFILES/21EF1A6A9139C9FD2A38E59AFB466F9A_2739.local.list
++++++++++++++++cat FILELIST+++++++++++++++++++
/tmp/maxwoo/21EF1A6A9139C9FD2A38E59AFB466F9A_2739/INPUTFILES/data_1900134991.root 
/tmp/maxwoo/21EF1A6A9139C9FD2A38E59AFB466F9A_2739/INPUTFILES/data_1900135171.root 
/tmp/maxwoo/21EF1A6A9139C9FD2A38E59AFB466F9A_2739/INPUTFILES/data_1900135441.root 
/tmp/maxwoo/21EF1A6A9139C9FD2A38E59AFB466F9A_2739/INPUTFILES/data_1900135891.root 
/tmp/maxwoo/21EF1A6A9139C9FD2A38E59AFB466F9A_2739/INPUTFILES/data_1900136001.root 
/tmp/maxwoo/21EF1A6A9139C9FD2A38E59AFB466F9A_2739/INPUTFILES/data_1900136011.root 
/tmp/maxwoo/21EF1A6A9139C9FD2A38E59AFB466F9A_2739/INPUTFILES/data_1900136161.root 
/tmp/maxwoo/21EF1A6A9139C9FD2A38E59AFB466F9A_2739/INPUTFILES/data_1900136221.root 
/tmp/maxwoo/21EF1A6A9139C9FD2A38E59AFB466F9A_2739/INPUTFILES/data_1900136231.root 
/tmp/maxwoo/21EF1A6A9139C9FD2A38E59AFB466F9A_2739/INPUTFILES/data_1900145741.root 
/tmp/maxwoo/21EF1A6A9139C9FD2A38E59AFB466F9A_2739/INPUTFILES/data_1900196821.root 
/tmp/maxwoo/21EF1A6A9139C9FD2A38E59AFB466F9A_2739/INPUTFILES/data_1900198391.root 
/tmp/maxwoo/21EF1A6A9139C9FD2A38E59AFB466F9A_2739/INPUTFILES/data_1900198451.root 
/tmp/maxwoo/21EF1A6A9139C9FD2A38E59AFB466F9A_2739/INPUTFILES/data_1900198521.root 
/tmp/maxwoo/21EF1A6A9139C9FD2A38E59AFB466F9A_2739/INPUTFILES/data_1900198541.root 
/tmp/maxwoo/21EF1A6A9139C9FD2A38E59AFB466F9A_2739/INPUTFILES/data_1900198561.root 
/tmp/maxwoo/21EF1A6A9139C9FD2A38E59AFB466F9A_2739/INPUTFILES/data_1900198571.root 
/tmp/maxwoo/21EF1A6A9139C9FD2A38E59AFB466F9A_2739/INPUTFILES/data_1900198721.root 
/tmp/maxwoo/21EF1A6A9139C9FD2A38E59AFB466F9A_2739/INPUTFILES/data_1900198751.root 
/tmp/maxwoo/21EF1A6A9139C9FD2A38E59AFB466F9A_2739/INPUTFILES/data_1900298441.root 
/tmp/maxwoo/21EF1A6A9139C9FD2A38E59AFB466F9A_2739/INPUTFILES/data_1900498771.root 
/tmp/maxwoo/21EF1A6A9139C9FD2A38E59AFB466F9A_2739/INPUTFILES/data_1900598731.root 
/tmp/maxwoo/21EF1A6A9139C9FD2A38E59AFB466F9A_2739/INPUTFILES/data_1900598791.root 
/tmp/maxwoo/21EF1A6A9139C9FD2A38E59AFB466F9A_2739/INPUTFILES/data_1900698421.root 
/tmp/maxwoo/21EF1A6A9139C9FD2A38E59AFB466F9A_2739/INPUTFILES/data_1901098531.root 
/tmp/maxwoo/21EF1A6A9139C9FD2A38E59AFB466F9A_2739/INPUTFILES/data_1901131561.root 
/tmp/maxwoo/21EF1A6A9139C9FD2A38E59AFB466F9A_2739/INPUTFILES/data_1901131701.root 
/tmp/maxwoo/21EF1A6A9139C9FD2A38E59AFB466F9A_2739/INPUTFILES/data_1901131721.root 
/tmp/maxwoo/21EF1A6A9139C9FD2A38E59AFB466F9A_2739/INPUTFILES/data_1901131841.root 
/tmp/maxwoo/21EF1A6A9139C9FD2A38E59AFB466F9A_2739/INPUTFILES/data_1901132151.root 
/tmp/maxwoo/21EF1A6A9139C9FD2A38E59AFB466F9A_2739/INPUTFILES/data_1901132191.root 
/tmp/maxwoo/21EF1A6A9139C9FD2A38E59AFB466F9A_2739/INPUTFILES/data_1901132261.root 
/tmp/maxwoo/21EF1A6A9139C9FD2A38E59AFB466F9A_2739/INPUTFILES/data_1901132631.root 
/tmp/maxwoo/21EF1A6A9139C9FD2A38E59AFB466F9A_2739/INPUTFILES/data_1901132641.root 
/tmp/maxwoo/21EF1A6A9139C9FD2A38E59AFB466F9A_2739/INPUTFILES/data_1901132671.root 
/tmp/maxwoo/21EF1A6A9139C9FD2A38E59AFB466F9A_2739/INPUTFILES/data_1901132711.root 
/tmp/maxwoo/21EF1A6A9139C9FD2A38E59AFB466F9A_2739/INPUTFILES/data_1901132871.root 
++++++++++++++++++++find.++++++++++++++++++++++
.
./.output.log
./check_S.C
./.sandboxFiles
./lib
./lib/NpartNormalizer.cpp
./lib/my_particle_cpp.d
./lib/NpartNormalizer_cpp.so
./lib/my_particle_cpp_ACLiC_dict_rdict.pcm
./lib/my_particle.h
./lib/CenMaker_cpp.d
./lib/NpartNormalizer.h
./lib/MixedBuffer.h
./lib/my_event.cpp
./lib/CenMaker_cpp_ACLiC_dict_rdict.pcm
./lib/MixedBuffer_cpp_ACLiC_dict_rdict.pcm
./lib/my_particle.cpp
./lib/my_event_cpp_ACLiC_dict_rdict.pcm
./lib/my_event_cpp.so
./lib/CenMaker.h
./lib/MixedBuffer_cpp.so
./lib/my_event.h
./lib/my_particle_cpp.so
./lib/CenMaker_cpp.so
./lib/CenMaker.cpp
./lib/NpartNormalizer_cpp_ACLiC_dict_rdict.pcm
./lib/NpartNormalizer_cpp.d
./lib/MixedBuffer.cpp
./lib/MixedBuffer_cpp.d
./lib/my_event_cpp.d
./INPUTFILES
./INPUTFILES/data_1900198571.root
./INPUTFILES/data_1901132711.root
./INPUTFILES/data_1901132191.root
./INPUTFILES/data_1901132631.root
./INPUTFILES/data_1901131841.root
./INPUTFILES/data_1900198521.root
./INPUTFILES/data_1900136001.root
./INPUTFILES/data_1900198541.root
./INPUTFILES/data_1901131561.root
./INPUTFILES/data_1900198391.root
./INPUTFILES/data_1901132261.root
./INPUTFILES/data_1901131721.root
./INPUTFILES/data_1900598791.root
./INPUTFILES/data_1900145741.root
./INPUTFILES/data_1900136011.root
./INPUTFILES/data_1900498771.root
./INPUTFILES/data_1900698421.root
./INPUTFILES/data_1901132641.root
./INPUTFILES/data_1900198451.root
./INPUTFILES/data_1901132871.root
./INPUTFILES/data_1900598731.root
./INPUTFILES/data_1901131701.root
./INPUTFILES/data_1900136221.root
./INPUTFILES/data_1901132151.root
./INPUTFILES/21EF1A6A9139C9FD2A38E59AFB466F9A_2739.local.list
./INPUTFILES/data_1901098531.root
./INPUTFILES/data_1900198721.root
./INPUTFILES/data_1900198751.root
./INPUTFILES/data_1900198561.root
./INPUTFILES/data_1900135171.root
./INPUTFILES/data_1900196821.root
./INPUTFILES/data_1901132671.root
./INPUTFILES/data_1900136161.root
./INPUTFILES/data_1900134991.root
./INPUTFILES/data_1900136231.root
./INPUTFILES/data_1900135891.root
./INPUTFILES/data_1900135441.root
./INPUTFILES/data_1900298441.root
./Check_Sness.C
./.errror.log
++++++++++++++++INPUTFILE Var++++++++++++++++++
FILELIST=/tmp/maxwoo/21EF1A6A9139C9FD2A38E59AFB466F9A_2739/INPUTFILES/21EF1A6A9139C9FD2A38E59AFB466F9A_2739.local.list
INPUTFILECOUNT=37
INPUTFILE0=/tmp/maxwoo/21EF1A6A9139C9FD2A38E59AFB466F9A_2739/INPUTFILES/data_1900134991.root
INPUTFILE1=/tmp/maxwoo/21EF1A6A9139C9FD2A38E59AFB466F9A_2739/INPUTFILES/data_1900135171.root
INPUTFILE2=/tmp/maxwoo/21EF1A6A9139C9FD2A38E59AFB466F9A_2739/INPUTFILES/data_1900135441.root
INPUTFILE3=/tmp/maxwoo/21EF1A6A9139C9FD2A38E59AFB466F9A_2739/INPUTFILES/data_1900135891.root
INPUTFILE4=/tmp/maxwoo/21EF1A6A9139C9FD2A38E59AFB466F9A_2739/INPUTFILES/data_1900136001.root
INPUTFILE5=/tmp/maxwoo/21EF1A6A9139C9FD2A38E59AFB466F9A_2739/INPUTFILES/data_1900136011.root
INPUTFILE6=/tmp/maxwoo/21EF1A6A9139C9FD2A38E59AFB466F9A_2739/INPUTFILES/data_1900136161.root
INPUTFILE7=/tmp/maxwoo/21EF1A6A9139C9FD2A38E59AFB466F9A_2739/INPUTFILES/data_1900136221.root
INPUTFILE8=/tmp/maxwoo/21EF1A6A9139C9FD2A38E59AFB466F9A_2739/INPUTFILES/data_1900136231.root
INPUTFILE9=/tmp/maxwoo/21EF1A6A9139C9FD2A38E59AFB466F9A_2739/INPUTFILES/data_1900145741.root
INPUTFILE10=/tmp/maxwoo/21EF1A6A9139C9FD2A38E59AFB466F9A_2739/INPUTFILES/data_1900196821.root
INPUTFILE11=/tmp/maxwoo/21EF1A6A9139C9FD2A38E59AFB466F9A_2739/INPUTFILES/data_1900198391.root
INPUTFILE12=/tmp/maxwoo/21EF1A6A9139C9FD2A38E59AFB466F9A_2739/INPUTFILES/data_1900198451.root
INPUTFILE13=/tmp/maxwoo/21EF1A6A9139C9FD2A38E59AFB466F9A_2739/INPUTFILES/data_1900198521.root
INPUTFILE14=/tmp/maxwoo/21EF1A6A9139C9FD2A38E59AFB466F9A_2739/INPUTFILES/data_1900198541.root
INPUTFILE15=/tmp/maxwoo/21EF1A6A9139C9FD2A38E59AFB466F9A_2739/INPUTFILES/data_1900198561.root
INPUTFILE16=/tmp/maxwoo/21EF1A6A9139C9FD2A38E59AFB466F9A_2739/INPUTFILES/data_1900198571.root
INPUTFILE17=/tmp/maxwoo/21EF1A6A9139C9FD2A38E59AFB466F9A_2739/INPUTFILES/data_1900198721.root
INPUTFILE18=/tmp/maxwoo/21EF1A6A9139C9FD2A38E59AFB466F9A_2739/INPUTFILES/data_1900198751.root
INPUTFILE19=/tmp/maxwoo/21EF1A6A9139C9FD2A38E59AFB466F9A_2739/INPUTFILES/data_1900298441.root
INPUTFILE20=/tmp/maxwoo/21EF1A6A9139C9FD2A38E59AFB466F9A_2739/INPUTFILES/data_1900498771.root
INPUTFILE21=/tmp/maxwoo/21EF1A6A9139C9FD2A38E59AFB466F9A_2739/INPUTFILES/data_1900598731.root
INPUTFILE22=/tmp/maxwoo/21EF1A6A9139C9FD2A38E59AFB466F9A_2739/INPUTFILES/data_1900598791.root
INPUTFILE23=/tmp/maxwoo/21EF1A6A9139C9FD2A38E59AFB466F9A_2739/INPUTFILES/data_1900698421.root
INPUTFILE24=/tmp/maxwoo/21EF1A6A9139C9FD2A38E59AFB466F9A_2739/INPUTFILES/data_1901098531.root
INPUTFILE25=/tmp/maxwoo/21EF1A6A9139C9FD2A38E59AFB466F9A_2739/INPUTFILES/data_1901131561.root
INPUTFILE26=/tmp/maxwoo/21EF1A6A9139C9FD2A38E59AFB466F9A_2739/INPUTFILES/data_1901131701.root
INPUTFILE27=/tmp/maxwoo/21EF1A6A9139C9FD2A38E59AFB466F9A_2739/INPUTFILES/data_1901131721.root
INPUTFILE28=/tmp/maxwoo/21EF1A6A9139C9FD2A38E59AFB466F9A_2739/INPUTFILES/data_1901131841.root
INPUTFILE29=/tmp/maxwoo/21EF1A6A9139C9FD2A38E59AFB466F9A_2739/INPUTFILES/data_1901132151.root
INPUTFILE30=/tmp/maxwoo/21EF1A6A9139C9FD2A38E59AFB466F9A_2739/INPUTFILES/data_1901132191.root
INPUTFILE31=/tmp/maxwoo/21EF1A6A9139C9FD2A38E59AFB466F9A_2739/INPUTFILES/data_1901132261.root
INPUTFILE32=/tmp/maxwoo/21EF1A6A9139C9FD2A38E59AFB466F9A_2739/INPUTFILES/data_1901132631.root
INPUTFILE33=/tmp/maxwoo/21EF1A6A9139C9FD2A38E59AFB466F9A_2739/INPUTFILES/data_1901132641.root
INPUTFILE34=/tmp/maxwoo/21EF1A6A9139C9FD2A38E59AFB466F9A_2739/INPUTFILES/data_1901132671.root
INPUTFILE35=/tmp/maxwoo/21EF1A6A9139C9FD2A38E59AFB466F9A_2739/INPUTFILES/data_1901132711.root
INPUTFILE36=/tmp/maxwoo/21EF1A6A9139C9FD2A38E59AFB466F9A_2739/INPUTFILES/data_1901132871.root
LocalInputFileDir=/tmp/maxwoo/21EF1A6A9139C9FD2A38E59AFB466F9A_2739/INPUTFILES
NewFILELIST=/tmp/maxwoo/21EF1A6A9139C9FD2A38E59AFB466F9A_2739/INPUTFILES/21EF1A6A9139C9FD2A38E59AFB466F9A_2739.local.list
+++++++++++++++++++++++++++++++++++++++++++++++
--------------------------------
Simple Unified Meta Scheduler 1.10.50 we are starting in $SCRATCH : /home/tmp/maxwoo/21EF1A6A9139C9FD2A38E59AFB466F9A_2739
--------------------------------
total 16
lrwxrwxrwx 1 maxwoo rhstar   61 Jun  2 10:54 check_S.C -> /gpfs/mnt/gpfs01/star/pwg/xiatong/git/strangeness/./check_S.C
lrwxrwxrwx 1 maxwoo rhstar   65 Jun  2 10:54 Check_Sness.C -> /gpfs/mnt/gpfs01/star/pwg/xiatong/git/strangeness/./Check_Sness.C
drwxr-xr-x 2 maxwoo rhstar 4096 Jun  2 10:56 INPUTFILES
drwxr-xr-x 2 maxwoo rhstar 4096 Jun  2 10:54 lib
  *******************************************
  *                                         *
  *        W E L C O M E  to  R O O T       *
  *                                         *
  *   Version   5.34/38     12 March 2018   *
  *                                         *
  *  You are welcome to visit our Web site  *
  *          http://root.cern.ch            *
  *                                         *
  *******************************************

ROOT 5.34/38 (v5-34-38@v5-34-38, Mar 12 2018, 15:49:39 on linux)

CINT/ROOT C/C++ Interpreter version 5.18.00, July 2, 2010
Type ? for help. Commands must be C++ statements.
Enclose multiple statements between { }.
*** Float Point Exception is OFF ***
 *** Start at Date : Thu Jun  2 10:56:10 2022
QAInfo:You are using STAR_LEVEL : dev, ROOT_LEVEL : 5.34.38 and node : spool0516.sdcc.bnl.gov 

Processing check_S.C++("/tmp/maxwoo/21EF1A6A9139C9FD2A38E59AFB466F9A_2739/INPUTFILES/21EF1A6A9139C9FD2A38E59AFB466F9A_2739.local.list","21EF1A6A9139C9FD2A38E59AFB466F9A_2739",1)...
/tmp/maxwoo/21EF1A6A9139C9FD2A38E59AFB466F9A_2739/INPUTFILES/data_1900134991.root 
/tmp/maxwoo/21EF1A6A9139C9FD2A38E59AFB466F9A_2739/INPUTFILES/data_1900135171.root 
/tmp/maxwoo/21EF1A6A9139C9FD2A38E59AFB466F9A_2739/INPUTFILES/data_1900135441.root 
/tmp/maxwoo/21EF1A6A9139C9FD2A38E59AFB466F9A_2739/INPUTFILES/data_1900135891.root 
/tmp/maxwoo/21EF1A6A9139C9FD2A38E59AFB466F9A_2739/INPUTFILES/data_1900136001.root 
/tmp/maxwoo/21EF1A6A9139C9FD2A38E59AFB466F9A_2739/INPUTFILES/data_1900136011.root 
/tmp/maxwoo/21EF1A6A9139C9FD2A38E59AFB466F9A_2739/INPUTFILES/data_1900136161.root 
/tmp/maxwoo/21EF1A6A9139C9FD2A38E59AFB466F9A_2739/INPUTFILES/data_1900136221.root 
/tmp/maxwoo/21EF1A6A9139C9FD2A38E59AFB466F9A_2739/INPUTFILES/data_1900136231.root 
/tmp/maxwoo/21EF1A6A9139C9FD2A38E59AFB466F9A_2739/INPUTFILES/data_1900145741.root 
/tmp/maxwoo/21EF1A6A9139C9FD2A38E59AFB466F9A_2739/INPUTFILES/data_1900196821.root 
/tmp/maxwoo/21EF1A6A9139C9FD2A38E59AFB466F9A_2739/INPUTFILES/data_1900198391.root 
/tmp/maxwoo/21EF1A6A9139C9FD2A38E59AFB466F9A_2739/INPUTFILES/data_1900198451.root 
/tmp/maxwoo/21EF1A6A9139C9FD2A38E59AFB466F9A_2739/INPUTFILES/data_1900198521.root 
/tmp/maxwoo/21EF1A6A9139C9FD2A38E59AFB466F9A_2739/INPUTFILES/data_1900198541.root 
/tmp/maxwoo/21EF1A6A9139C9FD2A38E59AFB466F9A_2739/INPUTFILES/data_1900198561.root 
/tmp/maxwoo/21EF1A6A9139C9FD2A38E59AFB466F9A_2739/INPUTFILES/data_1900198571.root 
/tmp/maxwoo/21EF1A6A9139C9FD2A38E59AFB466F9A_2739/INPUTFILES/data_1900198721.root 
/tmp/maxwoo/21EF1A6A9139C9FD2A38E59AFB466F9A_2739/INPUTFILES/data_1900198751.root 
/tmp/maxwoo/21EF1A6A9139C9FD2A38E59AFB466F9A_2739/INPUTFILES/data_1900298441.root 
/tmp/maxwoo/21EF1A6A9139C9FD2A38E59AFB466F9A_2739/INPUTFILES/data_1900498771.root 
/tmp/maxwoo/21EF1A6A9139C9FD2A38E59AFB466F9A_2739/INPUTFILES/data_1900598731.root 
/tmp/maxwoo/21EF1A6A9139C9FD2A38E59AFB466F9A_2739/INPUTFILES/data_1900598791.root 
/tmp/maxwoo/21EF1A6A9139C9FD2A38E59AFB466F9A_2739/INPUTFILES/data_1900698421.root 
/tmp/maxwoo/21EF1A6A9139C9FD2A38E59AFB466F9A_2739/INPUTFILES/data_1901098531.root 
/tmp/maxwoo/21EF1A6A9139C9FD2A38E59AFB466F9A_2739/INPUTFILES/data_1901131561.root 
/tmp/maxwoo/21EF1A6A9139C9FD2A38E59AFB466F9A_2739/INPUTFILES/data_1901131701.root 
/tmp/maxwoo/21EF1A6A9139C9FD2A38E59AFB466F9A_2739/INPUTFILES/data_1901131721.root 
/tmp/maxwoo/21EF1A6A9139C9FD2A38E59AFB466F9A_2739/INPUTFILES/data_1901131841.root 
/tmp/maxwoo/21EF1A6A9139C9FD2A38E59AFB466F9A_2739/INPUTFILES/data_1901132151.root 
/tmp/maxwoo/21EF1A6A9139C9FD2A38E59AFB466F9A_2739/INPUTFILES/data_1901132191.root 
/tmp/maxwoo/21EF1A6A9139C9FD2A38E59AFB466F9A_2739/INPUTFILES/data_1901132261.root 
/tmp/maxwoo/21EF1A6A9139C9FD2A38E59AFB466F9A_2739/INPUTFILES/data_1901132631.root 
/tmp/maxwoo/21EF1A6A9139C9FD2A38E59AFB466F9A_2739/INPUTFILES/data_1901132641.root 
/tmp/maxwoo/21EF1A6A9139C9FD2A38E59AFB466F9A_2739/INPUTFILES/data_1901132671.root 
/tmp/maxwoo/21EF1A6A9139C9FD2A38E59AFB466F9A_2739/INPUTFILES/data_1901132711.root 
/tmp/maxwoo/21EF1A6A9139C9FD2A38E59AFB466F9A_2739/INPUTFILES/data_1901132871.root 
Added 37 files
# entries in chain: 37000
Processing entry == 1000 == out of 37000.
Processing entry == 2000 == out of 37000.
Processing entry == 3000 == out of 37000.
Processing entry == 4000 == out of 37000.
Processing entry == 5000 == out of 37000.
Processing entry == 6000 == out of 37000.
Processing entry == 7000 == out of 37000.
Processing entry == 8000 == out of 37000.
Processing entry == 9000 == out of 37000.
Processing entry == 10000 == out of 37000.
Processing entry == 11000 == out of 37000.
Processing entry == 12000 == out of 37000.
Processing entry == 13000 == out of 37000.
Processing entry == 14000 == out of 37000.
Processing entry == 15000 == out of 37000.
Processing entry == 16000 == out of 37000.
Processing entry == 17000 == out of 37000.
Processing entry == 18000 == out of 37000.
Processing entry == 19000 == out of 37000.
Processing entry == 20000 == out of 37000.
Processing entry == 21000 == out of 37000.
Processing entry == 22000 == out of 37000.
Processing entry == 23000 == out of 37000.
Processing entry == 24000 == out of 37000.
Processing entry == 25000 == out of 37000.
Processing entry == 26000 == out of 37000.
Processing entry == 27000 == out of 37000.
Processing entry == 28000 == out of 37000.
Processing entry == 29000 == out of 37000.
Processing entry == 30000 == out of 37000.
Processing entry == 31000 == out of 37000.
Processing entry == 32000 == out of 37000.
Processing entry == 33000 == out of 37000.
Processing entry == 34000 == out of 37000.
Processing entry == 35000 == out of 37000.
Processing entry == 36000 == out of 37000.
Processing entry == 37000 == out of 37000.

This is the end of ROOT -- Goodbye

Cleaning up sandbox file:  /tmp/maxwoo/21EF1A6A9139C9FD2A38E59AFB466F9A_2739/check_S.C
Cleaning up sandbox file:  /tmp/maxwoo/21EF1A6A9139C9FD2A38E59AFB466F9A_2739/Check_Sness.C
Cleaning up sandbox file:  /tmp/maxwoo/21EF1A6A9139C9FD2A38E59AFB466F9A_2739/lib
Cleaning up sandbox file:  /tmp/maxwoo/21EF1A6A9139C9FD2A38E59AFB466F9A_2739/.sandboxFiles
Starting copy block
Running copy command:  /bin/cp -fp /tmp/maxwoo/21EF1A6A9139C9FD2A38E59AFB466F9A_2739/out_21EF1A6A9139C9FD2A38E59AFB466F9A_2739.root /star/data01/pwg/xiatong/git/strangeness/data/
29095 Execution of (/star/data01/pwg/xiatong/git/strangeness/script/sched21EF1A6A9139C9FD2A38E59AFB466F9A_2739.csh ) has ended, exiting normally
29095 We END on [Thu Jun  2 11:18:29 EDT 2022]
