We are starting on node: rcas6343.rcf.bnl.gov
HOME is not defined
Using getent method
HOME is now /star/u/maxwoo
44760 We will spawn ourselves (/star/data01/pwg/xiatong/git/strangeness/script/sched21EF1A6A9139C9FD2A38E59AFB466F9A_1755.csh )
44760 We BEGIN on [Thu Jun  2 11:04:21 EDT 2022]
[1] 44977
44760 We are waiting for 44977 
44760 Grandchild PID is 45628 - found in 10 x 1 seconds
44760 Establishing first watcher   on    Thu Jun  2 11:04:32 EDT 2022
44760 Process tree is 44760 (main) -> 44977 (child) -> 45628 (grandchild)
F S   UID   PID  PPID  C PRI  NI ADDR SZ WCHAN  TTY        TIME CMD
0 D 100667 45628 44977  0 80   0 - 32311 cxiWai ?          0:00 cp /star/data01/pwg/xiatong/AMPT/14GeV/data_716117851.root /tmp/maxwoo/21EF1A6A9139C9FD2A38E59AFB466F9A_1755/INPUTFILES/data_716117851.root
44760 Grandchild PID is 46126 - found in 20 x 2 seconds
44760 Grandchild to watch has changed on Thu Jun  2 11:04:53 EDT 2022
44760 Process tree is 44760 (main) -> 44977 (child) -> 46126 (grandchild)
F S   UID   PID  PPID  C PRI  NI ADDR SZ WCHAN  TTY        TIME CMD
0 D 100667 46126 44977  0 80   0 - 32311 cxiWai ?          0:00 cp /star/data01/pwg/xiatong/AMPT/14GeV/data_716126881.root /tmp/maxwoo/21EF1A6A9139C9FD2A38E59AFB466F9A_1755/INPUTFILES/data_716126881.root
44760 Grandchild PID is 48839 - found in 40 x 2 seconds
44760 Grandchild to watch has changed on Thu Jun  2 11:05:34 EDT 2022
44760 Process tree is 44760 (main) -> 44977 (child) -> 48839 (grandchild)
F S   UID   PID  PPID  C PRI  NI ADDR SZ WCHAN  TTY        TIME CMD
0 D 100667 48839 44977  0 80   0 - 32311 cxiWai ?          0:00 cp /star/data01/pwg/xiatong/AMPT/14GeV/data_716139251.root /tmp/maxwoo/21EF1A6A9139C9FD2A38E59AFB466F9A_1755/INPUTFILES/data_716139251.root
44760 Grandchild PID is 1518 - found in 50 x 2 seconds
44760 Grandchild to watch has changed on Thu Jun  2 11:05:55 EDT 2022
44760 Process tree is 44760 (main) -> 44977 (child) -> 1518 (grandchild)
F S   UID   PID  PPID  C PRI  NI ADDR SZ WCHAN  TTY        TIME CMD
0 D 100667 1518 44977  0  80   0 - 32311 cxiWai ?          0:00 cp /star/data01/pwg/xiatong/AMPT/14GeV/data_717117011.root /tmp/maxwoo/21EF1A6A9139C9FD2A38E59AFB466F9A_1755/INPUTFILES/data_717117011.root
44760 Grandchild PID is 2852 - found in 60 x 2 seconds
44760 Grandchild to watch has changed on Thu Jun  2 11:06:16 EDT 2022
44760 Process tree is 44760 (main) -> 44977 (child) -> 2852 (grandchild)
F S   UID   PID  PPID  C PRI  NI ADDR SZ WCHAN  TTY        TIME CMD
0 D 100667 2852 44977  0  80   0 - 32311 cxiWai ?          0:00 cp /star/data01/pwg/xiatong/AMPT/14GeV/data_717117191.root /tmp/maxwoo/21EF1A6A9139C9FD2A38E59AFB466F9A_1755/INPUTFILES/data_717117191.root
44760 Grandchild PID is 4135 - found in 80 x 2 seconds
44760 Grandchild to watch has changed on Thu Jun  2 11:06:57 EDT 2022
44760 Process tree is 44760 (main) -> 44977 (child) -> 4135 (grandchild)
F S   UID   PID  PPID  C PRI  NI ADDR SZ WCHAN  TTY        TIME CMD
0 S 100667 4135 44977  0  80   0 -  1272 do_wai ?          0:00 root -b -q check_S.C++("/tmp/maxwoo/21EF1A6A9139C9FD2A38E59AFB466F9A_1755/INPUTFILES/21EF1A6A9139C9FD2A38E59AFB466F9A_1755.local.list","21EF1A6A9139C9FD2A38E59AFB466F9A_1755",1)
44977 Stepping into the main SUMS wrapper program with []
.... building sandbox
Running: cp /star/data01/pwg/xiatong/AMPT/14GeV/data_716117711.root /tmp/maxwoo/21EF1A6A9139C9FD2A38E59AFB466F9A_1755/INPUTFILES/data_716117711.root
Running: cp /star/data01/pwg/xiatong/AMPT/14GeV/data_716117731.root /tmp/maxwoo/21EF1A6A9139C9FD2A38E59AFB466F9A_1755/INPUTFILES/data_716117731.root
Running: cp /star/data01/pwg/xiatong/AMPT/14GeV/data_716117811.root /tmp/maxwoo/21EF1A6A9139C9FD2A38E59AFB466F9A_1755/INPUTFILES/data_716117811.root
Running: cp /star/data01/pwg/xiatong/AMPT/14GeV/data_716117851.root /tmp/maxwoo/21EF1A6A9139C9FD2A38E59AFB466F9A_1755/INPUTFILES/data_716117851.root
Running: cp /star/data01/pwg/xiatong/AMPT/14GeV/data_716126881.root /tmp/maxwoo/21EF1A6A9139C9FD2A38E59AFB466F9A_1755/INPUTFILES/data_716126881.root
Running: cp /star/data01/pwg/xiatong/AMPT/14GeV/data_716139241.root /tmp/maxwoo/21EF1A6A9139C9FD2A38E59AFB466F9A_1755/INPUTFILES/data_716139241.root
Running: cp /star/data01/pwg/xiatong/AMPT/14GeV/data_716139251.root /tmp/maxwoo/21EF1A6A9139C9FD2A38E59AFB466F9A_1755/INPUTFILES/data_716139251.root
Running: cp /star/data01/pwg/xiatong/AMPT/14GeV/data_716160631.root /tmp/maxwoo/21EF1A6A9139C9FD2A38E59AFB466F9A_1755/INPUTFILES/data_716160631.root
Running: cp /star/data01/pwg/xiatong/AMPT/14GeV/data_716160971.root /tmp/maxwoo/21EF1A6A9139C9FD2A38E59AFB466F9A_1755/INPUTFILES/data_716160971.root
Running: cp /star/data01/pwg/xiatong/AMPT/14GeV/data_716167841.root /tmp/maxwoo/21EF1A6A9139C9FD2A38E59AFB466F9A_1755/INPUTFILES/data_716167841.root
Running: cp /star/data01/pwg/xiatong/AMPT/14GeV/data_716194991.root /tmp/maxwoo/21EF1A6A9139C9FD2A38E59AFB466F9A_1755/INPUTFILES/data_716194991.root
Running: cp /star/data01/pwg/xiatong/AMPT/14GeV/data_716197661.root /tmp/maxwoo/21EF1A6A9139C9FD2A38E59AFB466F9A_1755/INPUTFILES/data_716197661.root
Running: cp /star/data01/pwg/xiatong/AMPT/14GeV/data_716576421.root /tmp/maxwoo/21EF1A6A9139C9FD2A38E59AFB466F9A_1755/INPUTFILES/data_716576421.root
Running: cp /star/data01/pwg/xiatong/AMPT/14GeV/data_717077821.root /tmp/maxwoo/21EF1A6A9139C9FD2A38E59AFB466F9A_1755/INPUTFILES/data_717077821.root
Running: cp /star/data01/pwg/xiatong/AMPT/14GeV/data_717105871.root /tmp/maxwoo/21EF1A6A9139C9FD2A38E59AFB466F9A_1755/INPUTFILES/data_717105871.root
Running: cp /star/data01/pwg/xiatong/AMPT/14GeV/data_717109341.root /tmp/maxwoo/21EF1A6A9139C9FD2A38E59AFB466F9A_1755/INPUTFILES/data_717109341.root
Running: cp /star/data01/pwg/xiatong/AMPT/14GeV/data_717109351.root /tmp/maxwoo/21EF1A6A9139C9FD2A38E59AFB466F9A_1755/INPUTFILES/data_717109351.root
Running: cp /star/data01/pwg/xiatong/AMPT/14GeV/data_717116991.root /tmp/maxwoo/21EF1A6A9139C9FD2A38E59AFB466F9A_1755/INPUTFILES/data_717116991.root
Running: cp /star/data01/pwg/xiatong/AMPT/14GeV/data_717117001.root /tmp/maxwoo/21EF1A6A9139C9FD2A38E59AFB466F9A_1755/INPUTFILES/data_717117001.root
Running: cp /star/data01/pwg/xiatong/AMPT/14GeV/data_717117011.root /tmp/maxwoo/21EF1A6A9139C9FD2A38E59AFB466F9A_1755/INPUTFILES/data_717117011.root
Running: cp /star/data01/pwg/xiatong/AMPT/14GeV/data_717117021.root /tmp/maxwoo/21EF1A6A9139C9FD2A38E59AFB466F9A_1755/INPUTFILES/data_717117021.root
Running: cp /star/data01/pwg/xiatong/AMPT/14GeV/data_717117041.root /tmp/maxwoo/21EF1A6A9139C9FD2A38E59AFB466F9A_1755/INPUTFILES/data_717117041.root
Running: cp /star/data01/pwg/xiatong/AMPT/14GeV/data_717117051.root /tmp/maxwoo/21EF1A6A9139C9FD2A38E59AFB466F9A_1755/INPUTFILES/data_717117051.root
Running: cp /star/data01/pwg/xiatong/AMPT/14GeV/data_717117061.root /tmp/maxwoo/21EF1A6A9139C9FD2A38E59AFB466F9A_1755/INPUTFILES/data_717117061.root
Running: cp /star/data01/pwg/xiatong/AMPT/14GeV/data_717117071.root /tmp/maxwoo/21EF1A6A9139C9FD2A38E59AFB466F9A_1755/INPUTFILES/data_717117071.root
Running: cp /star/data01/pwg/xiatong/AMPT/14GeV/data_717117081.root /tmp/maxwoo/21EF1A6A9139C9FD2A38E59AFB466F9A_1755/INPUTFILES/data_717117081.root
Running: cp /star/data01/pwg/xiatong/AMPT/14GeV/data_717117091.root /tmp/maxwoo/21EF1A6A9139C9FD2A38E59AFB466F9A_1755/INPUTFILES/data_717117091.root
Running: cp /star/data01/pwg/xiatong/AMPT/14GeV/data_717117101.root /tmp/maxwoo/21EF1A6A9139C9FD2A38E59AFB466F9A_1755/INPUTFILES/data_717117101.root
Running: cp /star/data01/pwg/xiatong/AMPT/14GeV/data_717117151.root /tmp/maxwoo/21EF1A6A9139C9FD2A38E59AFB466F9A_1755/INPUTFILES/data_717117151.root
Running: cp /star/data01/pwg/xiatong/AMPT/14GeV/data_717117171.root /tmp/maxwoo/21EF1A6A9139C9FD2A38E59AFB466F9A_1755/INPUTFILES/data_717117171.root
Running: cp /star/data01/pwg/xiatong/AMPT/14GeV/data_717117191.root /tmp/maxwoo/21EF1A6A9139C9FD2A38E59AFB466F9A_1755/INPUTFILES/data_717117191.root
Running: cp /star/data01/pwg/xiatong/AMPT/14GeV/data_717117231.root /tmp/maxwoo/21EF1A6A9139C9FD2A38E59AFB466F9A_1755/INPUTFILES/data_717117231.root
Running: cp /star/data01/pwg/xiatong/AMPT/14GeV/data_717117251.root /tmp/maxwoo/21EF1A6A9139C9FD2A38E59AFB466F9A_1755/INPUTFILES/data_717117251.root
Running: cp /star/data01/pwg/xiatong/AMPT/14GeV/data_717117261.root /tmp/maxwoo/21EF1A6A9139C9FD2A38E59AFB466F9A_1755/INPUTFILES/data_717117261.root
Running: cp /star/data01/pwg/xiatong/AMPT/14GeV/data_717117271.root /tmp/maxwoo/21EF1A6A9139C9FD2A38E59AFB466F9A_1755/INPUTFILES/data_717117271.root
Running: cp /star/data01/pwg/xiatong/AMPT/14GeV/data_717117301.root /tmp/maxwoo/21EF1A6A9139C9FD2A38E59AFB466F9A_1755/INPUTFILES/data_717117301.root
Running: cp /star/data01/pwg/xiatong/AMPT/14GeV/data_717117401.root /tmp/maxwoo/21EF1A6A9139C9FD2A38E59AFB466F9A_1755/INPUTFILES/data_717117401.root
Swapping $FILELIST with: /tmp/maxwoo/21EF1A6A9139C9FD2A38E59AFB466F9A_1755/INPUTFILES/21EF1A6A9139C9FD2A38E59AFB466F9A_1755.local.list
+++++++++++local copy debug++++++++++++++++++++
newFileList: /tmp/maxwoo/21EF1A6A9139C9FD2A38E59AFB466F9A_1755/INPUTFILES/21EF1A6A9139C9FD2A38E59AFB466F9A_1755.local.list
++++++++++++++++cat FILELIST+++++++++++++++++++
/tmp/maxwoo/21EF1A6A9139C9FD2A38E59AFB466F9A_1755/INPUTFILES/data_716117711.root 
/tmp/maxwoo/21EF1A6A9139C9FD2A38E59AFB466F9A_1755/INPUTFILES/data_716117731.root 
/tmp/maxwoo/21EF1A6A9139C9FD2A38E59AFB466F9A_1755/INPUTFILES/data_716117811.root 
/tmp/maxwoo/21EF1A6A9139C9FD2A38E59AFB466F9A_1755/INPUTFILES/data_716117851.root 
/tmp/maxwoo/21EF1A6A9139C9FD2A38E59AFB466F9A_1755/INPUTFILES/data_716126881.root 
/tmp/maxwoo/21EF1A6A9139C9FD2A38E59AFB466F9A_1755/INPUTFILES/data_716139241.root 
/tmp/maxwoo/21EF1A6A9139C9FD2A38E59AFB466F9A_1755/INPUTFILES/data_716139251.root 
/tmp/maxwoo/21EF1A6A9139C9FD2A38E59AFB466F9A_1755/INPUTFILES/data_716160631.root 
/tmp/maxwoo/21EF1A6A9139C9FD2A38E59AFB466F9A_1755/INPUTFILES/data_716160971.root 
/tmp/maxwoo/21EF1A6A9139C9FD2A38E59AFB466F9A_1755/INPUTFILES/data_716167841.root 
/tmp/maxwoo/21EF1A6A9139C9FD2A38E59AFB466F9A_1755/INPUTFILES/data_716194991.root 
/tmp/maxwoo/21EF1A6A9139C9FD2A38E59AFB466F9A_1755/INPUTFILES/data_716197661.root 
/tmp/maxwoo/21EF1A6A9139C9FD2A38E59AFB466F9A_1755/INPUTFILES/data_716576421.root 
/tmp/maxwoo/21EF1A6A9139C9FD2A38E59AFB466F9A_1755/INPUTFILES/data_717077821.root 
/tmp/maxwoo/21EF1A6A9139C9FD2A38E59AFB466F9A_1755/INPUTFILES/data_717105871.root 
/tmp/maxwoo/21EF1A6A9139C9FD2A38E59AFB466F9A_1755/INPUTFILES/data_717109341.root 
/tmp/maxwoo/21EF1A6A9139C9FD2A38E59AFB466F9A_1755/INPUTFILES/data_717109351.root 
/tmp/maxwoo/21EF1A6A9139C9FD2A38E59AFB466F9A_1755/INPUTFILES/data_717116991.root 
/tmp/maxwoo/21EF1A6A9139C9FD2A38E59AFB466F9A_1755/INPUTFILES/data_717117001.root 
/tmp/maxwoo/21EF1A6A9139C9FD2A38E59AFB466F9A_1755/INPUTFILES/data_717117011.root 
/tmp/maxwoo/21EF1A6A9139C9FD2A38E59AFB466F9A_1755/INPUTFILES/data_717117021.root 
/tmp/maxwoo/21EF1A6A9139C9FD2A38E59AFB466F9A_1755/INPUTFILES/data_717117041.root 
/tmp/maxwoo/21EF1A6A9139C9FD2A38E59AFB466F9A_1755/INPUTFILES/data_717117051.root 
/tmp/maxwoo/21EF1A6A9139C9FD2A38E59AFB466F9A_1755/INPUTFILES/data_717117061.root 
/tmp/maxwoo/21EF1A6A9139C9FD2A38E59AFB466F9A_1755/INPUTFILES/data_717117071.root 
/tmp/maxwoo/21EF1A6A9139C9FD2A38E59AFB466F9A_1755/INPUTFILES/data_717117081.root 
/tmp/maxwoo/21EF1A6A9139C9FD2A38E59AFB466F9A_1755/INPUTFILES/data_717117091.root 
/tmp/maxwoo/21EF1A6A9139C9FD2A38E59AFB466F9A_1755/INPUTFILES/data_717117101.root 
/tmp/maxwoo/21EF1A6A9139C9FD2A38E59AFB466F9A_1755/INPUTFILES/data_717117151.root 
/tmp/maxwoo/21EF1A6A9139C9FD2A38E59AFB466F9A_1755/INPUTFILES/data_717117171.root 
/tmp/maxwoo/21EF1A6A9139C9FD2A38E59AFB466F9A_1755/INPUTFILES/data_717117191.root 
/tmp/maxwoo/21EF1A6A9139C9FD2A38E59AFB466F9A_1755/INPUTFILES/data_717117231.root 
/tmp/maxwoo/21EF1A6A9139C9FD2A38E59AFB466F9A_1755/INPUTFILES/data_717117251.root 
/tmp/maxwoo/21EF1A6A9139C9FD2A38E59AFB466F9A_1755/INPUTFILES/data_717117261.root 
/tmp/maxwoo/21EF1A6A9139C9FD2A38E59AFB466F9A_1755/INPUTFILES/data_717117271.root 
/tmp/maxwoo/21EF1A6A9139C9FD2A38E59AFB466F9A_1755/INPUTFILES/data_717117301.root 
/tmp/maxwoo/21EF1A6A9139C9FD2A38E59AFB466F9A_1755/INPUTFILES/data_717117401.root 
++++++++++++++++++++find.++++++++++++++++++++++
.
./lib
./lib/my_event_cpp.d
./lib/CenMaker_cpp_ACLiC_dict_rdict.pcm
./lib/my_particle_cpp.so
./lib/my_event_cpp_ACLiC_dict_rdict.pcm
./lib/my_event.h
./lib/MixedBuffer_cpp.d
./lib/MixedBuffer_cpp_ACLiC_dict_rdict.pcm
./lib/my_particle_cpp.d
./lib/CenMaker.h
./lib/MixedBuffer.cpp
./lib/NpartNormalizer.h
./lib/my_event.cpp
./lib/NpartNormalizer_cpp.so
./lib/CenMaker_cpp.d
./lib/my_particle.h
./lib/NpartNormalizer.cpp
./lib/NpartNormalizer_cpp.d
./lib/CenMaker_cpp.so
./lib/MixedBuffer.h
./lib/NpartNormalizer_cpp_ACLiC_dict_rdict.pcm
./lib/my_particle.cpp
./lib/MixedBuffer_cpp.so
./lib/CenMaker.cpp
./lib/my_event_cpp.so
./lib/my_particle_cpp_ACLiC_dict_rdict.pcm
./.output.log
./check_S.C
./INPUTFILES
./INPUTFILES/data_717117231.root
./INPUTFILES/data_717117011.root
./INPUTFILES/data_716139241.root
./INPUTFILES/data_716160971.root
./INPUTFILES/data_716197661.root
./INPUTFILES/data_717117171.root
./INPUTFILES/data_717117271.root
./INPUTFILES/data_717117151.root
./INPUTFILES/data_716139251.root
./INPUTFILES/data_717117261.root
./INPUTFILES/data_717117021.root
./INPUTFILES/data_716117731.root
./INPUTFILES/data_717116991.root
./INPUTFILES/data_717117091.root
./INPUTFILES/data_716576421.root
./INPUTFILES/data_716167841.root
./INPUTFILES/data_717109341.root
./INPUTFILES/data_716117811.root
./INPUTFILES/data_717117401.root
./INPUTFILES/data_717117301.root
./INPUTFILES/data_717117101.root
./INPUTFILES/data_716117851.root
./INPUTFILES/data_716160631.root
./INPUTFILES/data_717109351.root
./INPUTFILES/data_716194991.root
./INPUTFILES/data_717117071.root
./INPUTFILES/data_717117051.root
./INPUTFILES/data_717117001.root
./INPUTFILES/data_717077821.root
./INPUTFILES/data_716126881.root
./INPUTFILES/data_717105871.root
./INPUTFILES/data_717117251.root
./INPUTFILES/data_717117041.root
./INPUTFILES/21EF1A6A9139C9FD2A38E59AFB466F9A_1755.local.list
./INPUTFILES/data_717117061.root
./INPUTFILES/data_717117081.root
./INPUTFILES/data_717117191.root
./INPUTFILES/data_716117711.root
./Check_Sness.C
./.sandboxFiles
./.errror.log
++++++++++++++++INPUTFILE Var++++++++++++++++++
FILELIST=/tmp/maxwoo/21EF1A6A9139C9FD2A38E59AFB466F9A_1755/INPUTFILES/21EF1A6A9139C9FD2A38E59AFB466F9A_1755.local.list
INPUTFILECOUNT=37
INPUTFILE0=/tmp/maxwoo/21EF1A6A9139C9FD2A38E59AFB466F9A_1755/INPUTFILES/data_716117711.root
INPUTFILE1=/tmp/maxwoo/21EF1A6A9139C9FD2A38E59AFB466F9A_1755/INPUTFILES/data_716117731.root
INPUTFILE2=/tmp/maxwoo/21EF1A6A9139C9FD2A38E59AFB466F9A_1755/INPUTFILES/data_716117811.root
INPUTFILE3=/tmp/maxwoo/21EF1A6A9139C9FD2A38E59AFB466F9A_1755/INPUTFILES/data_716117851.root
INPUTFILE4=/tmp/maxwoo/21EF1A6A9139C9FD2A38E59AFB466F9A_1755/INPUTFILES/data_716126881.root
INPUTFILE5=/tmp/maxwoo/21EF1A6A9139C9FD2A38E59AFB466F9A_1755/INPUTFILES/data_716139241.root
INPUTFILE6=/tmp/maxwoo/21EF1A6A9139C9FD2A38E59AFB466F9A_1755/INPUTFILES/data_716139251.root
INPUTFILE7=/tmp/maxwoo/21EF1A6A9139C9FD2A38E59AFB466F9A_1755/INPUTFILES/data_716160631.root
INPUTFILE8=/tmp/maxwoo/21EF1A6A9139C9FD2A38E59AFB466F9A_1755/INPUTFILES/data_716160971.root
INPUTFILE9=/tmp/maxwoo/21EF1A6A9139C9FD2A38E59AFB466F9A_1755/INPUTFILES/data_716167841.root
INPUTFILE10=/tmp/maxwoo/21EF1A6A9139C9FD2A38E59AFB466F9A_1755/INPUTFILES/data_716194991.root
INPUTFILE11=/tmp/maxwoo/21EF1A6A9139C9FD2A38E59AFB466F9A_1755/INPUTFILES/data_716197661.root
INPUTFILE12=/tmp/maxwoo/21EF1A6A9139C9FD2A38E59AFB466F9A_1755/INPUTFILES/data_716576421.root
INPUTFILE13=/tmp/maxwoo/21EF1A6A9139C9FD2A38E59AFB466F9A_1755/INPUTFILES/data_717077821.root
INPUTFILE14=/tmp/maxwoo/21EF1A6A9139C9FD2A38E59AFB466F9A_1755/INPUTFILES/data_717105871.root
INPUTFILE15=/tmp/maxwoo/21EF1A6A9139C9FD2A38E59AFB466F9A_1755/INPUTFILES/data_717109341.root
INPUTFILE16=/tmp/maxwoo/21EF1A6A9139C9FD2A38E59AFB466F9A_1755/INPUTFILES/data_717109351.root
INPUTFILE17=/tmp/maxwoo/21EF1A6A9139C9FD2A38E59AFB466F9A_1755/INPUTFILES/data_717116991.root
INPUTFILE18=/tmp/maxwoo/21EF1A6A9139C9FD2A38E59AFB466F9A_1755/INPUTFILES/data_717117001.root
INPUTFILE19=/tmp/maxwoo/21EF1A6A9139C9FD2A38E59AFB466F9A_1755/INPUTFILES/data_717117011.root
INPUTFILE20=/tmp/maxwoo/21EF1A6A9139C9FD2A38E59AFB466F9A_1755/INPUTFILES/data_717117021.root
INPUTFILE21=/tmp/maxwoo/21EF1A6A9139C9FD2A38E59AFB466F9A_1755/INPUTFILES/data_717117041.root
INPUTFILE22=/tmp/maxwoo/21EF1A6A9139C9FD2A38E59AFB466F9A_1755/INPUTFILES/data_717117051.root
INPUTFILE23=/tmp/maxwoo/21EF1A6A9139C9FD2A38E59AFB466F9A_1755/INPUTFILES/data_717117061.root
INPUTFILE24=/tmp/maxwoo/21EF1A6A9139C9FD2A38E59AFB466F9A_1755/INPUTFILES/data_717117071.root
INPUTFILE25=/tmp/maxwoo/21EF1A6A9139C9FD2A38E59AFB466F9A_1755/INPUTFILES/data_717117081.root
INPUTFILE26=/tmp/maxwoo/21EF1A6A9139C9FD2A38E59AFB466F9A_1755/INPUTFILES/data_717117091.root
INPUTFILE27=/tmp/maxwoo/21EF1A6A9139C9FD2A38E59AFB466F9A_1755/INPUTFILES/data_717117101.root
INPUTFILE28=/tmp/maxwoo/21EF1A6A9139C9FD2A38E59AFB466F9A_1755/INPUTFILES/data_717117151.root
INPUTFILE29=/tmp/maxwoo/21EF1A6A9139C9FD2A38E59AFB466F9A_1755/INPUTFILES/data_717117171.root
INPUTFILE30=/tmp/maxwoo/21EF1A6A9139C9FD2A38E59AFB466F9A_1755/INPUTFILES/data_717117191.root
INPUTFILE31=/tmp/maxwoo/21EF1A6A9139C9FD2A38E59AFB466F9A_1755/INPUTFILES/data_717117231.root
INPUTFILE32=/tmp/maxwoo/21EF1A6A9139C9FD2A38E59AFB466F9A_1755/INPUTFILES/data_717117251.root
INPUTFILE33=/tmp/maxwoo/21EF1A6A9139C9FD2A38E59AFB466F9A_1755/INPUTFILES/data_717117261.root
INPUTFILE34=/tmp/maxwoo/21EF1A6A9139C9FD2A38E59AFB466F9A_1755/INPUTFILES/data_717117271.root
INPUTFILE35=/tmp/maxwoo/21EF1A6A9139C9FD2A38E59AFB466F9A_1755/INPUTFILES/data_717117301.root
INPUTFILE36=/tmp/maxwoo/21EF1A6A9139C9FD2A38E59AFB466F9A_1755/INPUTFILES/data_717117401.root
LocalInputFileDir=/tmp/maxwoo/21EF1A6A9139C9FD2A38E59AFB466F9A_1755/INPUTFILES
NewFILELIST=/tmp/maxwoo/21EF1A6A9139C9FD2A38E59AFB466F9A_1755/INPUTFILES/21EF1A6A9139C9FD2A38E59AFB466F9A_1755.local.list
+++++++++++++++++++++++++++++++++++++++++++++++
--------------------------------
Simple Unified Meta Scheduler 1.10.50 we are starting in $SCRATCH : /home/tmp/maxwoo/21EF1A6A9139C9FD2A38E59AFB466F9A_1755
--------------------------------
total 16
lrwxrwxrwx 1 maxwoo rhstar   61 Jun  2 11:04 check_S.C -> /gpfs/mnt/gpfs01/star/pwg/xiatong/git/strangeness/./check_S.C
lrwxrwxrwx 1 maxwoo rhstar   65 Jun  2 11:04 Check_Sness.C -> /gpfs/mnt/gpfs01/star/pwg/xiatong/git/strangeness/./Check_Sness.C
drwxr-xr-x 2 maxwoo rhstar 4096 Jun  2 11:06 INPUTFILES
drwxr-xr-x 2 maxwoo rhstar 4096 Jun  2 11:04 lib
  *******************************************
  *                                         *
  *        W E L C O M E  to  R O O T       *
  *                                         *
  *   Version   5.34/38     12 March 2018   *
  *                                         *
  *  You are welcome to visit our Web site  *
  *          http://root.cern.ch            *
  *                                         *
  *******************************************

ROOT 5.34/38 (v5-34-38@v5-34-38, Mar 12 2018, 15:49:39 on linux)

CINT/ROOT C/C++ Interpreter version 5.18.00, July 2, 2010
Type ? for help. Commands must be C++ statements.
Enclose multiple statements between { }.
*** Float Point Exception is OFF ***
 *** Start at Date : Thu Jun  2 11:06:38 2022
QAInfo:You are using STAR_LEVEL : dev, ROOT_LEVEL : 5.34.38 and node : rcas6343.rcf.bnl.gov 

Processing check_S.C++("/tmp/maxwoo/21EF1A6A9139C9FD2A38E59AFB466F9A_1755/INPUTFILES/21EF1A6A9139C9FD2A38E59AFB466F9A_1755.local.list","21EF1A6A9139C9FD2A38E59AFB466F9A_1755",1)...
/tmp/maxwoo/21EF1A6A9139C9FD2A38E59AFB466F9A_1755/INPUTFILES/data_716117711.root 
/tmp/maxwoo/21EF1A6A9139C9FD2A38E59AFB466F9A_1755/INPUTFILES/data_716117731.root 
/tmp/maxwoo/21EF1A6A9139C9FD2A38E59AFB466F9A_1755/INPUTFILES/data_716117811.root 
/tmp/maxwoo/21EF1A6A9139C9FD2A38E59AFB466F9A_1755/INPUTFILES/data_716117851.root 
/tmp/maxwoo/21EF1A6A9139C9FD2A38E59AFB466F9A_1755/INPUTFILES/data_716126881.root 
/tmp/maxwoo/21EF1A6A9139C9FD2A38E59AFB466F9A_1755/INPUTFILES/data_716139241.root 
/tmp/maxwoo/21EF1A6A9139C9FD2A38E59AFB466F9A_1755/INPUTFILES/data_716139251.root 
/tmp/maxwoo/21EF1A6A9139C9FD2A38E59AFB466F9A_1755/INPUTFILES/data_716160631.root 
/tmp/maxwoo/21EF1A6A9139C9FD2A38E59AFB466F9A_1755/INPUTFILES/data_716160971.root 
/tmp/maxwoo/21EF1A6A9139C9FD2A38E59AFB466F9A_1755/INPUTFILES/data_716167841.root 
/tmp/maxwoo/21EF1A6A9139C9FD2A38E59AFB466F9A_1755/INPUTFILES/data_716194991.root 
/tmp/maxwoo/21EF1A6A9139C9FD2A38E59AFB466F9A_1755/INPUTFILES/data_716197661.root 
/tmp/maxwoo/21EF1A6A9139C9FD2A38E59AFB466F9A_1755/INPUTFILES/data_716576421.root 
/tmp/maxwoo/21EF1A6A9139C9FD2A38E59AFB466F9A_1755/INPUTFILES/data_717077821.root 
/tmp/maxwoo/21EF1A6A9139C9FD2A38E59AFB466F9A_1755/INPUTFILES/data_717105871.root 
/tmp/maxwoo/21EF1A6A9139C9FD2A38E59AFB466F9A_1755/INPUTFILES/data_717109341.root 
/tmp/maxwoo/21EF1A6A9139C9FD2A38E59AFB466F9A_1755/INPUTFILES/data_717109351.root 
/tmp/maxwoo/21EF1A6A9139C9FD2A38E59AFB466F9A_1755/INPUTFILES/data_717116991.root 
/tmp/maxwoo/21EF1A6A9139C9FD2A38E59AFB466F9A_1755/INPUTFILES/data_717117001.root 
/tmp/maxwoo/21EF1A6A9139C9FD2A38E59AFB466F9A_1755/INPUTFILES/data_717117011.root 
/tmp/maxwoo/21EF1A6A9139C9FD2A38E59AFB466F9A_1755/INPUTFILES/data_717117021.root 
/tmp/maxwoo/21EF1A6A9139C9FD2A38E59AFB466F9A_1755/INPUTFILES/data_717117041.root 
/tmp/maxwoo/21EF1A6A9139C9FD2A38E59AFB466F9A_1755/INPUTFILES/data_717117051.root 
/tmp/maxwoo/21EF1A6A9139C9FD2A38E59AFB466F9A_1755/INPUTFILES/data_717117061.root 
/tmp/maxwoo/21EF1A6A9139C9FD2A38E59AFB466F9A_1755/INPUTFILES/data_717117071.root 
/tmp/maxwoo/21EF1A6A9139C9FD2A38E59AFB466F9A_1755/INPUTFILES/data_717117081.root 
/tmp/maxwoo/21EF1A6A9139C9FD2A38E59AFB466F9A_1755/INPUTFILES/data_717117091.root 
/tmp/maxwoo/21EF1A6A9139C9FD2A38E59AFB466F9A_1755/INPUTFILES/data_717117101.root 
/tmp/maxwoo/21EF1A6A9139C9FD2A38E59AFB466F9A_1755/INPUTFILES/data_717117151.root 
/tmp/maxwoo/21EF1A6A9139C9FD2A38E59AFB466F9A_1755/INPUTFILES/data_717117171.root 
/tmp/maxwoo/21EF1A6A9139C9FD2A38E59AFB466F9A_1755/INPUTFILES/data_717117191.root 
/tmp/maxwoo/21EF1A6A9139C9FD2A38E59AFB466F9A_1755/INPUTFILES/data_717117231.root 
/tmp/maxwoo/21EF1A6A9139C9FD2A38E59AFB466F9A_1755/INPUTFILES/data_717117251.root 
/tmp/maxwoo/21EF1A6A9139C9FD2A38E59AFB466F9A_1755/INPUTFILES/data_717117261.root 
/tmp/maxwoo/21EF1A6A9139C9FD2A38E59AFB466F9A_1755/INPUTFILES/data_717117271.root 
/tmp/maxwoo/21EF1A6A9139C9FD2A38E59AFB466F9A_1755/INPUTFILES/data_717117301.root 
/tmp/maxwoo/21EF1A6A9139C9FD2A38E59AFB466F9A_1755/INPUTFILES/data_717117401.root 
Added 37 files
# entries in chain: 37000
Processing entry == 1000 == out of 37000.
Processing entry == 2000 == out of 37000.
Processing entry == 3000 == out of 37000.
Processing entry == 4000 == out of 37000.
Processing entry == 5000 == out of 37000.
Processing entry == 6000 == out of 37000.
Processing entry == 7000 == out of 37000.
Processing entry == 8000 == out of 37000.
Processing entry == 9000 == out of 37000.
Processing entry == 10000 == out of 37000.
Processing entry == 11000 == out of 37000.
Processing entry == 12000 == out of 37000.
Processing entry == 13000 == out of 37000.
Processing entry == 14000 == out of 37000.
Processing entry == 15000 == out of 37000.
Processing entry == 16000 == out of 37000.
Processing entry == 17000 == out of 37000.
Processing entry == 18000 == out of 37000.
Processing entry == 19000 == out of 37000.
Processing entry == 20000 == out of 37000.
Processing entry == 21000 == out of 37000.
Processing entry == 22000 == out of 37000.
Processing entry == 23000 == out of 37000.
Processing entry == 24000 == out of 37000.
Processing entry == 25000 == out of 37000.
Processing entry == 26000 == out of 37000.
Processing entry == 27000 == out of 37000.
Processing entry == 28000 == out of 37000.
Processing entry == 29000 == out of 37000.
Processing entry == 30000 == out of 37000.
Processing entry == 31000 == out of 37000.
Processing entry == 32000 == out of 37000.
Processing entry == 33000 == out of 37000.
Processing entry == 34000 == out of 37000.
Processing entry == 35000 == out of 37000.
Processing entry == 36000 == out of 37000.
Processing entry == 37000 == out of 37000.

This is the end of ROOT -- Goodbye

Cleaning up sandbox file:  /tmp/maxwoo/21EF1A6A9139C9FD2A38E59AFB466F9A_1755/check_S.C
Cleaning up sandbox file:  /tmp/maxwoo/21EF1A6A9139C9FD2A38E59AFB466F9A_1755/Check_Sness.C
Cleaning up sandbox file:  /tmp/maxwoo/21EF1A6A9139C9FD2A38E59AFB466F9A_1755/lib
Cleaning up sandbox file:  /tmp/maxwoo/21EF1A6A9139C9FD2A38E59AFB466F9A_1755/.sandboxFiles
Starting copy block
Running copy command:  /bin/cp -fp /tmp/maxwoo/21EF1A6A9139C9FD2A38E59AFB466F9A_1755/out_21EF1A6A9139C9FD2A38E59AFB466F9A_1755.root /star/data01/pwg/xiatong/git/strangeness/data/
44760 Execution of (/star/data01/pwg/xiatong/git/strangeness/script/sched21EF1A6A9139C9FD2A38E59AFB466F9A_1755.csh ) has ended, exiting normally
44760 We END on [Thu Jun  2 11:26:58 EDT 2022]
