We are starting on node: spool0118.sdcc.bnl.gov
HOME is not defined
Using getent method
HOME is now /star/u/maxwoo
265711 We will spawn ourselves (/star/data01/pwg/xiatong/git/strangeness/script/sched21EF1A6A9139C9FD2A38E59AFB466F9A_2427.csh )
265711 We BEGIN on [Thu Jun  2 10:58:37 EDT 2022]
[1] 266660
265711 We are waiting for 266660 
265711 Grandchild PID is 271169 - found in 10 x 1 seconds
265711 Establishing first watcher   on    Thu Jun  2 10:58:47 EDT 2022
265711 Process tree is 265711 (main) -> 266660 (child) -> 271169 (grandchild)
F S   UID    PID   PPID  C PRI  NI ADDR SZ WCHAN  TTY        TIME CMD
0 D 100667 271169 266660  0 80   0 - 32311 cxiWai ?          0:00 cp /star/data01/pwg/xiatong/AMPT/14GeV/data_1347645061.root /tmp/maxwoo/21EF1A6A9139C9FD2A38E59AFB466F9A_2427/INPUTFILES/data_1347645061.root
265711 Grandchild PID is 282577 - found in 30 x 2 seconds
265711 Grandchild to watch has changed on Thu Jun  2 10:59:29 EDT 2022
265711 Process tree is 265711 (main) -> 266660 (child) -> 282577 (grandchild)
F S   UID    PID   PPID  C PRI  NI ADDR SZ WCHAN  TTY        TIME CMD
0 D 100667 282577 266660  0 80   0 - 32311 cxiWai ?          0:00 cp /star/data01/pwg/xiatong/AMPT/14GeV/data_1348113461.root /tmp/maxwoo/21EF1A6A9139C9FD2A38E59AFB466F9A_2427/INPUTFILES/data_1348113461.root
265711 Grandchild PID is 288024 - found in 40 x 2 seconds
265711 Grandchild to watch has changed on Thu Jun  2 10:59:50 EDT 2022
265711 Process tree is 265711 (main) -> 266660 (child) -> 288024 (grandchild)
F S   UID    PID   PPID  C PRI  NI ADDR SZ WCHAN  TTY        TIME CMD
0 D 100667 288024 266660  0 80   0 - 32311 cxiWai ?          0:00 cp /star/data01/pwg/xiatong/AMPT/14GeV/data_1348193621.root /tmp/maxwoo/21EF1A6A9139C9FD2A38E59AFB466F9A_2427/INPUTFILES/data_1348193621.root
265711 Grandchild PID is 296741 - found in 60 x 2 seconds
265711 Grandchild to watch has changed on Thu Jun  2 11:00:32 EDT 2022
265711 Process tree is 265711 (main) -> 266660 (child) -> 296741 (grandchild)
F S   UID    PID   PPID  C PRI  NI ADDR SZ WCHAN  TTY        TIME CMD
0 D 100667 296741 266660  0 80   0 - 32311 cxiWai ?          0:00 cp /star/data01/pwg/xiatong/AMPT/14GeV/data_1348193691.root /tmp/maxwoo/21EF1A6A9139C9FD2A38E59AFB466F9A_2427/INPUTFILES/data_1348193691.root
265711 Grandchild PID is 306996 - found in 80 x 2 seconds
265711 Grandchild to watch has changed on Thu Jun  2 11:01:14 EDT 2022
265711 Process tree is 265711 (main) -> 266660 (child) -> 306996 (grandchild)
F S   UID    PID   PPID  C PRI  NI ADDR SZ WCHAN  TTY        TIME CMD
0 S 100667 306996 266660  0 80   0 -  1272 do_wai ?          0:00 root -b -q check_S.C++("/tmp/maxwoo/21EF1A6A9139C9FD2A38E59AFB466F9A_2427/INPUTFILES/21EF1A6A9139C9FD2A38E59AFB466F9A_2427.local.list","21EF1A6A9139C9FD2A38E59AFB466F9A_2427",1)
266660 Stepping into the main SUMS wrapper program with []
.... building sandbox
Running: cp /star/data01/pwg/xiatong/AMPT/14GeV/data_1347545091.root /tmp/maxwoo/21EF1A6A9139C9FD2A38E59AFB466F9A_2427/INPUTFILES/data_1347545091.root
Running: cp /star/data01/pwg/xiatong/AMPT/14GeV/data_1347545101.root /tmp/maxwoo/21EF1A6A9139C9FD2A38E59AFB466F9A_2427/INPUTFILES/data_1347545101.root
Running: cp /star/data01/pwg/xiatong/AMPT/14GeV/data_1347545111.root /tmp/maxwoo/21EF1A6A9139C9FD2A38E59AFB466F9A_2427/INPUTFILES/data_1347545111.root
Running: cp /star/data01/pwg/xiatong/AMPT/14GeV/data_1347645051.root /tmp/maxwoo/21EF1A6A9139C9FD2A38E59AFB466F9A_2427/INPUTFILES/data_1347645051.root
Running: cp /star/data01/pwg/xiatong/AMPT/14GeV/data_1347645061.root /tmp/maxwoo/21EF1A6A9139C9FD2A38E59AFB466F9A_2427/INPUTFILES/data_1347645061.root
Running: cp /star/data01/pwg/xiatong/AMPT/14GeV/data_1347645071.root /tmp/maxwoo/21EF1A6A9139C9FD2A38E59AFB466F9A_2427/INPUTFILES/data_1347645071.root
Running: cp /star/data01/pwg/xiatong/AMPT/14GeV/data_1347645261.root /tmp/maxwoo/21EF1A6A9139C9FD2A38E59AFB466F9A_2427/INPUTFILES/data_1347645261.root
Running: cp /star/data01/pwg/xiatong/AMPT/14GeV/data_1347745011.root /tmp/maxwoo/21EF1A6A9139C9FD2A38E59AFB466F9A_2427/INPUTFILES/data_1347745011.root
Running: cp /star/data01/pwg/xiatong/AMPT/14GeV/data_1347745021.root /tmp/maxwoo/21EF1A6A9139C9FD2A38E59AFB466F9A_2427/INPUTFILES/data_1347745021.root
Running: cp /star/data01/pwg/xiatong/AMPT/14GeV/data_1347745031.root /tmp/maxwoo/21EF1A6A9139C9FD2A38E59AFB466F9A_2427/INPUTFILES/data_1347745031.root
Running: cp /star/data01/pwg/xiatong/AMPT/14GeV/data_1347845001.root /tmp/maxwoo/21EF1A6A9139C9FD2A38E59AFB466F9A_2427/INPUTFILES/data_1347845001.root
Running: cp /star/data01/pwg/xiatong/AMPT/14GeV/data_1347845041.root /tmp/maxwoo/21EF1A6A9139C9FD2A38E59AFB466F9A_2427/INPUTFILES/data_1347845041.root
Running: cp /star/data01/pwg/xiatong/AMPT/14GeV/data_1347944981.root /tmp/maxwoo/21EF1A6A9139C9FD2A38E59AFB466F9A_2427/INPUTFILES/data_1347944981.root
Running: cp /star/data01/pwg/xiatong/AMPT/14GeV/data_1347944991.root /tmp/maxwoo/21EF1A6A9139C9FD2A38E59AFB466F9A_2427/INPUTFILES/data_1347944991.root
Running: cp /star/data01/pwg/xiatong/AMPT/14GeV/data_1348044961.root /tmp/maxwoo/21EF1A6A9139C9FD2A38E59AFB466F9A_2427/INPUTFILES/data_1348044961.root
Running: cp /star/data01/pwg/xiatong/AMPT/14GeV/data_1348044971.root /tmp/maxwoo/21EF1A6A9139C9FD2A38E59AFB466F9A_2427/INPUTFILES/data_1348044971.root
Running: cp /star/data01/pwg/xiatong/AMPT/14GeV/data_1348113451.root /tmp/maxwoo/21EF1A6A9139C9FD2A38E59AFB466F9A_2427/INPUTFILES/data_1348113451.root
Running: cp /star/data01/pwg/xiatong/AMPT/14GeV/data_1348113461.root /tmp/maxwoo/21EF1A6A9139C9FD2A38E59AFB466F9A_2427/INPUTFILES/data_1348113461.root
Running: cp /star/data01/pwg/xiatong/AMPT/14GeV/data_1348113471.root /tmp/maxwoo/21EF1A6A9139C9FD2A38E59AFB466F9A_2427/INPUTFILES/data_1348113471.root
Running: cp /star/data01/pwg/xiatong/AMPT/14GeV/data_1348113861.root /tmp/maxwoo/21EF1A6A9139C9FD2A38E59AFB466F9A_2427/INPUTFILES/data_1348113861.root
Running: cp /star/data01/pwg/xiatong/AMPT/14GeV/data_1348114211.root /tmp/maxwoo/21EF1A6A9139C9FD2A38E59AFB466F9A_2427/INPUTFILES/data_1348114211.root
Running: cp /star/data01/pwg/xiatong/AMPT/14GeV/data_1348144941.root /tmp/maxwoo/21EF1A6A9139C9FD2A38E59AFB466F9A_2427/INPUTFILES/data_1348144941.root
Running: cp /star/data01/pwg/xiatong/AMPT/14GeV/data_1348144951.root /tmp/maxwoo/21EF1A6A9139C9FD2A38E59AFB466F9A_2427/INPUTFILES/data_1348144951.root
Running: cp /star/data01/pwg/xiatong/AMPT/14GeV/data_1348193441.root /tmp/maxwoo/21EF1A6A9139C9FD2A38E59AFB466F9A_2427/INPUTFILES/data_1348193441.root
Running: cp /star/data01/pwg/xiatong/AMPT/14GeV/data_1348193461.root /tmp/maxwoo/21EF1A6A9139C9FD2A38E59AFB466F9A_2427/INPUTFILES/data_1348193461.root
Running: cp /star/data01/pwg/xiatong/AMPT/14GeV/data_1348193471.root /tmp/maxwoo/21EF1A6A9139C9FD2A38E59AFB466F9A_2427/INPUTFILES/data_1348193471.root
Running: cp /star/data01/pwg/xiatong/AMPT/14GeV/data_1348193481.root /tmp/maxwoo/21EF1A6A9139C9FD2A38E59AFB466F9A_2427/INPUTFILES/data_1348193481.root
Running: cp /star/data01/pwg/xiatong/AMPT/14GeV/data_1348193501.root /tmp/maxwoo/21EF1A6A9139C9FD2A38E59AFB466F9A_2427/INPUTFILES/data_1348193501.root
Running: cp /star/data01/pwg/xiatong/AMPT/14GeV/data_1348193511.root /tmp/maxwoo/21EF1A6A9139C9FD2A38E59AFB466F9A_2427/INPUTFILES/data_1348193511.root
Running: cp /star/data01/pwg/xiatong/AMPT/14GeV/data_1348193551.root /tmp/maxwoo/21EF1A6A9139C9FD2A38E59AFB466F9A_2427/INPUTFILES/data_1348193551.root
Running: cp /star/data01/pwg/xiatong/AMPT/14GeV/data_1348193611.root /tmp/maxwoo/21EF1A6A9139C9FD2A38E59AFB466F9A_2427/INPUTFILES/data_1348193611.root
Running: cp /star/data01/pwg/xiatong/AMPT/14GeV/data_1348193621.root /tmp/maxwoo/21EF1A6A9139C9FD2A38E59AFB466F9A_2427/INPUTFILES/data_1348193621.root
Running: cp /star/data01/pwg/xiatong/AMPT/14GeV/data_1348193631.root /tmp/maxwoo/21EF1A6A9139C9FD2A38E59AFB466F9A_2427/INPUTFILES/data_1348193631.root
Running: cp /star/data01/pwg/xiatong/AMPT/14GeV/data_1348193691.root /tmp/maxwoo/21EF1A6A9139C9FD2A38E59AFB466F9A_2427/INPUTFILES/data_1348193691.root
Running: cp /star/data01/pwg/xiatong/AMPT/14GeV/data_1348193811.root /tmp/maxwoo/21EF1A6A9139C9FD2A38E59AFB466F9A_2427/INPUTFILES/data_1348193811.root
Running: cp /star/data01/pwg/xiatong/AMPT/14GeV/data_1348196951.root /tmp/maxwoo/21EF1A6A9139C9FD2A38E59AFB466F9A_2427/INPUTFILES/data_1348196951.root
Running: cp /star/data01/pwg/xiatong/AMPT/14GeV/data_1348197201.root /tmp/maxwoo/21EF1A6A9139C9FD2A38E59AFB466F9A_2427/INPUTFILES/data_1348197201.root
Swapping $FILELIST with: /tmp/maxwoo/21EF1A6A9139C9FD2A38E59AFB466F9A_2427/INPUTFILES/21EF1A6A9139C9FD2A38E59AFB466F9A_2427.local.list
+++++++++++local copy debug++++++++++++++++++++
newFileList: /tmp/maxwoo/21EF1A6A9139C9FD2A38E59AFB466F9A_2427/INPUTFILES/21EF1A6A9139C9FD2A38E59AFB466F9A_2427.local.list
++++++++++++++++cat FILELIST+++++++++++++++++++
/tmp/maxwoo/21EF1A6A9139C9FD2A38E59AFB466F9A_2427/INPUTFILES/data_1347545091.root 
/tmp/maxwoo/21EF1A6A9139C9FD2A38E59AFB466F9A_2427/INPUTFILES/data_1347545101.root 
/tmp/maxwoo/21EF1A6A9139C9FD2A38E59AFB466F9A_2427/INPUTFILES/data_1347545111.root 
/tmp/maxwoo/21EF1A6A9139C9FD2A38E59AFB466F9A_2427/INPUTFILES/data_1347645051.root 
/tmp/maxwoo/21EF1A6A9139C9FD2A38E59AFB466F9A_2427/INPUTFILES/data_1347645061.root 
/tmp/maxwoo/21EF1A6A9139C9FD2A38E59AFB466F9A_2427/INPUTFILES/data_1347645071.root 
/tmp/maxwoo/21EF1A6A9139C9FD2A38E59AFB466F9A_2427/INPUTFILES/data_1347645261.root 
/tmp/maxwoo/21EF1A6A9139C9FD2A38E59AFB466F9A_2427/INPUTFILES/data_1347745011.root 
/tmp/maxwoo/21EF1A6A9139C9FD2A38E59AFB466F9A_2427/INPUTFILES/data_1347745021.root 
/tmp/maxwoo/21EF1A6A9139C9FD2A38E59AFB466F9A_2427/INPUTFILES/data_1347745031.root 
/tmp/maxwoo/21EF1A6A9139C9FD2A38E59AFB466F9A_2427/INPUTFILES/data_1347845001.root 
/tmp/maxwoo/21EF1A6A9139C9FD2A38E59AFB466F9A_2427/INPUTFILES/data_1347845041.root 
/tmp/maxwoo/21EF1A6A9139C9FD2A38E59AFB466F9A_2427/INPUTFILES/data_1347944981.root 
/tmp/maxwoo/21EF1A6A9139C9FD2A38E59AFB466F9A_2427/INPUTFILES/data_1347944991.root 
/tmp/maxwoo/21EF1A6A9139C9FD2A38E59AFB466F9A_2427/INPUTFILES/data_1348044961.root 
/tmp/maxwoo/21EF1A6A9139C9FD2A38E59AFB466F9A_2427/INPUTFILES/data_1348044971.root 
/tmp/maxwoo/21EF1A6A9139C9FD2A38E59AFB466F9A_2427/INPUTFILES/data_1348113451.root 
/tmp/maxwoo/21EF1A6A9139C9FD2A38E59AFB466F9A_2427/INPUTFILES/data_1348113461.root 
/tmp/maxwoo/21EF1A6A9139C9FD2A38E59AFB466F9A_2427/INPUTFILES/data_1348113471.root 
/tmp/maxwoo/21EF1A6A9139C9FD2A38E59AFB466F9A_2427/INPUTFILES/data_1348113861.root 
/tmp/maxwoo/21EF1A6A9139C9FD2A38E59AFB466F9A_2427/INPUTFILES/data_1348114211.root 
/tmp/maxwoo/21EF1A6A9139C9FD2A38E59AFB466F9A_2427/INPUTFILES/data_1348144941.root 
/tmp/maxwoo/21EF1A6A9139C9FD2A38E59AFB466F9A_2427/INPUTFILES/data_1348144951.root 
/tmp/maxwoo/21EF1A6A9139C9FD2A38E59AFB466F9A_2427/INPUTFILES/data_1348193441.root 
/tmp/maxwoo/21EF1A6A9139C9FD2A38E59AFB466F9A_2427/INPUTFILES/data_1348193461.root 
/tmp/maxwoo/21EF1A6A9139C9FD2A38E59AFB466F9A_2427/INPUTFILES/data_1348193471.root 
/tmp/maxwoo/21EF1A6A9139C9FD2A38E59AFB466F9A_2427/INPUTFILES/data_1348193481.root 
/tmp/maxwoo/21EF1A6A9139C9FD2A38E59AFB466F9A_2427/INPUTFILES/data_1348193501.root 
/tmp/maxwoo/21EF1A6A9139C9FD2A38E59AFB466F9A_2427/INPUTFILES/data_1348193511.root 
/tmp/maxwoo/21EF1A6A9139C9FD2A38E59AFB466F9A_2427/INPUTFILES/data_1348193551.root 
/tmp/maxwoo/21EF1A6A9139C9FD2A38E59AFB466F9A_2427/INPUTFILES/data_1348193611.root 
/tmp/maxwoo/21EF1A6A9139C9FD2A38E59AFB466F9A_2427/INPUTFILES/data_1348193621.root 
/tmp/maxwoo/21EF1A6A9139C9FD2A38E59AFB466F9A_2427/INPUTFILES/data_1348193631.root 
/tmp/maxwoo/21EF1A6A9139C9FD2A38E59AFB466F9A_2427/INPUTFILES/data_1348193691.root 
/tmp/maxwoo/21EF1A6A9139C9FD2A38E59AFB466F9A_2427/INPUTFILES/data_1348193811.root 
/tmp/maxwoo/21EF1A6A9139C9FD2A38E59AFB466F9A_2427/INPUTFILES/data_1348196951.root 
/tmp/maxwoo/21EF1A6A9139C9FD2A38E59AFB466F9A_2427/INPUTFILES/data_1348197201.root 
++++++++++++++++++++find.++++++++++++++++++++++
.
./INPUTFILES
./INPUTFILES/data_1348197201.root
./INPUTFILES/data_1348193471.root
./INPUTFILES/data_1348113461.root
./INPUTFILES/data_1348193551.root
./INPUTFILES/data_1348044971.root
./INPUTFILES/data_1347645261.root
./INPUTFILES/data_1347944991.root
./INPUTFILES/data_1347845041.root
./INPUTFILES/data_1348193501.root
./INPUTFILES/data_1348113451.root
./INPUTFILES/data_1347545111.root
./INPUTFILES/data_1348044961.root
./INPUTFILES/data_1347745021.root
./INPUTFILES/data_1348193691.root
./INPUTFILES/data_1347745031.root
./INPUTFILES/data_1348193811.root
./INPUTFILES/data_1347944981.root
./INPUTFILES/21EF1A6A9139C9FD2A38E59AFB466F9A_2427.local.list
./INPUTFILES/data_1347545091.root
./INPUTFILES/data_1348193511.root
./INPUTFILES/data_1347645071.root
./INPUTFILES/data_1348193611.root
./INPUTFILES/data_1348113861.root
./INPUTFILES/data_1347645051.root
./INPUTFILES/data_1347545101.root
./INPUTFILES/data_1348113471.root
./INPUTFILES/data_1347645061.root
./INPUTFILES/data_1348144951.root
./INPUTFILES/data_1347845001.root
./INPUTFILES/data_1347745011.root
./INPUTFILES/data_1348193441.root
./INPUTFILES/data_1348114211.root
./INPUTFILES/data_1348193481.root
./INPUTFILES/data_1348196951.root
./INPUTFILES/data_1348193621.root
./INPUTFILES/data_1348193631.root
./INPUTFILES/data_1348144941.root
./INPUTFILES/data_1348193461.root
./Check_Sness.C
./lib
./lib/MixedBuffer_cpp.so
./lib/my_particle.cpp
./lib/CenMaker_cpp.so
./lib/NpartNormalizer_cpp.so
./lib/MixedBuffer_cpp_ACLiC_dict_rdict.pcm
./lib/my_event_cpp.d
./lib/CenMaker.cpp
./lib/my_event.cpp
./lib/NpartNormalizer.cpp
./lib/my_particle_cpp.so
./lib/NpartNormalizer_cpp_ACLiC_dict_rdict.pcm
./lib/CenMaker.h
./lib/my_event_cpp.so
./lib/NpartNormalizer_cpp.d
./lib/my_particle.h
./lib/CenMaker_cpp_ACLiC_dict_rdict.pcm
./lib/my_particle_cpp.d
./lib/MixedBuffer.h
./lib/my_event.h
./lib/NpartNormalizer.h
./lib/my_event_cpp_ACLiC_dict_rdict.pcm
./lib/MixedBuffer.cpp
./lib/MixedBuffer_cpp.d
./lib/CenMaker_cpp.d
./lib/my_particle_cpp_ACLiC_dict_rdict.pcm
./.output.log
./check_S.C
./.sandboxFiles
./.errror.log
++++++++++++++++INPUTFILE Var++++++++++++++++++
FILELIST=/tmp/maxwoo/21EF1A6A9139C9FD2A38E59AFB466F9A_2427/INPUTFILES/21EF1A6A9139C9FD2A38E59AFB466F9A_2427.local.list
INPUTFILECOUNT=37
INPUTFILE0=/tmp/maxwoo/21EF1A6A9139C9FD2A38E59AFB466F9A_2427/INPUTFILES/data_1347545091.root
INPUTFILE1=/tmp/maxwoo/21EF1A6A9139C9FD2A38E59AFB466F9A_2427/INPUTFILES/data_1347545101.root
INPUTFILE2=/tmp/maxwoo/21EF1A6A9139C9FD2A38E59AFB466F9A_2427/INPUTFILES/data_1347545111.root
INPUTFILE3=/tmp/maxwoo/21EF1A6A9139C9FD2A38E59AFB466F9A_2427/INPUTFILES/data_1347645051.root
INPUTFILE4=/tmp/maxwoo/21EF1A6A9139C9FD2A38E59AFB466F9A_2427/INPUTFILES/data_1347645061.root
INPUTFILE5=/tmp/maxwoo/21EF1A6A9139C9FD2A38E59AFB466F9A_2427/INPUTFILES/data_1347645071.root
INPUTFILE6=/tmp/maxwoo/21EF1A6A9139C9FD2A38E59AFB466F9A_2427/INPUTFILES/data_1347645261.root
INPUTFILE7=/tmp/maxwoo/21EF1A6A9139C9FD2A38E59AFB466F9A_2427/INPUTFILES/data_1347745011.root
INPUTFILE8=/tmp/maxwoo/21EF1A6A9139C9FD2A38E59AFB466F9A_2427/INPUTFILES/data_1347745021.root
INPUTFILE9=/tmp/maxwoo/21EF1A6A9139C9FD2A38E59AFB466F9A_2427/INPUTFILES/data_1347745031.root
INPUTFILE10=/tmp/maxwoo/21EF1A6A9139C9FD2A38E59AFB466F9A_2427/INPUTFILES/data_1347845001.root
INPUTFILE11=/tmp/maxwoo/21EF1A6A9139C9FD2A38E59AFB466F9A_2427/INPUTFILES/data_1347845041.root
INPUTFILE12=/tmp/maxwoo/21EF1A6A9139C9FD2A38E59AFB466F9A_2427/INPUTFILES/data_1347944981.root
INPUTFILE13=/tmp/maxwoo/21EF1A6A9139C9FD2A38E59AFB466F9A_2427/INPUTFILES/data_1347944991.root
INPUTFILE14=/tmp/maxwoo/21EF1A6A9139C9FD2A38E59AFB466F9A_2427/INPUTFILES/data_1348044961.root
INPUTFILE15=/tmp/maxwoo/21EF1A6A9139C9FD2A38E59AFB466F9A_2427/INPUTFILES/data_1348044971.root
INPUTFILE16=/tmp/maxwoo/21EF1A6A9139C9FD2A38E59AFB466F9A_2427/INPUTFILES/data_1348113451.root
INPUTFILE17=/tmp/maxwoo/21EF1A6A9139C9FD2A38E59AFB466F9A_2427/INPUTFILES/data_1348113461.root
INPUTFILE18=/tmp/maxwoo/21EF1A6A9139C9FD2A38E59AFB466F9A_2427/INPUTFILES/data_1348113471.root
INPUTFILE19=/tmp/maxwoo/21EF1A6A9139C9FD2A38E59AFB466F9A_2427/INPUTFILES/data_1348113861.root
INPUTFILE20=/tmp/maxwoo/21EF1A6A9139C9FD2A38E59AFB466F9A_2427/INPUTFILES/data_1348114211.root
INPUTFILE21=/tmp/maxwoo/21EF1A6A9139C9FD2A38E59AFB466F9A_2427/INPUTFILES/data_1348144941.root
INPUTFILE22=/tmp/maxwoo/21EF1A6A9139C9FD2A38E59AFB466F9A_2427/INPUTFILES/data_1348144951.root
INPUTFILE23=/tmp/maxwoo/21EF1A6A9139C9FD2A38E59AFB466F9A_2427/INPUTFILES/data_1348193441.root
INPUTFILE24=/tmp/maxwoo/21EF1A6A9139C9FD2A38E59AFB466F9A_2427/INPUTFILES/data_1348193461.root
INPUTFILE25=/tmp/maxwoo/21EF1A6A9139C9FD2A38E59AFB466F9A_2427/INPUTFILES/data_1348193471.root
INPUTFILE26=/tmp/maxwoo/21EF1A6A9139C9FD2A38E59AFB466F9A_2427/INPUTFILES/data_1348193481.root
INPUTFILE27=/tmp/maxwoo/21EF1A6A9139C9FD2A38E59AFB466F9A_2427/INPUTFILES/data_1348193501.root
INPUTFILE28=/tmp/maxwoo/21EF1A6A9139C9FD2A38E59AFB466F9A_2427/INPUTFILES/data_1348193511.root
INPUTFILE29=/tmp/maxwoo/21EF1A6A9139C9FD2A38E59AFB466F9A_2427/INPUTFILES/data_1348193551.root
INPUTFILE30=/tmp/maxwoo/21EF1A6A9139C9FD2A38E59AFB466F9A_2427/INPUTFILES/data_1348193611.root
INPUTFILE31=/tmp/maxwoo/21EF1A6A9139C9FD2A38E59AFB466F9A_2427/INPUTFILES/data_1348193621.root
INPUTFILE32=/tmp/maxwoo/21EF1A6A9139C9FD2A38E59AFB466F9A_2427/INPUTFILES/data_1348193631.root
INPUTFILE33=/tmp/maxwoo/21EF1A6A9139C9FD2A38E59AFB466F9A_2427/INPUTFILES/data_1348193691.root
INPUTFILE34=/tmp/maxwoo/21EF1A6A9139C9FD2A38E59AFB466F9A_2427/INPUTFILES/data_1348193811.root
INPUTFILE35=/tmp/maxwoo/21EF1A6A9139C9FD2A38E59AFB466F9A_2427/INPUTFILES/data_1348196951.root
INPUTFILE36=/tmp/maxwoo/21EF1A6A9139C9FD2A38E59AFB466F9A_2427/INPUTFILES/data_1348197201.root
LocalInputFileDir=/tmp/maxwoo/21EF1A6A9139C9FD2A38E59AFB466F9A_2427/INPUTFILES
NewFILELIST=/tmp/maxwoo/21EF1A6A9139C9FD2A38E59AFB466F9A_2427/INPUTFILES/21EF1A6A9139C9FD2A38E59AFB466F9A_2427.local.list
+++++++++++++++++++++++++++++++++++++++++++++++
--------------------------------
Simple Unified Meta Scheduler 1.10.50 we are starting in $SCRATCH : /home/tmp/maxwoo/21EF1A6A9139C9FD2A38E59AFB466F9A_2427
--------------------------------
total 16
lrwxrwxrwx 1 maxwoo rhstar   61 Jun  2 10:58 check_S.C -> /gpfs/mnt/gpfs01/star/pwg/xiatong/git/strangeness/./check_S.C
lrwxrwxrwx 1 maxwoo rhstar   65 Jun  2 10:58 Check_Sness.C -> /gpfs/mnt/gpfs01/star/pwg/xiatong/git/strangeness/./Check_Sness.C
drwxr-xr-x 2 maxwoo rhstar 4096 Jun  2 11:01 INPUTFILES
drwxr-xr-x 2 maxwoo rhstar 4096 Jun  2 10:58 lib
  *******************************************
  *                                         *
  *        W E L C O M E  to  R O O T       *
  *                                         *
  *   Version   5.34/38     12 March 2018   *
  *                                         *
  *  You are welcome to visit our Web site  *
  *          http://root.cern.ch            *
  *                                         *
  *******************************************

ROOT 5.34/38 (v5-34-38@v5-34-38, Mar 12 2018, 15:49:39 on linux)

CINT/ROOT C/C++ Interpreter version 5.18.00, July 2, 2010
Type ? for help. Commands must be C++ statements.
Enclose multiple statements between { }.
*** Float Point Exception is OFF ***
 *** Start at Date : Thu Jun  2 11:01:12 2022
QAInfo:You are using STAR_LEVEL : dev, ROOT_LEVEL : 5.34.38 and node : spool0118.sdcc.bnl.gov 

Processing check_S.C++("/tmp/maxwoo/21EF1A6A9139C9FD2A38E59AFB466F9A_2427/INPUTFILES/21EF1A6A9139C9FD2A38E59AFB466F9A_2427.local.list","21EF1A6A9139C9FD2A38E59AFB466F9A_2427",1)...
/tmp/maxwoo/21EF1A6A9139C9FD2A38E59AFB466F9A_2427/INPUTFILES/data_1347545091.root 
/tmp/maxwoo/21EF1A6A9139C9FD2A38E59AFB466F9A_2427/INPUTFILES/data_1347545101.root 
/tmp/maxwoo/21EF1A6A9139C9FD2A38E59AFB466F9A_2427/INPUTFILES/data_1347545111.root 
/tmp/maxwoo/21EF1A6A9139C9FD2A38E59AFB466F9A_2427/INPUTFILES/data_1347645051.root 
/tmp/maxwoo/21EF1A6A9139C9FD2A38E59AFB466F9A_2427/INPUTFILES/data_1347645061.root 
/tmp/maxwoo/21EF1A6A9139C9FD2A38E59AFB466F9A_2427/INPUTFILES/data_1347645071.root 
/tmp/maxwoo/21EF1A6A9139C9FD2A38E59AFB466F9A_2427/INPUTFILES/data_1347645261.root 
/tmp/maxwoo/21EF1A6A9139C9FD2A38E59AFB466F9A_2427/INPUTFILES/data_1347745011.root 
/tmp/maxwoo/21EF1A6A9139C9FD2A38E59AFB466F9A_2427/INPUTFILES/data_1347745021.root 
/tmp/maxwoo/21EF1A6A9139C9FD2A38E59AFB466F9A_2427/INPUTFILES/data_1347745031.root 
/tmp/maxwoo/21EF1A6A9139C9FD2A38E59AFB466F9A_2427/INPUTFILES/data_1347845001.root 
/tmp/maxwoo/21EF1A6A9139C9FD2A38E59AFB466F9A_2427/INPUTFILES/data_1347845041.root 
/tmp/maxwoo/21EF1A6A9139C9FD2A38E59AFB466F9A_2427/INPUTFILES/data_1347944981.root 
/tmp/maxwoo/21EF1A6A9139C9FD2A38E59AFB466F9A_2427/INPUTFILES/data_1347944991.root 
/tmp/maxwoo/21EF1A6A9139C9FD2A38E59AFB466F9A_2427/INPUTFILES/data_1348044961.root 
/tmp/maxwoo/21EF1A6A9139C9FD2A38E59AFB466F9A_2427/INPUTFILES/data_1348044971.root 
/tmp/maxwoo/21EF1A6A9139C9FD2A38E59AFB466F9A_2427/INPUTFILES/data_1348113451.root 
/tmp/maxwoo/21EF1A6A9139C9FD2A38E59AFB466F9A_2427/INPUTFILES/data_1348113461.root 
/tmp/maxwoo/21EF1A6A9139C9FD2A38E59AFB466F9A_2427/INPUTFILES/data_1348113471.root 
/tmp/maxwoo/21EF1A6A9139C9FD2A38E59AFB466F9A_2427/INPUTFILES/data_1348113861.root 
/tmp/maxwoo/21EF1A6A9139C9FD2A38E59AFB466F9A_2427/INPUTFILES/data_1348114211.root 
/tmp/maxwoo/21EF1A6A9139C9FD2A38E59AFB466F9A_2427/INPUTFILES/data_1348144941.root 
/tmp/maxwoo/21EF1A6A9139C9FD2A38E59AFB466F9A_2427/INPUTFILES/data_1348144951.root 
/tmp/maxwoo/21EF1A6A9139C9FD2A38E59AFB466F9A_2427/INPUTFILES/data_1348193441.root 
/tmp/maxwoo/21EF1A6A9139C9FD2A38E59AFB466F9A_2427/INPUTFILES/data_1348193461.root 
/tmp/maxwoo/21EF1A6A9139C9FD2A38E59AFB466F9A_2427/INPUTFILES/data_1348193471.root 
/tmp/maxwoo/21EF1A6A9139C9FD2A38E59AFB466F9A_2427/INPUTFILES/data_1348193481.root 
/tmp/maxwoo/21EF1A6A9139C9FD2A38E59AFB466F9A_2427/INPUTFILES/data_1348193501.root 
/tmp/maxwoo/21EF1A6A9139C9FD2A38E59AFB466F9A_2427/INPUTFILES/data_1348193511.root 
/tmp/maxwoo/21EF1A6A9139C9FD2A38E59AFB466F9A_2427/INPUTFILES/data_1348193551.root 
/tmp/maxwoo/21EF1A6A9139C9FD2A38E59AFB466F9A_2427/INPUTFILES/data_1348193611.root 
/tmp/maxwoo/21EF1A6A9139C9FD2A38E59AFB466F9A_2427/INPUTFILES/data_1348193621.root 
/tmp/maxwoo/21EF1A6A9139C9FD2A38E59AFB466F9A_2427/INPUTFILES/data_1348193631.root 
/tmp/maxwoo/21EF1A6A9139C9FD2A38E59AFB466F9A_2427/INPUTFILES/data_1348193691.root 
/tmp/maxwoo/21EF1A6A9139C9FD2A38E59AFB466F9A_2427/INPUTFILES/data_1348193811.root 
/tmp/maxwoo/21EF1A6A9139C9FD2A38E59AFB466F9A_2427/INPUTFILES/data_1348196951.root 
/tmp/maxwoo/21EF1A6A9139C9FD2A38E59AFB466F9A_2427/INPUTFILES/data_1348197201.root 
Added 37 files
# entries in chain: 37000
Processing entry == 1000 == out of 37000.
Processing entry == 2000 == out of 37000.
Processing entry == 3000 == out of 37000.
Processing entry == 4000 == out of 37000.
Processing entry == 5000 == out of 37000.
Processing entry == 6000 == out of 37000.
Processing entry == 7000 == out of 37000.
Processing entry == 8000 == out of 37000.
Processing entry == 9000 == out of 37000.
Processing entry == 10000 == out of 37000.
Processing entry == 11000 == out of 37000.
Processing entry == 12000 == out of 37000.
Processing entry == 13000 == out of 37000.
Processing entry == 14000 == out of 37000.
Processing entry == 15000 == out of 37000.
Processing entry == 16000 == out of 37000.
Processing entry == 17000 == out of 37000.
Processing entry == 18000 == out of 37000.
Processing entry == 19000 == out of 37000.
Processing entry == 20000 == out of 37000.
Processing entry == 21000 == out of 37000.
Processing entry == 22000 == out of 37000.
Processing entry == 23000 == out of 37000.
Processing entry == 24000 == out of 37000.
Processing entry == 25000 == out of 37000.
Processing entry == 26000 == out of 37000.
Processing entry == 27000 == out of 37000.
Processing entry == 28000 == out of 37000.
Processing entry == 29000 == out of 37000.
Processing entry == 30000 == out of 37000.
Processing entry == 31000 == out of 37000.
Processing entry == 32000 == out of 37000.
Processing entry == 33000 == out of 37000.
Processing entry == 34000 == out of 37000.
Processing entry == 35000 == out of 37000.
Processing entry == 36000 == out of 37000.
Processing entry == 37000 == out of 37000.

This is the end of ROOT -- Goodbye

Cleaning up sandbox file:  /tmp/maxwoo/21EF1A6A9139C9FD2A38E59AFB466F9A_2427/check_S.C
Cleaning up sandbox file:  /tmp/maxwoo/21EF1A6A9139C9FD2A38E59AFB466F9A_2427/Check_Sness.C
Cleaning up sandbox file:  /tmp/maxwoo/21EF1A6A9139C9FD2A38E59AFB466F9A_2427/lib
Cleaning up sandbox file:  /tmp/maxwoo/21EF1A6A9139C9FD2A38E59AFB466F9A_2427/.sandboxFiles
Starting copy block
Running copy command:  /bin/cp -fp /tmp/maxwoo/21EF1A6A9139C9FD2A38E59AFB466F9A_2427/out_21EF1A6A9139C9FD2A38E59AFB466F9A_2427.root /star/data01/pwg/xiatong/git/strangeness/data/
265711 Execution of (/star/data01/pwg/xiatong/git/strangeness/script/sched21EF1A6A9139C9FD2A38E59AFB466F9A_2427.csh ) has ended, exiting normally
265711 We END on [Thu Jun  2 11:22:17 EDT 2022]
