We are starting on node: rcas2962.rcf.bnl.gov
HOME is not defined
Using getent method
HOME is now /star/u/maxwoo
6435 We will spawn ourselves (/star/data01/pwg/xiatong/git/strangeness/script/sched21EF1A6A9139C9FD2A38E59AFB466F9A_348.csh )
6435 We BEGIN on [Thu Jun  2 11:37:16 EDT 2022]
[1] 6619
6435 We are waiting for 6619 
6435 Grandchild PID is 6638 - found in 0 x 1 seconds
6435 Establishing first watcher   on    Thu Jun  2 11:37:16 EDT 2022
6435 Process tree is 6435 (main) -> 6619 (child) -> 6638 (grandchild)
F S   UID   PID  PPID  C PRI  NI ADDR SZ WCHAN  TTY        TIME CMD
6435 Grandchild PID is 7994 - found in 10 x 2 seconds
6435 Grandchild to watch has changed on Thu Jun  2 11:37:37 EDT 2022
6435 Process tree is 6435 (main) -> 6619 (child) -> 7994 (grandchild)
F S   UID   PID  PPID  C PRI  NI ADDR SZ WCHAN  TTY        TIME CMD
0 D 100667 7994  6619  0  80   0 - 32311 cxiWai ?          0:00 cp /star/data01/pwg/xiatong/AMPT/14GeV/data_167433481.root /tmp/maxwoo/21EF1A6A9139C9FD2A38E59AFB466F9A_348/INPUTFILES/data_167433481.root
6435 Grandchild PID is 10865 - found in 20 x 2 seconds
6435 Grandchild to watch has changed on Thu Jun  2 11:37:57 EDT 2022
6435 Process tree is 6435 (main) -> 6619 (child) -> 10865 (grandchild)
F S   UID   PID  PPID  C PRI  NI ADDR SZ WCHAN  TTY        TIME CMD
0 D 100667 10865 6619  0  80   0 - 32311 cxiWai ?          0:00 cp /star/data01/pwg/xiatong/AMPT/14GeV/data_167433521.root /tmp/maxwoo/21EF1A6A9139C9FD2A38E59AFB466F9A_348/INPUTFILES/data_167433521.root
6435 Grandchild PID is 12447 - found in 40 x 2 seconds
6435 Grandchild to watch has changed on Thu Jun  2 11:38:39 EDT 2022
6435 Process tree is 6435 (main) -> 6619 (child) -> 12447 (grandchild)
F S   UID   PID  PPID  C PRI  NI ADDR SZ WCHAN  TTY        TIME CMD
0 D 100667 12447 6619  0  80   0 - 32311 cxiWai ?          0:00 cp /star/data01/pwg/xiatong/AMPT/14GeV/data_167529361.root /tmp/maxwoo/21EF1A6A9139C9FD2A38E59AFB466F9A_348/INPUTFILES/data_167529361.root
6435 Grandchild PID is 14076 - found in 50 x 2 seconds
6435 Grandchild to watch has changed on Thu Jun  2 11:39:00 EDT 2022
6435 Process tree is 6435 (main) -> 6619 (child) -> 14076 (grandchild)
F S   UID   PID  PPID  C PRI  NI ADDR SZ WCHAN  TTY        TIME CMD
0 D 100667 14076 6619  0  80   0 - 32311 cxiWai ?          0:00 cp /star/data01/pwg/xiatong/AMPT/14GeV/data_167533471.root /tmp/maxwoo/21EF1A6A9139C9FD2A38E59AFB466F9A_348/INPUTFILES/data_167533471.root
6435 Grandchild PID is 17079 - found in 80 x 2 seconds
6435 Grandchild to watch has changed on Thu Jun  2 11:40:02 EDT 2022
6435 Process tree is 6435 (main) -> 6619 (child) -> 17079 (grandchild)
F S   UID   PID  PPID  C PRI  NI ADDR SZ WCHAN  TTY        TIME CMD
0 D 100667 17079 6619  0  80   0 - 32311 cxiWai ?          0:00 cp /star/data01/pwg/xiatong/AMPT/14GeV/data_167533961.root /tmp/maxwoo/21EF1A6A9139C9FD2A38E59AFB466F9A_348/INPUTFILES/data_167533961.root
6435 Grandchild PID is 19865 - found in 100 x 2 seconds
6435 Grandchild to watch has changed on Thu Jun  2 11:40:43 EDT 2022
6435 Process tree is 6435 (main) -> 6619 (child) -> 19865 (grandchild)
F S   UID   PID  PPID  C PRI  NI ADDR SZ WCHAN  TTY        TIME CMD
0 S 100667 19865 6619  0  80   0 -  1272 do_wai ?          0:00 root -b -q check_S.C++("/tmp/maxwoo/21EF1A6A9139C9FD2A38E59AFB466F9A_348/INPUTFILES/21EF1A6A9139C9FD2A38E59AFB466F9A_348.local.list","21EF1A6A9139C9FD2A38E59AFB466F9A_348",1)
6619 Stepping into the main SUMS wrapper program with []
.... building sandbox
Running: cp /star/data01/pwg/xiatong/AMPT/14GeV/data_167351981.root /tmp/maxwoo/21EF1A6A9139C9FD2A38E59AFB466F9A_348/INPUTFILES/data_167351981.root
Running: cp /star/data01/pwg/xiatong/AMPT/14GeV/data_167428951.root /tmp/maxwoo/21EF1A6A9139C9FD2A38E59AFB466F9A_348/INPUTFILES/data_167428951.root
Running: cp /star/data01/pwg/xiatong/AMPT/14GeV/data_167428971.root /tmp/maxwoo/21EF1A6A9139C9FD2A38E59AFB466F9A_348/INPUTFILES/data_167428971.root
Running: cp /star/data01/pwg/xiatong/AMPT/14GeV/data_167428981.root /tmp/maxwoo/21EF1A6A9139C9FD2A38E59AFB466F9A_348/INPUTFILES/data_167428981.root
Running: cp /star/data01/pwg/xiatong/AMPT/14GeV/data_167429041.root /tmp/maxwoo/21EF1A6A9139C9FD2A38E59AFB466F9A_348/INPUTFILES/data_167429041.root
Running: cp /star/data01/pwg/xiatong/AMPT/14GeV/data_167429051.root /tmp/maxwoo/21EF1A6A9139C9FD2A38E59AFB466F9A_348/INPUTFILES/data_167429051.root
Running: cp /star/data01/pwg/xiatong/AMPT/14GeV/data_167429071.root /tmp/maxwoo/21EF1A6A9139C9FD2A38E59AFB466F9A_348/INPUTFILES/data_167429071.root
Running: cp /star/data01/pwg/xiatong/AMPT/14GeV/data_167429331.root /tmp/maxwoo/21EF1A6A9139C9FD2A38E59AFB466F9A_348/INPUTFILES/data_167429331.root
Running: cp /star/data01/pwg/xiatong/AMPT/14GeV/data_167429501.root /tmp/maxwoo/21EF1A6A9139C9FD2A38E59AFB466F9A_348/INPUTFILES/data_167429501.root
Running: cp /star/data01/pwg/xiatong/AMPT/14GeV/data_167429601.root /tmp/maxwoo/21EF1A6A9139C9FD2A38E59AFB466F9A_348/INPUTFILES/data_167429601.root
Running: cp /star/data01/pwg/xiatong/AMPT/14GeV/data_167429991.root /tmp/maxwoo/21EF1A6A9139C9FD2A38E59AFB466F9A_348/INPUTFILES/data_167429991.root
Running: cp /star/data01/pwg/xiatong/AMPT/14GeV/data_167430161.root /tmp/maxwoo/21EF1A6A9139C9FD2A38E59AFB466F9A_348/INPUTFILES/data_167430161.root
Running: cp /star/data01/pwg/xiatong/AMPT/14GeV/data_167430471.root /tmp/maxwoo/21EF1A6A9139C9FD2A38E59AFB466F9A_348/INPUTFILES/data_167430471.root
Running: cp /star/data01/pwg/xiatong/AMPT/14GeV/data_167433091.root /tmp/maxwoo/21EF1A6A9139C9FD2A38E59AFB466F9A_348/INPUTFILES/data_167433091.root
Running: cp /star/data01/pwg/xiatong/AMPT/14GeV/data_167433231.root /tmp/maxwoo/21EF1A6A9139C9FD2A38E59AFB466F9A_348/INPUTFILES/data_167433231.root
Running: cp /star/data01/pwg/xiatong/AMPT/14GeV/data_167433351.root /tmp/maxwoo/21EF1A6A9139C9FD2A38E59AFB466F9A_348/INPUTFILES/data_167433351.root
Running: cp /star/data01/pwg/xiatong/AMPT/14GeV/data_167433401.root /tmp/maxwoo/21EF1A6A9139C9FD2A38E59AFB466F9A_348/INPUTFILES/data_167433401.root
Running: cp /star/data01/pwg/xiatong/AMPT/14GeV/data_167433441.root /tmp/maxwoo/21EF1A6A9139C9FD2A38E59AFB466F9A_348/INPUTFILES/data_167433441.root
Running: cp /star/data01/pwg/xiatong/AMPT/14GeV/data_167433481.root /tmp/maxwoo/21EF1A6A9139C9FD2A38E59AFB466F9A_348/INPUTFILES/data_167433481.root
Running: cp /star/data01/pwg/xiatong/AMPT/14GeV/data_167433491.root /tmp/maxwoo/21EF1A6A9139C9FD2A38E59AFB466F9A_348/INPUTFILES/data_167433491.root
Running: cp /star/data01/pwg/xiatong/AMPT/14GeV/data_167433501.root /tmp/maxwoo/21EF1A6A9139C9FD2A38E59AFB466F9A_348/INPUTFILES/data_167433501.root
Running: cp /star/data01/pwg/xiatong/AMPT/14GeV/data_167433521.root /tmp/maxwoo/21EF1A6A9139C9FD2A38E59AFB466F9A_348/INPUTFILES/data_167433521.root
Running: cp /star/data01/pwg/xiatong/AMPT/14GeV/data_167433621.root /tmp/maxwoo/21EF1A6A9139C9FD2A38E59AFB466F9A_348/INPUTFILES/data_167433621.root
Running: cp /star/data01/pwg/xiatong/AMPT/14GeV/data_167528931.root /tmp/maxwoo/21EF1A6A9139C9FD2A38E59AFB466F9A_348/INPUTFILES/data_167528931.root
Running: cp /star/data01/pwg/xiatong/AMPT/14GeV/data_167528941.root /tmp/maxwoo/21EF1A6A9139C9FD2A38E59AFB466F9A_348/INPUTFILES/data_167528941.root
Running: cp /star/data01/pwg/xiatong/AMPT/14GeV/data_167528961.root /tmp/maxwoo/21EF1A6A9139C9FD2A38E59AFB466F9A_348/INPUTFILES/data_167528961.root
Running: cp /star/data01/pwg/xiatong/AMPT/14GeV/data_167529361.root /tmp/maxwoo/21EF1A6A9139C9FD2A38E59AFB466F9A_348/INPUTFILES/data_167529361.root
Running: cp /star/data01/pwg/xiatong/AMPT/14GeV/data_167530751.root /tmp/maxwoo/21EF1A6A9139C9FD2A38E59AFB466F9A_348/INPUTFILES/data_167530751.root
Running: cp /star/data01/pwg/xiatong/AMPT/14GeV/data_167533471.root /tmp/maxwoo/21EF1A6A9139C9FD2A38E59AFB466F9A_348/INPUTFILES/data_167533471.root
Running: cp /star/data01/pwg/xiatong/AMPT/14GeV/data_167533861.root /tmp/maxwoo/21EF1A6A9139C9FD2A38E59AFB466F9A_348/INPUTFILES/data_167533861.root
Running: cp /star/data01/pwg/xiatong/AMPT/14GeV/data_167533891.root /tmp/maxwoo/21EF1A6A9139C9FD2A38E59AFB466F9A_348/INPUTFILES/data_167533891.root
Running: cp /star/data01/pwg/xiatong/AMPT/14GeV/data_167533941.root /tmp/maxwoo/21EF1A6A9139C9FD2A38E59AFB466F9A_348/INPUTFILES/data_167533941.root
Running: cp /star/data01/pwg/xiatong/AMPT/14GeV/data_167533961.root /tmp/maxwoo/21EF1A6A9139C9FD2A38E59AFB466F9A_348/INPUTFILES/data_167533961.root
Running: cp /star/data01/pwg/xiatong/AMPT/14GeV/data_167551971.root /tmp/maxwoo/21EF1A6A9139C9FD2A38E59AFB466F9A_348/INPUTFILES/data_167551971.root
Running: cp /star/data01/pwg/xiatong/AMPT/14GeV/data_167628531.root /tmp/maxwoo/21EF1A6A9139C9FD2A38E59AFB466F9A_348/INPUTFILES/data_167628531.root
Running: cp /star/data01/pwg/xiatong/AMPT/14GeV/data_167628601.root /tmp/maxwoo/21EF1A6A9139C9FD2A38E59AFB466F9A_348/INPUTFILES/data_167628601.root
Running: cp /star/data01/pwg/xiatong/AMPT/14GeV/data_167628681.root /tmp/maxwoo/21EF1A6A9139C9FD2A38E59AFB466F9A_348/INPUTFILES/data_167628681.root
Swapping $FILELIST with: /tmp/maxwoo/21EF1A6A9139C9FD2A38E59AFB466F9A_348/INPUTFILES/21EF1A6A9139C9FD2A38E59AFB466F9A_348.local.list
+++++++++++local copy debug++++++++++++++++++++
newFileList: /tmp/maxwoo/21EF1A6A9139C9FD2A38E59AFB466F9A_348/INPUTFILES/21EF1A6A9139C9FD2A38E59AFB466F9A_348.local.list
++++++++++++++++cat FILELIST+++++++++++++++++++
/tmp/maxwoo/21EF1A6A9139C9FD2A38E59AFB466F9A_348/INPUTFILES/data_167351981.root 
/tmp/maxwoo/21EF1A6A9139C9FD2A38E59AFB466F9A_348/INPUTFILES/data_167428951.root 
/tmp/maxwoo/21EF1A6A9139C9FD2A38E59AFB466F9A_348/INPUTFILES/data_167428971.root 
/tmp/maxwoo/21EF1A6A9139C9FD2A38E59AFB466F9A_348/INPUTFILES/data_167428981.root 
/tmp/maxwoo/21EF1A6A9139C9FD2A38E59AFB466F9A_348/INPUTFILES/data_167429041.root 
/tmp/maxwoo/21EF1A6A9139C9FD2A38E59AFB466F9A_348/INPUTFILES/data_167429051.root 
/tmp/maxwoo/21EF1A6A9139C9FD2A38E59AFB466F9A_348/INPUTFILES/data_167429071.root 
/tmp/maxwoo/21EF1A6A9139C9FD2A38E59AFB466F9A_348/INPUTFILES/data_167429331.root 
/tmp/maxwoo/21EF1A6A9139C9FD2A38E59AFB466F9A_348/INPUTFILES/data_167429501.root 
/tmp/maxwoo/21EF1A6A9139C9FD2A38E59AFB466F9A_348/INPUTFILES/data_167429601.root 
/tmp/maxwoo/21EF1A6A9139C9FD2A38E59AFB466F9A_348/INPUTFILES/data_167429991.root 
/tmp/maxwoo/21EF1A6A9139C9FD2A38E59AFB466F9A_348/INPUTFILES/data_167430161.root 
/tmp/maxwoo/21EF1A6A9139C9FD2A38E59AFB466F9A_348/INPUTFILES/data_167430471.root 
/tmp/maxwoo/21EF1A6A9139C9FD2A38E59AFB466F9A_348/INPUTFILES/data_167433091.root 
/tmp/maxwoo/21EF1A6A9139C9FD2A38E59AFB466F9A_348/INPUTFILES/data_167433231.root 
/tmp/maxwoo/21EF1A6A9139C9FD2A38E59AFB466F9A_348/INPUTFILES/data_167433351.root 
/tmp/maxwoo/21EF1A6A9139C9FD2A38E59AFB466F9A_348/INPUTFILES/data_167433401.root 
/tmp/maxwoo/21EF1A6A9139C9FD2A38E59AFB466F9A_348/INPUTFILES/data_167433441.root 
/tmp/maxwoo/21EF1A6A9139C9FD2A38E59AFB466F9A_348/INPUTFILES/data_167433481.root 
/tmp/maxwoo/21EF1A6A9139C9FD2A38E59AFB466F9A_348/INPUTFILES/data_167433491.root 
/tmp/maxwoo/21EF1A6A9139C9FD2A38E59AFB466F9A_348/INPUTFILES/data_167433501.root 
/tmp/maxwoo/21EF1A6A9139C9FD2A38E59AFB466F9A_348/INPUTFILES/data_167433521.root 
/tmp/maxwoo/21EF1A6A9139C9FD2A38E59AFB466F9A_348/INPUTFILES/data_167433621.root 
/tmp/maxwoo/21EF1A6A9139C9FD2A38E59AFB466F9A_348/INPUTFILES/data_167528931.root 
/tmp/maxwoo/21EF1A6A9139C9FD2A38E59AFB466F9A_348/INPUTFILES/data_167528941.root 
/tmp/maxwoo/21EF1A6A9139C9FD2A38E59AFB466F9A_348/INPUTFILES/data_167528961.root 
/tmp/maxwoo/21EF1A6A9139C9FD2A38E59AFB466F9A_348/INPUTFILES/data_167529361.root 
/tmp/maxwoo/21EF1A6A9139C9FD2A38E59AFB466F9A_348/INPUTFILES/data_167530751.root 
/tmp/maxwoo/21EF1A6A9139C9FD2A38E59AFB466F9A_348/INPUTFILES/data_167533471.root 
/tmp/maxwoo/21EF1A6A9139C9FD2A38E59AFB466F9A_348/INPUTFILES/data_167533861.root 
/tmp/maxwoo/21EF1A6A9139C9FD2A38E59AFB466F9A_348/INPUTFILES/data_167533891.root 
/tmp/maxwoo/21EF1A6A9139C9FD2A38E59AFB466F9A_348/INPUTFILES/data_167533941.root 
/tmp/maxwoo/21EF1A6A9139C9FD2A38E59AFB466F9A_348/INPUTFILES/data_167533961.root 
/tmp/maxwoo/21EF1A6A9139C9FD2A38E59AFB466F9A_348/INPUTFILES/data_167551971.root 
/tmp/maxwoo/21EF1A6A9139C9FD2A38E59AFB466F9A_348/INPUTFILES/data_167628531.root 
/tmp/maxwoo/21EF1A6A9139C9FD2A38E59AFB466F9A_348/INPUTFILES/data_167628601.root 
/tmp/maxwoo/21EF1A6A9139C9FD2A38E59AFB466F9A_348/INPUTFILES/data_167628681.root 
++++++++++++++++++++find.++++++++++++++++++++++
.
./lib
./lib/my_event_cpp_ACLiC_dict_rdict.pcm
./lib/MixedBuffer.h
./lib/NpartNormalizer_cpp_ACLiC_dict_rdict.pcm
./lib/MixedBuffer_cpp.so
./lib/my_particle_cpp.d
./lib/MixedBuffer_cpp_ACLiC_dict_rdict.pcm
./lib/MixedBuffer_cpp.d
./lib/CenMaker_cpp_ACLiC_dict_rdict.pcm
./lib/my_event.h
./lib/my_particle.h
./lib/my_particle_cpp_ACLiC_dict_rdict.pcm
./lib/CenMaker_cpp.d
./lib/CenMaker.cpp
./lib/my_event_cpp.d
./lib/NpartNormalizer_cpp.so
./lib/my_event.cpp
./lib/my_particle.cpp
./lib/CenMaker.h
./lib/NpartNormalizer.cpp
./lib/my_event_cpp.so
./lib/MixedBuffer.cpp
./lib/CenMaker_cpp.so
./lib/NpartNormalizer.h
./lib/NpartNormalizer_cpp.d
./lib/my_particle_cpp.so
./.output.log
./.sandboxFiles
./Check_Sness.C
./check_S.C
./.errror.log
./INPUTFILES
./INPUTFILES/data_167533941.root
./INPUTFILES/data_167430471.root
./INPUTFILES/data_167433351.root
./INPUTFILES/data_167433481.root
./INPUTFILES/data_167433401.root
./INPUTFILES/data_167429051.root
./INPUTFILES/data_167628531.root
./INPUTFILES/data_167430161.root
./INPUTFILES/data_167428971.root
./INPUTFILES/data_167628681.root
./INPUTFILES/data_167429601.root
./INPUTFILES/data_167428951.root
./INPUTFILES/data_167433091.root
./INPUTFILES/data_167551971.root
./INPUTFILES/data_167429071.root
./INPUTFILES/data_167429991.root
./INPUTFILES/data_167428981.root
./INPUTFILES/data_167433501.root
./INPUTFILES/data_167628601.root
./INPUTFILES/data_167528941.root
./INPUTFILES/data_167433621.root
./INPUTFILES/data_167429041.root
./INPUTFILES/data_167528931.root
./INPUTFILES/data_167433231.root
./INPUTFILES/data_167433491.root
./INPUTFILES/data_167429501.root
./INPUTFILES/data_167529361.root
./INPUTFILES/data_167533961.root
./INPUTFILES/data_167429331.root
./INPUTFILES/data_167351981.root
./INPUTFILES/data_167533471.root
./INPUTFILES/21EF1A6A9139C9FD2A38E59AFB466F9A_348.local.list
./INPUTFILES/data_167433441.root
./INPUTFILES/data_167530751.root
./INPUTFILES/data_167433521.root
./INPUTFILES/data_167528961.root
./INPUTFILES/data_167533891.root
./INPUTFILES/data_167533861.root
++++++++++++++++INPUTFILE Var++++++++++++++++++
FILELIST=/tmp/maxwoo/21EF1A6A9139C9FD2A38E59AFB466F9A_348/INPUTFILES/21EF1A6A9139C9FD2A38E59AFB466F9A_348.local.list
INPUTFILECOUNT=37
INPUTFILE0=/tmp/maxwoo/21EF1A6A9139C9FD2A38E59AFB466F9A_348/INPUTFILES/data_167351981.root
INPUTFILE1=/tmp/maxwoo/21EF1A6A9139C9FD2A38E59AFB466F9A_348/INPUTFILES/data_167428951.root
INPUTFILE2=/tmp/maxwoo/21EF1A6A9139C9FD2A38E59AFB466F9A_348/INPUTFILES/data_167428971.root
INPUTFILE3=/tmp/maxwoo/21EF1A6A9139C9FD2A38E59AFB466F9A_348/INPUTFILES/data_167428981.root
INPUTFILE4=/tmp/maxwoo/21EF1A6A9139C9FD2A38E59AFB466F9A_348/INPUTFILES/data_167429041.root
INPUTFILE5=/tmp/maxwoo/21EF1A6A9139C9FD2A38E59AFB466F9A_348/INPUTFILES/data_167429051.root
INPUTFILE6=/tmp/maxwoo/21EF1A6A9139C9FD2A38E59AFB466F9A_348/INPUTFILES/data_167429071.root
INPUTFILE7=/tmp/maxwoo/21EF1A6A9139C9FD2A38E59AFB466F9A_348/INPUTFILES/data_167429331.root
INPUTFILE8=/tmp/maxwoo/21EF1A6A9139C9FD2A38E59AFB466F9A_348/INPUTFILES/data_167429501.root
INPUTFILE9=/tmp/maxwoo/21EF1A6A9139C9FD2A38E59AFB466F9A_348/INPUTFILES/data_167429601.root
INPUTFILE10=/tmp/maxwoo/21EF1A6A9139C9FD2A38E59AFB466F9A_348/INPUTFILES/data_167429991.root
INPUTFILE11=/tmp/maxwoo/21EF1A6A9139C9FD2A38E59AFB466F9A_348/INPUTFILES/data_167430161.root
INPUTFILE12=/tmp/maxwoo/21EF1A6A9139C9FD2A38E59AFB466F9A_348/INPUTFILES/data_167430471.root
INPUTFILE13=/tmp/maxwoo/21EF1A6A9139C9FD2A38E59AFB466F9A_348/INPUTFILES/data_167433091.root
INPUTFILE14=/tmp/maxwoo/21EF1A6A9139C9FD2A38E59AFB466F9A_348/INPUTFILES/data_167433231.root
INPUTFILE15=/tmp/maxwoo/21EF1A6A9139C9FD2A38E59AFB466F9A_348/INPUTFILES/data_167433351.root
INPUTFILE16=/tmp/maxwoo/21EF1A6A9139C9FD2A38E59AFB466F9A_348/INPUTFILES/data_167433401.root
INPUTFILE17=/tmp/maxwoo/21EF1A6A9139C9FD2A38E59AFB466F9A_348/INPUTFILES/data_167433441.root
INPUTFILE18=/tmp/maxwoo/21EF1A6A9139C9FD2A38E59AFB466F9A_348/INPUTFILES/data_167433481.root
INPUTFILE19=/tmp/maxwoo/21EF1A6A9139C9FD2A38E59AFB466F9A_348/INPUTFILES/data_167433491.root
INPUTFILE20=/tmp/maxwoo/21EF1A6A9139C9FD2A38E59AFB466F9A_348/INPUTFILES/data_167433501.root
INPUTFILE21=/tmp/maxwoo/21EF1A6A9139C9FD2A38E59AFB466F9A_348/INPUTFILES/data_167433521.root
INPUTFILE22=/tmp/maxwoo/21EF1A6A9139C9FD2A38E59AFB466F9A_348/INPUTFILES/data_167433621.root
INPUTFILE23=/tmp/maxwoo/21EF1A6A9139C9FD2A38E59AFB466F9A_348/INPUTFILES/data_167528931.root
INPUTFILE24=/tmp/maxwoo/21EF1A6A9139C9FD2A38E59AFB466F9A_348/INPUTFILES/data_167528941.root
INPUTFILE25=/tmp/maxwoo/21EF1A6A9139C9FD2A38E59AFB466F9A_348/INPUTFILES/data_167528961.root
INPUTFILE26=/tmp/maxwoo/21EF1A6A9139C9FD2A38E59AFB466F9A_348/INPUTFILES/data_167529361.root
INPUTFILE27=/tmp/maxwoo/21EF1A6A9139C9FD2A38E59AFB466F9A_348/INPUTFILES/data_167530751.root
INPUTFILE28=/tmp/maxwoo/21EF1A6A9139C9FD2A38E59AFB466F9A_348/INPUTFILES/data_167533471.root
INPUTFILE29=/tmp/maxwoo/21EF1A6A9139C9FD2A38E59AFB466F9A_348/INPUTFILES/data_167533861.root
INPUTFILE30=/tmp/maxwoo/21EF1A6A9139C9FD2A38E59AFB466F9A_348/INPUTFILES/data_167533891.root
INPUTFILE31=/tmp/maxwoo/21EF1A6A9139C9FD2A38E59AFB466F9A_348/INPUTFILES/data_167533941.root
INPUTFILE32=/tmp/maxwoo/21EF1A6A9139C9FD2A38E59AFB466F9A_348/INPUTFILES/data_167533961.root
INPUTFILE33=/tmp/maxwoo/21EF1A6A9139C9FD2A38E59AFB466F9A_348/INPUTFILES/data_167551971.root
INPUTFILE34=/tmp/maxwoo/21EF1A6A9139C9FD2A38E59AFB466F9A_348/INPUTFILES/data_167628531.root
INPUTFILE35=/tmp/maxwoo/21EF1A6A9139C9FD2A38E59AFB466F9A_348/INPUTFILES/data_167628601.root
INPUTFILE36=/tmp/maxwoo/21EF1A6A9139C9FD2A38E59AFB466F9A_348/INPUTFILES/data_167628681.root
LocalInputFileDir=/tmp/maxwoo/21EF1A6A9139C9FD2A38E59AFB466F9A_348/INPUTFILES
NewFILELIST=/tmp/maxwoo/21EF1A6A9139C9FD2A38E59AFB466F9A_348/INPUTFILES/21EF1A6A9139C9FD2A38E59AFB466F9A_348.local.list
+++++++++++++++++++++++++++++++++++++++++++++++
--------------------------------
Simple Unified Meta Scheduler 1.10.50 we are starting in $SCRATCH : /home/tmp/maxwoo/21EF1A6A9139C9FD2A38E59AFB466F9A_348
--------------------------------
total 16
lrwxrwxrwx 1 maxwoo rhstar   61 Jun  2 11:37 check_S.C -> /gpfs/mnt/gpfs01/star/pwg/xiatong/git/strangeness/./check_S.C
lrwxrwxrwx 1 maxwoo rhstar   65 Jun  2 11:37 Check_Sness.C -> /gpfs/mnt/gpfs01/star/pwg/xiatong/git/strangeness/./Check_Sness.C
drwxr-xr-x 2 maxwoo rhstar 4096 Jun  2 11:40 INPUTFILES
drwxr-xr-x 2 maxwoo rhstar 4096 Jun  2 11:37 lib
  *******************************************
  *                                         *
  *        W E L C O M E  to  R O O T       *
  *                                         *
  *   Version   5.34/38     12 March 2018   *
  *                                         *
  *  You are welcome to visit our Web site  *
  *          http://root.cern.ch            *
  *                                         *
  *******************************************

ROOT 5.34/38 (v5-34-38@v5-34-38, Mar 12 2018, 15:49:39 on linux)

CINT/ROOT C/C++ Interpreter version 5.18.00, July 2, 2010
Type ? for help. Commands must be C++ statements.
Enclose multiple statements between { }.
*** Float Point Exception is OFF ***
 *** Start at Date : Thu Jun  2 11:40:29 2022
QAInfo:You are using STAR_LEVEL : dev, ROOT_LEVEL : 5.34.38 and node : rcas2962.rcf.bnl.gov 

Processing check_S.C++("/tmp/maxwoo/21EF1A6A9139C9FD2A38E59AFB466F9A_348/INPUTFILES/21EF1A6A9139C9FD2A38E59AFB466F9A_348.local.list","21EF1A6A9139C9FD2A38E59AFB466F9A_348",1)...
/tmp/maxwoo/21EF1A6A9139C9FD2A38E59AFB466F9A_348/INPUTFILES/data_167351981.root 
/tmp/maxwoo/21EF1A6A9139C9FD2A38E59AFB466F9A_348/INPUTFILES/data_167428951.root 
/tmp/maxwoo/21EF1A6A9139C9FD2A38E59AFB466F9A_348/INPUTFILES/data_167428971.root 
/tmp/maxwoo/21EF1A6A9139C9FD2A38E59AFB466F9A_348/INPUTFILES/data_167428981.root 
/tmp/maxwoo/21EF1A6A9139C9FD2A38E59AFB466F9A_348/INPUTFILES/data_167429041.root 
/tmp/maxwoo/21EF1A6A9139C9FD2A38E59AFB466F9A_348/INPUTFILES/data_167429051.root 
/tmp/maxwoo/21EF1A6A9139C9FD2A38E59AFB466F9A_348/INPUTFILES/data_167429071.root 
/tmp/maxwoo/21EF1A6A9139C9FD2A38E59AFB466F9A_348/INPUTFILES/data_167429331.root 
/tmp/maxwoo/21EF1A6A9139C9FD2A38E59AFB466F9A_348/INPUTFILES/data_167429501.root 
/tmp/maxwoo/21EF1A6A9139C9FD2A38E59AFB466F9A_348/INPUTFILES/data_167429601.root 
/tmp/maxwoo/21EF1A6A9139C9FD2A38E59AFB466F9A_348/INPUTFILES/data_167429991.root 
/tmp/maxwoo/21EF1A6A9139C9FD2A38E59AFB466F9A_348/INPUTFILES/data_167430161.root 
/tmp/maxwoo/21EF1A6A9139C9FD2A38E59AFB466F9A_348/INPUTFILES/data_167430471.root 
/tmp/maxwoo/21EF1A6A9139C9FD2A38E59AFB466F9A_348/INPUTFILES/data_167433091.root 
/tmp/maxwoo/21EF1A6A9139C9FD2A38E59AFB466F9A_348/INPUTFILES/data_167433231.root 
/tmp/maxwoo/21EF1A6A9139C9FD2A38E59AFB466F9A_348/INPUTFILES/data_167433351.root 
/tmp/maxwoo/21EF1A6A9139C9FD2A38E59AFB466F9A_348/INPUTFILES/data_167433401.root 
/tmp/maxwoo/21EF1A6A9139C9FD2A38E59AFB466F9A_348/INPUTFILES/data_167433441.root 
/tmp/maxwoo/21EF1A6A9139C9FD2A38E59AFB466F9A_348/INPUTFILES/data_167433481.root 
/tmp/maxwoo/21EF1A6A9139C9FD2A38E59AFB466F9A_348/INPUTFILES/data_167433491.root 
/tmp/maxwoo/21EF1A6A9139C9FD2A38E59AFB466F9A_348/INPUTFILES/data_167433501.root 
/tmp/maxwoo/21EF1A6A9139C9FD2A38E59AFB466F9A_348/INPUTFILES/data_167433521.root 
/tmp/maxwoo/21EF1A6A9139C9FD2A38E59AFB466F9A_348/INPUTFILES/data_167433621.root 
/tmp/maxwoo/21EF1A6A9139C9FD2A38E59AFB466F9A_348/INPUTFILES/data_167528931.root 
/tmp/maxwoo/21EF1A6A9139C9FD2A38E59AFB466F9A_348/INPUTFILES/data_167528941.root 
/tmp/maxwoo/21EF1A6A9139C9FD2A38E59AFB466F9A_348/INPUTFILES/data_167528961.root 
/tmp/maxwoo/21EF1A6A9139C9FD2A38E59AFB466F9A_348/INPUTFILES/data_167529361.root 
/tmp/maxwoo/21EF1A6A9139C9FD2A38E59AFB466F9A_348/INPUTFILES/data_167530751.root 
/tmp/maxwoo/21EF1A6A9139C9FD2A38E59AFB466F9A_348/INPUTFILES/data_167533471.root 
/tmp/maxwoo/21EF1A6A9139C9FD2A38E59AFB466F9A_348/INPUTFILES/data_167533861.root 
/tmp/maxwoo/21EF1A6A9139C9FD2A38E59AFB466F9A_348/INPUTFILES/data_167533891.root 
/tmp/maxwoo/21EF1A6A9139C9FD2A38E59AFB466F9A_348/INPUTFILES/data_167533941.root 
/tmp/maxwoo/21EF1A6A9139C9FD2A38E59AFB466F9A_348/INPUTFILES/data_167533961.root 
/tmp/maxwoo/21EF1A6A9139C9FD2A38E59AFB466F9A_348/INPUTFILES/data_167551971.root 
/tmp/maxwoo/21EF1A6A9139C9FD2A38E59AFB466F9A_348/INPUTFILES/data_167628531.root 
/tmp/maxwoo/21EF1A6A9139C9FD2A38E59AFB466F9A_348/INPUTFILES/data_167628601.root 
/tmp/maxwoo/21EF1A6A9139C9FD2A38E59AFB466F9A_348/INPUTFILES/data_167628681.root 
Added 37 files
# entries in chain: 35009
Processing entry == 1000 == out of 35009.
Processing entry == 2000 == out of 35009.
Processing entry == 3000 == out of 35009.
Processing entry == 4000 == out of 35009.
Processing entry == 5000 == out of 35009.
Processing entry == 6000 == out of 35009.
Processing entry == 7000 == out of 35009.
Processing entry == 8000 == out of 35009.
Processing entry == 9000 == out of 35009.
Processing entry == 10000 == out of 35009.
Processing entry == 11000 == out of 35009.
Processing entry == 12000 == out of 35009.
Processing entry == 13000 == out of 35009.
Processing entry == 14000 == out of 35009.
Processing entry == 15000 == out of 35009.
Processing entry == 16000 == out of 35009.
Processing entry == 17000 == out of 35009.
Processing entry == 18000 == out of 35009.
Processing entry == 19000 == out of 35009.
Processing entry == 20000 == out of 35009.
Processing entry == 21000 == out of 35009.
Processing entry == 22000 == out of 35009.
Processing entry == 23000 == out of 35009.
Processing entry == 24000 == out of 35009.
Processing entry == 25000 == out of 35009.
Processing entry == 26000 == out of 35009.
Processing entry == 27000 == out of 35009.
Processing entry == 28000 == out of 35009.
Processing entry == 29000 == out of 35009.
Processing entry == 30000 == out of 35009.
Processing entry == 31000 == out of 35009.
Processing entry == 32000 == out of 35009.
Processing entry == 33000 == out of 35009.
Processing entry == 34000 == out of 35009.
Processing entry == 35000 == out of 35009.

This is the end of ROOT -- Goodbye

Cleaning up sandbox file:  /tmp/maxwoo/21EF1A6A9139C9FD2A38E59AFB466F9A_348/check_S.C
Cleaning up sandbox file:  /tmp/maxwoo/21EF1A6A9139C9FD2A38E59AFB466F9A_348/Check_Sness.C
Cleaning up sandbox file:  /tmp/maxwoo/21EF1A6A9139C9FD2A38E59AFB466F9A_348/lib
Cleaning up sandbox file:  /tmp/maxwoo/21EF1A6A9139C9FD2A38E59AFB466F9A_348/.sandboxFiles
Starting copy block
Running copy command:  /bin/cp -fp /tmp/maxwoo/21EF1A6A9139C9FD2A38E59AFB466F9A_348/out_21EF1A6A9139C9FD2A38E59AFB466F9A_348.root /star/data01/pwg/xiatong/git/strangeness/data/
6435 Execution of (/star/data01/pwg/xiatong/git/strangeness/script/sched21EF1A6A9139C9FD2A38E59AFB466F9A_348.csh ) has ended, exiting normally
6435 We END on [Thu Jun  2 11:58:59 EDT 2022]
