We are starting on node: rcrs6023.rcf.bnl.gov
HOME is not defined
Using getent method
HOME is now /star/u/maxwoo
30307 We will spawn ourselves (/star/data01/pwg/xiatong/git/strangeness/script/sched21EF1A6A9139C9FD2A38E59AFB466F9A_1325.csh )
30307 We BEGIN on [Thu Jun  2 11:19:41 EDT 2022]
[1] 30554
30307 We are waiting for 30554 
30307 Grandchild PID is 31104 - found in 10 x 1 seconds
30307 Establishing first watcher   on    Thu Jun  2 11:19:52 EDT 2022
30307 Process tree is 30307 (main) -> 30554 (child) -> 31104 (grandchild)
F S   UID   PID  PPID  C PRI  NI ADDR SZ WCHAN  TTY        TIME CMD
0 D 100667 31104 30554  0 80   0 - 32311 cxiWai ?          0:00 cp /star/data01/pwg/xiatong/AMPT/14GeV/data_439153321.root /tmp/maxwoo/21EF1A6A9139C9FD2A38E59AFB466F9A_1325/INPUTFILES/data_439153321.root
30307 Grandchild PID is 31689 - found in 20 x 2 seconds
30307 Grandchild to watch has changed on Thu Jun  2 11:20:13 EDT 2022
30307 Process tree is 30307 (main) -> 30554 (child) -> 31689 (grandchild)
F S   UID   PID  PPID  C PRI  NI ADDR SZ WCHAN  TTY        TIME CMD
0 D 100667 31689 30554  0 80   0 - 32311 cxiWai ?          0:00 cp /star/data01/pwg/xiatong/AMPT/14GeV/data_439168281.root /tmp/maxwoo/21EF1A6A9139C9FD2A38E59AFB466F9A_1325/INPUTFILES/data_439168281.root
30307 Grandchild PID is 33347 - found in 30 x 2 seconds
30307 Grandchild to watch has changed on Thu Jun  2 11:20:34 EDT 2022
30307 Process tree is 30307 (main) -> 30554 (child) -> 33347 (grandchild)
F S   UID   PID  PPID  C PRI  NI ADDR SZ WCHAN  TTY        TIME CMD
0 D 100667 33347 30554  0 80   0 - 32311 cxiWai ?          0:00 cp /star/data01/pwg/xiatong/AMPT/14GeV/data_439182051.root /tmp/maxwoo/21EF1A6A9139C9FD2A38E59AFB466F9A_1325/INPUTFILES/data_439182051.root
30307 Grandchild PID is 34169 - found in 40 x 2 seconds
30307 Grandchild to watch has changed on Thu Jun  2 11:20:54 EDT 2022
30307 Process tree is 30307 (main) -> 30554 (child) -> 34169 (grandchild)
F S   UID   PID  PPID  C PRI  NI ADDR SZ WCHAN  TTY        TIME CMD
0 D 100667 34169 30554  0 80   0 - 32311 cxiWai ?          0:00 cp /star/data01/pwg/xiatong/AMPT/14GeV/data_439182461.root /tmp/maxwoo/21EF1A6A9139C9FD2A38E59AFB466F9A_1325/INPUTFILES/data_439182461.root
30307 Grandchild PID is 36955 - found in 60 x 2 seconds
30307 Grandchild to watch has changed on Thu Jun  2 11:21:36 EDT 2022
30307 Process tree is 30307 (main) -> 30554 (child) -> 36955 (grandchild)
F S   UID   PID  PPID  C PRI  NI ADDR SZ WCHAN  TTY        TIME CMD
0 D 100667 36955 30554  0 80   0 - 32311 cxiWai ?          0:00 cp /star/data01/pwg/xiatong/AMPT/14GeV/data_439192881.root /tmp/maxwoo/21EF1A6A9139C9FD2A38E59AFB466F9A_1325/INPUTFILES/data_439192881.root
30307 Grandchild PID is 37769 - found in 70 x 2 seconds
30307 Grandchild to watch has changed on Thu Jun  2 11:21:57 EDT 2022
30307 Process tree is 30307 (main) -> 30554 (child) -> 37769 (grandchild)
F S   UID   PID  PPID  C PRI  NI ADDR SZ WCHAN  TTY        TIME CMD
0 D 100667 37769 30554  0 80   0 - 32311 cxiWai ?          0:00 cp /star/data01/pwg/xiatong/AMPT/14GeV/data_439194691.root /tmp/maxwoo/21EF1A6A9139C9FD2A38E59AFB466F9A_1325/INPUTFILES/data_439194691.root
30307 Grandchild PID is 38891 - found in 80 x 2 seconds
30307 Grandchild to watch has changed on Thu Jun  2 11:22:18 EDT 2022
30307 Process tree is 30307 (main) -> 30554 (child) -> 38891 (grandchild)
F S   UID   PID  PPID  C PRI  NI ADDR SZ WCHAN  TTY        TIME CMD
0 D 100667 38891 30554  0 80   0 - 32311 cxiWai ?          0:00 cp /star/data01/pwg/xiatong/AMPT/14GeV/data_439251501.root /tmp/maxwoo/21EF1A6A9139C9FD2A38E59AFB466F9A_1325/INPUTFILES/data_439251501.root
30307 Grandchild PID is 39696 - found in 90 x 2 seconds
30307 Grandchild to watch has changed on Thu Jun  2 11:22:38 EDT 2022
30307 Process tree is 30307 (main) -> 30554 (child) -> 39696 (grandchild)
F S   UID   PID  PPID  C PRI  NI ADDR SZ WCHAN  TTY        TIME CMD
0 D 100667 39696 30554  0 80   0 - 32311 cxiWai ?          0:00 cp /star/data01/pwg/xiatong/AMPT/14GeV/data_439351471.root /tmp/maxwoo/21EF1A6A9139C9FD2A38E59AFB466F9A_1325/INPUTFILES/data_439351471.root
30307 Grandchild PID is 40944 - found in 100 x 2 seconds
30307 Grandchild to watch has changed on Thu Jun  2 11:22:59 EDT 2022
30307 Process tree is 30307 (main) -> 30554 (child) -> 40944 (grandchild)
F S   UID   PID  PPID  C PRI  NI ADDR SZ WCHAN  TTY        TIME CMD
0 D 100667 40944 30554  0 80   0 - 32311 cxiWai ?          0:00 cp /star/data01/pwg/xiatong/AMPT/14GeV/data_439444591.root /tmp/maxwoo/21EF1A6A9139C9FD2A38E59AFB466F9A_1325/INPUTFILES/data_439444591.root
30307 Grandchild PID is 42136 - found in 110 x 2 seconds
30307 Grandchild to watch has changed on Thu Jun  2 11:23:20 EDT 2022
30307 Process tree is 30307 (main) -> 30554 (child) -> 42136 (grandchild)
F S   UID   PID  PPID  C PRI  NI ADDR SZ WCHAN  TTY        TIME CMD
0 D 100667 42136 30554  0 80   0 - 32311 cxiWai ?          0:00 cp /star/data01/pwg/xiatong/AMPT/14GeV/data_439544471.root /tmp/maxwoo/21EF1A6A9139C9FD2A38E59AFB466F9A_1325/INPUTFILES/data_439544471.root
30307 Grandchild PID is 42676 - found in 120 x 2 seconds
30307 Grandchild to watch has changed on Thu Jun  2 11:23:41 EDT 2022
30307 Process tree is 30307 (main) -> 30554 (child) -> 42676 (grandchild)
F S   UID   PID  PPID  C PRI  NI ADDR SZ WCHAN  TTY        TIME CMD
0 D 100667 42676 30554  0 80   0 - 32311 cxiWai ?          0:00 cp /star/data01/pwg/xiatong/AMPT/14GeV/data_439630311.root /tmp/maxwoo/21EF1A6A9139C9FD2A38E59AFB466F9A_1325/INPUTFILES/data_439630311.root
30307 Grandchild PID is 46227 - found in 130 x 2 seconds
30307 Grandchild to watch has changed on Thu Jun  2 11:24:02 EDT 2022
30307 Process tree is 30307 (main) -> 30554 (child) -> 46227 (grandchild)
F S   UID   PID  PPID  C PRI  NI ADDR SZ WCHAN  TTY        TIME CMD
0 S 100667 46227 30554  0 80   0 -  1272 do_wai ?          0:00 root -b -q check_S.C++("/tmp/maxwoo/21EF1A6A9139C9FD2A38E59AFB466F9A_1325/INPUTFILES/21EF1A6A9139C9FD2A38E59AFB466F9A_1325.local.list","21EF1A6A9139C9FD2A38E59AFB466F9A_1325",1)
30307 Grandchild PID is 39979 - found in 760 x 2 seconds
30307 Grandchild to watch has changed on Thu Jun  2 11:46:19 EDT 2022
30307 Process tree is 30307 (main) -> 30554 (child) -> 39979 (grandchild)
F S   UID   PID  PPID  C PRI  NI ADDR SZ WCHAN  TTY        TIME CMD
0 D 100667 39979 30554  0 80   0 - 30261 cxiWai ?          0:00 /bin/cp -fp /tmp/maxwoo/21EF1A6A9139C9FD2A38E59AFB466F9A_1325/out_21EF1A6A9139C9FD2A38E59AFB466F9A_1325.root /star/data01/pwg/xiatong/git/strangeness/data/
30554 Stepping into the main SUMS wrapper program with []
.... building sandbox
Running: cp /star/data01/pwg/xiatong/AMPT/14GeV/data_439153231.root /tmp/maxwoo/21EF1A6A9139C9FD2A38E59AFB466F9A_1325/INPUTFILES/data_439153231.root
Running: cp /star/data01/pwg/xiatong/AMPT/14GeV/data_439153261.root /tmp/maxwoo/21EF1A6A9139C9FD2A38E59AFB466F9A_1325/INPUTFILES/data_439153261.root
Running: cp /star/data01/pwg/xiatong/AMPT/14GeV/data_439153271.root /tmp/maxwoo/21EF1A6A9139C9FD2A38E59AFB466F9A_1325/INPUTFILES/data_439153271.root
Running: cp /star/data01/pwg/xiatong/AMPT/14GeV/data_439153281.root /tmp/maxwoo/21EF1A6A9139C9FD2A38E59AFB466F9A_1325/INPUTFILES/data_439153281.root
Running: cp /star/data01/pwg/xiatong/AMPT/14GeV/data_439153321.root /tmp/maxwoo/21EF1A6A9139C9FD2A38E59AFB466F9A_1325/INPUTFILES/data_439153321.root
Running: cp /star/data01/pwg/xiatong/AMPT/14GeV/data_439153491.root /tmp/maxwoo/21EF1A6A9139C9FD2A38E59AFB466F9A_1325/INPUTFILES/data_439153491.root
Running: cp /star/data01/pwg/xiatong/AMPT/14GeV/data_439161101.root /tmp/maxwoo/21EF1A6A9139C9FD2A38E59AFB466F9A_1325/INPUTFILES/data_439161101.root
Running: cp /star/data01/pwg/xiatong/AMPT/14GeV/data_439164441.root /tmp/maxwoo/21EF1A6A9139C9FD2A38E59AFB466F9A_1325/INPUTFILES/data_439164441.root
Running: cp /star/data01/pwg/xiatong/AMPT/14GeV/data_439165681.root /tmp/maxwoo/21EF1A6A9139C9FD2A38E59AFB466F9A_1325/INPUTFILES/data_439165681.root
Running: cp /star/data01/pwg/xiatong/AMPT/14GeV/data_439168281.root /tmp/maxwoo/21EF1A6A9139C9FD2A38E59AFB466F9A_1325/INPUTFILES/data_439168281.root
Running: cp /star/data01/pwg/xiatong/AMPT/14GeV/data_439182051.root /tmp/maxwoo/21EF1A6A9139C9FD2A38E59AFB466F9A_1325/INPUTFILES/data_439182051.root
Running: cp /star/data01/pwg/xiatong/AMPT/14GeV/data_439182061.root /tmp/maxwoo/21EF1A6A9139C9FD2A38E59AFB466F9A_1325/INPUTFILES/data_439182061.root
Running: cp /star/data01/pwg/xiatong/AMPT/14GeV/data_439182081.root /tmp/maxwoo/21EF1A6A9139C9FD2A38E59AFB466F9A_1325/INPUTFILES/data_439182081.root
Running: cp /star/data01/pwg/xiatong/AMPT/14GeV/data_439182461.root /tmp/maxwoo/21EF1A6A9139C9FD2A38E59AFB466F9A_1325/INPUTFILES/data_439182461.root
Running: cp /star/data01/pwg/xiatong/AMPT/14GeV/data_439182641.root /tmp/maxwoo/21EF1A6A9139C9FD2A38E59AFB466F9A_1325/INPUTFILES/data_439182641.root
Running: cp /star/data01/pwg/xiatong/AMPT/14GeV/data_439182661.root /tmp/maxwoo/21EF1A6A9139C9FD2A38E59AFB466F9A_1325/INPUTFILES/data_439182661.root
Running: cp /star/data01/pwg/xiatong/AMPT/14GeV/data_439184211.root /tmp/maxwoo/21EF1A6A9139C9FD2A38E59AFB466F9A_1325/INPUTFILES/data_439184211.root
Running: cp /star/data01/pwg/xiatong/AMPT/14GeV/data_439184221.root /tmp/maxwoo/21EF1A6A9139C9FD2A38E59AFB466F9A_1325/INPUTFILES/data_439184221.root
Running: cp /star/data01/pwg/xiatong/AMPT/14GeV/data_439192881.root /tmp/maxwoo/21EF1A6A9139C9FD2A38E59AFB466F9A_1325/INPUTFILES/data_439192881.root
Running: cp /star/data01/pwg/xiatong/AMPT/14GeV/data_439194691.root /tmp/maxwoo/21EF1A6A9139C9FD2A38E59AFB466F9A_1325/INPUTFILES/data_439194691.root
Running: cp /star/data01/pwg/xiatong/AMPT/14GeV/data_439195101.root /tmp/maxwoo/21EF1A6A9139C9FD2A38E59AFB466F9A_1325/INPUTFILES/data_439195101.root
Running: cp /star/data01/pwg/xiatong/AMPT/14GeV/data_439226181.root /tmp/maxwoo/21EF1A6A9139C9FD2A38E59AFB466F9A_1325/INPUTFILES/data_439226181.root
Running: cp /star/data01/pwg/xiatong/AMPT/14GeV/data_439251491.root /tmp/maxwoo/21EF1A6A9139C9FD2A38E59AFB466F9A_1325/INPUTFILES/data_439251491.root
Running: cp /star/data01/pwg/xiatong/AMPT/14GeV/data_439251501.root /tmp/maxwoo/21EF1A6A9139C9FD2A38E59AFB466F9A_1325/INPUTFILES/data_439251501.root
Running: cp /star/data01/pwg/xiatong/AMPT/14GeV/data_439284201.root /tmp/maxwoo/21EF1A6A9139C9FD2A38E59AFB466F9A_1325/INPUTFILES/data_439284201.root
Running: cp /star/data01/pwg/xiatong/AMPT/14GeV/data_439311591.root /tmp/maxwoo/21EF1A6A9139C9FD2A38E59AFB466F9A_1325/INPUTFILES/data_439311591.root
Running: cp /star/data01/pwg/xiatong/AMPT/14GeV/data_439351471.root /tmp/maxwoo/21EF1A6A9139C9FD2A38E59AFB466F9A_1325/INPUTFILES/data_439351471.root
Running: cp /star/data01/pwg/xiatong/AMPT/14GeV/data_439351481.root /tmp/maxwoo/21EF1A6A9139C9FD2A38E59AFB466F9A_1325/INPUTFILES/data_439351481.root
Running: cp /star/data01/pwg/xiatong/AMPT/14GeV/data_439384191.root /tmp/maxwoo/21EF1A6A9139C9FD2A38E59AFB466F9A_1325/INPUTFILES/data_439384191.root
Running: cp /star/data01/pwg/xiatong/AMPT/14GeV/data_439444591.root /tmp/maxwoo/21EF1A6A9139C9FD2A38E59AFB466F9A_1325/INPUTFILES/data_439444591.root
Running: cp /star/data01/pwg/xiatong/AMPT/14GeV/data_439480911.root /tmp/maxwoo/21EF1A6A9139C9FD2A38E59AFB466F9A_1325/INPUTFILES/data_439480911.root
Running: cp /star/data01/pwg/xiatong/AMPT/14GeV/data_439514101.root /tmp/maxwoo/21EF1A6A9139C9FD2A38E59AFB466F9A_1325/INPUTFILES/data_439514101.root
Running: cp /star/data01/pwg/xiatong/AMPT/14GeV/data_439544471.root /tmp/maxwoo/21EF1A6A9139C9FD2A38E59AFB466F9A_1325/INPUTFILES/data_439544471.root
Running: cp /star/data01/pwg/xiatong/AMPT/14GeV/data_439551431.root /tmp/maxwoo/21EF1A6A9139C9FD2A38E59AFB466F9A_1325/INPUTFILES/data_439551431.root
Running: cp /star/data01/pwg/xiatong/AMPT/14GeV/data_439630311.root /tmp/maxwoo/21EF1A6A9139C9FD2A38E59AFB466F9A_1325/INPUTFILES/data_439630311.root
Running: cp /star/data01/pwg/xiatong/AMPT/14GeV/data_439644251.root /tmp/maxwoo/21EF1A6A9139C9FD2A38E59AFB466F9A_1325/INPUTFILES/data_439644251.root
Running: cp /star/data01/pwg/xiatong/AMPT/14GeV/data_439645091.root /tmp/maxwoo/21EF1A6A9139C9FD2A38E59AFB466F9A_1325/INPUTFILES/data_439645091.root
Swapping $FILELIST with: /tmp/maxwoo/21EF1A6A9139C9FD2A38E59AFB466F9A_1325/INPUTFILES/21EF1A6A9139C9FD2A38E59AFB466F9A_1325.local.list
+++++++++++local copy debug++++++++++++++++++++
newFileList: /tmp/maxwoo/21EF1A6A9139C9FD2A38E59AFB466F9A_1325/INPUTFILES/21EF1A6A9139C9FD2A38E59AFB466F9A_1325.local.list
++++++++++++++++cat FILELIST+++++++++++++++++++
/tmp/maxwoo/21EF1A6A9139C9FD2A38E59AFB466F9A_1325/INPUTFILES/data_439153231.root 
/tmp/maxwoo/21EF1A6A9139C9FD2A38E59AFB466F9A_1325/INPUTFILES/data_439153261.root 
/tmp/maxwoo/21EF1A6A9139C9FD2A38E59AFB466F9A_1325/INPUTFILES/data_439153271.root 
/tmp/maxwoo/21EF1A6A9139C9FD2A38E59AFB466F9A_1325/INPUTFILES/data_439153281.root 
/tmp/maxwoo/21EF1A6A9139C9FD2A38E59AFB466F9A_1325/INPUTFILES/data_439153321.root 
/tmp/maxwoo/21EF1A6A9139C9FD2A38E59AFB466F9A_1325/INPUTFILES/data_439153491.root 
/tmp/maxwoo/21EF1A6A9139C9FD2A38E59AFB466F9A_1325/INPUTFILES/data_439161101.root 
/tmp/maxwoo/21EF1A6A9139C9FD2A38E59AFB466F9A_1325/INPUTFILES/data_439164441.root 
/tmp/maxwoo/21EF1A6A9139C9FD2A38E59AFB466F9A_1325/INPUTFILES/data_439165681.root 
/tmp/maxwoo/21EF1A6A9139C9FD2A38E59AFB466F9A_1325/INPUTFILES/data_439168281.root 
/tmp/maxwoo/21EF1A6A9139C9FD2A38E59AFB466F9A_1325/INPUTFILES/data_439182051.root 
/tmp/maxwoo/21EF1A6A9139C9FD2A38E59AFB466F9A_1325/INPUTFILES/data_439182061.root 
/tmp/maxwoo/21EF1A6A9139C9FD2A38E59AFB466F9A_1325/INPUTFILES/data_439182081.root 
/tmp/maxwoo/21EF1A6A9139C9FD2A38E59AFB466F9A_1325/INPUTFILES/data_439182461.root 
/tmp/maxwoo/21EF1A6A9139C9FD2A38E59AFB466F9A_1325/INPUTFILES/data_439182641.root 
/tmp/maxwoo/21EF1A6A9139C9FD2A38E59AFB466F9A_1325/INPUTFILES/data_439182661.root 
/tmp/maxwoo/21EF1A6A9139C9FD2A38E59AFB466F9A_1325/INPUTFILES/data_439184211.root 
/tmp/maxwoo/21EF1A6A9139C9FD2A38E59AFB466F9A_1325/INPUTFILES/data_439184221.root 
/tmp/maxwoo/21EF1A6A9139C9FD2A38E59AFB466F9A_1325/INPUTFILES/data_439192881.root 
/tmp/maxwoo/21EF1A6A9139C9FD2A38E59AFB466F9A_1325/INPUTFILES/data_439194691.root 
/tmp/maxwoo/21EF1A6A9139C9FD2A38E59AFB466F9A_1325/INPUTFILES/data_439195101.root 
/tmp/maxwoo/21EF1A6A9139C9FD2A38E59AFB466F9A_1325/INPUTFILES/data_439226181.root 
/tmp/maxwoo/21EF1A6A9139C9FD2A38E59AFB466F9A_1325/INPUTFILES/data_439251491.root 
/tmp/maxwoo/21EF1A6A9139C9FD2A38E59AFB466F9A_1325/INPUTFILES/data_439251501.root 
/tmp/maxwoo/21EF1A6A9139C9FD2A38E59AFB466F9A_1325/INPUTFILES/data_439284201.root 
/tmp/maxwoo/21EF1A6A9139C9FD2A38E59AFB466F9A_1325/INPUTFILES/data_439311591.root 
/tmp/maxwoo/21EF1A6A9139C9FD2A38E59AFB466F9A_1325/INPUTFILES/data_439351471.root 
/tmp/maxwoo/21EF1A6A9139C9FD2A38E59AFB466F9A_1325/INPUTFILES/data_439351481.root 
/tmp/maxwoo/21EF1A6A9139C9FD2A38E59AFB466F9A_1325/INPUTFILES/data_439384191.root 
/tmp/maxwoo/21EF1A6A9139C9FD2A38E59AFB466F9A_1325/INPUTFILES/data_439444591.root 
/tmp/maxwoo/21EF1A6A9139C9FD2A38E59AFB466F9A_1325/INPUTFILES/data_439480911.root 
/tmp/maxwoo/21EF1A6A9139C9FD2A38E59AFB466F9A_1325/INPUTFILES/data_439514101.root 
/tmp/maxwoo/21EF1A6A9139C9FD2A38E59AFB466F9A_1325/INPUTFILES/data_439544471.root 
/tmp/maxwoo/21EF1A6A9139C9FD2A38E59AFB466F9A_1325/INPUTFILES/data_439551431.root 
/tmp/maxwoo/21EF1A6A9139C9FD2A38E59AFB466F9A_1325/INPUTFILES/data_439630311.root 
/tmp/maxwoo/21EF1A6A9139C9FD2A38E59AFB466F9A_1325/INPUTFILES/data_439644251.root 
/tmp/maxwoo/21EF1A6A9139C9FD2A38E59AFB466F9A_1325/INPUTFILES/data_439645091.root 
++++++++++++++++++++find.++++++++++++++++++++++
.
./lib
./lib/CenMaker.h
./lib/NpartNormalizer.cpp
./lib/my_event.cpp
./lib/NpartNormalizer_cpp_ACLiC_dict_rdict.pcm
./lib/my_event_cpp.d
./lib/my_particle.h
./lib/my_event.h
./lib/my_event_cpp_ACLiC_dict_rdict.pcm
./lib/MixedBuffer_cpp.so
./lib/my_particle.cpp
./lib/MixedBuffer_cpp.d
./lib/CenMaker_cpp_ACLiC_dict_rdict.pcm
./lib/CenMaker.cpp
./lib/my_event_cpp.so
./lib/my_particle_cpp.d
./lib/my_particle_cpp.so
./lib/MixedBuffer.cpp
./lib/NpartNormalizer.h
./lib/CenMaker_cpp.d
./lib/MixedBuffer_cpp_ACLiC_dict_rdict.pcm
./lib/NpartNormalizer_cpp.d
./lib/CenMaker_cpp.so
./lib/my_particle_cpp_ACLiC_dict_rdict.pcm
./lib/MixedBuffer.h
./lib/NpartNormalizer_cpp.so
./Check_Sness.C
./.sandboxFiles
./.output.log
./.errror.log
./check_S.C
./INPUTFILES
./INPUTFILES/data_439284201.root
./INPUTFILES/data_439514101.root
./INPUTFILES/data_439184211.root
./INPUTFILES/data_439444591.root
./INPUTFILES/data_439153271.root
./INPUTFILES/data_439480911.root
./INPUTFILES/data_439630311.root
./INPUTFILES/data_439192881.root
./INPUTFILES/data_439182081.root
./INPUTFILES/data_439168281.root
./INPUTFILES/data_439182061.root
./INPUTFILES/data_439195101.root
./INPUTFILES/data_439153321.root
./INPUTFILES/data_439384191.root
./INPUTFILES/data_439153261.root
./INPUTFILES/data_439161101.root
./INPUTFILES/data_439182051.root
./INPUTFILES/data_439311591.root
./INPUTFILES/data_439544471.root
./INPUTFILES/data_439645091.root
./INPUTFILES/data_439351481.root
./INPUTFILES/data_439182641.root
./INPUTFILES/data_439226181.root
./INPUTFILES/data_439182461.root
./INPUTFILES/data_439251501.root
./INPUTFILES/data_439153231.root
./INPUTFILES/data_439184221.root
./INPUTFILES/data_439551431.root
./INPUTFILES/data_439644251.root
./INPUTFILES/data_439165681.root
./INPUTFILES/data_439251491.root
./INPUTFILES/data_439164441.root
./INPUTFILES/data_439153281.root
./INPUTFILES/data_439153491.root
./INPUTFILES/data_439182661.root
./INPUTFILES/data_439351471.root
./INPUTFILES/21EF1A6A9139C9FD2A38E59AFB466F9A_1325.local.list
./INPUTFILES/data_439194691.root
++++++++++++++++INPUTFILE Var++++++++++++++++++
FILELIST=/tmp/maxwoo/21EF1A6A9139C9FD2A38E59AFB466F9A_1325/INPUTFILES/21EF1A6A9139C9FD2A38E59AFB466F9A_1325.local.list
INPUTFILECOUNT=37
INPUTFILE0=/tmp/maxwoo/21EF1A6A9139C9FD2A38E59AFB466F9A_1325/INPUTFILES/data_439153231.root
INPUTFILE1=/tmp/maxwoo/21EF1A6A9139C9FD2A38E59AFB466F9A_1325/INPUTFILES/data_439153261.root
INPUTFILE2=/tmp/maxwoo/21EF1A6A9139C9FD2A38E59AFB466F9A_1325/INPUTFILES/data_439153271.root
INPUTFILE3=/tmp/maxwoo/21EF1A6A9139C9FD2A38E59AFB466F9A_1325/INPUTFILES/data_439153281.root
INPUTFILE4=/tmp/maxwoo/21EF1A6A9139C9FD2A38E59AFB466F9A_1325/INPUTFILES/data_439153321.root
INPUTFILE5=/tmp/maxwoo/21EF1A6A9139C9FD2A38E59AFB466F9A_1325/INPUTFILES/data_439153491.root
INPUTFILE6=/tmp/maxwoo/21EF1A6A9139C9FD2A38E59AFB466F9A_1325/INPUTFILES/data_439161101.root
INPUTFILE7=/tmp/maxwoo/21EF1A6A9139C9FD2A38E59AFB466F9A_1325/INPUTFILES/data_439164441.root
INPUTFILE8=/tmp/maxwoo/21EF1A6A9139C9FD2A38E59AFB466F9A_1325/INPUTFILES/data_439165681.root
INPUTFILE9=/tmp/maxwoo/21EF1A6A9139C9FD2A38E59AFB466F9A_1325/INPUTFILES/data_439168281.root
INPUTFILE10=/tmp/maxwoo/21EF1A6A9139C9FD2A38E59AFB466F9A_1325/INPUTFILES/data_439182051.root
INPUTFILE11=/tmp/maxwoo/21EF1A6A9139C9FD2A38E59AFB466F9A_1325/INPUTFILES/data_439182061.root
INPUTFILE12=/tmp/maxwoo/21EF1A6A9139C9FD2A38E59AFB466F9A_1325/INPUTFILES/data_439182081.root
INPUTFILE13=/tmp/maxwoo/21EF1A6A9139C9FD2A38E59AFB466F9A_1325/INPUTFILES/data_439182461.root
INPUTFILE14=/tmp/maxwoo/21EF1A6A9139C9FD2A38E59AFB466F9A_1325/INPUTFILES/data_439182641.root
INPUTFILE15=/tmp/maxwoo/21EF1A6A9139C9FD2A38E59AFB466F9A_1325/INPUTFILES/data_439182661.root
INPUTFILE16=/tmp/maxwoo/21EF1A6A9139C9FD2A38E59AFB466F9A_1325/INPUTFILES/data_439184211.root
INPUTFILE17=/tmp/maxwoo/21EF1A6A9139C9FD2A38E59AFB466F9A_1325/INPUTFILES/data_439184221.root
INPUTFILE18=/tmp/maxwoo/21EF1A6A9139C9FD2A38E59AFB466F9A_1325/INPUTFILES/data_439192881.root
INPUTFILE19=/tmp/maxwoo/21EF1A6A9139C9FD2A38E59AFB466F9A_1325/INPUTFILES/data_439194691.root
INPUTFILE20=/tmp/maxwoo/21EF1A6A9139C9FD2A38E59AFB466F9A_1325/INPUTFILES/data_439195101.root
INPUTFILE21=/tmp/maxwoo/21EF1A6A9139C9FD2A38E59AFB466F9A_1325/INPUTFILES/data_439226181.root
INPUTFILE22=/tmp/maxwoo/21EF1A6A9139C9FD2A38E59AFB466F9A_1325/INPUTFILES/data_439251491.root
INPUTFILE23=/tmp/maxwoo/21EF1A6A9139C9FD2A38E59AFB466F9A_1325/INPUTFILES/data_439251501.root
INPUTFILE24=/tmp/maxwoo/21EF1A6A9139C9FD2A38E59AFB466F9A_1325/INPUTFILES/data_439284201.root
INPUTFILE25=/tmp/maxwoo/21EF1A6A9139C9FD2A38E59AFB466F9A_1325/INPUTFILES/data_439311591.root
INPUTFILE26=/tmp/maxwoo/21EF1A6A9139C9FD2A38E59AFB466F9A_1325/INPUTFILES/data_439351471.root
INPUTFILE27=/tmp/maxwoo/21EF1A6A9139C9FD2A38E59AFB466F9A_1325/INPUTFILES/data_439351481.root
INPUTFILE28=/tmp/maxwoo/21EF1A6A9139C9FD2A38E59AFB466F9A_1325/INPUTFILES/data_439384191.root
INPUTFILE29=/tmp/maxwoo/21EF1A6A9139C9FD2A38E59AFB466F9A_1325/INPUTFILES/data_439444591.root
INPUTFILE30=/tmp/maxwoo/21EF1A6A9139C9FD2A38E59AFB466F9A_1325/INPUTFILES/data_439480911.root
INPUTFILE31=/tmp/maxwoo/21EF1A6A9139C9FD2A38E59AFB466F9A_1325/INPUTFILES/data_439514101.root
INPUTFILE32=/tmp/maxwoo/21EF1A6A9139C9FD2A38E59AFB466F9A_1325/INPUTFILES/data_439544471.root
INPUTFILE33=/tmp/maxwoo/21EF1A6A9139C9FD2A38E59AFB466F9A_1325/INPUTFILES/data_439551431.root
INPUTFILE34=/tmp/maxwoo/21EF1A6A9139C9FD2A38E59AFB466F9A_1325/INPUTFILES/data_439630311.root
INPUTFILE35=/tmp/maxwoo/21EF1A6A9139C9FD2A38E59AFB466F9A_1325/INPUTFILES/data_439644251.root
INPUTFILE36=/tmp/maxwoo/21EF1A6A9139C9FD2A38E59AFB466F9A_1325/INPUTFILES/data_439645091.root
LocalInputFileDir=/tmp/maxwoo/21EF1A6A9139C9FD2A38E59AFB466F9A_1325/INPUTFILES
NewFILELIST=/tmp/maxwoo/21EF1A6A9139C9FD2A38E59AFB466F9A_1325/INPUTFILES/21EF1A6A9139C9FD2A38E59AFB466F9A_1325.local.list
+++++++++++++++++++++++++++++++++++++++++++++++
--------------------------------
Simple Unified Meta Scheduler 1.10.50 we are starting in $SCRATCH : /home/tmp/maxwoo/21EF1A6A9139C9FD2A38E59AFB466F9A_1325
--------------------------------
total 16
lrwxrwxrwx 1 maxwoo rhstar   61 Jun  2 11:19 check_S.C -> /gpfs/mnt/gpfs01/star/pwg/xiatong/git/strangeness/./check_S.C
lrwxrwxrwx 1 maxwoo rhstar   65 Jun  2 11:19 Check_Sness.C -> /gpfs/mnt/gpfs01/star/pwg/xiatong/git/strangeness/./Check_Sness.C
drwxr-xr-x 2 maxwoo rhstar 4096 Jun  2 11:23 INPUTFILES
drwxr-xr-x 2 maxwoo rhstar 4096 Jun  2 11:19 lib
  *******************************************
  *                                         *
  *        W E L C O M E  to  R O O T       *
  *                                         *
  *   Version   5.34/38     12 March 2018   *
  *                                         *
  *  You are welcome to visit our Web site  *
  *          http://root.cern.ch            *
  *                                         *
  *******************************************

ROOT 5.34/38 (v5-34-38@v5-34-38, Mar 12 2018, 15:49:39 on linux)

CINT/ROOT C/C++ Interpreter version 5.18.00, July 2, 2010
Type ? for help. Commands must be C++ statements.
Enclose multiple statements between { }.
*** Float Point Exception is OFF ***
 *** Start at Date : Thu Jun  2 11:23:59 2022
QAInfo:You are using STAR_LEVEL : dev, ROOT_LEVEL : 5.34.38 and node : rcrs6023.rcf.bnl.gov 

Processing check_S.C++("/tmp/maxwoo/21EF1A6A9139C9FD2A38E59AFB466F9A_1325/INPUTFILES/21EF1A6A9139C9FD2A38E59AFB466F9A_1325.local.list","21EF1A6A9139C9FD2A38E59AFB466F9A_1325",1)...
/tmp/maxwoo/21EF1A6A9139C9FD2A38E59AFB466F9A_1325/INPUTFILES/data_439153231.root 
/tmp/maxwoo/21EF1A6A9139C9FD2A38E59AFB466F9A_1325/INPUTFILES/data_439153261.root 
/tmp/maxwoo/21EF1A6A9139C9FD2A38E59AFB466F9A_1325/INPUTFILES/data_439153271.root 
/tmp/maxwoo/21EF1A6A9139C9FD2A38E59AFB466F9A_1325/INPUTFILES/data_439153281.root 
/tmp/maxwoo/21EF1A6A9139C9FD2A38E59AFB466F9A_1325/INPUTFILES/data_439153321.root 
/tmp/maxwoo/21EF1A6A9139C9FD2A38E59AFB466F9A_1325/INPUTFILES/data_439153491.root 
/tmp/maxwoo/21EF1A6A9139C9FD2A38E59AFB466F9A_1325/INPUTFILES/data_439161101.root 
/tmp/maxwoo/21EF1A6A9139C9FD2A38E59AFB466F9A_1325/INPUTFILES/data_439164441.root 
/tmp/maxwoo/21EF1A6A9139C9FD2A38E59AFB466F9A_1325/INPUTFILES/data_439165681.root 
/tmp/maxwoo/21EF1A6A9139C9FD2A38E59AFB466F9A_1325/INPUTFILES/data_439168281.root 
/tmp/maxwoo/21EF1A6A9139C9FD2A38E59AFB466F9A_1325/INPUTFILES/data_439182051.root 
/tmp/maxwoo/21EF1A6A9139C9FD2A38E59AFB466F9A_1325/INPUTFILES/data_439182061.root 
/tmp/maxwoo/21EF1A6A9139C9FD2A38E59AFB466F9A_1325/INPUTFILES/data_439182081.root 
/tmp/maxwoo/21EF1A6A9139C9FD2A38E59AFB466F9A_1325/INPUTFILES/data_439182461.root 
/tmp/maxwoo/21EF1A6A9139C9FD2A38E59AFB466F9A_1325/INPUTFILES/data_439182641.root 
/tmp/maxwoo/21EF1A6A9139C9FD2A38E59AFB466F9A_1325/INPUTFILES/data_439182661.root 
/tmp/maxwoo/21EF1A6A9139C9FD2A38E59AFB466F9A_1325/INPUTFILES/data_439184211.root 
/tmp/maxwoo/21EF1A6A9139C9FD2A38E59AFB466F9A_1325/INPUTFILES/data_439184221.root 
/tmp/maxwoo/21EF1A6A9139C9FD2A38E59AFB466F9A_1325/INPUTFILES/data_439192881.root 
/tmp/maxwoo/21EF1A6A9139C9FD2A38E59AFB466F9A_1325/INPUTFILES/data_439194691.root 
/tmp/maxwoo/21EF1A6A9139C9FD2A38E59AFB466F9A_1325/INPUTFILES/data_439195101.root 
/tmp/maxwoo/21EF1A6A9139C9FD2A38E59AFB466F9A_1325/INPUTFILES/data_439226181.root 
/tmp/maxwoo/21EF1A6A9139C9FD2A38E59AFB466F9A_1325/INPUTFILES/data_439251491.root 
/tmp/maxwoo/21EF1A6A9139C9FD2A38E59AFB466F9A_1325/INPUTFILES/data_439251501.root 
/tmp/maxwoo/21EF1A6A9139C9FD2A38E59AFB466F9A_1325/INPUTFILES/data_439284201.root 
/tmp/maxwoo/21EF1A6A9139C9FD2A38E59AFB466F9A_1325/INPUTFILES/data_439311591.root 
/tmp/maxwoo/21EF1A6A9139C9FD2A38E59AFB466F9A_1325/INPUTFILES/data_439351471.root 
/tmp/maxwoo/21EF1A6A9139C9FD2A38E59AFB466F9A_1325/INPUTFILES/data_439351481.root 
/tmp/maxwoo/21EF1A6A9139C9FD2A38E59AFB466F9A_1325/INPUTFILES/data_439384191.root 
/tmp/maxwoo/21EF1A6A9139C9FD2A38E59AFB466F9A_1325/INPUTFILES/data_439444591.root 
/tmp/maxwoo/21EF1A6A9139C9FD2A38E59AFB466F9A_1325/INPUTFILES/data_439480911.root 
/tmp/maxwoo/21EF1A6A9139C9FD2A38E59AFB466F9A_1325/INPUTFILES/data_439514101.root 
/tmp/maxwoo/21EF1A6A9139C9FD2A38E59AFB466F9A_1325/INPUTFILES/data_439544471.root 
/tmp/maxwoo/21EF1A6A9139C9FD2A38E59AFB466F9A_1325/INPUTFILES/data_439551431.root 
/tmp/maxwoo/21EF1A6A9139C9FD2A38E59AFB466F9A_1325/INPUTFILES/data_439630311.root 
/tmp/maxwoo/21EF1A6A9139C9FD2A38E59AFB466F9A_1325/INPUTFILES/data_439644251.root 
/tmp/maxwoo/21EF1A6A9139C9FD2A38E59AFB466F9A_1325/INPUTFILES/data_439645091.root 
Added 37 files
# entries in chain: 37000
Processing entry == 1000 == out of 37000.
Processing entry == 2000 == out of 37000.
Processing entry == 3000 == out of 37000.
Processing entry == 4000 == out of 37000.
Processing entry == 5000 == out of 37000.
Processing entry == 6000 == out of 37000.
Processing entry == 7000 == out of 37000.
Processing entry == 8000 == out of 37000.
Processing entry == 9000 == out of 37000.
Processing entry == 10000 == out of 37000.
Processing entry == 11000 == out of 37000.
Processing entry == 12000 == out of 37000.
Processing entry == 13000 == out of 37000.
Processing entry == 14000 == out of 37000.
Processing entry == 15000 == out of 37000.
Processing entry == 16000 == out of 37000.
Processing entry == 17000 == out of 37000.
Processing entry == 18000 == out of 37000.
Processing entry == 19000 == out of 37000.
Processing entry == 20000 == out of 37000.
Processing entry == 21000 == out of 37000.
Processing entry == 22000 == out of 37000.
Processing entry == 23000 == out of 37000.
Processing entry == 24000 == out of 37000.
Processing entry == 25000 == out of 37000.
Processing entry == 26000 == out of 37000.
Processing entry == 27000 == out of 37000.
Processing entry == 28000 == out of 37000.
Processing entry == 29000 == out of 37000.
Processing entry == 30000 == out of 37000.
Processing entry == 31000 == out of 37000.
Processing entry == 32000 == out of 37000.
Processing entry == 33000 == out of 37000.
Processing entry == 34000 == out of 37000.
Processing entry == 35000 == out of 37000.
Processing entry == 36000 == out of 37000.
Processing entry == 37000 == out of 37000.

This is the end of ROOT -- Goodbye

Cleaning up sandbox file:  /tmp/maxwoo/21EF1A6A9139C9FD2A38E59AFB466F9A_1325/check_S.C
Cleaning up sandbox file:  /tmp/maxwoo/21EF1A6A9139C9FD2A38E59AFB466F9A_1325/Check_Sness.C
Cleaning up sandbox file:  /tmp/maxwoo/21EF1A6A9139C9FD2A38E59AFB466F9A_1325/lib
Cleaning up sandbox file:  /tmp/maxwoo/21EF1A6A9139C9FD2A38E59AFB466F9A_1325/.sandboxFiles
Starting copy block
Running copy command:  /bin/cp -fp /tmp/maxwoo/21EF1A6A9139C9FD2A38E59AFB466F9A_1325/out_21EF1A6A9139C9FD2A38E59AFB466F9A_1325.root /star/data01/pwg/xiatong/git/strangeness/data/
30307 Execution of (/star/data01/pwg/xiatong/git/strangeness/script/sched21EF1A6A9139C9FD2A38E59AFB466F9A_1325.csh ) has ended, exiting normally
30307 We END on [Thu Jun  2 11:46:21 EDT 2022]
