We are starting on node: rcas6349.rcf.bnl.gov
HOME is not defined
Using getent method
HOME is now /star/u/maxwoo
41376 We will spawn ourselves (/star/data01/pwg/xiatong/git/strangeness/script/sched21EF1A6A9139C9FD2A38E59AFB466F9A_1541.csh )
41376 We BEGIN on [Thu Jun  2 11:15:13 EDT 2022]
[1] 41693
41376 We are waiting for 41693 
41376 Grandchild PID is 42316 - found in 10 x 1 seconds
41376 Establishing first watcher   on    Thu Jun  2 11:15:24 EDT 2022
41376 Process tree is 41376 (main) -> 41693 (child) -> 42316 (grandchild)
F S   UID   PID  PPID  C PRI  NI ADDR SZ WCHAN  TTY        TIME CMD
0 D 100667 42316 41693  0 80   0 - 32311 cxiWai ?          0:00 cp /star/data01/pwg/xiatong/AMPT/14GeV/data_547162851.root /tmp/maxwoo/21EF1A6A9139C9FD2A38E59AFB466F9A_1541/INPUTFILES/data_547162851.root
41376 Grandchild PID is 43444 - found in 20 x 2 seconds
41376 Grandchild to watch has changed on Thu Jun  2 11:15:45 EDT 2022
41376 Process tree is 41376 (main) -> 41693 (child) -> 43444 (grandchild)
F S   UID   PID  PPID  C PRI  NI ADDR SZ WCHAN  TTY        TIME CMD
0 D 100667 43444 41693  0 80   0 - 32311 cxiWai ?          0:00 cp /star/data01/pwg/xiatong/AMPT/14GeV/data_547191541.root /tmp/maxwoo/21EF1A6A9139C9FD2A38E59AFB466F9A_1541/INPUTFILES/data_547191541.root
41376 Grandchild PID is 45000 - found in 30 x 2 seconds
41376 Grandchild to watch has changed on Thu Jun  2 11:16:06 EDT 2022
41376 Process tree is 41376 (main) -> 41693 (child) -> 45000 (grandchild)
F S   UID   PID  PPID  C PRI  NI ADDR SZ WCHAN  TTY        TIME CMD
0 D 100667 45000 41693  0 80   0 - 32311 cxiWai ?          0:00 cp /star/data01/pwg/xiatong/AMPT/14GeV/data_547191571.root /tmp/maxwoo/21EF1A6A9139C9FD2A38E59AFB466F9A_1541/INPUTFILES/data_547191571.root
41376 Grandchild PID is 46635 - found in 40 x 2 seconds
41376 Grandchild to watch has changed on Thu Jun  2 11:16:26 EDT 2022
41376 Process tree is 41376 (main) -> 41693 (child) -> 46635 (grandchild)
F S   UID   PID  PPID  C PRI  NI ADDR SZ WCHAN  TTY        TIME CMD
0 D 100667 46635 41693  0 80   0 - 32311 cxiWai ?          0:00 cp /star/data01/pwg/xiatong/AMPT/14GeV/data_547191691.root /tmp/maxwoo/21EF1A6A9139C9FD2A38E59AFB466F9A_1541/INPUTFILES/data_547191691.root
41376 Grandchild PID is 3097 - found in 50 x 2 seconds
41376 Grandchild to watch has changed on Thu Jun  2 11:16:49 EDT 2022
41376 Process tree is 41376 (main) -> 41693 (child) -> 3097 (grandchild)
F S   UID   PID  PPID  C PRI  NI ADDR SZ WCHAN  TTY        TIME CMD
0 D 100667 3097 41693  0  80   0 - 32311 cxiWai ?          0:00 cp /star/data01/pwg/xiatong/AMPT/14GeV/data_547191951.root /tmp/maxwoo/21EF1A6A9139C9FD2A38E59AFB466F9A_1541/INPUTFILES/data_547191951.root
41376 Grandchild PID is 7411 - found in 60 x 2 seconds
41376 Grandchild to watch has changed on Thu Jun  2 11:17:10 EDT 2022
41376 Process tree is 41376 (main) -> 41693 (child) -> 7411 (grandchild)
F S   UID   PID  PPID  C PRI  NI ADDR SZ WCHAN  TTY        TIME CMD
0 D 100667 7411 41693  0  80   0 - 32311 cxiWai ?          0:00 cp /star/data01/pwg/xiatong/AMPT/14GeV/data_547198921.root /tmp/maxwoo/21EF1A6A9139C9FD2A38E59AFB466F9A_1541/INPUTFILES/data_547198921.root
41376 Grandchild PID is 9088 - found in 80 x 2 seconds
41376 Grandchild to watch has changed on Thu Jun  2 11:17:52 EDT 2022
41376 Process tree is 41376 (main) -> 41693 (child) -> 9088 (grandchild)
F S   UID   PID  PPID  C PRI  NI ADDR SZ WCHAN  TTY        TIME CMD
0 D 100667 9088 41693  0  80   0 - 32311 cxiWai ?          0:00 cp /star/data01/pwg/xiatong/AMPT/14GeV/data_547364311.root /tmp/maxwoo/21EF1A6A9139C9FD2A38E59AFB466F9A_1541/INPUTFILES/data_547364311.root
41376 Grandchild PID is 10322 - found in 90 x 2 seconds
41376 Grandchild to watch has changed on Thu Jun  2 11:18:13 EDT 2022
41376 Process tree is 41376 (main) -> 41693 (child) -> 10322 (grandchild)
F S   UID   PID  PPID  C PRI  NI ADDR SZ WCHAN  TTY        TIME CMD
0 S 100667 10322 41693  0 80   0 -  1272 do_wai ?          0:00 root -b -q check_S.C++("/tmp/maxwoo/21EF1A6A9139C9FD2A38E59AFB466F9A_1541/INPUTFILES/21EF1A6A9139C9FD2A38E59AFB466F9A_1541.local.list","21EF1A6A9139C9FD2A38E59AFB466F9A_1541",1)
41693 Stepping into the main SUMS wrapper program with []
.... building sandbox
Running: cp /star/data01/pwg/xiatong/AMPT/14GeV/data_547141221.root /tmp/maxwoo/21EF1A6A9139C9FD2A38E59AFB466F9A_1541/INPUTFILES/data_547141221.root
Running: cp /star/data01/pwg/xiatong/AMPT/14GeV/data_547141251.root /tmp/maxwoo/21EF1A6A9139C9FD2A38E59AFB466F9A_1541/INPUTFILES/data_547141251.root
Running: cp /star/data01/pwg/xiatong/AMPT/14GeV/data_547141401.root /tmp/maxwoo/21EF1A6A9139C9FD2A38E59AFB466F9A_1541/INPUTFILES/data_547141401.root
Running: cp /star/data01/pwg/xiatong/AMPT/14GeV/data_547152491.root /tmp/maxwoo/21EF1A6A9139C9FD2A38E59AFB466F9A_1541/INPUTFILES/data_547152491.root
Running: cp /star/data01/pwg/xiatong/AMPT/14GeV/data_547152701.root /tmp/maxwoo/21EF1A6A9139C9FD2A38E59AFB466F9A_1541/INPUTFILES/data_547152701.root
Running: cp /star/data01/pwg/xiatong/AMPT/14GeV/data_547162731.root /tmp/maxwoo/21EF1A6A9139C9FD2A38E59AFB466F9A_1541/INPUTFILES/data_547162731.root
Running: cp /star/data01/pwg/xiatong/AMPT/14GeV/data_547162851.root /tmp/maxwoo/21EF1A6A9139C9FD2A38E59AFB466F9A_1541/INPUTFILES/data_547162851.root
Running: cp /star/data01/pwg/xiatong/AMPT/14GeV/data_547162861.root /tmp/maxwoo/21EF1A6A9139C9FD2A38E59AFB466F9A_1541/INPUTFILES/data_547162861.root
Running: cp /star/data01/pwg/xiatong/AMPT/14GeV/data_547162871.root /tmp/maxwoo/21EF1A6A9139C9FD2A38E59AFB466F9A_1541/INPUTFILES/data_547162871.root
Running: cp /star/data01/pwg/xiatong/AMPT/14GeV/data_547163741.root /tmp/maxwoo/21EF1A6A9139C9FD2A38E59AFB466F9A_1541/INPUTFILES/data_547163741.root
Running: cp /star/data01/pwg/xiatong/AMPT/14GeV/data_547172021.root /tmp/maxwoo/21EF1A6A9139C9FD2A38E59AFB466F9A_1541/INPUTFILES/data_547172021.root
Running: cp /star/data01/pwg/xiatong/AMPT/14GeV/data_547191531.root /tmp/maxwoo/21EF1A6A9139C9FD2A38E59AFB466F9A_1541/INPUTFILES/data_547191531.root
Running: cp /star/data01/pwg/xiatong/AMPT/14GeV/data_547191541.root /tmp/maxwoo/21EF1A6A9139C9FD2A38E59AFB466F9A_1541/INPUTFILES/data_547191541.root
Running: cp /star/data01/pwg/xiatong/AMPT/14GeV/data_547191571.root /tmp/maxwoo/21EF1A6A9139C9FD2A38E59AFB466F9A_1541/INPUTFILES/data_547191571.root
Running: cp /star/data01/pwg/xiatong/AMPT/14GeV/data_547191581.root /tmp/maxwoo/21EF1A6A9139C9FD2A38E59AFB466F9A_1541/INPUTFILES/data_547191581.root
Running: cp /star/data01/pwg/xiatong/AMPT/14GeV/data_547191611.root /tmp/maxwoo/21EF1A6A9139C9FD2A38E59AFB466F9A_1541/INPUTFILES/data_547191611.root
Running: cp /star/data01/pwg/xiatong/AMPT/14GeV/data_547191691.root /tmp/maxwoo/21EF1A6A9139C9FD2A38E59AFB466F9A_1541/INPUTFILES/data_547191691.root
Running: cp /star/data01/pwg/xiatong/AMPT/14GeV/data_547191741.root /tmp/maxwoo/21EF1A6A9139C9FD2A38E59AFB466F9A_1541/INPUTFILES/data_547191741.root
Running: cp /star/data01/pwg/xiatong/AMPT/14GeV/data_547191821.root /tmp/maxwoo/21EF1A6A9139C9FD2A38E59AFB466F9A_1541/INPUTFILES/data_547191821.root
Running: cp /star/data01/pwg/xiatong/AMPT/14GeV/data_547191841.root /tmp/maxwoo/21EF1A6A9139C9FD2A38E59AFB466F9A_1541/INPUTFILES/data_547191841.root
Running: cp /star/data01/pwg/xiatong/AMPT/14GeV/data_547191871.root /tmp/maxwoo/21EF1A6A9139C9FD2A38E59AFB466F9A_1541/INPUTFILES/data_547191871.root
Running: cp /star/data01/pwg/xiatong/AMPT/14GeV/data_547191881.root /tmp/maxwoo/21EF1A6A9139C9FD2A38E59AFB466F9A_1541/INPUTFILES/data_547191881.root
Running: cp /star/data01/pwg/xiatong/AMPT/14GeV/data_547191901.root /tmp/maxwoo/21EF1A6A9139C9FD2A38E59AFB466F9A_1541/INPUTFILES/data_547191901.root
Running: cp /star/data01/pwg/xiatong/AMPT/14GeV/data_547191911.root /tmp/maxwoo/21EF1A6A9139C9FD2A38E59AFB466F9A_1541/INPUTFILES/data_547191911.root
Running: cp /star/data01/pwg/xiatong/AMPT/14GeV/data_547191951.root /tmp/maxwoo/21EF1A6A9139C9FD2A38E59AFB466F9A_1541/INPUTFILES/data_547191951.root
Running: cp /star/data01/pwg/xiatong/AMPT/14GeV/data_547192001.root /tmp/maxwoo/21EF1A6A9139C9FD2A38E59AFB466F9A_1541/INPUTFILES/data_547192001.root
Running: cp /star/data01/pwg/xiatong/AMPT/14GeV/data_547192051.root /tmp/maxwoo/21EF1A6A9139C9FD2A38E59AFB466F9A_1541/INPUTFILES/data_547192051.root
Running: cp /star/data01/pwg/xiatong/AMPT/14GeV/data_547192161.root /tmp/maxwoo/21EF1A6A9139C9FD2A38E59AFB466F9A_1541/INPUTFILES/data_547192161.root
Running: cp /star/data01/pwg/xiatong/AMPT/14GeV/data_547192211.root /tmp/maxwoo/21EF1A6A9139C9FD2A38E59AFB466F9A_1541/INPUTFILES/data_547192211.root
Running: cp /star/data01/pwg/xiatong/AMPT/14GeV/data_547194731.root /tmp/maxwoo/21EF1A6A9139C9FD2A38E59AFB466F9A_1541/INPUTFILES/data_547194731.root
Running: cp /star/data01/pwg/xiatong/AMPT/14GeV/data_547198651.root /tmp/maxwoo/21EF1A6A9139C9FD2A38E59AFB466F9A_1541/INPUTFILES/data_547198651.root
Running: cp /star/data01/pwg/xiatong/AMPT/14GeV/data_547198921.root /tmp/maxwoo/21EF1A6A9139C9FD2A38E59AFB466F9A_1541/INPUTFILES/data_547198921.root
Running: cp /star/data01/pwg/xiatong/AMPT/14GeV/data_547215781.root /tmp/maxwoo/21EF1A6A9139C9FD2A38E59AFB466F9A_1541/INPUTFILES/data_547215781.root
Running: cp /star/data01/pwg/xiatong/AMPT/14GeV/data_547215801.root /tmp/maxwoo/21EF1A6A9139C9FD2A38E59AFB466F9A_1541/INPUTFILES/data_547215801.root
Running: cp /star/data01/pwg/xiatong/AMPT/14GeV/data_547274621.root /tmp/maxwoo/21EF1A6A9139C9FD2A38E59AFB466F9A_1541/INPUTFILES/data_547274621.root
Running: cp /star/data01/pwg/xiatong/AMPT/14GeV/data_547364311.root /tmp/maxwoo/21EF1A6A9139C9FD2A38E59AFB466F9A_1541/INPUTFILES/data_547364311.root
Running: cp /star/data01/pwg/xiatong/AMPT/14GeV/data_547394171.root /tmp/maxwoo/21EF1A6A9139C9FD2A38E59AFB466F9A_1541/INPUTFILES/data_547394171.root
Swapping $FILELIST with: /tmp/maxwoo/21EF1A6A9139C9FD2A38E59AFB466F9A_1541/INPUTFILES/21EF1A6A9139C9FD2A38E59AFB466F9A_1541.local.list
+++++++++++local copy debug++++++++++++++++++++
newFileList: /tmp/maxwoo/21EF1A6A9139C9FD2A38E59AFB466F9A_1541/INPUTFILES/21EF1A6A9139C9FD2A38E59AFB466F9A_1541.local.list
++++++++++++++++cat FILELIST+++++++++++++++++++
/tmp/maxwoo/21EF1A6A9139C9FD2A38E59AFB466F9A_1541/INPUTFILES/data_547141221.root 
/tmp/maxwoo/21EF1A6A9139C9FD2A38E59AFB466F9A_1541/INPUTFILES/data_547141251.root 
/tmp/maxwoo/21EF1A6A9139C9FD2A38E59AFB466F9A_1541/INPUTFILES/data_547141401.root 
/tmp/maxwoo/21EF1A6A9139C9FD2A38E59AFB466F9A_1541/INPUTFILES/data_547152491.root 
/tmp/maxwoo/21EF1A6A9139C9FD2A38E59AFB466F9A_1541/INPUTFILES/data_547152701.root 
/tmp/maxwoo/21EF1A6A9139C9FD2A38E59AFB466F9A_1541/INPUTFILES/data_547162731.root 
/tmp/maxwoo/21EF1A6A9139C9FD2A38E59AFB466F9A_1541/INPUTFILES/data_547162851.root 
/tmp/maxwoo/21EF1A6A9139C9FD2A38E59AFB466F9A_1541/INPUTFILES/data_547162861.root 
/tmp/maxwoo/21EF1A6A9139C9FD2A38E59AFB466F9A_1541/INPUTFILES/data_547162871.root 
/tmp/maxwoo/21EF1A6A9139C9FD2A38E59AFB466F9A_1541/INPUTFILES/data_547163741.root 
/tmp/maxwoo/21EF1A6A9139C9FD2A38E59AFB466F9A_1541/INPUTFILES/data_547172021.root 
/tmp/maxwoo/21EF1A6A9139C9FD2A38E59AFB466F9A_1541/INPUTFILES/data_547191531.root 
/tmp/maxwoo/21EF1A6A9139C9FD2A38E59AFB466F9A_1541/INPUTFILES/data_547191541.root 
/tmp/maxwoo/21EF1A6A9139C9FD2A38E59AFB466F9A_1541/INPUTFILES/data_547191571.root 
/tmp/maxwoo/21EF1A6A9139C9FD2A38E59AFB466F9A_1541/INPUTFILES/data_547191581.root 
/tmp/maxwoo/21EF1A6A9139C9FD2A38E59AFB466F9A_1541/INPUTFILES/data_547191611.root 
/tmp/maxwoo/21EF1A6A9139C9FD2A38E59AFB466F9A_1541/INPUTFILES/data_547191691.root 
/tmp/maxwoo/21EF1A6A9139C9FD2A38E59AFB466F9A_1541/INPUTFILES/data_547191741.root 
/tmp/maxwoo/21EF1A6A9139C9FD2A38E59AFB466F9A_1541/INPUTFILES/data_547191821.root 
/tmp/maxwoo/21EF1A6A9139C9FD2A38E59AFB466F9A_1541/INPUTFILES/data_547191841.root 
/tmp/maxwoo/21EF1A6A9139C9FD2A38E59AFB466F9A_1541/INPUTFILES/data_547191871.root 
/tmp/maxwoo/21EF1A6A9139C9FD2A38E59AFB466F9A_1541/INPUTFILES/data_547191881.root 
/tmp/maxwoo/21EF1A6A9139C9FD2A38E59AFB466F9A_1541/INPUTFILES/data_547191901.root 
/tmp/maxwoo/21EF1A6A9139C9FD2A38E59AFB466F9A_1541/INPUTFILES/data_547191911.root 
/tmp/maxwoo/21EF1A6A9139C9FD2A38E59AFB466F9A_1541/INPUTFILES/data_547191951.root 
/tmp/maxwoo/21EF1A6A9139C9FD2A38E59AFB466F9A_1541/INPUTFILES/data_547192001.root 
/tmp/maxwoo/21EF1A6A9139C9FD2A38E59AFB466F9A_1541/INPUTFILES/data_547192051.root 
/tmp/maxwoo/21EF1A6A9139C9FD2A38E59AFB466F9A_1541/INPUTFILES/data_547192161.root 
/tmp/maxwoo/21EF1A6A9139C9FD2A38E59AFB466F9A_1541/INPUTFILES/data_547192211.root 
/tmp/maxwoo/21EF1A6A9139C9FD2A38E59AFB466F9A_1541/INPUTFILES/data_547194731.root 
/tmp/maxwoo/21EF1A6A9139C9FD2A38E59AFB466F9A_1541/INPUTFILES/data_547198651.root 
/tmp/maxwoo/21EF1A6A9139C9FD2A38E59AFB466F9A_1541/INPUTFILES/data_547198921.root 
/tmp/maxwoo/21EF1A6A9139C9FD2A38E59AFB466F9A_1541/INPUTFILES/data_547215781.root 
/tmp/maxwoo/21EF1A6A9139C9FD2A38E59AFB466F9A_1541/INPUTFILES/data_547215801.root 
/tmp/maxwoo/21EF1A6A9139C9FD2A38E59AFB466F9A_1541/INPUTFILES/data_547274621.root 
/tmp/maxwoo/21EF1A6A9139C9FD2A38E59AFB466F9A_1541/INPUTFILES/data_547364311.root 
/tmp/maxwoo/21EF1A6A9139C9FD2A38E59AFB466F9A_1541/INPUTFILES/data_547394171.root 
++++++++++++++++++++find.++++++++++++++++++++++
.
./INPUTFILES
./INPUTFILES/data_547191531.root
./INPUTFILES/data_547191691.root
./INPUTFILES/data_547162861.root
./INPUTFILES/data_547172021.root
./INPUTFILES/data_547198921.root
./INPUTFILES/data_547191741.root
./INPUTFILES/data_547191611.root
./INPUTFILES/data_547191871.root
./INPUTFILES/data_547191881.root
./INPUTFILES/data_547194731.root
./INPUTFILES/data_547191951.root
./INPUTFILES/data_547141251.root
./INPUTFILES/data_547191571.root
./INPUTFILES/data_547141221.root
./INPUTFILES/data_547394171.root
./INPUTFILES/data_547191821.root
./INPUTFILES/21EF1A6A9139C9FD2A38E59AFB466F9A_1541.local.list
./INPUTFILES/data_547191841.root
./INPUTFILES/data_547198651.root
./INPUTFILES/data_547152701.root
./INPUTFILES/data_547191911.root
./INPUTFILES/data_547192211.root
./INPUTFILES/data_547192161.root
./INPUTFILES/data_547163741.root
./INPUTFILES/data_547191541.root
./INPUTFILES/data_547152491.root
./INPUTFILES/data_547191901.root
./INPUTFILES/data_547141401.root
./INPUTFILES/data_547192001.root
./INPUTFILES/data_547191581.root
./INPUTFILES/data_547215781.root
./INPUTFILES/data_547162851.root
./INPUTFILES/data_547192051.root
./INPUTFILES/data_547162731.root
./INPUTFILES/data_547364311.root
./INPUTFILES/data_547162871.root
./INPUTFILES/data_547274621.root
./INPUTFILES/data_547215801.root
./.errror.log
./Check_Sness.C
./.sandboxFiles
./check_S.C
./lib
./lib/MixedBuffer_cpp_ACLiC_dict_rdict.pcm
./lib/MixedBuffer_cpp.d
./lib/NpartNormalizer_cpp.so
./lib/MixedBuffer_cpp.so
./lib/NpartNormalizer.cpp
./lib/CenMaker_cpp.d
./lib/CenMaker_cpp_ACLiC_dict_rdict.pcm
./lib/CenMaker.cpp
./lib/my_event_cpp.d
./lib/NpartNormalizer.h
./lib/my_event.cpp
./lib/my_particle.h
./lib/CenMaker.h
./lib/CenMaker_cpp.so
./lib/NpartNormalizer_cpp.d
./lib/my_particle_cpp_ACLiC_dict_rdict.pcm
./lib/my_particle.cpp
./lib/my_event_cpp.so
./lib/my_particle_cpp.d
./lib/MixedBuffer.h
./lib/NpartNormalizer_cpp_ACLiC_dict_rdict.pcm
./lib/my_event.h
./lib/my_event_cpp_ACLiC_dict_rdict.pcm
./lib/MixedBuffer.cpp
./lib/my_particle_cpp.so
./.output.log
++++++++++++++++INPUTFILE Var++++++++++++++++++
FILELIST=/tmp/maxwoo/21EF1A6A9139C9FD2A38E59AFB466F9A_1541/INPUTFILES/21EF1A6A9139C9FD2A38E59AFB466F9A_1541.local.list
INPUTFILECOUNT=37
INPUTFILE0=/tmp/maxwoo/21EF1A6A9139C9FD2A38E59AFB466F9A_1541/INPUTFILES/data_547141221.root
INPUTFILE1=/tmp/maxwoo/21EF1A6A9139C9FD2A38E59AFB466F9A_1541/INPUTFILES/data_547141251.root
INPUTFILE2=/tmp/maxwoo/21EF1A6A9139C9FD2A38E59AFB466F9A_1541/INPUTFILES/data_547141401.root
INPUTFILE3=/tmp/maxwoo/21EF1A6A9139C9FD2A38E59AFB466F9A_1541/INPUTFILES/data_547152491.root
INPUTFILE4=/tmp/maxwoo/21EF1A6A9139C9FD2A38E59AFB466F9A_1541/INPUTFILES/data_547152701.root
INPUTFILE5=/tmp/maxwoo/21EF1A6A9139C9FD2A38E59AFB466F9A_1541/INPUTFILES/data_547162731.root
INPUTFILE6=/tmp/maxwoo/21EF1A6A9139C9FD2A38E59AFB466F9A_1541/INPUTFILES/data_547162851.root
INPUTFILE7=/tmp/maxwoo/21EF1A6A9139C9FD2A38E59AFB466F9A_1541/INPUTFILES/data_547162861.root
INPUTFILE8=/tmp/maxwoo/21EF1A6A9139C9FD2A38E59AFB466F9A_1541/INPUTFILES/data_547162871.root
INPUTFILE9=/tmp/maxwoo/21EF1A6A9139C9FD2A38E59AFB466F9A_1541/INPUTFILES/data_547163741.root
INPUTFILE10=/tmp/maxwoo/21EF1A6A9139C9FD2A38E59AFB466F9A_1541/INPUTFILES/data_547172021.root
INPUTFILE11=/tmp/maxwoo/21EF1A6A9139C9FD2A38E59AFB466F9A_1541/INPUTFILES/data_547191531.root
INPUTFILE12=/tmp/maxwoo/21EF1A6A9139C9FD2A38E59AFB466F9A_1541/INPUTFILES/data_547191541.root
INPUTFILE13=/tmp/maxwoo/21EF1A6A9139C9FD2A38E59AFB466F9A_1541/INPUTFILES/data_547191571.root
INPUTFILE14=/tmp/maxwoo/21EF1A6A9139C9FD2A38E59AFB466F9A_1541/INPUTFILES/data_547191581.root
INPUTFILE15=/tmp/maxwoo/21EF1A6A9139C9FD2A38E59AFB466F9A_1541/INPUTFILES/data_547191611.root
INPUTFILE16=/tmp/maxwoo/21EF1A6A9139C9FD2A38E59AFB466F9A_1541/INPUTFILES/data_547191691.root
INPUTFILE17=/tmp/maxwoo/21EF1A6A9139C9FD2A38E59AFB466F9A_1541/INPUTFILES/data_547191741.root
INPUTFILE18=/tmp/maxwoo/21EF1A6A9139C9FD2A38E59AFB466F9A_1541/INPUTFILES/data_547191821.root
INPUTFILE19=/tmp/maxwoo/21EF1A6A9139C9FD2A38E59AFB466F9A_1541/INPUTFILES/data_547191841.root
INPUTFILE20=/tmp/maxwoo/21EF1A6A9139C9FD2A38E59AFB466F9A_1541/INPUTFILES/data_547191871.root
INPUTFILE21=/tmp/maxwoo/21EF1A6A9139C9FD2A38E59AFB466F9A_1541/INPUTFILES/data_547191881.root
INPUTFILE22=/tmp/maxwoo/21EF1A6A9139C9FD2A38E59AFB466F9A_1541/INPUTFILES/data_547191901.root
INPUTFILE23=/tmp/maxwoo/21EF1A6A9139C9FD2A38E59AFB466F9A_1541/INPUTFILES/data_547191911.root
INPUTFILE24=/tmp/maxwoo/21EF1A6A9139C9FD2A38E59AFB466F9A_1541/INPUTFILES/data_547191951.root
INPUTFILE25=/tmp/maxwoo/21EF1A6A9139C9FD2A38E59AFB466F9A_1541/INPUTFILES/data_547192001.root
INPUTFILE26=/tmp/maxwoo/21EF1A6A9139C9FD2A38E59AFB466F9A_1541/INPUTFILES/data_547192051.root
INPUTFILE27=/tmp/maxwoo/21EF1A6A9139C9FD2A38E59AFB466F9A_1541/INPUTFILES/data_547192161.root
INPUTFILE28=/tmp/maxwoo/21EF1A6A9139C9FD2A38E59AFB466F9A_1541/INPUTFILES/data_547192211.root
INPUTFILE29=/tmp/maxwoo/21EF1A6A9139C9FD2A38E59AFB466F9A_1541/INPUTFILES/data_547194731.root
INPUTFILE30=/tmp/maxwoo/21EF1A6A9139C9FD2A38E59AFB466F9A_1541/INPUTFILES/data_547198651.root
INPUTFILE31=/tmp/maxwoo/21EF1A6A9139C9FD2A38E59AFB466F9A_1541/INPUTFILES/data_547198921.root
INPUTFILE32=/tmp/maxwoo/21EF1A6A9139C9FD2A38E59AFB466F9A_1541/INPUTFILES/data_547215781.root
INPUTFILE33=/tmp/maxwoo/21EF1A6A9139C9FD2A38E59AFB466F9A_1541/INPUTFILES/data_547215801.root
INPUTFILE34=/tmp/maxwoo/21EF1A6A9139C9FD2A38E59AFB466F9A_1541/INPUTFILES/data_547274621.root
INPUTFILE35=/tmp/maxwoo/21EF1A6A9139C9FD2A38E59AFB466F9A_1541/INPUTFILES/data_547364311.root
INPUTFILE36=/tmp/maxwoo/21EF1A6A9139C9FD2A38E59AFB466F9A_1541/INPUTFILES/data_547394171.root
LocalInputFileDir=/tmp/maxwoo/21EF1A6A9139C9FD2A38E59AFB466F9A_1541/INPUTFILES
NewFILELIST=/tmp/maxwoo/21EF1A6A9139C9FD2A38E59AFB466F9A_1541/INPUTFILES/21EF1A6A9139C9FD2A38E59AFB466F9A_1541.local.list
+++++++++++++++++++++++++++++++++++++++++++++++
--------------------------------
Simple Unified Meta Scheduler 1.10.50 we are starting in $SCRATCH : /home/tmp/maxwoo/21EF1A6A9139C9FD2A38E59AFB466F9A_1541
--------------------------------
total 16
lrwxrwxrwx 1 maxwoo rhstar   61 Jun  2 11:15 check_S.C -> /gpfs/mnt/gpfs01/star/pwg/xiatong/git/strangeness/./check_S.C
lrwxrwxrwx 1 maxwoo rhstar   65 Jun  2 11:15 Check_Sness.C -> /gpfs/mnt/gpfs01/star/pwg/xiatong/git/strangeness/./Check_Sness.C
drwxr-xr-x 2 maxwoo rhstar 4096 Jun  2 11:17 INPUTFILES
drwxr-xr-x 2 maxwoo rhstar 4096 Jun  2 11:15 lib
  *******************************************
  *                                         *
  *        W E L C O M E  to  R O O T       *
  *                                         *
  *   Version   5.34/38     12 March 2018   *
  *                                         *
  *  You are welcome to visit our Web site  *
  *          http://root.cern.ch            *
  *                                         *
  *******************************************

ROOT 5.34/38 (v5-34-38@v5-34-38, Mar 12 2018, 15:49:39 on linux)

CINT/ROOT C/C++ Interpreter version 5.18.00, July 2, 2010
Type ? for help. Commands must be C++ statements.
Enclose multiple statements between { }.
*** Float Point Exception is OFF ***
 *** Start at Date : Thu Jun  2 11:17:53 2022
QAInfo:You are using STAR_LEVEL : dev, ROOT_LEVEL : 5.34.38 and node : rcas6349.rcf.bnl.gov 

Processing check_S.C++("/tmp/maxwoo/21EF1A6A9139C9FD2A38E59AFB466F9A_1541/INPUTFILES/21EF1A6A9139C9FD2A38E59AFB466F9A_1541.local.list","21EF1A6A9139C9FD2A38E59AFB466F9A_1541",1)...
/tmp/maxwoo/21EF1A6A9139C9FD2A38E59AFB466F9A_1541/INPUTFILES/data_547141221.root 
/tmp/maxwoo/21EF1A6A9139C9FD2A38E59AFB466F9A_1541/INPUTFILES/data_547141251.root 
/tmp/maxwoo/21EF1A6A9139C9FD2A38E59AFB466F9A_1541/INPUTFILES/data_547141401.root 
/tmp/maxwoo/21EF1A6A9139C9FD2A38E59AFB466F9A_1541/INPUTFILES/data_547152491.root 
/tmp/maxwoo/21EF1A6A9139C9FD2A38E59AFB466F9A_1541/INPUTFILES/data_547152701.root 
/tmp/maxwoo/21EF1A6A9139C9FD2A38E59AFB466F9A_1541/INPUTFILES/data_547162731.root 
/tmp/maxwoo/21EF1A6A9139C9FD2A38E59AFB466F9A_1541/INPUTFILES/data_547162851.root 
/tmp/maxwoo/21EF1A6A9139C9FD2A38E59AFB466F9A_1541/INPUTFILES/data_547162861.root 
/tmp/maxwoo/21EF1A6A9139C9FD2A38E59AFB466F9A_1541/INPUTFILES/data_547162871.root 
/tmp/maxwoo/21EF1A6A9139C9FD2A38E59AFB466F9A_1541/INPUTFILES/data_547163741.root 
/tmp/maxwoo/21EF1A6A9139C9FD2A38E59AFB466F9A_1541/INPUTFILES/data_547172021.root 
/tmp/maxwoo/21EF1A6A9139C9FD2A38E59AFB466F9A_1541/INPUTFILES/data_547191531.root 
/tmp/maxwoo/21EF1A6A9139C9FD2A38E59AFB466F9A_1541/INPUTFILES/data_547191541.root 
/tmp/maxwoo/21EF1A6A9139C9FD2A38E59AFB466F9A_1541/INPUTFILES/data_547191571.root 
/tmp/maxwoo/21EF1A6A9139C9FD2A38E59AFB466F9A_1541/INPUTFILES/data_547191581.root 
/tmp/maxwoo/21EF1A6A9139C9FD2A38E59AFB466F9A_1541/INPUTFILES/data_547191611.root 
/tmp/maxwoo/21EF1A6A9139C9FD2A38E59AFB466F9A_1541/INPUTFILES/data_547191691.root 
/tmp/maxwoo/21EF1A6A9139C9FD2A38E59AFB466F9A_1541/INPUTFILES/data_547191741.root 
/tmp/maxwoo/21EF1A6A9139C9FD2A38E59AFB466F9A_1541/INPUTFILES/data_547191821.root 
/tmp/maxwoo/21EF1A6A9139C9FD2A38E59AFB466F9A_1541/INPUTFILES/data_547191841.root 
/tmp/maxwoo/21EF1A6A9139C9FD2A38E59AFB466F9A_1541/INPUTFILES/data_547191871.root 
/tmp/maxwoo/21EF1A6A9139C9FD2A38E59AFB466F9A_1541/INPUTFILES/data_547191881.root 
/tmp/maxwoo/21EF1A6A9139C9FD2A38E59AFB466F9A_1541/INPUTFILES/data_547191901.root 
/tmp/maxwoo/21EF1A6A9139C9FD2A38E59AFB466F9A_1541/INPUTFILES/data_547191911.root 
/tmp/maxwoo/21EF1A6A9139C9FD2A38E59AFB466F9A_1541/INPUTFILES/data_547191951.root 
/tmp/maxwoo/21EF1A6A9139C9FD2A38E59AFB466F9A_1541/INPUTFILES/data_547192001.root 
/tmp/maxwoo/21EF1A6A9139C9FD2A38E59AFB466F9A_1541/INPUTFILES/data_547192051.root 
/tmp/maxwoo/21EF1A6A9139C9FD2A38E59AFB466F9A_1541/INPUTFILES/data_547192161.root 
/tmp/maxwoo/21EF1A6A9139C9FD2A38E59AFB466F9A_1541/INPUTFILES/data_547192211.root 
/tmp/maxwoo/21EF1A6A9139C9FD2A38E59AFB466F9A_1541/INPUTFILES/data_547194731.root 
/tmp/maxwoo/21EF1A6A9139C9FD2A38E59AFB466F9A_1541/INPUTFILES/data_547198651.root 
/tmp/maxwoo/21EF1A6A9139C9FD2A38E59AFB466F9A_1541/INPUTFILES/data_547198921.root 
/tmp/maxwoo/21EF1A6A9139C9FD2A38E59AFB466F9A_1541/INPUTFILES/data_547215781.root 
/tmp/maxwoo/21EF1A6A9139C9FD2A38E59AFB466F9A_1541/INPUTFILES/data_547215801.root 
/tmp/maxwoo/21EF1A6A9139C9FD2A38E59AFB466F9A_1541/INPUTFILES/data_547274621.root 
/tmp/maxwoo/21EF1A6A9139C9FD2A38E59AFB466F9A_1541/INPUTFILES/data_547364311.root 
/tmp/maxwoo/21EF1A6A9139C9FD2A38E59AFB466F9A_1541/INPUTFILES/data_547394171.root 
Added 37 files
# entries in chain: 35172
Processing entry == 1000 == out of 35172.
Processing entry == 2000 == out of 35172.
Processing entry == 3000 == out of 35172.
Processing entry == 4000 == out of 35172.
Processing entry == 5000 == out of 35172.
Processing entry == 6000 == out of 35172.
Processing entry == 7000 == out of 35172.
Processing entry == 8000 == out of 35172.
Processing entry == 9000 == out of 35172.
Processing entry == 10000 == out of 35172.
Processing entry == 11000 == out of 35172.
Processing entry == 12000 == out of 35172.
Processing entry == 13000 == out of 35172.
Processing entry == 14000 == out of 35172.
Processing entry == 15000 == out of 35172.
Processing entry == 16000 == out of 35172.
Processing entry == 17000 == out of 35172.
Processing entry == 18000 == out of 35172.
Processing entry == 19000 == out of 35172.
Processing entry == 20000 == out of 35172.
Processing entry == 21000 == out of 35172.
Processing entry == 22000 == out of 35172.
Processing entry == 23000 == out of 35172.
Processing entry == 24000 == out of 35172.
Processing entry == 25000 == out of 35172.
Processing entry == 26000 == out of 35172.
Processing entry == 27000 == out of 35172.
Processing entry == 28000 == out of 35172.
Processing entry == 29000 == out of 35172.
Processing entry == 30000 == out of 35172.
Processing entry == 31000 == out of 35172.
Processing entry == 32000 == out of 35172.
Processing entry == 33000 == out of 35172.
Processing entry == 34000 == out of 35172.
Processing entry == 35000 == out of 35172.

This is the end of ROOT -- Goodbye

Cleaning up sandbox file:  /tmp/maxwoo/21EF1A6A9139C9FD2A38E59AFB466F9A_1541/check_S.C
Cleaning up sandbox file:  /tmp/maxwoo/21EF1A6A9139C9FD2A38E59AFB466F9A_1541/Check_Sness.C
Cleaning up sandbox file:  /tmp/maxwoo/21EF1A6A9139C9FD2A38E59AFB466F9A_1541/lib
Cleaning up sandbox file:  /tmp/maxwoo/21EF1A6A9139C9FD2A38E59AFB466F9A_1541/.sandboxFiles
Starting copy block
Running copy command:  /bin/cp -fp /tmp/maxwoo/21EF1A6A9139C9FD2A38E59AFB466F9A_1541/out_21EF1A6A9139C9FD2A38E59AFB466F9A_1541.root /star/data01/pwg/xiatong/git/strangeness/data/
41376 Execution of (/star/data01/pwg/xiatong/git/strangeness/script/sched21EF1A6A9139C9FD2A38E59AFB466F9A_1541.csh ) has ended, exiting normally
41376 We END on [Thu Jun  2 11:37:03 EDT 2022]
