We are starting on node: spool0704.sdcc.bnl.gov
HOME is not defined
Using getent method
HOME is now /star/u/maxwoo
144194 We will spawn ourselves (/star/data01/pwg/xiatong/git/strangeness/script/sched21EF1A6A9139C9FD2A38E59AFB466F9A_2571.csh )
144194 We BEGIN on [Thu Jun  2 10:57:50 EDT 2022]
[1] 144388
144194 We are waiting for 144388 
144194 Grandchild PID is 144427 - found in 10 x 1 seconds
144194 Establishing first watcher   on    Thu Jun  2 10:58:00 EDT 2022
144194 Process tree is 144194 (main) -> 144388 (child) -> 144427 (grandchild)
F S   UID    PID   PPID  C PRI  NI ADDR SZ WCHAN  TTY        TIME CMD
0 D 100667 144427 144388  0 80   0 - 30011 cxiWai ?          0:00 find ./ -maxdepth 1 -name Check_Sness.C
144194 Grandchild PID is 145663 - found in 20 x 2 seconds
144194 Grandchild to watch has changed on Thu Jun  2 10:58:21 EDT 2022
144194 Process tree is 144194 (main) -> 144388 (child) -> 145663 (grandchild)
F S   UID    PID   PPID  C PRI  NI ADDR SZ WCHAN  TTY        TIME CMD
0 D 100667 145663 144388  0 80   0 - 32311 cxiWai ?          0:00 cp /star/data01/pwg/xiatong/AMPT/14GeV/data_1453185271.root /tmp/maxwoo/21EF1A6A9139C9FD2A38E59AFB466F9A_2571/INPUTFILES/data_1453185271.root
144194 Grandchild PID is 147823 - found in 40 x 2 seconds
144194 Grandchild to watch has changed on Thu Jun  2 10:59:02 EDT 2022
144194 Process tree is 144194 (main) -> 144388 (child) -> 147823 (grandchild)
F S   UID    PID   PPID  C PRI  NI ADDR SZ WCHAN  TTY        TIME CMD
0 D 100667 147823 144388  0 80   0 - 32311 cxiWai ?          0:00 cp /star/data01/pwg/xiatong/AMPT/14GeV/data_1453185951.root /tmp/maxwoo/21EF1A6A9139C9FD2A38E59AFB466F9A_2571/INPUTFILES/data_1453185951.root
144194 Grandchild PID is 149039 - found in 50 x 2 seconds
144194 Grandchild to watch has changed on Thu Jun  2 10:59:23 EDT 2022
144194 Process tree is 144194 (main) -> 144388 (child) -> 149039 (grandchild)
F S   UID    PID   PPID  C PRI  NI ADDR SZ WCHAN  TTY        TIME CMD
0 D 100667 149039 144388  0 80   0 - 32311 cxiWai ?          0:00 cp /star/data01/pwg/xiatong/AMPT/14GeV/data_1454185801.root /tmp/maxwoo/21EF1A6A9139C9FD2A38E59AFB466F9A_2571/INPUTFILES/data_1454185801.root
144194 Grandchild PID is 150129 - found in 60 x 2 seconds
144194 Grandchild to watch has changed on Thu Jun  2 10:59:43 EDT 2022
144194 Process tree is 144194 (main) -> 144388 (child) -> 150129 (grandchild)
F S   UID    PID   PPID  C PRI  NI ADDR SZ WCHAN  TTY        TIME CMD
0 D 100667 150129 144388  0 80   0 - 32311 cxiWai ?          0:00 cp /star/data01/pwg/xiatong/AMPT/14GeV/data_1455186071.root /tmp/maxwoo/21EF1A6A9139C9FD2A38E59AFB466F9A_2571/INPUTFILES/data_1455186071.root
144194 Grandchild PID is 152208 - found in 70 x 2 seconds
144194 Grandchild to watch has changed on Thu Jun  2 11:00:04 EDT 2022
144194 Process tree is 144194 (main) -> 144388 (child) -> 152208 (grandchild)
F S   UID    PID   PPID  C PRI  NI ADDR SZ WCHAN  TTY        TIME CMD
0 S 100667 152208 144388  0 80   0 -  1272 do_wai ?          0:00 root -b -q check_S.C++("/tmp/maxwoo/21EF1A6A9139C9FD2A38E59AFB466F9A_2571/INPUTFILES/21EF1A6A9139C9FD2A38E59AFB466F9A_2571.local.list","21EF1A6A9139C9FD2A38E59AFB466F9A_2571",1)
144388 Stepping into the main SUMS wrapper program with []
.... building sandbox
Running: cp /star/data01/pwg/xiatong/AMPT/14GeV/data_1453184721.root /tmp/maxwoo/21EF1A6A9139C9FD2A38E59AFB466F9A_2571/INPUTFILES/data_1453184721.root
Running: cp /star/data01/pwg/xiatong/AMPT/14GeV/data_1453184871.root /tmp/maxwoo/21EF1A6A9139C9FD2A38E59AFB466F9A_2571/INPUTFILES/data_1453184871.root
Running: cp /star/data01/pwg/xiatong/AMPT/14GeV/data_1453185131.root /tmp/maxwoo/21EF1A6A9139C9FD2A38E59AFB466F9A_2571/INPUTFILES/data_1453185131.root
Running: cp /star/data01/pwg/xiatong/AMPT/14GeV/data_1453185271.root /tmp/maxwoo/21EF1A6A9139C9FD2A38E59AFB466F9A_2571/INPUTFILES/data_1453185271.root
Running: cp /star/data01/pwg/xiatong/AMPT/14GeV/data_1453185951.root /tmp/maxwoo/21EF1A6A9139C9FD2A38E59AFB466F9A_2571/INPUTFILES/data_1453185951.root
Running: cp /star/data01/pwg/xiatong/AMPT/14GeV/data_1453186121.root /tmp/maxwoo/21EF1A6A9139C9FD2A38E59AFB466F9A_2571/INPUTFILES/data_1453186121.root
Running: cp /star/data01/pwg/xiatong/AMPT/14GeV/data_1453186311.root /tmp/maxwoo/21EF1A6A9139C9FD2A38E59AFB466F9A_2571/INPUTFILES/data_1453186311.root
Running: cp /star/data01/pwg/xiatong/AMPT/14GeV/data_1453186321.root /tmp/maxwoo/21EF1A6A9139C9FD2A38E59AFB466F9A_2571/INPUTFILES/data_1453186321.root
Running: cp /star/data01/pwg/xiatong/AMPT/14GeV/data_1454116241.root /tmp/maxwoo/21EF1A6A9139C9FD2A38E59AFB466F9A_2571/INPUTFILES/data_1454116241.root
Running: cp /star/data01/pwg/xiatong/AMPT/14GeV/data_1454183921.root /tmp/maxwoo/21EF1A6A9139C9FD2A38E59AFB466F9A_2571/INPUTFILES/data_1454183921.root
Running: cp /star/data01/pwg/xiatong/AMPT/14GeV/data_1454183991.root /tmp/maxwoo/21EF1A6A9139C9FD2A38E59AFB466F9A_2571/INPUTFILES/data_1454183991.root
Running: cp /star/data01/pwg/xiatong/AMPT/14GeV/data_1454184591.root /tmp/maxwoo/21EF1A6A9139C9FD2A38E59AFB466F9A_2571/INPUTFILES/data_1454184591.root
Running: cp /star/data01/pwg/xiatong/AMPT/14GeV/data_1454185511.root /tmp/maxwoo/21EF1A6A9139C9FD2A38E59AFB466F9A_2571/INPUTFILES/data_1454185511.root
Running: cp /star/data01/pwg/xiatong/AMPT/14GeV/data_1454185651.root /tmp/maxwoo/21EF1A6A9139C9FD2A38E59AFB466F9A_2571/INPUTFILES/data_1454185651.root
Running: cp /star/data01/pwg/xiatong/AMPT/14GeV/data_1454185801.root /tmp/maxwoo/21EF1A6A9139C9FD2A38E59AFB466F9A_2571/INPUTFILES/data_1454185801.root
Running: cp /star/data01/pwg/xiatong/AMPT/14GeV/data_1454186251.root /tmp/maxwoo/21EF1A6A9139C9FD2A38E59AFB466F9A_2571/INPUTFILES/data_1454186251.root
Running: cp /star/data01/pwg/xiatong/AMPT/14GeV/data_1454191981.root /tmp/maxwoo/21EF1A6A9139C9FD2A38E59AFB466F9A_2571/INPUTFILES/data_1454191981.root
Running: cp /star/data01/pwg/xiatong/AMPT/14GeV/data_1454192031.root /tmp/maxwoo/21EF1A6A9139C9FD2A38E59AFB466F9A_2571/INPUTFILES/data_1454192031.root
Running: cp /star/data01/pwg/xiatong/AMPT/14GeV/data_1454192771.root /tmp/maxwoo/21EF1A6A9139C9FD2A38E59AFB466F9A_2571/INPUTFILES/data_1454192771.root
Running: cp /star/data01/pwg/xiatong/AMPT/14GeV/data_1455107561.root /tmp/maxwoo/21EF1A6A9139C9FD2A38E59AFB466F9A_2571/INPUTFILES/data_1455107561.root
Running: cp /star/data01/pwg/xiatong/AMPT/14GeV/data_1455107581.root /tmp/maxwoo/21EF1A6A9139C9FD2A38E59AFB466F9A_2571/INPUTFILES/data_1455107581.root
Running: cp /star/data01/pwg/xiatong/AMPT/14GeV/data_1455182101.root /tmp/maxwoo/21EF1A6A9139C9FD2A38E59AFB466F9A_2571/INPUTFILES/data_1455182101.root
Running: cp /star/data01/pwg/xiatong/AMPT/14GeV/data_1455184831.root /tmp/maxwoo/21EF1A6A9139C9FD2A38E59AFB466F9A_2571/INPUTFILES/data_1455184831.root
Running: cp /star/data01/pwg/xiatong/AMPT/14GeV/data_1455184991.root /tmp/maxwoo/21EF1A6A9139C9FD2A38E59AFB466F9A_2571/INPUTFILES/data_1455184991.root
Running: cp /star/data01/pwg/xiatong/AMPT/14GeV/data_1455185331.root /tmp/maxwoo/21EF1A6A9139C9FD2A38E59AFB466F9A_2571/INPUTFILES/data_1455185331.root
Running: cp /star/data01/pwg/xiatong/AMPT/14GeV/data_1455185491.root /tmp/maxwoo/21EF1A6A9139C9FD2A38E59AFB466F9A_2571/INPUTFILES/data_1455185491.root
Running: cp /star/data01/pwg/xiatong/AMPT/14GeV/data_1455185781.root /tmp/maxwoo/21EF1A6A9139C9FD2A38E59AFB466F9A_2571/INPUTFILES/data_1455185781.root
Running: cp /star/data01/pwg/xiatong/AMPT/14GeV/data_1455185901.root /tmp/maxwoo/21EF1A6A9139C9FD2A38E59AFB466F9A_2571/INPUTFILES/data_1455185901.root
Running: cp /star/data01/pwg/xiatong/AMPT/14GeV/data_1455186071.root /tmp/maxwoo/21EF1A6A9139C9FD2A38E59AFB466F9A_2571/INPUTFILES/data_1455186071.root
Running: cp /star/data01/pwg/xiatong/AMPT/14GeV/data_1455186691.root /tmp/maxwoo/21EF1A6A9139C9FD2A38E59AFB466F9A_2571/INPUTFILES/data_1455186691.root
Running: cp /star/data01/pwg/xiatong/AMPT/14GeV/data_1456106541.root /tmp/maxwoo/21EF1A6A9139C9FD2A38E59AFB466F9A_2571/INPUTFILES/data_1456106541.root
Running: cp /star/data01/pwg/xiatong/AMPT/14GeV/data_1456106551.root /tmp/maxwoo/21EF1A6A9139C9FD2A38E59AFB466F9A_2571/INPUTFILES/data_1456106551.root
Running: cp /star/data01/pwg/xiatong/AMPT/14GeV/data_1456106561.root /tmp/maxwoo/21EF1A6A9139C9FD2A38E59AFB466F9A_2571/INPUTFILES/data_1456106561.root
Running: cp /star/data01/pwg/xiatong/AMPT/14GeV/data_1456107531.root /tmp/maxwoo/21EF1A6A9139C9FD2A38E59AFB466F9A_2571/INPUTFILES/data_1456107531.root
Running: cp /star/data01/pwg/xiatong/AMPT/14GeV/data_1456125291.root /tmp/maxwoo/21EF1A6A9139C9FD2A38E59AFB466F9A_2571/INPUTFILES/data_1456125291.root
Running: cp /star/data01/pwg/xiatong/AMPT/14GeV/data_1456184481.root /tmp/maxwoo/21EF1A6A9139C9FD2A38E59AFB466F9A_2571/INPUTFILES/data_1456184481.root
Running: cp /star/data01/pwg/xiatong/AMPT/14GeV/data_1456185231.root /tmp/maxwoo/21EF1A6A9139C9FD2A38E59AFB466F9A_2571/INPUTFILES/data_1456185231.root
Swapping $FILELIST with: /tmp/maxwoo/21EF1A6A9139C9FD2A38E59AFB466F9A_2571/INPUTFILES/21EF1A6A9139C9FD2A38E59AFB466F9A_2571.local.list
+++++++++++local copy debug++++++++++++++++++++
newFileList: /tmp/maxwoo/21EF1A6A9139C9FD2A38E59AFB466F9A_2571/INPUTFILES/21EF1A6A9139C9FD2A38E59AFB466F9A_2571.local.list
++++++++++++++++cat FILELIST+++++++++++++++++++
/tmp/maxwoo/21EF1A6A9139C9FD2A38E59AFB466F9A_2571/INPUTFILES/data_1453184721.root 
/tmp/maxwoo/21EF1A6A9139C9FD2A38E59AFB466F9A_2571/INPUTFILES/data_1453184871.root 
/tmp/maxwoo/21EF1A6A9139C9FD2A38E59AFB466F9A_2571/INPUTFILES/data_1453185131.root 
/tmp/maxwoo/21EF1A6A9139C9FD2A38E59AFB466F9A_2571/INPUTFILES/data_1453185271.root 
/tmp/maxwoo/21EF1A6A9139C9FD2A38E59AFB466F9A_2571/INPUTFILES/data_1453185951.root 
/tmp/maxwoo/21EF1A6A9139C9FD2A38E59AFB466F9A_2571/INPUTFILES/data_1453186121.root 
/tmp/maxwoo/21EF1A6A9139C9FD2A38E59AFB466F9A_2571/INPUTFILES/data_1453186311.root 
/tmp/maxwoo/21EF1A6A9139C9FD2A38E59AFB466F9A_2571/INPUTFILES/data_1453186321.root 
/tmp/maxwoo/21EF1A6A9139C9FD2A38E59AFB466F9A_2571/INPUTFILES/data_1454116241.root 
/tmp/maxwoo/21EF1A6A9139C9FD2A38E59AFB466F9A_2571/INPUTFILES/data_1454183921.root 
/tmp/maxwoo/21EF1A6A9139C9FD2A38E59AFB466F9A_2571/INPUTFILES/data_1454183991.root 
/tmp/maxwoo/21EF1A6A9139C9FD2A38E59AFB466F9A_2571/INPUTFILES/data_1454184591.root 
/tmp/maxwoo/21EF1A6A9139C9FD2A38E59AFB466F9A_2571/INPUTFILES/data_1454185511.root 
/tmp/maxwoo/21EF1A6A9139C9FD2A38E59AFB466F9A_2571/INPUTFILES/data_1454185651.root 
/tmp/maxwoo/21EF1A6A9139C9FD2A38E59AFB466F9A_2571/INPUTFILES/data_1454185801.root 
/tmp/maxwoo/21EF1A6A9139C9FD2A38E59AFB466F9A_2571/INPUTFILES/data_1454186251.root 
/tmp/maxwoo/21EF1A6A9139C9FD2A38E59AFB466F9A_2571/INPUTFILES/data_1454191981.root 
/tmp/maxwoo/21EF1A6A9139C9FD2A38E59AFB466F9A_2571/INPUTFILES/data_1454192031.root 
/tmp/maxwoo/21EF1A6A9139C9FD2A38E59AFB466F9A_2571/INPUTFILES/data_1454192771.root 
/tmp/maxwoo/21EF1A6A9139C9FD2A38E59AFB466F9A_2571/INPUTFILES/data_1455107561.root 
/tmp/maxwoo/21EF1A6A9139C9FD2A38E59AFB466F9A_2571/INPUTFILES/data_1455107581.root 
/tmp/maxwoo/21EF1A6A9139C9FD2A38E59AFB466F9A_2571/INPUTFILES/data_1455182101.root 
/tmp/maxwoo/21EF1A6A9139C9FD2A38E59AFB466F9A_2571/INPUTFILES/data_1455184831.root 
/tmp/maxwoo/21EF1A6A9139C9FD2A38E59AFB466F9A_2571/INPUTFILES/data_1455184991.root 
/tmp/maxwoo/21EF1A6A9139C9FD2A38E59AFB466F9A_2571/INPUTFILES/data_1455185331.root 
/tmp/maxwoo/21EF1A6A9139C9FD2A38E59AFB466F9A_2571/INPUTFILES/data_1455185491.root 
/tmp/maxwoo/21EF1A6A9139C9FD2A38E59AFB466F9A_2571/INPUTFILES/data_1455185781.root 
/tmp/maxwoo/21EF1A6A9139C9FD2A38E59AFB466F9A_2571/INPUTFILES/data_1455185901.root 
/tmp/maxwoo/21EF1A6A9139C9FD2A38E59AFB466F9A_2571/INPUTFILES/data_1455186071.root 
/tmp/maxwoo/21EF1A6A9139C9FD2A38E59AFB466F9A_2571/INPUTFILES/data_1455186691.root 
/tmp/maxwoo/21EF1A6A9139C9FD2A38E59AFB466F9A_2571/INPUTFILES/data_1456106541.root 
/tmp/maxwoo/21EF1A6A9139C9FD2A38E59AFB466F9A_2571/INPUTFILES/data_1456106551.root 
/tmp/maxwoo/21EF1A6A9139C9FD2A38E59AFB466F9A_2571/INPUTFILES/data_1456106561.root 
/tmp/maxwoo/21EF1A6A9139C9FD2A38E59AFB466F9A_2571/INPUTFILES/data_1456107531.root 
/tmp/maxwoo/21EF1A6A9139C9FD2A38E59AFB466F9A_2571/INPUTFILES/data_1456125291.root 
/tmp/maxwoo/21EF1A6A9139C9FD2A38E59AFB466F9A_2571/INPUTFILES/data_1456184481.root 
/tmp/maxwoo/21EF1A6A9139C9FD2A38E59AFB466F9A_2571/INPUTFILES/data_1456185231.root 
++++++++++++++++++++find.++++++++++++++++++++++
.
./lib
./lib/NpartNormalizer_cpp_ACLiC_dict_rdict.pcm
./lib/CenMaker.cpp
./lib/my_particle.cpp
./lib/my_particle_cpp.so
./lib/my_event_cpp_ACLiC_dict_rdict.pcm
./lib/my_particle.h
./lib/NpartNormalizer.cpp
./lib/CenMaker.h
./lib/MixedBuffer_cpp.so
./lib/my_event_cpp.d
./lib/my_event_cpp.so
./lib/MixedBuffer_cpp.d
./lib/NpartNormalizer_cpp.d
./lib/CenMaker_cpp.so
./lib/my_event.h
./lib/MixedBuffer.h
./lib/MixedBuffer.cpp
./lib/MixedBuffer_cpp_ACLiC_dict_rdict.pcm
./lib/CenMaker_cpp_ACLiC_dict_rdict.pcm
./lib/NpartNormalizer_cpp.so
./lib/my_particle_cpp_ACLiC_dict_rdict.pcm
./lib/my_event.cpp
./lib/NpartNormalizer.h
./lib/CenMaker_cpp.d
./lib/my_particle_cpp.d
./Check_Sness.C
./.errror.log
./.output.log
./check_S.C
./.sandboxFiles
./INPUTFILES
./INPUTFILES/data_1454191981.root
./INPUTFILES/data_1455186071.root
./INPUTFILES/data_1454184591.root
./INPUTFILES/data_1455184831.root
./INPUTFILES/data_1453184721.root
./INPUTFILES/data_1453186311.root
./INPUTFILES/data_1454186251.root
./INPUTFILES/data_1455107561.root
./INPUTFILES/data_1453186321.root
./INPUTFILES/data_1454192031.root
./INPUTFILES/data_1454183921.root
./INPUTFILES/data_1456107531.root
./INPUTFILES/data_1456125291.root
./INPUTFILES/data_1456106561.root
./INPUTFILES/data_1455185901.root
./INPUTFILES/data_1453184871.root
./INPUTFILES/data_1455107581.root
./INPUTFILES/21EF1A6A9139C9FD2A38E59AFB466F9A_2571.local.list
./INPUTFILES/data_1455182101.root
./INPUTFILES/data_1455185491.root
./INPUTFILES/data_1454183991.root
./INPUTFILES/data_1455185331.root
./INPUTFILES/data_1455186691.root
./INPUTFILES/data_1456185231.root
./INPUTFILES/data_1453185271.root
./INPUTFILES/data_1455184991.root
./INPUTFILES/data_1454116241.root
./INPUTFILES/data_1454185511.root
./INPUTFILES/data_1454185801.root
./INPUTFILES/data_1454192771.root
./INPUTFILES/data_1456184481.root
./INPUTFILES/data_1453185951.root
./INPUTFILES/data_1455185781.root
./INPUTFILES/data_1454185651.root
./INPUTFILES/data_1456106541.root
./INPUTFILES/data_1453186121.root
./INPUTFILES/data_1453185131.root
./INPUTFILES/data_1456106551.root
++++++++++++++++INPUTFILE Var++++++++++++++++++
FILELIST=/tmp/maxwoo/21EF1A6A9139C9FD2A38E59AFB466F9A_2571/INPUTFILES/21EF1A6A9139C9FD2A38E59AFB466F9A_2571.local.list
INPUTFILECOUNT=37
INPUTFILE0=/tmp/maxwoo/21EF1A6A9139C9FD2A38E59AFB466F9A_2571/INPUTFILES/data_1453184721.root
INPUTFILE1=/tmp/maxwoo/21EF1A6A9139C9FD2A38E59AFB466F9A_2571/INPUTFILES/data_1453184871.root
INPUTFILE2=/tmp/maxwoo/21EF1A6A9139C9FD2A38E59AFB466F9A_2571/INPUTFILES/data_1453185131.root
INPUTFILE3=/tmp/maxwoo/21EF1A6A9139C9FD2A38E59AFB466F9A_2571/INPUTFILES/data_1453185271.root
INPUTFILE4=/tmp/maxwoo/21EF1A6A9139C9FD2A38E59AFB466F9A_2571/INPUTFILES/data_1453185951.root
INPUTFILE5=/tmp/maxwoo/21EF1A6A9139C9FD2A38E59AFB466F9A_2571/INPUTFILES/data_1453186121.root
INPUTFILE6=/tmp/maxwoo/21EF1A6A9139C9FD2A38E59AFB466F9A_2571/INPUTFILES/data_1453186311.root
INPUTFILE7=/tmp/maxwoo/21EF1A6A9139C9FD2A38E59AFB466F9A_2571/INPUTFILES/data_1453186321.root
INPUTFILE8=/tmp/maxwoo/21EF1A6A9139C9FD2A38E59AFB466F9A_2571/INPUTFILES/data_1454116241.root
INPUTFILE9=/tmp/maxwoo/21EF1A6A9139C9FD2A38E59AFB466F9A_2571/INPUTFILES/data_1454183921.root
INPUTFILE10=/tmp/maxwoo/21EF1A6A9139C9FD2A38E59AFB466F9A_2571/INPUTFILES/data_1454183991.root
INPUTFILE11=/tmp/maxwoo/21EF1A6A9139C9FD2A38E59AFB466F9A_2571/INPUTFILES/data_1454184591.root
INPUTFILE12=/tmp/maxwoo/21EF1A6A9139C9FD2A38E59AFB466F9A_2571/INPUTFILES/data_1454185511.root
INPUTFILE13=/tmp/maxwoo/21EF1A6A9139C9FD2A38E59AFB466F9A_2571/INPUTFILES/data_1454185651.root
INPUTFILE14=/tmp/maxwoo/21EF1A6A9139C9FD2A38E59AFB466F9A_2571/INPUTFILES/data_1454185801.root
INPUTFILE15=/tmp/maxwoo/21EF1A6A9139C9FD2A38E59AFB466F9A_2571/INPUTFILES/data_1454186251.root
INPUTFILE16=/tmp/maxwoo/21EF1A6A9139C9FD2A38E59AFB466F9A_2571/INPUTFILES/data_1454191981.root
INPUTFILE17=/tmp/maxwoo/21EF1A6A9139C9FD2A38E59AFB466F9A_2571/INPUTFILES/data_1454192031.root
INPUTFILE18=/tmp/maxwoo/21EF1A6A9139C9FD2A38E59AFB466F9A_2571/INPUTFILES/data_1454192771.root
INPUTFILE19=/tmp/maxwoo/21EF1A6A9139C9FD2A38E59AFB466F9A_2571/INPUTFILES/data_1455107561.root
INPUTFILE20=/tmp/maxwoo/21EF1A6A9139C9FD2A38E59AFB466F9A_2571/INPUTFILES/data_1455107581.root
INPUTFILE21=/tmp/maxwoo/21EF1A6A9139C9FD2A38E59AFB466F9A_2571/INPUTFILES/data_1455182101.root
INPUTFILE22=/tmp/maxwoo/21EF1A6A9139C9FD2A38E59AFB466F9A_2571/INPUTFILES/data_1455184831.root
INPUTFILE23=/tmp/maxwoo/21EF1A6A9139C9FD2A38E59AFB466F9A_2571/INPUTFILES/data_1455184991.root
INPUTFILE24=/tmp/maxwoo/21EF1A6A9139C9FD2A38E59AFB466F9A_2571/INPUTFILES/data_1455185331.root
INPUTFILE25=/tmp/maxwoo/21EF1A6A9139C9FD2A38E59AFB466F9A_2571/INPUTFILES/data_1455185491.root
INPUTFILE26=/tmp/maxwoo/21EF1A6A9139C9FD2A38E59AFB466F9A_2571/INPUTFILES/data_1455185781.root
INPUTFILE27=/tmp/maxwoo/21EF1A6A9139C9FD2A38E59AFB466F9A_2571/INPUTFILES/data_1455185901.root
INPUTFILE28=/tmp/maxwoo/21EF1A6A9139C9FD2A38E59AFB466F9A_2571/INPUTFILES/data_1455186071.root
INPUTFILE29=/tmp/maxwoo/21EF1A6A9139C9FD2A38E59AFB466F9A_2571/INPUTFILES/data_1455186691.root
INPUTFILE30=/tmp/maxwoo/21EF1A6A9139C9FD2A38E59AFB466F9A_2571/INPUTFILES/data_1456106541.root
INPUTFILE31=/tmp/maxwoo/21EF1A6A9139C9FD2A38E59AFB466F9A_2571/INPUTFILES/data_1456106551.root
INPUTFILE32=/tmp/maxwoo/21EF1A6A9139C9FD2A38E59AFB466F9A_2571/INPUTFILES/data_1456106561.root
INPUTFILE33=/tmp/maxwoo/21EF1A6A9139C9FD2A38E59AFB466F9A_2571/INPUTFILES/data_1456107531.root
INPUTFILE34=/tmp/maxwoo/21EF1A6A9139C9FD2A38E59AFB466F9A_2571/INPUTFILES/data_1456125291.root
INPUTFILE35=/tmp/maxwoo/21EF1A6A9139C9FD2A38E59AFB466F9A_2571/INPUTFILES/data_1456184481.root
INPUTFILE36=/tmp/maxwoo/21EF1A6A9139C9FD2A38E59AFB466F9A_2571/INPUTFILES/data_1456185231.root
LocalInputFileDir=/tmp/maxwoo/21EF1A6A9139C9FD2A38E59AFB466F9A_2571/INPUTFILES
NewFILELIST=/tmp/maxwoo/21EF1A6A9139C9FD2A38E59AFB466F9A_2571/INPUTFILES/21EF1A6A9139C9FD2A38E59AFB466F9A_2571.local.list
+++++++++++++++++++++++++++++++++++++++++++++++
--------------------------------
Simple Unified Meta Scheduler 1.10.50 we are starting in $SCRATCH : /home/tmp/maxwoo/21EF1A6A9139C9FD2A38E59AFB466F9A_2571
--------------------------------
total 16
lrwxrwxrwx 1 maxwoo rhstar   61 Jun  2 10:58 check_S.C -> /gpfs/mnt/gpfs01/star/pwg/xiatong/git/strangeness/./check_S.C
lrwxrwxrwx 1 maxwoo rhstar   65 Jun  2 10:58 Check_Sness.C -> /gpfs/mnt/gpfs01/star/pwg/xiatong/git/strangeness/./Check_Sness.C
drwxr-xr-x 2 maxwoo rhstar 4096 Jun  2 11:00 INPUTFILES
drwxr-xr-x 2 maxwoo rhstar 4096 Jun  2 10:58 lib
  *******************************************
  *                                         *
  *        W E L C O M E  to  R O O T       *
  *                                         *
  *   Version   5.34/38     12 March 2018   *
  *                                         *
  *  You are welcome to visit our Web site  *
  *          http://root.cern.ch            *
  *                                         *
  *******************************************

ROOT 5.34/38 (v5-34-38@v5-34-38, Mar 12 2018, 15:49:39 on linux)

CINT/ROOT C/C++ Interpreter version 5.18.00, July 2, 2010
Type ? for help. Commands must be C++ statements.
Enclose multiple statements between { }.
*** Float Point Exception is OFF ***
 *** Start at Date : Thu Jun  2 11:00:03 2022
QAInfo:You are using STAR_LEVEL : dev, ROOT_LEVEL : 5.34.38 and node : spool0704.sdcc.bnl.gov 

Processing check_S.C++("/tmp/maxwoo/21EF1A6A9139C9FD2A38E59AFB466F9A_2571/INPUTFILES/21EF1A6A9139C9FD2A38E59AFB466F9A_2571.local.list","21EF1A6A9139C9FD2A38E59AFB466F9A_2571",1)...
/tmp/maxwoo/21EF1A6A9139C9FD2A38E59AFB466F9A_2571/INPUTFILES/data_1453184721.root 
/tmp/maxwoo/21EF1A6A9139C9FD2A38E59AFB466F9A_2571/INPUTFILES/data_1453184871.root 
/tmp/maxwoo/21EF1A6A9139C9FD2A38E59AFB466F9A_2571/INPUTFILES/data_1453185131.root 
/tmp/maxwoo/21EF1A6A9139C9FD2A38E59AFB466F9A_2571/INPUTFILES/data_1453185271.root 
/tmp/maxwoo/21EF1A6A9139C9FD2A38E59AFB466F9A_2571/INPUTFILES/data_1453185951.root 
/tmp/maxwoo/21EF1A6A9139C9FD2A38E59AFB466F9A_2571/INPUTFILES/data_1453186121.root 
/tmp/maxwoo/21EF1A6A9139C9FD2A38E59AFB466F9A_2571/INPUTFILES/data_1453186311.root 
/tmp/maxwoo/21EF1A6A9139C9FD2A38E59AFB466F9A_2571/INPUTFILES/data_1453186321.root 
/tmp/maxwoo/21EF1A6A9139C9FD2A38E59AFB466F9A_2571/INPUTFILES/data_1454116241.root 
/tmp/maxwoo/21EF1A6A9139C9FD2A38E59AFB466F9A_2571/INPUTFILES/data_1454183921.root 
/tmp/maxwoo/21EF1A6A9139C9FD2A38E59AFB466F9A_2571/INPUTFILES/data_1454183991.root 
/tmp/maxwoo/21EF1A6A9139C9FD2A38E59AFB466F9A_2571/INPUTFILES/data_1454184591.root 
/tmp/maxwoo/21EF1A6A9139C9FD2A38E59AFB466F9A_2571/INPUTFILES/data_1454185511.root 
/tmp/maxwoo/21EF1A6A9139C9FD2A38E59AFB466F9A_2571/INPUTFILES/data_1454185651.root 
/tmp/maxwoo/21EF1A6A9139C9FD2A38E59AFB466F9A_2571/INPUTFILES/data_1454185801.root 
/tmp/maxwoo/21EF1A6A9139C9FD2A38E59AFB466F9A_2571/INPUTFILES/data_1454186251.root 
/tmp/maxwoo/21EF1A6A9139C9FD2A38E59AFB466F9A_2571/INPUTFILES/data_1454191981.root 
/tmp/maxwoo/21EF1A6A9139C9FD2A38E59AFB466F9A_2571/INPUTFILES/data_1454192031.root 
/tmp/maxwoo/21EF1A6A9139C9FD2A38E59AFB466F9A_2571/INPUTFILES/data_1454192771.root 
/tmp/maxwoo/21EF1A6A9139C9FD2A38E59AFB466F9A_2571/INPUTFILES/data_1455107561.root 
/tmp/maxwoo/21EF1A6A9139C9FD2A38E59AFB466F9A_2571/INPUTFILES/data_1455107581.root 
/tmp/maxwoo/21EF1A6A9139C9FD2A38E59AFB466F9A_2571/INPUTFILES/data_1455182101.root 
/tmp/maxwoo/21EF1A6A9139C9FD2A38E59AFB466F9A_2571/INPUTFILES/data_1455184831.root 
/tmp/maxwoo/21EF1A6A9139C9FD2A38E59AFB466F9A_2571/INPUTFILES/data_1455184991.root 
/tmp/maxwoo/21EF1A6A9139C9FD2A38E59AFB466F9A_2571/INPUTFILES/data_1455185331.root 
/tmp/maxwoo/21EF1A6A9139C9FD2A38E59AFB466F9A_2571/INPUTFILES/data_1455185491.root 
/tmp/maxwoo/21EF1A6A9139C9FD2A38E59AFB466F9A_2571/INPUTFILES/data_1455185781.root 
/tmp/maxwoo/21EF1A6A9139C9FD2A38E59AFB466F9A_2571/INPUTFILES/data_1455185901.root 
/tmp/maxwoo/21EF1A6A9139C9FD2A38E59AFB466F9A_2571/INPUTFILES/data_1455186071.root 
/tmp/maxwoo/21EF1A6A9139C9FD2A38E59AFB466F9A_2571/INPUTFILES/data_1455186691.root 
/tmp/maxwoo/21EF1A6A9139C9FD2A38E59AFB466F9A_2571/INPUTFILES/data_1456106541.root 
/tmp/maxwoo/21EF1A6A9139C9FD2A38E59AFB466F9A_2571/INPUTFILES/data_1456106551.root 
/tmp/maxwoo/21EF1A6A9139C9FD2A38E59AFB466F9A_2571/INPUTFILES/data_1456106561.root 
/tmp/maxwoo/21EF1A6A9139C9FD2A38E59AFB466F9A_2571/INPUTFILES/data_1456107531.root 
/tmp/maxwoo/21EF1A6A9139C9FD2A38E59AFB466F9A_2571/INPUTFILES/data_1456125291.root 
/tmp/maxwoo/21EF1A6A9139C9FD2A38E59AFB466F9A_2571/INPUTFILES/data_1456184481.root 
/tmp/maxwoo/21EF1A6A9139C9FD2A38E59AFB466F9A_2571/INPUTFILES/data_1456185231.root 
Added 37 files
# entries in chain: 36843
Processing entry == 1000 == out of 36843.
Processing entry == 2000 == out of 36843.
Processing entry == 3000 == out of 36843.
Processing entry == 4000 == out of 36843.
Processing entry == 5000 == out of 36843.
Processing entry == 6000 == out of 36843.
Processing entry == 7000 == out of 36843.
Processing entry == 8000 == out of 36843.
Processing entry == 9000 == out of 36843.
Processing entry == 10000 == out of 36843.
Processing entry == 11000 == out of 36843.
Processing entry == 12000 == out of 36843.
Processing entry == 13000 == out of 36843.
Processing entry == 14000 == out of 36843.
Processing entry == 15000 == out of 36843.
Processing entry == 16000 == out of 36843.
Processing entry == 17000 == out of 36843.
Processing entry == 18000 == out of 36843.
Processing entry == 19000 == out of 36843.
Processing entry == 20000 == out of 36843.
Processing entry == 21000 == out of 36843.
Processing entry == 22000 == out of 36843.
Processing entry == 23000 == out of 36843.
Processing entry == 24000 == out of 36843.
Processing entry == 25000 == out of 36843.
Processing entry == 26000 == out of 36843.
Processing entry == 27000 == out of 36843.
Processing entry == 28000 == out of 36843.
Processing entry == 29000 == out of 36843.
Processing entry == 30000 == out of 36843.
Processing entry == 31000 == out of 36843.
Processing entry == 32000 == out of 36843.
Processing entry == 33000 == out of 36843.
Processing entry == 34000 == out of 36843.
Processing entry == 35000 == out of 36843.
Processing entry == 36000 == out of 36843.

This is the end of ROOT -- Goodbye

Cleaning up sandbox file:  /tmp/maxwoo/21EF1A6A9139C9FD2A38E59AFB466F9A_2571/check_S.C
Cleaning up sandbox file:  /tmp/maxwoo/21EF1A6A9139C9FD2A38E59AFB466F9A_2571/Check_Sness.C
Cleaning up sandbox file:  /tmp/maxwoo/21EF1A6A9139C9FD2A38E59AFB466F9A_2571/lib
Cleaning up sandbox file:  /tmp/maxwoo/21EF1A6A9139C9FD2A38E59AFB466F9A_2571/.sandboxFiles
Starting copy block
Running copy command:  /bin/cp -fp /tmp/maxwoo/21EF1A6A9139C9FD2A38E59AFB466F9A_2571/out_21EF1A6A9139C9FD2A38E59AFB466F9A_2571.root /star/data01/pwg/xiatong/git/strangeness/data/
144194 Execution of (/star/data01/pwg/xiatong/git/strangeness/script/sched21EF1A6A9139C9FD2A38E59AFB466F9A_2571.csh ) has ended, exiting normally
144194 We END on [Thu Jun  2 11:18:30 EDT 2022]
