We are starting on node: spool0713.sdcc.bnl.gov
HOME is not defined
Using getent method
HOME is now /star/u/maxwoo
130017 We will spawn ourselves (/star/data01/pwg/xiatong/git/strangeness/script/sched21EF1A6A9139C9FD2A38E59AFB466F9A_2938.csh )
130017 We BEGIN on [Thu Jun  2 10:51:58 EDT 2022]
[1] 130240
130017 We are waiting for 130240 
130017 Grandchild PID is 130968 - found in 10 x 1 seconds
130017 Establishing first watcher   on    Thu Jun  2 10:52:08 EDT 2022
130017 Process tree is 130017 (main) -> 130240 (child) -> 130968 (grandchild)
F S   UID    PID   PPID  C PRI  NI ADDR SZ WCHAN  TTY        TIME CMD
0 D 100667 130968 130240  0 80   0 - 32311 cxiWai ?          0:00 cp /star/data01/pwg/xiatong/AMPT/14GeV/data_2083104961.root /tmp/maxwoo/21EF1A6A9139C9FD2A38E59AFB466F9A_2938/INPUTFILES/data_2083104961.root
130017 Grandchild PID is 131621 - found in 20 x 2 seconds
130017 Grandchild to watch has changed on Thu Jun  2 10:52:29 EDT 2022
130017 Process tree is 130017 (main) -> 130240 (child) -> 131621 (grandchild)
F S   UID    PID   PPID  C PRI  NI ADDR SZ WCHAN  TTY        TIME CMD
0 D 100667 131621 130240  0 80   0 - 32311 cxiWai ?          0:00 cp /star/data01/pwg/xiatong/AMPT/14GeV/data_2083111701.root /tmp/maxwoo/21EF1A6A9139C9FD2A38E59AFB466F9A_2938/INPUTFILES/data_2083111701.root
130017 Grandchild PID is 133031 - found in 30 x 2 seconds
130017 Grandchild to watch has changed on Thu Jun  2 10:52:50 EDT 2022
130017 Process tree is 130017 (main) -> 130240 (child) -> 133031 (grandchild)
F S   UID    PID   PPID  C PRI  NI ADDR SZ WCHAN  TTY        TIME CMD
0 D 100667 133031 130240  0 80   0 - 32311 cxiWai ?          0:00 cp /star/data01/pwg/xiatong/AMPT/14GeV/data_2083111751.root /tmp/maxwoo/21EF1A6A9139C9FD2A38E59AFB466F9A_2938/INPUTFILES/data_2083111751.root
130017 Grandchild PID is 134337 - found in 40 x 2 seconds
130017 Grandchild to watch has changed on Thu Jun  2 10:53:11 EDT 2022
130017 Process tree is 130017 (main) -> 130240 (child) -> 134337 (grandchild)
F S   UID    PID   PPID  C PRI  NI ADDR SZ WCHAN  TTY        TIME CMD
0 D 100667 134337 130240  0 80   0 - 32311 cxiWai ?          0:00 cp /star/data01/pwg/xiatong/AMPT/14GeV/data_2084104361.root /tmp/maxwoo/21EF1A6A9139C9FD2A38E59AFB466F9A_2938/INPUTFILES/data_2084104361.root
130017 Grandchild PID is 134427 - found in 50 x 2 seconds
130017 Grandchild to watch has changed on Thu Jun  2 10:53:31 EDT 2022
130017 Process tree is 130017 (main) -> 130240 (child) -> 134427 (grandchild)
F S   UID    PID   PPID  C PRI  NI ADDR SZ WCHAN  TTY        TIME CMD
0 D 100667 134427 130240  0 80   0 - 32311 cxiWai ?          0:00 cp /star/data01/pwg/xiatong/AMPT/14GeV/data_2084104381.root /tmp/maxwoo/21EF1A6A9139C9FD2A38E59AFB466F9A_2938/INPUTFILES/data_2084104381.root
130017 Grandchild PID is 136158 - found in 60 x 2 seconds
130017 Grandchild to watch has changed on Thu Jun  2 10:53:52 EDT 2022
130017 Process tree is 130017 (main) -> 130240 (child) -> 136158 (grandchild)
F S   UID    PID   PPID  C PRI  NI ADDR SZ WCHAN  TTY        TIME CMD
0 D 100667 136158 130240  0 80   0 - 32311 cxiWai ?          0:00 cp /star/data01/pwg/xiatong/AMPT/14GeV/data_2084104431.root /tmp/maxwoo/21EF1A6A9139C9FD2A38E59AFB466F9A_2938/INPUTFILES/data_2084104431.root
130017 Grandchild PID is 137319 - found in 80 x 2 seconds
130017 Grandchild to watch has changed on Thu Jun  2 10:54:33 EDT 2022
130017 Process tree is 130017 (main) -> 130240 (child) -> 137319 (grandchild)
F S   UID    PID   PPID  C PRI  NI ADDR SZ WCHAN  TTY        TIME CMD
0 S 100667 137319 130240  0 80   0 -  1272 do_wai ?          0:00 root -b -q check_S.C++("/tmp/maxwoo/21EF1A6A9139C9FD2A38E59AFB466F9A_2938/INPUTFILES/21EF1A6A9139C9FD2A38E59AFB466F9A_2938.local.list","21EF1A6A9139C9FD2A38E59AFB466F9A_2938",1)
130017 Grandchild PID is 57133 - found in 620 x 2 seconds
130017 Grandchild to watch has changed on Thu Jun  2 11:13:14 EDT 2022
130017 Process tree is 130017 (main) -> 130240 (child) -> 57133 (grandchild)
F S   UID    PID   PPID  C PRI  NI ADDR SZ WCHAN  TTY        TIME CMD
0 D 100667 57133 130240  0  80   0 - 30261 cxiWai ?          0:00 /bin/cp -fp /tmp/maxwoo/21EF1A6A9139C9FD2A38E59AFB466F9A_2938/out_21EF1A6A9139C9FD2A38E59AFB466F9A_2938.root /star/data01/pwg/xiatong/git/strangeness/data/
130240 Stepping into the main SUMS wrapper program with []
.... building sandbox
Running: cp /star/data01/pwg/xiatong/AMPT/14GeV/data_2082124521.root /tmp/maxwoo/21EF1A6A9139C9FD2A38E59AFB466F9A_2938/INPUTFILES/data_2082124521.root
Running: cp /star/data01/pwg/xiatong/AMPT/14GeV/data_2082127281.root /tmp/maxwoo/21EF1A6A9139C9FD2A38E59AFB466F9A_2938/INPUTFILES/data_2082127281.root
Running: cp /star/data01/pwg/xiatong/AMPT/14GeV/data_2083104421.root /tmp/maxwoo/21EF1A6A9139C9FD2A38E59AFB466F9A_2938/INPUTFILES/data_2083104421.root
Running: cp /star/data01/pwg/xiatong/AMPT/14GeV/data_2083104441.root /tmp/maxwoo/21EF1A6A9139C9FD2A38E59AFB466F9A_2938/INPUTFILES/data_2083104441.root
Running: cp /star/data01/pwg/xiatong/AMPT/14GeV/data_2083104451.root /tmp/maxwoo/21EF1A6A9139C9FD2A38E59AFB466F9A_2938/INPUTFILES/data_2083104451.root
Running: cp /star/data01/pwg/xiatong/AMPT/14GeV/data_2083104471.root /tmp/maxwoo/21EF1A6A9139C9FD2A38E59AFB466F9A_2938/INPUTFILES/data_2083104471.root
Running: cp /star/data01/pwg/xiatong/AMPT/14GeV/data_2083104481.root /tmp/maxwoo/21EF1A6A9139C9FD2A38E59AFB466F9A_2938/INPUTFILES/data_2083104481.root
Running: cp /star/data01/pwg/xiatong/AMPT/14GeV/data_2083104861.root /tmp/maxwoo/21EF1A6A9139C9FD2A38E59AFB466F9A_2938/INPUTFILES/data_2083104861.root
Running: cp /star/data01/pwg/xiatong/AMPT/14GeV/data_2083104961.root /tmp/maxwoo/21EF1A6A9139C9FD2A38E59AFB466F9A_2938/INPUTFILES/data_2083104961.root
Running: cp /star/data01/pwg/xiatong/AMPT/14GeV/data_2083104971.root /tmp/maxwoo/21EF1A6A9139C9FD2A38E59AFB466F9A_2938/INPUTFILES/data_2083104971.root
Running: cp /star/data01/pwg/xiatong/AMPT/14GeV/data_2083111701.root /tmp/maxwoo/21EF1A6A9139C9FD2A38E59AFB466F9A_2938/INPUTFILES/data_2083111701.root
Running: cp /star/data01/pwg/xiatong/AMPT/14GeV/data_2083111711.root /tmp/maxwoo/21EF1A6A9139C9FD2A38E59AFB466F9A_2938/INPUTFILES/data_2083111711.root
Running: cp /star/data01/pwg/xiatong/AMPT/14GeV/data_2083111721.root /tmp/maxwoo/21EF1A6A9139C9FD2A38E59AFB466F9A_2938/INPUTFILES/data_2083111721.root
Running: cp /star/data01/pwg/xiatong/AMPT/14GeV/data_2083111731.root /tmp/maxwoo/21EF1A6A9139C9FD2A38E59AFB466F9A_2938/INPUTFILES/data_2083111731.root
Running: cp /star/data01/pwg/xiatong/AMPT/14GeV/data_2083111741.root /tmp/maxwoo/21EF1A6A9139C9FD2A38E59AFB466F9A_2938/INPUTFILES/data_2083111741.root
Running: cp /star/data01/pwg/xiatong/AMPT/14GeV/data_2083111751.root /tmp/maxwoo/21EF1A6A9139C9FD2A38E59AFB466F9A_2938/INPUTFILES/data_2083111751.root
Running: cp /star/data01/pwg/xiatong/AMPT/14GeV/data_2083111781.root /tmp/maxwoo/21EF1A6A9139C9FD2A38E59AFB466F9A_2938/INPUTFILES/data_2083111781.root
Running: cp /star/data01/pwg/xiatong/AMPT/14GeV/data_2083111801.root /tmp/maxwoo/21EF1A6A9139C9FD2A38E59AFB466F9A_2938/INPUTFILES/data_2083111801.root
Running: cp /star/data01/pwg/xiatong/AMPT/14GeV/data_2083124501.root /tmp/maxwoo/21EF1A6A9139C9FD2A38E59AFB466F9A_2938/INPUTFILES/data_2083124501.root
Running: cp /star/data01/pwg/xiatong/AMPT/14GeV/data_2083153411.root /tmp/maxwoo/21EF1A6A9139C9FD2A38E59AFB466F9A_2938/INPUTFILES/data_2083153411.root
Running: cp /star/data01/pwg/xiatong/AMPT/14GeV/data_2083182051.root /tmp/maxwoo/21EF1A6A9139C9FD2A38E59AFB466F9A_2938/INPUTFILES/data_2083182051.root
Running: cp /star/data01/pwg/xiatong/AMPT/14GeV/data_2084104131.root /tmp/maxwoo/21EF1A6A9139C9FD2A38E59AFB466F9A_2938/INPUTFILES/data_2084104131.root
Running: cp /star/data01/pwg/xiatong/AMPT/14GeV/data_2084104151.root /tmp/maxwoo/21EF1A6A9139C9FD2A38E59AFB466F9A_2938/INPUTFILES/data_2084104151.root
Running: cp /star/data01/pwg/xiatong/AMPT/14GeV/data_2084104211.root /tmp/maxwoo/21EF1A6A9139C9FD2A38E59AFB466F9A_2938/INPUTFILES/data_2084104211.root
Running: cp /star/data01/pwg/xiatong/AMPT/14GeV/data_2084104251.root /tmp/maxwoo/21EF1A6A9139C9FD2A38E59AFB466F9A_2938/INPUTFILES/data_2084104251.root
Running: cp /star/data01/pwg/xiatong/AMPT/14GeV/data_2084104281.root /tmp/maxwoo/21EF1A6A9139C9FD2A38E59AFB466F9A_2938/INPUTFILES/data_2084104281.root
Running: cp /star/data01/pwg/xiatong/AMPT/14GeV/data_2084104291.root /tmp/maxwoo/21EF1A6A9139C9FD2A38E59AFB466F9A_2938/INPUTFILES/data_2084104291.root
Running: cp /star/data01/pwg/xiatong/AMPT/14GeV/data_2084104361.root /tmp/maxwoo/21EF1A6A9139C9FD2A38E59AFB466F9A_2938/INPUTFILES/data_2084104361.root
Running: cp /star/data01/pwg/xiatong/AMPT/14GeV/data_2084104381.root /tmp/maxwoo/21EF1A6A9139C9FD2A38E59AFB466F9A_2938/INPUTFILES/data_2084104381.root
Running: cp /star/data01/pwg/xiatong/AMPT/14GeV/data_2084104391.root /tmp/maxwoo/21EF1A6A9139C9FD2A38E59AFB466F9A_2938/INPUTFILES/data_2084104391.root
Running: cp /star/data01/pwg/xiatong/AMPT/14GeV/data_2084104411.root /tmp/maxwoo/21EF1A6A9139C9FD2A38E59AFB466F9A_2938/INPUTFILES/data_2084104411.root
Running: cp /star/data01/pwg/xiatong/AMPT/14GeV/data_2084104431.root /tmp/maxwoo/21EF1A6A9139C9FD2A38E59AFB466F9A_2938/INPUTFILES/data_2084104431.root
Running: cp /star/data01/pwg/xiatong/AMPT/14GeV/data_2084104461.root /tmp/maxwoo/21EF1A6A9139C9FD2A38E59AFB466F9A_2938/INPUTFILES/data_2084104461.root
Running: cp /star/data01/pwg/xiatong/AMPT/14GeV/data_2084104491.root /tmp/maxwoo/21EF1A6A9139C9FD2A38E59AFB466F9A_2938/INPUTFILES/data_2084104491.root
Running: cp /star/data01/pwg/xiatong/AMPT/14GeV/data_2084104711.root /tmp/maxwoo/21EF1A6A9139C9FD2A38E59AFB466F9A_2938/INPUTFILES/data_2084104711.root
Running: cp /star/data01/pwg/xiatong/AMPT/14GeV/data_2084104761.root /tmp/maxwoo/21EF1A6A9139C9FD2A38E59AFB466F9A_2938/INPUTFILES/data_2084104761.root
Running: cp /star/data01/pwg/xiatong/AMPT/14GeV/data_2084104791.root /tmp/maxwoo/21EF1A6A9139C9FD2A38E59AFB466F9A_2938/INPUTFILES/data_2084104791.root
Swapping $FILELIST with: /tmp/maxwoo/21EF1A6A9139C9FD2A38E59AFB466F9A_2938/INPUTFILES/21EF1A6A9139C9FD2A38E59AFB466F9A_2938.local.list
+++++++++++local copy debug++++++++++++++++++++
newFileList: /tmp/maxwoo/21EF1A6A9139C9FD2A38E59AFB466F9A_2938/INPUTFILES/21EF1A6A9139C9FD2A38E59AFB466F9A_2938.local.list
++++++++++++++++cat FILELIST+++++++++++++++++++
/tmp/maxwoo/21EF1A6A9139C9FD2A38E59AFB466F9A_2938/INPUTFILES/data_2082124521.root 
/tmp/maxwoo/21EF1A6A9139C9FD2A38E59AFB466F9A_2938/INPUTFILES/data_2082127281.root 
/tmp/maxwoo/21EF1A6A9139C9FD2A38E59AFB466F9A_2938/INPUTFILES/data_2083104421.root 
/tmp/maxwoo/21EF1A6A9139C9FD2A38E59AFB466F9A_2938/INPUTFILES/data_2083104441.root 
/tmp/maxwoo/21EF1A6A9139C9FD2A38E59AFB466F9A_2938/INPUTFILES/data_2083104451.root 
/tmp/maxwoo/21EF1A6A9139C9FD2A38E59AFB466F9A_2938/INPUTFILES/data_2083104471.root 
/tmp/maxwoo/21EF1A6A9139C9FD2A38E59AFB466F9A_2938/INPUTFILES/data_2083104481.root 
/tmp/maxwoo/21EF1A6A9139C9FD2A38E59AFB466F9A_2938/INPUTFILES/data_2083104861.root 
/tmp/maxwoo/21EF1A6A9139C9FD2A38E59AFB466F9A_2938/INPUTFILES/data_2083104961.root 
/tmp/maxwoo/21EF1A6A9139C9FD2A38E59AFB466F9A_2938/INPUTFILES/data_2083104971.root 
/tmp/maxwoo/21EF1A6A9139C9FD2A38E59AFB466F9A_2938/INPUTFILES/data_2083111701.root 
/tmp/maxwoo/21EF1A6A9139C9FD2A38E59AFB466F9A_2938/INPUTFILES/data_2083111711.root 
/tmp/maxwoo/21EF1A6A9139C9FD2A38E59AFB466F9A_2938/INPUTFILES/data_2083111721.root 
/tmp/maxwoo/21EF1A6A9139C9FD2A38E59AFB466F9A_2938/INPUTFILES/data_2083111731.root 
/tmp/maxwoo/21EF1A6A9139C9FD2A38E59AFB466F9A_2938/INPUTFILES/data_2083111741.root 
/tmp/maxwoo/21EF1A6A9139C9FD2A38E59AFB466F9A_2938/INPUTFILES/data_2083111751.root 
/tmp/maxwoo/21EF1A6A9139C9FD2A38E59AFB466F9A_2938/INPUTFILES/data_2083111781.root 
/tmp/maxwoo/21EF1A6A9139C9FD2A38E59AFB466F9A_2938/INPUTFILES/data_2083111801.root 
/tmp/maxwoo/21EF1A6A9139C9FD2A38E59AFB466F9A_2938/INPUTFILES/data_2083124501.root 
/tmp/maxwoo/21EF1A6A9139C9FD2A38E59AFB466F9A_2938/INPUTFILES/data_2083153411.root 
/tmp/maxwoo/21EF1A6A9139C9FD2A38E59AFB466F9A_2938/INPUTFILES/data_2083182051.root 
/tmp/maxwoo/21EF1A6A9139C9FD2A38E59AFB466F9A_2938/INPUTFILES/data_2084104131.root 
/tmp/maxwoo/21EF1A6A9139C9FD2A38E59AFB466F9A_2938/INPUTFILES/data_2084104151.root 
/tmp/maxwoo/21EF1A6A9139C9FD2A38E59AFB466F9A_2938/INPUTFILES/data_2084104211.root 
/tmp/maxwoo/21EF1A6A9139C9FD2A38E59AFB466F9A_2938/INPUTFILES/data_2084104251.root 
/tmp/maxwoo/21EF1A6A9139C9FD2A38E59AFB466F9A_2938/INPUTFILES/data_2084104281.root 
/tmp/maxwoo/21EF1A6A9139C9FD2A38E59AFB466F9A_2938/INPUTFILES/data_2084104291.root 
/tmp/maxwoo/21EF1A6A9139C9FD2A38E59AFB466F9A_2938/INPUTFILES/data_2084104361.root 
/tmp/maxwoo/21EF1A6A9139C9FD2A38E59AFB466F9A_2938/INPUTFILES/data_2084104381.root 
/tmp/maxwoo/21EF1A6A9139C9FD2A38E59AFB466F9A_2938/INPUTFILES/data_2084104391.root 
/tmp/maxwoo/21EF1A6A9139C9FD2A38E59AFB466F9A_2938/INPUTFILES/data_2084104411.root 
/tmp/maxwoo/21EF1A6A9139C9FD2A38E59AFB466F9A_2938/INPUTFILES/data_2084104431.root 
/tmp/maxwoo/21EF1A6A9139C9FD2A38E59AFB466F9A_2938/INPUTFILES/data_2084104461.root 
/tmp/maxwoo/21EF1A6A9139C9FD2A38E59AFB466F9A_2938/INPUTFILES/data_2084104491.root 
/tmp/maxwoo/21EF1A6A9139C9FD2A38E59AFB466F9A_2938/INPUTFILES/data_2084104711.root 
/tmp/maxwoo/21EF1A6A9139C9FD2A38E59AFB466F9A_2938/INPUTFILES/data_2084104761.root 
/tmp/maxwoo/21EF1A6A9139C9FD2A38E59AFB466F9A_2938/INPUTFILES/data_2084104791.root 
++++++++++++++++++++find.++++++++++++++++++++++
.
./lib
./lib/CenMaker_cpp_ACLiC_dict_rdict.pcm
./lib/my_particle_cpp.so
./lib/NpartNormalizer_cpp_ACLiC_dict_rdict.pcm
./lib/CenMaker_cpp.d
./lib/my_particle.cpp
./lib/NpartNormalizer.cpp
./lib/my_event.h
./lib/CenMaker_cpp.so
./lib/CenMaker.h
./lib/NpartNormalizer_cpp.d
./lib/MixedBuffer.cpp
./lib/my_event_cpp.d
./lib/MixedBuffer_cpp_ACLiC_dict_rdict.pcm
./lib/CenMaker.cpp
./lib/my_particle_cpp.d
./lib/NpartNormalizer.h
./lib/NpartNormalizer_cpp.so
./lib/my_event_cpp.so
./lib/my_particle_cpp_ACLiC_dict_rdict.pcm
./lib/my_event.cpp
./lib/MixedBuffer.h
./lib/my_event_cpp_ACLiC_dict_rdict.pcm
./lib/MixedBuffer_cpp.so
./lib/MixedBuffer_cpp.d
./lib/my_particle.h
./.errror.log
./Check_Sness.C
./.output.log
./.sandboxFiles
./INPUTFILES
./INPUTFILES/data_2084104211.root
./INPUTFILES/data_2084104791.root
./INPUTFILES/data_2084104461.root
./INPUTFILES/data_2083104421.root
./INPUTFILES/21EF1A6A9139C9FD2A38E59AFB466F9A_2938.local.list
./INPUTFILES/data_2083153411.root
./INPUTFILES/data_2083104971.root
./INPUTFILES/data_2083111781.root
./INPUTFILES/data_2084104411.root
./INPUTFILES/data_2083104441.root
./INPUTFILES/data_2083111731.root
./INPUTFILES/data_2084104711.root
./INPUTFILES/data_2083104471.root
./INPUTFILES/data_2084104151.root
./INPUTFILES/data_2083111721.root
./INPUTFILES/data_2084104251.root
./INPUTFILES/data_2084104761.root
./INPUTFILES/data_2082124521.root
./INPUTFILES/data_2083124501.root
./INPUTFILES/data_2084104291.root
./INPUTFILES/data_2083111801.root
./INPUTFILES/data_2084104391.root
./INPUTFILES/data_2083104451.root
./INPUTFILES/data_2084104361.root
./INPUTFILES/data_2084104281.root
./INPUTFILES/data_2084104491.root
./INPUTFILES/data_2084104381.root
./INPUTFILES/data_2083104481.root
./INPUTFILES/data_2084104431.root
./INPUTFILES/data_2083182051.root
./INPUTFILES/data_2083104861.root
./INPUTFILES/data_2082127281.root
./INPUTFILES/data_2083111741.root
./INPUTFILES/data_2084104131.root
./INPUTFILES/data_2083104961.root
./INPUTFILES/data_2083111711.root
./INPUTFILES/data_2083111751.root
./INPUTFILES/data_2083111701.root
./check_S.C
++++++++++++++++INPUTFILE Var++++++++++++++++++
FILELIST=/tmp/maxwoo/21EF1A6A9139C9FD2A38E59AFB466F9A_2938/INPUTFILES/21EF1A6A9139C9FD2A38E59AFB466F9A_2938.local.list
INPUTFILECOUNT=37
INPUTFILE0=/tmp/maxwoo/21EF1A6A9139C9FD2A38E59AFB466F9A_2938/INPUTFILES/data_2082124521.root
INPUTFILE1=/tmp/maxwoo/21EF1A6A9139C9FD2A38E59AFB466F9A_2938/INPUTFILES/data_2082127281.root
INPUTFILE2=/tmp/maxwoo/21EF1A6A9139C9FD2A38E59AFB466F9A_2938/INPUTFILES/data_2083104421.root
INPUTFILE3=/tmp/maxwoo/21EF1A6A9139C9FD2A38E59AFB466F9A_2938/INPUTFILES/data_2083104441.root
INPUTFILE4=/tmp/maxwoo/21EF1A6A9139C9FD2A38E59AFB466F9A_2938/INPUTFILES/data_2083104451.root
INPUTFILE5=/tmp/maxwoo/21EF1A6A9139C9FD2A38E59AFB466F9A_2938/INPUTFILES/data_2083104471.root
INPUTFILE6=/tmp/maxwoo/21EF1A6A9139C9FD2A38E59AFB466F9A_2938/INPUTFILES/data_2083104481.root
INPUTFILE7=/tmp/maxwoo/21EF1A6A9139C9FD2A38E59AFB466F9A_2938/INPUTFILES/data_2083104861.root
INPUTFILE8=/tmp/maxwoo/21EF1A6A9139C9FD2A38E59AFB466F9A_2938/INPUTFILES/data_2083104961.root
INPUTFILE9=/tmp/maxwoo/21EF1A6A9139C9FD2A38E59AFB466F9A_2938/INPUTFILES/data_2083104971.root
INPUTFILE10=/tmp/maxwoo/21EF1A6A9139C9FD2A38E59AFB466F9A_2938/INPUTFILES/data_2083111701.root
INPUTFILE11=/tmp/maxwoo/21EF1A6A9139C9FD2A38E59AFB466F9A_2938/INPUTFILES/data_2083111711.root
INPUTFILE12=/tmp/maxwoo/21EF1A6A9139C9FD2A38E59AFB466F9A_2938/INPUTFILES/data_2083111721.root
INPUTFILE13=/tmp/maxwoo/21EF1A6A9139C9FD2A38E59AFB466F9A_2938/INPUTFILES/data_2083111731.root
INPUTFILE14=/tmp/maxwoo/21EF1A6A9139C9FD2A38E59AFB466F9A_2938/INPUTFILES/data_2083111741.root
INPUTFILE15=/tmp/maxwoo/21EF1A6A9139C9FD2A38E59AFB466F9A_2938/INPUTFILES/data_2083111751.root
INPUTFILE16=/tmp/maxwoo/21EF1A6A9139C9FD2A38E59AFB466F9A_2938/INPUTFILES/data_2083111781.root
INPUTFILE17=/tmp/maxwoo/21EF1A6A9139C9FD2A38E59AFB466F9A_2938/INPUTFILES/data_2083111801.root
INPUTFILE18=/tmp/maxwoo/21EF1A6A9139C9FD2A38E59AFB466F9A_2938/INPUTFILES/data_2083124501.root
INPUTFILE19=/tmp/maxwoo/21EF1A6A9139C9FD2A38E59AFB466F9A_2938/INPUTFILES/data_2083153411.root
INPUTFILE20=/tmp/maxwoo/21EF1A6A9139C9FD2A38E59AFB466F9A_2938/INPUTFILES/data_2083182051.root
INPUTFILE21=/tmp/maxwoo/21EF1A6A9139C9FD2A38E59AFB466F9A_2938/INPUTFILES/data_2084104131.root
INPUTFILE22=/tmp/maxwoo/21EF1A6A9139C9FD2A38E59AFB466F9A_2938/INPUTFILES/data_2084104151.root
INPUTFILE23=/tmp/maxwoo/21EF1A6A9139C9FD2A38E59AFB466F9A_2938/INPUTFILES/data_2084104211.root
INPUTFILE24=/tmp/maxwoo/21EF1A6A9139C9FD2A38E59AFB466F9A_2938/INPUTFILES/data_2084104251.root
INPUTFILE25=/tmp/maxwoo/21EF1A6A9139C9FD2A38E59AFB466F9A_2938/INPUTFILES/data_2084104281.root
INPUTFILE26=/tmp/maxwoo/21EF1A6A9139C9FD2A38E59AFB466F9A_2938/INPUTFILES/data_2084104291.root
INPUTFILE27=/tmp/maxwoo/21EF1A6A9139C9FD2A38E59AFB466F9A_2938/INPUTFILES/data_2084104361.root
INPUTFILE28=/tmp/maxwoo/21EF1A6A9139C9FD2A38E59AFB466F9A_2938/INPUTFILES/data_2084104381.root
INPUTFILE29=/tmp/maxwoo/21EF1A6A9139C9FD2A38E59AFB466F9A_2938/INPUTFILES/data_2084104391.root
INPUTFILE30=/tmp/maxwoo/21EF1A6A9139C9FD2A38E59AFB466F9A_2938/INPUTFILES/data_2084104411.root
INPUTFILE31=/tmp/maxwoo/21EF1A6A9139C9FD2A38E59AFB466F9A_2938/INPUTFILES/data_2084104431.root
INPUTFILE32=/tmp/maxwoo/21EF1A6A9139C9FD2A38E59AFB466F9A_2938/INPUTFILES/data_2084104461.root
INPUTFILE33=/tmp/maxwoo/21EF1A6A9139C9FD2A38E59AFB466F9A_2938/INPUTFILES/data_2084104491.root
INPUTFILE34=/tmp/maxwoo/21EF1A6A9139C9FD2A38E59AFB466F9A_2938/INPUTFILES/data_2084104711.root
INPUTFILE35=/tmp/maxwoo/21EF1A6A9139C9FD2A38E59AFB466F9A_2938/INPUTFILES/data_2084104761.root
INPUTFILE36=/tmp/maxwoo/21EF1A6A9139C9FD2A38E59AFB466F9A_2938/INPUTFILES/data_2084104791.root
LocalInputFileDir=/tmp/maxwoo/21EF1A6A9139C9FD2A38E59AFB466F9A_2938/INPUTFILES
NewFILELIST=/tmp/maxwoo/21EF1A6A9139C9FD2A38E59AFB466F9A_2938/INPUTFILES/21EF1A6A9139C9FD2A38E59AFB466F9A_2938.local.list
+++++++++++++++++++++++++++++++++++++++++++++++
--------------------------------
Simple Unified Meta Scheduler 1.10.50 we are starting in $SCRATCH : /home/tmp/maxwoo/21EF1A6A9139C9FD2A38E59AFB466F9A_2938
--------------------------------
total 16
lrwxrwxrwx 1 maxwoo rhstar   61 Jun  2 10:51 check_S.C -> /gpfs/mnt/gpfs01/star/pwg/xiatong/git/strangeness/./check_S.C
lrwxrwxrwx 1 maxwoo rhstar   65 Jun  2 10:51 Check_Sness.C -> /gpfs/mnt/gpfs01/star/pwg/xiatong/git/strangeness/./Check_Sness.C
drwxr-xr-x 2 maxwoo rhstar 4096 Jun  2 10:54 INPUTFILES
drwxr-xr-x 2 maxwoo rhstar 4096 Jun  2 10:51 lib
  *******************************************
  *                                         *
  *        W E L C O M E  to  R O O T       *
  *                                         *
  *   Version   5.34/38     12 March 2018   *
  *                                         *
  *  You are welcome to visit our Web site  *
  *          http://root.cern.ch            *
  *                                         *
  *******************************************

ROOT 5.34/38 (v5-34-38@v5-34-38, Mar 12 2018, 15:49:39 on linux)

CINT/ROOT C/C++ Interpreter version 5.18.00, July 2, 2010
Type ? for help. Commands must be C++ statements.
Enclose multiple statements between { }.
*** Float Point Exception is OFF ***
 *** Start at Date : Thu Jun  2 10:54:13 2022
QAInfo:You are using STAR_LEVEL : dev, ROOT_LEVEL : 5.34.38 and node : spool0713.sdcc.bnl.gov 

Processing check_S.C++("/tmp/maxwoo/21EF1A6A9139C9FD2A38E59AFB466F9A_2938/INPUTFILES/21EF1A6A9139C9FD2A38E59AFB466F9A_2938.local.list","21EF1A6A9139C9FD2A38E59AFB466F9A_2938",1)...
/tmp/maxwoo/21EF1A6A9139C9FD2A38E59AFB466F9A_2938/INPUTFILES/data_2082124521.root 
/tmp/maxwoo/21EF1A6A9139C9FD2A38E59AFB466F9A_2938/INPUTFILES/data_2082127281.root 
/tmp/maxwoo/21EF1A6A9139C9FD2A38E59AFB466F9A_2938/INPUTFILES/data_2083104421.root 
/tmp/maxwoo/21EF1A6A9139C9FD2A38E59AFB466F9A_2938/INPUTFILES/data_2083104441.root 
/tmp/maxwoo/21EF1A6A9139C9FD2A38E59AFB466F9A_2938/INPUTFILES/data_2083104451.root 
/tmp/maxwoo/21EF1A6A9139C9FD2A38E59AFB466F9A_2938/INPUTFILES/data_2083104471.root 
/tmp/maxwoo/21EF1A6A9139C9FD2A38E59AFB466F9A_2938/INPUTFILES/data_2083104481.root 
/tmp/maxwoo/21EF1A6A9139C9FD2A38E59AFB466F9A_2938/INPUTFILES/data_2083104861.root 
/tmp/maxwoo/21EF1A6A9139C9FD2A38E59AFB466F9A_2938/INPUTFILES/data_2083104961.root 
/tmp/maxwoo/21EF1A6A9139C9FD2A38E59AFB466F9A_2938/INPUTFILES/data_2083104971.root 
/tmp/maxwoo/21EF1A6A9139C9FD2A38E59AFB466F9A_2938/INPUTFILES/data_2083111701.root 
/tmp/maxwoo/21EF1A6A9139C9FD2A38E59AFB466F9A_2938/INPUTFILES/data_2083111711.root 
/tmp/maxwoo/21EF1A6A9139C9FD2A38E59AFB466F9A_2938/INPUTFILES/data_2083111721.root 
/tmp/maxwoo/21EF1A6A9139C9FD2A38E59AFB466F9A_2938/INPUTFILES/data_2083111731.root 
/tmp/maxwoo/21EF1A6A9139C9FD2A38E59AFB466F9A_2938/INPUTFILES/data_2083111741.root 
/tmp/maxwoo/21EF1A6A9139C9FD2A38E59AFB466F9A_2938/INPUTFILES/data_2083111751.root 
/tmp/maxwoo/21EF1A6A9139C9FD2A38E59AFB466F9A_2938/INPUTFILES/data_2083111781.root 
/tmp/maxwoo/21EF1A6A9139C9FD2A38E59AFB466F9A_2938/INPUTFILES/data_2083111801.root 
/tmp/maxwoo/21EF1A6A9139C9FD2A38E59AFB466F9A_2938/INPUTFILES/data_2083124501.root 
/tmp/maxwoo/21EF1A6A9139C9FD2A38E59AFB466F9A_2938/INPUTFILES/data_2083153411.root 
/tmp/maxwoo/21EF1A6A9139C9FD2A38E59AFB466F9A_2938/INPUTFILES/data_2083182051.root 
/tmp/maxwoo/21EF1A6A9139C9FD2A38E59AFB466F9A_2938/INPUTFILES/data_2084104131.root 
/tmp/maxwoo/21EF1A6A9139C9FD2A38E59AFB466F9A_2938/INPUTFILES/data_2084104151.root 
/tmp/maxwoo/21EF1A6A9139C9FD2A38E59AFB466F9A_2938/INPUTFILES/data_2084104211.root 
/tmp/maxwoo/21EF1A6A9139C9FD2A38E59AFB466F9A_2938/INPUTFILES/data_2084104251.root 
/tmp/maxwoo/21EF1A6A9139C9FD2A38E59AFB466F9A_2938/INPUTFILES/data_2084104281.root 
/tmp/maxwoo/21EF1A6A9139C9FD2A38E59AFB466F9A_2938/INPUTFILES/data_2084104291.root 
/tmp/maxwoo/21EF1A6A9139C9FD2A38E59AFB466F9A_2938/INPUTFILES/data_2084104361.root 
/tmp/maxwoo/21EF1A6A9139C9FD2A38E59AFB466F9A_2938/INPUTFILES/data_2084104381.root 
/tmp/maxwoo/21EF1A6A9139C9FD2A38E59AFB466F9A_2938/INPUTFILES/data_2084104391.root 
/tmp/maxwoo/21EF1A6A9139C9FD2A38E59AFB466F9A_2938/INPUTFILES/data_2084104411.root 
/tmp/maxwoo/21EF1A6A9139C9FD2A38E59AFB466F9A_2938/INPUTFILES/data_2084104431.root 
/tmp/maxwoo/21EF1A6A9139C9FD2A38E59AFB466F9A_2938/INPUTFILES/data_2084104461.root 
/tmp/maxwoo/21EF1A6A9139C9FD2A38E59AFB466F9A_2938/INPUTFILES/data_2084104491.root 
/tmp/maxwoo/21EF1A6A9139C9FD2A38E59AFB466F9A_2938/INPUTFILES/data_2084104711.root 
/tmp/maxwoo/21EF1A6A9139C9FD2A38E59AFB466F9A_2938/INPUTFILES/data_2084104761.root 
/tmp/maxwoo/21EF1A6A9139C9FD2A38E59AFB466F9A_2938/INPUTFILES/data_2084104791.root 
Added 37 files
# entries in chain: 37000
Processing entry == 1000 == out of 37000.
Processing entry == 2000 == out of 37000.
Processing entry == 3000 == out of 37000.
Processing entry == 4000 == out of 37000.
Processing entry == 5000 == out of 37000.
Processing entry == 6000 == out of 37000.
Processing entry == 7000 == out of 37000.
Processing entry == 8000 == out of 37000.
Processing entry == 9000 == out of 37000.
Processing entry == 10000 == out of 37000.
Processing entry == 11000 == out of 37000.
Processing entry == 12000 == out of 37000.
Processing entry == 13000 == out of 37000.
Processing entry == 14000 == out of 37000.
Processing entry == 15000 == out of 37000.
Processing entry == 16000 == out of 37000.
Processing entry == 17000 == out of 37000.
Processing entry == 18000 == out of 37000.
Processing entry == 19000 == out of 37000.
Processing entry == 20000 == out of 37000.
Processing entry == 21000 == out of 37000.
Processing entry == 22000 == out of 37000.
Processing entry == 23000 == out of 37000.
Processing entry == 24000 == out of 37000.
Processing entry == 25000 == out of 37000.
Processing entry == 26000 == out of 37000.
Processing entry == 27000 == out of 37000.
Processing entry == 28000 == out of 37000.
Processing entry == 29000 == out of 37000.
Processing entry == 30000 == out of 37000.
Processing entry == 31000 == out of 37000.
Processing entry == 32000 == out of 37000.
Processing entry == 33000 == out of 37000.
Processing entry == 34000 == out of 37000.
Processing entry == 35000 == out of 37000.
Processing entry == 36000 == out of 37000.
Processing entry == 37000 == out of 37000.

This is the end of ROOT -- Goodbye

Cleaning up sandbox file:  /tmp/maxwoo/21EF1A6A9139C9FD2A38E59AFB466F9A_2938/check_S.C
Cleaning up sandbox file:  /tmp/maxwoo/21EF1A6A9139C9FD2A38E59AFB466F9A_2938/Check_Sness.C
Cleaning up sandbox file:  /tmp/maxwoo/21EF1A6A9139C9FD2A38E59AFB466F9A_2938/lib
Cleaning up sandbox file:  /tmp/maxwoo/21EF1A6A9139C9FD2A38E59AFB466F9A_2938/.sandboxFiles
Starting copy block
Running copy command:  /bin/cp -fp /tmp/maxwoo/21EF1A6A9139C9FD2A38E59AFB466F9A_2938/out_21EF1A6A9139C9FD2A38E59AFB466F9A_2938.root /star/data01/pwg/xiatong/git/strangeness/data/
130017 Execution of (/star/data01/pwg/xiatong/git/strangeness/script/sched21EF1A6A9139C9FD2A38E59AFB466F9A_2938.csh ) has ended, exiting normally
130017 We END on [Thu Jun  2 11:13:16 EDT 2022]
