We are starting on node: rcas2970.rcf.bnl.gov
HOME is not defined
Using getent method
HOME is now /star/u/maxwoo
46752 We will spawn ourselves (/star/data01/pwg/xiatong/git/strangeness/script/sched21EF1A6A9139C9FD2A38E59AFB466F9A_1406.csh )
46752 We BEGIN on [Thu Jun  2 11:17:42 EDT 2022]
[1] 47004
46752 We are waiting for 47004 
46752 Grandchild PID is 47358 - found in 10 x 1 seconds
46752 Establishing first watcher   on    Thu Jun  2 11:17:53 EDT 2022
46752 Process tree is 46752 (main) -> 47004 (child) -> 47358 (grandchild)
F S   UID   PID  PPID  C PRI  NI ADDR SZ WCHAN  TTY        TIME CMD
0 D 100667 47358 47004  0 80   0 - 32311 cxiWai ?          0:00 cp /star/data01/pwg/xiatong/AMPT/14GeV/data_482347331.root /tmp/maxwoo/21EF1A6A9139C9FD2A38E59AFB466F9A_1406/INPUTFILES/data_482347331.root
46752 Grandchild PID is 427 - found in 20 x 2 seconds
46752 Grandchild to watch has changed on Thu Jun  2 11:18:14 EDT 2022
46752 Process tree is 46752 (main) -> 47004 (child) -> 427 (grandchild)
F S   UID   PID  PPID  C PRI  NI ADDR SZ WCHAN  TTY        TIME CMD
0 D 100667  427 47004  0  80   0 - 32311 cxiWai ?          0:00 cp /star/data01/pwg/xiatong/AMPT/14GeV/data_482447311.root /tmp/maxwoo/21EF1A6A9139C9FD2A38E59AFB466F9A_1406/INPUTFILES/data_482447311.root
46752 Grandchild PID is 2035 - found in 30 x 2 seconds
46752 Grandchild to watch has changed on Thu Jun  2 11:18:35 EDT 2022
46752 Process tree is 46752 (main) -> 47004 (child) -> 2035 (grandchild)
F S   UID   PID  PPID  C PRI  NI ADDR SZ WCHAN  TTY        TIME CMD
0 D 100667 2035 47004  0  80   0 - 32311 cxiWai ?          0:00 cp /star/data01/pwg/xiatong/AMPT/14GeV/data_482620121.root /tmp/maxwoo/21EF1A6A9139C9FD2A38E59AFB466F9A_1406/INPUTFILES/data_482620121.root
46752 Grandchild PID is 3438 - found in 40 x 2 seconds
46752 Grandchild to watch has changed on Thu Jun  2 11:18:55 EDT 2022
46752 Process tree is 46752 (main) -> 47004 (child) -> 3438 (grandchild)
F S   UID   PID  PPID  C PRI  NI ADDR SZ WCHAN  TTY        TIME CMD
0 D 100667 3438 47004  0  80   0 - 32311 cxiWai ?          0:00 cp /star/data01/pwg/xiatong/AMPT/14GeV/data_482710951.root /tmp/maxwoo/21EF1A6A9139C9FD2A38E59AFB466F9A_1406/INPUTFILES/data_482710951.root
46752 Grandchild PID is 6120 - found in 60 x 2 seconds
46752 Grandchild to watch has changed on Thu Jun  2 11:19:37 EDT 2022
46752 Process tree is 46752 (main) -> 47004 (child) -> 6120 (grandchild)
F S   UID   PID  PPID  C PRI  NI ADDR SZ WCHAN  TTY        TIME CMD
0 D 100667 6120 47004  0  80   0 - 32311 cxiWai ?          0:00 cp /star/data01/pwg/xiatong/AMPT/14GeV/data_483113471.root /tmp/maxwoo/21EF1A6A9139C9FD2A38E59AFB466F9A_1406/INPUTFILES/data_483113471.root
46752 Grandchild PID is 6998 - found in 70 x 2 seconds
46752 Grandchild to watch has changed on Thu Jun  2 11:19:57 EDT 2022
46752 Process tree is 46752 (main) -> 47004 (child) -> 6998 (grandchild)
F S   UID   PID  PPID  C PRI  NI ADDR SZ WCHAN  TTY        TIME CMD
0 D 100667 6998 47004  0  80   0 - 32311 cxiWai ?          0:00 cp /star/data01/pwg/xiatong/AMPT/14GeV/data_483113481.root /tmp/maxwoo/21EF1A6A9139C9FD2A38E59AFB466F9A_1406/INPUTFILES/data_483113481.root
46752 Grandchild PID is 8113 - found in 80 x 2 seconds
46752 Grandchild to watch has changed on Thu Jun  2 11:20:18 EDT 2022
46752 Process tree is 46752 (main) -> 47004 (child) -> 8113 (grandchild)
F S   UID   PID  PPID  C PRI  NI ADDR SZ WCHAN  TTY        TIME CMD
0 D 100667 8113 47004  0  80   0 - 32311 cxiWai ?          0:00 cp /star/data01/pwg/xiatong/AMPT/14GeV/data_483117061.root /tmp/maxwoo/21EF1A6A9139C9FD2A38E59AFB466F9A_1406/INPUTFILES/data_483117061.root
46752 Grandchild PID is 9817 - found in 90 x 2 seconds
46752 Grandchild to watch has changed on Thu Jun  2 11:20:39 EDT 2022
46752 Process tree is 46752 (main) -> 47004 (child) -> 9817 (grandchild)
F S   UID   PID  PPID  C PRI  NI ADDR SZ WCHAN  TTY        TIME CMD
0 D 100667 9817 47004  0  80   0 - 32311 cxiWai ?          0:00 cp /star/data01/pwg/xiatong/AMPT/14GeV/data_483130851.root /tmp/maxwoo/21EF1A6A9139C9FD2A38E59AFB466F9A_1406/INPUTFILES/data_483130851.root
46752 Grandchild PID is 11769 - found in 100 x 2 seconds
46752 Grandchild to watch has changed on Thu Jun  2 11:21:00 EDT 2022
46752 Process tree is 46752 (main) -> 47004 (child) -> 11769 (grandchild)
F S   UID   PID  PPID  C PRI  NI ADDR SZ WCHAN  TTY        TIME CMD
0 D 100667 11769 47004  0 80   0 - 32311 cxiWai ?          0:00 cp /star/data01/pwg/xiatong/AMPT/14GeV/data_483147551.root /tmp/maxwoo/21EF1A6A9139C9FD2A38E59AFB466F9A_1406/INPUTFILES/data_483147551.root
46752 Grandchild PID is 12530 - found in 110 x 2 seconds
46752 Grandchild to watch has changed on Thu Jun  2 11:21:20 EDT 2022
46752 Process tree is 46752 (main) -> 47004 (child) -> 12530 (grandchild)
F S   UID   PID  PPID  C PRI  NI ADDR SZ WCHAN  TTY        TIME CMD
0 D 100667 12530 47004  0 80   0 - 32311 cxiWai ?          0:00 cp /star/data01/pwg/xiatong/AMPT/14GeV/data_483147851.root /tmp/maxwoo/21EF1A6A9139C9FD2A38E59AFB466F9A_1406/INPUTFILES/data_483147851.root
46752 Grandchild PID is 15732 - found in 130 x 2 seconds
46752 Grandchild to watch has changed on Thu Jun  2 11:22:02 EDT 2022
46752 Process tree is 46752 (main) -> 47004 (child) -> 15732 (grandchild)
F S   UID   PID  PPID  C PRI  NI ADDR SZ WCHAN  TTY        TIME CMD
0 D 100667 15732 47004  0 80   0 - 32311 cxiWai ?          0:00 cp /star/data01/pwg/xiatong/AMPT/14GeV/data_483157551.root /tmp/maxwoo/21EF1A6A9139C9FD2A38E59AFB466F9A_1406/INPUTFILES/data_483157551.root
46752 Grandchild PID is 17726 - found in 150 x 2 seconds
46752 Grandchild to watch has changed on Thu Jun  2 11:22:43 EDT 2022
46752 Process tree is 46752 (main) -> 47004 (child) -> 17726 (grandchild)
F S   UID   PID  PPID  C PRI  NI ADDR SZ WCHAN  TTY        TIME CMD
0 S 100667 17726 47004  0 80   0 -  1272 do_wai ?          0:00 root -b -q check_S.C++("/tmp/maxwoo/21EF1A6A9139C9FD2A38E59AFB466F9A_1406/INPUTFILES/21EF1A6A9139C9FD2A38E59AFB466F9A_1406.local.list","21EF1A6A9139C9FD2A38E59AFB466F9A_1406",1)
47004 Stepping into the main SUMS wrapper program with []
.... building sandbox
Running: cp /star/data01/pwg/xiatong/AMPT/14GeV/data_482320791.root /tmp/maxwoo/21EF1A6A9139C9FD2A38E59AFB466F9A_1406/INPUTFILES/data_482320791.root
Running: cp /star/data01/pwg/xiatong/AMPT/14GeV/data_482331171.root /tmp/maxwoo/21EF1A6A9139C9FD2A38E59AFB466F9A_1406/INPUTFILES/data_482331171.root
Running: cp /star/data01/pwg/xiatong/AMPT/14GeV/data_482347321.root /tmp/maxwoo/21EF1A6A9139C9FD2A38E59AFB466F9A_1406/INPUTFILES/data_482347321.root
Running: cp /star/data01/pwg/xiatong/AMPT/14GeV/data_482347331.root /tmp/maxwoo/21EF1A6A9139C9FD2A38E59AFB466F9A_1406/INPUTFILES/data_482347331.root
Running: cp /star/data01/pwg/xiatong/AMPT/14GeV/data_482447291.root /tmp/maxwoo/21EF1A6A9139C9FD2A38E59AFB466F9A_1406/INPUTFILES/data_482447291.root
Running: cp /star/data01/pwg/xiatong/AMPT/14GeV/data_482447301.root /tmp/maxwoo/21EF1A6A9139C9FD2A38E59AFB466F9A_1406/INPUTFILES/data_482447301.root
Running: cp /star/data01/pwg/xiatong/AMPT/14GeV/data_482447311.root /tmp/maxwoo/21EF1A6A9139C9FD2A38E59AFB466F9A_1406/INPUTFILES/data_482447311.root
Running: cp /star/data01/pwg/xiatong/AMPT/14GeV/data_482547281.root /tmp/maxwoo/21EF1A6A9139C9FD2A38E59AFB466F9A_1406/INPUTFILES/data_482547281.root
Running: cp /star/data01/pwg/xiatong/AMPT/14GeV/data_482620111.root /tmp/maxwoo/21EF1A6A9139C9FD2A38E59AFB466F9A_1406/INPUTFILES/data_482620111.root
Running: cp /star/data01/pwg/xiatong/AMPT/14GeV/data_482620121.root /tmp/maxwoo/21EF1A6A9139C9FD2A38E59AFB466F9A_1406/INPUTFILES/data_482620121.root
Running: cp /star/data01/pwg/xiatong/AMPT/14GeV/data_482626271.root /tmp/maxwoo/21EF1A6A9139C9FD2A38E59AFB466F9A_1406/INPUTFILES/data_482626271.root
Running: cp /star/data01/pwg/xiatong/AMPT/14GeV/data_482647271.root /tmp/maxwoo/21EF1A6A9139C9FD2A38E59AFB466F9A_1406/INPUTFILES/data_482647271.root
Running: cp /star/data01/pwg/xiatong/AMPT/14GeV/data_482710951.root /tmp/maxwoo/21EF1A6A9139C9FD2A38E59AFB466F9A_1406/INPUTFILES/data_482710951.root
Running: cp /star/data01/pwg/xiatong/AMPT/14GeV/data_482747261.root /tmp/maxwoo/21EF1A6A9139C9FD2A38E59AFB466F9A_1406/INPUTFILES/data_482747261.root
Running: cp /star/data01/pwg/xiatong/AMPT/14GeV/data_482847251.root /tmp/maxwoo/21EF1A6A9139C9FD2A38E59AFB466F9A_1406/INPUTFILES/data_482847251.root
Running: cp /star/data01/pwg/xiatong/AMPT/14GeV/data_482920101.root /tmp/maxwoo/21EF1A6A9139C9FD2A38E59AFB466F9A_1406/INPUTFILES/data_482920101.root
Running: cp /star/data01/pwg/xiatong/AMPT/14GeV/data_483100251.root /tmp/maxwoo/21EF1A6A9139C9FD2A38E59AFB466F9A_1406/INPUTFILES/data_483100251.root
Running: cp /star/data01/pwg/xiatong/AMPT/14GeV/data_483103821.root /tmp/maxwoo/21EF1A6A9139C9FD2A38E59AFB466F9A_1406/INPUTFILES/data_483103821.root
Running: cp /star/data01/pwg/xiatong/AMPT/14GeV/data_483113461.root /tmp/maxwoo/21EF1A6A9139C9FD2A38E59AFB466F9A_1406/INPUTFILES/data_483113461.root
Running: cp /star/data01/pwg/xiatong/AMPT/14GeV/data_483113471.root /tmp/maxwoo/21EF1A6A9139C9FD2A38E59AFB466F9A_1406/INPUTFILES/data_483113471.root
Running: cp /star/data01/pwg/xiatong/AMPT/14GeV/data_483113481.root /tmp/maxwoo/21EF1A6A9139C9FD2A38E59AFB466F9A_1406/INPUTFILES/data_483113481.root
Running: cp /star/data01/pwg/xiatong/AMPT/14GeV/data_483113491.root /tmp/maxwoo/21EF1A6A9139C9FD2A38E59AFB466F9A_1406/INPUTFILES/data_483113491.root
Running: cp /star/data01/pwg/xiatong/AMPT/14GeV/data_483117061.root /tmp/maxwoo/21EF1A6A9139C9FD2A38E59AFB466F9A_1406/INPUTFILES/data_483117061.root
Running: cp /star/data01/pwg/xiatong/AMPT/14GeV/data_483120401.root /tmp/maxwoo/21EF1A6A9139C9FD2A38E59AFB466F9A_1406/INPUTFILES/data_483120401.root
Running: cp /star/data01/pwg/xiatong/AMPT/14GeV/data_483122391.root /tmp/maxwoo/21EF1A6A9139C9FD2A38E59AFB466F9A_1406/INPUTFILES/data_483122391.root
Running: cp /star/data01/pwg/xiatong/AMPT/14GeV/data_483130851.root /tmp/maxwoo/21EF1A6A9139C9FD2A38E59AFB466F9A_1406/INPUTFILES/data_483130851.root
Running: cp /star/data01/pwg/xiatong/AMPT/14GeV/data_483142151.root /tmp/maxwoo/21EF1A6A9139C9FD2A38E59AFB466F9A_1406/INPUTFILES/data_483142151.root
Running: cp /star/data01/pwg/xiatong/AMPT/14GeV/data_483142161.root /tmp/maxwoo/21EF1A6A9139C9FD2A38E59AFB466F9A_1406/INPUTFILES/data_483142161.root
Running: cp /star/data01/pwg/xiatong/AMPT/14GeV/data_483147091.root /tmp/maxwoo/21EF1A6A9139C9FD2A38E59AFB466F9A_1406/INPUTFILES/data_483147091.root
Running: cp /star/data01/pwg/xiatong/AMPT/14GeV/data_483147321.root /tmp/maxwoo/21EF1A6A9139C9FD2A38E59AFB466F9A_1406/INPUTFILES/data_483147321.root
Running: cp /star/data01/pwg/xiatong/AMPT/14GeV/data_483147551.root /tmp/maxwoo/21EF1A6A9139C9FD2A38E59AFB466F9A_1406/INPUTFILES/data_483147551.root
Running: cp /star/data01/pwg/xiatong/AMPT/14GeV/data_483147851.root /tmp/maxwoo/21EF1A6A9139C9FD2A38E59AFB466F9A_1406/INPUTFILES/data_483147851.root
Running: cp /star/data01/pwg/xiatong/AMPT/14GeV/data_483157551.root /tmp/maxwoo/21EF1A6A9139C9FD2A38E59AFB466F9A_1406/INPUTFILES/data_483157551.root
Running: cp /star/data01/pwg/xiatong/AMPT/14GeV/data_483165421.root /tmp/maxwoo/21EF1A6A9139C9FD2A38E59AFB466F9A_1406/INPUTFILES/data_483165421.root
Running: cp /star/data01/pwg/xiatong/AMPT/14GeV/data_483165781.root /tmp/maxwoo/21EF1A6A9139C9FD2A38E59AFB466F9A_1406/INPUTFILES/data_483165781.root
Running: cp /star/data01/pwg/xiatong/AMPT/14GeV/data_483165791.root /tmp/maxwoo/21EF1A6A9139C9FD2A38E59AFB466F9A_1406/INPUTFILES/data_483165791.root
Running: cp /star/data01/pwg/xiatong/AMPT/14GeV/data_483165871.root /tmp/maxwoo/21EF1A6A9139C9FD2A38E59AFB466F9A_1406/INPUTFILES/data_483165871.root
Swapping $FILELIST with: /tmp/maxwoo/21EF1A6A9139C9FD2A38E59AFB466F9A_1406/INPUTFILES/21EF1A6A9139C9FD2A38E59AFB466F9A_1406.local.list
+++++++++++local copy debug++++++++++++++++++++
newFileList: /tmp/maxwoo/21EF1A6A9139C9FD2A38E59AFB466F9A_1406/INPUTFILES/21EF1A6A9139C9FD2A38E59AFB466F9A_1406.local.list
++++++++++++++++cat FILELIST+++++++++++++++++++
/tmp/maxwoo/21EF1A6A9139C9FD2A38E59AFB466F9A_1406/INPUTFILES/data_482320791.root 
/tmp/maxwoo/21EF1A6A9139C9FD2A38E59AFB466F9A_1406/INPUTFILES/data_482331171.root 
/tmp/maxwoo/21EF1A6A9139C9FD2A38E59AFB466F9A_1406/INPUTFILES/data_482347321.root 
/tmp/maxwoo/21EF1A6A9139C9FD2A38E59AFB466F9A_1406/INPUTFILES/data_482347331.root 
/tmp/maxwoo/21EF1A6A9139C9FD2A38E59AFB466F9A_1406/INPUTFILES/data_482447291.root 
/tmp/maxwoo/21EF1A6A9139C9FD2A38E59AFB466F9A_1406/INPUTFILES/data_482447301.root 
/tmp/maxwoo/21EF1A6A9139C9FD2A38E59AFB466F9A_1406/INPUTFILES/data_482447311.root 
/tmp/maxwoo/21EF1A6A9139C9FD2A38E59AFB466F9A_1406/INPUTFILES/data_482547281.root 
/tmp/maxwoo/21EF1A6A9139C9FD2A38E59AFB466F9A_1406/INPUTFILES/data_482620111.root 
/tmp/maxwoo/21EF1A6A9139C9FD2A38E59AFB466F9A_1406/INPUTFILES/data_482620121.root 
/tmp/maxwoo/21EF1A6A9139C9FD2A38E59AFB466F9A_1406/INPUTFILES/data_482626271.root 
/tmp/maxwoo/21EF1A6A9139C9FD2A38E59AFB466F9A_1406/INPUTFILES/data_482647271.root 
/tmp/maxwoo/21EF1A6A9139C9FD2A38E59AFB466F9A_1406/INPUTFILES/data_482710951.root 
/tmp/maxwoo/21EF1A6A9139C9FD2A38E59AFB466F9A_1406/INPUTFILES/data_482747261.root 
/tmp/maxwoo/21EF1A6A9139C9FD2A38E59AFB466F9A_1406/INPUTFILES/data_482847251.root 
/tmp/maxwoo/21EF1A6A9139C9FD2A38E59AFB466F9A_1406/INPUTFILES/data_482920101.root 
/tmp/maxwoo/21EF1A6A9139C9FD2A38E59AFB466F9A_1406/INPUTFILES/data_483100251.root 
/tmp/maxwoo/21EF1A6A9139C9FD2A38E59AFB466F9A_1406/INPUTFILES/data_483103821.root 
/tmp/maxwoo/21EF1A6A9139C9FD2A38E59AFB466F9A_1406/INPUTFILES/data_483113461.root 
/tmp/maxwoo/21EF1A6A9139C9FD2A38E59AFB466F9A_1406/INPUTFILES/data_483113471.root 
/tmp/maxwoo/21EF1A6A9139C9FD2A38E59AFB466F9A_1406/INPUTFILES/data_483113481.root 
/tmp/maxwoo/21EF1A6A9139C9FD2A38E59AFB466F9A_1406/INPUTFILES/data_483113491.root 
/tmp/maxwoo/21EF1A6A9139C9FD2A38E59AFB466F9A_1406/INPUTFILES/data_483117061.root 
/tmp/maxwoo/21EF1A6A9139C9FD2A38E59AFB466F9A_1406/INPUTFILES/data_483120401.root 
/tmp/maxwoo/21EF1A6A9139C9FD2A38E59AFB466F9A_1406/INPUTFILES/data_483122391.root 
/tmp/maxwoo/21EF1A6A9139C9FD2A38E59AFB466F9A_1406/INPUTFILES/data_483130851.root 
/tmp/maxwoo/21EF1A6A9139C9FD2A38E59AFB466F9A_1406/INPUTFILES/data_483142151.root 
/tmp/maxwoo/21EF1A6A9139C9FD2A38E59AFB466F9A_1406/INPUTFILES/data_483142161.root 
/tmp/maxwoo/21EF1A6A9139C9FD2A38E59AFB466F9A_1406/INPUTFILES/data_483147091.root 
/tmp/maxwoo/21EF1A6A9139C9FD2A38E59AFB466F9A_1406/INPUTFILES/data_483147321.root 
/tmp/maxwoo/21EF1A6A9139C9FD2A38E59AFB466F9A_1406/INPUTFILES/data_483147551.root 
/tmp/maxwoo/21EF1A6A9139C9FD2A38E59AFB466F9A_1406/INPUTFILES/data_483147851.root 
/tmp/maxwoo/21EF1A6A9139C9FD2A38E59AFB466F9A_1406/INPUTFILES/data_483157551.root 
/tmp/maxwoo/21EF1A6A9139C9FD2A38E59AFB466F9A_1406/INPUTFILES/data_483165421.root 
/tmp/maxwoo/21EF1A6A9139C9FD2A38E59AFB466F9A_1406/INPUTFILES/data_483165781.root 
/tmp/maxwoo/21EF1A6A9139C9FD2A38E59AFB466F9A_1406/INPUTFILES/data_483165791.root 
/tmp/maxwoo/21EF1A6A9139C9FD2A38E59AFB466F9A_1406/INPUTFILES/data_483165871.root 
++++++++++++++++++++find.++++++++++++++++++++++
.
./Check_Sness.C
./lib
./lib/my_event_cpp.so
./lib/NpartNormalizer.cpp
./lib/my_event.h
./lib/my_event_cpp_ACLiC_dict_rdict.pcm
./lib/NpartNormalizer_cpp_ACLiC_dict_rdict.pcm
./lib/MixedBuffer_cpp.so
./lib/my_particle.cpp
./lib/CenMaker_cpp.d
./lib/my_particle_cpp.so
./lib/CenMaker_cpp_ACLiC_dict_rdict.pcm
./lib/CenMaker.h
./lib/MixedBuffer.cpp
./lib/my_particle_cpp.d
./lib/NpartNormalizer.h
./lib/MixedBuffer_cpp_ACLiC_dict_rdict.pcm
./lib/CenMaker_cpp.so
./lib/my_event_cpp.d
./lib/CenMaker.cpp
./lib/my_event.cpp
./lib/NpartNormalizer_cpp.so
./lib/my_particle_cpp_ACLiC_dict_rdict.pcm
./lib/NpartNormalizer_cpp.d
./lib/MixedBuffer.h
./lib/MixedBuffer_cpp.d
./lib/my_particle.h
./.errror.log
./check_S.C
./.sandboxFiles
./INPUTFILES
./INPUTFILES/data_483113471.root
./INPUTFILES/data_483142161.root
./INPUTFILES/data_483147091.root
./INPUTFILES/data_483147321.root
./INPUTFILES/data_483165791.root
./INPUTFILES/data_482447291.root
./INPUTFILES/data_482747261.root
./INPUTFILES/data_482620111.root
./INPUTFILES/data_482847251.root
./INPUTFILES/data_483122391.root
./INPUTFILES/data_483113481.root
./INPUTFILES/data_482447301.root
./INPUTFILES/data_483165421.root
./INPUTFILES/data_483142151.root
./INPUTFILES/data_482647271.root
./INPUTFILES/data_483130851.root
./INPUTFILES/data_483120401.root
./INPUTFILES/data_482447311.root
./INPUTFILES/data_483113461.root
./INPUTFILES/data_482547281.root
./INPUTFILES/data_483100251.root
./INPUTFILES/data_482626271.root
./INPUTFILES/data_483147851.root
./INPUTFILES/data_482710951.root
./INPUTFILES/data_483103821.root
./INPUTFILES/data_482920101.root
./INPUTFILES/data_483147551.root
./INPUTFILES/data_483165781.root
./INPUTFILES/data_483157551.root
./INPUTFILES/data_483117061.root
./INPUTFILES/data_482620121.root
./INPUTFILES/data_482347331.root
./INPUTFILES/data_482347321.root
./INPUTFILES/data_483113491.root
./INPUTFILES/21EF1A6A9139C9FD2A38E59AFB466F9A_1406.local.list
./INPUTFILES/data_482320791.root
./INPUTFILES/data_483165871.root
./INPUTFILES/data_482331171.root
./.output.log
++++++++++++++++INPUTFILE Var++++++++++++++++++
FILELIST=/tmp/maxwoo/21EF1A6A9139C9FD2A38E59AFB466F9A_1406/INPUTFILES/21EF1A6A9139C9FD2A38E59AFB466F9A_1406.local.list
INPUTFILECOUNT=37
INPUTFILE0=/tmp/maxwoo/21EF1A6A9139C9FD2A38E59AFB466F9A_1406/INPUTFILES/data_482320791.root
INPUTFILE1=/tmp/maxwoo/21EF1A6A9139C9FD2A38E59AFB466F9A_1406/INPUTFILES/data_482331171.root
INPUTFILE2=/tmp/maxwoo/21EF1A6A9139C9FD2A38E59AFB466F9A_1406/INPUTFILES/data_482347321.root
INPUTFILE3=/tmp/maxwoo/21EF1A6A9139C9FD2A38E59AFB466F9A_1406/INPUTFILES/data_482347331.root
INPUTFILE4=/tmp/maxwoo/21EF1A6A9139C9FD2A38E59AFB466F9A_1406/INPUTFILES/data_482447291.root
INPUTFILE5=/tmp/maxwoo/21EF1A6A9139C9FD2A38E59AFB466F9A_1406/INPUTFILES/data_482447301.root
INPUTFILE6=/tmp/maxwoo/21EF1A6A9139C9FD2A38E59AFB466F9A_1406/INPUTFILES/data_482447311.root
INPUTFILE7=/tmp/maxwoo/21EF1A6A9139C9FD2A38E59AFB466F9A_1406/INPUTFILES/data_482547281.root
INPUTFILE8=/tmp/maxwoo/21EF1A6A9139C9FD2A38E59AFB466F9A_1406/INPUTFILES/data_482620111.root
INPUTFILE9=/tmp/maxwoo/21EF1A6A9139C9FD2A38E59AFB466F9A_1406/INPUTFILES/data_482620121.root
INPUTFILE10=/tmp/maxwoo/21EF1A6A9139C9FD2A38E59AFB466F9A_1406/INPUTFILES/data_482626271.root
INPUTFILE11=/tmp/maxwoo/21EF1A6A9139C9FD2A38E59AFB466F9A_1406/INPUTFILES/data_482647271.root
INPUTFILE12=/tmp/maxwoo/21EF1A6A9139C9FD2A38E59AFB466F9A_1406/INPUTFILES/data_482710951.root
INPUTFILE13=/tmp/maxwoo/21EF1A6A9139C9FD2A38E59AFB466F9A_1406/INPUTFILES/data_482747261.root
INPUTFILE14=/tmp/maxwoo/21EF1A6A9139C9FD2A38E59AFB466F9A_1406/INPUTFILES/data_482847251.root
INPUTFILE15=/tmp/maxwoo/21EF1A6A9139C9FD2A38E59AFB466F9A_1406/INPUTFILES/data_482920101.root
INPUTFILE16=/tmp/maxwoo/21EF1A6A9139C9FD2A38E59AFB466F9A_1406/INPUTFILES/data_483100251.root
INPUTFILE17=/tmp/maxwoo/21EF1A6A9139C9FD2A38E59AFB466F9A_1406/INPUTFILES/data_483103821.root
INPUTFILE18=/tmp/maxwoo/21EF1A6A9139C9FD2A38E59AFB466F9A_1406/INPUTFILES/data_483113461.root
INPUTFILE19=/tmp/maxwoo/21EF1A6A9139C9FD2A38E59AFB466F9A_1406/INPUTFILES/data_483113471.root
INPUTFILE20=/tmp/maxwoo/21EF1A6A9139C9FD2A38E59AFB466F9A_1406/INPUTFILES/data_483113481.root
INPUTFILE21=/tmp/maxwoo/21EF1A6A9139C9FD2A38E59AFB466F9A_1406/INPUTFILES/data_483113491.root
INPUTFILE22=/tmp/maxwoo/21EF1A6A9139C9FD2A38E59AFB466F9A_1406/INPUTFILES/data_483117061.root
INPUTFILE23=/tmp/maxwoo/21EF1A6A9139C9FD2A38E59AFB466F9A_1406/INPUTFILES/data_483120401.root
INPUTFILE24=/tmp/maxwoo/21EF1A6A9139C9FD2A38E59AFB466F9A_1406/INPUTFILES/data_483122391.root
INPUTFILE25=/tmp/maxwoo/21EF1A6A9139C9FD2A38E59AFB466F9A_1406/INPUTFILES/data_483130851.root
INPUTFILE26=/tmp/maxwoo/21EF1A6A9139C9FD2A38E59AFB466F9A_1406/INPUTFILES/data_483142151.root
INPUTFILE27=/tmp/maxwoo/21EF1A6A9139C9FD2A38E59AFB466F9A_1406/INPUTFILES/data_483142161.root
INPUTFILE28=/tmp/maxwoo/21EF1A6A9139C9FD2A38E59AFB466F9A_1406/INPUTFILES/data_483147091.root
INPUTFILE29=/tmp/maxwoo/21EF1A6A9139C9FD2A38E59AFB466F9A_1406/INPUTFILES/data_483147321.root
INPUTFILE30=/tmp/maxwoo/21EF1A6A9139C9FD2A38E59AFB466F9A_1406/INPUTFILES/data_483147551.root
INPUTFILE31=/tmp/maxwoo/21EF1A6A9139C9FD2A38E59AFB466F9A_1406/INPUTFILES/data_483147851.root
INPUTFILE32=/tmp/maxwoo/21EF1A6A9139C9FD2A38E59AFB466F9A_1406/INPUTFILES/data_483157551.root
INPUTFILE33=/tmp/maxwoo/21EF1A6A9139C9FD2A38E59AFB466F9A_1406/INPUTFILES/data_483165421.root
INPUTFILE34=/tmp/maxwoo/21EF1A6A9139C9FD2A38E59AFB466F9A_1406/INPUTFILES/data_483165781.root
INPUTFILE35=/tmp/maxwoo/21EF1A6A9139C9FD2A38E59AFB466F9A_1406/INPUTFILES/data_483165791.root
INPUTFILE36=/tmp/maxwoo/21EF1A6A9139C9FD2A38E59AFB466F9A_1406/INPUTFILES/data_483165871.root
LocalInputFileDir=/tmp/maxwoo/21EF1A6A9139C9FD2A38E59AFB466F9A_1406/INPUTFILES
NewFILELIST=/tmp/maxwoo/21EF1A6A9139C9FD2A38E59AFB466F9A_1406/INPUTFILES/21EF1A6A9139C9FD2A38E59AFB466F9A_1406.local.list
+++++++++++++++++++++++++++++++++++++++++++++++
--------------------------------
Simple Unified Meta Scheduler 1.10.50 we are starting in $SCRATCH : /home/tmp/maxwoo/21EF1A6A9139C9FD2A38E59AFB466F9A_1406
--------------------------------
total 16
lrwxrwxrwx 1 maxwoo rhstar   61 Jun  2 11:17 check_S.C -> /gpfs/mnt/gpfs01/star/pwg/xiatong/git/strangeness/./check_S.C
lrwxrwxrwx 1 maxwoo rhstar   65 Jun  2 11:17 Check_Sness.C -> /gpfs/mnt/gpfs01/star/pwg/xiatong/git/strangeness/./Check_Sness.C
drwxr-xr-x 2 maxwoo rhstar 4096 Jun  2 11:22 INPUTFILES
drwxr-xr-x 2 maxwoo rhstar 4096 Jun  2 11:17 lib
  *******************************************
  *                                         *
  *        W E L C O M E  to  R O O T       *
  *                                         *
  *   Version   5.34/38     12 March 2018   *
  *                                         *
  *  You are welcome to visit our Web site  *
  *          http://root.cern.ch            *
  *                                         *
  *******************************************

ROOT 5.34/38 (v5-34-38@v5-34-38, Mar 12 2018, 15:49:39 on linux)

CINT/ROOT C/C++ Interpreter version 5.18.00, July 2, 2010
Type ? for help. Commands must be C++ statements.
Enclose multiple statements between { }.
*** Float Point Exception is OFF ***
 *** Start at Date : Thu Jun  2 11:22:23 2022
QAInfo:You are using STAR_LEVEL : dev, ROOT_LEVEL : 5.34.38 and node : rcas2970.rcf.bnl.gov 

Processing check_S.C++("/tmp/maxwoo/21EF1A6A9139C9FD2A38E59AFB466F9A_1406/INPUTFILES/21EF1A6A9139C9FD2A38E59AFB466F9A_1406.local.list","21EF1A6A9139C9FD2A38E59AFB466F9A_1406",1)...
/tmp/maxwoo/21EF1A6A9139C9FD2A38E59AFB466F9A_1406/INPUTFILES/data_482320791.root 
/tmp/maxwoo/21EF1A6A9139C9FD2A38E59AFB466F9A_1406/INPUTFILES/data_482331171.root 
/tmp/maxwoo/21EF1A6A9139C9FD2A38E59AFB466F9A_1406/INPUTFILES/data_482347321.root 
/tmp/maxwoo/21EF1A6A9139C9FD2A38E59AFB466F9A_1406/INPUTFILES/data_482347331.root 
/tmp/maxwoo/21EF1A6A9139C9FD2A38E59AFB466F9A_1406/INPUTFILES/data_482447291.root 
/tmp/maxwoo/21EF1A6A9139C9FD2A38E59AFB466F9A_1406/INPUTFILES/data_482447301.root 
/tmp/maxwoo/21EF1A6A9139C9FD2A38E59AFB466F9A_1406/INPUTFILES/data_482447311.root 
/tmp/maxwoo/21EF1A6A9139C9FD2A38E59AFB466F9A_1406/INPUTFILES/data_482547281.root 
/tmp/maxwoo/21EF1A6A9139C9FD2A38E59AFB466F9A_1406/INPUTFILES/data_482620111.root 
/tmp/maxwoo/21EF1A6A9139C9FD2A38E59AFB466F9A_1406/INPUTFILES/data_482620121.root 
/tmp/maxwoo/21EF1A6A9139C9FD2A38E59AFB466F9A_1406/INPUTFILES/data_482626271.root 
/tmp/maxwoo/21EF1A6A9139C9FD2A38E59AFB466F9A_1406/INPUTFILES/data_482647271.root 
/tmp/maxwoo/21EF1A6A9139C9FD2A38E59AFB466F9A_1406/INPUTFILES/data_482710951.root 
/tmp/maxwoo/21EF1A6A9139C9FD2A38E59AFB466F9A_1406/INPUTFILES/data_482747261.root 
/tmp/maxwoo/21EF1A6A9139C9FD2A38E59AFB466F9A_1406/INPUTFILES/data_482847251.root 
/tmp/maxwoo/21EF1A6A9139C9FD2A38E59AFB466F9A_1406/INPUTFILES/data_482920101.root 
/tmp/maxwoo/21EF1A6A9139C9FD2A38E59AFB466F9A_1406/INPUTFILES/data_483100251.root 
/tmp/maxwoo/21EF1A6A9139C9FD2A38E59AFB466F9A_1406/INPUTFILES/data_483103821.root 
/tmp/maxwoo/21EF1A6A9139C9FD2A38E59AFB466F9A_1406/INPUTFILES/data_483113461.root 
/tmp/maxwoo/21EF1A6A9139C9FD2A38E59AFB466F9A_1406/INPUTFILES/data_483113471.root 
/tmp/maxwoo/21EF1A6A9139C9FD2A38E59AFB466F9A_1406/INPUTFILES/data_483113481.root 
/tmp/maxwoo/21EF1A6A9139C9FD2A38E59AFB466F9A_1406/INPUTFILES/data_483113491.root 
/tmp/maxwoo/21EF1A6A9139C9FD2A38E59AFB466F9A_1406/INPUTFILES/data_483117061.root 
/tmp/maxwoo/21EF1A6A9139C9FD2A38E59AFB466F9A_1406/INPUTFILES/data_483120401.root 
/tmp/maxwoo/21EF1A6A9139C9FD2A38E59AFB466F9A_1406/INPUTFILES/data_483122391.root 
/tmp/maxwoo/21EF1A6A9139C9FD2A38E59AFB466F9A_1406/INPUTFILES/data_483130851.root 
/tmp/maxwoo/21EF1A6A9139C9FD2A38E59AFB466F9A_1406/INPUTFILES/data_483142151.root 
/tmp/maxwoo/21EF1A6A9139C9FD2A38E59AFB466F9A_1406/INPUTFILES/data_483142161.root 
/tmp/maxwoo/21EF1A6A9139C9FD2A38E59AFB466F9A_1406/INPUTFILES/data_483147091.root 
/tmp/maxwoo/21EF1A6A9139C9FD2A38E59AFB466F9A_1406/INPUTFILES/data_483147321.root 
/tmp/maxwoo/21EF1A6A9139C9FD2A38E59AFB466F9A_1406/INPUTFILES/data_483147551.root 
/tmp/maxwoo/21EF1A6A9139C9FD2A38E59AFB466F9A_1406/INPUTFILES/data_483147851.root 
/tmp/maxwoo/21EF1A6A9139C9FD2A38E59AFB466F9A_1406/INPUTFILES/data_483157551.root 
/tmp/maxwoo/21EF1A6A9139C9FD2A38E59AFB466F9A_1406/INPUTFILES/data_483165421.root 
/tmp/maxwoo/21EF1A6A9139C9FD2A38E59AFB466F9A_1406/INPUTFILES/data_483165781.root 
/tmp/maxwoo/21EF1A6A9139C9FD2A38E59AFB466F9A_1406/INPUTFILES/data_483165791.root 
/tmp/maxwoo/21EF1A6A9139C9FD2A38E59AFB466F9A_1406/INPUTFILES/data_483165871.root 
Added 37 files
# entries in chain: 35634
Processing entry == 1000 == out of 35634.
Processing entry == 2000 == out of 35634.
Processing entry == 3000 == out of 35634.
Processing entry == 4000 == out of 35634.
Processing entry == 5000 == out of 35634.
Processing entry == 6000 == out of 35634.
Processing entry == 7000 == out of 35634.
Processing entry == 8000 == out of 35634.
Processing entry == 9000 == out of 35634.
Processing entry == 10000 == out of 35634.
Processing entry == 11000 == out of 35634.
Processing entry == 12000 == out of 35634.
Processing entry == 13000 == out of 35634.
Processing entry == 14000 == out of 35634.
Processing entry == 15000 == out of 35634.
Processing entry == 16000 == out of 35634.
Processing entry == 17000 == out of 35634.
Processing entry == 18000 == out of 35634.
Processing entry == 19000 == out of 35634.
Processing entry == 20000 == out of 35634.
Processing entry == 21000 == out of 35634.
Processing entry == 22000 == out of 35634.
Processing entry == 23000 == out of 35634.
Processing entry == 24000 == out of 35634.
Processing entry == 25000 == out of 35634.
Processing entry == 26000 == out of 35634.
Processing entry == 27000 == out of 35634.
Processing entry == 28000 == out of 35634.
Processing entry == 29000 == out of 35634.
Processing entry == 30000 == out of 35634.
Processing entry == 31000 == out of 35634.
Processing entry == 32000 == out of 35634.
Processing entry == 33000 == out of 35634.
Processing entry == 34000 == out of 35634.
Processing entry == 35000 == out of 35634.

This is the end of ROOT -- Goodbye

Cleaning up sandbox file:  /tmp/maxwoo/21EF1A6A9139C9FD2A38E59AFB466F9A_1406/check_S.C
Cleaning up sandbox file:  /tmp/maxwoo/21EF1A6A9139C9FD2A38E59AFB466F9A_1406/Check_Sness.C
Cleaning up sandbox file:  /tmp/maxwoo/21EF1A6A9139C9FD2A38E59AFB466F9A_1406/lib
Cleaning up sandbox file:  /tmp/maxwoo/21EF1A6A9139C9FD2A38E59AFB466F9A_1406/.sandboxFiles
Starting copy block
Running copy command:  /bin/cp -fp /tmp/maxwoo/21EF1A6A9139C9FD2A38E59AFB466F9A_1406/out_21EF1A6A9139C9FD2A38E59AFB466F9A_1406.root /star/data01/pwg/xiatong/git/strangeness/data/
46752 Execution of (/star/data01/pwg/xiatong/git/strangeness/script/sched21EF1A6A9139C9FD2A38E59AFB466F9A_1406.csh ) has ended, exiting normally
46752 We END on [Thu Jun  2 11:42:57 EDT 2022]
