We are starting on node: rcas6349.rcf.bnl.gov
HOME is not defined
Using getent method
HOME is now /star/u/maxwoo
29865 We will spawn ourselves (/star/data01/pwg/xiatong/git/strangeness/script/sched21EF1A6A9139C9FD2A38E59AFB466F9A_1095.csh )
29865 We BEGIN on [Thu Jun  2 11:22:56 EDT 2022]
[1] 30267
29865 We are waiting for 30267 
29865 Grandchild PID is 30574 - found in 10 x 1 seconds
29865 Establishing first watcher   on    Thu Jun  2 11:23:06 EDT 2022
29865 Process tree is 29865 (main) -> 30267 (child) -> 30574 (grandchild)
F S   UID   PID  PPID  C PRI  NI ADDR SZ WCHAN  TTY        TIME CMD
0 D 100667 30574 30267  0 80   0 - 32311 cxiWai ?          0:00 cp /star/data01/pwg/xiatong/AMPT/14GeV/data_369168961.root /tmp/maxwoo/21EF1A6A9139C9FD2A38E59AFB466F9A_1095/INPUTFILES/data_369168961.root
29865 Grandchild PID is 33354 - found in 30 x 2 seconds
29865 Grandchild to watch has changed on Thu Jun  2 11:23:48 EDT 2022
29865 Process tree is 29865 (main) -> 30267 (child) -> 33354 (grandchild)
F S   UID   PID  PPID  C PRI  NI ADDR SZ WCHAN  TTY        TIME CMD
0 D 100667 33354 30267  0 80   0 - 32311 cxiWai ?          0:00 cp /star/data01/pwg/xiatong/AMPT/14GeV/data_369169071.root /tmp/maxwoo/21EF1A6A9139C9FD2A38E59AFB466F9A_1095/INPUTFILES/data_369169071.root
29865 Grandchild PID is 35944 - found in 40 x 2 seconds
29865 Grandchild to watch has changed on Thu Jun  2 11:24:09 EDT 2022
29865 Process tree is 29865 (main) -> 30267 (child) -> 35944 (grandchild)
F S   UID   PID  PPID  C PRI  NI ADDR SZ WCHAN  TTY        TIME CMD
0 D 100667 35944 30267  0 80   0 - 32311 cxiWai ?          0:00 cp /star/data01/pwg/xiatong/AMPT/14GeV/data_369194091.root /tmp/maxwoo/21EF1A6A9139C9FD2A38E59AFB466F9A_1095/INPUTFILES/data_369194091.root
29865 Grandchild PID is 40129 - found in 50 x 2 seconds
29865 Grandchild to watch has changed on Thu Jun  2 11:24:30 EDT 2022
29865 Process tree is 29865 (main) -> 30267 (child) -> 40129 (grandchild)
F S   UID   PID  PPID  C PRI  NI ADDR SZ WCHAN  TTY        TIME CMD
0 D 100667 40129 30267  0 80   0 - 32311 cxiWai ?          0:00 cp /star/data01/pwg/xiatong/AMPT/14GeV/data_369194831.root /tmp/maxwoo/21EF1A6A9139C9FD2A38E59AFB466F9A_1095/INPUTFILES/data_369194831.root
29865 Grandchild PID is 41545 - found in 70 x 2 seconds
29865 Grandchild to watch has changed on Thu Jun  2 11:25:11 EDT 2022
29865 Process tree is 29865 (main) -> 30267 (child) -> 41545 (grandchild)
F S   UID   PID  PPID  C PRI  NI ADDR SZ WCHAN  TTY        TIME CMD
0 D 100667 41545 30267  0 80   0 - 32311 cxiWai ?          0:00 cp /star/data01/pwg/xiatong/AMPT/14GeV/data_369196611.root /tmp/maxwoo/21EF1A6A9139C9FD2A38E59AFB466F9A_1095/INPUTFILES/data_369196611.root
29865 Grandchild PID is 43721 - found in 80 x 2 seconds
29865 Grandchild to watch has changed on Thu Jun  2 11:25:32 EDT 2022
29865 Process tree is 29865 (main) -> 30267 (child) -> 43721 (grandchild)
F S   UID   PID  PPID  C PRI  NI ADDR SZ WCHAN  TTY        TIME CMD
0 D 100667 43721 30267  0 80   0 - 32311 cxiWai ?          0:00 cp /star/data01/pwg/xiatong/AMPT/14GeV/data_369456771.root /tmp/maxwoo/21EF1A6A9139C9FD2A38E59AFB466F9A_1095/INPUTFILES/data_369456771.root
29865 Grandchild PID is 45450 - found in 100 x 2 seconds
29865 Grandchild to watch has changed on Thu Jun  2 11:26:14 EDT 2022
29865 Process tree is 29865 (main) -> 30267 (child) -> 45450 (grandchild)
F S   UID   PID  PPID  C PRI  NI ADDR SZ WCHAN  TTY        TIME CMD
0 S 100667 45450 30267  0 80   0 -  1272 do_wai ?          0:00 root -b -q check_S.C++("/tmp/maxwoo/21EF1A6A9139C9FD2A38E59AFB466F9A_1095/INPUTFILES/21EF1A6A9139C9FD2A38E59AFB466F9A_1095.local.list","21EF1A6A9139C9FD2A38E59AFB466F9A_1095",1)
30267 Stepping into the main SUMS wrapper program with []
.... building sandbox
Running: cp /star/data01/pwg/xiatong/AMPT/14GeV/data_369165881.root /tmp/maxwoo/21EF1A6A9139C9FD2A38E59AFB466F9A_1095/INPUTFILES/data_369165881.root
Running: cp /star/data01/pwg/xiatong/AMPT/14GeV/data_369168561.root /tmp/maxwoo/21EF1A6A9139C9FD2A38E59AFB466F9A_1095/INPUTFILES/data_369168561.root
Running: cp /star/data01/pwg/xiatong/AMPT/14GeV/data_369168661.root /tmp/maxwoo/21EF1A6A9139C9FD2A38E59AFB466F9A_1095/INPUTFILES/data_369168661.root
Running: cp /star/data01/pwg/xiatong/AMPT/14GeV/data_369168691.root /tmp/maxwoo/21EF1A6A9139C9FD2A38E59AFB466F9A_1095/INPUTFILES/data_369168691.root
Running: cp /star/data01/pwg/xiatong/AMPT/14GeV/data_369168961.root /tmp/maxwoo/21EF1A6A9139C9FD2A38E59AFB466F9A_1095/INPUTFILES/data_369168961.root
Running: cp /star/data01/pwg/xiatong/AMPT/14GeV/data_369168971.root /tmp/maxwoo/21EF1A6A9139C9FD2A38E59AFB466F9A_1095/INPUTFILES/data_369168971.root
Running: cp /star/data01/pwg/xiatong/AMPT/14GeV/data_369168981.root /tmp/maxwoo/21EF1A6A9139C9FD2A38E59AFB466F9A_1095/INPUTFILES/data_369168981.root
Running: cp /star/data01/pwg/xiatong/AMPT/14GeV/data_369169001.root /tmp/maxwoo/21EF1A6A9139C9FD2A38E59AFB466F9A_1095/INPUTFILES/data_369169001.root
Running: cp /star/data01/pwg/xiatong/AMPT/14GeV/data_369169021.root /tmp/maxwoo/21EF1A6A9139C9FD2A38E59AFB466F9A_1095/INPUTFILES/data_369169021.root
Running: cp /star/data01/pwg/xiatong/AMPT/14GeV/data_369169031.root /tmp/maxwoo/21EF1A6A9139C9FD2A38E59AFB466F9A_1095/INPUTFILES/data_369169031.root
Running: cp /star/data01/pwg/xiatong/AMPT/14GeV/data_369169041.root /tmp/maxwoo/21EF1A6A9139C9FD2A38E59AFB466F9A_1095/INPUTFILES/data_369169041.root
Running: cp /star/data01/pwg/xiatong/AMPT/14GeV/data_369169061.root /tmp/maxwoo/21EF1A6A9139C9FD2A38E59AFB466F9A_1095/INPUTFILES/data_369169061.root
Running: cp /star/data01/pwg/xiatong/AMPT/14GeV/data_369169071.root /tmp/maxwoo/21EF1A6A9139C9FD2A38E59AFB466F9A_1095/INPUTFILES/data_369169071.root
Running: cp /star/data01/pwg/xiatong/AMPT/14GeV/data_369169081.root /tmp/maxwoo/21EF1A6A9139C9FD2A38E59AFB466F9A_1095/INPUTFILES/data_369169081.root
Running: cp /star/data01/pwg/xiatong/AMPT/14GeV/data_369169111.root /tmp/maxwoo/21EF1A6A9139C9FD2A38E59AFB466F9A_1095/INPUTFILES/data_369169111.root
Running: cp /star/data01/pwg/xiatong/AMPT/14GeV/data_369169141.root /tmp/maxwoo/21EF1A6A9139C9FD2A38E59AFB466F9A_1095/INPUTFILES/data_369169141.root
Running: cp /star/data01/pwg/xiatong/AMPT/14GeV/data_369169151.root /tmp/maxwoo/21EF1A6A9139C9FD2A38E59AFB466F9A_1095/INPUTFILES/data_369169151.root
Running: cp /star/data01/pwg/xiatong/AMPT/14GeV/data_369176361.root /tmp/maxwoo/21EF1A6A9139C9FD2A38E59AFB466F9A_1095/INPUTFILES/data_369176361.root
Running: cp /star/data01/pwg/xiatong/AMPT/14GeV/data_369181971.root /tmp/maxwoo/21EF1A6A9139C9FD2A38E59AFB466F9A_1095/INPUTFILES/data_369181971.root
Running: cp /star/data01/pwg/xiatong/AMPT/14GeV/data_369187211.root /tmp/maxwoo/21EF1A6A9139C9FD2A38E59AFB466F9A_1095/INPUTFILES/data_369187211.root
Running: cp /star/data01/pwg/xiatong/AMPT/14GeV/data_369194091.root /tmp/maxwoo/21EF1A6A9139C9FD2A38E59AFB466F9A_1095/INPUTFILES/data_369194091.root
Running: cp /star/data01/pwg/xiatong/AMPT/14GeV/data_369194331.root /tmp/maxwoo/21EF1A6A9139C9FD2A38E59AFB466F9A_1095/INPUTFILES/data_369194331.root
Running: cp /star/data01/pwg/xiatong/AMPT/14GeV/data_369194831.root /tmp/maxwoo/21EF1A6A9139C9FD2A38E59AFB466F9A_1095/INPUTFILES/data_369194831.root
Running: cp /star/data01/pwg/xiatong/AMPT/14GeV/data_369195161.root /tmp/maxwoo/21EF1A6A9139C9FD2A38E59AFB466F9A_1095/INPUTFILES/data_369195161.root
Running: cp /star/data01/pwg/xiatong/AMPT/14GeV/data_369195731.root /tmp/maxwoo/21EF1A6A9139C9FD2A38E59AFB466F9A_1095/INPUTFILES/data_369195731.root
Running: cp /star/data01/pwg/xiatong/AMPT/14GeV/data_369196611.root /tmp/maxwoo/21EF1A6A9139C9FD2A38E59AFB466F9A_1095/INPUTFILES/data_369196611.root
Running: cp /star/data01/pwg/xiatong/AMPT/14GeV/data_369234691.root /tmp/maxwoo/21EF1A6A9139C9FD2A38E59AFB466F9A_1095/INPUTFILES/data_369234691.root
Running: cp /star/data01/pwg/xiatong/AMPT/14GeV/data_369241271.root /tmp/maxwoo/21EF1A6A9139C9FD2A38E59AFB466F9A_1095/INPUTFILES/data_369241271.root
Running: cp /star/data01/pwg/xiatong/AMPT/14GeV/data_369356781.root /tmp/maxwoo/21EF1A6A9139C9FD2A38E59AFB466F9A_1095/INPUTFILES/data_369356781.root
Running: cp /star/data01/pwg/xiatong/AMPT/14GeV/data_369456771.root /tmp/maxwoo/21EF1A6A9139C9FD2A38E59AFB466F9A_1095/INPUTFILES/data_369456771.root
Running: cp /star/data01/pwg/xiatong/AMPT/14GeV/data_369534701.root /tmp/maxwoo/21EF1A6A9139C9FD2A38E59AFB466F9A_1095/INPUTFILES/data_369534701.root
Running: cp /star/data01/pwg/xiatong/AMPT/14GeV/data_369617341.root /tmp/maxwoo/21EF1A6A9139C9FD2A38E59AFB466F9A_1095/INPUTFILES/data_369617341.root
Running: cp /star/data01/pwg/xiatong/AMPT/14GeV/data_369617351.root /tmp/maxwoo/21EF1A6A9139C9FD2A38E59AFB466F9A_1095/INPUTFILES/data_369617351.root
Running: cp /star/data01/pwg/xiatong/AMPT/14GeV/data_369617361.root /tmp/maxwoo/21EF1A6A9139C9FD2A38E59AFB466F9A_1095/INPUTFILES/data_369617361.root
Running: cp /star/data01/pwg/xiatong/AMPT/14GeV/data_369617401.root /tmp/maxwoo/21EF1A6A9139C9FD2A38E59AFB466F9A_1095/INPUTFILES/data_369617401.root
Running: cp /star/data01/pwg/xiatong/AMPT/14GeV/data_369617411.root /tmp/maxwoo/21EF1A6A9139C9FD2A38E59AFB466F9A_1095/INPUTFILES/data_369617411.root
Running: cp /star/data01/pwg/xiatong/AMPT/14GeV/data_369617471.root /tmp/maxwoo/21EF1A6A9139C9FD2A38E59AFB466F9A_1095/INPUTFILES/data_369617471.root
Swapping $FILELIST with: /tmp/maxwoo/21EF1A6A9139C9FD2A38E59AFB466F9A_1095/INPUTFILES/21EF1A6A9139C9FD2A38E59AFB466F9A_1095.local.list
+++++++++++local copy debug++++++++++++++++++++
newFileList: /tmp/maxwoo/21EF1A6A9139C9FD2A38E59AFB466F9A_1095/INPUTFILES/21EF1A6A9139C9FD2A38E59AFB466F9A_1095.local.list
++++++++++++++++cat FILELIST+++++++++++++++++++
/tmp/maxwoo/21EF1A6A9139C9FD2A38E59AFB466F9A_1095/INPUTFILES/data_369165881.root 
/tmp/maxwoo/21EF1A6A9139C9FD2A38E59AFB466F9A_1095/INPUTFILES/data_369168561.root 
/tmp/maxwoo/21EF1A6A9139C9FD2A38E59AFB466F9A_1095/INPUTFILES/data_369168661.root 
/tmp/maxwoo/21EF1A6A9139C9FD2A38E59AFB466F9A_1095/INPUTFILES/data_369168691.root 
/tmp/maxwoo/21EF1A6A9139C9FD2A38E59AFB466F9A_1095/INPUTFILES/data_369168961.root 
/tmp/maxwoo/21EF1A6A9139C9FD2A38E59AFB466F9A_1095/INPUTFILES/data_369168971.root 
/tmp/maxwoo/21EF1A6A9139C9FD2A38E59AFB466F9A_1095/INPUTFILES/data_369168981.root 
/tmp/maxwoo/21EF1A6A9139C9FD2A38E59AFB466F9A_1095/INPUTFILES/data_369169001.root 
/tmp/maxwoo/21EF1A6A9139C9FD2A38E59AFB466F9A_1095/INPUTFILES/data_369169021.root 
/tmp/maxwoo/21EF1A6A9139C9FD2A38E59AFB466F9A_1095/INPUTFILES/data_369169031.root 
/tmp/maxwoo/21EF1A6A9139C9FD2A38E59AFB466F9A_1095/INPUTFILES/data_369169041.root 
/tmp/maxwoo/21EF1A6A9139C9FD2A38E59AFB466F9A_1095/INPUTFILES/data_369169061.root 
/tmp/maxwoo/21EF1A6A9139C9FD2A38E59AFB466F9A_1095/INPUTFILES/data_369169071.root 
/tmp/maxwoo/21EF1A6A9139C9FD2A38E59AFB466F9A_1095/INPUTFILES/data_369169081.root 
/tmp/maxwoo/21EF1A6A9139C9FD2A38E59AFB466F9A_1095/INPUTFILES/data_369169111.root 
/tmp/maxwoo/21EF1A6A9139C9FD2A38E59AFB466F9A_1095/INPUTFILES/data_369169141.root 
/tmp/maxwoo/21EF1A6A9139C9FD2A38E59AFB466F9A_1095/INPUTFILES/data_369169151.root 
/tmp/maxwoo/21EF1A6A9139C9FD2A38E59AFB466F9A_1095/INPUTFILES/data_369176361.root 
/tmp/maxwoo/21EF1A6A9139C9FD2A38E59AFB466F9A_1095/INPUTFILES/data_369181971.root 
/tmp/maxwoo/21EF1A6A9139C9FD2A38E59AFB466F9A_1095/INPUTFILES/data_369187211.root 
/tmp/maxwoo/21EF1A6A9139C9FD2A38E59AFB466F9A_1095/INPUTFILES/data_369194091.root 
/tmp/maxwoo/21EF1A6A9139C9FD2A38E59AFB466F9A_1095/INPUTFILES/data_369194331.root 
/tmp/maxwoo/21EF1A6A9139C9FD2A38E59AFB466F9A_1095/INPUTFILES/data_369194831.root 
/tmp/maxwoo/21EF1A6A9139C9FD2A38E59AFB466F9A_1095/INPUTFILES/data_369195161.root 
/tmp/maxwoo/21EF1A6A9139C9FD2A38E59AFB466F9A_1095/INPUTFILES/data_369195731.root 
/tmp/maxwoo/21EF1A6A9139C9FD2A38E59AFB466F9A_1095/INPUTFILES/data_369196611.root 
/tmp/maxwoo/21EF1A6A9139C9FD2A38E59AFB466F9A_1095/INPUTFILES/data_369234691.root 
/tmp/maxwoo/21EF1A6A9139C9FD2A38E59AFB466F9A_1095/INPUTFILES/data_369241271.root 
/tmp/maxwoo/21EF1A6A9139C9FD2A38E59AFB466F9A_1095/INPUTFILES/data_369356781.root 
/tmp/maxwoo/21EF1A6A9139C9FD2A38E59AFB466F9A_1095/INPUTFILES/data_369456771.root 
/tmp/maxwoo/21EF1A6A9139C9FD2A38E59AFB466F9A_1095/INPUTFILES/data_369534701.root 
/tmp/maxwoo/21EF1A6A9139C9FD2A38E59AFB466F9A_1095/INPUTFILES/data_369617341.root 
/tmp/maxwoo/21EF1A6A9139C9FD2A38E59AFB466F9A_1095/INPUTFILES/data_369617351.root 
/tmp/maxwoo/21EF1A6A9139C9FD2A38E59AFB466F9A_1095/INPUTFILES/data_369617361.root 
/tmp/maxwoo/21EF1A6A9139C9FD2A38E59AFB466F9A_1095/INPUTFILES/data_369617401.root 
/tmp/maxwoo/21EF1A6A9139C9FD2A38E59AFB466F9A_1095/INPUTFILES/data_369617411.root 
/tmp/maxwoo/21EF1A6A9139C9FD2A38E59AFB466F9A_1095/INPUTFILES/data_369617471.root 
++++++++++++++++++++find.++++++++++++++++++++++
.
./INPUTFILES
./INPUTFILES/data_369195731.root
./INPUTFILES/data_369194831.root
./INPUTFILES/data_369168981.root
./INPUTFILES/data_369617361.root
./INPUTFILES/data_369169001.root
./INPUTFILES/data_369194331.root
./INPUTFILES/data_369169071.root
./INPUTFILES/data_369456771.root
./INPUTFILES/data_369169021.root
./INPUTFILES/data_369176361.root
./INPUTFILES/data_369169041.root
./INPUTFILES/data_369617401.root
./INPUTFILES/21EF1A6A9139C9FD2A38E59AFB466F9A_1095.local.list
./INPUTFILES/data_369169151.root
./INPUTFILES/data_369187211.root
./INPUTFILES/data_369617351.root
./INPUTFILES/data_369181971.root
./INPUTFILES/data_369196611.root
./INPUTFILES/data_369234691.root
./INPUTFILES/data_369168971.root
./INPUTFILES/data_369169061.root
./INPUTFILES/data_369195161.root
./INPUTFILES/data_369168661.root
./INPUTFILES/data_369617411.root
./INPUTFILES/data_369168691.root
./INPUTFILES/data_369617471.root
./INPUTFILES/data_369194091.root
./INPUTFILES/data_369617341.root
./INPUTFILES/data_369169141.root
./INPUTFILES/data_369169081.root
./INPUTFILES/data_369241271.root
./INPUTFILES/data_369169031.root
./INPUTFILES/data_369534701.root
./INPUTFILES/data_369165881.root
./INPUTFILES/data_369168961.root
./INPUTFILES/data_369169111.root
./INPUTFILES/data_369356781.root
./INPUTFILES/data_369168561.root
./.errror.log
./Check_Sness.C
./.sandboxFiles
./check_S.C
./lib
./lib/MixedBuffer_cpp_ACLiC_dict_rdict.pcm
./lib/MixedBuffer_cpp.d
./lib/NpartNormalizer_cpp.so
./lib/MixedBuffer_cpp.so
./lib/NpartNormalizer.cpp
./lib/CenMaker_cpp.d
./lib/CenMaker_cpp_ACLiC_dict_rdict.pcm
./lib/CenMaker.cpp
./lib/my_event_cpp.d
./lib/NpartNormalizer.h
./lib/my_event.cpp
./lib/my_particle.h
./lib/CenMaker.h
./lib/CenMaker_cpp.so
./lib/NpartNormalizer_cpp.d
./lib/my_particle_cpp_ACLiC_dict_rdict.pcm
./lib/my_particle.cpp
./lib/my_event_cpp.so
./lib/my_particle_cpp.d
./lib/MixedBuffer.h
./lib/NpartNormalizer_cpp_ACLiC_dict_rdict.pcm
./lib/my_event.h
./lib/my_event_cpp_ACLiC_dict_rdict.pcm
./lib/MixedBuffer.cpp
./lib/my_particle_cpp.so
./.output.log
++++++++++++++++INPUTFILE Var++++++++++++++++++
FILELIST=/tmp/maxwoo/21EF1A6A9139C9FD2A38E59AFB466F9A_1095/INPUTFILES/21EF1A6A9139C9FD2A38E59AFB466F9A_1095.local.list
INPUTFILECOUNT=37
INPUTFILE0=/tmp/maxwoo/21EF1A6A9139C9FD2A38E59AFB466F9A_1095/INPUTFILES/data_369165881.root
INPUTFILE1=/tmp/maxwoo/21EF1A6A9139C9FD2A38E59AFB466F9A_1095/INPUTFILES/data_369168561.root
INPUTFILE2=/tmp/maxwoo/21EF1A6A9139C9FD2A38E59AFB466F9A_1095/INPUTFILES/data_369168661.root
INPUTFILE3=/tmp/maxwoo/21EF1A6A9139C9FD2A38E59AFB466F9A_1095/INPUTFILES/data_369168691.root
INPUTFILE4=/tmp/maxwoo/21EF1A6A9139C9FD2A38E59AFB466F9A_1095/INPUTFILES/data_369168961.root
INPUTFILE5=/tmp/maxwoo/21EF1A6A9139C9FD2A38E59AFB466F9A_1095/INPUTFILES/data_369168971.root
INPUTFILE6=/tmp/maxwoo/21EF1A6A9139C9FD2A38E59AFB466F9A_1095/INPUTFILES/data_369168981.root
INPUTFILE7=/tmp/maxwoo/21EF1A6A9139C9FD2A38E59AFB466F9A_1095/INPUTFILES/data_369169001.root
INPUTFILE8=/tmp/maxwoo/21EF1A6A9139C9FD2A38E59AFB466F9A_1095/INPUTFILES/data_369169021.root
INPUTFILE9=/tmp/maxwoo/21EF1A6A9139C9FD2A38E59AFB466F9A_1095/INPUTFILES/data_369169031.root
INPUTFILE10=/tmp/maxwoo/21EF1A6A9139C9FD2A38E59AFB466F9A_1095/INPUTFILES/data_369169041.root
INPUTFILE11=/tmp/maxwoo/21EF1A6A9139C9FD2A38E59AFB466F9A_1095/INPUTFILES/data_369169061.root
INPUTFILE12=/tmp/maxwoo/21EF1A6A9139C9FD2A38E59AFB466F9A_1095/INPUTFILES/data_369169071.root
INPUTFILE13=/tmp/maxwoo/21EF1A6A9139C9FD2A38E59AFB466F9A_1095/INPUTFILES/data_369169081.root
INPUTFILE14=/tmp/maxwoo/21EF1A6A9139C9FD2A38E59AFB466F9A_1095/INPUTFILES/data_369169111.root
INPUTFILE15=/tmp/maxwoo/21EF1A6A9139C9FD2A38E59AFB466F9A_1095/INPUTFILES/data_369169141.root
INPUTFILE16=/tmp/maxwoo/21EF1A6A9139C9FD2A38E59AFB466F9A_1095/INPUTFILES/data_369169151.root
INPUTFILE17=/tmp/maxwoo/21EF1A6A9139C9FD2A38E59AFB466F9A_1095/INPUTFILES/data_369176361.root
INPUTFILE18=/tmp/maxwoo/21EF1A6A9139C9FD2A38E59AFB466F9A_1095/INPUTFILES/data_369181971.root
INPUTFILE19=/tmp/maxwoo/21EF1A6A9139C9FD2A38E59AFB466F9A_1095/INPUTFILES/data_369187211.root
INPUTFILE20=/tmp/maxwoo/21EF1A6A9139C9FD2A38E59AFB466F9A_1095/INPUTFILES/data_369194091.root
INPUTFILE21=/tmp/maxwoo/21EF1A6A9139C9FD2A38E59AFB466F9A_1095/INPUTFILES/data_369194331.root
INPUTFILE22=/tmp/maxwoo/21EF1A6A9139C9FD2A38E59AFB466F9A_1095/INPUTFILES/data_369194831.root
INPUTFILE23=/tmp/maxwoo/21EF1A6A9139C9FD2A38E59AFB466F9A_1095/INPUTFILES/data_369195161.root
INPUTFILE24=/tmp/maxwoo/21EF1A6A9139C9FD2A38E59AFB466F9A_1095/INPUTFILES/data_369195731.root
INPUTFILE25=/tmp/maxwoo/21EF1A6A9139C9FD2A38E59AFB466F9A_1095/INPUTFILES/data_369196611.root
INPUTFILE26=/tmp/maxwoo/21EF1A6A9139C9FD2A38E59AFB466F9A_1095/INPUTFILES/data_369234691.root
INPUTFILE27=/tmp/maxwoo/21EF1A6A9139C9FD2A38E59AFB466F9A_1095/INPUTFILES/data_369241271.root
INPUTFILE28=/tmp/maxwoo/21EF1A6A9139C9FD2A38E59AFB466F9A_1095/INPUTFILES/data_369356781.root
INPUTFILE29=/tmp/maxwoo/21EF1A6A9139C9FD2A38E59AFB466F9A_1095/INPUTFILES/data_369456771.root
INPUTFILE30=/tmp/maxwoo/21EF1A6A9139C9FD2A38E59AFB466F9A_1095/INPUTFILES/data_369534701.root
INPUTFILE31=/tmp/maxwoo/21EF1A6A9139C9FD2A38E59AFB466F9A_1095/INPUTFILES/data_369617341.root
INPUTFILE32=/tmp/maxwoo/21EF1A6A9139C9FD2A38E59AFB466F9A_1095/INPUTFILES/data_369617351.root
INPUTFILE33=/tmp/maxwoo/21EF1A6A9139C9FD2A38E59AFB466F9A_1095/INPUTFILES/data_369617361.root
INPUTFILE34=/tmp/maxwoo/21EF1A6A9139C9FD2A38E59AFB466F9A_1095/INPUTFILES/data_369617401.root
INPUTFILE35=/tmp/maxwoo/21EF1A6A9139C9FD2A38E59AFB466F9A_1095/INPUTFILES/data_369617411.root
INPUTFILE36=/tmp/maxwoo/21EF1A6A9139C9FD2A38E59AFB466F9A_1095/INPUTFILES/data_369617471.root
LocalInputFileDir=/tmp/maxwoo/21EF1A6A9139C9FD2A38E59AFB466F9A_1095/INPUTFILES
NewFILELIST=/tmp/maxwoo/21EF1A6A9139C9FD2A38E59AFB466F9A_1095/INPUTFILES/21EF1A6A9139C9FD2A38E59AFB466F9A_1095.local.list
+++++++++++++++++++++++++++++++++++++++++++++++
--------------------------------
Simple Unified Meta Scheduler 1.10.50 we are starting in $SCRATCH : /home/tmp/maxwoo/21EF1A6A9139C9FD2A38E59AFB466F9A_1095
--------------------------------
total 16
lrwxrwxrwx 1 maxwoo rhstar   61 Jun  2 11:22 check_S.C -> /gpfs/mnt/gpfs01/star/pwg/xiatong/git/strangeness/./check_S.C
lrwxrwxrwx 1 maxwoo rhstar   65 Jun  2 11:22 Check_Sness.C -> /gpfs/mnt/gpfs01/star/pwg/xiatong/git/strangeness/./Check_Sness.C
drwxr-xr-x 2 maxwoo rhstar 4096 Jun  2 11:25 INPUTFILES
drwxr-xr-x 2 maxwoo rhstar 4096 Jun  2 11:22 lib
  *******************************************
  *                                         *
  *        W E L C O M E  to  R O O T       *
  *                                         *
  *   Version   5.34/38     12 March 2018   *
  *                                         *
  *  You are welcome to visit our Web site  *
  *          http://root.cern.ch            *
  *                                         *
  *******************************************

ROOT 5.34/38 (v5-34-38@v5-34-38, Mar 12 2018, 15:49:39 on linux)

CINT/ROOT C/C++ Interpreter version 5.18.00, July 2, 2010
Type ? for help. Commands must be C++ statements.
Enclose multiple statements between { }.
*** Float Point Exception is OFF ***
 *** Start at Date : Thu Jun  2 11:25:54 2022
QAInfo:You are using STAR_LEVEL : dev, ROOT_LEVEL : 5.34.38 and node : rcas6349.rcf.bnl.gov 

Processing check_S.C++("/tmp/maxwoo/21EF1A6A9139C9FD2A38E59AFB466F9A_1095/INPUTFILES/21EF1A6A9139C9FD2A38E59AFB466F9A_1095.local.list","21EF1A6A9139C9FD2A38E59AFB466F9A_1095",1)...
/tmp/maxwoo/21EF1A6A9139C9FD2A38E59AFB466F9A_1095/INPUTFILES/data_369165881.root 
/tmp/maxwoo/21EF1A6A9139C9FD2A38E59AFB466F9A_1095/INPUTFILES/data_369168561.root 
/tmp/maxwoo/21EF1A6A9139C9FD2A38E59AFB466F9A_1095/INPUTFILES/data_369168661.root 
/tmp/maxwoo/21EF1A6A9139C9FD2A38E59AFB466F9A_1095/INPUTFILES/data_369168691.root 
/tmp/maxwoo/21EF1A6A9139C9FD2A38E59AFB466F9A_1095/INPUTFILES/data_369168961.root 
/tmp/maxwoo/21EF1A6A9139C9FD2A38E59AFB466F9A_1095/INPUTFILES/data_369168971.root 
/tmp/maxwoo/21EF1A6A9139C9FD2A38E59AFB466F9A_1095/INPUTFILES/data_369168981.root 
/tmp/maxwoo/21EF1A6A9139C9FD2A38E59AFB466F9A_1095/INPUTFILES/data_369169001.root 
/tmp/maxwoo/21EF1A6A9139C9FD2A38E59AFB466F9A_1095/INPUTFILES/data_369169021.root 
/tmp/maxwoo/21EF1A6A9139C9FD2A38E59AFB466F9A_1095/INPUTFILES/data_369169031.root 
/tmp/maxwoo/21EF1A6A9139C9FD2A38E59AFB466F9A_1095/INPUTFILES/data_369169041.root 
/tmp/maxwoo/21EF1A6A9139C9FD2A38E59AFB466F9A_1095/INPUTFILES/data_369169061.root 
/tmp/maxwoo/21EF1A6A9139C9FD2A38E59AFB466F9A_1095/INPUTFILES/data_369169071.root 
/tmp/maxwoo/21EF1A6A9139C9FD2A38E59AFB466F9A_1095/INPUTFILES/data_369169081.root 
/tmp/maxwoo/21EF1A6A9139C9FD2A38E59AFB466F9A_1095/INPUTFILES/data_369169111.root 
/tmp/maxwoo/21EF1A6A9139C9FD2A38E59AFB466F9A_1095/INPUTFILES/data_369169141.root 
/tmp/maxwoo/21EF1A6A9139C9FD2A38E59AFB466F9A_1095/INPUTFILES/data_369169151.root 
/tmp/maxwoo/21EF1A6A9139C9FD2A38E59AFB466F9A_1095/INPUTFILES/data_369176361.root 
/tmp/maxwoo/21EF1A6A9139C9FD2A38E59AFB466F9A_1095/INPUTFILES/data_369181971.root 
/tmp/maxwoo/21EF1A6A9139C9FD2A38E59AFB466F9A_1095/INPUTFILES/data_369187211.root 
/tmp/maxwoo/21EF1A6A9139C9FD2A38E59AFB466F9A_1095/INPUTFILES/data_369194091.root 
/tmp/maxwoo/21EF1A6A9139C9FD2A38E59AFB466F9A_1095/INPUTFILES/data_369194331.root 
/tmp/maxwoo/21EF1A6A9139C9FD2A38E59AFB466F9A_1095/INPUTFILES/data_369194831.root 
/tmp/maxwoo/21EF1A6A9139C9FD2A38E59AFB466F9A_1095/INPUTFILES/data_369195161.root 
/tmp/maxwoo/21EF1A6A9139C9FD2A38E59AFB466F9A_1095/INPUTFILES/data_369195731.root 
/tmp/maxwoo/21EF1A6A9139C9FD2A38E59AFB466F9A_1095/INPUTFILES/data_369196611.root 
/tmp/maxwoo/21EF1A6A9139C9FD2A38E59AFB466F9A_1095/INPUTFILES/data_369234691.root 
/tmp/maxwoo/21EF1A6A9139C9FD2A38E59AFB466F9A_1095/INPUTFILES/data_369241271.root 
/tmp/maxwoo/21EF1A6A9139C9FD2A38E59AFB466F9A_1095/INPUTFILES/data_369356781.root 
/tmp/maxwoo/21EF1A6A9139C9FD2A38E59AFB466F9A_1095/INPUTFILES/data_369456771.root 
/tmp/maxwoo/21EF1A6A9139C9FD2A38E59AFB466F9A_1095/INPUTFILES/data_369534701.root 
/tmp/maxwoo/21EF1A6A9139C9FD2A38E59AFB466F9A_1095/INPUTFILES/data_369617341.root 
/tmp/maxwoo/21EF1A6A9139C9FD2A38E59AFB466F9A_1095/INPUTFILES/data_369617351.root 
/tmp/maxwoo/21EF1A6A9139C9FD2A38E59AFB466F9A_1095/INPUTFILES/data_369617361.root 
/tmp/maxwoo/21EF1A6A9139C9FD2A38E59AFB466F9A_1095/INPUTFILES/data_369617401.root 
/tmp/maxwoo/21EF1A6A9139C9FD2A38E59AFB466F9A_1095/INPUTFILES/data_369617411.root 
/tmp/maxwoo/21EF1A6A9139C9FD2A38E59AFB466F9A_1095/INPUTFILES/data_369617471.root 
Added 37 files
# entries in chain: 37000
Processing entry == 1000 == out of 37000.
Processing entry == 2000 == out of 37000.
Processing entry == 3000 == out of 37000.
Processing entry == 4000 == out of 37000.
Processing entry == 5000 == out of 37000.
Processing entry == 6000 == out of 37000.
Processing entry == 7000 == out of 37000.
Processing entry == 8000 == out of 37000.
Processing entry == 9000 == out of 37000.
Processing entry == 10000 == out of 37000.
Processing entry == 11000 == out of 37000.
Processing entry == 12000 == out of 37000.
Processing entry == 13000 == out of 37000.
Processing entry == 14000 == out of 37000.
Processing entry == 15000 == out of 37000.
Processing entry == 16000 == out of 37000.
Processing entry == 17000 == out of 37000.
Processing entry == 18000 == out of 37000.
Processing entry == 19000 == out of 37000.
Processing entry == 20000 == out of 37000.
Processing entry == 21000 == out of 37000.
Processing entry == 22000 == out of 37000.
Processing entry == 23000 == out of 37000.
Processing entry == 24000 == out of 37000.
Processing entry == 25000 == out of 37000.
Processing entry == 26000 == out of 37000.
Processing entry == 27000 == out of 37000.
Processing entry == 28000 == out of 37000.
Processing entry == 29000 == out of 37000.
Processing entry == 30000 == out of 37000.
Processing entry == 31000 == out of 37000.
Processing entry == 32000 == out of 37000.
Processing entry == 33000 == out of 37000.
Processing entry == 34000 == out of 37000.
Processing entry == 35000 == out of 37000.
Processing entry == 36000 == out of 37000.
Processing entry == 37000 == out of 37000.

This is the end of ROOT -- Goodbye

Cleaning up sandbox file:  /tmp/maxwoo/21EF1A6A9139C9FD2A38E59AFB466F9A_1095/check_S.C
Cleaning up sandbox file:  /tmp/maxwoo/21EF1A6A9139C9FD2A38E59AFB466F9A_1095/Check_Sness.C
Cleaning up sandbox file:  /tmp/maxwoo/21EF1A6A9139C9FD2A38E59AFB466F9A_1095/lib
Cleaning up sandbox file:  /tmp/maxwoo/21EF1A6A9139C9FD2A38E59AFB466F9A_1095/.sandboxFiles
Starting copy block
Running copy command:  /bin/cp -fp /tmp/maxwoo/21EF1A6A9139C9FD2A38E59AFB466F9A_1095/out_21EF1A6A9139C9FD2A38E59AFB466F9A_1095.root /star/data01/pwg/xiatong/git/strangeness/data/
29865 Execution of (/star/data01/pwg/xiatong/git/strangeness/script/sched21EF1A6A9139C9FD2A38E59AFB466F9A_1095.csh ) has ended, exiting normally
29865 We END on [Thu Jun  2 11:46:01 EDT 2022]
