We are starting on node: spool0861.sdcc.bnl.gov
HOME is not defined
Using getent method
HOME is now /star/u/maxwoo
112675 We will spawn ourselves (/star/data01/pwg/xiatong/git/strangeness/script/sched21EF1A6A9139C9FD2A38E59AFB466F9A_695.csh )
112675 We BEGIN on [Thu Jun  2 11:27:05 EDT 2022]
[1] 114077
112675 We are waiting for 114077 
112675 Grandchild PID is 115147 - found in 10 x 1 seconds
112675 Establishing first watcher   on    Thu Jun  2 11:27:16 EDT 2022
112675 Process tree is 112675 (main) -> 114077 (child) -> 115147 (grandchild)
F S   UID    PID   PPID  C PRI  NI ADDR SZ WCHAN  TTY        TIME CMD
0 D 100667 115147 114077  0 80   0 - 32311 cxiWai ?          0:00 cp /star/data01/pwg/xiatong/AMPT/14GeV/data_279113171.root /tmp/maxwoo/21EF1A6A9139C9FD2A38E59AFB466F9A_695/INPUTFILES/data_279113171.root
112675 Grandchild PID is 128614 - found in 30 x 2 seconds
112675 Grandchild to watch has changed on Thu Jun  2 11:27:58 EDT 2022
112675 Process tree is 112675 (main) -> 114077 (child) -> 128614 (grandchild)
F S   UID    PID   PPID  C PRI  NI ADDR SZ WCHAN  TTY        TIME CMD
0 D 100667 128614 114077  0 80   0 - 32311 cxiWai ?          0:00 cp /star/data01/pwg/xiatong/AMPT/14GeV/data_279113221.root /tmp/maxwoo/21EF1A6A9139C9FD2A38E59AFB466F9A_695/INPUTFILES/data_279113221.root
112675 Grandchild PID is 133520 - found in 40 x 2 seconds
112675 Grandchild to watch has changed on Thu Jun  2 11:28:19 EDT 2022
112675 Process tree is 112675 (main) -> 114077 (child) -> 133520 (grandchild)
F S   UID    PID   PPID  C PRI  NI ADDR SZ WCHAN  TTY        TIME CMD
0 D 100667 133520 114077  0 80   0 - 32311 cxiWai ?          0:00 cp /star/data01/pwg/xiatong/AMPT/14GeV/data_279113241.root /tmp/maxwoo/21EF1A6A9139C9FD2A38E59AFB466F9A_695/INPUTFILES/data_279113241.root
112675 Grandchild PID is 137698 - found in 50 x 2 seconds
112675 Grandchild to watch has changed on Thu Jun  2 11:28:39 EDT 2022
112675 Process tree is 112675 (main) -> 114077 (child) -> 137698 (grandchild)
F S   UID    PID   PPID  C PRI  NI ADDR SZ WCHAN  TTY        TIME CMD
0 D 100667 137698 114077  0 80   0 - 32311 cxiWai ?          0:00 cp /star/data01/pwg/xiatong/AMPT/14GeV/data_279116941.root /tmp/maxwoo/21EF1A6A9139C9FD2A38E59AFB466F9A_695/INPUTFILES/data_279116941.root
112675 Grandchild PID is 139006 - found in 60 x 2 seconds
112675 Grandchild to watch has changed on Thu Jun  2 11:29:00 EDT 2022
112675 Process tree is 112675 (main) -> 114077 (child) -> 139006 (grandchild)
F S   UID    PID   PPID  C PRI  NI ADDR SZ WCHAN  TTY        TIME CMD
0 D 100667 139006 114077  0 80   0 - 32311 cxiWai ?          0:00 cp /star/data01/pwg/xiatong/AMPT/14GeV/data_279116981.root /tmp/maxwoo/21EF1A6A9139C9FD2A38E59AFB466F9A_695/INPUTFILES/data_279116981.root
112675 Grandchild PID is 140883 - found in 70 x 2 seconds
112675 Grandchild to watch has changed on Thu Jun  2 11:29:21 EDT 2022
112675 Process tree is 112675 (main) -> 114077 (child) -> 140883 (grandchild)
F S   UID    PID   PPID  C PRI  NI ADDR SZ WCHAN  TTY        TIME CMD
0 D 100667 140883 114077  0 80   0 - 32311 cxiWai ?          0:00 cp /star/data01/pwg/xiatong/AMPT/14GeV/data_279146001.root /tmp/maxwoo/21EF1A6A9139C9FD2A38E59AFB466F9A_695/INPUTFILES/data_279146001.root
112675 Grandchild PID is 145254 - found in 80 x 2 seconds
112675 Grandchild to watch has changed on Thu Jun  2 11:29:42 EDT 2022
112675 Process tree is 112675 (main) -> 114077 (child) -> 145254 (grandchild)
F S   UID    PID   PPID  C PRI  NI ADDR SZ WCHAN  TTY        TIME CMD
0 D 100667 145254 114077  0 80   0 - 32311 cxiWai ?          0:00 cp /star/data01/pwg/xiatong/AMPT/14GeV/data_279170891.root /tmp/maxwoo/21EF1A6A9139C9FD2A38E59AFB466F9A_695/INPUTFILES/data_279170891.root
112675 Grandchild PID is 150344 - found in 100 x 2 seconds
112675 Grandchild to watch has changed on Thu Jun  2 11:30:25 EDT 2022
112675 Process tree is 112675 (main) -> 114077 (child) -> 150344 (grandchild)
F S   UID    PID   PPID  C PRI  NI ADDR SZ WCHAN  TTY        TIME CMD
0 D 100667 150344 114077  0 80   0 - 32311 cxiWai ?          0:00 cp /star/data01/pwg/xiatong/AMPT/14GeV/data_279171131.root /tmp/maxwoo/21EF1A6A9139C9FD2A38E59AFB466F9A_695/INPUTFILES/data_279171131.root
112675 Grandchild PID is 154732 - found in 110 x 2 seconds
112675 Grandchild to watch has changed on Thu Jun  2 11:30:46 EDT 2022
112675 Process tree is 112675 (main) -> 114077 (child) -> 154732 (grandchild)
F S   UID    PID   PPID  C PRI  NI ADDR SZ WCHAN  TTY        TIME CMD
0 D 100667 154732 114077  0 80   0 - 32311 cxiWai ?          0:00 cp /star/data01/pwg/xiatong/AMPT/14GeV/data_279171141.root /tmp/maxwoo/21EF1A6A9139C9FD2A38E59AFB466F9A_695/INPUTFILES/data_279171141.root
112675 Grandchild PID is 165806 - found in 130 x 2 seconds
112675 Grandchild to watch has changed on Thu Jun  2 11:31:27 EDT 2022
112675 Process tree is 112675 (main) -> 114077 (child) -> 165806 (grandchild)
F S   UID    PID   PPID  C PRI  NI ADDR SZ WCHAN  TTY        TIME CMD
0 D 100667 165806 114077  0 80   0 - 32311 cxiWai ?          0:00 cp /star/data01/pwg/xiatong/AMPT/14GeV/data_279173871.root /tmp/maxwoo/21EF1A6A9139C9FD2A38E59AFB466F9A_695/INPUTFILES/data_279173871.root
112675 Grandchild PID is 169389 - found in 140 x 2 seconds
112675 Grandchild to watch has changed on Thu Jun  2 11:31:48 EDT 2022
112675 Process tree is 112675 (main) -> 114077 (child) -> 169389 (grandchild)
F S   UID    PID   PPID  C PRI  NI ADDR SZ WCHAN  TTY        TIME CMD
0 D 100667 169389 114077  0 80   0 - 32311 cxiWai ?          0:00 cp /star/data01/pwg/xiatong/AMPT/14GeV/data_279175801.root /tmp/maxwoo/21EF1A6A9139C9FD2A38E59AFB466F9A_695/INPUTFILES/data_279175801.root
112675 Grandchild PID is 172924 - found in 160 x 2 seconds
112675 Grandchild to watch has changed on Thu Jun  2 11:32:30 EDT 2022
112675 Process tree is 112675 (main) -> 114077 (child) -> 172924 (grandchild)
F S   UID    PID   PPID  C PRI  NI ADDR SZ WCHAN  TTY        TIME CMD
0 D 100667 172924 114077  0 80   0 - 32311 cxiWai ?          0:00 cp /star/data01/pwg/xiatong/AMPT/14GeV/data_279176321.root /tmp/maxwoo/21EF1A6A9139C9FD2A38E59AFB466F9A_695/INPUTFILES/data_279176321.root
112675 Grandchild PID is 175519 - found in 170 x 2 seconds
112675 Grandchild to watch has changed on Thu Jun  2 11:32:51 EDT 2022
112675 Process tree is 112675 (main) -> 114077 (child) -> 175519 (grandchild)
F S   UID    PID   PPID  C PRI  NI ADDR SZ WCHAN  TTY        TIME CMD
0 S 100667 175519 114077  0 80   0 -  1272 do_wai ?          0:00 root -b -q check_S.C++("/tmp/maxwoo/21EF1A6A9139C9FD2A38E59AFB466F9A_695/INPUTFILES/21EF1A6A9139C9FD2A38E59AFB466F9A_695.local.list","21EF1A6A9139C9FD2A38E59AFB466F9A_695",1)
114077 Stepping into the main SUMS wrapper program with []
.... building sandbox
Running: cp /star/data01/pwg/xiatong/AMPT/14GeV/data_279071041.root /tmp/maxwoo/21EF1A6A9139C9FD2A38E59AFB466F9A_695/INPUTFILES/data_279071041.root
Running: cp /star/data01/pwg/xiatong/AMPT/14GeV/data_279071191.root /tmp/maxwoo/21EF1A6A9139C9FD2A38E59AFB466F9A_695/INPUTFILES/data_279071191.root
Running: cp /star/data01/pwg/xiatong/AMPT/14GeV/data_279071201.root /tmp/maxwoo/21EF1A6A9139C9FD2A38E59AFB466F9A_695/INPUTFILES/data_279071201.root
Running: cp /star/data01/pwg/xiatong/AMPT/14GeV/data_279109431.root /tmp/maxwoo/21EF1A6A9139C9FD2A38E59AFB466F9A_695/INPUTFILES/data_279109431.root
Running: cp /star/data01/pwg/xiatong/AMPT/14GeV/data_279113171.root /tmp/maxwoo/21EF1A6A9139C9FD2A38E59AFB466F9A_695/INPUTFILES/data_279113171.root
Running: cp /star/data01/pwg/xiatong/AMPT/14GeV/data_279113191.root /tmp/maxwoo/21EF1A6A9139C9FD2A38E59AFB466F9A_695/INPUTFILES/data_279113191.root
Running: cp /star/data01/pwg/xiatong/AMPT/14GeV/data_279113201.root /tmp/maxwoo/21EF1A6A9139C9FD2A38E59AFB466F9A_695/INPUTFILES/data_279113201.root
Running: cp /star/data01/pwg/xiatong/AMPT/14GeV/data_279113221.root /tmp/maxwoo/21EF1A6A9139C9FD2A38E59AFB466F9A_695/INPUTFILES/data_279113221.root
Running: cp /star/data01/pwg/xiatong/AMPT/14GeV/data_279113241.root /tmp/maxwoo/21EF1A6A9139C9FD2A38E59AFB466F9A_695/INPUTFILES/data_279113241.root
Running: cp /star/data01/pwg/xiatong/AMPT/14GeV/data_279116941.root /tmp/maxwoo/21EF1A6A9139C9FD2A38E59AFB466F9A_695/INPUTFILES/data_279116941.root
Running: cp /star/data01/pwg/xiatong/AMPT/14GeV/data_279116951.root /tmp/maxwoo/21EF1A6A9139C9FD2A38E59AFB466F9A_695/INPUTFILES/data_279116951.root
Running: cp /star/data01/pwg/xiatong/AMPT/14GeV/data_279116971.root /tmp/maxwoo/21EF1A6A9139C9FD2A38E59AFB466F9A_695/INPUTFILES/data_279116971.root
Running: cp /star/data01/pwg/xiatong/AMPT/14GeV/data_279116981.root /tmp/maxwoo/21EF1A6A9139C9FD2A38E59AFB466F9A_695/INPUTFILES/data_279116981.root
Running: cp /star/data01/pwg/xiatong/AMPT/14GeV/data_279146001.root /tmp/maxwoo/21EF1A6A9139C9FD2A38E59AFB466F9A_695/INPUTFILES/data_279146001.root
Running: cp /star/data01/pwg/xiatong/AMPT/14GeV/data_279147871.root /tmp/maxwoo/21EF1A6A9139C9FD2A38E59AFB466F9A_695/INPUTFILES/data_279147871.root
Running: cp /star/data01/pwg/xiatong/AMPT/14GeV/data_279156951.root /tmp/maxwoo/21EF1A6A9139C9FD2A38E59AFB466F9A_695/INPUTFILES/data_279156951.root
Running: cp /star/data01/pwg/xiatong/AMPT/14GeV/data_279163081.root /tmp/maxwoo/21EF1A6A9139C9FD2A38E59AFB466F9A_695/INPUTFILES/data_279163081.root
Running: cp /star/data01/pwg/xiatong/AMPT/14GeV/data_279163091.root /tmp/maxwoo/21EF1A6A9139C9FD2A38E59AFB466F9A_695/INPUTFILES/data_279163091.root
Running: cp /star/data01/pwg/xiatong/AMPT/14GeV/data_279169291.root /tmp/maxwoo/21EF1A6A9139C9FD2A38E59AFB466F9A_695/INPUTFILES/data_279169291.root
Running: cp /star/data01/pwg/xiatong/AMPT/14GeV/data_279169301.root /tmp/maxwoo/21EF1A6A9139C9FD2A38E59AFB466F9A_695/INPUTFILES/data_279169301.root
Running: cp /star/data01/pwg/xiatong/AMPT/14GeV/data_279169311.root /tmp/maxwoo/21EF1A6A9139C9FD2A38E59AFB466F9A_695/INPUTFILES/data_279169311.root
Running: cp /star/data01/pwg/xiatong/AMPT/14GeV/data_279170891.root /tmp/maxwoo/21EF1A6A9139C9FD2A38E59AFB466F9A_695/INPUTFILES/data_279170891.root
Running: cp /star/data01/pwg/xiatong/AMPT/14GeV/data_279171131.root /tmp/maxwoo/21EF1A6A9139C9FD2A38E59AFB466F9A_695/INPUTFILES/data_279171131.root
Running: cp /star/data01/pwg/xiatong/AMPT/14GeV/data_279171141.root /tmp/maxwoo/21EF1A6A9139C9FD2A38E59AFB466F9A_695/INPUTFILES/data_279171141.root
Running: cp /star/data01/pwg/xiatong/AMPT/14GeV/data_279173871.root /tmp/maxwoo/21EF1A6A9139C9FD2A38E59AFB466F9A_695/INPUTFILES/data_279173871.root
Running: cp /star/data01/pwg/xiatong/AMPT/14GeV/data_279175751.root /tmp/maxwoo/21EF1A6A9139C9FD2A38E59AFB466F9A_695/INPUTFILES/data_279175751.root
Running: cp /star/data01/pwg/xiatong/AMPT/14GeV/data_279175761.root /tmp/maxwoo/21EF1A6A9139C9FD2A38E59AFB466F9A_695/INPUTFILES/data_279175761.root
Running: cp /star/data01/pwg/xiatong/AMPT/14GeV/data_279175771.root /tmp/maxwoo/21EF1A6A9139C9FD2A38E59AFB466F9A_695/INPUTFILES/data_279175771.root
Running: cp /star/data01/pwg/xiatong/AMPT/14GeV/data_279175781.root /tmp/maxwoo/21EF1A6A9139C9FD2A38E59AFB466F9A_695/INPUTFILES/data_279175781.root
Running: cp /star/data01/pwg/xiatong/AMPT/14GeV/data_279175791.root /tmp/maxwoo/21EF1A6A9139C9FD2A38E59AFB466F9A_695/INPUTFILES/data_279175791.root
Running: cp /star/data01/pwg/xiatong/AMPT/14GeV/data_279175801.root /tmp/maxwoo/21EF1A6A9139C9FD2A38E59AFB466F9A_695/INPUTFILES/data_279175801.root
Running: cp /star/data01/pwg/xiatong/AMPT/14GeV/data_279175821.root /tmp/maxwoo/21EF1A6A9139C9FD2A38E59AFB466F9A_695/INPUTFILES/data_279175821.root
Running: cp /star/data01/pwg/xiatong/AMPT/14GeV/data_279175831.root /tmp/maxwoo/21EF1A6A9139C9FD2A38E59AFB466F9A_695/INPUTFILES/data_279175831.root
Running: cp /star/data01/pwg/xiatong/AMPT/14GeV/data_279175841.root /tmp/maxwoo/21EF1A6A9139C9FD2A38E59AFB466F9A_695/INPUTFILES/data_279175841.root
Running: cp /star/data01/pwg/xiatong/AMPT/14GeV/data_279175881.root /tmp/maxwoo/21EF1A6A9139C9FD2A38E59AFB466F9A_695/INPUTFILES/data_279175881.root
Running: cp /star/data01/pwg/xiatong/AMPT/14GeV/data_279175961.root /tmp/maxwoo/21EF1A6A9139C9FD2A38E59AFB466F9A_695/INPUTFILES/data_279175961.root
Running: cp /star/data01/pwg/xiatong/AMPT/14GeV/data_279176321.root /tmp/maxwoo/21EF1A6A9139C9FD2A38E59AFB466F9A_695/INPUTFILES/data_279176321.root
Swapping $FILELIST with: /tmp/maxwoo/21EF1A6A9139C9FD2A38E59AFB466F9A_695/INPUTFILES/21EF1A6A9139C9FD2A38E59AFB466F9A_695.local.list
+++++++++++local copy debug++++++++++++++++++++
newFileList: /tmp/maxwoo/21EF1A6A9139C9FD2A38E59AFB466F9A_695/INPUTFILES/21EF1A6A9139C9FD2A38E59AFB466F9A_695.local.list
++++++++++++++++cat FILELIST+++++++++++++++++++
/tmp/maxwoo/21EF1A6A9139C9FD2A38E59AFB466F9A_695/INPUTFILES/data_279071041.root 
/tmp/maxwoo/21EF1A6A9139C9FD2A38E59AFB466F9A_695/INPUTFILES/data_279071191.root 
/tmp/maxwoo/21EF1A6A9139C9FD2A38E59AFB466F9A_695/INPUTFILES/data_279071201.root 
/tmp/maxwoo/21EF1A6A9139C9FD2A38E59AFB466F9A_695/INPUTFILES/data_279109431.root 
/tmp/maxwoo/21EF1A6A9139C9FD2A38E59AFB466F9A_695/INPUTFILES/data_279113171.root 
/tmp/maxwoo/21EF1A6A9139C9FD2A38E59AFB466F9A_695/INPUTFILES/data_279113191.root 
/tmp/maxwoo/21EF1A6A9139C9FD2A38E59AFB466F9A_695/INPUTFILES/data_279113201.root 
/tmp/maxwoo/21EF1A6A9139C9FD2A38E59AFB466F9A_695/INPUTFILES/data_279113221.root 
/tmp/maxwoo/21EF1A6A9139C9FD2A38E59AFB466F9A_695/INPUTFILES/data_279113241.root 
/tmp/maxwoo/21EF1A6A9139C9FD2A38E59AFB466F9A_695/INPUTFILES/data_279116941.root 
/tmp/maxwoo/21EF1A6A9139C9FD2A38E59AFB466F9A_695/INPUTFILES/data_279116951.root 
/tmp/maxwoo/21EF1A6A9139C9FD2A38E59AFB466F9A_695/INPUTFILES/data_279116971.root 
/tmp/maxwoo/21EF1A6A9139C9FD2A38E59AFB466F9A_695/INPUTFILES/data_279116981.root 
/tmp/maxwoo/21EF1A6A9139C9FD2A38E59AFB466F9A_695/INPUTFILES/data_279146001.root 
/tmp/maxwoo/21EF1A6A9139C9FD2A38E59AFB466F9A_695/INPUTFILES/data_279147871.root 
/tmp/maxwoo/21EF1A6A9139C9FD2A38E59AFB466F9A_695/INPUTFILES/data_279156951.root 
/tmp/maxwoo/21EF1A6A9139C9FD2A38E59AFB466F9A_695/INPUTFILES/data_279163081.root 
/tmp/maxwoo/21EF1A6A9139C9FD2A38E59AFB466F9A_695/INPUTFILES/data_279163091.root 
/tmp/maxwoo/21EF1A6A9139C9FD2A38E59AFB466F9A_695/INPUTFILES/data_279169291.root 
/tmp/maxwoo/21EF1A6A9139C9FD2A38E59AFB466F9A_695/INPUTFILES/data_279169301.root 
/tmp/maxwoo/21EF1A6A9139C9FD2A38E59AFB466F9A_695/INPUTFILES/data_279169311.root 
/tmp/maxwoo/21EF1A6A9139C9FD2A38E59AFB466F9A_695/INPUTFILES/data_279170891.root 
/tmp/maxwoo/21EF1A6A9139C9FD2A38E59AFB466F9A_695/INPUTFILES/data_279171131.root 
/tmp/maxwoo/21EF1A6A9139C9FD2A38E59AFB466F9A_695/INPUTFILES/data_279171141.root 
/tmp/maxwoo/21EF1A6A9139C9FD2A38E59AFB466F9A_695/INPUTFILES/data_279173871.root 
/tmp/maxwoo/21EF1A6A9139C9FD2A38E59AFB466F9A_695/INPUTFILES/data_279175751.root 
/tmp/maxwoo/21EF1A6A9139C9FD2A38E59AFB466F9A_695/INPUTFILES/data_279175761.root 
/tmp/maxwoo/21EF1A6A9139C9FD2A38E59AFB466F9A_695/INPUTFILES/data_279175771.root 
/tmp/maxwoo/21EF1A6A9139C9FD2A38E59AFB466F9A_695/INPUTFILES/data_279175781.root 
/tmp/maxwoo/21EF1A6A9139C9FD2A38E59AFB466F9A_695/INPUTFILES/data_279175791.root 
/tmp/maxwoo/21EF1A6A9139C9FD2A38E59AFB466F9A_695/INPUTFILES/data_279175801.root 
/tmp/maxwoo/21EF1A6A9139C9FD2A38E59AFB466F9A_695/INPUTFILES/data_279175821.root 
/tmp/maxwoo/21EF1A6A9139C9FD2A38E59AFB466F9A_695/INPUTFILES/data_279175831.root 
/tmp/maxwoo/21EF1A6A9139C9FD2A38E59AFB466F9A_695/INPUTFILES/data_279175841.root 
/tmp/maxwoo/21EF1A6A9139C9FD2A38E59AFB466F9A_695/INPUTFILES/data_279175881.root 
/tmp/maxwoo/21EF1A6A9139C9FD2A38E59AFB466F9A_695/INPUTFILES/data_279175961.root 
/tmp/maxwoo/21EF1A6A9139C9FD2A38E59AFB466F9A_695/INPUTFILES/data_279176321.root 
++++++++++++++++++++find.++++++++++++++++++++++
.
./.errror.log
./Check_Sness.C
./INPUTFILES
./INPUTFILES/data_279116981.root
./INPUTFILES/21EF1A6A9139C9FD2A38E59AFB466F9A_695.local.list
./INPUTFILES/data_279176321.root
./INPUTFILES/data_279175841.root
./INPUTFILES/data_279146001.root
./INPUTFILES/data_279170891.root
./INPUTFILES/data_279175881.root
./INPUTFILES/data_279156951.root
./INPUTFILES/data_279147871.root
./INPUTFILES/data_279116951.root
./INPUTFILES/data_279109431.root
./INPUTFILES/data_279113201.root
./INPUTFILES/data_279116941.root
./INPUTFILES/data_279171131.root
./INPUTFILES/data_279175781.root
./INPUTFILES/data_279113221.root
./INPUTFILES/data_279071201.root
./INPUTFILES/data_279071191.root
./INPUTFILES/data_279175831.root
./INPUTFILES/data_279113191.root
./INPUTFILES/data_279163081.root
./INPUTFILES/data_279169311.root
./INPUTFILES/data_279173871.root
./INPUTFILES/data_279175961.root
./INPUTFILES/data_279169301.root
./INPUTFILES/data_279175771.root
./INPUTFILES/data_279175821.root
./INPUTFILES/data_279163091.root
./INPUTFILES/data_279116971.root
./INPUTFILES/data_279113241.root
./INPUTFILES/data_279169291.root
./INPUTFILES/data_279071041.root
./INPUTFILES/data_279113171.root
./INPUTFILES/data_279175761.root
./INPUTFILES/data_279175751.root
./INPUTFILES/data_279175791.root
./INPUTFILES/data_279171141.root
./INPUTFILES/data_279175801.root
./check_S.C
./lib
./lib/my_particle_cpp.d
./lib/MixedBuffer.h
./lib/my_event_cpp.so
./lib/CenMaker_cpp.d
./lib/NpartNormalizer_cpp.so
./lib/CenMaker.cpp
./lib/my_particle.cpp
./lib/CenMaker.h
./lib/my_particle_cpp.so
./lib/my_event_cpp.d
./lib/MixedBuffer.cpp
./lib/my_particle_cpp_ACLiC_dict_rdict.pcm
./lib/MixedBuffer_cpp.so
./lib/NpartNormalizer_cpp_ACLiC_dict_rdict.pcm
./lib/NpartNormalizer_cpp.d
./lib/my_event.h
./lib/NpartNormalizer.cpp
./lib/MixedBuffer_cpp_ACLiC_dict_rdict.pcm
./lib/my_particle.h
./lib/NpartNormalizer.h
./lib/my_event.cpp
./lib/CenMaker_cpp_ACLiC_dict_rdict.pcm
./lib/CenMaker_cpp.so
./lib/my_event_cpp_ACLiC_dict_rdict.pcm
./lib/MixedBuffer_cpp.d
./.output.log
./.sandboxFiles
++++++++++++++++INPUTFILE Var++++++++++++++++++
FILELIST=/tmp/maxwoo/21EF1A6A9139C9FD2A38E59AFB466F9A_695/INPUTFILES/21EF1A6A9139C9FD2A38E59AFB466F9A_695.local.list
INPUTFILECOUNT=37
INPUTFILE0=/tmp/maxwoo/21EF1A6A9139C9FD2A38E59AFB466F9A_695/INPUTFILES/data_279071041.root
INPUTFILE1=/tmp/maxwoo/21EF1A6A9139C9FD2A38E59AFB466F9A_695/INPUTFILES/data_279071191.root
INPUTFILE2=/tmp/maxwoo/21EF1A6A9139C9FD2A38E59AFB466F9A_695/INPUTFILES/data_279071201.root
INPUTFILE3=/tmp/maxwoo/21EF1A6A9139C9FD2A38E59AFB466F9A_695/INPUTFILES/data_279109431.root
INPUTFILE4=/tmp/maxwoo/21EF1A6A9139C9FD2A38E59AFB466F9A_695/INPUTFILES/data_279113171.root
INPUTFILE5=/tmp/maxwoo/21EF1A6A9139C9FD2A38E59AFB466F9A_695/INPUTFILES/data_279113191.root
INPUTFILE6=/tmp/maxwoo/21EF1A6A9139C9FD2A38E59AFB466F9A_695/INPUTFILES/data_279113201.root
INPUTFILE7=/tmp/maxwoo/21EF1A6A9139C9FD2A38E59AFB466F9A_695/INPUTFILES/data_279113221.root
INPUTFILE8=/tmp/maxwoo/21EF1A6A9139C9FD2A38E59AFB466F9A_695/INPUTFILES/data_279113241.root
INPUTFILE9=/tmp/maxwoo/21EF1A6A9139C9FD2A38E59AFB466F9A_695/INPUTFILES/data_279116941.root
INPUTFILE10=/tmp/maxwoo/21EF1A6A9139C9FD2A38E59AFB466F9A_695/INPUTFILES/data_279116951.root
INPUTFILE11=/tmp/maxwoo/21EF1A6A9139C9FD2A38E59AFB466F9A_695/INPUTFILES/data_279116971.root
INPUTFILE12=/tmp/maxwoo/21EF1A6A9139C9FD2A38E59AFB466F9A_695/INPUTFILES/data_279116981.root
INPUTFILE13=/tmp/maxwoo/21EF1A6A9139C9FD2A38E59AFB466F9A_695/INPUTFILES/data_279146001.root
INPUTFILE14=/tmp/maxwoo/21EF1A6A9139C9FD2A38E59AFB466F9A_695/INPUTFILES/data_279147871.root
INPUTFILE15=/tmp/maxwoo/21EF1A6A9139C9FD2A38E59AFB466F9A_695/INPUTFILES/data_279156951.root
INPUTFILE16=/tmp/maxwoo/21EF1A6A9139C9FD2A38E59AFB466F9A_695/INPUTFILES/data_279163081.root
INPUTFILE17=/tmp/maxwoo/21EF1A6A9139C9FD2A38E59AFB466F9A_695/INPUTFILES/data_279163091.root
INPUTFILE18=/tmp/maxwoo/21EF1A6A9139C9FD2A38E59AFB466F9A_695/INPUTFILES/data_279169291.root
INPUTFILE19=/tmp/maxwoo/21EF1A6A9139C9FD2A38E59AFB466F9A_695/INPUTFILES/data_279169301.root
INPUTFILE20=/tmp/maxwoo/21EF1A6A9139C9FD2A38E59AFB466F9A_695/INPUTFILES/data_279169311.root
INPUTFILE21=/tmp/maxwoo/21EF1A6A9139C9FD2A38E59AFB466F9A_695/INPUTFILES/data_279170891.root
INPUTFILE22=/tmp/maxwoo/21EF1A6A9139C9FD2A38E59AFB466F9A_695/INPUTFILES/data_279171131.root
INPUTFILE23=/tmp/maxwoo/21EF1A6A9139C9FD2A38E59AFB466F9A_695/INPUTFILES/data_279171141.root
INPUTFILE24=/tmp/maxwoo/21EF1A6A9139C9FD2A38E59AFB466F9A_695/INPUTFILES/data_279173871.root
INPUTFILE25=/tmp/maxwoo/21EF1A6A9139C9FD2A38E59AFB466F9A_695/INPUTFILES/data_279175751.root
INPUTFILE26=/tmp/maxwoo/21EF1A6A9139C9FD2A38E59AFB466F9A_695/INPUTFILES/data_279175761.root
INPUTFILE27=/tmp/maxwoo/21EF1A6A9139C9FD2A38E59AFB466F9A_695/INPUTFILES/data_279175771.root
INPUTFILE28=/tmp/maxwoo/21EF1A6A9139C9FD2A38E59AFB466F9A_695/INPUTFILES/data_279175781.root
INPUTFILE29=/tmp/maxwoo/21EF1A6A9139C9FD2A38E59AFB466F9A_695/INPUTFILES/data_279175791.root
INPUTFILE30=/tmp/maxwoo/21EF1A6A9139C9FD2A38E59AFB466F9A_695/INPUTFILES/data_279175801.root
INPUTFILE31=/tmp/maxwoo/21EF1A6A9139C9FD2A38E59AFB466F9A_695/INPUTFILES/data_279175821.root
INPUTFILE32=/tmp/maxwoo/21EF1A6A9139C9FD2A38E59AFB466F9A_695/INPUTFILES/data_279175831.root
INPUTFILE33=/tmp/maxwoo/21EF1A6A9139C9FD2A38E59AFB466F9A_695/INPUTFILES/data_279175841.root
INPUTFILE34=/tmp/maxwoo/21EF1A6A9139C9FD2A38E59AFB466F9A_695/INPUTFILES/data_279175881.root
INPUTFILE35=/tmp/maxwoo/21EF1A6A9139C9FD2A38E59AFB466F9A_695/INPUTFILES/data_279175961.root
INPUTFILE36=/tmp/maxwoo/21EF1A6A9139C9FD2A38E59AFB466F9A_695/INPUTFILES/data_279176321.root
LocalInputFileDir=/tmp/maxwoo/21EF1A6A9139C9FD2A38E59AFB466F9A_695/INPUTFILES
NewFILELIST=/tmp/maxwoo/21EF1A6A9139C9FD2A38E59AFB466F9A_695/INPUTFILES/21EF1A6A9139C9FD2A38E59AFB466F9A_695.local.list
+++++++++++++++++++++++++++++++++++++++++++++++
--------------------------------
Simple Unified Meta Scheduler 1.10.50 we are starting in $SCRATCH : /home/tmp/maxwoo/21EF1A6A9139C9FD2A38E59AFB466F9A_695
--------------------------------
total 16
lrwxrwxrwx 1 maxwoo rhstar   61 Jun  2 11:27 check_S.C -> /gpfs/mnt/gpfs01/star/pwg/xiatong/git/strangeness/./check_S.C
lrwxrwxrwx 1 maxwoo rhstar   65 Jun  2 11:27 Check_Sness.C -> /gpfs/mnt/gpfs01/star/pwg/xiatong/git/strangeness/./Check_Sness.C
drwxr-xr-x 2 maxwoo rhstar 4096 Jun  2 11:32 INPUTFILES
drwxr-xr-x 2 maxwoo rhstar 4096 Jun  2 11:27 lib
  *******************************************
  *                                         *
  *        W E L C O M E  to  R O O T       *
  *                                         *
  *   Version   5.34/38     12 March 2018   *
  *                                         *
  *  You are welcome to visit our Web site  *
  *          http://root.cern.ch            *
  *                                         *
  *******************************************

ROOT 5.34/38 (v5-34-38@v5-34-38, Mar 12 2018, 15:49:39 on linux)

CINT/ROOT C/C++ Interpreter version 5.18.00, July 2, 2010
Type ? for help. Commands must be C++ statements.
Enclose multiple statements between { }.
*** Float Point Exception is OFF ***
 *** Start at Date : Thu Jun  2 11:32:36 2022
QAInfo:You are using STAR_LEVEL : dev, ROOT_LEVEL : 5.34.38 and node : spool0861.sdcc.bnl.gov 

Processing check_S.C++("/tmp/maxwoo/21EF1A6A9139C9FD2A38E59AFB466F9A_695/INPUTFILES/21EF1A6A9139C9FD2A38E59AFB466F9A_695.local.list","21EF1A6A9139C9FD2A38E59AFB466F9A_695",1)...
/tmp/maxwoo/21EF1A6A9139C9FD2A38E59AFB466F9A_695/INPUTFILES/data_279071041.root 
/tmp/maxwoo/21EF1A6A9139C9FD2A38E59AFB466F9A_695/INPUTFILES/data_279071191.root 
/tmp/maxwoo/21EF1A6A9139C9FD2A38E59AFB466F9A_695/INPUTFILES/data_279071201.root 
/tmp/maxwoo/21EF1A6A9139C9FD2A38E59AFB466F9A_695/INPUTFILES/data_279109431.root 
/tmp/maxwoo/21EF1A6A9139C9FD2A38E59AFB466F9A_695/INPUTFILES/data_279113171.root 
/tmp/maxwoo/21EF1A6A9139C9FD2A38E59AFB466F9A_695/INPUTFILES/data_279113191.root 
/tmp/maxwoo/21EF1A6A9139C9FD2A38E59AFB466F9A_695/INPUTFILES/data_279113201.root 
/tmp/maxwoo/21EF1A6A9139C9FD2A38E59AFB466F9A_695/INPUTFILES/data_279113221.root 
/tmp/maxwoo/21EF1A6A9139C9FD2A38E59AFB466F9A_695/INPUTFILES/data_279113241.root 
/tmp/maxwoo/21EF1A6A9139C9FD2A38E59AFB466F9A_695/INPUTFILES/data_279116941.root 
/tmp/maxwoo/21EF1A6A9139C9FD2A38E59AFB466F9A_695/INPUTFILES/data_279116951.root 
/tmp/maxwoo/21EF1A6A9139C9FD2A38E59AFB466F9A_695/INPUTFILES/data_279116971.root 
/tmp/maxwoo/21EF1A6A9139C9FD2A38E59AFB466F9A_695/INPUTFILES/data_279116981.root 
/tmp/maxwoo/21EF1A6A9139C9FD2A38E59AFB466F9A_695/INPUTFILES/data_279146001.root 
/tmp/maxwoo/21EF1A6A9139C9FD2A38E59AFB466F9A_695/INPUTFILES/data_279147871.root 
/tmp/maxwoo/21EF1A6A9139C9FD2A38E59AFB466F9A_695/INPUTFILES/data_279156951.root 
/tmp/maxwoo/21EF1A6A9139C9FD2A38E59AFB466F9A_695/INPUTFILES/data_279163081.root 
/tmp/maxwoo/21EF1A6A9139C9FD2A38E59AFB466F9A_695/INPUTFILES/data_279163091.root 
/tmp/maxwoo/21EF1A6A9139C9FD2A38E59AFB466F9A_695/INPUTFILES/data_279169291.root 
/tmp/maxwoo/21EF1A6A9139C9FD2A38E59AFB466F9A_695/INPUTFILES/data_279169301.root 
/tmp/maxwoo/21EF1A6A9139C9FD2A38E59AFB466F9A_695/INPUTFILES/data_279169311.root 
/tmp/maxwoo/21EF1A6A9139C9FD2A38E59AFB466F9A_695/INPUTFILES/data_279170891.root 
/tmp/maxwoo/21EF1A6A9139C9FD2A38E59AFB466F9A_695/INPUTFILES/data_279171131.root 
/tmp/maxwoo/21EF1A6A9139C9FD2A38E59AFB466F9A_695/INPUTFILES/data_279171141.root 
/tmp/maxwoo/21EF1A6A9139C9FD2A38E59AFB466F9A_695/INPUTFILES/data_279173871.root 
/tmp/maxwoo/21EF1A6A9139C9FD2A38E59AFB466F9A_695/INPUTFILES/data_279175751.root 
/tmp/maxwoo/21EF1A6A9139C9FD2A38E59AFB466F9A_695/INPUTFILES/data_279175761.root 
/tmp/maxwoo/21EF1A6A9139C9FD2A38E59AFB466F9A_695/INPUTFILES/data_279175771.root 
/tmp/maxwoo/21EF1A6A9139C9FD2A38E59AFB466F9A_695/INPUTFILES/data_279175781.root 
/tmp/maxwoo/21EF1A6A9139C9FD2A38E59AFB466F9A_695/INPUTFILES/data_279175791.root 
/tmp/maxwoo/21EF1A6A9139C9FD2A38E59AFB466F9A_695/INPUTFILES/data_279175801.root 
/tmp/maxwoo/21EF1A6A9139C9FD2A38E59AFB466F9A_695/INPUTFILES/data_279175821.root 
/tmp/maxwoo/21EF1A6A9139C9FD2A38E59AFB466F9A_695/INPUTFILES/data_279175831.root 
/tmp/maxwoo/21EF1A6A9139C9FD2A38E59AFB466F9A_695/INPUTFILES/data_279175841.root 
/tmp/maxwoo/21EF1A6A9139C9FD2A38E59AFB466F9A_695/INPUTFILES/data_279175881.root 
/tmp/maxwoo/21EF1A6A9139C9FD2A38E59AFB466F9A_695/INPUTFILES/data_279175961.root 
/tmp/maxwoo/21EF1A6A9139C9FD2A38E59AFB466F9A_695/INPUTFILES/data_279176321.root 
Added 37 files
# entries in chain: 37000
Processing entry == 1000 == out of 37000.
Processing entry == 2000 == out of 37000.
Processing entry == 3000 == out of 37000.
Processing entry == 4000 == out of 37000.
Processing entry == 5000 == out of 37000.
Processing entry == 6000 == out of 37000.
Processing entry == 7000 == out of 37000.
Processing entry == 8000 == out of 37000.
Processing entry == 9000 == out of 37000.
Processing entry == 10000 == out of 37000.
Processing entry == 11000 == out of 37000.
Processing entry == 12000 == out of 37000.
Processing entry == 13000 == out of 37000.
Processing entry == 14000 == out of 37000.
Processing entry == 15000 == out of 37000.
Processing entry == 16000 == out of 37000.
Processing entry == 17000 == out of 37000.
Processing entry == 18000 == out of 37000.
Processing entry == 19000 == out of 37000.
Processing entry == 20000 == out of 37000.
Processing entry == 21000 == out of 37000.
Processing entry == 22000 == out of 37000.
Processing entry == 23000 == out of 37000.
Processing entry == 24000 == out of 37000.
Processing entry == 25000 == out of 37000.
Processing entry == 26000 == out of 37000.
Processing entry == 27000 == out of 37000.
Processing entry == 28000 == out of 37000.
Processing entry == 29000 == out of 37000.
Processing entry == 30000 == out of 37000.
Processing entry == 31000 == out of 37000.
Processing entry == 32000 == out of 37000.
Processing entry == 33000 == out of 37000.
Processing entry == 34000 == out of 37000.
Processing entry == 35000 == out of 37000.
Processing entry == 36000 == out of 37000.
Processing entry == 37000 == out of 37000.

This is the end of ROOT -- Goodbye

Cleaning up sandbox file:  /tmp/maxwoo/21EF1A6A9139C9FD2A38E59AFB466F9A_695/check_S.C
Cleaning up sandbox file:  /tmp/maxwoo/21EF1A6A9139C9FD2A38E59AFB466F9A_695/Check_Sness.C
Cleaning up sandbox file:  /tmp/maxwoo/21EF1A6A9139C9FD2A38E59AFB466F9A_695/lib
Cleaning up sandbox file:  /tmp/maxwoo/21EF1A6A9139C9FD2A38E59AFB466F9A_695/.sandboxFiles
Starting copy block
Running copy command:  /bin/cp -fp /tmp/maxwoo/21EF1A6A9139C9FD2A38E59AFB466F9A_695/out_21EF1A6A9139C9FD2A38E59AFB466F9A_695.root /star/data01/pwg/xiatong/git/strangeness/data/
112675 Execution of (/star/data01/pwg/xiatong/git/strangeness/script/sched21EF1A6A9139C9FD2A38E59AFB466F9A_695.csh ) has ended, exiting normally
112675 We END on [Thu Jun  2 11:50:05 EDT 2022]
