We are starting on node: spool0824.sdcc.bnl.gov
HOME is not defined
Using getent method
HOME is now /star/u/maxwoo
130970 We will spawn ourselves (/star/data01/pwg/xiatong/git/strangeness/script/sched21EF1A6A9139C9FD2A38E59AFB466F9A_304.csh )
130970 We BEGIN on [Thu Jun  2 11:38:27 EDT 2022]
[1] 131301
130970 We are waiting for 131301 
130970 Grandchild PID is 132616 - found in 10 x 1 seconds
130970 Establishing first watcher   on    Thu Jun  2 11:38:38 EDT 2022
130970 Process tree is 130970 (main) -> 131301 (child) -> 132616 (grandchild)
F S   UID    PID   PPID  C PRI  NI ADDR SZ WCHAN  TTY        TIME CMD
0 D 100667 132616 131301  0 80   0 - 32311 cxiWai ?          0:00 cp /star/data01/pwg/xiatong/AMPT/14GeV/data_149943551.root /tmp/maxwoo/21EF1A6A9139C9FD2A38E59AFB466F9A_304/INPUTFILES/data_149943551.root
130970 Grandchild PID is 135587 - found in 20 x 2 seconds
130970 Grandchild to watch has changed on Thu Jun  2 11:38:59 EDT 2022
130970 Process tree is 130970 (main) -> 131301 (child) -> 135587 (grandchild)
F S   UID    PID   PPID  C PRI  NI ADDR SZ WCHAN  TTY        TIME CMD
0 D 100667 135587 131301  0 80   0 - 32311 cxiWai ?          0:00 cp /star/data01/pwg/xiatong/AMPT/14GeV/data_150134581.root /tmp/maxwoo/21EF1A6A9139C9FD2A38E59AFB466F9A_304/INPUTFILES/data_150134581.root
130970 Grandchild PID is 137990 - found in 30 x 2 seconds
130970 Grandchild to watch has changed on Thu Jun  2 11:39:19 EDT 2022
130970 Process tree is 130970 (main) -> 131301 (child) -> 137990 (grandchild)
F S   UID    PID   PPID  C PRI  NI ADDR SZ WCHAN  TTY        TIME CMD
0 D 100667 137990 131301  0 80   0 - 32311 cxiWai ?          0:00 cp /star/data01/pwg/xiatong/AMPT/14GeV/data_150134591.root /tmp/maxwoo/21EF1A6A9139C9FD2A38E59AFB466F9A_304/INPUTFILES/data_150134591.root
130970 Grandchild PID is 140854 - found in 40 x 2 seconds
130970 Grandchild to watch has changed on Thu Jun  2 11:39:40 EDT 2022
130970 Process tree is 130970 (main) -> 131301 (child) -> 140854 (grandchild)
F S   UID    PID   PPID  C PRI  NI ADDR SZ WCHAN  TTY        TIME CMD
0 D 100667 140854 131301  0 80   0 - 32311 cxiWai ?          0:00 cp /star/data01/pwg/xiatong/AMPT/14GeV/data_150134691.root /tmp/maxwoo/21EF1A6A9139C9FD2A38E59AFB466F9A_304/INPUTFILES/data_150134691.root
130970 Grandchild PID is 144878 - found in 50 x 2 seconds
130970 Grandchild to watch has changed on Thu Jun  2 11:40:01 EDT 2022
130970 Process tree is 130970 (main) -> 131301 (child) -> 144878 (grandchild)
F S   UID    PID   PPID  C PRI  NI ADDR SZ WCHAN  TTY        TIME CMD
0 D 100667 144878 131301  0 80   0 - 32311 cxiWai ?          0:00 cp /star/data01/pwg/xiatong/AMPT/14GeV/data_150134771.root /tmp/maxwoo/21EF1A6A9139C9FD2A38E59AFB466F9A_304/INPUTFILES/data_150134771.root
130970 Grandchild PID is 150933 - found in 70 x 2 seconds
130970 Grandchild to watch has changed on Thu Jun  2 11:40:43 EDT 2022
130970 Process tree is 130970 (main) -> 131301 (child) -> 150933 (grandchild)
F S   UID    PID   PPID  C PRI  NI ADDR SZ WCHAN  TTY        TIME CMD
0 S 100667 150933 131301  0 80   0 -  1272 do_wai ?          0:00 root -b -q check_S.C++("/tmp/maxwoo/21EF1A6A9139C9FD2A38E59AFB466F9A_304/INPUTFILES/21EF1A6A9139C9FD2A38E59AFB466F9A_304.local.list","21EF1A6A9139C9FD2A38E59AFB466F9A_304",1)
131301 Stepping into the main SUMS wrapper program with []
.... building sandbox
Running: cp /star/data01/pwg/xiatong/AMPT/14GeV/data_149543211.root /tmp/maxwoo/21EF1A6A9139C9FD2A38E59AFB466F9A_304/INPUTFILES/data_149543211.root
Running: cp /star/data01/pwg/xiatong/AMPT/14GeV/data_149544131.root /tmp/maxwoo/21EF1A6A9139C9FD2A38E59AFB466F9A_304/INPUTFILES/data_149544131.root
Running: cp /star/data01/pwg/xiatong/AMPT/14GeV/data_149643651.root /tmp/maxwoo/21EF1A6A9139C9FD2A38E59AFB466F9A_304/INPUTFILES/data_149643651.root
Running: cp /star/data01/pwg/xiatong/AMPT/14GeV/data_149653531.root /tmp/maxwoo/21EF1A6A9139C9FD2A38E59AFB466F9A_304/INPUTFILES/data_149653531.root
Running: cp /star/data01/pwg/xiatong/AMPT/14GeV/data_149688721.root /tmp/maxwoo/21EF1A6A9139C9FD2A38E59AFB466F9A_304/INPUTFILES/data_149688721.root
Running: cp /star/data01/pwg/xiatong/AMPT/14GeV/data_149744081.root /tmp/maxwoo/21EF1A6A9139C9FD2A38E59AFB466F9A_304/INPUTFILES/data_149744081.root
Running: cp /star/data01/pwg/xiatong/AMPT/14GeV/data_149843901.root /tmp/maxwoo/21EF1A6A9139C9FD2A38E59AFB466F9A_304/INPUTFILES/data_149843901.root
Running: cp /star/data01/pwg/xiatong/AMPT/14GeV/data_149853541.root /tmp/maxwoo/21EF1A6A9139C9FD2A38E59AFB466F9A_304/INPUTFILES/data_149853541.root
Running: cp /star/data01/pwg/xiatong/AMPT/14GeV/data_149942681.root /tmp/maxwoo/21EF1A6A9139C9FD2A38E59AFB466F9A_304/INPUTFILES/data_149942681.root
Running: cp /star/data01/pwg/xiatong/AMPT/14GeV/data_149943201.root /tmp/maxwoo/21EF1A6A9139C9FD2A38E59AFB466F9A_304/INPUTFILES/data_149943201.root
Running: cp /star/data01/pwg/xiatong/AMPT/14GeV/data_149943551.root /tmp/maxwoo/21EF1A6A9139C9FD2A38E59AFB466F9A_304/INPUTFILES/data_149943551.root
Running: cp /star/data01/pwg/xiatong/AMPT/14GeV/data_149943821.root /tmp/maxwoo/21EF1A6A9139C9FD2A38E59AFB466F9A_304/INPUTFILES/data_149943821.root
Running: cp /star/data01/pwg/xiatong/AMPT/14GeV/data_150043511.root /tmp/maxwoo/21EF1A6A9139C9FD2A38E59AFB466F9A_304/INPUTFILES/data_150043511.root
Running: cp /star/data01/pwg/xiatong/AMPT/14GeV/data_150043711.root /tmp/maxwoo/21EF1A6A9139C9FD2A38E59AFB466F9A_304/INPUTFILES/data_150043711.root
Running: cp /star/data01/pwg/xiatong/AMPT/14GeV/data_150119541.root /tmp/maxwoo/21EF1A6A9139C9FD2A38E59AFB466F9A_304/INPUTFILES/data_150119541.root
Running: cp /star/data01/pwg/xiatong/AMPT/14GeV/data_150119551.root /tmp/maxwoo/21EF1A6A9139C9FD2A38E59AFB466F9A_304/INPUTFILES/data_150119551.root
Running: cp /star/data01/pwg/xiatong/AMPT/14GeV/data_150119561.root /tmp/maxwoo/21EF1A6A9139C9FD2A38E59AFB466F9A_304/INPUTFILES/data_150119561.root
Running: cp /star/data01/pwg/xiatong/AMPT/14GeV/data_150129901.root /tmp/maxwoo/21EF1A6A9139C9FD2A38E59AFB466F9A_304/INPUTFILES/data_150129901.root
Running: cp /star/data01/pwg/xiatong/AMPT/14GeV/data_150134581.root /tmp/maxwoo/21EF1A6A9139C9FD2A38E59AFB466F9A_304/INPUTFILES/data_150134581.root
Running: cp /star/data01/pwg/xiatong/AMPT/14GeV/data_150134591.root /tmp/maxwoo/21EF1A6A9139C9FD2A38E59AFB466F9A_304/INPUTFILES/data_150134591.root
Running: cp /star/data01/pwg/xiatong/AMPT/14GeV/data_150134601.root /tmp/maxwoo/21EF1A6A9139C9FD2A38E59AFB466F9A_304/INPUTFILES/data_150134601.root
Running: cp /star/data01/pwg/xiatong/AMPT/14GeV/data_150134611.root /tmp/maxwoo/21EF1A6A9139C9FD2A38E59AFB466F9A_304/INPUTFILES/data_150134611.root
Running: cp /star/data01/pwg/xiatong/AMPT/14GeV/data_150134621.root /tmp/maxwoo/21EF1A6A9139C9FD2A38E59AFB466F9A_304/INPUTFILES/data_150134621.root
Running: cp /star/data01/pwg/xiatong/AMPT/14GeV/data_150134631.root /tmp/maxwoo/21EF1A6A9139C9FD2A38E59AFB466F9A_304/INPUTFILES/data_150134631.root
Running: cp /star/data01/pwg/xiatong/AMPT/14GeV/data_150134651.root /tmp/maxwoo/21EF1A6A9139C9FD2A38E59AFB466F9A_304/INPUTFILES/data_150134651.root
Running: cp /star/data01/pwg/xiatong/AMPT/14GeV/data_150134671.root /tmp/maxwoo/21EF1A6A9139C9FD2A38E59AFB466F9A_304/INPUTFILES/data_150134671.root
Running: cp /star/data01/pwg/xiatong/AMPT/14GeV/data_150134681.root /tmp/maxwoo/21EF1A6A9139C9FD2A38E59AFB466F9A_304/INPUTFILES/data_150134681.root
Running: cp /star/data01/pwg/xiatong/AMPT/14GeV/data_150134691.root /tmp/maxwoo/21EF1A6A9139C9FD2A38E59AFB466F9A_304/INPUTFILES/data_150134691.root
Running: cp /star/data01/pwg/xiatong/AMPT/14GeV/data_150134701.root /tmp/maxwoo/21EF1A6A9139C9FD2A38E59AFB466F9A_304/INPUTFILES/data_150134701.root
Running: cp /star/data01/pwg/xiatong/AMPT/14GeV/data_150134711.root /tmp/maxwoo/21EF1A6A9139C9FD2A38E59AFB466F9A_304/INPUTFILES/data_150134711.root
Running: cp /star/data01/pwg/xiatong/AMPT/14GeV/data_150134721.root /tmp/maxwoo/21EF1A6A9139C9FD2A38E59AFB466F9A_304/INPUTFILES/data_150134721.root
Running: cp /star/data01/pwg/xiatong/AMPT/14GeV/data_150134731.root /tmp/maxwoo/21EF1A6A9139C9FD2A38E59AFB466F9A_304/INPUTFILES/data_150134731.root
Running: cp /star/data01/pwg/xiatong/AMPT/14GeV/data_150134741.root /tmp/maxwoo/21EF1A6A9139C9FD2A38E59AFB466F9A_304/INPUTFILES/data_150134741.root
Running: cp /star/data01/pwg/xiatong/AMPT/14GeV/data_150134751.root /tmp/maxwoo/21EF1A6A9139C9FD2A38E59AFB466F9A_304/INPUTFILES/data_150134751.root
Running: cp /star/data01/pwg/xiatong/AMPT/14GeV/data_150134771.root /tmp/maxwoo/21EF1A6A9139C9FD2A38E59AFB466F9A_304/INPUTFILES/data_150134771.root
Running: cp /star/data01/pwg/xiatong/AMPT/14GeV/data_150134781.root /tmp/maxwoo/21EF1A6A9139C9FD2A38E59AFB466F9A_304/INPUTFILES/data_150134781.root
Running: cp /star/data01/pwg/xiatong/AMPT/14GeV/data_150134981.root /tmp/maxwoo/21EF1A6A9139C9FD2A38E59AFB466F9A_304/INPUTFILES/data_150134981.root
Swapping $FILELIST with: /tmp/maxwoo/21EF1A6A9139C9FD2A38E59AFB466F9A_304/INPUTFILES/21EF1A6A9139C9FD2A38E59AFB466F9A_304.local.list
+++++++++++local copy debug++++++++++++++++++++
newFileList: /tmp/maxwoo/21EF1A6A9139C9FD2A38E59AFB466F9A_304/INPUTFILES/21EF1A6A9139C9FD2A38E59AFB466F9A_304.local.list
++++++++++++++++cat FILELIST+++++++++++++++++++
/tmp/maxwoo/21EF1A6A9139C9FD2A38E59AFB466F9A_304/INPUTFILES/data_149543211.root 
/tmp/maxwoo/21EF1A6A9139C9FD2A38E59AFB466F9A_304/INPUTFILES/data_149544131.root 
/tmp/maxwoo/21EF1A6A9139C9FD2A38E59AFB466F9A_304/INPUTFILES/data_149643651.root 
/tmp/maxwoo/21EF1A6A9139C9FD2A38E59AFB466F9A_304/INPUTFILES/data_149653531.root 
/tmp/maxwoo/21EF1A6A9139C9FD2A38E59AFB466F9A_304/INPUTFILES/data_149688721.root 
/tmp/maxwoo/21EF1A6A9139C9FD2A38E59AFB466F9A_304/INPUTFILES/data_149744081.root 
/tmp/maxwoo/21EF1A6A9139C9FD2A38E59AFB466F9A_304/INPUTFILES/data_149843901.root 
/tmp/maxwoo/21EF1A6A9139C9FD2A38E59AFB466F9A_304/INPUTFILES/data_149853541.root 
/tmp/maxwoo/21EF1A6A9139C9FD2A38E59AFB466F9A_304/INPUTFILES/data_149942681.root 
/tmp/maxwoo/21EF1A6A9139C9FD2A38E59AFB466F9A_304/INPUTFILES/data_149943201.root 
/tmp/maxwoo/21EF1A6A9139C9FD2A38E59AFB466F9A_304/INPUTFILES/data_149943551.root 
/tmp/maxwoo/21EF1A6A9139C9FD2A38E59AFB466F9A_304/INPUTFILES/data_149943821.root 
/tmp/maxwoo/21EF1A6A9139C9FD2A38E59AFB466F9A_304/INPUTFILES/data_150043511.root 
/tmp/maxwoo/21EF1A6A9139C9FD2A38E59AFB466F9A_304/INPUTFILES/data_150043711.root 
/tmp/maxwoo/21EF1A6A9139C9FD2A38E59AFB466F9A_304/INPUTFILES/data_150119541.root 
/tmp/maxwoo/21EF1A6A9139C9FD2A38E59AFB466F9A_304/INPUTFILES/data_150119551.root 
/tmp/maxwoo/21EF1A6A9139C9FD2A38E59AFB466F9A_304/INPUTFILES/data_150119561.root 
/tmp/maxwoo/21EF1A6A9139C9FD2A38E59AFB466F9A_304/INPUTFILES/data_150129901.root 
/tmp/maxwoo/21EF1A6A9139C9FD2A38E59AFB466F9A_304/INPUTFILES/data_150134581.root 
/tmp/maxwoo/21EF1A6A9139C9FD2A38E59AFB466F9A_304/INPUTFILES/data_150134591.root 
/tmp/maxwoo/21EF1A6A9139C9FD2A38E59AFB466F9A_304/INPUTFILES/data_150134601.root 
/tmp/maxwoo/21EF1A6A9139C9FD2A38E59AFB466F9A_304/INPUTFILES/data_150134611.root 
/tmp/maxwoo/21EF1A6A9139C9FD2A38E59AFB466F9A_304/INPUTFILES/data_150134621.root 
/tmp/maxwoo/21EF1A6A9139C9FD2A38E59AFB466F9A_304/INPUTFILES/data_150134631.root 
/tmp/maxwoo/21EF1A6A9139C9FD2A38E59AFB466F9A_304/INPUTFILES/data_150134651.root 
/tmp/maxwoo/21EF1A6A9139C9FD2A38E59AFB466F9A_304/INPUTFILES/data_150134671.root 
/tmp/maxwoo/21EF1A6A9139C9FD2A38E59AFB466F9A_304/INPUTFILES/data_150134681.root 
/tmp/maxwoo/21EF1A6A9139C9FD2A38E59AFB466F9A_304/INPUTFILES/data_150134691.root 
/tmp/maxwoo/21EF1A6A9139C9FD2A38E59AFB466F9A_304/INPUTFILES/data_150134701.root 
/tmp/maxwoo/21EF1A6A9139C9FD2A38E59AFB466F9A_304/INPUTFILES/data_150134711.root 
/tmp/maxwoo/21EF1A6A9139C9FD2A38E59AFB466F9A_304/INPUTFILES/data_150134721.root 
/tmp/maxwoo/21EF1A6A9139C9FD2A38E59AFB466F9A_304/INPUTFILES/data_150134731.root 
/tmp/maxwoo/21EF1A6A9139C9FD2A38E59AFB466F9A_304/INPUTFILES/data_150134741.root 
/tmp/maxwoo/21EF1A6A9139C9FD2A38E59AFB466F9A_304/INPUTFILES/data_150134751.root 
/tmp/maxwoo/21EF1A6A9139C9FD2A38E59AFB466F9A_304/INPUTFILES/data_150134771.root 
/tmp/maxwoo/21EF1A6A9139C9FD2A38E59AFB466F9A_304/INPUTFILES/data_150134781.root 
/tmp/maxwoo/21EF1A6A9139C9FD2A38E59AFB466F9A_304/INPUTFILES/data_150134981.root 
++++++++++++++++++++find.++++++++++++++++++++++
.
./.sandboxFiles
./.output.log
./check_S.C
./Check_Sness.C
./lib
./lib/my_event.h
./lib/NpartNormalizer_cpp.d
./lib/CenMaker_cpp.d
./lib/my_particle.h
./lib/my_particle_cpp.d
./lib/my_particle.cpp
./lib/NpartNormalizer_cpp_ACLiC_dict_rdict.pcm
./lib/my_event.cpp
./lib/my_event_cpp.d
./lib/MixedBuffer_cpp_ACLiC_dict_rdict.pcm
./lib/my_event_cpp.so
./lib/MixedBuffer_cpp.so
./lib/my_particle_cpp.so
./lib/NpartNormalizer_cpp.so
./lib/CenMaker.cpp
./lib/my_event_cpp_ACLiC_dict_rdict.pcm
./lib/MixedBuffer.h
./lib/MixedBuffer_cpp.d
./lib/CenMaker_cpp.so
./lib/CenMaker_cpp_ACLiC_dict_rdict.pcm
./lib/MixedBuffer.cpp
./lib/CenMaker.h
./lib/NpartNormalizer.cpp
./lib/my_particle_cpp_ACLiC_dict_rdict.pcm
./lib/NpartNormalizer.h
./INPUTFILES
./INPUTFILES/data_150134681.root
./INPUTFILES/data_149943821.root
./INPUTFILES/21EF1A6A9139C9FD2A38E59AFB466F9A_304.local.list
./INPUTFILES/data_149544131.root
./INPUTFILES/data_150134591.root
./INPUTFILES/data_150043511.root
./INPUTFILES/data_150134631.root
./INPUTFILES/data_150134691.root
./INPUTFILES/data_150134781.root
./INPUTFILES/data_150119541.root
./INPUTFILES/data_149853541.root
./INPUTFILES/data_150134711.root
./INPUTFILES/data_149943201.root
./INPUTFILES/data_150043711.root
./INPUTFILES/data_150134741.root
./INPUTFILES/data_150134701.root
./INPUTFILES/data_150119551.root
./INPUTFILES/data_150129901.root
./INPUTFILES/data_150134621.root
./INPUTFILES/data_150134601.root
./INPUTFILES/data_149688721.root
./INPUTFILES/data_150134611.root
./INPUTFILES/data_150134981.root
./INPUTFILES/data_150134731.root
./INPUTFILES/data_149653531.root
./INPUTFILES/data_149843901.root
./INPUTFILES/data_150134581.root
./INPUTFILES/data_150134721.root
./INPUTFILES/data_149643651.root
./INPUTFILES/data_150134751.root
./INPUTFILES/data_150119561.root
./INPUTFILES/data_149744081.root
./INPUTFILES/data_149943551.root
./INPUTFILES/data_150134671.root
./INPUTFILES/data_149942681.root
./INPUTFILES/data_149543211.root
./INPUTFILES/data_150134771.root
./INPUTFILES/data_150134651.root
./.errror.log
++++++++++++++++INPUTFILE Var++++++++++++++++++
FILELIST=/tmp/maxwoo/21EF1A6A9139C9FD2A38E59AFB466F9A_304/INPUTFILES/21EF1A6A9139C9FD2A38E59AFB466F9A_304.local.list
INPUTFILECOUNT=37
INPUTFILE0=/tmp/maxwoo/21EF1A6A9139C9FD2A38E59AFB466F9A_304/INPUTFILES/data_149543211.root
INPUTFILE1=/tmp/maxwoo/21EF1A6A9139C9FD2A38E59AFB466F9A_304/INPUTFILES/data_149544131.root
INPUTFILE2=/tmp/maxwoo/21EF1A6A9139C9FD2A38E59AFB466F9A_304/INPUTFILES/data_149643651.root
INPUTFILE3=/tmp/maxwoo/21EF1A6A9139C9FD2A38E59AFB466F9A_304/INPUTFILES/data_149653531.root
INPUTFILE4=/tmp/maxwoo/21EF1A6A9139C9FD2A38E59AFB466F9A_304/INPUTFILES/data_149688721.root
INPUTFILE5=/tmp/maxwoo/21EF1A6A9139C9FD2A38E59AFB466F9A_304/INPUTFILES/data_149744081.root
INPUTFILE6=/tmp/maxwoo/21EF1A6A9139C9FD2A38E59AFB466F9A_304/INPUTFILES/data_149843901.root
INPUTFILE7=/tmp/maxwoo/21EF1A6A9139C9FD2A38E59AFB466F9A_304/INPUTFILES/data_149853541.root
INPUTFILE8=/tmp/maxwoo/21EF1A6A9139C9FD2A38E59AFB466F9A_304/INPUTFILES/data_149942681.root
INPUTFILE9=/tmp/maxwoo/21EF1A6A9139C9FD2A38E59AFB466F9A_304/INPUTFILES/data_149943201.root
INPUTFILE10=/tmp/maxwoo/21EF1A6A9139C9FD2A38E59AFB466F9A_304/INPUTFILES/data_149943551.root
INPUTFILE11=/tmp/maxwoo/21EF1A6A9139C9FD2A38E59AFB466F9A_304/INPUTFILES/data_149943821.root
INPUTFILE12=/tmp/maxwoo/21EF1A6A9139C9FD2A38E59AFB466F9A_304/INPUTFILES/data_150043511.root
INPUTFILE13=/tmp/maxwoo/21EF1A6A9139C9FD2A38E59AFB466F9A_304/INPUTFILES/data_150043711.root
INPUTFILE14=/tmp/maxwoo/21EF1A6A9139C9FD2A38E59AFB466F9A_304/INPUTFILES/data_150119541.root
INPUTFILE15=/tmp/maxwoo/21EF1A6A9139C9FD2A38E59AFB466F9A_304/INPUTFILES/data_150119551.root
INPUTFILE16=/tmp/maxwoo/21EF1A6A9139C9FD2A38E59AFB466F9A_304/INPUTFILES/data_150119561.root
INPUTFILE17=/tmp/maxwoo/21EF1A6A9139C9FD2A38E59AFB466F9A_304/INPUTFILES/data_150129901.root
INPUTFILE18=/tmp/maxwoo/21EF1A6A9139C9FD2A38E59AFB466F9A_304/INPUTFILES/data_150134581.root
INPUTFILE19=/tmp/maxwoo/21EF1A6A9139C9FD2A38E59AFB466F9A_304/INPUTFILES/data_150134591.root
INPUTFILE20=/tmp/maxwoo/21EF1A6A9139C9FD2A38E59AFB466F9A_304/INPUTFILES/data_150134601.root
INPUTFILE21=/tmp/maxwoo/21EF1A6A9139C9FD2A38E59AFB466F9A_304/INPUTFILES/data_150134611.root
INPUTFILE22=/tmp/maxwoo/21EF1A6A9139C9FD2A38E59AFB466F9A_304/INPUTFILES/data_150134621.root
INPUTFILE23=/tmp/maxwoo/21EF1A6A9139C9FD2A38E59AFB466F9A_304/INPUTFILES/data_150134631.root
INPUTFILE24=/tmp/maxwoo/21EF1A6A9139C9FD2A38E59AFB466F9A_304/INPUTFILES/data_150134651.root
INPUTFILE25=/tmp/maxwoo/21EF1A6A9139C9FD2A38E59AFB466F9A_304/INPUTFILES/data_150134671.root
INPUTFILE26=/tmp/maxwoo/21EF1A6A9139C9FD2A38E59AFB466F9A_304/INPUTFILES/data_150134681.root
INPUTFILE27=/tmp/maxwoo/21EF1A6A9139C9FD2A38E59AFB466F9A_304/INPUTFILES/data_150134691.root
INPUTFILE28=/tmp/maxwoo/21EF1A6A9139C9FD2A38E59AFB466F9A_304/INPUTFILES/data_150134701.root
INPUTFILE29=/tmp/maxwoo/21EF1A6A9139C9FD2A38E59AFB466F9A_304/INPUTFILES/data_150134711.root
INPUTFILE30=/tmp/maxwoo/21EF1A6A9139C9FD2A38E59AFB466F9A_304/INPUTFILES/data_150134721.root
INPUTFILE31=/tmp/maxwoo/21EF1A6A9139C9FD2A38E59AFB466F9A_304/INPUTFILES/data_150134731.root
INPUTFILE32=/tmp/maxwoo/21EF1A6A9139C9FD2A38E59AFB466F9A_304/INPUTFILES/data_150134741.root
INPUTFILE33=/tmp/maxwoo/21EF1A6A9139C9FD2A38E59AFB466F9A_304/INPUTFILES/data_150134751.root
INPUTFILE34=/tmp/maxwoo/21EF1A6A9139C9FD2A38E59AFB466F9A_304/INPUTFILES/data_150134771.root
INPUTFILE35=/tmp/maxwoo/21EF1A6A9139C9FD2A38E59AFB466F9A_304/INPUTFILES/data_150134781.root
INPUTFILE36=/tmp/maxwoo/21EF1A6A9139C9FD2A38E59AFB466F9A_304/INPUTFILES/data_150134981.root
LocalInputFileDir=/tmp/maxwoo/21EF1A6A9139C9FD2A38E59AFB466F9A_304/INPUTFILES
NewFILELIST=/tmp/maxwoo/21EF1A6A9139C9FD2A38E59AFB466F9A_304/INPUTFILES/21EF1A6A9139C9FD2A38E59AFB466F9A_304.local.list
+++++++++++++++++++++++++++++++++++++++++++++++
--------------------------------
Simple Unified Meta Scheduler 1.10.50 we are starting in $SCRATCH : /home/tmp/maxwoo/21EF1A6A9139C9FD2A38E59AFB466F9A_304
--------------------------------
total 16
lrwxrwxrwx 1 maxwoo rhstar   61 Jun  2 11:38 check_S.C -> /gpfs/mnt/gpfs01/star/pwg/xiatong/git/strangeness/./check_S.C
lrwxrwxrwx 1 maxwoo rhstar   65 Jun  2 11:38 Check_Sness.C -> /gpfs/mnt/gpfs01/star/pwg/xiatong/git/strangeness/./Check_Sness.C
drwxr-xr-x 2 maxwoo rhstar 4096 Jun  2 11:40 INPUTFILES
drwxr-xr-x 2 maxwoo rhstar 4096 Jun  2 11:38 lib
  *******************************************
  *                                         *
  *        W E L C O M E  to  R O O T       *
  *                                         *
  *   Version   5.34/38     12 March 2018   *
  *                                         *
  *  You are welcome to visit our Web site  *
  *          http://root.cern.ch            *
  *                                         *
  *******************************************

ROOT 5.34/38 (v5-34-38@v5-34-38, Mar 12 2018, 15:49:39 on linux)

CINT/ROOT C/C++ Interpreter version 5.18.00, July 2, 2010
Type ? for help. Commands must be C++ statements.
Enclose multiple statements between { }.
*** Float Point Exception is OFF ***
 *** Start at Date : Thu Jun  2 11:40:37 2022
QAInfo:You are using STAR_LEVEL : dev, ROOT_LEVEL : 5.34.38 and node : spool0824.sdcc.bnl.gov 

Processing check_S.C++("/tmp/maxwoo/21EF1A6A9139C9FD2A38E59AFB466F9A_304/INPUTFILES/21EF1A6A9139C9FD2A38E59AFB466F9A_304.local.list","21EF1A6A9139C9FD2A38E59AFB466F9A_304",1)...
/tmp/maxwoo/21EF1A6A9139C9FD2A38E59AFB466F9A_304/INPUTFILES/data_149543211.root 
/tmp/maxwoo/21EF1A6A9139C9FD2A38E59AFB466F9A_304/INPUTFILES/data_149544131.root 
/tmp/maxwoo/21EF1A6A9139C9FD2A38E59AFB466F9A_304/INPUTFILES/data_149643651.root 
/tmp/maxwoo/21EF1A6A9139C9FD2A38E59AFB466F9A_304/INPUTFILES/data_149653531.root 
/tmp/maxwoo/21EF1A6A9139C9FD2A38E59AFB466F9A_304/INPUTFILES/data_149688721.root 
/tmp/maxwoo/21EF1A6A9139C9FD2A38E59AFB466F9A_304/INPUTFILES/data_149744081.root 
/tmp/maxwoo/21EF1A6A9139C9FD2A38E59AFB466F9A_304/INPUTFILES/data_149843901.root 
/tmp/maxwoo/21EF1A6A9139C9FD2A38E59AFB466F9A_304/INPUTFILES/data_149853541.root 
/tmp/maxwoo/21EF1A6A9139C9FD2A38E59AFB466F9A_304/INPUTFILES/data_149942681.root 
/tmp/maxwoo/21EF1A6A9139C9FD2A38E59AFB466F9A_304/INPUTFILES/data_149943201.root 
/tmp/maxwoo/21EF1A6A9139C9FD2A38E59AFB466F9A_304/INPUTFILES/data_149943551.root 
/tmp/maxwoo/21EF1A6A9139C9FD2A38E59AFB466F9A_304/INPUTFILES/data_149943821.root 
/tmp/maxwoo/21EF1A6A9139C9FD2A38E59AFB466F9A_304/INPUTFILES/data_150043511.root 
/tmp/maxwoo/21EF1A6A9139C9FD2A38E59AFB466F9A_304/INPUTFILES/data_150043711.root 
/tmp/maxwoo/21EF1A6A9139C9FD2A38E59AFB466F9A_304/INPUTFILES/data_150119541.root 
/tmp/maxwoo/21EF1A6A9139C9FD2A38E59AFB466F9A_304/INPUTFILES/data_150119551.root 
/tmp/maxwoo/21EF1A6A9139C9FD2A38E59AFB466F9A_304/INPUTFILES/data_150119561.root 
/tmp/maxwoo/21EF1A6A9139C9FD2A38E59AFB466F9A_304/INPUTFILES/data_150129901.root 
/tmp/maxwoo/21EF1A6A9139C9FD2A38E59AFB466F9A_304/INPUTFILES/data_150134581.root 
/tmp/maxwoo/21EF1A6A9139C9FD2A38E59AFB466F9A_304/INPUTFILES/data_150134591.root 
/tmp/maxwoo/21EF1A6A9139C9FD2A38E59AFB466F9A_304/INPUTFILES/data_150134601.root 
/tmp/maxwoo/21EF1A6A9139C9FD2A38E59AFB466F9A_304/INPUTFILES/data_150134611.root 
/tmp/maxwoo/21EF1A6A9139C9FD2A38E59AFB466F9A_304/INPUTFILES/data_150134621.root 
/tmp/maxwoo/21EF1A6A9139C9FD2A38E59AFB466F9A_304/INPUTFILES/data_150134631.root 
/tmp/maxwoo/21EF1A6A9139C9FD2A38E59AFB466F9A_304/INPUTFILES/data_150134651.root 
/tmp/maxwoo/21EF1A6A9139C9FD2A38E59AFB466F9A_304/INPUTFILES/data_150134671.root 
/tmp/maxwoo/21EF1A6A9139C9FD2A38E59AFB466F9A_304/INPUTFILES/data_150134681.root 
/tmp/maxwoo/21EF1A6A9139C9FD2A38E59AFB466F9A_304/INPUTFILES/data_150134691.root 
/tmp/maxwoo/21EF1A6A9139C9FD2A38E59AFB466F9A_304/INPUTFILES/data_150134701.root 
/tmp/maxwoo/21EF1A6A9139C9FD2A38E59AFB466F9A_304/INPUTFILES/data_150134711.root 
/tmp/maxwoo/21EF1A6A9139C9FD2A38E59AFB466F9A_304/INPUTFILES/data_150134721.root 
/tmp/maxwoo/21EF1A6A9139C9FD2A38E59AFB466F9A_304/INPUTFILES/data_150134731.root 
/tmp/maxwoo/21EF1A6A9139C9FD2A38E59AFB466F9A_304/INPUTFILES/data_150134741.root 
/tmp/maxwoo/21EF1A6A9139C9FD2A38E59AFB466F9A_304/INPUTFILES/data_150134751.root 
/tmp/maxwoo/21EF1A6A9139C9FD2A38E59AFB466F9A_304/INPUTFILES/data_150134771.root 
/tmp/maxwoo/21EF1A6A9139C9FD2A38E59AFB466F9A_304/INPUTFILES/data_150134781.root 
/tmp/maxwoo/21EF1A6A9139C9FD2A38E59AFB466F9A_304/INPUTFILES/data_150134981.root 
Added 37 files
# entries in chain: 37000
Processing entry == 1000 == out of 37000.
Processing entry == 2000 == out of 37000.
Processing entry == 3000 == out of 37000.
Processing entry == 4000 == out of 37000.
Processing entry == 5000 == out of 37000.
Processing entry == 6000 == out of 37000.
Processing entry == 7000 == out of 37000.
Processing entry == 8000 == out of 37000.
Processing entry == 9000 == out of 37000.
Processing entry == 10000 == out of 37000.
Processing entry == 11000 == out of 37000.
Processing entry == 12000 == out of 37000.
Processing entry == 13000 == out of 37000.
Processing entry == 14000 == out of 37000.
Processing entry == 15000 == out of 37000.
Processing entry == 16000 == out of 37000.
Processing entry == 17000 == out of 37000.
Processing entry == 18000 == out of 37000.
Processing entry == 19000 == out of 37000.
Processing entry == 20000 == out of 37000.
Processing entry == 21000 == out of 37000.
Processing entry == 22000 == out of 37000.
Processing entry == 23000 == out of 37000.
Processing entry == 24000 == out of 37000.
Processing entry == 25000 == out of 37000.
Processing entry == 26000 == out of 37000.
Processing entry == 27000 == out of 37000.
Processing entry == 28000 == out of 37000.
Processing entry == 29000 == out of 37000.
Processing entry == 30000 == out of 37000.
Processing entry == 31000 == out of 37000.
Processing entry == 32000 == out of 37000.
Processing entry == 33000 == out of 37000.
Processing entry == 34000 == out of 37000.
Processing entry == 35000 == out of 37000.
Processing entry == 36000 == out of 37000.
Processing entry == 37000 == out of 37000.

This is the end of ROOT -- Goodbye

Cleaning up sandbox file:  /tmp/maxwoo/21EF1A6A9139C9FD2A38E59AFB466F9A_304/check_S.C
Cleaning up sandbox file:  /tmp/maxwoo/21EF1A6A9139C9FD2A38E59AFB466F9A_304/Check_Sness.C
Cleaning up sandbox file:  /tmp/maxwoo/21EF1A6A9139C9FD2A38E59AFB466F9A_304/lib
Cleaning up sandbox file:  /tmp/maxwoo/21EF1A6A9139C9FD2A38E59AFB466F9A_304/.sandboxFiles
Starting copy block
Running copy command:  /bin/cp -fp /tmp/maxwoo/21EF1A6A9139C9FD2A38E59AFB466F9A_304/out_21EF1A6A9139C9FD2A38E59AFB466F9A_304.root /star/data01/pwg/xiatong/git/strangeness/data/
130970 Execution of (/star/data01/pwg/xiatong/git/strangeness/script/sched21EF1A6A9139C9FD2A38E59AFB466F9A_304.csh ) has ended, exiting normally
130970 We END on [Thu Jun  2 12:00:31 EDT 2022]
