We are starting on node: spool0610.sdcc.bnl.gov
HOME is not defined
Using getent method
HOME is now /star/u/maxwoo
4730 We will spawn ourselves (/star/data01/pwg/xiatong/git/strangeness/script/sched21EF1A6A9139C9FD2A38E59AFB466F9A_2080.csh )
4730 We BEGIN on [Thu Jun  2 11:00:46 EDT 2022]
[1] 5284
4730 We are waiting for 5284 
4730 Grandchild PID is 8130 - found in 10 x 1 seconds
4730 Establishing first watcher   on    Thu Jun  2 11:01:00 EDT 2022
4730 Process tree is 4730 (main) -> 5284 (child) -> 8130 (grandchild)
F S   UID   PID  PPID  C PRI  NI ADDR SZ WCHAN  TTY        TIME CMD
0 D 100667 8130  5284  0  80   0 - 32311 cxiWai ?          0:00 cp /star/data01/pwg/xiatong/AMPT/14GeV/data_975105351.root /tmp/maxwoo/21EF1A6A9139C9FD2A38E59AFB466F9A_2080/INPUTFILES/data_975105351.root
4730 Grandchild PID is 10078 - found in 20 x 2 seconds
4730 Grandchild to watch has changed on Thu Jun  2 11:01:24 EDT 2022
4730 Process tree is 4730 (main) -> 5284 (child) -> 10078 (grandchild)
F S   UID   PID  PPID  C PRI  NI ADDR SZ WCHAN  TTY        TIME CMD
0 D 100667 10078 5284  0  80   0 - 32311 cxiWai ?          0:00 cp /star/data01/pwg/xiatong/AMPT/14GeV/data_975137241.root /tmp/maxwoo/21EF1A6A9139C9FD2A38E59AFB466F9A_2080/INPUTFILES/data_975137241.root
4730 Grandchild PID is 11660 - found in 30 x 2 seconds
4730 Grandchild to watch has changed on Thu Jun  2 11:01:45 EDT 2022
4730 Process tree is 4730 (main) -> 5284 (child) -> 11660 (grandchild)
F S   UID   PID  PPID  C PRI  NI ADDR SZ WCHAN  TTY        TIME CMD
0 D 100667 11660 5284  0  80   0 - 32311 cxiWai ?          0:00 cp /star/data01/pwg/xiatong/AMPT/14GeV/data_975196041.root /tmp/maxwoo/21EF1A6A9139C9FD2A38E59AFB466F9A_2080/INPUTFILES/data_975196041.root
4730 Grandchild PID is 13947 - found in 40 x 2 seconds
4730 Grandchild to watch has changed on Thu Jun  2 11:02:06 EDT 2022
4730 Process tree is 4730 (main) -> 5284 (child) -> 13947 (grandchild)
F S   UID   PID  PPID  C PRI  NI ADDR SZ WCHAN  TTY        TIME CMD
0 D 100667 13947 5284  0  80   0 - 32311 cxiWai ?          0:00 cp /star/data01/pwg/xiatong/AMPT/14GeV/data_975197911.root /tmp/maxwoo/21EF1A6A9139C9FD2A38E59AFB466F9A_2080/INPUTFILES/data_975197911.root
4730 Grandchild PID is 15987 - found in 50 x 2 seconds
4730 Grandchild to watch has changed on Thu Jun  2 11:02:27 EDT 2022
4730 Process tree is 4730 (main) -> 5284 (child) -> 15987 (grandchild)
F S   UID   PID  PPID  C PRI  NI ADDR SZ WCHAN  TTY        TIME CMD
0 R 100667 15987 5284  0  80   0 - 32311 -      ?          0:00 cp /star/data01/pwg/xiatong/AMPT/14GeV/data_975673511.root /tmp/maxwoo/21EF1A6A9139C9FD2A38E59AFB466F9A_2080/INPUTFILES/data_975673511.root
4730 Grandchild PID is 16509 - found in 60 x 2 seconds
4730 Grandchild to watch has changed on Thu Jun  2 11:02:48 EDT 2022
4730 Process tree is 4730 (main) -> 5284 (child) -> 16509 (grandchild)
F S   UID   PID  PPID  C PRI  NI ADDR SZ WCHAN  TTY        TIME CMD
0 D 100667 16509 5284  0  80   0 - 32311 cxiWai ?          0:00 cp /star/data01/pwg/xiatong/AMPT/14GeV/data_975773491.root /tmp/maxwoo/21EF1A6A9139C9FD2A38E59AFB466F9A_2080/INPUTFILES/data_975773491.root
4730 Grandchild PID is 19437 - found in 70 x 2 seconds
4730 Grandchild to watch has changed on Thu Jun  2 11:03:09 EDT 2022
4730 Process tree is 4730 (main) -> 5284 (child) -> 19437 (grandchild)
F S   UID   PID  PPID  C PRI  NI ADDR SZ WCHAN  TTY        TIME CMD
0 D 100667 19437 5284  0  80   0 - 32311 cxiWai ?          0:00 cp /star/data01/pwg/xiatong/AMPT/14GeV/data_976104871.root /tmp/maxwoo/21EF1A6A9139C9FD2A38E59AFB466F9A_2080/INPUTFILES/data_976104871.root
4730 Grandchild PID is 21739 - found in 80 x 2 seconds
4730 Grandchild to watch has changed on Thu Jun  2 11:03:30 EDT 2022
4730 Process tree is 4730 (main) -> 5284 (child) -> 21739 (grandchild)
F S   UID   PID  PPID  C PRI  NI ADDR SZ WCHAN  TTY        TIME CMD
0 S 100667 21739 5284  0  80   0 -  1272 do_wai ?          0:00 root -b -q check_S.C++("/tmp/maxwoo/21EF1A6A9139C9FD2A38E59AFB466F9A_2080/INPUTFILES/21EF1A6A9139C9FD2A38E59AFB466F9A_2080.local.list","21EF1A6A9139C9FD2A38E59AFB466F9A_2080",1)
5284 Stepping into the main SUMS wrapper program with []
.... building sandbox
Running: cp /star/data01/pwg/xiatong/AMPT/14GeV/data_974890911.root /tmp/maxwoo/21EF1A6A9139C9FD2A38E59AFB466F9A_2080/INPUTFILES/data_974890911.root
Running: cp /star/data01/pwg/xiatong/AMPT/14GeV/data_974973661.root /tmp/maxwoo/21EF1A6A9139C9FD2A38E59AFB466F9A_2080/INPUTFILES/data_974973661.root
Running: cp /star/data01/pwg/xiatong/AMPT/14GeV/data_975073631.root /tmp/maxwoo/21EF1A6A9139C9FD2A38E59AFB466F9A_2080/INPUTFILES/data_975073631.root
Running: cp /star/data01/pwg/xiatong/AMPT/14GeV/data_975073651.root /tmp/maxwoo/21EF1A6A9139C9FD2A38E59AFB466F9A_2080/INPUTFILES/data_975073651.root
Running: cp /star/data01/pwg/xiatong/AMPT/14GeV/data_975105351.root /tmp/maxwoo/21EF1A6A9139C9FD2A38E59AFB466F9A_2080/INPUTFILES/data_975105351.root
Running: cp /star/data01/pwg/xiatong/AMPT/14GeV/data_975122521.root /tmp/maxwoo/21EF1A6A9139C9FD2A38E59AFB466F9A_2080/INPUTFILES/data_975122521.root
Running: cp /star/data01/pwg/xiatong/AMPT/14GeV/data_975122551.root /tmp/maxwoo/21EF1A6A9139C9FD2A38E59AFB466F9A_2080/INPUTFILES/data_975122551.root
Running: cp /star/data01/pwg/xiatong/AMPT/14GeV/data_975122561.root /tmp/maxwoo/21EF1A6A9139C9FD2A38E59AFB466F9A_2080/INPUTFILES/data_975122561.root
Running: cp /star/data01/pwg/xiatong/AMPT/14GeV/data_975122611.root /tmp/maxwoo/21EF1A6A9139C9FD2A38E59AFB466F9A_2080/INPUTFILES/data_975122611.root
Running: cp /star/data01/pwg/xiatong/AMPT/14GeV/data_975137241.root /tmp/maxwoo/21EF1A6A9139C9FD2A38E59AFB466F9A_2080/INPUTFILES/data_975137241.root
Running: cp /star/data01/pwg/xiatong/AMPT/14GeV/data_975159491.root /tmp/maxwoo/21EF1A6A9139C9FD2A38E59AFB466F9A_2080/INPUTFILES/data_975159491.root
Running: cp /star/data01/pwg/xiatong/AMPT/14GeV/data_975173611.root /tmp/maxwoo/21EF1A6A9139C9FD2A38E59AFB466F9A_2080/INPUTFILES/data_975173611.root
Running: cp /star/data01/pwg/xiatong/AMPT/14GeV/data_975173621.root /tmp/maxwoo/21EF1A6A9139C9FD2A38E59AFB466F9A_2080/INPUTFILES/data_975173621.root
Running: cp /star/data01/pwg/xiatong/AMPT/14GeV/data_975174051.root /tmp/maxwoo/21EF1A6A9139C9FD2A38E59AFB466F9A_2080/INPUTFILES/data_975174051.root
Running: cp /star/data01/pwg/xiatong/AMPT/14GeV/data_975196041.root /tmp/maxwoo/21EF1A6A9139C9FD2A38E59AFB466F9A_2080/INPUTFILES/data_975196041.root
Running: cp /star/data01/pwg/xiatong/AMPT/14GeV/data_975197911.root /tmp/maxwoo/21EF1A6A9139C9FD2A38E59AFB466F9A_2080/INPUTFILES/data_975197911.root
Running: cp /star/data01/pwg/xiatong/AMPT/14GeV/data_975199281.root /tmp/maxwoo/21EF1A6A9139C9FD2A38E59AFB466F9A_2080/INPUTFILES/data_975199281.root
Running: cp /star/data01/pwg/xiatong/AMPT/14GeV/data_975199311.root /tmp/maxwoo/21EF1A6A9139C9FD2A38E59AFB466F9A_2080/INPUTFILES/data_975199311.root
Running: cp /star/data01/pwg/xiatong/AMPT/14GeV/data_975199411.root /tmp/maxwoo/21EF1A6A9139C9FD2A38E59AFB466F9A_2080/INPUTFILES/data_975199411.root
Running: cp /star/data01/pwg/xiatong/AMPT/14GeV/data_975273641.root /tmp/maxwoo/21EF1A6A9139C9FD2A38E59AFB466F9A_2080/INPUTFILES/data_975273641.root
Running: cp /star/data01/pwg/xiatong/AMPT/14GeV/data_975373571.root /tmp/maxwoo/21EF1A6A9139C9FD2A38E59AFB466F9A_2080/INPUTFILES/data_975373571.root
Running: cp /star/data01/pwg/xiatong/AMPT/14GeV/data_975373591.root /tmp/maxwoo/21EF1A6A9139C9FD2A38E59AFB466F9A_2080/INPUTFILES/data_975373591.root
Running: cp /star/data01/pwg/xiatong/AMPT/14GeV/data_975373601.root /tmp/maxwoo/21EF1A6A9139C9FD2A38E59AFB466F9A_2080/INPUTFILES/data_975373601.root
Running: cp /star/data01/pwg/xiatong/AMPT/14GeV/data_975473561.root /tmp/maxwoo/21EF1A6A9139C9FD2A38E59AFB466F9A_2080/INPUTFILES/data_975473561.root
Running: cp /star/data01/pwg/xiatong/AMPT/14GeV/data_975573541.root /tmp/maxwoo/21EF1A6A9139C9FD2A38E59AFB466F9A_2080/INPUTFILES/data_975573541.root
Running: cp /star/data01/pwg/xiatong/AMPT/14GeV/data_975573551.root /tmp/maxwoo/21EF1A6A9139C9FD2A38E59AFB466F9A_2080/INPUTFILES/data_975573551.root
Running: cp /star/data01/pwg/xiatong/AMPT/14GeV/data_975673511.root /tmp/maxwoo/21EF1A6A9139C9FD2A38E59AFB466F9A_2080/INPUTFILES/data_975673511.root
Running: cp /star/data01/pwg/xiatong/AMPT/14GeV/data_975673531.root /tmp/maxwoo/21EF1A6A9139C9FD2A38E59AFB466F9A_2080/INPUTFILES/data_975673531.root
Running: cp /star/data01/pwg/xiatong/AMPT/14GeV/data_975773491.root /tmp/maxwoo/21EF1A6A9139C9FD2A38E59AFB466F9A_2080/INPUTFILES/data_975773491.root
Running: cp /star/data01/pwg/xiatong/AMPT/14GeV/data_975873501.root /tmp/maxwoo/21EF1A6A9139C9FD2A38E59AFB466F9A_2080/INPUTFILES/data_975873501.root
Running: cp /star/data01/pwg/xiatong/AMPT/14GeV/data_975973481.root /tmp/maxwoo/21EF1A6A9139C9FD2A38E59AFB466F9A_2080/INPUTFILES/data_975973481.root
Running: cp /star/data01/pwg/xiatong/AMPT/14GeV/data_975973521.root /tmp/maxwoo/21EF1A6A9139C9FD2A38E59AFB466F9A_2080/INPUTFILES/data_975973521.root
Running: cp /star/data01/pwg/xiatong/AMPT/14GeV/data_976073461.root /tmp/maxwoo/21EF1A6A9139C9FD2A38E59AFB466F9A_2080/INPUTFILES/data_976073461.root
Running: cp /star/data01/pwg/xiatong/AMPT/14GeV/data_976073471.root /tmp/maxwoo/21EF1A6A9139C9FD2A38E59AFB466F9A_2080/INPUTFILES/data_976073471.root
Running: cp /star/data01/pwg/xiatong/AMPT/14GeV/data_976104861.root /tmp/maxwoo/21EF1A6A9139C9FD2A38E59AFB466F9A_2080/INPUTFILES/data_976104861.root
Running: cp /star/data01/pwg/xiatong/AMPT/14GeV/data_976104871.root /tmp/maxwoo/21EF1A6A9139C9FD2A38E59AFB466F9A_2080/INPUTFILES/data_976104871.root
Running: cp /star/data01/pwg/xiatong/AMPT/14GeV/data_976104901.root /tmp/maxwoo/21EF1A6A9139C9FD2A38E59AFB466F9A_2080/INPUTFILES/data_976104901.root
Swapping $FILELIST with: /tmp/maxwoo/21EF1A6A9139C9FD2A38E59AFB466F9A_2080/INPUTFILES/21EF1A6A9139C9FD2A38E59AFB466F9A_2080.local.list
+++++++++++local copy debug++++++++++++++++++++
newFileList: /tmp/maxwoo/21EF1A6A9139C9FD2A38E59AFB466F9A_2080/INPUTFILES/21EF1A6A9139C9FD2A38E59AFB466F9A_2080.local.list
++++++++++++++++cat FILELIST+++++++++++++++++++
/tmp/maxwoo/21EF1A6A9139C9FD2A38E59AFB466F9A_2080/INPUTFILES/data_974890911.root 
/tmp/maxwoo/21EF1A6A9139C9FD2A38E59AFB466F9A_2080/INPUTFILES/data_974973661.root 
/tmp/maxwoo/21EF1A6A9139C9FD2A38E59AFB466F9A_2080/INPUTFILES/data_975073631.root 
/tmp/maxwoo/21EF1A6A9139C9FD2A38E59AFB466F9A_2080/INPUTFILES/data_975073651.root 
/tmp/maxwoo/21EF1A6A9139C9FD2A38E59AFB466F9A_2080/INPUTFILES/data_975105351.root 
/tmp/maxwoo/21EF1A6A9139C9FD2A38E59AFB466F9A_2080/INPUTFILES/data_975122521.root 
/tmp/maxwoo/21EF1A6A9139C9FD2A38E59AFB466F9A_2080/INPUTFILES/data_975122551.root 
/tmp/maxwoo/21EF1A6A9139C9FD2A38E59AFB466F9A_2080/INPUTFILES/data_975122561.root 
/tmp/maxwoo/21EF1A6A9139C9FD2A38E59AFB466F9A_2080/INPUTFILES/data_975122611.root 
/tmp/maxwoo/21EF1A6A9139C9FD2A38E59AFB466F9A_2080/INPUTFILES/data_975137241.root 
/tmp/maxwoo/21EF1A6A9139C9FD2A38E59AFB466F9A_2080/INPUTFILES/data_975159491.root 
/tmp/maxwoo/21EF1A6A9139C9FD2A38E59AFB466F9A_2080/INPUTFILES/data_975173611.root 
/tmp/maxwoo/21EF1A6A9139C9FD2A38E59AFB466F9A_2080/INPUTFILES/data_975173621.root 
/tmp/maxwoo/21EF1A6A9139C9FD2A38E59AFB466F9A_2080/INPUTFILES/data_975174051.root 
/tmp/maxwoo/21EF1A6A9139C9FD2A38E59AFB466F9A_2080/INPUTFILES/data_975196041.root 
/tmp/maxwoo/21EF1A6A9139C9FD2A38E59AFB466F9A_2080/INPUTFILES/data_975197911.root 
/tmp/maxwoo/21EF1A6A9139C9FD2A38E59AFB466F9A_2080/INPUTFILES/data_975199281.root 
/tmp/maxwoo/21EF1A6A9139C9FD2A38E59AFB466F9A_2080/INPUTFILES/data_975199311.root 
/tmp/maxwoo/21EF1A6A9139C9FD2A38E59AFB466F9A_2080/INPUTFILES/data_975199411.root 
/tmp/maxwoo/21EF1A6A9139C9FD2A38E59AFB466F9A_2080/INPUTFILES/data_975273641.root 
/tmp/maxwoo/21EF1A6A9139C9FD2A38E59AFB466F9A_2080/INPUTFILES/data_975373571.root 
/tmp/maxwoo/21EF1A6A9139C9FD2A38E59AFB466F9A_2080/INPUTFILES/data_975373591.root 
/tmp/maxwoo/21EF1A6A9139C9FD2A38E59AFB466F9A_2080/INPUTFILES/data_975373601.root 
/tmp/maxwoo/21EF1A6A9139C9FD2A38E59AFB466F9A_2080/INPUTFILES/data_975473561.root 
/tmp/maxwoo/21EF1A6A9139C9FD2A38E59AFB466F9A_2080/INPUTFILES/data_975573541.root 
/tmp/maxwoo/21EF1A6A9139C9FD2A38E59AFB466F9A_2080/INPUTFILES/data_975573551.root 
/tmp/maxwoo/21EF1A6A9139C9FD2A38E59AFB466F9A_2080/INPUTFILES/data_975673511.root 
/tmp/maxwoo/21EF1A6A9139C9FD2A38E59AFB466F9A_2080/INPUTFILES/data_975673531.root 
/tmp/maxwoo/21EF1A6A9139C9FD2A38E59AFB466F9A_2080/INPUTFILES/data_975773491.root 
/tmp/maxwoo/21EF1A6A9139C9FD2A38E59AFB466F9A_2080/INPUTFILES/data_975873501.root 
/tmp/maxwoo/21EF1A6A9139C9FD2A38E59AFB466F9A_2080/INPUTFILES/data_975973481.root 
/tmp/maxwoo/21EF1A6A9139C9FD2A38E59AFB466F9A_2080/INPUTFILES/data_975973521.root 
/tmp/maxwoo/21EF1A6A9139C9FD2A38E59AFB466F9A_2080/INPUTFILES/data_976073461.root 
/tmp/maxwoo/21EF1A6A9139C9FD2A38E59AFB466F9A_2080/INPUTFILES/data_976073471.root 
/tmp/maxwoo/21EF1A6A9139C9FD2A38E59AFB466F9A_2080/INPUTFILES/data_976104861.root 
/tmp/maxwoo/21EF1A6A9139C9FD2A38E59AFB466F9A_2080/INPUTFILES/data_976104871.root 
/tmp/maxwoo/21EF1A6A9139C9FD2A38E59AFB466F9A_2080/INPUTFILES/data_976104901.root 
++++++++++++++++++++find.++++++++++++++++++++++
.
./check_S.C
./Check_Sness.C
./.sandboxFiles
./lib
./lib/NpartNormalizer_cpp.d
./lib/my_event_cpp.so
./lib/MixedBuffer.h
./lib/NpartNormalizer_cpp_ACLiC_dict_rdict.pcm
./lib/MixedBuffer_cpp_ACLiC_dict_rdict.pcm
./lib/my_event_cpp_ACLiC_dict_rdict.pcm
./lib/CenMaker_cpp.d
./lib/CenMaker_cpp_ACLiC_dict_rdict.pcm
./lib/NpartNormalizer.cpp
./lib/CenMaker.cpp
./lib/my_event.cpp
./lib/NpartNormalizer_cpp.so
./lib/NpartNormalizer.h
./lib/my_particle_cpp_ACLiC_dict_rdict.pcm
./lib/my_particle_cpp.so
./lib/CenMaker.h
./lib/my_particle.h
./lib/MixedBuffer.cpp
./lib/CenMaker_cpp.so
./lib/MixedBuffer_cpp.so
./lib/my_event_cpp.d
./lib/MixedBuffer_cpp.d
./lib/my_event.h
./lib/my_particle_cpp.d
./lib/my_particle.cpp
./.errror.log
./INPUTFILES
./INPUTFILES/data_975373571.root
./INPUTFILES/data_975122611.root
./INPUTFILES/data_975573541.root
./INPUTFILES/data_975199411.root
./INPUTFILES/data_975973521.root
./INPUTFILES/data_975373601.root
./INPUTFILES/data_975673511.root
./INPUTFILES/data_975174051.root
./INPUTFILES/21EF1A6A9139C9FD2A38E59AFB466F9A_2080.local.list
./INPUTFILES/data_975159491.root
./INPUTFILES/data_975073651.root
./INPUTFILES/data_975773491.root
./INPUTFILES/data_975122521.root
./INPUTFILES/data_975273641.root
./INPUTFILES/data_974973661.root
./INPUTFILES/data_975973481.root
./INPUTFILES/data_976104871.root
./INPUTFILES/data_975197911.root
./INPUTFILES/data_975122561.root
./INPUTFILES/data_975473561.root
./INPUTFILES/data_975373591.root
./INPUTFILES/data_976073471.root
./INPUTFILES/data_976104901.root
./INPUTFILES/data_975673531.root
./INPUTFILES/data_975199311.root
./INPUTFILES/data_975173611.root
./INPUTFILES/data_975122551.root
./INPUTFILES/data_976073461.root
./INPUTFILES/data_975199281.root
./INPUTFILES/data_975573551.root
./INPUTFILES/data_975873501.root
./INPUTFILES/data_975073631.root
./INPUTFILES/data_976104861.root
./INPUTFILES/data_974890911.root
./INPUTFILES/data_975196041.root
./INPUTFILES/data_975105351.root
./INPUTFILES/data_975137241.root
./INPUTFILES/data_975173621.root
./.output.log
++++++++++++++++INPUTFILE Var++++++++++++++++++
FILELIST=/tmp/maxwoo/21EF1A6A9139C9FD2A38E59AFB466F9A_2080/INPUTFILES/21EF1A6A9139C9FD2A38E59AFB466F9A_2080.local.list
INPUTFILECOUNT=37
INPUTFILE0=/tmp/maxwoo/21EF1A6A9139C9FD2A38E59AFB466F9A_2080/INPUTFILES/data_974890911.root
INPUTFILE1=/tmp/maxwoo/21EF1A6A9139C9FD2A38E59AFB466F9A_2080/INPUTFILES/data_974973661.root
INPUTFILE2=/tmp/maxwoo/21EF1A6A9139C9FD2A38E59AFB466F9A_2080/INPUTFILES/data_975073631.root
INPUTFILE3=/tmp/maxwoo/21EF1A6A9139C9FD2A38E59AFB466F9A_2080/INPUTFILES/data_975073651.root
INPUTFILE4=/tmp/maxwoo/21EF1A6A9139C9FD2A38E59AFB466F9A_2080/INPUTFILES/data_975105351.root
INPUTFILE5=/tmp/maxwoo/21EF1A6A9139C9FD2A38E59AFB466F9A_2080/INPUTFILES/data_975122521.root
INPUTFILE6=/tmp/maxwoo/21EF1A6A9139C9FD2A38E59AFB466F9A_2080/INPUTFILES/data_975122551.root
INPUTFILE7=/tmp/maxwoo/21EF1A6A9139C9FD2A38E59AFB466F9A_2080/INPUTFILES/data_975122561.root
INPUTFILE8=/tmp/maxwoo/21EF1A6A9139C9FD2A38E59AFB466F9A_2080/INPUTFILES/data_975122611.root
INPUTFILE9=/tmp/maxwoo/21EF1A6A9139C9FD2A38E59AFB466F9A_2080/INPUTFILES/data_975137241.root
INPUTFILE10=/tmp/maxwoo/21EF1A6A9139C9FD2A38E59AFB466F9A_2080/INPUTFILES/data_975159491.root
INPUTFILE11=/tmp/maxwoo/21EF1A6A9139C9FD2A38E59AFB466F9A_2080/INPUTFILES/data_975173611.root
INPUTFILE12=/tmp/maxwoo/21EF1A6A9139C9FD2A38E59AFB466F9A_2080/INPUTFILES/data_975173621.root
INPUTFILE13=/tmp/maxwoo/21EF1A6A9139C9FD2A38E59AFB466F9A_2080/INPUTFILES/data_975174051.root
INPUTFILE14=/tmp/maxwoo/21EF1A6A9139C9FD2A38E59AFB466F9A_2080/INPUTFILES/data_975196041.root
INPUTFILE15=/tmp/maxwoo/21EF1A6A9139C9FD2A38E59AFB466F9A_2080/INPUTFILES/data_975197911.root
INPUTFILE16=/tmp/maxwoo/21EF1A6A9139C9FD2A38E59AFB466F9A_2080/INPUTFILES/data_975199281.root
INPUTFILE17=/tmp/maxwoo/21EF1A6A9139C9FD2A38E59AFB466F9A_2080/INPUTFILES/data_975199311.root
INPUTFILE18=/tmp/maxwoo/21EF1A6A9139C9FD2A38E59AFB466F9A_2080/INPUTFILES/data_975199411.root
INPUTFILE19=/tmp/maxwoo/21EF1A6A9139C9FD2A38E59AFB466F9A_2080/INPUTFILES/data_975273641.root
INPUTFILE20=/tmp/maxwoo/21EF1A6A9139C9FD2A38E59AFB466F9A_2080/INPUTFILES/data_975373571.root
INPUTFILE21=/tmp/maxwoo/21EF1A6A9139C9FD2A38E59AFB466F9A_2080/INPUTFILES/data_975373591.root
INPUTFILE22=/tmp/maxwoo/21EF1A6A9139C9FD2A38E59AFB466F9A_2080/INPUTFILES/data_975373601.root
INPUTFILE23=/tmp/maxwoo/21EF1A6A9139C9FD2A38E59AFB466F9A_2080/INPUTFILES/data_975473561.root
INPUTFILE24=/tmp/maxwoo/21EF1A6A9139C9FD2A38E59AFB466F9A_2080/INPUTFILES/data_975573541.root
INPUTFILE25=/tmp/maxwoo/21EF1A6A9139C9FD2A38E59AFB466F9A_2080/INPUTFILES/data_975573551.root
INPUTFILE26=/tmp/maxwoo/21EF1A6A9139C9FD2A38E59AFB466F9A_2080/INPUTFILES/data_975673511.root
INPUTFILE27=/tmp/maxwoo/21EF1A6A9139C9FD2A38E59AFB466F9A_2080/INPUTFILES/data_975673531.root
INPUTFILE28=/tmp/maxwoo/21EF1A6A9139C9FD2A38E59AFB466F9A_2080/INPUTFILES/data_975773491.root
INPUTFILE29=/tmp/maxwoo/21EF1A6A9139C9FD2A38E59AFB466F9A_2080/INPUTFILES/data_975873501.root
INPUTFILE30=/tmp/maxwoo/21EF1A6A9139C9FD2A38E59AFB466F9A_2080/INPUTFILES/data_975973481.root
INPUTFILE31=/tmp/maxwoo/21EF1A6A9139C9FD2A38E59AFB466F9A_2080/INPUTFILES/data_975973521.root
INPUTFILE32=/tmp/maxwoo/21EF1A6A9139C9FD2A38E59AFB466F9A_2080/INPUTFILES/data_976073461.root
INPUTFILE33=/tmp/maxwoo/21EF1A6A9139C9FD2A38E59AFB466F9A_2080/INPUTFILES/data_976073471.root
INPUTFILE34=/tmp/maxwoo/21EF1A6A9139C9FD2A38E59AFB466F9A_2080/INPUTFILES/data_976104861.root
INPUTFILE35=/tmp/maxwoo/21EF1A6A9139C9FD2A38E59AFB466F9A_2080/INPUTFILES/data_976104871.root
INPUTFILE36=/tmp/maxwoo/21EF1A6A9139C9FD2A38E59AFB466F9A_2080/INPUTFILES/data_976104901.root
LocalInputFileDir=/tmp/maxwoo/21EF1A6A9139C9FD2A38E59AFB466F9A_2080/INPUTFILES
NewFILELIST=/tmp/maxwoo/21EF1A6A9139C9FD2A38E59AFB466F9A_2080/INPUTFILES/21EF1A6A9139C9FD2A38E59AFB466F9A_2080.local.list
+++++++++++++++++++++++++++++++++++++++++++++++
--------------------------------
Simple Unified Meta Scheduler 1.10.50 we are starting in $SCRATCH : /home/tmp/maxwoo/21EF1A6A9139C9FD2A38E59AFB466F9A_2080
--------------------------------
total 16
lrwxrwxrwx 1 maxwoo rhstar   61 Jun  2 11:00 check_S.C -> /gpfs/mnt/gpfs01/star/pwg/xiatong/git/strangeness/./check_S.C
lrwxrwxrwx 1 maxwoo rhstar   65 Jun  2 11:00 Check_Sness.C -> /gpfs/mnt/gpfs01/star/pwg/xiatong/git/strangeness/./Check_Sness.C
drwxr-xr-x 2 maxwoo rhstar 4096 Jun  2 11:03 INPUTFILES
drwxr-xr-x 2 maxwoo rhstar 4096 Jun  2 11:00 lib
  *******************************************
  *                                         *
  *        W E L C O M E  to  R O O T       *
  *                                         *
  *   Version   5.34/38     12 March 2018   *
  *                                         *
  *  You are welcome to visit our Web site  *
  *          http://root.cern.ch            *
  *                                         *
  *******************************************

ROOT 5.34/38 (v5-34-38@v5-34-38, Mar 12 2018, 15:49:39 on linux)

CINT/ROOT C/C++ Interpreter version 5.18.00, July 2, 2010
Type ? for help. Commands must be C++ statements.
Enclose multiple statements between { }.
*** Float Point Exception is OFF ***
 *** Start at Date : Thu Jun  2 11:03:21 2022
QAInfo:You are using STAR_LEVEL : dev, ROOT_LEVEL : 5.34.38 and node : spool0610.sdcc.bnl.gov 

Processing check_S.C++("/tmp/maxwoo/21EF1A6A9139C9FD2A38E59AFB466F9A_2080/INPUTFILES/21EF1A6A9139C9FD2A38E59AFB466F9A_2080.local.list","21EF1A6A9139C9FD2A38E59AFB466F9A_2080",1)...
/tmp/maxwoo/21EF1A6A9139C9FD2A38E59AFB466F9A_2080/INPUTFILES/data_974890911.root 
/tmp/maxwoo/21EF1A6A9139C9FD2A38E59AFB466F9A_2080/INPUTFILES/data_974973661.root 
/tmp/maxwoo/21EF1A6A9139C9FD2A38E59AFB466F9A_2080/INPUTFILES/data_975073631.root 
/tmp/maxwoo/21EF1A6A9139C9FD2A38E59AFB466F9A_2080/INPUTFILES/data_975073651.root 
/tmp/maxwoo/21EF1A6A9139C9FD2A38E59AFB466F9A_2080/INPUTFILES/data_975105351.root 
/tmp/maxwoo/21EF1A6A9139C9FD2A38E59AFB466F9A_2080/INPUTFILES/data_975122521.root 
/tmp/maxwoo/21EF1A6A9139C9FD2A38E59AFB466F9A_2080/INPUTFILES/data_975122551.root 
/tmp/maxwoo/21EF1A6A9139C9FD2A38E59AFB466F9A_2080/INPUTFILES/data_975122561.root 
/tmp/maxwoo/21EF1A6A9139C9FD2A38E59AFB466F9A_2080/INPUTFILES/data_975122611.root 
/tmp/maxwoo/21EF1A6A9139C9FD2A38E59AFB466F9A_2080/INPUTFILES/data_975137241.root 
/tmp/maxwoo/21EF1A6A9139C9FD2A38E59AFB466F9A_2080/INPUTFILES/data_975159491.root 
/tmp/maxwoo/21EF1A6A9139C9FD2A38E59AFB466F9A_2080/INPUTFILES/data_975173611.root 
/tmp/maxwoo/21EF1A6A9139C9FD2A38E59AFB466F9A_2080/INPUTFILES/data_975173621.root 
/tmp/maxwoo/21EF1A6A9139C9FD2A38E59AFB466F9A_2080/INPUTFILES/data_975174051.root 
/tmp/maxwoo/21EF1A6A9139C9FD2A38E59AFB466F9A_2080/INPUTFILES/data_975196041.root 
/tmp/maxwoo/21EF1A6A9139C9FD2A38E59AFB466F9A_2080/INPUTFILES/data_975197911.root 
/tmp/maxwoo/21EF1A6A9139C9FD2A38E59AFB466F9A_2080/INPUTFILES/data_975199281.root 
/tmp/maxwoo/21EF1A6A9139C9FD2A38E59AFB466F9A_2080/INPUTFILES/data_975199311.root 
/tmp/maxwoo/21EF1A6A9139C9FD2A38E59AFB466F9A_2080/INPUTFILES/data_975199411.root 
/tmp/maxwoo/21EF1A6A9139C9FD2A38E59AFB466F9A_2080/INPUTFILES/data_975273641.root 
/tmp/maxwoo/21EF1A6A9139C9FD2A38E59AFB466F9A_2080/INPUTFILES/data_975373571.root 
/tmp/maxwoo/21EF1A6A9139C9FD2A38E59AFB466F9A_2080/INPUTFILES/data_975373591.root 
/tmp/maxwoo/21EF1A6A9139C9FD2A38E59AFB466F9A_2080/INPUTFILES/data_975373601.root 
/tmp/maxwoo/21EF1A6A9139C9FD2A38E59AFB466F9A_2080/INPUTFILES/data_975473561.root 
/tmp/maxwoo/21EF1A6A9139C9FD2A38E59AFB466F9A_2080/INPUTFILES/data_975573541.root 
/tmp/maxwoo/21EF1A6A9139C9FD2A38E59AFB466F9A_2080/INPUTFILES/data_975573551.root 
/tmp/maxwoo/21EF1A6A9139C9FD2A38E59AFB466F9A_2080/INPUTFILES/data_975673511.root 
/tmp/maxwoo/21EF1A6A9139C9FD2A38E59AFB466F9A_2080/INPUTFILES/data_975673531.root 
/tmp/maxwoo/21EF1A6A9139C9FD2A38E59AFB466F9A_2080/INPUTFILES/data_975773491.root 
/tmp/maxwoo/21EF1A6A9139C9FD2A38E59AFB466F9A_2080/INPUTFILES/data_975873501.root 
/tmp/maxwoo/21EF1A6A9139C9FD2A38E59AFB466F9A_2080/INPUTFILES/data_975973481.root 
/tmp/maxwoo/21EF1A6A9139C9FD2A38E59AFB466F9A_2080/INPUTFILES/data_975973521.root 
/tmp/maxwoo/21EF1A6A9139C9FD2A38E59AFB466F9A_2080/INPUTFILES/data_976073461.root 
/tmp/maxwoo/21EF1A6A9139C9FD2A38E59AFB466F9A_2080/INPUTFILES/data_976073471.root 
/tmp/maxwoo/21EF1A6A9139C9FD2A38E59AFB466F9A_2080/INPUTFILES/data_976104861.root 
/tmp/maxwoo/21EF1A6A9139C9FD2A38E59AFB466F9A_2080/INPUTFILES/data_976104871.root 
/tmp/maxwoo/21EF1A6A9139C9FD2A38E59AFB466F9A_2080/INPUTFILES/data_976104901.root 
Added 37 files
# entries in chain: 37000
Processing entry == 1000 == out of 37000.
Processing entry == 2000 == out of 37000.
Processing entry == 3000 == out of 37000.
Processing entry == 4000 == out of 37000.
Processing entry == 5000 == out of 37000.
Processing entry == 6000 == out of 37000.
Processing entry == 7000 == out of 37000.
Processing entry == 8000 == out of 37000.
Processing entry == 9000 == out of 37000.
Processing entry == 10000 == out of 37000.
Processing entry == 11000 == out of 37000.
Processing entry == 12000 == out of 37000.
Processing entry == 13000 == out of 37000.
Processing entry == 14000 == out of 37000.
Processing entry == 15000 == out of 37000.
Processing entry == 16000 == out of 37000.
Processing entry == 17000 == out of 37000.
Processing entry == 18000 == out of 37000.
Processing entry == 19000 == out of 37000.
Processing entry == 20000 == out of 37000.
Processing entry == 21000 == out of 37000.
Processing entry == 22000 == out of 37000.
Processing entry == 23000 == out of 37000.
Processing entry == 24000 == out of 37000.
Processing entry == 25000 == out of 37000.
Processing entry == 26000 == out of 37000.
Processing entry == 27000 == out of 37000.
Processing entry == 28000 == out of 37000.
Processing entry == 29000 == out of 37000.
Processing entry == 30000 == out of 37000.
Processing entry == 31000 == out of 37000.
Processing entry == 32000 == out of 37000.
Processing entry == 33000 == out of 37000.
Processing entry == 34000 == out of 37000.
Processing entry == 35000 == out of 37000.
Processing entry == 36000 == out of 37000.
Processing entry == 37000 == out of 37000.

This is the end of ROOT -- Goodbye

Cleaning up sandbox file:  /tmp/maxwoo/21EF1A6A9139C9FD2A38E59AFB466F9A_2080/check_S.C
Cleaning up sandbox file:  /tmp/maxwoo/21EF1A6A9139C9FD2A38E59AFB466F9A_2080/Check_Sness.C
Cleaning up sandbox file:  /tmp/maxwoo/21EF1A6A9139C9FD2A38E59AFB466F9A_2080/lib
Cleaning up sandbox file:  /tmp/maxwoo/21EF1A6A9139C9FD2A38E59AFB466F9A_2080/.sandboxFiles
Starting copy block
Running copy command:  /bin/cp -fp /tmp/maxwoo/21EF1A6A9139C9FD2A38E59AFB466F9A_2080/out_21EF1A6A9139C9FD2A38E59AFB466F9A_2080.root /star/data01/pwg/xiatong/git/strangeness/data/
4730 Execution of (/star/data01/pwg/xiatong/git/strangeness/script/sched21EF1A6A9139C9FD2A38E59AFB466F9A_2080.csh ) has ended, exiting normally
4730 We END on [Thu Jun  2 11:26:19 EDT 2022]
