We are starting on node: spool0131.sdcc.bnl.gov
HOME is not defined
Using getent method
HOME is now /star/u/maxwoo
204923 We will spawn ourselves (/star/data01/pwg/xiatong/git/strangeness/script/sched21EF1A6A9139C9FD2A38E59AFB466F9A_1071.csh )
204923 We BEGIN on [Thu Jun  2 11:22:58 EDT 2022]
[1] 206396
204923 We are waiting for 206396 
204923 Grandchild PID is 208107 - found in 10 x 1 seconds
204923 Establishing first watcher   on    Thu Jun  2 11:23:09 EDT 2022
204923 Process tree is 204923 (main) -> 206396 (child) -> 208107 (grandchild)
F S   UID    PID   PPID  C PRI  NI ADDR SZ WCHAN  TTY        TIME CMD
0 D 100667 208107 206396  0 80   0 - 32311 cxiWai ?          0:00 cp /star/data01/pwg/xiatong/AMPT/14GeV/data_360117671.root /tmp/maxwoo/21EF1A6A9139C9FD2A38E59AFB466F9A_1071/INPUTFILES/data_360117671.root
204923 Grandchild PID is 215098 - found in 20 x 2 seconds
204923 Grandchild to watch has changed on Thu Jun  2 11:23:30 EDT 2022
204923 Process tree is 204923 (main) -> 206396 (child) -> 215098 (grandchild)
F S   UID    PID   PPID  C PRI  NI ADDR SZ WCHAN  TTY        TIME CMD
0 D 100667 215098 206396  0 80   0 - 32311 cxiWai ?          0:00 cp /star/data01/pwg/xiatong/AMPT/14GeV/data_360118061.root /tmp/maxwoo/21EF1A6A9139C9FD2A38E59AFB466F9A_1071/INPUTFILES/data_360118061.root
204923 Grandchild PID is 218232 - found in 30 x 2 seconds
204923 Grandchild to watch has changed on Thu Jun  2 11:23:51 EDT 2022
204923 Process tree is 204923 (main) -> 206396 (child) -> 218232 (grandchild)
F S   UID    PID   PPID  C PRI  NI ADDR SZ WCHAN  TTY        TIME CMD
0 D 100667 218232 206396  0 80   0 - 32311 cxiWai ?          0:00 cp /star/data01/pwg/xiatong/AMPT/14GeV/data_360132351.root /tmp/maxwoo/21EF1A6A9139C9FD2A38E59AFB466F9A_1071/INPUTFILES/data_360132351.root
204923 Grandchild PID is 221627 - found in 40 x 2 seconds
204923 Grandchild to watch has changed on Thu Jun  2 11:24:12 EDT 2022
204923 Process tree is 204923 (main) -> 206396 (child) -> 221627 (grandchild)
F S   UID    PID   PPID  C PRI  NI ADDR SZ WCHAN  TTY        TIME CMD
0 D 100667 221627 206396  0 80   0 - 32311 cxiWai ?          0:00 cp /star/data01/pwg/xiatong/AMPT/14GeV/data_360164381.root /tmp/maxwoo/21EF1A6A9139C9FD2A38E59AFB466F9A_1071/INPUTFILES/data_360164381.root
204923 Grandchild PID is 226174 - found in 60 x 2 seconds
204923 Grandchild to watch has changed on Thu Jun  2 11:24:54 EDT 2022
204923 Process tree is 204923 (main) -> 206396 (child) -> 226174 (grandchild)
F S   UID    PID   PPID  C PRI  NI ADDR SZ WCHAN  TTY        TIME CMD
0 D 100667 226174 206396  0 80   0 - 32311 cxiWai ?          0:00 cp /star/data01/pwg/xiatong/AMPT/14GeV/data_360164451.root /tmp/maxwoo/21EF1A6A9139C9FD2A38E59AFB466F9A_1071/INPUTFILES/data_360164451.root
204923 Grandchild PID is 230552 - found in 80 x 2 seconds
204923 Grandchild to watch has changed on Thu Jun  2 11:25:35 EDT 2022
204923 Process tree is 204923 (main) -> 206396 (child) -> 230552 (grandchild)
F S   UID    PID   PPID  C PRI  NI ADDR SZ WCHAN  TTY        TIME CMD
0 D 100667 230552 206396  0 80   0 - 32311 cxiWai ?          0:00 cp /star/data01/pwg/xiatong/AMPT/14GeV/data_360164471.root /tmp/maxwoo/21EF1A6A9139C9FD2A38E59AFB466F9A_1071/INPUTFILES/data_360164471.root
204923 Grandchild PID is 234316 - found in 90 x 2 seconds
204923 Grandchild to watch has changed on Thu Jun  2 11:25:56 EDT 2022
204923 Process tree is 204923 (main) -> 206396 (child) -> 234316 (grandchild)
F S   UID    PID   PPID  C PRI  NI ADDR SZ WCHAN  TTY        TIME CMD
0 D 100667 234316 206396  0 80   0 - 32311 cxiWai ?          0:00 cp /star/data01/pwg/xiatong/AMPT/14GeV/data_360164611.root /tmp/maxwoo/21EF1A6A9139C9FD2A38E59AFB466F9A_1071/INPUTFILES/data_360164611.root
204923 Grandchild PID is 239009 - found in 110 x 2 seconds
204923 Grandchild to watch has changed on Thu Jun  2 11:26:38 EDT 2022
204923 Process tree is 204923 (main) -> 206396 (child) -> 239009 (grandchild)
F S   UID    PID   PPID  C PRI  NI ADDR SZ WCHAN  TTY        TIME CMD
0 S 100667 239009 206396  0 80   0 -  1272 do_wai ?          0:00 root -b -q check_S.C++("/tmp/maxwoo/21EF1A6A9139C9FD2A38E59AFB466F9A_1071/INPUTFILES/21EF1A6A9139C9FD2A38E59AFB466F9A_1071.local.list","21EF1A6A9139C9FD2A38E59AFB466F9A_1071",1)
204923 Grandchild PID is 80238 - found in 690 x 2 seconds
204923 Grandchild to watch has changed on Thu Jun  2 11:47:09 EDT 2022
204923 Process tree is 204923 (main) -> 206396 (child) -> 80238 (grandchild)
F S   UID    PID   PPID  C PRI  NI ADDR SZ WCHAN  TTY        TIME CMD
0 D 100667 80238 206396  0  80   0 - 30261 lookup ?          0:00 /bin/cp -fp /tmp/maxwoo/21EF1A6A9139C9FD2A38E59AFB466F9A_1071/out_21EF1A6A9139C9FD2A38E59AFB466F9A_1071.root /star/data01/pwg/xiatong/git/strangeness/data/
206396 Stepping into the main SUMS wrapper program with []
.... building sandbox
Running: cp /star/data01/pwg/xiatong/AMPT/14GeV/data_360115541.root /tmp/maxwoo/21EF1A6A9139C9FD2A38E59AFB466F9A_1071/INPUTFILES/data_360115541.root
Running: cp /star/data01/pwg/xiatong/AMPT/14GeV/data_360115551.root /tmp/maxwoo/21EF1A6A9139C9FD2A38E59AFB466F9A_1071/INPUTFILES/data_360115551.root
Running: cp /star/data01/pwg/xiatong/AMPT/14GeV/data_360117671.root /tmp/maxwoo/21EF1A6A9139C9FD2A38E59AFB466F9A_1071/INPUTFILES/data_360117671.root
Running: cp /star/data01/pwg/xiatong/AMPT/14GeV/data_360118031.root /tmp/maxwoo/21EF1A6A9139C9FD2A38E59AFB466F9A_1071/INPUTFILES/data_360118031.root
Running: cp /star/data01/pwg/xiatong/AMPT/14GeV/data_360118061.root /tmp/maxwoo/21EF1A6A9139C9FD2A38E59AFB466F9A_1071/INPUTFILES/data_360118061.root
Running: cp /star/data01/pwg/xiatong/AMPT/14GeV/data_360130821.root /tmp/maxwoo/21EF1A6A9139C9FD2A38E59AFB466F9A_1071/INPUTFILES/data_360130821.root
Running: cp /star/data01/pwg/xiatong/AMPT/14GeV/data_360131561.root /tmp/maxwoo/21EF1A6A9139C9FD2A38E59AFB466F9A_1071/INPUTFILES/data_360131561.root
Running: cp /star/data01/pwg/xiatong/AMPT/14GeV/data_360132351.root /tmp/maxwoo/21EF1A6A9139C9FD2A38E59AFB466F9A_1071/INPUTFILES/data_360132351.root
Running: cp /star/data01/pwg/xiatong/AMPT/14GeV/data_360132361.root /tmp/maxwoo/21EF1A6A9139C9FD2A38E59AFB466F9A_1071/INPUTFILES/data_360132361.root
Running: cp /star/data01/pwg/xiatong/AMPT/14GeV/data_360143091.root /tmp/maxwoo/21EF1A6A9139C9FD2A38E59AFB466F9A_1071/INPUTFILES/data_360143091.root
Running: cp /star/data01/pwg/xiatong/AMPT/14GeV/data_360144441.root /tmp/maxwoo/21EF1A6A9139C9FD2A38E59AFB466F9A_1071/INPUTFILES/data_360144441.root
Running: cp /star/data01/pwg/xiatong/AMPT/14GeV/data_360146511.root /tmp/maxwoo/21EF1A6A9139C9FD2A38E59AFB466F9A_1071/INPUTFILES/data_360146511.root
Running: cp /star/data01/pwg/xiatong/AMPT/14GeV/data_360151801.root /tmp/maxwoo/21EF1A6A9139C9FD2A38E59AFB466F9A_1071/INPUTFILES/data_360151801.root
Running: cp /star/data01/pwg/xiatong/AMPT/14GeV/data_360152021.root /tmp/maxwoo/21EF1A6A9139C9FD2A38E59AFB466F9A_1071/INPUTFILES/data_360152021.root
Running: cp /star/data01/pwg/xiatong/AMPT/14GeV/data_360164321.root /tmp/maxwoo/21EF1A6A9139C9FD2A38E59AFB466F9A_1071/INPUTFILES/data_360164321.root
Running: cp /star/data01/pwg/xiatong/AMPT/14GeV/data_360164361.root /tmp/maxwoo/21EF1A6A9139C9FD2A38E59AFB466F9A_1071/INPUTFILES/data_360164361.root
Running: cp /star/data01/pwg/xiatong/AMPT/14GeV/data_360164371.root /tmp/maxwoo/21EF1A6A9139C9FD2A38E59AFB466F9A_1071/INPUTFILES/data_360164371.root
Running: cp /star/data01/pwg/xiatong/AMPT/14GeV/data_360164381.root /tmp/maxwoo/21EF1A6A9139C9FD2A38E59AFB466F9A_1071/INPUTFILES/data_360164381.root
Running: cp /star/data01/pwg/xiatong/AMPT/14GeV/data_360164411.root /tmp/maxwoo/21EF1A6A9139C9FD2A38E59AFB466F9A_1071/INPUTFILES/data_360164411.root
Running: cp /star/data01/pwg/xiatong/AMPT/14GeV/data_360164421.root /tmp/maxwoo/21EF1A6A9139C9FD2A38E59AFB466F9A_1071/INPUTFILES/data_360164421.root
Running: cp /star/data01/pwg/xiatong/AMPT/14GeV/data_360164431.root /tmp/maxwoo/21EF1A6A9139C9FD2A38E59AFB466F9A_1071/INPUTFILES/data_360164431.root
Running: cp /star/data01/pwg/xiatong/AMPT/14GeV/data_360164441.root /tmp/maxwoo/21EF1A6A9139C9FD2A38E59AFB466F9A_1071/INPUTFILES/data_360164441.root
Running: cp /star/data01/pwg/xiatong/AMPT/14GeV/data_360164451.root /tmp/maxwoo/21EF1A6A9139C9FD2A38E59AFB466F9A_1071/INPUTFILES/data_360164451.root
Running: cp /star/data01/pwg/xiatong/AMPT/14GeV/data_360164461.root /tmp/maxwoo/21EF1A6A9139C9FD2A38E59AFB466F9A_1071/INPUTFILES/data_360164461.root
Running: cp /star/data01/pwg/xiatong/AMPT/14GeV/data_360164471.root /tmp/maxwoo/21EF1A6A9139C9FD2A38E59AFB466F9A_1071/INPUTFILES/data_360164471.root
Running: cp /star/data01/pwg/xiatong/AMPT/14GeV/data_360164481.root /tmp/maxwoo/21EF1A6A9139C9FD2A38E59AFB466F9A_1071/INPUTFILES/data_360164481.root
Running: cp /star/data01/pwg/xiatong/AMPT/14GeV/data_360164491.root /tmp/maxwoo/21EF1A6A9139C9FD2A38E59AFB466F9A_1071/INPUTFILES/data_360164491.root
Running: cp /star/data01/pwg/xiatong/AMPT/14GeV/data_360164501.root /tmp/maxwoo/21EF1A6A9139C9FD2A38E59AFB466F9A_1071/INPUTFILES/data_360164501.root
Running: cp /star/data01/pwg/xiatong/AMPT/14GeV/data_360164511.root /tmp/maxwoo/21EF1A6A9139C9FD2A38E59AFB466F9A_1071/INPUTFILES/data_360164511.root
Running: cp /star/data01/pwg/xiatong/AMPT/14GeV/data_360164601.root /tmp/maxwoo/21EF1A6A9139C9FD2A38E59AFB466F9A_1071/INPUTFILES/data_360164601.root
Running: cp /star/data01/pwg/xiatong/AMPT/14GeV/data_360164611.root /tmp/maxwoo/21EF1A6A9139C9FD2A38E59AFB466F9A_1071/INPUTFILES/data_360164611.root
Running: cp /star/data01/pwg/xiatong/AMPT/14GeV/data_360176381.root /tmp/maxwoo/21EF1A6A9139C9FD2A38E59AFB466F9A_1071/INPUTFILES/data_360176381.root
Running: cp /star/data01/pwg/xiatong/AMPT/14GeV/data_360181471.root /tmp/maxwoo/21EF1A6A9139C9FD2A38E59AFB466F9A_1071/INPUTFILES/data_360181471.root
Running: cp /star/data01/pwg/xiatong/AMPT/14GeV/data_360184681.root /tmp/maxwoo/21EF1A6A9139C9FD2A38E59AFB466F9A_1071/INPUTFILES/data_360184681.root
Running: cp /star/data01/pwg/xiatong/AMPT/14GeV/data_360184711.root /tmp/maxwoo/21EF1A6A9139C9FD2A38E59AFB466F9A_1071/INPUTFILES/data_360184711.root
Running: cp /star/data01/pwg/xiatong/AMPT/14GeV/data_360184841.root /tmp/maxwoo/21EF1A6A9139C9FD2A38E59AFB466F9A_1071/INPUTFILES/data_360184841.root
Running: cp /star/data01/pwg/xiatong/AMPT/14GeV/data_360184911.root /tmp/maxwoo/21EF1A6A9139C9FD2A38E59AFB466F9A_1071/INPUTFILES/data_360184911.root
Swapping $FILELIST with: /tmp/maxwoo/21EF1A6A9139C9FD2A38E59AFB466F9A_1071/INPUTFILES/21EF1A6A9139C9FD2A38E59AFB466F9A_1071.local.list
+++++++++++local copy debug++++++++++++++++++++
newFileList: /tmp/maxwoo/21EF1A6A9139C9FD2A38E59AFB466F9A_1071/INPUTFILES/21EF1A6A9139C9FD2A38E59AFB466F9A_1071.local.list
++++++++++++++++cat FILELIST+++++++++++++++++++
/tmp/maxwoo/21EF1A6A9139C9FD2A38E59AFB466F9A_1071/INPUTFILES/data_360115541.root 
/tmp/maxwoo/21EF1A6A9139C9FD2A38E59AFB466F9A_1071/INPUTFILES/data_360115551.root 
/tmp/maxwoo/21EF1A6A9139C9FD2A38E59AFB466F9A_1071/INPUTFILES/data_360117671.root 
/tmp/maxwoo/21EF1A6A9139C9FD2A38E59AFB466F9A_1071/INPUTFILES/data_360118031.root 
/tmp/maxwoo/21EF1A6A9139C9FD2A38E59AFB466F9A_1071/INPUTFILES/data_360118061.root 
/tmp/maxwoo/21EF1A6A9139C9FD2A38E59AFB466F9A_1071/INPUTFILES/data_360130821.root 
/tmp/maxwoo/21EF1A6A9139C9FD2A38E59AFB466F9A_1071/INPUTFILES/data_360131561.root 
/tmp/maxwoo/21EF1A6A9139C9FD2A38E59AFB466F9A_1071/INPUTFILES/data_360132351.root 
/tmp/maxwoo/21EF1A6A9139C9FD2A38E59AFB466F9A_1071/INPUTFILES/data_360132361.root 
/tmp/maxwoo/21EF1A6A9139C9FD2A38E59AFB466F9A_1071/INPUTFILES/data_360143091.root 
/tmp/maxwoo/21EF1A6A9139C9FD2A38E59AFB466F9A_1071/INPUTFILES/data_360144441.root 
/tmp/maxwoo/21EF1A6A9139C9FD2A38E59AFB466F9A_1071/INPUTFILES/data_360146511.root 
/tmp/maxwoo/21EF1A6A9139C9FD2A38E59AFB466F9A_1071/INPUTFILES/data_360151801.root 
/tmp/maxwoo/21EF1A6A9139C9FD2A38E59AFB466F9A_1071/INPUTFILES/data_360152021.root 
/tmp/maxwoo/21EF1A6A9139C9FD2A38E59AFB466F9A_1071/INPUTFILES/data_360164321.root 
/tmp/maxwoo/21EF1A6A9139C9FD2A38E59AFB466F9A_1071/INPUTFILES/data_360164361.root 
/tmp/maxwoo/21EF1A6A9139C9FD2A38E59AFB466F9A_1071/INPUTFILES/data_360164371.root 
/tmp/maxwoo/21EF1A6A9139C9FD2A38E59AFB466F9A_1071/INPUTFILES/data_360164381.root 
/tmp/maxwoo/21EF1A6A9139C9FD2A38E59AFB466F9A_1071/INPUTFILES/data_360164411.root 
/tmp/maxwoo/21EF1A6A9139C9FD2A38E59AFB466F9A_1071/INPUTFILES/data_360164421.root 
/tmp/maxwoo/21EF1A6A9139C9FD2A38E59AFB466F9A_1071/INPUTFILES/data_360164431.root 
/tmp/maxwoo/21EF1A6A9139C9FD2A38E59AFB466F9A_1071/INPUTFILES/data_360164441.root 
/tmp/maxwoo/21EF1A6A9139C9FD2A38E59AFB466F9A_1071/INPUTFILES/data_360164451.root 
/tmp/maxwoo/21EF1A6A9139C9FD2A38E59AFB466F9A_1071/INPUTFILES/data_360164461.root 
/tmp/maxwoo/21EF1A6A9139C9FD2A38E59AFB466F9A_1071/INPUTFILES/data_360164471.root 
/tmp/maxwoo/21EF1A6A9139C9FD2A38E59AFB466F9A_1071/INPUTFILES/data_360164481.root 
/tmp/maxwoo/21EF1A6A9139C9FD2A38E59AFB466F9A_1071/INPUTFILES/data_360164491.root 
/tmp/maxwoo/21EF1A6A9139C9FD2A38E59AFB466F9A_1071/INPUTFILES/data_360164501.root 
/tmp/maxwoo/21EF1A6A9139C9FD2A38E59AFB466F9A_1071/INPUTFILES/data_360164511.root 
/tmp/maxwoo/21EF1A6A9139C9FD2A38E59AFB466F9A_1071/INPUTFILES/data_360164601.root 
/tmp/maxwoo/21EF1A6A9139C9FD2A38E59AFB466F9A_1071/INPUTFILES/data_360164611.root 
/tmp/maxwoo/21EF1A6A9139C9FD2A38E59AFB466F9A_1071/INPUTFILES/data_360176381.root 
/tmp/maxwoo/21EF1A6A9139C9FD2A38E59AFB466F9A_1071/INPUTFILES/data_360181471.root 
/tmp/maxwoo/21EF1A6A9139C9FD2A38E59AFB466F9A_1071/INPUTFILES/data_360184681.root 
/tmp/maxwoo/21EF1A6A9139C9FD2A38E59AFB466F9A_1071/INPUTFILES/data_360184711.root 
/tmp/maxwoo/21EF1A6A9139C9FD2A38E59AFB466F9A_1071/INPUTFILES/data_360184841.root 
/tmp/maxwoo/21EF1A6A9139C9FD2A38E59AFB466F9A_1071/INPUTFILES/data_360184911.root 
++++++++++++++++++++find.++++++++++++++++++++++
.
./check_S.C
./.sandboxFiles
./Check_Sness.C
./.output.log
./INPUTFILES
./INPUTFILES/data_360146511.root
./INPUTFILES/data_360164371.root
./INPUTFILES/data_360184681.root
./INPUTFILES/data_360164441.root
./INPUTFILES/data_360164451.root
./INPUTFILES/data_360152021.root
./INPUTFILES/data_360164601.root
./INPUTFILES/data_360164511.root
./INPUTFILES/data_360131561.root
./INPUTFILES/data_360115551.root
./INPUTFILES/data_360118061.root
./INPUTFILES/data_360117671.root
./INPUTFILES/data_360132361.root
./INPUTFILES/data_360143091.root
./INPUTFILES/data_360132351.root
./INPUTFILES/data_360164321.root
./INPUTFILES/data_360118031.root
./INPUTFILES/21EF1A6A9139C9FD2A38E59AFB466F9A_1071.local.list
./INPUTFILES/data_360164501.root
./INPUTFILES/data_360184711.root
./INPUTFILES/data_360144441.root
./INPUTFILES/data_360164421.root
./INPUTFILES/data_360164411.root
./INPUTFILES/data_360176381.root
./INPUTFILES/data_360164431.root
./INPUTFILES/data_360184911.root
./INPUTFILES/data_360164471.root
./INPUTFILES/data_360164361.root
./INPUTFILES/data_360164461.root
./INPUTFILES/data_360151801.root
./INPUTFILES/data_360164491.root
./INPUTFILES/data_360184841.root
./INPUTFILES/data_360181471.root
./INPUTFILES/data_360130821.root
./INPUTFILES/data_360164481.root
./INPUTFILES/data_360115541.root
./INPUTFILES/data_360164381.root
./INPUTFILES/data_360164611.root
./.errror.log
./lib
./lib/my_particle_cpp.d
./lib/MixedBuffer.cpp
./lib/MixedBuffer_cpp.so
./lib/NpartNormalizer_cpp.d
./lib/my_event.h
./lib/MixedBuffer_cpp_ACLiC_dict_rdict.pcm
./lib/my_particle.cpp
./lib/MixedBuffer_cpp.d
./lib/my_particle_cpp.so
./lib/my_event_cpp.d
./lib/CenMaker.h
./lib/my_event_cpp_ACLiC_dict_rdict.pcm
./lib/CenMaker_cpp.so
./lib/NpartNormalizer.cpp
./lib/my_particle.h
./lib/NpartNormalizer_cpp_ACLiC_dict_rdict.pcm
./lib/NpartNormalizer_cpp.so
./lib/my_event_cpp.so
./lib/CenMaker_cpp_ACLiC_dict_rdict.pcm
./lib/MixedBuffer.h
./lib/NpartNormalizer.h
./lib/my_particle_cpp_ACLiC_dict_rdict.pcm
./lib/CenMaker_cpp.d
./lib/my_event.cpp
./lib/CenMaker.cpp
++++++++++++++++INPUTFILE Var++++++++++++++++++
FILELIST=/tmp/maxwoo/21EF1A6A9139C9FD2A38E59AFB466F9A_1071/INPUTFILES/21EF1A6A9139C9FD2A38E59AFB466F9A_1071.local.list
INPUTFILECOUNT=37
INPUTFILE0=/tmp/maxwoo/21EF1A6A9139C9FD2A38E59AFB466F9A_1071/INPUTFILES/data_360115541.root
INPUTFILE1=/tmp/maxwoo/21EF1A6A9139C9FD2A38E59AFB466F9A_1071/INPUTFILES/data_360115551.root
INPUTFILE2=/tmp/maxwoo/21EF1A6A9139C9FD2A38E59AFB466F9A_1071/INPUTFILES/data_360117671.root
INPUTFILE3=/tmp/maxwoo/21EF1A6A9139C9FD2A38E59AFB466F9A_1071/INPUTFILES/data_360118031.root
INPUTFILE4=/tmp/maxwoo/21EF1A6A9139C9FD2A38E59AFB466F9A_1071/INPUTFILES/data_360118061.root
INPUTFILE5=/tmp/maxwoo/21EF1A6A9139C9FD2A38E59AFB466F9A_1071/INPUTFILES/data_360130821.root
INPUTFILE6=/tmp/maxwoo/21EF1A6A9139C9FD2A38E59AFB466F9A_1071/INPUTFILES/data_360131561.root
INPUTFILE7=/tmp/maxwoo/21EF1A6A9139C9FD2A38E59AFB466F9A_1071/INPUTFILES/data_360132351.root
INPUTFILE8=/tmp/maxwoo/21EF1A6A9139C9FD2A38E59AFB466F9A_1071/INPUTFILES/data_360132361.root
INPUTFILE9=/tmp/maxwoo/21EF1A6A9139C9FD2A38E59AFB466F9A_1071/INPUTFILES/data_360143091.root
INPUTFILE10=/tmp/maxwoo/21EF1A6A9139C9FD2A38E59AFB466F9A_1071/INPUTFILES/data_360144441.root
INPUTFILE11=/tmp/maxwoo/21EF1A6A9139C9FD2A38E59AFB466F9A_1071/INPUTFILES/data_360146511.root
INPUTFILE12=/tmp/maxwoo/21EF1A6A9139C9FD2A38E59AFB466F9A_1071/INPUTFILES/data_360151801.root
INPUTFILE13=/tmp/maxwoo/21EF1A6A9139C9FD2A38E59AFB466F9A_1071/INPUTFILES/data_360152021.root
INPUTFILE14=/tmp/maxwoo/21EF1A6A9139C9FD2A38E59AFB466F9A_1071/INPUTFILES/data_360164321.root
INPUTFILE15=/tmp/maxwoo/21EF1A6A9139C9FD2A38E59AFB466F9A_1071/INPUTFILES/data_360164361.root
INPUTFILE16=/tmp/maxwoo/21EF1A6A9139C9FD2A38E59AFB466F9A_1071/INPUTFILES/data_360164371.root
INPUTFILE17=/tmp/maxwoo/21EF1A6A9139C9FD2A38E59AFB466F9A_1071/INPUTFILES/data_360164381.root
INPUTFILE18=/tmp/maxwoo/21EF1A6A9139C9FD2A38E59AFB466F9A_1071/INPUTFILES/data_360164411.root
INPUTFILE19=/tmp/maxwoo/21EF1A6A9139C9FD2A38E59AFB466F9A_1071/INPUTFILES/data_360164421.root
INPUTFILE20=/tmp/maxwoo/21EF1A6A9139C9FD2A38E59AFB466F9A_1071/INPUTFILES/data_360164431.root
INPUTFILE21=/tmp/maxwoo/21EF1A6A9139C9FD2A38E59AFB466F9A_1071/INPUTFILES/data_360164441.root
INPUTFILE22=/tmp/maxwoo/21EF1A6A9139C9FD2A38E59AFB466F9A_1071/INPUTFILES/data_360164451.root
INPUTFILE23=/tmp/maxwoo/21EF1A6A9139C9FD2A38E59AFB466F9A_1071/INPUTFILES/data_360164461.root
INPUTFILE24=/tmp/maxwoo/21EF1A6A9139C9FD2A38E59AFB466F9A_1071/INPUTFILES/data_360164471.root
INPUTFILE25=/tmp/maxwoo/21EF1A6A9139C9FD2A38E59AFB466F9A_1071/INPUTFILES/data_360164481.root
INPUTFILE26=/tmp/maxwoo/21EF1A6A9139C9FD2A38E59AFB466F9A_1071/INPUTFILES/data_360164491.root
INPUTFILE27=/tmp/maxwoo/21EF1A6A9139C9FD2A38E59AFB466F9A_1071/INPUTFILES/data_360164501.root
INPUTFILE28=/tmp/maxwoo/21EF1A6A9139C9FD2A38E59AFB466F9A_1071/INPUTFILES/data_360164511.root
INPUTFILE29=/tmp/maxwoo/21EF1A6A9139C9FD2A38E59AFB466F9A_1071/INPUTFILES/data_360164601.root
INPUTFILE30=/tmp/maxwoo/21EF1A6A9139C9FD2A38E59AFB466F9A_1071/INPUTFILES/data_360164611.root
INPUTFILE31=/tmp/maxwoo/21EF1A6A9139C9FD2A38E59AFB466F9A_1071/INPUTFILES/data_360176381.root
INPUTFILE32=/tmp/maxwoo/21EF1A6A9139C9FD2A38E59AFB466F9A_1071/INPUTFILES/data_360181471.root
INPUTFILE33=/tmp/maxwoo/21EF1A6A9139C9FD2A38E59AFB466F9A_1071/INPUTFILES/data_360184681.root
INPUTFILE34=/tmp/maxwoo/21EF1A6A9139C9FD2A38E59AFB466F9A_1071/INPUTFILES/data_360184711.root
INPUTFILE35=/tmp/maxwoo/21EF1A6A9139C9FD2A38E59AFB466F9A_1071/INPUTFILES/data_360184841.root
INPUTFILE36=/tmp/maxwoo/21EF1A6A9139C9FD2A38E59AFB466F9A_1071/INPUTFILES/data_360184911.root
LocalInputFileDir=/tmp/maxwoo/21EF1A6A9139C9FD2A38E59AFB466F9A_1071/INPUTFILES
NewFILELIST=/tmp/maxwoo/21EF1A6A9139C9FD2A38E59AFB466F9A_1071/INPUTFILES/21EF1A6A9139C9FD2A38E59AFB466F9A_1071.local.list
+++++++++++++++++++++++++++++++++++++++++++++++
--------------------------------
Simple Unified Meta Scheduler 1.10.50 we are starting in $SCRATCH : /home/tmp/maxwoo/21EF1A6A9139C9FD2A38E59AFB466F9A_1071
--------------------------------
total 16
lrwxrwxrwx 1 maxwoo rhstar   61 Jun  2 11:22 check_S.C -> /gpfs/mnt/gpfs01/star/pwg/xiatong/git/strangeness/./check_S.C
lrwxrwxrwx 1 maxwoo rhstar   65 Jun  2 11:22 Check_Sness.C -> /gpfs/mnt/gpfs01/star/pwg/xiatong/git/strangeness/./Check_Sness.C
drwxr-xr-x 2 maxwoo rhstar 4096 Jun  2 11:26 INPUTFILES
drwxr-xr-x 2 maxwoo rhstar 4096 Jun  2 11:22 lib
  *******************************************
  *                                         *
  *        W E L C O M E  to  R O O T       *
  *                                         *
  *   Version   5.34/38     12 March 2018   *
  *                                         *
  *  You are welcome to visit our Web site  *
  *          http://root.cern.ch            *
  *                                         *
  *******************************************

ROOT 5.34/38 (v5-34-38@v5-34-38, Mar 12 2018, 15:49:39 on linux)

CINT/ROOT C/C++ Interpreter version 5.18.00, July 2, 2010
Type ? for help. Commands must be C++ statements.
Enclose multiple statements between { }.
*** Float Point Exception is OFF ***
 *** Start at Date : Thu Jun  2 11:26:28 2022
QAInfo:You are using STAR_LEVEL : dev, ROOT_LEVEL : 5.34.38 and node : spool0131.sdcc.bnl.gov 

Processing check_S.C++("/tmp/maxwoo/21EF1A6A9139C9FD2A38E59AFB466F9A_1071/INPUTFILES/21EF1A6A9139C9FD2A38E59AFB466F9A_1071.local.list","21EF1A6A9139C9FD2A38E59AFB466F9A_1071",1)...
/tmp/maxwoo/21EF1A6A9139C9FD2A38E59AFB466F9A_1071/INPUTFILES/data_360115541.root 
/tmp/maxwoo/21EF1A6A9139C9FD2A38E59AFB466F9A_1071/INPUTFILES/data_360115551.root 
/tmp/maxwoo/21EF1A6A9139C9FD2A38E59AFB466F9A_1071/INPUTFILES/data_360117671.root 
/tmp/maxwoo/21EF1A6A9139C9FD2A38E59AFB466F9A_1071/INPUTFILES/data_360118031.root 
/tmp/maxwoo/21EF1A6A9139C9FD2A38E59AFB466F9A_1071/INPUTFILES/data_360118061.root 
/tmp/maxwoo/21EF1A6A9139C9FD2A38E59AFB466F9A_1071/INPUTFILES/data_360130821.root 
/tmp/maxwoo/21EF1A6A9139C9FD2A38E59AFB466F9A_1071/INPUTFILES/data_360131561.root 
/tmp/maxwoo/21EF1A6A9139C9FD2A38E59AFB466F9A_1071/INPUTFILES/data_360132351.root 
/tmp/maxwoo/21EF1A6A9139C9FD2A38E59AFB466F9A_1071/INPUTFILES/data_360132361.root 
/tmp/maxwoo/21EF1A6A9139C9FD2A38E59AFB466F9A_1071/INPUTFILES/data_360143091.root 
/tmp/maxwoo/21EF1A6A9139C9FD2A38E59AFB466F9A_1071/INPUTFILES/data_360144441.root 
/tmp/maxwoo/21EF1A6A9139C9FD2A38E59AFB466F9A_1071/INPUTFILES/data_360146511.root 
/tmp/maxwoo/21EF1A6A9139C9FD2A38E59AFB466F9A_1071/INPUTFILES/data_360151801.root 
/tmp/maxwoo/21EF1A6A9139C9FD2A38E59AFB466F9A_1071/INPUTFILES/data_360152021.root 
/tmp/maxwoo/21EF1A6A9139C9FD2A38E59AFB466F9A_1071/INPUTFILES/data_360164321.root 
/tmp/maxwoo/21EF1A6A9139C9FD2A38E59AFB466F9A_1071/INPUTFILES/data_360164361.root 
/tmp/maxwoo/21EF1A6A9139C9FD2A38E59AFB466F9A_1071/INPUTFILES/data_360164371.root 
/tmp/maxwoo/21EF1A6A9139C9FD2A38E59AFB466F9A_1071/INPUTFILES/data_360164381.root 
/tmp/maxwoo/21EF1A6A9139C9FD2A38E59AFB466F9A_1071/INPUTFILES/data_360164411.root 
/tmp/maxwoo/21EF1A6A9139C9FD2A38E59AFB466F9A_1071/INPUTFILES/data_360164421.root 
/tmp/maxwoo/21EF1A6A9139C9FD2A38E59AFB466F9A_1071/INPUTFILES/data_360164431.root 
/tmp/maxwoo/21EF1A6A9139C9FD2A38E59AFB466F9A_1071/INPUTFILES/data_360164441.root 
/tmp/maxwoo/21EF1A6A9139C9FD2A38E59AFB466F9A_1071/INPUTFILES/data_360164451.root 
/tmp/maxwoo/21EF1A6A9139C9FD2A38E59AFB466F9A_1071/INPUTFILES/data_360164461.root 
/tmp/maxwoo/21EF1A6A9139C9FD2A38E59AFB466F9A_1071/INPUTFILES/data_360164471.root 
/tmp/maxwoo/21EF1A6A9139C9FD2A38E59AFB466F9A_1071/INPUTFILES/data_360164481.root 
/tmp/maxwoo/21EF1A6A9139C9FD2A38E59AFB466F9A_1071/INPUTFILES/data_360164491.root 
/tmp/maxwoo/21EF1A6A9139C9FD2A38E59AFB466F9A_1071/INPUTFILES/data_360164501.root 
/tmp/maxwoo/21EF1A6A9139C9FD2A38E59AFB466F9A_1071/INPUTFILES/data_360164511.root 
/tmp/maxwoo/21EF1A6A9139C9FD2A38E59AFB466F9A_1071/INPUTFILES/data_360164601.root 
/tmp/maxwoo/21EF1A6A9139C9FD2A38E59AFB466F9A_1071/INPUTFILES/data_360164611.root 
/tmp/maxwoo/21EF1A6A9139C9FD2A38E59AFB466F9A_1071/INPUTFILES/data_360176381.root 
/tmp/maxwoo/21EF1A6A9139C9FD2A38E59AFB466F9A_1071/INPUTFILES/data_360181471.root 
/tmp/maxwoo/21EF1A6A9139C9FD2A38E59AFB466F9A_1071/INPUTFILES/data_360184681.root 
/tmp/maxwoo/21EF1A6A9139C9FD2A38E59AFB466F9A_1071/INPUTFILES/data_360184711.root 
/tmp/maxwoo/21EF1A6A9139C9FD2A38E59AFB466F9A_1071/INPUTFILES/data_360184841.root 
/tmp/maxwoo/21EF1A6A9139C9FD2A38E59AFB466F9A_1071/INPUTFILES/data_360184911.root 
Added 37 files
# entries in chain: 37000
Processing entry == 1000 == out of 37000.
Processing entry == 2000 == out of 37000.
Processing entry == 3000 == out of 37000.
Processing entry == 4000 == out of 37000.
Processing entry == 5000 == out of 37000.
Processing entry == 6000 == out of 37000.
Processing entry == 7000 == out of 37000.
Processing entry == 8000 == out of 37000.
Processing entry == 9000 == out of 37000.
Processing entry == 10000 == out of 37000.
Processing entry == 11000 == out of 37000.
Processing entry == 12000 == out of 37000.
Processing entry == 13000 == out of 37000.
Processing entry == 14000 == out of 37000.
Processing entry == 15000 == out of 37000.
Processing entry == 16000 == out of 37000.
Processing entry == 17000 == out of 37000.
Processing entry == 18000 == out of 37000.
Processing entry == 19000 == out of 37000.
Processing entry == 20000 == out of 37000.
Processing entry == 21000 == out of 37000.
Processing entry == 22000 == out of 37000.
Processing entry == 23000 == out of 37000.
Processing entry == 24000 == out of 37000.
Processing entry == 25000 == out of 37000.
Processing entry == 26000 == out of 37000.
Processing entry == 27000 == out of 37000.
Processing entry == 28000 == out of 37000.
Processing entry == 29000 == out of 37000.
Processing entry == 30000 == out of 37000.
Processing entry == 31000 == out of 37000.
Processing entry == 32000 == out of 37000.
Processing entry == 33000 == out of 37000.
Processing entry == 34000 == out of 37000.
Processing entry == 35000 == out of 37000.
Processing entry == 36000 == out of 37000.
Processing entry == 37000 == out of 37000.

This is the end of ROOT -- Goodbye

Cleaning up sandbox file:  /tmp/maxwoo/21EF1A6A9139C9FD2A38E59AFB466F9A_1071/check_S.C
Cleaning up sandbox file:  /tmp/maxwoo/21EF1A6A9139C9FD2A38E59AFB466F9A_1071/Check_Sness.C
Cleaning up sandbox file:  /tmp/maxwoo/21EF1A6A9139C9FD2A38E59AFB466F9A_1071/lib
Cleaning up sandbox file:  /tmp/maxwoo/21EF1A6A9139C9FD2A38E59AFB466F9A_1071/.sandboxFiles
Starting copy block
Running copy command:  /bin/cp -fp /tmp/maxwoo/21EF1A6A9139C9FD2A38E59AFB466F9A_1071/out_21EF1A6A9139C9FD2A38E59AFB466F9A_1071.root /star/data01/pwg/xiatong/git/strangeness/data/
204923 Execution of (/star/data01/pwg/xiatong/git/strangeness/script/sched21EF1A6A9139C9FD2A38E59AFB466F9A_1071.csh ) has ended, exiting normally
204923 We END on [Thu Jun  2 11:47:12 EDT 2022]
