We are starting on node: spool0235.sdcc.bnl.gov
HOME is not defined
Using getent method
HOME is now /star/u/maxwoo
30363 We will spawn ourselves (/star/data01/pwg/xiatong/git/strangeness/script/sched21EF1A6A9139C9FD2A38E59AFB466F9A_2187.csh )
30363 We BEGIN on [Thu Jun  2 11:00:42 EDT 2022]
[1] 30528
30363 We are waiting for 30528 
30363 Grandchild PID is 31098 - found in 10 x 1 seconds
30363 Establishing first watcher   on    Thu Jun  2 11:00:53 EDT 2022
30363 Process tree is 30363 (main) -> 30528 (child) -> 31098 (grandchild)
F S   UID   PID  PPID  C PRI  NI ADDR SZ WCHAN  TTY        TIME CMD
0 D 100667 31098 30528  0 80   0 - 32311 cxiWai ?          0:00 cp /star/data01/pwg/xiatong/AMPT/14GeV/data_0828140151.root /tmp/maxwoo/21EF1A6A9139C9FD2A38E59AFB466F9A_2187/INPUTFILES/data_0828140151.root
30363 Grandchild PID is 31936 - found in 20 x 2 seconds
30363 Grandchild to watch has changed on Thu Jun  2 11:01:13 EDT 2022
30363 Process tree is 30363 (main) -> 30528 (child) -> 31936 (grandchild)
F S   UID   PID  PPID  C PRI  NI ADDR SZ WCHAN  TTY        TIME CMD
0 D 100667 31936 30528  0 80   0 - 32311 cxiWai ?          0:00 cp /star/data01/pwg/xiatong/AMPT/14GeV/data_0828140271.root /tmp/maxwoo/21EF1A6A9139C9FD2A38E59AFB466F9A_2187/INPUTFILES/data_0828140271.root
30363 Grandchild PID is 545 - found in 30 x 2 seconds
30363 Grandchild to watch has changed on Thu Jun  2 11:01:34 EDT 2022
30363 Process tree is 30363 (main) -> 30528 (child) -> 545 (grandchild)
F S   UID   PID  PPID  C PRI  NI ADDR SZ WCHAN  TTY        TIME CMD
0 D 100667  545 30528  0  80   0 - 32311 cxiWai ?          0:00 cp /star/data01/pwg/xiatong/AMPT/14GeV/data_0829140321.root /tmp/maxwoo/21EF1A6A9139C9FD2A38E59AFB466F9A_2187/INPUTFILES/data_0829140321.root
30363 Grandchild PID is 2093 - found in 40 x 2 seconds
30363 Grandchild to watch has changed on Thu Jun  2 11:01:54 EDT 2022
30363 Process tree is 30363 (main) -> 30528 (child) -> 2093 (grandchild)
F S   UID   PID  PPID  C PRI  NI ADDR SZ WCHAN  TTY        TIME CMD
0 D 100667 2093 30528  0  80   0 - 32311 cxiWai ?          0:00 cp /star/data01/pwg/xiatong/AMPT/14GeV/data_0830139561.root /tmp/maxwoo/21EF1A6A9139C9FD2A38E59AFB466F9A_2187/INPUTFILES/data_0830139561.root
30363 Grandchild PID is 2710 - found in 50 x 2 seconds
30363 Grandchild to watch has changed on Thu Jun  2 11:02:15 EDT 2022
30363 Process tree is 30363 (main) -> 30528 (child) -> 2710 (grandchild)
F S   UID   PID  PPID  C PRI  NI ADDR SZ WCHAN  TTY        TIME CMD
0 D 100667 2710 30528  0  80   0 - 32311 cxiWai ?          0:00 cp /star/data01/pwg/xiatong/AMPT/14GeV/data_0830139741.root /tmp/maxwoo/21EF1A6A9139C9FD2A38E59AFB466F9A_2187/INPUTFILES/data_0830139741.root
30363 Grandchild PID is 3364 - found in 60 x 2 seconds
30363 Grandchild to watch has changed on Thu Jun  2 11:02:36 EDT 2022
30363 Process tree is 30363 (main) -> 30528 (child) -> 3364 (grandchild)
F S   UID   PID  PPID  C PRI  NI ADDR SZ WCHAN  TTY        TIME CMD
0 D 100667 3364 30528  0  80   0 - 32311 cxiWai ?          0:00 cp /star/data01/pwg/xiatong/AMPT/14GeV/data_0830139851.root /tmp/maxwoo/21EF1A6A9139C9FD2A38E59AFB466F9A_2187/INPUTFILES/data_0830139851.root
30363 Grandchild PID is 4721 - found in 80 x 2 seconds
30363 Grandchild to watch has changed on Thu Jun  2 11:03:17 EDT 2022
30363 Process tree is 30363 (main) -> 30528 (child) -> 4721 (grandchild)
F S   UID   PID  PPID  C PRI  NI ADDR SZ WCHAN  TTY        TIME CMD
0 D 100667 4721 30528  0  80   0 - 32311 cxiWai ?          0:00 cp /star/data01/pwg/xiatong/AMPT/14GeV/data_0830139881.root /tmp/maxwoo/21EF1A6A9139C9FD2A38E59AFB466F9A_2187/INPUTFILES/data_0830139881.root
30363 Grandchild PID is 5632 - found in 90 x 2 seconds
30363 Grandchild to watch has changed on Thu Jun  2 11:03:37 EDT 2022
30363 Process tree is 30363 (main) -> 30528 (child) -> 5632 (grandchild)
F S   UID   PID  PPID  C PRI  NI ADDR SZ WCHAN  TTY        TIME CMD
0 S 100667 5632 30528  0  80   0 -  1272 do_wai ?          0:00 root -b -q check_S.C++("/tmp/maxwoo/21EF1A6A9139C9FD2A38E59AFB466F9A_2187/INPUTFILES/21EF1A6A9139C9FD2A38E59AFB466F9A_2187.local.list","21EF1A6A9139C9FD2A38E59AFB466F9A_2187",1)
30528 Stepping into the main SUMS wrapper program with []
.... building sandbox
Running: cp /star/data01/pwg/xiatong/AMPT/14GeV/data_0828140091.root /tmp/maxwoo/21EF1A6A9139C9FD2A38E59AFB466F9A_2187/INPUTFILES/data_0828140091.root
Running: cp /star/data01/pwg/xiatong/AMPT/14GeV/data_0828140101.root /tmp/maxwoo/21EF1A6A9139C9FD2A38E59AFB466F9A_2187/INPUTFILES/data_0828140101.root
Running: cp /star/data01/pwg/xiatong/AMPT/14GeV/data_0828140111.root /tmp/maxwoo/21EF1A6A9139C9FD2A38E59AFB466F9A_2187/INPUTFILES/data_0828140111.root
Running: cp /star/data01/pwg/xiatong/AMPT/14GeV/data_0828140131.root /tmp/maxwoo/21EF1A6A9139C9FD2A38E59AFB466F9A_2187/INPUTFILES/data_0828140131.root
Running: cp /star/data01/pwg/xiatong/AMPT/14GeV/data_0828140151.root /tmp/maxwoo/21EF1A6A9139C9FD2A38E59AFB466F9A_2187/INPUTFILES/data_0828140151.root
Running: cp /star/data01/pwg/xiatong/AMPT/14GeV/data_0828140171.root /tmp/maxwoo/21EF1A6A9139C9FD2A38E59AFB466F9A_2187/INPUTFILES/data_0828140171.root
Running: cp /star/data01/pwg/xiatong/AMPT/14GeV/data_0828140201.root /tmp/maxwoo/21EF1A6A9139C9FD2A38E59AFB466F9A_2187/INPUTFILES/data_0828140201.root
Running: cp /star/data01/pwg/xiatong/AMPT/14GeV/data_0828140211.root /tmp/maxwoo/21EF1A6A9139C9FD2A38E59AFB466F9A_2187/INPUTFILES/data_0828140211.root
Running: cp /star/data01/pwg/xiatong/AMPT/14GeV/data_0828140241.root /tmp/maxwoo/21EF1A6A9139C9FD2A38E59AFB466F9A_2187/INPUTFILES/data_0828140241.root
Running: cp /star/data01/pwg/xiatong/AMPT/14GeV/data_0828140271.root /tmp/maxwoo/21EF1A6A9139C9FD2A38E59AFB466F9A_2187/INPUTFILES/data_0828140271.root
Running: cp /star/data01/pwg/xiatong/AMPT/14GeV/data_0828140371.root /tmp/maxwoo/21EF1A6A9139C9FD2A38E59AFB466F9A_2187/INPUTFILES/data_0828140371.root
Running: cp /star/data01/pwg/xiatong/AMPT/14GeV/data_0828140381.root /tmp/maxwoo/21EF1A6A9139C9FD2A38E59AFB466F9A_2187/INPUTFILES/data_0828140381.root
Running: cp /star/data01/pwg/xiatong/AMPT/14GeV/data_0828140511.root /tmp/maxwoo/21EF1A6A9139C9FD2A38E59AFB466F9A_2187/INPUTFILES/data_0828140511.root
Running: cp /star/data01/pwg/xiatong/AMPT/14GeV/data_0828140771.root /tmp/maxwoo/21EF1A6A9139C9FD2A38E59AFB466F9A_2187/INPUTFILES/data_0828140771.root
Running: cp /star/data01/pwg/xiatong/AMPT/14GeV/data_0829139891.root /tmp/maxwoo/21EF1A6A9139C9FD2A38E59AFB466F9A_2187/INPUTFILES/data_0829139891.root
Running: cp /star/data01/pwg/xiatong/AMPT/14GeV/data_0829139961.root /tmp/maxwoo/21EF1A6A9139C9FD2A38E59AFB466F9A_2187/INPUTFILES/data_0829139961.root
Running: cp /star/data01/pwg/xiatong/AMPT/14GeV/data_0829139971.root /tmp/maxwoo/21EF1A6A9139C9FD2A38E59AFB466F9A_2187/INPUTFILES/data_0829139971.root
Running: cp /star/data01/pwg/xiatong/AMPT/14GeV/data_0829140001.root /tmp/maxwoo/21EF1A6A9139C9FD2A38E59AFB466F9A_2187/INPUTFILES/data_0829140001.root
Running: cp /star/data01/pwg/xiatong/AMPT/14GeV/data_0829140321.root /tmp/maxwoo/21EF1A6A9139C9FD2A38E59AFB466F9A_2187/INPUTFILES/data_0829140321.root
Running: cp /star/data01/pwg/xiatong/AMPT/14GeV/data_0829140331.root /tmp/maxwoo/21EF1A6A9139C9FD2A38E59AFB466F9A_2187/INPUTFILES/data_0829140331.root
Running: cp /star/data01/pwg/xiatong/AMPT/14GeV/data_0829140461.root /tmp/maxwoo/21EF1A6A9139C9FD2A38E59AFB466F9A_2187/INPUTFILES/data_0829140461.root
Running: cp /star/data01/pwg/xiatong/AMPT/14GeV/data_0829140541.root /tmp/maxwoo/21EF1A6A9139C9FD2A38E59AFB466F9A_2187/INPUTFILES/data_0829140541.root
Running: cp /star/data01/pwg/xiatong/AMPT/14GeV/data_0830139561.root /tmp/maxwoo/21EF1A6A9139C9FD2A38E59AFB466F9A_2187/INPUTFILES/data_0830139561.root
Running: cp /star/data01/pwg/xiatong/AMPT/14GeV/data_0830139571.root /tmp/maxwoo/21EF1A6A9139C9FD2A38E59AFB466F9A_2187/INPUTFILES/data_0830139571.root
Running: cp /star/data01/pwg/xiatong/AMPT/14GeV/data_0830139651.root /tmp/maxwoo/21EF1A6A9139C9FD2A38E59AFB466F9A_2187/INPUTFILES/data_0830139651.root
Running: cp /star/data01/pwg/xiatong/AMPT/14GeV/data_0830139701.root /tmp/maxwoo/21EF1A6A9139C9FD2A38E59AFB466F9A_2187/INPUTFILES/data_0830139701.root
Running: cp /star/data01/pwg/xiatong/AMPT/14GeV/data_0830139711.root /tmp/maxwoo/21EF1A6A9139C9FD2A38E59AFB466F9A_2187/INPUTFILES/data_0830139711.root
Running: cp /star/data01/pwg/xiatong/AMPT/14GeV/data_0830139721.root /tmp/maxwoo/21EF1A6A9139C9FD2A38E59AFB466F9A_2187/INPUTFILES/data_0830139721.root
Running: cp /star/data01/pwg/xiatong/AMPT/14GeV/data_0830139731.root /tmp/maxwoo/21EF1A6A9139C9FD2A38E59AFB466F9A_2187/INPUTFILES/data_0830139731.root
Running: cp /star/data01/pwg/xiatong/AMPT/14GeV/data_0830139741.root /tmp/maxwoo/21EF1A6A9139C9FD2A38E59AFB466F9A_2187/INPUTFILES/data_0830139741.root
Running: cp /star/data01/pwg/xiatong/AMPT/14GeV/data_0830139751.root /tmp/maxwoo/21EF1A6A9139C9FD2A38E59AFB466F9A_2187/INPUTFILES/data_0830139751.root
Running: cp /star/data01/pwg/xiatong/AMPT/14GeV/data_0830139781.root /tmp/maxwoo/21EF1A6A9139C9FD2A38E59AFB466F9A_2187/INPUTFILES/data_0830139781.root
Running: cp /star/data01/pwg/xiatong/AMPT/14GeV/data_0830139801.root /tmp/maxwoo/21EF1A6A9139C9FD2A38E59AFB466F9A_2187/INPUTFILES/data_0830139801.root
Running: cp /star/data01/pwg/xiatong/AMPT/14GeV/data_0830139821.root /tmp/maxwoo/21EF1A6A9139C9FD2A38E59AFB466F9A_2187/INPUTFILES/data_0830139821.root
Running: cp /star/data01/pwg/xiatong/AMPT/14GeV/data_0830139841.root /tmp/maxwoo/21EF1A6A9139C9FD2A38E59AFB466F9A_2187/INPUTFILES/data_0830139841.root
Running: cp /star/data01/pwg/xiatong/AMPT/14GeV/data_0830139851.root /tmp/maxwoo/21EF1A6A9139C9FD2A38E59AFB466F9A_2187/INPUTFILES/data_0830139851.root
Running: cp /star/data01/pwg/xiatong/AMPT/14GeV/data_0830139881.root /tmp/maxwoo/21EF1A6A9139C9FD2A38E59AFB466F9A_2187/INPUTFILES/data_0830139881.root
Swapping $FILELIST with: /tmp/maxwoo/21EF1A6A9139C9FD2A38E59AFB466F9A_2187/INPUTFILES/21EF1A6A9139C9FD2A38E59AFB466F9A_2187.local.list
+++++++++++local copy debug++++++++++++++++++++
newFileList: /tmp/maxwoo/21EF1A6A9139C9FD2A38E59AFB466F9A_2187/INPUTFILES/21EF1A6A9139C9FD2A38E59AFB466F9A_2187.local.list
++++++++++++++++cat FILELIST+++++++++++++++++++
/tmp/maxwoo/21EF1A6A9139C9FD2A38E59AFB466F9A_2187/INPUTFILES/data_0828140091.root 
/tmp/maxwoo/21EF1A6A9139C9FD2A38E59AFB466F9A_2187/INPUTFILES/data_0828140101.root 
/tmp/maxwoo/21EF1A6A9139C9FD2A38E59AFB466F9A_2187/INPUTFILES/data_0828140111.root 
/tmp/maxwoo/21EF1A6A9139C9FD2A38E59AFB466F9A_2187/INPUTFILES/data_0828140131.root 
/tmp/maxwoo/21EF1A6A9139C9FD2A38E59AFB466F9A_2187/INPUTFILES/data_0828140151.root 
/tmp/maxwoo/21EF1A6A9139C9FD2A38E59AFB466F9A_2187/INPUTFILES/data_0828140171.root 
/tmp/maxwoo/21EF1A6A9139C9FD2A38E59AFB466F9A_2187/INPUTFILES/data_0828140201.root 
/tmp/maxwoo/21EF1A6A9139C9FD2A38E59AFB466F9A_2187/INPUTFILES/data_0828140211.root 
/tmp/maxwoo/21EF1A6A9139C9FD2A38E59AFB466F9A_2187/INPUTFILES/data_0828140241.root 
/tmp/maxwoo/21EF1A6A9139C9FD2A38E59AFB466F9A_2187/INPUTFILES/data_0828140271.root 
/tmp/maxwoo/21EF1A6A9139C9FD2A38E59AFB466F9A_2187/INPUTFILES/data_0828140371.root 
/tmp/maxwoo/21EF1A6A9139C9FD2A38E59AFB466F9A_2187/INPUTFILES/data_0828140381.root 
/tmp/maxwoo/21EF1A6A9139C9FD2A38E59AFB466F9A_2187/INPUTFILES/data_0828140511.root 
/tmp/maxwoo/21EF1A6A9139C9FD2A38E59AFB466F9A_2187/INPUTFILES/data_0828140771.root 
/tmp/maxwoo/21EF1A6A9139C9FD2A38E59AFB466F9A_2187/INPUTFILES/data_0829139891.root 
/tmp/maxwoo/21EF1A6A9139C9FD2A38E59AFB466F9A_2187/INPUTFILES/data_0829139961.root 
/tmp/maxwoo/21EF1A6A9139C9FD2A38E59AFB466F9A_2187/INPUTFILES/data_0829139971.root 
/tmp/maxwoo/21EF1A6A9139C9FD2A38E59AFB466F9A_2187/INPUTFILES/data_0829140001.root 
/tmp/maxwoo/21EF1A6A9139C9FD2A38E59AFB466F9A_2187/INPUTFILES/data_0829140321.root 
/tmp/maxwoo/21EF1A6A9139C9FD2A38E59AFB466F9A_2187/INPUTFILES/data_0829140331.root 
/tmp/maxwoo/21EF1A6A9139C9FD2A38E59AFB466F9A_2187/INPUTFILES/data_0829140461.root 
/tmp/maxwoo/21EF1A6A9139C9FD2A38E59AFB466F9A_2187/INPUTFILES/data_0829140541.root 
/tmp/maxwoo/21EF1A6A9139C9FD2A38E59AFB466F9A_2187/INPUTFILES/data_0830139561.root 
/tmp/maxwoo/21EF1A6A9139C9FD2A38E59AFB466F9A_2187/INPUTFILES/data_0830139571.root 
/tmp/maxwoo/21EF1A6A9139C9FD2A38E59AFB466F9A_2187/INPUTFILES/data_0830139651.root 
/tmp/maxwoo/21EF1A6A9139C9FD2A38E59AFB466F9A_2187/INPUTFILES/data_0830139701.root 
/tmp/maxwoo/21EF1A6A9139C9FD2A38E59AFB466F9A_2187/INPUTFILES/data_0830139711.root 
/tmp/maxwoo/21EF1A6A9139C9FD2A38E59AFB466F9A_2187/INPUTFILES/data_0830139721.root 
/tmp/maxwoo/21EF1A6A9139C9FD2A38E59AFB466F9A_2187/INPUTFILES/data_0830139731.root 
/tmp/maxwoo/21EF1A6A9139C9FD2A38E59AFB466F9A_2187/INPUTFILES/data_0830139741.root 
/tmp/maxwoo/21EF1A6A9139C9FD2A38E59AFB466F9A_2187/INPUTFILES/data_0830139751.root 
/tmp/maxwoo/21EF1A6A9139C9FD2A38E59AFB466F9A_2187/INPUTFILES/data_0830139781.root 
/tmp/maxwoo/21EF1A6A9139C9FD2A38E59AFB466F9A_2187/INPUTFILES/data_0830139801.root 
/tmp/maxwoo/21EF1A6A9139C9FD2A38E59AFB466F9A_2187/INPUTFILES/data_0830139821.root 
/tmp/maxwoo/21EF1A6A9139C9FD2A38E59AFB466F9A_2187/INPUTFILES/data_0830139841.root 
/tmp/maxwoo/21EF1A6A9139C9FD2A38E59AFB466F9A_2187/INPUTFILES/data_0830139851.root 
/tmp/maxwoo/21EF1A6A9139C9FD2A38E59AFB466F9A_2187/INPUTFILES/data_0830139881.root 
++++++++++++++++++++find.++++++++++++++++++++++
.
./check_S.C
./.sandboxFiles
./lib
./lib/NpartNormalizer.h
./lib/MixedBuffer_cpp.d
./lib/NpartNormalizer_cpp.so
./lib/CenMaker_cpp_ACLiC_dict_rdict.pcm
./lib/my_event.h
./lib/my_event_cpp_ACLiC_dict_rdict.pcm
./lib/NpartNormalizer.cpp
./lib/CenMaker_cpp.d
./lib/MixedBuffer_cpp_ACLiC_dict_rdict.pcm
./lib/my_particle.cpp
./lib/NpartNormalizer_cpp_ACLiC_dict_rdict.pcm
./lib/my_particle.h
./lib/MixedBuffer.cpp
./lib/MixedBuffer.h
./lib/my_event.cpp
./lib/MixedBuffer_cpp.so
./lib/my_event_cpp.so
./lib/my_event_cpp.d
./lib/NpartNormalizer_cpp.d
./lib/my_particle_cpp_ACLiC_dict_rdict.pcm
./lib/CenMaker.h
./lib/my_particle_cpp.so
./lib/CenMaker_cpp.so
./lib/CenMaker.cpp
./lib/my_particle_cpp.d
./.output.log
./Check_Sness.C
./INPUTFILES
./INPUTFILES/data_0828140111.root
./INPUTFILES/data_0830139781.root
./INPUTFILES/data_0830139851.root
./INPUTFILES/data_0830139561.root
./INPUTFILES/data_0830139841.root
./INPUTFILES/21EF1A6A9139C9FD2A38E59AFB466F9A_2187.local.list
./INPUTFILES/data_0828140271.root
./INPUTFILES/data_0830139701.root
./INPUTFILES/data_0829140321.root
./INPUTFILES/data_0828140131.root
./INPUTFILES/data_0828140771.root
./INPUTFILES/data_0828140511.root
./INPUTFILES/data_0828140241.root
./INPUTFILES/data_0828140371.root
./INPUTFILES/data_0829139971.root
./INPUTFILES/data_0829139891.root
./INPUTFILES/data_0828140171.root
./INPUTFILES/data_0828140381.root
./INPUTFILES/data_0828140151.root
./INPUTFILES/data_0828140091.root
./INPUTFILES/data_0829139961.root
./INPUTFILES/data_0830139571.root
./INPUTFILES/data_0829140461.root
./INPUTFILES/data_0830139721.root
./INPUTFILES/data_0830139741.root
./INPUTFILES/data_0830139711.root
./INPUTFILES/data_0830139881.root
./INPUTFILES/data_0830139821.root
./INPUTFILES/data_0828140211.root
./INPUTFILES/data_0829140001.root
./INPUTFILES/data_0830139751.root
./INPUTFILES/data_0829140541.root
./INPUTFILES/data_0830139801.root
./INPUTFILES/data_0828140201.root
./INPUTFILES/data_0830139731.root
./INPUTFILES/data_0830139651.root
./INPUTFILES/data_0829140331.root
./INPUTFILES/data_0828140101.root
./.errror.log
++++++++++++++++INPUTFILE Var++++++++++++++++++
FILELIST=/tmp/maxwoo/21EF1A6A9139C9FD2A38E59AFB466F9A_2187/INPUTFILES/21EF1A6A9139C9FD2A38E59AFB466F9A_2187.local.list
INPUTFILECOUNT=37
INPUTFILE0=/tmp/maxwoo/21EF1A6A9139C9FD2A38E59AFB466F9A_2187/INPUTFILES/data_0828140091.root
INPUTFILE1=/tmp/maxwoo/21EF1A6A9139C9FD2A38E59AFB466F9A_2187/INPUTFILES/data_0828140101.root
INPUTFILE2=/tmp/maxwoo/21EF1A6A9139C9FD2A38E59AFB466F9A_2187/INPUTFILES/data_0828140111.root
INPUTFILE3=/tmp/maxwoo/21EF1A6A9139C9FD2A38E59AFB466F9A_2187/INPUTFILES/data_0828140131.root
INPUTFILE4=/tmp/maxwoo/21EF1A6A9139C9FD2A38E59AFB466F9A_2187/INPUTFILES/data_0828140151.root
INPUTFILE5=/tmp/maxwoo/21EF1A6A9139C9FD2A38E59AFB466F9A_2187/INPUTFILES/data_0828140171.root
INPUTFILE6=/tmp/maxwoo/21EF1A6A9139C9FD2A38E59AFB466F9A_2187/INPUTFILES/data_0828140201.root
INPUTFILE7=/tmp/maxwoo/21EF1A6A9139C9FD2A38E59AFB466F9A_2187/INPUTFILES/data_0828140211.root
INPUTFILE8=/tmp/maxwoo/21EF1A6A9139C9FD2A38E59AFB466F9A_2187/INPUTFILES/data_0828140241.root
INPUTFILE9=/tmp/maxwoo/21EF1A6A9139C9FD2A38E59AFB466F9A_2187/INPUTFILES/data_0828140271.root
INPUTFILE10=/tmp/maxwoo/21EF1A6A9139C9FD2A38E59AFB466F9A_2187/INPUTFILES/data_0828140371.root
INPUTFILE11=/tmp/maxwoo/21EF1A6A9139C9FD2A38E59AFB466F9A_2187/INPUTFILES/data_0828140381.root
INPUTFILE12=/tmp/maxwoo/21EF1A6A9139C9FD2A38E59AFB466F9A_2187/INPUTFILES/data_0828140511.root
INPUTFILE13=/tmp/maxwoo/21EF1A6A9139C9FD2A38E59AFB466F9A_2187/INPUTFILES/data_0828140771.root
INPUTFILE14=/tmp/maxwoo/21EF1A6A9139C9FD2A38E59AFB466F9A_2187/INPUTFILES/data_0829139891.root
INPUTFILE15=/tmp/maxwoo/21EF1A6A9139C9FD2A38E59AFB466F9A_2187/INPUTFILES/data_0829139961.root
INPUTFILE16=/tmp/maxwoo/21EF1A6A9139C9FD2A38E59AFB466F9A_2187/INPUTFILES/data_0829139971.root
INPUTFILE17=/tmp/maxwoo/21EF1A6A9139C9FD2A38E59AFB466F9A_2187/INPUTFILES/data_0829140001.root
INPUTFILE18=/tmp/maxwoo/21EF1A6A9139C9FD2A38E59AFB466F9A_2187/INPUTFILES/data_0829140321.root
INPUTFILE19=/tmp/maxwoo/21EF1A6A9139C9FD2A38E59AFB466F9A_2187/INPUTFILES/data_0829140331.root
INPUTFILE20=/tmp/maxwoo/21EF1A6A9139C9FD2A38E59AFB466F9A_2187/INPUTFILES/data_0829140461.root
INPUTFILE21=/tmp/maxwoo/21EF1A6A9139C9FD2A38E59AFB466F9A_2187/INPUTFILES/data_0829140541.root
INPUTFILE22=/tmp/maxwoo/21EF1A6A9139C9FD2A38E59AFB466F9A_2187/INPUTFILES/data_0830139561.root
INPUTFILE23=/tmp/maxwoo/21EF1A6A9139C9FD2A38E59AFB466F9A_2187/INPUTFILES/data_0830139571.root
INPUTFILE24=/tmp/maxwoo/21EF1A6A9139C9FD2A38E59AFB466F9A_2187/INPUTFILES/data_0830139651.root
INPUTFILE25=/tmp/maxwoo/21EF1A6A9139C9FD2A38E59AFB466F9A_2187/INPUTFILES/data_0830139701.root
INPUTFILE26=/tmp/maxwoo/21EF1A6A9139C9FD2A38E59AFB466F9A_2187/INPUTFILES/data_0830139711.root
INPUTFILE27=/tmp/maxwoo/21EF1A6A9139C9FD2A38E59AFB466F9A_2187/INPUTFILES/data_0830139721.root
INPUTFILE28=/tmp/maxwoo/21EF1A6A9139C9FD2A38E59AFB466F9A_2187/INPUTFILES/data_0830139731.root
INPUTFILE29=/tmp/maxwoo/21EF1A6A9139C9FD2A38E59AFB466F9A_2187/INPUTFILES/data_0830139741.root
INPUTFILE30=/tmp/maxwoo/21EF1A6A9139C9FD2A38E59AFB466F9A_2187/INPUTFILES/data_0830139751.root
INPUTFILE31=/tmp/maxwoo/21EF1A6A9139C9FD2A38E59AFB466F9A_2187/INPUTFILES/data_0830139781.root
INPUTFILE32=/tmp/maxwoo/21EF1A6A9139C9FD2A38E59AFB466F9A_2187/INPUTFILES/data_0830139801.root
INPUTFILE33=/tmp/maxwoo/21EF1A6A9139C9FD2A38E59AFB466F9A_2187/INPUTFILES/data_0830139821.root
INPUTFILE34=/tmp/maxwoo/21EF1A6A9139C9FD2A38E59AFB466F9A_2187/INPUTFILES/data_0830139841.root
INPUTFILE35=/tmp/maxwoo/21EF1A6A9139C9FD2A38E59AFB466F9A_2187/INPUTFILES/data_0830139851.root
INPUTFILE36=/tmp/maxwoo/21EF1A6A9139C9FD2A38E59AFB466F9A_2187/INPUTFILES/data_0830139881.root
LocalInputFileDir=/tmp/maxwoo/21EF1A6A9139C9FD2A38E59AFB466F9A_2187/INPUTFILES
NewFILELIST=/tmp/maxwoo/21EF1A6A9139C9FD2A38E59AFB466F9A_2187/INPUTFILES/21EF1A6A9139C9FD2A38E59AFB466F9A_2187.local.list
+++++++++++++++++++++++++++++++++++++++++++++++
--------------------------------
Simple Unified Meta Scheduler 1.10.50 we are starting in $SCRATCH : /home/tmp/maxwoo/21EF1A6A9139C9FD2A38E59AFB466F9A_2187
--------------------------------
total 16
lrwxrwxrwx 1 maxwoo rhstar   61 Jun  2 11:00 check_S.C -> /gpfs/mnt/gpfs01/star/pwg/xiatong/git/strangeness/./check_S.C
lrwxrwxrwx 1 maxwoo rhstar   65 Jun  2 11:00 Check_Sness.C -> /gpfs/mnt/gpfs01/star/pwg/xiatong/git/strangeness/./Check_Sness.C
drwxr-xr-x 2 maxwoo rhstar 4096 Jun  2 11:03 INPUTFILES
drwxr-xr-x 2 maxwoo rhstar 4096 Jun  2 11:00 lib
  *******************************************
  *                                         *
  *        W E L C O M E  to  R O O T       *
  *                                         *
  *   Version   5.34/38     12 March 2018   *
  *                                         *
  *  You are welcome to visit our Web site  *
  *          http://root.cern.ch            *
  *                                         *
  *******************************************

ROOT 5.34/38 (v5-34-38@v5-34-38, Mar 12 2018, 15:49:39 on linux)

CINT/ROOT C/C++ Interpreter version 5.18.00, July 2, 2010
Type ? for help. Commands must be C++ statements.
Enclose multiple statements between { }.
*** Float Point Exception is OFF ***
 *** Start at Date : Thu Jun  2 11:03:24 2022
QAInfo:You are using STAR_LEVEL : dev, ROOT_LEVEL : 5.34.38 and node : spool0235.sdcc.bnl.gov 

Processing check_S.C++("/tmp/maxwoo/21EF1A6A9139C9FD2A38E59AFB466F9A_2187/INPUTFILES/21EF1A6A9139C9FD2A38E59AFB466F9A_2187.local.list","21EF1A6A9139C9FD2A38E59AFB466F9A_2187",1)...
/tmp/maxwoo/21EF1A6A9139C9FD2A38E59AFB466F9A_2187/INPUTFILES/data_0828140091.root 
/tmp/maxwoo/21EF1A6A9139C9FD2A38E59AFB466F9A_2187/INPUTFILES/data_0828140101.root 
/tmp/maxwoo/21EF1A6A9139C9FD2A38E59AFB466F9A_2187/INPUTFILES/data_0828140111.root 
/tmp/maxwoo/21EF1A6A9139C9FD2A38E59AFB466F9A_2187/INPUTFILES/data_0828140131.root 
/tmp/maxwoo/21EF1A6A9139C9FD2A38E59AFB466F9A_2187/INPUTFILES/data_0828140151.root 
/tmp/maxwoo/21EF1A6A9139C9FD2A38E59AFB466F9A_2187/INPUTFILES/data_0828140171.root 
/tmp/maxwoo/21EF1A6A9139C9FD2A38E59AFB466F9A_2187/INPUTFILES/data_0828140201.root 
/tmp/maxwoo/21EF1A6A9139C9FD2A38E59AFB466F9A_2187/INPUTFILES/data_0828140211.root 
/tmp/maxwoo/21EF1A6A9139C9FD2A38E59AFB466F9A_2187/INPUTFILES/data_0828140241.root 
/tmp/maxwoo/21EF1A6A9139C9FD2A38E59AFB466F9A_2187/INPUTFILES/data_0828140271.root 
/tmp/maxwoo/21EF1A6A9139C9FD2A38E59AFB466F9A_2187/INPUTFILES/data_0828140371.root 
/tmp/maxwoo/21EF1A6A9139C9FD2A38E59AFB466F9A_2187/INPUTFILES/data_0828140381.root 
/tmp/maxwoo/21EF1A6A9139C9FD2A38E59AFB466F9A_2187/INPUTFILES/data_0828140511.root 
/tmp/maxwoo/21EF1A6A9139C9FD2A38E59AFB466F9A_2187/INPUTFILES/data_0828140771.root 
/tmp/maxwoo/21EF1A6A9139C9FD2A38E59AFB466F9A_2187/INPUTFILES/data_0829139891.root 
/tmp/maxwoo/21EF1A6A9139C9FD2A38E59AFB466F9A_2187/INPUTFILES/data_0829139961.root 
/tmp/maxwoo/21EF1A6A9139C9FD2A38E59AFB466F9A_2187/INPUTFILES/data_0829139971.root 
/tmp/maxwoo/21EF1A6A9139C9FD2A38E59AFB466F9A_2187/INPUTFILES/data_0829140001.root 
/tmp/maxwoo/21EF1A6A9139C9FD2A38E59AFB466F9A_2187/INPUTFILES/data_0829140321.root 
/tmp/maxwoo/21EF1A6A9139C9FD2A38E59AFB466F9A_2187/INPUTFILES/data_0829140331.root 
/tmp/maxwoo/21EF1A6A9139C9FD2A38E59AFB466F9A_2187/INPUTFILES/data_0829140461.root 
/tmp/maxwoo/21EF1A6A9139C9FD2A38E59AFB466F9A_2187/INPUTFILES/data_0829140541.root 
/tmp/maxwoo/21EF1A6A9139C9FD2A38E59AFB466F9A_2187/INPUTFILES/data_0830139561.root 
/tmp/maxwoo/21EF1A6A9139C9FD2A38E59AFB466F9A_2187/INPUTFILES/data_0830139571.root 
/tmp/maxwoo/21EF1A6A9139C9FD2A38E59AFB466F9A_2187/INPUTFILES/data_0830139651.root 
/tmp/maxwoo/21EF1A6A9139C9FD2A38E59AFB466F9A_2187/INPUTFILES/data_0830139701.root 
/tmp/maxwoo/21EF1A6A9139C9FD2A38E59AFB466F9A_2187/INPUTFILES/data_0830139711.root 
/tmp/maxwoo/21EF1A6A9139C9FD2A38E59AFB466F9A_2187/INPUTFILES/data_0830139721.root 
/tmp/maxwoo/21EF1A6A9139C9FD2A38E59AFB466F9A_2187/INPUTFILES/data_0830139731.root 
/tmp/maxwoo/21EF1A6A9139C9FD2A38E59AFB466F9A_2187/INPUTFILES/data_0830139741.root 
/tmp/maxwoo/21EF1A6A9139C9FD2A38E59AFB466F9A_2187/INPUTFILES/data_0830139751.root 
/tmp/maxwoo/21EF1A6A9139C9FD2A38E59AFB466F9A_2187/INPUTFILES/data_0830139781.root 
/tmp/maxwoo/21EF1A6A9139C9FD2A38E59AFB466F9A_2187/INPUTFILES/data_0830139801.root 
/tmp/maxwoo/21EF1A6A9139C9FD2A38E59AFB466F9A_2187/INPUTFILES/data_0830139821.root 
/tmp/maxwoo/21EF1A6A9139C9FD2A38E59AFB466F9A_2187/INPUTFILES/data_0830139841.root 
/tmp/maxwoo/21EF1A6A9139C9FD2A38E59AFB466F9A_2187/INPUTFILES/data_0830139851.root 
/tmp/maxwoo/21EF1A6A9139C9FD2A38E59AFB466F9A_2187/INPUTFILES/data_0830139881.root 
Added 37 files
# entries in chain: 37000
Processing entry == 1000 == out of 37000.
Processing entry == 2000 == out of 37000.
Processing entry == 3000 == out of 37000.
Processing entry == 4000 == out of 37000.
Processing entry == 5000 == out of 37000.
Processing entry == 6000 == out of 37000.
Processing entry == 7000 == out of 37000.
Processing entry == 8000 == out of 37000.
Processing entry == 9000 == out of 37000.
Processing entry == 10000 == out of 37000.
Processing entry == 11000 == out of 37000.
Processing entry == 12000 == out of 37000.
Processing entry == 13000 == out of 37000.
Processing entry == 14000 == out of 37000.
Processing entry == 15000 == out of 37000.
Processing entry == 16000 == out of 37000.
Processing entry == 17000 == out of 37000.
Processing entry == 18000 == out of 37000.
Processing entry == 19000 == out of 37000.
Processing entry == 20000 == out of 37000.
Processing entry == 21000 == out of 37000.
Processing entry == 22000 == out of 37000.
Processing entry == 23000 == out of 37000.
Processing entry == 24000 == out of 37000.
Processing entry == 25000 == out of 37000.
Processing entry == 26000 == out of 37000.
Processing entry == 27000 == out of 37000.
Processing entry == 28000 == out of 37000.
Processing entry == 29000 == out of 37000.
Processing entry == 30000 == out of 37000.
Processing entry == 31000 == out of 37000.
Processing entry == 32000 == out of 37000.
Processing entry == 33000 == out of 37000.
Processing entry == 34000 == out of 37000.
Processing entry == 35000 == out of 37000.
Processing entry == 36000 == out of 37000.
Processing entry == 37000 == out of 37000.

This is the end of ROOT -- Goodbye

Cleaning up sandbox file:  /tmp/maxwoo/21EF1A6A9139C9FD2A38E59AFB466F9A_2187/check_S.C
Cleaning up sandbox file:  /tmp/maxwoo/21EF1A6A9139C9FD2A38E59AFB466F9A_2187/Check_Sness.C
Cleaning up sandbox file:  /tmp/maxwoo/21EF1A6A9139C9FD2A38E59AFB466F9A_2187/lib
Cleaning up sandbox file:  /tmp/maxwoo/21EF1A6A9139C9FD2A38E59AFB466F9A_2187/.sandboxFiles
Starting copy block
Running copy command:  /bin/cp -fp /tmp/maxwoo/21EF1A6A9139C9FD2A38E59AFB466F9A_2187/out_21EF1A6A9139C9FD2A38E59AFB466F9A_2187.root /star/data01/pwg/xiatong/git/strangeness/data/
30363 Execution of (/star/data01/pwg/xiatong/git/strangeness/script/sched21EF1A6A9139C9FD2A38E59AFB466F9A_2187.csh ) has ended, exiting normally
30363 We END on [Thu Jun  2 11:22:48 EDT 2022]
