We are starting on node: spool0120.sdcc.bnl.gov
HOME is not defined
Using getent method
HOME is now /star/u/maxwoo
89666 We will spawn ourselves (/star/data01/pwg/xiatong/git/strangeness/script/sched21EF1A6A9139C9FD2A38E59AFB466F9A_2018.csh )
89666 We BEGIN on [Thu Jun  2 11:01:38 EDT 2022]
[1] 90551
89666 We are waiting for 90551 
89666 Grandchild PID is 92514 - found in 10 x 1 seconds
89666 Establishing first watcher   on    Thu Jun  2 11:01:49 EDT 2022
89666 Process tree is 89666 (main) -> 90551 (child) -> 92514 (grandchild)
F S   UID    PID   PPID  C PRI  NI ADDR SZ WCHAN  TTY        TIME CMD
0 D 100667 92514  90551  0  80   0 - 32311 cxiWai ?          0:00 cp /star/data01/pwg/xiatong/AMPT/14GeV/data_907167421.root /tmp/maxwoo/21EF1A6A9139C9FD2A38E59AFB466F9A_2018/INPUTFILES/data_907167421.root
89666 Grandchild PID is 95399 - found in 20 x 2 seconds
89666 Grandchild to watch has changed on Thu Jun  2 11:02:10 EDT 2022
89666 Process tree is 89666 (main) -> 90551 (child) -> 95399 (grandchild)
F S   UID    PID   PPID  C PRI  NI ADDR SZ WCHAN  TTY        TIME CMD
0 D 100667 95399  90551  0  80   0 - 32311 cxiWai ?          0:00 cp /star/data01/pwg/xiatong/AMPT/14GeV/data_907385841.root /tmp/maxwoo/21EF1A6A9139C9FD2A38E59AFB466F9A_2018/INPUTFILES/data_907385841.root
89666 Grandchild PID is 98631 - found in 30 x 2 seconds
89666 Grandchild to watch has changed on Thu Jun  2 11:02:31 EDT 2022
89666 Process tree is 89666 (main) -> 90551 (child) -> 98631 (grandchild)
F S   UID    PID   PPID  C PRI  NI ADDR SZ WCHAN  TTY        TIME CMD
89666 Grandchild PID is 99279 - found in 40 x 2 seconds
89666 Grandchild to watch has changed on Thu Jun  2 11:02:52 EDT 2022
89666 Process tree is 89666 (main) -> 90551 (child) -> 99279 (grandchild)
F S   UID    PID   PPID  C PRI  NI ADDR SZ WCHAN  TTY        TIME CMD
0 S 100667 99279  90551  0  80   0 -  1272 do_wai ?          0:00 root -b -q check_S.C++("/tmp/maxwoo/21EF1A6A9139C9FD2A38E59AFB466F9A_2018/INPUTFILES/21EF1A6A9139C9FD2A38E59AFB466F9A_2018.local.list","21EF1A6A9139C9FD2A38E59AFB466F9A_2018",1)
90551 Stepping into the main SUMS wrapper program with []
.... building sandbox
Running: cp /star/data01/pwg/xiatong/AMPT/14GeV/data_907154661.root /tmp/maxwoo/21EF1A6A9139C9FD2A38E59AFB466F9A_2018/INPUTFILES/data_907154661.root
Running: cp /star/data01/pwg/xiatong/AMPT/14GeV/data_907154671.root /tmp/maxwoo/21EF1A6A9139C9FD2A38E59AFB466F9A_2018/INPUTFILES/data_907154671.root
Running: cp /star/data01/pwg/xiatong/AMPT/14GeV/data_907154941.root /tmp/maxwoo/21EF1A6A9139C9FD2A38E59AFB466F9A_2018/INPUTFILES/data_907154941.root
Running: cp /star/data01/pwg/xiatong/AMPT/14GeV/data_907154971.root /tmp/maxwoo/21EF1A6A9139C9FD2A38E59AFB466F9A_2018/INPUTFILES/data_907154971.root
Running: cp /star/data01/pwg/xiatong/AMPT/14GeV/data_907156541.root /tmp/maxwoo/21EF1A6A9139C9FD2A38E59AFB466F9A_2018/INPUTFILES/data_907156541.root
Running: cp /star/data01/pwg/xiatong/AMPT/14GeV/data_907161041.root /tmp/maxwoo/21EF1A6A9139C9FD2A38E59AFB466F9A_2018/INPUTFILES/data_907161041.root
Running: cp /star/data01/pwg/xiatong/AMPT/14GeV/data_907167421.root /tmp/maxwoo/21EF1A6A9139C9FD2A38E59AFB466F9A_2018/INPUTFILES/data_907167421.root
Running: cp /star/data01/pwg/xiatong/AMPT/14GeV/data_907170531.root /tmp/maxwoo/21EF1A6A9139C9FD2A38E59AFB466F9A_2018/INPUTFILES/data_907170531.root
Running: cp /star/data01/pwg/xiatong/AMPT/14GeV/data_907172491.root /tmp/maxwoo/21EF1A6A9139C9FD2A38E59AFB466F9A_2018/INPUTFILES/data_907172491.root
Running: cp /star/data01/pwg/xiatong/AMPT/14GeV/data_907185851.root /tmp/maxwoo/21EF1A6A9139C9FD2A38E59AFB466F9A_2018/INPUTFILES/data_907185851.root
Running: cp /star/data01/pwg/xiatong/AMPT/14GeV/data_907185911.root /tmp/maxwoo/21EF1A6A9139C9FD2A38E59AFB466F9A_2018/INPUTFILES/data_907185911.root
Running: cp /star/data01/pwg/xiatong/AMPT/14GeV/data_907285821.root /tmp/maxwoo/21EF1A6A9139C9FD2A38E59AFB466F9A_2018/INPUTFILES/data_907285821.root
Running: cp /star/data01/pwg/xiatong/AMPT/14GeV/data_907285831.root /tmp/maxwoo/21EF1A6A9139C9FD2A38E59AFB466F9A_2018/INPUTFILES/data_907285831.root
Running: cp /star/data01/pwg/xiatong/AMPT/14GeV/data_907285861.root /tmp/maxwoo/21EF1A6A9139C9FD2A38E59AFB466F9A_2018/INPUTFILES/data_907285861.root
Running: cp /star/data01/pwg/xiatong/AMPT/14GeV/data_907285921.root /tmp/maxwoo/21EF1A6A9139C9FD2A38E59AFB466F9A_2018/INPUTFILES/data_907285921.root
Running: cp /star/data01/pwg/xiatong/AMPT/14GeV/data_907385781.root /tmp/maxwoo/21EF1A6A9139C9FD2A38E59AFB466F9A_2018/INPUTFILES/data_907385781.root
Running: cp /star/data01/pwg/xiatong/AMPT/14GeV/data_907385791.root /tmp/maxwoo/21EF1A6A9139C9FD2A38E59AFB466F9A_2018/INPUTFILES/data_907385791.root
Running: cp /star/data01/pwg/xiatong/AMPT/14GeV/data_907385801.root /tmp/maxwoo/21EF1A6A9139C9FD2A38E59AFB466F9A_2018/INPUTFILES/data_907385801.root
Running: cp /star/data01/pwg/xiatong/AMPT/14GeV/data_907385841.root /tmp/maxwoo/21EF1A6A9139C9FD2A38E59AFB466F9A_2018/INPUTFILES/data_907385841.root
Running: cp /star/data01/pwg/xiatong/AMPT/14GeV/data_907485811.root /tmp/maxwoo/21EF1A6A9139C9FD2A38E59AFB466F9A_2018/INPUTFILES/data_907485811.root
Running: cp /star/data01/pwg/xiatong/AMPT/14GeV/data_907585751.root /tmp/maxwoo/21EF1A6A9139C9FD2A38E59AFB466F9A_2018/INPUTFILES/data_907585751.root
Running: cp /star/data01/pwg/xiatong/AMPT/14GeV/data_907585771.root /tmp/maxwoo/21EF1A6A9139C9FD2A38E59AFB466F9A_2018/INPUTFILES/data_907585771.root
Running: cp /star/data01/pwg/xiatong/AMPT/14GeV/data_907785741.root /tmp/maxwoo/21EF1A6A9139C9FD2A38E59AFB466F9A_2018/INPUTFILES/data_907785741.root
Running: cp /star/data01/pwg/xiatong/AMPT/14GeV/data_907885731.root /tmp/maxwoo/21EF1A6A9139C9FD2A38E59AFB466F9A_2018/INPUTFILES/data_907885731.root
Running: cp /star/data01/pwg/xiatong/AMPT/14GeV/data_907985711.root /tmp/maxwoo/21EF1A6A9139C9FD2A38E59AFB466F9A_2018/INPUTFILES/data_907985711.root
Running: cp /star/data01/pwg/xiatong/AMPT/14GeV/data_907985721.root /tmp/maxwoo/21EF1A6A9139C9FD2A38E59AFB466F9A_2018/INPUTFILES/data_907985721.root
Running: cp /star/data01/pwg/xiatong/AMPT/14GeV/data_907991151.root /tmp/maxwoo/21EF1A6A9139C9FD2A38E59AFB466F9A_2018/INPUTFILES/data_907991151.root
Running: cp /star/data01/pwg/xiatong/AMPT/14GeV/data_908105991.root /tmp/maxwoo/21EF1A6A9139C9FD2A38E59AFB466F9A_2018/INPUTFILES/data_908105991.root
Running: cp /star/data01/pwg/xiatong/AMPT/14GeV/data_908106011.root /tmp/maxwoo/21EF1A6A9139C9FD2A38E59AFB466F9A_2018/INPUTFILES/data_908106011.root
Running: cp /star/data01/pwg/xiatong/AMPT/14GeV/data_908106021.root /tmp/maxwoo/21EF1A6A9139C9FD2A38E59AFB466F9A_2018/INPUTFILES/data_908106021.root
Running: cp /star/data01/pwg/xiatong/AMPT/14GeV/data_908121221.root /tmp/maxwoo/21EF1A6A9139C9FD2A38E59AFB466F9A_2018/INPUTFILES/data_908121221.root
Running: cp /star/data01/pwg/xiatong/AMPT/14GeV/data_908123391.root /tmp/maxwoo/21EF1A6A9139C9FD2A38E59AFB466F9A_2018/INPUTFILES/data_908123391.root
Running: cp /star/data01/pwg/xiatong/AMPT/14GeV/data_908123401.root /tmp/maxwoo/21EF1A6A9139C9FD2A38E59AFB466F9A_2018/INPUTFILES/data_908123401.root
Running: cp /star/data01/pwg/xiatong/AMPT/14GeV/data_908123791.root /tmp/maxwoo/21EF1A6A9139C9FD2A38E59AFB466F9A_2018/INPUTFILES/data_908123791.root
Running: cp /star/data01/pwg/xiatong/AMPT/14GeV/data_908123811.root /tmp/maxwoo/21EF1A6A9139C9FD2A38E59AFB466F9A_2018/INPUTFILES/data_908123811.root
Running: cp /star/data01/pwg/xiatong/AMPT/14GeV/data_908128011.root /tmp/maxwoo/21EF1A6A9139C9FD2A38E59AFB466F9A_2018/INPUTFILES/data_908128011.root
Running: cp /star/data01/pwg/xiatong/AMPT/14GeV/data_908154271.root /tmp/maxwoo/21EF1A6A9139C9FD2A38E59AFB466F9A_2018/INPUTFILES/data_908154271.root
Swapping $FILELIST with: /tmp/maxwoo/21EF1A6A9139C9FD2A38E59AFB466F9A_2018/INPUTFILES/21EF1A6A9139C9FD2A38E59AFB466F9A_2018.local.list
+++++++++++local copy debug++++++++++++++++++++
newFileList: /tmp/maxwoo/21EF1A6A9139C9FD2A38E59AFB466F9A_2018/INPUTFILES/21EF1A6A9139C9FD2A38E59AFB466F9A_2018.local.list
++++++++++++++++cat FILELIST+++++++++++++++++++
/tmp/maxwoo/21EF1A6A9139C9FD2A38E59AFB466F9A_2018/INPUTFILES/data_907154661.root 
/tmp/maxwoo/21EF1A6A9139C9FD2A38E59AFB466F9A_2018/INPUTFILES/data_907154671.root 
/tmp/maxwoo/21EF1A6A9139C9FD2A38E59AFB466F9A_2018/INPUTFILES/data_907154941.root 
/tmp/maxwoo/21EF1A6A9139C9FD2A38E59AFB466F9A_2018/INPUTFILES/data_907154971.root 
/tmp/maxwoo/21EF1A6A9139C9FD2A38E59AFB466F9A_2018/INPUTFILES/data_907156541.root 
/tmp/maxwoo/21EF1A6A9139C9FD2A38E59AFB466F9A_2018/INPUTFILES/data_907161041.root 
/tmp/maxwoo/21EF1A6A9139C9FD2A38E59AFB466F9A_2018/INPUTFILES/data_907167421.root 
/tmp/maxwoo/21EF1A6A9139C9FD2A38E59AFB466F9A_2018/INPUTFILES/data_907170531.root 
/tmp/maxwoo/21EF1A6A9139C9FD2A38E59AFB466F9A_2018/INPUTFILES/data_907172491.root 
/tmp/maxwoo/21EF1A6A9139C9FD2A38E59AFB466F9A_2018/INPUTFILES/data_907185851.root 
/tmp/maxwoo/21EF1A6A9139C9FD2A38E59AFB466F9A_2018/INPUTFILES/data_907185911.root 
/tmp/maxwoo/21EF1A6A9139C9FD2A38E59AFB466F9A_2018/INPUTFILES/data_907285821.root 
/tmp/maxwoo/21EF1A6A9139C9FD2A38E59AFB466F9A_2018/INPUTFILES/data_907285831.root 
/tmp/maxwoo/21EF1A6A9139C9FD2A38E59AFB466F9A_2018/INPUTFILES/data_907285861.root 
/tmp/maxwoo/21EF1A6A9139C9FD2A38E59AFB466F9A_2018/INPUTFILES/data_907285921.root 
/tmp/maxwoo/21EF1A6A9139C9FD2A38E59AFB466F9A_2018/INPUTFILES/data_907385781.root 
/tmp/maxwoo/21EF1A6A9139C9FD2A38E59AFB466F9A_2018/INPUTFILES/data_907385791.root 
/tmp/maxwoo/21EF1A6A9139C9FD2A38E59AFB466F9A_2018/INPUTFILES/data_907385801.root 
/tmp/maxwoo/21EF1A6A9139C9FD2A38E59AFB466F9A_2018/INPUTFILES/data_907385841.root 
/tmp/maxwoo/21EF1A6A9139C9FD2A38E59AFB466F9A_2018/INPUTFILES/data_907485811.root 
/tmp/maxwoo/21EF1A6A9139C9FD2A38E59AFB466F9A_2018/INPUTFILES/data_907585751.root 
/tmp/maxwoo/21EF1A6A9139C9FD2A38E59AFB466F9A_2018/INPUTFILES/data_907585771.root 
/tmp/maxwoo/21EF1A6A9139C9FD2A38E59AFB466F9A_2018/INPUTFILES/data_907785741.root 
/tmp/maxwoo/21EF1A6A9139C9FD2A38E59AFB466F9A_2018/INPUTFILES/data_907885731.root 
/tmp/maxwoo/21EF1A6A9139C9FD2A38E59AFB466F9A_2018/INPUTFILES/data_907985711.root 
/tmp/maxwoo/21EF1A6A9139C9FD2A38E59AFB466F9A_2018/INPUTFILES/data_907985721.root 
/tmp/maxwoo/21EF1A6A9139C9FD2A38E59AFB466F9A_2018/INPUTFILES/data_907991151.root 
/tmp/maxwoo/21EF1A6A9139C9FD2A38E59AFB466F9A_2018/INPUTFILES/data_908105991.root 
/tmp/maxwoo/21EF1A6A9139C9FD2A38E59AFB466F9A_2018/INPUTFILES/data_908106011.root 
/tmp/maxwoo/21EF1A6A9139C9FD2A38E59AFB466F9A_2018/INPUTFILES/data_908106021.root 
/tmp/maxwoo/21EF1A6A9139C9FD2A38E59AFB466F9A_2018/INPUTFILES/data_908121221.root 
/tmp/maxwoo/21EF1A6A9139C9FD2A38E59AFB466F9A_2018/INPUTFILES/data_908123391.root 
/tmp/maxwoo/21EF1A6A9139C9FD2A38E59AFB466F9A_2018/INPUTFILES/data_908123401.root 
/tmp/maxwoo/21EF1A6A9139C9FD2A38E59AFB466F9A_2018/INPUTFILES/data_908123791.root 
/tmp/maxwoo/21EF1A6A9139C9FD2A38E59AFB466F9A_2018/INPUTFILES/data_908123811.root 
/tmp/maxwoo/21EF1A6A9139C9FD2A38E59AFB466F9A_2018/INPUTFILES/data_908128011.root 
/tmp/maxwoo/21EF1A6A9139C9FD2A38E59AFB466F9A_2018/INPUTFILES/data_908154271.root 
++++++++++++++++++++find.++++++++++++++++++++++
.
./.output.log
./.errror.log
./lib
./lib/CenMaker_cpp.d
./lib/MixedBuffer_cpp.d
./lib/MixedBuffer_cpp_ACLiC_dict_rdict.pcm
./lib/NpartNormalizer_cpp_ACLiC_dict_rdict.pcm
./lib/MixedBuffer_cpp.so
./lib/NpartNormalizer_cpp.so
./lib/my_particle_cpp_ACLiC_dict_rdict.pcm
./lib/CenMaker.h
./lib/my_event.h
./lib/my_event_cpp_ACLiC_dict_rdict.pcm
./lib/MixedBuffer.h
./lib/CenMaker_cpp.so
./lib/CenMaker_cpp_ACLiC_dict_rdict.pcm
./lib/my_event_cpp.d
./lib/my_particle.h
./lib/my_particle_cpp.d
./lib/my_particle.cpp
./lib/my_particle_cpp.so
./lib/CenMaker.cpp
./lib/NpartNormalizer.h
./lib/my_event_cpp.so
./lib/my_event.cpp
./lib/MixedBuffer.cpp
./lib/NpartNormalizer.cpp
./lib/NpartNormalizer_cpp.d
./check_S.C
./Check_Sness.C
./INPUTFILES
./INPUTFILES/data_908123391.root
./INPUTFILES/data_907385781.root
./INPUTFILES/data_908106021.root
./INPUTFILES/21EF1A6A9139C9FD2A38E59AFB466F9A_2018.local.list
./INPUTFILES/data_907885731.root
./INPUTFILES/data_907185851.root
./INPUTFILES/data_907154941.root
./INPUTFILES/data_907585771.root
./INPUTFILES/data_907991151.root
./INPUTFILES/data_907385841.root
./INPUTFILES/data_907154671.root
./INPUTFILES/data_908128011.root
./INPUTFILES/data_907285861.root
./INPUTFILES/data_908121221.root
./INPUTFILES/data_908123401.root
./INPUTFILES/data_908106011.root
./INPUTFILES/data_907585751.root
./INPUTFILES/data_907385801.root
./INPUTFILES/data_908123811.root
./INPUTFILES/data_907285831.root
./INPUTFILES/data_907385791.root
./INPUTFILES/data_908105991.root
./INPUTFILES/data_907285821.root
./INPUTFILES/data_907285921.root
./INPUTFILES/data_907485811.root
./INPUTFILES/data_907167421.root
./INPUTFILES/data_908154271.root
./INPUTFILES/data_907185911.root
./INPUTFILES/data_907985711.root
./INPUTFILES/data_907154971.root
./INPUTFILES/data_907161041.root
./INPUTFILES/data_907156541.root
./INPUTFILES/data_907172491.root
./INPUTFILES/data_907785741.root
./INPUTFILES/data_908123791.root
./INPUTFILES/data_907154661.root
./INPUTFILES/data_907985721.root
./INPUTFILES/data_907170531.root
./.sandboxFiles
++++++++++++++++INPUTFILE Var++++++++++++++++++
FILELIST=/tmp/maxwoo/21EF1A6A9139C9FD2A38E59AFB466F9A_2018/INPUTFILES/21EF1A6A9139C9FD2A38E59AFB466F9A_2018.local.list
INPUTFILECOUNT=37
INPUTFILE0=/tmp/maxwoo/21EF1A6A9139C9FD2A38E59AFB466F9A_2018/INPUTFILES/data_907154661.root
INPUTFILE1=/tmp/maxwoo/21EF1A6A9139C9FD2A38E59AFB466F9A_2018/INPUTFILES/data_907154671.root
INPUTFILE2=/tmp/maxwoo/21EF1A6A9139C9FD2A38E59AFB466F9A_2018/INPUTFILES/data_907154941.root
INPUTFILE3=/tmp/maxwoo/21EF1A6A9139C9FD2A38E59AFB466F9A_2018/INPUTFILES/data_907154971.root
INPUTFILE4=/tmp/maxwoo/21EF1A6A9139C9FD2A38E59AFB466F9A_2018/INPUTFILES/data_907156541.root
INPUTFILE5=/tmp/maxwoo/21EF1A6A9139C9FD2A38E59AFB466F9A_2018/INPUTFILES/data_907161041.root
INPUTFILE6=/tmp/maxwoo/21EF1A6A9139C9FD2A38E59AFB466F9A_2018/INPUTFILES/data_907167421.root
INPUTFILE7=/tmp/maxwoo/21EF1A6A9139C9FD2A38E59AFB466F9A_2018/INPUTFILES/data_907170531.root
INPUTFILE8=/tmp/maxwoo/21EF1A6A9139C9FD2A38E59AFB466F9A_2018/INPUTFILES/data_907172491.root
INPUTFILE9=/tmp/maxwoo/21EF1A6A9139C9FD2A38E59AFB466F9A_2018/INPUTFILES/data_907185851.root
INPUTFILE10=/tmp/maxwoo/21EF1A6A9139C9FD2A38E59AFB466F9A_2018/INPUTFILES/data_907185911.root
INPUTFILE11=/tmp/maxwoo/21EF1A6A9139C9FD2A38E59AFB466F9A_2018/INPUTFILES/data_907285821.root
INPUTFILE12=/tmp/maxwoo/21EF1A6A9139C9FD2A38E59AFB466F9A_2018/INPUTFILES/data_907285831.root
INPUTFILE13=/tmp/maxwoo/21EF1A6A9139C9FD2A38E59AFB466F9A_2018/INPUTFILES/data_907285861.root
INPUTFILE14=/tmp/maxwoo/21EF1A6A9139C9FD2A38E59AFB466F9A_2018/INPUTFILES/data_907285921.root
INPUTFILE15=/tmp/maxwoo/21EF1A6A9139C9FD2A38E59AFB466F9A_2018/INPUTFILES/data_907385781.root
INPUTFILE16=/tmp/maxwoo/21EF1A6A9139C9FD2A38E59AFB466F9A_2018/INPUTFILES/data_907385791.root
INPUTFILE17=/tmp/maxwoo/21EF1A6A9139C9FD2A38E59AFB466F9A_2018/INPUTFILES/data_907385801.root
INPUTFILE18=/tmp/maxwoo/21EF1A6A9139C9FD2A38E59AFB466F9A_2018/INPUTFILES/data_907385841.root
INPUTFILE19=/tmp/maxwoo/21EF1A6A9139C9FD2A38E59AFB466F9A_2018/INPUTFILES/data_907485811.root
INPUTFILE20=/tmp/maxwoo/21EF1A6A9139C9FD2A38E59AFB466F9A_2018/INPUTFILES/data_907585751.root
INPUTFILE21=/tmp/maxwoo/21EF1A6A9139C9FD2A38E59AFB466F9A_2018/INPUTFILES/data_907585771.root
INPUTFILE22=/tmp/maxwoo/21EF1A6A9139C9FD2A38E59AFB466F9A_2018/INPUTFILES/data_907785741.root
INPUTFILE23=/tmp/maxwoo/21EF1A6A9139C9FD2A38E59AFB466F9A_2018/INPUTFILES/data_907885731.root
INPUTFILE24=/tmp/maxwoo/21EF1A6A9139C9FD2A38E59AFB466F9A_2018/INPUTFILES/data_907985711.root
INPUTFILE25=/tmp/maxwoo/21EF1A6A9139C9FD2A38E59AFB466F9A_2018/INPUTFILES/data_907985721.root
INPUTFILE26=/tmp/maxwoo/21EF1A6A9139C9FD2A38E59AFB466F9A_2018/INPUTFILES/data_907991151.root
INPUTFILE27=/tmp/maxwoo/21EF1A6A9139C9FD2A38E59AFB466F9A_2018/INPUTFILES/data_908105991.root
INPUTFILE28=/tmp/maxwoo/21EF1A6A9139C9FD2A38E59AFB466F9A_2018/INPUTFILES/data_908106011.root
INPUTFILE29=/tmp/maxwoo/21EF1A6A9139C9FD2A38E59AFB466F9A_2018/INPUTFILES/data_908106021.root
INPUTFILE30=/tmp/maxwoo/21EF1A6A9139C9FD2A38E59AFB466F9A_2018/INPUTFILES/data_908121221.root
INPUTFILE31=/tmp/maxwoo/21EF1A6A9139C9FD2A38E59AFB466F9A_2018/INPUTFILES/data_908123391.root
INPUTFILE32=/tmp/maxwoo/21EF1A6A9139C9FD2A38E59AFB466F9A_2018/INPUTFILES/data_908123401.root
INPUTFILE33=/tmp/maxwoo/21EF1A6A9139C9FD2A38E59AFB466F9A_2018/INPUTFILES/data_908123791.root
INPUTFILE34=/tmp/maxwoo/21EF1A6A9139C9FD2A38E59AFB466F9A_2018/INPUTFILES/data_908123811.root
INPUTFILE35=/tmp/maxwoo/21EF1A6A9139C9FD2A38E59AFB466F9A_2018/INPUTFILES/data_908128011.root
INPUTFILE36=/tmp/maxwoo/21EF1A6A9139C9FD2A38E59AFB466F9A_2018/INPUTFILES/data_908154271.root
LocalInputFileDir=/tmp/maxwoo/21EF1A6A9139C9FD2A38E59AFB466F9A_2018/INPUTFILES
NewFILELIST=/tmp/maxwoo/21EF1A6A9139C9FD2A38E59AFB466F9A_2018/INPUTFILES/21EF1A6A9139C9FD2A38E59AFB466F9A_2018.local.list
+++++++++++++++++++++++++++++++++++++++++++++++
--------------------------------
Simple Unified Meta Scheduler 1.10.50 we are starting in $SCRATCH : /home/tmp/maxwoo/21EF1A6A9139C9FD2A38E59AFB466F9A_2018
--------------------------------
total 16
lrwxrwxrwx 1 maxwoo rhstar   61 Jun  2 11:01 check_S.C -> /gpfs/mnt/gpfs01/star/pwg/xiatong/git/strangeness/./check_S.C
lrwxrwxrwx 1 maxwoo rhstar   65 Jun  2 11:01 Check_Sness.C -> /gpfs/mnt/gpfs01/star/pwg/xiatong/git/strangeness/./Check_Sness.C
drwxr-xr-x 2 maxwoo rhstar 4096 Jun  2 11:02 INPUTFILES
drwxr-xr-x 2 maxwoo rhstar 4096 Jun  2 11:01 lib
  *******************************************
  *                                         *
  *        W E L C O M E  to  R O O T       *
  *                                         *
  *   Version   5.34/38     12 March 2018   *
  *                                         *
  *  You are welcome to visit our Web site  *
  *          http://root.cern.ch            *
  *                                         *
  *******************************************

ROOT 5.34/38 (v5-34-38@v5-34-38, Mar 12 2018, 15:49:39 on linux)

CINT/ROOT C/C++ Interpreter version 5.18.00, July 2, 2010
Type ? for help. Commands must be C++ statements.
Enclose multiple statements between { }.
*** Float Point Exception is OFF ***
 *** Start at Date : Thu Jun  2 11:02:32 2022
QAInfo:You are using STAR_LEVEL : dev, ROOT_LEVEL : 5.34.38 and node : spool0120.sdcc.bnl.gov 

Processing check_S.C++("/tmp/maxwoo/21EF1A6A9139C9FD2A38E59AFB466F9A_2018/INPUTFILES/21EF1A6A9139C9FD2A38E59AFB466F9A_2018.local.list","21EF1A6A9139C9FD2A38E59AFB466F9A_2018",1)...
/tmp/maxwoo/21EF1A6A9139C9FD2A38E59AFB466F9A_2018/INPUTFILES/data_907154661.root 
/tmp/maxwoo/21EF1A6A9139C9FD2A38E59AFB466F9A_2018/INPUTFILES/data_907154671.root 
/tmp/maxwoo/21EF1A6A9139C9FD2A38E59AFB466F9A_2018/INPUTFILES/data_907154941.root 
/tmp/maxwoo/21EF1A6A9139C9FD2A38E59AFB466F9A_2018/INPUTFILES/data_907154971.root 
/tmp/maxwoo/21EF1A6A9139C9FD2A38E59AFB466F9A_2018/INPUTFILES/data_907156541.root 
/tmp/maxwoo/21EF1A6A9139C9FD2A38E59AFB466F9A_2018/INPUTFILES/data_907161041.root 
/tmp/maxwoo/21EF1A6A9139C9FD2A38E59AFB466F9A_2018/INPUTFILES/data_907167421.root 
/tmp/maxwoo/21EF1A6A9139C9FD2A38E59AFB466F9A_2018/INPUTFILES/data_907170531.root 
/tmp/maxwoo/21EF1A6A9139C9FD2A38E59AFB466F9A_2018/INPUTFILES/data_907172491.root 
/tmp/maxwoo/21EF1A6A9139C9FD2A38E59AFB466F9A_2018/INPUTFILES/data_907185851.root 
/tmp/maxwoo/21EF1A6A9139C9FD2A38E59AFB466F9A_2018/INPUTFILES/data_907185911.root 
/tmp/maxwoo/21EF1A6A9139C9FD2A38E59AFB466F9A_2018/INPUTFILES/data_907285821.root 
/tmp/maxwoo/21EF1A6A9139C9FD2A38E59AFB466F9A_2018/INPUTFILES/data_907285831.root 
/tmp/maxwoo/21EF1A6A9139C9FD2A38E59AFB466F9A_2018/INPUTFILES/data_907285861.root 
/tmp/maxwoo/21EF1A6A9139C9FD2A38E59AFB466F9A_2018/INPUTFILES/data_907285921.root 
/tmp/maxwoo/21EF1A6A9139C9FD2A38E59AFB466F9A_2018/INPUTFILES/data_907385781.root 
/tmp/maxwoo/21EF1A6A9139C9FD2A38E59AFB466F9A_2018/INPUTFILES/data_907385791.root 
/tmp/maxwoo/21EF1A6A9139C9FD2A38E59AFB466F9A_2018/INPUTFILES/data_907385801.root 
/tmp/maxwoo/21EF1A6A9139C9FD2A38E59AFB466F9A_2018/INPUTFILES/data_907385841.root 
/tmp/maxwoo/21EF1A6A9139C9FD2A38E59AFB466F9A_2018/INPUTFILES/data_907485811.root 
/tmp/maxwoo/21EF1A6A9139C9FD2A38E59AFB466F9A_2018/INPUTFILES/data_907585751.root 
/tmp/maxwoo/21EF1A6A9139C9FD2A38E59AFB466F9A_2018/INPUTFILES/data_907585771.root 
/tmp/maxwoo/21EF1A6A9139C9FD2A38E59AFB466F9A_2018/INPUTFILES/data_907785741.root 
/tmp/maxwoo/21EF1A6A9139C9FD2A38E59AFB466F9A_2018/INPUTFILES/data_907885731.root 
/tmp/maxwoo/21EF1A6A9139C9FD2A38E59AFB466F9A_2018/INPUTFILES/data_907985711.root 
/tmp/maxwoo/21EF1A6A9139C9FD2A38E59AFB466F9A_2018/INPUTFILES/data_907985721.root 
/tmp/maxwoo/21EF1A6A9139C9FD2A38E59AFB466F9A_2018/INPUTFILES/data_907991151.root 
/tmp/maxwoo/21EF1A6A9139C9FD2A38E59AFB466F9A_2018/INPUTFILES/data_908105991.root 
/tmp/maxwoo/21EF1A6A9139C9FD2A38E59AFB466F9A_2018/INPUTFILES/data_908106011.root 
/tmp/maxwoo/21EF1A6A9139C9FD2A38E59AFB466F9A_2018/INPUTFILES/data_908106021.root 
/tmp/maxwoo/21EF1A6A9139C9FD2A38E59AFB466F9A_2018/INPUTFILES/data_908121221.root 
/tmp/maxwoo/21EF1A6A9139C9FD2A38E59AFB466F9A_2018/INPUTFILES/data_908123391.root 
/tmp/maxwoo/21EF1A6A9139C9FD2A38E59AFB466F9A_2018/INPUTFILES/data_908123401.root 
/tmp/maxwoo/21EF1A6A9139C9FD2A38E59AFB466F9A_2018/INPUTFILES/data_908123791.root 
/tmp/maxwoo/21EF1A6A9139C9FD2A38E59AFB466F9A_2018/INPUTFILES/data_908123811.root 
/tmp/maxwoo/21EF1A6A9139C9FD2A38E59AFB466F9A_2018/INPUTFILES/data_908128011.root 
/tmp/maxwoo/21EF1A6A9139C9FD2A38E59AFB466F9A_2018/INPUTFILES/data_908154271.root 
Added 37 files
# entries in chain: 37000
Processing entry == 1000 == out of 37000.
Processing entry == 2000 == out of 37000.
Processing entry == 3000 == out of 37000.
Processing entry == 4000 == out of 37000.
Processing entry == 5000 == out of 37000.
Processing entry == 6000 == out of 37000.
Processing entry == 7000 == out of 37000.
Processing entry == 8000 == out of 37000.
Processing entry == 9000 == out of 37000.
Processing entry == 10000 == out of 37000.
Processing entry == 11000 == out of 37000.
Processing entry == 12000 == out of 37000.
Processing entry == 13000 == out of 37000.
Processing entry == 14000 == out of 37000.
Processing entry == 15000 == out of 37000.
Processing entry == 16000 == out of 37000.
Processing entry == 17000 == out of 37000.
Processing entry == 18000 == out of 37000.
Processing entry == 19000 == out of 37000.
Processing entry == 20000 == out of 37000.
Processing entry == 21000 == out of 37000.
Processing entry == 22000 == out of 37000.
Processing entry == 23000 == out of 37000.
Processing entry == 24000 == out of 37000.
Processing entry == 25000 == out of 37000.
Processing entry == 26000 == out of 37000.
Processing entry == 27000 == out of 37000.
Processing entry == 28000 == out of 37000.
Processing entry == 29000 == out of 37000.
Processing entry == 30000 == out of 37000.
Processing entry == 31000 == out of 37000.
Processing entry == 32000 == out of 37000.
Processing entry == 33000 == out of 37000.
Processing entry == 34000 == out of 37000.
Processing entry == 35000 == out of 37000.
Processing entry == 36000 == out of 37000.
Processing entry == 37000 == out of 37000.

This is the end of ROOT -- Goodbye

Cleaning up sandbox file:  /tmp/maxwoo/21EF1A6A9139C9FD2A38E59AFB466F9A_2018/check_S.C
Cleaning up sandbox file:  /tmp/maxwoo/21EF1A6A9139C9FD2A38E59AFB466F9A_2018/Check_Sness.C
Cleaning up sandbox file:  /tmp/maxwoo/21EF1A6A9139C9FD2A38E59AFB466F9A_2018/lib
Cleaning up sandbox file:  /tmp/maxwoo/21EF1A6A9139C9FD2A38E59AFB466F9A_2018/.sandboxFiles
Starting copy block
Running copy command:  /bin/cp -fp /tmp/maxwoo/21EF1A6A9139C9FD2A38E59AFB466F9A_2018/out_21EF1A6A9139C9FD2A38E59AFB466F9A_2018.root /star/data01/pwg/xiatong/git/strangeness/data/
89666 Execution of (/star/data01/pwg/xiatong/git/strangeness/script/sched21EF1A6A9139C9FD2A38E59AFB466F9A_2018.csh ) has ended, exiting normally
89666 We END on [Thu Jun  2 11:23:21 EDT 2022]
