We are starting on node: rcas2938.rcf.bnl.gov
HOME is not defined
Using getent method
HOME is now /star/u/maxwoo
17365 We will spawn ourselves (/star/data01/pwg/xiatong/git/strangeness/script/sched21EF1A6A9139C9FD2A38E59AFB466F9A_1226.csh )
17365 We BEGIN on [Thu Jun  2 11:21:16 EDT 2022]
[1] 17558
17365 We are waiting for 17558 
17365 Grandchild PID is 18270 - found in 10 x 1 seconds
17365 Establishing first watcher   on    Thu Jun  2 11:21:27 EDT 2022
17365 Process tree is 17365 (main) -> 17558 (child) -> 18270 (grandchild)
F S   UID   PID  PPID  C PRI  NI ADDR SZ WCHAN  TTY        TIME CMD
0 D 100667 18270 17558  0 80   0 - 32311 cxiWai ?          0:00 cp /star/data01/pwg/xiatong/AMPT/14GeV/data_399711231.root /tmp/maxwoo/21EF1A6A9139C9FD2A38E59AFB466F9A_1226/INPUTFILES/data_399711231.root
17365 Grandchild PID is 19583 - found in 20 x 2 seconds
17365 Grandchild to watch has changed on Thu Jun  2 11:21:48 EDT 2022
17365 Process tree is 17365 (main) -> 17558 (child) -> 19583 (grandchild)
F S   UID   PID  PPID  C PRI  NI ADDR SZ WCHAN  TTY        TIME CMD
0 D 100667 19583 17558  0 80   0 - 32311 cxiWai ?          0:00 cp /star/data01/pwg/xiatong/AMPT/14GeV/data_399716021.root /tmp/maxwoo/21EF1A6A9139C9FD2A38E59AFB466F9A_1226/INPUTFILES/data_399716021.root
17365 Grandchild PID is 21943 - found in 30 x 2 seconds
17365 Grandchild to watch has changed on Thu Jun  2 11:22:09 EDT 2022
17365 Process tree is 17365 (main) -> 17558 (child) -> 21943 (grandchild)
F S   UID   PID  PPID  C PRI  NI ADDR SZ WCHAN  TTY        TIME CMD
0 D 100667 21943 17558  0 80   0 - 32311 cxiWai ?          0:00 cp /star/data01/pwg/xiatong/AMPT/14GeV/data_400010871.root /tmp/maxwoo/21EF1A6A9139C9FD2A38E59AFB466F9A_1226/INPUTFILES/data_400010871.root
17365 Grandchild PID is 25228 - found in 50 x 2 seconds
17365 Grandchild to watch has changed on Thu Jun  2 11:22:50 EDT 2022
17365 Process tree is 17365 (main) -> 17558 (child) -> 25228 (grandchild)
F S   UID   PID  PPID  C PRI  NI ADDR SZ WCHAN  TTY        TIME CMD
0 D 100667 25228 17558  0 80   0 - 32311 cxiWai ?          0:00 cp /star/data01/pwg/xiatong/AMPT/14GeV/data_400011281.root /tmp/maxwoo/21EF1A6A9139C9FD2A38E59AFB466F9A_1226/INPUTFILES/data_400011281.root
17365 Grandchild PID is 30325 - found in 70 x 2 seconds
17365 Grandchild to watch has changed on Thu Jun  2 11:23:32 EDT 2022
17365 Process tree is 17365 (main) -> 17558 (child) -> 30325 (grandchild)
F S   UID   PID  PPID  C PRI  NI ADDR SZ WCHAN  TTY        TIME CMD
0 D 100667 30325 17558  0 80   0 - 32311 cxiWai ?          0:00 cp /star/data01/pwg/xiatong/AMPT/14GeV/data_400114791.root /tmp/maxwoo/21EF1A6A9139C9FD2A38E59AFB466F9A_1226/INPUTFILES/data_400114791.root
17365 Grandchild PID is 32022 - found in 80 x 2 seconds
17365 Grandchild to watch has changed on Thu Jun  2 11:23:53 EDT 2022
17365 Process tree is 17365 (main) -> 17558 (child) -> 32022 (grandchild)
F S   UID   PID  PPID  C PRI  NI ADDR SZ WCHAN  TTY        TIME CMD
0 D 100667 32022 17558  0 80   0 - 32311 cxiWai ?          0:00 cp /star/data01/pwg/xiatong/AMPT/14GeV/data_400142741.root /tmp/maxwoo/21EF1A6A9139C9FD2A38E59AFB466F9A_1226/INPUTFILES/data_400142741.root
17365 Grandchild PID is 32869 - found in 90 x 2 seconds
17365 Grandchild to watch has changed on Thu Jun  2 11:24:13 EDT 2022
17365 Process tree is 17365 (main) -> 17558 (child) -> 32869 (grandchild)
F S   UID   PID  PPID  C PRI  NI ADDR SZ WCHAN  TTY        TIME CMD
0 D 100667 32869 17558  0 80   0 - 32311 cxiWai ?          0:00 cp /star/data01/pwg/xiatong/AMPT/14GeV/data_400146821.root /tmp/maxwoo/21EF1A6A9139C9FD2A38E59AFB466F9A_1226/INPUTFILES/data_400146821.root
17365 Grandchild PID is 35490 - found in 110 x 2 seconds
17365 Grandchild to watch has changed on Thu Jun  2 11:24:55 EDT 2022
17365 Process tree is 17365 (main) -> 17558 (child) -> 35490 (grandchild)
F S   UID   PID  PPID  C PRI  NI ADDR SZ WCHAN  TTY        TIME CMD
0 D 100667 35490 17558  0 80   0 - 32311 cxiWai ?          0:00 cp /star/data01/pwg/xiatong/AMPT/14GeV/data_400158931.root /tmp/maxwoo/21EF1A6A9139C9FD2A38E59AFB466F9A_1226/INPUTFILES/data_400158931.root
17365 Grandchild PID is 37839 - found in 120 x 2 seconds
17365 Grandchild to watch has changed on Thu Jun  2 11:25:16 EDT 2022
17365 Process tree is 17365 (main) -> 17558 (child) -> 37839 (grandchild)
F S   UID   PID  PPID  C PRI  NI ADDR SZ WCHAN  TTY        TIME CMD
0 D 100667 37839 17558  0 80   0 - 32311 cxiWai ?          0:00 cp /star/data01/pwg/xiatong/AMPT/14GeV/data_400158951.root /tmp/maxwoo/21EF1A6A9139C9FD2A38E59AFB466F9A_1226/INPUTFILES/data_400158951.root
17365 Grandchild PID is 39179 - found in 130 x 2 seconds
17365 Grandchild to watch has changed on Thu Jun  2 11:25:36 EDT 2022
17365 Process tree is 17365 (main) -> 17558 (child) -> 39179 (grandchild)
F S   UID   PID  PPID  C PRI  NI ADDR SZ WCHAN  TTY        TIME CMD
0 D 100667 39179 17558  0 80   0 - 32311 cxiWai ?          0:00 cp /star/data01/pwg/xiatong/AMPT/14GeV/data_400165781.root /tmp/maxwoo/21EF1A6A9139C9FD2A38E59AFB466F9A_1226/INPUTFILES/data_400165781.root
17365 Grandchild PID is 40686 - found in 140 x 2 seconds
17365 Grandchild to watch has changed on Thu Jun  2 11:25:57 EDT 2022
17365 Process tree is 17365 (main) -> 17558 (child) -> 40686 (grandchild)
F S   UID   PID  PPID  C PRI  NI ADDR SZ WCHAN  TTY        TIME CMD
0 S 100667 40686 17558  0 80   0 -  1272 do_wai ?          0:00 root -b -q check_S.C++("/tmp/maxwoo/21EF1A6A9139C9FD2A38E59AFB466F9A_1226/INPUTFILES/21EF1A6A9139C9FD2A38E59AFB466F9A_1226.local.list","21EF1A6A9139C9FD2A38E59AFB466F9A_1226",1)
17558 Stepping into the main SUMS wrapper program with []
.... building sandbox
Running: cp /star/data01/pwg/xiatong/AMPT/14GeV/data_399654841.root /tmp/maxwoo/21EF1A6A9139C9FD2A38E59AFB466F9A_1226/INPUTFILES/data_399654841.root
Running: cp /star/data01/pwg/xiatong/AMPT/14GeV/data_399672491.root /tmp/maxwoo/21EF1A6A9139C9FD2A38E59AFB466F9A_1226/INPUTFILES/data_399672491.root
Running: cp /star/data01/pwg/xiatong/AMPT/14GeV/data_399711231.root /tmp/maxwoo/21EF1A6A9139C9FD2A38E59AFB466F9A_1226/INPUTFILES/data_399711231.root
Running: cp /star/data01/pwg/xiatong/AMPT/14GeV/data_399711311.root /tmp/maxwoo/21EF1A6A9139C9FD2A38E59AFB466F9A_1226/INPUTFILES/data_399711311.root
Running: cp /star/data01/pwg/xiatong/AMPT/14GeV/data_399711351.root /tmp/maxwoo/21EF1A6A9139C9FD2A38E59AFB466F9A_1226/INPUTFILES/data_399711351.root
Running: cp /star/data01/pwg/xiatong/AMPT/14GeV/data_399716021.root /tmp/maxwoo/21EF1A6A9139C9FD2A38E59AFB466F9A_1226/INPUTFILES/data_399716021.root
Running: cp /star/data01/pwg/xiatong/AMPT/14GeV/data_399786261.root /tmp/maxwoo/21EF1A6A9139C9FD2A38E59AFB466F9A_1226/INPUTFILES/data_399786261.root
Running: cp /star/data01/pwg/xiatong/AMPT/14GeV/data_399886251.root /tmp/maxwoo/21EF1A6A9139C9FD2A38E59AFB466F9A_1226/INPUTFILES/data_399886251.root
Running: cp /star/data01/pwg/xiatong/AMPT/14GeV/data_399926401.root /tmp/maxwoo/21EF1A6A9139C9FD2A38E59AFB466F9A_1226/INPUTFILES/data_399926401.root
Running: cp /star/data01/pwg/xiatong/AMPT/14GeV/data_399954811.root /tmp/maxwoo/21EF1A6A9139C9FD2A38E59AFB466F9A_1226/INPUTFILES/data_399954811.root
Running: cp /star/data01/pwg/xiatong/AMPT/14GeV/data_399954831.root /tmp/maxwoo/21EF1A6A9139C9FD2A38E59AFB466F9A_1226/INPUTFILES/data_399954831.root
Running: cp /star/data01/pwg/xiatong/AMPT/14GeV/data_400010871.root /tmp/maxwoo/21EF1A6A9139C9FD2A38E59AFB466F9A_1226/INPUTFILES/data_400010871.root
Running: cp /star/data01/pwg/xiatong/AMPT/14GeV/data_400011281.root /tmp/maxwoo/21EF1A6A9139C9FD2A38E59AFB466F9A_1226/INPUTFILES/data_400011281.root
Running: cp /star/data01/pwg/xiatong/AMPT/14GeV/data_400011291.root /tmp/maxwoo/21EF1A6A9139C9FD2A38E59AFB466F9A_1226/INPUTFILES/data_400011291.root
Running: cp /star/data01/pwg/xiatong/AMPT/14GeV/data_400054801.root /tmp/maxwoo/21EF1A6A9139C9FD2A38E59AFB466F9A_1226/INPUTFILES/data_400054801.root
Running: cp /star/data01/pwg/xiatong/AMPT/14GeV/data_400054821.root /tmp/maxwoo/21EF1A6A9139C9FD2A38E59AFB466F9A_1226/INPUTFILES/data_400054821.root
Running: cp /star/data01/pwg/xiatong/AMPT/14GeV/data_400110861.root /tmp/maxwoo/21EF1A6A9139C9FD2A38E59AFB466F9A_1226/INPUTFILES/data_400110861.root
Running: cp /star/data01/pwg/xiatong/AMPT/14GeV/data_400114791.root /tmp/maxwoo/21EF1A6A9139C9FD2A38E59AFB466F9A_1226/INPUTFILES/data_400114791.root
Running: cp /star/data01/pwg/xiatong/AMPT/14GeV/data_400114801.root /tmp/maxwoo/21EF1A6A9139C9FD2A38E59AFB466F9A_1226/INPUTFILES/data_400114801.root
Running: cp /star/data01/pwg/xiatong/AMPT/14GeV/data_400114841.root /tmp/maxwoo/21EF1A6A9139C9FD2A38E59AFB466F9A_1226/INPUTFILES/data_400114841.root
Running: cp /star/data01/pwg/xiatong/AMPT/14GeV/data_400118921.root /tmp/maxwoo/21EF1A6A9139C9FD2A38E59AFB466F9A_1226/INPUTFILES/data_400118921.root
Running: cp /star/data01/pwg/xiatong/AMPT/14GeV/data_400142741.root /tmp/maxwoo/21EF1A6A9139C9FD2A38E59AFB466F9A_1226/INPUTFILES/data_400142741.root
Running: cp /star/data01/pwg/xiatong/AMPT/14GeV/data_400144811.root /tmp/maxwoo/21EF1A6A9139C9FD2A38E59AFB466F9A_1226/INPUTFILES/data_400144811.root
Running: cp /star/data01/pwg/xiatong/AMPT/14GeV/data_400146821.root /tmp/maxwoo/21EF1A6A9139C9FD2A38E59AFB466F9A_1226/INPUTFILES/data_400146821.root
Running: cp /star/data01/pwg/xiatong/AMPT/14GeV/data_400158821.root /tmp/maxwoo/21EF1A6A9139C9FD2A38E59AFB466F9A_1226/INPUTFILES/data_400158821.root
Running: cp /star/data01/pwg/xiatong/AMPT/14GeV/data_400158841.root /tmp/maxwoo/21EF1A6A9139C9FD2A38E59AFB466F9A_1226/INPUTFILES/data_400158841.root
Running: cp /star/data01/pwg/xiatong/AMPT/14GeV/data_400158851.root /tmp/maxwoo/21EF1A6A9139C9FD2A38E59AFB466F9A_1226/INPUTFILES/data_400158851.root
Running: cp /star/data01/pwg/xiatong/AMPT/14GeV/data_400158861.root /tmp/maxwoo/21EF1A6A9139C9FD2A38E59AFB466F9A_1226/INPUTFILES/data_400158861.root
Running: cp /star/data01/pwg/xiatong/AMPT/14GeV/data_400158891.root /tmp/maxwoo/21EF1A6A9139C9FD2A38E59AFB466F9A_1226/INPUTFILES/data_400158891.root
Running: cp /star/data01/pwg/xiatong/AMPT/14GeV/data_400158911.root /tmp/maxwoo/21EF1A6A9139C9FD2A38E59AFB466F9A_1226/INPUTFILES/data_400158911.root
Running: cp /star/data01/pwg/xiatong/AMPT/14GeV/data_400158921.root /tmp/maxwoo/21EF1A6A9139C9FD2A38E59AFB466F9A_1226/INPUTFILES/data_400158921.root
Running: cp /star/data01/pwg/xiatong/AMPT/14GeV/data_400158931.root /tmp/maxwoo/21EF1A6A9139C9FD2A38E59AFB466F9A_1226/INPUTFILES/data_400158931.root
Running: cp /star/data01/pwg/xiatong/AMPT/14GeV/data_400158951.root /tmp/maxwoo/21EF1A6A9139C9FD2A38E59AFB466F9A_1226/INPUTFILES/data_400158951.root
Running: cp /star/data01/pwg/xiatong/AMPT/14GeV/data_400158991.root /tmp/maxwoo/21EF1A6A9139C9FD2A38E59AFB466F9A_1226/INPUTFILES/data_400158991.root
Running: cp /star/data01/pwg/xiatong/AMPT/14GeV/data_400162061.root /tmp/maxwoo/21EF1A6A9139C9FD2A38E59AFB466F9A_1226/INPUTFILES/data_400162061.root
Running: cp /star/data01/pwg/xiatong/AMPT/14GeV/data_400165781.root /tmp/maxwoo/21EF1A6A9139C9FD2A38E59AFB466F9A_1226/INPUTFILES/data_400165781.root
Running: cp /star/data01/pwg/xiatong/AMPT/14GeV/data_400167661.root /tmp/maxwoo/21EF1A6A9139C9FD2A38E59AFB466F9A_1226/INPUTFILES/data_400167661.root
Swapping $FILELIST with: /tmp/maxwoo/21EF1A6A9139C9FD2A38E59AFB466F9A_1226/INPUTFILES/21EF1A6A9139C9FD2A38E59AFB466F9A_1226.local.list
+++++++++++local copy debug++++++++++++++++++++
newFileList: /tmp/maxwoo/21EF1A6A9139C9FD2A38E59AFB466F9A_1226/INPUTFILES/21EF1A6A9139C9FD2A38E59AFB466F9A_1226.local.list
++++++++++++++++cat FILELIST+++++++++++++++++++
/tmp/maxwoo/21EF1A6A9139C9FD2A38E59AFB466F9A_1226/INPUTFILES/data_399654841.root 
/tmp/maxwoo/21EF1A6A9139C9FD2A38E59AFB466F9A_1226/INPUTFILES/data_399672491.root 
/tmp/maxwoo/21EF1A6A9139C9FD2A38E59AFB466F9A_1226/INPUTFILES/data_399711231.root 
/tmp/maxwoo/21EF1A6A9139C9FD2A38E59AFB466F9A_1226/INPUTFILES/data_399711311.root 
/tmp/maxwoo/21EF1A6A9139C9FD2A38E59AFB466F9A_1226/INPUTFILES/data_399711351.root 
/tmp/maxwoo/21EF1A6A9139C9FD2A38E59AFB466F9A_1226/INPUTFILES/data_399716021.root 
/tmp/maxwoo/21EF1A6A9139C9FD2A38E59AFB466F9A_1226/INPUTFILES/data_399786261.root 
/tmp/maxwoo/21EF1A6A9139C9FD2A38E59AFB466F9A_1226/INPUTFILES/data_399886251.root 
/tmp/maxwoo/21EF1A6A9139C9FD2A38E59AFB466F9A_1226/INPUTFILES/data_399926401.root 
/tmp/maxwoo/21EF1A6A9139C9FD2A38E59AFB466F9A_1226/INPUTFILES/data_399954811.root 
/tmp/maxwoo/21EF1A6A9139C9FD2A38E59AFB466F9A_1226/INPUTFILES/data_399954831.root 
/tmp/maxwoo/21EF1A6A9139C9FD2A38E59AFB466F9A_1226/INPUTFILES/data_400010871.root 
/tmp/maxwoo/21EF1A6A9139C9FD2A38E59AFB466F9A_1226/INPUTFILES/data_400011281.root 
/tmp/maxwoo/21EF1A6A9139C9FD2A38E59AFB466F9A_1226/INPUTFILES/data_400011291.root 
/tmp/maxwoo/21EF1A6A9139C9FD2A38E59AFB466F9A_1226/INPUTFILES/data_400054801.root 
/tmp/maxwoo/21EF1A6A9139C9FD2A38E59AFB466F9A_1226/INPUTFILES/data_400054821.root 
/tmp/maxwoo/21EF1A6A9139C9FD2A38E59AFB466F9A_1226/INPUTFILES/data_400110861.root 
/tmp/maxwoo/21EF1A6A9139C9FD2A38E59AFB466F9A_1226/INPUTFILES/data_400114791.root 
/tmp/maxwoo/21EF1A6A9139C9FD2A38E59AFB466F9A_1226/INPUTFILES/data_400114801.root 
/tmp/maxwoo/21EF1A6A9139C9FD2A38E59AFB466F9A_1226/INPUTFILES/data_400114841.root 
/tmp/maxwoo/21EF1A6A9139C9FD2A38E59AFB466F9A_1226/INPUTFILES/data_400118921.root 
/tmp/maxwoo/21EF1A6A9139C9FD2A38E59AFB466F9A_1226/INPUTFILES/data_400142741.root 
/tmp/maxwoo/21EF1A6A9139C9FD2A38E59AFB466F9A_1226/INPUTFILES/data_400144811.root 
/tmp/maxwoo/21EF1A6A9139C9FD2A38E59AFB466F9A_1226/INPUTFILES/data_400146821.root 
/tmp/maxwoo/21EF1A6A9139C9FD2A38E59AFB466F9A_1226/INPUTFILES/data_400158821.root 
/tmp/maxwoo/21EF1A6A9139C9FD2A38E59AFB466F9A_1226/INPUTFILES/data_400158841.root 
/tmp/maxwoo/21EF1A6A9139C9FD2A38E59AFB466F9A_1226/INPUTFILES/data_400158851.root 
/tmp/maxwoo/21EF1A6A9139C9FD2A38E59AFB466F9A_1226/INPUTFILES/data_400158861.root 
/tmp/maxwoo/21EF1A6A9139C9FD2A38E59AFB466F9A_1226/INPUTFILES/data_400158891.root 
/tmp/maxwoo/21EF1A6A9139C9FD2A38E59AFB466F9A_1226/INPUTFILES/data_400158911.root 
/tmp/maxwoo/21EF1A6A9139C9FD2A38E59AFB466F9A_1226/INPUTFILES/data_400158921.root 
/tmp/maxwoo/21EF1A6A9139C9FD2A38E59AFB466F9A_1226/INPUTFILES/data_400158931.root 
/tmp/maxwoo/21EF1A6A9139C9FD2A38E59AFB466F9A_1226/INPUTFILES/data_400158951.root 
/tmp/maxwoo/21EF1A6A9139C9FD2A38E59AFB466F9A_1226/INPUTFILES/data_400158991.root 
/tmp/maxwoo/21EF1A6A9139C9FD2A38E59AFB466F9A_1226/INPUTFILES/data_400162061.root 
/tmp/maxwoo/21EF1A6A9139C9FD2A38E59AFB466F9A_1226/INPUTFILES/data_400165781.root 
/tmp/maxwoo/21EF1A6A9139C9FD2A38E59AFB466F9A_1226/INPUTFILES/data_400167661.root 
++++++++++++++++++++find.++++++++++++++++++++++
.
./lib
./lib/my_event_cpp.so
./lib/my_particle.cpp
./lib/my_event_cpp.d
./lib/CenMaker_cpp_ACLiC_dict_rdict.pcm
./lib/CenMaker.h
./lib/NpartNormalizer.h
./lib/MixedBuffer_cpp.so
./lib/MixedBuffer_cpp.d
./lib/NpartNormalizer_cpp.d
./lib/CenMaker.cpp
./lib/CenMaker_cpp.d
./lib/CenMaker_cpp.so
./lib/NpartNormalizer_cpp.so
./lib/MixedBuffer.h
./lib/NpartNormalizer_cpp_ACLiC_dict_rdict.pcm
./lib/NpartNormalizer.cpp
./lib/my_particle_cpp.d
./lib/my_event.cpp
./lib/MixedBuffer_cpp_ACLiC_dict_rdict.pcm
./lib/my_particle.h
./lib/my_particle_cpp_ACLiC_dict_rdict.pcm
./lib/my_event.h
./lib/my_event_cpp_ACLiC_dict_rdict.pcm
./lib/MixedBuffer.cpp
./lib/my_particle_cpp.so
./Check_Sness.C
./.errror.log
./.sandboxFiles
./check_S.C
./.output.log
./INPUTFILES
./INPUTFILES/data_400114801.root
./INPUTFILES/data_399954811.root
./INPUTFILES/data_400158911.root
./INPUTFILES/data_400162061.root
./INPUTFILES/data_400158851.root
./INPUTFILES/data_399711351.root
./INPUTFILES/data_400054821.root
./INPUTFILES/21EF1A6A9139C9FD2A38E59AFB466F9A_1226.local.list
./INPUTFILES/data_399716021.root
./INPUTFILES/data_400118921.root
./INPUTFILES/data_400158861.root
./INPUTFILES/data_399711311.root
./INPUTFILES/data_400011281.root
./INPUTFILES/data_400110861.root
./INPUTFILES/data_400142741.root
./INPUTFILES/data_400054801.root
./INPUTFILES/data_399711231.root
./INPUTFILES/data_399954831.root
./INPUTFILES/data_400114791.root
./INPUTFILES/data_400158931.root
./INPUTFILES/data_400146821.root
./INPUTFILES/data_399654841.root
./INPUTFILES/data_400158821.root
./INPUTFILES/data_400010871.root
./INPUTFILES/data_400114841.root
./INPUTFILES/data_400158841.root
./INPUTFILES/data_399926401.root
./INPUTFILES/data_399786261.root
./INPUTFILES/data_400165781.root
./INPUTFILES/data_400144811.root
./INPUTFILES/data_400158991.root
./INPUTFILES/data_399886251.root
./INPUTFILES/data_399672491.root
./INPUTFILES/data_400167661.root
./INPUTFILES/data_400158951.root
./INPUTFILES/data_400158891.root
./INPUTFILES/data_400158921.root
./INPUTFILES/data_400011291.root
++++++++++++++++INPUTFILE Var++++++++++++++++++
FILELIST=/tmp/maxwoo/21EF1A6A9139C9FD2A38E59AFB466F9A_1226/INPUTFILES/21EF1A6A9139C9FD2A38E59AFB466F9A_1226.local.list
INPUTFILECOUNT=37
INPUTFILE0=/tmp/maxwoo/21EF1A6A9139C9FD2A38E59AFB466F9A_1226/INPUTFILES/data_399654841.root
INPUTFILE1=/tmp/maxwoo/21EF1A6A9139C9FD2A38E59AFB466F9A_1226/INPUTFILES/data_399672491.root
INPUTFILE2=/tmp/maxwoo/21EF1A6A9139C9FD2A38E59AFB466F9A_1226/INPUTFILES/data_399711231.root
INPUTFILE3=/tmp/maxwoo/21EF1A6A9139C9FD2A38E59AFB466F9A_1226/INPUTFILES/data_399711311.root
INPUTFILE4=/tmp/maxwoo/21EF1A6A9139C9FD2A38E59AFB466F9A_1226/INPUTFILES/data_399711351.root
INPUTFILE5=/tmp/maxwoo/21EF1A6A9139C9FD2A38E59AFB466F9A_1226/INPUTFILES/data_399716021.root
INPUTFILE6=/tmp/maxwoo/21EF1A6A9139C9FD2A38E59AFB466F9A_1226/INPUTFILES/data_399786261.root
INPUTFILE7=/tmp/maxwoo/21EF1A6A9139C9FD2A38E59AFB466F9A_1226/INPUTFILES/data_399886251.root
INPUTFILE8=/tmp/maxwoo/21EF1A6A9139C9FD2A38E59AFB466F9A_1226/INPUTFILES/data_399926401.root
INPUTFILE9=/tmp/maxwoo/21EF1A6A9139C9FD2A38E59AFB466F9A_1226/INPUTFILES/data_399954811.root
INPUTFILE10=/tmp/maxwoo/21EF1A6A9139C9FD2A38E59AFB466F9A_1226/INPUTFILES/data_399954831.root
INPUTFILE11=/tmp/maxwoo/21EF1A6A9139C9FD2A38E59AFB466F9A_1226/INPUTFILES/data_400010871.root
INPUTFILE12=/tmp/maxwoo/21EF1A6A9139C9FD2A38E59AFB466F9A_1226/INPUTFILES/data_400011281.root
INPUTFILE13=/tmp/maxwoo/21EF1A6A9139C9FD2A38E59AFB466F9A_1226/INPUTFILES/data_400011291.root
INPUTFILE14=/tmp/maxwoo/21EF1A6A9139C9FD2A38E59AFB466F9A_1226/INPUTFILES/data_400054801.root
INPUTFILE15=/tmp/maxwoo/21EF1A6A9139C9FD2A38E59AFB466F9A_1226/INPUTFILES/data_400054821.root
INPUTFILE16=/tmp/maxwoo/21EF1A6A9139C9FD2A38E59AFB466F9A_1226/INPUTFILES/data_400110861.root
INPUTFILE17=/tmp/maxwoo/21EF1A6A9139C9FD2A38E59AFB466F9A_1226/INPUTFILES/data_400114791.root
INPUTFILE18=/tmp/maxwoo/21EF1A6A9139C9FD2A38E59AFB466F9A_1226/INPUTFILES/data_400114801.root
INPUTFILE19=/tmp/maxwoo/21EF1A6A9139C9FD2A38E59AFB466F9A_1226/INPUTFILES/data_400114841.root
INPUTFILE20=/tmp/maxwoo/21EF1A6A9139C9FD2A38E59AFB466F9A_1226/INPUTFILES/data_400118921.root
INPUTFILE21=/tmp/maxwoo/21EF1A6A9139C9FD2A38E59AFB466F9A_1226/INPUTFILES/data_400142741.root
INPUTFILE22=/tmp/maxwoo/21EF1A6A9139C9FD2A38E59AFB466F9A_1226/INPUTFILES/data_400144811.root
INPUTFILE23=/tmp/maxwoo/21EF1A6A9139C9FD2A38E59AFB466F9A_1226/INPUTFILES/data_400146821.root
INPUTFILE24=/tmp/maxwoo/21EF1A6A9139C9FD2A38E59AFB466F9A_1226/INPUTFILES/data_400158821.root
INPUTFILE25=/tmp/maxwoo/21EF1A6A9139C9FD2A38E59AFB466F9A_1226/INPUTFILES/data_400158841.root
INPUTFILE26=/tmp/maxwoo/21EF1A6A9139C9FD2A38E59AFB466F9A_1226/INPUTFILES/data_400158851.root
INPUTFILE27=/tmp/maxwoo/21EF1A6A9139C9FD2A38E59AFB466F9A_1226/INPUTFILES/data_400158861.root
INPUTFILE28=/tmp/maxwoo/21EF1A6A9139C9FD2A38E59AFB466F9A_1226/INPUTFILES/data_400158891.root
INPUTFILE29=/tmp/maxwoo/21EF1A6A9139C9FD2A38E59AFB466F9A_1226/INPUTFILES/data_400158911.root
INPUTFILE30=/tmp/maxwoo/21EF1A6A9139C9FD2A38E59AFB466F9A_1226/INPUTFILES/data_400158921.root
INPUTFILE31=/tmp/maxwoo/21EF1A6A9139C9FD2A38E59AFB466F9A_1226/INPUTFILES/data_400158931.root
INPUTFILE32=/tmp/maxwoo/21EF1A6A9139C9FD2A38E59AFB466F9A_1226/INPUTFILES/data_400158951.root
INPUTFILE33=/tmp/maxwoo/21EF1A6A9139C9FD2A38E59AFB466F9A_1226/INPUTFILES/data_400158991.root
INPUTFILE34=/tmp/maxwoo/21EF1A6A9139C9FD2A38E59AFB466F9A_1226/INPUTFILES/data_400162061.root
INPUTFILE35=/tmp/maxwoo/21EF1A6A9139C9FD2A38E59AFB466F9A_1226/INPUTFILES/data_400165781.root
INPUTFILE36=/tmp/maxwoo/21EF1A6A9139C9FD2A38E59AFB466F9A_1226/INPUTFILES/data_400167661.root
LocalInputFileDir=/tmp/maxwoo/21EF1A6A9139C9FD2A38E59AFB466F9A_1226/INPUTFILES
NewFILELIST=/tmp/maxwoo/21EF1A6A9139C9FD2A38E59AFB466F9A_1226/INPUTFILES/21EF1A6A9139C9FD2A38E59AFB466F9A_1226.local.list
+++++++++++++++++++++++++++++++++++++++++++++++
--------------------------------
Simple Unified Meta Scheduler 1.10.50 we are starting in $SCRATCH : /home/tmp/maxwoo/21EF1A6A9139C9FD2A38E59AFB466F9A_1226
--------------------------------
total 16
lrwxrwxrwx 1 maxwoo rhstar   61 Jun  2 11:21 check_S.C -> /gpfs/mnt/gpfs01/star/pwg/xiatong/git/strangeness/./check_S.C
lrwxrwxrwx 1 maxwoo rhstar   65 Jun  2 11:21 Check_Sness.C -> /gpfs/mnt/gpfs01/star/pwg/xiatong/git/strangeness/./Check_Sness.C
drwxr-xr-x 2 maxwoo rhstar 4096 Jun  2 11:25 INPUTFILES
drwxr-xr-x 2 maxwoo rhstar 4096 Jun  2 11:21 lib
  *******************************************
  *                                         *
  *        W E L C O M E  to  R O O T       *
  *                                         *
  *   Version   5.34/38     12 March 2018   *
  *                                         *
  *  You are welcome to visit our Web site  *
  *          http://root.cern.ch            *
  *                                         *
  *******************************************

ROOT 5.34/38 (v5-34-38@v5-34-38, Mar 12 2018, 15:49:39 on linux)

CINT/ROOT C/C++ Interpreter version 5.18.00, July 2, 2010
Type ? for help. Commands must be C++ statements.
Enclose multiple statements between { }.
*** Float Point Exception is OFF ***
 *** Start at Date : Thu Jun  2 11:25:56 2022
QAInfo:You are using STAR_LEVEL : dev, ROOT_LEVEL : 5.34.38 and node : rcas2938.rcf.bnl.gov 

Processing check_S.C++("/tmp/maxwoo/21EF1A6A9139C9FD2A38E59AFB466F9A_1226/INPUTFILES/21EF1A6A9139C9FD2A38E59AFB466F9A_1226.local.list","21EF1A6A9139C9FD2A38E59AFB466F9A_1226",1)...
/tmp/maxwoo/21EF1A6A9139C9FD2A38E59AFB466F9A_1226/INPUTFILES/data_399654841.root 
/tmp/maxwoo/21EF1A6A9139C9FD2A38E59AFB466F9A_1226/INPUTFILES/data_399672491.root 
/tmp/maxwoo/21EF1A6A9139C9FD2A38E59AFB466F9A_1226/INPUTFILES/data_399711231.root 
/tmp/maxwoo/21EF1A6A9139C9FD2A38E59AFB466F9A_1226/INPUTFILES/data_399711311.root 
/tmp/maxwoo/21EF1A6A9139C9FD2A38E59AFB466F9A_1226/INPUTFILES/data_399711351.root 
/tmp/maxwoo/21EF1A6A9139C9FD2A38E59AFB466F9A_1226/INPUTFILES/data_399716021.root 
/tmp/maxwoo/21EF1A6A9139C9FD2A38E59AFB466F9A_1226/INPUTFILES/data_399786261.root 
/tmp/maxwoo/21EF1A6A9139C9FD2A38E59AFB466F9A_1226/INPUTFILES/data_399886251.root 
/tmp/maxwoo/21EF1A6A9139C9FD2A38E59AFB466F9A_1226/INPUTFILES/data_399926401.root 
/tmp/maxwoo/21EF1A6A9139C9FD2A38E59AFB466F9A_1226/INPUTFILES/data_399954811.root 
/tmp/maxwoo/21EF1A6A9139C9FD2A38E59AFB466F9A_1226/INPUTFILES/data_399954831.root 
/tmp/maxwoo/21EF1A6A9139C9FD2A38E59AFB466F9A_1226/INPUTFILES/data_400010871.root 
/tmp/maxwoo/21EF1A6A9139C9FD2A38E59AFB466F9A_1226/INPUTFILES/data_400011281.root 
/tmp/maxwoo/21EF1A6A9139C9FD2A38E59AFB466F9A_1226/INPUTFILES/data_400011291.root 
/tmp/maxwoo/21EF1A6A9139C9FD2A38E59AFB466F9A_1226/INPUTFILES/data_400054801.root 
/tmp/maxwoo/21EF1A6A9139C9FD2A38E59AFB466F9A_1226/INPUTFILES/data_400054821.root 
/tmp/maxwoo/21EF1A6A9139C9FD2A38E59AFB466F9A_1226/INPUTFILES/data_400110861.root 
/tmp/maxwoo/21EF1A6A9139C9FD2A38E59AFB466F9A_1226/INPUTFILES/data_400114791.root 
/tmp/maxwoo/21EF1A6A9139C9FD2A38E59AFB466F9A_1226/INPUTFILES/data_400114801.root 
/tmp/maxwoo/21EF1A6A9139C9FD2A38E59AFB466F9A_1226/INPUTFILES/data_400114841.root 
/tmp/maxwoo/21EF1A6A9139C9FD2A38E59AFB466F9A_1226/INPUTFILES/data_400118921.root 
/tmp/maxwoo/21EF1A6A9139C9FD2A38E59AFB466F9A_1226/INPUTFILES/data_400142741.root 
/tmp/maxwoo/21EF1A6A9139C9FD2A38E59AFB466F9A_1226/INPUTFILES/data_400144811.root 
/tmp/maxwoo/21EF1A6A9139C9FD2A38E59AFB466F9A_1226/INPUTFILES/data_400146821.root 
/tmp/maxwoo/21EF1A6A9139C9FD2A38E59AFB466F9A_1226/INPUTFILES/data_400158821.root 
/tmp/maxwoo/21EF1A6A9139C9FD2A38E59AFB466F9A_1226/INPUTFILES/data_400158841.root 
/tmp/maxwoo/21EF1A6A9139C9FD2A38E59AFB466F9A_1226/INPUTFILES/data_400158851.root 
/tmp/maxwoo/21EF1A6A9139C9FD2A38E59AFB466F9A_1226/INPUTFILES/data_400158861.root 
/tmp/maxwoo/21EF1A6A9139C9FD2A38E59AFB466F9A_1226/INPUTFILES/data_400158891.root 
/tmp/maxwoo/21EF1A6A9139C9FD2A38E59AFB466F9A_1226/INPUTFILES/data_400158911.root 
/tmp/maxwoo/21EF1A6A9139C9FD2A38E59AFB466F9A_1226/INPUTFILES/data_400158921.root 
/tmp/maxwoo/21EF1A6A9139C9FD2A38E59AFB466F9A_1226/INPUTFILES/data_400158931.root 
/tmp/maxwoo/21EF1A6A9139C9FD2A38E59AFB466F9A_1226/INPUTFILES/data_400158951.root 
/tmp/maxwoo/21EF1A6A9139C9FD2A38E59AFB466F9A_1226/INPUTFILES/data_400158991.root 
/tmp/maxwoo/21EF1A6A9139C9FD2A38E59AFB466F9A_1226/INPUTFILES/data_400162061.root 
/tmp/maxwoo/21EF1A6A9139C9FD2A38E59AFB466F9A_1226/INPUTFILES/data_400165781.root 
/tmp/maxwoo/21EF1A6A9139C9FD2A38E59AFB466F9A_1226/INPUTFILES/data_400167661.root 
Added 37 files
# entries in chain: 36122
Processing entry == 1000 == out of 36122.
Processing entry == 2000 == out of 36122.
Processing entry == 3000 == out of 36122.
Processing entry == 4000 == out of 36122.
Processing entry == 5000 == out of 36122.
Processing entry == 6000 == out of 36122.
Processing entry == 7000 == out of 36122.
Processing entry == 8000 == out of 36122.
Processing entry == 9000 == out of 36122.
Processing entry == 10000 == out of 36122.
Processing entry == 11000 == out of 36122.
Processing entry == 12000 == out of 36122.
Processing entry == 13000 == out of 36122.
Processing entry == 14000 == out of 36122.
Processing entry == 15000 == out of 36122.
Processing entry == 16000 == out of 36122.
Processing entry == 17000 == out of 36122.
Processing entry == 18000 == out of 36122.
Processing entry == 19000 == out of 36122.
Processing entry == 20000 == out of 36122.
Processing entry == 21000 == out of 36122.
Processing entry == 22000 == out of 36122.
Processing entry == 23000 == out of 36122.
Processing entry == 24000 == out of 36122.
Processing entry == 25000 == out of 36122.
Processing entry == 26000 == out of 36122.
Processing entry == 27000 == out of 36122.
Processing entry == 28000 == out of 36122.
Processing entry == 29000 == out of 36122.
Processing entry == 30000 == out of 36122.
Processing entry == 31000 == out of 36122.
Processing entry == 32000 == out of 36122.
Processing entry == 33000 == out of 36122.
Processing entry == 34000 == out of 36122.
Processing entry == 35000 == out of 36122.
Processing entry == 36000 == out of 36122.

This is the end of ROOT -- Goodbye

Cleaning up sandbox file:  /tmp/maxwoo/21EF1A6A9139C9FD2A38E59AFB466F9A_1226/check_S.C
Cleaning up sandbox file:  /tmp/maxwoo/21EF1A6A9139C9FD2A38E59AFB466F9A_1226/Check_Sness.C
Cleaning up sandbox file:  /tmp/maxwoo/21EF1A6A9139C9FD2A38E59AFB466F9A_1226/lib
Cleaning up sandbox file:  /tmp/maxwoo/21EF1A6A9139C9FD2A38E59AFB466F9A_1226/.sandboxFiles
Starting copy block
Running copy command:  /bin/cp -fp /tmp/maxwoo/21EF1A6A9139C9FD2A38E59AFB466F9A_1226/out_21EF1A6A9139C9FD2A38E59AFB466F9A_1226.root /star/data01/pwg/xiatong/git/strangeness/data/
17365 Execution of (/star/data01/pwg/xiatong/git/strangeness/script/sched21EF1A6A9139C9FD2A38E59AFB466F9A_1226.csh ) has ended, exiting normally
17365 We END on [Thu Jun  2 11:48:57 EDT 2022]
