We are starting on node: rcas6350.rcf.bnl.gov
HOME is not defined
Using getent method
HOME is now /star/u/maxwoo
41417 We will spawn ourselves (/star/data01/pwg/xiatong/git/strangeness/script/sched21EF1A6A9139C9FD2A38E59AFB466F9A_2293.csh )
41417 We BEGIN on [Thu Jun  2 10:59:51 EDT 2022]
[1] 41651
41417 We are waiting for 41651 
41417 Grandchild PID is 42463 - found in 10 x 1 seconds
41417 Establishing first watcher   on    Thu Jun  2 11:00:01 EDT 2022
41417 Process tree is 41417 (main) -> 41651 (child) -> 42463 (grandchild)
F S   UID   PID  PPID  C PRI  NI ADDR SZ WCHAN  TTY        TIME CMD
0 D 100667 42463 41651  0 80   0 - 32311 cxiWai ?          0:00 cp /star/data01/pwg/xiatong/AMPT/14GeV/data_1223683261.root /tmp/maxwoo/21EF1A6A9139C9FD2A38E59AFB466F9A_2293/INPUTFILES/data_1223683261.root
41417 Grandchild PID is 44491 - found in 20 x 2 seconds
41417 Grandchild to watch has changed on Thu Jun  2 11:00:22 EDT 2022
41417 Process tree is 41417 (main) -> 41651 (child) -> 44491 (grandchild)
F S   UID   PID  PPID  C PRI  NI ADDR SZ WCHAN  TTY        TIME CMD
0 D 100667 44491 41651  0 80   0 - 32311 cxiWai ?          0:00 cp /star/data01/pwg/xiatong/AMPT/14GeV/data_1224120401.root /tmp/maxwoo/21EF1A6A9139C9FD2A38E59AFB466F9A_2293/INPUTFILES/data_1224120401.root
41417 Grandchild PID is 46604 - found in 40 x 2 seconds
41417 Grandchild to watch has changed on Thu Jun  2 11:01:04 EDT 2022
41417 Process tree is 41417 (main) -> 41651 (child) -> 46604 (grandchild)
F S   UID   PID  PPID  C PRI  NI ADDR SZ WCHAN  TTY        TIME CMD
0 D 100667 46604 41651  0 80   0 - 32311 cxiWai ?          0:00 cp /star/data01/pwg/xiatong/AMPT/14GeV/data_1224120591.root /tmp/maxwoo/21EF1A6A9139C9FD2A38E59AFB466F9A_2293/INPUTFILES/data_1224120591.root
41417 Grandchild PID is 48466 - found in 50 x 2 seconds
41417 Grandchild to watch has changed on Thu Jun  2 11:01:25 EDT 2022
41417 Process tree is 41417 (main) -> 41651 (child) -> 48466 (grandchild)
F S   UID   PID  PPID  C PRI  NI ADDR SZ WCHAN  TTY        TIME CMD
0 D 100667 48466 41651  0 80   0 - 32311 cxiWai ?          0:00 cp /star/data01/pwg/xiatong/AMPT/14GeV/data_1224120681.root /tmp/maxwoo/21EF1A6A9139C9FD2A38E59AFB466F9A_2293/INPUTFILES/data_1224120681.root
41417 Grandchild PID is 571 - found in 60 x 2 seconds
41417 Grandchild to watch has changed on Thu Jun  2 11:01:45 EDT 2022
41417 Process tree is 41417 (main) -> 41651 (child) -> 571 (grandchild)
F S   UID   PID  PPID  C PRI  NI ADDR SZ WCHAN  TTY        TIME CMD
0 S 100667  571 41651  0  80   0 -  1272 do_wai ?          0:00 root -b -q check_S.C++("/tmp/maxwoo/21EF1A6A9139C9FD2A38E59AFB466F9A_2293/INPUTFILES/21EF1A6A9139C9FD2A38E59AFB466F9A_2293.local.list","21EF1A6A9139C9FD2A38E59AFB466F9A_2293",1)
41651 Stepping into the main SUMS wrapper program with []
.... building sandbox
Running: cp /star/data01/pwg/xiatong/AMPT/14GeV/data_1223383301.root /tmp/maxwoo/21EF1A6A9139C9FD2A38E59AFB466F9A_2293/INPUTFILES/data_1223383301.root
Running: cp /star/data01/pwg/xiatong/AMPT/14GeV/data_1223383311.root /tmp/maxwoo/21EF1A6A9139C9FD2A38E59AFB466F9A_2293/INPUTFILES/data_1223383311.root
Running: cp /star/data01/pwg/xiatong/AMPT/14GeV/data_1223483291.root /tmp/maxwoo/21EF1A6A9139C9FD2A38E59AFB466F9A_2293/INPUTFILES/data_1223483291.root
Running: cp /star/data01/pwg/xiatong/AMPT/14GeV/data_1223483321.root /tmp/maxwoo/21EF1A6A9139C9FD2A38E59AFB466F9A_2293/INPUTFILES/data_1223483321.root
Running: cp /star/data01/pwg/xiatong/AMPT/14GeV/data_1223483371.root /tmp/maxwoo/21EF1A6A9139C9FD2A38E59AFB466F9A_2293/INPUTFILES/data_1223483371.root
Running: cp /star/data01/pwg/xiatong/AMPT/14GeV/data_1223583271.root /tmp/maxwoo/21EF1A6A9139C9FD2A38E59AFB466F9A_2293/INPUTFILES/data_1223583271.root
Running: cp /star/data01/pwg/xiatong/AMPT/14GeV/data_1223583281.root /tmp/maxwoo/21EF1A6A9139C9FD2A38E59AFB466F9A_2293/INPUTFILES/data_1223583281.root
Running: cp /star/data01/pwg/xiatong/AMPT/14GeV/data_1223683261.root /tmp/maxwoo/21EF1A6A9139C9FD2A38E59AFB466F9A_2293/INPUTFILES/data_1223683261.root
Running: cp /star/data01/pwg/xiatong/AMPT/14GeV/data_1223783251.root /tmp/maxwoo/21EF1A6A9139C9FD2A38E59AFB466F9A_2293/INPUTFILES/data_1223783251.root
Running: cp /star/data01/pwg/xiatong/AMPT/14GeV/data_1223883201.root /tmp/maxwoo/21EF1A6A9139C9FD2A38E59AFB466F9A_2293/INPUTFILES/data_1223883201.root
Running: cp /star/data01/pwg/xiatong/AMPT/14GeV/data_1223883231.root /tmp/maxwoo/21EF1A6A9139C9FD2A38E59AFB466F9A_2293/INPUTFILES/data_1223883231.root
Running: cp /star/data01/pwg/xiatong/AMPT/14GeV/data_1223983161.root /tmp/maxwoo/21EF1A6A9139C9FD2A38E59AFB466F9A_2293/INPUTFILES/data_1223983161.root
Running: cp /star/data01/pwg/xiatong/AMPT/14GeV/data_1223983171.root /tmp/maxwoo/21EF1A6A9139C9FD2A38E59AFB466F9A_2293/INPUTFILES/data_1223983171.root
Running: cp /star/data01/pwg/xiatong/AMPT/14GeV/data_1223983181.root /tmp/maxwoo/21EF1A6A9139C9FD2A38E59AFB466F9A_2293/INPUTFILES/data_1223983181.root
Running: cp /star/data01/pwg/xiatong/AMPT/14GeV/data_1223983191.root /tmp/maxwoo/21EF1A6A9139C9FD2A38E59AFB466F9A_2293/INPUTFILES/data_1223983191.root
Running: cp /star/data01/pwg/xiatong/AMPT/14GeV/data_1223983211.root /tmp/maxwoo/21EF1A6A9139C9FD2A38E59AFB466F9A_2293/INPUTFILES/data_1223983211.root
Running: cp /star/data01/pwg/xiatong/AMPT/14GeV/data_1223983221.root /tmp/maxwoo/21EF1A6A9139C9FD2A38E59AFB466F9A_2293/INPUTFILES/data_1223983221.root
Running: cp /star/data01/pwg/xiatong/AMPT/14GeV/data_1224083141.root /tmp/maxwoo/21EF1A6A9139C9FD2A38E59AFB466F9A_2293/INPUTFILES/data_1224083141.root
Running: cp /star/data01/pwg/xiatong/AMPT/14GeV/data_1224083151.root /tmp/maxwoo/21EF1A6A9139C9FD2A38E59AFB466F9A_2293/INPUTFILES/data_1224083151.root
Running: cp /star/data01/pwg/xiatong/AMPT/14GeV/data_1224120261.root /tmp/maxwoo/21EF1A6A9139C9FD2A38E59AFB466F9A_2293/INPUTFILES/data_1224120261.root
Running: cp /star/data01/pwg/xiatong/AMPT/14GeV/data_1224120341.root /tmp/maxwoo/21EF1A6A9139C9FD2A38E59AFB466F9A_2293/INPUTFILES/data_1224120341.root
Running: cp /star/data01/pwg/xiatong/AMPT/14GeV/data_1224120361.root /tmp/maxwoo/21EF1A6A9139C9FD2A38E59AFB466F9A_2293/INPUTFILES/data_1224120361.root
Running: cp /star/data01/pwg/xiatong/AMPT/14GeV/data_1224120391.root /tmp/maxwoo/21EF1A6A9139C9FD2A38E59AFB466F9A_2293/INPUTFILES/data_1224120391.root
Running: cp /star/data01/pwg/xiatong/AMPT/14GeV/data_1224120401.root /tmp/maxwoo/21EF1A6A9139C9FD2A38E59AFB466F9A_2293/INPUTFILES/data_1224120401.root
Running: cp /star/data01/pwg/xiatong/AMPT/14GeV/data_1224120471.root /tmp/maxwoo/21EF1A6A9139C9FD2A38E59AFB466F9A_2293/INPUTFILES/data_1224120471.root
Running: cp /star/data01/pwg/xiatong/AMPT/14GeV/data_1224120491.root /tmp/maxwoo/21EF1A6A9139C9FD2A38E59AFB466F9A_2293/INPUTFILES/data_1224120491.root
Running: cp /star/data01/pwg/xiatong/AMPT/14GeV/data_1224120521.root /tmp/maxwoo/21EF1A6A9139C9FD2A38E59AFB466F9A_2293/INPUTFILES/data_1224120521.root
Running: cp /star/data01/pwg/xiatong/AMPT/14GeV/data_1224120531.root /tmp/maxwoo/21EF1A6A9139C9FD2A38E59AFB466F9A_2293/INPUTFILES/data_1224120531.root
Running: cp /star/data01/pwg/xiatong/AMPT/14GeV/data_1224120541.root /tmp/maxwoo/21EF1A6A9139C9FD2A38E59AFB466F9A_2293/INPUTFILES/data_1224120541.root
Running: cp /star/data01/pwg/xiatong/AMPT/14GeV/data_1224120571.root /tmp/maxwoo/21EF1A6A9139C9FD2A38E59AFB466F9A_2293/INPUTFILES/data_1224120571.root
Running: cp /star/data01/pwg/xiatong/AMPT/14GeV/data_1224120581.root /tmp/maxwoo/21EF1A6A9139C9FD2A38E59AFB466F9A_2293/INPUTFILES/data_1224120581.root
Running: cp /star/data01/pwg/xiatong/AMPT/14GeV/data_1224120591.root /tmp/maxwoo/21EF1A6A9139C9FD2A38E59AFB466F9A_2293/INPUTFILES/data_1224120591.root
Running: cp /star/data01/pwg/xiatong/AMPT/14GeV/data_1224120681.root /tmp/maxwoo/21EF1A6A9139C9FD2A38E59AFB466F9A_2293/INPUTFILES/data_1224120681.root
Running: cp /star/data01/pwg/xiatong/AMPT/14GeV/data_1224283121.root /tmp/maxwoo/21EF1A6A9139C9FD2A38E59AFB466F9A_2293/INPUTFILES/data_1224283121.root
Running: cp /star/data01/pwg/xiatong/AMPT/14GeV/data_1224283131.root /tmp/maxwoo/21EF1A6A9139C9FD2A38E59AFB466F9A_2293/INPUTFILES/data_1224283131.root
Running: cp /star/data01/pwg/xiatong/AMPT/14GeV/data_1224283241.root /tmp/maxwoo/21EF1A6A9139C9FD2A38E59AFB466F9A_2293/INPUTFILES/data_1224283241.root
Running: cp /star/data01/pwg/xiatong/AMPT/14GeV/data_1224383101.root /tmp/maxwoo/21EF1A6A9139C9FD2A38E59AFB466F9A_2293/INPUTFILES/data_1224383101.root
Swapping $FILELIST with: /tmp/maxwoo/21EF1A6A9139C9FD2A38E59AFB466F9A_2293/INPUTFILES/21EF1A6A9139C9FD2A38E59AFB466F9A_2293.local.list
+++++++++++local copy debug++++++++++++++++++++
newFileList: /tmp/maxwoo/21EF1A6A9139C9FD2A38E59AFB466F9A_2293/INPUTFILES/21EF1A6A9139C9FD2A38E59AFB466F9A_2293.local.list
++++++++++++++++cat FILELIST+++++++++++++++++++
/tmp/maxwoo/21EF1A6A9139C9FD2A38E59AFB466F9A_2293/INPUTFILES/data_1223383301.root 
/tmp/maxwoo/21EF1A6A9139C9FD2A38E59AFB466F9A_2293/INPUTFILES/data_1223383311.root 
/tmp/maxwoo/21EF1A6A9139C9FD2A38E59AFB466F9A_2293/INPUTFILES/data_1223483291.root 
/tmp/maxwoo/21EF1A6A9139C9FD2A38E59AFB466F9A_2293/INPUTFILES/data_1223483321.root 
/tmp/maxwoo/21EF1A6A9139C9FD2A38E59AFB466F9A_2293/INPUTFILES/data_1223483371.root 
/tmp/maxwoo/21EF1A6A9139C9FD2A38E59AFB466F9A_2293/INPUTFILES/data_1223583271.root 
/tmp/maxwoo/21EF1A6A9139C9FD2A38E59AFB466F9A_2293/INPUTFILES/data_1223583281.root 
/tmp/maxwoo/21EF1A6A9139C9FD2A38E59AFB466F9A_2293/INPUTFILES/data_1223683261.root 
/tmp/maxwoo/21EF1A6A9139C9FD2A38E59AFB466F9A_2293/INPUTFILES/data_1223783251.root 
/tmp/maxwoo/21EF1A6A9139C9FD2A38E59AFB466F9A_2293/INPUTFILES/data_1223883201.root 
/tmp/maxwoo/21EF1A6A9139C9FD2A38E59AFB466F9A_2293/INPUTFILES/data_1223883231.root 
/tmp/maxwoo/21EF1A6A9139C9FD2A38E59AFB466F9A_2293/INPUTFILES/data_1223983161.root 
/tmp/maxwoo/21EF1A6A9139C9FD2A38E59AFB466F9A_2293/INPUTFILES/data_1223983171.root 
/tmp/maxwoo/21EF1A6A9139C9FD2A38E59AFB466F9A_2293/INPUTFILES/data_1223983181.root 
/tmp/maxwoo/21EF1A6A9139C9FD2A38E59AFB466F9A_2293/INPUTFILES/data_1223983191.root 
/tmp/maxwoo/21EF1A6A9139C9FD2A38E59AFB466F9A_2293/INPUTFILES/data_1223983211.root 
/tmp/maxwoo/21EF1A6A9139C9FD2A38E59AFB466F9A_2293/INPUTFILES/data_1223983221.root 
/tmp/maxwoo/21EF1A6A9139C9FD2A38E59AFB466F9A_2293/INPUTFILES/data_1224083141.root 
/tmp/maxwoo/21EF1A6A9139C9FD2A38E59AFB466F9A_2293/INPUTFILES/data_1224083151.root 
/tmp/maxwoo/21EF1A6A9139C9FD2A38E59AFB466F9A_2293/INPUTFILES/data_1224120261.root 
/tmp/maxwoo/21EF1A6A9139C9FD2A38E59AFB466F9A_2293/INPUTFILES/data_1224120341.root 
/tmp/maxwoo/21EF1A6A9139C9FD2A38E59AFB466F9A_2293/INPUTFILES/data_1224120361.root 
/tmp/maxwoo/21EF1A6A9139C9FD2A38E59AFB466F9A_2293/INPUTFILES/data_1224120391.root 
/tmp/maxwoo/21EF1A6A9139C9FD2A38E59AFB466F9A_2293/INPUTFILES/data_1224120401.root 
/tmp/maxwoo/21EF1A6A9139C9FD2A38E59AFB466F9A_2293/INPUTFILES/data_1224120471.root 
/tmp/maxwoo/21EF1A6A9139C9FD2A38E59AFB466F9A_2293/INPUTFILES/data_1224120491.root 
/tmp/maxwoo/21EF1A6A9139C9FD2A38E59AFB466F9A_2293/INPUTFILES/data_1224120521.root 
/tmp/maxwoo/21EF1A6A9139C9FD2A38E59AFB466F9A_2293/INPUTFILES/data_1224120531.root 
/tmp/maxwoo/21EF1A6A9139C9FD2A38E59AFB466F9A_2293/INPUTFILES/data_1224120541.root 
/tmp/maxwoo/21EF1A6A9139C9FD2A38E59AFB466F9A_2293/INPUTFILES/data_1224120571.root 
/tmp/maxwoo/21EF1A6A9139C9FD2A38E59AFB466F9A_2293/INPUTFILES/data_1224120581.root 
/tmp/maxwoo/21EF1A6A9139C9FD2A38E59AFB466F9A_2293/INPUTFILES/data_1224120591.root 
/tmp/maxwoo/21EF1A6A9139C9FD2A38E59AFB466F9A_2293/INPUTFILES/data_1224120681.root 
/tmp/maxwoo/21EF1A6A9139C9FD2A38E59AFB466F9A_2293/INPUTFILES/data_1224283121.root 
/tmp/maxwoo/21EF1A6A9139C9FD2A38E59AFB466F9A_2293/INPUTFILES/data_1224283131.root 
/tmp/maxwoo/21EF1A6A9139C9FD2A38E59AFB466F9A_2293/INPUTFILES/data_1224283241.root 
/tmp/maxwoo/21EF1A6A9139C9FD2A38E59AFB466F9A_2293/INPUTFILES/data_1224383101.root 
++++++++++++++++++++find.++++++++++++++++++++++
.
./lib
./lib/CenMaker_cpp.d
./lib/my_particle_cpp_ACLiC_dict_rdict.pcm
./lib/my_particle_cpp.d
./lib/my_event_cpp_ACLiC_dict_rdict.pcm
./lib/CenMaker.cpp
./lib/NpartNormalizer_cpp.d
./lib/MixedBuffer_cpp.d
./lib/my_event.cpp
./lib/MixedBuffer_cpp.so
./lib/CenMaker.h
./lib/my_event.h
./lib/CenMaker_cpp.so
./lib/MixedBuffer_cpp_ACLiC_dict_rdict.pcm
./lib/CenMaker_cpp_ACLiC_dict_rdict.pcm
./lib/my_particle.cpp
./lib/my_particle_cpp.so
./lib/NpartNormalizer.cpp
./lib/my_event_cpp.so
./lib/MixedBuffer.h
./lib/my_particle.h
./lib/NpartNormalizer_cpp.so
./lib/MixedBuffer.cpp
./lib/NpartNormalizer_cpp_ACLiC_dict_rdict.pcm
./lib/my_event_cpp.d
./lib/NpartNormalizer.h
./check_S.C
./.sandboxFiles
./Check_Sness.C
./.output.log
./INPUTFILES
./INPUTFILES/data_1224120261.root
./INPUTFILES/data_1223583271.root
./INPUTFILES/data_1224120401.root
./INPUTFILES/data_1223983171.root
./INPUTFILES/data_1224283131.root
./INPUTFILES/data_1224120681.root
./INPUTFILES/data_1223883231.root
./INPUTFILES/data_1224383101.root
./INPUTFILES/data_1223983181.root
./INPUTFILES/data_1224120491.root
./INPUTFILES/data_1223683261.root
./INPUTFILES/data_1223983191.root
./INPUTFILES/data_1224120361.root
./INPUTFILES/data_1223383311.root
./INPUTFILES/data_1224120341.root
./INPUTFILES/data_1223983221.root
./INPUTFILES/data_1224120521.root
./INPUTFILES/data_1224083151.root
./INPUTFILES/data_1224120471.root
./INPUTFILES/data_1224120581.root
./INPUTFILES/data_1224120541.root
./INPUTFILES/data_1223383301.root
./INPUTFILES/data_1223483371.root
./INPUTFILES/data_1224120591.root
./INPUTFILES/data_1223983211.root
./INPUTFILES/data_1223483321.root
./INPUTFILES/data_1224120571.root
./INPUTFILES/21EF1A6A9139C9FD2A38E59AFB466F9A_2293.local.list
./INPUTFILES/data_1223483291.root
./INPUTFILES/data_1223883201.root
./INPUTFILES/data_1224283241.root
./INPUTFILES/data_1223583281.root
./INPUTFILES/data_1224283121.root
./INPUTFILES/data_1224120531.root
./INPUTFILES/data_1223783251.root
./INPUTFILES/data_1224120391.root
./INPUTFILES/data_1223983161.root
./INPUTFILES/data_1224083141.root
./.errror.log
++++++++++++++++INPUTFILE Var++++++++++++++++++
FILELIST=/tmp/maxwoo/21EF1A6A9139C9FD2A38E59AFB466F9A_2293/INPUTFILES/21EF1A6A9139C9FD2A38E59AFB466F9A_2293.local.list
INPUTFILECOUNT=37
INPUTFILE0=/tmp/maxwoo/21EF1A6A9139C9FD2A38E59AFB466F9A_2293/INPUTFILES/data_1223383301.root
INPUTFILE1=/tmp/maxwoo/21EF1A6A9139C9FD2A38E59AFB466F9A_2293/INPUTFILES/data_1223383311.root
INPUTFILE2=/tmp/maxwoo/21EF1A6A9139C9FD2A38E59AFB466F9A_2293/INPUTFILES/data_1223483291.root
INPUTFILE3=/tmp/maxwoo/21EF1A6A9139C9FD2A38E59AFB466F9A_2293/INPUTFILES/data_1223483321.root
INPUTFILE4=/tmp/maxwoo/21EF1A6A9139C9FD2A38E59AFB466F9A_2293/INPUTFILES/data_1223483371.root
INPUTFILE5=/tmp/maxwoo/21EF1A6A9139C9FD2A38E59AFB466F9A_2293/INPUTFILES/data_1223583271.root
INPUTFILE6=/tmp/maxwoo/21EF1A6A9139C9FD2A38E59AFB466F9A_2293/INPUTFILES/data_1223583281.root
INPUTFILE7=/tmp/maxwoo/21EF1A6A9139C9FD2A38E59AFB466F9A_2293/INPUTFILES/data_1223683261.root
INPUTFILE8=/tmp/maxwoo/21EF1A6A9139C9FD2A38E59AFB466F9A_2293/INPUTFILES/data_1223783251.root
INPUTFILE9=/tmp/maxwoo/21EF1A6A9139C9FD2A38E59AFB466F9A_2293/INPUTFILES/data_1223883201.root
INPUTFILE10=/tmp/maxwoo/21EF1A6A9139C9FD2A38E59AFB466F9A_2293/INPUTFILES/data_1223883231.root
INPUTFILE11=/tmp/maxwoo/21EF1A6A9139C9FD2A38E59AFB466F9A_2293/INPUTFILES/data_1223983161.root
INPUTFILE12=/tmp/maxwoo/21EF1A6A9139C9FD2A38E59AFB466F9A_2293/INPUTFILES/data_1223983171.root
INPUTFILE13=/tmp/maxwoo/21EF1A6A9139C9FD2A38E59AFB466F9A_2293/INPUTFILES/data_1223983181.root
INPUTFILE14=/tmp/maxwoo/21EF1A6A9139C9FD2A38E59AFB466F9A_2293/INPUTFILES/data_1223983191.root
INPUTFILE15=/tmp/maxwoo/21EF1A6A9139C9FD2A38E59AFB466F9A_2293/INPUTFILES/data_1223983211.root
INPUTFILE16=/tmp/maxwoo/21EF1A6A9139C9FD2A38E59AFB466F9A_2293/INPUTFILES/data_1223983221.root
INPUTFILE17=/tmp/maxwoo/21EF1A6A9139C9FD2A38E59AFB466F9A_2293/INPUTFILES/data_1224083141.root
INPUTFILE18=/tmp/maxwoo/21EF1A6A9139C9FD2A38E59AFB466F9A_2293/INPUTFILES/data_1224083151.root
INPUTFILE19=/tmp/maxwoo/21EF1A6A9139C9FD2A38E59AFB466F9A_2293/INPUTFILES/data_1224120261.root
INPUTFILE20=/tmp/maxwoo/21EF1A6A9139C9FD2A38E59AFB466F9A_2293/INPUTFILES/data_1224120341.root
INPUTFILE21=/tmp/maxwoo/21EF1A6A9139C9FD2A38E59AFB466F9A_2293/INPUTFILES/data_1224120361.root
INPUTFILE22=/tmp/maxwoo/21EF1A6A9139C9FD2A38E59AFB466F9A_2293/INPUTFILES/data_1224120391.root
INPUTFILE23=/tmp/maxwoo/21EF1A6A9139C9FD2A38E59AFB466F9A_2293/INPUTFILES/data_1224120401.root
INPUTFILE24=/tmp/maxwoo/21EF1A6A9139C9FD2A38E59AFB466F9A_2293/INPUTFILES/data_1224120471.root
INPUTFILE25=/tmp/maxwoo/21EF1A6A9139C9FD2A38E59AFB466F9A_2293/INPUTFILES/data_1224120491.root
INPUTFILE26=/tmp/maxwoo/21EF1A6A9139C9FD2A38E59AFB466F9A_2293/INPUTFILES/data_1224120521.root
INPUTFILE27=/tmp/maxwoo/21EF1A6A9139C9FD2A38E59AFB466F9A_2293/INPUTFILES/data_1224120531.root
INPUTFILE28=/tmp/maxwoo/21EF1A6A9139C9FD2A38E59AFB466F9A_2293/INPUTFILES/data_1224120541.root
INPUTFILE29=/tmp/maxwoo/21EF1A6A9139C9FD2A38E59AFB466F9A_2293/INPUTFILES/data_1224120571.root
INPUTFILE30=/tmp/maxwoo/21EF1A6A9139C9FD2A38E59AFB466F9A_2293/INPUTFILES/data_1224120581.root
INPUTFILE31=/tmp/maxwoo/21EF1A6A9139C9FD2A38E59AFB466F9A_2293/INPUTFILES/data_1224120591.root
INPUTFILE32=/tmp/maxwoo/21EF1A6A9139C9FD2A38E59AFB466F9A_2293/INPUTFILES/data_1224120681.root
INPUTFILE33=/tmp/maxwoo/21EF1A6A9139C9FD2A38E59AFB466F9A_2293/INPUTFILES/data_1224283121.root
INPUTFILE34=/tmp/maxwoo/21EF1A6A9139C9FD2A38E59AFB466F9A_2293/INPUTFILES/data_1224283131.root
INPUTFILE35=/tmp/maxwoo/21EF1A6A9139C9FD2A38E59AFB466F9A_2293/INPUTFILES/data_1224283241.root
INPUTFILE36=/tmp/maxwoo/21EF1A6A9139C9FD2A38E59AFB466F9A_2293/INPUTFILES/data_1224383101.root
LocalInputFileDir=/tmp/maxwoo/21EF1A6A9139C9FD2A38E59AFB466F9A_2293/INPUTFILES
NewFILELIST=/tmp/maxwoo/21EF1A6A9139C9FD2A38E59AFB466F9A_2293/INPUTFILES/21EF1A6A9139C9FD2A38E59AFB466F9A_2293.local.list
+++++++++++++++++++++++++++++++++++++++++++++++
--------------------------------
Simple Unified Meta Scheduler 1.10.50 we are starting in $SCRATCH : /home/tmp/maxwoo/21EF1A6A9139C9FD2A38E59AFB466F9A_2293
--------------------------------
total 16
lrwxrwxrwx 1 maxwoo rhstar   61 Jun  2 10:59 check_S.C -> /gpfs/mnt/gpfs01/star/pwg/xiatong/git/strangeness/./check_S.C
lrwxrwxrwx 1 maxwoo rhstar   65 Jun  2 10:59 Check_Sness.C -> /gpfs/mnt/gpfs01/star/pwg/xiatong/git/strangeness/./Check_Sness.C
drwxr-xr-x 2 maxwoo rhstar 4096 Jun  2 11:01 INPUTFILES
drwxr-xr-x 2 maxwoo rhstar 4096 Jun  2 10:59 lib
  *******************************************
  *                                         *
  *        W E L C O M E  to  R O O T       *
  *                                         *
  *   Version   5.34/38     12 March 2018   *
  *                                         *
  *  You are welcome to visit our Web site  *
  *          http://root.cern.ch            *
  *                                         *
  *******************************************

ROOT 5.34/38 (v5-34-38@v5-34-38, Mar 12 2018, 15:49:39 on linux)

CINT/ROOT C/C++ Interpreter version 5.18.00, July 2, 2010
Type ? for help. Commands must be C++ statements.
Enclose multiple statements between { }.
*** Float Point Exception is OFF ***
 *** Start at Date : Thu Jun  2 11:01:27 2022
QAInfo:You are using STAR_LEVEL : dev, ROOT_LEVEL : 5.34.38 and node : rcas6350.rcf.bnl.gov 

Processing check_S.C++("/tmp/maxwoo/21EF1A6A9139C9FD2A38E59AFB466F9A_2293/INPUTFILES/21EF1A6A9139C9FD2A38E59AFB466F9A_2293.local.list","21EF1A6A9139C9FD2A38E59AFB466F9A_2293",1)...
/tmp/maxwoo/21EF1A6A9139C9FD2A38E59AFB466F9A_2293/INPUTFILES/data_1223383301.root 
/tmp/maxwoo/21EF1A6A9139C9FD2A38E59AFB466F9A_2293/INPUTFILES/data_1223383311.root 
/tmp/maxwoo/21EF1A6A9139C9FD2A38E59AFB466F9A_2293/INPUTFILES/data_1223483291.root 
/tmp/maxwoo/21EF1A6A9139C9FD2A38E59AFB466F9A_2293/INPUTFILES/data_1223483321.root 
/tmp/maxwoo/21EF1A6A9139C9FD2A38E59AFB466F9A_2293/INPUTFILES/data_1223483371.root 
/tmp/maxwoo/21EF1A6A9139C9FD2A38E59AFB466F9A_2293/INPUTFILES/data_1223583271.root 
/tmp/maxwoo/21EF1A6A9139C9FD2A38E59AFB466F9A_2293/INPUTFILES/data_1223583281.root 
/tmp/maxwoo/21EF1A6A9139C9FD2A38E59AFB466F9A_2293/INPUTFILES/data_1223683261.root 
/tmp/maxwoo/21EF1A6A9139C9FD2A38E59AFB466F9A_2293/INPUTFILES/data_1223783251.root 
/tmp/maxwoo/21EF1A6A9139C9FD2A38E59AFB466F9A_2293/INPUTFILES/data_1223883201.root 
/tmp/maxwoo/21EF1A6A9139C9FD2A38E59AFB466F9A_2293/INPUTFILES/data_1223883231.root 
/tmp/maxwoo/21EF1A6A9139C9FD2A38E59AFB466F9A_2293/INPUTFILES/data_1223983161.root 
/tmp/maxwoo/21EF1A6A9139C9FD2A38E59AFB466F9A_2293/INPUTFILES/data_1223983171.root 
/tmp/maxwoo/21EF1A6A9139C9FD2A38E59AFB466F9A_2293/INPUTFILES/data_1223983181.root 
/tmp/maxwoo/21EF1A6A9139C9FD2A38E59AFB466F9A_2293/INPUTFILES/data_1223983191.root 
/tmp/maxwoo/21EF1A6A9139C9FD2A38E59AFB466F9A_2293/INPUTFILES/data_1223983211.root 
/tmp/maxwoo/21EF1A6A9139C9FD2A38E59AFB466F9A_2293/INPUTFILES/data_1223983221.root 
/tmp/maxwoo/21EF1A6A9139C9FD2A38E59AFB466F9A_2293/INPUTFILES/data_1224083141.root 
/tmp/maxwoo/21EF1A6A9139C9FD2A38E59AFB466F9A_2293/INPUTFILES/data_1224083151.root 
/tmp/maxwoo/21EF1A6A9139C9FD2A38E59AFB466F9A_2293/INPUTFILES/data_1224120261.root 
/tmp/maxwoo/21EF1A6A9139C9FD2A38E59AFB466F9A_2293/INPUTFILES/data_1224120341.root 
/tmp/maxwoo/21EF1A6A9139C9FD2A38E59AFB466F9A_2293/INPUTFILES/data_1224120361.root 
/tmp/maxwoo/21EF1A6A9139C9FD2A38E59AFB466F9A_2293/INPUTFILES/data_1224120391.root 
/tmp/maxwoo/21EF1A6A9139C9FD2A38E59AFB466F9A_2293/INPUTFILES/data_1224120401.root 
/tmp/maxwoo/21EF1A6A9139C9FD2A38E59AFB466F9A_2293/INPUTFILES/data_1224120471.root 
/tmp/maxwoo/21EF1A6A9139C9FD2A38E59AFB466F9A_2293/INPUTFILES/data_1224120491.root 
/tmp/maxwoo/21EF1A6A9139C9FD2A38E59AFB466F9A_2293/INPUTFILES/data_1224120521.root 
/tmp/maxwoo/21EF1A6A9139C9FD2A38E59AFB466F9A_2293/INPUTFILES/data_1224120531.root 
/tmp/maxwoo/21EF1A6A9139C9FD2A38E59AFB466F9A_2293/INPUTFILES/data_1224120541.root 
/tmp/maxwoo/21EF1A6A9139C9FD2A38E59AFB466F9A_2293/INPUTFILES/data_1224120571.root 
/tmp/maxwoo/21EF1A6A9139C9FD2A38E59AFB466F9A_2293/INPUTFILES/data_1224120581.root 
/tmp/maxwoo/21EF1A6A9139C9FD2A38E59AFB466F9A_2293/INPUTFILES/data_1224120591.root 
/tmp/maxwoo/21EF1A6A9139C9FD2A38E59AFB466F9A_2293/INPUTFILES/data_1224120681.root 
/tmp/maxwoo/21EF1A6A9139C9FD2A38E59AFB466F9A_2293/INPUTFILES/data_1224283121.root 
/tmp/maxwoo/21EF1A6A9139C9FD2A38E59AFB466F9A_2293/INPUTFILES/data_1224283131.root 
/tmp/maxwoo/21EF1A6A9139C9FD2A38E59AFB466F9A_2293/INPUTFILES/data_1224283241.root 
/tmp/maxwoo/21EF1A6A9139C9FD2A38E59AFB466F9A_2293/INPUTFILES/data_1224383101.root 
Added 37 files
# entries in chain: 37000
Processing entry == 1000 == out of 37000.
Processing entry == 2000 == out of 37000.
Processing entry == 3000 == out of 37000.
Processing entry == 4000 == out of 37000.
Processing entry == 5000 == out of 37000.
Processing entry == 6000 == out of 37000.
Processing entry == 7000 == out of 37000.
Processing entry == 8000 == out of 37000.
Processing entry == 9000 == out of 37000.
Processing entry == 10000 == out of 37000.
Processing entry == 11000 == out of 37000.
Processing entry == 12000 == out of 37000.
Processing entry == 13000 == out of 37000.
Processing entry == 14000 == out of 37000.
Processing entry == 15000 == out of 37000.
Processing entry == 16000 == out of 37000.
Processing entry == 17000 == out of 37000.
Processing entry == 18000 == out of 37000.
Processing entry == 19000 == out of 37000.
Processing entry == 20000 == out of 37000.
Processing entry == 21000 == out of 37000.
Processing entry == 22000 == out of 37000.
Processing entry == 23000 == out of 37000.
Processing entry == 24000 == out of 37000.
Processing entry == 25000 == out of 37000.
Processing entry == 26000 == out of 37000.
Processing entry == 27000 == out of 37000.
Processing entry == 28000 == out of 37000.
Processing entry == 29000 == out of 37000.
Processing entry == 30000 == out of 37000.
Processing entry == 31000 == out of 37000.
Processing entry == 32000 == out of 37000.
Processing entry == 33000 == out of 37000.
Processing entry == 34000 == out of 37000.
Processing entry == 35000 == out of 37000.
Processing entry == 36000 == out of 37000.
Processing entry == 37000 == out of 37000.

This is the end of ROOT -- Goodbye

Cleaning up sandbox file:  /tmp/maxwoo/21EF1A6A9139C9FD2A38E59AFB466F9A_2293/check_S.C
Cleaning up sandbox file:  /tmp/maxwoo/21EF1A6A9139C9FD2A38E59AFB466F9A_2293/Check_Sness.C
Cleaning up sandbox file:  /tmp/maxwoo/21EF1A6A9139C9FD2A38E59AFB466F9A_2293/lib
Cleaning up sandbox file:  /tmp/maxwoo/21EF1A6A9139C9FD2A38E59AFB466F9A_2293/.sandboxFiles
Starting copy block
Running copy command:  /bin/cp -fp /tmp/maxwoo/21EF1A6A9139C9FD2A38E59AFB466F9A_2293/out_21EF1A6A9139C9FD2A38E59AFB466F9A_2293.root /star/data01/pwg/xiatong/git/strangeness/data/
41417 Execution of (/star/data01/pwg/xiatong/git/strangeness/script/sched21EF1A6A9139C9FD2A38E59AFB466F9A_2293.csh ) has ended, exiting normally
41417 We END on [Thu Jun  2 11:23:00 EDT 2022]
