We are starting on node: spool0102.sdcc.bnl.gov
HOME is not defined
Using getent method
HOME is now /star/u/maxwoo
133321 We will spawn ourselves (/star/data01/pwg/xiatong/git/strangeness/script/sched21EF1A6A9139C9FD2A38E59AFB466F9A_149.csh )
133321 We BEGIN on [Thu Jun  2 11:42:17 EDT 2022]
[1] 133582
133321 We are waiting for 133582 
133321 Grandchild PID is 133856 - found in 10 x 1 seconds
133321 Establishing first watcher   on    Thu Jun  2 11:42:30 EDT 2022
133321 Process tree is 133321 (main) -> 133582 (child) -> 133856 (grandchild)
F S   UID    PID   PPID  C PRI  NI ADDR SZ WCHAN  TTY        TIME CMD
0 D 100667 133856 133582  0 80   0 - 32311 cxiWai ?          0:00 cp /star/data01/pwg/xiatong/AMPT/14GeV/data_096788951.root /tmp/maxwoo/21EF1A6A9139C9FD2A38E59AFB466F9A_149/INPUTFILES/data_096788951.root
133321 Grandchild PID is 137746 - found in 20 x 2 seconds
133321 Grandchild to watch has changed on Thu Jun  2 11:42:52 EDT 2022
133321 Process tree is 133321 (main) -> 133582 (child) -> 137746 (grandchild)
F S   UID    PID   PPID  C PRI  NI ADDR SZ WCHAN  TTY        TIME CMD
0 D 100667 137746 133582  0 80   0 - 32311 cxiWai ?          0:00 cp /star/data01/pwg/xiatong/AMPT/14GeV/data_096788991.root /tmp/maxwoo/21EF1A6A9139C9FD2A38E59AFB466F9A_149/INPUTFILES/data_096788991.root
133321 Grandchild PID is 140984 - found in 30 x 2 seconds
133321 Grandchild to watch has changed on Thu Jun  2 11:43:15 EDT 2022
133321 Process tree is 133321 (main) -> 133582 (child) -> 140984 (grandchild)
F S   UID    PID   PPID  C PRI  NI ADDR SZ WCHAN  TTY        TIME CMD
0 D 100667 140984 133582  0 80   0 - 32311 cxiWai ?          0:00 cp /star/data01/pwg/xiatong/AMPT/14GeV/data_096789061.root /tmp/maxwoo/21EF1A6A9139C9FD2A38E59AFB466F9A_149/INPUTFILES/data_096789061.root
133321 Grandchild PID is 141158 - found in 40 x 2 seconds
133321 Grandchild to watch has changed on Thu Jun  2 11:43:37 EDT 2022
133321 Process tree is 133321 (main) -> 133582 (child) -> 141158 (grandchild)
F S   UID    PID   PPID  C PRI  NI ADDR SZ WCHAN  TTY        TIME CMD
0 D 100667 141158 133582  0 80   0 - 32311 cxiWai ?          0:00 cp /star/data01/pwg/xiatong/AMPT/14GeV/data_096860171.root /tmp/maxwoo/21EF1A6A9139C9FD2A38E59AFB466F9A_149/INPUTFILES/data_096860171.root
133321 Grandchild PID is 149049 - found in 60 x 2 seconds
133321 Grandchild to watch has changed on Thu Jun  2 11:44:27 EDT 2022
133321 Process tree is 133321 (main) -> 133582 (child) -> 149049 (grandchild)
F S   UID    PID   PPID  C PRI  NI ADDR SZ WCHAN  TTY        TIME CMD
0 D 100667 149049 133582  0 80   0 - 32311 cxiWai ?          0:00 cp /star/data01/pwg/xiatong/AMPT/14GeV/data_096888811.root /tmp/maxwoo/21EF1A6A9139C9FD2A38E59AFB466F9A_149/INPUTFILES/data_096888811.root
133321 Grandchild PID is 152743 - found in 70 x 2 seconds
133321 Grandchild to watch has changed on Thu Jun  2 11:44:48 EDT 2022
133321 Process tree is 133321 (main) -> 133582 (child) -> 152743 (grandchild)
F S   UID    PID   PPID  C PRI  NI ADDR SZ WCHAN  TTY        TIME CMD
0 D 100667 152743 133582  0 80   0 - 32311 cxiWai ?          0:00 cp /star/data01/pwg/xiatong/AMPT/14GeV/data_096960241.root /tmp/maxwoo/21EF1A6A9139C9FD2A38E59AFB466F9A_149/INPUTFILES/data_096960241.root
133321 Grandchild PID is 156748 - found in 90 x 2 seconds
133321 Grandchild to watch has changed on Thu Jun  2 11:45:31 EDT 2022
133321 Process tree is 133321 (main) -> 133582 (child) -> 156748 (grandchild)
F S   UID    PID   PPID  C PRI  NI ADDR SZ WCHAN  TTY        TIME CMD
0 D 100667 156748 133582  0 80   0 - 32311 cxiWai ?          0:00 cp /star/data01/pwg/xiatong/AMPT/14GeV/data_096988751.root /tmp/maxwoo/21EF1A6A9139C9FD2A38E59AFB466F9A_149/INPUTFILES/data_096988751.root
133321 Grandchild PID is 163562 - found in 110 x 2 seconds
133321 Grandchild to watch has changed on Thu Jun  2 11:46:13 EDT 2022
133321 Process tree is 133321 (main) -> 133582 (child) -> 163562 (grandchild)
F S   UID    PID   PPID  C PRI  NI ADDR SZ WCHAN  TTY        TIME CMD
0 D 100667 163562 133582  0 80   0 - 32311 cxiWai ?          0:00 cp /star/data01/pwg/xiatong/AMPT/14GeV/data_097102711.root /tmp/maxwoo/21EF1A6A9139C9FD2A38E59AFB466F9A_149/INPUTFILES/data_097102711.root
133321 Grandchild PID is 167747 - found in 120 x 2 seconds
133321 Grandchild to watch has changed on Thu Jun  2 11:46:34 EDT 2022
133321 Process tree is 133321 (main) -> 133582 (child) -> 167747 (grandchild)
F S   UID    PID   PPID  C PRI  NI ADDR SZ WCHAN  TTY        TIME CMD
0 D 100667 167747 133582  0 80   0 - 32311 cxiWai ?          0:00 cp /star/data01/pwg/xiatong/AMPT/14GeV/data_097120441.root /tmp/maxwoo/21EF1A6A9139C9FD2A38E59AFB466F9A_149/INPUTFILES/data_097120441.root
133321 Grandchild PID is 171719 - found in 130 x 2 seconds
133321 Grandchild to watch has changed on Thu Jun  2 11:46:55 EDT 2022
133321 Process tree is 133321 (main) -> 133582 (child) -> 171719 (grandchild)
F S   UID    PID   PPID  C PRI  NI ADDR SZ WCHAN  TTY        TIME CMD
0 D 100667 171719 133582  0 80   0 - 32311 cxiWai ?          0:00 cp /star/data01/pwg/xiatong/AMPT/14GeV/data_097120471.root /tmp/maxwoo/21EF1A6A9139C9FD2A38E59AFB466F9A_149/INPUTFILES/data_097120471.root
133321 Grandchild PID is 178610 - found in 160 x 2 seconds
133321 Grandchild to watch has changed on Thu Jun  2 11:47:57 EDT 2022
133321 Process tree is 133321 (main) -> 133582 (child) -> 178610 (grandchild)
F S   UID    PID   PPID  C PRI  NI ADDR SZ WCHAN  TTY        TIME CMD
0 S 100667 178610 133582  0 80   0 -  1272 do_wai ?          0:00 root -b -q check_S.C++("/tmp/maxwoo/21EF1A6A9139C9FD2A38E59AFB466F9A_149/INPUTFILES/21EF1A6A9139C9FD2A38E59AFB466F9A_149.local.list","21EF1A6A9139C9FD2A38E59AFB466F9A_149",1)
133582 Stepping into the main SUMS wrapper program with []
.... building sandbox
Running: cp /star/data01/pwg/xiatong/AMPT/14GeV/data_096788951.root /tmp/maxwoo/21EF1A6A9139C9FD2A38E59AFB466F9A_149/INPUTFILES/data_096788951.root
Running: cp /star/data01/pwg/xiatong/AMPT/14GeV/data_096788971.root /tmp/maxwoo/21EF1A6A9139C9FD2A38E59AFB466F9A_149/INPUTFILES/data_096788971.root
Running: cp /star/data01/pwg/xiatong/AMPT/14GeV/data_096788981.root /tmp/maxwoo/21EF1A6A9139C9FD2A38E59AFB466F9A_149/INPUTFILES/data_096788981.root
Running: cp /star/data01/pwg/xiatong/AMPT/14GeV/data_096788991.root /tmp/maxwoo/21EF1A6A9139C9FD2A38E59AFB466F9A_149/INPUTFILES/data_096788991.root
Running: cp /star/data01/pwg/xiatong/AMPT/14GeV/data_096789061.root /tmp/maxwoo/21EF1A6A9139C9FD2A38E59AFB466F9A_149/INPUTFILES/data_096789061.root
Running: cp /star/data01/pwg/xiatong/AMPT/14GeV/data_096789201.root /tmp/maxwoo/21EF1A6A9139C9FD2A38E59AFB466F9A_149/INPUTFILES/data_096789201.root
Running: cp /star/data01/pwg/xiatong/AMPT/14GeV/data_096860171.root /tmp/maxwoo/21EF1A6A9139C9FD2A38E59AFB466F9A_149/INPUTFILES/data_096860171.root
Running: cp /star/data01/pwg/xiatong/AMPT/14GeV/data_096888741.root /tmp/maxwoo/21EF1A6A9139C9FD2A38E59AFB466F9A_149/INPUTFILES/data_096888741.root
Running: cp /star/data01/pwg/xiatong/AMPT/14GeV/data_096888761.root /tmp/maxwoo/21EF1A6A9139C9FD2A38E59AFB466F9A_149/INPUTFILES/data_096888761.root
Running: cp /star/data01/pwg/xiatong/AMPT/14GeV/data_096888771.root /tmp/maxwoo/21EF1A6A9139C9FD2A38E59AFB466F9A_149/INPUTFILES/data_096888771.root
Running: cp /star/data01/pwg/xiatong/AMPT/14GeV/data_096888781.root /tmp/maxwoo/21EF1A6A9139C9FD2A38E59AFB466F9A_149/INPUTFILES/data_096888781.root
Running: cp /star/data01/pwg/xiatong/AMPT/14GeV/data_096888791.root /tmp/maxwoo/21EF1A6A9139C9FD2A38E59AFB466F9A_149/INPUTFILES/data_096888791.root
Running: cp /star/data01/pwg/xiatong/AMPT/14GeV/data_096888811.root /tmp/maxwoo/21EF1A6A9139C9FD2A38E59AFB466F9A_149/INPUTFILES/data_096888811.root
Running: cp /star/data01/pwg/xiatong/AMPT/14GeV/data_096888821.root /tmp/maxwoo/21EF1A6A9139C9FD2A38E59AFB466F9A_149/INPUTFILES/data_096888821.root
Running: cp /star/data01/pwg/xiatong/AMPT/14GeV/data_096888871.root /tmp/maxwoo/21EF1A6A9139C9FD2A38E59AFB466F9A_149/INPUTFILES/data_096888871.root
Running: cp /star/data01/pwg/xiatong/AMPT/14GeV/data_096888921.root /tmp/maxwoo/21EF1A6A9139C9FD2A38E59AFB466F9A_149/INPUTFILES/data_096888921.root
Running: cp /star/data01/pwg/xiatong/AMPT/14GeV/data_096960241.root /tmp/maxwoo/21EF1A6A9139C9FD2A38E59AFB466F9A_149/INPUTFILES/data_096960241.root
Running: cp /star/data01/pwg/xiatong/AMPT/14GeV/data_096960251.root /tmp/maxwoo/21EF1A6A9139C9FD2A38E59AFB466F9A_149/INPUTFILES/data_096960251.root
Running: cp /star/data01/pwg/xiatong/AMPT/14GeV/data_096988751.root /tmp/maxwoo/21EF1A6A9139C9FD2A38E59AFB466F9A_149/INPUTFILES/data_096988751.root
Running: cp /star/data01/pwg/xiatong/AMPT/14GeV/data_096988931.root /tmp/maxwoo/21EF1A6A9139C9FD2A38E59AFB466F9A_149/INPUTFILES/data_096988931.root
Running: cp /star/data01/pwg/xiatong/AMPT/14GeV/data_096989231.root /tmp/maxwoo/21EF1A6A9139C9FD2A38E59AFB466F9A_149/INPUTFILES/data_096989231.root
Running: cp /star/data01/pwg/xiatong/AMPT/14GeV/data_096989311.root /tmp/maxwoo/21EF1A6A9139C9FD2A38E59AFB466F9A_149/INPUTFILES/data_096989311.root
Running: cp /star/data01/pwg/xiatong/AMPT/14GeV/data_097060471.root /tmp/maxwoo/21EF1A6A9139C9FD2A38E59AFB466F9A_149/INPUTFILES/data_097060471.root
Running: cp /star/data01/pwg/xiatong/AMPT/14GeV/data_097088941.root /tmp/maxwoo/21EF1A6A9139C9FD2A38E59AFB466F9A_149/INPUTFILES/data_097088941.root
Running: cp /star/data01/pwg/xiatong/AMPT/14GeV/data_097089041.root /tmp/maxwoo/21EF1A6A9139C9FD2A38E59AFB466F9A_149/INPUTFILES/data_097089041.root
Running: cp /star/data01/pwg/xiatong/AMPT/14GeV/data_097101281.root /tmp/maxwoo/21EF1A6A9139C9FD2A38E59AFB466F9A_149/INPUTFILES/data_097101281.root
Running: cp /star/data01/pwg/xiatong/AMPT/14GeV/data_097101291.root /tmp/maxwoo/21EF1A6A9139C9FD2A38E59AFB466F9A_149/INPUTFILES/data_097101291.root
Running: cp /star/data01/pwg/xiatong/AMPT/14GeV/data_097101301.root /tmp/maxwoo/21EF1A6A9139C9FD2A38E59AFB466F9A_149/INPUTFILES/data_097101301.root
Running: cp /star/data01/pwg/xiatong/AMPT/14GeV/data_097102711.root /tmp/maxwoo/21EF1A6A9139C9FD2A38E59AFB466F9A_149/INPUTFILES/data_097102711.root
Running: cp /star/data01/pwg/xiatong/AMPT/14GeV/data_097102731.root /tmp/maxwoo/21EF1A6A9139C9FD2A38E59AFB466F9A_149/INPUTFILES/data_097102731.root
Running: cp /star/data01/pwg/xiatong/AMPT/14GeV/data_097103951.root /tmp/maxwoo/21EF1A6A9139C9FD2A38E59AFB466F9A_149/INPUTFILES/data_097103951.root
Running: cp /star/data01/pwg/xiatong/AMPT/14GeV/data_097120441.root /tmp/maxwoo/21EF1A6A9139C9FD2A38E59AFB466F9A_149/INPUTFILES/data_097120441.root
Running: cp /star/data01/pwg/xiatong/AMPT/14GeV/data_097120461.root /tmp/maxwoo/21EF1A6A9139C9FD2A38E59AFB466F9A_149/INPUTFILES/data_097120461.root
Running: cp /star/data01/pwg/xiatong/AMPT/14GeV/data_097120471.root /tmp/maxwoo/21EF1A6A9139C9FD2A38E59AFB466F9A_149/INPUTFILES/data_097120471.root
Running: cp /star/data01/pwg/xiatong/AMPT/14GeV/data_097120481.root /tmp/maxwoo/21EF1A6A9139C9FD2A38E59AFB466F9A_149/INPUTFILES/data_097120481.root
Running: cp /star/data01/pwg/xiatong/AMPT/14GeV/data_097123031.root /tmp/maxwoo/21EF1A6A9139C9FD2A38E59AFB466F9A_149/INPUTFILES/data_097123031.root
Running: cp /star/data01/pwg/xiatong/AMPT/14GeV/data_097123041.root /tmp/maxwoo/21EF1A6A9139C9FD2A38E59AFB466F9A_149/INPUTFILES/data_097123041.root
Swapping $FILELIST with: /tmp/maxwoo/21EF1A6A9139C9FD2A38E59AFB466F9A_149/INPUTFILES/21EF1A6A9139C9FD2A38E59AFB466F9A_149.local.list
+++++++++++local copy debug++++++++++++++++++++
newFileList: /tmp/maxwoo/21EF1A6A9139C9FD2A38E59AFB466F9A_149/INPUTFILES/21EF1A6A9139C9FD2A38E59AFB466F9A_149.local.list
++++++++++++++++cat FILELIST+++++++++++++++++++
/tmp/maxwoo/21EF1A6A9139C9FD2A38E59AFB466F9A_149/INPUTFILES/data_096788951.root 
/tmp/maxwoo/21EF1A6A9139C9FD2A38E59AFB466F9A_149/INPUTFILES/data_096788971.root 
/tmp/maxwoo/21EF1A6A9139C9FD2A38E59AFB466F9A_149/INPUTFILES/data_096788981.root 
/tmp/maxwoo/21EF1A6A9139C9FD2A38E59AFB466F9A_149/INPUTFILES/data_096788991.root 
/tmp/maxwoo/21EF1A6A9139C9FD2A38E59AFB466F9A_149/INPUTFILES/data_096789061.root 
/tmp/maxwoo/21EF1A6A9139C9FD2A38E59AFB466F9A_149/INPUTFILES/data_096789201.root 
/tmp/maxwoo/21EF1A6A9139C9FD2A38E59AFB466F9A_149/INPUTFILES/data_096860171.root 
/tmp/maxwoo/21EF1A6A9139C9FD2A38E59AFB466F9A_149/INPUTFILES/data_096888741.root 
/tmp/maxwoo/21EF1A6A9139C9FD2A38E59AFB466F9A_149/INPUTFILES/data_096888761.root 
/tmp/maxwoo/21EF1A6A9139C9FD2A38E59AFB466F9A_149/INPUTFILES/data_096888771.root 
/tmp/maxwoo/21EF1A6A9139C9FD2A38E59AFB466F9A_149/INPUTFILES/data_096888781.root 
/tmp/maxwoo/21EF1A6A9139C9FD2A38E59AFB466F9A_149/INPUTFILES/data_096888791.root 
/tmp/maxwoo/21EF1A6A9139C9FD2A38E59AFB466F9A_149/INPUTFILES/data_096888811.root 
/tmp/maxwoo/21EF1A6A9139C9FD2A38E59AFB466F9A_149/INPUTFILES/data_096888821.root 
/tmp/maxwoo/21EF1A6A9139C9FD2A38E59AFB466F9A_149/INPUTFILES/data_096888871.root 
/tmp/maxwoo/21EF1A6A9139C9FD2A38E59AFB466F9A_149/INPUTFILES/data_096888921.root 
/tmp/maxwoo/21EF1A6A9139C9FD2A38E59AFB466F9A_149/INPUTFILES/data_096960241.root 
/tmp/maxwoo/21EF1A6A9139C9FD2A38E59AFB466F9A_149/INPUTFILES/data_096960251.root 
/tmp/maxwoo/21EF1A6A9139C9FD2A38E59AFB466F9A_149/INPUTFILES/data_096988751.root 
/tmp/maxwoo/21EF1A6A9139C9FD2A38E59AFB466F9A_149/INPUTFILES/data_096988931.root 
/tmp/maxwoo/21EF1A6A9139C9FD2A38E59AFB466F9A_149/INPUTFILES/data_096989231.root 
/tmp/maxwoo/21EF1A6A9139C9FD2A38E59AFB466F9A_149/INPUTFILES/data_096989311.root 
/tmp/maxwoo/21EF1A6A9139C9FD2A38E59AFB466F9A_149/INPUTFILES/data_097060471.root 
/tmp/maxwoo/21EF1A6A9139C9FD2A38E59AFB466F9A_149/INPUTFILES/data_097088941.root 
/tmp/maxwoo/21EF1A6A9139C9FD2A38E59AFB466F9A_149/INPUTFILES/data_097089041.root 
/tmp/maxwoo/21EF1A6A9139C9FD2A38E59AFB466F9A_149/INPUTFILES/data_097101281.root 
/tmp/maxwoo/21EF1A6A9139C9FD2A38E59AFB466F9A_149/INPUTFILES/data_097101291.root 
/tmp/maxwoo/21EF1A6A9139C9FD2A38E59AFB466F9A_149/INPUTFILES/data_097101301.root 
/tmp/maxwoo/21EF1A6A9139C9FD2A38E59AFB466F9A_149/INPUTFILES/data_097102711.root 
/tmp/maxwoo/21EF1A6A9139C9FD2A38E59AFB466F9A_149/INPUTFILES/data_097102731.root 
/tmp/maxwoo/21EF1A6A9139C9FD2A38E59AFB466F9A_149/INPUTFILES/data_097103951.root 
/tmp/maxwoo/21EF1A6A9139C9FD2A38E59AFB466F9A_149/INPUTFILES/data_097120441.root 
/tmp/maxwoo/21EF1A6A9139C9FD2A38E59AFB466F9A_149/INPUTFILES/data_097120461.root 
/tmp/maxwoo/21EF1A6A9139C9FD2A38E59AFB466F9A_149/INPUTFILES/data_097120471.root 
/tmp/maxwoo/21EF1A6A9139C9FD2A38E59AFB466F9A_149/INPUTFILES/data_097120481.root 
/tmp/maxwoo/21EF1A6A9139C9FD2A38E59AFB466F9A_149/INPUTFILES/data_097123031.root 
/tmp/maxwoo/21EF1A6A9139C9FD2A38E59AFB466F9A_149/INPUTFILES/data_097123041.root 
++++++++++++++++++++find.++++++++++++++++++++++
.
./INPUTFILES
./INPUTFILES/data_096788981.root
./INPUTFILES/data_096789061.root
./INPUTFILES/data_096988751.root
./INPUTFILES/data_096888921.root
./INPUTFILES/data_096960241.root
./INPUTFILES/data_097103951.root
./INPUTFILES/data_097120461.root
./INPUTFILES/data_097101281.root
./INPUTFILES/data_096989311.root
./INPUTFILES/data_096888791.root
./INPUTFILES/data_097123041.root
./INPUTFILES/data_096788991.root
./INPUTFILES/data_097060471.root
./INPUTFILES/data_097102731.root
./INPUTFILES/data_097120471.root
./INPUTFILES/data_096788951.root
./INPUTFILES/data_096789201.root
./INPUTFILES/data_096989231.root
./INPUTFILES/data_097102711.root
./INPUTFILES/data_096888821.root
./INPUTFILES/data_097101291.root
./INPUTFILES/data_096988931.root
./INPUTFILES/data_097089041.root
./INPUTFILES/data_096860171.root
./INPUTFILES/data_097101301.root
./INPUTFILES/data_096888741.root
./INPUTFILES/21EF1A6A9139C9FD2A38E59AFB466F9A_149.local.list
./INPUTFILES/data_096960251.root
./INPUTFILES/data_096888871.root
./INPUTFILES/data_096788971.root
./INPUTFILES/data_096888781.root
./INPUTFILES/data_097088941.root
./INPUTFILES/data_096888771.root
./INPUTFILES/data_097123031.root
./INPUTFILES/data_096888811.root
./INPUTFILES/data_097120481.root
./INPUTFILES/data_097120441.root
./INPUTFILES/data_096888761.root
./.sandboxFiles
./check_S.C
./lib
./lib/my_particle_cpp.so
./lib/CenMaker_cpp.d
./lib/NpartNormalizer_cpp_ACLiC_dict_rdict.pcm
./lib/CenMaker_cpp_ACLiC_dict_rdict.pcm
./lib/NpartNormalizer.h
./lib/CenMaker_cpp.so
./lib/my_event.h
./lib/MixedBuffer.h
./lib/CenMaker.h
./lib/MixedBuffer_cpp.d
./lib/MixedBuffer.cpp
./lib/my_particle_cpp_ACLiC_dict_rdict.pcm
./lib/my_event_cpp_ACLiC_dict_rdict.pcm
./lib/my_particle.h
./lib/NpartNormalizer_cpp.so
./lib/my_event_cpp.d
./lib/MixedBuffer_cpp_ACLiC_dict_rdict.pcm
./lib/CenMaker.cpp
./lib/MixedBuffer_cpp.so
./lib/my_particle_cpp.d
./lib/NpartNormalizer_cpp.d
./lib/NpartNormalizer.cpp
./lib/my_event_cpp.so
./lib/my_event.cpp
./lib/my_particle.cpp
./.output.log
./Check_Sness.C
./.errror.log
++++++++++++++++INPUTFILE Var++++++++++++++++++
FILELIST=/tmp/maxwoo/21EF1A6A9139C9FD2A38E59AFB466F9A_149/INPUTFILES/21EF1A6A9139C9FD2A38E59AFB466F9A_149.local.list
INPUTFILECOUNT=37
INPUTFILE0=/tmp/maxwoo/21EF1A6A9139C9FD2A38E59AFB466F9A_149/INPUTFILES/data_096788951.root
INPUTFILE1=/tmp/maxwoo/21EF1A6A9139C9FD2A38E59AFB466F9A_149/INPUTFILES/data_096788971.root
INPUTFILE2=/tmp/maxwoo/21EF1A6A9139C9FD2A38E59AFB466F9A_149/INPUTFILES/data_096788981.root
INPUTFILE3=/tmp/maxwoo/21EF1A6A9139C9FD2A38E59AFB466F9A_149/INPUTFILES/data_096788991.root
INPUTFILE4=/tmp/maxwoo/21EF1A6A9139C9FD2A38E59AFB466F9A_149/INPUTFILES/data_096789061.root
INPUTFILE5=/tmp/maxwoo/21EF1A6A9139C9FD2A38E59AFB466F9A_149/INPUTFILES/data_096789201.root
INPUTFILE6=/tmp/maxwoo/21EF1A6A9139C9FD2A38E59AFB466F9A_149/INPUTFILES/data_096860171.root
INPUTFILE7=/tmp/maxwoo/21EF1A6A9139C9FD2A38E59AFB466F9A_149/INPUTFILES/data_096888741.root
INPUTFILE8=/tmp/maxwoo/21EF1A6A9139C9FD2A38E59AFB466F9A_149/INPUTFILES/data_096888761.root
INPUTFILE9=/tmp/maxwoo/21EF1A6A9139C9FD2A38E59AFB466F9A_149/INPUTFILES/data_096888771.root
INPUTFILE10=/tmp/maxwoo/21EF1A6A9139C9FD2A38E59AFB466F9A_149/INPUTFILES/data_096888781.root
INPUTFILE11=/tmp/maxwoo/21EF1A6A9139C9FD2A38E59AFB466F9A_149/INPUTFILES/data_096888791.root
INPUTFILE12=/tmp/maxwoo/21EF1A6A9139C9FD2A38E59AFB466F9A_149/INPUTFILES/data_096888811.root
INPUTFILE13=/tmp/maxwoo/21EF1A6A9139C9FD2A38E59AFB466F9A_149/INPUTFILES/data_096888821.root
INPUTFILE14=/tmp/maxwoo/21EF1A6A9139C9FD2A38E59AFB466F9A_149/INPUTFILES/data_096888871.root
INPUTFILE15=/tmp/maxwoo/21EF1A6A9139C9FD2A38E59AFB466F9A_149/INPUTFILES/data_096888921.root
INPUTFILE16=/tmp/maxwoo/21EF1A6A9139C9FD2A38E59AFB466F9A_149/INPUTFILES/data_096960241.root
INPUTFILE17=/tmp/maxwoo/21EF1A6A9139C9FD2A38E59AFB466F9A_149/INPUTFILES/data_096960251.root
INPUTFILE18=/tmp/maxwoo/21EF1A6A9139C9FD2A38E59AFB466F9A_149/INPUTFILES/data_096988751.root
INPUTFILE19=/tmp/maxwoo/21EF1A6A9139C9FD2A38E59AFB466F9A_149/INPUTFILES/data_096988931.root
INPUTFILE20=/tmp/maxwoo/21EF1A6A9139C9FD2A38E59AFB466F9A_149/INPUTFILES/data_096989231.root
INPUTFILE21=/tmp/maxwoo/21EF1A6A9139C9FD2A38E59AFB466F9A_149/INPUTFILES/data_096989311.root
INPUTFILE22=/tmp/maxwoo/21EF1A6A9139C9FD2A38E59AFB466F9A_149/INPUTFILES/data_097060471.root
INPUTFILE23=/tmp/maxwoo/21EF1A6A9139C9FD2A38E59AFB466F9A_149/INPUTFILES/data_097088941.root
INPUTFILE24=/tmp/maxwoo/21EF1A6A9139C9FD2A38E59AFB466F9A_149/INPUTFILES/data_097089041.root
INPUTFILE25=/tmp/maxwoo/21EF1A6A9139C9FD2A38E59AFB466F9A_149/INPUTFILES/data_097101281.root
INPUTFILE26=/tmp/maxwoo/21EF1A6A9139C9FD2A38E59AFB466F9A_149/INPUTFILES/data_097101291.root
INPUTFILE27=/tmp/maxwoo/21EF1A6A9139C9FD2A38E59AFB466F9A_149/INPUTFILES/data_097101301.root
INPUTFILE28=/tmp/maxwoo/21EF1A6A9139C9FD2A38E59AFB466F9A_149/INPUTFILES/data_097102711.root
INPUTFILE29=/tmp/maxwoo/21EF1A6A9139C9FD2A38E59AFB466F9A_149/INPUTFILES/data_097102731.root
INPUTFILE30=/tmp/maxwoo/21EF1A6A9139C9FD2A38E59AFB466F9A_149/INPUTFILES/data_097103951.root
INPUTFILE31=/tmp/maxwoo/21EF1A6A9139C9FD2A38E59AFB466F9A_149/INPUTFILES/data_097120441.root
INPUTFILE32=/tmp/maxwoo/21EF1A6A9139C9FD2A38E59AFB466F9A_149/INPUTFILES/data_097120461.root
INPUTFILE33=/tmp/maxwoo/21EF1A6A9139C9FD2A38E59AFB466F9A_149/INPUTFILES/data_097120471.root
INPUTFILE34=/tmp/maxwoo/21EF1A6A9139C9FD2A38E59AFB466F9A_149/INPUTFILES/data_097120481.root
INPUTFILE35=/tmp/maxwoo/21EF1A6A9139C9FD2A38E59AFB466F9A_149/INPUTFILES/data_097123031.root
INPUTFILE36=/tmp/maxwoo/21EF1A6A9139C9FD2A38E59AFB466F9A_149/INPUTFILES/data_097123041.root
LocalInputFileDir=/tmp/maxwoo/21EF1A6A9139C9FD2A38E59AFB466F9A_149/INPUTFILES
NewFILELIST=/tmp/maxwoo/21EF1A6A9139C9FD2A38E59AFB466F9A_149/INPUTFILES/21EF1A6A9139C9FD2A38E59AFB466F9A_149.local.list
+++++++++++++++++++++++++++++++++++++++++++++++
--------------------------------
Simple Unified Meta Scheduler 1.10.50 we are starting in $SCRATCH : /home/tmp/maxwoo/21EF1A6A9139C9FD2A38E59AFB466F9A_149
--------------------------------
total 16
lrwxrwxrwx 1 maxwoo rhstar   61 Jun  2 11:42 check_S.C -> /gpfs/mnt/gpfs01/star/pwg/xiatong/git/strangeness/./check_S.C
lrwxrwxrwx 1 maxwoo rhstar   65 Jun  2 11:42 Check_Sness.C -> /gpfs/mnt/gpfs01/star/pwg/xiatong/git/strangeness/./Check_Sness.C
drwxr-xr-x 2 maxwoo rhstar 4096 Jun  2 11:47 INPUTFILES
drwxr-xr-x 2 maxwoo rhstar 4096 Jun  2 11:42 lib
  *******************************************
  *                                         *
  *        W E L C O M E  to  R O O T       *
  *                                         *
  *   Version   5.34/38     12 March 2018   *
  *                                         *
  *  You are welcome to visit our Web site  *
  *          http://root.cern.ch            *
  *                                         *
  *******************************************

ROOT 5.34/38 (v5-34-38@v5-34-38, Mar 12 2018, 15:49:39 on linux)

CINT/ROOT C/C++ Interpreter version 5.18.00, July 2, 2010
Type ? for help. Commands must be C++ statements.
Enclose multiple statements between { }.
*** Float Point Exception is OFF ***
 *** Start at Date : Thu Jun  2 11:47:56 2022
QAInfo:You are using STAR_LEVEL : dev, ROOT_LEVEL : 5.34.38 and node : spool0102.sdcc.bnl.gov 

Processing check_S.C++("/tmp/maxwoo/21EF1A6A9139C9FD2A38E59AFB466F9A_149/INPUTFILES/21EF1A6A9139C9FD2A38E59AFB466F9A_149.local.list","21EF1A6A9139C9FD2A38E59AFB466F9A_149",1)...
/tmp/maxwoo/21EF1A6A9139C9FD2A38E59AFB466F9A_149/INPUTFILES/data_096788951.root 
/tmp/maxwoo/21EF1A6A9139C9FD2A38E59AFB466F9A_149/INPUTFILES/data_096788971.root 
/tmp/maxwoo/21EF1A6A9139C9FD2A38E59AFB466F9A_149/INPUTFILES/data_096788981.root 
/tmp/maxwoo/21EF1A6A9139C9FD2A38E59AFB466F9A_149/INPUTFILES/data_096788991.root 
/tmp/maxwoo/21EF1A6A9139C9FD2A38E59AFB466F9A_149/INPUTFILES/data_096789061.root 
/tmp/maxwoo/21EF1A6A9139C9FD2A38E59AFB466F9A_149/INPUTFILES/data_096789201.root 
/tmp/maxwoo/21EF1A6A9139C9FD2A38E59AFB466F9A_149/INPUTFILES/data_096860171.root 
/tmp/maxwoo/21EF1A6A9139C9FD2A38E59AFB466F9A_149/INPUTFILES/data_096888741.root 
/tmp/maxwoo/21EF1A6A9139C9FD2A38E59AFB466F9A_149/INPUTFILES/data_096888761.root 
/tmp/maxwoo/21EF1A6A9139C9FD2A38E59AFB466F9A_149/INPUTFILES/data_096888771.root 
/tmp/maxwoo/21EF1A6A9139C9FD2A38E59AFB466F9A_149/INPUTFILES/data_096888781.root 
/tmp/maxwoo/21EF1A6A9139C9FD2A38E59AFB466F9A_149/INPUTFILES/data_096888791.root 
/tmp/maxwoo/21EF1A6A9139C9FD2A38E59AFB466F9A_149/INPUTFILES/data_096888811.root 
/tmp/maxwoo/21EF1A6A9139C9FD2A38E59AFB466F9A_149/INPUTFILES/data_096888821.root 
/tmp/maxwoo/21EF1A6A9139C9FD2A38E59AFB466F9A_149/INPUTFILES/data_096888871.root 
/tmp/maxwoo/21EF1A6A9139C9FD2A38E59AFB466F9A_149/INPUTFILES/data_096888921.root 
/tmp/maxwoo/21EF1A6A9139C9FD2A38E59AFB466F9A_149/INPUTFILES/data_096960241.root 
/tmp/maxwoo/21EF1A6A9139C9FD2A38E59AFB466F9A_149/INPUTFILES/data_096960251.root 
/tmp/maxwoo/21EF1A6A9139C9FD2A38E59AFB466F9A_149/INPUTFILES/data_096988751.root 
/tmp/maxwoo/21EF1A6A9139C9FD2A38E59AFB466F9A_149/INPUTFILES/data_096988931.root 
/tmp/maxwoo/21EF1A6A9139C9FD2A38E59AFB466F9A_149/INPUTFILES/data_096989231.root 
/tmp/maxwoo/21EF1A6A9139C9FD2A38E59AFB466F9A_149/INPUTFILES/data_096989311.root 
/tmp/maxwoo/21EF1A6A9139C9FD2A38E59AFB466F9A_149/INPUTFILES/data_097060471.root 
/tmp/maxwoo/21EF1A6A9139C9FD2A38E59AFB466F9A_149/INPUTFILES/data_097088941.root 
/tmp/maxwoo/21EF1A6A9139C9FD2A38E59AFB466F9A_149/INPUTFILES/data_097089041.root 
/tmp/maxwoo/21EF1A6A9139C9FD2A38E59AFB466F9A_149/INPUTFILES/data_097101281.root 
/tmp/maxwoo/21EF1A6A9139C9FD2A38E59AFB466F9A_149/INPUTFILES/data_097101291.root 
/tmp/maxwoo/21EF1A6A9139C9FD2A38E59AFB466F9A_149/INPUTFILES/data_097101301.root 
/tmp/maxwoo/21EF1A6A9139C9FD2A38E59AFB466F9A_149/INPUTFILES/data_097102711.root 
/tmp/maxwoo/21EF1A6A9139C9FD2A38E59AFB466F9A_149/INPUTFILES/data_097102731.root 
/tmp/maxwoo/21EF1A6A9139C9FD2A38E59AFB466F9A_149/INPUTFILES/data_097103951.root 
/tmp/maxwoo/21EF1A6A9139C9FD2A38E59AFB466F9A_149/INPUTFILES/data_097120441.root 
/tmp/maxwoo/21EF1A6A9139C9FD2A38E59AFB466F9A_149/INPUTFILES/data_097120461.root 
/tmp/maxwoo/21EF1A6A9139C9FD2A38E59AFB466F9A_149/INPUTFILES/data_097120471.root 
/tmp/maxwoo/21EF1A6A9139C9FD2A38E59AFB466F9A_149/INPUTFILES/data_097120481.root 
/tmp/maxwoo/21EF1A6A9139C9FD2A38E59AFB466F9A_149/INPUTFILES/data_097123031.root 
/tmp/maxwoo/21EF1A6A9139C9FD2A38E59AFB466F9A_149/INPUTFILES/data_097123041.root 
Added 37 files
# entries in chain: 37000
Processing entry == 1000 == out of 37000.
Processing entry == 2000 == out of 37000.
Processing entry == 3000 == out of 37000.
Processing entry == 4000 == out of 37000.
Processing entry == 5000 == out of 37000.
Processing entry == 6000 == out of 37000.
Processing entry == 7000 == out of 37000.
Processing entry == 8000 == out of 37000.
Processing entry == 9000 == out of 37000.
Processing entry == 10000 == out of 37000.
Processing entry == 11000 == out of 37000.
Processing entry == 12000 == out of 37000.
Processing entry == 13000 == out of 37000.
Processing entry == 14000 == out of 37000.
Processing entry == 15000 == out of 37000.
Processing entry == 16000 == out of 37000.
Processing entry == 17000 == out of 37000.
Processing entry == 18000 == out of 37000.
Processing entry == 19000 == out of 37000.
Processing entry == 20000 == out of 37000.
Processing entry == 21000 == out of 37000.
Processing entry == 22000 == out of 37000.
Processing entry == 23000 == out of 37000.
Processing entry == 24000 == out of 37000.
Processing entry == 25000 == out of 37000.
Processing entry == 26000 == out of 37000.
Processing entry == 27000 == out of 37000.
Processing entry == 28000 == out of 37000.
Processing entry == 29000 == out of 37000.
Processing entry == 30000 == out of 37000.
Processing entry == 31000 == out of 37000.
Processing entry == 32000 == out of 37000.
Processing entry == 33000 == out of 37000.
Processing entry == 34000 == out of 37000.
Processing entry == 35000 == out of 37000.
Processing entry == 36000 == out of 37000.
Processing entry == 37000 == out of 37000.

This is the end of ROOT -- Goodbye

Cleaning up sandbox file:  /tmp/maxwoo/21EF1A6A9139C9FD2A38E59AFB466F9A_149/check_S.C
Cleaning up sandbox file:  /tmp/maxwoo/21EF1A6A9139C9FD2A38E59AFB466F9A_149/Check_Sness.C
Cleaning up sandbox file:  /tmp/maxwoo/21EF1A6A9139C9FD2A38E59AFB466F9A_149/lib
Cleaning up sandbox file:  /tmp/maxwoo/21EF1A6A9139C9FD2A38E59AFB466F9A_149/.sandboxFiles
Starting copy block
Running copy command:  /bin/cp -fp /tmp/maxwoo/21EF1A6A9139C9FD2A38E59AFB466F9A_149/out_21EF1A6A9139C9FD2A38E59AFB466F9A_149.root /star/data01/pwg/xiatong/git/strangeness/data/
133321 Execution of (/star/data01/pwg/xiatong/git/strangeness/script/sched21EF1A6A9139C9FD2A38E59AFB466F9A_149.csh ) has ended, exiting normally
133321 We END on [Thu Jun  2 12:07:00 EDT 2022]
