We are starting on node: spool0131.sdcc.bnl.gov
HOME is not defined
Using getent method
HOME is now /star/u/maxwoo
273460 We will spawn ourselves (/star/data01/pwg/xiatong/git/strangeness/script/sched21EF1A6A9139C9FD2A38E59AFB466F9A_512.csh )
273460 We BEGIN on [Thu Jun  2 11:29:58 EDT 2022]
[1] 274495
273460 We are waiting for 274495 
273460 Grandchild PID is 276136 - found in 10 x 1 seconds
273460 Establishing first watcher   on    Thu Jun  2 11:30:09 EDT 2022
273460 Process tree is 273460 (main) -> 274495 (child) -> 276136 (grandchild)
F S   UID    PID   PPID  C PRI  NI ADDR SZ WCHAN  TTY        TIME CMD
0 D 100667 276136 274495  0 80   0 - 32311 cxiWai ?          0:00 cp /star/data01/pwg/xiatong/AMPT/14GeV/data_219693971.root /tmp/maxwoo/21EF1A6A9139C9FD2A38E59AFB466F9A_512/INPUTFILES/data_219693971.root
273460 Grandchild PID is 289612 - found in 30 x 2 seconds
273460 Grandchild to watch has changed on Thu Jun  2 11:30:51 EDT 2022
273460 Process tree is 273460 (main) -> 274495 (child) -> 289612 (grandchild)
F S   UID    PID   PPID  C PRI  NI ADDR SZ WCHAN  TTY        TIME CMD
0 D 100667 289612 274495  0 80   0 - 32311 cxiWai ?          0:00 cp /star/data01/pwg/xiatong/AMPT/14GeV/data_219748481.root /tmp/maxwoo/21EF1A6A9139C9FD2A38E59AFB466F9A_512/INPUTFILES/data_219748481.root
273460 Grandchild PID is 296651 - found in 50 x 2 seconds
273460 Grandchild to watch has changed on Thu Jun  2 11:31:33 EDT 2022
273460 Process tree is 273460 (main) -> 274495 (child) -> 296651 (grandchild)
F S   UID    PID   PPID  C PRI  NI ADDR SZ WCHAN  TTY        TIME CMD
0 D 100667 296651 274495  0 80   0 - 32311 cxiWai ?          0:00 cp /star/data01/pwg/xiatong/AMPT/14GeV/data_219993831.root /tmp/maxwoo/21EF1A6A9139C9FD2A38E59AFB466F9A_512/INPUTFILES/data_219993831.root
273460 Grandchild PID is 297590 - found in 60 x 2 seconds
273460 Grandchild to watch has changed on Thu Jun  2 11:31:53 EDT 2022
273460 Process tree is 273460 (main) -> 274495 (child) -> 297590 (grandchild)
F S   UID    PID   PPID  C PRI  NI ADDR SZ WCHAN  TTY        TIME CMD
0 D 100667 297590 274495  0 80   0 - 32311 cxiWai ?          0:00 cp /star/data01/pwg/xiatong/AMPT/14GeV/data_219993871.root /tmp/maxwoo/21EF1A6A9139C9FD2A38E59AFB466F9A_512/INPUTFILES/data_219993871.root
273460 Grandchild PID is 301444 - found in 70 x 2 seconds
273460 Grandchild to watch has changed on Thu Jun  2 11:32:14 EDT 2022
273460 Process tree is 273460 (main) -> 274495 (child) -> 301444 (grandchild)
F S   UID    PID   PPID  C PRI  NI ADDR SZ WCHAN  TTY        TIME CMD
0 D 100667 301444 274495  0 80   0 - 32311 cxiWai ?          0:00 cp /star/data01/pwg/xiatong/AMPT/14GeV/data_219993881.root /tmp/maxwoo/21EF1A6A9139C9FD2A38E59AFB466F9A_512/INPUTFILES/data_219993881.root
273460 Grandchild PID is 306311 - found in 80 x 2 seconds
273460 Grandchild to watch has changed on Thu Jun  2 11:32:35 EDT 2022
273460 Process tree is 273460 (main) -> 274495 (child) -> 306311 (grandchild)
F S   UID    PID   PPID  C PRI  NI ADDR SZ WCHAN  TTY        TIME CMD
273460 Grandchild PID is 307330 - found in 90 x 2 seconds
273460 Grandchild to watch has changed on Thu Jun  2 11:32:56 EDT 2022
273460 Process tree is 273460 (main) -> 274495 (child) -> 307330 (grandchild)
F S   UID    PID   PPID  C PRI  NI ADDR SZ WCHAN  TTY        TIME CMD
0 D 100667 307330 274495  0 80   0 - 32311 cxiWai ?          0:00 cp /star/data01/pwg/xiatong/AMPT/14GeV/data_220093811.root /tmp/maxwoo/21EF1A6A9139C9FD2A38E59AFB466F9A_512/INPUTFILES/data_220093811.root
273460 Grandchild PID is 311914 - found in 110 x 2 seconds
273460 Grandchild to watch has changed on Thu Jun  2 11:33:38 EDT 2022
273460 Process tree is 273460 (main) -> 274495 (child) -> 311914 (grandchild)
F S   UID    PID   PPID  C PRI  NI ADDR SZ WCHAN  TTY        TIME CMD
0 D 100667 311914 274495  0 80   0 - 32311 cxiWai ?          0:00 cp /star/data01/pwg/xiatong/AMPT/14GeV/data_220094011.root /tmp/maxwoo/21EF1A6A9139C9FD2A38E59AFB466F9A_512/INPUTFILES/data_220094011.root
273460 Grandchild PID is 315498 - found in 120 x 2 seconds
273460 Grandchild to watch has changed on Thu Jun  2 11:33:59 EDT 2022
273460 Process tree is 273460 (main) -> 274495 (child) -> 315498 (grandchild)
F S   UID    PID   PPID  C PRI  NI ADDR SZ WCHAN  TTY        TIME CMD
0 D 100667 315498 274495  0 80   0 - 32311 cxiWai ?          0:00 cp /star/data01/pwg/xiatong/AMPT/14GeV/data_220100561.root /tmp/maxwoo/21EF1A6A9139C9FD2A38E59AFB466F9A_512/INPUTFILES/data_220100561.root
273460 Grandchild PID is 317640 - found in 130 x 2 seconds
273460 Grandchild to watch has changed on Thu Jun  2 11:34:20 EDT 2022
273460 Process tree is 273460 (main) -> 274495 (child) -> 317640 (grandchild)
F S   UID    PID   PPID  C PRI  NI ADDR SZ WCHAN  TTY        TIME CMD
0 D 100667 317640 274495  0 80   0 - 32311 cxiWai ?          0:00 cp /star/data01/pwg/xiatong/AMPT/14GeV/data_220100591.root /tmp/maxwoo/21EF1A6A9139C9FD2A38E59AFB466F9A_512/INPUTFILES/data_220100591.root
273460 Grandchild PID is 322197 - found in 150 x 2 seconds
273460 Grandchild to watch has changed on Thu Jun  2 11:35:02 EDT 2022
273460 Process tree is 273460 (main) -> 274495 (child) -> 322197 (grandchild)
F S   UID    PID   PPID  C PRI  NI ADDR SZ WCHAN  TTY        TIME CMD
0 S 100667 322197 274495  0 80   0 -  1272 do_wai ?          0:00 root -b -q check_S.C++("/tmp/maxwoo/21EF1A6A9139C9FD2A38E59AFB466F9A_512/INPUTFILES/21EF1A6A9139C9FD2A38E59AFB466F9A_512.local.list","21EF1A6A9139C9FD2A38E59AFB466F9A_512",1)
274495 Stepping into the main SUMS wrapper program with []
.... building sandbox
Running: cp /star/data01/pwg/xiatong/AMPT/14GeV/data_219494401.root /tmp/maxwoo/21EF1A6A9139C9FD2A38E59AFB466F9A_512/INPUTFILES/data_219494401.root
Running: cp /star/data01/pwg/xiatong/AMPT/14GeV/data_219531331.root /tmp/maxwoo/21EF1A6A9139C9FD2A38E59AFB466F9A_512/INPUTFILES/data_219531331.root
Running: cp /star/data01/pwg/xiatong/AMPT/14GeV/data_219535521.root /tmp/maxwoo/21EF1A6A9139C9FD2A38E59AFB466F9A_512/INPUTFILES/data_219535521.root
Running: cp /star/data01/pwg/xiatong/AMPT/14GeV/data_219593991.root /tmp/maxwoo/21EF1A6A9139C9FD2A38E59AFB466F9A_512/INPUTFILES/data_219593991.root
Running: cp /star/data01/pwg/xiatong/AMPT/14GeV/data_219594001.root /tmp/maxwoo/21EF1A6A9139C9FD2A38E59AFB466F9A_512/INPUTFILES/data_219594001.root
Running: cp /star/data01/pwg/xiatong/AMPT/14GeV/data_219594241.root /tmp/maxwoo/21EF1A6A9139C9FD2A38E59AFB466F9A_512/INPUTFILES/data_219594241.root
Running: cp /star/data01/pwg/xiatong/AMPT/14GeV/data_219620511.root /tmp/maxwoo/21EF1A6A9139C9FD2A38E59AFB466F9A_512/INPUTFILES/data_219620511.root
Running: cp /star/data01/pwg/xiatong/AMPT/14GeV/data_219693961.root /tmp/maxwoo/21EF1A6A9139C9FD2A38E59AFB466F9A_512/INPUTFILES/data_219693961.root
Running: cp /star/data01/pwg/xiatong/AMPT/14GeV/data_219693971.root /tmp/maxwoo/21EF1A6A9139C9FD2A38E59AFB466F9A_512/INPUTFILES/data_219693971.root
Running: cp /star/data01/pwg/xiatong/AMPT/14GeV/data_219693981.root /tmp/maxwoo/21EF1A6A9139C9FD2A38E59AFB466F9A_512/INPUTFILES/data_219693981.root
Running: cp /star/data01/pwg/xiatong/AMPT/14GeV/data_219694031.root /tmp/maxwoo/21EF1A6A9139C9FD2A38E59AFB466F9A_512/INPUTFILES/data_219694031.root
Running: cp /star/data01/pwg/xiatong/AMPT/14GeV/data_219694141.root /tmp/maxwoo/21EF1A6A9139C9FD2A38E59AFB466F9A_512/INPUTFILES/data_219694141.root
Running: cp /star/data01/pwg/xiatong/AMPT/14GeV/data_219745121.root /tmp/maxwoo/21EF1A6A9139C9FD2A38E59AFB466F9A_512/INPUTFILES/data_219745121.root
Running: cp /star/data01/pwg/xiatong/AMPT/14GeV/data_219748481.root /tmp/maxwoo/21EF1A6A9139C9FD2A38E59AFB466F9A_512/INPUTFILES/data_219748481.root
Running: cp /star/data01/pwg/xiatong/AMPT/14GeV/data_219794201.root /tmp/maxwoo/21EF1A6A9139C9FD2A38E59AFB466F9A_512/INPUTFILES/data_219794201.root
Running: cp /star/data01/pwg/xiatong/AMPT/14GeV/data_219794211.root /tmp/maxwoo/21EF1A6A9139C9FD2A38E59AFB466F9A_512/INPUTFILES/data_219794211.root
Running: cp /star/data01/pwg/xiatong/AMPT/14GeV/data_219848491.root /tmp/maxwoo/21EF1A6A9139C9FD2A38E59AFB466F9A_512/INPUTFILES/data_219848491.root
Running: cp /star/data01/pwg/xiatong/AMPT/14GeV/data_219870421.root /tmp/maxwoo/21EF1A6A9139C9FD2A38E59AFB466F9A_512/INPUTFILES/data_219870421.root
Running: cp /star/data01/pwg/xiatong/AMPT/14GeV/data_219893931.root /tmp/maxwoo/21EF1A6A9139C9FD2A38E59AFB466F9A_512/INPUTFILES/data_219893931.root
Running: cp /star/data01/pwg/xiatong/AMPT/14GeV/data_219894161.root /tmp/maxwoo/21EF1A6A9139C9FD2A38E59AFB466F9A_512/INPUTFILES/data_219894161.root
Running: cp /star/data01/pwg/xiatong/AMPT/14GeV/data_219993831.root /tmp/maxwoo/21EF1A6A9139C9FD2A38E59AFB466F9A_512/INPUTFILES/data_219993831.root
Running: cp /star/data01/pwg/xiatong/AMPT/14GeV/data_219993871.root /tmp/maxwoo/21EF1A6A9139C9FD2A38E59AFB466F9A_512/INPUTFILES/data_219993871.root
Running: cp /star/data01/pwg/xiatong/AMPT/14GeV/data_219993881.root /tmp/maxwoo/21EF1A6A9139C9FD2A38E59AFB466F9A_512/INPUTFILES/data_219993881.root
Running: cp /star/data01/pwg/xiatong/AMPT/14GeV/data_219993901.root /tmp/maxwoo/21EF1A6A9139C9FD2A38E59AFB466F9A_512/INPUTFILES/data_219993901.root
Running: cp /star/data01/pwg/xiatong/AMPT/14GeV/data_219994111.root /tmp/maxwoo/21EF1A6A9139C9FD2A38E59AFB466F9A_512/INPUTFILES/data_219994111.root
Running: cp /star/data01/pwg/xiatong/AMPT/14GeV/data_220093791.root /tmp/maxwoo/21EF1A6A9139C9FD2A38E59AFB466F9A_512/INPUTFILES/data_220093791.root
Running: cp /star/data01/pwg/xiatong/AMPT/14GeV/data_220093801.root /tmp/maxwoo/21EF1A6A9139C9FD2A38E59AFB466F9A_512/INPUTFILES/data_220093801.root
Running: cp /star/data01/pwg/xiatong/AMPT/14GeV/data_220093811.root /tmp/maxwoo/21EF1A6A9139C9FD2A38E59AFB466F9A_512/INPUTFILES/data_220093811.root
Running: cp /star/data01/pwg/xiatong/AMPT/14GeV/data_220093861.root /tmp/maxwoo/21EF1A6A9139C9FD2A38E59AFB466F9A_512/INPUTFILES/data_220093861.root
Running: cp /star/data01/pwg/xiatong/AMPT/14GeV/data_220094011.root /tmp/maxwoo/21EF1A6A9139C9FD2A38E59AFB466F9A_512/INPUTFILES/data_220094011.root
Running: cp /star/data01/pwg/xiatong/AMPT/14GeV/data_220100561.root /tmp/maxwoo/21EF1A6A9139C9FD2A38E59AFB466F9A_512/INPUTFILES/data_220100561.root
Running: cp /star/data01/pwg/xiatong/AMPT/14GeV/data_220100571.root /tmp/maxwoo/21EF1A6A9139C9FD2A38E59AFB466F9A_512/INPUTFILES/data_220100571.root
Running: cp /star/data01/pwg/xiatong/AMPT/14GeV/data_220100591.root /tmp/maxwoo/21EF1A6A9139C9FD2A38E59AFB466F9A_512/INPUTFILES/data_220100591.root
Running: cp /star/data01/pwg/xiatong/AMPT/14GeV/data_220100611.root /tmp/maxwoo/21EF1A6A9139C9FD2A38E59AFB466F9A_512/INPUTFILES/data_220100611.root
Running: cp /star/data01/pwg/xiatong/AMPT/14GeV/data_220118061.root /tmp/maxwoo/21EF1A6A9139C9FD2A38E59AFB466F9A_512/INPUTFILES/data_220118061.root
Running: cp /star/data01/pwg/xiatong/AMPT/14GeV/data_220118081.root /tmp/maxwoo/21EF1A6A9139C9FD2A38E59AFB466F9A_512/INPUTFILES/data_220118081.root
Running: cp /star/data01/pwg/xiatong/AMPT/14GeV/data_220129541.root /tmp/maxwoo/21EF1A6A9139C9FD2A38E59AFB466F9A_512/INPUTFILES/data_220129541.root
Swapping $FILELIST with: /tmp/maxwoo/21EF1A6A9139C9FD2A38E59AFB466F9A_512/INPUTFILES/21EF1A6A9139C9FD2A38E59AFB466F9A_512.local.list
+++++++++++local copy debug++++++++++++++++++++
newFileList: /tmp/maxwoo/21EF1A6A9139C9FD2A38E59AFB466F9A_512/INPUTFILES/21EF1A6A9139C9FD2A38E59AFB466F9A_512.local.list
++++++++++++++++cat FILELIST+++++++++++++++++++
/tmp/maxwoo/21EF1A6A9139C9FD2A38E59AFB466F9A_512/INPUTFILES/data_219494401.root 
/tmp/maxwoo/21EF1A6A9139C9FD2A38E59AFB466F9A_512/INPUTFILES/data_219531331.root 
/tmp/maxwoo/21EF1A6A9139C9FD2A38E59AFB466F9A_512/INPUTFILES/data_219535521.root 
/tmp/maxwoo/21EF1A6A9139C9FD2A38E59AFB466F9A_512/INPUTFILES/data_219593991.root 
/tmp/maxwoo/21EF1A6A9139C9FD2A38E59AFB466F9A_512/INPUTFILES/data_219594001.root 
/tmp/maxwoo/21EF1A6A9139C9FD2A38E59AFB466F9A_512/INPUTFILES/data_219594241.root 
/tmp/maxwoo/21EF1A6A9139C9FD2A38E59AFB466F9A_512/INPUTFILES/data_219620511.root 
/tmp/maxwoo/21EF1A6A9139C9FD2A38E59AFB466F9A_512/INPUTFILES/data_219693961.root 
/tmp/maxwoo/21EF1A6A9139C9FD2A38E59AFB466F9A_512/INPUTFILES/data_219693971.root 
/tmp/maxwoo/21EF1A6A9139C9FD2A38E59AFB466F9A_512/INPUTFILES/data_219693981.root 
/tmp/maxwoo/21EF1A6A9139C9FD2A38E59AFB466F9A_512/INPUTFILES/data_219694031.root 
/tmp/maxwoo/21EF1A6A9139C9FD2A38E59AFB466F9A_512/INPUTFILES/data_219694141.root 
/tmp/maxwoo/21EF1A6A9139C9FD2A38E59AFB466F9A_512/INPUTFILES/data_219745121.root 
/tmp/maxwoo/21EF1A6A9139C9FD2A38E59AFB466F9A_512/INPUTFILES/data_219748481.root 
/tmp/maxwoo/21EF1A6A9139C9FD2A38E59AFB466F9A_512/INPUTFILES/data_219794201.root 
/tmp/maxwoo/21EF1A6A9139C9FD2A38E59AFB466F9A_512/INPUTFILES/data_219794211.root 
/tmp/maxwoo/21EF1A6A9139C9FD2A38E59AFB466F9A_512/INPUTFILES/data_219848491.root 
/tmp/maxwoo/21EF1A6A9139C9FD2A38E59AFB466F9A_512/INPUTFILES/data_219870421.root 
/tmp/maxwoo/21EF1A6A9139C9FD2A38E59AFB466F9A_512/INPUTFILES/data_219893931.root 
/tmp/maxwoo/21EF1A6A9139C9FD2A38E59AFB466F9A_512/INPUTFILES/data_219894161.root 
/tmp/maxwoo/21EF1A6A9139C9FD2A38E59AFB466F9A_512/INPUTFILES/data_219993831.root 
/tmp/maxwoo/21EF1A6A9139C9FD2A38E59AFB466F9A_512/INPUTFILES/data_219993871.root 
/tmp/maxwoo/21EF1A6A9139C9FD2A38E59AFB466F9A_512/INPUTFILES/data_219993881.root 
/tmp/maxwoo/21EF1A6A9139C9FD2A38E59AFB466F9A_512/INPUTFILES/data_219993901.root 
/tmp/maxwoo/21EF1A6A9139C9FD2A38E59AFB466F9A_512/INPUTFILES/data_219994111.root 
/tmp/maxwoo/21EF1A6A9139C9FD2A38E59AFB466F9A_512/INPUTFILES/data_220093791.root 
/tmp/maxwoo/21EF1A6A9139C9FD2A38E59AFB466F9A_512/INPUTFILES/data_220093801.root 
/tmp/maxwoo/21EF1A6A9139C9FD2A38E59AFB466F9A_512/INPUTFILES/data_220093811.root 
/tmp/maxwoo/21EF1A6A9139C9FD2A38E59AFB466F9A_512/INPUTFILES/data_220093861.root 
/tmp/maxwoo/21EF1A6A9139C9FD2A38E59AFB466F9A_512/INPUTFILES/data_220094011.root 
/tmp/maxwoo/21EF1A6A9139C9FD2A38E59AFB466F9A_512/INPUTFILES/data_220100561.root 
/tmp/maxwoo/21EF1A6A9139C9FD2A38E59AFB466F9A_512/INPUTFILES/data_220100571.root 
/tmp/maxwoo/21EF1A6A9139C9FD2A38E59AFB466F9A_512/INPUTFILES/data_220100591.root 
/tmp/maxwoo/21EF1A6A9139C9FD2A38E59AFB466F9A_512/INPUTFILES/data_220100611.root 
/tmp/maxwoo/21EF1A6A9139C9FD2A38E59AFB466F9A_512/INPUTFILES/data_220118061.root 
/tmp/maxwoo/21EF1A6A9139C9FD2A38E59AFB466F9A_512/INPUTFILES/data_220118081.root 
/tmp/maxwoo/21EF1A6A9139C9FD2A38E59AFB466F9A_512/INPUTFILES/data_220129541.root 
++++++++++++++++++++find.++++++++++++++++++++++
.
./check_S.C
./.sandboxFiles
./Check_Sness.C
./.output.log
./INPUTFILES
./INPUTFILES/data_220094011.root
./INPUTFILES/data_219870421.root
./INPUTFILES/21EF1A6A9139C9FD2A38E59AFB466F9A_512.local.list
./INPUTFILES/data_219993881.root
./INPUTFILES/data_219593991.root
./INPUTFILES/data_220093861.root
./INPUTFILES/data_219693961.root
./INPUTFILES/data_219693981.root
./INPUTFILES/data_219994111.root
./INPUTFILES/data_220118081.root
./INPUTFILES/data_220100611.root
./INPUTFILES/data_220093791.root
./INPUTFILES/data_219848491.root
./INPUTFILES/data_219993831.root
./INPUTFILES/data_219531331.root
./INPUTFILES/data_219993901.root
./INPUTFILES/data_219535521.root
./INPUTFILES/data_219993871.root
./INPUTFILES/data_220129541.root
./INPUTFILES/data_219694141.root
./INPUTFILES/data_219620511.root
./INPUTFILES/data_220100571.root
./INPUTFILES/data_219893931.root
./INPUTFILES/data_219894161.root
./INPUTFILES/data_220093811.root
./INPUTFILES/data_219794201.root
./INPUTFILES/data_219694031.root
./INPUTFILES/data_219594001.root
./INPUTFILES/data_220093801.root
./INPUTFILES/data_219494401.root
./INPUTFILES/data_219693971.root
./INPUTFILES/data_219745121.root
./INPUTFILES/data_219748481.root
./INPUTFILES/data_220100561.root
./INPUTFILES/data_220100591.root
./INPUTFILES/data_220118061.root
./INPUTFILES/data_219594241.root
./INPUTFILES/data_219794211.root
./.errror.log
./lib
./lib/my_particle_cpp.d
./lib/MixedBuffer.cpp
./lib/MixedBuffer_cpp.so
./lib/NpartNormalizer_cpp.d
./lib/my_event.h
./lib/MixedBuffer_cpp_ACLiC_dict_rdict.pcm
./lib/my_particle.cpp
./lib/MixedBuffer_cpp.d
./lib/my_particle_cpp.so
./lib/my_event_cpp.d
./lib/CenMaker.h
./lib/my_event_cpp_ACLiC_dict_rdict.pcm
./lib/CenMaker_cpp.so
./lib/NpartNormalizer.cpp
./lib/my_particle.h
./lib/NpartNormalizer_cpp_ACLiC_dict_rdict.pcm
./lib/NpartNormalizer_cpp.so
./lib/my_event_cpp.so
./lib/CenMaker_cpp_ACLiC_dict_rdict.pcm
./lib/MixedBuffer.h
./lib/NpartNormalizer.h
./lib/my_particle_cpp_ACLiC_dict_rdict.pcm
./lib/CenMaker_cpp.d
./lib/my_event.cpp
./lib/CenMaker.cpp
++++++++++++++++INPUTFILE Var++++++++++++++++++
FILELIST=/tmp/maxwoo/21EF1A6A9139C9FD2A38E59AFB466F9A_512/INPUTFILES/21EF1A6A9139C9FD2A38E59AFB466F9A_512.local.list
INPUTFILECOUNT=37
INPUTFILE0=/tmp/maxwoo/21EF1A6A9139C9FD2A38E59AFB466F9A_512/INPUTFILES/data_219494401.root
INPUTFILE1=/tmp/maxwoo/21EF1A6A9139C9FD2A38E59AFB466F9A_512/INPUTFILES/data_219531331.root
INPUTFILE2=/tmp/maxwoo/21EF1A6A9139C9FD2A38E59AFB466F9A_512/INPUTFILES/data_219535521.root
INPUTFILE3=/tmp/maxwoo/21EF1A6A9139C9FD2A38E59AFB466F9A_512/INPUTFILES/data_219593991.root
INPUTFILE4=/tmp/maxwoo/21EF1A6A9139C9FD2A38E59AFB466F9A_512/INPUTFILES/data_219594001.root
INPUTFILE5=/tmp/maxwoo/21EF1A6A9139C9FD2A38E59AFB466F9A_512/INPUTFILES/data_219594241.root
INPUTFILE6=/tmp/maxwoo/21EF1A6A9139C9FD2A38E59AFB466F9A_512/INPUTFILES/data_219620511.root
INPUTFILE7=/tmp/maxwoo/21EF1A6A9139C9FD2A38E59AFB466F9A_512/INPUTFILES/data_219693961.root
INPUTFILE8=/tmp/maxwoo/21EF1A6A9139C9FD2A38E59AFB466F9A_512/INPUTFILES/data_219693971.root
INPUTFILE9=/tmp/maxwoo/21EF1A6A9139C9FD2A38E59AFB466F9A_512/INPUTFILES/data_219693981.root
INPUTFILE10=/tmp/maxwoo/21EF1A6A9139C9FD2A38E59AFB466F9A_512/INPUTFILES/data_219694031.root
INPUTFILE11=/tmp/maxwoo/21EF1A6A9139C9FD2A38E59AFB466F9A_512/INPUTFILES/data_219694141.root
INPUTFILE12=/tmp/maxwoo/21EF1A6A9139C9FD2A38E59AFB466F9A_512/INPUTFILES/data_219745121.root
INPUTFILE13=/tmp/maxwoo/21EF1A6A9139C9FD2A38E59AFB466F9A_512/INPUTFILES/data_219748481.root
INPUTFILE14=/tmp/maxwoo/21EF1A6A9139C9FD2A38E59AFB466F9A_512/INPUTFILES/data_219794201.root
INPUTFILE15=/tmp/maxwoo/21EF1A6A9139C9FD2A38E59AFB466F9A_512/INPUTFILES/data_219794211.root
INPUTFILE16=/tmp/maxwoo/21EF1A6A9139C9FD2A38E59AFB466F9A_512/INPUTFILES/data_219848491.root
INPUTFILE17=/tmp/maxwoo/21EF1A6A9139C9FD2A38E59AFB466F9A_512/INPUTFILES/data_219870421.root
INPUTFILE18=/tmp/maxwoo/21EF1A6A9139C9FD2A38E59AFB466F9A_512/INPUTFILES/data_219893931.root
INPUTFILE19=/tmp/maxwoo/21EF1A6A9139C9FD2A38E59AFB466F9A_512/INPUTFILES/data_219894161.root
INPUTFILE20=/tmp/maxwoo/21EF1A6A9139C9FD2A38E59AFB466F9A_512/INPUTFILES/data_219993831.root
INPUTFILE21=/tmp/maxwoo/21EF1A6A9139C9FD2A38E59AFB466F9A_512/INPUTFILES/data_219993871.root
INPUTFILE22=/tmp/maxwoo/21EF1A6A9139C9FD2A38E59AFB466F9A_512/INPUTFILES/data_219993881.root
INPUTFILE23=/tmp/maxwoo/21EF1A6A9139C9FD2A38E59AFB466F9A_512/INPUTFILES/data_219993901.root
INPUTFILE24=/tmp/maxwoo/21EF1A6A9139C9FD2A38E59AFB466F9A_512/INPUTFILES/data_219994111.root
INPUTFILE25=/tmp/maxwoo/21EF1A6A9139C9FD2A38E59AFB466F9A_512/INPUTFILES/data_220093791.root
INPUTFILE26=/tmp/maxwoo/21EF1A6A9139C9FD2A38E59AFB466F9A_512/INPUTFILES/data_220093801.root
INPUTFILE27=/tmp/maxwoo/21EF1A6A9139C9FD2A38E59AFB466F9A_512/INPUTFILES/data_220093811.root
INPUTFILE28=/tmp/maxwoo/21EF1A6A9139C9FD2A38E59AFB466F9A_512/INPUTFILES/data_220093861.root
INPUTFILE29=/tmp/maxwoo/21EF1A6A9139C9FD2A38E59AFB466F9A_512/INPUTFILES/data_220094011.root
INPUTFILE30=/tmp/maxwoo/21EF1A6A9139C9FD2A38E59AFB466F9A_512/INPUTFILES/data_220100561.root
INPUTFILE31=/tmp/maxwoo/21EF1A6A9139C9FD2A38E59AFB466F9A_512/INPUTFILES/data_220100571.root
INPUTFILE32=/tmp/maxwoo/21EF1A6A9139C9FD2A38E59AFB466F9A_512/INPUTFILES/data_220100591.root
INPUTFILE33=/tmp/maxwoo/21EF1A6A9139C9FD2A38E59AFB466F9A_512/INPUTFILES/data_220100611.root
INPUTFILE34=/tmp/maxwoo/21EF1A6A9139C9FD2A38E59AFB466F9A_512/INPUTFILES/data_220118061.root
INPUTFILE35=/tmp/maxwoo/21EF1A6A9139C9FD2A38E59AFB466F9A_512/INPUTFILES/data_220118081.root
INPUTFILE36=/tmp/maxwoo/21EF1A6A9139C9FD2A38E59AFB466F9A_512/INPUTFILES/data_220129541.root
LocalInputFileDir=/tmp/maxwoo/21EF1A6A9139C9FD2A38E59AFB466F9A_512/INPUTFILES
NewFILELIST=/tmp/maxwoo/21EF1A6A9139C9FD2A38E59AFB466F9A_512/INPUTFILES/21EF1A6A9139C9FD2A38E59AFB466F9A_512.local.list
+++++++++++++++++++++++++++++++++++++++++++++++
--------------------------------
Simple Unified Meta Scheduler 1.10.50 we are starting in $SCRATCH : /home/tmp/maxwoo/21EF1A6A9139C9FD2A38E59AFB466F9A_512
--------------------------------
total 16
lrwxrwxrwx 1 maxwoo rhstar   61 Jun  2 11:29 check_S.C -> /gpfs/mnt/gpfs01/star/pwg/xiatong/git/strangeness/./check_S.C
lrwxrwxrwx 1 maxwoo rhstar   65 Jun  2 11:29 Check_Sness.C -> /gpfs/mnt/gpfs01/star/pwg/xiatong/git/strangeness/./Check_Sness.C
drwxr-xr-x 2 maxwoo rhstar 4096 Jun  2 11:34 INPUTFILES
drwxr-xr-x 2 maxwoo rhstar 4096 Jun  2 11:29 lib
  *******************************************
  *                                         *
  *        W E L C O M E  to  R O O T       *
  *                                         *
  *   Version   5.34/38     12 March 2018   *
  *                                         *
  *  You are welcome to visit our Web site  *
  *          http://root.cern.ch            *
  *                                         *
  *******************************************

ROOT 5.34/38 (v5-34-38@v5-34-38, Mar 12 2018, 15:49:39 on linux)

CINT/ROOT C/C++ Interpreter version 5.18.00, July 2, 2010
Type ? for help. Commands must be C++ statements.
Enclose multiple statements between { }.
*** Float Point Exception is OFF ***
 *** Start at Date : Thu Jun  2 11:34:59 2022
QAInfo:You are using STAR_LEVEL : dev, ROOT_LEVEL : 5.34.38 and node : spool0131.sdcc.bnl.gov 

Processing check_S.C++("/tmp/maxwoo/21EF1A6A9139C9FD2A38E59AFB466F9A_512/INPUTFILES/21EF1A6A9139C9FD2A38E59AFB466F9A_512.local.list","21EF1A6A9139C9FD2A38E59AFB466F9A_512",1)...
/tmp/maxwoo/21EF1A6A9139C9FD2A38E59AFB466F9A_512/INPUTFILES/data_219494401.root 
/tmp/maxwoo/21EF1A6A9139C9FD2A38E59AFB466F9A_512/INPUTFILES/data_219531331.root 
/tmp/maxwoo/21EF1A6A9139C9FD2A38E59AFB466F9A_512/INPUTFILES/data_219535521.root 
/tmp/maxwoo/21EF1A6A9139C9FD2A38E59AFB466F9A_512/INPUTFILES/data_219593991.root 
/tmp/maxwoo/21EF1A6A9139C9FD2A38E59AFB466F9A_512/INPUTFILES/data_219594001.root 
/tmp/maxwoo/21EF1A6A9139C9FD2A38E59AFB466F9A_512/INPUTFILES/data_219594241.root 
/tmp/maxwoo/21EF1A6A9139C9FD2A38E59AFB466F9A_512/INPUTFILES/data_219620511.root 
/tmp/maxwoo/21EF1A6A9139C9FD2A38E59AFB466F9A_512/INPUTFILES/data_219693961.root 
/tmp/maxwoo/21EF1A6A9139C9FD2A38E59AFB466F9A_512/INPUTFILES/data_219693971.root 
/tmp/maxwoo/21EF1A6A9139C9FD2A38E59AFB466F9A_512/INPUTFILES/data_219693981.root 
/tmp/maxwoo/21EF1A6A9139C9FD2A38E59AFB466F9A_512/INPUTFILES/data_219694031.root 
/tmp/maxwoo/21EF1A6A9139C9FD2A38E59AFB466F9A_512/INPUTFILES/data_219694141.root 
/tmp/maxwoo/21EF1A6A9139C9FD2A38E59AFB466F9A_512/INPUTFILES/data_219745121.root 
/tmp/maxwoo/21EF1A6A9139C9FD2A38E59AFB466F9A_512/INPUTFILES/data_219748481.root 
/tmp/maxwoo/21EF1A6A9139C9FD2A38E59AFB466F9A_512/INPUTFILES/data_219794201.root 
/tmp/maxwoo/21EF1A6A9139C9FD2A38E59AFB466F9A_512/INPUTFILES/data_219794211.root 
/tmp/maxwoo/21EF1A6A9139C9FD2A38E59AFB466F9A_512/INPUTFILES/data_219848491.root 
/tmp/maxwoo/21EF1A6A9139C9FD2A38E59AFB466F9A_512/INPUTFILES/data_219870421.root 
/tmp/maxwoo/21EF1A6A9139C9FD2A38E59AFB466F9A_512/INPUTFILES/data_219893931.root 
/tmp/maxwoo/21EF1A6A9139C9FD2A38E59AFB466F9A_512/INPUTFILES/data_219894161.root 
/tmp/maxwoo/21EF1A6A9139C9FD2A38E59AFB466F9A_512/INPUTFILES/data_219993831.root 
/tmp/maxwoo/21EF1A6A9139C9FD2A38E59AFB466F9A_512/INPUTFILES/data_219993871.root 
/tmp/maxwoo/21EF1A6A9139C9FD2A38E59AFB466F9A_512/INPUTFILES/data_219993881.root 
/tmp/maxwoo/21EF1A6A9139C9FD2A38E59AFB466F9A_512/INPUTFILES/data_219993901.root 
/tmp/maxwoo/21EF1A6A9139C9FD2A38E59AFB466F9A_512/INPUTFILES/data_219994111.root 
/tmp/maxwoo/21EF1A6A9139C9FD2A38E59AFB466F9A_512/INPUTFILES/data_220093791.root 
/tmp/maxwoo/21EF1A6A9139C9FD2A38E59AFB466F9A_512/INPUTFILES/data_220093801.root 
/tmp/maxwoo/21EF1A6A9139C9FD2A38E59AFB466F9A_512/INPUTFILES/data_220093811.root 
/tmp/maxwoo/21EF1A6A9139C9FD2A38E59AFB466F9A_512/INPUTFILES/data_220093861.root 
/tmp/maxwoo/21EF1A6A9139C9FD2A38E59AFB466F9A_512/INPUTFILES/data_220094011.root 
/tmp/maxwoo/21EF1A6A9139C9FD2A38E59AFB466F9A_512/INPUTFILES/data_220100561.root 
/tmp/maxwoo/21EF1A6A9139C9FD2A38E59AFB466F9A_512/INPUTFILES/data_220100571.root 
/tmp/maxwoo/21EF1A6A9139C9FD2A38E59AFB466F9A_512/INPUTFILES/data_220100591.root 
/tmp/maxwoo/21EF1A6A9139C9FD2A38E59AFB466F9A_512/INPUTFILES/data_220100611.root 
/tmp/maxwoo/21EF1A6A9139C9FD2A38E59AFB466F9A_512/INPUTFILES/data_220118061.root 
/tmp/maxwoo/21EF1A6A9139C9FD2A38E59AFB466F9A_512/INPUTFILES/data_220118081.root 
/tmp/maxwoo/21EF1A6A9139C9FD2A38E59AFB466F9A_512/INPUTFILES/data_220129541.root 
Added 37 files
# entries in chain: 36435
Processing entry == 1000 == out of 36435.
Processing entry == 2000 == out of 36435.
Processing entry == 3000 == out of 36435.
Processing entry == 4000 == out of 36435.
Processing entry == 5000 == out of 36435.
Processing entry == 6000 == out of 36435.
Processing entry == 7000 == out of 36435.
Processing entry == 8000 == out of 36435.
Processing entry == 9000 == out of 36435.
Processing entry == 10000 == out of 36435.
Processing entry == 11000 == out of 36435.
Processing entry == 12000 == out of 36435.
Processing entry == 13000 == out of 36435.
Processing entry == 14000 == out of 36435.
Processing entry == 15000 == out of 36435.
Processing entry == 16000 == out of 36435.
Processing entry == 17000 == out of 36435.
Processing entry == 18000 == out of 36435.
Processing entry == 19000 == out of 36435.
Processing entry == 20000 == out of 36435.
Processing entry == 21000 == out of 36435.
Processing entry == 22000 == out of 36435.
Processing entry == 23000 == out of 36435.
Processing entry == 24000 == out of 36435.
Processing entry == 25000 == out of 36435.
Processing entry == 26000 == out of 36435.
Processing entry == 27000 == out of 36435.
Processing entry == 28000 == out of 36435.
Processing entry == 29000 == out of 36435.
Processing entry == 30000 == out of 36435.
Processing entry == 31000 == out of 36435.
Processing entry == 32000 == out of 36435.
Processing entry == 33000 == out of 36435.
Processing entry == 34000 == out of 36435.
Processing entry == 35000 == out of 36435.
Processing entry == 36000 == out of 36435.

This is the end of ROOT -- Goodbye

Cleaning up sandbox file:  /tmp/maxwoo/21EF1A6A9139C9FD2A38E59AFB466F9A_512/check_S.C
Cleaning up sandbox file:  /tmp/maxwoo/21EF1A6A9139C9FD2A38E59AFB466F9A_512/Check_Sness.C
Cleaning up sandbox file:  /tmp/maxwoo/21EF1A6A9139C9FD2A38E59AFB466F9A_512/lib
Cleaning up sandbox file:  /tmp/maxwoo/21EF1A6A9139C9FD2A38E59AFB466F9A_512/.sandboxFiles
Starting copy block
Running copy command:  /bin/cp -fp /tmp/maxwoo/21EF1A6A9139C9FD2A38E59AFB466F9A_512/out_21EF1A6A9139C9FD2A38E59AFB466F9A_512.root /star/data01/pwg/xiatong/git/strangeness/data/
273460 Execution of (/star/data01/pwg/xiatong/git/strangeness/script/sched21EF1A6A9139C9FD2A38E59AFB466F9A_512.csh ) has ended, exiting normally
273460 We END on [Thu Jun  2 11:54:57 EDT 2022]
