We are starting on node: spool0118.sdcc.bnl.gov
HOME is not defined
Using getent method
HOME is now /star/u/maxwoo
153288 We will spawn ourselves (/star/data01/pwg/xiatong/git/strangeness/script/sched21EF1A6A9139C9FD2A38E59AFB466F9A_1047.csh )
153288 We BEGIN on [Thu Jun  2 11:23:01 EDT 2022]
[1] 154547
153288 We are waiting for 154547 
153288 Grandchild PID is 155962 - found in 10 x 1 seconds
153288 Establishing first watcher   on    Thu Jun  2 11:23:12 EDT 2022
153288 Process tree is 153288 (main) -> 154547 (child) -> 155962 (grandchild)
F S   UID    PID   PPID  C PRI  NI ADDR SZ WCHAN  TTY        TIME CMD
0 D 100667 155962 154547  0 80   0 - 32311 cxiWai ?          0:00 cp /star/data01/pwg/xiatong/AMPT/14GeV/data_350636721.root /tmp/maxwoo/21EF1A6A9139C9FD2A38E59AFB466F9A_1047/INPUTFILES/data_350636721.root
153288 Grandchild PID is 167290 - found in 20 x 2 seconds
153288 Grandchild to watch has changed on Thu Jun  2 11:23:33 EDT 2022
153288 Process tree is 153288 (main) -> 154547 (child) -> 167290 (grandchild)
F S   UID    PID   PPID  C PRI  NI ADDR SZ WCHAN  TTY        TIME CMD
0 D 100667 167290 154547  0 80   0 - 32311 cxiWai ?          0:00 cp /star/data01/pwg/xiatong/AMPT/14GeV/data_350636781.root /tmp/maxwoo/21EF1A6A9139C9FD2A38E59AFB466F9A_1047/INPUTFILES/data_350636781.root
153288 Grandchild PID is 174143 - found in 30 x 2 seconds
153288 Grandchild to watch has changed on Thu Jun  2 11:23:54 EDT 2022
153288 Process tree is 153288 (main) -> 154547 (child) -> 174143 (grandchild)
F S   UID    PID   PPID  C PRI  NI ADDR SZ WCHAN  TTY        TIME CMD
0 D 100667 174143 154547  0 80   0 - 32311 cxiWai ?          0:00 cp /star/data01/pwg/xiatong/AMPT/14GeV/data_350687781.root /tmp/maxwoo/21EF1A6A9139C9FD2A38E59AFB466F9A_1047/INPUTFILES/data_350687781.root
153288 Grandchild PID is 176220 - found in 40 x 2 seconds
153288 Grandchild to watch has changed on Thu Jun  2 11:24:15 EDT 2022
153288 Process tree is 153288 (main) -> 154547 (child) -> 176220 (grandchild)
F S   UID    PID   PPID  C PRI  NI ADDR SZ WCHAN  TTY        TIME CMD
0 D 100667 176220 154547  0 80   0 - 32311 cxiWai ?          0:00 cp /star/data01/pwg/xiatong/AMPT/14GeV/data_350787771.root /tmp/maxwoo/21EF1A6A9139C9FD2A38E59AFB466F9A_1047/INPUTFILES/data_350787771.root
153288 Grandchild PID is 179989 - found in 50 x 2 seconds
153288 Grandchild to watch has changed on Thu Jun  2 11:24:36 EDT 2022
153288 Process tree is 153288 (main) -> 154547 (child) -> 179989 (grandchild)
F S   UID    PID   PPID  C PRI  NI ADDR SZ WCHAN  TTY        TIME CMD
0 D 100667 179989 154547  0 80   0 - 32311 cxiWai ?          0:00 cp /star/data01/pwg/xiatong/AMPT/14GeV/data_350836041.root /tmp/maxwoo/21EF1A6A9139C9FD2A38E59AFB466F9A_1047/INPUTFILES/data_350836041.root
153288 Grandchild PID is 183714 - found in 60 x 2 seconds
153288 Grandchild to watch has changed on Thu Jun  2 11:24:57 EDT 2022
153288 Process tree is 153288 (main) -> 154547 (child) -> 183714 (grandchild)
F S   UID    PID   PPID  C PRI  NI ADDR SZ WCHAN  TTY        TIME CMD
0 D 100667 183714 154547  0 80   0 - 32311 cxiWai ?          0:00 cp /star/data01/pwg/xiatong/AMPT/14GeV/data_350935971.root /tmp/maxwoo/21EF1A6A9139C9FD2A38E59AFB466F9A_1047/INPUTFILES/data_350935971.root
153288 Grandchild PID is 191892 - found in 80 x 2 seconds
153288 Grandchild to watch has changed on Thu Jun  2 11:25:38 EDT 2022
153288 Process tree is 153288 (main) -> 154547 (child) -> 191892 (grandchild)
F S   UID    PID   PPID  C PRI  NI ADDR SZ WCHAN  TTY        TIME CMD
0 D 100667 191892 154547  0 80   0 - 32311 cxiWai ?          0:00 cp /star/data01/pwg/xiatong/AMPT/14GeV/data_351122591.root /tmp/maxwoo/21EF1A6A9139C9FD2A38E59AFB466F9A_1047/INPUTFILES/data_351122591.root
153288 Grandchild PID is 198611 - found in 100 x 2 seconds
153288 Grandchild to watch has changed on Thu Jun  2 11:26:20 EDT 2022
153288 Process tree is 153288 (main) -> 154547 (child) -> 198611 (grandchild)
F S   UID    PID   PPID  C PRI  NI ADDR SZ WCHAN  TTY        TIME CMD
0 S 100667 198611 154547  0 80   0 -  1272 do_wai ?          0:00 root -b -q check_S.C++("/tmp/maxwoo/21EF1A6A9139C9FD2A38E59AFB466F9A_1047/INPUTFILES/21EF1A6A9139C9FD2A38E59AFB466F9A_1047.local.list","21EF1A6A9139C9FD2A38E59AFB466F9A_1047",1)
154547 Stepping into the main SUMS wrapper program with []
.... building sandbox
Running: cp /star/data01/pwg/xiatong/AMPT/14GeV/data_350636081.root /tmp/maxwoo/21EF1A6A9139C9FD2A38E59AFB466F9A_1047/INPUTFILES/data_350636081.root
Running: cp /star/data01/pwg/xiatong/AMPT/14GeV/data_350636101.root /tmp/maxwoo/21EF1A6A9139C9FD2A38E59AFB466F9A_1047/INPUTFILES/data_350636101.root
Running: cp /star/data01/pwg/xiatong/AMPT/14GeV/data_350636111.root /tmp/maxwoo/21EF1A6A9139C9FD2A38E59AFB466F9A_1047/INPUTFILES/data_350636111.root
Running: cp /star/data01/pwg/xiatong/AMPT/14GeV/data_350636721.root /tmp/maxwoo/21EF1A6A9139C9FD2A38E59AFB466F9A_1047/INPUTFILES/data_350636721.root
Running: cp /star/data01/pwg/xiatong/AMPT/14GeV/data_350636781.root /tmp/maxwoo/21EF1A6A9139C9FD2A38E59AFB466F9A_1047/INPUTFILES/data_350636781.root
Running: cp /star/data01/pwg/xiatong/AMPT/14GeV/data_350687781.root /tmp/maxwoo/21EF1A6A9139C9FD2A38E59AFB466F9A_1047/INPUTFILES/data_350687781.root
Running: cp /star/data01/pwg/xiatong/AMPT/14GeV/data_350736001.root /tmp/maxwoo/21EF1A6A9139C9FD2A38E59AFB466F9A_1047/INPUTFILES/data_350736001.root
Running: cp /star/data01/pwg/xiatong/AMPT/14GeV/data_350736021.root /tmp/maxwoo/21EF1A6A9139C9FD2A38E59AFB466F9A_1047/INPUTFILES/data_350736021.root
Running: cp /star/data01/pwg/xiatong/AMPT/14GeV/data_350736681.root /tmp/maxwoo/21EF1A6A9139C9FD2A38E59AFB466F9A_1047/INPUTFILES/data_350736681.root
Running: cp /star/data01/pwg/xiatong/AMPT/14GeV/data_350762981.root /tmp/maxwoo/21EF1A6A9139C9FD2A38E59AFB466F9A_1047/INPUTFILES/data_350762981.root
Running: cp /star/data01/pwg/xiatong/AMPT/14GeV/data_350771981.root /tmp/maxwoo/21EF1A6A9139C9FD2A38E59AFB466F9A_1047/INPUTFILES/data_350771981.root
Running: cp /star/data01/pwg/xiatong/AMPT/14GeV/data_350787771.root /tmp/maxwoo/21EF1A6A9139C9FD2A38E59AFB466F9A_1047/INPUTFILES/data_350787771.root
Running: cp /star/data01/pwg/xiatong/AMPT/14GeV/data_350835981.root /tmp/maxwoo/21EF1A6A9139C9FD2A38E59AFB466F9A_1047/INPUTFILES/data_350835981.root
Running: cp /star/data01/pwg/xiatong/AMPT/14GeV/data_350835991.root /tmp/maxwoo/21EF1A6A9139C9FD2A38E59AFB466F9A_1047/INPUTFILES/data_350835991.root
Running: cp /star/data01/pwg/xiatong/AMPT/14GeV/data_350836011.root /tmp/maxwoo/21EF1A6A9139C9FD2A38E59AFB466F9A_1047/INPUTFILES/data_350836011.root
Running: cp /star/data01/pwg/xiatong/AMPT/14GeV/data_350836031.root /tmp/maxwoo/21EF1A6A9139C9FD2A38E59AFB466F9A_1047/INPUTFILES/data_350836031.root
Running: cp /star/data01/pwg/xiatong/AMPT/14GeV/data_350836041.root /tmp/maxwoo/21EF1A6A9139C9FD2A38E59AFB466F9A_1047/INPUTFILES/data_350836041.root
Running: cp /star/data01/pwg/xiatong/AMPT/14GeV/data_350836611.root /tmp/maxwoo/21EF1A6A9139C9FD2A38E59AFB466F9A_1047/INPUTFILES/data_350836611.root
Running: cp /star/data01/pwg/xiatong/AMPT/14GeV/data_350836641.root /tmp/maxwoo/21EF1A6A9139C9FD2A38E59AFB466F9A_1047/INPUTFILES/data_350836641.root
Running: cp /star/data01/pwg/xiatong/AMPT/14GeV/data_350836661.root /tmp/maxwoo/21EF1A6A9139C9FD2A38E59AFB466F9A_1047/INPUTFILES/data_350836661.root
Running: cp /star/data01/pwg/xiatong/AMPT/14GeV/data_350935961.root /tmp/maxwoo/21EF1A6A9139C9FD2A38E59AFB466F9A_1047/INPUTFILES/data_350935961.root
Running: cp /star/data01/pwg/xiatong/AMPT/14GeV/data_350935971.root /tmp/maxwoo/21EF1A6A9139C9FD2A38E59AFB466F9A_1047/INPUTFILES/data_350935971.root
Running: cp /star/data01/pwg/xiatong/AMPT/14GeV/data_351035951.root /tmp/maxwoo/21EF1A6A9139C9FD2A38E59AFB466F9A_1047/INPUTFILES/data_351035951.root
Running: cp /star/data01/pwg/xiatong/AMPT/14GeV/data_351036581.root /tmp/maxwoo/21EF1A6A9139C9FD2A38E59AFB466F9A_1047/INPUTFILES/data_351036581.root
Running: cp /star/data01/pwg/xiatong/AMPT/14GeV/data_351036591.root /tmp/maxwoo/21EF1A6A9139C9FD2A38E59AFB466F9A_1047/INPUTFILES/data_351036591.root
Running: cp /star/data01/pwg/xiatong/AMPT/14GeV/data_351106551.root /tmp/maxwoo/21EF1A6A9139C9FD2A38E59AFB466F9A_1047/INPUTFILES/data_351106551.root
Running: cp /star/data01/pwg/xiatong/AMPT/14GeV/data_351115651.root /tmp/maxwoo/21EF1A6A9139C9FD2A38E59AFB466F9A_1047/INPUTFILES/data_351115651.root
Running: cp /star/data01/pwg/xiatong/AMPT/14GeV/data_351122591.root /tmp/maxwoo/21EF1A6A9139C9FD2A38E59AFB466F9A_1047/INPUTFILES/data_351122591.root
Running: cp /star/data01/pwg/xiatong/AMPT/14GeV/data_351129451.root /tmp/maxwoo/21EF1A6A9139C9FD2A38E59AFB466F9A_1047/INPUTFILES/data_351129451.root
Running: cp /star/data01/pwg/xiatong/AMPT/14GeV/data_351129461.root /tmp/maxwoo/21EF1A6A9139C9FD2A38E59AFB466F9A_1047/INPUTFILES/data_351129461.root
Running: cp /star/data01/pwg/xiatong/AMPT/14GeV/data_351135901.root /tmp/maxwoo/21EF1A6A9139C9FD2A38E59AFB466F9A_1047/INPUTFILES/data_351135901.root
Running: cp /star/data01/pwg/xiatong/AMPT/14GeV/data_351135921.root /tmp/maxwoo/21EF1A6A9139C9FD2A38E59AFB466F9A_1047/INPUTFILES/data_351135921.root
Running: cp /star/data01/pwg/xiatong/AMPT/14GeV/data_351135931.root /tmp/maxwoo/21EF1A6A9139C9FD2A38E59AFB466F9A_1047/INPUTFILES/data_351135931.root
Running: cp /star/data01/pwg/xiatong/AMPT/14GeV/data_351135941.root /tmp/maxwoo/21EF1A6A9139C9FD2A38E59AFB466F9A_1047/INPUTFILES/data_351135941.root
Running: cp /star/data01/pwg/xiatong/AMPT/14GeV/data_351136331.root /tmp/maxwoo/21EF1A6A9139C9FD2A38E59AFB466F9A_1047/INPUTFILES/data_351136331.root
Running: cp /star/data01/pwg/xiatong/AMPT/14GeV/data_351136361.root /tmp/maxwoo/21EF1A6A9139C9FD2A38E59AFB466F9A_1047/INPUTFILES/data_351136361.root
Running: cp /star/data01/pwg/xiatong/AMPT/14GeV/data_351136501.root /tmp/maxwoo/21EF1A6A9139C9FD2A38E59AFB466F9A_1047/INPUTFILES/data_351136501.root
Swapping $FILELIST with: /tmp/maxwoo/21EF1A6A9139C9FD2A38E59AFB466F9A_1047/INPUTFILES/21EF1A6A9139C9FD2A38E59AFB466F9A_1047.local.list
+++++++++++local copy debug++++++++++++++++++++
newFileList: /tmp/maxwoo/21EF1A6A9139C9FD2A38E59AFB466F9A_1047/INPUTFILES/21EF1A6A9139C9FD2A38E59AFB466F9A_1047.local.list
++++++++++++++++cat FILELIST+++++++++++++++++++
/tmp/maxwoo/21EF1A6A9139C9FD2A38E59AFB466F9A_1047/INPUTFILES/data_350636081.root 
/tmp/maxwoo/21EF1A6A9139C9FD2A38E59AFB466F9A_1047/INPUTFILES/data_350636101.root 
/tmp/maxwoo/21EF1A6A9139C9FD2A38E59AFB466F9A_1047/INPUTFILES/data_350636111.root 
/tmp/maxwoo/21EF1A6A9139C9FD2A38E59AFB466F9A_1047/INPUTFILES/data_350636721.root 
/tmp/maxwoo/21EF1A6A9139C9FD2A38E59AFB466F9A_1047/INPUTFILES/data_350636781.root 
/tmp/maxwoo/21EF1A6A9139C9FD2A38E59AFB466F9A_1047/INPUTFILES/data_350687781.root 
/tmp/maxwoo/21EF1A6A9139C9FD2A38E59AFB466F9A_1047/INPUTFILES/data_350736001.root 
/tmp/maxwoo/21EF1A6A9139C9FD2A38E59AFB466F9A_1047/INPUTFILES/data_350736021.root 
/tmp/maxwoo/21EF1A6A9139C9FD2A38E59AFB466F9A_1047/INPUTFILES/data_350736681.root 
/tmp/maxwoo/21EF1A6A9139C9FD2A38E59AFB466F9A_1047/INPUTFILES/data_350762981.root 
/tmp/maxwoo/21EF1A6A9139C9FD2A38E59AFB466F9A_1047/INPUTFILES/data_350771981.root 
/tmp/maxwoo/21EF1A6A9139C9FD2A38E59AFB466F9A_1047/INPUTFILES/data_350787771.root 
/tmp/maxwoo/21EF1A6A9139C9FD2A38E59AFB466F9A_1047/INPUTFILES/data_350835981.root 
/tmp/maxwoo/21EF1A6A9139C9FD2A38E59AFB466F9A_1047/INPUTFILES/data_350835991.root 
/tmp/maxwoo/21EF1A6A9139C9FD2A38E59AFB466F9A_1047/INPUTFILES/data_350836011.root 
/tmp/maxwoo/21EF1A6A9139C9FD2A38E59AFB466F9A_1047/INPUTFILES/data_350836031.root 
/tmp/maxwoo/21EF1A6A9139C9FD2A38E59AFB466F9A_1047/INPUTFILES/data_350836041.root 
/tmp/maxwoo/21EF1A6A9139C9FD2A38E59AFB466F9A_1047/INPUTFILES/data_350836611.root 
/tmp/maxwoo/21EF1A6A9139C9FD2A38E59AFB466F9A_1047/INPUTFILES/data_350836641.root 
/tmp/maxwoo/21EF1A6A9139C9FD2A38E59AFB466F9A_1047/INPUTFILES/data_350836661.root 
/tmp/maxwoo/21EF1A6A9139C9FD2A38E59AFB466F9A_1047/INPUTFILES/data_350935961.root 
/tmp/maxwoo/21EF1A6A9139C9FD2A38E59AFB466F9A_1047/INPUTFILES/data_350935971.root 
/tmp/maxwoo/21EF1A6A9139C9FD2A38E59AFB466F9A_1047/INPUTFILES/data_351035951.root 
/tmp/maxwoo/21EF1A6A9139C9FD2A38E59AFB466F9A_1047/INPUTFILES/data_351036581.root 
/tmp/maxwoo/21EF1A6A9139C9FD2A38E59AFB466F9A_1047/INPUTFILES/data_351036591.root 
/tmp/maxwoo/21EF1A6A9139C9FD2A38E59AFB466F9A_1047/INPUTFILES/data_351106551.root 
/tmp/maxwoo/21EF1A6A9139C9FD2A38E59AFB466F9A_1047/INPUTFILES/data_351115651.root 
/tmp/maxwoo/21EF1A6A9139C9FD2A38E59AFB466F9A_1047/INPUTFILES/data_351122591.root 
/tmp/maxwoo/21EF1A6A9139C9FD2A38E59AFB466F9A_1047/INPUTFILES/data_351129451.root 
/tmp/maxwoo/21EF1A6A9139C9FD2A38E59AFB466F9A_1047/INPUTFILES/data_351129461.root 
/tmp/maxwoo/21EF1A6A9139C9FD2A38E59AFB466F9A_1047/INPUTFILES/data_351135901.root 
/tmp/maxwoo/21EF1A6A9139C9FD2A38E59AFB466F9A_1047/INPUTFILES/data_351135921.root 
/tmp/maxwoo/21EF1A6A9139C9FD2A38E59AFB466F9A_1047/INPUTFILES/data_351135931.root 
/tmp/maxwoo/21EF1A6A9139C9FD2A38E59AFB466F9A_1047/INPUTFILES/data_351135941.root 
/tmp/maxwoo/21EF1A6A9139C9FD2A38E59AFB466F9A_1047/INPUTFILES/data_351136331.root 
/tmp/maxwoo/21EF1A6A9139C9FD2A38E59AFB466F9A_1047/INPUTFILES/data_351136361.root 
/tmp/maxwoo/21EF1A6A9139C9FD2A38E59AFB466F9A_1047/INPUTFILES/data_351136501.root 
++++++++++++++++++++find.++++++++++++++++++++++
.
./INPUTFILES
./INPUTFILES/21EF1A6A9139C9FD2A38E59AFB466F9A_1047.local.list
./INPUTFILES/data_350736021.root
./INPUTFILES/data_350836011.root
./INPUTFILES/data_350836641.root
./INPUTFILES/data_351115651.root
./INPUTFILES/data_351129461.root
./INPUTFILES/data_350836031.root
./INPUTFILES/data_350836661.root
./INPUTFILES/data_351136501.root
./INPUTFILES/data_350636081.root
./INPUTFILES/data_351135921.root
./INPUTFILES/data_351135931.root
./INPUTFILES/data_351136331.root
./INPUTFILES/data_350835991.root
./INPUTFILES/data_350935961.root
./INPUTFILES/data_350736681.root
./INPUTFILES/data_350762981.root
./INPUTFILES/data_350771981.root
./INPUTFILES/data_351106551.root
./INPUTFILES/data_350636781.root
./INPUTFILES/data_351129451.root
./INPUTFILES/data_351135941.root
./INPUTFILES/data_350636111.root
./INPUTFILES/data_350836041.root
./INPUTFILES/data_350736001.root
./INPUTFILES/data_350636101.root
./INPUTFILES/data_350935971.root
./INPUTFILES/data_351136361.root
./INPUTFILES/data_350835981.root
./INPUTFILES/data_351036591.root
./INPUTFILES/data_350787771.root
./INPUTFILES/data_350836611.root
./INPUTFILES/data_351035951.root
./INPUTFILES/data_351122591.root
./INPUTFILES/data_351135901.root
./INPUTFILES/data_350687781.root
./INPUTFILES/data_351036581.root
./INPUTFILES/data_350636721.root
./Check_Sness.C
./lib
./lib/MixedBuffer_cpp.so
./lib/my_particle.cpp
./lib/CenMaker_cpp.so
./lib/NpartNormalizer_cpp.so
./lib/MixedBuffer_cpp_ACLiC_dict_rdict.pcm
./lib/my_event_cpp.d
./lib/CenMaker.cpp
./lib/my_event.cpp
./lib/NpartNormalizer.cpp
./lib/my_particle_cpp.so
./lib/NpartNormalizer_cpp_ACLiC_dict_rdict.pcm
./lib/CenMaker.h
./lib/my_event_cpp.so
./lib/NpartNormalizer_cpp.d
./lib/my_particle.h
./lib/CenMaker_cpp_ACLiC_dict_rdict.pcm
./lib/my_particle_cpp.d
./lib/MixedBuffer.h
./lib/my_event.h
./lib/NpartNormalizer.h
./lib/my_event_cpp_ACLiC_dict_rdict.pcm
./lib/MixedBuffer.cpp
./lib/MixedBuffer_cpp.d
./lib/CenMaker_cpp.d
./lib/my_particle_cpp_ACLiC_dict_rdict.pcm
./.output.log
./check_S.C
./.sandboxFiles
./.errror.log
++++++++++++++++INPUTFILE Var++++++++++++++++++
FILELIST=/tmp/maxwoo/21EF1A6A9139C9FD2A38E59AFB466F9A_1047/INPUTFILES/21EF1A6A9139C9FD2A38E59AFB466F9A_1047.local.list
INPUTFILECOUNT=37
INPUTFILE0=/tmp/maxwoo/21EF1A6A9139C9FD2A38E59AFB466F9A_1047/INPUTFILES/data_350636081.root
INPUTFILE1=/tmp/maxwoo/21EF1A6A9139C9FD2A38E59AFB466F9A_1047/INPUTFILES/data_350636101.root
INPUTFILE2=/tmp/maxwoo/21EF1A6A9139C9FD2A38E59AFB466F9A_1047/INPUTFILES/data_350636111.root
INPUTFILE3=/tmp/maxwoo/21EF1A6A9139C9FD2A38E59AFB466F9A_1047/INPUTFILES/data_350636721.root
INPUTFILE4=/tmp/maxwoo/21EF1A6A9139C9FD2A38E59AFB466F9A_1047/INPUTFILES/data_350636781.root
INPUTFILE5=/tmp/maxwoo/21EF1A6A9139C9FD2A38E59AFB466F9A_1047/INPUTFILES/data_350687781.root
INPUTFILE6=/tmp/maxwoo/21EF1A6A9139C9FD2A38E59AFB466F9A_1047/INPUTFILES/data_350736001.root
INPUTFILE7=/tmp/maxwoo/21EF1A6A9139C9FD2A38E59AFB466F9A_1047/INPUTFILES/data_350736021.root
INPUTFILE8=/tmp/maxwoo/21EF1A6A9139C9FD2A38E59AFB466F9A_1047/INPUTFILES/data_350736681.root
INPUTFILE9=/tmp/maxwoo/21EF1A6A9139C9FD2A38E59AFB466F9A_1047/INPUTFILES/data_350762981.root
INPUTFILE10=/tmp/maxwoo/21EF1A6A9139C9FD2A38E59AFB466F9A_1047/INPUTFILES/data_350771981.root
INPUTFILE11=/tmp/maxwoo/21EF1A6A9139C9FD2A38E59AFB466F9A_1047/INPUTFILES/data_350787771.root
INPUTFILE12=/tmp/maxwoo/21EF1A6A9139C9FD2A38E59AFB466F9A_1047/INPUTFILES/data_350835981.root
INPUTFILE13=/tmp/maxwoo/21EF1A6A9139C9FD2A38E59AFB466F9A_1047/INPUTFILES/data_350835991.root
INPUTFILE14=/tmp/maxwoo/21EF1A6A9139C9FD2A38E59AFB466F9A_1047/INPUTFILES/data_350836011.root
INPUTFILE15=/tmp/maxwoo/21EF1A6A9139C9FD2A38E59AFB466F9A_1047/INPUTFILES/data_350836031.root
INPUTFILE16=/tmp/maxwoo/21EF1A6A9139C9FD2A38E59AFB466F9A_1047/INPUTFILES/data_350836041.root
INPUTFILE17=/tmp/maxwoo/21EF1A6A9139C9FD2A38E59AFB466F9A_1047/INPUTFILES/data_350836611.root
INPUTFILE18=/tmp/maxwoo/21EF1A6A9139C9FD2A38E59AFB466F9A_1047/INPUTFILES/data_350836641.root
INPUTFILE19=/tmp/maxwoo/21EF1A6A9139C9FD2A38E59AFB466F9A_1047/INPUTFILES/data_350836661.root
INPUTFILE20=/tmp/maxwoo/21EF1A6A9139C9FD2A38E59AFB466F9A_1047/INPUTFILES/data_350935961.root
INPUTFILE21=/tmp/maxwoo/21EF1A6A9139C9FD2A38E59AFB466F9A_1047/INPUTFILES/data_350935971.root
INPUTFILE22=/tmp/maxwoo/21EF1A6A9139C9FD2A38E59AFB466F9A_1047/INPUTFILES/data_351035951.root
INPUTFILE23=/tmp/maxwoo/21EF1A6A9139C9FD2A38E59AFB466F9A_1047/INPUTFILES/data_351036581.root
INPUTFILE24=/tmp/maxwoo/21EF1A6A9139C9FD2A38E59AFB466F9A_1047/INPUTFILES/data_351036591.root
INPUTFILE25=/tmp/maxwoo/21EF1A6A9139C9FD2A38E59AFB466F9A_1047/INPUTFILES/data_351106551.root
INPUTFILE26=/tmp/maxwoo/21EF1A6A9139C9FD2A38E59AFB466F9A_1047/INPUTFILES/data_351115651.root
INPUTFILE27=/tmp/maxwoo/21EF1A6A9139C9FD2A38E59AFB466F9A_1047/INPUTFILES/data_351122591.root
INPUTFILE28=/tmp/maxwoo/21EF1A6A9139C9FD2A38E59AFB466F9A_1047/INPUTFILES/data_351129451.root
INPUTFILE29=/tmp/maxwoo/21EF1A6A9139C9FD2A38E59AFB466F9A_1047/INPUTFILES/data_351129461.root
INPUTFILE30=/tmp/maxwoo/21EF1A6A9139C9FD2A38E59AFB466F9A_1047/INPUTFILES/data_351135901.root
INPUTFILE31=/tmp/maxwoo/21EF1A6A9139C9FD2A38E59AFB466F9A_1047/INPUTFILES/data_351135921.root
INPUTFILE32=/tmp/maxwoo/21EF1A6A9139C9FD2A38E59AFB466F9A_1047/INPUTFILES/data_351135931.root
INPUTFILE33=/tmp/maxwoo/21EF1A6A9139C9FD2A38E59AFB466F9A_1047/INPUTFILES/data_351135941.root
INPUTFILE34=/tmp/maxwoo/21EF1A6A9139C9FD2A38E59AFB466F9A_1047/INPUTFILES/data_351136331.root
INPUTFILE35=/tmp/maxwoo/21EF1A6A9139C9FD2A38E59AFB466F9A_1047/INPUTFILES/data_351136361.root
INPUTFILE36=/tmp/maxwoo/21EF1A6A9139C9FD2A38E59AFB466F9A_1047/INPUTFILES/data_351136501.root
LocalInputFileDir=/tmp/maxwoo/21EF1A6A9139C9FD2A38E59AFB466F9A_1047/INPUTFILES
NewFILELIST=/tmp/maxwoo/21EF1A6A9139C9FD2A38E59AFB466F9A_1047/INPUTFILES/21EF1A6A9139C9FD2A38E59AFB466F9A_1047.local.list
+++++++++++++++++++++++++++++++++++++++++++++++
--------------------------------
Simple Unified Meta Scheduler 1.10.50 we are starting in $SCRATCH : /home/tmp/maxwoo/21EF1A6A9139C9FD2A38E59AFB466F9A_1047
--------------------------------
total 16
lrwxrwxrwx 1 maxwoo rhstar   61 Jun  2 11:23 check_S.C -> /gpfs/mnt/gpfs01/star/pwg/xiatong/git/strangeness/./check_S.C
lrwxrwxrwx 1 maxwoo rhstar   65 Jun  2 11:23 Check_Sness.C -> /gpfs/mnt/gpfs01/star/pwg/xiatong/git/strangeness/./Check_Sness.C
drwxr-xr-x 2 maxwoo rhstar 4096 Jun  2 11:26 INPUTFILES
drwxr-xr-x 2 maxwoo rhstar 4096 Jun  2 11:23 lib
  *******************************************
  *                                         *
  *        W E L C O M E  to  R O O T       *
  *                                         *
  *   Version   5.34/38     12 March 2018   *
  *                                         *
  *  You are welcome to visit our Web site  *
  *          http://root.cern.ch            *
  *                                         *
  *******************************************

ROOT 5.34/38 (v5-34-38@v5-34-38, Mar 12 2018, 15:49:39 on linux)

CINT/ROOT C/C++ Interpreter version 5.18.00, July 2, 2010
Type ? for help. Commands must be C++ statements.
Enclose multiple statements between { }.
*** Float Point Exception is OFF ***
 *** Start at Date : Thu Jun  2 11:26:14 2022
QAInfo:You are using STAR_LEVEL : dev, ROOT_LEVEL : 5.34.38 and node : spool0118.sdcc.bnl.gov 

Processing check_S.C++("/tmp/maxwoo/21EF1A6A9139C9FD2A38E59AFB466F9A_1047/INPUTFILES/21EF1A6A9139C9FD2A38E59AFB466F9A_1047.local.list","21EF1A6A9139C9FD2A38E59AFB466F9A_1047",1)...
/tmp/maxwoo/21EF1A6A9139C9FD2A38E59AFB466F9A_1047/INPUTFILES/data_350636081.root 
/tmp/maxwoo/21EF1A6A9139C9FD2A38E59AFB466F9A_1047/INPUTFILES/data_350636101.root 
/tmp/maxwoo/21EF1A6A9139C9FD2A38E59AFB466F9A_1047/INPUTFILES/data_350636111.root 
/tmp/maxwoo/21EF1A6A9139C9FD2A38E59AFB466F9A_1047/INPUTFILES/data_350636721.root 
/tmp/maxwoo/21EF1A6A9139C9FD2A38E59AFB466F9A_1047/INPUTFILES/data_350636781.root 
/tmp/maxwoo/21EF1A6A9139C9FD2A38E59AFB466F9A_1047/INPUTFILES/data_350687781.root 
/tmp/maxwoo/21EF1A6A9139C9FD2A38E59AFB466F9A_1047/INPUTFILES/data_350736001.root 
/tmp/maxwoo/21EF1A6A9139C9FD2A38E59AFB466F9A_1047/INPUTFILES/data_350736021.root 
/tmp/maxwoo/21EF1A6A9139C9FD2A38E59AFB466F9A_1047/INPUTFILES/data_350736681.root 
/tmp/maxwoo/21EF1A6A9139C9FD2A38E59AFB466F9A_1047/INPUTFILES/data_350762981.root 
/tmp/maxwoo/21EF1A6A9139C9FD2A38E59AFB466F9A_1047/INPUTFILES/data_350771981.root 
/tmp/maxwoo/21EF1A6A9139C9FD2A38E59AFB466F9A_1047/INPUTFILES/data_350787771.root 
/tmp/maxwoo/21EF1A6A9139C9FD2A38E59AFB466F9A_1047/INPUTFILES/data_350835981.root 
/tmp/maxwoo/21EF1A6A9139C9FD2A38E59AFB466F9A_1047/INPUTFILES/data_350835991.root 
/tmp/maxwoo/21EF1A6A9139C9FD2A38E59AFB466F9A_1047/INPUTFILES/data_350836011.root 
/tmp/maxwoo/21EF1A6A9139C9FD2A38E59AFB466F9A_1047/INPUTFILES/data_350836031.root 
/tmp/maxwoo/21EF1A6A9139C9FD2A38E59AFB466F9A_1047/INPUTFILES/data_350836041.root 
/tmp/maxwoo/21EF1A6A9139C9FD2A38E59AFB466F9A_1047/INPUTFILES/data_350836611.root 
/tmp/maxwoo/21EF1A6A9139C9FD2A38E59AFB466F9A_1047/INPUTFILES/data_350836641.root 
/tmp/maxwoo/21EF1A6A9139C9FD2A38E59AFB466F9A_1047/INPUTFILES/data_350836661.root 
/tmp/maxwoo/21EF1A6A9139C9FD2A38E59AFB466F9A_1047/INPUTFILES/data_350935961.root 
/tmp/maxwoo/21EF1A6A9139C9FD2A38E59AFB466F9A_1047/INPUTFILES/data_350935971.root 
/tmp/maxwoo/21EF1A6A9139C9FD2A38E59AFB466F9A_1047/INPUTFILES/data_351035951.root 
/tmp/maxwoo/21EF1A6A9139C9FD2A38E59AFB466F9A_1047/INPUTFILES/data_351036581.root 
/tmp/maxwoo/21EF1A6A9139C9FD2A38E59AFB466F9A_1047/INPUTFILES/data_351036591.root 
/tmp/maxwoo/21EF1A6A9139C9FD2A38E59AFB466F9A_1047/INPUTFILES/data_351106551.root 
/tmp/maxwoo/21EF1A6A9139C9FD2A38E59AFB466F9A_1047/INPUTFILES/data_351115651.root 
/tmp/maxwoo/21EF1A6A9139C9FD2A38E59AFB466F9A_1047/INPUTFILES/data_351122591.root 
/tmp/maxwoo/21EF1A6A9139C9FD2A38E59AFB466F9A_1047/INPUTFILES/data_351129451.root 
/tmp/maxwoo/21EF1A6A9139C9FD2A38E59AFB466F9A_1047/INPUTFILES/data_351129461.root 
/tmp/maxwoo/21EF1A6A9139C9FD2A38E59AFB466F9A_1047/INPUTFILES/data_351135901.root 
/tmp/maxwoo/21EF1A6A9139C9FD2A38E59AFB466F9A_1047/INPUTFILES/data_351135921.root 
/tmp/maxwoo/21EF1A6A9139C9FD2A38E59AFB466F9A_1047/INPUTFILES/data_351135931.root 
/tmp/maxwoo/21EF1A6A9139C9FD2A38E59AFB466F9A_1047/INPUTFILES/data_351135941.root 
/tmp/maxwoo/21EF1A6A9139C9FD2A38E59AFB466F9A_1047/INPUTFILES/data_351136331.root 
/tmp/maxwoo/21EF1A6A9139C9FD2A38E59AFB466F9A_1047/INPUTFILES/data_351136361.root 
/tmp/maxwoo/21EF1A6A9139C9FD2A38E59AFB466F9A_1047/INPUTFILES/data_351136501.root 
Added 37 files
# entries in chain: 37000
Processing entry == 1000 == out of 37000.
Processing entry == 2000 == out of 37000.
Processing entry == 3000 == out of 37000.
Processing entry == 4000 == out of 37000.
Processing entry == 5000 == out of 37000.
Processing entry == 6000 == out of 37000.
Processing entry == 7000 == out of 37000.
Processing entry == 8000 == out of 37000.
Processing entry == 9000 == out of 37000.
Processing entry == 10000 == out of 37000.
Processing entry == 11000 == out of 37000.
Processing entry == 12000 == out of 37000.
Processing entry == 13000 == out of 37000.
Processing entry == 14000 == out of 37000.
Processing entry == 15000 == out of 37000.
Processing entry == 16000 == out of 37000.
Processing entry == 17000 == out of 37000.
Processing entry == 18000 == out of 37000.
Processing entry == 19000 == out of 37000.
Processing entry == 20000 == out of 37000.
Processing entry == 21000 == out of 37000.
Processing entry == 22000 == out of 37000.
Processing entry == 23000 == out of 37000.
Processing entry == 24000 == out of 37000.
Processing entry == 25000 == out of 37000.
Processing entry == 26000 == out of 37000.
Processing entry == 27000 == out of 37000.
Processing entry == 28000 == out of 37000.
Processing entry == 29000 == out of 37000.
Processing entry == 30000 == out of 37000.
Processing entry == 31000 == out of 37000.
Processing entry == 32000 == out of 37000.
Processing entry == 33000 == out of 37000.
Processing entry == 34000 == out of 37000.
Processing entry == 35000 == out of 37000.
Processing entry == 36000 == out of 37000.
Processing entry == 37000 == out of 37000.

This is the end of ROOT -- Goodbye

Cleaning up sandbox file:  /tmp/maxwoo/21EF1A6A9139C9FD2A38E59AFB466F9A_1047/check_S.C
Cleaning up sandbox file:  /tmp/maxwoo/21EF1A6A9139C9FD2A38E59AFB466F9A_1047/Check_Sness.C
Cleaning up sandbox file:  /tmp/maxwoo/21EF1A6A9139C9FD2A38E59AFB466F9A_1047/lib
Cleaning up sandbox file:  /tmp/maxwoo/21EF1A6A9139C9FD2A38E59AFB466F9A_1047/.sandboxFiles
Starting copy block
Running copy command:  /bin/cp -fp /tmp/maxwoo/21EF1A6A9139C9FD2A38E59AFB466F9A_1047/out_21EF1A6A9139C9FD2A38E59AFB466F9A_1047.root /star/data01/pwg/xiatong/git/strangeness/data/
153288 Execution of (/star/data01/pwg/xiatong/git/strangeness/script/sched21EF1A6A9139C9FD2A38E59AFB466F9A_1047.csh ) has ended, exiting normally
153288 We END on [Thu Jun  2 11:48:40 EDT 2022]
