We are starting on node: spool0649.sdcc.bnl.gov
HOME is not defined
Using getent method
HOME is now /star/u/maxwoo
64792 We will spawn ourselves (/star/data01/pwg/xiatong/git/strangeness/script/sched21EF1A6A9139C9FD2A38E59AFB466F9A_1819.csh )
64792 We BEGIN on [Thu Jun  2 11:03:13 EDT 2022]
[1] 680
64792 We are waiting for 680 
64792 Grandchild PID is 1674 - found in 10 x 1 seconds
64792 Establishing first watcher   on    Thu Jun  2 11:03:24 EDT 2022
64792 Process tree is 64792 (main) -> 680 (child) -> 1674 (grandchild)
F S   UID   PID  PPID  C PRI  NI ADDR SZ WCHAN  TTY        TIME CMD
0 D 100667 1674   680  0  80   0 - 32311 cxiWai ?          0:00 cp /star/data01/pwg/xiatong/AMPT/14GeV/data_763138561.root /tmp/maxwoo/21EF1A6A9139C9FD2A38E59AFB466F9A_1819/INPUTFILES/data_763138561.root
64792 Grandchild PID is 3985 - found in 20 x 2 seconds
64792 Grandchild to watch has changed on Thu Jun  2 11:03:45 EDT 2022
64792 Process tree is 64792 (main) -> 680 (child) -> 3985 (grandchild)
F S   UID   PID  PPID  C PRI  NI ADDR SZ WCHAN  TTY        TIME CMD
0 D 100667 3985   680  0  80   0 - 32311 cxiWai ?          0:00 cp /star/data01/pwg/xiatong/AMPT/14GeV/data_763147461.root /tmp/maxwoo/21EF1A6A9139C9FD2A38E59AFB466F9A_1819/INPUTFILES/data_763147461.root
64792 Grandchild PID is 6237 - found in 30 x 2 seconds
64792 Grandchild to watch has changed on Thu Jun  2 11:04:06 EDT 2022
64792 Process tree is 64792 (main) -> 680 (child) -> 6237 (grandchild)
F S   UID   PID  PPID  C PRI  NI ADDR SZ WCHAN  TTY        TIME CMD
0 D 100667 6237   680  0  80   0 - 32311 cxiWai ?          0:00 cp /star/data01/pwg/xiatong/AMPT/14GeV/data_763169991.root /tmp/maxwoo/21EF1A6A9139C9FD2A38E59AFB466F9A_1819/INPUTFILES/data_763169991.root
64792 Grandchild PID is 7841 - found in 40 x 2 seconds
64792 Grandchild to watch has changed on Thu Jun  2 11:04:26 EDT 2022
64792 Process tree is 64792 (main) -> 680 (child) -> 7841 (grandchild)
F S   UID   PID  PPID  C PRI  NI ADDR SZ WCHAN  TTY        TIME CMD
0 D 100667 7841   680  0  80   0 - 32311 cxiWai ?          0:00 cp /star/data01/pwg/xiatong/AMPT/14GeV/data_763170981.root /tmp/maxwoo/21EF1A6A9139C9FD2A38E59AFB466F9A_1819/INPUTFILES/data_763170981.root
64792 Grandchild PID is 10238 - found in 50 x 2 seconds
64792 Grandchild to watch has changed on Thu Jun  2 11:04:47 EDT 2022
64792 Process tree is 64792 (main) -> 680 (child) -> 10238 (grandchild)
F S   UID   PID  PPID  C PRI  NI ADDR SZ WCHAN  TTY        TIME CMD
0 D 100667 10238  680  0  80   0 - 32311 cxiWai ?          0:00 cp /star/data01/pwg/xiatong/AMPT/14GeV/data_763719951.root /tmp/maxwoo/21EF1A6A9139C9FD2A38E59AFB466F9A_1819/INPUTFILES/data_763719951.root
64792 Grandchild PID is 13865 - found in 70 x 2 seconds
64792 Grandchild to watch has changed on Thu Jun  2 11:05:29 EDT 2022
64792 Process tree is 64792 (main) -> 680 (child) -> 13865 (grandchild)
F S   UID   PID  PPID  C PRI  NI ADDR SZ WCHAN  TTY        TIME CMD
0 S 100667 13865  680  0  80   0 -  1272 do_wai ?          0:00 root -b -q check_S.C++("/tmp/maxwoo/21EF1A6A9139C9FD2A38E59AFB466F9A_1819/INPUTFILES/21EF1A6A9139C9FD2A38E59AFB466F9A_1819.local.list","21EF1A6A9139C9FD2A38E59AFB466F9A_1819",1)
680 Stepping into the main SUMS wrapper program with []
.... building sandbox
Running: cp /star/data01/pwg/xiatong/AMPT/14GeV/data_763123561.root /tmp/maxwoo/21EF1A6A9139C9FD2A38E59AFB466F9A_1819/INPUTFILES/data_763123561.root
Running: cp /star/data01/pwg/xiatong/AMPT/14GeV/data_763126171.root /tmp/maxwoo/21EF1A6A9139C9FD2A38E59AFB466F9A_1819/INPUTFILES/data_763126171.root
Running: cp /star/data01/pwg/xiatong/AMPT/14GeV/data_763138561.root /tmp/maxwoo/21EF1A6A9139C9FD2A38E59AFB466F9A_1819/INPUTFILES/data_763138561.root
Running: cp /star/data01/pwg/xiatong/AMPT/14GeV/data_763147201.root /tmp/maxwoo/21EF1A6A9139C9FD2A38E59AFB466F9A_1819/INPUTFILES/data_763147201.root
Running: cp /star/data01/pwg/xiatong/AMPT/14GeV/data_763147211.root /tmp/maxwoo/21EF1A6A9139C9FD2A38E59AFB466F9A_1819/INPUTFILES/data_763147211.root
Running: cp /star/data01/pwg/xiatong/AMPT/14GeV/data_763147231.root /tmp/maxwoo/21EF1A6A9139C9FD2A38E59AFB466F9A_1819/INPUTFILES/data_763147231.root
Running: cp /star/data01/pwg/xiatong/AMPT/14GeV/data_763147281.root /tmp/maxwoo/21EF1A6A9139C9FD2A38E59AFB466F9A_1819/INPUTFILES/data_763147281.root
Running: cp /star/data01/pwg/xiatong/AMPT/14GeV/data_763147461.root /tmp/maxwoo/21EF1A6A9139C9FD2A38E59AFB466F9A_1819/INPUTFILES/data_763147461.root
Running: cp /star/data01/pwg/xiatong/AMPT/14GeV/data_763147481.root /tmp/maxwoo/21EF1A6A9139C9FD2A38E59AFB466F9A_1819/INPUTFILES/data_763147481.root
Running: cp /star/data01/pwg/xiatong/AMPT/14GeV/data_763147491.root /tmp/maxwoo/21EF1A6A9139C9FD2A38E59AFB466F9A_1819/INPUTFILES/data_763147491.root
Running: cp /star/data01/pwg/xiatong/AMPT/14GeV/data_763147621.root /tmp/maxwoo/21EF1A6A9139C9FD2A38E59AFB466F9A_1819/INPUTFILES/data_763147621.root
Running: cp /star/data01/pwg/xiatong/AMPT/14GeV/data_763147671.root /tmp/maxwoo/21EF1A6A9139C9FD2A38E59AFB466F9A_1819/INPUTFILES/data_763147671.root
Running: cp /star/data01/pwg/xiatong/AMPT/14GeV/data_763161941.root /tmp/maxwoo/21EF1A6A9139C9FD2A38E59AFB466F9A_1819/INPUTFILES/data_763161941.root
Running: cp /star/data01/pwg/xiatong/AMPT/14GeV/data_763164481.root /tmp/maxwoo/21EF1A6A9139C9FD2A38E59AFB466F9A_1819/INPUTFILES/data_763164481.root
Running: cp /star/data01/pwg/xiatong/AMPT/14GeV/data_763164491.root /tmp/maxwoo/21EF1A6A9139C9FD2A38E59AFB466F9A_1819/INPUTFILES/data_763164491.root
Running: cp /star/data01/pwg/xiatong/AMPT/14GeV/data_763169771.root /tmp/maxwoo/21EF1A6A9139C9FD2A38E59AFB466F9A_1819/INPUTFILES/data_763169771.root
Running: cp /star/data01/pwg/xiatong/AMPT/14GeV/data_763169781.root /tmp/maxwoo/21EF1A6A9139C9FD2A38E59AFB466F9A_1819/INPUTFILES/data_763169781.root
Running: cp /star/data01/pwg/xiatong/AMPT/14GeV/data_763169811.root /tmp/maxwoo/21EF1A6A9139C9FD2A38E59AFB466F9A_1819/INPUTFILES/data_763169811.root
Running: cp /star/data01/pwg/xiatong/AMPT/14GeV/data_763169881.root /tmp/maxwoo/21EF1A6A9139C9FD2A38E59AFB466F9A_1819/INPUTFILES/data_763169881.root
Running: cp /star/data01/pwg/xiatong/AMPT/14GeV/data_763169991.root /tmp/maxwoo/21EF1A6A9139C9FD2A38E59AFB466F9A_1819/INPUTFILES/data_763169991.root
Running: cp /star/data01/pwg/xiatong/AMPT/14GeV/data_763170091.root /tmp/maxwoo/21EF1A6A9139C9FD2A38E59AFB466F9A_1819/INPUTFILES/data_763170091.root
Running: cp /star/data01/pwg/xiatong/AMPT/14GeV/data_763170111.root /tmp/maxwoo/21EF1A6A9139C9FD2A38E59AFB466F9A_1819/INPUTFILES/data_763170111.root
Running: cp /star/data01/pwg/xiatong/AMPT/14GeV/data_763170131.root /tmp/maxwoo/21EF1A6A9139C9FD2A38E59AFB466F9A_1819/INPUTFILES/data_763170131.root
Running: cp /star/data01/pwg/xiatong/AMPT/14GeV/data_763170221.root /tmp/maxwoo/21EF1A6A9139C9FD2A38E59AFB466F9A_1819/INPUTFILES/data_763170221.root
Running: cp /star/data01/pwg/xiatong/AMPT/14GeV/data_763170261.root /tmp/maxwoo/21EF1A6A9139C9FD2A38E59AFB466F9A_1819/INPUTFILES/data_763170261.root
Running: cp /star/data01/pwg/xiatong/AMPT/14GeV/data_763170461.root /tmp/maxwoo/21EF1A6A9139C9FD2A38E59AFB466F9A_1819/INPUTFILES/data_763170461.root
Running: cp /star/data01/pwg/xiatong/AMPT/14GeV/data_763170981.root /tmp/maxwoo/21EF1A6A9139C9FD2A38E59AFB466F9A_1819/INPUTFILES/data_763170981.root
Running: cp /star/data01/pwg/xiatong/AMPT/14GeV/data_763189621.root /tmp/maxwoo/21EF1A6A9139C9FD2A38E59AFB466F9A_1819/INPUTFILES/data_763189621.root
Running: cp /star/data01/pwg/xiatong/AMPT/14GeV/data_763420961.root /tmp/maxwoo/21EF1A6A9139C9FD2A38E59AFB466F9A_1819/INPUTFILES/data_763420961.root
Running: cp /star/data01/pwg/xiatong/AMPT/14GeV/data_763575031.root /tmp/maxwoo/21EF1A6A9139C9FD2A38E59AFB466F9A_1819/INPUTFILES/data_763575031.root
Running: cp /star/data01/pwg/xiatong/AMPT/14GeV/data_763575041.root /tmp/maxwoo/21EF1A6A9139C9FD2A38E59AFB466F9A_1819/INPUTFILES/data_763575041.root
Running: cp /star/data01/pwg/xiatong/AMPT/14GeV/data_763719951.root /tmp/maxwoo/21EF1A6A9139C9FD2A38E59AFB466F9A_1819/INPUTFILES/data_763719951.root
Running: cp /star/data01/pwg/xiatong/AMPT/14GeV/data_763775021.root /tmp/maxwoo/21EF1A6A9139C9FD2A38E59AFB466F9A_1819/INPUTFILES/data_763775021.root
Running: cp /star/data01/pwg/xiatong/AMPT/14GeV/data_763918471.root /tmp/maxwoo/21EF1A6A9139C9FD2A38E59AFB466F9A_1819/INPUTFILES/data_763918471.root
Running: cp /star/data01/pwg/xiatong/AMPT/14GeV/data_763919431.root /tmp/maxwoo/21EF1A6A9139C9FD2A38E59AFB466F9A_1819/INPUTFILES/data_763919431.root
Running: cp /star/data01/pwg/xiatong/AMPT/14GeV/data_764075011.root /tmp/maxwoo/21EF1A6A9139C9FD2A38E59AFB466F9A_1819/INPUTFILES/data_764075011.root
Running: cp /star/data01/pwg/xiatong/AMPT/14GeV/data_764102741.root /tmp/maxwoo/21EF1A6A9139C9FD2A38E59AFB466F9A_1819/INPUTFILES/data_764102741.root
Swapping $FILELIST with: /tmp/maxwoo/21EF1A6A9139C9FD2A38E59AFB466F9A_1819/INPUTFILES/21EF1A6A9139C9FD2A38E59AFB466F9A_1819.local.list
+++++++++++local copy debug++++++++++++++++++++
newFileList: /tmp/maxwoo/21EF1A6A9139C9FD2A38E59AFB466F9A_1819/INPUTFILES/21EF1A6A9139C9FD2A38E59AFB466F9A_1819.local.list
++++++++++++++++cat FILELIST+++++++++++++++++++
/tmp/maxwoo/21EF1A6A9139C9FD2A38E59AFB466F9A_1819/INPUTFILES/data_763123561.root 
/tmp/maxwoo/21EF1A6A9139C9FD2A38E59AFB466F9A_1819/INPUTFILES/data_763126171.root 
/tmp/maxwoo/21EF1A6A9139C9FD2A38E59AFB466F9A_1819/INPUTFILES/data_763138561.root 
/tmp/maxwoo/21EF1A6A9139C9FD2A38E59AFB466F9A_1819/INPUTFILES/data_763147201.root 
/tmp/maxwoo/21EF1A6A9139C9FD2A38E59AFB466F9A_1819/INPUTFILES/data_763147211.root 
/tmp/maxwoo/21EF1A6A9139C9FD2A38E59AFB466F9A_1819/INPUTFILES/data_763147231.root 
/tmp/maxwoo/21EF1A6A9139C9FD2A38E59AFB466F9A_1819/INPUTFILES/data_763147281.root 
/tmp/maxwoo/21EF1A6A9139C9FD2A38E59AFB466F9A_1819/INPUTFILES/data_763147461.root 
/tmp/maxwoo/21EF1A6A9139C9FD2A38E59AFB466F9A_1819/INPUTFILES/data_763147481.root 
/tmp/maxwoo/21EF1A6A9139C9FD2A38E59AFB466F9A_1819/INPUTFILES/data_763147491.root 
/tmp/maxwoo/21EF1A6A9139C9FD2A38E59AFB466F9A_1819/INPUTFILES/data_763147621.root 
/tmp/maxwoo/21EF1A6A9139C9FD2A38E59AFB466F9A_1819/INPUTFILES/data_763147671.root 
/tmp/maxwoo/21EF1A6A9139C9FD2A38E59AFB466F9A_1819/INPUTFILES/data_763161941.root 
/tmp/maxwoo/21EF1A6A9139C9FD2A38E59AFB466F9A_1819/INPUTFILES/data_763164481.root 
/tmp/maxwoo/21EF1A6A9139C9FD2A38E59AFB466F9A_1819/INPUTFILES/data_763164491.root 
/tmp/maxwoo/21EF1A6A9139C9FD2A38E59AFB466F9A_1819/INPUTFILES/data_763169771.root 
/tmp/maxwoo/21EF1A6A9139C9FD2A38E59AFB466F9A_1819/INPUTFILES/data_763169781.root 
/tmp/maxwoo/21EF1A6A9139C9FD2A38E59AFB466F9A_1819/INPUTFILES/data_763169811.root 
/tmp/maxwoo/21EF1A6A9139C9FD2A38E59AFB466F9A_1819/INPUTFILES/data_763169881.root 
/tmp/maxwoo/21EF1A6A9139C9FD2A38E59AFB466F9A_1819/INPUTFILES/data_763169991.root 
/tmp/maxwoo/21EF1A6A9139C9FD2A38E59AFB466F9A_1819/INPUTFILES/data_763170091.root 
/tmp/maxwoo/21EF1A6A9139C9FD2A38E59AFB466F9A_1819/INPUTFILES/data_763170111.root 
/tmp/maxwoo/21EF1A6A9139C9FD2A38E59AFB466F9A_1819/INPUTFILES/data_763170131.root 
/tmp/maxwoo/21EF1A6A9139C9FD2A38E59AFB466F9A_1819/INPUTFILES/data_763170221.root 
/tmp/maxwoo/21EF1A6A9139C9FD2A38E59AFB466F9A_1819/INPUTFILES/data_763170261.root 
/tmp/maxwoo/21EF1A6A9139C9FD2A38E59AFB466F9A_1819/INPUTFILES/data_763170461.root 
/tmp/maxwoo/21EF1A6A9139C9FD2A38E59AFB466F9A_1819/INPUTFILES/data_763170981.root 
/tmp/maxwoo/21EF1A6A9139C9FD2A38E59AFB466F9A_1819/INPUTFILES/data_763189621.root 
/tmp/maxwoo/21EF1A6A9139C9FD2A38E59AFB466F9A_1819/INPUTFILES/data_763420961.root 
/tmp/maxwoo/21EF1A6A9139C9FD2A38E59AFB466F9A_1819/INPUTFILES/data_763575031.root 
/tmp/maxwoo/21EF1A6A9139C9FD2A38E59AFB466F9A_1819/INPUTFILES/data_763575041.root 
/tmp/maxwoo/21EF1A6A9139C9FD2A38E59AFB466F9A_1819/INPUTFILES/data_763719951.root 
/tmp/maxwoo/21EF1A6A9139C9FD2A38E59AFB466F9A_1819/INPUTFILES/data_763775021.root 
/tmp/maxwoo/21EF1A6A9139C9FD2A38E59AFB466F9A_1819/INPUTFILES/data_763918471.root 
/tmp/maxwoo/21EF1A6A9139C9FD2A38E59AFB466F9A_1819/INPUTFILES/data_763919431.root 
/tmp/maxwoo/21EF1A6A9139C9FD2A38E59AFB466F9A_1819/INPUTFILES/data_764075011.root 
/tmp/maxwoo/21EF1A6A9139C9FD2A38E59AFB466F9A_1819/INPUTFILES/data_764102741.root 
++++++++++++++++++++find.++++++++++++++++++++++
.
./.errror.log
./Check_Sness.C
./INPUTFILES
./INPUTFILES/data_763170981.root
./INPUTFILES/data_763170221.root
./INPUTFILES/data_764075011.root
./INPUTFILES/data_763189621.root
./INPUTFILES/data_763164481.root
./INPUTFILES/data_763147461.root
./INPUTFILES/data_763575031.root
./INPUTFILES/data_763918471.root
./INPUTFILES/data_763575041.root
./INPUTFILES/data_763123561.root
./INPUTFILES/data_763719951.root
./INPUTFILES/data_763169991.root
./INPUTFILES/data_763170261.root
./INPUTFILES/data_764102741.root
./INPUTFILES/data_763919431.root
./INPUTFILES/data_763169781.root
./INPUTFILES/data_763147481.root
./INPUTFILES/data_763169881.root
./INPUTFILES/data_763147621.root
./INPUTFILES/data_763126171.root
./INPUTFILES/data_763420961.root
./INPUTFILES/data_763170131.root
./INPUTFILES/data_763161941.root
./INPUTFILES/data_763775021.root
./INPUTFILES/data_763147231.root
./INPUTFILES/data_763147671.root
./INPUTFILES/data_763164491.root
./INPUTFILES/data_763170461.root
./INPUTFILES/data_763170111.root
./INPUTFILES/data_763169811.root
./INPUTFILES/21EF1A6A9139C9FD2A38E59AFB466F9A_1819.local.list
./INPUTFILES/data_763147281.root
./INPUTFILES/data_763138561.root
./INPUTFILES/data_763169771.root
./INPUTFILES/data_763147491.root
./INPUTFILES/data_763147211.root
./INPUTFILES/data_763147201.root
./INPUTFILES/data_763170091.root
./.output.log
./.sandboxFiles
./check_S.C
./lib
./lib/my_particle_cpp.so
./lib/MixedBuffer_cpp_ACLiC_dict_rdict.pcm
./lib/CenMaker_cpp_ACLiC_dict_rdict.pcm
./lib/my_particle_cpp_ACLiC_dict_rdict.pcm
./lib/CenMaker.h
./lib/MixedBuffer.h
./lib/my_event_cpp_ACLiC_dict_rdict.pcm
./lib/my_particle.cpp
./lib/MixedBuffer_cpp.d
./lib/NpartNormalizer.cpp
./lib/my_event.h
./lib/NpartNormalizer_cpp_ACLiC_dict_rdict.pcm
./lib/MixedBuffer.cpp
./lib/CenMaker_cpp.so
./lib/my_particle.h
./lib/CenMaker.cpp
./lib/my_particle_cpp.d
./lib/my_event.cpp
./lib/NpartNormalizer.h
./lib/CenMaker_cpp.d
./lib/my_event_cpp.d
./lib/NpartNormalizer_cpp.so
./lib/MixedBuffer_cpp.so
./lib/NpartNormalizer_cpp.d
./lib/my_event_cpp.so
++++++++++++++++INPUTFILE Var++++++++++++++++++
FILELIST=/tmp/maxwoo/21EF1A6A9139C9FD2A38E59AFB466F9A_1819/INPUTFILES/21EF1A6A9139C9FD2A38E59AFB466F9A_1819.local.list
INPUTFILECOUNT=37
INPUTFILE0=/tmp/maxwoo/21EF1A6A9139C9FD2A38E59AFB466F9A_1819/INPUTFILES/data_763123561.root
INPUTFILE1=/tmp/maxwoo/21EF1A6A9139C9FD2A38E59AFB466F9A_1819/INPUTFILES/data_763126171.root
INPUTFILE2=/tmp/maxwoo/21EF1A6A9139C9FD2A38E59AFB466F9A_1819/INPUTFILES/data_763138561.root
INPUTFILE3=/tmp/maxwoo/21EF1A6A9139C9FD2A38E59AFB466F9A_1819/INPUTFILES/data_763147201.root
INPUTFILE4=/tmp/maxwoo/21EF1A6A9139C9FD2A38E59AFB466F9A_1819/INPUTFILES/data_763147211.root
INPUTFILE5=/tmp/maxwoo/21EF1A6A9139C9FD2A38E59AFB466F9A_1819/INPUTFILES/data_763147231.root
INPUTFILE6=/tmp/maxwoo/21EF1A6A9139C9FD2A38E59AFB466F9A_1819/INPUTFILES/data_763147281.root
INPUTFILE7=/tmp/maxwoo/21EF1A6A9139C9FD2A38E59AFB466F9A_1819/INPUTFILES/data_763147461.root
INPUTFILE8=/tmp/maxwoo/21EF1A6A9139C9FD2A38E59AFB466F9A_1819/INPUTFILES/data_763147481.root
INPUTFILE9=/tmp/maxwoo/21EF1A6A9139C9FD2A38E59AFB466F9A_1819/INPUTFILES/data_763147491.root
INPUTFILE10=/tmp/maxwoo/21EF1A6A9139C9FD2A38E59AFB466F9A_1819/INPUTFILES/data_763147621.root
INPUTFILE11=/tmp/maxwoo/21EF1A6A9139C9FD2A38E59AFB466F9A_1819/INPUTFILES/data_763147671.root
INPUTFILE12=/tmp/maxwoo/21EF1A6A9139C9FD2A38E59AFB466F9A_1819/INPUTFILES/data_763161941.root
INPUTFILE13=/tmp/maxwoo/21EF1A6A9139C9FD2A38E59AFB466F9A_1819/INPUTFILES/data_763164481.root
INPUTFILE14=/tmp/maxwoo/21EF1A6A9139C9FD2A38E59AFB466F9A_1819/INPUTFILES/data_763164491.root
INPUTFILE15=/tmp/maxwoo/21EF1A6A9139C9FD2A38E59AFB466F9A_1819/INPUTFILES/data_763169771.root
INPUTFILE16=/tmp/maxwoo/21EF1A6A9139C9FD2A38E59AFB466F9A_1819/INPUTFILES/data_763169781.root
INPUTFILE17=/tmp/maxwoo/21EF1A6A9139C9FD2A38E59AFB466F9A_1819/INPUTFILES/data_763169811.root
INPUTFILE18=/tmp/maxwoo/21EF1A6A9139C9FD2A38E59AFB466F9A_1819/INPUTFILES/data_763169881.root
INPUTFILE19=/tmp/maxwoo/21EF1A6A9139C9FD2A38E59AFB466F9A_1819/INPUTFILES/data_763169991.root
INPUTFILE20=/tmp/maxwoo/21EF1A6A9139C9FD2A38E59AFB466F9A_1819/INPUTFILES/data_763170091.root
INPUTFILE21=/tmp/maxwoo/21EF1A6A9139C9FD2A38E59AFB466F9A_1819/INPUTFILES/data_763170111.root
INPUTFILE22=/tmp/maxwoo/21EF1A6A9139C9FD2A38E59AFB466F9A_1819/INPUTFILES/data_763170131.root
INPUTFILE23=/tmp/maxwoo/21EF1A6A9139C9FD2A38E59AFB466F9A_1819/INPUTFILES/data_763170221.root
INPUTFILE24=/tmp/maxwoo/21EF1A6A9139C9FD2A38E59AFB466F9A_1819/INPUTFILES/data_763170261.root
INPUTFILE25=/tmp/maxwoo/21EF1A6A9139C9FD2A38E59AFB466F9A_1819/INPUTFILES/data_763170461.root
INPUTFILE26=/tmp/maxwoo/21EF1A6A9139C9FD2A38E59AFB466F9A_1819/INPUTFILES/data_763170981.root
INPUTFILE27=/tmp/maxwoo/21EF1A6A9139C9FD2A38E59AFB466F9A_1819/INPUTFILES/data_763189621.root
INPUTFILE28=/tmp/maxwoo/21EF1A6A9139C9FD2A38E59AFB466F9A_1819/INPUTFILES/data_763420961.root
INPUTFILE29=/tmp/maxwoo/21EF1A6A9139C9FD2A38E59AFB466F9A_1819/INPUTFILES/data_763575031.root
INPUTFILE30=/tmp/maxwoo/21EF1A6A9139C9FD2A38E59AFB466F9A_1819/INPUTFILES/data_763575041.root
INPUTFILE31=/tmp/maxwoo/21EF1A6A9139C9FD2A38E59AFB466F9A_1819/INPUTFILES/data_763719951.root
INPUTFILE32=/tmp/maxwoo/21EF1A6A9139C9FD2A38E59AFB466F9A_1819/INPUTFILES/data_763775021.root
INPUTFILE33=/tmp/maxwoo/21EF1A6A9139C9FD2A38E59AFB466F9A_1819/INPUTFILES/data_763918471.root
INPUTFILE34=/tmp/maxwoo/21EF1A6A9139C9FD2A38E59AFB466F9A_1819/INPUTFILES/data_763919431.root
INPUTFILE35=/tmp/maxwoo/21EF1A6A9139C9FD2A38E59AFB466F9A_1819/INPUTFILES/data_764075011.root
INPUTFILE36=/tmp/maxwoo/21EF1A6A9139C9FD2A38E59AFB466F9A_1819/INPUTFILES/data_764102741.root
LocalInputFileDir=/tmp/maxwoo/21EF1A6A9139C9FD2A38E59AFB466F9A_1819/INPUTFILES
NewFILELIST=/tmp/maxwoo/21EF1A6A9139C9FD2A38E59AFB466F9A_1819/INPUTFILES/21EF1A6A9139C9FD2A38E59AFB466F9A_1819.local.list
+++++++++++++++++++++++++++++++++++++++++++++++
--------------------------------
Simple Unified Meta Scheduler 1.10.50 we are starting in $SCRATCH : /home/tmp/maxwoo/21EF1A6A9139C9FD2A38E59AFB466F9A_1819
--------------------------------
total 16
lrwxrwxrwx 1 maxwoo rhstar   61 Jun  2 11:03 check_S.C -> /gpfs/mnt/gpfs01/star/pwg/xiatong/git/strangeness/./check_S.C
lrwxrwxrwx 1 maxwoo rhstar   65 Jun  2 11:03 Check_Sness.C -> /gpfs/mnt/gpfs01/star/pwg/xiatong/git/strangeness/./Check_Sness.C
drwxr-xr-x 2 maxwoo rhstar 4096 Jun  2 11:05 INPUTFILES
drwxr-xr-x 2 maxwoo rhstar 4096 Jun  2 11:03 lib
  *******************************************
  *                                         *
  *        W E L C O M E  to  R O O T       *
  *                                         *
  *   Version   5.34/38     12 March 2018   *
  *                                         *
  *  You are welcome to visit our Web site  *
  *          http://root.cern.ch            *
  *                                         *
  *******************************************

ROOT 5.34/38 (v5-34-38@v5-34-38, Mar 12 2018, 15:49:39 on linux)

CINT/ROOT C/C++ Interpreter version 5.18.00, July 2, 2010
Type ? for help. Commands must be C++ statements.
Enclose multiple statements between { }.
*** Float Point Exception is OFF ***
 *** Start at Date : Thu Jun  2 11:05:16 2022
QAInfo:You are using STAR_LEVEL : dev, ROOT_LEVEL : 5.34.38 and node : spool0649.sdcc.bnl.gov 

Processing check_S.C++("/tmp/maxwoo/21EF1A6A9139C9FD2A38E59AFB466F9A_1819/INPUTFILES/21EF1A6A9139C9FD2A38E59AFB466F9A_1819.local.list","21EF1A6A9139C9FD2A38E59AFB466F9A_1819",1)...
/tmp/maxwoo/21EF1A6A9139C9FD2A38E59AFB466F9A_1819/INPUTFILES/data_763123561.root 
/tmp/maxwoo/21EF1A6A9139C9FD2A38E59AFB466F9A_1819/INPUTFILES/data_763126171.root 
/tmp/maxwoo/21EF1A6A9139C9FD2A38E59AFB466F9A_1819/INPUTFILES/data_763138561.root 
/tmp/maxwoo/21EF1A6A9139C9FD2A38E59AFB466F9A_1819/INPUTFILES/data_763147201.root 
/tmp/maxwoo/21EF1A6A9139C9FD2A38E59AFB466F9A_1819/INPUTFILES/data_763147211.root 
/tmp/maxwoo/21EF1A6A9139C9FD2A38E59AFB466F9A_1819/INPUTFILES/data_763147231.root 
/tmp/maxwoo/21EF1A6A9139C9FD2A38E59AFB466F9A_1819/INPUTFILES/data_763147281.root 
/tmp/maxwoo/21EF1A6A9139C9FD2A38E59AFB466F9A_1819/INPUTFILES/data_763147461.root 
/tmp/maxwoo/21EF1A6A9139C9FD2A38E59AFB466F9A_1819/INPUTFILES/data_763147481.root 
/tmp/maxwoo/21EF1A6A9139C9FD2A38E59AFB466F9A_1819/INPUTFILES/data_763147491.root 
/tmp/maxwoo/21EF1A6A9139C9FD2A38E59AFB466F9A_1819/INPUTFILES/data_763147621.root 
/tmp/maxwoo/21EF1A6A9139C9FD2A38E59AFB466F9A_1819/INPUTFILES/data_763147671.root 
/tmp/maxwoo/21EF1A6A9139C9FD2A38E59AFB466F9A_1819/INPUTFILES/data_763161941.root 
/tmp/maxwoo/21EF1A6A9139C9FD2A38E59AFB466F9A_1819/INPUTFILES/data_763164481.root 
/tmp/maxwoo/21EF1A6A9139C9FD2A38E59AFB466F9A_1819/INPUTFILES/data_763164491.root 
/tmp/maxwoo/21EF1A6A9139C9FD2A38E59AFB466F9A_1819/INPUTFILES/data_763169771.root 
/tmp/maxwoo/21EF1A6A9139C9FD2A38E59AFB466F9A_1819/INPUTFILES/data_763169781.root 
/tmp/maxwoo/21EF1A6A9139C9FD2A38E59AFB466F9A_1819/INPUTFILES/data_763169811.root 
/tmp/maxwoo/21EF1A6A9139C9FD2A38E59AFB466F9A_1819/INPUTFILES/data_763169881.root 
/tmp/maxwoo/21EF1A6A9139C9FD2A38E59AFB466F9A_1819/INPUTFILES/data_763169991.root 
/tmp/maxwoo/21EF1A6A9139C9FD2A38E59AFB466F9A_1819/INPUTFILES/data_763170091.root 
/tmp/maxwoo/21EF1A6A9139C9FD2A38E59AFB466F9A_1819/INPUTFILES/data_763170111.root 
/tmp/maxwoo/21EF1A6A9139C9FD2A38E59AFB466F9A_1819/INPUTFILES/data_763170131.root 
/tmp/maxwoo/21EF1A6A9139C9FD2A38E59AFB466F9A_1819/INPUTFILES/data_763170221.root 
/tmp/maxwoo/21EF1A6A9139C9FD2A38E59AFB466F9A_1819/INPUTFILES/data_763170261.root 
/tmp/maxwoo/21EF1A6A9139C9FD2A38E59AFB466F9A_1819/INPUTFILES/data_763170461.root 
/tmp/maxwoo/21EF1A6A9139C9FD2A38E59AFB466F9A_1819/INPUTFILES/data_763170981.root 
/tmp/maxwoo/21EF1A6A9139C9FD2A38E59AFB466F9A_1819/INPUTFILES/data_763189621.root 
/tmp/maxwoo/21EF1A6A9139C9FD2A38E59AFB466F9A_1819/INPUTFILES/data_763420961.root 
/tmp/maxwoo/21EF1A6A9139C9FD2A38E59AFB466F9A_1819/INPUTFILES/data_763575031.root 
/tmp/maxwoo/21EF1A6A9139C9FD2A38E59AFB466F9A_1819/INPUTFILES/data_763575041.root 
/tmp/maxwoo/21EF1A6A9139C9FD2A38E59AFB466F9A_1819/INPUTFILES/data_763719951.root 
/tmp/maxwoo/21EF1A6A9139C9FD2A38E59AFB466F9A_1819/INPUTFILES/data_763775021.root 
/tmp/maxwoo/21EF1A6A9139C9FD2A38E59AFB466F9A_1819/INPUTFILES/data_763918471.root 
/tmp/maxwoo/21EF1A6A9139C9FD2A38E59AFB466F9A_1819/INPUTFILES/data_763919431.root 
/tmp/maxwoo/21EF1A6A9139C9FD2A38E59AFB466F9A_1819/INPUTFILES/data_764075011.root 
/tmp/maxwoo/21EF1A6A9139C9FD2A38E59AFB466F9A_1819/INPUTFILES/data_764102741.root 
Added 37 files
# entries in chain: 37000
Processing entry == 1000 == out of 37000.
Processing entry == 2000 == out of 37000.
Processing entry == 3000 == out of 37000.
Processing entry == 4000 == out of 37000.
Processing entry == 5000 == out of 37000.
Processing entry == 6000 == out of 37000.
Processing entry == 7000 == out of 37000.
Processing entry == 8000 == out of 37000.
Processing entry == 9000 == out of 37000.
Processing entry == 10000 == out of 37000.
Processing entry == 11000 == out of 37000.
Processing entry == 12000 == out of 37000.
Processing entry == 13000 == out of 37000.
Processing entry == 14000 == out of 37000.
Processing entry == 15000 == out of 37000.
Processing entry == 16000 == out of 37000.
Processing entry == 17000 == out of 37000.
Processing entry == 18000 == out of 37000.
Processing entry == 19000 == out of 37000.
Processing entry == 20000 == out of 37000.
Processing entry == 21000 == out of 37000.
Processing entry == 22000 == out of 37000.
Processing entry == 23000 == out of 37000.
Processing entry == 24000 == out of 37000.
Processing entry == 25000 == out of 37000.
Processing entry == 26000 == out of 37000.
Processing entry == 27000 == out of 37000.
Processing entry == 28000 == out of 37000.
Processing entry == 29000 == out of 37000.
Processing entry == 30000 == out of 37000.
Processing entry == 31000 == out of 37000.
Processing entry == 32000 == out of 37000.
Processing entry == 33000 == out of 37000.
Processing entry == 34000 == out of 37000.
Processing entry == 35000 == out of 37000.
Processing entry == 36000 == out of 37000.
Processing entry == 37000 == out of 37000.

This is the end of ROOT -- Goodbye

Cleaning up sandbox file:  /tmp/maxwoo/21EF1A6A9139C9FD2A38E59AFB466F9A_1819/check_S.C
Cleaning up sandbox file:  /tmp/maxwoo/21EF1A6A9139C9FD2A38E59AFB466F9A_1819/Check_Sness.C
Cleaning up sandbox file:  /tmp/maxwoo/21EF1A6A9139C9FD2A38E59AFB466F9A_1819/lib
Cleaning up sandbox file:  /tmp/maxwoo/21EF1A6A9139C9FD2A38E59AFB466F9A_1819/.sandboxFiles
Starting copy block
Running copy command:  /bin/cp -fp /tmp/maxwoo/21EF1A6A9139C9FD2A38E59AFB466F9A_1819/out_21EF1A6A9139C9FD2A38E59AFB466F9A_1819.root /star/data01/pwg/xiatong/git/strangeness/data/
64792 Execution of (/star/data01/pwg/xiatong/git/strangeness/script/sched21EF1A6A9139C9FD2A38E59AFB466F9A_1819.csh ) has ended, exiting normally
64792 We END on [Thu Jun  2 11:26:36 EDT 2022]
