We are starting on node: spool0310.sdcc.bnl.gov
HOME is not defined
Using getent method
HOME is now /star/u/maxwoo
26165 We will spawn ourselves (/star/data01/pwg/xiatong/git/strangeness/script/sched21EF1A6A9139C9FD2A38E59AFB466F9A_1886.csh )
26165 We BEGIN on [Thu Jun  2 11:03:09 EDT 2022]
[1] 26348
26165 We are waiting for 26348 
26165 Grandchild PID is 26598 - found in 10 x 1 seconds
26165 Establishing first watcher   on    Thu Jun  2 11:03:20 EDT 2022
26165 Process tree is 26165 (main) -> 26348 (child) -> 26598 (grandchild)
F S   UID   PID  PPID  C PRI  NI ADDR SZ WCHAN  TTY        TIME CMD
0 D 100667 26598 26348  0 80   0 - 32311 cxiWai ?          0:00 cp /star/data01/pwg/xiatong/AMPT/14GeV/data_816103731.root /tmp/maxwoo/21EF1A6A9139C9FD2A38E59AFB466F9A_1886/INPUTFILES/data_816103731.root
26165 Grandchild PID is 26894 - found in 20 x 2 seconds
26165 Grandchild to watch has changed on Thu Jun  2 11:03:41 EDT 2022
26165 Process tree is 26165 (main) -> 26348 (child) -> 26894 (grandchild)
F S   UID   PID  PPID  C PRI  NI ADDR SZ WCHAN  TTY        TIME CMD
0 D 100667 26894 26348  0 80   0 - 32311 cxiWai ?          0:00 cp /star/data01/pwg/xiatong/AMPT/14GeV/data_816103741.root /tmp/maxwoo/21EF1A6A9139C9FD2A38E59AFB466F9A_1886/INPUTFILES/data_816103741.root
26165 Grandchild PID is 28059 - found in 30 x 2 seconds
26165 Grandchild to watch has changed on Thu Jun  2 11:04:02 EDT 2022
26165 Process tree is 26165 (main) -> 26348 (child) -> 28059 (grandchild)
F S   UID   PID  PPID  C PRI  NI ADDR SZ WCHAN  TTY        TIME CMD
0 D 100667 28059 26348  0 80   0 - 32311 cxiWai ?          0:00 cp /star/data01/pwg/xiatong/AMPT/14GeV/data_816138281.root /tmp/maxwoo/21EF1A6A9139C9FD2A38E59AFB466F9A_1886/INPUTFILES/data_816138281.root
26165 Grandchild PID is 28881 - found in 40 x 2 seconds
26165 Grandchild to watch has changed on Thu Jun  2 11:04:22 EDT 2022
26165 Process tree is 26165 (main) -> 26348 (child) -> 28881 (grandchild)
F S   UID   PID  PPID  C PRI  NI ADDR SZ WCHAN  TTY        TIME CMD
0 D 100667 28881 26348  0 80   0 - 32311 cxiWai ?          0:00 cp /star/data01/pwg/xiatong/AMPT/14GeV/data_816156491.root /tmp/maxwoo/21EF1A6A9139C9FD2A38E59AFB466F9A_1886/INPUTFILES/data_816156491.root
26165 Grandchild PID is 29185 - found in 50 x 2 seconds
26165 Grandchild to watch has changed on Thu Jun  2 11:04:43 EDT 2022
26165 Process tree is 26165 (main) -> 26348 (child) -> 29185 (grandchild)
F S   UID   PID  PPID  C PRI  NI ADDR SZ WCHAN  TTY        TIME CMD
0 D 100667 29185 26348  0 80   0 - 32311 cxiWai ?          0:00 cp /star/data01/pwg/xiatong/AMPT/14GeV/data_816164271.root /tmp/maxwoo/21EF1A6A9139C9FD2A38E59AFB466F9A_1886/INPUTFILES/data_816164271.root
26165 Grandchild PID is 30149 - found in 60 x 2 seconds
26165 Grandchild to watch has changed on Thu Jun  2 11:05:04 EDT 2022
26165 Process tree is 26165 (main) -> 26348 (child) -> 30149 (grandchild)
F S   UID   PID  PPID  C PRI  NI ADDR SZ WCHAN  TTY        TIME CMD
0 D 100667 30149 26348  0 80   0 - 32311 cxiWai ?          0:00 cp /star/data01/pwg/xiatong/AMPT/14GeV/data_816164801.root /tmp/maxwoo/21EF1A6A9139C9FD2A38E59AFB466F9A_1886/INPUTFILES/data_816164801.root
26165 Grandchild PID is 30438 - found in 70 x 2 seconds
26165 Grandchild to watch has changed on Thu Jun  2 11:05:25 EDT 2022
26165 Process tree is 26165 (main) -> 26348 (child) -> 30438 (grandchild)
F S   UID   PID  PPID  C PRI  NI ADDR SZ WCHAN  TTY        TIME CMD
0 D 100667 30438 26348  0 80   0 - 32311 cxiWai ?          0:00 cp /star/data01/pwg/xiatong/AMPT/14GeV/data_816165021.root /tmp/maxwoo/21EF1A6A9139C9FD2A38E59AFB466F9A_1886/INPUTFILES/data_816165021.root
26165 Grandchild PID is 32147 - found in 90 x 2 seconds
26165 Grandchild to watch has changed on Thu Jun  2 11:06:06 EDT 2022
26165 Process tree is 26165 (main) -> 26348 (child) -> 32147 (grandchild)
F S   UID   PID  PPID  C PRI  NI ADDR SZ WCHAN  TTY        TIME CMD
0 D 100667 32147 26348  0 80   0 - 32311 cxiWai ?          0:00 cp /star/data01/pwg/xiatong/AMPT/14GeV/data_816167251.root /tmp/maxwoo/21EF1A6A9139C9FD2A38E59AFB466F9A_1886/INPUTFILES/data_816167251.root
26165 Grandchild PID is 1681 - found in 110 x 2 seconds
26165 Grandchild to watch has changed on Thu Jun  2 11:06:48 EDT 2022
26165 Process tree is 26165 (main) -> 26348 (child) -> 1681 (grandchild)
F S   UID   PID  PPID  C PRI  NI ADDR SZ WCHAN  TTY        TIME CMD
0 D 100667 1681 26348  0  80   0 - 32311 cxiWai ?          0:00 cp /star/data01/pwg/xiatong/AMPT/14GeV/data_816195291.root /tmp/maxwoo/21EF1A6A9139C9FD2A38E59AFB466F9A_1886/INPUTFILES/data_816195291.root
26165 Grandchild PID is 1904 - found in 120 x 2 seconds
26165 Grandchild to watch has changed on Thu Jun  2 11:07:08 EDT 2022
26165 Process tree is 26165 (main) -> 26348 (child) -> 1904 (grandchild)
F S   UID   PID  PPID  C PRI  NI ADDR SZ WCHAN  TTY        TIME CMD
0 D 100667 1904 26348  0  80   0 - 32311 cxiWai ?          0:00 cp /star/data01/pwg/xiatong/AMPT/14GeV/data_816196571.root /tmp/maxwoo/21EF1A6A9139C9FD2A38E59AFB466F9A_1886/INPUTFILES/data_816196571.root
26165 Grandchild PID is 3047 - found in 130 x 2 seconds
26165 Grandchild to watch has changed on Thu Jun  2 11:07:29 EDT 2022
26165 Process tree is 26165 (main) -> 26348 (child) -> 3047 (grandchild)
F S   UID   PID  PPID  C PRI  NI ADDR SZ WCHAN  TTY        TIME CMD
0 D 100667 3047 26348  0  80   0 - 32311 cxiWai ?          0:00 cp /star/data01/pwg/xiatong/AMPT/14GeV/data_817102831.root /tmp/maxwoo/21EF1A6A9139C9FD2A38E59AFB466F9A_1886/INPUTFILES/data_817102831.root
26165 Grandchild PID is 4561 - found in 150 x 2 seconds
26165 Grandchild to watch has changed on Thu Jun  2 11:08:10 EDT 2022
26165 Process tree is 26165 (main) -> 26348 (child) -> 4561 (grandchild)
F S   UID   PID  PPID  C PRI  NI ADDR SZ WCHAN  TTY        TIME CMD
0 S 100667 4561 26348  0  80   0 -  1272 do_wai ?          0:00 root -b -q check_S.C++("/tmp/maxwoo/21EF1A6A9139C9FD2A38E59AFB466F9A_1886/INPUTFILES/21EF1A6A9139C9FD2A38E59AFB466F9A_1886.local.list","21EF1A6A9139C9FD2A38E59AFB466F9A_1886",1)
26348 Stepping into the main SUMS wrapper program with []
.... building sandbox
Running: cp /star/data01/pwg/xiatong/AMPT/14GeV/data_816103731.root /tmp/maxwoo/21EF1A6A9139C9FD2A38E59AFB466F9A_1886/INPUTFILES/data_816103731.root
Running: cp /star/data01/pwg/xiatong/AMPT/14GeV/data_816103741.root /tmp/maxwoo/21EF1A6A9139C9FD2A38E59AFB466F9A_1886/INPUTFILES/data_816103741.root
Running: cp /star/data01/pwg/xiatong/AMPT/14GeV/data_816103751.root /tmp/maxwoo/21EF1A6A9139C9FD2A38E59AFB466F9A_1886/INPUTFILES/data_816103751.root
Running: cp /star/data01/pwg/xiatong/AMPT/14GeV/data_816103771.root /tmp/maxwoo/21EF1A6A9139C9FD2A38E59AFB466F9A_1886/INPUTFILES/data_816103771.root
Running: cp /star/data01/pwg/xiatong/AMPT/14GeV/data_816103791.root /tmp/maxwoo/21EF1A6A9139C9FD2A38E59AFB466F9A_1886/INPUTFILES/data_816103791.root
Running: cp /star/data01/pwg/xiatong/AMPT/14GeV/data_816103891.root /tmp/maxwoo/21EF1A6A9139C9FD2A38E59AFB466F9A_1886/INPUTFILES/data_816103891.root
Running: cp /star/data01/pwg/xiatong/AMPT/14GeV/data_816107531.root /tmp/maxwoo/21EF1A6A9139C9FD2A38E59AFB466F9A_1886/INPUTFILES/data_816107531.root
Running: cp /star/data01/pwg/xiatong/AMPT/14GeV/data_816125431.root /tmp/maxwoo/21EF1A6A9139C9FD2A38E59AFB466F9A_1886/INPUTFILES/data_816125431.root
Running: cp /star/data01/pwg/xiatong/AMPT/14GeV/data_816132871.root /tmp/maxwoo/21EF1A6A9139C9FD2A38E59AFB466F9A_1886/INPUTFILES/data_816132871.root
Running: cp /star/data01/pwg/xiatong/AMPT/14GeV/data_816138281.root /tmp/maxwoo/21EF1A6A9139C9FD2A38E59AFB466F9A_1886/INPUTFILES/data_816138281.root
Running: cp /star/data01/pwg/xiatong/AMPT/14GeV/data_816138701.root /tmp/maxwoo/21EF1A6A9139C9FD2A38E59AFB466F9A_1886/INPUTFILES/data_816138701.root
Running: cp /star/data01/pwg/xiatong/AMPT/14GeV/data_816153551.root /tmp/maxwoo/21EF1A6A9139C9FD2A38E59AFB466F9A_1886/INPUTFILES/data_816153551.root
Running: cp /star/data01/pwg/xiatong/AMPT/14GeV/data_816154541.root /tmp/maxwoo/21EF1A6A9139C9FD2A38E59AFB466F9A_1886/INPUTFILES/data_816154541.root
Running: cp /star/data01/pwg/xiatong/AMPT/14GeV/data_816155611.root /tmp/maxwoo/21EF1A6A9139C9FD2A38E59AFB466F9A_1886/INPUTFILES/data_816155611.root
Running: cp /star/data01/pwg/xiatong/AMPT/14GeV/data_816156491.root /tmp/maxwoo/21EF1A6A9139C9FD2A38E59AFB466F9A_1886/INPUTFILES/data_816156491.root
Running: cp /star/data01/pwg/xiatong/AMPT/14GeV/data_816158531.root /tmp/maxwoo/21EF1A6A9139C9FD2A38E59AFB466F9A_1886/INPUTFILES/data_816158531.root
Running: cp /star/data01/pwg/xiatong/AMPT/14GeV/data_816161101.root /tmp/maxwoo/21EF1A6A9139C9FD2A38E59AFB466F9A_1886/INPUTFILES/data_816161101.root
Running: cp /star/data01/pwg/xiatong/AMPT/14GeV/data_816163941.root /tmp/maxwoo/21EF1A6A9139C9FD2A38E59AFB466F9A_1886/INPUTFILES/data_816163941.root
Running: cp /star/data01/pwg/xiatong/AMPT/14GeV/data_816164271.root /tmp/maxwoo/21EF1A6A9139C9FD2A38E59AFB466F9A_1886/INPUTFILES/data_816164271.root
Running: cp /star/data01/pwg/xiatong/AMPT/14GeV/data_816164731.root /tmp/maxwoo/21EF1A6A9139C9FD2A38E59AFB466F9A_1886/INPUTFILES/data_816164731.root
Running: cp /star/data01/pwg/xiatong/AMPT/14GeV/data_816164801.root /tmp/maxwoo/21EF1A6A9139C9FD2A38E59AFB466F9A_1886/INPUTFILES/data_816164801.root
Running: cp /star/data01/pwg/xiatong/AMPT/14GeV/data_816164931.root /tmp/maxwoo/21EF1A6A9139C9FD2A38E59AFB466F9A_1886/INPUTFILES/data_816164931.root
Running: cp /star/data01/pwg/xiatong/AMPT/14GeV/data_816164971.root /tmp/maxwoo/21EF1A6A9139C9FD2A38E59AFB466F9A_1886/INPUTFILES/data_816164971.root
Running: cp /star/data01/pwg/xiatong/AMPT/14GeV/data_816165021.root /tmp/maxwoo/21EF1A6A9139C9FD2A38E59AFB466F9A_1886/INPUTFILES/data_816165021.root
Running: cp /star/data01/pwg/xiatong/AMPT/14GeV/data_816165031.root /tmp/maxwoo/21EF1A6A9139C9FD2A38E59AFB466F9A_1886/INPUTFILES/data_816165031.root
Running: cp /star/data01/pwg/xiatong/AMPT/14GeV/data_816167251.root /tmp/maxwoo/21EF1A6A9139C9FD2A38E59AFB466F9A_1886/INPUTFILES/data_816167251.root
Running: cp /star/data01/pwg/xiatong/AMPT/14GeV/data_816178551.root /tmp/maxwoo/21EF1A6A9139C9FD2A38E59AFB466F9A_1886/INPUTFILES/data_816178551.root
Running: cp /star/data01/pwg/xiatong/AMPT/14GeV/data_816178561.root /tmp/maxwoo/21EF1A6A9139C9FD2A38E59AFB466F9A_1886/INPUTFILES/data_816178561.root
Running: cp /star/data01/pwg/xiatong/AMPT/14GeV/data_816195291.root /tmp/maxwoo/21EF1A6A9139C9FD2A38E59AFB466F9A_1886/INPUTFILES/data_816195291.root
Running: cp /star/data01/pwg/xiatong/AMPT/14GeV/data_816196571.root /tmp/maxwoo/21EF1A6A9139C9FD2A38E59AFB466F9A_1886/INPUTFILES/data_816196571.root
Running: cp /star/data01/pwg/xiatong/AMPT/14GeV/data_816599311.root /tmp/maxwoo/21EF1A6A9139C9FD2A38E59AFB466F9A_1886/INPUTFILES/data_816599311.root
Running: cp /star/data01/pwg/xiatong/AMPT/14GeV/data_816699301.root /tmp/maxwoo/21EF1A6A9139C9FD2A38E59AFB466F9A_1886/INPUTFILES/data_816699301.root
Running: cp /star/data01/pwg/xiatong/AMPT/14GeV/data_816899291.root /tmp/maxwoo/21EF1A6A9139C9FD2A38E59AFB466F9A_1886/INPUTFILES/data_816899291.root
Running: cp /star/data01/pwg/xiatong/AMPT/14GeV/data_817102521.root /tmp/maxwoo/21EF1A6A9139C9FD2A38E59AFB466F9A_1886/INPUTFILES/data_817102521.root
Running: cp /star/data01/pwg/xiatong/AMPT/14GeV/data_817102831.root /tmp/maxwoo/21EF1A6A9139C9FD2A38E59AFB466F9A_1886/INPUTFILES/data_817102831.root
Running: cp /star/data01/pwg/xiatong/AMPT/14GeV/data_817103021.root /tmp/maxwoo/21EF1A6A9139C9FD2A38E59AFB466F9A_1886/INPUTFILES/data_817103021.root
Running: cp /star/data01/pwg/xiatong/AMPT/14GeV/data_817103281.root /tmp/maxwoo/21EF1A6A9139C9FD2A38E59AFB466F9A_1886/INPUTFILES/data_817103281.root
Swapping $FILELIST with: /tmp/maxwoo/21EF1A6A9139C9FD2A38E59AFB466F9A_1886/INPUTFILES/21EF1A6A9139C9FD2A38E59AFB466F9A_1886.local.list
+++++++++++local copy debug++++++++++++++++++++
newFileList: /tmp/maxwoo/21EF1A6A9139C9FD2A38E59AFB466F9A_1886/INPUTFILES/21EF1A6A9139C9FD2A38E59AFB466F9A_1886.local.list
++++++++++++++++cat FILELIST+++++++++++++++++++
/tmp/maxwoo/21EF1A6A9139C9FD2A38E59AFB466F9A_1886/INPUTFILES/data_816103731.root 
/tmp/maxwoo/21EF1A6A9139C9FD2A38E59AFB466F9A_1886/INPUTFILES/data_816103741.root 
/tmp/maxwoo/21EF1A6A9139C9FD2A38E59AFB466F9A_1886/INPUTFILES/data_816103751.root 
/tmp/maxwoo/21EF1A6A9139C9FD2A38E59AFB466F9A_1886/INPUTFILES/data_816103771.root 
/tmp/maxwoo/21EF1A6A9139C9FD2A38E59AFB466F9A_1886/INPUTFILES/data_816103791.root 
/tmp/maxwoo/21EF1A6A9139C9FD2A38E59AFB466F9A_1886/INPUTFILES/data_816103891.root 
/tmp/maxwoo/21EF1A6A9139C9FD2A38E59AFB466F9A_1886/INPUTFILES/data_816107531.root 
/tmp/maxwoo/21EF1A6A9139C9FD2A38E59AFB466F9A_1886/INPUTFILES/data_816125431.root 
/tmp/maxwoo/21EF1A6A9139C9FD2A38E59AFB466F9A_1886/INPUTFILES/data_816132871.root 
/tmp/maxwoo/21EF1A6A9139C9FD2A38E59AFB466F9A_1886/INPUTFILES/data_816138281.root 
/tmp/maxwoo/21EF1A6A9139C9FD2A38E59AFB466F9A_1886/INPUTFILES/data_816138701.root 
/tmp/maxwoo/21EF1A6A9139C9FD2A38E59AFB466F9A_1886/INPUTFILES/data_816153551.root 
/tmp/maxwoo/21EF1A6A9139C9FD2A38E59AFB466F9A_1886/INPUTFILES/data_816154541.root 
/tmp/maxwoo/21EF1A6A9139C9FD2A38E59AFB466F9A_1886/INPUTFILES/data_816155611.root 
/tmp/maxwoo/21EF1A6A9139C9FD2A38E59AFB466F9A_1886/INPUTFILES/data_816156491.root 
/tmp/maxwoo/21EF1A6A9139C9FD2A38E59AFB466F9A_1886/INPUTFILES/data_816158531.root 
/tmp/maxwoo/21EF1A6A9139C9FD2A38E59AFB466F9A_1886/INPUTFILES/data_816161101.root 
/tmp/maxwoo/21EF1A6A9139C9FD2A38E59AFB466F9A_1886/INPUTFILES/data_816163941.root 
/tmp/maxwoo/21EF1A6A9139C9FD2A38E59AFB466F9A_1886/INPUTFILES/data_816164271.root 
/tmp/maxwoo/21EF1A6A9139C9FD2A38E59AFB466F9A_1886/INPUTFILES/data_816164731.root 
/tmp/maxwoo/21EF1A6A9139C9FD2A38E59AFB466F9A_1886/INPUTFILES/data_816164801.root 
/tmp/maxwoo/21EF1A6A9139C9FD2A38E59AFB466F9A_1886/INPUTFILES/data_816164931.root 
/tmp/maxwoo/21EF1A6A9139C9FD2A38E59AFB466F9A_1886/INPUTFILES/data_816164971.root 
/tmp/maxwoo/21EF1A6A9139C9FD2A38E59AFB466F9A_1886/INPUTFILES/data_816165021.root 
/tmp/maxwoo/21EF1A6A9139C9FD2A38E59AFB466F9A_1886/INPUTFILES/data_816165031.root 
/tmp/maxwoo/21EF1A6A9139C9FD2A38E59AFB466F9A_1886/INPUTFILES/data_816167251.root 
/tmp/maxwoo/21EF1A6A9139C9FD2A38E59AFB466F9A_1886/INPUTFILES/data_816178551.root 
/tmp/maxwoo/21EF1A6A9139C9FD2A38E59AFB466F9A_1886/INPUTFILES/data_816178561.root 
/tmp/maxwoo/21EF1A6A9139C9FD2A38E59AFB466F9A_1886/INPUTFILES/data_816195291.root 
/tmp/maxwoo/21EF1A6A9139C9FD2A38E59AFB466F9A_1886/INPUTFILES/data_816196571.root 
/tmp/maxwoo/21EF1A6A9139C9FD2A38E59AFB466F9A_1886/INPUTFILES/data_816599311.root 
/tmp/maxwoo/21EF1A6A9139C9FD2A38E59AFB466F9A_1886/INPUTFILES/data_816699301.root 
/tmp/maxwoo/21EF1A6A9139C9FD2A38E59AFB466F9A_1886/INPUTFILES/data_816899291.root 
/tmp/maxwoo/21EF1A6A9139C9FD2A38E59AFB466F9A_1886/INPUTFILES/data_817102521.root 
/tmp/maxwoo/21EF1A6A9139C9FD2A38E59AFB466F9A_1886/INPUTFILES/data_817102831.root 
/tmp/maxwoo/21EF1A6A9139C9FD2A38E59AFB466F9A_1886/INPUTFILES/data_817103021.root 
/tmp/maxwoo/21EF1A6A9139C9FD2A38E59AFB466F9A_1886/INPUTFILES/data_817103281.root 
++++++++++++++++++++find.++++++++++++++++++++++
.
./check_S.C
./INPUTFILES
./INPUTFILES/data_816164801.root
./INPUTFILES/data_816155611.root
./INPUTFILES/data_816163941.root
./INPUTFILES/data_816103771.root
./INPUTFILES/data_816899291.root
./INPUTFILES/data_816154541.root
./INPUTFILES/data_816125431.root
./INPUTFILES/data_817103021.root
./INPUTFILES/data_816164931.root
./INPUTFILES/data_816599311.root
./INPUTFILES/data_817102521.root
./INPUTFILES/data_816132871.root
./INPUTFILES/data_816103791.root
./INPUTFILES/data_816164971.root
./INPUTFILES/data_816138281.root
./INPUTFILES/data_816178551.root
./INPUTFILES/data_817102831.root
./INPUTFILES/data_816103891.root
./INPUTFILES/data_816195291.root
./INPUTFILES/data_816107531.root
./INPUTFILES/data_816156491.root
./INPUTFILES/data_816153551.root
./INPUTFILES/data_816699301.root
./INPUTFILES/data_816138701.root
./INPUTFILES/data_817103281.root
./INPUTFILES/data_816161101.root
./INPUTFILES/data_816165031.root
./INPUTFILES/data_816178561.root
./INPUTFILES/data_816103741.root
./INPUTFILES/data_816103751.root
./INPUTFILES/data_816165021.root
./INPUTFILES/data_816164731.root
./INPUTFILES/data_816103731.root
./INPUTFILES/data_816196571.root
./INPUTFILES/data_816158531.root
./INPUTFILES/data_816167251.root
./INPUTFILES/data_816164271.root
./INPUTFILES/21EF1A6A9139C9FD2A38E59AFB466F9A_1886.local.list
./.sandboxFiles
./Check_Sness.C
./.errror.log
./lib
./lib/MixedBuffer_cpp.d
./lib/my_particle_cpp.so
./lib/my_event.h
./lib/my_event_cpp_ACLiC_dict_rdict.pcm
./lib/MixedBuffer_cpp.so
./lib/NpartNormalizer.h
./lib/CenMaker_cpp.d
./lib/NpartNormalizer.cpp
./lib/my_particle_cpp.d
./lib/MixedBuffer_cpp_ACLiC_dict_rdict.pcm
./lib/CenMaker.h
./lib/MixedBuffer.cpp
./lib/my_particle_cpp_ACLiC_dict_rdict.pcm
./lib/CenMaker.cpp
./lib/my_particle.h
./lib/my_event_cpp.so
./lib/MixedBuffer.h
./lib/NpartNormalizer_cpp.so
./lib/CenMaker_cpp.so
./lib/my_particle.cpp
./lib/NpartNormalizer_cpp_ACLiC_dict_rdict.pcm
./lib/CenMaker_cpp_ACLiC_dict_rdict.pcm
./lib/NpartNormalizer_cpp.d
./lib/my_event.cpp
./lib/my_event_cpp.d
./.output.log
++++++++++++++++INPUTFILE Var++++++++++++++++++
FILELIST=/tmp/maxwoo/21EF1A6A9139C9FD2A38E59AFB466F9A_1886/INPUTFILES/21EF1A6A9139C9FD2A38E59AFB466F9A_1886.local.list
INPUTFILECOUNT=37
INPUTFILE0=/tmp/maxwoo/21EF1A6A9139C9FD2A38E59AFB466F9A_1886/INPUTFILES/data_816103731.root
INPUTFILE1=/tmp/maxwoo/21EF1A6A9139C9FD2A38E59AFB466F9A_1886/INPUTFILES/data_816103741.root
INPUTFILE2=/tmp/maxwoo/21EF1A6A9139C9FD2A38E59AFB466F9A_1886/INPUTFILES/data_816103751.root
INPUTFILE3=/tmp/maxwoo/21EF1A6A9139C9FD2A38E59AFB466F9A_1886/INPUTFILES/data_816103771.root
INPUTFILE4=/tmp/maxwoo/21EF1A6A9139C9FD2A38E59AFB466F9A_1886/INPUTFILES/data_816103791.root
INPUTFILE5=/tmp/maxwoo/21EF1A6A9139C9FD2A38E59AFB466F9A_1886/INPUTFILES/data_816103891.root
INPUTFILE6=/tmp/maxwoo/21EF1A6A9139C9FD2A38E59AFB466F9A_1886/INPUTFILES/data_816107531.root
INPUTFILE7=/tmp/maxwoo/21EF1A6A9139C9FD2A38E59AFB466F9A_1886/INPUTFILES/data_816125431.root
INPUTFILE8=/tmp/maxwoo/21EF1A6A9139C9FD2A38E59AFB466F9A_1886/INPUTFILES/data_816132871.root
INPUTFILE9=/tmp/maxwoo/21EF1A6A9139C9FD2A38E59AFB466F9A_1886/INPUTFILES/data_816138281.root
INPUTFILE10=/tmp/maxwoo/21EF1A6A9139C9FD2A38E59AFB466F9A_1886/INPUTFILES/data_816138701.root
INPUTFILE11=/tmp/maxwoo/21EF1A6A9139C9FD2A38E59AFB466F9A_1886/INPUTFILES/data_816153551.root
INPUTFILE12=/tmp/maxwoo/21EF1A6A9139C9FD2A38E59AFB466F9A_1886/INPUTFILES/data_816154541.root
INPUTFILE13=/tmp/maxwoo/21EF1A6A9139C9FD2A38E59AFB466F9A_1886/INPUTFILES/data_816155611.root
INPUTFILE14=/tmp/maxwoo/21EF1A6A9139C9FD2A38E59AFB466F9A_1886/INPUTFILES/data_816156491.root
INPUTFILE15=/tmp/maxwoo/21EF1A6A9139C9FD2A38E59AFB466F9A_1886/INPUTFILES/data_816158531.root
INPUTFILE16=/tmp/maxwoo/21EF1A6A9139C9FD2A38E59AFB466F9A_1886/INPUTFILES/data_816161101.root
INPUTFILE17=/tmp/maxwoo/21EF1A6A9139C9FD2A38E59AFB466F9A_1886/INPUTFILES/data_816163941.root
INPUTFILE18=/tmp/maxwoo/21EF1A6A9139C9FD2A38E59AFB466F9A_1886/INPUTFILES/data_816164271.root
INPUTFILE19=/tmp/maxwoo/21EF1A6A9139C9FD2A38E59AFB466F9A_1886/INPUTFILES/data_816164731.root
INPUTFILE20=/tmp/maxwoo/21EF1A6A9139C9FD2A38E59AFB466F9A_1886/INPUTFILES/data_816164801.root
INPUTFILE21=/tmp/maxwoo/21EF1A6A9139C9FD2A38E59AFB466F9A_1886/INPUTFILES/data_816164931.root
INPUTFILE22=/tmp/maxwoo/21EF1A6A9139C9FD2A38E59AFB466F9A_1886/INPUTFILES/data_816164971.root
INPUTFILE23=/tmp/maxwoo/21EF1A6A9139C9FD2A38E59AFB466F9A_1886/INPUTFILES/data_816165021.root
INPUTFILE24=/tmp/maxwoo/21EF1A6A9139C9FD2A38E59AFB466F9A_1886/INPUTFILES/data_816165031.root
INPUTFILE25=/tmp/maxwoo/21EF1A6A9139C9FD2A38E59AFB466F9A_1886/INPUTFILES/data_816167251.root
INPUTFILE26=/tmp/maxwoo/21EF1A6A9139C9FD2A38E59AFB466F9A_1886/INPUTFILES/data_816178551.root
INPUTFILE27=/tmp/maxwoo/21EF1A6A9139C9FD2A38E59AFB466F9A_1886/INPUTFILES/data_816178561.root
INPUTFILE28=/tmp/maxwoo/21EF1A6A9139C9FD2A38E59AFB466F9A_1886/INPUTFILES/data_816195291.root
INPUTFILE29=/tmp/maxwoo/21EF1A6A9139C9FD2A38E59AFB466F9A_1886/INPUTFILES/data_816196571.root
INPUTFILE30=/tmp/maxwoo/21EF1A6A9139C9FD2A38E59AFB466F9A_1886/INPUTFILES/data_816599311.root
INPUTFILE31=/tmp/maxwoo/21EF1A6A9139C9FD2A38E59AFB466F9A_1886/INPUTFILES/data_816699301.root
INPUTFILE32=/tmp/maxwoo/21EF1A6A9139C9FD2A38E59AFB466F9A_1886/INPUTFILES/data_816899291.root
INPUTFILE33=/tmp/maxwoo/21EF1A6A9139C9FD2A38E59AFB466F9A_1886/INPUTFILES/data_817102521.root
INPUTFILE34=/tmp/maxwoo/21EF1A6A9139C9FD2A38E59AFB466F9A_1886/INPUTFILES/data_817102831.root
INPUTFILE35=/tmp/maxwoo/21EF1A6A9139C9FD2A38E59AFB466F9A_1886/INPUTFILES/data_817103021.root
INPUTFILE36=/tmp/maxwoo/21EF1A6A9139C9FD2A38E59AFB466F9A_1886/INPUTFILES/data_817103281.root
LocalInputFileDir=/tmp/maxwoo/21EF1A6A9139C9FD2A38E59AFB466F9A_1886/INPUTFILES
NewFILELIST=/tmp/maxwoo/21EF1A6A9139C9FD2A38E59AFB466F9A_1886/INPUTFILES/21EF1A6A9139C9FD2A38E59AFB466F9A_1886.local.list
+++++++++++++++++++++++++++++++++++++++++++++++
--------------------------------
Simple Unified Meta Scheduler 1.10.50 we are starting in $SCRATCH : /home/tmp/maxwoo/21EF1A6A9139C9FD2A38E59AFB466F9A_1886
--------------------------------
total 16
lrwxrwxrwx 1 maxwoo rhstar   61 Jun  2 11:03 check_S.C -> /gpfs/mnt/gpfs01/star/pwg/xiatong/git/strangeness/./check_S.C
lrwxrwxrwx 1 maxwoo rhstar   65 Jun  2 11:03 Check_Sness.C -> /gpfs/mnt/gpfs01/star/pwg/xiatong/git/strangeness/./Check_Sness.C
drwxr-xr-x 2 maxwoo rhstar 4096 Jun  2 11:08 INPUTFILES
drwxr-xr-x 2 maxwoo rhstar 4096 Jun  2 11:03 lib
  *******************************************
  *                                         *
  *        W E L C O M E  to  R O O T       *
  *                                         *
  *   Version   5.34/38     12 March 2018   *
  *                                         *
  *  You are welcome to visit our Web site  *
  *          http://root.cern.ch            *
  *                                         *
  *******************************************

ROOT 5.34/38 (v5-34-38@v5-34-38, Mar 12 2018, 15:49:39 on linux)

CINT/ROOT C/C++ Interpreter version 5.18.00, July 2, 2010
Type ? for help. Commands must be C++ statements.
Enclose multiple statements between { }.
*** Float Point Exception is OFF ***
 *** Start at Date : Thu Jun  2 11:08:07 2022
QAInfo:You are using STAR_LEVEL : dev, ROOT_LEVEL : 5.34.38 and node : spool0310.sdcc.bnl.gov 

Processing check_S.C++("/tmp/maxwoo/21EF1A6A9139C9FD2A38E59AFB466F9A_1886/INPUTFILES/21EF1A6A9139C9FD2A38E59AFB466F9A_1886.local.list","21EF1A6A9139C9FD2A38E59AFB466F9A_1886",1)...
/tmp/maxwoo/21EF1A6A9139C9FD2A38E59AFB466F9A_1886/INPUTFILES/data_816103731.root 
/tmp/maxwoo/21EF1A6A9139C9FD2A38E59AFB466F9A_1886/INPUTFILES/data_816103741.root 
/tmp/maxwoo/21EF1A6A9139C9FD2A38E59AFB466F9A_1886/INPUTFILES/data_816103751.root 
/tmp/maxwoo/21EF1A6A9139C9FD2A38E59AFB466F9A_1886/INPUTFILES/data_816103771.root 
/tmp/maxwoo/21EF1A6A9139C9FD2A38E59AFB466F9A_1886/INPUTFILES/data_816103791.root 
/tmp/maxwoo/21EF1A6A9139C9FD2A38E59AFB466F9A_1886/INPUTFILES/data_816103891.root 
/tmp/maxwoo/21EF1A6A9139C9FD2A38E59AFB466F9A_1886/INPUTFILES/data_816107531.root 
/tmp/maxwoo/21EF1A6A9139C9FD2A38E59AFB466F9A_1886/INPUTFILES/data_816125431.root 
/tmp/maxwoo/21EF1A6A9139C9FD2A38E59AFB466F9A_1886/INPUTFILES/data_816132871.root 
/tmp/maxwoo/21EF1A6A9139C9FD2A38E59AFB466F9A_1886/INPUTFILES/data_816138281.root 
/tmp/maxwoo/21EF1A6A9139C9FD2A38E59AFB466F9A_1886/INPUTFILES/data_816138701.root 
/tmp/maxwoo/21EF1A6A9139C9FD2A38E59AFB466F9A_1886/INPUTFILES/data_816153551.root 
/tmp/maxwoo/21EF1A6A9139C9FD2A38E59AFB466F9A_1886/INPUTFILES/data_816154541.root 
/tmp/maxwoo/21EF1A6A9139C9FD2A38E59AFB466F9A_1886/INPUTFILES/data_816155611.root 
/tmp/maxwoo/21EF1A6A9139C9FD2A38E59AFB466F9A_1886/INPUTFILES/data_816156491.root 
/tmp/maxwoo/21EF1A6A9139C9FD2A38E59AFB466F9A_1886/INPUTFILES/data_816158531.root 
/tmp/maxwoo/21EF1A6A9139C9FD2A38E59AFB466F9A_1886/INPUTFILES/data_816161101.root 
/tmp/maxwoo/21EF1A6A9139C9FD2A38E59AFB466F9A_1886/INPUTFILES/data_816163941.root 
/tmp/maxwoo/21EF1A6A9139C9FD2A38E59AFB466F9A_1886/INPUTFILES/data_816164271.root 
/tmp/maxwoo/21EF1A6A9139C9FD2A38E59AFB466F9A_1886/INPUTFILES/data_816164731.root 
/tmp/maxwoo/21EF1A6A9139C9FD2A38E59AFB466F9A_1886/INPUTFILES/data_816164801.root 
/tmp/maxwoo/21EF1A6A9139C9FD2A38E59AFB466F9A_1886/INPUTFILES/data_816164931.root 
/tmp/maxwoo/21EF1A6A9139C9FD2A38E59AFB466F9A_1886/INPUTFILES/data_816164971.root 
/tmp/maxwoo/21EF1A6A9139C9FD2A38E59AFB466F9A_1886/INPUTFILES/data_816165021.root 
/tmp/maxwoo/21EF1A6A9139C9FD2A38E59AFB466F9A_1886/INPUTFILES/data_816165031.root 
/tmp/maxwoo/21EF1A6A9139C9FD2A38E59AFB466F9A_1886/INPUTFILES/data_816167251.root 
/tmp/maxwoo/21EF1A6A9139C9FD2A38E59AFB466F9A_1886/INPUTFILES/data_816178551.root 
/tmp/maxwoo/21EF1A6A9139C9FD2A38E59AFB466F9A_1886/INPUTFILES/data_816178561.root 
/tmp/maxwoo/21EF1A6A9139C9FD2A38E59AFB466F9A_1886/INPUTFILES/data_816195291.root 
/tmp/maxwoo/21EF1A6A9139C9FD2A38E59AFB466F9A_1886/INPUTFILES/data_816196571.root 
/tmp/maxwoo/21EF1A6A9139C9FD2A38E59AFB466F9A_1886/INPUTFILES/data_816599311.root 
/tmp/maxwoo/21EF1A6A9139C9FD2A38E59AFB466F9A_1886/INPUTFILES/data_816699301.root 
/tmp/maxwoo/21EF1A6A9139C9FD2A38E59AFB466F9A_1886/INPUTFILES/data_816899291.root 
/tmp/maxwoo/21EF1A6A9139C9FD2A38E59AFB466F9A_1886/INPUTFILES/data_817102521.root 
/tmp/maxwoo/21EF1A6A9139C9FD2A38E59AFB466F9A_1886/INPUTFILES/data_817102831.root 
/tmp/maxwoo/21EF1A6A9139C9FD2A38E59AFB466F9A_1886/INPUTFILES/data_817103021.root 
/tmp/maxwoo/21EF1A6A9139C9FD2A38E59AFB466F9A_1886/INPUTFILES/data_817103281.root 
Added 37 files
# entries in chain: 37000
Processing entry == 1000 == out of 37000.
Processing entry == 2000 == out of 37000.
Processing entry == 3000 == out of 37000.
Processing entry == 4000 == out of 37000.
Processing entry == 5000 == out of 37000.
Processing entry == 6000 == out of 37000.
Processing entry == 7000 == out of 37000.
Processing entry == 8000 == out of 37000.
Processing entry == 9000 == out of 37000.
Processing entry == 10000 == out of 37000.
Processing entry == 11000 == out of 37000.
Processing entry == 12000 == out of 37000.
Processing entry == 13000 == out of 37000.
Processing entry == 14000 == out of 37000.
Processing entry == 15000 == out of 37000.
Processing entry == 16000 == out of 37000.
Processing entry == 17000 == out of 37000.
Processing entry == 18000 == out of 37000.
Processing entry == 19000 == out of 37000.
Processing entry == 20000 == out of 37000.
Processing entry == 21000 == out of 37000.
Processing entry == 22000 == out of 37000.
Processing entry == 23000 == out of 37000.
Processing entry == 24000 == out of 37000.
Processing entry == 25000 == out of 37000.
Processing entry == 26000 == out of 37000.
Processing entry == 27000 == out of 37000.
Processing entry == 28000 == out of 37000.
Processing entry == 29000 == out of 37000.
Processing entry == 30000 == out of 37000.
Processing entry == 31000 == out of 37000.
Processing entry == 32000 == out of 37000.
Processing entry == 33000 == out of 37000.
Processing entry == 34000 == out of 37000.
Processing entry == 35000 == out of 37000.
Processing entry == 36000 == out of 37000.
Processing entry == 37000 == out of 37000.

This is the end of ROOT -- Goodbye

Cleaning up sandbox file:  /tmp/maxwoo/21EF1A6A9139C9FD2A38E59AFB466F9A_1886/check_S.C
Cleaning up sandbox file:  /tmp/maxwoo/21EF1A6A9139C9FD2A38E59AFB466F9A_1886/Check_Sness.C
Cleaning up sandbox file:  /tmp/maxwoo/21EF1A6A9139C9FD2A38E59AFB466F9A_1886/lib
Cleaning up sandbox file:  /tmp/maxwoo/21EF1A6A9139C9FD2A38E59AFB466F9A_1886/.sandboxFiles
Starting copy block
Running copy command:  /bin/cp -fp /tmp/maxwoo/21EF1A6A9139C9FD2A38E59AFB466F9A_1886/out_21EF1A6A9139C9FD2A38E59AFB466F9A_1886.root /star/data01/pwg/xiatong/git/strangeness/data/
26165 Execution of (/star/data01/pwg/xiatong/git/strangeness/script/sched21EF1A6A9139C9FD2A38E59AFB466F9A_1886.csh ) has ended, exiting normally
26165 We END on [Thu Jun  2 11:37:52 EDT 2022]
