We are starting on node: rcrs6207.rcf.bnl.gov
HOME is not defined
Using getent method
HOME is now /star/u/maxwoo
40548 We will spawn ourselves (/star/data01/pwg/xiatong/git/strangeness/script/sched21EF1A6A9139C9FD2A38E59AFB466F9A_342.csh )
40548 We BEGIN on [Thu Jun  2 11:37:30 EDT 2022]
[1] 40739
40548 We are waiting for 40739 
40548 Grandchild PID is 40931 - found in 10 x 1 seconds
40548 Establishing first watcher   on    Thu Jun  2 11:37:41 EDT 2022
40548 Process tree is 40548 (main) -> 40739 (child) -> 40931 (grandchild)
F S   UID   PID  PPID  C PRI  NI ADDR SZ WCHAN  TTY        TIME CMD
0 D 100667 40931 40739  0 80   0 - 32311 cxiWai ?          0:00 cp /star/data01/pwg/xiatong/AMPT/14GeV/data_164934271.root /tmp/maxwoo/21EF1A6A9139C9FD2A38E59AFB466F9A_342/INPUTFILES/data_164934271.root
40548 Grandchild PID is 43259 - found in 30 x 2 seconds
40548 Grandchild to watch has changed on Thu Jun  2 11:38:22 EDT 2022
40548 Process tree is 40548 (main) -> 40739 (child) -> 43259 (grandchild)
F S   UID   PID  PPID  C PRI  NI ADDR SZ WCHAN  TTY        TIME CMD
0 D 100667 43259 40739  0 80   0 - 32311 cxiWai ?          0:00 cp /star/data01/pwg/xiatong/AMPT/14GeV/data_164934381.root /tmp/maxwoo/21EF1A6A9139C9FD2A38E59AFB466F9A_342/INPUTFILES/data_164934381.root
40548 Grandchild PID is 44720 - found in 50 x 2 seconds
40548 Grandchild to watch has changed on Thu Jun  2 11:39:03 EDT 2022
40548 Process tree is 40548 (main) -> 40739 (child) -> 44720 (grandchild)
F S   UID   PID  PPID  C PRI  NI ADDR SZ WCHAN  TTY        TIME CMD
0 D 100667 44720 40739  0 80   0 - 32311 cxiWai ?          0:00 cp /star/data01/pwg/xiatong/AMPT/14GeV/data_164934851.root /tmp/maxwoo/21EF1A6A9139C9FD2A38E59AFB466F9A_342/INPUTFILES/data_164934851.root
40548 Grandchild PID is 45498 - found in 60 x 2 seconds
40548 Grandchild to watch has changed on Thu Jun  2 11:39:24 EDT 2022
40548 Process tree is 40548 (main) -> 40739 (child) -> 45498 (grandchild)
F S   UID   PID  PPID  C PRI  NI ADDR SZ WCHAN  TTY        TIME CMD
0 D 100667 45498 40739  0 80   0 - 32311 cxiWai ?          0:00 cp /star/data01/pwg/xiatong/AMPT/14GeV/data_165031401.root /tmp/maxwoo/21EF1A6A9139C9FD2A38E59AFB466F9A_342/INPUTFILES/data_165031401.root
40548 Grandchild PID is 46389 - found in 70 x 2 seconds
40548 Grandchild to watch has changed on Thu Jun  2 11:39:44 EDT 2022
40548 Process tree is 40548 (main) -> 40739 (child) -> 46389 (grandchild)
F S   UID   PID  PPID  C PRI  NI ADDR SZ WCHAN  TTY        TIME CMD
0 D 100667 46389 40739  0 80   0 - 32311 cxiWai ?          0:00 cp /star/data01/pwg/xiatong/AMPT/14GeV/data_165152131.root /tmp/maxwoo/21EF1A6A9139C9FD2A38E59AFB466F9A_342/INPUTFILES/data_165152131.root
40548 Grandchild PID is 48939 - found in 90 x 2 seconds
40548 Grandchild to watch has changed on Thu Jun  2 11:40:26 EDT 2022
40548 Process tree is 40548 (main) -> 40739 (child) -> 48939 (grandchild)
F S   UID   PID  PPID  C PRI  NI ADDR SZ WCHAN  TTY        TIME CMD
0 D 100667 48939 40739  0 80   0 - 32311 cxiWai ?          0:00 cp /star/data01/pwg/xiatong/AMPT/14GeV/data_165176111.root /tmp/maxwoo/21EF1A6A9139C9FD2A38E59AFB466F9A_342/INPUTFILES/data_165176111.root
40548 Grandchild PID is 49376 - found in 100 x 2 seconds
40548 Grandchild to watch has changed on Thu Jun  2 11:40:46 EDT 2022
40548 Process tree is 40548 (main) -> 40739 (child) -> 49376 (grandchild)
F S   UID   PID  PPID  C PRI  NI ADDR SZ WCHAN  TTY        TIME CMD
0 D 100667 49376 40739  0 80   0 - 32311 cxiWai ?          0:00 cp /star/data01/pwg/xiatong/AMPT/14GeV/data_165184561.root /tmp/maxwoo/21EF1A6A9139C9FD2A38E59AFB466F9A_342/INPUTFILES/data_165184561.root
40548 Grandchild PID is 51997 - found in 120 x 2 seconds
40548 Grandchild to watch has changed on Thu Jun  2 11:41:28 EDT 2022
40548 Process tree is 40548 (main) -> 40739 (child) -> 51997 (grandchild)
F S   UID   PID  PPID  C PRI  NI ADDR SZ WCHAN  TTY        TIME CMD
0 D 100667 51997 40739  0 80   0 - 32311 cxiWai ?          0:00 cp /star/data01/pwg/xiatong/AMPT/14GeV/data_165191961.root /tmp/maxwoo/21EF1A6A9139C9FD2A38E59AFB466F9A_342/INPUTFILES/data_165191961.root
40548 Grandchild PID is 52953 - found in 130 x 2 seconds
40548 Grandchild to watch has changed on Thu Jun  2 11:41:49 EDT 2022
40548 Process tree is 40548 (main) -> 40739 (child) -> 52953 (grandchild)
F S   UID   PID  PPID  C PRI  NI ADDR SZ WCHAN  TTY        TIME CMD
0 D 100667 52953 40739  0 80   0 - 32311 cxiWai ?          0:00 cp /star/data01/pwg/xiatong/AMPT/14GeV/data_165192101.root /tmp/maxwoo/21EF1A6A9139C9FD2A38E59AFB466F9A_342/INPUTFILES/data_165192101.root
40548 Grandchild PID is 53748 - found in 140 x 2 seconds
40548 Grandchild to watch has changed on Thu Jun  2 11:42:10 EDT 2022
40548 Process tree is 40548 (main) -> 40739 (child) -> 53748 (grandchild)
F S   UID   PID  PPID  C PRI  NI ADDR SZ WCHAN  TTY        TIME CMD
0 S 100667 53748 40739  0 80   0 -  1272 do_wai ?          0:00 root -b -q check_S.C++("/tmp/maxwoo/21EF1A6A9139C9FD2A38E59AFB466F9A_342/INPUTFILES/21EF1A6A9139C9FD2A38E59AFB466F9A_342.local.list","21EF1A6A9139C9FD2A38E59AFB466F9A_342",1)
40739 Stepping into the main SUMS wrapper program with []
.... building sandbox
Running: cp /star/data01/pwg/xiatong/AMPT/14GeV/data_164934271.root /tmp/maxwoo/21EF1A6A9139C9FD2A38E59AFB466F9A_342/INPUTFILES/data_164934271.root
Running: cp /star/data01/pwg/xiatong/AMPT/14GeV/data_164934381.root /tmp/maxwoo/21EF1A6A9139C9FD2A38E59AFB466F9A_342/INPUTFILES/data_164934381.root
Running: cp /star/data01/pwg/xiatong/AMPT/14GeV/data_164934471.root /tmp/maxwoo/21EF1A6A9139C9FD2A38E59AFB466F9A_342/INPUTFILES/data_164934471.root
Running: cp /star/data01/pwg/xiatong/AMPT/14GeV/data_164934581.root /tmp/maxwoo/21EF1A6A9139C9FD2A38E59AFB466F9A_342/INPUTFILES/data_164934581.root
Running: cp /star/data01/pwg/xiatong/AMPT/14GeV/data_164934681.root /tmp/maxwoo/21EF1A6A9139C9FD2A38E59AFB466F9A_342/INPUTFILES/data_164934681.root
Running: cp /star/data01/pwg/xiatong/AMPT/14GeV/data_164934691.root /tmp/maxwoo/21EF1A6A9139C9FD2A38E59AFB466F9A_342/INPUTFILES/data_164934691.root
Running: cp /star/data01/pwg/xiatong/AMPT/14GeV/data_164934851.root /tmp/maxwoo/21EF1A6A9139C9FD2A38E59AFB466F9A_342/INPUTFILES/data_164934851.root
Running: cp /star/data01/pwg/xiatong/AMPT/14GeV/data_164934891.root /tmp/maxwoo/21EF1A6A9139C9FD2A38E59AFB466F9A_342/INPUTFILES/data_164934891.root
Running: cp /star/data01/pwg/xiatong/AMPT/14GeV/data_164935011.root /tmp/maxwoo/21EF1A6A9139C9FD2A38E59AFB466F9A_342/INPUTFILES/data_164935011.root
Running: cp /star/data01/pwg/xiatong/AMPT/14GeV/data_164935101.root /tmp/maxwoo/21EF1A6A9139C9FD2A38E59AFB466F9A_342/INPUTFILES/data_164935101.root
Running: cp /star/data01/pwg/xiatong/AMPT/14GeV/data_165031401.root /tmp/maxwoo/21EF1A6A9139C9FD2A38E59AFB466F9A_342/INPUTFILES/data_165031401.root
Running: cp /star/data01/pwg/xiatong/AMPT/14GeV/data_165034101.root /tmp/maxwoo/21EF1A6A9139C9FD2A38E59AFB466F9A_342/INPUTFILES/data_165034101.root
Running: cp /star/data01/pwg/xiatong/AMPT/14GeV/data_165077741.root /tmp/maxwoo/21EF1A6A9139C9FD2A38E59AFB466F9A_342/INPUTFILES/data_165077741.root
Running: cp /star/data01/pwg/xiatong/AMPT/14GeV/data_165101051.root /tmp/maxwoo/21EF1A6A9139C9FD2A38E59AFB466F9A_342/INPUTFILES/data_165101051.root
Running: cp /star/data01/pwg/xiatong/AMPT/14GeV/data_165101381.root /tmp/maxwoo/21EF1A6A9139C9FD2A38E59AFB466F9A_342/INPUTFILES/data_165101381.root
Running: cp /star/data01/pwg/xiatong/AMPT/14GeV/data_165129871.root /tmp/maxwoo/21EF1A6A9139C9FD2A38E59AFB466F9A_342/INPUTFILES/data_165129871.root
Running: cp /star/data01/pwg/xiatong/AMPT/14GeV/data_165148881.root /tmp/maxwoo/21EF1A6A9139C9FD2A38E59AFB466F9A_342/INPUTFILES/data_165148881.root
Running: cp /star/data01/pwg/xiatong/AMPT/14GeV/data_165152131.root /tmp/maxwoo/21EF1A6A9139C9FD2A38E59AFB466F9A_342/INPUTFILES/data_165152131.root
Running: cp /star/data01/pwg/xiatong/AMPT/14GeV/data_165152151.root /tmp/maxwoo/21EF1A6A9139C9FD2A38E59AFB466F9A_342/INPUTFILES/data_165152151.root
Running: cp /star/data01/pwg/xiatong/AMPT/14GeV/data_165162161.root /tmp/maxwoo/21EF1A6A9139C9FD2A38E59AFB466F9A_342/INPUTFILES/data_165162161.root
Running: cp /star/data01/pwg/xiatong/AMPT/14GeV/data_165166601.root /tmp/maxwoo/21EF1A6A9139C9FD2A38E59AFB466F9A_342/INPUTFILES/data_165166601.root
Running: cp /star/data01/pwg/xiatong/AMPT/14GeV/data_165166611.root /tmp/maxwoo/21EF1A6A9139C9FD2A38E59AFB466F9A_342/INPUTFILES/data_165166611.root
Running: cp /star/data01/pwg/xiatong/AMPT/14GeV/data_165176111.root /tmp/maxwoo/21EF1A6A9139C9FD2A38E59AFB466F9A_342/INPUTFILES/data_165176111.root
Running: cp /star/data01/pwg/xiatong/AMPT/14GeV/data_165184561.root /tmp/maxwoo/21EF1A6A9139C9FD2A38E59AFB466F9A_342/INPUTFILES/data_165184561.root
Running: cp /star/data01/pwg/xiatong/AMPT/14GeV/data_165191941.root /tmp/maxwoo/21EF1A6A9139C9FD2A38E59AFB466F9A_342/INPUTFILES/data_165191941.root
Running: cp /star/data01/pwg/xiatong/AMPT/14GeV/data_165191951.root /tmp/maxwoo/21EF1A6A9139C9FD2A38E59AFB466F9A_342/INPUTFILES/data_165191951.root
Running: cp /star/data01/pwg/xiatong/AMPT/14GeV/data_165191961.root /tmp/maxwoo/21EF1A6A9139C9FD2A38E59AFB466F9A_342/INPUTFILES/data_165191961.root
Running: cp /star/data01/pwg/xiatong/AMPT/14GeV/data_165191981.root /tmp/maxwoo/21EF1A6A9139C9FD2A38E59AFB466F9A_342/INPUTFILES/data_165191981.root
Running: cp /star/data01/pwg/xiatong/AMPT/14GeV/data_165191991.root /tmp/maxwoo/21EF1A6A9139C9FD2A38E59AFB466F9A_342/INPUTFILES/data_165191991.root
Running: cp /star/data01/pwg/xiatong/AMPT/14GeV/data_165192001.root /tmp/maxwoo/21EF1A6A9139C9FD2A38E59AFB466F9A_342/INPUTFILES/data_165192001.root
Running: cp /star/data01/pwg/xiatong/AMPT/14GeV/data_165192011.root /tmp/maxwoo/21EF1A6A9139C9FD2A38E59AFB466F9A_342/INPUTFILES/data_165192011.root
Running: cp /star/data01/pwg/xiatong/AMPT/14GeV/data_165192021.root /tmp/maxwoo/21EF1A6A9139C9FD2A38E59AFB466F9A_342/INPUTFILES/data_165192021.root
Running: cp /star/data01/pwg/xiatong/AMPT/14GeV/data_165192061.root /tmp/maxwoo/21EF1A6A9139C9FD2A38E59AFB466F9A_342/INPUTFILES/data_165192061.root
Running: cp /star/data01/pwg/xiatong/AMPT/14GeV/data_165192091.root /tmp/maxwoo/21EF1A6A9139C9FD2A38E59AFB466F9A_342/INPUTFILES/data_165192091.root
Running: cp /star/data01/pwg/xiatong/AMPT/14GeV/data_165192101.root /tmp/maxwoo/21EF1A6A9139C9FD2A38E59AFB466F9A_342/INPUTFILES/data_165192101.root
Running: cp /star/data01/pwg/xiatong/AMPT/14GeV/data_165192111.root /tmp/maxwoo/21EF1A6A9139C9FD2A38E59AFB466F9A_342/INPUTFILES/data_165192111.root
Running: cp /star/data01/pwg/xiatong/AMPT/14GeV/data_165192121.root /tmp/maxwoo/21EF1A6A9139C9FD2A38E59AFB466F9A_342/INPUTFILES/data_165192121.root
Swapping $FILELIST with: /tmp/maxwoo/21EF1A6A9139C9FD2A38E59AFB466F9A_342/INPUTFILES/21EF1A6A9139C9FD2A38E59AFB466F9A_342.local.list
+++++++++++local copy debug++++++++++++++++++++
newFileList: /tmp/maxwoo/21EF1A6A9139C9FD2A38E59AFB466F9A_342/INPUTFILES/21EF1A6A9139C9FD2A38E59AFB466F9A_342.local.list
++++++++++++++++cat FILELIST+++++++++++++++++++
/tmp/maxwoo/21EF1A6A9139C9FD2A38E59AFB466F9A_342/INPUTFILES/data_164934271.root 
/tmp/maxwoo/21EF1A6A9139C9FD2A38E59AFB466F9A_342/INPUTFILES/data_164934381.root 
/tmp/maxwoo/21EF1A6A9139C9FD2A38E59AFB466F9A_342/INPUTFILES/data_164934471.root 
/tmp/maxwoo/21EF1A6A9139C9FD2A38E59AFB466F9A_342/INPUTFILES/data_164934581.root 
/tmp/maxwoo/21EF1A6A9139C9FD2A38E59AFB466F9A_342/INPUTFILES/data_164934681.root 
/tmp/maxwoo/21EF1A6A9139C9FD2A38E59AFB466F9A_342/INPUTFILES/data_164934691.root 
/tmp/maxwoo/21EF1A6A9139C9FD2A38E59AFB466F9A_342/INPUTFILES/data_164934851.root 
/tmp/maxwoo/21EF1A6A9139C9FD2A38E59AFB466F9A_342/INPUTFILES/data_164934891.root 
/tmp/maxwoo/21EF1A6A9139C9FD2A38E59AFB466F9A_342/INPUTFILES/data_164935011.root 
/tmp/maxwoo/21EF1A6A9139C9FD2A38E59AFB466F9A_342/INPUTFILES/data_164935101.root 
/tmp/maxwoo/21EF1A6A9139C9FD2A38E59AFB466F9A_342/INPUTFILES/data_165031401.root 
/tmp/maxwoo/21EF1A6A9139C9FD2A38E59AFB466F9A_342/INPUTFILES/data_165034101.root 
/tmp/maxwoo/21EF1A6A9139C9FD2A38E59AFB466F9A_342/INPUTFILES/data_165077741.root 
/tmp/maxwoo/21EF1A6A9139C9FD2A38E59AFB466F9A_342/INPUTFILES/data_165101051.root 
/tmp/maxwoo/21EF1A6A9139C9FD2A38E59AFB466F9A_342/INPUTFILES/data_165101381.root 
/tmp/maxwoo/21EF1A6A9139C9FD2A38E59AFB466F9A_342/INPUTFILES/data_165129871.root 
/tmp/maxwoo/21EF1A6A9139C9FD2A38E59AFB466F9A_342/INPUTFILES/data_165148881.root 
/tmp/maxwoo/21EF1A6A9139C9FD2A38E59AFB466F9A_342/INPUTFILES/data_165152131.root 
/tmp/maxwoo/21EF1A6A9139C9FD2A38E59AFB466F9A_342/INPUTFILES/data_165152151.root 
/tmp/maxwoo/21EF1A6A9139C9FD2A38E59AFB466F9A_342/INPUTFILES/data_165162161.root 
/tmp/maxwoo/21EF1A6A9139C9FD2A38E59AFB466F9A_342/INPUTFILES/data_165166601.root 
/tmp/maxwoo/21EF1A6A9139C9FD2A38E59AFB466F9A_342/INPUTFILES/data_165166611.root 
/tmp/maxwoo/21EF1A6A9139C9FD2A38E59AFB466F9A_342/INPUTFILES/data_165176111.root 
/tmp/maxwoo/21EF1A6A9139C9FD2A38E59AFB466F9A_342/INPUTFILES/data_165184561.root 
/tmp/maxwoo/21EF1A6A9139C9FD2A38E59AFB466F9A_342/INPUTFILES/data_165191941.root 
/tmp/maxwoo/21EF1A6A9139C9FD2A38E59AFB466F9A_342/INPUTFILES/data_165191951.root 
/tmp/maxwoo/21EF1A6A9139C9FD2A38E59AFB466F9A_342/INPUTFILES/data_165191961.root 
/tmp/maxwoo/21EF1A6A9139C9FD2A38E59AFB466F9A_342/INPUTFILES/data_165191981.root 
/tmp/maxwoo/21EF1A6A9139C9FD2A38E59AFB466F9A_342/INPUTFILES/data_165191991.root 
/tmp/maxwoo/21EF1A6A9139C9FD2A38E59AFB466F9A_342/INPUTFILES/data_165192001.root 
/tmp/maxwoo/21EF1A6A9139C9FD2A38E59AFB466F9A_342/INPUTFILES/data_165192011.root 
/tmp/maxwoo/21EF1A6A9139C9FD2A38E59AFB466F9A_342/INPUTFILES/data_165192021.root 
/tmp/maxwoo/21EF1A6A9139C9FD2A38E59AFB466F9A_342/INPUTFILES/data_165192061.root 
/tmp/maxwoo/21EF1A6A9139C9FD2A38E59AFB466F9A_342/INPUTFILES/data_165192091.root 
/tmp/maxwoo/21EF1A6A9139C9FD2A38E59AFB466F9A_342/INPUTFILES/data_165192101.root 
/tmp/maxwoo/21EF1A6A9139C9FD2A38E59AFB466F9A_342/INPUTFILES/data_165192111.root 
/tmp/maxwoo/21EF1A6A9139C9FD2A38E59AFB466F9A_342/INPUTFILES/data_165192121.root 
++++++++++++++++++++find.++++++++++++++++++++++
.
./lib
./lib/my_event_cpp.so
./lib/my_event.cpp
./lib/my_event_cpp.d
./lib/MixedBuffer_cpp.d
./lib/MixedBuffer.h
./lib/my_particle_cpp_ACLiC_dict_rdict.pcm
./lib/my_particle.cpp
./lib/CenMaker.cpp
./lib/CenMaker_cpp.d
./lib/NpartNormalizer_cpp.d
./lib/NpartNormalizer.cpp
./lib/CenMaker_cpp.so
./lib/my_particle.h
./lib/MixedBuffer.cpp
./lib/my_particle_cpp.so
./lib/MixedBuffer_cpp.so
./lib/CenMaker.h
./lib/my_event_cpp_ACLiC_dict_rdict.pcm
./lib/CenMaker_cpp_ACLiC_dict_rdict.pcm
./lib/NpartNormalizer.h
./lib/MixedBuffer_cpp_ACLiC_dict_rdict.pcm
./lib/NpartNormalizer_cpp.so
./lib/my_particle_cpp.d
./lib/my_event.h
./lib/NpartNormalizer_cpp_ACLiC_dict_rdict.pcm
./INPUTFILES
./INPUTFILES/data_165192011.root
./INPUTFILES/data_164934381.root
./INPUTFILES/data_165191981.root
./INPUTFILES/data_165101381.root
./INPUTFILES/data_165192101.root
./INPUTFILES/data_165191961.root
./INPUTFILES/data_165034101.root
./INPUTFILES/data_165152151.root
./INPUTFILES/data_164934271.root
./INPUTFILES/data_165152131.root
./INPUTFILES/data_165192121.root
./INPUTFILES/data_165192091.root
./INPUTFILES/data_165192111.root
./INPUTFILES/data_165191951.root
./INPUTFILES/data_165191941.root
./INPUTFILES/data_165192061.root
./INPUTFILES/data_164934891.root
./INPUTFILES/data_165077741.root
./INPUTFILES/data_165162161.root
./INPUTFILES/data_165166601.root
./INPUTFILES/data_164934471.root
./INPUTFILES/data_164934681.root
./INPUTFILES/data_165031401.root
./INPUTFILES/data_164934581.root
./INPUTFILES/data_165184561.root
./INPUTFILES/data_164934851.root
./INPUTFILES/data_165148881.root
./INPUTFILES/data_165129871.root
./INPUTFILES/data_164935011.root
./INPUTFILES/data_165191991.root
./INPUTFILES/data_165101051.root
./INPUTFILES/data_165192001.root
./INPUTFILES/data_165166611.root
./INPUTFILES/data_164934691.root
./INPUTFILES/data_164935101.root
./INPUTFILES/data_165176111.root
./INPUTFILES/data_165192021.root
./INPUTFILES/21EF1A6A9139C9FD2A38E59AFB466F9A_342.local.list
./.errror.log
./.output.log
./Check_Sness.C
./check_S.C
./.sandboxFiles
++++++++++++++++INPUTFILE Var++++++++++++++++++
FILELIST=/tmp/maxwoo/21EF1A6A9139C9FD2A38E59AFB466F9A_342/INPUTFILES/21EF1A6A9139C9FD2A38E59AFB466F9A_342.local.list
INPUTFILECOUNT=37
INPUTFILE0=/tmp/maxwoo/21EF1A6A9139C9FD2A38E59AFB466F9A_342/INPUTFILES/data_164934271.root
INPUTFILE1=/tmp/maxwoo/21EF1A6A9139C9FD2A38E59AFB466F9A_342/INPUTFILES/data_164934381.root
INPUTFILE2=/tmp/maxwoo/21EF1A6A9139C9FD2A38E59AFB466F9A_342/INPUTFILES/data_164934471.root
INPUTFILE3=/tmp/maxwoo/21EF1A6A9139C9FD2A38E59AFB466F9A_342/INPUTFILES/data_164934581.root
INPUTFILE4=/tmp/maxwoo/21EF1A6A9139C9FD2A38E59AFB466F9A_342/INPUTFILES/data_164934681.root
INPUTFILE5=/tmp/maxwoo/21EF1A6A9139C9FD2A38E59AFB466F9A_342/INPUTFILES/data_164934691.root
INPUTFILE6=/tmp/maxwoo/21EF1A6A9139C9FD2A38E59AFB466F9A_342/INPUTFILES/data_164934851.root
INPUTFILE7=/tmp/maxwoo/21EF1A6A9139C9FD2A38E59AFB466F9A_342/INPUTFILES/data_164934891.root
INPUTFILE8=/tmp/maxwoo/21EF1A6A9139C9FD2A38E59AFB466F9A_342/INPUTFILES/data_164935011.root
INPUTFILE9=/tmp/maxwoo/21EF1A6A9139C9FD2A38E59AFB466F9A_342/INPUTFILES/data_164935101.root
INPUTFILE10=/tmp/maxwoo/21EF1A6A9139C9FD2A38E59AFB466F9A_342/INPUTFILES/data_165031401.root
INPUTFILE11=/tmp/maxwoo/21EF1A6A9139C9FD2A38E59AFB466F9A_342/INPUTFILES/data_165034101.root
INPUTFILE12=/tmp/maxwoo/21EF1A6A9139C9FD2A38E59AFB466F9A_342/INPUTFILES/data_165077741.root
INPUTFILE13=/tmp/maxwoo/21EF1A6A9139C9FD2A38E59AFB466F9A_342/INPUTFILES/data_165101051.root
INPUTFILE14=/tmp/maxwoo/21EF1A6A9139C9FD2A38E59AFB466F9A_342/INPUTFILES/data_165101381.root
INPUTFILE15=/tmp/maxwoo/21EF1A6A9139C9FD2A38E59AFB466F9A_342/INPUTFILES/data_165129871.root
INPUTFILE16=/tmp/maxwoo/21EF1A6A9139C9FD2A38E59AFB466F9A_342/INPUTFILES/data_165148881.root
INPUTFILE17=/tmp/maxwoo/21EF1A6A9139C9FD2A38E59AFB466F9A_342/INPUTFILES/data_165152131.root
INPUTFILE18=/tmp/maxwoo/21EF1A6A9139C9FD2A38E59AFB466F9A_342/INPUTFILES/data_165152151.root
INPUTFILE19=/tmp/maxwoo/21EF1A6A9139C9FD2A38E59AFB466F9A_342/INPUTFILES/data_165162161.root
INPUTFILE20=/tmp/maxwoo/21EF1A6A9139C9FD2A38E59AFB466F9A_342/INPUTFILES/data_165166601.root
INPUTFILE21=/tmp/maxwoo/21EF1A6A9139C9FD2A38E59AFB466F9A_342/INPUTFILES/data_165166611.root
INPUTFILE22=/tmp/maxwoo/21EF1A6A9139C9FD2A38E59AFB466F9A_342/INPUTFILES/data_165176111.root
INPUTFILE23=/tmp/maxwoo/21EF1A6A9139C9FD2A38E59AFB466F9A_342/INPUTFILES/data_165184561.root
INPUTFILE24=/tmp/maxwoo/21EF1A6A9139C9FD2A38E59AFB466F9A_342/INPUTFILES/data_165191941.root
INPUTFILE25=/tmp/maxwoo/21EF1A6A9139C9FD2A38E59AFB466F9A_342/INPUTFILES/data_165191951.root
INPUTFILE26=/tmp/maxwoo/21EF1A6A9139C9FD2A38E59AFB466F9A_342/INPUTFILES/data_165191961.root
INPUTFILE27=/tmp/maxwoo/21EF1A6A9139C9FD2A38E59AFB466F9A_342/INPUTFILES/data_165191981.root
INPUTFILE28=/tmp/maxwoo/21EF1A6A9139C9FD2A38E59AFB466F9A_342/INPUTFILES/data_165191991.root
INPUTFILE29=/tmp/maxwoo/21EF1A6A9139C9FD2A38E59AFB466F9A_342/INPUTFILES/data_165192001.root
INPUTFILE30=/tmp/maxwoo/21EF1A6A9139C9FD2A38E59AFB466F9A_342/INPUTFILES/data_165192011.root
INPUTFILE31=/tmp/maxwoo/21EF1A6A9139C9FD2A38E59AFB466F9A_342/INPUTFILES/data_165192021.root
INPUTFILE32=/tmp/maxwoo/21EF1A6A9139C9FD2A38E59AFB466F9A_342/INPUTFILES/data_165192061.root
INPUTFILE33=/tmp/maxwoo/21EF1A6A9139C9FD2A38E59AFB466F9A_342/INPUTFILES/data_165192091.root
INPUTFILE34=/tmp/maxwoo/21EF1A6A9139C9FD2A38E59AFB466F9A_342/INPUTFILES/data_165192101.root
INPUTFILE35=/tmp/maxwoo/21EF1A6A9139C9FD2A38E59AFB466F9A_342/INPUTFILES/data_165192111.root
INPUTFILE36=/tmp/maxwoo/21EF1A6A9139C9FD2A38E59AFB466F9A_342/INPUTFILES/data_165192121.root
LocalInputFileDir=/tmp/maxwoo/21EF1A6A9139C9FD2A38E59AFB466F9A_342/INPUTFILES
NewFILELIST=/tmp/maxwoo/21EF1A6A9139C9FD2A38E59AFB466F9A_342/INPUTFILES/21EF1A6A9139C9FD2A38E59AFB466F9A_342.local.list
+++++++++++++++++++++++++++++++++++++++++++++++
--------------------------------
Simple Unified Meta Scheduler 1.10.50 we are starting in $SCRATCH : /home/tmp/maxwoo/21EF1A6A9139C9FD2A38E59AFB466F9A_342
--------------------------------
total 16
lrwxrwxrwx 1 maxwoo rhstar   61 Jun  2 11:37 check_S.C -> /gpfs/mnt/gpfs01/star/pwg/xiatong/git/strangeness/./check_S.C
lrwxrwxrwx 1 maxwoo rhstar   65 Jun  2 11:37 Check_Sness.C -> /gpfs/mnt/gpfs01/star/pwg/xiatong/git/strangeness/./Check_Sness.C
drwxr-xr-x 2 maxwoo rhstar 4096 Jun  2 11:41 INPUTFILES
drwxr-xr-x 2 maxwoo rhstar 4096 Jun  2 11:37 lib
  *******************************************
  *                                         *
  *        W E L C O M E  to  R O O T       *
  *                                         *
  *   Version   5.34/38     12 March 2018   *
  *                                         *
  *  You are welcome to visit our Web site  *
  *          http://root.cern.ch            *
  *                                         *
  *******************************************

ROOT 5.34/38 (v5-34-38@v5-34-38, Mar 12 2018, 15:49:39 on linux)

CINT/ROOT C/C++ Interpreter version 5.18.00, July 2, 2010
Type ? for help. Commands must be C++ statements.
Enclose multiple statements between { }.
*** Float Point Exception is OFF ***
 *** Start at Date : Thu Jun  2 11:41:54 2022
QAInfo:You are using STAR_LEVEL : dev, ROOT_LEVEL : 5.34.38 and node : rcrs6207.rcf.bnl.gov 

Processing check_S.C++("/tmp/maxwoo/21EF1A6A9139C9FD2A38E59AFB466F9A_342/INPUTFILES/21EF1A6A9139C9FD2A38E59AFB466F9A_342.local.list","21EF1A6A9139C9FD2A38E59AFB466F9A_342",1)...
/tmp/maxwoo/21EF1A6A9139C9FD2A38E59AFB466F9A_342/INPUTFILES/data_164934271.root 
/tmp/maxwoo/21EF1A6A9139C9FD2A38E59AFB466F9A_342/INPUTFILES/data_164934381.root 
/tmp/maxwoo/21EF1A6A9139C9FD2A38E59AFB466F9A_342/INPUTFILES/data_164934471.root 
/tmp/maxwoo/21EF1A6A9139C9FD2A38E59AFB466F9A_342/INPUTFILES/data_164934581.root 
/tmp/maxwoo/21EF1A6A9139C9FD2A38E59AFB466F9A_342/INPUTFILES/data_164934681.root 
/tmp/maxwoo/21EF1A6A9139C9FD2A38E59AFB466F9A_342/INPUTFILES/data_164934691.root 
/tmp/maxwoo/21EF1A6A9139C9FD2A38E59AFB466F9A_342/INPUTFILES/data_164934851.root 
/tmp/maxwoo/21EF1A6A9139C9FD2A38E59AFB466F9A_342/INPUTFILES/data_164934891.root 
/tmp/maxwoo/21EF1A6A9139C9FD2A38E59AFB466F9A_342/INPUTFILES/data_164935011.root 
/tmp/maxwoo/21EF1A6A9139C9FD2A38E59AFB466F9A_342/INPUTFILES/data_164935101.root 
/tmp/maxwoo/21EF1A6A9139C9FD2A38E59AFB466F9A_342/INPUTFILES/data_165031401.root 
/tmp/maxwoo/21EF1A6A9139C9FD2A38E59AFB466F9A_342/INPUTFILES/data_165034101.root 
/tmp/maxwoo/21EF1A6A9139C9FD2A38E59AFB466F9A_342/INPUTFILES/data_165077741.root 
/tmp/maxwoo/21EF1A6A9139C9FD2A38E59AFB466F9A_342/INPUTFILES/data_165101051.root 
/tmp/maxwoo/21EF1A6A9139C9FD2A38E59AFB466F9A_342/INPUTFILES/data_165101381.root 
/tmp/maxwoo/21EF1A6A9139C9FD2A38E59AFB466F9A_342/INPUTFILES/data_165129871.root 
/tmp/maxwoo/21EF1A6A9139C9FD2A38E59AFB466F9A_342/INPUTFILES/data_165148881.root 
/tmp/maxwoo/21EF1A6A9139C9FD2A38E59AFB466F9A_342/INPUTFILES/data_165152131.root 
/tmp/maxwoo/21EF1A6A9139C9FD2A38E59AFB466F9A_342/INPUTFILES/data_165152151.root 
/tmp/maxwoo/21EF1A6A9139C9FD2A38E59AFB466F9A_342/INPUTFILES/data_165162161.root 
/tmp/maxwoo/21EF1A6A9139C9FD2A38E59AFB466F9A_342/INPUTFILES/data_165166601.root 
/tmp/maxwoo/21EF1A6A9139C9FD2A38E59AFB466F9A_342/INPUTFILES/data_165166611.root 
/tmp/maxwoo/21EF1A6A9139C9FD2A38E59AFB466F9A_342/INPUTFILES/data_165176111.root 
/tmp/maxwoo/21EF1A6A9139C9FD2A38E59AFB466F9A_342/INPUTFILES/data_165184561.root 
/tmp/maxwoo/21EF1A6A9139C9FD2A38E59AFB466F9A_342/INPUTFILES/data_165191941.root 
/tmp/maxwoo/21EF1A6A9139C9FD2A38E59AFB466F9A_342/INPUTFILES/data_165191951.root 
/tmp/maxwoo/21EF1A6A9139C9FD2A38E59AFB466F9A_342/INPUTFILES/data_165191961.root 
/tmp/maxwoo/21EF1A6A9139C9FD2A38E59AFB466F9A_342/INPUTFILES/data_165191981.root 
/tmp/maxwoo/21EF1A6A9139C9FD2A38E59AFB466F9A_342/INPUTFILES/data_165191991.root 
/tmp/maxwoo/21EF1A6A9139C9FD2A38E59AFB466F9A_342/INPUTFILES/data_165192001.root 
/tmp/maxwoo/21EF1A6A9139C9FD2A38E59AFB466F9A_342/INPUTFILES/data_165192011.root 
/tmp/maxwoo/21EF1A6A9139C9FD2A38E59AFB466F9A_342/INPUTFILES/data_165192021.root 
/tmp/maxwoo/21EF1A6A9139C9FD2A38E59AFB466F9A_342/INPUTFILES/data_165192061.root 
/tmp/maxwoo/21EF1A6A9139C9FD2A38E59AFB466F9A_342/INPUTFILES/data_165192091.root 
/tmp/maxwoo/21EF1A6A9139C9FD2A38E59AFB466F9A_342/INPUTFILES/data_165192101.root 
/tmp/maxwoo/21EF1A6A9139C9FD2A38E59AFB466F9A_342/INPUTFILES/data_165192111.root 
/tmp/maxwoo/21EF1A6A9139C9FD2A38E59AFB466F9A_342/INPUTFILES/data_165192121.root 
Added 37 files
# entries in chain: 36813
Processing entry == 1000 == out of 36813.
Processing entry == 2000 == out of 36813.
Processing entry == 3000 == out of 36813.
Processing entry == 4000 == out of 36813.
Processing entry == 5000 == out of 36813.
Processing entry == 6000 == out of 36813.
Processing entry == 7000 == out of 36813.
Processing entry == 8000 == out of 36813.
Processing entry == 9000 == out of 36813.
Processing entry == 10000 == out of 36813.
Processing entry == 11000 == out of 36813.
Processing entry == 12000 == out of 36813.
Processing entry == 13000 == out of 36813.
Processing entry == 14000 == out of 36813.
Processing entry == 15000 == out of 36813.
Processing entry == 16000 == out of 36813.
Processing entry == 17000 == out of 36813.
Processing entry == 18000 == out of 36813.
Processing entry == 19000 == out of 36813.
Processing entry == 20000 == out of 36813.
Processing entry == 21000 == out of 36813.
Processing entry == 22000 == out of 36813.
Processing entry == 23000 == out of 36813.
Processing entry == 24000 == out of 36813.
Processing entry == 25000 == out of 36813.
Processing entry == 26000 == out of 36813.
Processing entry == 27000 == out of 36813.
Processing entry == 28000 == out of 36813.
Processing entry == 29000 == out of 36813.
Processing entry == 30000 == out of 36813.
Processing entry == 31000 == out of 36813.
Processing entry == 32000 == out of 36813.
Processing entry == 33000 == out of 36813.
Processing entry == 34000 == out of 36813.
Processing entry == 35000 == out of 36813.
Processing entry == 36000 == out of 36813.

This is the end of ROOT -- Goodbye

Cleaning up sandbox file:  /tmp/maxwoo/21EF1A6A9139C9FD2A38E59AFB466F9A_342/check_S.C
Cleaning up sandbox file:  /tmp/maxwoo/21EF1A6A9139C9FD2A38E59AFB466F9A_342/Check_Sness.C
Cleaning up sandbox file:  /tmp/maxwoo/21EF1A6A9139C9FD2A38E59AFB466F9A_342/lib
Cleaning up sandbox file:  /tmp/maxwoo/21EF1A6A9139C9FD2A38E59AFB466F9A_342/.sandboxFiles
Starting copy block
Running copy command:  /bin/cp -fp /tmp/maxwoo/21EF1A6A9139C9FD2A38E59AFB466F9A_342/out_21EF1A6A9139C9FD2A38E59AFB466F9A_342.root /star/data01/pwg/xiatong/git/strangeness/data/
40548 Execution of (/star/data01/pwg/xiatong/git/strangeness/script/sched21EF1A6A9139C9FD2A38E59AFB466F9A_342.csh ) has ended, exiting normally
40548 We END on [Thu Jun  2 12:02:45 EDT 2022]
