We are starting on node: rcas6356.rcf.bnl.gov
HOME is not defined
Using getent method
HOME is now /star/u/maxwoo
5826 We will spawn ourselves (/star/data01/pwg/xiatong/git/strangeness/script/sched21EF1A6A9139C9FD2A38E59AFB466F9A_727.csh )
5826 We BEGIN on [Thu Jun  2 11:26:50 EDT 2022]
[1] 6093
5826 We are waiting for 6093 
5826 Grandchild PID is 6551 - found in 10 x 1 seconds
5826 Establishing first watcher   on    Thu Jun  2 11:27:01 EDT 2022
5826 Process tree is 5826 (main) -> 6093 (child) -> 6551 (grandchild)
F S   UID   PID  PPID  C PRI  NI ADDR SZ WCHAN  TTY        TIME CMD
0 D 100667 6551  6093  0  80   0 - 32311 cxiWai ?          0:00 cp /star/data01/pwg/xiatong/AMPT/14GeV/data_285497031.root /tmp/maxwoo/21EF1A6A9139C9FD2A38E59AFB466F9A_727/INPUTFILES/data_285497031.root
5826 Grandchild PID is 9173 - found in 20 x 2 seconds
5826 Grandchild to watch has changed on Thu Jun  2 11:27:22 EDT 2022
5826 Process tree is 5826 (main) -> 6093 (child) -> 9173 (grandchild)
F S   UID   PID  PPID  C PRI  NI ADDR SZ WCHAN  TTY        TIME CMD
0 D 100667 9173  6093  0  80   0 - 32311 cxiWai ?          0:00 cp /star/data01/pwg/xiatong/AMPT/14GeV/data_285497211.root /tmp/maxwoo/21EF1A6A9139C9FD2A38E59AFB466F9A_727/INPUTFILES/data_285497211.root
5826 Grandchild PID is 10507 - found in 30 x 2 seconds
5826 Grandchild to watch has changed on Thu Jun  2 11:27:42 EDT 2022
5826 Process tree is 5826 (main) -> 6093 (child) -> 10507 (grandchild)
F S   UID   PID  PPID  C PRI  NI ADDR SZ WCHAN  TTY        TIME CMD
0 D 100667 10507 6093  0  80   0 - 32311 cxiWai ?          0:00 cp /star/data01/pwg/xiatong/AMPT/14GeV/data_285497221.root /tmp/maxwoo/21EF1A6A9139C9FD2A38E59AFB466F9A_727/INPUTFILES/data_285497221.root
5826 Grandchild PID is 11780 - found in 40 x 2 seconds
5826 Grandchild to watch has changed on Thu Jun  2 11:28:03 EDT 2022
5826 Process tree is 5826 (main) -> 6093 (child) -> 11780 (grandchild)
F S   UID   PID  PPID  C PRI  NI ADDR SZ WCHAN  TTY        TIME CMD
0 D 100667 11780 6093  0  80   0 - 32311 cxiWai ?          0:00 cp /star/data01/pwg/xiatong/AMPT/14GeV/data_285497251.root /tmp/maxwoo/21EF1A6A9139C9FD2A38E59AFB466F9A_727/INPUTFILES/data_285497251.root
5826 Grandchild PID is 13243 - found in 50 x 2 seconds
5826 Grandchild to watch has changed on Thu Jun  2 11:28:24 EDT 2022
5826 Process tree is 5826 (main) -> 6093 (child) -> 13243 (grandchild)
F S   UID   PID  PPID  C PRI  NI ADDR SZ WCHAN  TTY        TIME CMD
0 D 100667 13243 6093  0  80   0 - 32311 cxiWai ?          0:00 cp /star/data01/pwg/xiatong/AMPT/14GeV/data_285497281.root /tmp/maxwoo/21EF1A6A9139C9FD2A38E59AFB466F9A_727/INPUTFILES/data_285497281.root
5826 Grandchild PID is 14971 - found in 60 x 2 seconds
5826 Grandchild to watch has changed on Thu Jun  2 11:28:45 EDT 2022
5826 Process tree is 5826 (main) -> 6093 (child) -> 14971 (grandchild)
F S   UID   PID  PPID  C PRI  NI ADDR SZ WCHAN  TTY        TIME CMD
0 D 100667 14971 6093  0  80   0 - 32311 cxiWai ?          0:00 cp /star/data01/pwg/xiatong/AMPT/14GeV/data_285566051.root /tmp/maxwoo/21EF1A6A9139C9FD2A38E59AFB466F9A_727/INPUTFILES/data_285566051.root
5826 Grandchild PID is 15843 - found in 70 x 2 seconds
5826 Grandchild to watch has changed on Thu Jun  2 11:29:06 EDT 2022
5826 Process tree is 5826 (main) -> 6093 (child) -> 15843 (grandchild)
F S   UID   PID  PPID  C PRI  NI ADDR SZ WCHAN  TTY        TIME CMD
0 D 100667 15843 6093  0  80   0 - 32311 cxiWai ?          0:00 cp /star/data01/pwg/xiatong/AMPT/14GeV/data_285566101.root /tmp/maxwoo/21EF1A6A9139C9FD2A38E59AFB466F9A_727/INPUTFILES/data_285566101.root
5826 Grandchild PID is 17384 - found in 80 x 2 seconds
5826 Grandchild to watch has changed on Thu Jun  2 11:29:26 EDT 2022
5826 Process tree is 5826 (main) -> 6093 (child) -> 17384 (grandchild)
F S   UID   PID  PPID  C PRI  NI ADDR SZ WCHAN  TTY        TIME CMD
0 D 100667 17384 6093  0  80   0 - 32311 cxiWai ?          0:00 cp /star/data01/pwg/xiatong/AMPT/14GeV/data_285566331.root /tmp/maxwoo/21EF1A6A9139C9FD2A38E59AFB466F9A_727/INPUTFILES/data_285566331.root
5826 Grandchild PID is 20554 - found in 100 x 2 seconds
5826 Grandchild to watch has changed on Thu Jun  2 11:30:08 EDT 2022
5826 Process tree is 5826 (main) -> 6093 (child) -> 20554 (grandchild)
F S   UID   PID  PPID  C PRI  NI ADDR SZ WCHAN  TTY        TIME CMD
0 D 100667 20554 6093  0  80   0 - 32311 cxiWai ?          0:00 cp /star/data01/pwg/xiatong/AMPT/14GeV/data_285596961.root /tmp/maxwoo/21EF1A6A9139C9FD2A38E59AFB466F9A_727/INPUTFILES/data_285596961.root
5826 Grandchild PID is 23686 - found in 120 x 2 seconds
5826 Grandchild to watch has changed on Thu Jun  2 11:30:50 EDT 2022
5826 Process tree is 5826 (main) -> 6093 (child) -> 23686 (grandchild)
F S   UID   PID  PPID  C PRI  NI ADDR SZ WCHAN  TTY        TIME CMD
0 D 100667 23686 6093  0  80   0 - 32311 cxiWai ?          0:00 cp /star/data01/pwg/xiatong/AMPT/14GeV/data_285596971.root /tmp/maxwoo/21EF1A6A9139C9FD2A38E59AFB466F9A_727/INPUTFILES/data_285596971.root
5826 Grandchild PID is 26632 - found in 140 x 2 seconds
5826 Grandchild to watch has changed on Thu Jun  2 11:31:31 EDT 2022
5826 Process tree is 5826 (main) -> 6093 (child) -> 26632 (grandchild)
F S   UID   PID  PPID  C PRI  NI ADDR SZ WCHAN  TTY        TIME CMD
0 S 100667 26632 6093  0  80   0 -  1272 do_wai ?          0:00 root -b -q check_S.C++("/tmp/maxwoo/21EF1A6A9139C9FD2A38E59AFB466F9A_727/INPUTFILES/21EF1A6A9139C9FD2A38E59AFB466F9A_727.local.list","21EF1A6A9139C9FD2A38E59AFB466F9A_727",1)
6093 Stepping into the main SUMS wrapper program with []
.... building sandbox
Running: cp /star/data01/pwg/xiatong/AMPT/14GeV/data_285470831.root /tmp/maxwoo/21EF1A6A9139C9FD2A38E59AFB466F9A_727/INPUTFILES/data_285470831.root
Running: cp /star/data01/pwg/xiatong/AMPT/14GeV/data_285496931.root /tmp/maxwoo/21EF1A6A9139C9FD2A38E59AFB466F9A_727/INPUTFILES/data_285496931.root
Running: cp /star/data01/pwg/xiatong/AMPT/14GeV/data_285497031.root /tmp/maxwoo/21EF1A6A9139C9FD2A38E59AFB466F9A_727/INPUTFILES/data_285497031.root
Running: cp /star/data01/pwg/xiatong/AMPT/14GeV/data_285497041.root /tmp/maxwoo/21EF1A6A9139C9FD2A38E59AFB466F9A_727/INPUTFILES/data_285497041.root
Running: cp /star/data01/pwg/xiatong/AMPT/14GeV/data_285497141.root /tmp/maxwoo/21EF1A6A9139C9FD2A38E59AFB466F9A_727/INPUTFILES/data_285497141.root
Running: cp /star/data01/pwg/xiatong/AMPT/14GeV/data_285497201.root /tmp/maxwoo/21EF1A6A9139C9FD2A38E59AFB466F9A_727/INPUTFILES/data_285497201.root
Running: cp /star/data01/pwg/xiatong/AMPT/14GeV/data_285497211.root /tmp/maxwoo/21EF1A6A9139C9FD2A38E59AFB466F9A_727/INPUTFILES/data_285497211.root
Running: cp /star/data01/pwg/xiatong/AMPT/14GeV/data_285497221.root /tmp/maxwoo/21EF1A6A9139C9FD2A38E59AFB466F9A_727/INPUTFILES/data_285497221.root
Running: cp /star/data01/pwg/xiatong/AMPT/14GeV/data_285497251.root /tmp/maxwoo/21EF1A6A9139C9FD2A38E59AFB466F9A_727/INPUTFILES/data_285497251.root
Running: cp /star/data01/pwg/xiatong/AMPT/14GeV/data_285497261.root /tmp/maxwoo/21EF1A6A9139C9FD2A38E59AFB466F9A_727/INPUTFILES/data_285497261.root
Running: cp /star/data01/pwg/xiatong/AMPT/14GeV/data_285497271.root /tmp/maxwoo/21EF1A6A9139C9FD2A38E59AFB466F9A_727/INPUTFILES/data_285497271.root
Running: cp /star/data01/pwg/xiatong/AMPT/14GeV/data_285497281.root /tmp/maxwoo/21EF1A6A9139C9FD2A38E59AFB466F9A_727/INPUTFILES/data_285497281.root
Running: cp /star/data01/pwg/xiatong/AMPT/14GeV/data_285497331.root /tmp/maxwoo/21EF1A6A9139C9FD2A38E59AFB466F9A_727/INPUTFILES/data_285497331.root
Running: cp /star/data01/pwg/xiatong/AMPT/14GeV/data_285497531.root /tmp/maxwoo/21EF1A6A9139C9FD2A38E59AFB466F9A_727/INPUTFILES/data_285497531.root
Running: cp /star/data01/pwg/xiatong/AMPT/14GeV/data_285497691.root /tmp/maxwoo/21EF1A6A9139C9FD2A38E59AFB466F9A_727/INPUTFILES/data_285497691.root
Running: cp /star/data01/pwg/xiatong/AMPT/14GeV/data_285497721.root /tmp/maxwoo/21EF1A6A9139C9FD2A38E59AFB466F9A_727/INPUTFILES/data_285497721.root
Running: cp /star/data01/pwg/xiatong/AMPT/14GeV/data_285497731.root /tmp/maxwoo/21EF1A6A9139C9FD2A38E59AFB466F9A_727/INPUTFILES/data_285497731.root
Running: cp /star/data01/pwg/xiatong/AMPT/14GeV/data_285535081.root /tmp/maxwoo/21EF1A6A9139C9FD2A38E59AFB466F9A_727/INPUTFILES/data_285535081.root
Running: cp /star/data01/pwg/xiatong/AMPT/14GeV/data_285535231.root /tmp/maxwoo/21EF1A6A9139C9FD2A38E59AFB466F9A_727/INPUTFILES/data_285535231.root
Running: cp /star/data01/pwg/xiatong/AMPT/14GeV/data_285566051.root /tmp/maxwoo/21EF1A6A9139C9FD2A38E59AFB466F9A_727/INPUTFILES/data_285566051.root
Running: cp /star/data01/pwg/xiatong/AMPT/14GeV/data_285566101.root /tmp/maxwoo/21EF1A6A9139C9FD2A38E59AFB466F9A_727/INPUTFILES/data_285566101.root
Running: cp /star/data01/pwg/xiatong/AMPT/14GeV/data_285566111.root /tmp/maxwoo/21EF1A6A9139C9FD2A38E59AFB466F9A_727/INPUTFILES/data_285566111.root
Running: cp /star/data01/pwg/xiatong/AMPT/14GeV/data_285566211.root /tmp/maxwoo/21EF1A6A9139C9FD2A38E59AFB466F9A_727/INPUTFILES/data_285566211.root
Running: cp /star/data01/pwg/xiatong/AMPT/14GeV/data_285566331.root /tmp/maxwoo/21EF1A6A9139C9FD2A38E59AFB466F9A_727/INPUTFILES/data_285566331.root
Running: cp /star/data01/pwg/xiatong/AMPT/14GeV/data_285572961.root /tmp/maxwoo/21EF1A6A9139C9FD2A38E59AFB466F9A_727/INPUTFILES/data_285572961.root
Running: cp /star/data01/pwg/xiatong/AMPT/14GeV/data_285596441.root /tmp/maxwoo/21EF1A6A9139C9FD2A38E59AFB466F9A_727/INPUTFILES/data_285596441.root
Running: cp /star/data01/pwg/xiatong/AMPT/14GeV/data_285596701.root /tmp/maxwoo/21EF1A6A9139C9FD2A38E59AFB466F9A_727/INPUTFILES/data_285596701.root
Running: cp /star/data01/pwg/xiatong/AMPT/14GeV/data_285596841.root /tmp/maxwoo/21EF1A6A9139C9FD2A38E59AFB466F9A_727/INPUTFILES/data_285596841.root
Running: cp /star/data01/pwg/xiatong/AMPT/14GeV/data_285596851.root /tmp/maxwoo/21EF1A6A9139C9FD2A38E59AFB466F9A_727/INPUTFILES/data_285596851.root
Running: cp /star/data01/pwg/xiatong/AMPT/14GeV/data_285596871.root /tmp/maxwoo/21EF1A6A9139C9FD2A38E59AFB466F9A_727/INPUTFILES/data_285596871.root
Running: cp /star/data01/pwg/xiatong/AMPT/14GeV/data_285596901.root /tmp/maxwoo/21EF1A6A9139C9FD2A38E59AFB466F9A_727/INPUTFILES/data_285596901.root
Running: cp /star/data01/pwg/xiatong/AMPT/14GeV/data_285596911.root /tmp/maxwoo/21EF1A6A9139C9FD2A38E59AFB466F9A_727/INPUTFILES/data_285596911.root
Running: cp /star/data01/pwg/xiatong/AMPT/14GeV/data_285596941.root /tmp/maxwoo/21EF1A6A9139C9FD2A38E59AFB466F9A_727/INPUTFILES/data_285596941.root
Running: cp /star/data01/pwg/xiatong/AMPT/14GeV/data_285596951.root /tmp/maxwoo/21EF1A6A9139C9FD2A38E59AFB466F9A_727/INPUTFILES/data_285596951.root
Running: cp /star/data01/pwg/xiatong/AMPT/14GeV/data_285596961.root /tmp/maxwoo/21EF1A6A9139C9FD2A38E59AFB466F9A_727/INPUTFILES/data_285596961.root
Running: cp /star/data01/pwg/xiatong/AMPT/14GeV/data_285596971.root /tmp/maxwoo/21EF1A6A9139C9FD2A38E59AFB466F9A_727/INPUTFILES/data_285596971.root
Running: cp /star/data01/pwg/xiatong/AMPT/14GeV/data_285596981.root /tmp/maxwoo/21EF1A6A9139C9FD2A38E59AFB466F9A_727/INPUTFILES/data_285596981.root
Swapping $FILELIST with: /tmp/maxwoo/21EF1A6A9139C9FD2A38E59AFB466F9A_727/INPUTFILES/21EF1A6A9139C9FD2A38E59AFB466F9A_727.local.list
+++++++++++local copy debug++++++++++++++++++++
newFileList: /tmp/maxwoo/21EF1A6A9139C9FD2A38E59AFB466F9A_727/INPUTFILES/21EF1A6A9139C9FD2A38E59AFB466F9A_727.local.list
++++++++++++++++cat FILELIST+++++++++++++++++++
/tmp/maxwoo/21EF1A6A9139C9FD2A38E59AFB466F9A_727/INPUTFILES/data_285470831.root 
/tmp/maxwoo/21EF1A6A9139C9FD2A38E59AFB466F9A_727/INPUTFILES/data_285496931.root 
/tmp/maxwoo/21EF1A6A9139C9FD2A38E59AFB466F9A_727/INPUTFILES/data_285497031.root 
/tmp/maxwoo/21EF1A6A9139C9FD2A38E59AFB466F9A_727/INPUTFILES/data_285497041.root 
/tmp/maxwoo/21EF1A6A9139C9FD2A38E59AFB466F9A_727/INPUTFILES/data_285497141.root 
/tmp/maxwoo/21EF1A6A9139C9FD2A38E59AFB466F9A_727/INPUTFILES/data_285497201.root 
/tmp/maxwoo/21EF1A6A9139C9FD2A38E59AFB466F9A_727/INPUTFILES/data_285497211.root 
/tmp/maxwoo/21EF1A6A9139C9FD2A38E59AFB466F9A_727/INPUTFILES/data_285497221.root 
/tmp/maxwoo/21EF1A6A9139C9FD2A38E59AFB466F9A_727/INPUTFILES/data_285497251.root 
/tmp/maxwoo/21EF1A6A9139C9FD2A38E59AFB466F9A_727/INPUTFILES/data_285497261.root 
/tmp/maxwoo/21EF1A6A9139C9FD2A38E59AFB466F9A_727/INPUTFILES/data_285497271.root 
/tmp/maxwoo/21EF1A6A9139C9FD2A38E59AFB466F9A_727/INPUTFILES/data_285497281.root 
/tmp/maxwoo/21EF1A6A9139C9FD2A38E59AFB466F9A_727/INPUTFILES/data_285497331.root 
/tmp/maxwoo/21EF1A6A9139C9FD2A38E59AFB466F9A_727/INPUTFILES/data_285497531.root 
/tmp/maxwoo/21EF1A6A9139C9FD2A38E59AFB466F9A_727/INPUTFILES/data_285497691.root 
/tmp/maxwoo/21EF1A6A9139C9FD2A38E59AFB466F9A_727/INPUTFILES/data_285497721.root 
/tmp/maxwoo/21EF1A6A9139C9FD2A38E59AFB466F9A_727/INPUTFILES/data_285497731.root 
/tmp/maxwoo/21EF1A6A9139C9FD2A38E59AFB466F9A_727/INPUTFILES/data_285535081.root 
/tmp/maxwoo/21EF1A6A9139C9FD2A38E59AFB466F9A_727/INPUTFILES/data_285535231.root 
/tmp/maxwoo/21EF1A6A9139C9FD2A38E59AFB466F9A_727/INPUTFILES/data_285566051.root 
/tmp/maxwoo/21EF1A6A9139C9FD2A38E59AFB466F9A_727/INPUTFILES/data_285566101.root 
/tmp/maxwoo/21EF1A6A9139C9FD2A38E59AFB466F9A_727/INPUTFILES/data_285566111.root 
/tmp/maxwoo/21EF1A6A9139C9FD2A38E59AFB466F9A_727/INPUTFILES/data_285566211.root 
/tmp/maxwoo/21EF1A6A9139C9FD2A38E59AFB466F9A_727/INPUTFILES/data_285566331.root 
/tmp/maxwoo/21EF1A6A9139C9FD2A38E59AFB466F9A_727/INPUTFILES/data_285572961.root 
/tmp/maxwoo/21EF1A6A9139C9FD2A38E59AFB466F9A_727/INPUTFILES/data_285596441.root 
/tmp/maxwoo/21EF1A6A9139C9FD2A38E59AFB466F9A_727/INPUTFILES/data_285596701.root 
/tmp/maxwoo/21EF1A6A9139C9FD2A38E59AFB466F9A_727/INPUTFILES/data_285596841.root 
/tmp/maxwoo/21EF1A6A9139C9FD2A38E59AFB466F9A_727/INPUTFILES/data_285596851.root 
/tmp/maxwoo/21EF1A6A9139C9FD2A38E59AFB466F9A_727/INPUTFILES/data_285596871.root 
/tmp/maxwoo/21EF1A6A9139C9FD2A38E59AFB466F9A_727/INPUTFILES/data_285596901.root 
/tmp/maxwoo/21EF1A6A9139C9FD2A38E59AFB466F9A_727/INPUTFILES/data_285596911.root 
/tmp/maxwoo/21EF1A6A9139C9FD2A38E59AFB466F9A_727/INPUTFILES/data_285596941.root 
/tmp/maxwoo/21EF1A6A9139C9FD2A38E59AFB466F9A_727/INPUTFILES/data_285596951.root 
/tmp/maxwoo/21EF1A6A9139C9FD2A38E59AFB466F9A_727/INPUTFILES/data_285596961.root 
/tmp/maxwoo/21EF1A6A9139C9FD2A38E59AFB466F9A_727/INPUTFILES/data_285596971.root 
/tmp/maxwoo/21EF1A6A9139C9FD2A38E59AFB466F9A_727/INPUTFILES/data_285596981.root 
++++++++++++++++++++find.++++++++++++++++++++++
.
./INPUTFILES
./INPUTFILES/data_285596701.root
./INPUTFILES/data_285596851.root
./INPUTFILES/data_285497331.root
./INPUTFILES/data_285566101.root
./INPUTFILES/data_285535081.root
./INPUTFILES/data_285497041.root
./INPUTFILES/data_285596441.root
./INPUTFILES/data_285596951.root
./INPUTFILES/data_285535231.root
./INPUTFILES/data_285566211.root
./INPUTFILES/data_285497031.root
./INPUTFILES/data_285596971.root
./INPUTFILES/data_285596981.root
./INPUTFILES/data_285497221.root
./INPUTFILES/data_285497261.root
./INPUTFILES/data_285497691.root
./INPUTFILES/data_285566051.root
./INPUTFILES/data_285497531.root
./INPUTFILES/data_285596961.root
./INPUTFILES/data_285596941.root
./INPUTFILES/data_285566331.root
./INPUTFILES/data_285470831.root
./INPUTFILES/data_285497211.root
./INPUTFILES/data_285596901.root
./INPUTFILES/data_285566111.root
./INPUTFILES/data_285497721.root
./INPUTFILES/data_285497731.root
./INPUTFILES/data_285497281.root
./INPUTFILES/21EF1A6A9139C9FD2A38E59AFB466F9A_727.local.list
./INPUTFILES/data_285596911.root
./INPUTFILES/data_285596841.root
./INPUTFILES/data_285596871.root
./INPUTFILES/data_285572961.root
./INPUTFILES/data_285496931.root
./INPUTFILES/data_285497201.root
./INPUTFILES/data_285497251.root
./INPUTFILES/data_285497141.root
./INPUTFILES/data_285497271.root
./.output.log
./.errror.log
./lib
./lib/CenMaker_cpp.so
./lib/MixedBuffer_cpp.so
./lib/NpartNormalizer_cpp.so
./lib/my_event.cpp
./lib/my_particle_cpp.d
./lib/NpartNormalizer_cpp_ACLiC_dict_rdict.pcm
./lib/CenMaker.h
./lib/NpartNormalizer_cpp.d
./lib/NpartNormalizer.h
./lib/CenMaker.cpp
./lib/my_event_cpp.so
./lib/MixedBuffer_cpp.d
./lib/MixedBuffer.h
./lib/my_particle.h
./lib/CenMaker_cpp_ACLiC_dict_rdict.pcm
./lib/my_particle_cpp.so
./lib/my_particle.cpp
./lib/NpartNormalizer.cpp
./lib/MixedBuffer_cpp_ACLiC_dict_rdict.pcm
./lib/my_event_cpp_ACLiC_dict_rdict.pcm
./lib/MixedBuffer.cpp
./lib/my_particle_cpp_ACLiC_dict_rdict.pcm
./lib/CenMaker_cpp.d
./lib/my_event.h
./lib/my_event_cpp.d
./Check_Sness.C
./check_S.C
./.sandboxFiles
++++++++++++++++INPUTFILE Var++++++++++++++++++
FILELIST=/tmp/maxwoo/21EF1A6A9139C9FD2A38E59AFB466F9A_727/INPUTFILES/21EF1A6A9139C9FD2A38E59AFB466F9A_727.local.list
INPUTFILECOUNT=37
INPUTFILE0=/tmp/maxwoo/21EF1A6A9139C9FD2A38E59AFB466F9A_727/INPUTFILES/data_285470831.root
INPUTFILE1=/tmp/maxwoo/21EF1A6A9139C9FD2A38E59AFB466F9A_727/INPUTFILES/data_285496931.root
INPUTFILE2=/tmp/maxwoo/21EF1A6A9139C9FD2A38E59AFB466F9A_727/INPUTFILES/data_285497031.root
INPUTFILE3=/tmp/maxwoo/21EF1A6A9139C9FD2A38E59AFB466F9A_727/INPUTFILES/data_285497041.root
INPUTFILE4=/tmp/maxwoo/21EF1A6A9139C9FD2A38E59AFB466F9A_727/INPUTFILES/data_285497141.root
INPUTFILE5=/tmp/maxwoo/21EF1A6A9139C9FD2A38E59AFB466F9A_727/INPUTFILES/data_285497201.root
INPUTFILE6=/tmp/maxwoo/21EF1A6A9139C9FD2A38E59AFB466F9A_727/INPUTFILES/data_285497211.root
INPUTFILE7=/tmp/maxwoo/21EF1A6A9139C9FD2A38E59AFB466F9A_727/INPUTFILES/data_285497221.root
INPUTFILE8=/tmp/maxwoo/21EF1A6A9139C9FD2A38E59AFB466F9A_727/INPUTFILES/data_285497251.root
INPUTFILE9=/tmp/maxwoo/21EF1A6A9139C9FD2A38E59AFB466F9A_727/INPUTFILES/data_285497261.root
INPUTFILE10=/tmp/maxwoo/21EF1A6A9139C9FD2A38E59AFB466F9A_727/INPUTFILES/data_285497271.root
INPUTFILE11=/tmp/maxwoo/21EF1A6A9139C9FD2A38E59AFB466F9A_727/INPUTFILES/data_285497281.root
INPUTFILE12=/tmp/maxwoo/21EF1A6A9139C9FD2A38E59AFB466F9A_727/INPUTFILES/data_285497331.root
INPUTFILE13=/tmp/maxwoo/21EF1A6A9139C9FD2A38E59AFB466F9A_727/INPUTFILES/data_285497531.root
INPUTFILE14=/tmp/maxwoo/21EF1A6A9139C9FD2A38E59AFB466F9A_727/INPUTFILES/data_285497691.root
INPUTFILE15=/tmp/maxwoo/21EF1A6A9139C9FD2A38E59AFB466F9A_727/INPUTFILES/data_285497721.root
INPUTFILE16=/tmp/maxwoo/21EF1A6A9139C9FD2A38E59AFB466F9A_727/INPUTFILES/data_285497731.root
INPUTFILE17=/tmp/maxwoo/21EF1A6A9139C9FD2A38E59AFB466F9A_727/INPUTFILES/data_285535081.root
INPUTFILE18=/tmp/maxwoo/21EF1A6A9139C9FD2A38E59AFB466F9A_727/INPUTFILES/data_285535231.root
INPUTFILE19=/tmp/maxwoo/21EF1A6A9139C9FD2A38E59AFB466F9A_727/INPUTFILES/data_285566051.root
INPUTFILE20=/tmp/maxwoo/21EF1A6A9139C9FD2A38E59AFB466F9A_727/INPUTFILES/data_285566101.root
INPUTFILE21=/tmp/maxwoo/21EF1A6A9139C9FD2A38E59AFB466F9A_727/INPUTFILES/data_285566111.root
INPUTFILE22=/tmp/maxwoo/21EF1A6A9139C9FD2A38E59AFB466F9A_727/INPUTFILES/data_285566211.root
INPUTFILE23=/tmp/maxwoo/21EF1A6A9139C9FD2A38E59AFB466F9A_727/INPUTFILES/data_285566331.root
INPUTFILE24=/tmp/maxwoo/21EF1A6A9139C9FD2A38E59AFB466F9A_727/INPUTFILES/data_285572961.root
INPUTFILE25=/tmp/maxwoo/21EF1A6A9139C9FD2A38E59AFB466F9A_727/INPUTFILES/data_285596441.root
INPUTFILE26=/tmp/maxwoo/21EF1A6A9139C9FD2A38E59AFB466F9A_727/INPUTFILES/data_285596701.root
INPUTFILE27=/tmp/maxwoo/21EF1A6A9139C9FD2A38E59AFB466F9A_727/INPUTFILES/data_285596841.root
INPUTFILE28=/tmp/maxwoo/21EF1A6A9139C9FD2A38E59AFB466F9A_727/INPUTFILES/data_285596851.root
INPUTFILE29=/tmp/maxwoo/21EF1A6A9139C9FD2A38E59AFB466F9A_727/INPUTFILES/data_285596871.root
INPUTFILE30=/tmp/maxwoo/21EF1A6A9139C9FD2A38E59AFB466F9A_727/INPUTFILES/data_285596901.root
INPUTFILE31=/tmp/maxwoo/21EF1A6A9139C9FD2A38E59AFB466F9A_727/INPUTFILES/data_285596911.root
INPUTFILE32=/tmp/maxwoo/21EF1A6A9139C9FD2A38E59AFB466F9A_727/INPUTFILES/data_285596941.root
INPUTFILE33=/tmp/maxwoo/21EF1A6A9139C9FD2A38E59AFB466F9A_727/INPUTFILES/data_285596951.root
INPUTFILE34=/tmp/maxwoo/21EF1A6A9139C9FD2A38E59AFB466F9A_727/INPUTFILES/data_285596961.root
INPUTFILE35=/tmp/maxwoo/21EF1A6A9139C9FD2A38E59AFB466F9A_727/INPUTFILES/data_285596971.root
INPUTFILE36=/tmp/maxwoo/21EF1A6A9139C9FD2A38E59AFB466F9A_727/INPUTFILES/data_285596981.root
LocalInputFileDir=/tmp/maxwoo/21EF1A6A9139C9FD2A38E59AFB466F9A_727/INPUTFILES
NewFILELIST=/tmp/maxwoo/21EF1A6A9139C9FD2A38E59AFB466F9A_727/INPUTFILES/21EF1A6A9139C9FD2A38E59AFB466F9A_727.local.list
+++++++++++++++++++++++++++++++++++++++++++++++
--------------------------------
Simple Unified Meta Scheduler 1.10.50 we are starting in $SCRATCH : /home/tmp/maxwoo/21EF1A6A9139C9FD2A38E59AFB466F9A_727
--------------------------------
total 16
lrwxrwxrwx 1 maxwoo rhstar   61 Jun  2 11:26 check_S.C -> /gpfs/mnt/gpfs01/star/pwg/xiatong/git/strangeness/./check_S.C
lrwxrwxrwx 1 maxwoo rhstar   65 Jun  2 11:26 Check_Sness.C -> /gpfs/mnt/gpfs01/star/pwg/xiatong/git/strangeness/./Check_Sness.C
drwxr-xr-x 2 maxwoo rhstar 4096 Jun  2 11:31 INPUTFILES
drwxr-xr-x 2 maxwoo rhstar 4096 Jun  2 11:26 lib
  *******************************************
  *                                         *
  *        W E L C O M E  to  R O O T       *
  *                                         *
  *   Version   5.34/38     12 March 2018   *
  *                                         *
  *  You are welcome to visit our Web site  *
  *          http://root.cern.ch            *
  *                                         *
  *******************************************

ROOT 5.34/38 (v5-34-38@v5-34-38, Mar 12 2018, 15:49:39 on linux)

CINT/ROOT C/C++ Interpreter version 5.18.00, July 2, 2010
Type ? for help. Commands must be C++ statements.
Enclose multiple statements between { }.
*** Float Point Exception is OFF ***
 *** Start at Date : Thu Jun  2 11:31:17 2022
QAInfo:You are using STAR_LEVEL : dev, ROOT_LEVEL : 5.34.38 and node : rcas6356.rcf.bnl.gov 

Processing check_S.C++("/tmp/maxwoo/21EF1A6A9139C9FD2A38E59AFB466F9A_727/INPUTFILES/21EF1A6A9139C9FD2A38E59AFB466F9A_727.local.list","21EF1A6A9139C9FD2A38E59AFB466F9A_727",1)...
/tmp/maxwoo/21EF1A6A9139C9FD2A38E59AFB466F9A_727/INPUTFILES/data_285470831.root 
/tmp/maxwoo/21EF1A6A9139C9FD2A38E59AFB466F9A_727/INPUTFILES/data_285496931.root 
/tmp/maxwoo/21EF1A6A9139C9FD2A38E59AFB466F9A_727/INPUTFILES/data_285497031.root 
/tmp/maxwoo/21EF1A6A9139C9FD2A38E59AFB466F9A_727/INPUTFILES/data_285497041.root 
/tmp/maxwoo/21EF1A6A9139C9FD2A38E59AFB466F9A_727/INPUTFILES/data_285497141.root 
/tmp/maxwoo/21EF1A6A9139C9FD2A38E59AFB466F9A_727/INPUTFILES/data_285497201.root 
/tmp/maxwoo/21EF1A6A9139C9FD2A38E59AFB466F9A_727/INPUTFILES/data_285497211.root 
/tmp/maxwoo/21EF1A6A9139C9FD2A38E59AFB466F9A_727/INPUTFILES/data_285497221.root 
/tmp/maxwoo/21EF1A6A9139C9FD2A38E59AFB466F9A_727/INPUTFILES/data_285497251.root 
/tmp/maxwoo/21EF1A6A9139C9FD2A38E59AFB466F9A_727/INPUTFILES/data_285497261.root 
/tmp/maxwoo/21EF1A6A9139C9FD2A38E59AFB466F9A_727/INPUTFILES/data_285497271.root 
/tmp/maxwoo/21EF1A6A9139C9FD2A38E59AFB466F9A_727/INPUTFILES/data_285497281.root 
/tmp/maxwoo/21EF1A6A9139C9FD2A38E59AFB466F9A_727/INPUTFILES/data_285497331.root 
/tmp/maxwoo/21EF1A6A9139C9FD2A38E59AFB466F9A_727/INPUTFILES/data_285497531.root 
/tmp/maxwoo/21EF1A6A9139C9FD2A38E59AFB466F9A_727/INPUTFILES/data_285497691.root 
/tmp/maxwoo/21EF1A6A9139C9FD2A38E59AFB466F9A_727/INPUTFILES/data_285497721.root 
/tmp/maxwoo/21EF1A6A9139C9FD2A38E59AFB466F9A_727/INPUTFILES/data_285497731.root 
/tmp/maxwoo/21EF1A6A9139C9FD2A38E59AFB466F9A_727/INPUTFILES/data_285535081.root 
/tmp/maxwoo/21EF1A6A9139C9FD2A38E59AFB466F9A_727/INPUTFILES/data_285535231.root 
/tmp/maxwoo/21EF1A6A9139C9FD2A38E59AFB466F9A_727/INPUTFILES/data_285566051.root 
/tmp/maxwoo/21EF1A6A9139C9FD2A38E59AFB466F9A_727/INPUTFILES/data_285566101.root 
/tmp/maxwoo/21EF1A6A9139C9FD2A38E59AFB466F9A_727/INPUTFILES/data_285566111.root 
/tmp/maxwoo/21EF1A6A9139C9FD2A38E59AFB466F9A_727/INPUTFILES/data_285566211.root 
/tmp/maxwoo/21EF1A6A9139C9FD2A38E59AFB466F9A_727/INPUTFILES/data_285566331.root 
/tmp/maxwoo/21EF1A6A9139C9FD2A38E59AFB466F9A_727/INPUTFILES/data_285572961.root 
/tmp/maxwoo/21EF1A6A9139C9FD2A38E59AFB466F9A_727/INPUTFILES/data_285596441.root 
/tmp/maxwoo/21EF1A6A9139C9FD2A38E59AFB466F9A_727/INPUTFILES/data_285596701.root 
/tmp/maxwoo/21EF1A6A9139C9FD2A38E59AFB466F9A_727/INPUTFILES/data_285596841.root 
/tmp/maxwoo/21EF1A6A9139C9FD2A38E59AFB466F9A_727/INPUTFILES/data_285596851.root 
/tmp/maxwoo/21EF1A6A9139C9FD2A38E59AFB466F9A_727/INPUTFILES/data_285596871.root 
/tmp/maxwoo/21EF1A6A9139C9FD2A38E59AFB466F9A_727/INPUTFILES/data_285596901.root 
/tmp/maxwoo/21EF1A6A9139C9FD2A38E59AFB466F9A_727/INPUTFILES/data_285596911.root 
/tmp/maxwoo/21EF1A6A9139C9FD2A38E59AFB466F9A_727/INPUTFILES/data_285596941.root 
/tmp/maxwoo/21EF1A6A9139C9FD2A38E59AFB466F9A_727/INPUTFILES/data_285596951.root 
/tmp/maxwoo/21EF1A6A9139C9FD2A38E59AFB466F9A_727/INPUTFILES/data_285596961.root 
/tmp/maxwoo/21EF1A6A9139C9FD2A38E59AFB466F9A_727/INPUTFILES/data_285596971.root 
/tmp/maxwoo/21EF1A6A9139C9FD2A38E59AFB466F9A_727/INPUTFILES/data_285596981.root 
Added 37 files
# entries in chain: 35354
Processing entry == 1000 == out of 35354.
Processing entry == 2000 == out of 35354.
Processing entry == 3000 == out of 35354.
Processing entry == 4000 == out of 35354.
Processing entry == 5000 == out of 35354.
Processing entry == 6000 == out of 35354.
Processing entry == 7000 == out of 35354.
Processing entry == 8000 == out of 35354.
Processing entry == 9000 == out of 35354.
Processing entry == 10000 == out of 35354.
Processing entry == 11000 == out of 35354.
Processing entry == 12000 == out of 35354.
Processing entry == 13000 == out of 35354.
Processing entry == 14000 == out of 35354.
Processing entry == 15000 == out of 35354.
Processing entry == 16000 == out of 35354.
Processing entry == 17000 == out of 35354.
Processing entry == 18000 == out of 35354.
Processing entry == 19000 == out of 35354.
Processing entry == 20000 == out of 35354.
Processing entry == 21000 == out of 35354.
Processing entry == 22000 == out of 35354.
Processing entry == 23000 == out of 35354.
Processing entry == 24000 == out of 35354.
Processing entry == 25000 == out of 35354.
Processing entry == 26000 == out of 35354.
Processing entry == 27000 == out of 35354.
Processing entry == 28000 == out of 35354.
Processing entry == 29000 == out of 35354.
Processing entry == 30000 == out of 35354.
Processing entry == 31000 == out of 35354.
Processing entry == 32000 == out of 35354.
Processing entry == 33000 == out of 35354.
Processing entry == 34000 == out of 35354.
Processing entry == 35000 == out of 35354.

This is the end of ROOT -- Goodbye

Cleaning up sandbox file:  /tmp/maxwoo/21EF1A6A9139C9FD2A38E59AFB466F9A_727/check_S.C
Cleaning up sandbox file:  /tmp/maxwoo/21EF1A6A9139C9FD2A38E59AFB466F9A_727/Check_Sness.C
Cleaning up sandbox file:  /tmp/maxwoo/21EF1A6A9139C9FD2A38E59AFB466F9A_727/lib
Cleaning up sandbox file:  /tmp/maxwoo/21EF1A6A9139C9FD2A38E59AFB466F9A_727/.sandboxFiles
Starting copy block
Running copy command:  /bin/cp -fp /tmp/maxwoo/21EF1A6A9139C9FD2A38E59AFB466F9A_727/out_21EF1A6A9139C9FD2A38E59AFB466F9A_727.root /star/data01/pwg/xiatong/git/strangeness/data/
5826 Execution of (/star/data01/pwg/xiatong/git/strangeness/script/sched21EF1A6A9139C9FD2A38E59AFB466F9A_727.csh ) has ended, exiting normally
5826 We END on [Thu Jun  2 11:51:56 EDT 2022]
