We are starting on node: rcrs6241.rcf.bnl.gov
HOME is not defined
Using getent method
HOME is now /star/u/maxwoo
64733 We will spawn ourselves (/star/data01/pwg/xiatong/git/strangeness/script/sched21EF1A6A9139C9FD2A38E59AFB466F9A_960.csh )
64733 We BEGIN on [Thu Jun  2 11:23:52 EDT 2022]
[1] 64928
64733 We are waiting for 64928 
64733 Grandchild PID is 65124 - found in 10 x 1 seconds
64733 Establishing first watcher   on    Thu Jun  2 11:24:02 EDT 2022
64733 Process tree is 64733 (main) -> 64928 (child) -> 65124 (grandchild)
F S   UID   PID  PPID  C PRI  NI ADDR SZ WCHAN  TTY        TIME CMD
0 D 100667 65124 64928  0 80   0 - 32311 cxiWai ?          0:00 cp /star/data01/pwg/xiatong/AMPT/14GeV/data_319848911.root /tmp/maxwoo/21EF1A6A9139C9FD2A38E59AFB466F9A_960/INPUTFILES/data_319848911.root
64733 Grandchild PID is 921 - found in 20 x 2 seconds
64733 Grandchild to watch has changed on Thu Jun  2 11:24:36 EDT 2022
64733 Process tree is 64733 (main) -> 64928 (child) -> 921 (grandchild)
F S   UID   PID  PPID  C PRI  NI ADDR SZ WCHAN  TTY        TIME CMD
64733 Grandchild PID is 2064 - found in 30 x 2 seconds
64733 Grandchild to watch has changed on Thu Jun  2 11:24:56 EDT 2022
64733 Process tree is 64733 (main) -> 64928 (child) -> 2064 (grandchild)
F S   UID   PID  PPID  C PRI  NI ADDR SZ WCHAN  TTY        TIME CMD
0 D 100667 2064 64928  0  80   0 - 32311 cxiWai ?          0:00 cp /star/data01/pwg/xiatong/AMPT/14GeV/data_319848961.root /tmp/maxwoo/21EF1A6A9139C9FD2A38E59AFB466F9A_960/INPUTFILES/data_319848961.root
64733 Grandchild PID is 3835 - found in 50 x 2 seconds
64733 Grandchild to watch has changed on Thu Jun  2 11:25:38 EDT 2022
64733 Process tree is 64733 (main) -> 64928 (child) -> 3835 (grandchild)
F S   UID   PID  PPID  C PRI  NI ADDR SZ WCHAN  TTY        TIME CMD
0 D 100667 3835 64928  0  80   0 - 32311 cxiWai ?          0:00 cp /star/data01/pwg/xiatong/AMPT/14GeV/data_319849671.root /tmp/maxwoo/21EF1A6A9139C9FD2A38E59AFB466F9A_960/INPUTFILES/data_319849671.root
64733 Grandchild PID is 5115 - found in 70 x 2 seconds
64733 Grandchild to watch has changed on Thu Jun  2 11:26:19 EDT 2022
64733 Process tree is 64733 (main) -> 64928 (child) -> 5115 (grandchild)
F S   UID   PID  PPID  C PRI  NI ADDR SZ WCHAN  TTY        TIME CMD
0 D 100667 5115 64928  0  80   0 - 32311 cxiWai ?          0:00 cp /star/data01/pwg/xiatong/AMPT/14GeV/data_319918861.root /tmp/maxwoo/21EF1A6A9139C9FD2A38E59AFB466F9A_960/INPUTFILES/data_319918861.root
64733 Grandchild PID is 5896 - found in 80 x 2 seconds
64733 Grandchild to watch has changed on Thu Jun  2 11:26:40 EDT 2022
64733 Process tree is 64733 (main) -> 64928 (child) -> 5896 (grandchild)
F S   UID   PID  PPID  C PRI  NI ADDR SZ WCHAN  TTY        TIME CMD
0 D 100667 5896 64928  0  80   0 - 32311 cxiWai ?          0:00 cp /star/data01/pwg/xiatong/AMPT/14GeV/data_319948841.root /tmp/maxwoo/21EF1A6A9139C9FD2A38E59AFB466F9A_960/INPUTFILES/data_319948841.root
64733 Grandchild PID is 6599 - found in 90 x 2 seconds
64733 Grandchild to watch has changed on Thu Jun  2 11:27:00 EDT 2022
64733 Process tree is 64733 (main) -> 64928 (child) -> 6599 (grandchild)
F S   UID   PID  PPID  C PRI  NI ADDR SZ WCHAN  TTY        TIME CMD
0 D 100667 6599 64928  0  80   0 - 32311 cxiWai ?          0:00 cp /star/data01/pwg/xiatong/AMPT/14GeV/data_319949551.root /tmp/maxwoo/21EF1A6A9139C9FD2A38E59AFB466F9A_960/INPUTFILES/data_319949551.root
64733 Grandchild PID is 8921 - found in 110 x 2 seconds
64733 Grandchild to watch has changed on Thu Jun  2 11:27:42 EDT 2022
64733 Process tree is 64733 (main) -> 64928 (child) -> 8921 (grandchild)
F S   UID   PID  PPID  C PRI  NI ADDR SZ WCHAN  TTY        TIME CMD
0 D 100667 8921 64928  0  80   0 - 32311 cxiWai ?          0:00 cp /star/data01/pwg/xiatong/AMPT/14GeV/data_320048771.root /tmp/maxwoo/21EF1A6A9139C9FD2A38E59AFB466F9A_960/INPUTFILES/data_320048771.root
64733 Grandchild PID is 10880 - found in 130 x 2 seconds
64733 Grandchild to watch has changed on Thu Jun  2 11:28:23 EDT 2022
64733 Process tree is 64733 (main) -> 64928 (child) -> 10880 (grandchild)
F S   UID   PID  PPID  C PRI  NI ADDR SZ WCHAN  TTY        TIME CMD
0 D 100667 10880 64928  0 80   0 - 32311 cxiWai ?          0:00 cp /star/data01/pwg/xiatong/AMPT/14GeV/data_320049531.root /tmp/maxwoo/21EF1A6A9139C9FD2A38E59AFB466F9A_960/INPUTFILES/data_320049531.root
64733 Grandchild PID is 11450 - found in 140 x 2 seconds
64733 Grandchild to watch has changed on Thu Jun  2 11:28:44 EDT 2022
64733 Process tree is 64733 (main) -> 64928 (child) -> 11450 (grandchild)
F S   UID   PID  PPID  C PRI  NI ADDR SZ WCHAN  TTY        TIME CMD
0 D 100667 11450 64928  0 80   0 - 32311 cxiWai ?          0:00 cp /star/data01/pwg/xiatong/AMPT/14GeV/data_320057461.root /tmp/maxwoo/21EF1A6A9139C9FD2A38E59AFB466F9A_960/INPUTFILES/data_320057461.root
64733 Grandchild PID is 12338 - found in 150 x 2 seconds
64733 Grandchild to watch has changed on Thu Jun  2 11:29:04 EDT 2022
64733 Process tree is 64733 (main) -> 64928 (child) -> 12338 (grandchild)
F S   UID   PID  PPID  C PRI  NI ADDR SZ WCHAN  TTY        TIME CMD
0 S 100667 12338 64928  0 80   0 -  1272 do_wai ?          0:00 root -b -q check_S.C++("/tmp/maxwoo/21EF1A6A9139C9FD2A38E59AFB466F9A_960/INPUTFILES/21EF1A6A9139C9FD2A38E59AFB466F9A_960.local.list","21EF1A6A9139C9FD2A38E59AFB466F9A_960",1)
64928 Stepping into the main SUMS wrapper program with []
.... building sandbox
Running: cp /star/data01/pwg/xiatong/AMPT/14GeV/data_319848911.root /tmp/maxwoo/21EF1A6A9139C9FD2A38E59AFB466F9A_960/INPUTFILES/data_319848911.root
Running: cp /star/data01/pwg/xiatong/AMPT/14GeV/data_319848921.root /tmp/maxwoo/21EF1A6A9139C9FD2A38E59AFB466F9A_960/INPUTFILES/data_319848921.root
Running: cp /star/data01/pwg/xiatong/AMPT/14GeV/data_319848931.root /tmp/maxwoo/21EF1A6A9139C9FD2A38E59AFB466F9A_960/INPUTFILES/data_319848931.root
Running: cp /star/data01/pwg/xiatong/AMPT/14GeV/data_319848941.root /tmp/maxwoo/21EF1A6A9139C9FD2A38E59AFB466F9A_960/INPUTFILES/data_319848941.root
Running: cp /star/data01/pwg/xiatong/AMPT/14GeV/data_319848951.root /tmp/maxwoo/21EF1A6A9139C9FD2A38E59AFB466F9A_960/INPUTFILES/data_319848951.root
Running: cp /star/data01/pwg/xiatong/AMPT/14GeV/data_319848961.root /tmp/maxwoo/21EF1A6A9139C9FD2A38E59AFB466F9A_960/INPUTFILES/data_319848961.root
Running: cp /star/data01/pwg/xiatong/AMPT/14GeV/data_319849651.root /tmp/maxwoo/21EF1A6A9139C9FD2A38E59AFB466F9A_960/INPUTFILES/data_319849651.root
Running: cp /star/data01/pwg/xiatong/AMPT/14GeV/data_319849661.root /tmp/maxwoo/21EF1A6A9139C9FD2A38E59AFB466F9A_960/INPUTFILES/data_319849661.root
Running: cp /star/data01/pwg/xiatong/AMPT/14GeV/data_319849671.root /tmp/maxwoo/21EF1A6A9139C9FD2A38E59AFB466F9A_960/INPUTFILES/data_319849671.root
Running: cp /star/data01/pwg/xiatong/AMPT/14GeV/data_319918861.root /tmp/maxwoo/21EF1A6A9139C9FD2A38E59AFB466F9A_960/INPUTFILES/data_319918861.root
Running: cp /star/data01/pwg/xiatong/AMPT/14GeV/data_319948811.root /tmp/maxwoo/21EF1A6A9139C9FD2A38E59AFB466F9A_960/INPUTFILES/data_319948811.root
Running: cp /star/data01/pwg/xiatong/AMPT/14GeV/data_319948831.root /tmp/maxwoo/21EF1A6A9139C9FD2A38E59AFB466F9A_960/INPUTFILES/data_319948831.root
Running: cp /star/data01/pwg/xiatong/AMPT/14GeV/data_319948841.root /tmp/maxwoo/21EF1A6A9139C9FD2A38E59AFB466F9A_960/INPUTFILES/data_319948841.root
Running: cp /star/data01/pwg/xiatong/AMPT/14GeV/data_319948851.root /tmp/maxwoo/21EF1A6A9139C9FD2A38E59AFB466F9A_960/INPUTFILES/data_319948851.root
Running: cp /star/data01/pwg/xiatong/AMPT/14GeV/data_319948861.root /tmp/maxwoo/21EF1A6A9139C9FD2A38E59AFB466F9A_960/INPUTFILES/data_319948861.root
Running: cp /star/data01/pwg/xiatong/AMPT/14GeV/data_319948871.root /tmp/maxwoo/21EF1A6A9139C9FD2A38E59AFB466F9A_960/INPUTFILES/data_319948871.root
Running: cp /star/data01/pwg/xiatong/AMPT/14GeV/data_319949551.root /tmp/maxwoo/21EF1A6A9139C9FD2A38E59AFB466F9A_960/INPUTFILES/data_319949551.root
Running: cp /star/data01/pwg/xiatong/AMPT/14GeV/data_319949571.root /tmp/maxwoo/21EF1A6A9139C9FD2A38E59AFB466F9A_960/INPUTFILES/data_319949571.root
Running: cp /star/data01/pwg/xiatong/AMPT/14GeV/data_319949601.root /tmp/maxwoo/21EF1A6A9139C9FD2A38E59AFB466F9A_960/INPUTFILES/data_319949601.root
Running: cp /star/data01/pwg/xiatong/AMPT/14GeV/data_319949611.root /tmp/maxwoo/21EF1A6A9139C9FD2A38E59AFB466F9A_960/INPUTFILES/data_319949611.root
Running: cp /star/data01/pwg/xiatong/AMPT/14GeV/data_319949621.root /tmp/maxwoo/21EF1A6A9139C9FD2A38E59AFB466F9A_960/INPUTFILES/data_319949621.root
Running: cp /star/data01/pwg/xiatong/AMPT/14GeV/data_319949631.root /tmp/maxwoo/21EF1A6A9139C9FD2A38E59AFB466F9A_960/INPUTFILES/data_319949631.root
Running: cp /star/data01/pwg/xiatong/AMPT/14GeV/data_319949891.root /tmp/maxwoo/21EF1A6A9139C9FD2A38E59AFB466F9A_960/INPUTFILES/data_319949891.root
Running: cp /star/data01/pwg/xiatong/AMPT/14GeV/data_320048751.root /tmp/maxwoo/21EF1A6A9139C9FD2A38E59AFB466F9A_960/INPUTFILES/data_320048751.root
Running: cp /star/data01/pwg/xiatong/AMPT/14GeV/data_320048761.root /tmp/maxwoo/21EF1A6A9139C9FD2A38E59AFB466F9A_960/INPUTFILES/data_320048761.root
Running: cp /star/data01/pwg/xiatong/AMPT/14GeV/data_320048771.root /tmp/maxwoo/21EF1A6A9139C9FD2A38E59AFB466F9A_960/INPUTFILES/data_320048771.root
Running: cp /star/data01/pwg/xiatong/AMPT/14GeV/data_320048781.root /tmp/maxwoo/21EF1A6A9139C9FD2A38E59AFB466F9A_960/INPUTFILES/data_320048781.root
Running: cp /star/data01/pwg/xiatong/AMPT/14GeV/data_320048791.root /tmp/maxwoo/21EF1A6A9139C9FD2A38E59AFB466F9A_960/INPUTFILES/data_320048791.root
Running: cp /star/data01/pwg/xiatong/AMPT/14GeV/data_320048801.root /tmp/maxwoo/21EF1A6A9139C9FD2A38E59AFB466F9A_960/INPUTFILES/data_320048801.root
Running: cp /star/data01/pwg/xiatong/AMPT/14GeV/data_320048821.root /tmp/maxwoo/21EF1A6A9139C9FD2A38E59AFB466F9A_960/INPUTFILES/data_320048821.root
Running: cp /star/data01/pwg/xiatong/AMPT/14GeV/data_320049461.root /tmp/maxwoo/21EF1A6A9139C9FD2A38E59AFB466F9A_960/INPUTFILES/data_320049461.root
Running: cp /star/data01/pwg/xiatong/AMPT/14GeV/data_320049521.root /tmp/maxwoo/21EF1A6A9139C9FD2A38E59AFB466F9A_960/INPUTFILES/data_320049521.root
Running: cp /star/data01/pwg/xiatong/AMPT/14GeV/data_320049531.root /tmp/maxwoo/21EF1A6A9139C9FD2A38E59AFB466F9A_960/INPUTFILES/data_320049531.root
Running: cp /star/data01/pwg/xiatong/AMPT/14GeV/data_320049541.root /tmp/maxwoo/21EF1A6A9139C9FD2A38E59AFB466F9A_960/INPUTFILES/data_320049541.root
Running: cp /star/data01/pwg/xiatong/AMPT/14GeV/data_320050641.root /tmp/maxwoo/21EF1A6A9139C9FD2A38E59AFB466F9A_960/INPUTFILES/data_320050641.root
Running: cp /star/data01/pwg/xiatong/AMPT/14GeV/data_320057461.root /tmp/maxwoo/21EF1A6A9139C9FD2A38E59AFB466F9A_960/INPUTFILES/data_320057461.root
Running: cp /star/data01/pwg/xiatong/AMPT/14GeV/data_320100621.root /tmp/maxwoo/21EF1A6A9139C9FD2A38E59AFB466F9A_960/INPUTFILES/data_320100621.root
Swapping $FILELIST with: /tmp/maxwoo/21EF1A6A9139C9FD2A38E59AFB466F9A_960/INPUTFILES/21EF1A6A9139C9FD2A38E59AFB466F9A_960.local.list
+++++++++++local copy debug++++++++++++++++++++
newFileList: /tmp/maxwoo/21EF1A6A9139C9FD2A38E59AFB466F9A_960/INPUTFILES/21EF1A6A9139C9FD2A38E59AFB466F9A_960.local.list
++++++++++++++++cat FILELIST+++++++++++++++++++
/tmp/maxwoo/21EF1A6A9139C9FD2A38E59AFB466F9A_960/INPUTFILES/data_319848911.root 
/tmp/maxwoo/21EF1A6A9139C9FD2A38E59AFB466F9A_960/INPUTFILES/data_319848921.root 
/tmp/maxwoo/21EF1A6A9139C9FD2A38E59AFB466F9A_960/INPUTFILES/data_319848931.root 
/tmp/maxwoo/21EF1A6A9139C9FD2A38E59AFB466F9A_960/INPUTFILES/data_319848941.root 
/tmp/maxwoo/21EF1A6A9139C9FD2A38E59AFB466F9A_960/INPUTFILES/data_319848951.root 
/tmp/maxwoo/21EF1A6A9139C9FD2A38E59AFB466F9A_960/INPUTFILES/data_319848961.root 
/tmp/maxwoo/21EF1A6A9139C9FD2A38E59AFB466F9A_960/INPUTFILES/data_319849651.root 
/tmp/maxwoo/21EF1A6A9139C9FD2A38E59AFB466F9A_960/INPUTFILES/data_319849661.root 
/tmp/maxwoo/21EF1A6A9139C9FD2A38E59AFB466F9A_960/INPUTFILES/data_319849671.root 
/tmp/maxwoo/21EF1A6A9139C9FD2A38E59AFB466F9A_960/INPUTFILES/data_319918861.root 
/tmp/maxwoo/21EF1A6A9139C9FD2A38E59AFB466F9A_960/INPUTFILES/data_319948811.root 
/tmp/maxwoo/21EF1A6A9139C9FD2A38E59AFB466F9A_960/INPUTFILES/data_319948831.root 
/tmp/maxwoo/21EF1A6A9139C9FD2A38E59AFB466F9A_960/INPUTFILES/data_319948841.root 
/tmp/maxwoo/21EF1A6A9139C9FD2A38E59AFB466F9A_960/INPUTFILES/data_319948851.root 
/tmp/maxwoo/21EF1A6A9139C9FD2A38E59AFB466F9A_960/INPUTFILES/data_319948861.root 
/tmp/maxwoo/21EF1A6A9139C9FD2A38E59AFB466F9A_960/INPUTFILES/data_319948871.root 
/tmp/maxwoo/21EF1A6A9139C9FD2A38E59AFB466F9A_960/INPUTFILES/data_319949551.root 
/tmp/maxwoo/21EF1A6A9139C9FD2A38E59AFB466F9A_960/INPUTFILES/data_319949571.root 
/tmp/maxwoo/21EF1A6A9139C9FD2A38E59AFB466F9A_960/INPUTFILES/data_319949601.root 
/tmp/maxwoo/21EF1A6A9139C9FD2A38E59AFB466F9A_960/INPUTFILES/data_319949611.root 
/tmp/maxwoo/21EF1A6A9139C9FD2A38E59AFB466F9A_960/INPUTFILES/data_319949621.root 
/tmp/maxwoo/21EF1A6A9139C9FD2A38E59AFB466F9A_960/INPUTFILES/data_319949631.root 
/tmp/maxwoo/21EF1A6A9139C9FD2A38E59AFB466F9A_960/INPUTFILES/data_319949891.root 
/tmp/maxwoo/21EF1A6A9139C9FD2A38E59AFB466F9A_960/INPUTFILES/data_320048751.root 
/tmp/maxwoo/21EF1A6A9139C9FD2A38E59AFB466F9A_960/INPUTFILES/data_320048761.root 
/tmp/maxwoo/21EF1A6A9139C9FD2A38E59AFB466F9A_960/INPUTFILES/data_320048771.root 
/tmp/maxwoo/21EF1A6A9139C9FD2A38E59AFB466F9A_960/INPUTFILES/data_320048781.root 
/tmp/maxwoo/21EF1A6A9139C9FD2A38E59AFB466F9A_960/INPUTFILES/data_320048791.root 
/tmp/maxwoo/21EF1A6A9139C9FD2A38E59AFB466F9A_960/INPUTFILES/data_320048801.root 
/tmp/maxwoo/21EF1A6A9139C9FD2A38E59AFB466F9A_960/INPUTFILES/data_320048821.root 
/tmp/maxwoo/21EF1A6A9139C9FD2A38E59AFB466F9A_960/INPUTFILES/data_320049461.root 
/tmp/maxwoo/21EF1A6A9139C9FD2A38E59AFB466F9A_960/INPUTFILES/data_320049521.root 
/tmp/maxwoo/21EF1A6A9139C9FD2A38E59AFB466F9A_960/INPUTFILES/data_320049531.root 
/tmp/maxwoo/21EF1A6A9139C9FD2A38E59AFB466F9A_960/INPUTFILES/data_320049541.root 
/tmp/maxwoo/21EF1A6A9139C9FD2A38E59AFB466F9A_960/INPUTFILES/data_320050641.root 
/tmp/maxwoo/21EF1A6A9139C9FD2A38E59AFB466F9A_960/INPUTFILES/data_320057461.root 
/tmp/maxwoo/21EF1A6A9139C9FD2A38E59AFB466F9A_960/INPUTFILES/data_320100621.root 
++++++++++++++++++++find.++++++++++++++++++++++
.
./INPUTFILES
./INPUTFILES/data_319949601.root
./INPUTFILES/data_320049461.root
./INPUTFILES/data_320048821.root
./INPUTFILES/data_319848961.root
./INPUTFILES/data_319949551.root
./INPUTFILES/data_320049531.root
./INPUTFILES/data_320048771.root
./INPUTFILES/data_319948851.root
./INPUTFILES/data_319849671.root
./INPUTFILES/data_320048781.root
./INPUTFILES/data_319949621.root
./INPUTFILES/data_319949891.root
./INPUTFILES/data_320057461.root
./INPUTFILES/data_320048761.root
./INPUTFILES/data_319848921.root
./INPUTFILES/data_320048801.root
./INPUTFILES/data_319848911.root
./INPUTFILES/data_319948831.root
./INPUTFILES/data_319948811.root
./INPUTFILES/data_319849651.root
./INPUTFILES/21EF1A6A9139C9FD2A38E59AFB466F9A_960.local.list
./INPUTFILES/data_320048791.root
./INPUTFILES/data_319849661.root
./INPUTFILES/data_319848941.root
./INPUTFILES/data_319918861.root
./INPUTFILES/data_320050641.root
./INPUTFILES/data_319949631.root
./INPUTFILES/data_320049521.root
./INPUTFILES/data_320049541.root
./INPUTFILES/data_319949611.root
./INPUTFILES/data_319948841.root
./INPUTFILES/data_319948871.root
./INPUTFILES/data_319949571.root
./INPUTFILES/data_319848951.root
./INPUTFILES/data_320048751.root
./INPUTFILES/data_320100621.root
./INPUTFILES/data_319848931.root
./INPUTFILES/data_319948861.root
./Check_Sness.C
./.output.log
./lib
./lib/MixedBuffer_cpp.so
./lib/my_particle_cpp_ACLiC_dict_rdict.pcm
./lib/CenMaker_cpp.d
./lib/my_event.h
./lib/CenMaker.cpp
./lib/NpartNormalizer.cpp
./lib/my_event_cpp_ACLiC_dict_rdict.pcm
./lib/CenMaker_cpp.so
./lib/my_particle_cpp.so
./lib/CenMaker_cpp_ACLiC_dict_rdict.pcm
./lib/MixedBuffer_cpp.d
./lib/my_event_cpp.so
./lib/NpartNormalizer.h
./lib/NpartNormalizer_cpp.d
./lib/NpartNormalizer_cpp.so
./lib/MixedBuffer_cpp_ACLiC_dict_rdict.pcm
./lib/my_event_cpp.d
./lib/MixedBuffer.h
./lib/CenMaker.h
./lib/my_particle_cpp.d
./lib/my_particle.cpp
./lib/my_particle.h
./lib/MixedBuffer.cpp
./lib/my_event.cpp
./lib/NpartNormalizer_cpp_ACLiC_dict_rdict.pcm
./.sandboxFiles
./check_S.C
./.errror.log
++++++++++++++++INPUTFILE Var++++++++++++++++++
FILELIST=/tmp/maxwoo/21EF1A6A9139C9FD2A38E59AFB466F9A_960/INPUTFILES/21EF1A6A9139C9FD2A38E59AFB466F9A_960.local.list
INPUTFILECOUNT=37
INPUTFILE0=/tmp/maxwoo/21EF1A6A9139C9FD2A38E59AFB466F9A_960/INPUTFILES/data_319848911.root
INPUTFILE1=/tmp/maxwoo/21EF1A6A9139C9FD2A38E59AFB466F9A_960/INPUTFILES/data_319848921.root
INPUTFILE2=/tmp/maxwoo/21EF1A6A9139C9FD2A38E59AFB466F9A_960/INPUTFILES/data_319848931.root
INPUTFILE3=/tmp/maxwoo/21EF1A6A9139C9FD2A38E59AFB466F9A_960/INPUTFILES/data_319848941.root
INPUTFILE4=/tmp/maxwoo/21EF1A6A9139C9FD2A38E59AFB466F9A_960/INPUTFILES/data_319848951.root
INPUTFILE5=/tmp/maxwoo/21EF1A6A9139C9FD2A38E59AFB466F9A_960/INPUTFILES/data_319848961.root
INPUTFILE6=/tmp/maxwoo/21EF1A6A9139C9FD2A38E59AFB466F9A_960/INPUTFILES/data_319849651.root
INPUTFILE7=/tmp/maxwoo/21EF1A6A9139C9FD2A38E59AFB466F9A_960/INPUTFILES/data_319849661.root
INPUTFILE8=/tmp/maxwoo/21EF1A6A9139C9FD2A38E59AFB466F9A_960/INPUTFILES/data_319849671.root
INPUTFILE9=/tmp/maxwoo/21EF1A6A9139C9FD2A38E59AFB466F9A_960/INPUTFILES/data_319918861.root
INPUTFILE10=/tmp/maxwoo/21EF1A6A9139C9FD2A38E59AFB466F9A_960/INPUTFILES/data_319948811.root
INPUTFILE11=/tmp/maxwoo/21EF1A6A9139C9FD2A38E59AFB466F9A_960/INPUTFILES/data_319948831.root
INPUTFILE12=/tmp/maxwoo/21EF1A6A9139C9FD2A38E59AFB466F9A_960/INPUTFILES/data_319948841.root
INPUTFILE13=/tmp/maxwoo/21EF1A6A9139C9FD2A38E59AFB466F9A_960/INPUTFILES/data_319948851.root
INPUTFILE14=/tmp/maxwoo/21EF1A6A9139C9FD2A38E59AFB466F9A_960/INPUTFILES/data_319948861.root
INPUTFILE15=/tmp/maxwoo/21EF1A6A9139C9FD2A38E59AFB466F9A_960/INPUTFILES/data_319948871.root
INPUTFILE16=/tmp/maxwoo/21EF1A6A9139C9FD2A38E59AFB466F9A_960/INPUTFILES/data_319949551.root
INPUTFILE17=/tmp/maxwoo/21EF1A6A9139C9FD2A38E59AFB466F9A_960/INPUTFILES/data_319949571.root
INPUTFILE18=/tmp/maxwoo/21EF1A6A9139C9FD2A38E59AFB466F9A_960/INPUTFILES/data_319949601.root
INPUTFILE19=/tmp/maxwoo/21EF1A6A9139C9FD2A38E59AFB466F9A_960/INPUTFILES/data_319949611.root
INPUTFILE20=/tmp/maxwoo/21EF1A6A9139C9FD2A38E59AFB466F9A_960/INPUTFILES/data_319949621.root
INPUTFILE21=/tmp/maxwoo/21EF1A6A9139C9FD2A38E59AFB466F9A_960/INPUTFILES/data_319949631.root
INPUTFILE22=/tmp/maxwoo/21EF1A6A9139C9FD2A38E59AFB466F9A_960/INPUTFILES/data_319949891.root
INPUTFILE23=/tmp/maxwoo/21EF1A6A9139C9FD2A38E59AFB466F9A_960/INPUTFILES/data_320048751.root
INPUTFILE24=/tmp/maxwoo/21EF1A6A9139C9FD2A38E59AFB466F9A_960/INPUTFILES/data_320048761.root
INPUTFILE25=/tmp/maxwoo/21EF1A6A9139C9FD2A38E59AFB466F9A_960/INPUTFILES/data_320048771.root
INPUTFILE26=/tmp/maxwoo/21EF1A6A9139C9FD2A38E59AFB466F9A_960/INPUTFILES/data_320048781.root
INPUTFILE27=/tmp/maxwoo/21EF1A6A9139C9FD2A38E59AFB466F9A_960/INPUTFILES/data_320048791.root
INPUTFILE28=/tmp/maxwoo/21EF1A6A9139C9FD2A38E59AFB466F9A_960/INPUTFILES/data_320048801.root
INPUTFILE29=/tmp/maxwoo/21EF1A6A9139C9FD2A38E59AFB466F9A_960/INPUTFILES/data_320048821.root
INPUTFILE30=/tmp/maxwoo/21EF1A6A9139C9FD2A38E59AFB466F9A_960/INPUTFILES/data_320049461.root
INPUTFILE31=/tmp/maxwoo/21EF1A6A9139C9FD2A38E59AFB466F9A_960/INPUTFILES/data_320049521.root
INPUTFILE32=/tmp/maxwoo/21EF1A6A9139C9FD2A38E59AFB466F9A_960/INPUTFILES/data_320049531.root
INPUTFILE33=/tmp/maxwoo/21EF1A6A9139C9FD2A38E59AFB466F9A_960/INPUTFILES/data_320049541.root
INPUTFILE34=/tmp/maxwoo/21EF1A6A9139C9FD2A38E59AFB466F9A_960/INPUTFILES/data_320050641.root
INPUTFILE35=/tmp/maxwoo/21EF1A6A9139C9FD2A38E59AFB466F9A_960/INPUTFILES/data_320057461.root
INPUTFILE36=/tmp/maxwoo/21EF1A6A9139C9FD2A38E59AFB466F9A_960/INPUTFILES/data_320100621.root
LocalInputFileDir=/tmp/maxwoo/21EF1A6A9139C9FD2A38E59AFB466F9A_960/INPUTFILES
NewFILELIST=/tmp/maxwoo/21EF1A6A9139C9FD2A38E59AFB466F9A_960/INPUTFILES/21EF1A6A9139C9FD2A38E59AFB466F9A_960.local.list
+++++++++++++++++++++++++++++++++++++++++++++++
--------------------------------
Simple Unified Meta Scheduler 1.10.50 we are starting in $SCRATCH : /home/tmp/maxwoo/21EF1A6A9139C9FD2A38E59AFB466F9A_960
--------------------------------
total 16
lrwxrwxrwx 1 maxwoo rhstar   61 Jun  2 11:23 check_S.C -> /gpfs/mnt/gpfs01/star/pwg/xiatong/git/strangeness/./check_S.C
lrwxrwxrwx 1 maxwoo rhstar   65 Jun  2 11:23 Check_Sness.C -> /gpfs/mnt/gpfs01/star/pwg/xiatong/git/strangeness/./Check_Sness.C
drwxr-xr-x 2 maxwoo rhstar 4096 Jun  2 11:28 INPUTFILES
drwxr-xr-x 2 maxwoo rhstar 4096 Jun  2 11:23 lib
  *******************************************
  *                                         *
  *        W E L C O M E  to  R O O T       *
  *                                         *
  *   Version   5.34/38     12 March 2018   *
  *                                         *
  *  You are welcome to visit our Web site  *
  *          http://root.cern.ch            *
  *                                         *
  *******************************************

ROOT 5.34/38 (v5-34-38@v5-34-38, Mar 12 2018, 15:49:39 on linux)

CINT/ROOT C/C++ Interpreter version 5.18.00, July 2, 2010
Type ? for help. Commands must be C++ statements.
Enclose multiple statements between { }.
*** Float Point Exception is OFF ***
 *** Start at Date : Thu Jun  2 11:28:54 2022
QAInfo:You are using STAR_LEVEL : dev, ROOT_LEVEL : 5.34.38 and node : rcrs6241.rcf.bnl.gov 

Processing check_S.C++("/tmp/maxwoo/21EF1A6A9139C9FD2A38E59AFB466F9A_960/INPUTFILES/21EF1A6A9139C9FD2A38E59AFB466F9A_960.local.list","21EF1A6A9139C9FD2A38E59AFB466F9A_960",1)...
/tmp/maxwoo/21EF1A6A9139C9FD2A38E59AFB466F9A_960/INPUTFILES/data_319848911.root 
/tmp/maxwoo/21EF1A6A9139C9FD2A38E59AFB466F9A_960/INPUTFILES/data_319848921.root 
/tmp/maxwoo/21EF1A6A9139C9FD2A38E59AFB466F9A_960/INPUTFILES/data_319848931.root 
/tmp/maxwoo/21EF1A6A9139C9FD2A38E59AFB466F9A_960/INPUTFILES/data_319848941.root 
/tmp/maxwoo/21EF1A6A9139C9FD2A38E59AFB466F9A_960/INPUTFILES/data_319848951.root 
/tmp/maxwoo/21EF1A6A9139C9FD2A38E59AFB466F9A_960/INPUTFILES/data_319848961.root 
/tmp/maxwoo/21EF1A6A9139C9FD2A38E59AFB466F9A_960/INPUTFILES/data_319849651.root 
/tmp/maxwoo/21EF1A6A9139C9FD2A38E59AFB466F9A_960/INPUTFILES/data_319849661.root 
/tmp/maxwoo/21EF1A6A9139C9FD2A38E59AFB466F9A_960/INPUTFILES/data_319849671.root 
/tmp/maxwoo/21EF1A6A9139C9FD2A38E59AFB466F9A_960/INPUTFILES/data_319918861.root 
/tmp/maxwoo/21EF1A6A9139C9FD2A38E59AFB466F9A_960/INPUTFILES/data_319948811.root 
/tmp/maxwoo/21EF1A6A9139C9FD2A38E59AFB466F9A_960/INPUTFILES/data_319948831.root 
/tmp/maxwoo/21EF1A6A9139C9FD2A38E59AFB466F9A_960/INPUTFILES/data_319948841.root 
/tmp/maxwoo/21EF1A6A9139C9FD2A38E59AFB466F9A_960/INPUTFILES/data_319948851.root 
/tmp/maxwoo/21EF1A6A9139C9FD2A38E59AFB466F9A_960/INPUTFILES/data_319948861.root 
/tmp/maxwoo/21EF1A6A9139C9FD2A38E59AFB466F9A_960/INPUTFILES/data_319948871.root 
/tmp/maxwoo/21EF1A6A9139C9FD2A38E59AFB466F9A_960/INPUTFILES/data_319949551.root 
/tmp/maxwoo/21EF1A6A9139C9FD2A38E59AFB466F9A_960/INPUTFILES/data_319949571.root 
/tmp/maxwoo/21EF1A6A9139C9FD2A38E59AFB466F9A_960/INPUTFILES/data_319949601.root 
/tmp/maxwoo/21EF1A6A9139C9FD2A38E59AFB466F9A_960/INPUTFILES/data_319949611.root 
/tmp/maxwoo/21EF1A6A9139C9FD2A38E59AFB466F9A_960/INPUTFILES/data_319949621.root 
/tmp/maxwoo/21EF1A6A9139C9FD2A38E59AFB466F9A_960/INPUTFILES/data_319949631.root 
/tmp/maxwoo/21EF1A6A9139C9FD2A38E59AFB466F9A_960/INPUTFILES/data_319949891.root 
/tmp/maxwoo/21EF1A6A9139C9FD2A38E59AFB466F9A_960/INPUTFILES/data_320048751.root 
/tmp/maxwoo/21EF1A6A9139C9FD2A38E59AFB466F9A_960/INPUTFILES/data_320048761.root 
/tmp/maxwoo/21EF1A6A9139C9FD2A38E59AFB466F9A_960/INPUTFILES/data_320048771.root 
/tmp/maxwoo/21EF1A6A9139C9FD2A38E59AFB466F9A_960/INPUTFILES/data_320048781.root 
/tmp/maxwoo/21EF1A6A9139C9FD2A38E59AFB466F9A_960/INPUTFILES/data_320048791.root 
/tmp/maxwoo/21EF1A6A9139C9FD2A38E59AFB466F9A_960/INPUTFILES/data_320048801.root 
/tmp/maxwoo/21EF1A6A9139C9FD2A38E59AFB466F9A_960/INPUTFILES/data_320048821.root 
/tmp/maxwoo/21EF1A6A9139C9FD2A38E59AFB466F9A_960/INPUTFILES/data_320049461.root 
/tmp/maxwoo/21EF1A6A9139C9FD2A38E59AFB466F9A_960/INPUTFILES/data_320049521.root 
/tmp/maxwoo/21EF1A6A9139C9FD2A38E59AFB466F9A_960/INPUTFILES/data_320049531.root 
/tmp/maxwoo/21EF1A6A9139C9FD2A38E59AFB466F9A_960/INPUTFILES/data_320049541.root 
/tmp/maxwoo/21EF1A6A9139C9FD2A38E59AFB466F9A_960/INPUTFILES/data_320050641.root 
/tmp/maxwoo/21EF1A6A9139C9FD2A38E59AFB466F9A_960/INPUTFILES/data_320057461.root 
/tmp/maxwoo/21EF1A6A9139C9FD2A38E59AFB466F9A_960/INPUTFILES/data_320100621.root 
Added 37 files
# entries in chain: 36584
Processing entry == 1000 == out of 36584.
Processing entry == 2000 == out of 36584.
Processing entry == 3000 == out of 36584.
Processing entry == 4000 == out of 36584.
Processing entry == 5000 == out of 36584.
Processing entry == 6000 == out of 36584.
Processing entry == 7000 == out of 36584.
Processing entry == 8000 == out of 36584.
Processing entry == 9000 == out of 36584.
Processing entry == 10000 == out of 36584.
Processing entry == 11000 == out of 36584.
Processing entry == 12000 == out of 36584.
Processing entry == 13000 == out of 36584.
Processing entry == 14000 == out of 36584.
Processing entry == 15000 == out of 36584.
Processing entry == 16000 == out of 36584.
Processing entry == 17000 == out of 36584.
Processing entry == 18000 == out of 36584.
Processing entry == 19000 == out of 36584.
Processing entry == 20000 == out of 36584.
Processing entry == 21000 == out of 36584.
Processing entry == 22000 == out of 36584.
Processing entry == 23000 == out of 36584.
Processing entry == 24000 == out of 36584.
Processing entry == 25000 == out of 36584.
Processing entry == 26000 == out of 36584.
Processing entry == 27000 == out of 36584.
Processing entry == 28000 == out of 36584.
Processing entry == 29000 == out of 36584.
Processing entry == 30000 == out of 36584.
Processing entry == 31000 == out of 36584.
Processing entry == 32000 == out of 36584.
Processing entry == 33000 == out of 36584.
Processing entry == 34000 == out of 36584.
Processing entry == 35000 == out of 36584.
Processing entry == 36000 == out of 36584.

This is the end of ROOT -- Goodbye

Cleaning up sandbox file:  /tmp/maxwoo/21EF1A6A9139C9FD2A38E59AFB466F9A_960/check_S.C
Cleaning up sandbox file:  /tmp/maxwoo/21EF1A6A9139C9FD2A38E59AFB466F9A_960/Check_Sness.C
Cleaning up sandbox file:  /tmp/maxwoo/21EF1A6A9139C9FD2A38E59AFB466F9A_960/lib
Cleaning up sandbox file:  /tmp/maxwoo/21EF1A6A9139C9FD2A38E59AFB466F9A_960/.sandboxFiles
Starting copy block
Running copy command:  /bin/cp -fp /tmp/maxwoo/21EF1A6A9139C9FD2A38E59AFB466F9A_960/out_21EF1A6A9139C9FD2A38E59AFB466F9A_960.root /star/data01/pwg/xiatong/git/strangeness/data/
64733 Execution of (/star/data01/pwg/xiatong/git/strangeness/script/sched21EF1A6A9139C9FD2A38E59AFB466F9A_960.csh ) has ended, exiting normally
64733 We END on [Thu Jun  2 11:51:12 EDT 2022]
