We are starting on node: rcrs6232.rcf.bnl.gov
HOME is not defined
Using getent method
HOME is now /star/u/maxwoo
40024 We will spawn ourselves (/star/data01/pwg/xiatong/git/strangeness/script/sched21EF1A6A9139C9FD2A38E59AFB466F9A_1966.csh )
40024 We BEGIN on [Thu Jun  2 11:03:02 EDT 2022]
[1] 40214
40024 We are waiting for 40214 
40024 Grandchild PID is 40627 - found in 10 x 1 seconds
40024 Establishing first watcher   on    Thu Jun  2 11:03:13 EDT 2022
40024 Process tree is 40024 (main) -> 40214 (child) -> 40627 (grandchild)
F S   UID   PID  PPID  C PRI  NI ADDR SZ WCHAN  TTY        TIME CMD
0 D 100667 40627 40214  0 80   0 - 32311 cxiWai ?          0:00 cp /star/data01/pwg/xiatong/AMPT/14GeV/data_870892641.root /tmp/maxwoo/21EF1A6A9139C9FD2A38E59AFB466F9A_1966/INPUTFILES/data_870892641.root
40024 Grandchild PID is 41888 - found in 20 x 2 seconds
40024 Grandchild to watch has changed on Thu Jun  2 11:03:34 EDT 2022
40024 Process tree is 40024 (main) -> 40214 (child) -> 41888 (grandchild)
F S   UID   PID  PPID  C PRI  NI ADDR SZ WCHAN  TTY        TIME CMD
0 D 100667 41888 40214  0 80   0 - 32311 cxiWai ?          0:00 cp /star/data01/pwg/xiatong/AMPT/14GeV/data_870992581.root /tmp/maxwoo/21EF1A6A9139C9FD2A38E59AFB466F9A_1966/INPUTFILES/data_870992581.root
40024 Grandchild PID is 42169 - found in 30 x 2 seconds
40024 Grandchild to watch has changed on Thu Jun  2 11:03:55 EDT 2022
40024 Process tree is 40024 (main) -> 40214 (child) -> 42169 (grandchild)
F S   UID   PID  PPID  C PRI  NI ADDR SZ WCHAN  TTY        TIME CMD
0 D 100667 42169 40214  0 80   0 - 32311 cxiWai ?          0:00 cp /star/data01/pwg/xiatong/AMPT/14GeV/data_871092671.root /tmp/maxwoo/21EF1A6A9139C9FD2A38E59AFB466F9A_1966/INPUTFILES/data_871092671.root
40024 Grandchild PID is 43640 - found in 40 x 2 seconds
40024 Grandchild to watch has changed on Thu Jun  2 11:04:15 EDT 2022
40024 Process tree is 40024 (main) -> 40214 (child) -> 43640 (grandchild)
F S   UID   PID  PPID  C PRI  NI ADDR SZ WCHAN  TTY        TIME CMD
0 D 100667 43640 40214  0 80   0 - 32311 cxiWai ?          0:00 cp /star/data01/pwg/xiatong/AMPT/14GeV/data_871102301.root /tmp/maxwoo/21EF1A6A9139C9FD2A38E59AFB466F9A_1966/INPUTFILES/data_871102301.root
40024 Grandchild PID is 45664 - found in 60 x 2 seconds
40024 Grandchild to watch has changed on Thu Jun  2 11:04:57 EDT 2022
40024 Process tree is 40024 (main) -> 40214 (child) -> 45664 (grandchild)
F S   UID   PID  PPID  C PRI  NI ADDR SZ WCHAN  TTY        TIME CMD
0 D 100667 45664 40214  0 80   0 - 32311 cxiWai ?          0:00 cp /star/data01/pwg/xiatong/AMPT/14GeV/data_871124311.root /tmp/maxwoo/21EF1A6A9139C9FD2A38E59AFB466F9A_1966/INPUTFILES/data_871124311.root
40024 Grandchild PID is 46107 - found in 70 x 2 seconds
40024 Grandchild to watch has changed on Thu Jun  2 11:05:18 EDT 2022
40024 Process tree is 40024 (main) -> 40214 (child) -> 46107 (grandchild)
F S   UID   PID  PPID  C PRI  NI ADDR SZ WCHAN  TTY        TIME CMD
0 D 100667 46107 40214  0 80   0 - 32311 cxiWai ?          0:00 cp /star/data01/pwg/xiatong/AMPT/14GeV/data_871128091.root /tmp/maxwoo/21EF1A6A9139C9FD2A38E59AFB466F9A_1966/INPUTFILES/data_871128091.root
40024 Grandchild PID is 47327 - found in 80 x 2 seconds
40024 Grandchild to watch has changed on Thu Jun  2 11:05:39 EDT 2022
40024 Process tree is 40024 (main) -> 40214 (child) -> 47327 (grandchild)
F S   UID   PID  PPID  C PRI  NI ADDR SZ WCHAN  TTY        TIME CMD
0 D 100667 47327 40214  0 80   0 - 32311 cxiWai ?          0:00 cp /star/data01/pwg/xiatong/AMPT/14GeV/data_871159581.root /tmp/maxwoo/21EF1A6A9139C9FD2A38E59AFB466F9A_1966/INPUTFILES/data_871159581.root
40024 Grandchild PID is 49376 - found in 100 x 2 seconds
40024 Grandchild to watch has changed on Thu Jun  2 11:06:20 EDT 2022
40024 Process tree is 40024 (main) -> 40214 (child) -> 49376 (grandchild)
F S   UID   PID  PPID  C PRI  NI ADDR SZ WCHAN  TTY        TIME CMD
0 D 100667 49376 40214  0 80   0 - 32311 cxiWai ?          0:00 cp /star/data01/pwg/xiatong/AMPT/14GeV/data_871160071.root /tmp/maxwoo/21EF1A6A9139C9FD2A38E59AFB466F9A_1966/INPUTFILES/data_871160071.root
40024 Grandchild PID is 50157 - found in 110 x 2 seconds
40024 Grandchild to watch has changed on Thu Jun  2 11:06:41 EDT 2022
40024 Process tree is 40024 (main) -> 40214 (child) -> 50157 (grandchild)
F S   UID   PID  PPID  C PRI  NI ADDR SZ WCHAN  TTY        TIME CMD
0 D 100667 50157 40214  0 80   0 - 32311 cxiWai ?          0:00 cp /star/data01/pwg/xiatong/AMPT/14GeV/data_871192601.root /tmp/maxwoo/21EF1A6A9139C9FD2A38E59AFB466F9A_1966/INPUTFILES/data_871192601.root
40024 Grandchild PID is 51050 - found in 120 x 2 seconds
40024 Grandchild to watch has changed on Thu Jun  2 11:07:03 EDT 2022
40024 Process tree is 40024 (main) -> 40214 (child) -> 51050 (grandchild)
F S   UID   PID  PPID  C PRI  NI ADDR SZ WCHAN  TTY        TIME CMD
0 S 100667 51050 40214  0 80   0 -  1272 do_wai ?          0:00 root -b -q check_S.C++("/tmp/maxwoo/21EF1A6A9139C9FD2A38E59AFB466F9A_1966/INPUTFILES/21EF1A6A9139C9FD2A38E59AFB466F9A_1966.local.list","21EF1A6A9139C9FD2A38E59AFB466F9A_1966",1)
40214 Stepping into the main SUMS wrapper program with []
.... building sandbox
Running: cp /star/data01/pwg/xiatong/AMPT/14GeV/data_870592701.root /tmp/maxwoo/21EF1A6A9139C9FD2A38E59AFB466F9A_1966/INPUTFILES/data_870592701.root
Running: cp /star/data01/pwg/xiatong/AMPT/14GeV/data_870692681.root /tmp/maxwoo/21EF1A6A9139C9FD2A38E59AFB466F9A_1966/INPUTFILES/data_870692681.root
Running: cp /star/data01/pwg/xiatong/AMPT/14GeV/data_870792721.root /tmp/maxwoo/21EF1A6A9139C9FD2A38E59AFB466F9A_1966/INPUTFILES/data_870792721.root
Running: cp /star/data01/pwg/xiatong/AMPT/14GeV/data_870792781.root /tmp/maxwoo/21EF1A6A9139C9FD2A38E59AFB466F9A_1966/INPUTFILES/data_870792781.root
Running: cp /star/data01/pwg/xiatong/AMPT/14GeV/data_870892631.root /tmp/maxwoo/21EF1A6A9139C9FD2A38E59AFB466F9A_1966/INPUTFILES/data_870892631.root
Running: cp /star/data01/pwg/xiatong/AMPT/14GeV/data_870892641.root /tmp/maxwoo/21EF1A6A9139C9FD2A38E59AFB466F9A_1966/INPUTFILES/data_870892641.root
Running: cp /star/data01/pwg/xiatong/AMPT/14GeV/data_870892651.root /tmp/maxwoo/21EF1A6A9139C9FD2A38E59AFB466F9A_1966/INPUTFILES/data_870892651.root
Running: cp /star/data01/pwg/xiatong/AMPT/14GeV/data_870992581.root /tmp/maxwoo/21EF1A6A9139C9FD2A38E59AFB466F9A_1966/INPUTFILES/data_870992581.root
Running: cp /star/data01/pwg/xiatong/AMPT/14GeV/data_870992591.root /tmp/maxwoo/21EF1A6A9139C9FD2A38E59AFB466F9A_1966/INPUTFILES/data_870992591.root
Running: cp /star/data01/pwg/xiatong/AMPT/14GeV/data_870992621.root /tmp/maxwoo/21EF1A6A9139C9FD2A38E59AFB466F9A_1966/INPUTFILES/data_870992621.root
Running: cp /star/data01/pwg/xiatong/AMPT/14GeV/data_871092551.root /tmp/maxwoo/21EF1A6A9139C9FD2A38E59AFB466F9A_1966/INPUTFILES/data_871092551.root
Running: cp /star/data01/pwg/xiatong/AMPT/14GeV/data_871092561.root /tmp/maxwoo/21EF1A6A9139C9FD2A38E59AFB466F9A_1966/INPUTFILES/data_871092561.root
Running: cp /star/data01/pwg/xiatong/AMPT/14GeV/data_871092671.root /tmp/maxwoo/21EF1A6A9139C9FD2A38E59AFB466F9A_1966/INPUTFILES/data_871092671.root
Running: cp /star/data01/pwg/xiatong/AMPT/14GeV/data_871102301.root /tmp/maxwoo/21EF1A6A9139C9FD2A38E59AFB466F9A_1966/INPUTFILES/data_871102301.root
Running: cp /star/data01/pwg/xiatong/AMPT/14GeV/data_871102311.root /tmp/maxwoo/21EF1A6A9139C9FD2A38E59AFB466F9A_1966/INPUTFILES/data_871102311.root
Running: cp /star/data01/pwg/xiatong/AMPT/14GeV/data_871106691.root /tmp/maxwoo/21EF1A6A9139C9FD2A38E59AFB466F9A_1966/INPUTFILES/data_871106691.root
Running: cp /star/data01/pwg/xiatong/AMPT/14GeV/data_871106701.root /tmp/maxwoo/21EF1A6A9139C9FD2A38E59AFB466F9A_1966/INPUTFILES/data_871106701.root
Running: cp /star/data01/pwg/xiatong/AMPT/14GeV/data_871122551.root /tmp/maxwoo/21EF1A6A9139C9FD2A38E59AFB466F9A_1966/INPUTFILES/data_871122551.root
Running: cp /star/data01/pwg/xiatong/AMPT/14GeV/data_871124311.root /tmp/maxwoo/21EF1A6A9139C9FD2A38E59AFB466F9A_1966/INPUTFILES/data_871124311.root
Running: cp /star/data01/pwg/xiatong/AMPT/14GeV/data_871124321.root /tmp/maxwoo/21EF1A6A9139C9FD2A38E59AFB466F9A_1966/INPUTFILES/data_871124321.root
Running: cp /star/data01/pwg/xiatong/AMPT/14GeV/data_871128091.root /tmp/maxwoo/21EF1A6A9139C9FD2A38E59AFB466F9A_1966/INPUTFILES/data_871128091.root
Running: cp /star/data01/pwg/xiatong/AMPT/14GeV/data_871136451.root /tmp/maxwoo/21EF1A6A9139C9FD2A38E59AFB466F9A_1966/INPUTFILES/data_871136451.root
Running: cp /star/data01/pwg/xiatong/AMPT/14GeV/data_871137971.root /tmp/maxwoo/21EF1A6A9139C9FD2A38E59AFB466F9A_1966/INPUTFILES/data_871137971.root
Running: cp /star/data01/pwg/xiatong/AMPT/14GeV/data_871159581.root /tmp/maxwoo/21EF1A6A9139C9FD2A38E59AFB466F9A_1966/INPUTFILES/data_871159581.root
Running: cp /star/data01/pwg/xiatong/AMPT/14GeV/data_871159801.root /tmp/maxwoo/21EF1A6A9139C9FD2A38E59AFB466F9A_1966/INPUTFILES/data_871159801.root
Running: cp /star/data01/pwg/xiatong/AMPT/14GeV/data_871159901.root /tmp/maxwoo/21EF1A6A9139C9FD2A38E59AFB466F9A_1966/INPUTFILES/data_871159901.root
Running: cp /star/data01/pwg/xiatong/AMPT/14GeV/data_871159931.root /tmp/maxwoo/21EF1A6A9139C9FD2A38E59AFB466F9A_1966/INPUTFILES/data_871159931.root
Running: cp /star/data01/pwg/xiatong/AMPT/14GeV/data_871159981.root /tmp/maxwoo/21EF1A6A9139C9FD2A38E59AFB466F9A_1966/INPUTFILES/data_871159981.root
Running: cp /star/data01/pwg/xiatong/AMPT/14GeV/data_871160051.root /tmp/maxwoo/21EF1A6A9139C9FD2A38E59AFB466F9A_1966/INPUTFILES/data_871160051.root
Running: cp /star/data01/pwg/xiatong/AMPT/14GeV/data_871160061.root /tmp/maxwoo/21EF1A6A9139C9FD2A38E59AFB466F9A_1966/INPUTFILES/data_871160061.root
Running: cp /star/data01/pwg/xiatong/AMPT/14GeV/data_871160071.root /tmp/maxwoo/21EF1A6A9139C9FD2A38E59AFB466F9A_1966/INPUTFILES/data_871160071.root
Running: cp /star/data01/pwg/xiatong/AMPT/14GeV/data_871160161.root /tmp/maxwoo/21EF1A6A9139C9FD2A38E59AFB466F9A_1966/INPUTFILES/data_871160161.root
Running: cp /star/data01/pwg/xiatong/AMPT/14GeV/data_871170611.root /tmp/maxwoo/21EF1A6A9139C9FD2A38E59AFB466F9A_1966/INPUTFILES/data_871170611.root
Running: cp /star/data01/pwg/xiatong/AMPT/14GeV/data_871189271.root /tmp/maxwoo/21EF1A6A9139C9FD2A38E59AFB466F9A_1966/INPUTFILES/data_871189271.root
Running: cp /star/data01/pwg/xiatong/AMPT/14GeV/data_871192541.root /tmp/maxwoo/21EF1A6A9139C9FD2A38E59AFB466F9A_1966/INPUTFILES/data_871192541.root
Running: cp /star/data01/pwg/xiatong/AMPT/14GeV/data_871192601.root /tmp/maxwoo/21EF1A6A9139C9FD2A38E59AFB466F9A_1966/INPUTFILES/data_871192601.root
Running: cp /star/data01/pwg/xiatong/AMPT/14GeV/data_871192611.root /tmp/maxwoo/21EF1A6A9139C9FD2A38E59AFB466F9A_1966/INPUTFILES/data_871192611.root
Swapping $FILELIST with: /tmp/maxwoo/21EF1A6A9139C9FD2A38E59AFB466F9A_1966/INPUTFILES/21EF1A6A9139C9FD2A38E59AFB466F9A_1966.local.list
+++++++++++local copy debug++++++++++++++++++++
newFileList: /tmp/maxwoo/21EF1A6A9139C9FD2A38E59AFB466F9A_1966/INPUTFILES/21EF1A6A9139C9FD2A38E59AFB466F9A_1966.local.list
++++++++++++++++cat FILELIST+++++++++++++++++++
/tmp/maxwoo/21EF1A6A9139C9FD2A38E59AFB466F9A_1966/INPUTFILES/data_870592701.root 
/tmp/maxwoo/21EF1A6A9139C9FD2A38E59AFB466F9A_1966/INPUTFILES/data_870692681.root 
/tmp/maxwoo/21EF1A6A9139C9FD2A38E59AFB466F9A_1966/INPUTFILES/data_870792721.root 
/tmp/maxwoo/21EF1A6A9139C9FD2A38E59AFB466F9A_1966/INPUTFILES/data_870792781.root 
/tmp/maxwoo/21EF1A6A9139C9FD2A38E59AFB466F9A_1966/INPUTFILES/data_870892631.root 
/tmp/maxwoo/21EF1A6A9139C9FD2A38E59AFB466F9A_1966/INPUTFILES/data_870892641.root 
/tmp/maxwoo/21EF1A6A9139C9FD2A38E59AFB466F9A_1966/INPUTFILES/data_870892651.root 
/tmp/maxwoo/21EF1A6A9139C9FD2A38E59AFB466F9A_1966/INPUTFILES/data_870992581.root 
/tmp/maxwoo/21EF1A6A9139C9FD2A38E59AFB466F9A_1966/INPUTFILES/data_870992591.root 
/tmp/maxwoo/21EF1A6A9139C9FD2A38E59AFB466F9A_1966/INPUTFILES/data_870992621.root 
/tmp/maxwoo/21EF1A6A9139C9FD2A38E59AFB466F9A_1966/INPUTFILES/data_871092551.root 
/tmp/maxwoo/21EF1A6A9139C9FD2A38E59AFB466F9A_1966/INPUTFILES/data_871092561.root 
/tmp/maxwoo/21EF1A6A9139C9FD2A38E59AFB466F9A_1966/INPUTFILES/data_871092671.root 
/tmp/maxwoo/21EF1A6A9139C9FD2A38E59AFB466F9A_1966/INPUTFILES/data_871102301.root 
/tmp/maxwoo/21EF1A6A9139C9FD2A38E59AFB466F9A_1966/INPUTFILES/data_871102311.root 
/tmp/maxwoo/21EF1A6A9139C9FD2A38E59AFB466F9A_1966/INPUTFILES/data_871106691.root 
/tmp/maxwoo/21EF1A6A9139C9FD2A38E59AFB466F9A_1966/INPUTFILES/data_871106701.root 
/tmp/maxwoo/21EF1A6A9139C9FD2A38E59AFB466F9A_1966/INPUTFILES/data_871122551.root 
/tmp/maxwoo/21EF1A6A9139C9FD2A38E59AFB466F9A_1966/INPUTFILES/data_871124311.root 
/tmp/maxwoo/21EF1A6A9139C9FD2A38E59AFB466F9A_1966/INPUTFILES/data_871124321.root 
/tmp/maxwoo/21EF1A6A9139C9FD2A38E59AFB466F9A_1966/INPUTFILES/data_871128091.root 
/tmp/maxwoo/21EF1A6A9139C9FD2A38E59AFB466F9A_1966/INPUTFILES/data_871136451.root 
/tmp/maxwoo/21EF1A6A9139C9FD2A38E59AFB466F9A_1966/INPUTFILES/data_871137971.root 
/tmp/maxwoo/21EF1A6A9139C9FD2A38E59AFB466F9A_1966/INPUTFILES/data_871159581.root 
/tmp/maxwoo/21EF1A6A9139C9FD2A38E59AFB466F9A_1966/INPUTFILES/data_871159801.root 
/tmp/maxwoo/21EF1A6A9139C9FD2A38E59AFB466F9A_1966/INPUTFILES/data_871159901.root 
/tmp/maxwoo/21EF1A6A9139C9FD2A38E59AFB466F9A_1966/INPUTFILES/data_871159931.root 
/tmp/maxwoo/21EF1A6A9139C9FD2A38E59AFB466F9A_1966/INPUTFILES/data_871159981.root 
/tmp/maxwoo/21EF1A6A9139C9FD2A38E59AFB466F9A_1966/INPUTFILES/data_871160051.root 
/tmp/maxwoo/21EF1A6A9139C9FD2A38E59AFB466F9A_1966/INPUTFILES/data_871160061.root 
/tmp/maxwoo/21EF1A6A9139C9FD2A38E59AFB466F9A_1966/INPUTFILES/data_871160071.root 
/tmp/maxwoo/21EF1A6A9139C9FD2A38E59AFB466F9A_1966/INPUTFILES/data_871160161.root 
/tmp/maxwoo/21EF1A6A9139C9FD2A38E59AFB466F9A_1966/INPUTFILES/data_871170611.root 
/tmp/maxwoo/21EF1A6A9139C9FD2A38E59AFB466F9A_1966/INPUTFILES/data_871189271.root 
/tmp/maxwoo/21EF1A6A9139C9FD2A38E59AFB466F9A_1966/INPUTFILES/data_871192541.root 
/tmp/maxwoo/21EF1A6A9139C9FD2A38E59AFB466F9A_1966/INPUTFILES/data_871192601.root 
/tmp/maxwoo/21EF1A6A9139C9FD2A38E59AFB466F9A_1966/INPUTFILES/data_871192611.root 
++++++++++++++++++++find.++++++++++++++++++++++
.
./Check_Sness.C
./check_S.C
./.output.log
./.errror.log
./.sandboxFiles
./lib
./lib/NpartNormalizer.cpp
./lib/CenMaker.cpp
./lib/my_event_cpp.d
./lib/my_particle.h
./lib/MixedBuffer_cpp.d
./lib/my_event_cpp_ACLiC_dict_rdict.pcm
./lib/my_event.h
./lib/CenMaker_cpp_ACLiC_dict_rdict.pcm
./lib/NpartNormalizer_cpp.d
./lib/my_particle.cpp
./lib/CenMaker_cpp.so
./lib/my_event_cpp.so
./lib/MixedBuffer_cpp_ACLiC_dict_rdict.pcm
./lib/my_particle_cpp_ACLiC_dict_rdict.pcm
./lib/CenMaker.h
./lib/my_particle_cpp.d
./lib/NpartNormalizer_cpp.so
./lib/NpartNormalizer.h
./lib/my_event.cpp
./lib/MixedBuffer.h
./lib/CenMaker_cpp.d
./lib/MixedBuffer_cpp.so
./lib/MixedBuffer.cpp
./lib/my_particle_cpp.so
./lib/NpartNormalizer_cpp_ACLiC_dict_rdict.pcm
./INPUTFILES
./INPUTFILES/data_870792721.root
./INPUTFILES/data_871106701.root
./INPUTFILES/data_871092671.root
./INPUTFILES/data_871137971.root
./INPUTFILES/data_870992591.root
./INPUTFILES/data_871159981.root
./INPUTFILES/data_870792781.root
./INPUTFILES/data_870992621.root
./INPUTFILES/data_871159801.root
./INPUTFILES/data_871160071.root
./INPUTFILES/data_871124311.root
./INPUTFILES/data_871160061.root
./INPUTFILES/data_870692681.root
./INPUTFILES/data_871159581.root
./INPUTFILES/data_871160051.root
./INPUTFILES/data_871192611.root
./INPUTFILES/data_871102301.root
./INPUTFILES/data_871189271.root
./INPUTFILES/data_871092561.root
./INPUTFILES/data_871124321.root
./INPUTFILES/data_871159901.root
./INPUTFILES/data_871106691.root
./INPUTFILES/data_871159931.root
./INPUTFILES/data_870892631.root
./INPUTFILES/data_871170611.root
./INPUTFILES/data_870892641.root
./INPUTFILES/data_870892651.root
./INPUTFILES/data_871122551.root
./INPUTFILES/data_871092551.root
./INPUTFILES/data_871136451.root
./INPUTFILES/data_871192601.root
./INPUTFILES/21EF1A6A9139C9FD2A38E59AFB466F9A_1966.local.list
./INPUTFILES/data_871128091.root
./INPUTFILES/data_870592701.root
./INPUTFILES/data_871102311.root
./INPUTFILES/data_870992581.root
./INPUTFILES/data_871160161.root
./INPUTFILES/data_871192541.root
++++++++++++++++INPUTFILE Var++++++++++++++++++
FILELIST=/tmp/maxwoo/21EF1A6A9139C9FD2A38E59AFB466F9A_1966/INPUTFILES/21EF1A6A9139C9FD2A38E59AFB466F9A_1966.local.list
INPUTFILECOUNT=37
INPUTFILE0=/tmp/maxwoo/21EF1A6A9139C9FD2A38E59AFB466F9A_1966/INPUTFILES/data_870592701.root
INPUTFILE1=/tmp/maxwoo/21EF1A6A9139C9FD2A38E59AFB466F9A_1966/INPUTFILES/data_870692681.root
INPUTFILE2=/tmp/maxwoo/21EF1A6A9139C9FD2A38E59AFB466F9A_1966/INPUTFILES/data_870792721.root
INPUTFILE3=/tmp/maxwoo/21EF1A6A9139C9FD2A38E59AFB466F9A_1966/INPUTFILES/data_870792781.root
INPUTFILE4=/tmp/maxwoo/21EF1A6A9139C9FD2A38E59AFB466F9A_1966/INPUTFILES/data_870892631.root
INPUTFILE5=/tmp/maxwoo/21EF1A6A9139C9FD2A38E59AFB466F9A_1966/INPUTFILES/data_870892641.root
INPUTFILE6=/tmp/maxwoo/21EF1A6A9139C9FD2A38E59AFB466F9A_1966/INPUTFILES/data_870892651.root
INPUTFILE7=/tmp/maxwoo/21EF1A6A9139C9FD2A38E59AFB466F9A_1966/INPUTFILES/data_870992581.root
INPUTFILE8=/tmp/maxwoo/21EF1A6A9139C9FD2A38E59AFB466F9A_1966/INPUTFILES/data_870992591.root
INPUTFILE9=/tmp/maxwoo/21EF1A6A9139C9FD2A38E59AFB466F9A_1966/INPUTFILES/data_870992621.root
INPUTFILE10=/tmp/maxwoo/21EF1A6A9139C9FD2A38E59AFB466F9A_1966/INPUTFILES/data_871092551.root
INPUTFILE11=/tmp/maxwoo/21EF1A6A9139C9FD2A38E59AFB466F9A_1966/INPUTFILES/data_871092561.root
INPUTFILE12=/tmp/maxwoo/21EF1A6A9139C9FD2A38E59AFB466F9A_1966/INPUTFILES/data_871092671.root
INPUTFILE13=/tmp/maxwoo/21EF1A6A9139C9FD2A38E59AFB466F9A_1966/INPUTFILES/data_871102301.root
INPUTFILE14=/tmp/maxwoo/21EF1A6A9139C9FD2A38E59AFB466F9A_1966/INPUTFILES/data_871102311.root
INPUTFILE15=/tmp/maxwoo/21EF1A6A9139C9FD2A38E59AFB466F9A_1966/INPUTFILES/data_871106691.root
INPUTFILE16=/tmp/maxwoo/21EF1A6A9139C9FD2A38E59AFB466F9A_1966/INPUTFILES/data_871106701.root
INPUTFILE17=/tmp/maxwoo/21EF1A6A9139C9FD2A38E59AFB466F9A_1966/INPUTFILES/data_871122551.root
INPUTFILE18=/tmp/maxwoo/21EF1A6A9139C9FD2A38E59AFB466F9A_1966/INPUTFILES/data_871124311.root
INPUTFILE19=/tmp/maxwoo/21EF1A6A9139C9FD2A38E59AFB466F9A_1966/INPUTFILES/data_871124321.root
INPUTFILE20=/tmp/maxwoo/21EF1A6A9139C9FD2A38E59AFB466F9A_1966/INPUTFILES/data_871128091.root
INPUTFILE21=/tmp/maxwoo/21EF1A6A9139C9FD2A38E59AFB466F9A_1966/INPUTFILES/data_871136451.root
INPUTFILE22=/tmp/maxwoo/21EF1A6A9139C9FD2A38E59AFB466F9A_1966/INPUTFILES/data_871137971.root
INPUTFILE23=/tmp/maxwoo/21EF1A6A9139C9FD2A38E59AFB466F9A_1966/INPUTFILES/data_871159581.root
INPUTFILE24=/tmp/maxwoo/21EF1A6A9139C9FD2A38E59AFB466F9A_1966/INPUTFILES/data_871159801.root
INPUTFILE25=/tmp/maxwoo/21EF1A6A9139C9FD2A38E59AFB466F9A_1966/INPUTFILES/data_871159901.root
INPUTFILE26=/tmp/maxwoo/21EF1A6A9139C9FD2A38E59AFB466F9A_1966/INPUTFILES/data_871159931.root
INPUTFILE27=/tmp/maxwoo/21EF1A6A9139C9FD2A38E59AFB466F9A_1966/INPUTFILES/data_871159981.root
INPUTFILE28=/tmp/maxwoo/21EF1A6A9139C9FD2A38E59AFB466F9A_1966/INPUTFILES/data_871160051.root
INPUTFILE29=/tmp/maxwoo/21EF1A6A9139C9FD2A38E59AFB466F9A_1966/INPUTFILES/data_871160061.root
INPUTFILE30=/tmp/maxwoo/21EF1A6A9139C9FD2A38E59AFB466F9A_1966/INPUTFILES/data_871160071.root
INPUTFILE31=/tmp/maxwoo/21EF1A6A9139C9FD2A38E59AFB466F9A_1966/INPUTFILES/data_871160161.root
INPUTFILE32=/tmp/maxwoo/21EF1A6A9139C9FD2A38E59AFB466F9A_1966/INPUTFILES/data_871170611.root
INPUTFILE33=/tmp/maxwoo/21EF1A6A9139C9FD2A38E59AFB466F9A_1966/INPUTFILES/data_871189271.root
INPUTFILE34=/tmp/maxwoo/21EF1A6A9139C9FD2A38E59AFB466F9A_1966/INPUTFILES/data_871192541.root
INPUTFILE35=/tmp/maxwoo/21EF1A6A9139C9FD2A38E59AFB466F9A_1966/INPUTFILES/data_871192601.root
INPUTFILE36=/tmp/maxwoo/21EF1A6A9139C9FD2A38E59AFB466F9A_1966/INPUTFILES/data_871192611.root
LocalInputFileDir=/tmp/maxwoo/21EF1A6A9139C9FD2A38E59AFB466F9A_1966/INPUTFILES
NewFILELIST=/tmp/maxwoo/21EF1A6A9139C9FD2A38E59AFB466F9A_1966/INPUTFILES/21EF1A6A9139C9FD2A38E59AFB466F9A_1966.local.list
+++++++++++++++++++++++++++++++++++++++++++++++
--------------------------------
Simple Unified Meta Scheduler 1.10.50 we are starting in $SCRATCH : /home/tmp/maxwoo/21EF1A6A9139C9FD2A38E59AFB466F9A_1966
--------------------------------
total 16
lrwxrwxrwx 1 maxwoo rhstar   61 Jun  2 11:03 check_S.C -> /gpfs/mnt/gpfs01/star/pwg/xiatong/git/strangeness/./check_S.C
lrwxrwxrwx 1 maxwoo rhstar   65 Jun  2 11:03 Check_Sness.C -> /gpfs/mnt/gpfs01/star/pwg/xiatong/git/strangeness/./Check_Sness.C
drwxr-xr-x 2 maxwoo rhstar 4096 Jun  2 11:06 INPUTFILES
drwxr-xr-x 2 maxwoo rhstar 4096 Jun  2 11:03 lib
  *******************************************
  *                                         *
  *        W E L C O M E  to  R O O T       *
  *                                         *
  *   Version   5.34/38     12 March 2018   *
  *                                         *
  *  You are welcome to visit our Web site  *
  *          http://root.cern.ch            *
  *                                         *
  *******************************************

ROOT 5.34/38 (v5-34-38@v5-34-38, Mar 12 2018, 15:49:39 on linux)

CINT/ROOT C/C++ Interpreter version 5.18.00, July 2, 2010
Type ? for help. Commands must be C++ statements.
Enclose multiple statements between { }.
*** Float Point Exception is OFF ***
 *** Start at Date : Thu Jun  2 11:07:00 2022
QAInfo:You are using STAR_LEVEL : dev, ROOT_LEVEL : 5.34.38 and node : rcrs6232.rcf.bnl.gov 

Processing check_S.C++("/tmp/maxwoo/21EF1A6A9139C9FD2A38E59AFB466F9A_1966/INPUTFILES/21EF1A6A9139C9FD2A38E59AFB466F9A_1966.local.list","21EF1A6A9139C9FD2A38E59AFB466F9A_1966",1)...
/tmp/maxwoo/21EF1A6A9139C9FD2A38E59AFB466F9A_1966/INPUTFILES/data_870592701.root 
/tmp/maxwoo/21EF1A6A9139C9FD2A38E59AFB466F9A_1966/INPUTFILES/data_870692681.root 
/tmp/maxwoo/21EF1A6A9139C9FD2A38E59AFB466F9A_1966/INPUTFILES/data_870792721.root 
/tmp/maxwoo/21EF1A6A9139C9FD2A38E59AFB466F9A_1966/INPUTFILES/data_870792781.root 
/tmp/maxwoo/21EF1A6A9139C9FD2A38E59AFB466F9A_1966/INPUTFILES/data_870892631.root 
/tmp/maxwoo/21EF1A6A9139C9FD2A38E59AFB466F9A_1966/INPUTFILES/data_870892641.root 
/tmp/maxwoo/21EF1A6A9139C9FD2A38E59AFB466F9A_1966/INPUTFILES/data_870892651.root 
/tmp/maxwoo/21EF1A6A9139C9FD2A38E59AFB466F9A_1966/INPUTFILES/data_870992581.root 
/tmp/maxwoo/21EF1A6A9139C9FD2A38E59AFB466F9A_1966/INPUTFILES/data_870992591.root 
/tmp/maxwoo/21EF1A6A9139C9FD2A38E59AFB466F9A_1966/INPUTFILES/data_870992621.root 
/tmp/maxwoo/21EF1A6A9139C9FD2A38E59AFB466F9A_1966/INPUTFILES/data_871092551.root 
/tmp/maxwoo/21EF1A6A9139C9FD2A38E59AFB466F9A_1966/INPUTFILES/data_871092561.root 
/tmp/maxwoo/21EF1A6A9139C9FD2A38E59AFB466F9A_1966/INPUTFILES/data_871092671.root 
/tmp/maxwoo/21EF1A6A9139C9FD2A38E59AFB466F9A_1966/INPUTFILES/data_871102301.root 
/tmp/maxwoo/21EF1A6A9139C9FD2A38E59AFB466F9A_1966/INPUTFILES/data_871102311.root 
/tmp/maxwoo/21EF1A6A9139C9FD2A38E59AFB466F9A_1966/INPUTFILES/data_871106691.root 
/tmp/maxwoo/21EF1A6A9139C9FD2A38E59AFB466F9A_1966/INPUTFILES/data_871106701.root 
/tmp/maxwoo/21EF1A6A9139C9FD2A38E59AFB466F9A_1966/INPUTFILES/data_871122551.root 
/tmp/maxwoo/21EF1A6A9139C9FD2A38E59AFB466F9A_1966/INPUTFILES/data_871124311.root 
/tmp/maxwoo/21EF1A6A9139C9FD2A38E59AFB466F9A_1966/INPUTFILES/data_871124321.root 
/tmp/maxwoo/21EF1A6A9139C9FD2A38E59AFB466F9A_1966/INPUTFILES/data_871128091.root 
/tmp/maxwoo/21EF1A6A9139C9FD2A38E59AFB466F9A_1966/INPUTFILES/data_871136451.root 
/tmp/maxwoo/21EF1A6A9139C9FD2A38E59AFB466F9A_1966/INPUTFILES/data_871137971.root 
/tmp/maxwoo/21EF1A6A9139C9FD2A38E59AFB466F9A_1966/INPUTFILES/data_871159581.root 
/tmp/maxwoo/21EF1A6A9139C9FD2A38E59AFB466F9A_1966/INPUTFILES/data_871159801.root 
/tmp/maxwoo/21EF1A6A9139C9FD2A38E59AFB466F9A_1966/INPUTFILES/data_871159901.root 
/tmp/maxwoo/21EF1A6A9139C9FD2A38E59AFB466F9A_1966/INPUTFILES/data_871159931.root 
/tmp/maxwoo/21EF1A6A9139C9FD2A38E59AFB466F9A_1966/INPUTFILES/data_871159981.root 
/tmp/maxwoo/21EF1A6A9139C9FD2A38E59AFB466F9A_1966/INPUTFILES/data_871160051.root 
/tmp/maxwoo/21EF1A6A9139C9FD2A38E59AFB466F9A_1966/INPUTFILES/data_871160061.root 
/tmp/maxwoo/21EF1A6A9139C9FD2A38E59AFB466F9A_1966/INPUTFILES/data_871160071.root 
/tmp/maxwoo/21EF1A6A9139C9FD2A38E59AFB466F9A_1966/INPUTFILES/data_871160161.root 
/tmp/maxwoo/21EF1A6A9139C9FD2A38E59AFB466F9A_1966/INPUTFILES/data_871170611.root 
/tmp/maxwoo/21EF1A6A9139C9FD2A38E59AFB466F9A_1966/INPUTFILES/data_871189271.root 
/tmp/maxwoo/21EF1A6A9139C9FD2A38E59AFB466F9A_1966/INPUTFILES/data_871192541.root 
/tmp/maxwoo/21EF1A6A9139C9FD2A38E59AFB466F9A_1966/INPUTFILES/data_871192601.root 
/tmp/maxwoo/21EF1A6A9139C9FD2A38E59AFB466F9A_1966/INPUTFILES/data_871192611.root 
Added 37 files
# entries in chain: 36810
Processing entry == 1000 == out of 36810.
Processing entry == 2000 == out of 36810.
Processing entry == 3000 == out of 36810.
Processing entry == 4000 == out of 36810.
Processing entry == 5000 == out of 36810.
Processing entry == 6000 == out of 36810.
Processing entry == 7000 == out of 36810.
Processing entry == 8000 == out of 36810.
Processing entry == 9000 == out of 36810.
Processing entry == 10000 == out of 36810.
Processing entry == 11000 == out of 36810.
Processing entry == 12000 == out of 36810.
Processing entry == 13000 == out of 36810.
Processing entry == 14000 == out of 36810.
Processing entry == 15000 == out of 36810.
Processing entry == 16000 == out of 36810.
Processing entry == 17000 == out of 36810.
Processing entry == 18000 == out of 36810.
Processing entry == 19000 == out of 36810.
Processing entry == 20000 == out of 36810.
Processing entry == 21000 == out of 36810.
Processing entry == 22000 == out of 36810.
Processing entry == 23000 == out of 36810.
Processing entry == 24000 == out of 36810.
Processing entry == 25000 == out of 36810.
Processing entry == 26000 == out of 36810.
Processing entry == 27000 == out of 36810.
Processing entry == 28000 == out of 36810.
Processing entry == 29000 == out of 36810.
Processing entry == 30000 == out of 36810.
Processing entry == 31000 == out of 36810.
Processing entry == 32000 == out of 36810.
Processing entry == 33000 == out of 36810.
Processing entry == 34000 == out of 36810.
Processing entry == 35000 == out of 36810.
Processing entry == 36000 == out of 36810.

This is the end of ROOT -- Goodbye

Cleaning up sandbox file:  /tmp/maxwoo/21EF1A6A9139C9FD2A38E59AFB466F9A_1966/check_S.C
Cleaning up sandbox file:  /tmp/maxwoo/21EF1A6A9139C9FD2A38E59AFB466F9A_1966/Check_Sness.C
Cleaning up sandbox file:  /tmp/maxwoo/21EF1A6A9139C9FD2A38E59AFB466F9A_1966/lib
Cleaning up sandbox file:  /tmp/maxwoo/21EF1A6A9139C9FD2A38E59AFB466F9A_1966/.sandboxFiles
Starting copy block
Running copy command:  /bin/cp -fp /tmp/maxwoo/21EF1A6A9139C9FD2A38E59AFB466F9A_1966/out_21EF1A6A9139C9FD2A38E59AFB466F9A_1966.root /star/data01/pwg/xiatong/git/strangeness/data/
40024 Execution of (/star/data01/pwg/xiatong/git/strangeness/script/sched21EF1A6A9139C9FD2A38E59AFB466F9A_1966.csh ) has ended, exiting normally
40024 We END on [Thu Jun  2 11:29:22 EDT 2022]
