We are starting on node: spool0646.sdcc.bnl.gov
HOME is not defined
Using getent method
HOME is now /star/u/maxwoo
36509 We will spawn ourselves (/star/data01/pwg/xiatong/git/strangeness/script/sched21EF1A6A9139C9FD2A38E59AFB466F9A_2220.csh )
36509 We BEGIN on [Thu Jun  2 11:00:05 EDT 2022]
[1] 37059
36509 We are waiting for 37059 
36509 Grandchild PID is 38120 - found in 10 x 1 seconds
36509 Establishing first watcher   on    Thu Jun  2 11:00:16 EDT 2022
36509 Process tree is 36509 (main) -> 37059 (child) -> 38120 (grandchild)
F S   UID   PID  PPID  C PRI  NI ADDR SZ WCHAN  TTY        TIME CMD
0 D 100667 38120 37059  0 80   0 - 32311 cxiWai ?          0:00 cp /star/data01/pwg/xiatong/AMPT/14GeV/data_1046144531.root /tmp/maxwoo/21EF1A6A9139C9FD2A38E59AFB466F9A_2220/INPUTFILES/data_1046144531.root
36509 Grandchild PID is 39907 - found in 20 x 2 seconds
36509 Grandchild to watch has changed on Thu Jun  2 11:00:37 EDT 2022
36509 Process tree is 36509 (main) -> 37059 (child) -> 39907 (grandchild)
F S   UID   PID  PPID  C PRI  NI ADDR SZ WCHAN  TTY        TIME CMD
0 D 100667 39907 37059  0 80   0 - 32311 cxiWai ?          0:00 cp /star/data01/pwg/xiatong/AMPT/14GeV/data_1047129291.root /tmp/maxwoo/21EF1A6A9139C9FD2A38E59AFB466F9A_2220/INPUTFILES/data_1047129291.root
36509 Grandchild PID is 41547 - found in 30 x 2 seconds
36509 Grandchild to watch has changed on Thu Jun  2 11:00:58 EDT 2022
36509 Process tree is 36509 (main) -> 37059 (child) -> 41547 (grandchild)
F S   UID   PID  PPID  C PRI  NI ADDR SZ WCHAN  TTY        TIME CMD
0 D 100667 41547 37059  0 80   0 - 32311 cxiWai ?          0:00 cp /star/data01/pwg/xiatong/AMPT/14GeV/data_1047129301.root /tmp/maxwoo/21EF1A6A9139C9FD2A38E59AFB466F9A_2220/INPUTFILES/data_1047129301.root
36509 Grandchild PID is 43887 - found in 40 x 2 seconds
36509 Grandchild to watch has changed on Thu Jun  2 11:01:19 EDT 2022
36509 Process tree is 36509 (main) -> 37059 (child) -> 43887 (grandchild)
F S   UID   PID  PPID  C PRI  NI ADDR SZ WCHAN  TTY        TIME CMD
0 D 100667 43887 37059  0 80   0 - 32311 cxiWai ?          0:00 cp /star/data01/pwg/xiatong/AMPT/14GeV/data_1047129331.root /tmp/maxwoo/21EF1A6A9139C9FD2A38E59AFB466F9A_2220/INPUTFILES/data_1047129331.root
36509 Grandchild PID is 45559 - found in 50 x 2 seconds
36509 Grandchild to watch has changed on Thu Jun  2 11:01:40 EDT 2022
36509 Process tree is 36509 (main) -> 37059 (child) -> 45559 (grandchild)
F S   UID   PID  PPID  C PRI  NI ADDR SZ WCHAN  TTY        TIME CMD
0 D 100667 45559 37059  0 80   0 - 32311 cxiWai ?          0:00 cp /star/data01/pwg/xiatong/AMPT/14GeV/data_1047129371.root /tmp/maxwoo/21EF1A6A9139C9FD2A38E59AFB466F9A_2220/INPUTFILES/data_1047129371.root
36509 Grandchild PID is 46125 - found in 60 x 2 seconds
36509 Grandchild to watch has changed on Thu Jun  2 11:02:01 EDT 2022
36509 Process tree is 36509 (main) -> 37059 (child) -> 46125 (grandchild)
F S   UID   PID  PPID  C PRI  NI ADDR SZ WCHAN  TTY        TIME CMD
0 D 100667 46125 37059  0 80   0 - 32311 cxiWai ?          0:00 cp /star/data01/pwg/xiatong/AMPT/14GeV/data_1047129401.root /tmp/maxwoo/21EF1A6A9139C9FD2A38E59AFB466F9A_2220/INPUTFILES/data_1047129401.root
36509 Grandchild PID is 47886 - found in 70 x 2 seconds
36509 Grandchild to watch has changed on Thu Jun  2 11:02:22 EDT 2022
36509 Process tree is 36509 (main) -> 37059 (child) -> 47886 (grandchild)
F S   UID   PID  PPID  C PRI  NI ADDR SZ WCHAN  TTY        TIME CMD
0 D 100667 47886 37059  0 80   0 - 32311 cxiWai ?          0:00 cp /star/data01/pwg/xiatong/AMPT/14GeV/data_1047129661.root /tmp/maxwoo/21EF1A6A9139C9FD2A38E59AFB466F9A_2220/INPUTFILES/data_1047129661.root
36509 Grandchild PID is 49333 - found in 80 x 2 seconds
36509 Grandchild to watch has changed on Thu Jun  2 11:02:43 EDT 2022
36509 Process tree is 36509 (main) -> 37059 (child) -> 49333 (grandchild)
F S   UID   PID  PPID  C PRI  NI ADDR SZ WCHAN  TTY        TIME CMD
0 D 100667 49333 37059  0 80   0 - 32311 cxiWai ?          0:00 cp /star/data01/pwg/xiatong/AMPT/14GeV/data_1048128901.root /tmp/maxwoo/21EF1A6A9139C9FD2A38E59AFB466F9A_2220/INPUTFILES/data_1048128901.root
36509 Grandchild PID is 51685 - found in 90 x 2 seconds
36509 Grandchild to watch has changed on Thu Jun  2 11:03:03 EDT 2022
36509 Process tree is 36509 (main) -> 37059 (child) -> 51685 (grandchild)
F S   UID   PID  PPID  C PRI  NI ADDR SZ WCHAN  TTY        TIME CMD
0 D 100667 51685 37059  0 80   0 - 32311 cxiWai ?          0:00 cp /star/data01/pwg/xiatong/AMPT/14GeV/data_1048129221.root /tmp/maxwoo/21EF1A6A9139C9FD2A38E59AFB466F9A_2220/INPUTFILES/data_1048129221.root
36509 Grandchild PID is 53441 - found in 100 x 2 seconds
36509 Grandchild to watch has changed on Thu Jun  2 11:03:24 EDT 2022
36509 Process tree is 36509 (main) -> 37059 (child) -> 53441 (grandchild)
F S   UID   PID  PPID  C PRI  NI ADDR SZ WCHAN  TTY        TIME CMD
0 D 100667 53441 37059  0 80   0 - 32311 cxiWai ?          0:00 cp /star/data01/pwg/xiatong/AMPT/14GeV/data_1048129231.root /tmp/maxwoo/21EF1A6A9139C9FD2A38E59AFB466F9A_2220/INPUTFILES/data_1048129231.root
36509 Grandchild PID is 54555 - found in 110 x 2 seconds
36509 Grandchild to watch has changed on Thu Jun  2 11:03:45 EDT 2022
36509 Process tree is 36509 (main) -> 37059 (child) -> 54555 (grandchild)
F S   UID   PID  PPID  C PRI  NI ADDR SZ WCHAN  TTY        TIME CMD
0 D 100667 54555 37059  0 80   0 - 32311 cxiWai ?          0:00 cp /star/data01/pwg/xiatong/AMPT/14GeV/data_1048129411.root /tmp/maxwoo/21EF1A6A9139C9FD2A38E59AFB466F9A_2220/INPUTFILES/data_1048129411.root
36509 Grandchild PID is 57818 - found in 120 x 2 seconds
36509 Grandchild to watch has changed on Thu Jun  2 11:04:06 EDT 2022
36509 Process tree is 36509 (main) -> 37059 (child) -> 57818 (grandchild)
F S   UID   PID  PPID  C PRI  NI ADDR SZ WCHAN  TTY        TIME CMD
0 S 100667 57818 37059  0 80   0 -  1272 do_wai ?          0:00 root -b -q check_S.C++("/tmp/maxwoo/21EF1A6A9139C9FD2A38E59AFB466F9A_2220/INPUTFILES/21EF1A6A9139C9FD2A38E59AFB466F9A_2220.local.list","21EF1A6A9139C9FD2A38E59AFB466F9A_2220",1)
37059 Stepping into the main SUMS wrapper program with []
.... building sandbox
Running: cp /star/data01/pwg/xiatong/AMPT/14GeV/data_1046129571.root /tmp/maxwoo/21EF1A6A9139C9FD2A38E59AFB466F9A_2220/INPUTFILES/data_1046129571.root
Running: cp /star/data01/pwg/xiatong/AMPT/14GeV/data_1046129581.root /tmp/maxwoo/21EF1A6A9139C9FD2A38E59AFB466F9A_2220/INPUTFILES/data_1046129581.root
Running: cp /star/data01/pwg/xiatong/AMPT/14GeV/data_1046129591.root /tmp/maxwoo/21EF1A6A9139C9FD2A38E59AFB466F9A_2220/INPUTFILES/data_1046129591.root
Running: cp /star/data01/pwg/xiatong/AMPT/14GeV/data_1046130131.root /tmp/maxwoo/21EF1A6A9139C9FD2A38E59AFB466F9A_2220/INPUTFILES/data_1046130131.root
Running: cp /star/data01/pwg/xiatong/AMPT/14GeV/data_1046130141.root /tmp/maxwoo/21EF1A6A9139C9FD2A38E59AFB466F9A_2220/INPUTFILES/data_1046130141.root
Running: cp /star/data01/pwg/xiatong/AMPT/14GeV/data_1046144531.root /tmp/maxwoo/21EF1A6A9139C9FD2A38E59AFB466F9A_2220/INPUTFILES/data_1046144531.root
Running: cp /star/data01/pwg/xiatong/AMPT/14GeV/data_1047128531.root /tmp/maxwoo/21EF1A6A9139C9FD2A38E59AFB466F9A_2220/INPUTFILES/data_1047128531.root
Running: cp /star/data01/pwg/xiatong/AMPT/14GeV/data_1047129261.root /tmp/maxwoo/21EF1A6A9139C9FD2A38E59AFB466F9A_2220/INPUTFILES/data_1047129261.root
Running: cp /star/data01/pwg/xiatong/AMPT/14GeV/data_1047129291.root /tmp/maxwoo/21EF1A6A9139C9FD2A38E59AFB466F9A_2220/INPUTFILES/data_1047129291.root
Running: cp /star/data01/pwg/xiatong/AMPT/14GeV/data_1047129301.root /tmp/maxwoo/21EF1A6A9139C9FD2A38E59AFB466F9A_2220/INPUTFILES/data_1047129301.root
Running: cp /star/data01/pwg/xiatong/AMPT/14GeV/data_1047129311.root /tmp/maxwoo/21EF1A6A9139C9FD2A38E59AFB466F9A_2220/INPUTFILES/data_1047129311.root
Running: cp /star/data01/pwg/xiatong/AMPT/14GeV/data_1047129321.root /tmp/maxwoo/21EF1A6A9139C9FD2A38E59AFB466F9A_2220/INPUTFILES/data_1047129321.root
Running: cp /star/data01/pwg/xiatong/AMPT/14GeV/data_1047129331.root /tmp/maxwoo/21EF1A6A9139C9FD2A38E59AFB466F9A_2220/INPUTFILES/data_1047129331.root
Running: cp /star/data01/pwg/xiatong/AMPT/14GeV/data_1047129341.root /tmp/maxwoo/21EF1A6A9139C9FD2A38E59AFB466F9A_2220/INPUTFILES/data_1047129341.root
Running: cp /star/data01/pwg/xiatong/AMPT/14GeV/data_1047129351.root /tmp/maxwoo/21EF1A6A9139C9FD2A38E59AFB466F9A_2220/INPUTFILES/data_1047129351.root
Running: cp /star/data01/pwg/xiatong/AMPT/14GeV/data_1047129361.root /tmp/maxwoo/21EF1A6A9139C9FD2A38E59AFB466F9A_2220/INPUTFILES/data_1047129361.root
Running: cp /star/data01/pwg/xiatong/AMPT/14GeV/data_1047129371.root /tmp/maxwoo/21EF1A6A9139C9FD2A38E59AFB466F9A_2220/INPUTFILES/data_1047129371.root
Running: cp /star/data01/pwg/xiatong/AMPT/14GeV/data_1047129401.root /tmp/maxwoo/21EF1A6A9139C9FD2A38E59AFB466F9A_2220/INPUTFILES/data_1047129401.root
Running: cp /star/data01/pwg/xiatong/AMPT/14GeV/data_1047129421.root /tmp/maxwoo/21EF1A6A9139C9FD2A38E59AFB466F9A_2220/INPUTFILES/data_1047129421.root
Running: cp /star/data01/pwg/xiatong/AMPT/14GeV/data_1047129451.root /tmp/maxwoo/21EF1A6A9139C9FD2A38E59AFB466F9A_2220/INPUTFILES/data_1047129451.root
Running: cp /star/data01/pwg/xiatong/AMPT/14GeV/data_1047129661.root /tmp/maxwoo/21EF1A6A9139C9FD2A38E59AFB466F9A_2220/INPUTFILES/data_1047129661.root
Running: cp /star/data01/pwg/xiatong/AMPT/14GeV/data_1048128521.root /tmp/maxwoo/21EF1A6A9139C9FD2A38E59AFB466F9A_2220/INPUTFILES/data_1048128521.root
Running: cp /star/data01/pwg/xiatong/AMPT/14GeV/data_1048128901.root /tmp/maxwoo/21EF1A6A9139C9FD2A38E59AFB466F9A_2220/INPUTFILES/data_1048128901.root
Running: cp /star/data01/pwg/xiatong/AMPT/14GeV/data_1048129221.root /tmp/maxwoo/21EF1A6A9139C9FD2A38E59AFB466F9A_2220/INPUTFILES/data_1048129221.root
Running: cp /star/data01/pwg/xiatong/AMPT/14GeV/data_1048129231.root /tmp/maxwoo/21EF1A6A9139C9FD2A38E59AFB466F9A_2220/INPUTFILES/data_1048129231.root
Running: cp /star/data01/pwg/xiatong/AMPT/14GeV/data_1048129271.root /tmp/maxwoo/21EF1A6A9139C9FD2A38E59AFB466F9A_2220/INPUTFILES/data_1048129271.root
Running: cp /star/data01/pwg/xiatong/AMPT/14GeV/data_1048129381.root /tmp/maxwoo/21EF1A6A9139C9FD2A38E59AFB466F9A_2220/INPUTFILES/data_1048129381.root
Running: cp /star/data01/pwg/xiatong/AMPT/14GeV/data_1048129411.root /tmp/maxwoo/21EF1A6A9139C9FD2A38E59AFB466F9A_2220/INPUTFILES/data_1048129411.root
Running: cp /star/data01/pwg/xiatong/AMPT/14GeV/data_1048129431.root /tmp/maxwoo/21EF1A6A9139C9FD2A38E59AFB466F9A_2220/INPUTFILES/data_1048129431.root
Running: cp /star/data01/pwg/xiatong/AMPT/14GeV/data_1049128671.root /tmp/maxwoo/21EF1A6A9139C9FD2A38E59AFB466F9A_2220/INPUTFILES/data_1049128671.root
Running: cp /star/data01/pwg/xiatong/AMPT/14GeV/data_1049128741.root /tmp/maxwoo/21EF1A6A9139C9FD2A38E59AFB466F9A_2220/INPUTFILES/data_1049128741.root
Running: cp /star/data01/pwg/xiatong/AMPT/14GeV/data_1049128751.root /tmp/maxwoo/21EF1A6A9139C9FD2A38E59AFB466F9A_2220/INPUTFILES/data_1049128751.root
Running: cp /star/data01/pwg/xiatong/AMPT/14GeV/data_1049128791.root /tmp/maxwoo/21EF1A6A9139C9FD2A38E59AFB466F9A_2220/INPUTFILES/data_1049128791.root
Running: cp /star/data01/pwg/xiatong/AMPT/14GeV/data_1049128801.root /tmp/maxwoo/21EF1A6A9139C9FD2A38E59AFB466F9A_2220/INPUTFILES/data_1049128801.root
Running: cp /star/data01/pwg/xiatong/AMPT/14GeV/data_1049128821.root /tmp/maxwoo/21EF1A6A9139C9FD2A38E59AFB466F9A_2220/INPUTFILES/data_1049128821.root
Running: cp /star/data01/pwg/xiatong/AMPT/14GeV/data_1049128841.root /tmp/maxwoo/21EF1A6A9139C9FD2A38E59AFB466F9A_2220/INPUTFILES/data_1049128841.root
Running: cp /star/data01/pwg/xiatong/AMPT/14GeV/data_1049128851.root /tmp/maxwoo/21EF1A6A9139C9FD2A38E59AFB466F9A_2220/INPUTFILES/data_1049128851.root
Swapping $FILELIST with: /tmp/maxwoo/21EF1A6A9139C9FD2A38E59AFB466F9A_2220/INPUTFILES/21EF1A6A9139C9FD2A38E59AFB466F9A_2220.local.list
+++++++++++local copy debug++++++++++++++++++++
newFileList: /tmp/maxwoo/21EF1A6A9139C9FD2A38E59AFB466F9A_2220/INPUTFILES/21EF1A6A9139C9FD2A38E59AFB466F9A_2220.local.list
++++++++++++++++cat FILELIST+++++++++++++++++++
/tmp/maxwoo/21EF1A6A9139C9FD2A38E59AFB466F9A_2220/INPUTFILES/data_1046129571.root 
/tmp/maxwoo/21EF1A6A9139C9FD2A38E59AFB466F9A_2220/INPUTFILES/data_1046129581.root 
/tmp/maxwoo/21EF1A6A9139C9FD2A38E59AFB466F9A_2220/INPUTFILES/data_1046129591.root 
/tmp/maxwoo/21EF1A6A9139C9FD2A38E59AFB466F9A_2220/INPUTFILES/data_1046130131.root 
/tmp/maxwoo/21EF1A6A9139C9FD2A38E59AFB466F9A_2220/INPUTFILES/data_1046130141.root 
/tmp/maxwoo/21EF1A6A9139C9FD2A38E59AFB466F9A_2220/INPUTFILES/data_1046144531.root 
/tmp/maxwoo/21EF1A6A9139C9FD2A38E59AFB466F9A_2220/INPUTFILES/data_1047128531.root 
/tmp/maxwoo/21EF1A6A9139C9FD2A38E59AFB466F9A_2220/INPUTFILES/data_1047129261.root 
/tmp/maxwoo/21EF1A6A9139C9FD2A38E59AFB466F9A_2220/INPUTFILES/data_1047129291.root 
/tmp/maxwoo/21EF1A6A9139C9FD2A38E59AFB466F9A_2220/INPUTFILES/data_1047129301.root 
/tmp/maxwoo/21EF1A6A9139C9FD2A38E59AFB466F9A_2220/INPUTFILES/data_1047129311.root 
/tmp/maxwoo/21EF1A6A9139C9FD2A38E59AFB466F9A_2220/INPUTFILES/data_1047129321.root 
/tmp/maxwoo/21EF1A6A9139C9FD2A38E59AFB466F9A_2220/INPUTFILES/data_1047129331.root 
/tmp/maxwoo/21EF1A6A9139C9FD2A38E59AFB466F9A_2220/INPUTFILES/data_1047129341.root 
/tmp/maxwoo/21EF1A6A9139C9FD2A38E59AFB466F9A_2220/INPUTFILES/data_1047129351.root 
/tmp/maxwoo/21EF1A6A9139C9FD2A38E59AFB466F9A_2220/INPUTFILES/data_1047129361.root 
/tmp/maxwoo/21EF1A6A9139C9FD2A38E59AFB466F9A_2220/INPUTFILES/data_1047129371.root 
/tmp/maxwoo/21EF1A6A9139C9FD2A38E59AFB466F9A_2220/INPUTFILES/data_1047129401.root 
/tmp/maxwoo/21EF1A6A9139C9FD2A38E59AFB466F9A_2220/INPUTFILES/data_1047129421.root 
/tmp/maxwoo/21EF1A6A9139C9FD2A38E59AFB466F9A_2220/INPUTFILES/data_1047129451.root 
/tmp/maxwoo/21EF1A6A9139C9FD2A38E59AFB466F9A_2220/INPUTFILES/data_1047129661.root 
/tmp/maxwoo/21EF1A6A9139C9FD2A38E59AFB466F9A_2220/INPUTFILES/data_1048128521.root 
/tmp/maxwoo/21EF1A6A9139C9FD2A38E59AFB466F9A_2220/INPUTFILES/data_1048128901.root 
/tmp/maxwoo/21EF1A6A9139C9FD2A38E59AFB466F9A_2220/INPUTFILES/data_1048129221.root 
/tmp/maxwoo/21EF1A6A9139C9FD2A38E59AFB466F9A_2220/INPUTFILES/data_1048129231.root 
/tmp/maxwoo/21EF1A6A9139C9FD2A38E59AFB466F9A_2220/INPUTFILES/data_1048129271.root 
/tmp/maxwoo/21EF1A6A9139C9FD2A38E59AFB466F9A_2220/INPUTFILES/data_1048129381.root 
/tmp/maxwoo/21EF1A6A9139C9FD2A38E59AFB466F9A_2220/INPUTFILES/data_1048129411.root 
/tmp/maxwoo/21EF1A6A9139C9FD2A38E59AFB466F9A_2220/INPUTFILES/data_1048129431.root 
/tmp/maxwoo/21EF1A6A9139C9FD2A38E59AFB466F9A_2220/INPUTFILES/data_1049128671.root 
/tmp/maxwoo/21EF1A6A9139C9FD2A38E59AFB466F9A_2220/INPUTFILES/data_1049128741.root 
/tmp/maxwoo/21EF1A6A9139C9FD2A38E59AFB466F9A_2220/INPUTFILES/data_1049128751.root 
/tmp/maxwoo/21EF1A6A9139C9FD2A38E59AFB466F9A_2220/INPUTFILES/data_1049128791.root 
/tmp/maxwoo/21EF1A6A9139C9FD2A38E59AFB466F9A_2220/INPUTFILES/data_1049128801.root 
/tmp/maxwoo/21EF1A6A9139C9FD2A38E59AFB466F9A_2220/INPUTFILES/data_1049128821.root 
/tmp/maxwoo/21EF1A6A9139C9FD2A38E59AFB466F9A_2220/INPUTFILES/data_1049128841.root 
/tmp/maxwoo/21EF1A6A9139C9FD2A38E59AFB466F9A_2220/INPUTFILES/data_1049128851.root 
++++++++++++++++++++find.++++++++++++++++++++++
.
./Check_Sness.C
./.errror.log
./lib
./lib/MixedBuffer.cpp
./lib/CenMaker.cpp
./lib/my_particle.h
./lib/CenMaker_cpp_ACLiC_dict_rdict.pcm
./lib/my_event_cpp.d
./lib/my_particle_cpp_ACLiC_dict_rdict.pcm
./lib/CenMaker_cpp.so
./lib/my_event_cpp.so
./lib/NpartNormalizer.h
./lib/my_particle_cpp.d
./lib/MixedBuffer.h
./lib/MixedBuffer_cpp.d
./lib/NpartNormalizer_cpp.so
./lib/NpartNormalizer.cpp
./lib/my_event_cpp_ACLiC_dict_rdict.pcm
./lib/my_particle_cpp.so
./lib/NpartNormalizer_cpp.d
./lib/MixedBuffer_cpp_ACLiC_dict_rdict.pcm
./lib/my_particle.cpp
./lib/CenMaker_cpp.d
./lib/CenMaker.h
./lib/my_event.cpp
./lib/MixedBuffer_cpp.so
./lib/NpartNormalizer_cpp_ACLiC_dict_rdict.pcm
./lib/my_event.h
./check_S.C
./.output.log
./INPUTFILES
./INPUTFILES/data_1047129261.root
./INPUTFILES/data_1047129331.root
./INPUTFILES/data_1048129381.root
./INPUTFILES/data_1049128841.root
./INPUTFILES/data_1046130141.root
./INPUTFILES/data_1049128801.root
./INPUTFILES/data_1049128791.root
./INPUTFILES/data_1047128531.root
./INPUTFILES/data_1048129221.root
./INPUTFILES/data_1049128851.root
./INPUTFILES/data_1049128751.root
./INPUTFILES/data_1048129271.root
./INPUTFILES/data_1046144531.root
./INPUTFILES/data_1048128901.root
./INPUTFILES/data_1048128521.root
./INPUTFILES/data_1047129661.root
./INPUTFILES/data_1046129571.root
./INPUTFILES/data_1049128671.root
./INPUTFILES/data_1047129321.root
./INPUTFILES/data_1047129401.root
./INPUTFILES/data_1047129351.root
./INPUTFILES/data_1046129591.root
./INPUTFILES/data_1047129421.root
./INPUTFILES/data_1046129581.root
./INPUTFILES/data_1047129361.root
./INPUTFILES/data_1049128821.root
./INPUTFILES/data_1047129371.root
./INPUTFILES/data_1047129341.root
./INPUTFILES/data_1048129411.root
./INPUTFILES/data_1047129291.root
./INPUTFILES/data_1047129301.root
./INPUTFILES/data_1049128741.root
./INPUTFILES/data_1048129231.root
./INPUTFILES/data_1047129311.root
./INPUTFILES/data_1047129451.root
./INPUTFILES/data_1046130131.root
./INPUTFILES/data_1048129431.root
./INPUTFILES/21EF1A6A9139C9FD2A38E59AFB466F9A_2220.local.list
./.sandboxFiles
++++++++++++++++INPUTFILE Var++++++++++++++++++
FILELIST=/tmp/maxwoo/21EF1A6A9139C9FD2A38E59AFB466F9A_2220/INPUTFILES/21EF1A6A9139C9FD2A38E59AFB466F9A_2220.local.list
INPUTFILECOUNT=37
INPUTFILE0=/tmp/maxwoo/21EF1A6A9139C9FD2A38E59AFB466F9A_2220/INPUTFILES/data_1046129571.root
INPUTFILE1=/tmp/maxwoo/21EF1A6A9139C9FD2A38E59AFB466F9A_2220/INPUTFILES/data_1046129581.root
INPUTFILE2=/tmp/maxwoo/21EF1A6A9139C9FD2A38E59AFB466F9A_2220/INPUTFILES/data_1046129591.root
INPUTFILE3=/tmp/maxwoo/21EF1A6A9139C9FD2A38E59AFB466F9A_2220/INPUTFILES/data_1046130131.root
INPUTFILE4=/tmp/maxwoo/21EF1A6A9139C9FD2A38E59AFB466F9A_2220/INPUTFILES/data_1046130141.root
INPUTFILE5=/tmp/maxwoo/21EF1A6A9139C9FD2A38E59AFB466F9A_2220/INPUTFILES/data_1046144531.root
INPUTFILE6=/tmp/maxwoo/21EF1A6A9139C9FD2A38E59AFB466F9A_2220/INPUTFILES/data_1047128531.root
INPUTFILE7=/tmp/maxwoo/21EF1A6A9139C9FD2A38E59AFB466F9A_2220/INPUTFILES/data_1047129261.root
INPUTFILE8=/tmp/maxwoo/21EF1A6A9139C9FD2A38E59AFB466F9A_2220/INPUTFILES/data_1047129291.root
INPUTFILE9=/tmp/maxwoo/21EF1A6A9139C9FD2A38E59AFB466F9A_2220/INPUTFILES/data_1047129301.root
INPUTFILE10=/tmp/maxwoo/21EF1A6A9139C9FD2A38E59AFB466F9A_2220/INPUTFILES/data_1047129311.root
INPUTFILE11=/tmp/maxwoo/21EF1A6A9139C9FD2A38E59AFB466F9A_2220/INPUTFILES/data_1047129321.root
INPUTFILE12=/tmp/maxwoo/21EF1A6A9139C9FD2A38E59AFB466F9A_2220/INPUTFILES/data_1047129331.root
INPUTFILE13=/tmp/maxwoo/21EF1A6A9139C9FD2A38E59AFB466F9A_2220/INPUTFILES/data_1047129341.root
INPUTFILE14=/tmp/maxwoo/21EF1A6A9139C9FD2A38E59AFB466F9A_2220/INPUTFILES/data_1047129351.root
INPUTFILE15=/tmp/maxwoo/21EF1A6A9139C9FD2A38E59AFB466F9A_2220/INPUTFILES/data_1047129361.root
INPUTFILE16=/tmp/maxwoo/21EF1A6A9139C9FD2A38E59AFB466F9A_2220/INPUTFILES/data_1047129371.root
INPUTFILE17=/tmp/maxwoo/21EF1A6A9139C9FD2A38E59AFB466F9A_2220/INPUTFILES/data_1047129401.root
INPUTFILE18=/tmp/maxwoo/21EF1A6A9139C9FD2A38E59AFB466F9A_2220/INPUTFILES/data_1047129421.root
INPUTFILE19=/tmp/maxwoo/21EF1A6A9139C9FD2A38E59AFB466F9A_2220/INPUTFILES/data_1047129451.root
INPUTFILE20=/tmp/maxwoo/21EF1A6A9139C9FD2A38E59AFB466F9A_2220/INPUTFILES/data_1047129661.root
INPUTFILE21=/tmp/maxwoo/21EF1A6A9139C9FD2A38E59AFB466F9A_2220/INPUTFILES/data_1048128521.root
INPUTFILE22=/tmp/maxwoo/21EF1A6A9139C9FD2A38E59AFB466F9A_2220/INPUTFILES/data_1048128901.root
INPUTFILE23=/tmp/maxwoo/21EF1A6A9139C9FD2A38E59AFB466F9A_2220/INPUTFILES/data_1048129221.root
INPUTFILE24=/tmp/maxwoo/21EF1A6A9139C9FD2A38E59AFB466F9A_2220/INPUTFILES/data_1048129231.root
INPUTFILE25=/tmp/maxwoo/21EF1A6A9139C9FD2A38E59AFB466F9A_2220/INPUTFILES/data_1048129271.root
INPUTFILE26=/tmp/maxwoo/21EF1A6A9139C9FD2A38E59AFB466F9A_2220/INPUTFILES/data_1048129381.root
INPUTFILE27=/tmp/maxwoo/21EF1A6A9139C9FD2A38E59AFB466F9A_2220/INPUTFILES/data_1048129411.root
INPUTFILE28=/tmp/maxwoo/21EF1A6A9139C9FD2A38E59AFB466F9A_2220/INPUTFILES/data_1048129431.root
INPUTFILE29=/tmp/maxwoo/21EF1A6A9139C9FD2A38E59AFB466F9A_2220/INPUTFILES/data_1049128671.root
INPUTFILE30=/tmp/maxwoo/21EF1A6A9139C9FD2A38E59AFB466F9A_2220/INPUTFILES/data_1049128741.root
INPUTFILE31=/tmp/maxwoo/21EF1A6A9139C9FD2A38E59AFB466F9A_2220/INPUTFILES/data_1049128751.root
INPUTFILE32=/tmp/maxwoo/21EF1A6A9139C9FD2A38E59AFB466F9A_2220/INPUTFILES/data_1049128791.root
INPUTFILE33=/tmp/maxwoo/21EF1A6A9139C9FD2A38E59AFB466F9A_2220/INPUTFILES/data_1049128801.root
INPUTFILE34=/tmp/maxwoo/21EF1A6A9139C9FD2A38E59AFB466F9A_2220/INPUTFILES/data_1049128821.root
INPUTFILE35=/tmp/maxwoo/21EF1A6A9139C9FD2A38E59AFB466F9A_2220/INPUTFILES/data_1049128841.root
INPUTFILE36=/tmp/maxwoo/21EF1A6A9139C9FD2A38E59AFB466F9A_2220/INPUTFILES/data_1049128851.root
LocalInputFileDir=/tmp/maxwoo/21EF1A6A9139C9FD2A38E59AFB466F9A_2220/INPUTFILES
NewFILELIST=/tmp/maxwoo/21EF1A6A9139C9FD2A38E59AFB466F9A_2220/INPUTFILES/21EF1A6A9139C9FD2A38E59AFB466F9A_2220.local.list
+++++++++++++++++++++++++++++++++++++++++++++++
--------------------------------
Simple Unified Meta Scheduler 1.10.50 we are starting in $SCRATCH : /home/tmp/maxwoo/21EF1A6A9139C9FD2A38E59AFB466F9A_2220
--------------------------------
total 16
lrwxrwxrwx 1 maxwoo rhstar   61 Jun  2 11:00 check_S.C -> /gpfs/mnt/gpfs01/star/pwg/xiatong/git/strangeness/./check_S.C
lrwxrwxrwx 1 maxwoo rhstar   65 Jun  2 11:00 Check_Sness.C -> /gpfs/mnt/gpfs01/star/pwg/xiatong/git/strangeness/./Check_Sness.C
drwxr-xr-x 2 maxwoo rhstar 4096 Jun  2 11:04 INPUTFILES
drwxr-xr-x 2 maxwoo rhstar 4096 Jun  2 11:00 lib
  *******************************************
  *                                         *
  *        W E L C O M E  to  R O O T       *
  *                                         *
  *   Version   5.34/38     12 March 2018   *
  *                                         *
  *  You are welcome to visit our Web site  *
  *          http://root.cern.ch            *
  *                                         *
  *******************************************

ROOT 5.34/38 (v5-34-38@v5-34-38, Mar 12 2018, 15:49:39 on linux)

CINT/ROOT C/C++ Interpreter version 5.18.00, July 2, 2010
Type ? for help. Commands must be C++ statements.
Enclose multiple statements between { }.
*** Float Point Exception is OFF ***
 *** Start at Date : Thu Jun  2 11:04:03 2022
QAInfo:You are using STAR_LEVEL : dev, ROOT_LEVEL : 5.34.38 and node : spool0646.sdcc.bnl.gov 

Processing check_S.C++("/tmp/maxwoo/21EF1A6A9139C9FD2A38E59AFB466F9A_2220/INPUTFILES/21EF1A6A9139C9FD2A38E59AFB466F9A_2220.local.list","21EF1A6A9139C9FD2A38E59AFB466F9A_2220",1)...
/tmp/maxwoo/21EF1A6A9139C9FD2A38E59AFB466F9A_2220/INPUTFILES/data_1046129571.root 
/tmp/maxwoo/21EF1A6A9139C9FD2A38E59AFB466F9A_2220/INPUTFILES/data_1046129581.root 
/tmp/maxwoo/21EF1A6A9139C9FD2A38E59AFB466F9A_2220/INPUTFILES/data_1046129591.root 
/tmp/maxwoo/21EF1A6A9139C9FD2A38E59AFB466F9A_2220/INPUTFILES/data_1046130131.root 
/tmp/maxwoo/21EF1A6A9139C9FD2A38E59AFB466F9A_2220/INPUTFILES/data_1046130141.root 
/tmp/maxwoo/21EF1A6A9139C9FD2A38E59AFB466F9A_2220/INPUTFILES/data_1046144531.root 
/tmp/maxwoo/21EF1A6A9139C9FD2A38E59AFB466F9A_2220/INPUTFILES/data_1047128531.root 
/tmp/maxwoo/21EF1A6A9139C9FD2A38E59AFB466F9A_2220/INPUTFILES/data_1047129261.root 
/tmp/maxwoo/21EF1A6A9139C9FD2A38E59AFB466F9A_2220/INPUTFILES/data_1047129291.root 
/tmp/maxwoo/21EF1A6A9139C9FD2A38E59AFB466F9A_2220/INPUTFILES/data_1047129301.root 
/tmp/maxwoo/21EF1A6A9139C9FD2A38E59AFB466F9A_2220/INPUTFILES/data_1047129311.root 
/tmp/maxwoo/21EF1A6A9139C9FD2A38E59AFB466F9A_2220/INPUTFILES/data_1047129321.root 
/tmp/maxwoo/21EF1A6A9139C9FD2A38E59AFB466F9A_2220/INPUTFILES/data_1047129331.root 
/tmp/maxwoo/21EF1A6A9139C9FD2A38E59AFB466F9A_2220/INPUTFILES/data_1047129341.root 
/tmp/maxwoo/21EF1A6A9139C9FD2A38E59AFB466F9A_2220/INPUTFILES/data_1047129351.root 
/tmp/maxwoo/21EF1A6A9139C9FD2A38E59AFB466F9A_2220/INPUTFILES/data_1047129361.root 
/tmp/maxwoo/21EF1A6A9139C9FD2A38E59AFB466F9A_2220/INPUTFILES/data_1047129371.root 
/tmp/maxwoo/21EF1A6A9139C9FD2A38E59AFB466F9A_2220/INPUTFILES/data_1047129401.root 
/tmp/maxwoo/21EF1A6A9139C9FD2A38E59AFB466F9A_2220/INPUTFILES/data_1047129421.root 
/tmp/maxwoo/21EF1A6A9139C9FD2A38E59AFB466F9A_2220/INPUTFILES/data_1047129451.root 
/tmp/maxwoo/21EF1A6A9139C9FD2A38E59AFB466F9A_2220/INPUTFILES/data_1047129661.root 
/tmp/maxwoo/21EF1A6A9139C9FD2A38E59AFB466F9A_2220/INPUTFILES/data_1048128521.root 
/tmp/maxwoo/21EF1A6A9139C9FD2A38E59AFB466F9A_2220/INPUTFILES/data_1048128901.root 
/tmp/maxwoo/21EF1A6A9139C9FD2A38E59AFB466F9A_2220/INPUTFILES/data_1048129221.root 
/tmp/maxwoo/21EF1A6A9139C9FD2A38E59AFB466F9A_2220/INPUTFILES/data_1048129231.root 
/tmp/maxwoo/21EF1A6A9139C9FD2A38E59AFB466F9A_2220/INPUTFILES/data_1048129271.root 
/tmp/maxwoo/21EF1A6A9139C9FD2A38E59AFB466F9A_2220/INPUTFILES/data_1048129381.root 
/tmp/maxwoo/21EF1A6A9139C9FD2A38E59AFB466F9A_2220/INPUTFILES/data_1048129411.root 
/tmp/maxwoo/21EF1A6A9139C9FD2A38E59AFB466F9A_2220/INPUTFILES/data_1048129431.root 
/tmp/maxwoo/21EF1A6A9139C9FD2A38E59AFB466F9A_2220/INPUTFILES/data_1049128671.root 
/tmp/maxwoo/21EF1A6A9139C9FD2A38E59AFB466F9A_2220/INPUTFILES/data_1049128741.root 
/tmp/maxwoo/21EF1A6A9139C9FD2A38E59AFB466F9A_2220/INPUTFILES/data_1049128751.root 
/tmp/maxwoo/21EF1A6A9139C9FD2A38E59AFB466F9A_2220/INPUTFILES/data_1049128791.root 
/tmp/maxwoo/21EF1A6A9139C9FD2A38E59AFB466F9A_2220/INPUTFILES/data_1049128801.root 
/tmp/maxwoo/21EF1A6A9139C9FD2A38E59AFB466F9A_2220/INPUTFILES/data_1049128821.root 
/tmp/maxwoo/21EF1A6A9139C9FD2A38E59AFB466F9A_2220/INPUTFILES/data_1049128841.root 
/tmp/maxwoo/21EF1A6A9139C9FD2A38E59AFB466F9A_2220/INPUTFILES/data_1049128851.root 
Added 37 files
# entries in chain: 36190
Processing entry == 1000 == out of 36190.
Processing entry == 2000 == out of 36190.
Processing entry == 3000 == out of 36190.
Processing entry == 4000 == out of 36190.
Processing entry == 5000 == out of 36190.
Processing entry == 6000 == out of 36190.
Processing entry == 7000 == out of 36190.
Processing entry == 8000 == out of 36190.
Processing entry == 9000 == out of 36190.
Processing entry == 10000 == out of 36190.
Processing entry == 11000 == out of 36190.
Processing entry == 12000 == out of 36190.
Processing entry == 13000 == out of 36190.
Processing entry == 14000 == out of 36190.
Processing entry == 15000 == out of 36190.
Processing entry == 16000 == out of 36190.
Processing entry == 17000 == out of 36190.
Processing entry == 18000 == out of 36190.
Processing entry == 19000 == out of 36190.
Processing entry == 20000 == out of 36190.
Processing entry == 21000 == out of 36190.
Processing entry == 22000 == out of 36190.
Processing entry == 23000 == out of 36190.
Processing entry == 24000 == out of 36190.
Processing entry == 25000 == out of 36190.
Processing entry == 26000 == out of 36190.
Processing entry == 27000 == out of 36190.
Processing entry == 28000 == out of 36190.
Processing entry == 29000 == out of 36190.
Processing entry == 30000 == out of 36190.
Processing entry == 31000 == out of 36190.
Processing entry == 32000 == out of 36190.
Processing entry == 33000 == out of 36190.
Processing entry == 34000 == out of 36190.
Processing entry == 35000 == out of 36190.
Processing entry == 36000 == out of 36190.

This is the end of ROOT -- Goodbye

Cleaning up sandbox file:  /tmp/maxwoo/21EF1A6A9139C9FD2A38E59AFB466F9A_2220/check_S.C
Cleaning up sandbox file:  /tmp/maxwoo/21EF1A6A9139C9FD2A38E59AFB466F9A_2220/Check_Sness.C
Cleaning up sandbox file:  /tmp/maxwoo/21EF1A6A9139C9FD2A38E59AFB466F9A_2220/lib
Cleaning up sandbox file:  /tmp/maxwoo/21EF1A6A9139C9FD2A38E59AFB466F9A_2220/.sandboxFiles
Starting copy block
Running copy command:  /bin/cp -fp /tmp/maxwoo/21EF1A6A9139C9FD2A38E59AFB466F9A_2220/out_21EF1A6A9139C9FD2A38E59AFB466F9A_2220.root /star/data01/pwg/xiatong/git/strangeness/data/
36509 Execution of (/star/data01/pwg/xiatong/git/strangeness/script/sched21EF1A6A9139C9FD2A38E59AFB466F9A_2220.csh ) has ended, exiting normally
36509 We END on [Thu Jun  2 11:24:48 EDT 2022]
