We are starting on node: rcas2010.rcf.bnl.gov
HOME is not defined
Using getent method
HOME is now /star/u/maxwoo
43819 We will spawn ourselves (/star/data01/pwg/xiatong/git/strangeness/script/sched21EF1A6A9139C9FD2A38E59AFB466F9A_2608.csh )
43819 We BEGIN on [Thu Jun  2 10:57:43 EDT 2022]
[1] 44069
43819 We are waiting for 44069 
43819 Grandchild PID is 44601 - found in 10 x 1 seconds
43819 Establishing first watcher   on    Thu Jun  2 10:57:54 EDT 2022
43819 Process tree is 43819 (main) -> 44069 (child) -> 44601 (grandchild)
F S   UID    PID   PPID  C PRI  NI ADDR SZ WCHAN  TTY        TIME CMD
0 D 100667 44601  44069  0  80   0 - 30011 cxiWai ?          0:00 find ./ -maxdepth 1 -name check_S.C
43819 Grandchild PID is 46097 - found in 20 x 2 seconds
43819 Grandchild to watch has changed on Thu Jun  2 10:58:15 EDT 2022
43819 Process tree is 43819 (main) -> 44069 (child) -> 46097 (grandchild)
F S   UID    PID   PPID  C PRI  NI ADDR SZ WCHAN  TTY        TIME CMD
0 D 100667 46097  44069  0  80   0 - 32311 cxiWai ?          0:00 cp /star/data01/pwg/xiatong/AMPT/14GeV/data_1557174201.root /tmp/maxwoo/21EF1A6A9139C9FD2A38E59AFB466F9A_2608/INPUTFILES/data_1557174201.root
43819 Grandchild PID is 51290 - found in 50 x 2 seconds
43819 Grandchild to watch has changed on Thu Jun  2 10:59:17 EDT 2022
43819 Process tree is 43819 (main) -> 44069 (child) -> 51290 (grandchild)
F S   UID    PID   PPID  C PRI  NI ADDR SZ WCHAN  TTY        TIME CMD
0 D 100667 51290  44069  0  80   0 - 32311 cxiWai ?          0:00 cp /star/data01/pwg/xiatong/AMPT/14GeV/data_1558173871.root /tmp/maxwoo/21EF1A6A9139C9FD2A38E59AFB466F9A_2608/INPUTFILES/data_1558173871.root
43819 Grandchild PID is 51873 - found in 60 x 2 seconds
43819 Grandchild to watch has changed on Thu Jun  2 10:59:37 EDT 2022
43819 Process tree is 43819 (main) -> 44069 (child) -> 51873 (grandchild)
F S   UID    PID   PPID  C PRI  NI ADDR SZ WCHAN  TTY        TIME CMD
0 D 100667 51873  44069  0  80   0 - 32311 cxiWai ?          0:00 cp /star/data01/pwg/xiatong/AMPT/14GeV/data_1558176891.root /tmp/maxwoo/21EF1A6A9139C9FD2A38E59AFB466F9A_2608/INPUTFILES/data_1558176891.root
43819 Grandchild PID is 53498 - found in 70 x 2 seconds
43819 Grandchild to watch has changed on Thu Jun  2 10:59:58 EDT 2022
43819 Process tree is 43819 (main) -> 44069 (child) -> 53498 (grandchild)
F S   UID    PID   PPID  C PRI  NI ADDR SZ WCHAN  TTY        TIME CMD
0 S 100667 53498  44069  0  80   0 -  1272 do_wai ?          0:00 root -b -q check_S.C++("/tmp/maxwoo/21EF1A6A9139C9FD2A38E59AFB466F9A_2608/INPUTFILES/21EF1A6A9139C9FD2A38E59AFB466F9A_2608.local.list","21EF1A6A9139C9FD2A38E59AFB466F9A_2608",1)
44069 Stepping into the main SUMS wrapper program with []
.... building sandbox
Running: cp /star/data01/pwg/xiatong/AMPT/14GeV/data_1557101851.root /tmp/maxwoo/21EF1A6A9139C9FD2A38E59AFB466F9A_2608/INPUTFILES/data_1557101851.root
Running: cp /star/data01/pwg/xiatong/AMPT/14GeV/data_1557101871.root /tmp/maxwoo/21EF1A6A9139C9FD2A38E59AFB466F9A_2608/INPUTFILES/data_1557101871.root
Running: cp /star/data01/pwg/xiatong/AMPT/14GeV/data_1557173931.root /tmp/maxwoo/21EF1A6A9139C9FD2A38E59AFB466F9A_2608/INPUTFILES/data_1557173931.root
Running: cp /star/data01/pwg/xiatong/AMPT/14GeV/data_1557174111.root /tmp/maxwoo/21EF1A6A9139C9FD2A38E59AFB466F9A_2608/INPUTFILES/data_1557174111.root
Running: cp /star/data01/pwg/xiatong/AMPT/14GeV/data_1557174181.root /tmp/maxwoo/21EF1A6A9139C9FD2A38E59AFB466F9A_2608/INPUTFILES/data_1557174181.root
Running: cp /star/data01/pwg/xiatong/AMPT/14GeV/data_1557174191.root /tmp/maxwoo/21EF1A6A9139C9FD2A38E59AFB466F9A_2608/INPUTFILES/data_1557174191.root
Running: cp /star/data01/pwg/xiatong/AMPT/14GeV/data_1557174201.root /tmp/maxwoo/21EF1A6A9139C9FD2A38E59AFB466F9A_2608/INPUTFILES/data_1557174201.root
Running: cp /star/data01/pwg/xiatong/AMPT/14GeV/data_1557174221.root /tmp/maxwoo/21EF1A6A9139C9FD2A38E59AFB466F9A_2608/INPUTFILES/data_1557174221.root
Running: cp /star/data01/pwg/xiatong/AMPT/14GeV/data_1557174231.root /tmp/maxwoo/21EF1A6A9139C9FD2A38E59AFB466F9A_2608/INPUTFILES/data_1557174231.root
Running: cp /star/data01/pwg/xiatong/AMPT/14GeV/data_1557174321.root /tmp/maxwoo/21EF1A6A9139C9FD2A38E59AFB466F9A_2608/INPUTFILES/data_1557174321.root
Running: cp /star/data01/pwg/xiatong/AMPT/14GeV/data_1557174451.root /tmp/maxwoo/21EF1A6A9139C9FD2A38E59AFB466F9A_2608/INPUTFILES/data_1557174451.root
Running: cp /star/data01/pwg/xiatong/AMPT/14GeV/data_1557175231.root /tmp/maxwoo/21EF1A6A9139C9FD2A38E59AFB466F9A_2608/INPUTFILES/data_1557175231.root
Running: cp /star/data01/pwg/xiatong/AMPT/14GeV/data_1557175521.root /tmp/maxwoo/21EF1A6A9139C9FD2A38E59AFB466F9A_2608/INPUTFILES/data_1557175521.root
Running: cp /star/data01/pwg/xiatong/AMPT/14GeV/data_1557176211.root /tmp/maxwoo/21EF1A6A9139C9FD2A38E59AFB466F9A_2608/INPUTFILES/data_1557176211.root
Running: cp /star/data01/pwg/xiatong/AMPT/14GeV/data_1558101831.root /tmp/maxwoo/21EF1A6A9139C9FD2A38E59AFB466F9A_2608/INPUTFILES/data_1558101831.root
Running: cp /star/data01/pwg/xiatong/AMPT/14GeV/data_1558101841.root /tmp/maxwoo/21EF1A6A9139C9FD2A38E59AFB466F9A_2608/INPUTFILES/data_1558101841.root
Running: cp /star/data01/pwg/xiatong/AMPT/14GeV/data_1558101861.root /tmp/maxwoo/21EF1A6A9139C9FD2A38E59AFB466F9A_2608/INPUTFILES/data_1558101861.root
Running: cp /star/data01/pwg/xiatong/AMPT/14GeV/data_1558101881.root /tmp/maxwoo/21EF1A6A9139C9FD2A38E59AFB466F9A_2608/INPUTFILES/data_1558101881.root
Running: cp /star/data01/pwg/xiatong/AMPT/14GeV/data_1558101891.root /tmp/maxwoo/21EF1A6A9139C9FD2A38E59AFB466F9A_2608/INPUTFILES/data_1558101891.root
Running: cp /star/data01/pwg/xiatong/AMPT/14GeV/data_1558105751.root /tmp/maxwoo/21EF1A6A9139C9FD2A38E59AFB466F9A_2608/INPUTFILES/data_1558105751.root
Running: cp /star/data01/pwg/xiatong/AMPT/14GeV/data_1558134021.root /tmp/maxwoo/21EF1A6A9139C9FD2A38E59AFB466F9A_2608/INPUTFILES/data_1558134021.root
Running: cp /star/data01/pwg/xiatong/AMPT/14GeV/data_1558136241.root /tmp/maxwoo/21EF1A6A9139C9FD2A38E59AFB466F9A_2608/INPUTFILES/data_1558136241.root
Running: cp /star/data01/pwg/xiatong/AMPT/14GeV/data_1558173781.root /tmp/maxwoo/21EF1A6A9139C9FD2A38E59AFB466F9A_2608/INPUTFILES/data_1558173781.root
Running: cp /star/data01/pwg/xiatong/AMPT/14GeV/data_1558173871.root /tmp/maxwoo/21EF1A6A9139C9FD2A38E59AFB466F9A_2608/INPUTFILES/data_1558173871.root
Running: cp /star/data01/pwg/xiatong/AMPT/14GeV/data_1558174031.root /tmp/maxwoo/21EF1A6A9139C9FD2A38E59AFB466F9A_2608/INPUTFILES/data_1558174031.root
Running: cp /star/data01/pwg/xiatong/AMPT/14GeV/data_1558174091.root /tmp/maxwoo/21EF1A6A9139C9FD2A38E59AFB466F9A_2608/INPUTFILES/data_1558174091.root
Running: cp /star/data01/pwg/xiatong/AMPT/14GeV/data_1558174351.root /tmp/maxwoo/21EF1A6A9139C9FD2A38E59AFB466F9A_2608/INPUTFILES/data_1558174351.root
Running: cp /star/data01/pwg/xiatong/AMPT/14GeV/data_1558174701.root /tmp/maxwoo/21EF1A6A9139C9FD2A38E59AFB466F9A_2608/INPUTFILES/data_1558174701.root
Running: cp /star/data01/pwg/xiatong/AMPT/14GeV/data_1558174991.root /tmp/maxwoo/21EF1A6A9139C9FD2A38E59AFB466F9A_2608/INPUTFILES/data_1558174991.root
Running: cp /star/data01/pwg/xiatong/AMPT/14GeV/data_1558176891.root /tmp/maxwoo/21EF1A6A9139C9FD2A38E59AFB466F9A_2608/INPUTFILES/data_1558176891.root
Running: cp /star/data01/pwg/xiatong/AMPT/14GeV/data_1558177111.root /tmp/maxwoo/21EF1A6A9139C9FD2A38E59AFB466F9A_2608/INPUTFILES/data_1558177111.root
Running: cp /star/data01/pwg/xiatong/AMPT/14GeV/data_1559101811.root /tmp/maxwoo/21EF1A6A9139C9FD2A38E59AFB466F9A_2608/INPUTFILES/data_1559101811.root
Running: cp /star/data01/pwg/xiatong/AMPT/14GeV/data_1559101821.root /tmp/maxwoo/21EF1A6A9139C9FD2A38E59AFB466F9A_2608/INPUTFILES/data_1559101821.root
Running: cp /star/data01/pwg/xiatong/AMPT/14GeV/data_1559173671.root /tmp/maxwoo/21EF1A6A9139C9FD2A38E59AFB466F9A_2608/INPUTFILES/data_1559173671.root
Running: cp /star/data01/pwg/xiatong/AMPT/14GeV/data_1559173741.root /tmp/maxwoo/21EF1A6A9139C9FD2A38E59AFB466F9A_2608/INPUTFILES/data_1559173741.root
Running: cp /star/data01/pwg/xiatong/AMPT/14GeV/data_1559173801.root /tmp/maxwoo/21EF1A6A9139C9FD2A38E59AFB466F9A_2608/INPUTFILES/data_1559173801.root
Running: cp /star/data01/pwg/xiatong/AMPT/14GeV/data_1559173811.root /tmp/maxwoo/21EF1A6A9139C9FD2A38E59AFB466F9A_2608/INPUTFILES/data_1559173811.root
Swapping $FILELIST with: /tmp/maxwoo/21EF1A6A9139C9FD2A38E59AFB466F9A_2608/INPUTFILES/21EF1A6A9139C9FD2A38E59AFB466F9A_2608.local.list
+++++++++++local copy debug++++++++++++++++++++
newFileList: /tmp/maxwoo/21EF1A6A9139C9FD2A38E59AFB466F9A_2608/INPUTFILES/21EF1A6A9139C9FD2A38E59AFB466F9A_2608.local.list
++++++++++++++++cat FILELIST+++++++++++++++++++
/tmp/maxwoo/21EF1A6A9139C9FD2A38E59AFB466F9A_2608/INPUTFILES/data_1557101851.root 
/tmp/maxwoo/21EF1A6A9139C9FD2A38E59AFB466F9A_2608/INPUTFILES/data_1557101871.root 
/tmp/maxwoo/21EF1A6A9139C9FD2A38E59AFB466F9A_2608/INPUTFILES/data_1557173931.root 
/tmp/maxwoo/21EF1A6A9139C9FD2A38E59AFB466F9A_2608/INPUTFILES/data_1557174111.root 
/tmp/maxwoo/21EF1A6A9139C9FD2A38E59AFB466F9A_2608/INPUTFILES/data_1557174181.root 
/tmp/maxwoo/21EF1A6A9139C9FD2A38E59AFB466F9A_2608/INPUTFILES/data_1557174191.root 
/tmp/maxwoo/21EF1A6A9139C9FD2A38E59AFB466F9A_2608/INPUTFILES/data_1557174201.root 
/tmp/maxwoo/21EF1A6A9139C9FD2A38E59AFB466F9A_2608/INPUTFILES/data_1557174221.root 
/tmp/maxwoo/21EF1A6A9139C9FD2A38E59AFB466F9A_2608/INPUTFILES/data_1557174231.root 
/tmp/maxwoo/21EF1A6A9139C9FD2A38E59AFB466F9A_2608/INPUTFILES/data_1557174321.root 
/tmp/maxwoo/21EF1A6A9139C9FD2A38E59AFB466F9A_2608/INPUTFILES/data_1557174451.root 
/tmp/maxwoo/21EF1A6A9139C9FD2A38E59AFB466F9A_2608/INPUTFILES/data_1557175231.root 
/tmp/maxwoo/21EF1A6A9139C9FD2A38E59AFB466F9A_2608/INPUTFILES/data_1557175521.root 
/tmp/maxwoo/21EF1A6A9139C9FD2A38E59AFB466F9A_2608/INPUTFILES/data_1557176211.root 
/tmp/maxwoo/21EF1A6A9139C9FD2A38E59AFB466F9A_2608/INPUTFILES/data_1558101831.root 
/tmp/maxwoo/21EF1A6A9139C9FD2A38E59AFB466F9A_2608/INPUTFILES/data_1558101841.root 
/tmp/maxwoo/21EF1A6A9139C9FD2A38E59AFB466F9A_2608/INPUTFILES/data_1558101861.root 
/tmp/maxwoo/21EF1A6A9139C9FD2A38E59AFB466F9A_2608/INPUTFILES/data_1558101881.root 
/tmp/maxwoo/21EF1A6A9139C9FD2A38E59AFB466F9A_2608/INPUTFILES/data_1558101891.root 
/tmp/maxwoo/21EF1A6A9139C9FD2A38E59AFB466F9A_2608/INPUTFILES/data_1558105751.root 
/tmp/maxwoo/21EF1A6A9139C9FD2A38E59AFB466F9A_2608/INPUTFILES/data_1558134021.root 
/tmp/maxwoo/21EF1A6A9139C9FD2A38E59AFB466F9A_2608/INPUTFILES/data_1558136241.root 
/tmp/maxwoo/21EF1A6A9139C9FD2A38E59AFB466F9A_2608/INPUTFILES/data_1558173781.root 
/tmp/maxwoo/21EF1A6A9139C9FD2A38E59AFB466F9A_2608/INPUTFILES/data_1558173871.root 
/tmp/maxwoo/21EF1A6A9139C9FD2A38E59AFB466F9A_2608/INPUTFILES/data_1558174031.root 
/tmp/maxwoo/21EF1A6A9139C9FD2A38E59AFB466F9A_2608/INPUTFILES/data_1558174091.root 
/tmp/maxwoo/21EF1A6A9139C9FD2A38E59AFB466F9A_2608/INPUTFILES/data_1558174351.root 
/tmp/maxwoo/21EF1A6A9139C9FD2A38E59AFB466F9A_2608/INPUTFILES/data_1558174701.root 
/tmp/maxwoo/21EF1A6A9139C9FD2A38E59AFB466F9A_2608/INPUTFILES/data_1558174991.root 
/tmp/maxwoo/21EF1A6A9139C9FD2A38E59AFB466F9A_2608/INPUTFILES/data_1558176891.root 
/tmp/maxwoo/21EF1A6A9139C9FD2A38E59AFB466F9A_2608/INPUTFILES/data_1558177111.root 
/tmp/maxwoo/21EF1A6A9139C9FD2A38E59AFB466F9A_2608/INPUTFILES/data_1559101811.root 
/tmp/maxwoo/21EF1A6A9139C9FD2A38E59AFB466F9A_2608/INPUTFILES/data_1559101821.root 
/tmp/maxwoo/21EF1A6A9139C9FD2A38E59AFB466F9A_2608/INPUTFILES/data_1559173671.root 
/tmp/maxwoo/21EF1A6A9139C9FD2A38E59AFB466F9A_2608/INPUTFILES/data_1559173741.root 
/tmp/maxwoo/21EF1A6A9139C9FD2A38E59AFB466F9A_2608/INPUTFILES/data_1559173801.root 
/tmp/maxwoo/21EF1A6A9139C9FD2A38E59AFB466F9A_2608/INPUTFILES/data_1559173811.root 
++++++++++++++++++++find.++++++++++++++++++++++
.
./INPUTFILES
./INPUTFILES/data_1558174091.root
./INPUTFILES/data_1558101841.root
./INPUTFILES/data_1557101871.root
./INPUTFILES/data_1558173781.root
./INPUTFILES/data_1557174321.root
./INPUTFILES/data_1558101831.root
./INPUTFILES/data_1558101861.root
./INPUTFILES/data_1558101881.root
./INPUTFILES/data_1558177111.root
./INPUTFILES/data_1558174701.root
./INPUTFILES/data_1557175231.root
./INPUTFILES/data_1557174111.root
./INPUTFILES/data_1558136241.root
./INPUTFILES/data_1559101811.root
./INPUTFILES/data_1558173871.root
./INPUTFILES/data_1557174451.root
./INPUTFILES/data_1557101851.root
./INPUTFILES/data_1557174191.root
./INPUTFILES/21EF1A6A9139C9FD2A38E59AFB466F9A_2608.local.list
./INPUTFILES/data_1559173741.root
./INPUTFILES/data_1558176891.root
./INPUTFILES/data_1558174991.root
./INPUTFILES/data_1557175521.root
./INPUTFILES/data_1557174201.root
./INPUTFILES/data_1559101821.root
./INPUTFILES/data_1558134021.root
./INPUTFILES/data_1557174231.root
./INPUTFILES/data_1557174181.root
./INPUTFILES/data_1558101891.root
./INPUTFILES/data_1559173811.root
./INPUTFILES/data_1557176211.root
./INPUTFILES/data_1558174031.root
./INPUTFILES/data_1558105751.root
./INPUTFILES/data_1557174221.root
./INPUTFILES/data_1559173671.root
./INPUTFILES/data_1559173801.root
./INPUTFILES/data_1558174351.root
./INPUTFILES/data_1557173931.root
./lib
./lib/CenMaker_cpp.d
./lib/my_event_cpp_ACLiC_dict_rdict.pcm
./lib/my_particle.h
./lib/my_event.cpp
./lib/my_particle_cpp.so
./lib/my_event_cpp.so
./lib/MixedBuffer.cpp
./lib/MixedBuffer_cpp.so
./lib/my_event.h
./lib/CenMaker.cpp
./lib/MixedBuffer_cpp.d
./lib/MixedBuffer.h
./lib/NpartNormalizer.h
./lib/CenMaker_cpp.so
./lib/NpartNormalizer_cpp.so
./lib/NpartNormalizer.cpp
./lib/CenMaker.h
./lib/MixedBuffer_cpp_ACLiC_dict_rdict.pcm
./lib/NpartNormalizer_cpp.d
./lib/my_particle.cpp
./lib/my_event_cpp.d
./lib/my_particle_cpp.d
./lib/my_particle_cpp_ACLiC_dict_rdict.pcm
./lib/CenMaker_cpp_ACLiC_dict_rdict.pcm
./lib/NpartNormalizer_cpp_ACLiC_dict_rdict.pcm
./check_S.C
./.errror.log
./.output.log
./.sandboxFiles
./Check_Sness.C
++++++++++++++++INPUTFILE Var++++++++++++++++++
FILELIST=/tmp/maxwoo/21EF1A6A9139C9FD2A38E59AFB466F9A_2608/INPUTFILES/21EF1A6A9139C9FD2A38E59AFB466F9A_2608.local.list
INPUTFILECOUNT=37
INPUTFILE0=/tmp/maxwoo/21EF1A6A9139C9FD2A38E59AFB466F9A_2608/INPUTFILES/data_1557101851.root
INPUTFILE1=/tmp/maxwoo/21EF1A6A9139C9FD2A38E59AFB466F9A_2608/INPUTFILES/data_1557101871.root
INPUTFILE2=/tmp/maxwoo/21EF1A6A9139C9FD2A38E59AFB466F9A_2608/INPUTFILES/data_1557173931.root
INPUTFILE3=/tmp/maxwoo/21EF1A6A9139C9FD2A38E59AFB466F9A_2608/INPUTFILES/data_1557174111.root
INPUTFILE4=/tmp/maxwoo/21EF1A6A9139C9FD2A38E59AFB466F9A_2608/INPUTFILES/data_1557174181.root
INPUTFILE5=/tmp/maxwoo/21EF1A6A9139C9FD2A38E59AFB466F9A_2608/INPUTFILES/data_1557174191.root
INPUTFILE6=/tmp/maxwoo/21EF1A6A9139C9FD2A38E59AFB466F9A_2608/INPUTFILES/data_1557174201.root
INPUTFILE7=/tmp/maxwoo/21EF1A6A9139C9FD2A38E59AFB466F9A_2608/INPUTFILES/data_1557174221.root
INPUTFILE8=/tmp/maxwoo/21EF1A6A9139C9FD2A38E59AFB466F9A_2608/INPUTFILES/data_1557174231.root
INPUTFILE9=/tmp/maxwoo/21EF1A6A9139C9FD2A38E59AFB466F9A_2608/INPUTFILES/data_1557174321.root
INPUTFILE10=/tmp/maxwoo/21EF1A6A9139C9FD2A38E59AFB466F9A_2608/INPUTFILES/data_1557174451.root
INPUTFILE11=/tmp/maxwoo/21EF1A6A9139C9FD2A38E59AFB466F9A_2608/INPUTFILES/data_1557175231.root
INPUTFILE12=/tmp/maxwoo/21EF1A6A9139C9FD2A38E59AFB466F9A_2608/INPUTFILES/data_1557175521.root
INPUTFILE13=/tmp/maxwoo/21EF1A6A9139C9FD2A38E59AFB466F9A_2608/INPUTFILES/data_1557176211.root
INPUTFILE14=/tmp/maxwoo/21EF1A6A9139C9FD2A38E59AFB466F9A_2608/INPUTFILES/data_1558101831.root
INPUTFILE15=/tmp/maxwoo/21EF1A6A9139C9FD2A38E59AFB466F9A_2608/INPUTFILES/data_1558101841.root
INPUTFILE16=/tmp/maxwoo/21EF1A6A9139C9FD2A38E59AFB466F9A_2608/INPUTFILES/data_1558101861.root
INPUTFILE17=/tmp/maxwoo/21EF1A6A9139C9FD2A38E59AFB466F9A_2608/INPUTFILES/data_1558101881.root
INPUTFILE18=/tmp/maxwoo/21EF1A6A9139C9FD2A38E59AFB466F9A_2608/INPUTFILES/data_1558101891.root
INPUTFILE19=/tmp/maxwoo/21EF1A6A9139C9FD2A38E59AFB466F9A_2608/INPUTFILES/data_1558105751.root
INPUTFILE20=/tmp/maxwoo/21EF1A6A9139C9FD2A38E59AFB466F9A_2608/INPUTFILES/data_1558134021.root
INPUTFILE21=/tmp/maxwoo/21EF1A6A9139C9FD2A38E59AFB466F9A_2608/INPUTFILES/data_1558136241.root
INPUTFILE22=/tmp/maxwoo/21EF1A6A9139C9FD2A38E59AFB466F9A_2608/INPUTFILES/data_1558173781.root
INPUTFILE23=/tmp/maxwoo/21EF1A6A9139C9FD2A38E59AFB466F9A_2608/INPUTFILES/data_1558173871.root
INPUTFILE24=/tmp/maxwoo/21EF1A6A9139C9FD2A38E59AFB466F9A_2608/INPUTFILES/data_1558174031.root
INPUTFILE25=/tmp/maxwoo/21EF1A6A9139C9FD2A38E59AFB466F9A_2608/INPUTFILES/data_1558174091.root
INPUTFILE26=/tmp/maxwoo/21EF1A6A9139C9FD2A38E59AFB466F9A_2608/INPUTFILES/data_1558174351.root
INPUTFILE27=/tmp/maxwoo/21EF1A6A9139C9FD2A38E59AFB466F9A_2608/INPUTFILES/data_1558174701.root
INPUTFILE28=/tmp/maxwoo/21EF1A6A9139C9FD2A38E59AFB466F9A_2608/INPUTFILES/data_1558174991.root
INPUTFILE29=/tmp/maxwoo/21EF1A6A9139C9FD2A38E59AFB466F9A_2608/INPUTFILES/data_1558176891.root
INPUTFILE30=/tmp/maxwoo/21EF1A6A9139C9FD2A38E59AFB466F9A_2608/INPUTFILES/data_1558177111.root
INPUTFILE31=/tmp/maxwoo/21EF1A6A9139C9FD2A38E59AFB466F9A_2608/INPUTFILES/data_1559101811.root
INPUTFILE32=/tmp/maxwoo/21EF1A6A9139C9FD2A38E59AFB466F9A_2608/INPUTFILES/data_1559101821.root
INPUTFILE33=/tmp/maxwoo/21EF1A6A9139C9FD2A38E59AFB466F9A_2608/INPUTFILES/data_1559173671.root
INPUTFILE34=/tmp/maxwoo/21EF1A6A9139C9FD2A38E59AFB466F9A_2608/INPUTFILES/data_1559173741.root
INPUTFILE35=/tmp/maxwoo/21EF1A6A9139C9FD2A38E59AFB466F9A_2608/INPUTFILES/data_1559173801.root
INPUTFILE36=/tmp/maxwoo/21EF1A6A9139C9FD2A38E59AFB466F9A_2608/INPUTFILES/data_1559173811.root
LocalInputFileDir=/tmp/maxwoo/21EF1A6A9139C9FD2A38E59AFB466F9A_2608/INPUTFILES
NewFILELIST=/tmp/maxwoo/21EF1A6A9139C9FD2A38E59AFB466F9A_2608/INPUTFILES/21EF1A6A9139C9FD2A38E59AFB466F9A_2608.local.list
+++++++++++++++++++++++++++++++++++++++++++++++
--------------------------------
Simple Unified Meta Scheduler 1.10.50 we are starting in $SCRATCH : /home/tmp/maxwoo/21EF1A6A9139C9FD2A38E59AFB466F9A_2608
--------------------------------
total 16
lrwxrwxrwx 1 maxwoo rhstar   61 Jun  2 10:58 check_S.C -> /gpfs/mnt/gpfs01/star/pwg/xiatong/git/strangeness/./check_S.C
lrwxrwxrwx 1 maxwoo rhstar   65 Jun  2 10:57 Check_Sness.C -> /gpfs/mnt/gpfs01/star/pwg/xiatong/git/strangeness/./Check_Sness.C
drwxr-xr-x 2 maxwoo rhstar 4096 Jun  2 10:59 INPUTFILES
drwxr-xr-x 2 maxwoo rhstar 4096 Jun  2 10:58 lib
  *******************************************
  *                                         *
  *        W E L C O M E  to  R O O T       *
  *                                         *
  *   Version   5.34/38     12 March 2018   *
  *                                         *
  *  You are welcome to visit our Web site  *
  *          http://root.cern.ch            *
  *                                         *
  *******************************************

ROOT 5.34/38 (v5-34-38@v5-34-38, Mar 12 2018, 15:49:39 on linux)

CINT/ROOT C/C++ Interpreter version 5.18.00, July 2, 2010
Type ? for help. Commands must be C++ statements.
Enclose multiple statements between { }.
*** Float Point Exception is OFF ***
 *** Start at Date : Thu Jun  2 10:59:44 2022
QAInfo:You are using STAR_LEVEL : dev, ROOT_LEVEL : 5.34.38 and node : rcas2010.rcf.bnl.gov 

Processing check_S.C++("/tmp/maxwoo/21EF1A6A9139C9FD2A38E59AFB466F9A_2608/INPUTFILES/21EF1A6A9139C9FD2A38E59AFB466F9A_2608.local.list","21EF1A6A9139C9FD2A38E59AFB466F9A_2608",1)...
/tmp/maxwoo/21EF1A6A9139C9FD2A38E59AFB466F9A_2608/INPUTFILES/data_1557101851.root 
/tmp/maxwoo/21EF1A6A9139C9FD2A38E59AFB466F9A_2608/INPUTFILES/data_1557101871.root 
/tmp/maxwoo/21EF1A6A9139C9FD2A38E59AFB466F9A_2608/INPUTFILES/data_1557173931.root 
/tmp/maxwoo/21EF1A6A9139C9FD2A38E59AFB466F9A_2608/INPUTFILES/data_1557174111.root 
/tmp/maxwoo/21EF1A6A9139C9FD2A38E59AFB466F9A_2608/INPUTFILES/data_1557174181.root 
/tmp/maxwoo/21EF1A6A9139C9FD2A38E59AFB466F9A_2608/INPUTFILES/data_1557174191.root 
/tmp/maxwoo/21EF1A6A9139C9FD2A38E59AFB466F9A_2608/INPUTFILES/data_1557174201.root 
/tmp/maxwoo/21EF1A6A9139C9FD2A38E59AFB466F9A_2608/INPUTFILES/data_1557174221.root 
/tmp/maxwoo/21EF1A6A9139C9FD2A38E59AFB466F9A_2608/INPUTFILES/data_1557174231.root 
/tmp/maxwoo/21EF1A6A9139C9FD2A38E59AFB466F9A_2608/INPUTFILES/data_1557174321.root 
/tmp/maxwoo/21EF1A6A9139C9FD2A38E59AFB466F9A_2608/INPUTFILES/data_1557174451.root 
/tmp/maxwoo/21EF1A6A9139C9FD2A38E59AFB466F9A_2608/INPUTFILES/data_1557175231.root 
/tmp/maxwoo/21EF1A6A9139C9FD2A38E59AFB466F9A_2608/INPUTFILES/data_1557175521.root 
/tmp/maxwoo/21EF1A6A9139C9FD2A38E59AFB466F9A_2608/INPUTFILES/data_1557176211.root 
/tmp/maxwoo/21EF1A6A9139C9FD2A38E59AFB466F9A_2608/INPUTFILES/data_1558101831.root 
/tmp/maxwoo/21EF1A6A9139C9FD2A38E59AFB466F9A_2608/INPUTFILES/data_1558101841.root 
/tmp/maxwoo/21EF1A6A9139C9FD2A38E59AFB466F9A_2608/INPUTFILES/data_1558101861.root 
/tmp/maxwoo/21EF1A6A9139C9FD2A38E59AFB466F9A_2608/INPUTFILES/data_1558101881.root 
/tmp/maxwoo/21EF1A6A9139C9FD2A38E59AFB466F9A_2608/INPUTFILES/data_1558101891.root 
/tmp/maxwoo/21EF1A6A9139C9FD2A38E59AFB466F9A_2608/INPUTFILES/data_1558105751.root 
/tmp/maxwoo/21EF1A6A9139C9FD2A38E59AFB466F9A_2608/INPUTFILES/data_1558134021.root 
/tmp/maxwoo/21EF1A6A9139C9FD2A38E59AFB466F9A_2608/INPUTFILES/data_1558136241.root 
/tmp/maxwoo/21EF1A6A9139C9FD2A38E59AFB466F9A_2608/INPUTFILES/data_1558173781.root 
/tmp/maxwoo/21EF1A6A9139C9FD2A38E59AFB466F9A_2608/INPUTFILES/data_1558173871.root 
/tmp/maxwoo/21EF1A6A9139C9FD2A38E59AFB466F9A_2608/INPUTFILES/data_1558174031.root 
/tmp/maxwoo/21EF1A6A9139C9FD2A38E59AFB466F9A_2608/INPUTFILES/data_1558174091.root 
/tmp/maxwoo/21EF1A6A9139C9FD2A38E59AFB466F9A_2608/INPUTFILES/data_1558174351.root 
/tmp/maxwoo/21EF1A6A9139C9FD2A38E59AFB466F9A_2608/INPUTFILES/data_1558174701.root 
/tmp/maxwoo/21EF1A6A9139C9FD2A38E59AFB466F9A_2608/INPUTFILES/data_1558174991.root 
/tmp/maxwoo/21EF1A6A9139C9FD2A38E59AFB466F9A_2608/INPUTFILES/data_1558176891.root 
/tmp/maxwoo/21EF1A6A9139C9FD2A38E59AFB466F9A_2608/INPUTFILES/data_1558177111.root 
/tmp/maxwoo/21EF1A6A9139C9FD2A38E59AFB466F9A_2608/INPUTFILES/data_1559101811.root 
/tmp/maxwoo/21EF1A6A9139C9FD2A38E59AFB466F9A_2608/INPUTFILES/data_1559101821.root 
/tmp/maxwoo/21EF1A6A9139C9FD2A38E59AFB466F9A_2608/INPUTFILES/data_1559173671.root 
/tmp/maxwoo/21EF1A6A9139C9FD2A38E59AFB466F9A_2608/INPUTFILES/data_1559173741.root 
/tmp/maxwoo/21EF1A6A9139C9FD2A38E59AFB466F9A_2608/INPUTFILES/data_1559173801.root 
/tmp/maxwoo/21EF1A6A9139C9FD2A38E59AFB466F9A_2608/INPUTFILES/data_1559173811.root 
Added 37 files
# entries in chain: 36116
Processing entry == 1000 == out of 36116.
Processing entry == 2000 == out of 36116.
Processing entry == 3000 == out of 36116.
Processing entry == 4000 == out of 36116.
Processing entry == 5000 == out of 36116.
Processing entry == 6000 == out of 36116.
Processing entry == 7000 == out of 36116.
Processing entry == 8000 == out of 36116.
Processing entry == 9000 == out of 36116.
Processing entry == 10000 == out of 36116.
Processing entry == 11000 == out of 36116.
Processing entry == 12000 == out of 36116.
Processing entry == 13000 == out of 36116.
Processing entry == 14000 == out of 36116.
Processing entry == 15000 == out of 36116.
Processing entry == 16000 == out of 36116.
Processing entry == 17000 == out of 36116.
Processing entry == 18000 == out of 36116.
Processing entry == 19000 == out of 36116.
Processing entry == 20000 == out of 36116.
Processing entry == 21000 == out of 36116.
Processing entry == 22000 == out of 36116.
Processing entry == 23000 == out of 36116.
Processing entry == 24000 == out of 36116.
Processing entry == 25000 == out of 36116.
Processing entry == 26000 == out of 36116.
Processing entry == 27000 == out of 36116.
Processing entry == 28000 == out of 36116.
Processing entry == 29000 == out of 36116.
Processing entry == 30000 == out of 36116.
Processing entry == 31000 == out of 36116.
Processing entry == 32000 == out of 36116.
Processing entry == 33000 == out of 36116.
Processing entry == 34000 == out of 36116.
Processing entry == 35000 == out of 36116.
Processing entry == 36000 == out of 36116.

This is the end of ROOT -- Goodbye

Cleaning up sandbox file:  /tmp/maxwoo/21EF1A6A9139C9FD2A38E59AFB466F9A_2608/check_S.C
Cleaning up sandbox file:  /tmp/maxwoo/21EF1A6A9139C9FD2A38E59AFB466F9A_2608/Check_Sness.C
Cleaning up sandbox file:  /tmp/maxwoo/21EF1A6A9139C9FD2A38E59AFB466F9A_2608/lib
Cleaning up sandbox file:  /tmp/maxwoo/21EF1A6A9139C9FD2A38E59AFB466F9A_2608/.sandboxFiles
Starting copy block
Running copy command:  /bin/cp -fp /tmp/maxwoo/21EF1A6A9139C9FD2A38E59AFB466F9A_2608/out_21EF1A6A9139C9FD2A38E59AFB466F9A_2608.root /star/data01/pwg/xiatong/git/strangeness/data/
43819 Execution of (/star/data01/pwg/xiatong/git/strangeness/script/sched21EF1A6A9139C9FD2A38E59AFB466F9A_2608.csh ) has ended, exiting normally
43819 We END on [Thu Jun  2 11:16:53 EDT 2022]
