We are starting on node: rcas2744.rcf.bnl.gov
HOME is not defined
Using getent method
HOME is now /star/u/maxwoo
11661 We will spawn ourselves (/star/data01/pwg/xiatong/git/strangeness/script/sched21EF1A6A9139C9FD2A38E59AFB466F9A_880.csh )
11661 We BEGIN on [Thu Jun  2 11:24:41 EDT 2022]
[1] 11858
11661 We are waiting for 11858 
11661 Grandchild PID is 12058 - found in 10 x 1 seconds
11661 Establishing first watcher   on    Thu Jun  2 11:24:51 EDT 2022
11661 Process tree is 11661 (main) -> 11858 (child) -> 12058 (grandchild)
F S   UID   PID  PPID  C PRI  NI ADDR SZ WCHAN  TTY        TIME CMD
0 D 100667 12058 11858  0 80   0 - 32311 cxiWai ?          0:00 cp /star/data01/pwg/xiatong/AMPT/14GeV/data_304530231.root /tmp/maxwoo/21EF1A6A9139C9FD2A38E59AFB466F9A_880/INPUTFILES/data_304530231.root
11661 Grandchild PID is 13742 - found in 30 x 2 seconds
11661 Grandchild to watch has changed on Thu Jun  2 11:25:33 EDT 2022
11661 Process tree is 11661 (main) -> 11858 (child) -> 13742 (grandchild)
F S   UID   PID  PPID  C PRI  NI ADDR SZ WCHAN  TTY        TIME CMD
0 D 100667 13742 11858  0 80   0 - 32311 cxiWai ?          0:00 cp /star/data01/pwg/xiatong/AMPT/14GeV/data_304530971.root /tmp/maxwoo/21EF1A6A9139C9FD2A38E59AFB466F9A_880/INPUTFILES/data_304530971.root
11661 Grandchild PID is 14351 - found in 40 x 2 seconds
11661 Grandchild to watch has changed on Thu Jun  2 11:25:54 EDT 2022
11661 Process tree is 11661 (main) -> 11858 (child) -> 14351 (grandchild)
F S   UID   PID  PPID  C PRI  NI ADDR SZ WCHAN  TTY        TIME CMD
0 D 100667 14351 11858  0 80   0 - 32311 cxiWai ?          0:00 cp /star/data01/pwg/xiatong/AMPT/14GeV/data_304556661.root /tmp/maxwoo/21EF1A6A9139C9FD2A38E59AFB466F9A_880/INPUTFILES/data_304556661.root
11661 Grandchild PID is 15717 - found in 50 x 2 seconds
11661 Grandchild to watch has changed on Thu Jun  2 11:26:14 EDT 2022
11661 Process tree is 11661 (main) -> 11858 (child) -> 15717 (grandchild)
F S   UID   PID  PPID  C PRI  NI ADDR SZ WCHAN  TTY        TIME CMD
0 D 100667 15717 11858  0 80   0 - 32311 cxiWai ?          0:00 cp /star/data01/pwg/xiatong/AMPT/14GeV/data_304556691.root /tmp/maxwoo/21EF1A6A9139C9FD2A38E59AFB466F9A_880/INPUTFILES/data_304556691.root
11661 Grandchild PID is 17190 - found in 70 x 2 seconds
11661 Grandchild to watch has changed on Thu Jun  2 11:26:56 EDT 2022
11661 Process tree is 11661 (main) -> 11858 (child) -> 17190 (grandchild)
F S   UID   PID  PPID  C PRI  NI ADDR SZ WCHAN  TTY        TIME CMD
0 D 100667 17190 11858  0 80   0 - 32311 cxiWai ?          0:00 cp /star/data01/pwg/xiatong/AMPT/14GeV/data_304556741.root /tmp/maxwoo/21EF1A6A9139C9FD2A38E59AFB466F9A_880/INPUTFILES/data_304556741.root
11661 Grandchild PID is 17662 - found in 80 x 2 seconds
11661 Grandchild to watch has changed on Thu Jun  2 11:27:17 EDT 2022
11661 Process tree is 11661 (main) -> 11858 (child) -> 17662 (grandchild)
F S   UID   PID  PPID  C PRI  NI ADDR SZ WCHAN  TTY        TIME CMD
0 D 100667 17662 11858  0 80   0 - 32311 cxiWai ?          0:00 cp /star/data01/pwg/xiatong/AMPT/14GeV/data_304556881.root /tmp/maxwoo/21EF1A6A9139C9FD2A38E59AFB466F9A_880/INPUTFILES/data_304556881.root
11661 Grandchild PID is 18536 - found in 90 x 2 seconds
11661 Grandchild to watch has changed on Thu Jun  2 11:27:37 EDT 2022
11661 Process tree is 11661 (main) -> 11858 (child) -> 18536 (grandchild)
F S   UID   PID  PPID  C PRI  NI ADDR SZ WCHAN  TTY        TIME CMD
0 D 100667 18536 11858  0 80   0 - 32311 cxiWai ?          0:00 cp /star/data01/pwg/xiatong/AMPT/14GeV/data_304561991.root /tmp/maxwoo/21EF1A6A9139C9FD2A38E59AFB466F9A_880/INPUTFILES/data_304561991.root
11661 Grandchild PID is 20000 - found in 110 x 2 seconds
11661 Grandchild to watch has changed on Thu Jun  2 11:28:19 EDT 2022
11661 Process tree is 11661 (main) -> 11858 (child) -> 20000 (grandchild)
F S   UID   PID  PPID  C PRI  NI ADDR SZ WCHAN  TTY        TIME CMD
0 D 100667 20000 11858  0 80   0 - 32311 cxiWai ?          0:00 cp /star/data01/pwg/xiatong/AMPT/14GeV/data_304562011.root /tmp/maxwoo/21EF1A6A9139C9FD2A38E59AFB466F9A_880/INPUTFILES/data_304562011.root
11661 Grandchild PID is 21734 - found in 130 x 2 seconds
11661 Grandchild to watch has changed on Thu Jun  2 11:29:00 EDT 2022
11661 Process tree is 11661 (main) -> 11858 (child) -> 21734 (grandchild)
F S   UID   PID  PPID  C PRI  NI ADDR SZ WCHAN  TTY        TIME CMD
0 D 100667 21734 11858  0 80   0 - 32311 cxiWai ?          0:00 cp /star/data01/pwg/xiatong/AMPT/14GeV/data_304562041.root /tmp/maxwoo/21EF1A6A9139C9FD2A38E59AFB466F9A_880/INPUTFILES/data_304562041.root
11661 Grandchild PID is 22596 - found in 140 x 2 seconds
11661 Grandchild to watch has changed on Thu Jun  2 11:29:21 EDT 2022
11661 Process tree is 11661 (main) -> 11858 (child) -> 22596 (grandchild)
F S   UID   PID  PPID  C PRI  NI ADDR SZ WCHAN  TTY        TIME CMD
0 D 100667 22596 11858  0 80   0 - 32311 cxiWai ?          0:00 cp /star/data01/pwg/xiatong/AMPT/14GeV/data_304562081.root /tmp/maxwoo/21EF1A6A9139C9FD2A38E59AFB466F9A_880/INPUTFILES/data_304562081.root
11661 Grandchild PID is 23255 - found in 150 x 2 seconds
11661 Grandchild to watch has changed on Thu Jun  2 11:29:42 EDT 2022
11661 Process tree is 11661 (main) -> 11858 (child) -> 23255 (grandchild)
F S   UID   PID  PPID  C PRI  NI ADDR SZ WCHAN  TTY        TIME CMD
0 D 100667 23255 11858  0 80   0 - 32311 cxiWai ?          0:00 cp /star/data01/pwg/xiatong/AMPT/14GeV/data_304562091.root /tmp/maxwoo/21EF1A6A9139C9FD2A38E59AFB466F9A_880/INPUTFILES/data_304562091.root
11661 Grandchild PID is 23943 - found in 160 x 2 seconds
11661 Grandchild to watch has changed on Thu Jun  2 11:30:02 EDT 2022
11661 Process tree is 11661 (main) -> 11858 (child) -> 23943 (grandchild)
F S   UID   PID  PPID  C PRI  NI ADDR SZ WCHAN  TTY        TIME CMD
0 D 100667 23943 11858  0 80   0 - 32311 cxiWai ?          0:00 cp /star/data01/pwg/xiatong/AMPT/14GeV/data_304562171.root /tmp/maxwoo/21EF1A6A9139C9FD2A38E59AFB466F9A_880/INPUTFILES/data_304562171.root
11661 Grandchild PID is 24764 - found in 170 x 2 seconds
11661 Grandchild to watch has changed on Thu Jun  2 11:30:23 EDT 2022
11661 Process tree is 11661 (main) -> 11858 (child) -> 24764 (grandchild)
F S   UID   PID  PPID  C PRI  NI ADDR SZ WCHAN  TTY        TIME CMD
0 S 100667 24764 11858  0 80   0 -  1272 do_wai ?          0:00 root -b -q check_S.C++("/tmp/maxwoo/21EF1A6A9139C9FD2A38E59AFB466F9A_880/INPUTFILES/21EF1A6A9139C9FD2A38E59AFB466F9A_880.local.list","21EF1A6A9139C9FD2A38E59AFB466F9A_880",1)
11858 Stepping into the main SUMS wrapper program with []
.... building sandbox
Running: cp /star/data01/pwg/xiatong/AMPT/14GeV/data_304518951.root /tmp/maxwoo/21EF1A6A9139C9FD2A38E59AFB466F9A_880/INPUTFILES/data_304518951.root
Running: cp /star/data01/pwg/xiatong/AMPT/14GeV/data_304530231.root /tmp/maxwoo/21EF1A6A9139C9FD2A38E59AFB466F9A_880/INPUTFILES/data_304530231.root
Running: cp /star/data01/pwg/xiatong/AMPT/14GeV/data_304530381.root /tmp/maxwoo/21EF1A6A9139C9FD2A38E59AFB466F9A_880/INPUTFILES/data_304530381.root
Running: cp /star/data01/pwg/xiatong/AMPT/14GeV/data_304530611.root /tmp/maxwoo/21EF1A6A9139C9FD2A38E59AFB466F9A_880/INPUTFILES/data_304530611.root
Running: cp /star/data01/pwg/xiatong/AMPT/14GeV/data_304530891.root /tmp/maxwoo/21EF1A6A9139C9FD2A38E59AFB466F9A_880/INPUTFILES/data_304530891.root
Running: cp /star/data01/pwg/xiatong/AMPT/14GeV/data_304530971.root /tmp/maxwoo/21EF1A6A9139C9FD2A38E59AFB466F9A_880/INPUTFILES/data_304530971.root
Running: cp /star/data01/pwg/xiatong/AMPT/14GeV/data_304546041.root /tmp/maxwoo/21EF1A6A9139C9FD2A38E59AFB466F9A_880/INPUTFILES/data_304546041.root
Running: cp /star/data01/pwg/xiatong/AMPT/14GeV/data_304556541.root /tmp/maxwoo/21EF1A6A9139C9FD2A38E59AFB466F9A_880/INPUTFILES/data_304556541.root
Running: cp /star/data01/pwg/xiatong/AMPT/14GeV/data_304556641.root /tmp/maxwoo/21EF1A6A9139C9FD2A38E59AFB466F9A_880/INPUTFILES/data_304556641.root
Running: cp /star/data01/pwg/xiatong/AMPT/14GeV/data_304556661.root /tmp/maxwoo/21EF1A6A9139C9FD2A38E59AFB466F9A_880/INPUTFILES/data_304556661.root
Running: cp /star/data01/pwg/xiatong/AMPT/14GeV/data_304556671.root /tmp/maxwoo/21EF1A6A9139C9FD2A38E59AFB466F9A_880/INPUTFILES/data_304556671.root
Running: cp /star/data01/pwg/xiatong/AMPT/14GeV/data_304556691.root /tmp/maxwoo/21EF1A6A9139C9FD2A38E59AFB466F9A_880/INPUTFILES/data_304556691.root
Running: cp /star/data01/pwg/xiatong/AMPT/14GeV/data_304556701.root /tmp/maxwoo/21EF1A6A9139C9FD2A38E59AFB466F9A_880/INPUTFILES/data_304556701.root
Running: cp /star/data01/pwg/xiatong/AMPT/14GeV/data_304556711.root /tmp/maxwoo/21EF1A6A9139C9FD2A38E59AFB466F9A_880/INPUTFILES/data_304556711.root
Running: cp /star/data01/pwg/xiatong/AMPT/14GeV/data_304556741.root /tmp/maxwoo/21EF1A6A9139C9FD2A38E59AFB466F9A_880/INPUTFILES/data_304556741.root
Running: cp /star/data01/pwg/xiatong/AMPT/14GeV/data_304556871.root /tmp/maxwoo/21EF1A6A9139C9FD2A38E59AFB466F9A_880/INPUTFILES/data_304556871.root
Running: cp /star/data01/pwg/xiatong/AMPT/14GeV/data_304556881.root /tmp/maxwoo/21EF1A6A9139C9FD2A38E59AFB466F9A_880/INPUTFILES/data_304556881.root
Running: cp /star/data01/pwg/xiatong/AMPT/14GeV/data_304561921.root /tmp/maxwoo/21EF1A6A9139C9FD2A38E59AFB466F9A_880/INPUTFILES/data_304561921.root
Running: cp /star/data01/pwg/xiatong/AMPT/14GeV/data_304561951.root /tmp/maxwoo/21EF1A6A9139C9FD2A38E59AFB466F9A_880/INPUTFILES/data_304561951.root
Running: cp /star/data01/pwg/xiatong/AMPT/14GeV/data_304561961.root /tmp/maxwoo/21EF1A6A9139C9FD2A38E59AFB466F9A_880/INPUTFILES/data_304561961.root
Running: cp /star/data01/pwg/xiatong/AMPT/14GeV/data_304561981.root /tmp/maxwoo/21EF1A6A9139C9FD2A38E59AFB466F9A_880/INPUTFILES/data_304561981.root
Running: cp /star/data01/pwg/xiatong/AMPT/14GeV/data_304561991.root /tmp/maxwoo/21EF1A6A9139C9FD2A38E59AFB466F9A_880/INPUTFILES/data_304561991.root
Running: cp /star/data01/pwg/xiatong/AMPT/14GeV/data_304562001.root /tmp/maxwoo/21EF1A6A9139C9FD2A38E59AFB466F9A_880/INPUTFILES/data_304562001.root
Running: cp /star/data01/pwg/xiatong/AMPT/14GeV/data_304562011.root /tmp/maxwoo/21EF1A6A9139C9FD2A38E59AFB466F9A_880/INPUTFILES/data_304562011.root
Running: cp /star/data01/pwg/xiatong/AMPT/14GeV/data_304562041.root /tmp/maxwoo/21EF1A6A9139C9FD2A38E59AFB466F9A_880/INPUTFILES/data_304562041.root
Running: cp /star/data01/pwg/xiatong/AMPT/14GeV/data_304562051.root /tmp/maxwoo/21EF1A6A9139C9FD2A38E59AFB466F9A_880/INPUTFILES/data_304562051.root
Running: cp /star/data01/pwg/xiatong/AMPT/14GeV/data_304562061.root /tmp/maxwoo/21EF1A6A9139C9FD2A38E59AFB466F9A_880/INPUTFILES/data_304562061.root
Running: cp /star/data01/pwg/xiatong/AMPT/14GeV/data_304562071.root /tmp/maxwoo/21EF1A6A9139C9FD2A38E59AFB466F9A_880/INPUTFILES/data_304562071.root
Running: cp /star/data01/pwg/xiatong/AMPT/14GeV/data_304562081.root /tmp/maxwoo/21EF1A6A9139C9FD2A38E59AFB466F9A_880/INPUTFILES/data_304562081.root
Running: cp /star/data01/pwg/xiatong/AMPT/14GeV/data_304562091.root /tmp/maxwoo/21EF1A6A9139C9FD2A38E59AFB466F9A_880/INPUTFILES/data_304562091.root
Running: cp /star/data01/pwg/xiatong/AMPT/14GeV/data_304562101.root /tmp/maxwoo/21EF1A6A9139C9FD2A38E59AFB466F9A_880/INPUTFILES/data_304562101.root
Running: cp /star/data01/pwg/xiatong/AMPT/14GeV/data_304562111.root /tmp/maxwoo/21EF1A6A9139C9FD2A38E59AFB466F9A_880/INPUTFILES/data_304562111.root
Running: cp /star/data01/pwg/xiatong/AMPT/14GeV/data_304562121.root /tmp/maxwoo/21EF1A6A9139C9FD2A38E59AFB466F9A_880/INPUTFILES/data_304562121.root
Running: cp /star/data01/pwg/xiatong/AMPT/14GeV/data_304562161.root /tmp/maxwoo/21EF1A6A9139C9FD2A38E59AFB466F9A_880/INPUTFILES/data_304562161.root
Running: cp /star/data01/pwg/xiatong/AMPT/14GeV/data_304562171.root /tmp/maxwoo/21EF1A6A9139C9FD2A38E59AFB466F9A_880/INPUTFILES/data_304562171.root
Running: cp /star/data01/pwg/xiatong/AMPT/14GeV/data_304562191.root /tmp/maxwoo/21EF1A6A9139C9FD2A38E59AFB466F9A_880/INPUTFILES/data_304562191.root
Running: cp /star/data01/pwg/xiatong/AMPT/14GeV/data_304562281.root /tmp/maxwoo/21EF1A6A9139C9FD2A38E59AFB466F9A_880/INPUTFILES/data_304562281.root
Swapping $FILELIST with: /tmp/maxwoo/21EF1A6A9139C9FD2A38E59AFB466F9A_880/INPUTFILES/21EF1A6A9139C9FD2A38E59AFB466F9A_880.local.list
+++++++++++local copy debug++++++++++++++++++++
newFileList: /tmp/maxwoo/21EF1A6A9139C9FD2A38E59AFB466F9A_880/INPUTFILES/21EF1A6A9139C9FD2A38E59AFB466F9A_880.local.list
++++++++++++++++cat FILELIST+++++++++++++++++++
/tmp/maxwoo/21EF1A6A9139C9FD2A38E59AFB466F9A_880/INPUTFILES/data_304518951.root 
/tmp/maxwoo/21EF1A6A9139C9FD2A38E59AFB466F9A_880/INPUTFILES/data_304530231.root 
/tmp/maxwoo/21EF1A6A9139C9FD2A38E59AFB466F9A_880/INPUTFILES/data_304530381.root 
/tmp/maxwoo/21EF1A6A9139C9FD2A38E59AFB466F9A_880/INPUTFILES/data_304530611.root 
/tmp/maxwoo/21EF1A6A9139C9FD2A38E59AFB466F9A_880/INPUTFILES/data_304530891.root 
/tmp/maxwoo/21EF1A6A9139C9FD2A38E59AFB466F9A_880/INPUTFILES/data_304530971.root 
/tmp/maxwoo/21EF1A6A9139C9FD2A38E59AFB466F9A_880/INPUTFILES/data_304546041.root 
/tmp/maxwoo/21EF1A6A9139C9FD2A38E59AFB466F9A_880/INPUTFILES/data_304556541.root 
/tmp/maxwoo/21EF1A6A9139C9FD2A38E59AFB466F9A_880/INPUTFILES/data_304556641.root 
/tmp/maxwoo/21EF1A6A9139C9FD2A38E59AFB466F9A_880/INPUTFILES/data_304556661.root 
/tmp/maxwoo/21EF1A6A9139C9FD2A38E59AFB466F9A_880/INPUTFILES/data_304556671.root 
/tmp/maxwoo/21EF1A6A9139C9FD2A38E59AFB466F9A_880/INPUTFILES/data_304556691.root 
/tmp/maxwoo/21EF1A6A9139C9FD2A38E59AFB466F9A_880/INPUTFILES/data_304556701.root 
/tmp/maxwoo/21EF1A6A9139C9FD2A38E59AFB466F9A_880/INPUTFILES/data_304556711.root 
/tmp/maxwoo/21EF1A6A9139C9FD2A38E59AFB466F9A_880/INPUTFILES/data_304556741.root 
/tmp/maxwoo/21EF1A6A9139C9FD2A38E59AFB466F9A_880/INPUTFILES/data_304556871.root 
/tmp/maxwoo/21EF1A6A9139C9FD2A38E59AFB466F9A_880/INPUTFILES/data_304556881.root 
/tmp/maxwoo/21EF1A6A9139C9FD2A38E59AFB466F9A_880/INPUTFILES/data_304561921.root 
/tmp/maxwoo/21EF1A6A9139C9FD2A38E59AFB466F9A_880/INPUTFILES/data_304561951.root 
/tmp/maxwoo/21EF1A6A9139C9FD2A38E59AFB466F9A_880/INPUTFILES/data_304561961.root 
/tmp/maxwoo/21EF1A6A9139C9FD2A38E59AFB466F9A_880/INPUTFILES/data_304561981.root 
/tmp/maxwoo/21EF1A6A9139C9FD2A38E59AFB466F9A_880/INPUTFILES/data_304561991.root 
/tmp/maxwoo/21EF1A6A9139C9FD2A38E59AFB466F9A_880/INPUTFILES/data_304562001.root 
/tmp/maxwoo/21EF1A6A9139C9FD2A38E59AFB466F9A_880/INPUTFILES/data_304562011.root 
/tmp/maxwoo/21EF1A6A9139C9FD2A38E59AFB466F9A_880/INPUTFILES/data_304562041.root 
/tmp/maxwoo/21EF1A6A9139C9FD2A38E59AFB466F9A_880/INPUTFILES/data_304562051.root 
/tmp/maxwoo/21EF1A6A9139C9FD2A38E59AFB466F9A_880/INPUTFILES/data_304562061.root 
/tmp/maxwoo/21EF1A6A9139C9FD2A38E59AFB466F9A_880/INPUTFILES/data_304562071.root 
/tmp/maxwoo/21EF1A6A9139C9FD2A38E59AFB466F9A_880/INPUTFILES/data_304562081.root 
/tmp/maxwoo/21EF1A6A9139C9FD2A38E59AFB466F9A_880/INPUTFILES/data_304562091.root 
/tmp/maxwoo/21EF1A6A9139C9FD2A38E59AFB466F9A_880/INPUTFILES/data_304562101.root 
/tmp/maxwoo/21EF1A6A9139C9FD2A38E59AFB466F9A_880/INPUTFILES/data_304562111.root 
/tmp/maxwoo/21EF1A6A9139C9FD2A38E59AFB466F9A_880/INPUTFILES/data_304562121.root 
/tmp/maxwoo/21EF1A6A9139C9FD2A38E59AFB466F9A_880/INPUTFILES/data_304562161.root 
/tmp/maxwoo/21EF1A6A9139C9FD2A38E59AFB466F9A_880/INPUTFILES/data_304562171.root 
/tmp/maxwoo/21EF1A6A9139C9FD2A38E59AFB466F9A_880/INPUTFILES/data_304562191.root 
/tmp/maxwoo/21EF1A6A9139C9FD2A38E59AFB466F9A_880/INPUTFILES/data_304562281.root 
++++++++++++++++++++find.++++++++++++++++++++++
.
./check_S.C
./lib
./lib/MixedBuffer_cpp.so
./lib/my_particle_cpp.so
./lib/NpartNormalizer_cpp.so
./lib/CenMaker.h
./lib/CenMaker.cpp
./lib/NpartNormalizer_cpp.d
./lib/my_event.cpp
./lib/NpartNormalizer.h
./lib/my_event_cpp.so
./lib/CenMaker_cpp_ACLiC_dict_rdict.pcm
./lib/MixedBuffer_cpp.d
./lib/MixedBuffer.h
./lib/my_particle.cpp
./lib/NpartNormalizer.cpp
./lib/my_event_cpp_ACLiC_dict_rdict.pcm
./lib/MixedBuffer_cpp_ACLiC_dict_rdict.pcm
./lib/my_particle.h
./lib/CenMaker_cpp.d
./lib/NpartNormalizer_cpp_ACLiC_dict_rdict.pcm
./lib/MixedBuffer.cpp
./lib/my_event.h
./lib/my_particle_cpp.d
./lib/my_particle_cpp_ACLiC_dict_rdict.pcm
./lib/CenMaker_cpp.so
./lib/my_event_cpp.d
./.output.log
./.sandboxFiles
./.errror.log
./Check_Sness.C
./INPUTFILES
./INPUTFILES/data_304518951.root
./INPUTFILES/data_304562111.root
./INPUTFILES/data_304562281.root
./INPUTFILES/data_304530971.root
./INPUTFILES/data_304562061.root
./INPUTFILES/data_304556541.root
./INPUTFILES/data_304562121.root
./INPUTFILES/data_304530611.root
./INPUTFILES/data_304562001.root
./INPUTFILES/data_304562191.root
./INPUTFILES/data_304546041.root
./INPUTFILES/data_304561961.root
./INPUTFILES/data_304562091.root
./INPUTFILES/data_304556741.root
./INPUTFILES/data_304556671.root
./INPUTFILES/data_304556871.root
./INPUTFILES/data_304561921.root
./INPUTFILES/21EF1A6A9139C9FD2A38E59AFB466F9A_880.local.list
./INPUTFILES/data_304556661.root
./INPUTFILES/data_304556711.root
./INPUTFILES/data_304562041.root
./INPUTFILES/data_304530891.root
./INPUTFILES/data_304562081.root
./INPUTFILES/data_304562071.root
./INPUTFILES/data_304556691.root
./INPUTFILES/data_304562161.root
./INPUTFILES/data_304556701.root
./INPUTFILES/data_304530231.root
./INPUTFILES/data_304562171.root
./INPUTFILES/data_304561991.root
./INPUTFILES/data_304562101.root
./INPUTFILES/data_304530381.root
./INPUTFILES/data_304556881.root
./INPUTFILES/data_304561981.root
./INPUTFILES/data_304556641.root
./INPUTFILES/data_304562011.root
./INPUTFILES/data_304561951.root
./INPUTFILES/data_304562051.root
++++++++++++++++INPUTFILE Var++++++++++++++++++
FILELIST=/tmp/maxwoo/21EF1A6A9139C9FD2A38E59AFB466F9A_880/INPUTFILES/21EF1A6A9139C9FD2A38E59AFB466F9A_880.local.list
INPUTFILECOUNT=37
INPUTFILE0=/tmp/maxwoo/21EF1A6A9139C9FD2A38E59AFB466F9A_880/INPUTFILES/data_304518951.root
INPUTFILE1=/tmp/maxwoo/21EF1A6A9139C9FD2A38E59AFB466F9A_880/INPUTFILES/data_304530231.root
INPUTFILE2=/tmp/maxwoo/21EF1A6A9139C9FD2A38E59AFB466F9A_880/INPUTFILES/data_304530381.root
INPUTFILE3=/tmp/maxwoo/21EF1A6A9139C9FD2A38E59AFB466F9A_880/INPUTFILES/data_304530611.root
INPUTFILE4=/tmp/maxwoo/21EF1A6A9139C9FD2A38E59AFB466F9A_880/INPUTFILES/data_304530891.root
INPUTFILE5=/tmp/maxwoo/21EF1A6A9139C9FD2A38E59AFB466F9A_880/INPUTFILES/data_304530971.root
INPUTFILE6=/tmp/maxwoo/21EF1A6A9139C9FD2A38E59AFB466F9A_880/INPUTFILES/data_304546041.root
INPUTFILE7=/tmp/maxwoo/21EF1A6A9139C9FD2A38E59AFB466F9A_880/INPUTFILES/data_304556541.root
INPUTFILE8=/tmp/maxwoo/21EF1A6A9139C9FD2A38E59AFB466F9A_880/INPUTFILES/data_304556641.root
INPUTFILE9=/tmp/maxwoo/21EF1A6A9139C9FD2A38E59AFB466F9A_880/INPUTFILES/data_304556661.root
INPUTFILE10=/tmp/maxwoo/21EF1A6A9139C9FD2A38E59AFB466F9A_880/INPUTFILES/data_304556671.root
INPUTFILE11=/tmp/maxwoo/21EF1A6A9139C9FD2A38E59AFB466F9A_880/INPUTFILES/data_304556691.root
INPUTFILE12=/tmp/maxwoo/21EF1A6A9139C9FD2A38E59AFB466F9A_880/INPUTFILES/data_304556701.root
INPUTFILE13=/tmp/maxwoo/21EF1A6A9139C9FD2A38E59AFB466F9A_880/INPUTFILES/data_304556711.root
INPUTFILE14=/tmp/maxwoo/21EF1A6A9139C9FD2A38E59AFB466F9A_880/INPUTFILES/data_304556741.root
INPUTFILE15=/tmp/maxwoo/21EF1A6A9139C9FD2A38E59AFB466F9A_880/INPUTFILES/data_304556871.root
INPUTFILE16=/tmp/maxwoo/21EF1A6A9139C9FD2A38E59AFB466F9A_880/INPUTFILES/data_304556881.root
INPUTFILE17=/tmp/maxwoo/21EF1A6A9139C9FD2A38E59AFB466F9A_880/INPUTFILES/data_304561921.root
INPUTFILE18=/tmp/maxwoo/21EF1A6A9139C9FD2A38E59AFB466F9A_880/INPUTFILES/data_304561951.root
INPUTFILE19=/tmp/maxwoo/21EF1A6A9139C9FD2A38E59AFB466F9A_880/INPUTFILES/data_304561961.root
INPUTFILE20=/tmp/maxwoo/21EF1A6A9139C9FD2A38E59AFB466F9A_880/INPUTFILES/data_304561981.root
INPUTFILE21=/tmp/maxwoo/21EF1A6A9139C9FD2A38E59AFB466F9A_880/INPUTFILES/data_304561991.root
INPUTFILE22=/tmp/maxwoo/21EF1A6A9139C9FD2A38E59AFB466F9A_880/INPUTFILES/data_304562001.root
INPUTFILE23=/tmp/maxwoo/21EF1A6A9139C9FD2A38E59AFB466F9A_880/INPUTFILES/data_304562011.root
INPUTFILE24=/tmp/maxwoo/21EF1A6A9139C9FD2A38E59AFB466F9A_880/INPUTFILES/data_304562041.root
INPUTFILE25=/tmp/maxwoo/21EF1A6A9139C9FD2A38E59AFB466F9A_880/INPUTFILES/data_304562051.root
INPUTFILE26=/tmp/maxwoo/21EF1A6A9139C9FD2A38E59AFB466F9A_880/INPUTFILES/data_304562061.root
INPUTFILE27=/tmp/maxwoo/21EF1A6A9139C9FD2A38E59AFB466F9A_880/INPUTFILES/data_304562071.root
INPUTFILE28=/tmp/maxwoo/21EF1A6A9139C9FD2A38E59AFB466F9A_880/INPUTFILES/data_304562081.root
INPUTFILE29=/tmp/maxwoo/21EF1A6A9139C9FD2A38E59AFB466F9A_880/INPUTFILES/data_304562091.root
INPUTFILE30=/tmp/maxwoo/21EF1A6A9139C9FD2A38E59AFB466F9A_880/INPUTFILES/data_304562101.root
INPUTFILE31=/tmp/maxwoo/21EF1A6A9139C9FD2A38E59AFB466F9A_880/INPUTFILES/data_304562111.root
INPUTFILE32=/tmp/maxwoo/21EF1A6A9139C9FD2A38E59AFB466F9A_880/INPUTFILES/data_304562121.root
INPUTFILE33=/tmp/maxwoo/21EF1A6A9139C9FD2A38E59AFB466F9A_880/INPUTFILES/data_304562161.root
INPUTFILE34=/tmp/maxwoo/21EF1A6A9139C9FD2A38E59AFB466F9A_880/INPUTFILES/data_304562171.root
INPUTFILE35=/tmp/maxwoo/21EF1A6A9139C9FD2A38E59AFB466F9A_880/INPUTFILES/data_304562191.root
INPUTFILE36=/tmp/maxwoo/21EF1A6A9139C9FD2A38E59AFB466F9A_880/INPUTFILES/data_304562281.root
LocalInputFileDir=/tmp/maxwoo/21EF1A6A9139C9FD2A38E59AFB466F9A_880/INPUTFILES
NewFILELIST=/tmp/maxwoo/21EF1A6A9139C9FD2A38E59AFB466F9A_880/INPUTFILES/21EF1A6A9139C9FD2A38E59AFB466F9A_880.local.list
+++++++++++++++++++++++++++++++++++++++++++++++
--------------------------------
Simple Unified Meta Scheduler 1.10.50 we are starting in $SCRATCH : /home/tmp/maxwoo/21EF1A6A9139C9FD2A38E59AFB466F9A_880
--------------------------------
total 16
lrwxrwxrwx 1 maxwoo rhstar   61 Jun  2 11:24 check_S.C -> /gpfs/mnt/gpfs01/star/pwg/xiatong/git/strangeness/./check_S.C
lrwxrwxrwx 1 maxwoo rhstar   65 Jun  2 11:24 Check_Sness.C -> /gpfs/mnt/gpfs01/star/pwg/xiatong/git/strangeness/./Check_Sness.C
drwxr-xr-x 2 maxwoo rhstar 4096 Jun  2 11:30 INPUTFILES
drwxr-xr-x 2 maxwoo rhstar 4096 Jun  2 11:24 lib
  *******************************************
  *                                         *
  *        W E L C O M E  to  R O O T       *
  *                                         *
  *   Version   5.34/38     12 March 2018   *
  *                                         *
  *  You are welcome to visit our Web site  *
  *          http://root.cern.ch            *
  *                                         *
  *******************************************

ROOT 5.34/38 (v5-34-38@v5-34-38, Mar 12 2018, 15:49:39 on linux)

CINT/ROOT C/C++ Interpreter version 5.18.00, July 2, 2010
Type ? for help. Commands must be C++ statements.
Enclose multiple statements between { }.
*** Float Point Exception is OFF ***
 *** Start at Date : Thu Jun  2 11:30:05 2022
QAInfo:You are using STAR_LEVEL : dev, ROOT_LEVEL : 5.34.38 and node : rcas2744.rcf.bnl.gov 

Processing check_S.C++("/tmp/maxwoo/21EF1A6A9139C9FD2A38E59AFB466F9A_880/INPUTFILES/21EF1A6A9139C9FD2A38E59AFB466F9A_880.local.list","21EF1A6A9139C9FD2A38E59AFB466F9A_880",1)...
/tmp/maxwoo/21EF1A6A9139C9FD2A38E59AFB466F9A_880/INPUTFILES/data_304518951.root 
/tmp/maxwoo/21EF1A6A9139C9FD2A38E59AFB466F9A_880/INPUTFILES/data_304530231.root 
/tmp/maxwoo/21EF1A6A9139C9FD2A38E59AFB466F9A_880/INPUTFILES/data_304530381.root 
/tmp/maxwoo/21EF1A6A9139C9FD2A38E59AFB466F9A_880/INPUTFILES/data_304530611.root 
/tmp/maxwoo/21EF1A6A9139C9FD2A38E59AFB466F9A_880/INPUTFILES/data_304530891.root 
/tmp/maxwoo/21EF1A6A9139C9FD2A38E59AFB466F9A_880/INPUTFILES/data_304530971.root 
/tmp/maxwoo/21EF1A6A9139C9FD2A38E59AFB466F9A_880/INPUTFILES/data_304546041.root 
/tmp/maxwoo/21EF1A6A9139C9FD2A38E59AFB466F9A_880/INPUTFILES/data_304556541.root 
/tmp/maxwoo/21EF1A6A9139C9FD2A38E59AFB466F9A_880/INPUTFILES/data_304556641.root 
/tmp/maxwoo/21EF1A6A9139C9FD2A38E59AFB466F9A_880/INPUTFILES/data_304556661.root 
/tmp/maxwoo/21EF1A6A9139C9FD2A38E59AFB466F9A_880/INPUTFILES/data_304556671.root 
/tmp/maxwoo/21EF1A6A9139C9FD2A38E59AFB466F9A_880/INPUTFILES/data_304556691.root 
/tmp/maxwoo/21EF1A6A9139C9FD2A38E59AFB466F9A_880/INPUTFILES/data_304556701.root 
/tmp/maxwoo/21EF1A6A9139C9FD2A38E59AFB466F9A_880/INPUTFILES/data_304556711.root 
/tmp/maxwoo/21EF1A6A9139C9FD2A38E59AFB466F9A_880/INPUTFILES/data_304556741.root 
/tmp/maxwoo/21EF1A6A9139C9FD2A38E59AFB466F9A_880/INPUTFILES/data_304556871.root 
/tmp/maxwoo/21EF1A6A9139C9FD2A38E59AFB466F9A_880/INPUTFILES/data_304556881.root 
/tmp/maxwoo/21EF1A6A9139C9FD2A38E59AFB466F9A_880/INPUTFILES/data_304561921.root 
/tmp/maxwoo/21EF1A6A9139C9FD2A38E59AFB466F9A_880/INPUTFILES/data_304561951.root 
/tmp/maxwoo/21EF1A6A9139C9FD2A38E59AFB466F9A_880/INPUTFILES/data_304561961.root 
/tmp/maxwoo/21EF1A6A9139C9FD2A38E59AFB466F9A_880/INPUTFILES/data_304561981.root 
/tmp/maxwoo/21EF1A6A9139C9FD2A38E59AFB466F9A_880/INPUTFILES/data_304561991.root 
/tmp/maxwoo/21EF1A6A9139C9FD2A38E59AFB466F9A_880/INPUTFILES/data_304562001.root 
/tmp/maxwoo/21EF1A6A9139C9FD2A38E59AFB466F9A_880/INPUTFILES/data_304562011.root 
/tmp/maxwoo/21EF1A6A9139C9FD2A38E59AFB466F9A_880/INPUTFILES/data_304562041.root 
/tmp/maxwoo/21EF1A6A9139C9FD2A38E59AFB466F9A_880/INPUTFILES/data_304562051.root 
/tmp/maxwoo/21EF1A6A9139C9FD2A38E59AFB466F9A_880/INPUTFILES/data_304562061.root 
/tmp/maxwoo/21EF1A6A9139C9FD2A38E59AFB466F9A_880/INPUTFILES/data_304562071.root 
/tmp/maxwoo/21EF1A6A9139C9FD2A38E59AFB466F9A_880/INPUTFILES/data_304562081.root 
/tmp/maxwoo/21EF1A6A9139C9FD2A38E59AFB466F9A_880/INPUTFILES/data_304562091.root 
/tmp/maxwoo/21EF1A6A9139C9FD2A38E59AFB466F9A_880/INPUTFILES/data_304562101.root 
/tmp/maxwoo/21EF1A6A9139C9FD2A38E59AFB466F9A_880/INPUTFILES/data_304562111.root 
/tmp/maxwoo/21EF1A6A9139C9FD2A38E59AFB466F9A_880/INPUTFILES/data_304562121.root 
/tmp/maxwoo/21EF1A6A9139C9FD2A38E59AFB466F9A_880/INPUTFILES/data_304562161.root 
/tmp/maxwoo/21EF1A6A9139C9FD2A38E59AFB466F9A_880/INPUTFILES/data_304562171.root 
/tmp/maxwoo/21EF1A6A9139C9FD2A38E59AFB466F9A_880/INPUTFILES/data_304562191.root 
/tmp/maxwoo/21EF1A6A9139C9FD2A38E59AFB466F9A_880/INPUTFILES/data_304562281.root 
Added 37 files
# entries in chain: 35419
Processing entry == 1000 == out of 35419.
Processing entry == 2000 == out of 35419.
Processing entry == 3000 == out of 35419.
Processing entry == 4000 == out of 35419.
Processing entry == 5000 == out of 35419.
Processing entry == 6000 == out of 35419.
Processing entry == 7000 == out of 35419.
Processing entry == 8000 == out of 35419.
Processing entry == 9000 == out of 35419.
Processing entry == 10000 == out of 35419.
Processing entry == 11000 == out of 35419.
Processing entry == 12000 == out of 35419.
Processing entry == 13000 == out of 35419.
Processing entry == 14000 == out of 35419.
Processing entry == 15000 == out of 35419.
Processing entry == 16000 == out of 35419.
Processing entry == 17000 == out of 35419.
Processing entry == 18000 == out of 35419.
Processing entry == 19000 == out of 35419.
Processing entry == 20000 == out of 35419.
Processing entry == 21000 == out of 35419.
Processing entry == 22000 == out of 35419.
Processing entry == 23000 == out of 35419.
Processing entry == 24000 == out of 35419.
Processing entry == 25000 == out of 35419.
Processing entry == 26000 == out of 35419.
Processing entry == 27000 == out of 35419.
Processing entry == 28000 == out of 35419.
Processing entry == 29000 == out of 35419.
Processing entry == 30000 == out of 35419.
Processing entry == 31000 == out of 35419.
Processing entry == 32000 == out of 35419.
Processing entry == 33000 == out of 35419.
Processing entry == 34000 == out of 35419.
Processing entry == 35000 == out of 35419.

This is the end of ROOT -- Goodbye

Cleaning up sandbox file:  /tmp/maxwoo/21EF1A6A9139C9FD2A38E59AFB466F9A_880/check_S.C
Cleaning up sandbox file:  /tmp/maxwoo/21EF1A6A9139C9FD2A38E59AFB466F9A_880/Check_Sness.C
Cleaning up sandbox file:  /tmp/maxwoo/21EF1A6A9139C9FD2A38E59AFB466F9A_880/lib
Cleaning up sandbox file:  /tmp/maxwoo/21EF1A6A9139C9FD2A38E59AFB466F9A_880/.sandboxFiles
Starting copy block
Running copy command:  /bin/cp -fp /tmp/maxwoo/21EF1A6A9139C9FD2A38E59AFB466F9A_880/out_21EF1A6A9139C9FD2A38E59AFB466F9A_880.root /star/data01/pwg/xiatong/git/strangeness/data/
11661 Execution of (/star/data01/pwg/xiatong/git/strangeness/script/sched21EF1A6A9139C9FD2A38E59AFB466F9A_880.csh ) has ended, exiting normally
11661 We END on [Thu Jun  2 11:50:53 EDT 2022]
