We are starting on node: rcas2969.rcf.bnl.gov
HOME is not defined
Using getent method
HOME is now /star/u/maxwoo
36689 We will spawn ourselves (/star/data01/pwg/xiatong/git/strangeness/script/sched21EF1A6A9139C9FD2A38E59AFB466F9A_1055.csh )
36689 We BEGIN on [Thu Jun  2 11:23:46 EDT 2022]
[1] 36934
36689 We are waiting for 36934 
36689 Grandchild PID is 37119 - found in 10 x 1 seconds
36689 Establishing first watcher   on    Thu Jun  2 11:23:57 EDT 2022
36689 Process tree is 36689 (main) -> 36934 (child) -> 37119 (grandchild)
F S   UID   PID  PPID  C PRI  NI ADDR SZ WCHAN  TTY        TIME CMD
0 D 100667 37119 36934  0 80   0 - 32311 cxiWai ?          0:00 cp /star/data01/pwg/xiatong/AMPT/14GeV/data_354134171.root /tmp/maxwoo/21EF1A6A9139C9FD2A38E59AFB466F9A_1055/INPUTFILES/data_354134171.root
36689 Grandchild PID is 39333 - found in 20 x 2 seconds
36689 Grandchild to watch has changed on Thu Jun  2 11:24:18 EDT 2022
36689 Process tree is 36689 (main) -> 36934 (child) -> 39333 (grandchild)
F S   UID   PID  PPID  C PRI  NI ADDR SZ WCHAN  TTY        TIME CMD
0 D 100667 39333 36934  0 80   0 - 32311 cxiWai ?          0:00 cp /star/data01/pwg/xiatong/AMPT/14GeV/data_354134281.root /tmp/maxwoo/21EF1A6A9139C9FD2A38E59AFB466F9A_1055/INPUTFILES/data_354134281.root
36689 Grandchild PID is 39785 - found in 30 x 2 seconds
36689 Grandchild to watch has changed on Thu Jun  2 11:24:39 EDT 2022
36689 Process tree is 36689 (main) -> 36934 (child) -> 39785 (grandchild)
F S   UID   PID  PPID  C PRI  NI ADDR SZ WCHAN  TTY        TIME CMD
0 D 100667 39785 36934  0 80   0 - 32311 cxiWai ?          0:00 cp /star/data01/pwg/xiatong/AMPT/14GeV/data_354134291.root /tmp/maxwoo/21EF1A6A9139C9FD2A38E59AFB466F9A_1055/INPUTFILES/data_354134291.root
36689 Grandchild PID is 41185 - found in 40 x 2 seconds
36689 Grandchild to watch has changed on Thu Jun  2 11:25:00 EDT 2022
36689 Process tree is 36689 (main) -> 36934 (child) -> 41185 (grandchild)
F S   UID   PID  PPID  C PRI  NI ADDR SZ WCHAN  TTY        TIME CMD
0 D 100667 41185 36934  0 80   0 - 32311 cxiWai ?          0:00 cp /star/data01/pwg/xiatong/AMPT/14GeV/data_354134701.root /tmp/maxwoo/21EF1A6A9139C9FD2A38E59AFB466F9A_1055/INPUTFILES/data_354134701.root
36689 Grandchild PID is 44521 - found in 60 x 2 seconds
36689 Grandchild to watch has changed on Thu Jun  2 11:25:41 EDT 2022
36689 Process tree is 36689 (main) -> 36934 (child) -> 44521 (grandchild)
F S   UID   PID  PPID  C PRI  NI ADDR SZ WCHAN  TTY        TIME CMD
0 D 100667 44521 36934  0 80   0 - 32311 cxiWai ?          0:00 cp /star/data01/pwg/xiatong/AMPT/14GeV/data_354147211.root /tmp/maxwoo/21EF1A6A9139C9FD2A38E59AFB466F9A_1055/INPUTFILES/data_354147211.root
36689 Grandchild PID is 46081 - found in 70 x 2 seconds
36689 Grandchild to watch has changed on Thu Jun  2 11:26:02 EDT 2022
36689 Process tree is 36689 (main) -> 36934 (child) -> 46081 (grandchild)
F S   UID   PID  PPID  C PRI  NI ADDR SZ WCHAN  TTY        TIME CMD
0 D 100667 46081 36934  0 80   0 - 32311 cxiWai ?          0:00 cp /star/data01/pwg/xiatong/AMPT/14GeV/data_354162861.root /tmp/maxwoo/21EF1A6A9139C9FD2A38E59AFB466F9A_1055/INPUTFILES/data_354162861.root
36689 Grandchild PID is 48783 - found in 90 x 2 seconds
36689 Grandchild to watch has changed on Thu Jun  2 11:26:43 EDT 2022
36689 Process tree is 36689 (main) -> 36934 (child) -> 48783 (grandchild)
F S   UID   PID  PPID  C PRI  NI ADDR SZ WCHAN  TTY        TIME CMD
0 D 100667 48783 36934  0 80   0 - 32311 cxiWai ?          0:00 cp /star/data01/pwg/xiatong/AMPT/14GeV/data_354165201.root /tmp/maxwoo/21EF1A6A9139C9FD2A38E59AFB466F9A_1055/INPUTFILES/data_354165201.root
36689 Grandchild PID is 1691 - found in 100 x 2 seconds
36689 Grandchild to watch has changed on Thu Jun  2 11:27:04 EDT 2022
36689 Process tree is 36689 (main) -> 36934 (child) -> 1691 (grandchild)
F S   UID   PID  PPID  C PRI  NI ADDR SZ WCHAN  TTY        TIME CMD
0 D 100667 1691 36934  0  80   0 - 32311 cxiWai ?          0:00 cp /star/data01/pwg/xiatong/AMPT/14GeV/data_354165281.root /tmp/maxwoo/21EF1A6A9139C9FD2A38E59AFB466F9A_1055/INPUTFILES/data_354165281.root
36689 Grandchild PID is 2828 - found in 110 x 2 seconds
36689 Grandchild to watch has changed on Thu Jun  2 11:27:25 EDT 2022
36689 Process tree is 36689 (main) -> 36934 (child) -> 2828 (grandchild)
F S   UID   PID  PPID  C PRI  NI ADDR SZ WCHAN  TTY        TIME CMD
0 D 100667 2828 36934  0  80   0 - 32311 cxiWai ?          0:00 cp /star/data01/pwg/xiatong/AMPT/14GeV/data_354165291.root /tmp/maxwoo/21EF1A6A9139C9FD2A38E59AFB466F9A_1055/INPUTFILES/data_354165291.root
36689 Grandchild PID is 5054 - found in 130 x 2 seconds
36689 Grandchild to watch has changed on Thu Jun  2 11:28:07 EDT 2022
36689 Process tree is 36689 (main) -> 36934 (child) -> 5054 (grandchild)
F S   UID   PID  PPID  C PRI  NI ADDR SZ WCHAN  TTY        TIME CMD
0 D 100667 5054 36934  0  80   0 - 32311 cxiWai ?          0:00 cp /star/data01/pwg/xiatong/AMPT/14GeV/data_354165331.root /tmp/maxwoo/21EF1A6A9139C9FD2A38E59AFB466F9A_1055/INPUTFILES/data_354165331.root
36689 Grandchild PID is 5510 - found in 140 x 2 seconds
36689 Grandchild to watch has changed on Thu Jun  2 11:28:27 EDT 2022
36689 Process tree is 36689 (main) -> 36934 (child) -> 5510 (grandchild)
F S   UID   PID  PPID  C PRI  NI ADDR SZ WCHAN  TTY        TIME CMD
0 D 100667 5510 36934  0  80   0 - 32311 cxiWai ?          0:00 cp /star/data01/pwg/xiatong/AMPT/14GeV/data_354165341.root /tmp/maxwoo/21EF1A6A9139C9FD2A38E59AFB466F9A_1055/INPUTFILES/data_354165341.root
36689 Grandchild PID is 6982 - found in 150 x 2 seconds
36689 Grandchild to watch has changed on Thu Jun  2 11:28:48 EDT 2022
36689 Process tree is 36689 (main) -> 36934 (child) -> 6982 (grandchild)
F S   UID   PID  PPID  C PRI  NI ADDR SZ WCHAN  TTY        TIME CMD
0 S 100667 6982 36934  0  80   0 -  1272 do_wai ?          0:00 root -b -q check_S.C++("/tmp/maxwoo/21EF1A6A9139C9FD2A38E59AFB466F9A_1055/INPUTFILES/21EF1A6A9139C9FD2A38E59AFB466F9A_1055.local.list","21EF1A6A9139C9FD2A38E59AFB466F9A_1055",1)
36934 Stepping into the main SUMS wrapper program with []
.... building sandbox
Running: cp /star/data01/pwg/xiatong/AMPT/14GeV/data_354134171.root /tmp/maxwoo/21EF1A6A9139C9FD2A38E59AFB466F9A_1055/INPUTFILES/data_354134171.root
Running: cp /star/data01/pwg/xiatong/AMPT/14GeV/data_354134231.root /tmp/maxwoo/21EF1A6A9139C9FD2A38E59AFB466F9A_1055/INPUTFILES/data_354134231.root
Running: cp /star/data01/pwg/xiatong/AMPT/14GeV/data_354134241.root /tmp/maxwoo/21EF1A6A9139C9FD2A38E59AFB466F9A_1055/INPUTFILES/data_354134241.root
Running: cp /star/data01/pwg/xiatong/AMPT/14GeV/data_354134251.root /tmp/maxwoo/21EF1A6A9139C9FD2A38E59AFB466F9A_1055/INPUTFILES/data_354134251.root
Running: cp /star/data01/pwg/xiatong/AMPT/14GeV/data_354134261.root /tmp/maxwoo/21EF1A6A9139C9FD2A38E59AFB466F9A_1055/INPUTFILES/data_354134261.root
Running: cp /star/data01/pwg/xiatong/AMPT/14GeV/data_354134281.root /tmp/maxwoo/21EF1A6A9139C9FD2A38E59AFB466F9A_1055/INPUTFILES/data_354134281.root
Running: cp /star/data01/pwg/xiatong/AMPT/14GeV/data_354134291.root /tmp/maxwoo/21EF1A6A9139C9FD2A38E59AFB466F9A_1055/INPUTFILES/data_354134291.root
Running: cp /star/data01/pwg/xiatong/AMPT/14GeV/data_354134331.root /tmp/maxwoo/21EF1A6A9139C9FD2A38E59AFB466F9A_1055/INPUTFILES/data_354134331.root
Running: cp /star/data01/pwg/xiatong/AMPT/14GeV/data_354134571.root /tmp/maxwoo/21EF1A6A9139C9FD2A38E59AFB466F9A_1055/INPUTFILES/data_354134571.root
Running: cp /star/data01/pwg/xiatong/AMPT/14GeV/data_354134701.root /tmp/maxwoo/21EF1A6A9139C9FD2A38E59AFB466F9A_1055/INPUTFILES/data_354134701.root
Running: cp /star/data01/pwg/xiatong/AMPT/14GeV/data_354143121.root /tmp/maxwoo/21EF1A6A9139C9FD2A38E59AFB466F9A_1055/INPUTFILES/data_354143121.root
Running: cp /star/data01/pwg/xiatong/AMPT/14GeV/data_354144831.root /tmp/maxwoo/21EF1A6A9139C9FD2A38E59AFB466F9A_1055/INPUTFILES/data_354144831.root
Running: cp /star/data01/pwg/xiatong/AMPT/14GeV/data_354145071.root /tmp/maxwoo/21EF1A6A9139C9FD2A38E59AFB466F9A_1055/INPUTFILES/data_354145071.root
Running: cp /star/data01/pwg/xiatong/AMPT/14GeV/data_354147211.root /tmp/maxwoo/21EF1A6A9139C9FD2A38E59AFB466F9A_1055/INPUTFILES/data_354147211.root
Running: cp /star/data01/pwg/xiatong/AMPT/14GeV/data_354153801.root /tmp/maxwoo/21EF1A6A9139C9FD2A38E59AFB466F9A_1055/INPUTFILES/data_354153801.root
Running: cp /star/data01/pwg/xiatong/AMPT/14GeV/data_354156071.root /tmp/maxwoo/21EF1A6A9139C9FD2A38E59AFB466F9A_1055/INPUTFILES/data_354156071.root
Running: cp /star/data01/pwg/xiatong/AMPT/14GeV/data_354157011.root /tmp/maxwoo/21EF1A6A9139C9FD2A38E59AFB466F9A_1055/INPUTFILES/data_354157011.root
Running: cp /star/data01/pwg/xiatong/AMPT/14GeV/data_354159601.root /tmp/maxwoo/21EF1A6A9139C9FD2A38E59AFB466F9A_1055/INPUTFILES/data_354159601.root
Running: cp /star/data01/pwg/xiatong/AMPT/14GeV/data_354162861.root /tmp/maxwoo/21EF1A6A9139C9FD2A38E59AFB466F9A_1055/INPUTFILES/data_354162861.root
Running: cp /star/data01/pwg/xiatong/AMPT/14GeV/data_354165121.root /tmp/maxwoo/21EF1A6A9139C9FD2A38E59AFB466F9A_1055/INPUTFILES/data_354165121.root
Running: cp /star/data01/pwg/xiatong/AMPT/14GeV/data_354165141.root /tmp/maxwoo/21EF1A6A9139C9FD2A38E59AFB466F9A_1055/INPUTFILES/data_354165141.root
Running: cp /star/data01/pwg/xiatong/AMPT/14GeV/data_354165181.root /tmp/maxwoo/21EF1A6A9139C9FD2A38E59AFB466F9A_1055/INPUTFILES/data_354165181.root
Running: cp /star/data01/pwg/xiatong/AMPT/14GeV/data_354165191.root /tmp/maxwoo/21EF1A6A9139C9FD2A38E59AFB466F9A_1055/INPUTFILES/data_354165191.root
Running: cp /star/data01/pwg/xiatong/AMPT/14GeV/data_354165201.root /tmp/maxwoo/21EF1A6A9139C9FD2A38E59AFB466F9A_1055/INPUTFILES/data_354165201.root
Running: cp /star/data01/pwg/xiatong/AMPT/14GeV/data_354165221.root /tmp/maxwoo/21EF1A6A9139C9FD2A38E59AFB466F9A_1055/INPUTFILES/data_354165221.root
Running: cp /star/data01/pwg/xiatong/AMPT/14GeV/data_354165251.root /tmp/maxwoo/21EF1A6A9139C9FD2A38E59AFB466F9A_1055/INPUTFILES/data_354165251.root
Running: cp /star/data01/pwg/xiatong/AMPT/14GeV/data_354165261.root /tmp/maxwoo/21EF1A6A9139C9FD2A38E59AFB466F9A_1055/INPUTFILES/data_354165261.root
Running: cp /star/data01/pwg/xiatong/AMPT/14GeV/data_354165271.root /tmp/maxwoo/21EF1A6A9139C9FD2A38E59AFB466F9A_1055/INPUTFILES/data_354165271.root
Running: cp /star/data01/pwg/xiatong/AMPT/14GeV/data_354165281.root /tmp/maxwoo/21EF1A6A9139C9FD2A38E59AFB466F9A_1055/INPUTFILES/data_354165281.root
Running: cp /star/data01/pwg/xiatong/AMPT/14GeV/data_354165291.root /tmp/maxwoo/21EF1A6A9139C9FD2A38E59AFB466F9A_1055/INPUTFILES/data_354165291.root
Running: cp /star/data01/pwg/xiatong/AMPT/14GeV/data_354165301.root /tmp/maxwoo/21EF1A6A9139C9FD2A38E59AFB466F9A_1055/INPUTFILES/data_354165301.root
Running: cp /star/data01/pwg/xiatong/AMPT/14GeV/data_354165311.root /tmp/maxwoo/21EF1A6A9139C9FD2A38E59AFB466F9A_1055/INPUTFILES/data_354165311.root
Running: cp /star/data01/pwg/xiatong/AMPT/14GeV/data_354165321.root /tmp/maxwoo/21EF1A6A9139C9FD2A38E59AFB466F9A_1055/INPUTFILES/data_354165321.root
Running: cp /star/data01/pwg/xiatong/AMPT/14GeV/data_354165331.root /tmp/maxwoo/21EF1A6A9139C9FD2A38E59AFB466F9A_1055/INPUTFILES/data_354165331.root
Running: cp /star/data01/pwg/xiatong/AMPT/14GeV/data_354165341.root /tmp/maxwoo/21EF1A6A9139C9FD2A38E59AFB466F9A_1055/INPUTFILES/data_354165341.root
Running: cp /star/data01/pwg/xiatong/AMPT/14GeV/data_354165361.root /tmp/maxwoo/21EF1A6A9139C9FD2A38E59AFB466F9A_1055/INPUTFILES/data_354165361.root
Running: cp /star/data01/pwg/xiatong/AMPT/14GeV/data_354165371.root /tmp/maxwoo/21EF1A6A9139C9FD2A38E59AFB466F9A_1055/INPUTFILES/data_354165371.root
Swapping $FILELIST with: /tmp/maxwoo/21EF1A6A9139C9FD2A38E59AFB466F9A_1055/INPUTFILES/21EF1A6A9139C9FD2A38E59AFB466F9A_1055.local.list
+++++++++++local copy debug++++++++++++++++++++
newFileList: /tmp/maxwoo/21EF1A6A9139C9FD2A38E59AFB466F9A_1055/INPUTFILES/21EF1A6A9139C9FD2A38E59AFB466F9A_1055.local.list
++++++++++++++++cat FILELIST+++++++++++++++++++
/tmp/maxwoo/21EF1A6A9139C9FD2A38E59AFB466F9A_1055/INPUTFILES/data_354134171.root 
/tmp/maxwoo/21EF1A6A9139C9FD2A38E59AFB466F9A_1055/INPUTFILES/data_354134231.root 
/tmp/maxwoo/21EF1A6A9139C9FD2A38E59AFB466F9A_1055/INPUTFILES/data_354134241.root 
/tmp/maxwoo/21EF1A6A9139C9FD2A38E59AFB466F9A_1055/INPUTFILES/data_354134251.root 
/tmp/maxwoo/21EF1A6A9139C9FD2A38E59AFB466F9A_1055/INPUTFILES/data_354134261.root 
/tmp/maxwoo/21EF1A6A9139C9FD2A38E59AFB466F9A_1055/INPUTFILES/data_354134281.root 
/tmp/maxwoo/21EF1A6A9139C9FD2A38E59AFB466F9A_1055/INPUTFILES/data_354134291.root 
/tmp/maxwoo/21EF1A6A9139C9FD2A38E59AFB466F9A_1055/INPUTFILES/data_354134331.root 
/tmp/maxwoo/21EF1A6A9139C9FD2A38E59AFB466F9A_1055/INPUTFILES/data_354134571.root 
/tmp/maxwoo/21EF1A6A9139C9FD2A38E59AFB466F9A_1055/INPUTFILES/data_354134701.root 
/tmp/maxwoo/21EF1A6A9139C9FD2A38E59AFB466F9A_1055/INPUTFILES/data_354143121.root 
/tmp/maxwoo/21EF1A6A9139C9FD2A38E59AFB466F9A_1055/INPUTFILES/data_354144831.root 
/tmp/maxwoo/21EF1A6A9139C9FD2A38E59AFB466F9A_1055/INPUTFILES/data_354145071.root 
/tmp/maxwoo/21EF1A6A9139C9FD2A38E59AFB466F9A_1055/INPUTFILES/data_354147211.root 
/tmp/maxwoo/21EF1A6A9139C9FD2A38E59AFB466F9A_1055/INPUTFILES/data_354153801.root 
/tmp/maxwoo/21EF1A6A9139C9FD2A38E59AFB466F9A_1055/INPUTFILES/data_354156071.root 
/tmp/maxwoo/21EF1A6A9139C9FD2A38E59AFB466F9A_1055/INPUTFILES/data_354157011.root 
/tmp/maxwoo/21EF1A6A9139C9FD2A38E59AFB466F9A_1055/INPUTFILES/data_354159601.root 
/tmp/maxwoo/21EF1A6A9139C9FD2A38E59AFB466F9A_1055/INPUTFILES/data_354162861.root 
/tmp/maxwoo/21EF1A6A9139C9FD2A38E59AFB466F9A_1055/INPUTFILES/data_354165121.root 
/tmp/maxwoo/21EF1A6A9139C9FD2A38E59AFB466F9A_1055/INPUTFILES/data_354165141.root 
/tmp/maxwoo/21EF1A6A9139C9FD2A38E59AFB466F9A_1055/INPUTFILES/data_354165181.root 
/tmp/maxwoo/21EF1A6A9139C9FD2A38E59AFB466F9A_1055/INPUTFILES/data_354165191.root 
/tmp/maxwoo/21EF1A6A9139C9FD2A38E59AFB466F9A_1055/INPUTFILES/data_354165201.root 
/tmp/maxwoo/21EF1A6A9139C9FD2A38E59AFB466F9A_1055/INPUTFILES/data_354165221.root 
/tmp/maxwoo/21EF1A6A9139C9FD2A38E59AFB466F9A_1055/INPUTFILES/data_354165251.root 
/tmp/maxwoo/21EF1A6A9139C9FD2A38E59AFB466F9A_1055/INPUTFILES/data_354165261.root 
/tmp/maxwoo/21EF1A6A9139C9FD2A38E59AFB466F9A_1055/INPUTFILES/data_354165271.root 
/tmp/maxwoo/21EF1A6A9139C9FD2A38E59AFB466F9A_1055/INPUTFILES/data_354165281.root 
/tmp/maxwoo/21EF1A6A9139C9FD2A38E59AFB466F9A_1055/INPUTFILES/data_354165291.root 
/tmp/maxwoo/21EF1A6A9139C9FD2A38E59AFB466F9A_1055/INPUTFILES/data_354165301.root 
/tmp/maxwoo/21EF1A6A9139C9FD2A38E59AFB466F9A_1055/INPUTFILES/data_354165311.root 
/tmp/maxwoo/21EF1A6A9139C9FD2A38E59AFB466F9A_1055/INPUTFILES/data_354165321.root 
/tmp/maxwoo/21EF1A6A9139C9FD2A38E59AFB466F9A_1055/INPUTFILES/data_354165331.root 
/tmp/maxwoo/21EF1A6A9139C9FD2A38E59AFB466F9A_1055/INPUTFILES/data_354165341.root 
/tmp/maxwoo/21EF1A6A9139C9FD2A38E59AFB466F9A_1055/INPUTFILES/data_354165361.root 
/tmp/maxwoo/21EF1A6A9139C9FD2A38E59AFB466F9A_1055/INPUTFILES/data_354165371.root 
++++++++++++++++++++find.++++++++++++++++++++++
.
./INPUTFILES
./INPUTFILES/data_354153801.root
./INPUTFILES/data_354143121.root
./INPUTFILES/data_354165141.root
./INPUTFILES/data_354165181.root
./INPUTFILES/data_354134251.root
./INPUTFILES/data_354134231.root
./INPUTFILES/data_354165291.root
./INPUTFILES/data_354165331.root
./INPUTFILES/data_354165281.root
./INPUTFILES/data_354165221.root
./INPUTFILES/21EF1A6A9139C9FD2A38E59AFB466F9A_1055.local.list
./INPUTFILES/data_354165201.root
./INPUTFILES/data_354165311.root
./INPUTFILES/data_354134701.root
./INPUTFILES/data_354156071.root
./INPUTFILES/data_354147211.root
./INPUTFILES/data_354134171.root
./INPUTFILES/data_354165261.root
./INPUTFILES/data_354165271.root
./INPUTFILES/data_354165321.root
./INPUTFILES/data_354134261.root
./INPUTFILES/data_354165371.root
./INPUTFILES/data_354162861.root
./INPUTFILES/data_354134571.root
./INPUTFILES/data_354165191.root
./INPUTFILES/data_354134241.root
./INPUTFILES/data_354144831.root
./INPUTFILES/data_354134331.root
./INPUTFILES/data_354165361.root
./INPUTFILES/data_354165301.root
./INPUTFILES/data_354165341.root
./INPUTFILES/data_354157011.root
./INPUTFILES/data_354165251.root
./INPUTFILES/data_354134281.root
./INPUTFILES/data_354145071.root
./INPUTFILES/data_354159601.root
./INPUTFILES/data_354165121.root
./INPUTFILES/data_354134291.root
./lib
./lib/MixedBuffer.h
./lib/CenMaker_cpp_ACLiC_dict_rdict.pcm
./lib/my_event_cpp.d
./lib/NpartNormalizer_cpp.d
./lib/MixedBuffer_cpp_ACLiC_dict_rdict.pcm
./lib/my_particle_cpp_ACLiC_dict_rdict.pcm
./lib/NpartNormalizer_cpp_ACLiC_dict_rdict.pcm
./lib/my_particle_cpp.d
./lib/CenMaker.cpp
./lib/my_particle.cpp
./lib/my_event.cpp
./lib/MixedBuffer_cpp.so
./lib/CenMaker_cpp.so
./lib/NpartNormalizer.h
./lib/CenMaker.h
./lib/MixedBuffer_cpp.d
./lib/MixedBuffer.cpp
./lib/NpartNormalizer.cpp
./lib/my_particle.h
./lib/CenMaker_cpp.d
./lib/my_particle_cpp.so
./lib/my_event.h
./lib/my_event_cpp.so
./lib/my_event_cpp_ACLiC_dict_rdict.pcm
./lib/NpartNormalizer_cpp.so
./Check_Sness.C
./.output.log
./.errror.log
./check_S.C
./.sandboxFiles
++++++++++++++++INPUTFILE Var++++++++++++++++++
FILELIST=/tmp/maxwoo/21EF1A6A9139C9FD2A38E59AFB466F9A_1055/INPUTFILES/21EF1A6A9139C9FD2A38E59AFB466F9A_1055.local.list
INPUTFILECOUNT=37
INPUTFILE0=/tmp/maxwoo/21EF1A6A9139C9FD2A38E59AFB466F9A_1055/INPUTFILES/data_354134171.root
INPUTFILE1=/tmp/maxwoo/21EF1A6A9139C9FD2A38E59AFB466F9A_1055/INPUTFILES/data_354134231.root
INPUTFILE2=/tmp/maxwoo/21EF1A6A9139C9FD2A38E59AFB466F9A_1055/INPUTFILES/data_354134241.root
INPUTFILE3=/tmp/maxwoo/21EF1A6A9139C9FD2A38E59AFB466F9A_1055/INPUTFILES/data_354134251.root
INPUTFILE4=/tmp/maxwoo/21EF1A6A9139C9FD2A38E59AFB466F9A_1055/INPUTFILES/data_354134261.root
INPUTFILE5=/tmp/maxwoo/21EF1A6A9139C9FD2A38E59AFB466F9A_1055/INPUTFILES/data_354134281.root
INPUTFILE6=/tmp/maxwoo/21EF1A6A9139C9FD2A38E59AFB466F9A_1055/INPUTFILES/data_354134291.root
INPUTFILE7=/tmp/maxwoo/21EF1A6A9139C9FD2A38E59AFB466F9A_1055/INPUTFILES/data_354134331.root
INPUTFILE8=/tmp/maxwoo/21EF1A6A9139C9FD2A38E59AFB466F9A_1055/INPUTFILES/data_354134571.root
INPUTFILE9=/tmp/maxwoo/21EF1A6A9139C9FD2A38E59AFB466F9A_1055/INPUTFILES/data_354134701.root
INPUTFILE10=/tmp/maxwoo/21EF1A6A9139C9FD2A38E59AFB466F9A_1055/INPUTFILES/data_354143121.root
INPUTFILE11=/tmp/maxwoo/21EF1A6A9139C9FD2A38E59AFB466F9A_1055/INPUTFILES/data_354144831.root
INPUTFILE12=/tmp/maxwoo/21EF1A6A9139C9FD2A38E59AFB466F9A_1055/INPUTFILES/data_354145071.root
INPUTFILE13=/tmp/maxwoo/21EF1A6A9139C9FD2A38E59AFB466F9A_1055/INPUTFILES/data_354147211.root
INPUTFILE14=/tmp/maxwoo/21EF1A6A9139C9FD2A38E59AFB466F9A_1055/INPUTFILES/data_354153801.root
INPUTFILE15=/tmp/maxwoo/21EF1A6A9139C9FD2A38E59AFB466F9A_1055/INPUTFILES/data_354156071.root
INPUTFILE16=/tmp/maxwoo/21EF1A6A9139C9FD2A38E59AFB466F9A_1055/INPUTFILES/data_354157011.root
INPUTFILE17=/tmp/maxwoo/21EF1A6A9139C9FD2A38E59AFB466F9A_1055/INPUTFILES/data_354159601.root
INPUTFILE18=/tmp/maxwoo/21EF1A6A9139C9FD2A38E59AFB466F9A_1055/INPUTFILES/data_354162861.root
INPUTFILE19=/tmp/maxwoo/21EF1A6A9139C9FD2A38E59AFB466F9A_1055/INPUTFILES/data_354165121.root
INPUTFILE20=/tmp/maxwoo/21EF1A6A9139C9FD2A38E59AFB466F9A_1055/INPUTFILES/data_354165141.root
INPUTFILE21=/tmp/maxwoo/21EF1A6A9139C9FD2A38E59AFB466F9A_1055/INPUTFILES/data_354165181.root
INPUTFILE22=/tmp/maxwoo/21EF1A6A9139C9FD2A38E59AFB466F9A_1055/INPUTFILES/data_354165191.root
INPUTFILE23=/tmp/maxwoo/21EF1A6A9139C9FD2A38E59AFB466F9A_1055/INPUTFILES/data_354165201.root
INPUTFILE24=/tmp/maxwoo/21EF1A6A9139C9FD2A38E59AFB466F9A_1055/INPUTFILES/data_354165221.root
INPUTFILE25=/tmp/maxwoo/21EF1A6A9139C9FD2A38E59AFB466F9A_1055/INPUTFILES/data_354165251.root
INPUTFILE26=/tmp/maxwoo/21EF1A6A9139C9FD2A38E59AFB466F9A_1055/INPUTFILES/data_354165261.root
INPUTFILE27=/tmp/maxwoo/21EF1A6A9139C9FD2A38E59AFB466F9A_1055/INPUTFILES/data_354165271.root
INPUTFILE28=/tmp/maxwoo/21EF1A6A9139C9FD2A38E59AFB466F9A_1055/INPUTFILES/data_354165281.root
INPUTFILE29=/tmp/maxwoo/21EF1A6A9139C9FD2A38E59AFB466F9A_1055/INPUTFILES/data_354165291.root
INPUTFILE30=/tmp/maxwoo/21EF1A6A9139C9FD2A38E59AFB466F9A_1055/INPUTFILES/data_354165301.root
INPUTFILE31=/tmp/maxwoo/21EF1A6A9139C9FD2A38E59AFB466F9A_1055/INPUTFILES/data_354165311.root
INPUTFILE32=/tmp/maxwoo/21EF1A6A9139C9FD2A38E59AFB466F9A_1055/INPUTFILES/data_354165321.root
INPUTFILE33=/tmp/maxwoo/21EF1A6A9139C9FD2A38E59AFB466F9A_1055/INPUTFILES/data_354165331.root
INPUTFILE34=/tmp/maxwoo/21EF1A6A9139C9FD2A38E59AFB466F9A_1055/INPUTFILES/data_354165341.root
INPUTFILE35=/tmp/maxwoo/21EF1A6A9139C9FD2A38E59AFB466F9A_1055/INPUTFILES/data_354165361.root
INPUTFILE36=/tmp/maxwoo/21EF1A6A9139C9FD2A38E59AFB466F9A_1055/INPUTFILES/data_354165371.root
LocalInputFileDir=/tmp/maxwoo/21EF1A6A9139C9FD2A38E59AFB466F9A_1055/INPUTFILES
NewFILELIST=/tmp/maxwoo/21EF1A6A9139C9FD2A38E59AFB466F9A_1055/INPUTFILES/21EF1A6A9139C9FD2A38E59AFB466F9A_1055.local.list
+++++++++++++++++++++++++++++++++++++++++++++++
--------------------------------
Simple Unified Meta Scheduler 1.10.50 we are starting in $SCRATCH : /home/tmp/maxwoo/21EF1A6A9139C9FD2A38E59AFB466F9A_1055
--------------------------------
total 16
lrwxrwxrwx 1 maxwoo rhstar   61 Jun  2 11:23 check_S.C -> /gpfs/mnt/gpfs01/star/pwg/xiatong/git/strangeness/./check_S.C
lrwxrwxrwx 1 maxwoo rhstar   65 Jun  2 11:23 Check_Sness.C -> /gpfs/mnt/gpfs01/star/pwg/xiatong/git/strangeness/./Check_Sness.C
drwxr-xr-x 2 maxwoo rhstar 4096 Jun  2 11:28 INPUTFILES
drwxr-xr-x 2 maxwoo rhstar 4096 Jun  2 11:23 lib
  *******************************************
  *                                         *
  *        W E L C O M E  to  R O O T       *
  *                                         *
  *   Version   5.34/38     12 March 2018   *
  *                                         *
  *  You are welcome to visit our Web site  *
  *          http://root.cern.ch            *
  *                                         *
  *******************************************

ROOT 5.34/38 (v5-34-38@v5-34-38, Mar 12 2018, 15:49:39 on linux)

CINT/ROOT C/C++ Interpreter version 5.18.00, July 2, 2010
Type ? for help. Commands must be C++ statements.
Enclose multiple statements between { }.
*** Float Point Exception is OFF ***
 *** Start at Date : Thu Jun  2 11:28:33 2022
QAInfo:You are using STAR_LEVEL : dev, ROOT_LEVEL : 5.34.38 and node : rcas2969.rcf.bnl.gov 

Processing check_S.C++("/tmp/maxwoo/21EF1A6A9139C9FD2A38E59AFB466F9A_1055/INPUTFILES/21EF1A6A9139C9FD2A38E59AFB466F9A_1055.local.list","21EF1A6A9139C9FD2A38E59AFB466F9A_1055",1)...
/tmp/maxwoo/21EF1A6A9139C9FD2A38E59AFB466F9A_1055/INPUTFILES/data_354134171.root 
/tmp/maxwoo/21EF1A6A9139C9FD2A38E59AFB466F9A_1055/INPUTFILES/data_354134231.root 
/tmp/maxwoo/21EF1A6A9139C9FD2A38E59AFB466F9A_1055/INPUTFILES/data_354134241.root 
/tmp/maxwoo/21EF1A6A9139C9FD2A38E59AFB466F9A_1055/INPUTFILES/data_354134251.root 
/tmp/maxwoo/21EF1A6A9139C9FD2A38E59AFB466F9A_1055/INPUTFILES/data_354134261.root 
/tmp/maxwoo/21EF1A6A9139C9FD2A38E59AFB466F9A_1055/INPUTFILES/data_354134281.root 
/tmp/maxwoo/21EF1A6A9139C9FD2A38E59AFB466F9A_1055/INPUTFILES/data_354134291.root 
/tmp/maxwoo/21EF1A6A9139C9FD2A38E59AFB466F9A_1055/INPUTFILES/data_354134331.root 
/tmp/maxwoo/21EF1A6A9139C9FD2A38E59AFB466F9A_1055/INPUTFILES/data_354134571.root 
/tmp/maxwoo/21EF1A6A9139C9FD2A38E59AFB466F9A_1055/INPUTFILES/data_354134701.root 
/tmp/maxwoo/21EF1A6A9139C9FD2A38E59AFB466F9A_1055/INPUTFILES/data_354143121.root 
/tmp/maxwoo/21EF1A6A9139C9FD2A38E59AFB466F9A_1055/INPUTFILES/data_354144831.root 
/tmp/maxwoo/21EF1A6A9139C9FD2A38E59AFB466F9A_1055/INPUTFILES/data_354145071.root 
/tmp/maxwoo/21EF1A6A9139C9FD2A38E59AFB466F9A_1055/INPUTFILES/data_354147211.root 
/tmp/maxwoo/21EF1A6A9139C9FD2A38E59AFB466F9A_1055/INPUTFILES/data_354153801.root 
/tmp/maxwoo/21EF1A6A9139C9FD2A38E59AFB466F9A_1055/INPUTFILES/data_354156071.root 
/tmp/maxwoo/21EF1A6A9139C9FD2A38E59AFB466F9A_1055/INPUTFILES/data_354157011.root 
/tmp/maxwoo/21EF1A6A9139C9FD2A38E59AFB466F9A_1055/INPUTFILES/data_354159601.root 
/tmp/maxwoo/21EF1A6A9139C9FD2A38E59AFB466F9A_1055/INPUTFILES/data_354162861.root 
/tmp/maxwoo/21EF1A6A9139C9FD2A38E59AFB466F9A_1055/INPUTFILES/data_354165121.root 
/tmp/maxwoo/21EF1A6A9139C9FD2A38E59AFB466F9A_1055/INPUTFILES/data_354165141.root 
/tmp/maxwoo/21EF1A6A9139C9FD2A38E59AFB466F9A_1055/INPUTFILES/data_354165181.root 
/tmp/maxwoo/21EF1A6A9139C9FD2A38E59AFB466F9A_1055/INPUTFILES/data_354165191.root 
/tmp/maxwoo/21EF1A6A9139C9FD2A38E59AFB466F9A_1055/INPUTFILES/data_354165201.root 
/tmp/maxwoo/21EF1A6A9139C9FD2A38E59AFB466F9A_1055/INPUTFILES/data_354165221.root 
/tmp/maxwoo/21EF1A6A9139C9FD2A38E59AFB466F9A_1055/INPUTFILES/data_354165251.root 
/tmp/maxwoo/21EF1A6A9139C9FD2A38E59AFB466F9A_1055/INPUTFILES/data_354165261.root 
/tmp/maxwoo/21EF1A6A9139C9FD2A38E59AFB466F9A_1055/INPUTFILES/data_354165271.root 
/tmp/maxwoo/21EF1A6A9139C9FD2A38E59AFB466F9A_1055/INPUTFILES/data_354165281.root 
/tmp/maxwoo/21EF1A6A9139C9FD2A38E59AFB466F9A_1055/INPUTFILES/data_354165291.root 
/tmp/maxwoo/21EF1A6A9139C9FD2A38E59AFB466F9A_1055/INPUTFILES/data_354165301.root 
/tmp/maxwoo/21EF1A6A9139C9FD2A38E59AFB466F9A_1055/INPUTFILES/data_354165311.root 
/tmp/maxwoo/21EF1A6A9139C9FD2A38E59AFB466F9A_1055/INPUTFILES/data_354165321.root 
/tmp/maxwoo/21EF1A6A9139C9FD2A38E59AFB466F9A_1055/INPUTFILES/data_354165331.root 
/tmp/maxwoo/21EF1A6A9139C9FD2A38E59AFB466F9A_1055/INPUTFILES/data_354165341.root 
/tmp/maxwoo/21EF1A6A9139C9FD2A38E59AFB466F9A_1055/INPUTFILES/data_354165361.root 
/tmp/maxwoo/21EF1A6A9139C9FD2A38E59AFB466F9A_1055/INPUTFILES/data_354165371.root 
Added 37 files
# entries in chain: 37000
Processing entry == 1000 == out of 37000.
Processing entry == 2000 == out of 37000.
Processing entry == 3000 == out of 37000.
Processing entry == 4000 == out of 37000.
Processing entry == 5000 == out of 37000.
Processing entry == 6000 == out of 37000.
Processing entry == 7000 == out of 37000.
Processing entry == 8000 == out of 37000.
Processing entry == 9000 == out of 37000.
Processing entry == 10000 == out of 37000.
Processing entry == 11000 == out of 37000.
Processing entry == 12000 == out of 37000.
Processing entry == 13000 == out of 37000.
Processing entry == 14000 == out of 37000.
Processing entry == 15000 == out of 37000.
Processing entry == 16000 == out of 37000.
Processing entry == 17000 == out of 37000.
Processing entry == 18000 == out of 37000.
Processing entry == 19000 == out of 37000.
Processing entry == 20000 == out of 37000.
Processing entry == 21000 == out of 37000.
Processing entry == 22000 == out of 37000.
Processing entry == 23000 == out of 37000.
Processing entry == 24000 == out of 37000.
Processing entry == 25000 == out of 37000.
Processing entry == 26000 == out of 37000.
Processing entry == 27000 == out of 37000.
Processing entry == 28000 == out of 37000.
Processing entry == 29000 == out of 37000.
Processing entry == 30000 == out of 37000.
Processing entry == 31000 == out of 37000.
Processing entry == 32000 == out of 37000.
Processing entry == 33000 == out of 37000.
Processing entry == 34000 == out of 37000.
Processing entry == 35000 == out of 37000.
Processing entry == 36000 == out of 37000.
Processing entry == 37000 == out of 37000.

This is the end of ROOT -- Goodbye

Cleaning up sandbox file:  /tmp/maxwoo/21EF1A6A9139C9FD2A38E59AFB466F9A_1055/check_S.C
Cleaning up sandbox file:  /tmp/maxwoo/21EF1A6A9139C9FD2A38E59AFB466F9A_1055/Check_Sness.C
Cleaning up sandbox file:  /tmp/maxwoo/21EF1A6A9139C9FD2A38E59AFB466F9A_1055/lib
Cleaning up sandbox file:  /tmp/maxwoo/21EF1A6A9139C9FD2A38E59AFB466F9A_1055/.sandboxFiles
Starting copy block
Running copy command:  /bin/cp -fp /tmp/maxwoo/21EF1A6A9139C9FD2A38E59AFB466F9A_1055/out_21EF1A6A9139C9FD2A38E59AFB466F9A_1055.root /star/data01/pwg/xiatong/git/strangeness/data/
36689 Execution of (/star/data01/pwg/xiatong/git/strangeness/script/sched21EF1A6A9139C9FD2A38E59AFB466F9A_1055.csh ) has ended, exiting normally
36689 We END on [Thu Jun  2 11:48:48 EDT 2022]
