We are starting on node: rcas2408.rcf.bnl.gov
HOME is not defined
Using getent method
HOME is now /star/u/maxwoo
28916 We will spawn ourselves (/star/data01/pwg/xiatong/git/strangeness/script/sched21EF1A6A9139C9FD2A38E59AFB466F9A_2676.csh )
28916 We BEGIN on [Thu Jun  2 10:54:13 EDT 2022]
[1] 29129
28916 We are waiting for 29129 
28916 Grandchild PID is 29430 - found in 10 x 1 seconds
28916 Establishing first watcher   on    Thu Jun  2 10:54:24 EDT 2022
28916 Process tree is 28916 (main) -> 29129 (child) -> 29430 (grandchild)
F S   UID   PID  PPID  C PRI  NI ADDR SZ WCHAN  TTY        TIME CMD
0 D 100667 29430 29129  0 80   0 - 32311 cxiWai ?          0:00 cp /star/data01/pwg/xiatong/AMPT/14GeV/data_1726154121.root /tmp/maxwoo/21EF1A6A9139C9FD2A38E59AFB466F9A_2676/INPUTFILES/data_1726154121.root
28916 Grandchild PID is 30177 - found in 20 x 2 seconds
28916 Grandchild to watch has changed on Thu Jun  2 10:54:45 EDT 2022
28916 Process tree is 28916 (main) -> 29129 (child) -> 30177 (grandchild)
F S   UID   PID  PPID  C PRI  NI ADDR SZ WCHAN  TTY        TIME CMD
0 D 100667 30177 29129  0 80   0 - 32311 cxiWai ?          0:00 cp /star/data01/pwg/xiatong/AMPT/14GeV/data_1729125071.root /tmp/maxwoo/21EF1A6A9139C9FD2A38E59AFB466F9A_2676/INPUTFILES/data_1729125071.root
28916 Grandchild PID is 30920 - found in 30 x 2 seconds
28916 Grandchild to watch has changed on Thu Jun  2 10:55:06 EDT 2022
28916 Process tree is 28916 (main) -> 29129 (child) -> 30920 (grandchild)
F S   UID   PID  PPID  C PRI  NI ADDR SZ WCHAN  TTY        TIME CMD
0 D 100667 30920 29129  0 80   0 - 32311 cxiWai ?          0:00 cp /star/data01/pwg/xiatong/AMPT/14GeV/data_1731161981.root /tmp/maxwoo/21EF1A6A9139C9FD2A38E59AFB466F9A_2676/INPUTFILES/data_1731161981.root
28916 Grandchild PID is 31939 - found in 40 x 2 seconds
28916 Grandchild to watch has changed on Thu Jun  2 10:55:27 EDT 2022
28916 Process tree is 28916 (main) -> 29129 (child) -> 31939 (grandchild)
F S   UID   PID  PPID  C PRI  NI ADDR SZ WCHAN  TTY        TIME CMD
0 D 100667 31939 29129  0 80   0 - 32311 cxiWai ?          0:00 cp /star/data01/pwg/xiatong/AMPT/14GeV/data_1731162561.root /tmp/maxwoo/21EF1A6A9139C9FD2A38E59AFB466F9A_2676/INPUTFILES/data_1731162561.root
28916 Grandchild PID is 32604 - found in 50 x 2 seconds
28916 Grandchild to watch has changed on Thu Jun  2 10:55:47 EDT 2022
28916 Process tree is 28916 (main) -> 29129 (child) -> 32604 (grandchild)
F S   UID   PID  PPID  C PRI  NI ADDR SZ WCHAN  TTY        TIME CMD
0 D 100667 32604 29129  0 80   0 - 32311 cxiWai ?          0:00 cp /star/data01/pwg/xiatong/AMPT/14GeV/data_1733014201.root /tmp/maxwoo/21EF1A6A9139C9FD2A38E59AFB466F9A_2676/INPUTFILES/data_1733014201.root
28916 Grandchild PID is 831 - found in 60 x 2 seconds
28916 Grandchild to watch has changed on Thu Jun  2 10:56:08 EDT 2022
28916 Process tree is 28916 (main) -> 29129 (child) -> 831 (grandchild)
F S   UID   PID  PPID  C PRI  NI ADDR SZ WCHAN  TTY        TIME CMD
0 D 100667  831 29129  0  80   0 - 32311 cxiWai ?          0:00 cp /star/data01/pwg/xiatong/AMPT/14GeV/data_1737154491.root /tmp/maxwoo/21EF1A6A9139C9FD2A38E59AFB466F9A_2676/INPUTFILES/data_1737154491.root
28916 Grandchild PID is 1012 - found in 70 x 2 seconds
28916 Grandchild to watch has changed on Thu Jun  2 10:56:29 EDT 2022
28916 Process tree is 28916 (main) -> 29129 (child) -> 1012 (grandchild)
F S   UID   PID  PPID  C PRI  NI ADDR SZ WCHAN  TTY        TIME CMD
0 D 100667 1012 29129  0  80   0 - 32311 cxiWai ?          0:00 cp /star/data01/pwg/xiatong/AMPT/14GeV/data_1738137361.root /tmp/maxwoo/21EF1A6A9139C9FD2A38E59AFB466F9A_2676/INPUTFILES/data_1738137361.root
28916 Grandchild PID is 1963 - found in 80 x 2 seconds
28916 Grandchild to watch has changed on Thu Jun  2 10:56:50 EDT 2022
28916 Process tree is 28916 (main) -> 29129 (child) -> 1963 (grandchild)
F S   UID   PID  PPID  C PRI  NI ADDR SZ WCHAN  TTY        TIME CMD
0 D 100667 1963 29129  0  80   0 - 32311 cxiWai ?          0:00 cp /star/data01/pwg/xiatong/AMPT/14GeV/data_1738154531.root /tmp/maxwoo/21EF1A6A9139C9FD2A38E59AFB466F9A_2676/INPUTFILES/data_1738154531.root
28916 Grandchild PID is 2472 - found in 90 x 2 seconds
28916 Grandchild to watch has changed on Thu Jun  2 10:57:11 EDT 2022
28916 Process tree is 28916 (main) -> 29129 (child) -> 2472 (grandchild)
F S   UID   PID  PPID  C PRI  NI ADDR SZ WCHAN  TTY        TIME CMD
0 D 100667 2472 29129  0  80   0 - 32311 cxiWai ?          0:00 cp /star/data01/pwg/xiatong/AMPT/14GeV/data_1739137291.root /tmp/maxwoo/21EF1A6A9139C9FD2A38E59AFB466F9A_2676/INPUTFILES/data_1739137291.root
28916 Grandchild PID is 3857 - found in 110 x 2 seconds
28916 Grandchild to watch has changed on Thu Jun  2 10:57:53 EDT 2022
28916 Process tree is 28916 (main) -> 29129 (child) -> 3857 (grandchild)
F S   UID   PID  PPID  C PRI  NI ADDR SZ WCHAN  TTY        TIME CMD
0 S 100667 3857 29129  0  80   0 -  1272 do_wai ?          0:00 root -b -q check_S.C++("/tmp/maxwoo/21EF1A6A9139C9FD2A38E59AFB466F9A_2676/INPUTFILES/21EF1A6A9139C9FD2A38E59AFB466F9A_2676.local.list","21EF1A6A9139C9FD2A38E59AFB466F9A_2676",1)
29129 Stepping into the main SUMS wrapper program with []
.... building sandbox
Running: cp /star/data01/pwg/xiatong/AMPT/14GeV/data_1725155121.root /tmp/maxwoo/21EF1A6A9139C9FD2A38E59AFB466F9A_2676/INPUTFILES/data_1725155121.root
Running: cp /star/data01/pwg/xiatong/AMPT/14GeV/data_1726154121.root /tmp/maxwoo/21EF1A6A9139C9FD2A38E59AFB466F9A_2676/INPUTFILES/data_1726154121.root
Running: cp /star/data01/pwg/xiatong/AMPT/14GeV/data_1726154251.root /tmp/maxwoo/21EF1A6A9139C9FD2A38E59AFB466F9A_2676/INPUTFILES/data_1726154251.root
Running: cp /star/data01/pwg/xiatong/AMPT/14GeV/data_1726154431.root /tmp/maxwoo/21EF1A6A9139C9FD2A38E59AFB466F9A_2676/INPUTFILES/data_1726154431.root
Running: cp /star/data01/pwg/xiatong/AMPT/14GeV/data_1727154591.root /tmp/maxwoo/21EF1A6A9139C9FD2A38E59AFB466F9A_2676/INPUTFILES/data_1727154591.root
Running: cp /star/data01/pwg/xiatong/AMPT/14GeV/data_1727717991.root /tmp/maxwoo/21EF1A6A9139C9FD2A38E59AFB466F9A_2676/INPUTFILES/data_1727717991.root
Running: cp /star/data01/pwg/xiatong/AMPT/14GeV/data_1728154351.root /tmp/maxwoo/21EF1A6A9139C9FD2A38E59AFB466F9A_2676/INPUTFILES/data_1728154351.root
Running: cp /star/data01/pwg/xiatong/AMPT/14GeV/data_1729125071.root /tmp/maxwoo/21EF1A6A9139C9FD2A38E59AFB466F9A_2676/INPUTFILES/data_1729125071.root
Running: cp /star/data01/pwg/xiatong/AMPT/14GeV/data_1729216601.root /tmp/maxwoo/21EF1A6A9139C9FD2A38E59AFB466F9A_2676/INPUTFILES/data_1729216601.root
Running: cp /star/data01/pwg/xiatong/AMPT/14GeV/data_1729414721.root /tmp/maxwoo/21EF1A6A9139C9FD2A38E59AFB466F9A_2676/INPUTFILES/data_1729414721.root
Running: cp /star/data01/pwg/xiatong/AMPT/14GeV/data_1731016941.root /tmp/maxwoo/21EF1A6A9139C9FD2A38E59AFB466F9A_2676/INPUTFILES/data_1731016941.root
Running: cp /star/data01/pwg/xiatong/AMPT/14GeV/data_1731137301.root /tmp/maxwoo/21EF1A6A9139C9FD2A38E59AFB466F9A_2676/INPUTFILES/data_1731137301.root
Running: cp /star/data01/pwg/xiatong/AMPT/14GeV/data_1731161981.root /tmp/maxwoo/21EF1A6A9139C9FD2A38E59AFB466F9A_2676/INPUTFILES/data_1731161981.root
Running: cp /star/data01/pwg/xiatong/AMPT/14GeV/data_1731162561.root /tmp/maxwoo/21EF1A6A9139C9FD2A38E59AFB466F9A_2676/INPUTFILES/data_1731162561.root
Running: cp /star/data01/pwg/xiatong/AMPT/14GeV/data_1731182701.root /tmp/maxwoo/21EF1A6A9139C9FD2A38E59AFB466F9A_2676/INPUTFILES/data_1731182701.root
Running: cp /star/data01/pwg/xiatong/AMPT/14GeV/data_1731321861.root /tmp/maxwoo/21EF1A6A9139C9FD2A38E59AFB466F9A_2676/INPUTFILES/data_1731321861.root
Running: cp /star/data01/pwg/xiatong/AMPT/14GeV/data_1732182721.root /tmp/maxwoo/21EF1A6A9139C9FD2A38E59AFB466F9A_2676/INPUTFILES/data_1732182721.root
Running: cp /star/data01/pwg/xiatong/AMPT/14GeV/data_1732417071.root /tmp/maxwoo/21EF1A6A9139C9FD2A38E59AFB466F9A_2676/INPUTFILES/data_1732417071.root
Running: cp /star/data01/pwg/xiatong/AMPT/14GeV/data_1733014201.root /tmp/maxwoo/21EF1A6A9139C9FD2A38E59AFB466F9A_2676/INPUTFILES/data_1733014201.root
Running: cp /star/data01/pwg/xiatong/AMPT/14GeV/data_1734186251.root /tmp/maxwoo/21EF1A6A9139C9FD2A38E59AFB466F9A_2676/INPUTFILES/data_1734186251.root
Running: cp /star/data01/pwg/xiatong/AMPT/14GeV/data_1734520411.root /tmp/maxwoo/21EF1A6A9139C9FD2A38E59AFB466F9A_2676/INPUTFILES/data_1734520411.root
Running: cp /star/data01/pwg/xiatong/AMPT/14GeV/data_1736154571.root /tmp/maxwoo/21EF1A6A9139C9FD2A38E59AFB466F9A_2676/INPUTFILES/data_1736154571.root
Running: cp /star/data01/pwg/xiatong/AMPT/14GeV/data_1736154681.root /tmp/maxwoo/21EF1A6A9139C9FD2A38E59AFB466F9A_2676/INPUTFILES/data_1736154681.root
Running: cp /star/data01/pwg/xiatong/AMPT/14GeV/data_1737154331.root /tmp/maxwoo/21EF1A6A9139C9FD2A38E59AFB466F9A_2676/INPUTFILES/data_1737154331.root
Running: cp /star/data01/pwg/xiatong/AMPT/14GeV/data_1737154451.root /tmp/maxwoo/21EF1A6A9139C9FD2A38E59AFB466F9A_2676/INPUTFILES/data_1737154451.root
Running: cp /star/data01/pwg/xiatong/AMPT/14GeV/data_1737154491.root /tmp/maxwoo/21EF1A6A9139C9FD2A38E59AFB466F9A_2676/INPUTFILES/data_1737154491.root
Running: cp /star/data01/pwg/xiatong/AMPT/14GeV/data_1738137361.root /tmp/maxwoo/21EF1A6A9139C9FD2A38E59AFB466F9A_2676/INPUTFILES/data_1738137361.root
Running: cp /star/data01/pwg/xiatong/AMPT/14GeV/data_1738154221.root /tmp/maxwoo/21EF1A6A9139C9FD2A38E59AFB466F9A_2676/INPUTFILES/data_1738154221.root
Running: cp /star/data01/pwg/xiatong/AMPT/14GeV/data_1738154401.root /tmp/maxwoo/21EF1A6A9139C9FD2A38E59AFB466F9A_2676/INPUTFILES/data_1738154401.root
Running: cp /star/data01/pwg/xiatong/AMPT/14GeV/data_1738154531.root /tmp/maxwoo/21EF1A6A9139C9FD2A38E59AFB466F9A_2676/INPUTFILES/data_1738154531.root
Running: cp /star/data01/pwg/xiatong/AMPT/14GeV/data_1738154761.root /tmp/maxwoo/21EF1A6A9139C9FD2A38E59AFB466F9A_2676/INPUTFILES/data_1738154761.root
Running: cp /star/data01/pwg/xiatong/AMPT/14GeV/data_1738614031.root /tmp/maxwoo/21EF1A6A9139C9FD2A38E59AFB466F9A_2676/INPUTFILES/data_1738614031.root
Running: cp /star/data01/pwg/xiatong/AMPT/14GeV/data_1738614501.root /tmp/maxwoo/21EF1A6A9139C9FD2A38E59AFB466F9A_2676/INPUTFILES/data_1738614501.root
Running: cp /star/data01/pwg/xiatong/AMPT/14GeV/data_1739137291.root /tmp/maxwoo/21EF1A6A9139C9FD2A38E59AFB466F9A_2676/INPUTFILES/data_1739137291.root
Running: cp /star/data01/pwg/xiatong/AMPT/14GeV/data_1739154211.root /tmp/maxwoo/21EF1A6A9139C9FD2A38E59AFB466F9A_2676/INPUTFILES/data_1739154211.root
Running: cp /star/data01/pwg/xiatong/AMPT/14GeV/data_1739154601.root /tmp/maxwoo/21EF1A6A9139C9FD2A38E59AFB466F9A_2676/INPUTFILES/data_1739154601.root
Running: cp /star/data01/pwg/xiatong/AMPT/14GeV/data_1739154631.root /tmp/maxwoo/21EF1A6A9139C9FD2A38E59AFB466F9A_2676/INPUTFILES/data_1739154631.root
Swapping $FILELIST with: /tmp/maxwoo/21EF1A6A9139C9FD2A38E59AFB466F9A_2676/INPUTFILES/21EF1A6A9139C9FD2A38E59AFB466F9A_2676.local.list
+++++++++++local copy debug++++++++++++++++++++
newFileList: /tmp/maxwoo/21EF1A6A9139C9FD2A38E59AFB466F9A_2676/INPUTFILES/21EF1A6A9139C9FD2A38E59AFB466F9A_2676.local.list
++++++++++++++++cat FILELIST+++++++++++++++++++
/tmp/maxwoo/21EF1A6A9139C9FD2A38E59AFB466F9A_2676/INPUTFILES/data_1725155121.root 
/tmp/maxwoo/21EF1A6A9139C9FD2A38E59AFB466F9A_2676/INPUTFILES/data_1726154121.root 
/tmp/maxwoo/21EF1A6A9139C9FD2A38E59AFB466F9A_2676/INPUTFILES/data_1726154251.root 
/tmp/maxwoo/21EF1A6A9139C9FD2A38E59AFB466F9A_2676/INPUTFILES/data_1726154431.root 
/tmp/maxwoo/21EF1A6A9139C9FD2A38E59AFB466F9A_2676/INPUTFILES/data_1727154591.root 
/tmp/maxwoo/21EF1A6A9139C9FD2A38E59AFB466F9A_2676/INPUTFILES/data_1727717991.root 
/tmp/maxwoo/21EF1A6A9139C9FD2A38E59AFB466F9A_2676/INPUTFILES/data_1728154351.root 
/tmp/maxwoo/21EF1A6A9139C9FD2A38E59AFB466F9A_2676/INPUTFILES/data_1729125071.root 
/tmp/maxwoo/21EF1A6A9139C9FD2A38E59AFB466F9A_2676/INPUTFILES/data_1729216601.root 
/tmp/maxwoo/21EF1A6A9139C9FD2A38E59AFB466F9A_2676/INPUTFILES/data_1729414721.root 
/tmp/maxwoo/21EF1A6A9139C9FD2A38E59AFB466F9A_2676/INPUTFILES/data_1731016941.root 
/tmp/maxwoo/21EF1A6A9139C9FD2A38E59AFB466F9A_2676/INPUTFILES/data_1731137301.root 
/tmp/maxwoo/21EF1A6A9139C9FD2A38E59AFB466F9A_2676/INPUTFILES/data_1731161981.root 
/tmp/maxwoo/21EF1A6A9139C9FD2A38E59AFB466F9A_2676/INPUTFILES/data_1731162561.root 
/tmp/maxwoo/21EF1A6A9139C9FD2A38E59AFB466F9A_2676/INPUTFILES/data_1731182701.root 
/tmp/maxwoo/21EF1A6A9139C9FD2A38E59AFB466F9A_2676/INPUTFILES/data_1731321861.root 
/tmp/maxwoo/21EF1A6A9139C9FD2A38E59AFB466F9A_2676/INPUTFILES/data_1732182721.root 
/tmp/maxwoo/21EF1A6A9139C9FD2A38E59AFB466F9A_2676/INPUTFILES/data_1732417071.root 
/tmp/maxwoo/21EF1A6A9139C9FD2A38E59AFB466F9A_2676/INPUTFILES/data_1733014201.root 
/tmp/maxwoo/21EF1A6A9139C9FD2A38E59AFB466F9A_2676/INPUTFILES/data_1734186251.root 
/tmp/maxwoo/21EF1A6A9139C9FD2A38E59AFB466F9A_2676/INPUTFILES/data_1734520411.root 
/tmp/maxwoo/21EF1A6A9139C9FD2A38E59AFB466F9A_2676/INPUTFILES/data_1736154571.root 
/tmp/maxwoo/21EF1A6A9139C9FD2A38E59AFB466F9A_2676/INPUTFILES/data_1736154681.root 
/tmp/maxwoo/21EF1A6A9139C9FD2A38E59AFB466F9A_2676/INPUTFILES/data_1737154331.root 
/tmp/maxwoo/21EF1A6A9139C9FD2A38E59AFB466F9A_2676/INPUTFILES/data_1737154451.root 
/tmp/maxwoo/21EF1A6A9139C9FD2A38E59AFB466F9A_2676/INPUTFILES/data_1737154491.root 
/tmp/maxwoo/21EF1A6A9139C9FD2A38E59AFB466F9A_2676/INPUTFILES/data_1738137361.root 
/tmp/maxwoo/21EF1A6A9139C9FD2A38E59AFB466F9A_2676/INPUTFILES/data_1738154221.root 
/tmp/maxwoo/21EF1A6A9139C9FD2A38E59AFB466F9A_2676/INPUTFILES/data_1738154401.root 
/tmp/maxwoo/21EF1A6A9139C9FD2A38E59AFB466F9A_2676/INPUTFILES/data_1738154531.root 
/tmp/maxwoo/21EF1A6A9139C9FD2A38E59AFB466F9A_2676/INPUTFILES/data_1738154761.root 
/tmp/maxwoo/21EF1A6A9139C9FD2A38E59AFB466F9A_2676/INPUTFILES/data_1738614031.root 
/tmp/maxwoo/21EF1A6A9139C9FD2A38E59AFB466F9A_2676/INPUTFILES/data_1738614501.root 
/tmp/maxwoo/21EF1A6A9139C9FD2A38E59AFB466F9A_2676/INPUTFILES/data_1739137291.root 
/tmp/maxwoo/21EF1A6A9139C9FD2A38E59AFB466F9A_2676/INPUTFILES/data_1739154211.root 
/tmp/maxwoo/21EF1A6A9139C9FD2A38E59AFB466F9A_2676/INPUTFILES/data_1739154601.root 
/tmp/maxwoo/21EF1A6A9139C9FD2A38E59AFB466F9A_2676/INPUTFILES/data_1739154631.root 
++++++++++++++++++++find.++++++++++++++++++++++
.
./.errror.log
./lib
./lib/my_event.h
./lib/NpartNormalizer_cpp.d
./lib/my_particle_cpp.so
./lib/my_event_cpp.so
./lib/my_particle.cpp
./lib/MixedBuffer.cpp
./lib/my_particle.h
./lib/CenMaker.h
./lib/NpartNormalizer_cpp.so
./lib/NpartNormalizer.h
./lib/my_event_cpp.d
./lib/CenMaker_cpp_ACLiC_dict_rdict.pcm
./lib/MixedBuffer_cpp.d
./lib/NpartNormalizer_cpp_ACLiC_dict_rdict.pcm
./lib/my_event_cpp_ACLiC_dict_rdict.pcm
./lib/NpartNormalizer.cpp
./lib/MixedBuffer.h
./lib/MixedBuffer_cpp.so
./lib/my_particle_cpp.d
./lib/MixedBuffer_cpp_ACLiC_dict_rdict.pcm
./lib/CenMaker_cpp.so
./lib/my_particle_cpp_ACLiC_dict_rdict.pcm
./lib/CenMaker_cpp.d
./lib/CenMaker.cpp
./lib/my_event.cpp
./.sandboxFiles
./INPUTFILES
./INPUTFILES/data_1731182701.root
./INPUTFILES/data_1736154681.root
./INPUTFILES/data_1736154571.root
./INPUTFILES/data_1738154761.root
./INPUTFILES/data_1734186251.root
./INPUTFILES/data_1731016941.root
./INPUTFILES/data_1737154491.root
./INPUTFILES/data_1729216601.root
./INPUTFILES/data_1737154451.root
./INPUTFILES/data_1729125071.root
./INPUTFILES/data_1732417071.root
./INPUTFILES/data_1739154601.root
./INPUTFILES/data_1738154221.root
./INPUTFILES/data_1726154121.root
./INPUTFILES/data_1726154251.root
./INPUTFILES/data_1727154591.root
./INPUTFILES/21EF1A6A9139C9FD2A38E59AFB466F9A_2676.local.list
./INPUTFILES/data_1731321861.root
./INPUTFILES/data_1738154531.root
./INPUTFILES/data_1733014201.root
./INPUTFILES/data_1727717991.root
./INPUTFILES/data_1738137361.root
./INPUTFILES/data_1739154211.root
./INPUTFILES/data_1738614031.root
./INPUTFILES/data_1725155121.root
./INPUTFILES/data_1729414721.root
./INPUTFILES/data_1738614501.root
./INPUTFILES/data_1732182721.root
./INPUTFILES/data_1731161981.root
./INPUTFILES/data_1739154631.root
./INPUTFILES/data_1731137301.root
./INPUTFILES/data_1728154351.root
./INPUTFILES/data_1738154401.root
./INPUTFILES/data_1731162561.root
./INPUTFILES/data_1739137291.root
./INPUTFILES/data_1737154331.root
./INPUTFILES/data_1726154431.root
./INPUTFILES/data_1734520411.root
./.output.log
./check_S.C
./Check_Sness.C
++++++++++++++++INPUTFILE Var++++++++++++++++++
FILELIST=/tmp/maxwoo/21EF1A6A9139C9FD2A38E59AFB466F9A_2676/INPUTFILES/21EF1A6A9139C9FD2A38E59AFB466F9A_2676.local.list
INPUTFILECOUNT=37
INPUTFILE0=/tmp/maxwoo/21EF1A6A9139C9FD2A38E59AFB466F9A_2676/INPUTFILES/data_1725155121.root
INPUTFILE1=/tmp/maxwoo/21EF1A6A9139C9FD2A38E59AFB466F9A_2676/INPUTFILES/data_1726154121.root
INPUTFILE2=/tmp/maxwoo/21EF1A6A9139C9FD2A38E59AFB466F9A_2676/INPUTFILES/data_1726154251.root
INPUTFILE3=/tmp/maxwoo/21EF1A6A9139C9FD2A38E59AFB466F9A_2676/INPUTFILES/data_1726154431.root
INPUTFILE4=/tmp/maxwoo/21EF1A6A9139C9FD2A38E59AFB466F9A_2676/INPUTFILES/data_1727154591.root
INPUTFILE5=/tmp/maxwoo/21EF1A6A9139C9FD2A38E59AFB466F9A_2676/INPUTFILES/data_1727717991.root
INPUTFILE6=/tmp/maxwoo/21EF1A6A9139C9FD2A38E59AFB466F9A_2676/INPUTFILES/data_1728154351.root
INPUTFILE7=/tmp/maxwoo/21EF1A6A9139C9FD2A38E59AFB466F9A_2676/INPUTFILES/data_1729125071.root
INPUTFILE8=/tmp/maxwoo/21EF1A6A9139C9FD2A38E59AFB466F9A_2676/INPUTFILES/data_1729216601.root
INPUTFILE9=/tmp/maxwoo/21EF1A6A9139C9FD2A38E59AFB466F9A_2676/INPUTFILES/data_1729414721.root
INPUTFILE10=/tmp/maxwoo/21EF1A6A9139C9FD2A38E59AFB466F9A_2676/INPUTFILES/data_1731016941.root
INPUTFILE11=/tmp/maxwoo/21EF1A6A9139C9FD2A38E59AFB466F9A_2676/INPUTFILES/data_1731137301.root
INPUTFILE12=/tmp/maxwoo/21EF1A6A9139C9FD2A38E59AFB466F9A_2676/INPUTFILES/data_1731161981.root
INPUTFILE13=/tmp/maxwoo/21EF1A6A9139C9FD2A38E59AFB466F9A_2676/INPUTFILES/data_1731162561.root
INPUTFILE14=/tmp/maxwoo/21EF1A6A9139C9FD2A38E59AFB466F9A_2676/INPUTFILES/data_1731182701.root
INPUTFILE15=/tmp/maxwoo/21EF1A6A9139C9FD2A38E59AFB466F9A_2676/INPUTFILES/data_1731321861.root
INPUTFILE16=/tmp/maxwoo/21EF1A6A9139C9FD2A38E59AFB466F9A_2676/INPUTFILES/data_1732182721.root
INPUTFILE17=/tmp/maxwoo/21EF1A6A9139C9FD2A38E59AFB466F9A_2676/INPUTFILES/data_1732417071.root
INPUTFILE18=/tmp/maxwoo/21EF1A6A9139C9FD2A38E59AFB466F9A_2676/INPUTFILES/data_1733014201.root
INPUTFILE19=/tmp/maxwoo/21EF1A6A9139C9FD2A38E59AFB466F9A_2676/INPUTFILES/data_1734186251.root
INPUTFILE20=/tmp/maxwoo/21EF1A6A9139C9FD2A38E59AFB466F9A_2676/INPUTFILES/data_1734520411.root
INPUTFILE21=/tmp/maxwoo/21EF1A6A9139C9FD2A38E59AFB466F9A_2676/INPUTFILES/data_1736154571.root
INPUTFILE22=/tmp/maxwoo/21EF1A6A9139C9FD2A38E59AFB466F9A_2676/INPUTFILES/data_1736154681.root
INPUTFILE23=/tmp/maxwoo/21EF1A6A9139C9FD2A38E59AFB466F9A_2676/INPUTFILES/data_1737154331.root
INPUTFILE24=/tmp/maxwoo/21EF1A6A9139C9FD2A38E59AFB466F9A_2676/INPUTFILES/data_1737154451.root
INPUTFILE25=/tmp/maxwoo/21EF1A6A9139C9FD2A38E59AFB466F9A_2676/INPUTFILES/data_1737154491.root
INPUTFILE26=/tmp/maxwoo/21EF1A6A9139C9FD2A38E59AFB466F9A_2676/INPUTFILES/data_1738137361.root
INPUTFILE27=/tmp/maxwoo/21EF1A6A9139C9FD2A38E59AFB466F9A_2676/INPUTFILES/data_1738154221.root
INPUTFILE28=/tmp/maxwoo/21EF1A6A9139C9FD2A38E59AFB466F9A_2676/INPUTFILES/data_1738154401.root
INPUTFILE29=/tmp/maxwoo/21EF1A6A9139C9FD2A38E59AFB466F9A_2676/INPUTFILES/data_1738154531.root
INPUTFILE30=/tmp/maxwoo/21EF1A6A9139C9FD2A38E59AFB466F9A_2676/INPUTFILES/data_1738154761.root
INPUTFILE31=/tmp/maxwoo/21EF1A6A9139C9FD2A38E59AFB466F9A_2676/INPUTFILES/data_1738614031.root
INPUTFILE32=/tmp/maxwoo/21EF1A6A9139C9FD2A38E59AFB466F9A_2676/INPUTFILES/data_1738614501.root
INPUTFILE33=/tmp/maxwoo/21EF1A6A9139C9FD2A38E59AFB466F9A_2676/INPUTFILES/data_1739137291.root
INPUTFILE34=/tmp/maxwoo/21EF1A6A9139C9FD2A38E59AFB466F9A_2676/INPUTFILES/data_1739154211.root
INPUTFILE35=/tmp/maxwoo/21EF1A6A9139C9FD2A38E59AFB466F9A_2676/INPUTFILES/data_1739154601.root
INPUTFILE36=/tmp/maxwoo/21EF1A6A9139C9FD2A38E59AFB466F9A_2676/INPUTFILES/data_1739154631.root
LocalInputFileDir=/tmp/maxwoo/21EF1A6A9139C9FD2A38E59AFB466F9A_2676/INPUTFILES
NewFILELIST=/tmp/maxwoo/21EF1A6A9139C9FD2A38E59AFB466F9A_2676/INPUTFILES/21EF1A6A9139C9FD2A38E59AFB466F9A_2676.local.list
+++++++++++++++++++++++++++++++++++++++++++++++
--------------------------------
Simple Unified Meta Scheduler 1.10.50 we are starting in $SCRATCH : /home/tmp/maxwoo/21EF1A6A9139C9FD2A38E59AFB466F9A_2676
--------------------------------
total 16
lrwxrwxrwx 1 maxwoo rhstar   61 Jun  2 10:54 check_S.C -> /gpfs/mnt/gpfs01/star/pwg/xiatong/git/strangeness/./check_S.C
lrwxrwxrwx 1 maxwoo rhstar   65 Jun  2 10:54 Check_Sness.C -> /gpfs/mnt/gpfs01/star/pwg/xiatong/git/strangeness/./Check_Sness.C
drwxr-xr-x 2 maxwoo rhstar 4096 Jun  2 10:57 INPUTFILES
drwxr-xr-x 2 maxwoo rhstar 4096 Jun  2 10:54 lib
  *******************************************
  *                                         *
  *        W E L C O M E  to  R O O T       *
  *                                         *
  *   Version   5.34/38     12 March 2018   *
  *                                         *
  *  You are welcome to visit our Web site  *
  *          http://root.cern.ch            *
  *                                         *
  *******************************************

ROOT 5.34/38 (v5-34-38@v5-34-38, Mar 12 2018, 15:49:39 on linux)

CINT/ROOT C/C++ Interpreter version 5.18.00, July 2, 2010
Type ? for help. Commands must be C++ statements.
Enclose multiple statements between { }.
*** Float Point Exception is OFF ***
 *** Start at Date : Thu Jun  2 10:57:39 2022
QAInfo:You are using STAR_LEVEL : dev, ROOT_LEVEL : 5.34.38 and node : rcas2408.rcf.bnl.gov 

Processing check_S.C++("/tmp/maxwoo/21EF1A6A9139C9FD2A38E59AFB466F9A_2676/INPUTFILES/21EF1A6A9139C9FD2A38E59AFB466F9A_2676.local.list","21EF1A6A9139C9FD2A38E59AFB466F9A_2676",1)...
/tmp/maxwoo/21EF1A6A9139C9FD2A38E59AFB466F9A_2676/INPUTFILES/data_1725155121.root 
/tmp/maxwoo/21EF1A6A9139C9FD2A38E59AFB466F9A_2676/INPUTFILES/data_1726154121.root 
/tmp/maxwoo/21EF1A6A9139C9FD2A38E59AFB466F9A_2676/INPUTFILES/data_1726154251.root 
/tmp/maxwoo/21EF1A6A9139C9FD2A38E59AFB466F9A_2676/INPUTFILES/data_1726154431.root 
/tmp/maxwoo/21EF1A6A9139C9FD2A38E59AFB466F9A_2676/INPUTFILES/data_1727154591.root 
/tmp/maxwoo/21EF1A6A9139C9FD2A38E59AFB466F9A_2676/INPUTFILES/data_1727717991.root 
/tmp/maxwoo/21EF1A6A9139C9FD2A38E59AFB466F9A_2676/INPUTFILES/data_1728154351.root 
/tmp/maxwoo/21EF1A6A9139C9FD2A38E59AFB466F9A_2676/INPUTFILES/data_1729125071.root 
/tmp/maxwoo/21EF1A6A9139C9FD2A38E59AFB466F9A_2676/INPUTFILES/data_1729216601.root 
/tmp/maxwoo/21EF1A6A9139C9FD2A38E59AFB466F9A_2676/INPUTFILES/data_1729414721.root 
/tmp/maxwoo/21EF1A6A9139C9FD2A38E59AFB466F9A_2676/INPUTFILES/data_1731016941.root 
/tmp/maxwoo/21EF1A6A9139C9FD2A38E59AFB466F9A_2676/INPUTFILES/data_1731137301.root 
/tmp/maxwoo/21EF1A6A9139C9FD2A38E59AFB466F9A_2676/INPUTFILES/data_1731161981.root 
/tmp/maxwoo/21EF1A6A9139C9FD2A38E59AFB466F9A_2676/INPUTFILES/data_1731162561.root 
/tmp/maxwoo/21EF1A6A9139C9FD2A38E59AFB466F9A_2676/INPUTFILES/data_1731182701.root 
/tmp/maxwoo/21EF1A6A9139C9FD2A38E59AFB466F9A_2676/INPUTFILES/data_1731321861.root 
/tmp/maxwoo/21EF1A6A9139C9FD2A38E59AFB466F9A_2676/INPUTFILES/data_1732182721.root 
/tmp/maxwoo/21EF1A6A9139C9FD2A38E59AFB466F9A_2676/INPUTFILES/data_1732417071.root 
/tmp/maxwoo/21EF1A6A9139C9FD2A38E59AFB466F9A_2676/INPUTFILES/data_1733014201.root 
/tmp/maxwoo/21EF1A6A9139C9FD2A38E59AFB466F9A_2676/INPUTFILES/data_1734186251.root 
/tmp/maxwoo/21EF1A6A9139C9FD2A38E59AFB466F9A_2676/INPUTFILES/data_1734520411.root 
/tmp/maxwoo/21EF1A6A9139C9FD2A38E59AFB466F9A_2676/INPUTFILES/data_1736154571.root 
/tmp/maxwoo/21EF1A6A9139C9FD2A38E59AFB466F9A_2676/INPUTFILES/data_1736154681.root 
/tmp/maxwoo/21EF1A6A9139C9FD2A38E59AFB466F9A_2676/INPUTFILES/data_1737154331.root 
/tmp/maxwoo/21EF1A6A9139C9FD2A38E59AFB466F9A_2676/INPUTFILES/data_1737154451.root 
/tmp/maxwoo/21EF1A6A9139C9FD2A38E59AFB466F9A_2676/INPUTFILES/data_1737154491.root 
/tmp/maxwoo/21EF1A6A9139C9FD2A38E59AFB466F9A_2676/INPUTFILES/data_1738137361.root 
/tmp/maxwoo/21EF1A6A9139C9FD2A38E59AFB466F9A_2676/INPUTFILES/data_1738154221.root 
/tmp/maxwoo/21EF1A6A9139C9FD2A38E59AFB466F9A_2676/INPUTFILES/data_1738154401.root 
/tmp/maxwoo/21EF1A6A9139C9FD2A38E59AFB466F9A_2676/INPUTFILES/data_1738154531.root 
/tmp/maxwoo/21EF1A6A9139C9FD2A38E59AFB466F9A_2676/INPUTFILES/data_1738154761.root 
/tmp/maxwoo/21EF1A6A9139C9FD2A38E59AFB466F9A_2676/INPUTFILES/data_1738614031.root 
/tmp/maxwoo/21EF1A6A9139C9FD2A38E59AFB466F9A_2676/INPUTFILES/data_1738614501.root 
/tmp/maxwoo/21EF1A6A9139C9FD2A38E59AFB466F9A_2676/INPUTFILES/data_1739137291.root 
/tmp/maxwoo/21EF1A6A9139C9FD2A38E59AFB466F9A_2676/INPUTFILES/data_1739154211.root 
/tmp/maxwoo/21EF1A6A9139C9FD2A38E59AFB466F9A_2676/INPUTFILES/data_1739154601.root 
/tmp/maxwoo/21EF1A6A9139C9FD2A38E59AFB466F9A_2676/INPUTFILES/data_1739154631.root 
Added 37 files
# entries in chain: 37000
Processing entry == 1000 == out of 37000.
Processing entry == 2000 == out of 37000.
Processing entry == 3000 == out of 37000.
Processing entry == 4000 == out of 37000.
Processing entry == 5000 == out of 37000.
Processing entry == 6000 == out of 37000.
Processing entry == 7000 == out of 37000.
Processing entry == 8000 == out of 37000.
Processing entry == 9000 == out of 37000.
Processing entry == 10000 == out of 37000.
Processing entry == 11000 == out of 37000.
Processing entry == 12000 == out of 37000.
Processing entry == 13000 == out of 37000.
Processing entry == 14000 == out of 37000.
Processing entry == 15000 == out of 37000.
Processing entry == 16000 == out of 37000.
Processing entry == 17000 == out of 37000.
Processing entry == 18000 == out of 37000.
Processing entry == 19000 == out of 37000.
Processing entry == 20000 == out of 37000.
Processing entry == 21000 == out of 37000.
Processing entry == 22000 == out of 37000.
Processing entry == 23000 == out of 37000.
Processing entry == 24000 == out of 37000.
Processing entry == 25000 == out of 37000.
Processing entry == 26000 == out of 37000.
Processing entry == 27000 == out of 37000.
Processing entry == 28000 == out of 37000.
Processing entry == 29000 == out of 37000.
Processing entry == 30000 == out of 37000.
Processing entry == 31000 == out of 37000.
Processing entry == 32000 == out of 37000.
Processing entry == 33000 == out of 37000.
Processing entry == 34000 == out of 37000.
Processing entry == 35000 == out of 37000.
Processing entry == 36000 == out of 37000.
Processing entry == 37000 == out of 37000.

This is the end of ROOT -- Goodbye

Cleaning up sandbox file:  /tmp/maxwoo/21EF1A6A9139C9FD2A38E59AFB466F9A_2676/check_S.C
Cleaning up sandbox file:  /tmp/maxwoo/21EF1A6A9139C9FD2A38E59AFB466F9A_2676/Check_Sness.C
Cleaning up sandbox file:  /tmp/maxwoo/21EF1A6A9139C9FD2A38E59AFB466F9A_2676/lib
Cleaning up sandbox file:  /tmp/maxwoo/21EF1A6A9139C9FD2A38E59AFB466F9A_2676/.sandboxFiles
Starting copy block
Running copy command:  /bin/cp -fp /tmp/maxwoo/21EF1A6A9139C9FD2A38E59AFB466F9A_2676/out_21EF1A6A9139C9FD2A38E59AFB466F9A_2676.root /star/data01/pwg/xiatong/git/strangeness/data/
28916 Execution of (/star/data01/pwg/xiatong/git/strangeness/script/sched21EF1A6A9139C9FD2A38E59AFB466F9A_2676.csh ) has ended, exiting normally
28916 We END on [Thu Jun  2 11:24:03 EDT 2022]
