We are starting on node: rcrs6045.rcf.bnl.gov
HOME is not defined
Using getent method
HOME is now /star/u/maxwoo
19012 We will spawn ourselves (/star/data01/pwg/xiatong/git/strangeness/script/sched21EF1A6A9139C9FD2A38E59AFB466F9A_1421.csh )
19012 We BEGIN on [Thu Jun  2 11:17:31 EDT 2022]
[1] 19216
19012 We are waiting for 19216 
19012 Grandchild PID is 20061 - found in 10 x 1 seconds
19012 Establishing first watcher   on    Thu Jun  2 11:17:42 EDT 2022
19012 Process tree is 19012 (main) -> 19216 (child) -> 20061 (grandchild)
F S   UID   PID  PPID  C PRI  NI ADDR SZ WCHAN  TTY        TIME CMD
0 D 100667 20061 19216  0 80   0 - 32311 cxiWai ?          0:00 cp /star/data01/pwg/xiatong/AMPT/14GeV/data_492046541.root /tmp/maxwoo/21EF1A6A9139C9FD2A38E59AFB466F9A_1421/INPUTFILES/data_492046541.root
19012 Grandchild PID is 20615 - found in 20 x 2 seconds
19012 Grandchild to watch has changed on Thu Jun  2 11:18:09 EDT 2022
19012 Process tree is 19012 (main) -> 19216 (child) -> 20615 (grandchild)
F S   UID   PID  PPID  C PRI  NI ADDR SZ WCHAN  TTY        TIME CMD
19012 Grandchild PID is 23897 - found in 40 x 2 seconds
19012 Grandchild to watch has changed on Thu Jun  2 11:18:51 EDT 2022
19012 Process tree is 19012 (main) -> 19216 (child) -> 23897 (grandchild)
F S   UID   PID  PPID  C PRI  NI ADDR SZ WCHAN  TTY        TIME CMD
0 D 100667 23897 19216  0 80   0 - 32311 cxiWai ?          0:00 cp /star/data01/pwg/xiatong/AMPT/14GeV/data_492146011.root /tmp/maxwoo/21EF1A6A9139C9FD2A38E59AFB466F9A_1421/INPUTFILES/data_492146011.root
19012 Grandchild PID is 25759 - found in 50 x 2 seconds
19012 Grandchild to watch has changed on Thu Jun  2 11:19:11 EDT 2022
19012 Process tree is 19012 (main) -> 19216 (child) -> 25759 (grandchild)
F S   UID   PID  PPID  C PRI  NI ADDR SZ WCHAN  TTY        TIME CMD
0 D 100667 25759 19216  0 80   0 - 32311 cxiWai ?          0:00 cp /star/data01/pwg/xiatong/AMPT/14GeV/data_492146471.root /tmp/maxwoo/21EF1A6A9139C9FD2A38E59AFB466F9A_1421/INPUTFILES/data_492146471.root
19012 Grandchild PID is 27261 - found in 60 x 2 seconds
19012 Grandchild to watch has changed on Thu Jun  2 11:19:32 EDT 2022
19012 Process tree is 19012 (main) -> 19216 (child) -> 27261 (grandchild)
F S   UID   PID  PPID  C PRI  NI ADDR SZ WCHAN  TTY        TIME CMD
0 D 100667 27261 19216  0 80   0 - 32311 cxiWai ?          0:00 cp /star/data01/pwg/xiatong/AMPT/14GeV/data_492146611.root /tmp/maxwoo/21EF1A6A9139C9FD2A38E59AFB466F9A_1421/INPUTFILES/data_492146611.root
19012 Grandchild PID is 28908 - found in 70 x 2 seconds
19012 Grandchild to watch has changed on Thu Jun  2 11:19:53 EDT 2022
19012 Process tree is 19012 (main) -> 19216 (child) -> 28908 (grandchild)
F S   UID   PID  PPID  C PRI  NI ADDR SZ WCHAN  TTY        TIME CMD
0 D 100667 28908 19216  0 80   0 - 32311 cxiWai ?          0:00 cp /star/data01/pwg/xiatong/AMPT/14GeV/data_492146911.root /tmp/maxwoo/21EF1A6A9139C9FD2A38E59AFB466F9A_1421/INPUTFILES/data_492146911.root
19012 Grandchild PID is 30706 - found in 80 x 2 seconds
19012 Grandchild to watch has changed on Thu Jun  2 11:20:13 EDT 2022
19012 Process tree is 19012 (main) -> 19216 (child) -> 30706 (grandchild)
F S   UID   PID  PPID  C PRI  NI ADDR SZ WCHAN  TTY        TIME CMD
0 D 100667 30706 19216  0 80   0 - 32311 cxiWai ?          0:00 cp /star/data01/pwg/xiatong/AMPT/14GeV/data_492195651.root /tmp/maxwoo/21EF1A6A9139C9FD2A38E59AFB466F9A_1421/INPUTFILES/data_492195651.root
19012 Grandchild PID is 31464 - found in 90 x 2 seconds
19012 Grandchild to watch has changed on Thu Jun  2 11:20:34 EDT 2022
19012 Process tree is 19012 (main) -> 19216 (child) -> 31464 (grandchild)
F S   UID   PID  PPID  C PRI  NI ADDR SZ WCHAN  TTY        TIME CMD
0 D 100667 31464 19216  0 80   0 - 32311 cxiWai ?          0:00 cp /star/data01/pwg/xiatong/AMPT/14GeV/data_492214351.root /tmp/maxwoo/21EF1A6A9139C9FD2A38E59AFB466F9A_1421/INPUTFILES/data_492214351.root
19012 Grandchild PID is 32669 - found in 100 x 2 seconds
19012 Grandchild to watch has changed on Thu Jun  2 11:20:55 EDT 2022
19012 Process tree is 19012 (main) -> 19216 (child) -> 32669 (grandchild)
F S   UID   PID  PPID  C PRI  NI ADDR SZ WCHAN  TTY        TIME CMD
0 D 100667 32669 19216  0 80   0 - 32311 cxiWai ?          0:00 cp /star/data01/pwg/xiatong/AMPT/14GeV/data_492298931.root /tmp/maxwoo/21EF1A6A9139C9FD2A38E59AFB466F9A_1421/INPUTFILES/data_492298931.root
19012 Grandchild PID is 33658 - found in 110 x 2 seconds
19012 Grandchild to watch has changed on Thu Jun  2 11:21:16 EDT 2022
19012 Process tree is 19012 (main) -> 19216 (child) -> 33658 (grandchild)
F S   UID   PID  PPID  C PRI  NI ADDR SZ WCHAN  TTY        TIME CMD
0 S 100667 33658 19216  0 80   0 -  1272 do_wai ?          0:00 root -b -q check_S.C++("/tmp/maxwoo/21EF1A6A9139C9FD2A38E59AFB466F9A_1421/INPUTFILES/21EF1A6A9139C9FD2A38E59AFB466F9A_1421.local.list","21EF1A6A9139C9FD2A38E59AFB466F9A_1421",1)
19216 Stepping into the main SUMS wrapper program with []
.... building sandbox
Running: cp /star/data01/pwg/xiatong/AMPT/14GeV/data_491919601.root /tmp/maxwoo/21EF1A6A9139C9FD2A38E59AFB466F9A_1421/INPUTFILES/data_491919601.root
Running: cp /star/data01/pwg/xiatong/AMPT/14GeV/data_491932131.root /tmp/maxwoo/21EF1A6A9139C9FD2A38E59AFB466F9A_1421/INPUTFILES/data_491932131.root
Running: cp /star/data01/pwg/xiatong/AMPT/14GeV/data_491946561.root /tmp/maxwoo/21EF1A6A9139C9FD2A38E59AFB466F9A_1421/INPUTFILES/data_491946561.root
Running: cp /star/data01/pwg/xiatong/AMPT/14GeV/data_491946571.root /tmp/maxwoo/21EF1A6A9139C9FD2A38E59AFB466F9A_1421/INPUTFILES/data_491946571.root
Running: cp /star/data01/pwg/xiatong/AMPT/14GeV/data_491946581.root /tmp/maxwoo/21EF1A6A9139C9FD2A38E59AFB466F9A_1421/INPUTFILES/data_491946581.root
Running: cp /star/data01/pwg/xiatong/AMPT/14GeV/data_491946591.root /tmp/maxwoo/21EF1A6A9139C9FD2A38E59AFB466F9A_1421/INPUTFILES/data_491946591.root
Running: cp /star/data01/pwg/xiatong/AMPT/14GeV/data_492014141.root /tmp/maxwoo/21EF1A6A9139C9FD2A38E59AFB466F9A_1421/INPUTFILES/data_492014141.root
Running: cp /star/data01/pwg/xiatong/AMPT/14GeV/data_492046541.root /tmp/maxwoo/21EF1A6A9139C9FD2A38E59AFB466F9A_1421/INPUTFILES/data_492046541.root
Running: cp /star/data01/pwg/xiatong/AMPT/14GeV/data_492046551.root /tmp/maxwoo/21EF1A6A9139C9FD2A38E59AFB466F9A_1421/INPUTFILES/data_492046551.root
Running: cp /star/data01/pwg/xiatong/AMPT/14GeV/data_492081611.root /tmp/maxwoo/21EF1A6A9139C9FD2A38E59AFB466F9A_1421/INPUTFILES/data_492081611.root
Running: cp /star/data01/pwg/xiatong/AMPT/14GeV/data_492108441.root /tmp/maxwoo/21EF1A6A9139C9FD2A38E59AFB466F9A_1421/INPUTFILES/data_492108441.root
Running: cp /star/data01/pwg/xiatong/AMPT/14GeV/data_492108451.root /tmp/maxwoo/21EF1A6A9139C9FD2A38E59AFB466F9A_1421/INPUTFILES/data_492108451.root
Running: cp /star/data01/pwg/xiatong/AMPT/14GeV/data_492111891.root /tmp/maxwoo/21EF1A6A9139C9FD2A38E59AFB466F9A_1421/INPUTFILES/data_492111891.root
Running: cp /star/data01/pwg/xiatong/AMPT/14GeV/data_492119581.root /tmp/maxwoo/21EF1A6A9139C9FD2A38E59AFB466F9A_1421/INPUTFILES/data_492119581.root
Running: cp /star/data01/pwg/xiatong/AMPT/14GeV/data_492119591.root /tmp/maxwoo/21EF1A6A9139C9FD2A38E59AFB466F9A_1421/INPUTFILES/data_492119591.root
Running: cp /star/data01/pwg/xiatong/AMPT/14GeV/data_492135071.root /tmp/maxwoo/21EF1A6A9139C9FD2A38E59AFB466F9A_1421/INPUTFILES/data_492135071.root
Running: cp /star/data01/pwg/xiatong/AMPT/14GeV/data_492146011.root /tmp/maxwoo/21EF1A6A9139C9FD2A38E59AFB466F9A_1421/INPUTFILES/data_492146011.root
Running: cp /star/data01/pwg/xiatong/AMPT/14GeV/data_492146031.root /tmp/maxwoo/21EF1A6A9139C9FD2A38E59AFB466F9A_1421/INPUTFILES/data_492146031.root
Running: cp /star/data01/pwg/xiatong/AMPT/14GeV/data_492146041.root /tmp/maxwoo/21EF1A6A9139C9FD2A38E59AFB466F9A_1421/INPUTFILES/data_492146041.root
Running: cp /star/data01/pwg/xiatong/AMPT/14GeV/data_492146471.root /tmp/maxwoo/21EF1A6A9139C9FD2A38E59AFB466F9A_1421/INPUTFILES/data_492146471.root
Running: cp /star/data01/pwg/xiatong/AMPT/14GeV/data_492146501.root /tmp/maxwoo/21EF1A6A9139C9FD2A38E59AFB466F9A_1421/INPUTFILES/data_492146501.root
Running: cp /star/data01/pwg/xiatong/AMPT/14GeV/data_492146531.root /tmp/maxwoo/21EF1A6A9139C9FD2A38E59AFB466F9A_1421/INPUTFILES/data_492146531.root
Running: cp /star/data01/pwg/xiatong/AMPT/14GeV/data_492146591.root /tmp/maxwoo/21EF1A6A9139C9FD2A38E59AFB466F9A_1421/INPUTFILES/data_492146591.root
Running: cp /star/data01/pwg/xiatong/AMPT/14GeV/data_492146611.root /tmp/maxwoo/21EF1A6A9139C9FD2A38E59AFB466F9A_1421/INPUTFILES/data_492146611.root
Running: cp /star/data01/pwg/xiatong/AMPT/14GeV/data_492146691.root /tmp/maxwoo/21EF1A6A9139C9FD2A38E59AFB466F9A_1421/INPUTFILES/data_492146691.root
Running: cp /star/data01/pwg/xiatong/AMPT/14GeV/data_492146701.root /tmp/maxwoo/21EF1A6A9139C9FD2A38E59AFB466F9A_1421/INPUTFILES/data_492146701.root
Running: cp /star/data01/pwg/xiatong/AMPT/14GeV/data_492146721.root /tmp/maxwoo/21EF1A6A9139C9FD2A38E59AFB466F9A_1421/INPUTFILES/data_492146721.root
Running: cp /star/data01/pwg/xiatong/AMPT/14GeV/data_492146911.root /tmp/maxwoo/21EF1A6A9139C9FD2A38E59AFB466F9A_1421/INPUTFILES/data_492146911.root
Running: cp /star/data01/pwg/xiatong/AMPT/14GeV/data_492164351.root /tmp/maxwoo/21EF1A6A9139C9FD2A38E59AFB466F9A_1421/INPUTFILES/data_492164351.root
Running: cp /star/data01/pwg/xiatong/AMPT/14GeV/data_492165451.root /tmp/maxwoo/21EF1A6A9139C9FD2A38E59AFB466F9A_1421/INPUTFILES/data_492165451.root
Running: cp /star/data01/pwg/xiatong/AMPT/14GeV/data_492175961.root /tmp/maxwoo/21EF1A6A9139C9FD2A38E59AFB466F9A_1421/INPUTFILES/data_492175961.root
Running: cp /star/data01/pwg/xiatong/AMPT/14GeV/data_492180991.root /tmp/maxwoo/21EF1A6A9139C9FD2A38E59AFB466F9A_1421/INPUTFILES/data_492180991.root
Running: cp /star/data01/pwg/xiatong/AMPT/14GeV/data_492195651.root /tmp/maxwoo/21EF1A6A9139C9FD2A38E59AFB466F9A_1421/INPUTFILES/data_492195651.root
Running: cp /star/data01/pwg/xiatong/AMPT/14GeV/data_492214351.root /tmp/maxwoo/21EF1A6A9139C9FD2A38E59AFB466F9A_1421/INPUTFILES/data_492214351.root
Running: cp /star/data01/pwg/xiatong/AMPT/14GeV/data_492214441.root /tmp/maxwoo/21EF1A6A9139C9FD2A38E59AFB466F9A_1421/INPUTFILES/data_492214441.root
Running: cp /star/data01/pwg/xiatong/AMPT/14GeV/data_492287721.root /tmp/maxwoo/21EF1A6A9139C9FD2A38E59AFB466F9A_1421/INPUTFILES/data_492287721.root
Running: cp /star/data01/pwg/xiatong/AMPT/14GeV/data_492298931.root /tmp/maxwoo/21EF1A6A9139C9FD2A38E59AFB466F9A_1421/INPUTFILES/data_492298931.root
Swapping $FILELIST with: /tmp/maxwoo/21EF1A6A9139C9FD2A38E59AFB466F9A_1421/INPUTFILES/21EF1A6A9139C9FD2A38E59AFB466F9A_1421.local.list
+++++++++++local copy debug++++++++++++++++++++
newFileList: /tmp/maxwoo/21EF1A6A9139C9FD2A38E59AFB466F9A_1421/INPUTFILES/21EF1A6A9139C9FD2A38E59AFB466F9A_1421.local.list
++++++++++++++++cat FILELIST+++++++++++++++++++
/tmp/maxwoo/21EF1A6A9139C9FD2A38E59AFB466F9A_1421/INPUTFILES/data_491919601.root 
/tmp/maxwoo/21EF1A6A9139C9FD2A38E59AFB466F9A_1421/INPUTFILES/data_491932131.root 
/tmp/maxwoo/21EF1A6A9139C9FD2A38E59AFB466F9A_1421/INPUTFILES/data_491946561.root 
/tmp/maxwoo/21EF1A6A9139C9FD2A38E59AFB466F9A_1421/INPUTFILES/data_491946571.root 
/tmp/maxwoo/21EF1A6A9139C9FD2A38E59AFB466F9A_1421/INPUTFILES/data_491946581.root 
/tmp/maxwoo/21EF1A6A9139C9FD2A38E59AFB466F9A_1421/INPUTFILES/data_491946591.root 
/tmp/maxwoo/21EF1A6A9139C9FD2A38E59AFB466F9A_1421/INPUTFILES/data_492014141.root 
/tmp/maxwoo/21EF1A6A9139C9FD2A38E59AFB466F9A_1421/INPUTFILES/data_492046541.root 
/tmp/maxwoo/21EF1A6A9139C9FD2A38E59AFB466F9A_1421/INPUTFILES/data_492046551.root 
/tmp/maxwoo/21EF1A6A9139C9FD2A38E59AFB466F9A_1421/INPUTFILES/data_492081611.root 
/tmp/maxwoo/21EF1A6A9139C9FD2A38E59AFB466F9A_1421/INPUTFILES/data_492108441.root 
/tmp/maxwoo/21EF1A6A9139C9FD2A38E59AFB466F9A_1421/INPUTFILES/data_492108451.root 
/tmp/maxwoo/21EF1A6A9139C9FD2A38E59AFB466F9A_1421/INPUTFILES/data_492111891.root 
/tmp/maxwoo/21EF1A6A9139C9FD2A38E59AFB466F9A_1421/INPUTFILES/data_492119581.root 
/tmp/maxwoo/21EF1A6A9139C9FD2A38E59AFB466F9A_1421/INPUTFILES/data_492119591.root 
/tmp/maxwoo/21EF1A6A9139C9FD2A38E59AFB466F9A_1421/INPUTFILES/data_492135071.root 
/tmp/maxwoo/21EF1A6A9139C9FD2A38E59AFB466F9A_1421/INPUTFILES/data_492146011.root 
/tmp/maxwoo/21EF1A6A9139C9FD2A38E59AFB466F9A_1421/INPUTFILES/data_492146031.root 
/tmp/maxwoo/21EF1A6A9139C9FD2A38E59AFB466F9A_1421/INPUTFILES/data_492146041.root 
/tmp/maxwoo/21EF1A6A9139C9FD2A38E59AFB466F9A_1421/INPUTFILES/data_492146471.root 
/tmp/maxwoo/21EF1A6A9139C9FD2A38E59AFB466F9A_1421/INPUTFILES/data_492146501.root 
/tmp/maxwoo/21EF1A6A9139C9FD2A38E59AFB466F9A_1421/INPUTFILES/data_492146531.root 
/tmp/maxwoo/21EF1A6A9139C9FD2A38E59AFB466F9A_1421/INPUTFILES/data_492146591.root 
/tmp/maxwoo/21EF1A6A9139C9FD2A38E59AFB466F9A_1421/INPUTFILES/data_492146611.root 
/tmp/maxwoo/21EF1A6A9139C9FD2A38E59AFB466F9A_1421/INPUTFILES/data_492146691.root 
/tmp/maxwoo/21EF1A6A9139C9FD2A38E59AFB466F9A_1421/INPUTFILES/data_492146701.root 
/tmp/maxwoo/21EF1A6A9139C9FD2A38E59AFB466F9A_1421/INPUTFILES/data_492146721.root 
/tmp/maxwoo/21EF1A6A9139C9FD2A38E59AFB466F9A_1421/INPUTFILES/data_492146911.root 
/tmp/maxwoo/21EF1A6A9139C9FD2A38E59AFB466F9A_1421/INPUTFILES/data_492164351.root 
/tmp/maxwoo/21EF1A6A9139C9FD2A38E59AFB466F9A_1421/INPUTFILES/data_492165451.root 
/tmp/maxwoo/21EF1A6A9139C9FD2A38E59AFB466F9A_1421/INPUTFILES/data_492175961.root 
/tmp/maxwoo/21EF1A6A9139C9FD2A38E59AFB466F9A_1421/INPUTFILES/data_492180991.root 
/tmp/maxwoo/21EF1A6A9139C9FD2A38E59AFB466F9A_1421/INPUTFILES/data_492195651.root 
/tmp/maxwoo/21EF1A6A9139C9FD2A38E59AFB466F9A_1421/INPUTFILES/data_492214351.root 
/tmp/maxwoo/21EF1A6A9139C9FD2A38E59AFB466F9A_1421/INPUTFILES/data_492214441.root 
/tmp/maxwoo/21EF1A6A9139C9FD2A38E59AFB466F9A_1421/INPUTFILES/data_492287721.root 
/tmp/maxwoo/21EF1A6A9139C9FD2A38E59AFB466F9A_1421/INPUTFILES/data_492298931.root 
++++++++++++++++++++find.++++++++++++++++++++++
.
./.errror.log
./lib
./lib/MixedBuffer_cpp.d
./lib/my_particle_cpp.d
./lib/MixedBuffer.cpp
./lib/CenMaker.cpp
./lib/NpartNormalizer_cpp_ACLiC_dict_rdict.pcm
./lib/MixedBuffer_cpp.so
./lib/my_event.h
./lib/MixedBuffer_cpp_ACLiC_dict_rdict.pcm
./lib/CenMaker_cpp_ACLiC_dict_rdict.pcm
./lib/CenMaker_cpp.so
./lib/my_particle.cpp
./lib/MixedBuffer.h
./lib/CenMaker_cpp.d
./lib/my_event_cpp_ACLiC_dict_rdict.pcm
./lib/NpartNormalizer_cpp.so
./lib/NpartNormalizer.h
./lib/my_particle_cpp.so
./lib/my_event_cpp.d
./lib/CenMaker.h
./lib/my_event_cpp.so
./lib/my_particle.h
./lib/NpartNormalizer.cpp
./lib/my_particle_cpp_ACLiC_dict_rdict.pcm
./lib/my_event.cpp
./lib/NpartNormalizer_cpp.d
./.output.log
./.sandboxFiles
./INPUTFILES
./INPUTFILES/data_492175961.root
./INPUTFILES/data_492146691.root
./INPUTFILES/data_491919601.root
./INPUTFILES/data_491946581.root
./INPUTFILES/data_491946591.root
./INPUTFILES/data_492108451.root
./INPUTFILES/data_492146701.root
./INPUTFILES/data_491946571.root
./INPUTFILES/data_492111891.root
./INPUTFILES/data_492195651.root
./INPUTFILES/data_492146531.root
./INPUTFILES/data_492180991.root
./INPUTFILES/data_491946561.root
./INPUTFILES/data_492298931.root
./INPUTFILES/data_492108441.root
./INPUTFILES/data_492119591.root
./INPUTFILES/data_492146041.root
./INPUTFILES/data_492164351.root
./INPUTFILES/data_492146031.root
./INPUTFILES/data_492214351.root
./INPUTFILES/data_492046551.root
./INPUTFILES/data_492214441.root
./INPUTFILES/data_492081611.root
./INPUTFILES/data_492287721.root
./INPUTFILES/data_492119581.root
./INPUTFILES/data_492146721.root
./INPUTFILES/data_492146011.root
./INPUTFILES/data_492146911.root
./INPUTFILES/data_492146501.root
./INPUTFILES/data_492014141.root
./INPUTFILES/data_491932131.root
./INPUTFILES/data_492165451.root
./INPUTFILES/data_492146611.root
./INPUTFILES/data_492046541.root
./INPUTFILES/data_492135071.root
./INPUTFILES/data_492146591.root
./INPUTFILES/data_492146471.root
./INPUTFILES/21EF1A6A9139C9FD2A38E59AFB466F9A_1421.local.list
./Check_Sness.C
./check_S.C
++++++++++++++++INPUTFILE Var++++++++++++++++++
FILELIST=/tmp/maxwoo/21EF1A6A9139C9FD2A38E59AFB466F9A_1421/INPUTFILES/21EF1A6A9139C9FD2A38E59AFB466F9A_1421.local.list
INPUTFILECOUNT=37
INPUTFILE0=/tmp/maxwoo/21EF1A6A9139C9FD2A38E59AFB466F9A_1421/INPUTFILES/data_491919601.root
INPUTFILE1=/tmp/maxwoo/21EF1A6A9139C9FD2A38E59AFB466F9A_1421/INPUTFILES/data_491932131.root
INPUTFILE2=/tmp/maxwoo/21EF1A6A9139C9FD2A38E59AFB466F9A_1421/INPUTFILES/data_491946561.root
INPUTFILE3=/tmp/maxwoo/21EF1A6A9139C9FD2A38E59AFB466F9A_1421/INPUTFILES/data_491946571.root
INPUTFILE4=/tmp/maxwoo/21EF1A6A9139C9FD2A38E59AFB466F9A_1421/INPUTFILES/data_491946581.root
INPUTFILE5=/tmp/maxwoo/21EF1A6A9139C9FD2A38E59AFB466F9A_1421/INPUTFILES/data_491946591.root
INPUTFILE6=/tmp/maxwoo/21EF1A6A9139C9FD2A38E59AFB466F9A_1421/INPUTFILES/data_492014141.root
INPUTFILE7=/tmp/maxwoo/21EF1A6A9139C9FD2A38E59AFB466F9A_1421/INPUTFILES/data_492046541.root
INPUTFILE8=/tmp/maxwoo/21EF1A6A9139C9FD2A38E59AFB466F9A_1421/INPUTFILES/data_492046551.root
INPUTFILE9=/tmp/maxwoo/21EF1A6A9139C9FD2A38E59AFB466F9A_1421/INPUTFILES/data_492081611.root
INPUTFILE10=/tmp/maxwoo/21EF1A6A9139C9FD2A38E59AFB466F9A_1421/INPUTFILES/data_492108441.root
INPUTFILE11=/tmp/maxwoo/21EF1A6A9139C9FD2A38E59AFB466F9A_1421/INPUTFILES/data_492108451.root
INPUTFILE12=/tmp/maxwoo/21EF1A6A9139C9FD2A38E59AFB466F9A_1421/INPUTFILES/data_492111891.root
INPUTFILE13=/tmp/maxwoo/21EF1A6A9139C9FD2A38E59AFB466F9A_1421/INPUTFILES/data_492119581.root
INPUTFILE14=/tmp/maxwoo/21EF1A6A9139C9FD2A38E59AFB466F9A_1421/INPUTFILES/data_492119591.root
INPUTFILE15=/tmp/maxwoo/21EF1A6A9139C9FD2A38E59AFB466F9A_1421/INPUTFILES/data_492135071.root
INPUTFILE16=/tmp/maxwoo/21EF1A6A9139C9FD2A38E59AFB466F9A_1421/INPUTFILES/data_492146011.root
INPUTFILE17=/tmp/maxwoo/21EF1A6A9139C9FD2A38E59AFB466F9A_1421/INPUTFILES/data_492146031.root
INPUTFILE18=/tmp/maxwoo/21EF1A6A9139C9FD2A38E59AFB466F9A_1421/INPUTFILES/data_492146041.root
INPUTFILE19=/tmp/maxwoo/21EF1A6A9139C9FD2A38E59AFB466F9A_1421/INPUTFILES/data_492146471.root
INPUTFILE20=/tmp/maxwoo/21EF1A6A9139C9FD2A38E59AFB466F9A_1421/INPUTFILES/data_492146501.root
INPUTFILE21=/tmp/maxwoo/21EF1A6A9139C9FD2A38E59AFB466F9A_1421/INPUTFILES/data_492146531.root
INPUTFILE22=/tmp/maxwoo/21EF1A6A9139C9FD2A38E59AFB466F9A_1421/INPUTFILES/data_492146591.root
INPUTFILE23=/tmp/maxwoo/21EF1A6A9139C9FD2A38E59AFB466F9A_1421/INPUTFILES/data_492146611.root
INPUTFILE24=/tmp/maxwoo/21EF1A6A9139C9FD2A38E59AFB466F9A_1421/INPUTFILES/data_492146691.root
INPUTFILE25=/tmp/maxwoo/21EF1A6A9139C9FD2A38E59AFB466F9A_1421/INPUTFILES/data_492146701.root
INPUTFILE26=/tmp/maxwoo/21EF1A6A9139C9FD2A38E59AFB466F9A_1421/INPUTFILES/data_492146721.root
INPUTFILE27=/tmp/maxwoo/21EF1A6A9139C9FD2A38E59AFB466F9A_1421/INPUTFILES/data_492146911.root
INPUTFILE28=/tmp/maxwoo/21EF1A6A9139C9FD2A38E59AFB466F9A_1421/INPUTFILES/data_492164351.root
INPUTFILE29=/tmp/maxwoo/21EF1A6A9139C9FD2A38E59AFB466F9A_1421/INPUTFILES/data_492165451.root
INPUTFILE30=/tmp/maxwoo/21EF1A6A9139C9FD2A38E59AFB466F9A_1421/INPUTFILES/data_492175961.root
INPUTFILE31=/tmp/maxwoo/21EF1A6A9139C9FD2A38E59AFB466F9A_1421/INPUTFILES/data_492180991.root
INPUTFILE32=/tmp/maxwoo/21EF1A6A9139C9FD2A38E59AFB466F9A_1421/INPUTFILES/data_492195651.root
INPUTFILE33=/tmp/maxwoo/21EF1A6A9139C9FD2A38E59AFB466F9A_1421/INPUTFILES/data_492214351.root
INPUTFILE34=/tmp/maxwoo/21EF1A6A9139C9FD2A38E59AFB466F9A_1421/INPUTFILES/data_492214441.root
INPUTFILE35=/tmp/maxwoo/21EF1A6A9139C9FD2A38E59AFB466F9A_1421/INPUTFILES/data_492287721.root
INPUTFILE36=/tmp/maxwoo/21EF1A6A9139C9FD2A38E59AFB466F9A_1421/INPUTFILES/data_492298931.root
LocalInputFileDir=/tmp/maxwoo/21EF1A6A9139C9FD2A38E59AFB466F9A_1421/INPUTFILES
NewFILELIST=/tmp/maxwoo/21EF1A6A9139C9FD2A38E59AFB466F9A_1421/INPUTFILES/21EF1A6A9139C9FD2A38E59AFB466F9A_1421.local.list
+++++++++++++++++++++++++++++++++++++++++++++++
--------------------------------
Simple Unified Meta Scheduler 1.10.50 we are starting in $SCRATCH : /home/tmp/maxwoo/21EF1A6A9139C9FD2A38E59AFB466F9A_1421
--------------------------------
total 16
lrwxrwxrwx 1 maxwoo rhstar   61 Jun  2 11:17 check_S.C -> /gpfs/mnt/gpfs01/star/pwg/xiatong/git/strangeness/./check_S.C
lrwxrwxrwx 1 maxwoo rhstar   65 Jun  2 11:17 Check_Sness.C -> /gpfs/mnt/gpfs01/star/pwg/xiatong/git/strangeness/./Check_Sness.C
drwxr-xr-x 2 maxwoo rhstar 4096 Jun  2 11:20 INPUTFILES
drwxr-xr-x 2 maxwoo rhstar 4096 Jun  2 11:17 lib
  *******************************************
  *                                         *
  *        W E L C O M E  to  R O O T       *
  *                                         *
  *   Version   5.34/38     12 March 2018   *
  *                                         *
  *  You are welcome to visit our Web site  *
  *          http://root.cern.ch            *
  *                                         *
  *******************************************

ROOT 5.34/38 (v5-34-38@v5-34-38, Mar 12 2018, 15:49:39 on linux)

CINT/ROOT C/C++ Interpreter version 5.18.00, July 2, 2010
Type ? for help. Commands must be C++ statements.
Enclose multiple statements between { }.
*** Float Point Exception is OFF ***
 *** Start at Date : Thu Jun  2 11:21:01 2022
QAInfo:You are using STAR_LEVEL : dev, ROOT_LEVEL : 5.34.38 and node : rcrs6045.rcf.bnl.gov 

Processing check_S.C++("/tmp/maxwoo/21EF1A6A9139C9FD2A38E59AFB466F9A_1421/INPUTFILES/21EF1A6A9139C9FD2A38E59AFB466F9A_1421.local.list","21EF1A6A9139C9FD2A38E59AFB466F9A_1421",1)...
/tmp/maxwoo/21EF1A6A9139C9FD2A38E59AFB466F9A_1421/INPUTFILES/data_491919601.root 
/tmp/maxwoo/21EF1A6A9139C9FD2A38E59AFB466F9A_1421/INPUTFILES/data_491932131.root 
/tmp/maxwoo/21EF1A6A9139C9FD2A38E59AFB466F9A_1421/INPUTFILES/data_491946561.root 
/tmp/maxwoo/21EF1A6A9139C9FD2A38E59AFB466F9A_1421/INPUTFILES/data_491946571.root 
/tmp/maxwoo/21EF1A6A9139C9FD2A38E59AFB466F9A_1421/INPUTFILES/data_491946581.root 
/tmp/maxwoo/21EF1A6A9139C9FD2A38E59AFB466F9A_1421/INPUTFILES/data_491946591.root 
/tmp/maxwoo/21EF1A6A9139C9FD2A38E59AFB466F9A_1421/INPUTFILES/data_492014141.root 
/tmp/maxwoo/21EF1A6A9139C9FD2A38E59AFB466F9A_1421/INPUTFILES/data_492046541.root 
/tmp/maxwoo/21EF1A6A9139C9FD2A38E59AFB466F9A_1421/INPUTFILES/data_492046551.root 
/tmp/maxwoo/21EF1A6A9139C9FD2A38E59AFB466F9A_1421/INPUTFILES/data_492081611.root 
/tmp/maxwoo/21EF1A6A9139C9FD2A38E59AFB466F9A_1421/INPUTFILES/data_492108441.root 
/tmp/maxwoo/21EF1A6A9139C9FD2A38E59AFB466F9A_1421/INPUTFILES/data_492108451.root 
/tmp/maxwoo/21EF1A6A9139C9FD2A38E59AFB466F9A_1421/INPUTFILES/data_492111891.root 
/tmp/maxwoo/21EF1A6A9139C9FD2A38E59AFB466F9A_1421/INPUTFILES/data_492119581.root 
/tmp/maxwoo/21EF1A6A9139C9FD2A38E59AFB466F9A_1421/INPUTFILES/data_492119591.root 
/tmp/maxwoo/21EF1A6A9139C9FD2A38E59AFB466F9A_1421/INPUTFILES/data_492135071.root 
/tmp/maxwoo/21EF1A6A9139C9FD2A38E59AFB466F9A_1421/INPUTFILES/data_492146011.root 
/tmp/maxwoo/21EF1A6A9139C9FD2A38E59AFB466F9A_1421/INPUTFILES/data_492146031.root 
/tmp/maxwoo/21EF1A6A9139C9FD2A38E59AFB466F9A_1421/INPUTFILES/data_492146041.root 
/tmp/maxwoo/21EF1A6A9139C9FD2A38E59AFB466F9A_1421/INPUTFILES/data_492146471.root 
/tmp/maxwoo/21EF1A6A9139C9FD2A38E59AFB466F9A_1421/INPUTFILES/data_492146501.root 
/tmp/maxwoo/21EF1A6A9139C9FD2A38E59AFB466F9A_1421/INPUTFILES/data_492146531.root 
/tmp/maxwoo/21EF1A6A9139C9FD2A38E59AFB466F9A_1421/INPUTFILES/data_492146591.root 
/tmp/maxwoo/21EF1A6A9139C9FD2A38E59AFB466F9A_1421/INPUTFILES/data_492146611.root 
/tmp/maxwoo/21EF1A6A9139C9FD2A38E59AFB466F9A_1421/INPUTFILES/data_492146691.root 
/tmp/maxwoo/21EF1A6A9139C9FD2A38E59AFB466F9A_1421/INPUTFILES/data_492146701.root 
/tmp/maxwoo/21EF1A6A9139C9FD2A38E59AFB466F9A_1421/INPUTFILES/data_492146721.root 
/tmp/maxwoo/21EF1A6A9139C9FD2A38E59AFB466F9A_1421/INPUTFILES/data_492146911.root 
/tmp/maxwoo/21EF1A6A9139C9FD2A38E59AFB466F9A_1421/INPUTFILES/data_492164351.root 
/tmp/maxwoo/21EF1A6A9139C9FD2A38E59AFB466F9A_1421/INPUTFILES/data_492165451.root 
/tmp/maxwoo/21EF1A6A9139C9FD2A38E59AFB466F9A_1421/INPUTFILES/data_492175961.root 
/tmp/maxwoo/21EF1A6A9139C9FD2A38E59AFB466F9A_1421/INPUTFILES/data_492180991.root 
/tmp/maxwoo/21EF1A6A9139C9FD2A38E59AFB466F9A_1421/INPUTFILES/data_492195651.root 
/tmp/maxwoo/21EF1A6A9139C9FD2A38E59AFB466F9A_1421/INPUTFILES/data_492214351.root 
/tmp/maxwoo/21EF1A6A9139C9FD2A38E59AFB466F9A_1421/INPUTFILES/data_492214441.root 
/tmp/maxwoo/21EF1A6A9139C9FD2A38E59AFB466F9A_1421/INPUTFILES/data_492287721.root 
/tmp/maxwoo/21EF1A6A9139C9FD2A38E59AFB466F9A_1421/INPUTFILES/data_492298931.root 
Added 37 files
# entries in chain: 36925
Processing entry == 1000 == out of 36925.
Processing entry == 2000 == out of 36925.
Processing entry == 3000 == out of 36925.
Processing entry == 4000 == out of 36925.
Processing entry == 5000 == out of 36925.
Processing entry == 6000 == out of 36925.
Processing entry == 7000 == out of 36925.
Processing entry == 8000 == out of 36925.
Processing entry == 9000 == out of 36925.
Processing entry == 10000 == out of 36925.
Processing entry == 11000 == out of 36925.
Processing entry == 12000 == out of 36925.
Processing entry == 13000 == out of 36925.
Processing entry == 14000 == out of 36925.
Processing entry == 15000 == out of 36925.
Processing entry == 16000 == out of 36925.
Processing entry == 17000 == out of 36925.
Processing entry == 18000 == out of 36925.
Processing entry == 19000 == out of 36925.
Processing entry == 20000 == out of 36925.
Processing entry == 21000 == out of 36925.
Processing entry == 22000 == out of 36925.
Processing entry == 23000 == out of 36925.
Processing entry == 24000 == out of 36925.
Processing entry == 25000 == out of 36925.
Processing entry == 26000 == out of 36925.
Processing entry == 27000 == out of 36925.
Processing entry == 28000 == out of 36925.
Processing entry == 29000 == out of 36925.
Processing entry == 30000 == out of 36925.
Processing entry == 31000 == out of 36925.
Processing entry == 32000 == out of 36925.
Processing entry == 33000 == out of 36925.
Processing entry == 34000 == out of 36925.
Processing entry == 35000 == out of 36925.
Processing entry == 36000 == out of 36925.

This is the end of ROOT -- Goodbye

Cleaning up sandbox file:  /tmp/maxwoo/21EF1A6A9139C9FD2A38E59AFB466F9A_1421/check_S.C
Cleaning up sandbox file:  /tmp/maxwoo/21EF1A6A9139C9FD2A38E59AFB466F9A_1421/Check_Sness.C
Cleaning up sandbox file:  /tmp/maxwoo/21EF1A6A9139C9FD2A38E59AFB466F9A_1421/lib
Cleaning up sandbox file:  /tmp/maxwoo/21EF1A6A9139C9FD2A38E59AFB466F9A_1421/.sandboxFiles
Starting copy block
Running copy command:  /bin/cp -fp /tmp/maxwoo/21EF1A6A9139C9FD2A38E59AFB466F9A_1421/out_21EF1A6A9139C9FD2A38E59AFB466F9A_1421.root /star/data01/pwg/xiatong/git/strangeness/data/
19012 Execution of (/star/data01/pwg/xiatong/git/strangeness/script/sched21EF1A6A9139C9FD2A38E59AFB466F9A_1421.csh ) has ended, exiting normally
19012 We END on [Thu Jun  2 11:42:40 EDT 2022]
