We are starting on node: rcas6297.rcf.bnl.gov
HOME is not defined
Using getent method
HOME is now /star/u/maxwoo
5519 We will spawn ourselves (/star/data01/pwg/xiatong/git/strangeness/script/sched21EF1A6A9139C9FD2A38E59AFB466F9A_219.csh )
5519 We BEGIN on [Thu Jun  2 11:40:19 EDT 2022]
[1] 5753
5519 We are waiting for 5753 
5519 Grandchild PID is 5771 - found in 0 x 1 seconds
5519 Establishing first watcher   on    Thu Jun  2 11:40:19 EDT 2022
5519 Process tree is 5519 (main) -> 5753 (child) -> 5771 (grandchild)
F S   UID   PID  PPID  C PRI  NI ADDR SZ WCHAN  TTY        TIME CMD
5519 Grandchild PID is 7246 - found in 10 x 2 seconds
5519 Grandchild to watch has changed on Thu Jun  2 11:40:40 EDT 2022
5519 Process tree is 5519 (main) -> 5753 (child) -> 7246 (grandchild)
F S   UID   PID  PPID  C PRI  NI ADDR SZ WCHAN  TTY        TIME CMD
0 D 100667 7246  5753  0  80   0 - 32311 cxiWai ?          0:00 cp /star/data01/pwg/xiatong/AMPT/14GeV/data_121459651.root /tmp/maxwoo/21EF1A6A9139C9FD2A38E59AFB466F9A_219/INPUTFILES/data_121459651.root
5519 Grandchild PID is 8215 - found in 20 x 2 seconds
5519 Grandchild to watch has changed on Thu Jun  2 11:41:01 EDT 2022
5519 Process tree is 5519 (main) -> 5753 (child) -> 8215 (grandchild)
F S   UID   PID  PPID  C PRI  NI ADDR SZ WCHAN  TTY        TIME CMD
0 D 100667 8215  5753  0  80   0 - 32311 cxiWai ?          0:00 cp /star/data01/pwg/xiatong/AMPT/14GeV/data_121459751.root /tmp/maxwoo/21EF1A6A9139C9FD2A38E59AFB466F9A_219/INPUTFILES/data_121459751.root
5519 Grandchild PID is 9066 - found in 30 x 2 seconds
5519 Grandchild to watch has changed on Thu Jun  2 11:41:21 EDT 2022
5519 Process tree is 5519 (main) -> 5753 (child) -> 9066 (grandchild)
F S   UID   PID  PPID  C PRI  NI ADDR SZ WCHAN  TTY        TIME CMD
0 D 100667 9066  5753  0  80   0 - 32311 cxiWai ?          0:00 cp /star/data01/pwg/xiatong/AMPT/14GeV/data_121459791.root /tmp/maxwoo/21EF1A6A9139C9FD2A38E59AFB466F9A_219/INPUTFILES/data_121459791.root
5519 Grandchild PID is 9799 - found in 40 x 2 seconds
5519 Grandchild to watch has changed on Thu Jun  2 11:41:42 EDT 2022
5519 Process tree is 5519 (main) -> 5753 (child) -> 9799 (grandchild)
F S   UID   PID  PPID  C PRI  NI ADDR SZ WCHAN  TTY        TIME CMD
0 D 100667 9799  5753  0  80   0 - 32311 cxiWai ?          0:00 cp /star/data01/pwg/xiatong/AMPT/14GeV/data_121559131.root /tmp/maxwoo/21EF1A6A9139C9FD2A38E59AFB466F9A_219/INPUTFILES/data_121559131.root
5519 Grandchild PID is 10581 - found in 50 x 2 seconds
5519 Grandchild to watch has changed on Thu Jun  2 11:42:03 EDT 2022
5519 Process tree is 5519 (main) -> 5753 (child) -> 10581 (grandchild)
F S   UID   PID  PPID  C PRI  NI ADDR SZ WCHAN  TTY        TIME CMD
0 D 100667 10581 5753  0  80   0 - 32311 cxiWai ?          0:00 cp /star/data01/pwg/xiatong/AMPT/14GeV/data_121559141.root /tmp/maxwoo/21EF1A6A9139C9FD2A38E59AFB466F9A_219/INPUTFILES/data_121559141.root
5519 Grandchild PID is 12367 - found in 60 x 2 seconds
5519 Grandchild to watch has changed on Thu Jun  2 11:42:26 EDT 2022
5519 Process tree is 5519 (main) -> 5753 (child) -> 12367 (grandchild)
F S   UID   PID  PPID  C PRI  NI ADDR SZ WCHAN  TTY        TIME CMD
0 D 100667 12367 5753  0  80   0 - 32311 cxiWai ?          0:00 cp /star/data01/pwg/xiatong/AMPT/14GeV/data_121559441.root /tmp/maxwoo/21EF1A6A9139C9FD2A38E59AFB466F9A_219/INPUTFILES/data_121559441.root
5519 Grandchild PID is 13225 - found in 70 x 2 seconds
5519 Grandchild to watch has changed on Thu Jun  2 11:42:48 EDT 2022
5519 Process tree is 5519 (main) -> 5753 (child) -> 13225 (grandchild)
F S   UID   PID  PPID  C PRI  NI ADDR SZ WCHAN  TTY        TIME CMD
0 D 100667 13225 5753  0  80   0 - 32311 cxiWai ?          0:00 cp /star/data01/pwg/xiatong/AMPT/14GeV/data_121559491.root /tmp/maxwoo/21EF1A6A9139C9FD2A38E59AFB466F9A_219/INPUTFILES/data_121559491.root
5519 Grandchild PID is 15437 - found in 90 x 2 seconds
5519 Grandchild to watch has changed on Thu Jun  2 11:43:35 EDT 2022
5519 Process tree is 5519 (main) -> 5753 (child) -> 15437 (grandchild)
F S   UID   PID  PPID  C PRI  NI ADDR SZ WCHAN  TTY        TIME CMD
0 D 100667 15437 5753  0  80   0 - 32311 cxiWai ?          0:00 cp /star/data01/pwg/xiatong/AMPT/14GeV/data_121657021.root /tmp/maxwoo/21EF1A6A9139C9FD2A38E59AFB466F9A_219/INPUTFILES/data_121657021.root
5519 Grandchild PID is 17355 - found in 110 x 2 seconds
5519 Grandchild to watch has changed on Thu Jun  2 11:44:23 EDT 2022
5519 Process tree is 5519 (main) -> 5753 (child) -> 17355 (grandchild)
F S   UID   PID  PPID  C PRI  NI ADDR SZ WCHAN  TTY        TIME CMD
0 D 100667 17355 5753  0  80   0 - 32311 cxiWai ?          0:00 cp /star/data01/pwg/xiatong/AMPT/14GeV/data_121659071.root /tmp/maxwoo/21EF1A6A9139C9FD2A38E59AFB466F9A_219/INPUTFILES/data_121659071.root
5519 Grandchild PID is 17919 - found in 120 x 2 seconds
5519 Grandchild to watch has changed on Thu Jun  2 11:44:44 EDT 2022
5519 Process tree is 5519 (main) -> 5753 (child) -> 17919 (grandchild)
F S   UID   PID  PPID  C PRI  NI ADDR SZ WCHAN  TTY        TIME CMD
0 D 100667 17919 5753  0  80   0 - 32311 cxiWai ?          0:00 cp /star/data01/pwg/xiatong/AMPT/14GeV/data_121659091.root /tmp/maxwoo/21EF1A6A9139C9FD2A38E59AFB466F9A_219/INPUTFILES/data_121659091.root
5519 Grandchild PID is 19581 - found in 130 x 2 seconds
5519 Grandchild to watch has changed on Thu Jun  2 11:45:05 EDT 2022
5519 Process tree is 5519 (main) -> 5753 (child) -> 19581 (grandchild)
F S   UID   PID  PPID  C PRI  NI ADDR SZ WCHAN  TTY        TIME CMD
0 S 100667 19581 5753  0  80   0 -  1272 do_wai ?          0:00 root -b -q check_S.C++("/tmp/maxwoo/21EF1A6A9139C9FD2A38E59AFB466F9A_219/INPUTFILES/21EF1A6A9139C9FD2A38E59AFB466F9A_219.local.list","21EF1A6A9139C9FD2A38E59AFB466F9A_219",1)
5753 Stepping into the main SUMS wrapper program with []
.... building sandbox
Running: cp /star/data01/pwg/xiatong/AMPT/14GeV/data_121459531.root /tmp/maxwoo/21EF1A6A9139C9FD2A38E59AFB466F9A_219/INPUTFILES/data_121459531.root
Running: cp /star/data01/pwg/xiatong/AMPT/14GeV/data_121459601.root /tmp/maxwoo/21EF1A6A9139C9FD2A38E59AFB466F9A_219/INPUTFILES/data_121459601.root
Running: cp /star/data01/pwg/xiatong/AMPT/14GeV/data_121459651.root /tmp/maxwoo/21EF1A6A9139C9FD2A38E59AFB466F9A_219/INPUTFILES/data_121459651.root
Running: cp /star/data01/pwg/xiatong/AMPT/14GeV/data_121459711.root /tmp/maxwoo/21EF1A6A9139C9FD2A38E59AFB466F9A_219/INPUTFILES/data_121459711.root
Running: cp /star/data01/pwg/xiatong/AMPT/14GeV/data_121459751.root /tmp/maxwoo/21EF1A6A9139C9FD2A38E59AFB466F9A_219/INPUTFILES/data_121459751.root
Running: cp /star/data01/pwg/xiatong/AMPT/14GeV/data_121459791.root /tmp/maxwoo/21EF1A6A9139C9FD2A38E59AFB466F9A_219/INPUTFILES/data_121459791.root
Running: cp /star/data01/pwg/xiatong/AMPT/14GeV/data_121459831.root /tmp/maxwoo/21EF1A6A9139C9FD2A38E59AFB466F9A_219/INPUTFILES/data_121459831.root
Running: cp /star/data01/pwg/xiatong/AMPT/14GeV/data_121459901.root /tmp/maxwoo/21EF1A6A9139C9FD2A38E59AFB466F9A_219/INPUTFILES/data_121459901.root
Running: cp /star/data01/pwg/xiatong/AMPT/14GeV/data_121557041.root /tmp/maxwoo/21EF1A6A9139C9FD2A38E59AFB466F9A_219/INPUTFILES/data_121557041.root
Running: cp /star/data01/pwg/xiatong/AMPT/14GeV/data_121559101.root /tmp/maxwoo/21EF1A6A9139C9FD2A38E59AFB466F9A_219/INPUTFILES/data_121559101.root
Running: cp /star/data01/pwg/xiatong/AMPT/14GeV/data_121559111.root /tmp/maxwoo/21EF1A6A9139C9FD2A38E59AFB466F9A_219/INPUTFILES/data_121559111.root
Running: cp /star/data01/pwg/xiatong/AMPT/14GeV/data_121559121.root /tmp/maxwoo/21EF1A6A9139C9FD2A38E59AFB466F9A_219/INPUTFILES/data_121559121.root
Running: cp /star/data01/pwg/xiatong/AMPT/14GeV/data_121559131.root /tmp/maxwoo/21EF1A6A9139C9FD2A38E59AFB466F9A_219/INPUTFILES/data_121559131.root
Running: cp /star/data01/pwg/xiatong/AMPT/14GeV/data_121559141.root /tmp/maxwoo/21EF1A6A9139C9FD2A38E59AFB466F9A_219/INPUTFILES/data_121559141.root
Running: cp /star/data01/pwg/xiatong/AMPT/14GeV/data_121559151.root /tmp/maxwoo/21EF1A6A9139C9FD2A38E59AFB466F9A_219/INPUTFILES/data_121559151.root
Running: cp /star/data01/pwg/xiatong/AMPT/14GeV/data_121559261.root /tmp/maxwoo/21EF1A6A9139C9FD2A38E59AFB466F9A_219/INPUTFILES/data_121559261.root
Running: cp /star/data01/pwg/xiatong/AMPT/14GeV/data_121559301.root /tmp/maxwoo/21EF1A6A9139C9FD2A38E59AFB466F9A_219/INPUTFILES/data_121559301.root
Running: cp /star/data01/pwg/xiatong/AMPT/14GeV/data_121559311.root /tmp/maxwoo/21EF1A6A9139C9FD2A38E59AFB466F9A_219/INPUTFILES/data_121559311.root
Running: cp /star/data01/pwg/xiatong/AMPT/14GeV/data_121559321.root /tmp/maxwoo/21EF1A6A9139C9FD2A38E59AFB466F9A_219/INPUTFILES/data_121559321.root
Running: cp /star/data01/pwg/xiatong/AMPT/14GeV/data_121559351.root /tmp/maxwoo/21EF1A6A9139C9FD2A38E59AFB466F9A_219/INPUTFILES/data_121559351.root
Running: cp /star/data01/pwg/xiatong/AMPT/14GeV/data_121559391.root /tmp/maxwoo/21EF1A6A9139C9FD2A38E59AFB466F9A_219/INPUTFILES/data_121559391.root
Running: cp /star/data01/pwg/xiatong/AMPT/14GeV/data_121559431.root /tmp/maxwoo/21EF1A6A9139C9FD2A38E59AFB466F9A_219/INPUTFILES/data_121559431.root
Running: cp /star/data01/pwg/xiatong/AMPT/14GeV/data_121559441.root /tmp/maxwoo/21EF1A6A9139C9FD2A38E59AFB466F9A_219/INPUTFILES/data_121559441.root
Running: cp /star/data01/pwg/xiatong/AMPT/14GeV/data_121559491.root /tmp/maxwoo/21EF1A6A9139C9FD2A38E59AFB466F9A_219/INPUTFILES/data_121559491.root
Running: cp /star/data01/pwg/xiatong/AMPT/14GeV/data_121559541.root /tmp/maxwoo/21EF1A6A9139C9FD2A38E59AFB466F9A_219/INPUTFILES/data_121559541.root
Running: cp /star/data01/pwg/xiatong/AMPT/14GeV/data_121559641.root /tmp/maxwoo/21EF1A6A9139C9FD2A38E59AFB466F9A_219/INPUTFILES/data_121559641.root
Running: cp /star/data01/pwg/xiatong/AMPT/14GeV/data_121559721.root /tmp/maxwoo/21EF1A6A9139C9FD2A38E59AFB466F9A_219/INPUTFILES/data_121559721.root
Running: cp /star/data01/pwg/xiatong/AMPT/14GeV/data_121566911.root /tmp/maxwoo/21EF1A6A9139C9FD2A38E59AFB466F9A_219/INPUTFILES/data_121566911.root
Running: cp /star/data01/pwg/xiatong/AMPT/14GeV/data_121597901.root /tmp/maxwoo/21EF1A6A9139C9FD2A38E59AFB466F9A_219/INPUTFILES/data_121597901.root
Running: cp /star/data01/pwg/xiatong/AMPT/14GeV/data_121657011.root /tmp/maxwoo/21EF1A6A9139C9FD2A38E59AFB466F9A_219/INPUTFILES/data_121657011.root
Running: cp /star/data01/pwg/xiatong/AMPT/14GeV/data_121657021.root /tmp/maxwoo/21EF1A6A9139C9FD2A38E59AFB466F9A_219/INPUTFILES/data_121657021.root
Running: cp /star/data01/pwg/xiatong/AMPT/14GeV/data_121657051.root /tmp/maxwoo/21EF1A6A9139C9FD2A38E59AFB466F9A_219/INPUTFILES/data_121657051.root
Running: cp /star/data01/pwg/xiatong/AMPT/14GeV/data_121657061.root /tmp/maxwoo/21EF1A6A9139C9FD2A38E59AFB466F9A_219/INPUTFILES/data_121657061.root
Running: cp /star/data01/pwg/xiatong/AMPT/14GeV/data_121657081.root /tmp/maxwoo/21EF1A6A9139C9FD2A38E59AFB466F9A_219/INPUTFILES/data_121657081.root
Running: cp /star/data01/pwg/xiatong/AMPT/14GeV/data_121659071.root /tmp/maxwoo/21EF1A6A9139C9FD2A38E59AFB466F9A_219/INPUTFILES/data_121659071.root
Running: cp /star/data01/pwg/xiatong/AMPT/14GeV/data_121659081.root /tmp/maxwoo/21EF1A6A9139C9FD2A38E59AFB466F9A_219/INPUTFILES/data_121659081.root
Running: cp /star/data01/pwg/xiatong/AMPT/14GeV/data_121659091.root /tmp/maxwoo/21EF1A6A9139C9FD2A38E59AFB466F9A_219/INPUTFILES/data_121659091.root
Swapping $FILELIST with: /tmp/maxwoo/21EF1A6A9139C9FD2A38E59AFB466F9A_219/INPUTFILES/21EF1A6A9139C9FD2A38E59AFB466F9A_219.local.list
+++++++++++local copy debug++++++++++++++++++++
newFileList: /tmp/maxwoo/21EF1A6A9139C9FD2A38E59AFB466F9A_219/INPUTFILES/21EF1A6A9139C9FD2A38E59AFB466F9A_219.local.list
++++++++++++++++cat FILELIST+++++++++++++++++++
/tmp/maxwoo/21EF1A6A9139C9FD2A38E59AFB466F9A_219/INPUTFILES/data_121459531.root 
/tmp/maxwoo/21EF1A6A9139C9FD2A38E59AFB466F9A_219/INPUTFILES/data_121459601.root 
/tmp/maxwoo/21EF1A6A9139C9FD2A38E59AFB466F9A_219/INPUTFILES/data_121459651.root 
/tmp/maxwoo/21EF1A6A9139C9FD2A38E59AFB466F9A_219/INPUTFILES/data_121459711.root 
/tmp/maxwoo/21EF1A6A9139C9FD2A38E59AFB466F9A_219/INPUTFILES/data_121459751.root 
/tmp/maxwoo/21EF1A6A9139C9FD2A38E59AFB466F9A_219/INPUTFILES/data_121459791.root 
/tmp/maxwoo/21EF1A6A9139C9FD2A38E59AFB466F9A_219/INPUTFILES/data_121459831.root 
/tmp/maxwoo/21EF1A6A9139C9FD2A38E59AFB466F9A_219/INPUTFILES/data_121459901.root 
/tmp/maxwoo/21EF1A6A9139C9FD2A38E59AFB466F9A_219/INPUTFILES/data_121557041.root 
/tmp/maxwoo/21EF1A6A9139C9FD2A38E59AFB466F9A_219/INPUTFILES/data_121559101.root 
/tmp/maxwoo/21EF1A6A9139C9FD2A38E59AFB466F9A_219/INPUTFILES/data_121559111.root 
/tmp/maxwoo/21EF1A6A9139C9FD2A38E59AFB466F9A_219/INPUTFILES/data_121559121.root 
/tmp/maxwoo/21EF1A6A9139C9FD2A38E59AFB466F9A_219/INPUTFILES/data_121559131.root 
/tmp/maxwoo/21EF1A6A9139C9FD2A38E59AFB466F9A_219/INPUTFILES/data_121559141.root 
/tmp/maxwoo/21EF1A6A9139C9FD2A38E59AFB466F9A_219/INPUTFILES/data_121559151.root 
/tmp/maxwoo/21EF1A6A9139C9FD2A38E59AFB466F9A_219/INPUTFILES/data_121559261.root 
/tmp/maxwoo/21EF1A6A9139C9FD2A38E59AFB466F9A_219/INPUTFILES/data_121559301.root 
/tmp/maxwoo/21EF1A6A9139C9FD2A38E59AFB466F9A_219/INPUTFILES/data_121559311.root 
/tmp/maxwoo/21EF1A6A9139C9FD2A38E59AFB466F9A_219/INPUTFILES/data_121559321.root 
/tmp/maxwoo/21EF1A6A9139C9FD2A38E59AFB466F9A_219/INPUTFILES/data_121559351.root 
/tmp/maxwoo/21EF1A6A9139C9FD2A38E59AFB466F9A_219/INPUTFILES/data_121559391.root 
/tmp/maxwoo/21EF1A6A9139C9FD2A38E59AFB466F9A_219/INPUTFILES/data_121559431.root 
/tmp/maxwoo/21EF1A6A9139C9FD2A38E59AFB466F9A_219/INPUTFILES/data_121559441.root 
/tmp/maxwoo/21EF1A6A9139C9FD2A38E59AFB466F9A_219/INPUTFILES/data_121559491.root 
/tmp/maxwoo/21EF1A6A9139C9FD2A38E59AFB466F9A_219/INPUTFILES/data_121559541.root 
/tmp/maxwoo/21EF1A6A9139C9FD2A38E59AFB466F9A_219/INPUTFILES/data_121559641.root 
/tmp/maxwoo/21EF1A6A9139C9FD2A38E59AFB466F9A_219/INPUTFILES/data_121559721.root 
/tmp/maxwoo/21EF1A6A9139C9FD2A38E59AFB466F9A_219/INPUTFILES/data_121566911.root 
/tmp/maxwoo/21EF1A6A9139C9FD2A38E59AFB466F9A_219/INPUTFILES/data_121597901.root 
/tmp/maxwoo/21EF1A6A9139C9FD2A38E59AFB466F9A_219/INPUTFILES/data_121657011.root 
/tmp/maxwoo/21EF1A6A9139C9FD2A38E59AFB466F9A_219/INPUTFILES/data_121657021.root 
/tmp/maxwoo/21EF1A6A9139C9FD2A38E59AFB466F9A_219/INPUTFILES/data_121657051.root 
/tmp/maxwoo/21EF1A6A9139C9FD2A38E59AFB466F9A_219/INPUTFILES/data_121657061.root 
/tmp/maxwoo/21EF1A6A9139C9FD2A38E59AFB466F9A_219/INPUTFILES/data_121657081.root 
/tmp/maxwoo/21EF1A6A9139C9FD2A38E59AFB466F9A_219/INPUTFILES/data_121659071.root 
/tmp/maxwoo/21EF1A6A9139C9FD2A38E59AFB466F9A_219/INPUTFILES/data_121659081.root 
/tmp/maxwoo/21EF1A6A9139C9FD2A38E59AFB466F9A_219/INPUTFILES/data_121659091.root 
++++++++++++++++++++find.++++++++++++++++++++++
.
./check_S.C
./.sandboxFiles
./lib
./lib/my_event_cpp_ACLiC_dict_rdict.pcm
./lib/my_particle.h
./lib/my_event.h
./lib/my_particle_cpp_ACLiC_dict_rdict.pcm
./lib/MixedBuffer_cpp.so
./lib/NpartNormalizer.cpp
./lib/MixedBuffer.cpp
./lib/CenMaker_cpp_ACLiC_dict_rdict.pcm
./lib/CenMaker_cpp.d
./lib/NpartNormalizer.h
./lib/my_event.cpp
./lib/MixedBuffer_cpp.d
./lib/NpartNormalizer_cpp.so
./lib/MixedBuffer.h
./lib/my_event_cpp.d
./lib/CenMaker_cpp.so
./lib/my_particle_cpp.so
./lib/my_particle.cpp
./lib/NpartNormalizer_cpp_ACLiC_dict_rdict.pcm
./lib/NpartNormalizer_cpp.d
./lib/my_event_cpp.so
./lib/CenMaker.h
./lib/CenMaker.cpp
./lib/MixedBuffer_cpp_ACLiC_dict_rdict.pcm
./lib/my_particle_cpp.d
./.errror.log
./Check_Sness.C
./INPUTFILES
./INPUTFILES/data_121559441.root
./INPUTFILES/data_121659071.root
./INPUTFILES/data_121657061.root
./INPUTFILES/data_121559391.root
./INPUTFILES/data_121559311.root
./INPUTFILES/data_121557041.root
./INPUTFILES/data_121559321.root
./INPUTFILES/data_121459831.root
./INPUTFILES/data_121559121.root
./INPUTFILES/data_121559721.root
./INPUTFILES/data_121657021.root
./INPUTFILES/data_121459751.root
./INPUTFILES/data_121559541.root
./INPUTFILES/data_121559351.root
./INPUTFILES/data_121657051.root
./INPUTFILES/data_121559141.root
./INPUTFILES/data_121459711.root
./INPUTFILES/data_121566911.root
./INPUTFILES/data_121559491.root
./INPUTFILES/21EF1A6A9139C9FD2A38E59AFB466F9A_219.local.list
./INPUTFILES/data_121559101.root
./INPUTFILES/data_121597901.root
./INPUTFILES/data_121659091.root
./INPUTFILES/data_121559131.root
./INPUTFILES/data_121659081.root
./INPUTFILES/data_121459791.root
./INPUTFILES/data_121657011.root
./INPUTFILES/data_121559111.root
./INPUTFILES/data_121459901.root
./INPUTFILES/data_121559151.root
./INPUTFILES/data_121459531.root
./INPUTFILES/data_121559641.root
./INPUTFILES/data_121559261.root
./INPUTFILES/data_121459651.root
./INPUTFILES/data_121657081.root
./INPUTFILES/data_121559431.root
./INPUTFILES/data_121459601.root
./INPUTFILES/data_121559301.root
./.output.log
++++++++++++++++INPUTFILE Var++++++++++++++++++
FILELIST=/tmp/maxwoo/21EF1A6A9139C9FD2A38E59AFB466F9A_219/INPUTFILES/21EF1A6A9139C9FD2A38E59AFB466F9A_219.local.list
INPUTFILECOUNT=37
INPUTFILE0=/tmp/maxwoo/21EF1A6A9139C9FD2A38E59AFB466F9A_219/INPUTFILES/data_121459531.root
INPUTFILE1=/tmp/maxwoo/21EF1A6A9139C9FD2A38E59AFB466F9A_219/INPUTFILES/data_121459601.root
INPUTFILE2=/tmp/maxwoo/21EF1A6A9139C9FD2A38E59AFB466F9A_219/INPUTFILES/data_121459651.root
INPUTFILE3=/tmp/maxwoo/21EF1A6A9139C9FD2A38E59AFB466F9A_219/INPUTFILES/data_121459711.root
INPUTFILE4=/tmp/maxwoo/21EF1A6A9139C9FD2A38E59AFB466F9A_219/INPUTFILES/data_121459751.root
INPUTFILE5=/tmp/maxwoo/21EF1A6A9139C9FD2A38E59AFB466F9A_219/INPUTFILES/data_121459791.root
INPUTFILE6=/tmp/maxwoo/21EF1A6A9139C9FD2A38E59AFB466F9A_219/INPUTFILES/data_121459831.root
INPUTFILE7=/tmp/maxwoo/21EF1A6A9139C9FD2A38E59AFB466F9A_219/INPUTFILES/data_121459901.root
INPUTFILE8=/tmp/maxwoo/21EF1A6A9139C9FD2A38E59AFB466F9A_219/INPUTFILES/data_121557041.root
INPUTFILE9=/tmp/maxwoo/21EF1A6A9139C9FD2A38E59AFB466F9A_219/INPUTFILES/data_121559101.root
INPUTFILE10=/tmp/maxwoo/21EF1A6A9139C9FD2A38E59AFB466F9A_219/INPUTFILES/data_121559111.root
INPUTFILE11=/tmp/maxwoo/21EF1A6A9139C9FD2A38E59AFB466F9A_219/INPUTFILES/data_121559121.root
INPUTFILE12=/tmp/maxwoo/21EF1A6A9139C9FD2A38E59AFB466F9A_219/INPUTFILES/data_121559131.root
INPUTFILE13=/tmp/maxwoo/21EF1A6A9139C9FD2A38E59AFB466F9A_219/INPUTFILES/data_121559141.root
INPUTFILE14=/tmp/maxwoo/21EF1A6A9139C9FD2A38E59AFB466F9A_219/INPUTFILES/data_121559151.root
INPUTFILE15=/tmp/maxwoo/21EF1A6A9139C9FD2A38E59AFB466F9A_219/INPUTFILES/data_121559261.root
INPUTFILE16=/tmp/maxwoo/21EF1A6A9139C9FD2A38E59AFB466F9A_219/INPUTFILES/data_121559301.root
INPUTFILE17=/tmp/maxwoo/21EF1A6A9139C9FD2A38E59AFB466F9A_219/INPUTFILES/data_121559311.root
INPUTFILE18=/tmp/maxwoo/21EF1A6A9139C9FD2A38E59AFB466F9A_219/INPUTFILES/data_121559321.root
INPUTFILE19=/tmp/maxwoo/21EF1A6A9139C9FD2A38E59AFB466F9A_219/INPUTFILES/data_121559351.root
INPUTFILE20=/tmp/maxwoo/21EF1A6A9139C9FD2A38E59AFB466F9A_219/INPUTFILES/data_121559391.root
INPUTFILE21=/tmp/maxwoo/21EF1A6A9139C9FD2A38E59AFB466F9A_219/INPUTFILES/data_121559431.root
INPUTFILE22=/tmp/maxwoo/21EF1A6A9139C9FD2A38E59AFB466F9A_219/INPUTFILES/data_121559441.root
INPUTFILE23=/tmp/maxwoo/21EF1A6A9139C9FD2A38E59AFB466F9A_219/INPUTFILES/data_121559491.root
INPUTFILE24=/tmp/maxwoo/21EF1A6A9139C9FD2A38E59AFB466F9A_219/INPUTFILES/data_121559541.root
INPUTFILE25=/tmp/maxwoo/21EF1A6A9139C9FD2A38E59AFB466F9A_219/INPUTFILES/data_121559641.root
INPUTFILE26=/tmp/maxwoo/21EF1A6A9139C9FD2A38E59AFB466F9A_219/INPUTFILES/data_121559721.root
INPUTFILE27=/tmp/maxwoo/21EF1A6A9139C9FD2A38E59AFB466F9A_219/INPUTFILES/data_121566911.root
INPUTFILE28=/tmp/maxwoo/21EF1A6A9139C9FD2A38E59AFB466F9A_219/INPUTFILES/data_121597901.root
INPUTFILE29=/tmp/maxwoo/21EF1A6A9139C9FD2A38E59AFB466F9A_219/INPUTFILES/data_121657011.root
INPUTFILE30=/tmp/maxwoo/21EF1A6A9139C9FD2A38E59AFB466F9A_219/INPUTFILES/data_121657021.root
INPUTFILE31=/tmp/maxwoo/21EF1A6A9139C9FD2A38E59AFB466F9A_219/INPUTFILES/data_121657051.root
INPUTFILE32=/tmp/maxwoo/21EF1A6A9139C9FD2A38E59AFB466F9A_219/INPUTFILES/data_121657061.root
INPUTFILE33=/tmp/maxwoo/21EF1A6A9139C9FD2A38E59AFB466F9A_219/INPUTFILES/data_121657081.root
INPUTFILE34=/tmp/maxwoo/21EF1A6A9139C9FD2A38E59AFB466F9A_219/INPUTFILES/data_121659071.root
INPUTFILE35=/tmp/maxwoo/21EF1A6A9139C9FD2A38E59AFB466F9A_219/INPUTFILES/data_121659081.root
INPUTFILE36=/tmp/maxwoo/21EF1A6A9139C9FD2A38E59AFB466F9A_219/INPUTFILES/data_121659091.root
LocalInputFileDir=/tmp/maxwoo/21EF1A6A9139C9FD2A38E59AFB466F9A_219/INPUTFILES
NewFILELIST=/tmp/maxwoo/21EF1A6A9139C9FD2A38E59AFB466F9A_219/INPUTFILES/21EF1A6A9139C9FD2A38E59AFB466F9A_219.local.list
+++++++++++++++++++++++++++++++++++++++++++++++
--------------------------------
Simple Unified Meta Scheduler 1.10.50 we are starting in $SCRATCH : /home/tmp/maxwoo/21EF1A6A9139C9FD2A38E59AFB466F9A_219
--------------------------------
total 16
lrwxrwxrwx 1 maxwoo rhstar   61 Jun  2 11:40 check_S.C -> /gpfs/mnt/gpfs01/star/pwg/xiatong/git/strangeness/./check_S.C
lrwxrwxrwx 1 maxwoo rhstar   65 Jun  2 11:40 Check_Sness.C -> /gpfs/mnt/gpfs01/star/pwg/xiatong/git/strangeness/./Check_Sness.C
drwxr-xr-x 2 maxwoo rhstar 4096 Jun  2 11:44 INPUTFILES
drwxr-xr-x 2 maxwoo rhstar 4096 Jun  2 11:40 lib
  *******************************************
  *                                         *
  *        W E L C O M E  to  R O O T       *
  *                                         *
  *   Version   5.34/38     12 March 2018   *
  *                                         *
  *  You are welcome to visit our Web site  *
  *          http://root.cern.ch            *
  *                                         *
  *******************************************

ROOT 5.34/38 (v5-34-38@v5-34-38, Mar 12 2018, 15:49:39 on linux)

CINT/ROOT C/C++ Interpreter version 5.18.00, July 2, 2010
Type ? for help. Commands must be C++ statements.
Enclose multiple statements between { }.
*** Float Point Exception is OFF ***
 *** Start at Date : Thu Jun  2 11:45:00 2022
QAInfo:You are using STAR_LEVEL : dev, ROOT_LEVEL : 5.34.38 and node : rcas6297.rcf.bnl.gov 

Processing check_S.C++("/tmp/maxwoo/21EF1A6A9139C9FD2A38E59AFB466F9A_219/INPUTFILES/21EF1A6A9139C9FD2A38E59AFB466F9A_219.local.list","21EF1A6A9139C9FD2A38E59AFB466F9A_219",1)...
/tmp/maxwoo/21EF1A6A9139C9FD2A38E59AFB466F9A_219/INPUTFILES/data_121459531.root 
/tmp/maxwoo/21EF1A6A9139C9FD2A38E59AFB466F9A_219/INPUTFILES/data_121459601.root 
/tmp/maxwoo/21EF1A6A9139C9FD2A38E59AFB466F9A_219/INPUTFILES/data_121459651.root 
/tmp/maxwoo/21EF1A6A9139C9FD2A38E59AFB466F9A_219/INPUTFILES/data_121459711.root 
/tmp/maxwoo/21EF1A6A9139C9FD2A38E59AFB466F9A_219/INPUTFILES/data_121459751.root 
/tmp/maxwoo/21EF1A6A9139C9FD2A38E59AFB466F9A_219/INPUTFILES/data_121459791.root 
/tmp/maxwoo/21EF1A6A9139C9FD2A38E59AFB466F9A_219/INPUTFILES/data_121459831.root 
/tmp/maxwoo/21EF1A6A9139C9FD2A38E59AFB466F9A_219/INPUTFILES/data_121459901.root 
/tmp/maxwoo/21EF1A6A9139C9FD2A38E59AFB466F9A_219/INPUTFILES/data_121557041.root 
/tmp/maxwoo/21EF1A6A9139C9FD2A38E59AFB466F9A_219/INPUTFILES/data_121559101.root 
/tmp/maxwoo/21EF1A6A9139C9FD2A38E59AFB466F9A_219/INPUTFILES/data_121559111.root 
/tmp/maxwoo/21EF1A6A9139C9FD2A38E59AFB466F9A_219/INPUTFILES/data_121559121.root 
/tmp/maxwoo/21EF1A6A9139C9FD2A38E59AFB466F9A_219/INPUTFILES/data_121559131.root 
/tmp/maxwoo/21EF1A6A9139C9FD2A38E59AFB466F9A_219/INPUTFILES/data_121559141.root 
/tmp/maxwoo/21EF1A6A9139C9FD2A38E59AFB466F9A_219/INPUTFILES/data_121559151.root 
/tmp/maxwoo/21EF1A6A9139C9FD2A38E59AFB466F9A_219/INPUTFILES/data_121559261.root 
/tmp/maxwoo/21EF1A6A9139C9FD2A38E59AFB466F9A_219/INPUTFILES/data_121559301.root 
/tmp/maxwoo/21EF1A6A9139C9FD2A38E59AFB466F9A_219/INPUTFILES/data_121559311.root 
/tmp/maxwoo/21EF1A6A9139C9FD2A38E59AFB466F9A_219/INPUTFILES/data_121559321.root 
/tmp/maxwoo/21EF1A6A9139C9FD2A38E59AFB466F9A_219/INPUTFILES/data_121559351.root 
/tmp/maxwoo/21EF1A6A9139C9FD2A38E59AFB466F9A_219/INPUTFILES/data_121559391.root 
/tmp/maxwoo/21EF1A6A9139C9FD2A38E59AFB466F9A_219/INPUTFILES/data_121559431.root 
/tmp/maxwoo/21EF1A6A9139C9FD2A38E59AFB466F9A_219/INPUTFILES/data_121559441.root 
/tmp/maxwoo/21EF1A6A9139C9FD2A38E59AFB466F9A_219/INPUTFILES/data_121559491.root 
/tmp/maxwoo/21EF1A6A9139C9FD2A38E59AFB466F9A_219/INPUTFILES/data_121559541.root 
/tmp/maxwoo/21EF1A6A9139C9FD2A38E59AFB466F9A_219/INPUTFILES/data_121559641.root 
/tmp/maxwoo/21EF1A6A9139C9FD2A38E59AFB466F9A_219/INPUTFILES/data_121559721.root 
/tmp/maxwoo/21EF1A6A9139C9FD2A38E59AFB466F9A_219/INPUTFILES/data_121566911.root 
/tmp/maxwoo/21EF1A6A9139C9FD2A38E59AFB466F9A_219/INPUTFILES/data_121597901.root 
/tmp/maxwoo/21EF1A6A9139C9FD2A38E59AFB466F9A_219/INPUTFILES/data_121657011.root 
/tmp/maxwoo/21EF1A6A9139C9FD2A38E59AFB466F9A_219/INPUTFILES/data_121657021.root 
/tmp/maxwoo/21EF1A6A9139C9FD2A38E59AFB466F9A_219/INPUTFILES/data_121657051.root 
/tmp/maxwoo/21EF1A6A9139C9FD2A38E59AFB466F9A_219/INPUTFILES/data_121657061.root 
/tmp/maxwoo/21EF1A6A9139C9FD2A38E59AFB466F9A_219/INPUTFILES/data_121657081.root 
/tmp/maxwoo/21EF1A6A9139C9FD2A38E59AFB466F9A_219/INPUTFILES/data_121659071.root 
/tmp/maxwoo/21EF1A6A9139C9FD2A38E59AFB466F9A_219/INPUTFILES/data_121659081.root 
/tmp/maxwoo/21EF1A6A9139C9FD2A38E59AFB466F9A_219/INPUTFILES/data_121659091.root 
Added 37 files
# entries in chain: 37000
Processing entry == 1000 == out of 37000.
Processing entry == 2000 == out of 37000.
Processing entry == 3000 == out of 37000.
Processing entry == 4000 == out of 37000.
Processing entry == 5000 == out of 37000.
Processing entry == 6000 == out of 37000.
Processing entry == 7000 == out of 37000.
Processing entry == 8000 == out of 37000.
Processing entry == 9000 == out of 37000.
Processing entry == 10000 == out of 37000.
Processing entry == 11000 == out of 37000.
Processing entry == 12000 == out of 37000.
Processing entry == 13000 == out of 37000.
Processing entry == 14000 == out of 37000.
Processing entry == 15000 == out of 37000.
Processing entry == 16000 == out of 37000.
Processing entry == 17000 == out of 37000.
Processing entry == 18000 == out of 37000.
Processing entry == 19000 == out of 37000.
Processing entry == 20000 == out of 37000.
Processing entry == 21000 == out of 37000.
Processing entry == 22000 == out of 37000.
Processing entry == 23000 == out of 37000.
Processing entry == 24000 == out of 37000.
Processing entry == 25000 == out of 37000.
Processing entry == 26000 == out of 37000.
Processing entry == 27000 == out of 37000.
Processing entry == 28000 == out of 37000.
Processing entry == 29000 == out of 37000.
Processing entry == 30000 == out of 37000.
Processing entry == 31000 == out of 37000.
Processing entry == 32000 == out of 37000.
Processing entry == 33000 == out of 37000.
Processing entry == 34000 == out of 37000.
Processing entry == 35000 == out of 37000.
Processing entry == 36000 == out of 37000.
Processing entry == 37000 == out of 37000.

This is the end of ROOT -- Goodbye

Cleaning up sandbox file:  /tmp/maxwoo/21EF1A6A9139C9FD2A38E59AFB466F9A_219/check_S.C
Cleaning up sandbox file:  /tmp/maxwoo/21EF1A6A9139C9FD2A38E59AFB466F9A_219/Check_Sness.C
Cleaning up sandbox file:  /tmp/maxwoo/21EF1A6A9139C9FD2A38E59AFB466F9A_219/lib
Cleaning up sandbox file:  /tmp/maxwoo/21EF1A6A9139C9FD2A38E59AFB466F9A_219/.sandboxFiles
Starting copy block
Running copy command:  /bin/cp -fp /tmp/maxwoo/21EF1A6A9139C9FD2A38E59AFB466F9A_219/out_21EF1A6A9139C9FD2A38E59AFB466F9A_219.root /star/data01/pwg/xiatong/git/strangeness/data/
5519 Execution of (/star/data01/pwg/xiatong/git/strangeness/script/sched21EF1A6A9139C9FD2A38E59AFB466F9A_219.csh ) has ended, exiting normally
5519 We END on [Thu Jun  2 12:06:28 EDT 2022]
