We are starting on node: rcas2962.rcf.bnl.gov
HOME is not defined
Using getent method
HOME is now /star/u/maxwoo
24929 We will spawn ourselves (/star/data01/pwg/xiatong/git/strangeness/script/sched21EF1A6A9139C9FD2A38E59AFB466F9A_1531.csh )
24929 We BEGIN on [Thu Jun  2 11:15:11 EDT 2022]
[1] 25133
24929 We are waiting for 25133 
24929 Grandchild PID is 25730 - found in 10 x 1 seconds
24929 Establishing first watcher   on    Thu Jun  2 11:15:22 EDT 2022
24929 Process tree is 24929 (main) -> 25133 (child) -> 25730 (grandchild)
F S   UID   PID  PPID  C PRI  NI ADDR SZ WCHAN  TTY        TIME CMD
0 D 100667 25730 25133  0 80   0 - 32311 cxiWai ?          0:00 cp /star/data01/pwg/xiatong/AMPT/14GeV/data_543679641.root /tmp/maxwoo/21EF1A6A9139C9FD2A38E59AFB466F9A_1531/INPUTFILES/data_543679641.root
24929 Grandchild PID is 26794 - found in 20 x 2 seconds
24929 Grandchild to watch has changed on Thu Jun  2 11:15:42 EDT 2022
24929 Process tree is 24929 (main) -> 25133 (child) -> 26794 (grandchild)
F S   UID   PID  PPID  C PRI  NI ADDR SZ WCHAN  TTY        TIME CMD
0 D 100667 26794 25133  0 80   0 - 32311 cxiWai ?          0:00 cp /star/data01/pwg/xiatong/AMPT/14GeV/data_544015951.root /tmp/maxwoo/21EF1A6A9139C9FD2A38E59AFB466F9A_1531/INPUTFILES/data_544015951.root
24929 Grandchild PID is 28021 - found in 30 x 2 seconds
24929 Grandchild to watch has changed on Thu Jun  2 11:16:03 EDT 2022
24929 Process tree is 24929 (main) -> 25133 (child) -> 28021 (grandchild)
F S   UID   PID  PPID  C PRI  NI ADDR SZ WCHAN  TTY        TIME CMD
0 D 100667 28021 25133  0 80   0 - 32311 cxiWai ?          0:00 cp /star/data01/pwg/xiatong/AMPT/14GeV/data_544141211.root /tmp/maxwoo/21EF1A6A9139C9FD2A38E59AFB466F9A_1531/INPUTFILES/data_544141211.root
24929 Grandchild PID is 28886 - found in 40 x 2 seconds
24929 Grandchild to watch has changed on Thu Jun  2 11:16:24 EDT 2022
24929 Process tree is 24929 (main) -> 25133 (child) -> 28886 (grandchild)
F S   UID   PID  PPID  C PRI  NI ADDR SZ WCHAN  TTY        TIME CMD
0 D 100667 28886 25133  0 80   0 - 32311 cxiWai ?          0:00 cp /star/data01/pwg/xiatong/AMPT/14GeV/data_544141271.root /tmp/maxwoo/21EF1A6A9139C9FD2A38E59AFB466F9A_1531/INPUTFILES/data_544141271.root
24929 Grandchild PID is 29249 - found in 50 x 2 seconds
24929 Grandchild to watch has changed on Thu Jun  2 11:16:45 EDT 2022
24929 Process tree is 24929 (main) -> 25133 (child) -> 29249 (grandchild)
F S   UID   PID  PPID  C PRI  NI ADDR SZ WCHAN  TTY        TIME CMD
0 D 100667 29249 25133  0 80   0 - 32311 cxiWai ?          0:00 cp /star/data01/pwg/xiatong/AMPT/14GeV/data_544141321.root /tmp/maxwoo/21EF1A6A9139C9FD2A38E59AFB466F9A_1531/INPUTFILES/data_544141321.root
24929 Grandchild PID is 34740 - found in 70 x 2 seconds
24929 Grandchild to watch has changed on Thu Jun  2 11:17:26 EDT 2022
24929 Process tree is 24929 (main) -> 25133 (child) -> 34740 (grandchild)
F S   UID   PID  PPID  C PRI  NI ADDR SZ WCHAN  TTY        TIME CMD
0 S 100667 34740 25133  0 80   0 -  1272 do_wai ?          0:00 root -b -q check_S.C++("/tmp/maxwoo/21EF1A6A9139C9FD2A38E59AFB466F9A_1531/INPUTFILES/21EF1A6A9139C9FD2A38E59AFB466F9A_1531.local.list","21EF1A6A9139C9FD2A38E59AFB466F9A_1531",1)
25133 Stepping into the main SUMS wrapper program with []
.... building sandbox
Running: cp /star/data01/pwg/xiatong/AMPT/14GeV/data_543516001.root /tmp/maxwoo/21EF1A6A9139C9FD2A38E59AFB466F9A_1531/INPUTFILES/data_543516001.root
Running: cp /star/data01/pwg/xiatong/AMPT/14GeV/data_543615981.root /tmp/maxwoo/21EF1A6A9139C9FD2A38E59AFB466F9A_1531/INPUTFILES/data_543615981.root
Running: cp /star/data01/pwg/xiatong/AMPT/14GeV/data_543616011.root /tmp/maxwoo/21EF1A6A9139C9FD2A38E59AFB466F9A_1531/INPUTFILES/data_543616011.root
Running: cp /star/data01/pwg/xiatong/AMPT/14GeV/data_543679641.root /tmp/maxwoo/21EF1A6A9139C9FD2A38E59AFB466F9A_1531/INPUTFILES/data_543679641.root
Running: cp /star/data01/pwg/xiatong/AMPT/14GeV/data_543723811.root /tmp/maxwoo/21EF1A6A9139C9FD2A38E59AFB466F9A_1531/INPUTFILES/data_543723811.root
Running: cp /star/data01/pwg/xiatong/AMPT/14GeV/data_543815971.root /tmp/maxwoo/21EF1A6A9139C9FD2A38E59AFB466F9A_1531/INPUTFILES/data_543815971.root
Running: cp /star/data01/pwg/xiatong/AMPT/14GeV/data_543946911.root /tmp/maxwoo/21EF1A6A9139C9FD2A38E59AFB466F9A_1531/INPUTFILES/data_543946911.root
Running: cp /star/data01/pwg/xiatong/AMPT/14GeV/data_544015951.root /tmp/maxwoo/21EF1A6A9139C9FD2A38E59AFB466F9A_1531/INPUTFILES/data_544015951.root
Running: cp /star/data01/pwg/xiatong/AMPT/14GeV/data_544015961.root /tmp/maxwoo/21EF1A6A9139C9FD2A38E59AFB466F9A_1531/INPUTFILES/data_544015961.root
Running: cp /star/data01/pwg/xiatong/AMPT/14GeV/data_544044251.root /tmp/maxwoo/21EF1A6A9139C9FD2A38E59AFB466F9A_1531/INPUTFILES/data_544044251.root
Running: cp /star/data01/pwg/xiatong/AMPT/14GeV/data_544112471.root /tmp/maxwoo/21EF1A6A9139C9FD2A38E59AFB466F9A_1531/INPUTFILES/data_544112471.root
Running: cp /star/data01/pwg/xiatong/AMPT/14GeV/data_544112481.root /tmp/maxwoo/21EF1A6A9139C9FD2A38E59AFB466F9A_1531/INPUTFILES/data_544112481.root
Running: cp /star/data01/pwg/xiatong/AMPT/14GeV/data_544115941.root /tmp/maxwoo/21EF1A6A9139C9FD2A38E59AFB466F9A_1531/INPUTFILES/data_544115941.root
Running: cp /star/data01/pwg/xiatong/AMPT/14GeV/data_544122311.root /tmp/maxwoo/21EF1A6A9139C9FD2A38E59AFB466F9A_1531/INPUTFILES/data_544122311.root
Running: cp /star/data01/pwg/xiatong/AMPT/14GeV/data_544138721.root /tmp/maxwoo/21EF1A6A9139C9FD2A38E59AFB466F9A_1531/INPUTFILES/data_544138721.root
Running: cp /star/data01/pwg/xiatong/AMPT/14GeV/data_544138731.root /tmp/maxwoo/21EF1A6A9139C9FD2A38E59AFB466F9A_1531/INPUTFILES/data_544138731.root
Running: cp /star/data01/pwg/xiatong/AMPT/14GeV/data_544141211.root /tmp/maxwoo/21EF1A6A9139C9FD2A38E59AFB466F9A_1531/INPUTFILES/data_544141211.root
Running: cp /star/data01/pwg/xiatong/AMPT/14GeV/data_544141221.root /tmp/maxwoo/21EF1A6A9139C9FD2A38E59AFB466F9A_1531/INPUTFILES/data_544141221.root
Running: cp /star/data01/pwg/xiatong/AMPT/14GeV/data_544141231.root /tmp/maxwoo/21EF1A6A9139C9FD2A38E59AFB466F9A_1531/INPUTFILES/data_544141231.root
Running: cp /star/data01/pwg/xiatong/AMPT/14GeV/data_544141241.root /tmp/maxwoo/21EF1A6A9139C9FD2A38E59AFB466F9A_1531/INPUTFILES/data_544141241.root
Running: cp /star/data01/pwg/xiatong/AMPT/14GeV/data_544141271.root /tmp/maxwoo/21EF1A6A9139C9FD2A38E59AFB466F9A_1531/INPUTFILES/data_544141271.root
Running: cp /star/data01/pwg/xiatong/AMPT/14GeV/data_544141281.root /tmp/maxwoo/21EF1A6A9139C9FD2A38E59AFB466F9A_1531/INPUTFILES/data_544141281.root
Running: cp /star/data01/pwg/xiatong/AMPT/14GeV/data_544141311.root /tmp/maxwoo/21EF1A6A9139C9FD2A38E59AFB466F9A_1531/INPUTFILES/data_544141311.root
Running: cp /star/data01/pwg/xiatong/AMPT/14GeV/data_544141321.root /tmp/maxwoo/21EF1A6A9139C9FD2A38E59AFB466F9A_1531/INPUTFILES/data_544141321.root
Running: cp /star/data01/pwg/xiatong/AMPT/14GeV/data_544141331.root /tmp/maxwoo/21EF1A6A9139C9FD2A38E59AFB466F9A_1531/INPUTFILES/data_544141331.root
Running: cp /star/data01/pwg/xiatong/AMPT/14GeV/data_544141341.root /tmp/maxwoo/21EF1A6A9139C9FD2A38E59AFB466F9A_1531/INPUTFILES/data_544141341.root
Running: cp /star/data01/pwg/xiatong/AMPT/14GeV/data_544141351.root /tmp/maxwoo/21EF1A6A9139C9FD2A38E59AFB466F9A_1531/INPUTFILES/data_544141351.root
Running: cp /star/data01/pwg/xiatong/AMPT/14GeV/data_544141361.root /tmp/maxwoo/21EF1A6A9139C9FD2A38E59AFB466F9A_1531/INPUTFILES/data_544141361.root
Running: cp /star/data01/pwg/xiatong/AMPT/14GeV/data_544141411.root /tmp/maxwoo/21EF1A6A9139C9FD2A38E59AFB466F9A_1531/INPUTFILES/data_544141411.root
Running: cp /star/data01/pwg/xiatong/AMPT/14GeV/data_544141461.root /tmp/maxwoo/21EF1A6A9139C9FD2A38E59AFB466F9A_1531/INPUTFILES/data_544141461.root
Running: cp /star/data01/pwg/xiatong/AMPT/14GeV/data_544145831.root /tmp/maxwoo/21EF1A6A9139C9FD2A38E59AFB466F9A_1531/INPUTFILES/data_544145831.root
Running: cp /star/data01/pwg/xiatong/AMPT/14GeV/data_544149071.root /tmp/maxwoo/21EF1A6A9139C9FD2A38E59AFB466F9A_1531/INPUTFILES/data_544149071.root
Running: cp /star/data01/pwg/xiatong/AMPT/14GeV/data_544162501.root /tmp/maxwoo/21EF1A6A9139C9FD2A38E59AFB466F9A_1531/INPUTFILES/data_544162501.root
Running: cp /star/data01/pwg/xiatong/AMPT/14GeV/data_544162961.root /tmp/maxwoo/21EF1A6A9139C9FD2A38E59AFB466F9A_1531/INPUTFILES/data_544162961.root
Running: cp /star/data01/pwg/xiatong/AMPT/14GeV/data_544162971.root /tmp/maxwoo/21EF1A6A9139C9FD2A38E59AFB466F9A_1531/INPUTFILES/data_544162971.root
Running: cp /star/data01/pwg/xiatong/AMPT/14GeV/data_544162991.root /tmp/maxwoo/21EF1A6A9139C9FD2A38E59AFB466F9A_1531/INPUTFILES/data_544162991.root
Running: cp /star/data01/pwg/xiatong/AMPT/14GeV/data_544163011.root /tmp/maxwoo/21EF1A6A9139C9FD2A38E59AFB466F9A_1531/INPUTFILES/data_544163011.root
Swapping $FILELIST with: /tmp/maxwoo/21EF1A6A9139C9FD2A38E59AFB466F9A_1531/INPUTFILES/21EF1A6A9139C9FD2A38E59AFB466F9A_1531.local.list
+++++++++++local copy debug++++++++++++++++++++
newFileList: /tmp/maxwoo/21EF1A6A9139C9FD2A38E59AFB466F9A_1531/INPUTFILES/21EF1A6A9139C9FD2A38E59AFB466F9A_1531.local.list
++++++++++++++++cat FILELIST+++++++++++++++++++
/tmp/maxwoo/21EF1A6A9139C9FD2A38E59AFB466F9A_1531/INPUTFILES/data_543516001.root 
/tmp/maxwoo/21EF1A6A9139C9FD2A38E59AFB466F9A_1531/INPUTFILES/data_543615981.root 
/tmp/maxwoo/21EF1A6A9139C9FD2A38E59AFB466F9A_1531/INPUTFILES/data_543616011.root 
/tmp/maxwoo/21EF1A6A9139C9FD2A38E59AFB466F9A_1531/INPUTFILES/data_543679641.root 
/tmp/maxwoo/21EF1A6A9139C9FD2A38E59AFB466F9A_1531/INPUTFILES/data_543723811.root 
/tmp/maxwoo/21EF1A6A9139C9FD2A38E59AFB466F9A_1531/INPUTFILES/data_543815971.root 
/tmp/maxwoo/21EF1A6A9139C9FD2A38E59AFB466F9A_1531/INPUTFILES/data_543946911.root 
/tmp/maxwoo/21EF1A6A9139C9FD2A38E59AFB466F9A_1531/INPUTFILES/data_544015951.root 
/tmp/maxwoo/21EF1A6A9139C9FD2A38E59AFB466F9A_1531/INPUTFILES/data_544015961.root 
/tmp/maxwoo/21EF1A6A9139C9FD2A38E59AFB466F9A_1531/INPUTFILES/data_544044251.root 
/tmp/maxwoo/21EF1A6A9139C9FD2A38E59AFB466F9A_1531/INPUTFILES/data_544112471.root 
/tmp/maxwoo/21EF1A6A9139C9FD2A38E59AFB466F9A_1531/INPUTFILES/data_544112481.root 
/tmp/maxwoo/21EF1A6A9139C9FD2A38E59AFB466F9A_1531/INPUTFILES/data_544115941.root 
/tmp/maxwoo/21EF1A6A9139C9FD2A38E59AFB466F9A_1531/INPUTFILES/data_544122311.root 
/tmp/maxwoo/21EF1A6A9139C9FD2A38E59AFB466F9A_1531/INPUTFILES/data_544138721.root 
/tmp/maxwoo/21EF1A6A9139C9FD2A38E59AFB466F9A_1531/INPUTFILES/data_544138731.root 
/tmp/maxwoo/21EF1A6A9139C9FD2A38E59AFB466F9A_1531/INPUTFILES/data_544141211.root 
/tmp/maxwoo/21EF1A6A9139C9FD2A38E59AFB466F9A_1531/INPUTFILES/data_544141221.root 
/tmp/maxwoo/21EF1A6A9139C9FD2A38E59AFB466F9A_1531/INPUTFILES/data_544141231.root 
/tmp/maxwoo/21EF1A6A9139C9FD2A38E59AFB466F9A_1531/INPUTFILES/data_544141241.root 
/tmp/maxwoo/21EF1A6A9139C9FD2A38E59AFB466F9A_1531/INPUTFILES/data_544141271.root 
/tmp/maxwoo/21EF1A6A9139C9FD2A38E59AFB466F9A_1531/INPUTFILES/data_544141281.root 
/tmp/maxwoo/21EF1A6A9139C9FD2A38E59AFB466F9A_1531/INPUTFILES/data_544141311.root 
/tmp/maxwoo/21EF1A6A9139C9FD2A38E59AFB466F9A_1531/INPUTFILES/data_544141321.root 
/tmp/maxwoo/21EF1A6A9139C9FD2A38E59AFB466F9A_1531/INPUTFILES/data_544141331.root 
/tmp/maxwoo/21EF1A6A9139C9FD2A38E59AFB466F9A_1531/INPUTFILES/data_544141341.root 
/tmp/maxwoo/21EF1A6A9139C9FD2A38E59AFB466F9A_1531/INPUTFILES/data_544141351.root 
/tmp/maxwoo/21EF1A6A9139C9FD2A38E59AFB466F9A_1531/INPUTFILES/data_544141361.root 
/tmp/maxwoo/21EF1A6A9139C9FD2A38E59AFB466F9A_1531/INPUTFILES/data_544141411.root 
/tmp/maxwoo/21EF1A6A9139C9FD2A38E59AFB466F9A_1531/INPUTFILES/data_544141461.root 
/tmp/maxwoo/21EF1A6A9139C9FD2A38E59AFB466F9A_1531/INPUTFILES/data_544145831.root 
/tmp/maxwoo/21EF1A6A9139C9FD2A38E59AFB466F9A_1531/INPUTFILES/data_544149071.root 
/tmp/maxwoo/21EF1A6A9139C9FD2A38E59AFB466F9A_1531/INPUTFILES/data_544162501.root 
/tmp/maxwoo/21EF1A6A9139C9FD2A38E59AFB466F9A_1531/INPUTFILES/data_544162961.root 
/tmp/maxwoo/21EF1A6A9139C9FD2A38E59AFB466F9A_1531/INPUTFILES/data_544162971.root 
/tmp/maxwoo/21EF1A6A9139C9FD2A38E59AFB466F9A_1531/INPUTFILES/data_544162991.root 
/tmp/maxwoo/21EF1A6A9139C9FD2A38E59AFB466F9A_1531/INPUTFILES/data_544163011.root 
++++++++++++++++++++find.++++++++++++++++++++++
.
./lib
./lib/my_event_cpp_ACLiC_dict_rdict.pcm
./lib/MixedBuffer.h
./lib/NpartNormalizer_cpp_ACLiC_dict_rdict.pcm
./lib/MixedBuffer_cpp.so
./lib/my_particle_cpp.d
./lib/MixedBuffer_cpp_ACLiC_dict_rdict.pcm
./lib/MixedBuffer_cpp.d
./lib/CenMaker_cpp_ACLiC_dict_rdict.pcm
./lib/my_event.h
./lib/my_particle.h
./lib/my_particle_cpp_ACLiC_dict_rdict.pcm
./lib/CenMaker_cpp.d
./lib/CenMaker.cpp
./lib/my_event_cpp.d
./lib/NpartNormalizer_cpp.so
./lib/my_event.cpp
./lib/my_particle.cpp
./lib/CenMaker.h
./lib/NpartNormalizer.cpp
./lib/my_event_cpp.so
./lib/MixedBuffer.cpp
./lib/CenMaker_cpp.so
./lib/NpartNormalizer.h
./lib/NpartNormalizer_cpp.d
./lib/my_particle_cpp.so
./.output.log
./.sandboxFiles
./Check_Sness.C
./check_S.C
./.errror.log
./INPUTFILES
./INPUTFILES/data_544141231.root
./INPUTFILES/data_544141211.root
./INPUTFILES/data_544162961.root
./INPUTFILES/data_544141341.root
./INPUTFILES/data_544163011.root
./INPUTFILES/data_543615981.root
./INPUTFILES/data_543815971.root
./INPUTFILES/data_544149071.root
./INPUTFILES/data_544044251.root
./INPUTFILES/data_544015951.root
./INPUTFILES/data_544115941.root
./INPUTFILES/data_544162971.root
./INPUTFILES/data_544141411.root
./INPUTFILES/data_543616011.root
./INPUTFILES/data_544141221.root
./INPUTFILES/data_544141241.root
./INPUTFILES/data_544162991.root
./INPUTFILES/data_544141311.root
./INPUTFILES/data_544122311.root
./INPUTFILES/data_544145831.root
./INPUTFILES/data_544141361.root
./INPUTFILES/data_544015961.root
./INPUTFILES/data_544141331.root
./INPUTFILES/data_544141461.root
./INPUTFILES/21EF1A6A9139C9FD2A38E59AFB466F9A_1531.local.list
./INPUTFILES/data_544112471.root
./INPUTFILES/data_544162501.root
./INPUTFILES/data_543723811.root
./INPUTFILES/data_544138721.root
./INPUTFILES/data_543946911.root
./INPUTFILES/data_543516001.root
./INPUTFILES/data_544141281.root
./INPUTFILES/data_544141351.root
./INPUTFILES/data_544141321.root
./INPUTFILES/data_544141271.root
./INPUTFILES/data_543679641.root
./INPUTFILES/data_544138731.root
./INPUTFILES/data_544112481.root
++++++++++++++++INPUTFILE Var++++++++++++++++++
FILELIST=/tmp/maxwoo/21EF1A6A9139C9FD2A38E59AFB466F9A_1531/INPUTFILES/21EF1A6A9139C9FD2A38E59AFB466F9A_1531.local.list
INPUTFILECOUNT=37
INPUTFILE0=/tmp/maxwoo/21EF1A6A9139C9FD2A38E59AFB466F9A_1531/INPUTFILES/data_543516001.root
INPUTFILE1=/tmp/maxwoo/21EF1A6A9139C9FD2A38E59AFB466F9A_1531/INPUTFILES/data_543615981.root
INPUTFILE2=/tmp/maxwoo/21EF1A6A9139C9FD2A38E59AFB466F9A_1531/INPUTFILES/data_543616011.root
INPUTFILE3=/tmp/maxwoo/21EF1A6A9139C9FD2A38E59AFB466F9A_1531/INPUTFILES/data_543679641.root
INPUTFILE4=/tmp/maxwoo/21EF1A6A9139C9FD2A38E59AFB466F9A_1531/INPUTFILES/data_543723811.root
INPUTFILE5=/tmp/maxwoo/21EF1A6A9139C9FD2A38E59AFB466F9A_1531/INPUTFILES/data_543815971.root
INPUTFILE6=/tmp/maxwoo/21EF1A6A9139C9FD2A38E59AFB466F9A_1531/INPUTFILES/data_543946911.root
INPUTFILE7=/tmp/maxwoo/21EF1A6A9139C9FD2A38E59AFB466F9A_1531/INPUTFILES/data_544015951.root
INPUTFILE8=/tmp/maxwoo/21EF1A6A9139C9FD2A38E59AFB466F9A_1531/INPUTFILES/data_544015961.root
INPUTFILE9=/tmp/maxwoo/21EF1A6A9139C9FD2A38E59AFB466F9A_1531/INPUTFILES/data_544044251.root
INPUTFILE10=/tmp/maxwoo/21EF1A6A9139C9FD2A38E59AFB466F9A_1531/INPUTFILES/data_544112471.root
INPUTFILE11=/tmp/maxwoo/21EF1A6A9139C9FD2A38E59AFB466F9A_1531/INPUTFILES/data_544112481.root
INPUTFILE12=/tmp/maxwoo/21EF1A6A9139C9FD2A38E59AFB466F9A_1531/INPUTFILES/data_544115941.root
INPUTFILE13=/tmp/maxwoo/21EF1A6A9139C9FD2A38E59AFB466F9A_1531/INPUTFILES/data_544122311.root
INPUTFILE14=/tmp/maxwoo/21EF1A6A9139C9FD2A38E59AFB466F9A_1531/INPUTFILES/data_544138721.root
INPUTFILE15=/tmp/maxwoo/21EF1A6A9139C9FD2A38E59AFB466F9A_1531/INPUTFILES/data_544138731.root
INPUTFILE16=/tmp/maxwoo/21EF1A6A9139C9FD2A38E59AFB466F9A_1531/INPUTFILES/data_544141211.root
INPUTFILE17=/tmp/maxwoo/21EF1A6A9139C9FD2A38E59AFB466F9A_1531/INPUTFILES/data_544141221.root
INPUTFILE18=/tmp/maxwoo/21EF1A6A9139C9FD2A38E59AFB466F9A_1531/INPUTFILES/data_544141231.root
INPUTFILE19=/tmp/maxwoo/21EF1A6A9139C9FD2A38E59AFB466F9A_1531/INPUTFILES/data_544141241.root
INPUTFILE20=/tmp/maxwoo/21EF1A6A9139C9FD2A38E59AFB466F9A_1531/INPUTFILES/data_544141271.root
INPUTFILE21=/tmp/maxwoo/21EF1A6A9139C9FD2A38E59AFB466F9A_1531/INPUTFILES/data_544141281.root
INPUTFILE22=/tmp/maxwoo/21EF1A6A9139C9FD2A38E59AFB466F9A_1531/INPUTFILES/data_544141311.root
INPUTFILE23=/tmp/maxwoo/21EF1A6A9139C9FD2A38E59AFB466F9A_1531/INPUTFILES/data_544141321.root
INPUTFILE24=/tmp/maxwoo/21EF1A6A9139C9FD2A38E59AFB466F9A_1531/INPUTFILES/data_544141331.root
INPUTFILE25=/tmp/maxwoo/21EF1A6A9139C9FD2A38E59AFB466F9A_1531/INPUTFILES/data_544141341.root
INPUTFILE26=/tmp/maxwoo/21EF1A6A9139C9FD2A38E59AFB466F9A_1531/INPUTFILES/data_544141351.root
INPUTFILE27=/tmp/maxwoo/21EF1A6A9139C9FD2A38E59AFB466F9A_1531/INPUTFILES/data_544141361.root
INPUTFILE28=/tmp/maxwoo/21EF1A6A9139C9FD2A38E59AFB466F9A_1531/INPUTFILES/data_544141411.root
INPUTFILE29=/tmp/maxwoo/21EF1A6A9139C9FD2A38E59AFB466F9A_1531/INPUTFILES/data_544141461.root
INPUTFILE30=/tmp/maxwoo/21EF1A6A9139C9FD2A38E59AFB466F9A_1531/INPUTFILES/data_544145831.root
INPUTFILE31=/tmp/maxwoo/21EF1A6A9139C9FD2A38E59AFB466F9A_1531/INPUTFILES/data_544149071.root
INPUTFILE32=/tmp/maxwoo/21EF1A6A9139C9FD2A38E59AFB466F9A_1531/INPUTFILES/data_544162501.root
INPUTFILE33=/tmp/maxwoo/21EF1A6A9139C9FD2A38E59AFB466F9A_1531/INPUTFILES/data_544162961.root
INPUTFILE34=/tmp/maxwoo/21EF1A6A9139C9FD2A38E59AFB466F9A_1531/INPUTFILES/data_544162971.root
INPUTFILE35=/tmp/maxwoo/21EF1A6A9139C9FD2A38E59AFB466F9A_1531/INPUTFILES/data_544162991.root
INPUTFILE36=/tmp/maxwoo/21EF1A6A9139C9FD2A38E59AFB466F9A_1531/INPUTFILES/data_544163011.root
LocalInputFileDir=/tmp/maxwoo/21EF1A6A9139C9FD2A38E59AFB466F9A_1531/INPUTFILES
NewFILELIST=/tmp/maxwoo/21EF1A6A9139C9FD2A38E59AFB466F9A_1531/INPUTFILES/21EF1A6A9139C9FD2A38E59AFB466F9A_1531.local.list
+++++++++++++++++++++++++++++++++++++++++++++++
--------------------------------
Simple Unified Meta Scheduler 1.10.50 we are starting in $SCRATCH : /home/tmp/maxwoo/21EF1A6A9139C9FD2A38E59AFB466F9A_1531
--------------------------------
total 16
lrwxrwxrwx 1 maxwoo rhstar   61 Jun  2 11:15 check_S.C -> /gpfs/mnt/gpfs01/star/pwg/xiatong/git/strangeness/./check_S.C
lrwxrwxrwx 1 maxwoo rhstar   65 Jun  2 11:15 Check_Sness.C -> /gpfs/mnt/gpfs01/star/pwg/xiatong/git/strangeness/./Check_Sness.C
drwxr-xr-x 2 maxwoo rhstar 4096 Jun  2 11:17 INPUTFILES
drwxr-xr-x 2 maxwoo rhstar 4096 Jun  2 11:15 lib
  *******************************************
  *                                         *
  *        W E L C O M E  to  R O O T       *
  *                                         *
  *   Version   5.34/38     12 March 2018   *
  *                                         *
  *  You are welcome to visit our Web site  *
  *          http://root.cern.ch            *
  *                                         *
  *******************************************

ROOT 5.34/38 (v5-34-38@v5-34-38, Mar 12 2018, 15:49:39 on linux)

CINT/ROOT C/C++ Interpreter version 5.18.00, July 2, 2010
Type ? for help. Commands must be C++ statements.
Enclose multiple statements between { }.
*** Float Point Exception is OFF ***
 *** Start at Date : Thu Jun  2 11:17:20 2022
QAInfo:You are using STAR_LEVEL : dev, ROOT_LEVEL : 5.34.38 and node : rcas2962.rcf.bnl.gov 

Processing check_S.C++("/tmp/maxwoo/21EF1A6A9139C9FD2A38E59AFB466F9A_1531/INPUTFILES/21EF1A6A9139C9FD2A38E59AFB466F9A_1531.local.list","21EF1A6A9139C9FD2A38E59AFB466F9A_1531",1)...
/tmp/maxwoo/21EF1A6A9139C9FD2A38E59AFB466F9A_1531/INPUTFILES/data_543516001.root 
/tmp/maxwoo/21EF1A6A9139C9FD2A38E59AFB466F9A_1531/INPUTFILES/data_543615981.root 
/tmp/maxwoo/21EF1A6A9139C9FD2A38E59AFB466F9A_1531/INPUTFILES/data_543616011.root 
/tmp/maxwoo/21EF1A6A9139C9FD2A38E59AFB466F9A_1531/INPUTFILES/data_543679641.root 
/tmp/maxwoo/21EF1A6A9139C9FD2A38E59AFB466F9A_1531/INPUTFILES/data_543723811.root 
/tmp/maxwoo/21EF1A6A9139C9FD2A38E59AFB466F9A_1531/INPUTFILES/data_543815971.root 
/tmp/maxwoo/21EF1A6A9139C9FD2A38E59AFB466F9A_1531/INPUTFILES/data_543946911.root 
/tmp/maxwoo/21EF1A6A9139C9FD2A38E59AFB466F9A_1531/INPUTFILES/data_544015951.root 
/tmp/maxwoo/21EF1A6A9139C9FD2A38E59AFB466F9A_1531/INPUTFILES/data_544015961.root 
/tmp/maxwoo/21EF1A6A9139C9FD2A38E59AFB466F9A_1531/INPUTFILES/data_544044251.root 
/tmp/maxwoo/21EF1A6A9139C9FD2A38E59AFB466F9A_1531/INPUTFILES/data_544112471.root 
/tmp/maxwoo/21EF1A6A9139C9FD2A38E59AFB466F9A_1531/INPUTFILES/data_544112481.root 
/tmp/maxwoo/21EF1A6A9139C9FD2A38E59AFB466F9A_1531/INPUTFILES/data_544115941.root 
/tmp/maxwoo/21EF1A6A9139C9FD2A38E59AFB466F9A_1531/INPUTFILES/data_544122311.root 
/tmp/maxwoo/21EF1A6A9139C9FD2A38E59AFB466F9A_1531/INPUTFILES/data_544138721.root 
/tmp/maxwoo/21EF1A6A9139C9FD2A38E59AFB466F9A_1531/INPUTFILES/data_544138731.root 
/tmp/maxwoo/21EF1A6A9139C9FD2A38E59AFB466F9A_1531/INPUTFILES/data_544141211.root 
/tmp/maxwoo/21EF1A6A9139C9FD2A38E59AFB466F9A_1531/INPUTFILES/data_544141221.root 
/tmp/maxwoo/21EF1A6A9139C9FD2A38E59AFB466F9A_1531/INPUTFILES/data_544141231.root 
/tmp/maxwoo/21EF1A6A9139C9FD2A38E59AFB466F9A_1531/INPUTFILES/data_544141241.root 
/tmp/maxwoo/21EF1A6A9139C9FD2A38E59AFB466F9A_1531/INPUTFILES/data_544141271.root 
/tmp/maxwoo/21EF1A6A9139C9FD2A38E59AFB466F9A_1531/INPUTFILES/data_544141281.root 
/tmp/maxwoo/21EF1A6A9139C9FD2A38E59AFB466F9A_1531/INPUTFILES/data_544141311.root 
/tmp/maxwoo/21EF1A6A9139C9FD2A38E59AFB466F9A_1531/INPUTFILES/data_544141321.root 
/tmp/maxwoo/21EF1A6A9139C9FD2A38E59AFB466F9A_1531/INPUTFILES/data_544141331.root 
/tmp/maxwoo/21EF1A6A9139C9FD2A38E59AFB466F9A_1531/INPUTFILES/data_544141341.root 
/tmp/maxwoo/21EF1A6A9139C9FD2A38E59AFB466F9A_1531/INPUTFILES/data_544141351.root 
/tmp/maxwoo/21EF1A6A9139C9FD2A38E59AFB466F9A_1531/INPUTFILES/data_544141361.root 
/tmp/maxwoo/21EF1A6A9139C9FD2A38E59AFB466F9A_1531/INPUTFILES/data_544141411.root 
/tmp/maxwoo/21EF1A6A9139C9FD2A38E59AFB466F9A_1531/INPUTFILES/data_544141461.root 
/tmp/maxwoo/21EF1A6A9139C9FD2A38E59AFB466F9A_1531/INPUTFILES/data_544145831.root 
/tmp/maxwoo/21EF1A6A9139C9FD2A38E59AFB466F9A_1531/INPUTFILES/data_544149071.root 
/tmp/maxwoo/21EF1A6A9139C9FD2A38E59AFB466F9A_1531/INPUTFILES/data_544162501.root 
/tmp/maxwoo/21EF1A6A9139C9FD2A38E59AFB466F9A_1531/INPUTFILES/data_544162961.root 
/tmp/maxwoo/21EF1A6A9139C9FD2A38E59AFB466F9A_1531/INPUTFILES/data_544162971.root 
/tmp/maxwoo/21EF1A6A9139C9FD2A38E59AFB466F9A_1531/INPUTFILES/data_544162991.root 
/tmp/maxwoo/21EF1A6A9139C9FD2A38E59AFB466F9A_1531/INPUTFILES/data_544163011.root 
Added 37 files
# entries in chain: 37000
Processing entry == 1000 == out of 37000.
Processing entry == 2000 == out of 37000.
Processing entry == 3000 == out of 37000.
Processing entry == 4000 == out of 37000.
Processing entry == 5000 == out of 37000.
Processing entry == 6000 == out of 37000.
Processing entry == 7000 == out of 37000.
Processing entry == 8000 == out of 37000.
Processing entry == 9000 == out of 37000.
Processing entry == 10000 == out of 37000.
Processing entry == 11000 == out of 37000.
Processing entry == 12000 == out of 37000.
Processing entry == 13000 == out of 37000.
Processing entry == 14000 == out of 37000.
Processing entry == 15000 == out of 37000.
Processing entry == 16000 == out of 37000.
Processing entry == 17000 == out of 37000.
Processing entry == 18000 == out of 37000.
Processing entry == 19000 == out of 37000.
Processing entry == 20000 == out of 37000.
Processing entry == 21000 == out of 37000.
Processing entry == 22000 == out of 37000.
Processing entry == 23000 == out of 37000.
Processing entry == 24000 == out of 37000.
Processing entry == 25000 == out of 37000.
Processing entry == 26000 == out of 37000.
Processing entry == 27000 == out of 37000.
Processing entry == 28000 == out of 37000.
Processing entry == 29000 == out of 37000.
Processing entry == 30000 == out of 37000.
Processing entry == 31000 == out of 37000.
Processing entry == 32000 == out of 37000.
Processing entry == 33000 == out of 37000.
Processing entry == 34000 == out of 37000.
Processing entry == 35000 == out of 37000.
Processing entry == 36000 == out of 37000.
Processing entry == 37000 == out of 37000.

This is the end of ROOT -- Goodbye

Cleaning up sandbox file:  /tmp/maxwoo/21EF1A6A9139C9FD2A38E59AFB466F9A_1531/check_S.C
Cleaning up sandbox file:  /tmp/maxwoo/21EF1A6A9139C9FD2A38E59AFB466F9A_1531/Check_Sness.C
Cleaning up sandbox file:  /tmp/maxwoo/21EF1A6A9139C9FD2A38E59AFB466F9A_1531/lib
Cleaning up sandbox file:  /tmp/maxwoo/21EF1A6A9139C9FD2A38E59AFB466F9A_1531/.sandboxFiles
Starting copy block
Running copy command:  /bin/cp -fp /tmp/maxwoo/21EF1A6A9139C9FD2A38E59AFB466F9A_1531/out_21EF1A6A9139C9FD2A38E59AFB466F9A_1531.root /star/data01/pwg/xiatong/git/strangeness/data/
24929 Execution of (/star/data01/pwg/xiatong/git/strangeness/script/sched21EF1A6A9139C9FD2A38E59AFB466F9A_1531.csh ) has ended, exiting normally
24929 We END on [Thu Jun  2 11:37:14 EDT 2022]
