We are starting on node: spool0751.sdcc.bnl.gov
HOME is not defined
Using getent method
HOME is now /star/u/maxwoo
76143 We will spawn ourselves (/star/data01/pwg/xiatong/git/strangeness/script/sched21EF1A6A9139C9FD2A38E59AFB466F9A_1248.csh )
76143 We BEGIN on [Thu Jun  2 11:21:00 EDT 2022]
[1] 77065
76143 We are waiting for 77065 
76143 Grandchild PID is 77785 - found in 10 x 1 seconds
76143 Establishing first watcher   on    Thu Jun  2 11:21:10 EDT 2022
76143 Process tree is 76143 (main) -> 77065 (child) -> 77785 (grandchild)
F S   UID    PID   PPID  C PRI  NI ADDR SZ WCHAN  TTY        TIME CMD
0 D 100667 77785  77065  0  80   0 - 32311 cxiWai ?          0:00 cp /star/data01/pwg/xiatong/AMPT/14GeV/data_410143931.root /tmp/maxwoo/21EF1A6A9139C9FD2A38E59AFB466F9A_1248/INPUTFILES/data_410143931.root
76143 Grandchild PID is 80832 - found in 20 x 2 seconds
76143 Grandchild to watch has changed on Thu Jun  2 11:21:31 EDT 2022
76143 Process tree is 76143 (main) -> 77065 (child) -> 80832 (grandchild)
F S   UID    PID   PPID  C PRI  NI ADDR SZ WCHAN  TTY        TIME CMD
0 D 100667 80832  77065  0  80   0 - 30261 cxiWai ?          0:00 cp /star/data01/pwg/xiatong/AMPT/14GeV/data_410157531.root /tmp/maxwoo/21EF1A6A9139C9FD2A38E59AFB466F9A_1248/INPUTFILES/data_410157531.root
76143 Grandchild PID is 82850 - found in 30 x 2 seconds
76143 Grandchild to watch has changed on Thu Jun  2 11:21:52 EDT 2022
76143 Process tree is 76143 (main) -> 77065 (child) -> 82850 (grandchild)
F S   UID    PID   PPID  C PRI  NI ADDR SZ WCHAN  TTY        TIME CMD
0 D 100667 82850  77065  0  80   0 - 32311 cxiWai ?          0:00 cp /star/data01/pwg/xiatong/AMPT/14GeV/data_410157561.root /tmp/maxwoo/21EF1A6A9139C9FD2A38E59AFB466F9A_1248/INPUTFILES/data_410157561.root
76143 Grandchild PID is 84065 - found in 40 x 2 seconds
76143 Grandchild to watch has changed on Thu Jun  2 11:22:13 EDT 2022
76143 Process tree is 76143 (main) -> 77065 (child) -> 84065 (grandchild)
F S   UID    PID   PPID  C PRI  NI ADDR SZ WCHAN  TTY        TIME CMD
0 D 100667 84065  77065  0  80   0 - 32311 cxiWai ?          0:00 cp /star/data01/pwg/xiatong/AMPT/14GeV/data_410157741.root /tmp/maxwoo/21EF1A6A9139C9FD2A38E59AFB466F9A_1248/INPUTFILES/data_410157741.root
76143 Grandchild PID is 85488 - found in 50 x 2 seconds
76143 Grandchild to watch has changed on Thu Jun  2 11:22:33 EDT 2022
76143 Process tree is 76143 (main) -> 77065 (child) -> 85488 (grandchild)
F S   UID    PID   PPID  C PRI  NI ADDR SZ WCHAN  TTY        TIME CMD
0 D 100667 85488  77065  0  80   0 - 32311 cxiWai ?          0:00 cp /star/data01/pwg/xiatong/AMPT/14GeV/data_410183141.root /tmp/maxwoo/21EF1A6A9139C9FD2A38E59AFB466F9A_1248/INPUTFILES/data_410183141.root
76143 Grandchild PID is 87041 - found in 60 x 2 seconds
76143 Grandchild to watch has changed on Thu Jun  2 11:22:55 EDT 2022
76143 Process tree is 76143 (main) -> 77065 (child) -> 87041 (grandchild)
F S   UID    PID   PPID  C PRI  NI ADDR SZ WCHAN  TTY        TIME CMD
0 D 100667 87041  77065  0  80   0 - 32311 cxiWai ?          0:00 cp /star/data01/pwg/xiatong/AMPT/14GeV/data_410323681.root /tmp/maxwoo/21EF1A6A9139C9FD2A38E59AFB466F9A_1248/INPUTFILES/data_410323681.root
76143 Grandchild PID is 88147 - found in 70 x 2 seconds
76143 Grandchild to watch has changed on Thu Jun  2 11:23:15 EDT 2022
76143 Process tree is 76143 (main) -> 77065 (child) -> 88147 (grandchild)
F S   UID    PID   PPID  C PRI  NI ADDR SZ WCHAN  TTY        TIME CMD
0 D 100667 88147  77065  0  80   0 - 32311 cxiWai ?          0:00 cp /star/data01/pwg/xiatong/AMPT/14GeV/data_410353941.root /tmp/maxwoo/21EF1A6A9139C9FD2A38E59AFB466F9A_1248/INPUTFILES/data_410353941.root
76143 Grandchild PID is 92733 - found in 80 x 2 seconds
76143 Grandchild to watch has changed on Thu Jun  2 11:23:36 EDT 2022
76143 Process tree is 76143 (main) -> 77065 (child) -> 92733 (grandchild)
F S   UID    PID   PPID  C PRI  NI ADDR SZ WCHAN  TTY        TIME CMD
0 S 100667 92733  77065  0  80   0 -  1272 do_wai ?          0:00 root -b -q check_S.C++("/tmp/maxwoo/21EF1A6A9139C9FD2A38E59AFB466F9A_1248/INPUTFILES/21EF1A6A9139C9FD2A38E59AFB466F9A_1248.local.list","21EF1A6A9139C9FD2A38E59AFB466F9A_1248",1)
77065 Stepping into the main SUMS wrapper program with []
.... building sandbox
Running: cp /star/data01/pwg/xiatong/AMPT/14GeV/data_410143861.root /tmp/maxwoo/21EF1A6A9139C9FD2A38E59AFB466F9A_1248/INPUTFILES/data_410143861.root
Running: cp /star/data01/pwg/xiatong/AMPT/14GeV/data_410143921.root /tmp/maxwoo/21EF1A6A9139C9FD2A38E59AFB466F9A_1248/INPUTFILES/data_410143921.root
Running: cp /star/data01/pwg/xiatong/AMPT/14GeV/data_410143931.root /tmp/maxwoo/21EF1A6A9139C9FD2A38E59AFB466F9A_1248/INPUTFILES/data_410143931.root
Running: cp /star/data01/pwg/xiatong/AMPT/14GeV/data_410153921.root /tmp/maxwoo/21EF1A6A9139C9FD2A38E59AFB466F9A_1248/INPUTFILES/data_410153921.root
Running: cp /star/data01/pwg/xiatong/AMPT/14GeV/data_410157531.root /tmp/maxwoo/21EF1A6A9139C9FD2A38E59AFB466F9A_1248/INPUTFILES/data_410157531.root
Running: cp /star/data01/pwg/xiatong/AMPT/14GeV/data_410157541.root /tmp/maxwoo/21EF1A6A9139C9FD2A38E59AFB466F9A_1248/INPUTFILES/data_410157541.root
Running: cp /star/data01/pwg/xiatong/AMPT/14GeV/data_410157551.root /tmp/maxwoo/21EF1A6A9139C9FD2A38E59AFB466F9A_1248/INPUTFILES/data_410157551.root
Running: cp /star/data01/pwg/xiatong/AMPT/14GeV/data_410157561.root /tmp/maxwoo/21EF1A6A9139C9FD2A38E59AFB466F9A_1248/INPUTFILES/data_410157561.root
Running: cp /star/data01/pwg/xiatong/AMPT/14GeV/data_410157611.root /tmp/maxwoo/21EF1A6A9139C9FD2A38E59AFB466F9A_1248/INPUTFILES/data_410157611.root
Running: cp /star/data01/pwg/xiatong/AMPT/14GeV/data_410157621.root /tmp/maxwoo/21EF1A6A9139C9FD2A38E59AFB466F9A_1248/INPUTFILES/data_410157621.root
Running: cp /star/data01/pwg/xiatong/AMPT/14GeV/data_410157731.root /tmp/maxwoo/21EF1A6A9139C9FD2A38E59AFB466F9A_1248/INPUTFILES/data_410157731.root
Running: cp /star/data01/pwg/xiatong/AMPT/14GeV/data_410157741.root /tmp/maxwoo/21EF1A6A9139C9FD2A38E59AFB466F9A_1248/INPUTFILES/data_410157741.root
Running: cp /star/data01/pwg/xiatong/AMPT/14GeV/data_410157761.root /tmp/maxwoo/21EF1A6A9139C9FD2A38E59AFB466F9A_1248/INPUTFILES/data_410157761.root
Running: cp /star/data01/pwg/xiatong/AMPT/14GeV/data_410157791.root /tmp/maxwoo/21EF1A6A9139C9FD2A38E59AFB466F9A_1248/INPUTFILES/data_410157791.root
Running: cp /star/data01/pwg/xiatong/AMPT/14GeV/data_410157871.root /tmp/maxwoo/21EF1A6A9139C9FD2A38E59AFB466F9A_1248/INPUTFILES/data_410157871.root
Running: cp /star/data01/pwg/xiatong/AMPT/14GeV/data_410162691.root /tmp/maxwoo/21EF1A6A9139C9FD2A38E59AFB466F9A_1248/INPUTFILES/data_410162691.root
Running: cp /star/data01/pwg/xiatong/AMPT/14GeV/data_410172521.root /tmp/maxwoo/21EF1A6A9139C9FD2A38E59AFB466F9A_1248/INPUTFILES/data_410172521.root
Running: cp /star/data01/pwg/xiatong/AMPT/14GeV/data_410176241.root /tmp/maxwoo/21EF1A6A9139C9FD2A38E59AFB466F9A_1248/INPUTFILES/data_410176241.root
Running: cp /star/data01/pwg/xiatong/AMPT/14GeV/data_410180091.root /tmp/maxwoo/21EF1A6A9139C9FD2A38E59AFB466F9A_1248/INPUTFILES/data_410180091.root
Running: cp /star/data01/pwg/xiatong/AMPT/14GeV/data_410183091.root /tmp/maxwoo/21EF1A6A9139C9FD2A38E59AFB466F9A_1248/INPUTFILES/data_410183091.root
Running: cp /star/data01/pwg/xiatong/AMPT/14GeV/data_410183131.root /tmp/maxwoo/21EF1A6A9139C9FD2A38E59AFB466F9A_1248/INPUTFILES/data_410183131.root
Running: cp /star/data01/pwg/xiatong/AMPT/14GeV/data_410183141.root /tmp/maxwoo/21EF1A6A9139C9FD2A38E59AFB466F9A_1248/INPUTFILES/data_410183141.root
Running: cp /star/data01/pwg/xiatong/AMPT/14GeV/data_410183181.root /tmp/maxwoo/21EF1A6A9139C9FD2A38E59AFB466F9A_1248/INPUTFILES/data_410183181.root
Running: cp /star/data01/pwg/xiatong/AMPT/14GeV/data_410183191.root /tmp/maxwoo/21EF1A6A9139C9FD2A38E59AFB466F9A_1248/INPUTFILES/data_410183191.root
Running: cp /star/data01/pwg/xiatong/AMPT/14GeV/data_410183231.root /tmp/maxwoo/21EF1A6A9139C9FD2A38E59AFB466F9A_1248/INPUTFILES/data_410183231.root
Running: cp /star/data01/pwg/xiatong/AMPT/14GeV/data_410183251.root /tmp/maxwoo/21EF1A6A9139C9FD2A38E59AFB466F9A_1248/INPUTFILES/data_410183251.root
Running: cp /star/data01/pwg/xiatong/AMPT/14GeV/data_410183361.root /tmp/maxwoo/21EF1A6A9139C9FD2A38E59AFB466F9A_1248/INPUTFILES/data_410183361.root
Running: cp /star/data01/pwg/xiatong/AMPT/14GeV/data_410183431.root /tmp/maxwoo/21EF1A6A9139C9FD2A38E59AFB466F9A_1248/INPUTFILES/data_410183431.root
Running: cp /star/data01/pwg/xiatong/AMPT/14GeV/data_410183511.root /tmp/maxwoo/21EF1A6A9139C9FD2A38E59AFB466F9A_1248/INPUTFILES/data_410183511.root
Running: cp /star/data01/pwg/xiatong/AMPT/14GeV/data_410183881.root /tmp/maxwoo/21EF1A6A9139C9FD2A38E59AFB466F9A_1248/INPUTFILES/data_410183881.root
Running: cp /star/data01/pwg/xiatong/AMPT/14GeV/data_410183921.root /tmp/maxwoo/21EF1A6A9139C9FD2A38E59AFB466F9A_1248/INPUTFILES/data_410183921.root
Running: cp /star/data01/pwg/xiatong/AMPT/14GeV/data_410221241.root /tmp/maxwoo/21EF1A6A9139C9FD2A38E59AFB466F9A_1248/INPUTFILES/data_410221241.root
Running: cp /star/data01/pwg/xiatong/AMPT/14GeV/data_410285971.root /tmp/maxwoo/21EF1A6A9139C9FD2A38E59AFB466F9A_1248/INPUTFILES/data_410285971.root
Running: cp /star/data01/pwg/xiatong/AMPT/14GeV/data_410315081.root /tmp/maxwoo/21EF1A6A9139C9FD2A38E59AFB466F9A_1248/INPUTFILES/data_410315081.root
Running: cp /star/data01/pwg/xiatong/AMPT/14GeV/data_410323681.root /tmp/maxwoo/21EF1A6A9139C9FD2A38E59AFB466F9A_1248/INPUTFILES/data_410323681.root
Running: cp /star/data01/pwg/xiatong/AMPT/14GeV/data_410353941.root /tmp/maxwoo/21EF1A6A9139C9FD2A38E59AFB466F9A_1248/INPUTFILES/data_410353941.root
Running: cp /star/data01/pwg/xiatong/AMPT/14GeV/data_410421881.root /tmp/maxwoo/21EF1A6A9139C9FD2A38E59AFB466F9A_1248/INPUTFILES/data_410421881.root
Swapping $FILELIST with: /tmp/maxwoo/21EF1A6A9139C9FD2A38E59AFB466F9A_1248/INPUTFILES/21EF1A6A9139C9FD2A38E59AFB466F9A_1248.local.list
+++++++++++local copy debug++++++++++++++++++++
newFileList: /tmp/maxwoo/21EF1A6A9139C9FD2A38E59AFB466F9A_1248/INPUTFILES/21EF1A6A9139C9FD2A38E59AFB466F9A_1248.local.list
++++++++++++++++cat FILELIST+++++++++++++++++++
/tmp/maxwoo/21EF1A6A9139C9FD2A38E59AFB466F9A_1248/INPUTFILES/data_410143861.root 
/tmp/maxwoo/21EF1A6A9139C9FD2A38E59AFB466F9A_1248/INPUTFILES/data_410143921.root 
/tmp/maxwoo/21EF1A6A9139C9FD2A38E59AFB466F9A_1248/INPUTFILES/data_410143931.root 
/tmp/maxwoo/21EF1A6A9139C9FD2A38E59AFB466F9A_1248/INPUTFILES/data_410153921.root 
/tmp/maxwoo/21EF1A6A9139C9FD2A38E59AFB466F9A_1248/INPUTFILES/data_410157531.root 
/tmp/maxwoo/21EF1A6A9139C9FD2A38E59AFB466F9A_1248/INPUTFILES/data_410157541.root 
/tmp/maxwoo/21EF1A6A9139C9FD2A38E59AFB466F9A_1248/INPUTFILES/data_410157551.root 
/tmp/maxwoo/21EF1A6A9139C9FD2A38E59AFB466F9A_1248/INPUTFILES/data_410157561.root 
/tmp/maxwoo/21EF1A6A9139C9FD2A38E59AFB466F9A_1248/INPUTFILES/data_410157611.root 
/tmp/maxwoo/21EF1A6A9139C9FD2A38E59AFB466F9A_1248/INPUTFILES/data_410157621.root 
/tmp/maxwoo/21EF1A6A9139C9FD2A38E59AFB466F9A_1248/INPUTFILES/data_410157731.root 
/tmp/maxwoo/21EF1A6A9139C9FD2A38E59AFB466F9A_1248/INPUTFILES/data_410157741.root 
/tmp/maxwoo/21EF1A6A9139C9FD2A38E59AFB466F9A_1248/INPUTFILES/data_410157761.root 
/tmp/maxwoo/21EF1A6A9139C9FD2A38E59AFB466F9A_1248/INPUTFILES/data_410157791.root 
/tmp/maxwoo/21EF1A6A9139C9FD2A38E59AFB466F9A_1248/INPUTFILES/data_410157871.root 
/tmp/maxwoo/21EF1A6A9139C9FD2A38E59AFB466F9A_1248/INPUTFILES/data_410162691.root 
/tmp/maxwoo/21EF1A6A9139C9FD2A38E59AFB466F9A_1248/INPUTFILES/data_410172521.root 
/tmp/maxwoo/21EF1A6A9139C9FD2A38E59AFB466F9A_1248/INPUTFILES/data_410176241.root 
/tmp/maxwoo/21EF1A6A9139C9FD2A38E59AFB466F9A_1248/INPUTFILES/data_410180091.root 
/tmp/maxwoo/21EF1A6A9139C9FD2A38E59AFB466F9A_1248/INPUTFILES/data_410183091.root 
/tmp/maxwoo/21EF1A6A9139C9FD2A38E59AFB466F9A_1248/INPUTFILES/data_410183131.root 
/tmp/maxwoo/21EF1A6A9139C9FD2A38E59AFB466F9A_1248/INPUTFILES/data_410183141.root 
/tmp/maxwoo/21EF1A6A9139C9FD2A38E59AFB466F9A_1248/INPUTFILES/data_410183181.root 
/tmp/maxwoo/21EF1A6A9139C9FD2A38E59AFB466F9A_1248/INPUTFILES/data_410183191.root 
/tmp/maxwoo/21EF1A6A9139C9FD2A38E59AFB466F9A_1248/INPUTFILES/data_410183231.root 
/tmp/maxwoo/21EF1A6A9139C9FD2A38E59AFB466F9A_1248/INPUTFILES/data_410183251.root 
/tmp/maxwoo/21EF1A6A9139C9FD2A38E59AFB466F9A_1248/INPUTFILES/data_410183361.root 
/tmp/maxwoo/21EF1A6A9139C9FD2A38E59AFB466F9A_1248/INPUTFILES/data_410183431.root 
/tmp/maxwoo/21EF1A6A9139C9FD2A38E59AFB466F9A_1248/INPUTFILES/data_410183511.root 
/tmp/maxwoo/21EF1A6A9139C9FD2A38E59AFB466F9A_1248/INPUTFILES/data_410183881.root 
/tmp/maxwoo/21EF1A6A9139C9FD2A38E59AFB466F9A_1248/INPUTFILES/data_410183921.root 
/tmp/maxwoo/21EF1A6A9139C9FD2A38E59AFB466F9A_1248/INPUTFILES/data_410221241.root 
/tmp/maxwoo/21EF1A6A9139C9FD2A38E59AFB466F9A_1248/INPUTFILES/data_410285971.root 
/tmp/maxwoo/21EF1A6A9139C9FD2A38E59AFB466F9A_1248/INPUTFILES/data_410315081.root 
/tmp/maxwoo/21EF1A6A9139C9FD2A38E59AFB466F9A_1248/INPUTFILES/data_410323681.root 
/tmp/maxwoo/21EF1A6A9139C9FD2A38E59AFB466F9A_1248/INPUTFILES/data_410353941.root 
/tmp/maxwoo/21EF1A6A9139C9FD2A38E59AFB466F9A_1248/INPUTFILES/data_410421881.root 
++++++++++++++++++++find.++++++++++++++++++++++
.
./INPUTFILES
./INPUTFILES/data_410323681.root
./INPUTFILES/data_410183881.root
./INPUTFILES/data_410183231.root
./INPUTFILES/data_410162691.root
./INPUTFILES/data_410421881.root
./INPUTFILES/data_410157741.root
./INPUTFILES/data_410143921.root
./INPUTFILES/21EF1A6A9139C9FD2A38E59AFB466F9A_1248.local.list
./INPUTFILES/data_410353941.root
./INPUTFILES/data_410157791.root
./INPUTFILES/data_410172521.root
./INPUTFILES/data_410157621.root
./INPUTFILES/data_410157531.root
./INPUTFILES/data_410183091.root
./INPUTFILES/data_410157761.root
./INPUTFILES/data_410183251.root
./INPUTFILES/data_410143861.root
./INPUTFILES/data_410183361.root
./INPUTFILES/data_410180091.root
./INPUTFILES/data_410157871.root
./INPUTFILES/data_410157561.root
./INPUTFILES/data_410143931.root
./INPUTFILES/data_410315081.root
./INPUTFILES/data_410183141.root
./INPUTFILES/data_410183921.root
./INPUTFILES/data_410183431.root
./INPUTFILES/data_410157731.root
./INPUTFILES/data_410153921.root
./INPUTFILES/data_410183511.root
./INPUTFILES/data_410183131.root
./INPUTFILES/data_410183181.root
./INPUTFILES/data_410157611.root
./INPUTFILES/data_410157541.root
./INPUTFILES/data_410285971.root
./INPUTFILES/data_410183191.root
./INPUTFILES/data_410157551.root
./INPUTFILES/data_410176241.root
./INPUTFILES/data_410221241.root
./Check_Sness.C
./.output.log
./.errror.log
./lib
./lib/my_particle.h
./lib/my_particle_cpp.d
./lib/MixedBuffer.h
./lib/my_particle_cpp_ACLiC_dict_rdict.pcm
./lib/NpartNormalizer.cpp
./lib/CenMaker_cpp.so
./lib/CenMaker.h
./lib/my_particle.cpp
./lib/MixedBuffer_cpp_ACLiC_dict_rdict.pcm
./lib/my_event_cpp_ACLiC_dict_rdict.pcm
./lib/NpartNormalizer.h
./lib/CenMaker_cpp_ACLiC_dict_rdict.pcm
./lib/my_event_cpp.d
./lib/MixedBuffer_cpp.d
./lib/CenMaker_cpp.d
./lib/MixedBuffer_cpp.so
./lib/NpartNormalizer_cpp_ACLiC_dict_rdict.pcm
./lib/NpartNormalizer_cpp.so
./lib/my_particle_cpp.so
./lib/CenMaker.cpp
./lib/NpartNormalizer_cpp.d
./lib/my_event.h
./lib/my_event.cpp
./lib/MixedBuffer.cpp
./lib/my_event_cpp.so
./.sandboxFiles
./check_S.C
++++++++++++++++INPUTFILE Var++++++++++++++++++
FILELIST=/tmp/maxwoo/21EF1A6A9139C9FD2A38E59AFB466F9A_1248/INPUTFILES/21EF1A6A9139C9FD2A38E59AFB466F9A_1248.local.list
INPUTFILECOUNT=37
INPUTFILE0=/tmp/maxwoo/21EF1A6A9139C9FD2A38E59AFB466F9A_1248/INPUTFILES/data_410143861.root
INPUTFILE1=/tmp/maxwoo/21EF1A6A9139C9FD2A38E59AFB466F9A_1248/INPUTFILES/data_410143921.root
INPUTFILE2=/tmp/maxwoo/21EF1A6A9139C9FD2A38E59AFB466F9A_1248/INPUTFILES/data_410143931.root
INPUTFILE3=/tmp/maxwoo/21EF1A6A9139C9FD2A38E59AFB466F9A_1248/INPUTFILES/data_410153921.root
INPUTFILE4=/tmp/maxwoo/21EF1A6A9139C9FD2A38E59AFB466F9A_1248/INPUTFILES/data_410157531.root
INPUTFILE5=/tmp/maxwoo/21EF1A6A9139C9FD2A38E59AFB466F9A_1248/INPUTFILES/data_410157541.root
INPUTFILE6=/tmp/maxwoo/21EF1A6A9139C9FD2A38E59AFB466F9A_1248/INPUTFILES/data_410157551.root
INPUTFILE7=/tmp/maxwoo/21EF1A6A9139C9FD2A38E59AFB466F9A_1248/INPUTFILES/data_410157561.root
INPUTFILE8=/tmp/maxwoo/21EF1A6A9139C9FD2A38E59AFB466F9A_1248/INPUTFILES/data_410157611.root
INPUTFILE9=/tmp/maxwoo/21EF1A6A9139C9FD2A38E59AFB466F9A_1248/INPUTFILES/data_410157621.root
INPUTFILE10=/tmp/maxwoo/21EF1A6A9139C9FD2A38E59AFB466F9A_1248/INPUTFILES/data_410157731.root
INPUTFILE11=/tmp/maxwoo/21EF1A6A9139C9FD2A38E59AFB466F9A_1248/INPUTFILES/data_410157741.root
INPUTFILE12=/tmp/maxwoo/21EF1A6A9139C9FD2A38E59AFB466F9A_1248/INPUTFILES/data_410157761.root
INPUTFILE13=/tmp/maxwoo/21EF1A6A9139C9FD2A38E59AFB466F9A_1248/INPUTFILES/data_410157791.root
INPUTFILE14=/tmp/maxwoo/21EF1A6A9139C9FD2A38E59AFB466F9A_1248/INPUTFILES/data_410157871.root
INPUTFILE15=/tmp/maxwoo/21EF1A6A9139C9FD2A38E59AFB466F9A_1248/INPUTFILES/data_410162691.root
INPUTFILE16=/tmp/maxwoo/21EF1A6A9139C9FD2A38E59AFB466F9A_1248/INPUTFILES/data_410172521.root
INPUTFILE17=/tmp/maxwoo/21EF1A6A9139C9FD2A38E59AFB466F9A_1248/INPUTFILES/data_410176241.root
INPUTFILE18=/tmp/maxwoo/21EF1A6A9139C9FD2A38E59AFB466F9A_1248/INPUTFILES/data_410180091.root
INPUTFILE19=/tmp/maxwoo/21EF1A6A9139C9FD2A38E59AFB466F9A_1248/INPUTFILES/data_410183091.root
INPUTFILE20=/tmp/maxwoo/21EF1A6A9139C9FD2A38E59AFB466F9A_1248/INPUTFILES/data_410183131.root
INPUTFILE21=/tmp/maxwoo/21EF1A6A9139C9FD2A38E59AFB466F9A_1248/INPUTFILES/data_410183141.root
INPUTFILE22=/tmp/maxwoo/21EF1A6A9139C9FD2A38E59AFB466F9A_1248/INPUTFILES/data_410183181.root
INPUTFILE23=/tmp/maxwoo/21EF1A6A9139C9FD2A38E59AFB466F9A_1248/INPUTFILES/data_410183191.root
INPUTFILE24=/tmp/maxwoo/21EF1A6A9139C9FD2A38E59AFB466F9A_1248/INPUTFILES/data_410183231.root
INPUTFILE25=/tmp/maxwoo/21EF1A6A9139C9FD2A38E59AFB466F9A_1248/INPUTFILES/data_410183251.root
INPUTFILE26=/tmp/maxwoo/21EF1A6A9139C9FD2A38E59AFB466F9A_1248/INPUTFILES/data_410183361.root
INPUTFILE27=/tmp/maxwoo/21EF1A6A9139C9FD2A38E59AFB466F9A_1248/INPUTFILES/data_410183431.root
INPUTFILE28=/tmp/maxwoo/21EF1A6A9139C9FD2A38E59AFB466F9A_1248/INPUTFILES/data_410183511.root
INPUTFILE29=/tmp/maxwoo/21EF1A6A9139C9FD2A38E59AFB466F9A_1248/INPUTFILES/data_410183881.root
INPUTFILE30=/tmp/maxwoo/21EF1A6A9139C9FD2A38E59AFB466F9A_1248/INPUTFILES/data_410183921.root
INPUTFILE31=/tmp/maxwoo/21EF1A6A9139C9FD2A38E59AFB466F9A_1248/INPUTFILES/data_410221241.root
INPUTFILE32=/tmp/maxwoo/21EF1A6A9139C9FD2A38E59AFB466F9A_1248/INPUTFILES/data_410285971.root
INPUTFILE33=/tmp/maxwoo/21EF1A6A9139C9FD2A38E59AFB466F9A_1248/INPUTFILES/data_410315081.root
INPUTFILE34=/tmp/maxwoo/21EF1A6A9139C9FD2A38E59AFB466F9A_1248/INPUTFILES/data_410323681.root
INPUTFILE35=/tmp/maxwoo/21EF1A6A9139C9FD2A38E59AFB466F9A_1248/INPUTFILES/data_410353941.root
INPUTFILE36=/tmp/maxwoo/21EF1A6A9139C9FD2A38E59AFB466F9A_1248/INPUTFILES/data_410421881.root
LocalInputFileDir=/tmp/maxwoo/21EF1A6A9139C9FD2A38E59AFB466F9A_1248/INPUTFILES
NewFILELIST=/tmp/maxwoo/21EF1A6A9139C9FD2A38E59AFB466F9A_1248/INPUTFILES/21EF1A6A9139C9FD2A38E59AFB466F9A_1248.local.list
+++++++++++++++++++++++++++++++++++++++++++++++
--------------------------------
Simple Unified Meta Scheduler 1.10.50 we are starting in $SCRATCH : /home/tmp/maxwoo/21EF1A6A9139C9FD2A38E59AFB466F9A_1248
--------------------------------
total 16
lrwxrwxrwx 1 maxwoo rhstar   61 Jun  2 11:21 check_S.C -> /gpfs/mnt/gpfs01/star/pwg/xiatong/git/strangeness/./check_S.C
lrwxrwxrwx 1 maxwoo rhstar   65 Jun  2 11:21 Check_Sness.C -> /gpfs/mnt/gpfs01/star/pwg/xiatong/git/strangeness/./Check_Sness.C
drwxr-xr-x 2 maxwoo rhstar 4096 Jun  2 11:23 INPUTFILES
drwxr-xr-x 2 maxwoo rhstar 4096 Jun  2 11:21 lib
  *******************************************
  *                                         *
  *        W E L C O M E  to  R O O T       *
  *                                         *
  *   Version   5.34/38     12 March 2018   *
  *                                         *
  *  You are welcome to visit our Web site  *
  *          http://root.cern.ch            *
  *                                         *
  *******************************************

ROOT 5.34/38 (v5-34-38@v5-34-38, Mar 12 2018, 15:49:39 on linux)

CINT/ROOT C/C++ Interpreter version 5.18.00, July 2, 2010
Type ? for help. Commands must be C++ statements.
Enclose multiple statements between { }.
*** Float Point Exception is OFF ***
 *** Start at Date : Thu Jun  2 11:23:36 2022
QAInfo:You are using STAR_LEVEL : dev, ROOT_LEVEL : 5.34.38 and node : spool0751.sdcc.bnl.gov 

Processing check_S.C++("/tmp/maxwoo/21EF1A6A9139C9FD2A38E59AFB466F9A_1248/INPUTFILES/21EF1A6A9139C9FD2A38E59AFB466F9A_1248.local.list","21EF1A6A9139C9FD2A38E59AFB466F9A_1248",1)...
/tmp/maxwoo/21EF1A6A9139C9FD2A38E59AFB466F9A_1248/INPUTFILES/data_410143861.root 
/tmp/maxwoo/21EF1A6A9139C9FD2A38E59AFB466F9A_1248/INPUTFILES/data_410143921.root 
/tmp/maxwoo/21EF1A6A9139C9FD2A38E59AFB466F9A_1248/INPUTFILES/data_410143931.root 
/tmp/maxwoo/21EF1A6A9139C9FD2A38E59AFB466F9A_1248/INPUTFILES/data_410153921.root 
/tmp/maxwoo/21EF1A6A9139C9FD2A38E59AFB466F9A_1248/INPUTFILES/data_410157531.root 
/tmp/maxwoo/21EF1A6A9139C9FD2A38E59AFB466F9A_1248/INPUTFILES/data_410157541.root 
/tmp/maxwoo/21EF1A6A9139C9FD2A38E59AFB466F9A_1248/INPUTFILES/data_410157551.root 
/tmp/maxwoo/21EF1A6A9139C9FD2A38E59AFB466F9A_1248/INPUTFILES/data_410157561.root 
/tmp/maxwoo/21EF1A6A9139C9FD2A38E59AFB466F9A_1248/INPUTFILES/data_410157611.root 
/tmp/maxwoo/21EF1A6A9139C9FD2A38E59AFB466F9A_1248/INPUTFILES/data_410157621.root 
/tmp/maxwoo/21EF1A6A9139C9FD2A38E59AFB466F9A_1248/INPUTFILES/data_410157731.root 
/tmp/maxwoo/21EF1A6A9139C9FD2A38E59AFB466F9A_1248/INPUTFILES/data_410157741.root 
/tmp/maxwoo/21EF1A6A9139C9FD2A38E59AFB466F9A_1248/INPUTFILES/data_410157761.root 
/tmp/maxwoo/21EF1A6A9139C9FD2A38E59AFB466F9A_1248/INPUTFILES/data_410157791.root 
/tmp/maxwoo/21EF1A6A9139C9FD2A38E59AFB466F9A_1248/INPUTFILES/data_410157871.root 
/tmp/maxwoo/21EF1A6A9139C9FD2A38E59AFB466F9A_1248/INPUTFILES/data_410162691.root 
/tmp/maxwoo/21EF1A6A9139C9FD2A38E59AFB466F9A_1248/INPUTFILES/data_410172521.root 
/tmp/maxwoo/21EF1A6A9139C9FD2A38E59AFB466F9A_1248/INPUTFILES/data_410176241.root 
/tmp/maxwoo/21EF1A6A9139C9FD2A38E59AFB466F9A_1248/INPUTFILES/data_410180091.root 
/tmp/maxwoo/21EF1A6A9139C9FD2A38E59AFB466F9A_1248/INPUTFILES/data_410183091.root 
/tmp/maxwoo/21EF1A6A9139C9FD2A38E59AFB466F9A_1248/INPUTFILES/data_410183131.root 
/tmp/maxwoo/21EF1A6A9139C9FD2A38E59AFB466F9A_1248/INPUTFILES/data_410183141.root 
/tmp/maxwoo/21EF1A6A9139C9FD2A38E59AFB466F9A_1248/INPUTFILES/data_410183181.root 
/tmp/maxwoo/21EF1A6A9139C9FD2A38E59AFB466F9A_1248/INPUTFILES/data_410183191.root 
/tmp/maxwoo/21EF1A6A9139C9FD2A38E59AFB466F9A_1248/INPUTFILES/data_410183231.root 
/tmp/maxwoo/21EF1A6A9139C9FD2A38E59AFB466F9A_1248/INPUTFILES/data_410183251.root 
/tmp/maxwoo/21EF1A6A9139C9FD2A38E59AFB466F9A_1248/INPUTFILES/data_410183361.root 
/tmp/maxwoo/21EF1A6A9139C9FD2A38E59AFB466F9A_1248/INPUTFILES/data_410183431.root 
/tmp/maxwoo/21EF1A6A9139C9FD2A38E59AFB466F9A_1248/INPUTFILES/data_410183511.root 
/tmp/maxwoo/21EF1A6A9139C9FD2A38E59AFB466F9A_1248/INPUTFILES/data_410183881.root 
/tmp/maxwoo/21EF1A6A9139C9FD2A38E59AFB466F9A_1248/INPUTFILES/data_410183921.root 
/tmp/maxwoo/21EF1A6A9139C9FD2A38E59AFB466F9A_1248/INPUTFILES/data_410221241.root 
/tmp/maxwoo/21EF1A6A9139C9FD2A38E59AFB466F9A_1248/INPUTFILES/data_410285971.root 
/tmp/maxwoo/21EF1A6A9139C9FD2A38E59AFB466F9A_1248/INPUTFILES/data_410315081.root 
/tmp/maxwoo/21EF1A6A9139C9FD2A38E59AFB466F9A_1248/INPUTFILES/data_410323681.root 
/tmp/maxwoo/21EF1A6A9139C9FD2A38E59AFB466F9A_1248/INPUTFILES/data_410353941.root 
/tmp/maxwoo/21EF1A6A9139C9FD2A38E59AFB466F9A_1248/INPUTFILES/data_410421881.root 
Added 37 files
# entries in chain: 37000
Processing entry == 1000 == out of 37000.
Processing entry == 2000 == out of 37000.
Processing entry == 3000 == out of 37000.
Processing entry == 4000 == out of 37000.
Processing entry == 5000 == out of 37000.
Processing entry == 6000 == out of 37000.
Processing entry == 7000 == out of 37000.
Processing entry == 8000 == out of 37000.
Processing entry == 9000 == out of 37000.
Processing entry == 10000 == out of 37000.
Processing entry == 11000 == out of 37000.
Processing entry == 12000 == out of 37000.
Processing entry == 13000 == out of 37000.
Processing entry == 14000 == out of 37000.
Processing entry == 15000 == out of 37000.
Processing entry == 16000 == out of 37000.
Processing entry == 17000 == out of 37000.
Processing entry == 18000 == out of 37000.
Processing entry == 19000 == out of 37000.
Processing entry == 20000 == out of 37000.
Processing entry == 21000 == out of 37000.
Processing entry == 22000 == out of 37000.
Processing entry == 23000 == out of 37000.
Processing entry == 24000 == out of 37000.
Processing entry == 25000 == out of 37000.
Processing entry == 26000 == out of 37000.
Processing entry == 27000 == out of 37000.
Processing entry == 28000 == out of 37000.
Processing entry == 29000 == out of 37000.
Processing entry == 30000 == out of 37000.
Processing entry == 31000 == out of 37000.
Processing entry == 32000 == out of 37000.
Processing entry == 33000 == out of 37000.
Processing entry == 34000 == out of 37000.
Processing entry == 35000 == out of 37000.
Processing entry == 36000 == out of 37000.
Processing entry == 37000 == out of 37000.

This is the end of ROOT -- Goodbye

Cleaning up sandbox file:  /tmp/maxwoo/21EF1A6A9139C9FD2A38E59AFB466F9A_1248/check_S.C
Cleaning up sandbox file:  /tmp/maxwoo/21EF1A6A9139C9FD2A38E59AFB466F9A_1248/Check_Sness.C
Cleaning up sandbox file:  /tmp/maxwoo/21EF1A6A9139C9FD2A38E59AFB466F9A_1248/lib
Cleaning up sandbox file:  /tmp/maxwoo/21EF1A6A9139C9FD2A38E59AFB466F9A_1248/.sandboxFiles
Starting copy block
Running copy command:  /bin/cp -fp /tmp/maxwoo/21EF1A6A9139C9FD2A38E59AFB466F9A_1248/out_21EF1A6A9139C9FD2A38E59AFB466F9A_1248.root /star/data01/pwg/xiatong/git/strangeness/data/
76143 Execution of (/star/data01/pwg/xiatong/git/strangeness/script/sched21EF1A6A9139C9FD2A38E59AFB466F9A_1248.csh ) has ended, exiting normally
76143 We END on [Thu Jun  2 11:39:09 EDT 2022]
