We are starting on node: spool0813.sdcc.bnl.gov
HOME is not defined
Using getent method
HOME is now /star/u/maxwoo
264340 We will spawn ourselves (/star/data01/pwg/xiatong/git/strangeness/script/sched21EF1A6A9139C9FD2A38E59AFB466F9A_2386.csh )
264340 We BEGIN on [Thu Jun  2 10:58:44 EDT 2022]
[1] 265757
264340 We are waiting for 265757 
264340 Grandchild PID is 269735 - found in 10 x 1 seconds
264340 Establishing first watcher   on    Thu Jun  2 10:58:55 EDT 2022
264340 Process tree is 264340 (main) -> 265757 (child) -> 269735 (grandchild)
F S   UID    PID   PPID  C PRI  NI ADDR SZ WCHAN  TTY        TIME CMD
0 D 100667 269735 265757  0 80   0 - 32311 cxiWai ?          0:00 cp /star/data01/pwg/xiatong/AMPT/14GeV/data_1318198761.root /tmp/maxwoo/21EF1A6A9139C9FD2A38E59AFB466F9A_2386/INPUTFILES/data_1318198761.root
264340 Grandchild PID is 274602 - found in 20 x 2 seconds
264340 Grandchild to watch has changed on Thu Jun  2 10:59:16 EDT 2022
264340 Process tree is 264340 (main) -> 265757 (child) -> 274602 (grandchild)
F S   UID    PID   PPID  C PRI  NI ADDR SZ WCHAN  TTY        TIME CMD
0 D 100667 274602 265757  0 80   0 - 32311 cxiWai ?          0:00 cp /star/data01/pwg/xiatong/AMPT/14GeV/data_1318198901.root /tmp/maxwoo/21EF1A6A9139C9FD2A38E59AFB466F9A_2386/INPUTFILES/data_1318198901.root
264340 Grandchild PID is 279548 - found in 30 x 2 seconds
264340 Grandchild to watch has changed on Thu Jun  2 10:59:37 EDT 2022
264340 Process tree is 264340 (main) -> 265757 (child) -> 279548 (grandchild)
F S   UID    PID   PPID  C PRI  NI ADDR SZ WCHAN  TTY        TIME CMD
0 D 100667 279548 265757  0 80   0 - 32311 cxiWai ?          0:00 cp /star/data01/pwg/xiatong/AMPT/14GeV/data_1318199171.root /tmp/maxwoo/21EF1A6A9139C9FD2A38E59AFB466F9A_2386/INPUTFILES/data_1318199171.root
264340 Grandchild PID is 285336 - found in 40 x 2 seconds
264340 Grandchild to watch has changed on Thu Jun  2 10:59:58 EDT 2022
264340 Process tree is 264340 (main) -> 265757 (child) -> 285336 (grandchild)
F S   UID    PID   PPID  C PRI  NI ADDR SZ WCHAN  TTY        TIME CMD
0 D 100667 285336 265757  0 80   0 - 32311 cxiWai ?          0:00 cp /star/data01/pwg/xiatong/AMPT/14GeV/data_1318355121.root /tmp/maxwoo/21EF1A6A9139C9FD2A38E59AFB466F9A_2386/INPUTFILES/data_1318355121.root
264340 Grandchild PID is 288253 - found in 50 x 2 seconds
264340 Grandchild to watch has changed on Thu Jun  2 11:00:19 EDT 2022
264340 Process tree is 264340 (main) -> 265757 (child) -> 288253 (grandchild)
F S   UID    PID   PPID  C PRI  NI ADDR SZ WCHAN  TTY        TIME CMD
0 D 100667 288253 265757  0 80   0 - 32311 cxiWai ?          0:00 cp /star/data01/pwg/xiatong/AMPT/14GeV/data_1318555031.root /tmp/maxwoo/21EF1A6A9139C9FD2A38E59AFB466F9A_2386/INPUTFILES/data_1318555031.root
264340 Grandchild PID is 295082 - found in 60 x 2 seconds
264340 Grandchild to watch has changed on Thu Jun  2 11:00:40 EDT 2022
264340 Process tree is 264340 (main) -> 265757 (child) -> 295082 (grandchild)
F S   UID    PID   PPID  C PRI  NI ADDR SZ WCHAN  TTY        TIME CMD
0 D 100667 295082 265757  0 80   0 - 32311 cxiWai ?          0:00 cp /star/data01/pwg/xiatong/AMPT/14GeV/data_1318654971.root /tmp/maxwoo/21EF1A6A9139C9FD2A38E59AFB466F9A_2386/INPUTFILES/data_1318654971.root
264340 Grandchild PID is 297484 - found in 70 x 2 seconds
264340 Grandchild to watch has changed on Thu Jun  2 11:01:01 EDT 2022
264340 Process tree is 264340 (main) -> 265757 (child) -> 297484 (grandchild)
F S   UID    PID   PPID  C PRI  NI ADDR SZ WCHAN  TTY        TIME CMD
0 D 100667 297484 265757  0 80   0 - 32311 cxiWai ?          0:00 cp /star/data01/pwg/xiatong/AMPT/14GeV/data_1318655011.root /tmp/maxwoo/21EF1A6A9139C9FD2A38E59AFB466F9A_2386/INPUTFILES/data_1318655011.root
264340 Grandchild PID is 304384 - found in 80 x 2 seconds
264340 Grandchild to watch has changed on Thu Jun  2 11:01:22 EDT 2022
264340 Process tree is 264340 (main) -> 265757 (child) -> 304384 (grandchild)
F S   UID    PID   PPID  C PRI  NI ADDR SZ WCHAN  TTY        TIME CMD
0 S 100667 304384 265757  0 80   0 -  1272 do_wai ?          0:00 root -b -q check_S.C++("/tmp/maxwoo/21EF1A6A9139C9FD2A38E59AFB466F9A_2386/INPUTFILES/21EF1A6A9139C9FD2A38E59AFB466F9A_2386.local.list","21EF1A6A9139C9FD2A38E59AFB466F9A_2386",1)
265757 Stepping into the main SUMS wrapper program with []
.... building sandbox
Running: cp /star/data01/pwg/xiatong/AMPT/14GeV/data_1318198701.root /tmp/maxwoo/21EF1A6A9139C9FD2A38E59AFB466F9A_2386/INPUTFILES/data_1318198701.root
Running: cp /star/data01/pwg/xiatong/AMPT/14GeV/data_1318198711.root /tmp/maxwoo/21EF1A6A9139C9FD2A38E59AFB466F9A_2386/INPUTFILES/data_1318198711.root
Running: cp /star/data01/pwg/xiatong/AMPT/14GeV/data_1318198761.root /tmp/maxwoo/21EF1A6A9139C9FD2A38E59AFB466F9A_2386/INPUTFILES/data_1318198761.root
Running: cp /star/data01/pwg/xiatong/AMPT/14GeV/data_1318198811.root /tmp/maxwoo/21EF1A6A9139C9FD2A38E59AFB466F9A_2386/INPUTFILES/data_1318198811.root
Running: cp /star/data01/pwg/xiatong/AMPT/14GeV/data_1318198861.root /tmp/maxwoo/21EF1A6A9139C9FD2A38E59AFB466F9A_2386/INPUTFILES/data_1318198861.root
Running: cp /star/data01/pwg/xiatong/AMPT/14GeV/data_1318198881.root /tmp/maxwoo/21EF1A6A9139C9FD2A38E59AFB466F9A_2386/INPUTFILES/data_1318198881.root
Running: cp /star/data01/pwg/xiatong/AMPT/14GeV/data_1318198901.root /tmp/maxwoo/21EF1A6A9139C9FD2A38E59AFB466F9A_2386/INPUTFILES/data_1318198901.root
Running: cp /star/data01/pwg/xiatong/AMPT/14GeV/data_1318198921.root /tmp/maxwoo/21EF1A6A9139C9FD2A38E59AFB466F9A_2386/INPUTFILES/data_1318198921.root
Running: cp /star/data01/pwg/xiatong/AMPT/14GeV/data_1318198971.root /tmp/maxwoo/21EF1A6A9139C9FD2A38E59AFB466F9A_2386/INPUTFILES/data_1318198971.root
Running: cp /star/data01/pwg/xiatong/AMPT/14GeV/data_1318199031.root /tmp/maxwoo/21EF1A6A9139C9FD2A38E59AFB466F9A_2386/INPUTFILES/data_1318199031.root
Running: cp /star/data01/pwg/xiatong/AMPT/14GeV/data_1318199151.root /tmp/maxwoo/21EF1A6A9139C9FD2A38E59AFB466F9A_2386/INPUTFILES/data_1318199151.root
Running: cp /star/data01/pwg/xiatong/AMPT/14GeV/data_1318199171.root /tmp/maxwoo/21EF1A6A9139C9FD2A38E59AFB466F9A_2386/INPUTFILES/data_1318199171.root
Running: cp /star/data01/pwg/xiatong/AMPT/14GeV/data_1318199291.root /tmp/maxwoo/21EF1A6A9139C9FD2A38E59AFB466F9A_2386/INPUTFILES/data_1318199291.root
Running: cp /star/data01/pwg/xiatong/AMPT/14GeV/data_1318199391.root /tmp/maxwoo/21EF1A6A9139C9FD2A38E59AFB466F9A_2386/INPUTFILES/data_1318199391.root
Running: cp /star/data01/pwg/xiatong/AMPT/14GeV/data_1318199441.root /tmp/maxwoo/21EF1A6A9139C9FD2A38E59AFB466F9A_2386/INPUTFILES/data_1318199441.root
Running: cp /star/data01/pwg/xiatong/AMPT/14GeV/data_1318199471.root /tmp/maxwoo/21EF1A6A9139C9FD2A38E59AFB466F9A_2386/INPUTFILES/data_1318199471.root
Running: cp /star/data01/pwg/xiatong/AMPT/14GeV/data_1318255131.root /tmp/maxwoo/21EF1A6A9139C9FD2A38E59AFB466F9A_2386/INPUTFILES/data_1318255131.root
Running: cp /star/data01/pwg/xiatong/AMPT/14GeV/data_1318255141.root /tmp/maxwoo/21EF1A6A9139C9FD2A38E59AFB466F9A_2386/INPUTFILES/data_1318255141.root
Running: cp /star/data01/pwg/xiatong/AMPT/14GeV/data_1318255621.root /tmp/maxwoo/21EF1A6A9139C9FD2A38E59AFB466F9A_2386/INPUTFILES/data_1318255621.root
Running: cp /star/data01/pwg/xiatong/AMPT/14GeV/data_1318355111.root /tmp/maxwoo/21EF1A6A9139C9FD2A38E59AFB466F9A_2386/INPUTFILES/data_1318355111.root
Running: cp /star/data01/pwg/xiatong/AMPT/14GeV/data_1318355121.root /tmp/maxwoo/21EF1A6A9139C9FD2A38E59AFB466F9A_2386/INPUTFILES/data_1318355121.root
Running: cp /star/data01/pwg/xiatong/AMPT/14GeV/data_1318455081.root /tmp/maxwoo/21EF1A6A9139C9FD2A38E59AFB466F9A_2386/INPUTFILES/data_1318455081.root
Running: cp /star/data01/pwg/xiatong/AMPT/14GeV/data_1318455091.root /tmp/maxwoo/21EF1A6A9139C9FD2A38E59AFB466F9A_2386/INPUTFILES/data_1318455091.root
Running: cp /star/data01/pwg/xiatong/AMPT/14GeV/data_1318555031.root /tmp/maxwoo/21EF1A6A9139C9FD2A38E59AFB466F9A_2386/INPUTFILES/data_1318555031.root
Running: cp /star/data01/pwg/xiatong/AMPT/14GeV/data_1318555041.root /tmp/maxwoo/21EF1A6A9139C9FD2A38E59AFB466F9A_2386/INPUTFILES/data_1318555041.root
Running: cp /star/data01/pwg/xiatong/AMPT/14GeV/data_1318555051.root /tmp/maxwoo/21EF1A6A9139C9FD2A38E59AFB466F9A_2386/INPUTFILES/data_1318555051.root
Running: cp /star/data01/pwg/xiatong/AMPT/14GeV/data_1318654971.root /tmp/maxwoo/21EF1A6A9139C9FD2A38E59AFB466F9A_2386/INPUTFILES/data_1318654971.root
Running: cp /star/data01/pwg/xiatong/AMPT/14GeV/data_1318654981.root /tmp/maxwoo/21EF1A6A9139C9FD2A38E59AFB466F9A_2386/INPUTFILES/data_1318654981.root
Running: cp /star/data01/pwg/xiatong/AMPT/14GeV/data_1318654991.root /tmp/maxwoo/21EF1A6A9139C9FD2A38E59AFB466F9A_2386/INPUTFILES/data_1318654991.root
Running: cp /star/data01/pwg/xiatong/AMPT/14GeV/data_1318655001.root /tmp/maxwoo/21EF1A6A9139C9FD2A38E59AFB466F9A_2386/INPUTFILES/data_1318655001.root
Running: cp /star/data01/pwg/xiatong/AMPT/14GeV/data_1318655011.root /tmp/maxwoo/21EF1A6A9139C9FD2A38E59AFB466F9A_2386/INPUTFILES/data_1318655011.root
Running: cp /star/data01/pwg/xiatong/AMPT/14GeV/data_1318655021.root /tmp/maxwoo/21EF1A6A9139C9FD2A38E59AFB466F9A_2386/INPUTFILES/data_1318655021.root
Running: cp /star/data01/pwg/xiatong/AMPT/14GeV/data_1318754951.root /tmp/maxwoo/21EF1A6A9139C9FD2A38E59AFB466F9A_2386/INPUTFILES/data_1318754951.root
Running: cp /star/data01/pwg/xiatong/AMPT/14GeV/data_1318854901.root /tmp/maxwoo/21EF1A6A9139C9FD2A38E59AFB466F9A_2386/INPUTFILES/data_1318854901.root
Running: cp /star/data01/pwg/xiatong/AMPT/14GeV/data_1318854911.root /tmp/maxwoo/21EF1A6A9139C9FD2A38E59AFB466F9A_2386/INPUTFILES/data_1318854911.root
Running: cp /star/data01/pwg/xiatong/AMPT/14GeV/data_1318854921.root /tmp/maxwoo/21EF1A6A9139C9FD2A38E59AFB466F9A_2386/INPUTFILES/data_1318854921.root
Running: cp /star/data01/pwg/xiatong/AMPT/14GeV/data_1318854941.root /tmp/maxwoo/21EF1A6A9139C9FD2A38E59AFB466F9A_2386/INPUTFILES/data_1318854941.root
Swapping $FILELIST with: /tmp/maxwoo/21EF1A6A9139C9FD2A38E59AFB466F9A_2386/INPUTFILES/21EF1A6A9139C9FD2A38E59AFB466F9A_2386.local.list
+++++++++++local copy debug++++++++++++++++++++
newFileList: /tmp/maxwoo/21EF1A6A9139C9FD2A38E59AFB466F9A_2386/INPUTFILES/21EF1A6A9139C9FD2A38E59AFB466F9A_2386.local.list
++++++++++++++++cat FILELIST+++++++++++++++++++
/tmp/maxwoo/21EF1A6A9139C9FD2A38E59AFB466F9A_2386/INPUTFILES/data_1318198701.root 
/tmp/maxwoo/21EF1A6A9139C9FD2A38E59AFB466F9A_2386/INPUTFILES/data_1318198711.root 
/tmp/maxwoo/21EF1A6A9139C9FD2A38E59AFB466F9A_2386/INPUTFILES/data_1318198761.root 
/tmp/maxwoo/21EF1A6A9139C9FD2A38E59AFB466F9A_2386/INPUTFILES/data_1318198811.root 
/tmp/maxwoo/21EF1A6A9139C9FD2A38E59AFB466F9A_2386/INPUTFILES/data_1318198861.root 
/tmp/maxwoo/21EF1A6A9139C9FD2A38E59AFB466F9A_2386/INPUTFILES/data_1318198881.root 
/tmp/maxwoo/21EF1A6A9139C9FD2A38E59AFB466F9A_2386/INPUTFILES/data_1318198901.root 
/tmp/maxwoo/21EF1A6A9139C9FD2A38E59AFB466F9A_2386/INPUTFILES/data_1318198921.root 
/tmp/maxwoo/21EF1A6A9139C9FD2A38E59AFB466F9A_2386/INPUTFILES/data_1318198971.root 
/tmp/maxwoo/21EF1A6A9139C9FD2A38E59AFB466F9A_2386/INPUTFILES/data_1318199031.root 
/tmp/maxwoo/21EF1A6A9139C9FD2A38E59AFB466F9A_2386/INPUTFILES/data_1318199151.root 
/tmp/maxwoo/21EF1A6A9139C9FD2A38E59AFB466F9A_2386/INPUTFILES/data_1318199171.root 
/tmp/maxwoo/21EF1A6A9139C9FD2A38E59AFB466F9A_2386/INPUTFILES/data_1318199291.root 
/tmp/maxwoo/21EF1A6A9139C9FD2A38E59AFB466F9A_2386/INPUTFILES/data_1318199391.root 
/tmp/maxwoo/21EF1A6A9139C9FD2A38E59AFB466F9A_2386/INPUTFILES/data_1318199441.root 
/tmp/maxwoo/21EF1A6A9139C9FD2A38E59AFB466F9A_2386/INPUTFILES/data_1318199471.root 
/tmp/maxwoo/21EF1A6A9139C9FD2A38E59AFB466F9A_2386/INPUTFILES/data_1318255131.root 
/tmp/maxwoo/21EF1A6A9139C9FD2A38E59AFB466F9A_2386/INPUTFILES/data_1318255141.root 
/tmp/maxwoo/21EF1A6A9139C9FD2A38E59AFB466F9A_2386/INPUTFILES/data_1318255621.root 
/tmp/maxwoo/21EF1A6A9139C9FD2A38E59AFB466F9A_2386/INPUTFILES/data_1318355111.root 
/tmp/maxwoo/21EF1A6A9139C9FD2A38E59AFB466F9A_2386/INPUTFILES/data_1318355121.root 
/tmp/maxwoo/21EF1A6A9139C9FD2A38E59AFB466F9A_2386/INPUTFILES/data_1318455081.root 
/tmp/maxwoo/21EF1A6A9139C9FD2A38E59AFB466F9A_2386/INPUTFILES/data_1318455091.root 
/tmp/maxwoo/21EF1A6A9139C9FD2A38E59AFB466F9A_2386/INPUTFILES/data_1318555031.root 
/tmp/maxwoo/21EF1A6A9139C9FD2A38E59AFB466F9A_2386/INPUTFILES/data_1318555041.root 
/tmp/maxwoo/21EF1A6A9139C9FD2A38E59AFB466F9A_2386/INPUTFILES/data_1318555051.root 
/tmp/maxwoo/21EF1A6A9139C9FD2A38E59AFB466F9A_2386/INPUTFILES/data_1318654971.root 
/tmp/maxwoo/21EF1A6A9139C9FD2A38E59AFB466F9A_2386/INPUTFILES/data_1318654981.root 
/tmp/maxwoo/21EF1A6A9139C9FD2A38E59AFB466F9A_2386/INPUTFILES/data_1318654991.root 
/tmp/maxwoo/21EF1A6A9139C9FD2A38E59AFB466F9A_2386/INPUTFILES/data_1318655001.root 
/tmp/maxwoo/21EF1A6A9139C9FD2A38E59AFB466F9A_2386/INPUTFILES/data_1318655011.root 
/tmp/maxwoo/21EF1A6A9139C9FD2A38E59AFB466F9A_2386/INPUTFILES/data_1318655021.root 
/tmp/maxwoo/21EF1A6A9139C9FD2A38E59AFB466F9A_2386/INPUTFILES/data_1318754951.root 
/tmp/maxwoo/21EF1A6A9139C9FD2A38E59AFB466F9A_2386/INPUTFILES/data_1318854901.root 
/tmp/maxwoo/21EF1A6A9139C9FD2A38E59AFB466F9A_2386/INPUTFILES/data_1318854911.root 
/tmp/maxwoo/21EF1A6A9139C9FD2A38E59AFB466F9A_2386/INPUTFILES/data_1318854921.root 
/tmp/maxwoo/21EF1A6A9139C9FD2A38E59AFB466F9A_2386/INPUTFILES/data_1318854941.root 
++++++++++++++++++++find.++++++++++++++++++++++
.
./check_S.C
./lib
./lib/my_particle_cpp.so
./lib/MixedBuffer_cpp.d
./lib/my_particle.h
./lib/CenMaker_cpp.so
./lib/MixedBuffer_cpp_ACLiC_dict_rdict.pcm
./lib/my_particle_cpp.d
./lib/NpartNormalizer_cpp.so
./lib/CenMaker_cpp_ACLiC_dict_rdict.pcm
./lib/my_event_cpp.so
./lib/my_particle.cpp
./lib/NpartNormalizer.h
./lib/MixedBuffer.h
./lib/NpartNormalizer.cpp
./lib/MixedBuffer.cpp
./lib/my_particle_cpp_ACLiC_dict_rdict.pcm
./lib/my_event_cpp.d
./lib/CenMaker.h
./lib/my_event.cpp
./lib/CenMaker.cpp
./lib/MixedBuffer_cpp.so
./lib/NpartNormalizer_cpp.d
./lib/NpartNormalizer_cpp_ACLiC_dict_rdict.pcm
./lib/CenMaker_cpp.d
./lib/my_event_cpp_ACLiC_dict_rdict.pcm
./lib/my_event.h
./.sandboxFiles
./.errror.log
./Check_Sness.C
./.output.log
./INPUTFILES
./INPUTFILES/data_1318655021.root
./INPUTFILES/data_1318854921.root
./INPUTFILES/data_1318455081.root
./INPUTFILES/data_1318255141.root
./INPUTFILES/data_1318198701.root
./INPUTFILES/data_1318198901.root
./INPUTFILES/data_1318754951.root
./INPUTFILES/data_1318255131.root
./INPUTFILES/data_1318199151.root
./INPUTFILES/data_1318199391.root
./INPUTFILES/data_1318654981.root
./INPUTFILES/data_1318199471.root
./INPUTFILES/data_1318555051.root
./INPUTFILES/data_1318198811.root
./INPUTFILES/data_1318654971.root
./INPUTFILES/data_1318199291.root
./INPUTFILES/data_1318355121.root
./INPUTFILES/21EF1A6A9139C9FD2A38E59AFB466F9A_2386.local.list
./INPUTFILES/data_1318555041.root
./INPUTFILES/data_1318854941.root
./INPUTFILES/data_1318854901.root
./INPUTFILES/data_1318198761.root
./INPUTFILES/data_1318455091.root
./INPUTFILES/data_1318198971.root
./INPUTFILES/data_1318198861.root
./INPUTFILES/data_1318355111.root
./INPUTFILES/data_1318198921.root
./INPUTFILES/data_1318255621.root
./INPUTFILES/data_1318199031.root
./INPUTFILES/data_1318655001.root
./INPUTFILES/data_1318199441.root
./INPUTFILES/data_1318854911.root
./INPUTFILES/data_1318555031.root
./INPUTFILES/data_1318199171.root
./INPUTFILES/data_1318198711.root
./INPUTFILES/data_1318655011.root
./INPUTFILES/data_1318198881.root
./INPUTFILES/data_1318654991.root
++++++++++++++++INPUTFILE Var++++++++++++++++++
FILELIST=/tmp/maxwoo/21EF1A6A9139C9FD2A38E59AFB466F9A_2386/INPUTFILES/21EF1A6A9139C9FD2A38E59AFB466F9A_2386.local.list
INPUTFILECOUNT=37
INPUTFILE0=/tmp/maxwoo/21EF1A6A9139C9FD2A38E59AFB466F9A_2386/INPUTFILES/data_1318198701.root
INPUTFILE1=/tmp/maxwoo/21EF1A6A9139C9FD2A38E59AFB466F9A_2386/INPUTFILES/data_1318198711.root
INPUTFILE2=/tmp/maxwoo/21EF1A6A9139C9FD2A38E59AFB466F9A_2386/INPUTFILES/data_1318198761.root
INPUTFILE3=/tmp/maxwoo/21EF1A6A9139C9FD2A38E59AFB466F9A_2386/INPUTFILES/data_1318198811.root
INPUTFILE4=/tmp/maxwoo/21EF1A6A9139C9FD2A38E59AFB466F9A_2386/INPUTFILES/data_1318198861.root
INPUTFILE5=/tmp/maxwoo/21EF1A6A9139C9FD2A38E59AFB466F9A_2386/INPUTFILES/data_1318198881.root
INPUTFILE6=/tmp/maxwoo/21EF1A6A9139C9FD2A38E59AFB466F9A_2386/INPUTFILES/data_1318198901.root
INPUTFILE7=/tmp/maxwoo/21EF1A6A9139C9FD2A38E59AFB466F9A_2386/INPUTFILES/data_1318198921.root
INPUTFILE8=/tmp/maxwoo/21EF1A6A9139C9FD2A38E59AFB466F9A_2386/INPUTFILES/data_1318198971.root
INPUTFILE9=/tmp/maxwoo/21EF1A6A9139C9FD2A38E59AFB466F9A_2386/INPUTFILES/data_1318199031.root
INPUTFILE10=/tmp/maxwoo/21EF1A6A9139C9FD2A38E59AFB466F9A_2386/INPUTFILES/data_1318199151.root
INPUTFILE11=/tmp/maxwoo/21EF1A6A9139C9FD2A38E59AFB466F9A_2386/INPUTFILES/data_1318199171.root
INPUTFILE12=/tmp/maxwoo/21EF1A6A9139C9FD2A38E59AFB466F9A_2386/INPUTFILES/data_1318199291.root
INPUTFILE13=/tmp/maxwoo/21EF1A6A9139C9FD2A38E59AFB466F9A_2386/INPUTFILES/data_1318199391.root
INPUTFILE14=/tmp/maxwoo/21EF1A6A9139C9FD2A38E59AFB466F9A_2386/INPUTFILES/data_1318199441.root
INPUTFILE15=/tmp/maxwoo/21EF1A6A9139C9FD2A38E59AFB466F9A_2386/INPUTFILES/data_1318199471.root
INPUTFILE16=/tmp/maxwoo/21EF1A6A9139C9FD2A38E59AFB466F9A_2386/INPUTFILES/data_1318255131.root
INPUTFILE17=/tmp/maxwoo/21EF1A6A9139C9FD2A38E59AFB466F9A_2386/INPUTFILES/data_1318255141.root
INPUTFILE18=/tmp/maxwoo/21EF1A6A9139C9FD2A38E59AFB466F9A_2386/INPUTFILES/data_1318255621.root
INPUTFILE19=/tmp/maxwoo/21EF1A6A9139C9FD2A38E59AFB466F9A_2386/INPUTFILES/data_1318355111.root
INPUTFILE20=/tmp/maxwoo/21EF1A6A9139C9FD2A38E59AFB466F9A_2386/INPUTFILES/data_1318355121.root
INPUTFILE21=/tmp/maxwoo/21EF1A6A9139C9FD2A38E59AFB466F9A_2386/INPUTFILES/data_1318455081.root
INPUTFILE22=/tmp/maxwoo/21EF1A6A9139C9FD2A38E59AFB466F9A_2386/INPUTFILES/data_1318455091.root
INPUTFILE23=/tmp/maxwoo/21EF1A6A9139C9FD2A38E59AFB466F9A_2386/INPUTFILES/data_1318555031.root
INPUTFILE24=/tmp/maxwoo/21EF1A6A9139C9FD2A38E59AFB466F9A_2386/INPUTFILES/data_1318555041.root
INPUTFILE25=/tmp/maxwoo/21EF1A6A9139C9FD2A38E59AFB466F9A_2386/INPUTFILES/data_1318555051.root
INPUTFILE26=/tmp/maxwoo/21EF1A6A9139C9FD2A38E59AFB466F9A_2386/INPUTFILES/data_1318654971.root
INPUTFILE27=/tmp/maxwoo/21EF1A6A9139C9FD2A38E59AFB466F9A_2386/INPUTFILES/data_1318654981.root
INPUTFILE28=/tmp/maxwoo/21EF1A6A9139C9FD2A38E59AFB466F9A_2386/INPUTFILES/data_1318654991.root
INPUTFILE29=/tmp/maxwoo/21EF1A6A9139C9FD2A38E59AFB466F9A_2386/INPUTFILES/data_1318655001.root
INPUTFILE30=/tmp/maxwoo/21EF1A6A9139C9FD2A38E59AFB466F9A_2386/INPUTFILES/data_1318655011.root
INPUTFILE31=/tmp/maxwoo/21EF1A6A9139C9FD2A38E59AFB466F9A_2386/INPUTFILES/data_1318655021.root
INPUTFILE32=/tmp/maxwoo/21EF1A6A9139C9FD2A38E59AFB466F9A_2386/INPUTFILES/data_1318754951.root
INPUTFILE33=/tmp/maxwoo/21EF1A6A9139C9FD2A38E59AFB466F9A_2386/INPUTFILES/data_1318854901.root
INPUTFILE34=/tmp/maxwoo/21EF1A6A9139C9FD2A38E59AFB466F9A_2386/INPUTFILES/data_1318854911.root
INPUTFILE35=/tmp/maxwoo/21EF1A6A9139C9FD2A38E59AFB466F9A_2386/INPUTFILES/data_1318854921.root
INPUTFILE36=/tmp/maxwoo/21EF1A6A9139C9FD2A38E59AFB466F9A_2386/INPUTFILES/data_1318854941.root
LocalInputFileDir=/tmp/maxwoo/21EF1A6A9139C9FD2A38E59AFB466F9A_2386/INPUTFILES
NewFILELIST=/tmp/maxwoo/21EF1A6A9139C9FD2A38E59AFB466F9A_2386/INPUTFILES/21EF1A6A9139C9FD2A38E59AFB466F9A_2386.local.list
+++++++++++++++++++++++++++++++++++++++++++++++
--------------------------------
Simple Unified Meta Scheduler 1.10.50 we are starting in $SCRATCH : /home/tmp/maxwoo/21EF1A6A9139C9FD2A38E59AFB466F9A_2386
--------------------------------
total 16
lrwxrwxrwx 1 maxwoo rhstar   61 Jun  2 10:58 check_S.C -> /gpfs/mnt/gpfs01/star/pwg/xiatong/git/strangeness/./check_S.C
lrwxrwxrwx 1 maxwoo rhstar   65 Jun  2 10:58 Check_Sness.C -> /gpfs/mnt/gpfs01/star/pwg/xiatong/git/strangeness/./Check_Sness.C
drwxr-xr-x 2 maxwoo rhstar 4096 Jun  2 11:01 INPUTFILES
drwxr-xr-x 2 maxwoo rhstar 4096 Jun  2 10:58 lib
  *******************************************
  *                                         *
  *        W E L C O M E  to  R O O T       *
  *                                         *
  *   Version   5.34/38     12 March 2018   *
  *                                         *
  *  You are welcome to visit our Web site  *
  *          http://root.cern.ch            *
  *                                         *
  *******************************************

ROOT 5.34/38 (v5-34-38@v5-34-38, Mar 12 2018, 15:49:39 on linux)

CINT/ROOT C/C++ Interpreter version 5.18.00, July 2, 2010
Type ? for help. Commands must be C++ statements.
Enclose multiple statements between { }.
*** Float Point Exception is OFF ***
 *** Start at Date : Thu Jun  2 11:01:20 2022
QAInfo:You are using STAR_LEVEL : dev, ROOT_LEVEL : 5.34.38 and node : spool0813.sdcc.bnl.gov 

Processing check_S.C++("/tmp/maxwoo/21EF1A6A9139C9FD2A38E59AFB466F9A_2386/INPUTFILES/21EF1A6A9139C9FD2A38E59AFB466F9A_2386.local.list","21EF1A6A9139C9FD2A38E59AFB466F9A_2386",1)...
/tmp/maxwoo/21EF1A6A9139C9FD2A38E59AFB466F9A_2386/INPUTFILES/data_1318198701.root 
/tmp/maxwoo/21EF1A6A9139C9FD2A38E59AFB466F9A_2386/INPUTFILES/data_1318198711.root 
/tmp/maxwoo/21EF1A6A9139C9FD2A38E59AFB466F9A_2386/INPUTFILES/data_1318198761.root 
/tmp/maxwoo/21EF1A6A9139C9FD2A38E59AFB466F9A_2386/INPUTFILES/data_1318198811.root 
/tmp/maxwoo/21EF1A6A9139C9FD2A38E59AFB466F9A_2386/INPUTFILES/data_1318198861.root 
/tmp/maxwoo/21EF1A6A9139C9FD2A38E59AFB466F9A_2386/INPUTFILES/data_1318198881.root 
/tmp/maxwoo/21EF1A6A9139C9FD2A38E59AFB466F9A_2386/INPUTFILES/data_1318198901.root 
/tmp/maxwoo/21EF1A6A9139C9FD2A38E59AFB466F9A_2386/INPUTFILES/data_1318198921.root 
/tmp/maxwoo/21EF1A6A9139C9FD2A38E59AFB466F9A_2386/INPUTFILES/data_1318198971.root 
/tmp/maxwoo/21EF1A6A9139C9FD2A38E59AFB466F9A_2386/INPUTFILES/data_1318199031.root 
/tmp/maxwoo/21EF1A6A9139C9FD2A38E59AFB466F9A_2386/INPUTFILES/data_1318199151.root 
/tmp/maxwoo/21EF1A6A9139C9FD2A38E59AFB466F9A_2386/INPUTFILES/data_1318199171.root 
/tmp/maxwoo/21EF1A6A9139C9FD2A38E59AFB466F9A_2386/INPUTFILES/data_1318199291.root 
/tmp/maxwoo/21EF1A6A9139C9FD2A38E59AFB466F9A_2386/INPUTFILES/data_1318199391.root 
/tmp/maxwoo/21EF1A6A9139C9FD2A38E59AFB466F9A_2386/INPUTFILES/data_1318199441.root 
/tmp/maxwoo/21EF1A6A9139C9FD2A38E59AFB466F9A_2386/INPUTFILES/data_1318199471.root 
/tmp/maxwoo/21EF1A6A9139C9FD2A38E59AFB466F9A_2386/INPUTFILES/data_1318255131.root 
/tmp/maxwoo/21EF1A6A9139C9FD2A38E59AFB466F9A_2386/INPUTFILES/data_1318255141.root 
/tmp/maxwoo/21EF1A6A9139C9FD2A38E59AFB466F9A_2386/INPUTFILES/data_1318255621.root 
/tmp/maxwoo/21EF1A6A9139C9FD2A38E59AFB466F9A_2386/INPUTFILES/data_1318355111.root 
/tmp/maxwoo/21EF1A6A9139C9FD2A38E59AFB466F9A_2386/INPUTFILES/data_1318355121.root 
/tmp/maxwoo/21EF1A6A9139C9FD2A38E59AFB466F9A_2386/INPUTFILES/data_1318455081.root 
/tmp/maxwoo/21EF1A6A9139C9FD2A38E59AFB466F9A_2386/INPUTFILES/data_1318455091.root 
/tmp/maxwoo/21EF1A6A9139C9FD2A38E59AFB466F9A_2386/INPUTFILES/data_1318555031.root 
/tmp/maxwoo/21EF1A6A9139C9FD2A38E59AFB466F9A_2386/INPUTFILES/data_1318555041.root 
/tmp/maxwoo/21EF1A6A9139C9FD2A38E59AFB466F9A_2386/INPUTFILES/data_1318555051.root 
/tmp/maxwoo/21EF1A6A9139C9FD2A38E59AFB466F9A_2386/INPUTFILES/data_1318654971.root 
/tmp/maxwoo/21EF1A6A9139C9FD2A38E59AFB466F9A_2386/INPUTFILES/data_1318654981.root 
/tmp/maxwoo/21EF1A6A9139C9FD2A38E59AFB466F9A_2386/INPUTFILES/data_1318654991.root 
/tmp/maxwoo/21EF1A6A9139C9FD2A38E59AFB466F9A_2386/INPUTFILES/data_1318655001.root 
/tmp/maxwoo/21EF1A6A9139C9FD2A38E59AFB466F9A_2386/INPUTFILES/data_1318655011.root 
/tmp/maxwoo/21EF1A6A9139C9FD2A38E59AFB466F9A_2386/INPUTFILES/data_1318655021.root 
/tmp/maxwoo/21EF1A6A9139C9FD2A38E59AFB466F9A_2386/INPUTFILES/data_1318754951.root 
/tmp/maxwoo/21EF1A6A9139C9FD2A38E59AFB466F9A_2386/INPUTFILES/data_1318854901.root 
/tmp/maxwoo/21EF1A6A9139C9FD2A38E59AFB466F9A_2386/INPUTFILES/data_1318854911.root 
/tmp/maxwoo/21EF1A6A9139C9FD2A38E59AFB466F9A_2386/INPUTFILES/data_1318854921.root 
/tmp/maxwoo/21EF1A6A9139C9FD2A38E59AFB466F9A_2386/INPUTFILES/data_1318854941.root 
Added 37 files
# entries in chain: 36333
Processing entry == 1000 == out of 36333.
Processing entry == 2000 == out of 36333.
Processing entry == 3000 == out of 36333.
Processing entry == 4000 == out of 36333.
Processing entry == 5000 == out of 36333.
Processing entry == 6000 == out of 36333.
Processing entry == 7000 == out of 36333.
Processing entry == 8000 == out of 36333.
Processing entry == 9000 == out of 36333.
Processing entry == 10000 == out of 36333.
Processing entry == 11000 == out of 36333.
Processing entry == 12000 == out of 36333.
Processing entry == 13000 == out of 36333.
Processing entry == 14000 == out of 36333.
Processing entry == 15000 == out of 36333.
Processing entry == 16000 == out of 36333.
Processing entry == 17000 == out of 36333.
Processing entry == 18000 == out of 36333.
Processing entry == 19000 == out of 36333.
Processing entry == 20000 == out of 36333.
Processing entry == 21000 == out of 36333.
Processing entry == 22000 == out of 36333.
Processing entry == 23000 == out of 36333.
Processing entry == 24000 == out of 36333.
Processing entry == 25000 == out of 36333.
Processing entry == 26000 == out of 36333.
Processing entry == 27000 == out of 36333.
Processing entry == 28000 == out of 36333.
Processing entry == 29000 == out of 36333.
Processing entry == 30000 == out of 36333.
Processing entry == 31000 == out of 36333.
Processing entry == 32000 == out of 36333.
Processing entry == 33000 == out of 36333.
Processing entry == 34000 == out of 36333.
Processing entry == 35000 == out of 36333.
Processing entry == 36000 == out of 36333.

This is the end of ROOT -- Goodbye

Cleaning up sandbox file:  /tmp/maxwoo/21EF1A6A9139C9FD2A38E59AFB466F9A_2386/check_S.C
Cleaning up sandbox file:  /tmp/maxwoo/21EF1A6A9139C9FD2A38E59AFB466F9A_2386/Check_Sness.C
Cleaning up sandbox file:  /tmp/maxwoo/21EF1A6A9139C9FD2A38E59AFB466F9A_2386/lib
Cleaning up sandbox file:  /tmp/maxwoo/21EF1A6A9139C9FD2A38E59AFB466F9A_2386/.sandboxFiles
Starting copy block
Running copy command:  /bin/cp -fp /tmp/maxwoo/21EF1A6A9139C9FD2A38E59AFB466F9A_2386/out_21EF1A6A9139C9FD2A38E59AFB466F9A_2386.root /star/data01/pwg/xiatong/git/strangeness/data/
264340 Execution of (/star/data01/pwg/xiatong/git/strangeness/script/sched21EF1A6A9139C9FD2A38E59AFB466F9A_2386.csh ) has ended, exiting normally
264340 We END on [Thu Jun  2 11:22:26 EDT 2022]
