We are starting on node: spool0135.sdcc.bnl.gov
HOME is not defined
Using getent method
HOME is now /star/u/maxwoo
278602 We will spawn ourselves (/star/data01/pwg/xiatong/git/strangeness/script/sched21EF1A6A9139C9FD2A38E59AFB466F9A_2046.csh )
278602 We BEGIN on [Thu Jun  2 11:01:11 EDT 2022]
[1] 279259
278602 We are waiting for 279259 
278602 Grandchild PID is 279364 - found in 0 x 1 seconds
278602 Establishing first watcher   on    Thu Jun  2 11:01:11 EDT 2022
278602 Process tree is 278602 (main) -> 279259 (child) -> 279364 (grandchild)
F S   UID    PID   PPID  C PRI  NI ADDR SZ WCHAN  TTY        TIME CMD
0 D 100667 279364 279259  0 80   0 - 30011 cxiWai ?          0:00 find ./ -maxdepth 1 -name Check_Sness.C
278602 Grandchild PID is 280567 - found in 10 x 2 seconds
278602 Grandchild to watch has changed on Thu Jun  2 11:01:32 EDT 2022
278602 Process tree is 278602 (main) -> 279259 (child) -> 280567 (grandchild)
F S   UID    PID   PPID  C PRI  NI ADDR SZ WCHAN  TTY        TIME CMD
0 D 100667 280567 279259  0 80   0 - 32311 cxiWai ?          0:00 cp /star/data01/pwg/xiatong/AMPT/14GeV/data_936144181.root /tmp/maxwoo/21EF1A6A9139C9FD2A38E59AFB466F9A_2046/INPUTFILES/data_936144181.root
278602 Grandchild PID is 286662 - found in 20 x 2 seconds
278602 Grandchild to watch has changed on Thu Jun  2 11:01:53 EDT 2022
278602 Process tree is 278602 (main) -> 279259 (child) -> 286662 (grandchild)
F S   UID    PID   PPID  C PRI  NI ADDR SZ WCHAN  TTY        TIME CMD
0 D 100667 286662 279259  0 80   0 - 32311 cxiWai ?          0:00 cp /star/data01/pwg/xiatong/AMPT/14GeV/data_936153251.root /tmp/maxwoo/21EF1A6A9139C9FD2A38E59AFB466F9A_2046/INPUTFILES/data_936153251.root
278602 Grandchild PID is 290419 - found in 30 x 2 seconds
278602 Grandchild to watch has changed on Thu Jun  2 11:02:14 EDT 2022
278602 Process tree is 278602 (main) -> 279259 (child) -> 290419 (grandchild)
F S   UID    PID   PPID  C PRI  NI ADDR SZ WCHAN  TTY        TIME CMD
0 D 100667 290419 279259  0 80   0 - 32311 cxiWai ?          0:00 cp /star/data01/pwg/xiatong/AMPT/14GeV/data_936178051.root /tmp/maxwoo/21EF1A6A9139C9FD2A38E59AFB466F9A_2046/INPUTFILES/data_936178051.root
278602 Grandchild PID is 295389 - found in 40 x 2 seconds
278602 Grandchild to watch has changed on Thu Jun  2 11:02:34 EDT 2022
278602 Process tree is 278602 (main) -> 279259 (child) -> 295389 (grandchild)
F S   UID    PID   PPID  C PRI  NI ADDR SZ WCHAN  TTY        TIME CMD
0 D 100667 295389 279259  0 80   0 - 32311 cxiWai ?          0:00 cp /star/data01/pwg/xiatong/AMPT/14GeV/data_936680471.root /tmp/maxwoo/21EF1A6A9139C9FD2A38E59AFB466F9A_2046/INPUTFILES/data_936680471.root
278602 Grandchild PID is 297935 - found in 50 x 2 seconds
278602 Grandchild to watch has changed on Thu Jun  2 11:02:55 EDT 2022
278602 Process tree is 278602 (main) -> 279259 (child) -> 297935 (grandchild)
F S   UID    PID   PPID  C PRI  NI ADDR SZ WCHAN  TTY        TIME CMD
0 D 100667 297935 279259  0 80   0 - 32311 cxiWai ?          0:00 cp /star/data01/pwg/xiatong/AMPT/14GeV/data_936880481.root /tmp/maxwoo/21EF1A6A9139C9FD2A38E59AFB466F9A_2046/INPUTFILES/data_936880481.root
278602 Grandchild PID is 302030 - found in 60 x 2 seconds
278602 Grandchild to watch has changed on Thu Jun  2 11:03:16 EDT 2022
278602 Process tree is 278602 (main) -> 279259 (child) -> 302030 (grandchild)
F S   UID    PID   PPID  C PRI  NI ADDR SZ WCHAN  TTY        TIME CMD
0 S 100667 302030 279259  0 80   0 -  1272 do_wai ?          0:00 root -b -q check_S.C++("/tmp/maxwoo/21EF1A6A9139C9FD2A38E59AFB466F9A_2046/INPUTFILES/21EF1A6A9139C9FD2A38E59AFB466F9A_2046.local.list","21EF1A6A9139C9FD2A38E59AFB466F9A_2046",1)
279259 Stepping into the main SUMS wrapper program with []
.... building sandbox
Running: cp /star/data01/pwg/xiatong/AMPT/14GeV/data_936130411.root /tmp/maxwoo/21EF1A6A9139C9FD2A38E59AFB466F9A_2046/INPUTFILES/data_936130411.root
Running: cp /star/data01/pwg/xiatong/AMPT/14GeV/data_936134621.root /tmp/maxwoo/21EF1A6A9139C9FD2A38E59AFB466F9A_2046/INPUTFILES/data_936134621.root
Running: cp /star/data01/pwg/xiatong/AMPT/14GeV/data_936140391.root /tmp/maxwoo/21EF1A6A9139C9FD2A38E59AFB466F9A_2046/INPUTFILES/data_936140391.root
Running: cp /star/data01/pwg/xiatong/AMPT/14GeV/data_936144181.root /tmp/maxwoo/21EF1A6A9139C9FD2A38E59AFB466F9A_2046/INPUTFILES/data_936144181.root
Running: cp /star/data01/pwg/xiatong/AMPT/14GeV/data_936144631.root /tmp/maxwoo/21EF1A6A9139C9FD2A38E59AFB466F9A_2046/INPUTFILES/data_936144631.root
Running: cp /star/data01/pwg/xiatong/AMPT/14GeV/data_936146191.root /tmp/maxwoo/21EF1A6A9139C9FD2A38E59AFB466F9A_2046/INPUTFILES/data_936146191.root
Running: cp /star/data01/pwg/xiatong/AMPT/14GeV/data_936153251.root /tmp/maxwoo/21EF1A6A9139C9FD2A38E59AFB466F9A_2046/INPUTFILES/data_936153251.root
Running: cp /star/data01/pwg/xiatong/AMPT/14GeV/data_936156841.root /tmp/maxwoo/21EF1A6A9139C9FD2A38E59AFB466F9A_2046/INPUTFILES/data_936156841.root
Running: cp /star/data01/pwg/xiatong/AMPT/14GeV/data_936159291.root /tmp/maxwoo/21EF1A6A9139C9FD2A38E59AFB466F9A_2046/INPUTFILES/data_936159291.root
Running: cp /star/data01/pwg/xiatong/AMPT/14GeV/data_936163921.root /tmp/maxwoo/21EF1A6A9139C9FD2A38E59AFB466F9A_2046/INPUTFILES/data_936163921.root
Running: cp /star/data01/pwg/xiatong/AMPT/14GeV/data_936163941.root /tmp/maxwoo/21EF1A6A9139C9FD2A38E59AFB466F9A_2046/INPUTFILES/data_936163941.root
Running: cp /star/data01/pwg/xiatong/AMPT/14GeV/data_936178051.root /tmp/maxwoo/21EF1A6A9139C9FD2A38E59AFB466F9A_2046/INPUTFILES/data_936178051.root
Running: cp /star/data01/pwg/xiatong/AMPT/14GeV/data_936180621.root /tmp/maxwoo/21EF1A6A9139C9FD2A38E59AFB466F9A_2046/INPUTFILES/data_936180621.root
Running: cp /star/data01/pwg/xiatong/AMPT/14GeV/data_936180631.root /tmp/maxwoo/21EF1A6A9139C9FD2A38E59AFB466F9A_2046/INPUTFILES/data_936180631.root
Running: cp /star/data01/pwg/xiatong/AMPT/14GeV/data_936182511.root /tmp/maxwoo/21EF1A6A9139C9FD2A38E59AFB466F9A_2046/INPUTFILES/data_936182511.root
Running: cp /star/data01/pwg/xiatong/AMPT/14GeV/data_936187591.root /tmp/maxwoo/21EF1A6A9139C9FD2A38E59AFB466F9A_2046/INPUTFILES/data_936187591.root
Running: cp /star/data01/pwg/xiatong/AMPT/14GeV/data_936280581.root /tmp/maxwoo/21EF1A6A9139C9FD2A38E59AFB466F9A_2046/INPUTFILES/data_936280581.root
Running: cp /star/data01/pwg/xiatong/AMPT/14GeV/data_936280591.root /tmp/maxwoo/21EF1A6A9139C9FD2A38E59AFB466F9A_2046/INPUTFILES/data_936280591.root
Running: cp /star/data01/pwg/xiatong/AMPT/14GeV/data_936280611.root /tmp/maxwoo/21EF1A6A9139C9FD2A38E59AFB466F9A_2046/INPUTFILES/data_936280611.root
Running: cp /star/data01/pwg/xiatong/AMPT/14GeV/data_936380561.root /tmp/maxwoo/21EF1A6A9139C9FD2A38E59AFB466F9A_2046/INPUTFILES/data_936380561.root
Running: cp /star/data01/pwg/xiatong/AMPT/14GeV/data_936480551.root /tmp/maxwoo/21EF1A6A9139C9FD2A38E59AFB466F9A_2046/INPUTFILES/data_936480551.root
Running: cp /star/data01/pwg/xiatong/AMPT/14GeV/data_936480571.root /tmp/maxwoo/21EF1A6A9139C9FD2A38E59AFB466F9A_2046/INPUTFILES/data_936480571.root
Running: cp /star/data01/pwg/xiatong/AMPT/14GeV/data_936680471.root /tmp/maxwoo/21EF1A6A9139C9FD2A38E59AFB466F9A_2046/INPUTFILES/data_936680471.root
Running: cp /star/data01/pwg/xiatong/AMPT/14GeV/data_936680491.root /tmp/maxwoo/21EF1A6A9139C9FD2A38E59AFB466F9A_2046/INPUTFILES/data_936680491.root
Running: cp /star/data01/pwg/xiatong/AMPT/14GeV/data_936680511.root /tmp/maxwoo/21EF1A6A9139C9FD2A38E59AFB466F9A_2046/INPUTFILES/data_936680511.root
Running: cp /star/data01/pwg/xiatong/AMPT/14GeV/data_936680521.root /tmp/maxwoo/21EF1A6A9139C9FD2A38E59AFB466F9A_2046/INPUTFILES/data_936680521.root
Running: cp /star/data01/pwg/xiatong/AMPT/14GeV/data_936680531.root /tmp/maxwoo/21EF1A6A9139C9FD2A38E59AFB466F9A_2046/INPUTFILES/data_936680531.root
Running: cp /star/data01/pwg/xiatong/AMPT/14GeV/data_936680541.root /tmp/maxwoo/21EF1A6A9139C9FD2A38E59AFB466F9A_2046/INPUTFILES/data_936680541.root
Running: cp /star/data01/pwg/xiatong/AMPT/14GeV/data_936880461.root /tmp/maxwoo/21EF1A6A9139C9FD2A38E59AFB466F9A_2046/INPUTFILES/data_936880461.root
Running: cp /star/data01/pwg/xiatong/AMPT/14GeV/data_936880481.root /tmp/maxwoo/21EF1A6A9139C9FD2A38E59AFB466F9A_2046/INPUTFILES/data_936880481.root
Running: cp /star/data01/pwg/xiatong/AMPT/14GeV/data_936980431.root /tmp/maxwoo/21EF1A6A9139C9FD2A38E59AFB466F9A_2046/INPUTFILES/data_936980431.root
Running: cp /star/data01/pwg/xiatong/AMPT/14GeV/data_936980441.root /tmp/maxwoo/21EF1A6A9139C9FD2A38E59AFB466F9A_2046/INPUTFILES/data_936980441.root
Running: cp /star/data01/pwg/xiatong/AMPT/14GeV/data_937080411.root /tmp/maxwoo/21EF1A6A9139C9FD2A38E59AFB466F9A_2046/INPUTFILES/data_937080411.root
Running: cp /star/data01/pwg/xiatong/AMPT/14GeV/data_937105571.root /tmp/maxwoo/21EF1A6A9139C9FD2A38E59AFB466F9A_2046/INPUTFILES/data_937105571.root
Running: cp /star/data01/pwg/xiatong/AMPT/14GeV/data_937111401.root /tmp/maxwoo/21EF1A6A9139C9FD2A38E59AFB466F9A_2046/INPUTFILES/data_937111401.root
Running: cp /star/data01/pwg/xiatong/AMPT/14GeV/data_937111411.root /tmp/maxwoo/21EF1A6A9139C9FD2A38E59AFB466F9A_2046/INPUTFILES/data_937111411.root
Running: cp /star/data01/pwg/xiatong/AMPT/14GeV/data_937119111.root /tmp/maxwoo/21EF1A6A9139C9FD2A38E59AFB466F9A_2046/INPUTFILES/data_937119111.root
Swapping $FILELIST with: /tmp/maxwoo/21EF1A6A9139C9FD2A38E59AFB466F9A_2046/INPUTFILES/21EF1A6A9139C9FD2A38E59AFB466F9A_2046.local.list
+++++++++++local copy debug++++++++++++++++++++
newFileList: /tmp/maxwoo/21EF1A6A9139C9FD2A38E59AFB466F9A_2046/INPUTFILES/21EF1A6A9139C9FD2A38E59AFB466F9A_2046.local.list
++++++++++++++++cat FILELIST+++++++++++++++++++
/tmp/maxwoo/21EF1A6A9139C9FD2A38E59AFB466F9A_2046/INPUTFILES/data_936130411.root 
/tmp/maxwoo/21EF1A6A9139C9FD2A38E59AFB466F9A_2046/INPUTFILES/data_936134621.root 
/tmp/maxwoo/21EF1A6A9139C9FD2A38E59AFB466F9A_2046/INPUTFILES/data_936140391.root 
/tmp/maxwoo/21EF1A6A9139C9FD2A38E59AFB466F9A_2046/INPUTFILES/data_936144181.root 
/tmp/maxwoo/21EF1A6A9139C9FD2A38E59AFB466F9A_2046/INPUTFILES/data_936144631.root 
/tmp/maxwoo/21EF1A6A9139C9FD2A38E59AFB466F9A_2046/INPUTFILES/data_936146191.root 
/tmp/maxwoo/21EF1A6A9139C9FD2A38E59AFB466F9A_2046/INPUTFILES/data_936153251.root 
/tmp/maxwoo/21EF1A6A9139C9FD2A38E59AFB466F9A_2046/INPUTFILES/data_936156841.root 
/tmp/maxwoo/21EF1A6A9139C9FD2A38E59AFB466F9A_2046/INPUTFILES/data_936159291.root 
/tmp/maxwoo/21EF1A6A9139C9FD2A38E59AFB466F9A_2046/INPUTFILES/data_936163921.root 
/tmp/maxwoo/21EF1A6A9139C9FD2A38E59AFB466F9A_2046/INPUTFILES/data_936163941.root 
/tmp/maxwoo/21EF1A6A9139C9FD2A38E59AFB466F9A_2046/INPUTFILES/data_936178051.root 
/tmp/maxwoo/21EF1A6A9139C9FD2A38E59AFB466F9A_2046/INPUTFILES/data_936180621.root 
/tmp/maxwoo/21EF1A6A9139C9FD2A38E59AFB466F9A_2046/INPUTFILES/data_936180631.root 
/tmp/maxwoo/21EF1A6A9139C9FD2A38E59AFB466F9A_2046/INPUTFILES/data_936182511.root 
/tmp/maxwoo/21EF1A6A9139C9FD2A38E59AFB466F9A_2046/INPUTFILES/data_936187591.root 
/tmp/maxwoo/21EF1A6A9139C9FD2A38E59AFB466F9A_2046/INPUTFILES/data_936280581.root 
/tmp/maxwoo/21EF1A6A9139C9FD2A38E59AFB466F9A_2046/INPUTFILES/data_936280591.root 
/tmp/maxwoo/21EF1A6A9139C9FD2A38E59AFB466F9A_2046/INPUTFILES/data_936280611.root 
/tmp/maxwoo/21EF1A6A9139C9FD2A38E59AFB466F9A_2046/INPUTFILES/data_936380561.root 
/tmp/maxwoo/21EF1A6A9139C9FD2A38E59AFB466F9A_2046/INPUTFILES/data_936480551.root 
/tmp/maxwoo/21EF1A6A9139C9FD2A38E59AFB466F9A_2046/INPUTFILES/data_936480571.root 
/tmp/maxwoo/21EF1A6A9139C9FD2A38E59AFB466F9A_2046/INPUTFILES/data_936680471.root 
/tmp/maxwoo/21EF1A6A9139C9FD2A38E59AFB466F9A_2046/INPUTFILES/data_936680491.root 
/tmp/maxwoo/21EF1A6A9139C9FD2A38E59AFB466F9A_2046/INPUTFILES/data_936680511.root 
/tmp/maxwoo/21EF1A6A9139C9FD2A38E59AFB466F9A_2046/INPUTFILES/data_936680521.root 
/tmp/maxwoo/21EF1A6A9139C9FD2A38E59AFB466F9A_2046/INPUTFILES/data_936680531.root 
/tmp/maxwoo/21EF1A6A9139C9FD2A38E59AFB466F9A_2046/INPUTFILES/data_936680541.root 
/tmp/maxwoo/21EF1A6A9139C9FD2A38E59AFB466F9A_2046/INPUTFILES/data_936880461.root 
/tmp/maxwoo/21EF1A6A9139C9FD2A38E59AFB466F9A_2046/INPUTFILES/data_936880481.root 
/tmp/maxwoo/21EF1A6A9139C9FD2A38E59AFB466F9A_2046/INPUTFILES/data_936980431.root 
/tmp/maxwoo/21EF1A6A9139C9FD2A38E59AFB466F9A_2046/INPUTFILES/data_936980441.root 
/tmp/maxwoo/21EF1A6A9139C9FD2A38E59AFB466F9A_2046/INPUTFILES/data_937080411.root 
/tmp/maxwoo/21EF1A6A9139C9FD2A38E59AFB466F9A_2046/INPUTFILES/data_937105571.root 
/tmp/maxwoo/21EF1A6A9139C9FD2A38E59AFB466F9A_2046/INPUTFILES/data_937111401.root 
/tmp/maxwoo/21EF1A6A9139C9FD2A38E59AFB466F9A_2046/INPUTFILES/data_937111411.root 
/tmp/maxwoo/21EF1A6A9139C9FD2A38E59AFB466F9A_2046/INPUTFILES/data_937119111.root 
++++++++++++++++++++find.++++++++++++++++++++++
.
./lib
./lib/my_event_cpp_ACLiC_dict_rdict.pcm
./lib/NpartNormalizer_cpp_ACLiC_dict_rdict.pcm
./lib/NpartNormalizer.h
./lib/NpartNormalizer.cpp
./lib/NpartNormalizer_cpp.so
./lib/CenMaker_cpp.so
./lib/MixedBuffer_cpp_ACLiC_dict_rdict.pcm
./lib/CenMaker.h
./lib/MixedBuffer_cpp.d
./lib/NpartNormalizer_cpp.d
./lib/my_particle_cpp.d
./lib/CenMaker.cpp
./lib/my_particle_cpp.so
./lib/my_particle_cpp_ACLiC_dict_rdict.pcm
./lib/MixedBuffer.cpp
./lib/my_event.h
./lib/my_event_cpp.so
./lib/MixedBuffer_cpp.so
./lib/my_particle.cpp
./lib/my_particle.h
./lib/CenMaker_cpp_ACLiC_dict_rdict.pcm
./lib/my_event_cpp.d
./lib/my_event.cpp
./lib/MixedBuffer.h
./lib/CenMaker_cpp.d
./.output.log
./.errror.log
./check_S.C
./.sandboxFiles
./Check_Sness.C
./INPUTFILES
./INPUTFILES/data_936134621.root
./INPUTFILES/data_936680471.root
./INPUTFILES/data_936144181.root
./INPUTFILES/data_936280581.root
./INPUTFILES/data_936880461.root
./INPUTFILES/data_936153251.root
./INPUTFILES/data_936178051.root
./INPUTFILES/data_936880481.root
./INPUTFILES/data_936680511.root
./INPUTFILES/data_936156841.root
./INPUTFILES/data_936680491.root
./INPUTFILES/data_936980431.root
./INPUTFILES/data_936480551.root
./INPUTFILES/data_936140391.root
./INPUTFILES/data_936180621.root
./INPUTFILES/data_937119111.root
./INPUTFILES/data_936280611.root
./INPUTFILES/data_937080411.root
./INPUTFILES/data_937111401.root
./INPUTFILES/data_936980441.root
./INPUTFILES/data_936380561.root
./INPUTFILES/data_936680521.root
./INPUTFILES/data_936146191.root
./INPUTFILES/data_936480571.root
./INPUTFILES/data_936163921.root
./INPUTFILES/data_936163941.root
./INPUTFILES/data_936130411.root
./INPUTFILES/data_936159291.root
./INPUTFILES/data_936144631.root
./INPUTFILES/data_936187591.root
./INPUTFILES/data_936182511.root
./INPUTFILES/data_937111411.root
./INPUTFILES/data_936680541.root
./INPUTFILES/data_937105571.root
./INPUTFILES/data_936280591.root
./INPUTFILES/data_936180631.root
./INPUTFILES/21EF1A6A9139C9FD2A38E59AFB466F9A_2046.local.list
./INPUTFILES/data_936680531.root
++++++++++++++++INPUTFILE Var++++++++++++++++++
FILELIST=/tmp/maxwoo/21EF1A6A9139C9FD2A38E59AFB466F9A_2046/INPUTFILES/21EF1A6A9139C9FD2A38E59AFB466F9A_2046.local.list
INPUTFILECOUNT=37
INPUTFILE0=/tmp/maxwoo/21EF1A6A9139C9FD2A38E59AFB466F9A_2046/INPUTFILES/data_936130411.root
INPUTFILE1=/tmp/maxwoo/21EF1A6A9139C9FD2A38E59AFB466F9A_2046/INPUTFILES/data_936134621.root
INPUTFILE2=/tmp/maxwoo/21EF1A6A9139C9FD2A38E59AFB466F9A_2046/INPUTFILES/data_936140391.root
INPUTFILE3=/tmp/maxwoo/21EF1A6A9139C9FD2A38E59AFB466F9A_2046/INPUTFILES/data_936144181.root
INPUTFILE4=/tmp/maxwoo/21EF1A6A9139C9FD2A38E59AFB466F9A_2046/INPUTFILES/data_936144631.root
INPUTFILE5=/tmp/maxwoo/21EF1A6A9139C9FD2A38E59AFB466F9A_2046/INPUTFILES/data_936146191.root
INPUTFILE6=/tmp/maxwoo/21EF1A6A9139C9FD2A38E59AFB466F9A_2046/INPUTFILES/data_936153251.root
INPUTFILE7=/tmp/maxwoo/21EF1A6A9139C9FD2A38E59AFB466F9A_2046/INPUTFILES/data_936156841.root
INPUTFILE8=/tmp/maxwoo/21EF1A6A9139C9FD2A38E59AFB466F9A_2046/INPUTFILES/data_936159291.root
INPUTFILE9=/tmp/maxwoo/21EF1A6A9139C9FD2A38E59AFB466F9A_2046/INPUTFILES/data_936163921.root
INPUTFILE10=/tmp/maxwoo/21EF1A6A9139C9FD2A38E59AFB466F9A_2046/INPUTFILES/data_936163941.root
INPUTFILE11=/tmp/maxwoo/21EF1A6A9139C9FD2A38E59AFB466F9A_2046/INPUTFILES/data_936178051.root
INPUTFILE12=/tmp/maxwoo/21EF1A6A9139C9FD2A38E59AFB466F9A_2046/INPUTFILES/data_936180621.root
INPUTFILE13=/tmp/maxwoo/21EF1A6A9139C9FD2A38E59AFB466F9A_2046/INPUTFILES/data_936180631.root
INPUTFILE14=/tmp/maxwoo/21EF1A6A9139C9FD2A38E59AFB466F9A_2046/INPUTFILES/data_936182511.root
INPUTFILE15=/tmp/maxwoo/21EF1A6A9139C9FD2A38E59AFB466F9A_2046/INPUTFILES/data_936187591.root
INPUTFILE16=/tmp/maxwoo/21EF1A6A9139C9FD2A38E59AFB466F9A_2046/INPUTFILES/data_936280581.root
INPUTFILE17=/tmp/maxwoo/21EF1A6A9139C9FD2A38E59AFB466F9A_2046/INPUTFILES/data_936280591.root
INPUTFILE18=/tmp/maxwoo/21EF1A6A9139C9FD2A38E59AFB466F9A_2046/INPUTFILES/data_936280611.root
INPUTFILE19=/tmp/maxwoo/21EF1A6A9139C9FD2A38E59AFB466F9A_2046/INPUTFILES/data_936380561.root
INPUTFILE20=/tmp/maxwoo/21EF1A6A9139C9FD2A38E59AFB466F9A_2046/INPUTFILES/data_936480551.root
INPUTFILE21=/tmp/maxwoo/21EF1A6A9139C9FD2A38E59AFB466F9A_2046/INPUTFILES/data_936480571.root
INPUTFILE22=/tmp/maxwoo/21EF1A6A9139C9FD2A38E59AFB466F9A_2046/INPUTFILES/data_936680471.root
INPUTFILE23=/tmp/maxwoo/21EF1A6A9139C9FD2A38E59AFB466F9A_2046/INPUTFILES/data_936680491.root
INPUTFILE24=/tmp/maxwoo/21EF1A6A9139C9FD2A38E59AFB466F9A_2046/INPUTFILES/data_936680511.root
INPUTFILE25=/tmp/maxwoo/21EF1A6A9139C9FD2A38E59AFB466F9A_2046/INPUTFILES/data_936680521.root
INPUTFILE26=/tmp/maxwoo/21EF1A6A9139C9FD2A38E59AFB466F9A_2046/INPUTFILES/data_936680531.root
INPUTFILE27=/tmp/maxwoo/21EF1A6A9139C9FD2A38E59AFB466F9A_2046/INPUTFILES/data_936680541.root
INPUTFILE28=/tmp/maxwoo/21EF1A6A9139C9FD2A38E59AFB466F9A_2046/INPUTFILES/data_936880461.root
INPUTFILE29=/tmp/maxwoo/21EF1A6A9139C9FD2A38E59AFB466F9A_2046/INPUTFILES/data_936880481.root
INPUTFILE30=/tmp/maxwoo/21EF1A6A9139C9FD2A38E59AFB466F9A_2046/INPUTFILES/data_936980431.root
INPUTFILE31=/tmp/maxwoo/21EF1A6A9139C9FD2A38E59AFB466F9A_2046/INPUTFILES/data_936980441.root
INPUTFILE32=/tmp/maxwoo/21EF1A6A9139C9FD2A38E59AFB466F9A_2046/INPUTFILES/data_937080411.root
INPUTFILE33=/tmp/maxwoo/21EF1A6A9139C9FD2A38E59AFB466F9A_2046/INPUTFILES/data_937105571.root
INPUTFILE34=/tmp/maxwoo/21EF1A6A9139C9FD2A38E59AFB466F9A_2046/INPUTFILES/data_937111401.root
INPUTFILE35=/tmp/maxwoo/21EF1A6A9139C9FD2A38E59AFB466F9A_2046/INPUTFILES/data_937111411.root
INPUTFILE36=/tmp/maxwoo/21EF1A6A9139C9FD2A38E59AFB466F9A_2046/INPUTFILES/data_937119111.root
LocalInputFileDir=/tmp/maxwoo/21EF1A6A9139C9FD2A38E59AFB466F9A_2046/INPUTFILES
NewFILELIST=/tmp/maxwoo/21EF1A6A9139C9FD2A38E59AFB466F9A_2046/INPUTFILES/21EF1A6A9139C9FD2A38E59AFB466F9A_2046.local.list
+++++++++++++++++++++++++++++++++++++++++++++++
--------------------------------
Simple Unified Meta Scheduler 1.10.50 we are starting in $SCRATCH : /home/tmp/maxwoo/21EF1A6A9139C9FD2A38E59AFB466F9A_2046
--------------------------------
total 16
lrwxrwxrwx 1 maxwoo rhstar   61 Jun  2 11:01 check_S.C -> /gpfs/mnt/gpfs01/star/pwg/xiatong/git/strangeness/./check_S.C
lrwxrwxrwx 1 maxwoo rhstar   65 Jun  2 11:01 Check_Sness.C -> /gpfs/mnt/gpfs01/star/pwg/xiatong/git/strangeness/./Check_Sness.C
drwxr-xr-x 2 maxwoo rhstar 4096 Jun  2 11:03 INPUTFILES
drwxr-xr-x 2 maxwoo rhstar 4096 Jun  2 11:01 lib
  *******************************************
  *                                         *
  *        W E L C O M E  to  R O O T       *
  *                                         *
  *   Version   5.34/38     12 March 2018   *
  *                                         *
  *  You are welcome to visit our Web site  *
  *          http://root.cern.ch            *
  *                                         *
  *******************************************

ROOT 5.34/38 (v5-34-38@v5-34-38, Mar 12 2018, 15:49:39 on linux)

CINT/ROOT C/C++ Interpreter version 5.18.00, July 2, 2010
Type ? for help. Commands must be C++ statements.
Enclose multiple statements between { }.
*** Float Point Exception is OFF ***
 *** Start at Date : Thu Jun  2 11:03:07 2022
QAInfo:You are using STAR_LEVEL : dev, ROOT_LEVEL : 5.34.38 and node : spool0135.sdcc.bnl.gov 

Processing check_S.C++("/tmp/maxwoo/21EF1A6A9139C9FD2A38E59AFB466F9A_2046/INPUTFILES/21EF1A6A9139C9FD2A38E59AFB466F9A_2046.local.list","21EF1A6A9139C9FD2A38E59AFB466F9A_2046",1)...
/tmp/maxwoo/21EF1A6A9139C9FD2A38E59AFB466F9A_2046/INPUTFILES/data_936130411.root 
/tmp/maxwoo/21EF1A6A9139C9FD2A38E59AFB466F9A_2046/INPUTFILES/data_936134621.root 
/tmp/maxwoo/21EF1A6A9139C9FD2A38E59AFB466F9A_2046/INPUTFILES/data_936140391.root 
/tmp/maxwoo/21EF1A6A9139C9FD2A38E59AFB466F9A_2046/INPUTFILES/data_936144181.root 
/tmp/maxwoo/21EF1A6A9139C9FD2A38E59AFB466F9A_2046/INPUTFILES/data_936144631.root 
/tmp/maxwoo/21EF1A6A9139C9FD2A38E59AFB466F9A_2046/INPUTFILES/data_936146191.root 
/tmp/maxwoo/21EF1A6A9139C9FD2A38E59AFB466F9A_2046/INPUTFILES/data_936153251.root 
/tmp/maxwoo/21EF1A6A9139C9FD2A38E59AFB466F9A_2046/INPUTFILES/data_936156841.root 
/tmp/maxwoo/21EF1A6A9139C9FD2A38E59AFB466F9A_2046/INPUTFILES/data_936159291.root 
/tmp/maxwoo/21EF1A6A9139C9FD2A38E59AFB466F9A_2046/INPUTFILES/data_936163921.root 
/tmp/maxwoo/21EF1A6A9139C9FD2A38E59AFB466F9A_2046/INPUTFILES/data_936163941.root 
/tmp/maxwoo/21EF1A6A9139C9FD2A38E59AFB466F9A_2046/INPUTFILES/data_936178051.root 
/tmp/maxwoo/21EF1A6A9139C9FD2A38E59AFB466F9A_2046/INPUTFILES/data_936180621.root 
/tmp/maxwoo/21EF1A6A9139C9FD2A38E59AFB466F9A_2046/INPUTFILES/data_936180631.root 
/tmp/maxwoo/21EF1A6A9139C9FD2A38E59AFB466F9A_2046/INPUTFILES/data_936182511.root 
/tmp/maxwoo/21EF1A6A9139C9FD2A38E59AFB466F9A_2046/INPUTFILES/data_936187591.root 
/tmp/maxwoo/21EF1A6A9139C9FD2A38E59AFB466F9A_2046/INPUTFILES/data_936280581.root 
/tmp/maxwoo/21EF1A6A9139C9FD2A38E59AFB466F9A_2046/INPUTFILES/data_936280591.root 
/tmp/maxwoo/21EF1A6A9139C9FD2A38E59AFB466F9A_2046/INPUTFILES/data_936280611.root 
/tmp/maxwoo/21EF1A6A9139C9FD2A38E59AFB466F9A_2046/INPUTFILES/data_936380561.root 
/tmp/maxwoo/21EF1A6A9139C9FD2A38E59AFB466F9A_2046/INPUTFILES/data_936480551.root 
/tmp/maxwoo/21EF1A6A9139C9FD2A38E59AFB466F9A_2046/INPUTFILES/data_936480571.root 
/tmp/maxwoo/21EF1A6A9139C9FD2A38E59AFB466F9A_2046/INPUTFILES/data_936680471.root 
/tmp/maxwoo/21EF1A6A9139C9FD2A38E59AFB466F9A_2046/INPUTFILES/data_936680491.root 
/tmp/maxwoo/21EF1A6A9139C9FD2A38E59AFB466F9A_2046/INPUTFILES/data_936680511.root 
/tmp/maxwoo/21EF1A6A9139C9FD2A38E59AFB466F9A_2046/INPUTFILES/data_936680521.root 
/tmp/maxwoo/21EF1A6A9139C9FD2A38E59AFB466F9A_2046/INPUTFILES/data_936680531.root 
/tmp/maxwoo/21EF1A6A9139C9FD2A38E59AFB466F9A_2046/INPUTFILES/data_936680541.root 
/tmp/maxwoo/21EF1A6A9139C9FD2A38E59AFB466F9A_2046/INPUTFILES/data_936880461.root 
/tmp/maxwoo/21EF1A6A9139C9FD2A38E59AFB466F9A_2046/INPUTFILES/data_936880481.root 
/tmp/maxwoo/21EF1A6A9139C9FD2A38E59AFB466F9A_2046/INPUTFILES/data_936980431.root 
/tmp/maxwoo/21EF1A6A9139C9FD2A38E59AFB466F9A_2046/INPUTFILES/data_936980441.root 
/tmp/maxwoo/21EF1A6A9139C9FD2A38E59AFB466F9A_2046/INPUTFILES/data_937080411.root 
/tmp/maxwoo/21EF1A6A9139C9FD2A38E59AFB466F9A_2046/INPUTFILES/data_937105571.root 
/tmp/maxwoo/21EF1A6A9139C9FD2A38E59AFB466F9A_2046/INPUTFILES/data_937111401.root 
/tmp/maxwoo/21EF1A6A9139C9FD2A38E59AFB466F9A_2046/INPUTFILES/data_937111411.root 
/tmp/maxwoo/21EF1A6A9139C9FD2A38E59AFB466F9A_2046/INPUTFILES/data_937119111.root 
Added 37 files
# entries in chain: 35587
Processing entry == 1000 == out of 35587.
Processing entry == 2000 == out of 35587.
Processing entry == 3000 == out of 35587.
Processing entry == 4000 == out of 35587.
Processing entry == 5000 == out of 35587.
Processing entry == 6000 == out of 35587.
Processing entry == 7000 == out of 35587.
Processing entry == 8000 == out of 35587.
Processing entry == 9000 == out of 35587.
Processing entry == 10000 == out of 35587.
Processing entry == 11000 == out of 35587.
Processing entry == 12000 == out of 35587.
Processing entry == 13000 == out of 35587.
Processing entry == 14000 == out of 35587.
Processing entry == 15000 == out of 35587.
Processing entry == 16000 == out of 35587.
Processing entry == 17000 == out of 35587.
Processing entry == 18000 == out of 35587.
Processing entry == 19000 == out of 35587.
Processing entry == 20000 == out of 35587.
Processing entry == 21000 == out of 35587.
Processing entry == 22000 == out of 35587.
Processing entry == 23000 == out of 35587.
Processing entry == 24000 == out of 35587.
Processing entry == 25000 == out of 35587.
Processing entry == 26000 == out of 35587.
Processing entry == 27000 == out of 35587.
Processing entry == 28000 == out of 35587.
Processing entry == 29000 == out of 35587.
Processing entry == 30000 == out of 35587.
Processing entry == 31000 == out of 35587.
Processing entry == 32000 == out of 35587.
Processing entry == 33000 == out of 35587.
Processing entry == 34000 == out of 35587.
Processing entry == 35000 == out of 35587.

This is the end of ROOT -- Goodbye

Cleaning up sandbox file:  /tmp/maxwoo/21EF1A6A9139C9FD2A38E59AFB466F9A_2046/check_S.C
Cleaning up sandbox file:  /tmp/maxwoo/21EF1A6A9139C9FD2A38E59AFB466F9A_2046/Check_Sness.C
Cleaning up sandbox file:  /tmp/maxwoo/21EF1A6A9139C9FD2A38E59AFB466F9A_2046/lib
Cleaning up sandbox file:  /tmp/maxwoo/21EF1A6A9139C9FD2A38E59AFB466F9A_2046/.sandboxFiles
Starting copy block
Running copy command:  /bin/cp -fp /tmp/maxwoo/21EF1A6A9139C9FD2A38E59AFB466F9A_2046/out_21EF1A6A9139C9FD2A38E59AFB466F9A_2046.root /star/data01/pwg/xiatong/git/strangeness/data/
278602 Execution of (/star/data01/pwg/xiatong/git/strangeness/script/sched21EF1A6A9139C9FD2A38E59AFB466F9A_2046.csh ) has ended, exiting normally
278602 We END on [Thu Jun  2 11:22:08 EDT 2022]
