We are starting on node: spool0118.sdcc.bnl.gov
HOME is not defined
Using getent method
HOME is now /star/u/maxwoo
263177 We will spawn ourselves (/star/data01/pwg/xiatong/git/strangeness/script/sched21EF1A6A9139C9FD2A38E59AFB466F9A_2441.csh )
263177 We BEGIN on [Thu Jun  2 10:58:35 EDT 2022]
[1] 264540
263177 We are waiting for 264540 
263177 Grandchild PID is 264636 - found in 0 x 1 seconds
263177 Establishing first watcher   on    Thu Jun  2 10:58:35 EDT 2022
263177 Process tree is 263177 (main) -> 264540 (child) -> 264636 (grandchild)
F S   UID    PID   PPID  C PRI  NI ADDR SZ WCHAN  TTY        TIME CMD
0 D 100667 264636 264540  0 80   0 - 30011 cxiWai ?          0:00 find ./ -maxdepth 1 -name Check_Sness.C
263177 Grandchild PID is 275547 - found in 10 x 2 seconds
263177 Grandchild to watch has changed on Thu Jun  2 10:58:56 EDT 2022
263177 Process tree is 263177 (main) -> 264540 (child) -> 275547 (grandchild)
F S   UID    PID   PPID  C PRI  NI ADDR SZ WCHAN  TTY        TIME CMD
0 D 100667 275547 264540  0 80   0 - 32311 cxiWai ?          0:00 cp /star/data01/pwg/xiatong/AMPT/14GeV/data_1357112581.root /tmp/maxwoo/21EF1A6A9139C9FD2A38E59AFB466F9A_2441/INPUTFILES/data_1357112581.root
263177 Grandchild PID is 280161 - found in 20 x 2 seconds
263177 Grandchild to watch has changed on Thu Jun  2 10:59:17 EDT 2022
263177 Process tree is 263177 (main) -> 264540 (child) -> 280161 (grandchild)
F S   UID    PID   PPID  C PRI  NI ADDR SZ WCHAN  TTY        TIME CMD
0 D 100667 280161 264540  0 80   0 - 32311 cxiWai ?          0:00 cp /star/data01/pwg/xiatong/AMPT/14GeV/data_1357113321.root /tmp/maxwoo/21EF1A6A9139C9FD2A38E59AFB466F9A_2441/INPUTFILES/data_1357113321.root
263177 Grandchild PID is 284546 - found in 30 x 2 seconds
263177 Grandchild to watch has changed on Thu Jun  2 10:59:38 EDT 2022
263177 Process tree is 263177 (main) -> 264540 (child) -> 284546 (grandchild)
F S   UID    PID   PPID  C PRI  NI ADDR SZ WCHAN  TTY        TIME CMD
0 D 100667 284546 264540  0 80   0 - 32311 cxiWai ?          0:00 cp /star/data01/pwg/xiatong/AMPT/14GeV/data_1357141751.root /tmp/maxwoo/21EF1A6A9139C9FD2A38E59AFB466F9A_2441/INPUTFILES/data_1357141751.root
263177 Grandchild PID is 286855 - found in 40 x 2 seconds
263177 Grandchild to watch has changed on Thu Jun  2 10:59:58 EDT 2022
263177 Process tree is 263177 (main) -> 264540 (child) -> 286855 (grandchild)
F S   UID    PID   PPID  C PRI  NI ADDR SZ WCHAN  TTY        TIME CMD
0 D 100667 286855 264540  0 80   0 - 32311 cxiWai ?          0:00 cp /star/data01/pwg/xiatong/AMPT/14GeV/data_1357191961.root /tmp/maxwoo/21EF1A6A9139C9FD2A38E59AFB466F9A_2441/INPUTFILES/data_1357191961.root
263177 Grandchild PID is 293599 - found in 50 x 2 seconds
263177 Grandchild to watch has changed on Thu Jun  2 11:00:19 EDT 2022
263177 Process tree is 263177 (main) -> 264540 (child) -> 293599 (grandchild)
F S   UID    PID   PPID  C PRI  NI ADDR SZ WCHAN  TTY        TIME CMD
0 D 100667 293599 264540  0 80   0 - 32311 cxiWai ?          0:00 cp /star/data01/pwg/xiatong/AMPT/14GeV/data_1357193871.root /tmp/maxwoo/21EF1A6A9139C9FD2A38E59AFB466F9A_2441/INPUTFILES/data_1357193871.root
263177 Grandchild PID is 303049 - found in 70 x 2 seconds
263177 Grandchild to watch has changed on Thu Jun  2 11:01:01 EDT 2022
263177 Process tree is 263177 (main) -> 264540 (child) -> 303049 (grandchild)
F S   UID    PID   PPID  C PRI  NI ADDR SZ WCHAN  TTY        TIME CMD
0 S 100667 303049 264540  0 80   0 -  1272 do_wai ?          0:00 root -b -q check_S.C++("/tmp/maxwoo/21EF1A6A9139C9FD2A38E59AFB466F9A_2441/INPUTFILES/21EF1A6A9139C9FD2A38E59AFB466F9A_2441.local.list","21EF1A6A9139C9FD2A38E59AFB466F9A_2441",1)
264540 Stepping into the main SUMS wrapper program with []
.... building sandbox
Running: cp /star/data01/pwg/xiatong/AMPT/14GeV/data_1357041761.root /tmp/maxwoo/21EF1A6A9139C9FD2A38E59AFB466F9A_2441/INPUTFILES/data_1357041761.root
Running: cp /star/data01/pwg/xiatong/AMPT/14GeV/data_1357041771.root /tmp/maxwoo/21EF1A6A9139C9FD2A38E59AFB466F9A_2441/INPUTFILES/data_1357041771.root
Running: cp /star/data01/pwg/xiatong/AMPT/14GeV/data_1357041781.root /tmp/maxwoo/21EF1A6A9139C9FD2A38E59AFB466F9A_2441/INPUTFILES/data_1357041781.root
Running: cp /star/data01/pwg/xiatong/AMPT/14GeV/data_1357112571.root /tmp/maxwoo/21EF1A6A9139C9FD2A38E59AFB466F9A_2441/INPUTFILES/data_1357112571.root
Running: cp /star/data01/pwg/xiatong/AMPT/14GeV/data_1357112581.root /tmp/maxwoo/21EF1A6A9139C9FD2A38E59AFB466F9A_2441/INPUTFILES/data_1357112581.root
Running: cp /star/data01/pwg/xiatong/AMPT/14GeV/data_1357112591.root /tmp/maxwoo/21EF1A6A9139C9FD2A38E59AFB466F9A_2441/INPUTFILES/data_1357112591.root
Running: cp /star/data01/pwg/xiatong/AMPT/14GeV/data_1357112601.root /tmp/maxwoo/21EF1A6A9139C9FD2A38E59AFB466F9A_2441/INPUTFILES/data_1357112601.root
Running: cp /star/data01/pwg/xiatong/AMPT/14GeV/data_1357112611.root /tmp/maxwoo/21EF1A6A9139C9FD2A38E59AFB466F9A_2441/INPUTFILES/data_1357112611.root
Running: cp /star/data01/pwg/xiatong/AMPT/14GeV/data_1357112771.root /tmp/maxwoo/21EF1A6A9139C9FD2A38E59AFB466F9A_2441/INPUTFILES/data_1357112771.root
Running: cp /star/data01/pwg/xiatong/AMPT/14GeV/data_1357112971.root /tmp/maxwoo/21EF1A6A9139C9FD2A38E59AFB466F9A_2441/INPUTFILES/data_1357112971.root
Running: cp /star/data01/pwg/xiatong/AMPT/14GeV/data_1357113001.root /tmp/maxwoo/21EF1A6A9139C9FD2A38E59AFB466F9A_2441/INPUTFILES/data_1357113001.root
Running: cp /star/data01/pwg/xiatong/AMPT/14GeV/data_1357113121.root /tmp/maxwoo/21EF1A6A9139C9FD2A38E59AFB466F9A_2441/INPUTFILES/data_1357113121.root
Running: cp /star/data01/pwg/xiatong/AMPT/14GeV/data_1357113161.root /tmp/maxwoo/21EF1A6A9139C9FD2A38E59AFB466F9A_2441/INPUTFILES/data_1357113161.root
Running: cp /star/data01/pwg/xiatong/AMPT/14GeV/data_1357113181.root /tmp/maxwoo/21EF1A6A9139C9FD2A38E59AFB466F9A_2441/INPUTFILES/data_1357113181.root
Running: cp /star/data01/pwg/xiatong/AMPT/14GeV/data_1357113271.root /tmp/maxwoo/21EF1A6A9139C9FD2A38E59AFB466F9A_2441/INPUTFILES/data_1357113271.root
Running: cp /star/data01/pwg/xiatong/AMPT/14GeV/data_1357113291.root /tmp/maxwoo/21EF1A6A9139C9FD2A38E59AFB466F9A_2441/INPUTFILES/data_1357113291.root
Running: cp /star/data01/pwg/xiatong/AMPT/14GeV/data_1357113311.root /tmp/maxwoo/21EF1A6A9139C9FD2A38E59AFB466F9A_2441/INPUTFILES/data_1357113311.root
Running: cp /star/data01/pwg/xiatong/AMPT/14GeV/data_1357113321.root /tmp/maxwoo/21EF1A6A9139C9FD2A38E59AFB466F9A_2441/INPUTFILES/data_1357113321.root
Running: cp /star/data01/pwg/xiatong/AMPT/14GeV/data_1357118981.root /tmp/maxwoo/21EF1A6A9139C9FD2A38E59AFB466F9A_2441/INPUTFILES/data_1357118981.root
Running: cp /star/data01/pwg/xiatong/AMPT/14GeV/data_1357119611.root /tmp/maxwoo/21EF1A6A9139C9FD2A38E59AFB466F9A_2441/INPUTFILES/data_1357119611.root
Running: cp /star/data01/pwg/xiatong/AMPT/14GeV/data_1357119681.root /tmp/maxwoo/21EF1A6A9139C9FD2A38E59AFB466F9A_2441/INPUTFILES/data_1357119681.root
Running: cp /star/data01/pwg/xiatong/AMPT/14GeV/data_1357119751.root /tmp/maxwoo/21EF1A6A9139C9FD2A38E59AFB466F9A_2441/INPUTFILES/data_1357119751.root
Running: cp /star/data01/pwg/xiatong/AMPT/14GeV/data_1357120151.root /tmp/maxwoo/21EF1A6A9139C9FD2A38E59AFB466F9A_2441/INPUTFILES/data_1357120151.root
Running: cp /star/data01/pwg/xiatong/AMPT/14GeV/data_1357141711.root /tmp/maxwoo/21EF1A6A9139C9FD2A38E59AFB466F9A_2441/INPUTFILES/data_1357141711.root
Running: cp /star/data01/pwg/xiatong/AMPT/14GeV/data_1357141731.root /tmp/maxwoo/21EF1A6A9139C9FD2A38E59AFB466F9A_2441/INPUTFILES/data_1357141731.root
Running: cp /star/data01/pwg/xiatong/AMPT/14GeV/data_1357141751.root /tmp/maxwoo/21EF1A6A9139C9FD2A38E59AFB466F9A_2441/INPUTFILES/data_1357141751.root
Running: cp /star/data01/pwg/xiatong/AMPT/14GeV/data_1357191941.root /tmp/maxwoo/21EF1A6A9139C9FD2A38E59AFB466F9A_2441/INPUTFILES/data_1357191941.root
Running: cp /star/data01/pwg/xiatong/AMPT/14GeV/data_1357191961.root /tmp/maxwoo/21EF1A6A9139C9FD2A38E59AFB466F9A_2441/INPUTFILES/data_1357191961.root
Running: cp /star/data01/pwg/xiatong/AMPT/14GeV/data_1357192341.root /tmp/maxwoo/21EF1A6A9139C9FD2A38E59AFB466F9A_2441/INPUTFILES/data_1357192341.root
Running: cp /star/data01/pwg/xiatong/AMPT/14GeV/data_1357193291.root /tmp/maxwoo/21EF1A6A9139C9FD2A38E59AFB466F9A_2441/INPUTFILES/data_1357193291.root
Running: cp /star/data01/pwg/xiatong/AMPT/14GeV/data_1357193321.root /tmp/maxwoo/21EF1A6A9139C9FD2A38E59AFB466F9A_2441/INPUTFILES/data_1357193321.root
Running: cp /star/data01/pwg/xiatong/AMPT/14GeV/data_1357193871.root /tmp/maxwoo/21EF1A6A9139C9FD2A38E59AFB466F9A_2441/INPUTFILES/data_1357193871.root
Running: cp /star/data01/pwg/xiatong/AMPT/14GeV/data_1357241661.root /tmp/maxwoo/21EF1A6A9139C9FD2A38E59AFB466F9A_2441/INPUTFILES/data_1357241661.root
Running: cp /star/data01/pwg/xiatong/AMPT/14GeV/data_1357241671.root /tmp/maxwoo/21EF1A6A9139C9FD2A38E59AFB466F9A_2441/INPUTFILES/data_1357241671.root
Running: cp /star/data01/pwg/xiatong/AMPT/14GeV/data_1357241681.root /tmp/maxwoo/21EF1A6A9139C9FD2A38E59AFB466F9A_2441/INPUTFILES/data_1357241681.root
Running: cp /star/data01/pwg/xiatong/AMPT/14GeV/data_1357241691.root /tmp/maxwoo/21EF1A6A9139C9FD2A38E59AFB466F9A_2441/INPUTFILES/data_1357241691.root
Running: cp /star/data01/pwg/xiatong/AMPT/14GeV/data_1357241701.root /tmp/maxwoo/21EF1A6A9139C9FD2A38E59AFB466F9A_2441/INPUTFILES/data_1357241701.root
Swapping $FILELIST with: /tmp/maxwoo/21EF1A6A9139C9FD2A38E59AFB466F9A_2441/INPUTFILES/21EF1A6A9139C9FD2A38E59AFB466F9A_2441.local.list
+++++++++++local copy debug++++++++++++++++++++
newFileList: /tmp/maxwoo/21EF1A6A9139C9FD2A38E59AFB466F9A_2441/INPUTFILES/21EF1A6A9139C9FD2A38E59AFB466F9A_2441.local.list
++++++++++++++++cat FILELIST+++++++++++++++++++
/tmp/maxwoo/21EF1A6A9139C9FD2A38E59AFB466F9A_2441/INPUTFILES/data_1357041761.root 
/tmp/maxwoo/21EF1A6A9139C9FD2A38E59AFB466F9A_2441/INPUTFILES/data_1357041771.root 
/tmp/maxwoo/21EF1A6A9139C9FD2A38E59AFB466F9A_2441/INPUTFILES/data_1357041781.root 
/tmp/maxwoo/21EF1A6A9139C9FD2A38E59AFB466F9A_2441/INPUTFILES/data_1357112571.root 
/tmp/maxwoo/21EF1A6A9139C9FD2A38E59AFB466F9A_2441/INPUTFILES/data_1357112581.root 
/tmp/maxwoo/21EF1A6A9139C9FD2A38E59AFB466F9A_2441/INPUTFILES/data_1357112591.root 
/tmp/maxwoo/21EF1A6A9139C9FD2A38E59AFB466F9A_2441/INPUTFILES/data_1357112601.root 
/tmp/maxwoo/21EF1A6A9139C9FD2A38E59AFB466F9A_2441/INPUTFILES/data_1357112611.root 
/tmp/maxwoo/21EF1A6A9139C9FD2A38E59AFB466F9A_2441/INPUTFILES/data_1357112771.root 
/tmp/maxwoo/21EF1A6A9139C9FD2A38E59AFB466F9A_2441/INPUTFILES/data_1357112971.root 
/tmp/maxwoo/21EF1A6A9139C9FD2A38E59AFB466F9A_2441/INPUTFILES/data_1357113001.root 
/tmp/maxwoo/21EF1A6A9139C9FD2A38E59AFB466F9A_2441/INPUTFILES/data_1357113121.root 
/tmp/maxwoo/21EF1A6A9139C9FD2A38E59AFB466F9A_2441/INPUTFILES/data_1357113161.root 
/tmp/maxwoo/21EF1A6A9139C9FD2A38E59AFB466F9A_2441/INPUTFILES/data_1357113181.root 
/tmp/maxwoo/21EF1A6A9139C9FD2A38E59AFB466F9A_2441/INPUTFILES/data_1357113271.root 
/tmp/maxwoo/21EF1A6A9139C9FD2A38E59AFB466F9A_2441/INPUTFILES/data_1357113291.root 
/tmp/maxwoo/21EF1A6A9139C9FD2A38E59AFB466F9A_2441/INPUTFILES/data_1357113311.root 
/tmp/maxwoo/21EF1A6A9139C9FD2A38E59AFB466F9A_2441/INPUTFILES/data_1357113321.root 
/tmp/maxwoo/21EF1A6A9139C9FD2A38E59AFB466F9A_2441/INPUTFILES/data_1357118981.root 
/tmp/maxwoo/21EF1A6A9139C9FD2A38E59AFB466F9A_2441/INPUTFILES/data_1357119611.root 
/tmp/maxwoo/21EF1A6A9139C9FD2A38E59AFB466F9A_2441/INPUTFILES/data_1357119681.root 
/tmp/maxwoo/21EF1A6A9139C9FD2A38E59AFB466F9A_2441/INPUTFILES/data_1357119751.root 
/tmp/maxwoo/21EF1A6A9139C9FD2A38E59AFB466F9A_2441/INPUTFILES/data_1357120151.root 
/tmp/maxwoo/21EF1A6A9139C9FD2A38E59AFB466F9A_2441/INPUTFILES/data_1357141711.root 
/tmp/maxwoo/21EF1A6A9139C9FD2A38E59AFB466F9A_2441/INPUTFILES/data_1357141731.root 
/tmp/maxwoo/21EF1A6A9139C9FD2A38E59AFB466F9A_2441/INPUTFILES/data_1357141751.root 
/tmp/maxwoo/21EF1A6A9139C9FD2A38E59AFB466F9A_2441/INPUTFILES/data_1357191941.root 
/tmp/maxwoo/21EF1A6A9139C9FD2A38E59AFB466F9A_2441/INPUTFILES/data_1357191961.root 
/tmp/maxwoo/21EF1A6A9139C9FD2A38E59AFB466F9A_2441/INPUTFILES/data_1357192341.root 
/tmp/maxwoo/21EF1A6A9139C9FD2A38E59AFB466F9A_2441/INPUTFILES/data_1357193291.root 
/tmp/maxwoo/21EF1A6A9139C9FD2A38E59AFB466F9A_2441/INPUTFILES/data_1357193321.root 
/tmp/maxwoo/21EF1A6A9139C9FD2A38E59AFB466F9A_2441/INPUTFILES/data_1357193871.root 
/tmp/maxwoo/21EF1A6A9139C9FD2A38E59AFB466F9A_2441/INPUTFILES/data_1357241661.root 
/tmp/maxwoo/21EF1A6A9139C9FD2A38E59AFB466F9A_2441/INPUTFILES/data_1357241671.root 
/tmp/maxwoo/21EF1A6A9139C9FD2A38E59AFB466F9A_2441/INPUTFILES/data_1357241681.root 
/tmp/maxwoo/21EF1A6A9139C9FD2A38E59AFB466F9A_2441/INPUTFILES/data_1357241691.root 
/tmp/maxwoo/21EF1A6A9139C9FD2A38E59AFB466F9A_2441/INPUTFILES/data_1357241701.root 
++++++++++++++++++++find.++++++++++++++++++++++
.
./INPUTFILES
./INPUTFILES/data_1357241691.root
./INPUTFILES/data_1357113321.root
./INPUTFILES/data_1357119611.root
./INPUTFILES/data_1357113121.root
./INPUTFILES/data_1357141751.root
./INPUTFILES/data_1357113181.root
./INPUTFILES/data_1357041761.root
./INPUTFILES/data_1357118981.root
./INPUTFILES/data_1357141731.root
./INPUTFILES/data_1357192341.root
./INPUTFILES/data_1357112601.root
./INPUTFILES/data_1357241681.root
./INPUTFILES/data_1357241671.root
./INPUTFILES/data_1357113311.root
./INPUTFILES/data_1357193321.root
./INPUTFILES/data_1357241701.root
./INPUTFILES/data_1357120151.root
./INPUTFILES/data_1357112611.root
./INPUTFILES/data_1357119751.root
./INPUTFILES/data_1357113291.root
./INPUTFILES/21EF1A6A9139C9FD2A38E59AFB466F9A_2441.local.list
./INPUTFILES/data_1357113161.root
./INPUTFILES/data_1357112771.root
./INPUTFILES/data_1357041781.root
./INPUTFILES/data_1357113271.root
./INPUTFILES/data_1357191961.root
./INPUTFILES/data_1357241661.root
./INPUTFILES/data_1357112591.root
./INPUTFILES/data_1357141711.root
./INPUTFILES/data_1357041771.root
./INPUTFILES/data_1357112971.root
./INPUTFILES/data_1357193291.root
./INPUTFILES/data_1357113001.root
./INPUTFILES/data_1357112571.root
./INPUTFILES/data_1357119681.root
./INPUTFILES/data_1357193871.root
./INPUTFILES/data_1357191941.root
./INPUTFILES/data_1357112581.root
./Check_Sness.C
./lib
./lib/MixedBuffer_cpp.so
./lib/my_particle.cpp
./lib/CenMaker_cpp.so
./lib/NpartNormalizer_cpp.so
./lib/MixedBuffer_cpp_ACLiC_dict_rdict.pcm
./lib/my_event_cpp.d
./lib/CenMaker.cpp
./lib/my_event.cpp
./lib/NpartNormalizer.cpp
./lib/my_particle_cpp.so
./lib/NpartNormalizer_cpp_ACLiC_dict_rdict.pcm
./lib/CenMaker.h
./lib/my_event_cpp.so
./lib/NpartNormalizer_cpp.d
./lib/my_particle.h
./lib/CenMaker_cpp_ACLiC_dict_rdict.pcm
./lib/my_particle_cpp.d
./lib/MixedBuffer.h
./lib/my_event.h
./lib/NpartNormalizer.h
./lib/my_event_cpp_ACLiC_dict_rdict.pcm
./lib/MixedBuffer.cpp
./lib/MixedBuffer_cpp.d
./lib/CenMaker_cpp.d
./lib/my_particle_cpp_ACLiC_dict_rdict.pcm
./.output.log
./check_S.C
./.sandboxFiles
./.errror.log
++++++++++++++++INPUTFILE Var++++++++++++++++++
FILELIST=/tmp/maxwoo/21EF1A6A9139C9FD2A38E59AFB466F9A_2441/INPUTFILES/21EF1A6A9139C9FD2A38E59AFB466F9A_2441.local.list
INPUTFILECOUNT=37
INPUTFILE0=/tmp/maxwoo/21EF1A6A9139C9FD2A38E59AFB466F9A_2441/INPUTFILES/data_1357041761.root
INPUTFILE1=/tmp/maxwoo/21EF1A6A9139C9FD2A38E59AFB466F9A_2441/INPUTFILES/data_1357041771.root
INPUTFILE2=/tmp/maxwoo/21EF1A6A9139C9FD2A38E59AFB466F9A_2441/INPUTFILES/data_1357041781.root
INPUTFILE3=/tmp/maxwoo/21EF1A6A9139C9FD2A38E59AFB466F9A_2441/INPUTFILES/data_1357112571.root
INPUTFILE4=/tmp/maxwoo/21EF1A6A9139C9FD2A38E59AFB466F9A_2441/INPUTFILES/data_1357112581.root
INPUTFILE5=/tmp/maxwoo/21EF1A6A9139C9FD2A38E59AFB466F9A_2441/INPUTFILES/data_1357112591.root
INPUTFILE6=/tmp/maxwoo/21EF1A6A9139C9FD2A38E59AFB466F9A_2441/INPUTFILES/data_1357112601.root
INPUTFILE7=/tmp/maxwoo/21EF1A6A9139C9FD2A38E59AFB466F9A_2441/INPUTFILES/data_1357112611.root
INPUTFILE8=/tmp/maxwoo/21EF1A6A9139C9FD2A38E59AFB466F9A_2441/INPUTFILES/data_1357112771.root
INPUTFILE9=/tmp/maxwoo/21EF1A6A9139C9FD2A38E59AFB466F9A_2441/INPUTFILES/data_1357112971.root
INPUTFILE10=/tmp/maxwoo/21EF1A6A9139C9FD2A38E59AFB466F9A_2441/INPUTFILES/data_1357113001.root
INPUTFILE11=/tmp/maxwoo/21EF1A6A9139C9FD2A38E59AFB466F9A_2441/INPUTFILES/data_1357113121.root
INPUTFILE12=/tmp/maxwoo/21EF1A6A9139C9FD2A38E59AFB466F9A_2441/INPUTFILES/data_1357113161.root
INPUTFILE13=/tmp/maxwoo/21EF1A6A9139C9FD2A38E59AFB466F9A_2441/INPUTFILES/data_1357113181.root
INPUTFILE14=/tmp/maxwoo/21EF1A6A9139C9FD2A38E59AFB466F9A_2441/INPUTFILES/data_1357113271.root
INPUTFILE15=/tmp/maxwoo/21EF1A6A9139C9FD2A38E59AFB466F9A_2441/INPUTFILES/data_1357113291.root
INPUTFILE16=/tmp/maxwoo/21EF1A6A9139C9FD2A38E59AFB466F9A_2441/INPUTFILES/data_1357113311.root
INPUTFILE17=/tmp/maxwoo/21EF1A6A9139C9FD2A38E59AFB466F9A_2441/INPUTFILES/data_1357113321.root
INPUTFILE18=/tmp/maxwoo/21EF1A6A9139C9FD2A38E59AFB466F9A_2441/INPUTFILES/data_1357118981.root
INPUTFILE19=/tmp/maxwoo/21EF1A6A9139C9FD2A38E59AFB466F9A_2441/INPUTFILES/data_1357119611.root
INPUTFILE20=/tmp/maxwoo/21EF1A6A9139C9FD2A38E59AFB466F9A_2441/INPUTFILES/data_1357119681.root
INPUTFILE21=/tmp/maxwoo/21EF1A6A9139C9FD2A38E59AFB466F9A_2441/INPUTFILES/data_1357119751.root
INPUTFILE22=/tmp/maxwoo/21EF1A6A9139C9FD2A38E59AFB466F9A_2441/INPUTFILES/data_1357120151.root
INPUTFILE23=/tmp/maxwoo/21EF1A6A9139C9FD2A38E59AFB466F9A_2441/INPUTFILES/data_1357141711.root
INPUTFILE24=/tmp/maxwoo/21EF1A6A9139C9FD2A38E59AFB466F9A_2441/INPUTFILES/data_1357141731.root
INPUTFILE25=/tmp/maxwoo/21EF1A6A9139C9FD2A38E59AFB466F9A_2441/INPUTFILES/data_1357141751.root
INPUTFILE26=/tmp/maxwoo/21EF1A6A9139C9FD2A38E59AFB466F9A_2441/INPUTFILES/data_1357191941.root
INPUTFILE27=/tmp/maxwoo/21EF1A6A9139C9FD2A38E59AFB466F9A_2441/INPUTFILES/data_1357191961.root
INPUTFILE28=/tmp/maxwoo/21EF1A6A9139C9FD2A38E59AFB466F9A_2441/INPUTFILES/data_1357192341.root
INPUTFILE29=/tmp/maxwoo/21EF1A6A9139C9FD2A38E59AFB466F9A_2441/INPUTFILES/data_1357193291.root
INPUTFILE30=/tmp/maxwoo/21EF1A6A9139C9FD2A38E59AFB466F9A_2441/INPUTFILES/data_1357193321.root
INPUTFILE31=/tmp/maxwoo/21EF1A6A9139C9FD2A38E59AFB466F9A_2441/INPUTFILES/data_1357193871.root
INPUTFILE32=/tmp/maxwoo/21EF1A6A9139C9FD2A38E59AFB466F9A_2441/INPUTFILES/data_1357241661.root
INPUTFILE33=/tmp/maxwoo/21EF1A6A9139C9FD2A38E59AFB466F9A_2441/INPUTFILES/data_1357241671.root
INPUTFILE34=/tmp/maxwoo/21EF1A6A9139C9FD2A38E59AFB466F9A_2441/INPUTFILES/data_1357241681.root
INPUTFILE35=/tmp/maxwoo/21EF1A6A9139C9FD2A38E59AFB466F9A_2441/INPUTFILES/data_1357241691.root
INPUTFILE36=/tmp/maxwoo/21EF1A6A9139C9FD2A38E59AFB466F9A_2441/INPUTFILES/data_1357241701.root
LocalInputFileDir=/tmp/maxwoo/21EF1A6A9139C9FD2A38E59AFB466F9A_2441/INPUTFILES
NewFILELIST=/tmp/maxwoo/21EF1A6A9139C9FD2A38E59AFB466F9A_2441/INPUTFILES/21EF1A6A9139C9FD2A38E59AFB466F9A_2441.local.list
+++++++++++++++++++++++++++++++++++++++++++++++
--------------------------------
Simple Unified Meta Scheduler 1.10.50 we are starting in $SCRATCH : /home/tmp/maxwoo/21EF1A6A9139C9FD2A38E59AFB466F9A_2441
--------------------------------
total 16
lrwxrwxrwx 1 maxwoo rhstar   61 Jun  2 10:58 check_S.C -> /gpfs/mnt/gpfs01/star/pwg/xiatong/git/strangeness/./check_S.C
lrwxrwxrwx 1 maxwoo rhstar   65 Jun  2 10:58 Check_Sness.C -> /gpfs/mnt/gpfs01/star/pwg/xiatong/git/strangeness/./Check_Sness.C
drwxr-xr-x 2 maxwoo rhstar 4096 Jun  2 11:00 INPUTFILES
drwxr-xr-x 2 maxwoo rhstar 4096 Jun  2 10:58 lib
  *******************************************
  *                                         *
  *        W E L C O M E  to  R O O T       *
  *                                         *
  *   Version   5.34/38     12 March 2018   *
  *                                         *
  *  You are welcome to visit our Web site  *
  *          http://root.cern.ch            *
  *                                         *
  *******************************************

ROOT 5.34/38 (v5-34-38@v5-34-38, Mar 12 2018, 15:49:39 on linux)

CINT/ROOT C/C++ Interpreter version 5.18.00, July 2, 2010
Type ? for help. Commands must be C++ statements.
Enclose multiple statements between { }.
*** Float Point Exception is OFF ***
 *** Start at Date : Thu Jun  2 11:00:59 2022
QAInfo:You are using STAR_LEVEL : dev, ROOT_LEVEL : 5.34.38 and node : spool0118.sdcc.bnl.gov 

Processing check_S.C++("/tmp/maxwoo/21EF1A6A9139C9FD2A38E59AFB466F9A_2441/INPUTFILES/21EF1A6A9139C9FD2A38E59AFB466F9A_2441.local.list","21EF1A6A9139C9FD2A38E59AFB466F9A_2441",1)...
/tmp/maxwoo/21EF1A6A9139C9FD2A38E59AFB466F9A_2441/INPUTFILES/data_1357041761.root 
/tmp/maxwoo/21EF1A6A9139C9FD2A38E59AFB466F9A_2441/INPUTFILES/data_1357041771.root 
/tmp/maxwoo/21EF1A6A9139C9FD2A38E59AFB466F9A_2441/INPUTFILES/data_1357041781.root 
/tmp/maxwoo/21EF1A6A9139C9FD2A38E59AFB466F9A_2441/INPUTFILES/data_1357112571.root 
/tmp/maxwoo/21EF1A6A9139C9FD2A38E59AFB466F9A_2441/INPUTFILES/data_1357112581.root 
/tmp/maxwoo/21EF1A6A9139C9FD2A38E59AFB466F9A_2441/INPUTFILES/data_1357112591.root 
/tmp/maxwoo/21EF1A6A9139C9FD2A38E59AFB466F9A_2441/INPUTFILES/data_1357112601.root 
/tmp/maxwoo/21EF1A6A9139C9FD2A38E59AFB466F9A_2441/INPUTFILES/data_1357112611.root 
/tmp/maxwoo/21EF1A6A9139C9FD2A38E59AFB466F9A_2441/INPUTFILES/data_1357112771.root 
/tmp/maxwoo/21EF1A6A9139C9FD2A38E59AFB466F9A_2441/INPUTFILES/data_1357112971.root 
/tmp/maxwoo/21EF1A6A9139C9FD2A38E59AFB466F9A_2441/INPUTFILES/data_1357113001.root 
/tmp/maxwoo/21EF1A6A9139C9FD2A38E59AFB466F9A_2441/INPUTFILES/data_1357113121.root 
/tmp/maxwoo/21EF1A6A9139C9FD2A38E59AFB466F9A_2441/INPUTFILES/data_1357113161.root 
/tmp/maxwoo/21EF1A6A9139C9FD2A38E59AFB466F9A_2441/INPUTFILES/data_1357113181.root 
/tmp/maxwoo/21EF1A6A9139C9FD2A38E59AFB466F9A_2441/INPUTFILES/data_1357113271.root 
/tmp/maxwoo/21EF1A6A9139C9FD2A38E59AFB466F9A_2441/INPUTFILES/data_1357113291.root 
/tmp/maxwoo/21EF1A6A9139C9FD2A38E59AFB466F9A_2441/INPUTFILES/data_1357113311.root 
/tmp/maxwoo/21EF1A6A9139C9FD2A38E59AFB466F9A_2441/INPUTFILES/data_1357113321.root 
/tmp/maxwoo/21EF1A6A9139C9FD2A38E59AFB466F9A_2441/INPUTFILES/data_1357118981.root 
/tmp/maxwoo/21EF1A6A9139C9FD2A38E59AFB466F9A_2441/INPUTFILES/data_1357119611.root 
/tmp/maxwoo/21EF1A6A9139C9FD2A38E59AFB466F9A_2441/INPUTFILES/data_1357119681.root 
/tmp/maxwoo/21EF1A6A9139C9FD2A38E59AFB466F9A_2441/INPUTFILES/data_1357119751.root 
/tmp/maxwoo/21EF1A6A9139C9FD2A38E59AFB466F9A_2441/INPUTFILES/data_1357120151.root 
/tmp/maxwoo/21EF1A6A9139C9FD2A38E59AFB466F9A_2441/INPUTFILES/data_1357141711.root 
/tmp/maxwoo/21EF1A6A9139C9FD2A38E59AFB466F9A_2441/INPUTFILES/data_1357141731.root 
/tmp/maxwoo/21EF1A6A9139C9FD2A38E59AFB466F9A_2441/INPUTFILES/data_1357141751.root 
/tmp/maxwoo/21EF1A6A9139C9FD2A38E59AFB466F9A_2441/INPUTFILES/data_1357191941.root 
/tmp/maxwoo/21EF1A6A9139C9FD2A38E59AFB466F9A_2441/INPUTFILES/data_1357191961.root 
/tmp/maxwoo/21EF1A6A9139C9FD2A38E59AFB466F9A_2441/INPUTFILES/data_1357192341.root 
/tmp/maxwoo/21EF1A6A9139C9FD2A38E59AFB466F9A_2441/INPUTFILES/data_1357193291.root 
/tmp/maxwoo/21EF1A6A9139C9FD2A38E59AFB466F9A_2441/INPUTFILES/data_1357193321.root 
/tmp/maxwoo/21EF1A6A9139C9FD2A38E59AFB466F9A_2441/INPUTFILES/data_1357193871.root 
/tmp/maxwoo/21EF1A6A9139C9FD2A38E59AFB466F9A_2441/INPUTFILES/data_1357241661.root 
/tmp/maxwoo/21EF1A6A9139C9FD2A38E59AFB466F9A_2441/INPUTFILES/data_1357241671.root 
/tmp/maxwoo/21EF1A6A9139C9FD2A38E59AFB466F9A_2441/INPUTFILES/data_1357241681.root 
/tmp/maxwoo/21EF1A6A9139C9FD2A38E59AFB466F9A_2441/INPUTFILES/data_1357241691.root 
/tmp/maxwoo/21EF1A6A9139C9FD2A38E59AFB466F9A_2441/INPUTFILES/data_1357241701.root 
Added 37 files
# entries in chain: 36441
Processing entry == 1000 == out of 36441.
Processing entry == 2000 == out of 36441.
Processing entry == 3000 == out of 36441.
Processing entry == 4000 == out of 36441.
Processing entry == 5000 == out of 36441.
Processing entry == 6000 == out of 36441.
Processing entry == 7000 == out of 36441.
Processing entry == 8000 == out of 36441.
Processing entry == 9000 == out of 36441.
Processing entry == 10000 == out of 36441.
Processing entry == 11000 == out of 36441.
Processing entry == 12000 == out of 36441.
Processing entry == 13000 == out of 36441.
Processing entry == 14000 == out of 36441.
Processing entry == 15000 == out of 36441.
Processing entry == 16000 == out of 36441.
Processing entry == 17000 == out of 36441.
Processing entry == 18000 == out of 36441.
Processing entry == 19000 == out of 36441.
Processing entry == 20000 == out of 36441.
Processing entry == 21000 == out of 36441.
Processing entry == 22000 == out of 36441.
Processing entry == 23000 == out of 36441.
Processing entry == 24000 == out of 36441.
Processing entry == 25000 == out of 36441.
Processing entry == 26000 == out of 36441.
Processing entry == 27000 == out of 36441.
Processing entry == 28000 == out of 36441.
Processing entry == 29000 == out of 36441.
Processing entry == 30000 == out of 36441.
Processing entry == 31000 == out of 36441.
Processing entry == 32000 == out of 36441.
Processing entry == 33000 == out of 36441.
Processing entry == 34000 == out of 36441.
Processing entry == 35000 == out of 36441.
Processing entry == 36000 == out of 36441.

This is the end of ROOT -- Goodbye

Cleaning up sandbox file:  /tmp/maxwoo/21EF1A6A9139C9FD2A38E59AFB466F9A_2441/check_S.C
Cleaning up sandbox file:  /tmp/maxwoo/21EF1A6A9139C9FD2A38E59AFB466F9A_2441/Check_Sness.C
Cleaning up sandbox file:  /tmp/maxwoo/21EF1A6A9139C9FD2A38E59AFB466F9A_2441/lib
Cleaning up sandbox file:  /tmp/maxwoo/21EF1A6A9139C9FD2A38E59AFB466F9A_2441/.sandboxFiles
Starting copy block
Running copy command:  /bin/cp -fp /tmp/maxwoo/21EF1A6A9139C9FD2A38E59AFB466F9A_2441/out_21EF1A6A9139C9FD2A38E59AFB466F9A_2441.root /star/data01/pwg/xiatong/git/strangeness/data/
263177 Execution of (/star/data01/pwg/xiatong/git/strangeness/script/sched21EF1A6A9139C9FD2A38E59AFB466F9A_2441.csh ) has ended, exiting normally
263177 We END on [Thu Jun  2 11:21:48 EDT 2022]
