We are starting on node: rcas6348.rcf.bnl.gov
HOME is not defined
Using getent method
HOME is now /star/u/maxwoo
23319 We will spawn ourselves (/star/data01/pwg/xiatong/git/strangeness/script/sched21EF1A6A9139C9FD2A38E59AFB466F9A_557.csh )
23319 We BEGIN on [Thu Jun  2 11:28:49 EDT 2022]
[1] 23579
23319 We are waiting for 23579 
23319 Grandchild PID is 24529 - found in 10 x 1 seconds
23319 Establishing first watcher   on    Thu Jun  2 11:29:00 EDT 2022
23319 Process tree is 23319 (main) -> 23579 (child) -> 24529 (grandchild)
F S   UID   PID  PPID  C PRI  NI ADDR SZ WCHAN  TTY        TIME CMD
0 D 100667 24529 23579  0 80   0 - 32311 cxiWai ?          0:00 cp /star/data01/pwg/xiatong/AMPT/14GeV/data_232190291.root /tmp/maxwoo/21EF1A6A9139C9FD2A38E59AFB466F9A_557/INPUTFILES/data_232190291.root
23319 Grandchild PID is 25702 - found in 20 x 2 seconds
23319 Grandchild to watch has changed on Thu Jun  2 11:29:21 EDT 2022
23319 Process tree is 23319 (main) -> 23579 (child) -> 25702 (grandchild)
F S   UID   PID  PPID  C PRI  NI ADDR SZ WCHAN  TTY        TIME CMD
0 D 100667 25702 23579  0 80   0 - 32311 cxiWai ?          0:00 cp /star/data01/pwg/xiatong/AMPT/14GeV/data_232190941.root /tmp/maxwoo/21EF1A6A9139C9FD2A38E59AFB466F9A_557/INPUTFILES/data_232190941.root
23319 Grandchild PID is 28607 - found in 40 x 2 seconds
23319 Grandchild to watch has changed on Thu Jun  2 11:30:03 EDT 2022
23319 Process tree is 23319 (main) -> 23579 (child) -> 28607 (grandchild)
F S   UID   PID  PPID  C PRI  NI ADDR SZ WCHAN  TTY        TIME CMD
0 D 100667 28607 23579  0 80   0 - 32311 cxiWai ?          0:00 cp /star/data01/pwg/xiatong/AMPT/14GeV/data_232226421.root /tmp/maxwoo/21EF1A6A9139C9FD2A38E59AFB466F9A_557/INPUTFILES/data_232226421.root
23319 Grandchild PID is 30600 - found in 60 x 2 seconds
23319 Grandchild to watch has changed on Thu Jun  2 11:30:44 EDT 2022
23319 Process tree is 23319 (main) -> 23579 (child) -> 30600 (grandchild)
F S   UID   PID  PPID  C PRI  NI ADDR SZ WCHAN  TTY        TIME CMD
0 D 100667 30600 23579  0 80   0 - 32311 cxiWai ?          0:00 cp /star/data01/pwg/xiatong/AMPT/14GeV/data_232236411.root /tmp/maxwoo/21EF1A6A9139C9FD2A38E59AFB466F9A_557/INPUTFILES/data_232236411.root
23319 Grandchild PID is 31891 - found in 70 x 2 seconds
23319 Grandchild to watch has changed on Thu Jun  2 11:31:05 EDT 2022
23319 Process tree is 23319 (main) -> 23579 (child) -> 31891 (grandchild)
F S   UID   PID  PPID  C PRI  NI ADDR SZ WCHAN  TTY        TIME CMD
0 D 100667 31891 23579  0 80   0 - 32311 cxiWai ?          0:00 cp /star/data01/pwg/xiatong/AMPT/14GeV/data_232246361.root /tmp/maxwoo/21EF1A6A9139C9FD2A38E59AFB466F9A_557/INPUTFILES/data_232246361.root
23319 Grandchild PID is 32851 - found in 80 x 2 seconds
23319 Grandchild to watch has changed on Thu Jun  2 11:31:26 EDT 2022
23319 Process tree is 23319 (main) -> 23579 (child) -> 32851 (grandchild)
F S   UID   PID  PPID  C PRI  NI ADDR SZ WCHAN  TTY        TIME CMD
0 S 100667 32851 23579  0 80   0 -  1272 do_wai ?          0:00 root -b -q check_S.C++("/tmp/maxwoo/21EF1A6A9139C9FD2A38E59AFB466F9A_557/INPUTFILES/21EF1A6A9139C9FD2A38E59AFB466F9A_557.local.list","21EF1A6A9139C9FD2A38E59AFB466F9A_557",1)
23579 Stepping into the main SUMS wrapper program with []
.... building sandbox
Running: cp /star/data01/pwg/xiatong/AMPT/14GeV/data_232187441.root /tmp/maxwoo/21EF1A6A9139C9FD2A38E59AFB466F9A_557/INPUTFILES/data_232187441.root
Running: cp /star/data01/pwg/xiatong/AMPT/14GeV/data_232190101.root /tmp/maxwoo/21EF1A6A9139C9FD2A38E59AFB466F9A_557/INPUTFILES/data_232190101.root
Running: cp /star/data01/pwg/xiatong/AMPT/14GeV/data_232190111.root /tmp/maxwoo/21EF1A6A9139C9FD2A38E59AFB466F9A_557/INPUTFILES/data_232190111.root
Running: cp /star/data01/pwg/xiatong/AMPT/14GeV/data_232190121.root /tmp/maxwoo/21EF1A6A9139C9FD2A38E59AFB466F9A_557/INPUTFILES/data_232190121.root
Running: cp /star/data01/pwg/xiatong/AMPT/14GeV/data_232190131.root /tmp/maxwoo/21EF1A6A9139C9FD2A38E59AFB466F9A_557/INPUTFILES/data_232190131.root
Running: cp /star/data01/pwg/xiatong/AMPT/14GeV/data_232190151.root /tmp/maxwoo/21EF1A6A9139C9FD2A38E59AFB466F9A_557/INPUTFILES/data_232190151.root
Running: cp /star/data01/pwg/xiatong/AMPT/14GeV/data_232190161.root /tmp/maxwoo/21EF1A6A9139C9FD2A38E59AFB466F9A_557/INPUTFILES/data_232190161.root
Running: cp /star/data01/pwg/xiatong/AMPT/14GeV/data_232190171.root /tmp/maxwoo/21EF1A6A9139C9FD2A38E59AFB466F9A_557/INPUTFILES/data_232190171.root
Running: cp /star/data01/pwg/xiatong/AMPT/14GeV/data_232190251.root /tmp/maxwoo/21EF1A6A9139C9FD2A38E59AFB466F9A_557/INPUTFILES/data_232190251.root
Running: cp /star/data01/pwg/xiatong/AMPT/14GeV/data_232190281.root /tmp/maxwoo/21EF1A6A9139C9FD2A38E59AFB466F9A_557/INPUTFILES/data_232190281.root
Running: cp /star/data01/pwg/xiatong/AMPT/14GeV/data_232190291.root /tmp/maxwoo/21EF1A6A9139C9FD2A38E59AFB466F9A_557/INPUTFILES/data_232190291.root
Running: cp /star/data01/pwg/xiatong/AMPT/14GeV/data_232190311.root /tmp/maxwoo/21EF1A6A9139C9FD2A38E59AFB466F9A_557/INPUTFILES/data_232190311.root
Running: cp /star/data01/pwg/xiatong/AMPT/14GeV/data_232190451.root /tmp/maxwoo/21EF1A6A9139C9FD2A38E59AFB466F9A_557/INPUTFILES/data_232190451.root
Running: cp /star/data01/pwg/xiatong/AMPT/14GeV/data_232190691.root /tmp/maxwoo/21EF1A6A9139C9FD2A38E59AFB466F9A_557/INPUTFILES/data_232190691.root
Running: cp /star/data01/pwg/xiatong/AMPT/14GeV/data_232190701.root /tmp/maxwoo/21EF1A6A9139C9FD2A38E59AFB466F9A_557/INPUTFILES/data_232190701.root
Running: cp /star/data01/pwg/xiatong/AMPT/14GeV/data_232190831.root /tmp/maxwoo/21EF1A6A9139C9FD2A38E59AFB466F9A_557/INPUTFILES/data_232190831.root
Running: cp /star/data01/pwg/xiatong/AMPT/14GeV/data_232190941.root /tmp/maxwoo/21EF1A6A9139C9FD2A38E59AFB466F9A_557/INPUTFILES/data_232190941.root
Running: cp /star/data01/pwg/xiatong/AMPT/14GeV/data_232191401.root /tmp/maxwoo/21EF1A6A9139C9FD2A38E59AFB466F9A_557/INPUTFILES/data_232191401.root
Running: cp /star/data01/pwg/xiatong/AMPT/14GeV/data_232191501.root /tmp/maxwoo/21EF1A6A9139C9FD2A38E59AFB466F9A_557/INPUTFILES/data_232191501.root
Running: cp /star/data01/pwg/xiatong/AMPT/14GeV/data_232196491.root /tmp/maxwoo/21EF1A6A9139C9FD2A38E59AFB466F9A_557/INPUTFILES/data_232196491.root
Running: cp /star/data01/pwg/xiatong/AMPT/14GeV/data_232206471.root /tmp/maxwoo/21EF1A6A9139C9FD2A38E59AFB466F9A_557/INPUTFILES/data_232206471.root
Running: cp /star/data01/pwg/xiatong/AMPT/14GeV/data_232226401.root /tmp/maxwoo/21EF1A6A9139C9FD2A38E59AFB466F9A_557/INPUTFILES/data_232226401.root
Running: cp /star/data01/pwg/xiatong/AMPT/14GeV/data_232226421.root /tmp/maxwoo/21EF1A6A9139C9FD2A38E59AFB466F9A_557/INPUTFILES/data_232226421.root
Running: cp /star/data01/pwg/xiatong/AMPT/14GeV/data_232226441.root /tmp/maxwoo/21EF1A6A9139C9FD2A38E59AFB466F9A_557/INPUTFILES/data_232226441.root
Running: cp /star/data01/pwg/xiatong/AMPT/14GeV/data_232226451.root /tmp/maxwoo/21EF1A6A9139C9FD2A38E59AFB466F9A_557/INPUTFILES/data_232226451.root
Running: cp /star/data01/pwg/xiatong/AMPT/14GeV/data_232226461.root /tmp/maxwoo/21EF1A6A9139C9FD2A38E59AFB466F9A_557/INPUTFILES/data_232226461.root
Running: cp /star/data01/pwg/xiatong/AMPT/14GeV/data_232236381.root /tmp/maxwoo/21EF1A6A9139C9FD2A38E59AFB466F9A_557/INPUTFILES/data_232236381.root
Running: cp /star/data01/pwg/xiatong/AMPT/14GeV/data_232236391.root /tmp/maxwoo/21EF1A6A9139C9FD2A38E59AFB466F9A_557/INPUTFILES/data_232236391.root
Running: cp /star/data01/pwg/xiatong/AMPT/14GeV/data_232236411.root /tmp/maxwoo/21EF1A6A9139C9FD2A38E59AFB466F9A_557/INPUTFILES/data_232236411.root
Running: cp /star/data01/pwg/xiatong/AMPT/14GeV/data_232237221.root /tmp/maxwoo/21EF1A6A9139C9FD2A38E59AFB466F9A_557/INPUTFILES/data_232237221.root
Running: cp /star/data01/pwg/xiatong/AMPT/14GeV/data_232246331.root /tmp/maxwoo/21EF1A6A9139C9FD2A38E59AFB466F9A_557/INPUTFILES/data_232246331.root
Running: cp /star/data01/pwg/xiatong/AMPT/14GeV/data_232246341.root /tmp/maxwoo/21EF1A6A9139C9FD2A38E59AFB466F9A_557/INPUTFILES/data_232246341.root
Running: cp /star/data01/pwg/xiatong/AMPT/14GeV/data_232246361.root /tmp/maxwoo/21EF1A6A9139C9FD2A38E59AFB466F9A_557/INPUTFILES/data_232246361.root
Running: cp /star/data01/pwg/xiatong/AMPT/14GeV/data_232246371.root /tmp/maxwoo/21EF1A6A9139C9FD2A38E59AFB466F9A_557/INPUTFILES/data_232246371.root
Running: cp /star/data01/pwg/xiatong/AMPT/14GeV/data_232247941.root /tmp/maxwoo/21EF1A6A9139C9FD2A38E59AFB466F9A_557/INPUTFILES/data_232247941.root
Running: cp /star/data01/pwg/xiatong/AMPT/14GeV/data_232256291.root /tmp/maxwoo/21EF1A6A9139C9FD2A38E59AFB466F9A_557/INPUTFILES/data_232256291.root
Running: cp /star/data01/pwg/xiatong/AMPT/14GeV/data_232256311.root /tmp/maxwoo/21EF1A6A9139C9FD2A38E59AFB466F9A_557/INPUTFILES/data_232256311.root
Swapping $FILELIST with: /tmp/maxwoo/21EF1A6A9139C9FD2A38E59AFB466F9A_557/INPUTFILES/21EF1A6A9139C9FD2A38E59AFB466F9A_557.local.list
+++++++++++local copy debug++++++++++++++++++++
newFileList: /tmp/maxwoo/21EF1A6A9139C9FD2A38E59AFB466F9A_557/INPUTFILES/21EF1A6A9139C9FD2A38E59AFB466F9A_557.local.list
++++++++++++++++cat FILELIST+++++++++++++++++++
/tmp/maxwoo/21EF1A6A9139C9FD2A38E59AFB466F9A_557/INPUTFILES/data_232187441.root 
/tmp/maxwoo/21EF1A6A9139C9FD2A38E59AFB466F9A_557/INPUTFILES/data_232190101.root 
/tmp/maxwoo/21EF1A6A9139C9FD2A38E59AFB466F9A_557/INPUTFILES/data_232190111.root 
/tmp/maxwoo/21EF1A6A9139C9FD2A38E59AFB466F9A_557/INPUTFILES/data_232190121.root 
/tmp/maxwoo/21EF1A6A9139C9FD2A38E59AFB466F9A_557/INPUTFILES/data_232190131.root 
/tmp/maxwoo/21EF1A6A9139C9FD2A38E59AFB466F9A_557/INPUTFILES/data_232190151.root 
/tmp/maxwoo/21EF1A6A9139C9FD2A38E59AFB466F9A_557/INPUTFILES/data_232190161.root 
/tmp/maxwoo/21EF1A6A9139C9FD2A38E59AFB466F9A_557/INPUTFILES/data_232190171.root 
/tmp/maxwoo/21EF1A6A9139C9FD2A38E59AFB466F9A_557/INPUTFILES/data_232190251.root 
/tmp/maxwoo/21EF1A6A9139C9FD2A38E59AFB466F9A_557/INPUTFILES/data_232190281.root 
/tmp/maxwoo/21EF1A6A9139C9FD2A38E59AFB466F9A_557/INPUTFILES/data_232190291.root 
/tmp/maxwoo/21EF1A6A9139C9FD2A38E59AFB466F9A_557/INPUTFILES/data_232190311.root 
/tmp/maxwoo/21EF1A6A9139C9FD2A38E59AFB466F9A_557/INPUTFILES/data_232190451.root 
/tmp/maxwoo/21EF1A6A9139C9FD2A38E59AFB466F9A_557/INPUTFILES/data_232190691.root 
/tmp/maxwoo/21EF1A6A9139C9FD2A38E59AFB466F9A_557/INPUTFILES/data_232190701.root 
/tmp/maxwoo/21EF1A6A9139C9FD2A38E59AFB466F9A_557/INPUTFILES/data_232190831.root 
/tmp/maxwoo/21EF1A6A9139C9FD2A38E59AFB466F9A_557/INPUTFILES/data_232190941.root 
/tmp/maxwoo/21EF1A6A9139C9FD2A38E59AFB466F9A_557/INPUTFILES/data_232191401.root 
/tmp/maxwoo/21EF1A6A9139C9FD2A38E59AFB466F9A_557/INPUTFILES/data_232191501.root 
/tmp/maxwoo/21EF1A6A9139C9FD2A38E59AFB466F9A_557/INPUTFILES/data_232196491.root 
/tmp/maxwoo/21EF1A6A9139C9FD2A38E59AFB466F9A_557/INPUTFILES/data_232206471.root 
/tmp/maxwoo/21EF1A6A9139C9FD2A38E59AFB466F9A_557/INPUTFILES/data_232226401.root 
/tmp/maxwoo/21EF1A6A9139C9FD2A38E59AFB466F9A_557/INPUTFILES/data_232226421.root 
/tmp/maxwoo/21EF1A6A9139C9FD2A38E59AFB466F9A_557/INPUTFILES/data_232226441.root 
/tmp/maxwoo/21EF1A6A9139C9FD2A38E59AFB466F9A_557/INPUTFILES/data_232226451.root 
/tmp/maxwoo/21EF1A6A9139C9FD2A38E59AFB466F9A_557/INPUTFILES/data_232226461.root 
/tmp/maxwoo/21EF1A6A9139C9FD2A38E59AFB466F9A_557/INPUTFILES/data_232236381.root 
/tmp/maxwoo/21EF1A6A9139C9FD2A38E59AFB466F9A_557/INPUTFILES/data_232236391.root 
/tmp/maxwoo/21EF1A6A9139C9FD2A38E59AFB466F9A_557/INPUTFILES/data_232236411.root 
/tmp/maxwoo/21EF1A6A9139C9FD2A38E59AFB466F9A_557/INPUTFILES/data_232237221.root 
/tmp/maxwoo/21EF1A6A9139C9FD2A38E59AFB466F9A_557/INPUTFILES/data_232246331.root 
/tmp/maxwoo/21EF1A6A9139C9FD2A38E59AFB466F9A_557/INPUTFILES/data_232246341.root 
/tmp/maxwoo/21EF1A6A9139C9FD2A38E59AFB466F9A_557/INPUTFILES/data_232246361.root 
/tmp/maxwoo/21EF1A6A9139C9FD2A38E59AFB466F9A_557/INPUTFILES/data_232246371.root 
/tmp/maxwoo/21EF1A6A9139C9FD2A38E59AFB466F9A_557/INPUTFILES/data_232247941.root 
/tmp/maxwoo/21EF1A6A9139C9FD2A38E59AFB466F9A_557/INPUTFILES/data_232256291.root 
/tmp/maxwoo/21EF1A6A9139C9FD2A38E59AFB466F9A_557/INPUTFILES/data_232256311.root 
++++++++++++++++++++find.++++++++++++++++++++++
.
./.errror.log
./.sandboxFiles
./INPUTFILES
./INPUTFILES/data_232190941.root
./INPUTFILES/data_232196491.root
./INPUTFILES/data_232226441.root
./INPUTFILES/data_232190451.root
./INPUTFILES/data_232226461.root
./INPUTFILES/data_232190121.root
./INPUTFILES/data_232247941.root
./INPUTFILES/data_232246331.root
./INPUTFILES/data_232190161.root
./INPUTFILES/data_232190281.root
./INPUTFILES/data_232191401.root
./INPUTFILES/data_232190171.root
./INPUTFILES/data_232236411.root
./INPUTFILES/data_232190101.root
./INPUTFILES/data_232190111.root
./INPUTFILES/data_232190691.root
./INPUTFILES/data_232190131.root
./INPUTFILES/data_232246361.root
./INPUTFILES/data_232190291.root
./INPUTFILES/data_232187441.root
./INPUTFILES/data_232190701.root
./INPUTFILES/data_232237221.root
./INPUTFILES/data_232190831.root
./INPUTFILES/data_232246341.root
./INPUTFILES/data_232226451.root
./INPUTFILES/data_232190311.root
./INPUTFILES/data_232246371.root
./INPUTFILES/data_232256291.root
./INPUTFILES/data_232191501.root
./INPUTFILES/data_232236391.root
./INPUTFILES/data_232226421.root
./INPUTFILES/data_232190151.root
./INPUTFILES/data_232256311.root
./INPUTFILES/data_232226401.root
./INPUTFILES/data_232206471.root
./INPUTFILES/data_232190251.root
./INPUTFILES/21EF1A6A9139C9FD2A38E59AFB466F9A_557.local.list
./INPUTFILES/data_232236381.root
./lib
./lib/my_particle.cpp
./lib/my_particle.h
./lib/CenMaker.h
./lib/CenMaker.cpp
./lib/CenMaker_cpp.d
./lib/CenMaker_cpp.so
./lib/NpartNormalizer.h
./lib/MixedBuffer_cpp_ACLiC_dict_rdict.pcm
./lib/my_event.cpp
./lib/my_particle_cpp.d
./lib/MixedBuffer_cpp.so
./lib/MixedBuffer.cpp
./lib/CenMaker_cpp_ACLiC_dict_rdict.pcm
./lib/NpartNormalizer_cpp.so
./lib/my_particle_cpp.so
./lib/my_event_cpp.d
./lib/NpartNormalizer.cpp
./lib/my_event_cpp_ACLiC_dict_rdict.pcm
./lib/NpartNormalizer_cpp.d
./lib/my_particle_cpp_ACLiC_dict_rdict.pcm
./lib/my_event_cpp.so
./lib/NpartNormalizer_cpp_ACLiC_dict_rdict.pcm
./lib/MixedBuffer.h
./lib/MixedBuffer_cpp.d
./lib/my_event.h
./check_S.C
./Check_Sness.C
./.output.log
++++++++++++++++INPUTFILE Var++++++++++++++++++
FILELIST=/tmp/maxwoo/21EF1A6A9139C9FD2A38E59AFB466F9A_557/INPUTFILES/21EF1A6A9139C9FD2A38E59AFB466F9A_557.local.list
INPUTFILECOUNT=37
INPUTFILE0=/tmp/maxwoo/21EF1A6A9139C9FD2A38E59AFB466F9A_557/INPUTFILES/data_232187441.root
INPUTFILE1=/tmp/maxwoo/21EF1A6A9139C9FD2A38E59AFB466F9A_557/INPUTFILES/data_232190101.root
INPUTFILE2=/tmp/maxwoo/21EF1A6A9139C9FD2A38E59AFB466F9A_557/INPUTFILES/data_232190111.root
INPUTFILE3=/tmp/maxwoo/21EF1A6A9139C9FD2A38E59AFB466F9A_557/INPUTFILES/data_232190121.root
INPUTFILE4=/tmp/maxwoo/21EF1A6A9139C9FD2A38E59AFB466F9A_557/INPUTFILES/data_232190131.root
INPUTFILE5=/tmp/maxwoo/21EF1A6A9139C9FD2A38E59AFB466F9A_557/INPUTFILES/data_232190151.root
INPUTFILE6=/tmp/maxwoo/21EF1A6A9139C9FD2A38E59AFB466F9A_557/INPUTFILES/data_232190161.root
INPUTFILE7=/tmp/maxwoo/21EF1A6A9139C9FD2A38E59AFB466F9A_557/INPUTFILES/data_232190171.root
INPUTFILE8=/tmp/maxwoo/21EF1A6A9139C9FD2A38E59AFB466F9A_557/INPUTFILES/data_232190251.root
INPUTFILE9=/tmp/maxwoo/21EF1A6A9139C9FD2A38E59AFB466F9A_557/INPUTFILES/data_232190281.root
INPUTFILE10=/tmp/maxwoo/21EF1A6A9139C9FD2A38E59AFB466F9A_557/INPUTFILES/data_232190291.root
INPUTFILE11=/tmp/maxwoo/21EF1A6A9139C9FD2A38E59AFB466F9A_557/INPUTFILES/data_232190311.root
INPUTFILE12=/tmp/maxwoo/21EF1A6A9139C9FD2A38E59AFB466F9A_557/INPUTFILES/data_232190451.root
INPUTFILE13=/tmp/maxwoo/21EF1A6A9139C9FD2A38E59AFB466F9A_557/INPUTFILES/data_232190691.root
INPUTFILE14=/tmp/maxwoo/21EF1A6A9139C9FD2A38E59AFB466F9A_557/INPUTFILES/data_232190701.root
INPUTFILE15=/tmp/maxwoo/21EF1A6A9139C9FD2A38E59AFB466F9A_557/INPUTFILES/data_232190831.root
INPUTFILE16=/tmp/maxwoo/21EF1A6A9139C9FD2A38E59AFB466F9A_557/INPUTFILES/data_232190941.root
INPUTFILE17=/tmp/maxwoo/21EF1A6A9139C9FD2A38E59AFB466F9A_557/INPUTFILES/data_232191401.root
INPUTFILE18=/tmp/maxwoo/21EF1A6A9139C9FD2A38E59AFB466F9A_557/INPUTFILES/data_232191501.root
INPUTFILE19=/tmp/maxwoo/21EF1A6A9139C9FD2A38E59AFB466F9A_557/INPUTFILES/data_232196491.root
INPUTFILE20=/tmp/maxwoo/21EF1A6A9139C9FD2A38E59AFB466F9A_557/INPUTFILES/data_232206471.root
INPUTFILE21=/tmp/maxwoo/21EF1A6A9139C9FD2A38E59AFB466F9A_557/INPUTFILES/data_232226401.root
INPUTFILE22=/tmp/maxwoo/21EF1A6A9139C9FD2A38E59AFB466F9A_557/INPUTFILES/data_232226421.root
INPUTFILE23=/tmp/maxwoo/21EF1A6A9139C9FD2A38E59AFB466F9A_557/INPUTFILES/data_232226441.root
INPUTFILE24=/tmp/maxwoo/21EF1A6A9139C9FD2A38E59AFB466F9A_557/INPUTFILES/data_232226451.root
INPUTFILE25=/tmp/maxwoo/21EF1A6A9139C9FD2A38E59AFB466F9A_557/INPUTFILES/data_232226461.root
INPUTFILE26=/tmp/maxwoo/21EF1A6A9139C9FD2A38E59AFB466F9A_557/INPUTFILES/data_232236381.root
INPUTFILE27=/tmp/maxwoo/21EF1A6A9139C9FD2A38E59AFB466F9A_557/INPUTFILES/data_232236391.root
INPUTFILE28=/tmp/maxwoo/21EF1A6A9139C9FD2A38E59AFB466F9A_557/INPUTFILES/data_232236411.root
INPUTFILE29=/tmp/maxwoo/21EF1A6A9139C9FD2A38E59AFB466F9A_557/INPUTFILES/data_232237221.root
INPUTFILE30=/tmp/maxwoo/21EF1A6A9139C9FD2A38E59AFB466F9A_557/INPUTFILES/data_232246331.root
INPUTFILE31=/tmp/maxwoo/21EF1A6A9139C9FD2A38E59AFB466F9A_557/INPUTFILES/data_232246341.root
INPUTFILE32=/tmp/maxwoo/21EF1A6A9139C9FD2A38E59AFB466F9A_557/INPUTFILES/data_232246361.root
INPUTFILE33=/tmp/maxwoo/21EF1A6A9139C9FD2A38E59AFB466F9A_557/INPUTFILES/data_232246371.root
INPUTFILE34=/tmp/maxwoo/21EF1A6A9139C9FD2A38E59AFB466F9A_557/INPUTFILES/data_232247941.root
INPUTFILE35=/tmp/maxwoo/21EF1A6A9139C9FD2A38E59AFB466F9A_557/INPUTFILES/data_232256291.root
INPUTFILE36=/tmp/maxwoo/21EF1A6A9139C9FD2A38E59AFB466F9A_557/INPUTFILES/data_232256311.root
LocalInputFileDir=/tmp/maxwoo/21EF1A6A9139C9FD2A38E59AFB466F9A_557/INPUTFILES
NewFILELIST=/tmp/maxwoo/21EF1A6A9139C9FD2A38E59AFB466F9A_557/INPUTFILES/21EF1A6A9139C9FD2A38E59AFB466F9A_557.local.list
+++++++++++++++++++++++++++++++++++++++++++++++
--------------------------------
Simple Unified Meta Scheduler 1.10.50 we are starting in $SCRATCH : /home/tmp/maxwoo/21EF1A6A9139C9FD2A38E59AFB466F9A_557
--------------------------------
total 16
lrwxrwxrwx 1 maxwoo rhstar   61 Jun  2 11:28 check_S.C -> /gpfs/mnt/gpfs01/star/pwg/xiatong/git/strangeness/./check_S.C
lrwxrwxrwx 1 maxwoo rhstar   65 Jun  2 11:28 Check_Sness.C -> /gpfs/mnt/gpfs01/star/pwg/xiatong/git/strangeness/./Check_Sness.C
drwxr-xr-x 2 maxwoo rhstar 4096 Jun  2 11:31 INPUTFILES
drwxr-xr-x 2 maxwoo rhstar 4096 Jun  2 11:28 lib
  *******************************************
  *                                         *
  *        W E L C O M E  to  R O O T       *
  *                                         *
  *   Version   5.34/38     12 March 2018   *
  *                                         *
  *  You are welcome to visit our Web site  *
  *          http://root.cern.ch            *
  *                                         *
  *******************************************

ROOT 5.34/38 (v5-34-38@v5-34-38, Mar 12 2018, 15:49:39 on linux)

CINT/ROOT C/C++ Interpreter version 5.18.00, July 2, 2010
Type ? for help. Commands must be C++ statements.
Enclose multiple statements between { }.
*** Float Point Exception is OFF ***
 *** Start at Date : Thu Jun  2 11:31:10 2022
QAInfo:You are using STAR_LEVEL : dev, ROOT_LEVEL : 5.34.38 and node : rcas6348.rcf.bnl.gov 

Processing check_S.C++("/tmp/maxwoo/21EF1A6A9139C9FD2A38E59AFB466F9A_557/INPUTFILES/21EF1A6A9139C9FD2A38E59AFB466F9A_557.local.list","21EF1A6A9139C9FD2A38E59AFB466F9A_557",1)...
/tmp/maxwoo/21EF1A6A9139C9FD2A38E59AFB466F9A_557/INPUTFILES/data_232187441.root 
/tmp/maxwoo/21EF1A6A9139C9FD2A38E59AFB466F9A_557/INPUTFILES/data_232190101.root 
/tmp/maxwoo/21EF1A6A9139C9FD2A38E59AFB466F9A_557/INPUTFILES/data_232190111.root 
/tmp/maxwoo/21EF1A6A9139C9FD2A38E59AFB466F9A_557/INPUTFILES/data_232190121.root 
/tmp/maxwoo/21EF1A6A9139C9FD2A38E59AFB466F9A_557/INPUTFILES/data_232190131.root 
/tmp/maxwoo/21EF1A6A9139C9FD2A38E59AFB466F9A_557/INPUTFILES/data_232190151.root 
/tmp/maxwoo/21EF1A6A9139C9FD2A38E59AFB466F9A_557/INPUTFILES/data_232190161.root 
/tmp/maxwoo/21EF1A6A9139C9FD2A38E59AFB466F9A_557/INPUTFILES/data_232190171.root 
/tmp/maxwoo/21EF1A6A9139C9FD2A38E59AFB466F9A_557/INPUTFILES/data_232190251.root 
/tmp/maxwoo/21EF1A6A9139C9FD2A38E59AFB466F9A_557/INPUTFILES/data_232190281.root 
/tmp/maxwoo/21EF1A6A9139C9FD2A38E59AFB466F9A_557/INPUTFILES/data_232190291.root 
/tmp/maxwoo/21EF1A6A9139C9FD2A38E59AFB466F9A_557/INPUTFILES/data_232190311.root 
/tmp/maxwoo/21EF1A6A9139C9FD2A38E59AFB466F9A_557/INPUTFILES/data_232190451.root 
/tmp/maxwoo/21EF1A6A9139C9FD2A38E59AFB466F9A_557/INPUTFILES/data_232190691.root 
/tmp/maxwoo/21EF1A6A9139C9FD2A38E59AFB466F9A_557/INPUTFILES/data_232190701.root 
/tmp/maxwoo/21EF1A6A9139C9FD2A38E59AFB466F9A_557/INPUTFILES/data_232190831.root 
/tmp/maxwoo/21EF1A6A9139C9FD2A38E59AFB466F9A_557/INPUTFILES/data_232190941.root 
/tmp/maxwoo/21EF1A6A9139C9FD2A38E59AFB466F9A_557/INPUTFILES/data_232191401.root 
/tmp/maxwoo/21EF1A6A9139C9FD2A38E59AFB466F9A_557/INPUTFILES/data_232191501.root 
/tmp/maxwoo/21EF1A6A9139C9FD2A38E59AFB466F9A_557/INPUTFILES/data_232196491.root 
/tmp/maxwoo/21EF1A6A9139C9FD2A38E59AFB466F9A_557/INPUTFILES/data_232206471.root 
/tmp/maxwoo/21EF1A6A9139C9FD2A38E59AFB466F9A_557/INPUTFILES/data_232226401.root 
/tmp/maxwoo/21EF1A6A9139C9FD2A38E59AFB466F9A_557/INPUTFILES/data_232226421.root 
/tmp/maxwoo/21EF1A6A9139C9FD2A38E59AFB466F9A_557/INPUTFILES/data_232226441.root 
/tmp/maxwoo/21EF1A6A9139C9FD2A38E59AFB466F9A_557/INPUTFILES/data_232226451.root 
/tmp/maxwoo/21EF1A6A9139C9FD2A38E59AFB466F9A_557/INPUTFILES/data_232226461.root 
/tmp/maxwoo/21EF1A6A9139C9FD2A38E59AFB466F9A_557/INPUTFILES/data_232236381.root 
/tmp/maxwoo/21EF1A6A9139C9FD2A38E59AFB466F9A_557/INPUTFILES/data_232236391.root 
/tmp/maxwoo/21EF1A6A9139C9FD2A38E59AFB466F9A_557/INPUTFILES/data_232236411.root 
/tmp/maxwoo/21EF1A6A9139C9FD2A38E59AFB466F9A_557/INPUTFILES/data_232237221.root 
/tmp/maxwoo/21EF1A6A9139C9FD2A38E59AFB466F9A_557/INPUTFILES/data_232246331.root 
/tmp/maxwoo/21EF1A6A9139C9FD2A38E59AFB466F9A_557/INPUTFILES/data_232246341.root 
/tmp/maxwoo/21EF1A6A9139C9FD2A38E59AFB466F9A_557/INPUTFILES/data_232246361.root 
/tmp/maxwoo/21EF1A6A9139C9FD2A38E59AFB466F9A_557/INPUTFILES/data_232246371.root 
/tmp/maxwoo/21EF1A6A9139C9FD2A38E59AFB466F9A_557/INPUTFILES/data_232247941.root 
/tmp/maxwoo/21EF1A6A9139C9FD2A38E59AFB466F9A_557/INPUTFILES/data_232256291.root 
/tmp/maxwoo/21EF1A6A9139C9FD2A38E59AFB466F9A_557/INPUTFILES/data_232256311.root 
Added 37 files
# entries in chain: 36790
Processing entry == 1000 == out of 36790.
Processing entry == 2000 == out of 36790.
Processing entry == 3000 == out of 36790.
Processing entry == 4000 == out of 36790.
Processing entry == 5000 == out of 36790.
Processing entry == 6000 == out of 36790.
Processing entry == 7000 == out of 36790.
Processing entry == 8000 == out of 36790.
Processing entry == 9000 == out of 36790.
Processing entry == 10000 == out of 36790.
Processing entry == 11000 == out of 36790.
Processing entry == 12000 == out of 36790.
Processing entry == 13000 == out of 36790.
Processing entry == 14000 == out of 36790.
Processing entry == 15000 == out of 36790.
Processing entry == 16000 == out of 36790.
Processing entry == 17000 == out of 36790.
Processing entry == 18000 == out of 36790.
Processing entry == 19000 == out of 36790.
Processing entry == 20000 == out of 36790.
Processing entry == 21000 == out of 36790.
Processing entry == 22000 == out of 36790.
Processing entry == 23000 == out of 36790.
Processing entry == 24000 == out of 36790.
Processing entry == 25000 == out of 36790.
Processing entry == 26000 == out of 36790.
Processing entry == 27000 == out of 36790.
Processing entry == 28000 == out of 36790.
Processing entry == 29000 == out of 36790.
Processing entry == 30000 == out of 36790.
Processing entry == 31000 == out of 36790.
Processing entry == 32000 == out of 36790.
Processing entry == 33000 == out of 36790.
Processing entry == 34000 == out of 36790.
Processing entry == 35000 == out of 36790.
Processing entry == 36000 == out of 36790.

This is the end of ROOT -- Goodbye

Cleaning up sandbox file:  /tmp/maxwoo/21EF1A6A9139C9FD2A38E59AFB466F9A_557/check_S.C
Cleaning up sandbox file:  /tmp/maxwoo/21EF1A6A9139C9FD2A38E59AFB466F9A_557/Check_Sness.C
Cleaning up sandbox file:  /tmp/maxwoo/21EF1A6A9139C9FD2A38E59AFB466F9A_557/lib
Cleaning up sandbox file:  /tmp/maxwoo/21EF1A6A9139C9FD2A38E59AFB466F9A_557/.sandboxFiles
Starting copy block
Running copy command:  /bin/cp -fp /tmp/maxwoo/21EF1A6A9139C9FD2A38E59AFB466F9A_557/out_21EF1A6A9139C9FD2A38E59AFB466F9A_557.root /star/data01/pwg/xiatong/git/strangeness/data/
23319 Execution of (/star/data01/pwg/xiatong/git/strangeness/script/sched21EF1A6A9139C9FD2A38E59AFB466F9A_557.csh ) has ended, exiting normally
23319 We END on [Thu Jun  2 11:51:17 EDT 2022]
