We are starting on node: spool0117.sdcc.bnl.gov
HOME is not defined
Using getent method
HOME is now /star/u/maxwoo
167998 We will spawn ourselves (/star/data01/pwg/xiatong/git/strangeness/script/sched21EF1A6A9139C9FD2A38E59AFB466F9A_2485.csh )
167998 We BEGIN on [Thu Jun  2 10:58:32 EDT 2022]
[1] 168387
167998 We are waiting for 168387 
167998 Grandchild PID is 171473 - found in 10 x 1 seconds
167998 Establishing first watcher   on    Thu Jun  2 10:58:43 EDT 2022
167998 Process tree is 167998 (main) -> 168387 (child) -> 171473 (grandchild)
F S   UID    PID   PPID  C PRI  NI ADDR SZ WCHAN  TTY        TIME CMD
0 D 100667 171473 168387  0 80   0 - 32311 cxiWai ?          0:00 cp /star/data01/pwg/xiatong/AMPT/14GeV/data_1385131371.root /tmp/maxwoo/21EF1A6A9139C9FD2A38E59AFB466F9A_2485/INPUTFILES/data_1385131371.root
167998 Grandchild PID is 174754 - found in 20 x 2 seconds
167998 Grandchild to watch has changed on Thu Jun  2 10:59:04 EDT 2022
167998 Process tree is 167998 (main) -> 168387 (child) -> 174754 (grandchild)
F S   UID    PID   PPID  C PRI  NI ADDR SZ WCHAN  TTY        TIME CMD
0 D 100667 174754 168387  0 80   0 - 32311 cxiWai ?          0:00 cp /star/data01/pwg/xiatong/AMPT/14GeV/data_1385231341.root /tmp/maxwoo/21EF1A6A9139C9FD2A38E59AFB466F9A_2485/INPUTFILES/data_1385231341.root
167998 Grandchild PID is 177339 - found in 30 x 2 seconds
167998 Grandchild to watch has changed on Thu Jun  2 10:59:25 EDT 2022
167998 Process tree is 167998 (main) -> 168387 (child) -> 177339 (grandchild)
F S   UID    PID   PPID  C PRI  NI ADDR SZ WCHAN  TTY        TIME CMD
0 D 100667 177339 168387  0 80   0 - 32311 cxiWai ?          0:00 cp /star/data01/pwg/xiatong/AMPT/14GeV/data_1385331321.root /tmp/maxwoo/21EF1A6A9139C9FD2A38E59AFB466F9A_2485/INPUTFILES/data_1385331321.root
167998 Grandchild PID is 180478 - found in 40 x 2 seconds
167998 Grandchild to watch has changed on Thu Jun  2 10:59:46 EDT 2022
167998 Process tree is 167998 (main) -> 168387 (child) -> 180478 (grandchild)
F S   UID    PID   PPID  C PRI  NI ADDR SZ WCHAN  TTY        TIME CMD
0 D 100667 180478 168387  0 80   0 - 32311 cxiWai ?          0:00 cp /star/data01/pwg/xiatong/AMPT/14GeV/data_1385631191.root /tmp/maxwoo/21EF1A6A9139C9FD2A38E59AFB466F9A_2485/INPUTFILES/data_1385631191.root
167998 Grandchild PID is 182010 - found in 50 x 2 seconds
167998 Grandchild to watch has changed on Thu Jun  2 11:00:07 EDT 2022
167998 Process tree is 167998 (main) -> 168387 (child) -> 182010 (grandchild)
F S   UID    PID   PPID  C PRI  NI ADDR SZ WCHAN  TTY        TIME CMD
0 S 100667 182010 168387  0 80   0 -  1272 do_wai ?          0:00 root -b -q check_S.C++("/tmp/maxwoo/21EF1A6A9139C9FD2A38E59AFB466F9A_2485/INPUTFILES/21EF1A6A9139C9FD2A38E59AFB466F9A_2485.local.list","21EF1A6A9139C9FD2A38E59AFB466F9A_2485",1)
168387 Stepping into the main SUMS wrapper program with []
.... building sandbox
Running: cp /star/data01/pwg/xiatong/AMPT/14GeV/data_1385111631.root /tmp/maxwoo/21EF1A6A9139C9FD2A38E59AFB466F9A_2485/INPUTFILES/data_1385111631.root
Running: cp /star/data01/pwg/xiatong/AMPT/14GeV/data_1385111751.root /tmp/maxwoo/21EF1A6A9139C9FD2A38E59AFB466F9A_2485/INPUTFILES/data_1385111751.root
Running: cp /star/data01/pwg/xiatong/AMPT/14GeV/data_1385111951.root /tmp/maxwoo/21EF1A6A9139C9FD2A38E59AFB466F9A_2485/INPUTFILES/data_1385111951.root
Running: cp /star/data01/pwg/xiatong/AMPT/14GeV/data_1385112011.root /tmp/maxwoo/21EF1A6A9139C9FD2A38E59AFB466F9A_2485/INPUTFILES/data_1385112011.root
Running: cp /star/data01/pwg/xiatong/AMPT/14GeV/data_1385112041.root /tmp/maxwoo/21EF1A6A9139C9FD2A38E59AFB466F9A_2485/INPUTFILES/data_1385112041.root
Running: cp /star/data01/pwg/xiatong/AMPT/14GeV/data_1385117341.root /tmp/maxwoo/21EF1A6A9139C9FD2A38E59AFB466F9A_2485/INPUTFILES/data_1385117341.root
Running: cp /star/data01/pwg/xiatong/AMPT/14GeV/data_1385117401.root /tmp/maxwoo/21EF1A6A9139C9FD2A38E59AFB466F9A_2485/INPUTFILES/data_1385117401.root
Running: cp /star/data01/pwg/xiatong/AMPT/14GeV/data_1385117601.root /tmp/maxwoo/21EF1A6A9139C9FD2A38E59AFB466F9A_2485/INPUTFILES/data_1385117601.root
Running: cp /star/data01/pwg/xiatong/AMPT/14GeV/data_1385117871.root /tmp/maxwoo/21EF1A6A9139C9FD2A38E59AFB466F9A_2485/INPUTFILES/data_1385117871.root
Running: cp /star/data01/pwg/xiatong/AMPT/14GeV/data_1385125331.root /tmp/maxwoo/21EF1A6A9139C9FD2A38E59AFB466F9A_2485/INPUTFILES/data_1385125331.root
Running: cp /star/data01/pwg/xiatong/AMPT/14GeV/data_1385131351.root /tmp/maxwoo/21EF1A6A9139C9FD2A38E59AFB466F9A_2485/INPUTFILES/data_1385131351.root
Running: cp /star/data01/pwg/xiatong/AMPT/14GeV/data_1385131361.root /tmp/maxwoo/21EF1A6A9139C9FD2A38E59AFB466F9A_2485/INPUTFILES/data_1385131361.root
Running: cp /star/data01/pwg/xiatong/AMPT/14GeV/data_1385131371.root /tmp/maxwoo/21EF1A6A9139C9FD2A38E59AFB466F9A_2485/INPUTFILES/data_1385131371.root
Running: cp /star/data01/pwg/xiatong/AMPT/14GeV/data_1385131391.root /tmp/maxwoo/21EF1A6A9139C9FD2A38E59AFB466F9A_2485/INPUTFILES/data_1385131391.root
Running: cp /star/data01/pwg/xiatong/AMPT/14GeV/data_1385193841.root /tmp/maxwoo/21EF1A6A9139C9FD2A38E59AFB466F9A_2485/INPUTFILES/data_1385193841.root
Running: cp /star/data01/pwg/xiatong/AMPT/14GeV/data_1385194201.root /tmp/maxwoo/21EF1A6A9139C9FD2A38E59AFB466F9A_2485/INPUTFILES/data_1385194201.root
Running: cp /star/data01/pwg/xiatong/AMPT/14GeV/data_1385194361.root /tmp/maxwoo/21EF1A6A9139C9FD2A38E59AFB466F9A_2485/INPUTFILES/data_1385194361.root
Running: cp /star/data01/pwg/xiatong/AMPT/14GeV/data_1385231341.root /tmp/maxwoo/21EF1A6A9139C9FD2A38E59AFB466F9A_2485/INPUTFILES/data_1385231341.root
Running: cp /star/data01/pwg/xiatong/AMPT/14GeV/data_1385331271.root /tmp/maxwoo/21EF1A6A9139C9FD2A38E59AFB466F9A_2485/INPUTFILES/data_1385331271.root
Running: cp /star/data01/pwg/xiatong/AMPT/14GeV/data_1385331281.root /tmp/maxwoo/21EF1A6A9139C9FD2A38E59AFB466F9A_2485/INPUTFILES/data_1385331281.root
Running: cp /star/data01/pwg/xiatong/AMPT/14GeV/data_1385331291.root /tmp/maxwoo/21EF1A6A9139C9FD2A38E59AFB466F9A_2485/INPUTFILES/data_1385331291.root
Running: cp /star/data01/pwg/xiatong/AMPT/14GeV/data_1385331301.root /tmp/maxwoo/21EF1A6A9139C9FD2A38E59AFB466F9A_2485/INPUTFILES/data_1385331301.root
Running: cp /star/data01/pwg/xiatong/AMPT/14GeV/data_1385331311.root /tmp/maxwoo/21EF1A6A9139C9FD2A38E59AFB466F9A_2485/INPUTFILES/data_1385331311.root
Running: cp /star/data01/pwg/xiatong/AMPT/14GeV/data_1385331321.root /tmp/maxwoo/21EF1A6A9139C9FD2A38E59AFB466F9A_2485/INPUTFILES/data_1385331321.root
Running: cp /star/data01/pwg/xiatong/AMPT/14GeV/data_1385331331.root /tmp/maxwoo/21EF1A6A9139C9FD2A38E59AFB466F9A_2485/INPUTFILES/data_1385331331.root
Running: cp /star/data01/pwg/xiatong/AMPT/14GeV/data_1385431231.root /tmp/maxwoo/21EF1A6A9139C9FD2A38E59AFB466F9A_2485/INPUTFILES/data_1385431231.root
Running: cp /star/data01/pwg/xiatong/AMPT/14GeV/data_1385431241.root /tmp/maxwoo/21EF1A6A9139C9FD2A38E59AFB466F9A_2485/INPUTFILES/data_1385431241.root
Running: cp /star/data01/pwg/xiatong/AMPT/14GeV/data_1385431251.root /tmp/maxwoo/21EF1A6A9139C9FD2A38E59AFB466F9A_2485/INPUTFILES/data_1385431251.root
Running: cp /star/data01/pwg/xiatong/AMPT/14GeV/data_1385431261.root /tmp/maxwoo/21EF1A6A9139C9FD2A38E59AFB466F9A_2485/INPUTFILES/data_1385431261.root
Running: cp /star/data01/pwg/xiatong/AMPT/14GeV/data_1385431381.root /tmp/maxwoo/21EF1A6A9139C9FD2A38E59AFB466F9A_2485/INPUTFILES/data_1385431381.root
Running: cp /star/data01/pwg/xiatong/AMPT/14GeV/data_1385531181.root /tmp/maxwoo/21EF1A6A9139C9FD2A38E59AFB466F9A_2485/INPUTFILES/data_1385531181.root
Running: cp /star/data01/pwg/xiatong/AMPT/14GeV/data_1385531221.root /tmp/maxwoo/21EF1A6A9139C9FD2A38E59AFB466F9A_2485/INPUTFILES/data_1385531221.root
Running: cp /star/data01/pwg/xiatong/AMPT/14GeV/data_1385631151.root /tmp/maxwoo/21EF1A6A9139C9FD2A38E59AFB466F9A_2485/INPUTFILES/data_1385631151.root
Running: cp /star/data01/pwg/xiatong/AMPT/14GeV/data_1385631161.root /tmp/maxwoo/21EF1A6A9139C9FD2A38E59AFB466F9A_2485/INPUTFILES/data_1385631161.root
Running: cp /star/data01/pwg/xiatong/AMPT/14GeV/data_1385631171.root /tmp/maxwoo/21EF1A6A9139C9FD2A38E59AFB466F9A_2485/INPUTFILES/data_1385631171.root
Running: cp /star/data01/pwg/xiatong/AMPT/14GeV/data_1385631191.root /tmp/maxwoo/21EF1A6A9139C9FD2A38E59AFB466F9A_2485/INPUTFILES/data_1385631191.root
Running: cp /star/data01/pwg/xiatong/AMPT/14GeV/data_1385631201.root /tmp/maxwoo/21EF1A6A9139C9FD2A38E59AFB466F9A_2485/INPUTFILES/data_1385631201.root
Swapping $FILELIST with: /tmp/maxwoo/21EF1A6A9139C9FD2A38E59AFB466F9A_2485/INPUTFILES/21EF1A6A9139C9FD2A38E59AFB466F9A_2485.local.list
+++++++++++local copy debug++++++++++++++++++++
newFileList: /tmp/maxwoo/21EF1A6A9139C9FD2A38E59AFB466F9A_2485/INPUTFILES/21EF1A6A9139C9FD2A38E59AFB466F9A_2485.local.list
++++++++++++++++cat FILELIST+++++++++++++++++++
/tmp/maxwoo/21EF1A6A9139C9FD2A38E59AFB466F9A_2485/INPUTFILES/data_1385111631.root 
/tmp/maxwoo/21EF1A6A9139C9FD2A38E59AFB466F9A_2485/INPUTFILES/data_1385111751.root 
/tmp/maxwoo/21EF1A6A9139C9FD2A38E59AFB466F9A_2485/INPUTFILES/data_1385111951.root 
/tmp/maxwoo/21EF1A6A9139C9FD2A38E59AFB466F9A_2485/INPUTFILES/data_1385112011.root 
/tmp/maxwoo/21EF1A6A9139C9FD2A38E59AFB466F9A_2485/INPUTFILES/data_1385112041.root 
/tmp/maxwoo/21EF1A6A9139C9FD2A38E59AFB466F9A_2485/INPUTFILES/data_1385117341.root 
/tmp/maxwoo/21EF1A6A9139C9FD2A38E59AFB466F9A_2485/INPUTFILES/data_1385117401.root 
/tmp/maxwoo/21EF1A6A9139C9FD2A38E59AFB466F9A_2485/INPUTFILES/data_1385117601.root 
/tmp/maxwoo/21EF1A6A9139C9FD2A38E59AFB466F9A_2485/INPUTFILES/data_1385117871.root 
/tmp/maxwoo/21EF1A6A9139C9FD2A38E59AFB466F9A_2485/INPUTFILES/data_1385125331.root 
/tmp/maxwoo/21EF1A6A9139C9FD2A38E59AFB466F9A_2485/INPUTFILES/data_1385131351.root 
/tmp/maxwoo/21EF1A6A9139C9FD2A38E59AFB466F9A_2485/INPUTFILES/data_1385131361.root 
/tmp/maxwoo/21EF1A6A9139C9FD2A38E59AFB466F9A_2485/INPUTFILES/data_1385131371.root 
/tmp/maxwoo/21EF1A6A9139C9FD2A38E59AFB466F9A_2485/INPUTFILES/data_1385131391.root 
/tmp/maxwoo/21EF1A6A9139C9FD2A38E59AFB466F9A_2485/INPUTFILES/data_1385193841.root 
/tmp/maxwoo/21EF1A6A9139C9FD2A38E59AFB466F9A_2485/INPUTFILES/data_1385194201.root 
/tmp/maxwoo/21EF1A6A9139C9FD2A38E59AFB466F9A_2485/INPUTFILES/data_1385194361.root 
/tmp/maxwoo/21EF1A6A9139C9FD2A38E59AFB466F9A_2485/INPUTFILES/data_1385231341.root 
/tmp/maxwoo/21EF1A6A9139C9FD2A38E59AFB466F9A_2485/INPUTFILES/data_1385331271.root 
/tmp/maxwoo/21EF1A6A9139C9FD2A38E59AFB466F9A_2485/INPUTFILES/data_1385331281.root 
/tmp/maxwoo/21EF1A6A9139C9FD2A38E59AFB466F9A_2485/INPUTFILES/data_1385331291.root 
/tmp/maxwoo/21EF1A6A9139C9FD2A38E59AFB466F9A_2485/INPUTFILES/data_1385331301.root 
/tmp/maxwoo/21EF1A6A9139C9FD2A38E59AFB466F9A_2485/INPUTFILES/data_1385331311.root 
/tmp/maxwoo/21EF1A6A9139C9FD2A38E59AFB466F9A_2485/INPUTFILES/data_1385331321.root 
/tmp/maxwoo/21EF1A6A9139C9FD2A38E59AFB466F9A_2485/INPUTFILES/data_1385331331.root 
/tmp/maxwoo/21EF1A6A9139C9FD2A38E59AFB466F9A_2485/INPUTFILES/data_1385431231.root 
/tmp/maxwoo/21EF1A6A9139C9FD2A38E59AFB466F9A_2485/INPUTFILES/data_1385431241.root 
/tmp/maxwoo/21EF1A6A9139C9FD2A38E59AFB466F9A_2485/INPUTFILES/data_1385431251.root 
/tmp/maxwoo/21EF1A6A9139C9FD2A38E59AFB466F9A_2485/INPUTFILES/data_1385431261.root 
/tmp/maxwoo/21EF1A6A9139C9FD2A38E59AFB466F9A_2485/INPUTFILES/data_1385431381.root 
/tmp/maxwoo/21EF1A6A9139C9FD2A38E59AFB466F9A_2485/INPUTFILES/data_1385531181.root 
/tmp/maxwoo/21EF1A6A9139C9FD2A38E59AFB466F9A_2485/INPUTFILES/data_1385531221.root 
/tmp/maxwoo/21EF1A6A9139C9FD2A38E59AFB466F9A_2485/INPUTFILES/data_1385631151.root 
/tmp/maxwoo/21EF1A6A9139C9FD2A38E59AFB466F9A_2485/INPUTFILES/data_1385631161.root 
/tmp/maxwoo/21EF1A6A9139C9FD2A38E59AFB466F9A_2485/INPUTFILES/data_1385631171.root 
/tmp/maxwoo/21EF1A6A9139C9FD2A38E59AFB466F9A_2485/INPUTFILES/data_1385631191.root 
/tmp/maxwoo/21EF1A6A9139C9FD2A38E59AFB466F9A_2485/INPUTFILES/data_1385631201.root 
++++++++++++++++++++find.++++++++++++++++++++++
.
./.errror.log
./INPUTFILES
./INPUTFILES/data_1385111751.root
./INPUTFILES/data_1385193841.root
./INPUTFILES/data_1385331311.root
./INPUTFILES/data_1385111951.root
./INPUTFILES/data_1385231341.root
./INPUTFILES/data_1385117871.root
./INPUTFILES/data_1385194361.root
./INPUTFILES/data_1385131391.root
./INPUTFILES/data_1385131361.root
./INPUTFILES/data_1385631191.root
./INPUTFILES/data_1385431261.root
./INPUTFILES/data_1385194201.root
./INPUTFILES/data_1385331321.root
./INPUTFILES/data_1385331301.root
./INPUTFILES/data_1385431231.root
./INPUTFILES/data_1385117341.root
./INPUTFILES/data_1385112011.root
./INPUTFILES/data_1385117401.root
./INPUTFILES/data_1385111631.root
./INPUTFILES/data_1385631201.root
./INPUTFILES/data_1385431381.root
./INPUTFILES/data_1385531221.root
./INPUTFILES/data_1385631151.root
./INPUTFILES/data_1385431241.root
./INPUTFILES/data_1385331331.root
./INPUTFILES/data_1385331271.root
./INPUTFILES/data_1385131351.root
./INPUTFILES/data_1385112041.root
./INPUTFILES/data_1385331281.root
./INPUTFILES/data_1385431251.root
./INPUTFILES/data_1385125331.root
./INPUTFILES/data_1385131371.root
./INPUTFILES/data_1385117601.root
./INPUTFILES/data_1385631161.root
./INPUTFILES/data_1385531181.root
./INPUTFILES/data_1385331291.root
./INPUTFILES/data_1385631171.root
./INPUTFILES/21EF1A6A9139C9FD2A38E59AFB466F9A_2485.local.list
./.output.log
./lib
./lib/my_particle_cpp.d
./lib/CenMaker_cpp.so
./lib/my_event.cpp
./lib/my_event_cpp.d
./lib/NpartNormalizer.h
./lib/my_particle.cpp
./lib/NpartNormalizer_cpp.d
./lib/NpartNormalizer_cpp.so
./lib/CenMaker_cpp_ACLiC_dict_rdict.pcm
./lib/my_particle_cpp.so
./lib/my_particle_cpp_ACLiC_dict_rdict.pcm
./lib/NpartNormalizer.cpp
./lib/MixedBuffer_cpp_ACLiC_dict_rdict.pcm
./lib/MixedBuffer_cpp.so
./lib/my_event_cpp_ACLiC_dict_rdict.pcm
./lib/my_event_cpp.so
./lib/MixedBuffer.h
./lib/my_particle.h
./lib/NpartNormalizer_cpp_ACLiC_dict_rdict.pcm
./lib/CenMaker.h
./lib/MixedBuffer.cpp
./lib/CenMaker_cpp.d
./lib/CenMaker.cpp
./lib/MixedBuffer_cpp.d
./lib/my_event.h
./Check_Sness.C
./.sandboxFiles
./check_S.C
++++++++++++++++INPUTFILE Var++++++++++++++++++
FILELIST=/tmp/maxwoo/21EF1A6A9139C9FD2A38E59AFB466F9A_2485/INPUTFILES/21EF1A6A9139C9FD2A38E59AFB466F9A_2485.local.list
INPUTFILECOUNT=37
INPUTFILE0=/tmp/maxwoo/21EF1A6A9139C9FD2A38E59AFB466F9A_2485/INPUTFILES/data_1385111631.root
INPUTFILE1=/tmp/maxwoo/21EF1A6A9139C9FD2A38E59AFB466F9A_2485/INPUTFILES/data_1385111751.root
INPUTFILE2=/tmp/maxwoo/21EF1A6A9139C9FD2A38E59AFB466F9A_2485/INPUTFILES/data_1385111951.root
INPUTFILE3=/tmp/maxwoo/21EF1A6A9139C9FD2A38E59AFB466F9A_2485/INPUTFILES/data_1385112011.root
INPUTFILE4=/tmp/maxwoo/21EF1A6A9139C9FD2A38E59AFB466F9A_2485/INPUTFILES/data_1385112041.root
INPUTFILE5=/tmp/maxwoo/21EF1A6A9139C9FD2A38E59AFB466F9A_2485/INPUTFILES/data_1385117341.root
INPUTFILE6=/tmp/maxwoo/21EF1A6A9139C9FD2A38E59AFB466F9A_2485/INPUTFILES/data_1385117401.root
INPUTFILE7=/tmp/maxwoo/21EF1A6A9139C9FD2A38E59AFB466F9A_2485/INPUTFILES/data_1385117601.root
INPUTFILE8=/tmp/maxwoo/21EF1A6A9139C9FD2A38E59AFB466F9A_2485/INPUTFILES/data_1385117871.root
INPUTFILE9=/tmp/maxwoo/21EF1A6A9139C9FD2A38E59AFB466F9A_2485/INPUTFILES/data_1385125331.root
INPUTFILE10=/tmp/maxwoo/21EF1A6A9139C9FD2A38E59AFB466F9A_2485/INPUTFILES/data_1385131351.root
INPUTFILE11=/tmp/maxwoo/21EF1A6A9139C9FD2A38E59AFB466F9A_2485/INPUTFILES/data_1385131361.root
INPUTFILE12=/tmp/maxwoo/21EF1A6A9139C9FD2A38E59AFB466F9A_2485/INPUTFILES/data_1385131371.root
INPUTFILE13=/tmp/maxwoo/21EF1A6A9139C9FD2A38E59AFB466F9A_2485/INPUTFILES/data_1385131391.root
INPUTFILE14=/tmp/maxwoo/21EF1A6A9139C9FD2A38E59AFB466F9A_2485/INPUTFILES/data_1385193841.root
INPUTFILE15=/tmp/maxwoo/21EF1A6A9139C9FD2A38E59AFB466F9A_2485/INPUTFILES/data_1385194201.root
INPUTFILE16=/tmp/maxwoo/21EF1A6A9139C9FD2A38E59AFB466F9A_2485/INPUTFILES/data_1385194361.root
INPUTFILE17=/tmp/maxwoo/21EF1A6A9139C9FD2A38E59AFB466F9A_2485/INPUTFILES/data_1385231341.root
INPUTFILE18=/tmp/maxwoo/21EF1A6A9139C9FD2A38E59AFB466F9A_2485/INPUTFILES/data_1385331271.root
INPUTFILE19=/tmp/maxwoo/21EF1A6A9139C9FD2A38E59AFB466F9A_2485/INPUTFILES/data_1385331281.root
INPUTFILE20=/tmp/maxwoo/21EF1A6A9139C9FD2A38E59AFB466F9A_2485/INPUTFILES/data_1385331291.root
INPUTFILE21=/tmp/maxwoo/21EF1A6A9139C9FD2A38E59AFB466F9A_2485/INPUTFILES/data_1385331301.root
INPUTFILE22=/tmp/maxwoo/21EF1A6A9139C9FD2A38E59AFB466F9A_2485/INPUTFILES/data_1385331311.root
INPUTFILE23=/tmp/maxwoo/21EF1A6A9139C9FD2A38E59AFB466F9A_2485/INPUTFILES/data_1385331321.root
INPUTFILE24=/tmp/maxwoo/21EF1A6A9139C9FD2A38E59AFB466F9A_2485/INPUTFILES/data_1385331331.root
INPUTFILE25=/tmp/maxwoo/21EF1A6A9139C9FD2A38E59AFB466F9A_2485/INPUTFILES/data_1385431231.root
INPUTFILE26=/tmp/maxwoo/21EF1A6A9139C9FD2A38E59AFB466F9A_2485/INPUTFILES/data_1385431241.root
INPUTFILE27=/tmp/maxwoo/21EF1A6A9139C9FD2A38E59AFB466F9A_2485/INPUTFILES/data_1385431251.root
INPUTFILE28=/tmp/maxwoo/21EF1A6A9139C9FD2A38E59AFB466F9A_2485/INPUTFILES/data_1385431261.root
INPUTFILE29=/tmp/maxwoo/21EF1A6A9139C9FD2A38E59AFB466F9A_2485/INPUTFILES/data_1385431381.root
INPUTFILE30=/tmp/maxwoo/21EF1A6A9139C9FD2A38E59AFB466F9A_2485/INPUTFILES/data_1385531181.root
INPUTFILE31=/tmp/maxwoo/21EF1A6A9139C9FD2A38E59AFB466F9A_2485/INPUTFILES/data_1385531221.root
INPUTFILE32=/tmp/maxwoo/21EF1A6A9139C9FD2A38E59AFB466F9A_2485/INPUTFILES/data_1385631151.root
INPUTFILE33=/tmp/maxwoo/21EF1A6A9139C9FD2A38E59AFB466F9A_2485/INPUTFILES/data_1385631161.root
INPUTFILE34=/tmp/maxwoo/21EF1A6A9139C9FD2A38E59AFB466F9A_2485/INPUTFILES/data_1385631171.root
INPUTFILE35=/tmp/maxwoo/21EF1A6A9139C9FD2A38E59AFB466F9A_2485/INPUTFILES/data_1385631191.root
INPUTFILE36=/tmp/maxwoo/21EF1A6A9139C9FD2A38E59AFB466F9A_2485/INPUTFILES/data_1385631201.root
LocalInputFileDir=/tmp/maxwoo/21EF1A6A9139C9FD2A38E59AFB466F9A_2485/INPUTFILES
NewFILELIST=/tmp/maxwoo/21EF1A6A9139C9FD2A38E59AFB466F9A_2485/INPUTFILES/21EF1A6A9139C9FD2A38E59AFB466F9A_2485.local.list
+++++++++++++++++++++++++++++++++++++++++++++++
--------------------------------
Simple Unified Meta Scheduler 1.10.50 we are starting in $SCRATCH : /home/tmp/maxwoo/21EF1A6A9139C9FD2A38E59AFB466F9A_2485
--------------------------------
total 16
lrwxrwxrwx 1 maxwoo rhstar   61 Jun  2 10:58 check_S.C -> /gpfs/mnt/gpfs01/star/pwg/xiatong/git/strangeness/./check_S.C
lrwxrwxrwx 1 maxwoo rhstar   65 Jun  2 10:58 Check_Sness.C -> /gpfs/mnt/gpfs01/star/pwg/xiatong/git/strangeness/./Check_Sness.C
drwxr-xr-x 2 maxwoo rhstar 4096 Jun  2 10:59 INPUTFILES
drwxr-xr-x 2 maxwoo rhstar 4096 Jun  2 10:58 lib
  *******************************************
  *                                         *
  *        W E L C O M E  to  R O O T       *
  *                                         *
  *   Version   5.34/38     12 March 2018   *
  *                                         *
  *  You are welcome to visit our Web site  *
  *          http://root.cern.ch            *
  *                                         *
  *******************************************

ROOT 5.34/38 (v5-34-38@v5-34-38, Mar 12 2018, 15:49:39 on linux)

CINT/ROOT C/C++ Interpreter version 5.18.00, July 2, 2010
Type ? for help. Commands must be C++ statements.
Enclose multiple statements between { }.
*** Float Point Exception is OFF ***
 *** Start at Date : Thu Jun  2 10:59:57 2022
QAInfo:You are using STAR_LEVEL : dev, ROOT_LEVEL : 5.34.38 and node : spool0117.sdcc.bnl.gov 

Processing check_S.C++("/tmp/maxwoo/21EF1A6A9139C9FD2A38E59AFB466F9A_2485/INPUTFILES/21EF1A6A9139C9FD2A38E59AFB466F9A_2485.local.list","21EF1A6A9139C9FD2A38E59AFB466F9A_2485",1)...
/tmp/maxwoo/21EF1A6A9139C9FD2A38E59AFB466F9A_2485/INPUTFILES/data_1385111631.root 
/tmp/maxwoo/21EF1A6A9139C9FD2A38E59AFB466F9A_2485/INPUTFILES/data_1385111751.root 
/tmp/maxwoo/21EF1A6A9139C9FD2A38E59AFB466F9A_2485/INPUTFILES/data_1385111951.root 
/tmp/maxwoo/21EF1A6A9139C9FD2A38E59AFB466F9A_2485/INPUTFILES/data_1385112011.root 
/tmp/maxwoo/21EF1A6A9139C9FD2A38E59AFB466F9A_2485/INPUTFILES/data_1385112041.root 
/tmp/maxwoo/21EF1A6A9139C9FD2A38E59AFB466F9A_2485/INPUTFILES/data_1385117341.root 
/tmp/maxwoo/21EF1A6A9139C9FD2A38E59AFB466F9A_2485/INPUTFILES/data_1385117401.root 
/tmp/maxwoo/21EF1A6A9139C9FD2A38E59AFB466F9A_2485/INPUTFILES/data_1385117601.root 
/tmp/maxwoo/21EF1A6A9139C9FD2A38E59AFB466F9A_2485/INPUTFILES/data_1385117871.root 
/tmp/maxwoo/21EF1A6A9139C9FD2A38E59AFB466F9A_2485/INPUTFILES/data_1385125331.root 
/tmp/maxwoo/21EF1A6A9139C9FD2A38E59AFB466F9A_2485/INPUTFILES/data_1385131351.root 
/tmp/maxwoo/21EF1A6A9139C9FD2A38E59AFB466F9A_2485/INPUTFILES/data_1385131361.root 
/tmp/maxwoo/21EF1A6A9139C9FD2A38E59AFB466F9A_2485/INPUTFILES/data_1385131371.root 
/tmp/maxwoo/21EF1A6A9139C9FD2A38E59AFB466F9A_2485/INPUTFILES/data_1385131391.root 
/tmp/maxwoo/21EF1A6A9139C9FD2A38E59AFB466F9A_2485/INPUTFILES/data_1385193841.root 
/tmp/maxwoo/21EF1A6A9139C9FD2A38E59AFB466F9A_2485/INPUTFILES/data_1385194201.root 
/tmp/maxwoo/21EF1A6A9139C9FD2A38E59AFB466F9A_2485/INPUTFILES/data_1385194361.root 
/tmp/maxwoo/21EF1A6A9139C9FD2A38E59AFB466F9A_2485/INPUTFILES/data_1385231341.root 
/tmp/maxwoo/21EF1A6A9139C9FD2A38E59AFB466F9A_2485/INPUTFILES/data_1385331271.root 
/tmp/maxwoo/21EF1A6A9139C9FD2A38E59AFB466F9A_2485/INPUTFILES/data_1385331281.root 
/tmp/maxwoo/21EF1A6A9139C9FD2A38E59AFB466F9A_2485/INPUTFILES/data_1385331291.root 
/tmp/maxwoo/21EF1A6A9139C9FD2A38E59AFB466F9A_2485/INPUTFILES/data_1385331301.root 
/tmp/maxwoo/21EF1A6A9139C9FD2A38E59AFB466F9A_2485/INPUTFILES/data_1385331311.root 
/tmp/maxwoo/21EF1A6A9139C9FD2A38E59AFB466F9A_2485/INPUTFILES/data_1385331321.root 
/tmp/maxwoo/21EF1A6A9139C9FD2A38E59AFB466F9A_2485/INPUTFILES/data_1385331331.root 
/tmp/maxwoo/21EF1A6A9139C9FD2A38E59AFB466F9A_2485/INPUTFILES/data_1385431231.root 
/tmp/maxwoo/21EF1A6A9139C9FD2A38E59AFB466F9A_2485/INPUTFILES/data_1385431241.root 
/tmp/maxwoo/21EF1A6A9139C9FD2A38E59AFB466F9A_2485/INPUTFILES/data_1385431251.root 
/tmp/maxwoo/21EF1A6A9139C9FD2A38E59AFB466F9A_2485/INPUTFILES/data_1385431261.root 
/tmp/maxwoo/21EF1A6A9139C9FD2A38E59AFB466F9A_2485/INPUTFILES/data_1385431381.root 
/tmp/maxwoo/21EF1A6A9139C9FD2A38E59AFB466F9A_2485/INPUTFILES/data_1385531181.root 
/tmp/maxwoo/21EF1A6A9139C9FD2A38E59AFB466F9A_2485/INPUTFILES/data_1385531221.root 
/tmp/maxwoo/21EF1A6A9139C9FD2A38E59AFB466F9A_2485/INPUTFILES/data_1385631151.root 
/tmp/maxwoo/21EF1A6A9139C9FD2A38E59AFB466F9A_2485/INPUTFILES/data_1385631161.root 
/tmp/maxwoo/21EF1A6A9139C9FD2A38E59AFB466F9A_2485/INPUTFILES/data_1385631171.root 
/tmp/maxwoo/21EF1A6A9139C9FD2A38E59AFB466F9A_2485/INPUTFILES/data_1385631191.root 
/tmp/maxwoo/21EF1A6A9139C9FD2A38E59AFB466F9A_2485/INPUTFILES/data_1385631201.root 
Added 37 files
# entries in chain: 37000
Processing entry == 1000 == out of 37000.
Processing entry == 2000 == out of 37000.
Processing entry == 3000 == out of 37000.
Processing entry == 4000 == out of 37000.
Processing entry == 5000 == out of 37000.
Processing entry == 6000 == out of 37000.
Processing entry == 7000 == out of 37000.
Processing entry == 8000 == out of 37000.
Processing entry == 9000 == out of 37000.
Processing entry == 10000 == out of 37000.
Processing entry == 11000 == out of 37000.
Processing entry == 12000 == out of 37000.
Processing entry == 13000 == out of 37000.
Processing entry == 14000 == out of 37000.
Processing entry == 15000 == out of 37000.
Processing entry == 16000 == out of 37000.
Processing entry == 17000 == out of 37000.
Processing entry == 18000 == out of 37000.
Processing entry == 19000 == out of 37000.
Processing entry == 20000 == out of 37000.
Processing entry == 21000 == out of 37000.
Processing entry == 22000 == out of 37000.
Processing entry == 23000 == out of 37000.
Processing entry == 24000 == out of 37000.
Processing entry == 25000 == out of 37000.
Processing entry == 26000 == out of 37000.
Processing entry == 27000 == out of 37000.
Processing entry == 28000 == out of 37000.
Processing entry == 29000 == out of 37000.
Processing entry == 30000 == out of 37000.
Processing entry == 31000 == out of 37000.
Processing entry == 32000 == out of 37000.
Processing entry == 33000 == out of 37000.
Processing entry == 34000 == out of 37000.
Processing entry == 35000 == out of 37000.
Processing entry == 36000 == out of 37000.
Processing entry == 37000 == out of 37000.

This is the end of ROOT -- Goodbye

Cleaning up sandbox file:  /tmp/maxwoo/21EF1A6A9139C9FD2A38E59AFB466F9A_2485/check_S.C
Cleaning up sandbox file:  /tmp/maxwoo/21EF1A6A9139C9FD2A38E59AFB466F9A_2485/Check_Sness.C
Cleaning up sandbox file:  /tmp/maxwoo/21EF1A6A9139C9FD2A38E59AFB466F9A_2485/lib
Cleaning up sandbox file:  /tmp/maxwoo/21EF1A6A9139C9FD2A38E59AFB466F9A_2485/.sandboxFiles
Starting copy block
Running copy command:  /bin/cp -fp /tmp/maxwoo/21EF1A6A9139C9FD2A38E59AFB466F9A_2485/out_21EF1A6A9139C9FD2A38E59AFB466F9A_2485.root /star/data01/pwg/xiatong/git/strangeness/data/
167998 Execution of (/star/data01/pwg/xiatong/git/strangeness/script/sched21EF1A6A9139C9FD2A38E59AFB466F9A_2485.csh ) has ended, exiting normally
167998 We END on [Thu Jun  2 11:21:16 EDT 2022]
