We are starting on node: rcas2978.rcf.bnl.gov
HOME is not defined
Using getent method
HOME is now /star/u/maxwoo
44636 We will spawn ourselves (/star/data01/pwg/xiatong/git/strangeness/script/sched21EF1A6A9139C9FD2A38E59AFB466F9A_1797.csh )
44636 We BEGIN on [Thu Jun  2 11:04:21 EDT 2022]
[1] 44855
44636 We are waiting for 44855 
44636 Grandchild PID is 45438 - found in 10 x 1 seconds
44636 Establishing first watcher   on    Thu Jun  2 11:04:32 EDT 2022
44636 Process tree is 44636 (main) -> 44855 (child) -> 45438 (grandchild)
F S   UID   PID  PPID  C PRI  NI ADDR SZ WCHAN  TTY        TIME CMD
0 D 100667 45438 44855  0 80   0 - 32311 cxiWai ?          0:00 cp /star/data01/pwg/xiatong/AMPT/14GeV/data_748275621.root /tmp/maxwoo/21EF1A6A9139C9FD2A38E59AFB466F9A_1797/INPUTFILES/data_748275621.root
44636 Grandchild PID is 47258 - found in 30 x 2 seconds
44636 Grandchild to watch has changed on Thu Jun  2 11:05:13 EDT 2022
44636 Process tree is 44636 (main) -> 44855 (child) -> 47258 (grandchild)
F S   UID   PID  PPID  C PRI  NI ADDR SZ WCHAN  TTY        TIME CMD
0 D 100667 47258 44855  0 80   0 - 32311 cxiWai ?          0:00 cp /star/data01/pwg/xiatong/AMPT/14GeV/data_748775601.root /tmp/maxwoo/21EF1A6A9139C9FD2A38E59AFB466F9A_1797/INPUTFILES/data_748775601.root
44636 Grandchild PID is 585 - found in 50 x 2 seconds
44636 Grandchild to watch has changed on Thu Jun  2 11:05:54 EDT 2022
44636 Process tree is 44636 (main) -> 44855 (child) -> 585 (grandchild)
F S   UID   PID  PPID  C PRI  NI ADDR SZ WCHAN  TTY        TIME CMD
0 D 100667  585 44855  0  80   0 - 32311 cxiWai ?          0:00 cp /star/data01/pwg/xiatong/AMPT/14GeV/data_749112291.root /tmp/maxwoo/21EF1A6A9139C9FD2A38E59AFB466F9A_1797/INPUTFILES/data_749112291.root
44636 Grandchild PID is 1183 - found in 60 x 2 seconds
44636 Grandchild to watch has changed on Thu Jun  2 11:06:15 EDT 2022
44636 Process tree is 44636 (main) -> 44855 (child) -> 1183 (grandchild)
F S   UID   PID  PPID  C PRI  NI ADDR SZ WCHAN  TTY        TIME CMD
0 D 100667 1183 44855  0  80   0 - 32311 cxiWai ?          0:00 cp /star/data01/pwg/xiatong/AMPT/14GeV/data_749112341.root /tmp/maxwoo/21EF1A6A9139C9FD2A38E59AFB466F9A_1797/INPUTFILES/data_749112341.root
44636 Grandchild PID is 2903 - found in 70 x 2 seconds
44636 Grandchild to watch has changed on Thu Jun  2 11:06:36 EDT 2022
44636 Process tree is 44636 (main) -> 44855 (child) -> 2903 (grandchild)
F S   UID   PID  PPID  C PRI  NI ADDR SZ WCHAN  TTY        TIME CMD
0 D 100667 2903 44855  0  80   0 - 32311 cxiWai ?          0:00 cp /star/data01/pwg/xiatong/AMPT/14GeV/data_749112561.root /tmp/maxwoo/21EF1A6A9139C9FD2A38E59AFB466F9A_1797/INPUTFILES/data_749112561.root
44636 Grandchild PID is 3883 - found in 80 x 2 seconds
44636 Grandchild to watch has changed on Thu Jun  2 11:06:57 EDT 2022
44636 Process tree is 44636 (main) -> 44855 (child) -> 3883 (grandchild)
F S   UID   PID  PPID  C PRI  NI ADDR SZ WCHAN  TTY        TIME CMD
0 D 100667 3883 44855  0  80   0 - 32311 cxiWai ?          0:00 cp /star/data01/pwg/xiatong/AMPT/14GeV/data_749138831.root /tmp/maxwoo/21EF1A6A9139C9FD2A38E59AFB466F9A_1797/INPUTFILES/data_749138831.root
44636 Grandchild PID is 4487 - found in 90 x 2 seconds
44636 Grandchild to watch has changed on Thu Jun  2 11:07:18 EDT 2022
44636 Process tree is 44636 (main) -> 44855 (child) -> 4487 (grandchild)
F S   UID   PID  PPID  C PRI  NI ADDR SZ WCHAN  TTY        TIME CMD
0 D 100667 4487 44855  0  80   0 - 32311 cxiWai ?          0:00 cp /star/data01/pwg/xiatong/AMPT/14GeV/data_749149511.root /tmp/maxwoo/21EF1A6A9139C9FD2A38E59AFB466F9A_1797/INPUTFILES/data_749149511.root
44636 Grandchild PID is 5694 - found in 100 x 2 seconds
44636 Grandchild to watch has changed on Thu Jun  2 11:07:38 EDT 2022
44636 Process tree is 44636 (main) -> 44855 (child) -> 5694 (grandchild)
F S   UID   PID  PPID  C PRI  NI ADDR SZ WCHAN  TTY        TIME CMD
0 D 100667 5694 44855  0  80   0 - 32311 cxiWai ?          0:00 cp /star/data01/pwg/xiatong/AMPT/14GeV/data_749149571.root /tmp/maxwoo/21EF1A6A9139C9FD2A38E59AFB466F9A_1797/INPUTFILES/data_749149571.root
44636 Grandchild PID is 6924 - found in 110 x 2 seconds
44636 Grandchild to watch has changed on Thu Jun  2 11:07:59 EDT 2022
44636 Process tree is 44636 (main) -> 44855 (child) -> 6924 (grandchild)
F S   UID   PID  PPID  C PRI  NI ADDR SZ WCHAN  TTY        TIME CMD
0 D 100667 6924 44855  0  80   0 - 32311 cxiWai ?          0:00 cp /star/data01/pwg/xiatong/AMPT/14GeV/data_749150261.root /tmp/maxwoo/21EF1A6A9139C9FD2A38E59AFB466F9A_1797/INPUTFILES/data_749150261.root
44636 Grandchild PID is 8258 - found in 130 x 2 seconds
44636 Grandchild to watch has changed on Thu Jun  2 11:08:41 EDT 2022
44636 Process tree is 44636 (main) -> 44855 (child) -> 8258 (grandchild)
F S   UID   PID  PPID  C PRI  NI ADDR SZ WCHAN  TTY        TIME CMD
0 S 100667 8258 44855  0  80   0 -  1272 do_wai ?          0:00 root -b -q check_S.C++("/tmp/maxwoo/21EF1A6A9139C9FD2A38E59AFB466F9A_1797/INPUTFILES/21EF1A6A9139C9FD2A38E59AFB466F9A_1797.local.list","21EF1A6A9139C9FD2A38E59AFB466F9A_1797",1)
44855 Stepping into the main SUMS wrapper program with []
.... building sandbox
Running: cp /star/data01/pwg/xiatong/AMPT/14GeV/data_748189571.root /tmp/maxwoo/21EF1A6A9139C9FD2A38E59AFB466F9A_1797/INPUTFILES/data_748189571.root
Running: cp /star/data01/pwg/xiatong/AMPT/14GeV/data_748275621.root /tmp/maxwoo/21EF1A6A9139C9FD2A38E59AFB466F9A_1797/INPUTFILES/data_748275621.root
Running: cp /star/data01/pwg/xiatong/AMPT/14GeV/data_748775581.root /tmp/maxwoo/21EF1A6A9139C9FD2A38E59AFB466F9A_1797/INPUTFILES/data_748775581.root
Running: cp /star/data01/pwg/xiatong/AMPT/14GeV/data_748775601.root /tmp/maxwoo/21EF1A6A9139C9FD2A38E59AFB466F9A_1797/INPUTFILES/data_748775601.root
Running: cp /star/data01/pwg/xiatong/AMPT/14GeV/data_748775611.root /tmp/maxwoo/21EF1A6A9139C9FD2A38E59AFB466F9A_1797/INPUTFILES/data_748775611.root
Running: cp /star/data01/pwg/xiatong/AMPT/14GeV/data_748875591.root /tmp/maxwoo/21EF1A6A9139C9FD2A38E59AFB466F9A_1797/INPUTFILES/data_748875591.root
Running: cp /star/data01/pwg/xiatong/AMPT/14GeV/data_748920981.root /tmp/maxwoo/21EF1A6A9139C9FD2A38E59AFB466F9A_1797/INPUTFILES/data_748920981.root
Running: cp /star/data01/pwg/xiatong/AMPT/14GeV/data_748975571.root /tmp/maxwoo/21EF1A6A9139C9FD2A38E59AFB466F9A_1797/INPUTFILES/data_748975571.root
Running: cp /star/data01/pwg/xiatong/AMPT/14GeV/data_749108661.root /tmp/maxwoo/21EF1A6A9139C9FD2A38E59AFB466F9A_1797/INPUTFILES/data_749108661.root
Running: cp /star/data01/pwg/xiatong/AMPT/14GeV/data_749112291.root /tmp/maxwoo/21EF1A6A9139C9FD2A38E59AFB466F9A_1797/INPUTFILES/data_749112291.root
Running: cp /star/data01/pwg/xiatong/AMPT/14GeV/data_749112341.root /tmp/maxwoo/21EF1A6A9139C9FD2A38E59AFB466F9A_1797/INPUTFILES/data_749112341.root
Running: cp /star/data01/pwg/xiatong/AMPT/14GeV/data_749112561.root /tmp/maxwoo/21EF1A6A9139C9FD2A38E59AFB466F9A_1797/INPUTFILES/data_749112561.root
Running: cp /star/data01/pwg/xiatong/AMPT/14GeV/data_749112631.root /tmp/maxwoo/21EF1A6A9139C9FD2A38E59AFB466F9A_1797/INPUTFILES/data_749112631.root
Running: cp /star/data01/pwg/xiatong/AMPT/14GeV/data_749112651.root /tmp/maxwoo/21EF1A6A9139C9FD2A38E59AFB466F9A_1797/INPUTFILES/data_749112651.root
Running: cp /star/data01/pwg/xiatong/AMPT/14GeV/data_749112661.root /tmp/maxwoo/21EF1A6A9139C9FD2A38E59AFB466F9A_1797/INPUTFILES/data_749112661.root
Running: cp /star/data01/pwg/xiatong/AMPT/14GeV/data_749112671.root /tmp/maxwoo/21EF1A6A9139C9FD2A38E59AFB466F9A_1797/INPUTFILES/data_749112671.root
Running: cp /star/data01/pwg/xiatong/AMPT/14GeV/data_749112681.root /tmp/maxwoo/21EF1A6A9139C9FD2A38E59AFB466F9A_1797/INPUTFILES/data_749112681.root
Running: cp /star/data01/pwg/xiatong/AMPT/14GeV/data_749112701.root /tmp/maxwoo/21EF1A6A9139C9FD2A38E59AFB466F9A_1797/INPUTFILES/data_749112701.root
Running: cp /star/data01/pwg/xiatong/AMPT/14GeV/data_749112861.root /tmp/maxwoo/21EF1A6A9139C9FD2A38E59AFB466F9A_1797/INPUTFILES/data_749112861.root
Running: cp /star/data01/pwg/xiatong/AMPT/14GeV/data_749122161.root /tmp/maxwoo/21EF1A6A9139C9FD2A38E59AFB466F9A_1797/INPUTFILES/data_749122161.root
Running: cp /star/data01/pwg/xiatong/AMPT/14GeV/data_749128641.root /tmp/maxwoo/21EF1A6A9139C9FD2A38E59AFB466F9A_1797/INPUTFILES/data_749128641.root
Running: cp /star/data01/pwg/xiatong/AMPT/14GeV/data_749138831.root /tmp/maxwoo/21EF1A6A9139C9FD2A38E59AFB466F9A_1797/INPUTFILES/data_749138831.root
Running: cp /star/data01/pwg/xiatong/AMPT/14GeV/data_749149451.root /tmp/maxwoo/21EF1A6A9139C9FD2A38E59AFB466F9A_1797/INPUTFILES/data_749149451.root
Running: cp /star/data01/pwg/xiatong/AMPT/14GeV/data_749149511.root /tmp/maxwoo/21EF1A6A9139C9FD2A38E59AFB466F9A_1797/INPUTFILES/data_749149511.root
Running: cp /star/data01/pwg/xiatong/AMPT/14GeV/data_749149551.root /tmp/maxwoo/21EF1A6A9139C9FD2A38E59AFB466F9A_1797/INPUTFILES/data_749149551.root
Running: cp /star/data01/pwg/xiatong/AMPT/14GeV/data_749149571.root /tmp/maxwoo/21EF1A6A9139C9FD2A38E59AFB466F9A_1797/INPUTFILES/data_749149571.root
Running: cp /star/data01/pwg/xiatong/AMPT/14GeV/data_749149611.root /tmp/maxwoo/21EF1A6A9139C9FD2A38E59AFB466F9A_1797/INPUTFILES/data_749149611.root
Running: cp /star/data01/pwg/xiatong/AMPT/14GeV/data_749149641.root /tmp/maxwoo/21EF1A6A9139C9FD2A38E59AFB466F9A_1797/INPUTFILES/data_749149641.root
Running: cp /star/data01/pwg/xiatong/AMPT/14GeV/data_749149651.root /tmp/maxwoo/21EF1A6A9139C9FD2A38E59AFB466F9A_1797/INPUTFILES/data_749149651.root
Running: cp /star/data01/pwg/xiatong/AMPT/14GeV/data_749149661.root /tmp/maxwoo/21EF1A6A9139C9FD2A38E59AFB466F9A_1797/INPUTFILES/data_749149661.root
Running: cp /star/data01/pwg/xiatong/AMPT/14GeV/data_749149671.root /tmp/maxwoo/21EF1A6A9139C9FD2A38E59AFB466F9A_1797/INPUTFILES/data_749149671.root
Running: cp /star/data01/pwg/xiatong/AMPT/14GeV/data_749150231.root /tmp/maxwoo/21EF1A6A9139C9FD2A38E59AFB466F9A_1797/INPUTFILES/data_749150231.root
Running: cp /star/data01/pwg/xiatong/AMPT/14GeV/data_749150261.root /tmp/maxwoo/21EF1A6A9139C9FD2A38E59AFB466F9A_1797/INPUTFILES/data_749150261.root
Running: cp /star/data01/pwg/xiatong/AMPT/14GeV/data_749157491.root /tmp/maxwoo/21EF1A6A9139C9FD2A38E59AFB466F9A_1797/INPUTFILES/data_749157491.root
Running: cp /star/data01/pwg/xiatong/AMPT/14GeV/data_749157791.root /tmp/maxwoo/21EF1A6A9139C9FD2A38E59AFB466F9A_1797/INPUTFILES/data_749157791.root
Running: cp /star/data01/pwg/xiatong/AMPT/14GeV/data_749174921.root /tmp/maxwoo/21EF1A6A9139C9FD2A38E59AFB466F9A_1797/INPUTFILES/data_749174921.root
Running: cp /star/data01/pwg/xiatong/AMPT/14GeV/data_749417541.root /tmp/maxwoo/21EF1A6A9139C9FD2A38E59AFB466F9A_1797/INPUTFILES/data_749417541.root
Swapping $FILELIST with: /tmp/maxwoo/21EF1A6A9139C9FD2A38E59AFB466F9A_1797/INPUTFILES/21EF1A6A9139C9FD2A38E59AFB466F9A_1797.local.list
+++++++++++local copy debug++++++++++++++++++++
newFileList: /tmp/maxwoo/21EF1A6A9139C9FD2A38E59AFB466F9A_1797/INPUTFILES/21EF1A6A9139C9FD2A38E59AFB466F9A_1797.local.list
++++++++++++++++cat FILELIST+++++++++++++++++++
/tmp/maxwoo/21EF1A6A9139C9FD2A38E59AFB466F9A_1797/INPUTFILES/data_748189571.root 
/tmp/maxwoo/21EF1A6A9139C9FD2A38E59AFB466F9A_1797/INPUTFILES/data_748275621.root 
/tmp/maxwoo/21EF1A6A9139C9FD2A38E59AFB466F9A_1797/INPUTFILES/data_748775581.root 
/tmp/maxwoo/21EF1A6A9139C9FD2A38E59AFB466F9A_1797/INPUTFILES/data_748775601.root 
/tmp/maxwoo/21EF1A6A9139C9FD2A38E59AFB466F9A_1797/INPUTFILES/data_748775611.root 
/tmp/maxwoo/21EF1A6A9139C9FD2A38E59AFB466F9A_1797/INPUTFILES/data_748875591.root 
/tmp/maxwoo/21EF1A6A9139C9FD2A38E59AFB466F9A_1797/INPUTFILES/data_748920981.root 
/tmp/maxwoo/21EF1A6A9139C9FD2A38E59AFB466F9A_1797/INPUTFILES/data_748975571.root 
/tmp/maxwoo/21EF1A6A9139C9FD2A38E59AFB466F9A_1797/INPUTFILES/data_749108661.root 
/tmp/maxwoo/21EF1A6A9139C9FD2A38E59AFB466F9A_1797/INPUTFILES/data_749112291.root 
/tmp/maxwoo/21EF1A6A9139C9FD2A38E59AFB466F9A_1797/INPUTFILES/data_749112341.root 
/tmp/maxwoo/21EF1A6A9139C9FD2A38E59AFB466F9A_1797/INPUTFILES/data_749112561.root 
/tmp/maxwoo/21EF1A6A9139C9FD2A38E59AFB466F9A_1797/INPUTFILES/data_749112631.root 
/tmp/maxwoo/21EF1A6A9139C9FD2A38E59AFB466F9A_1797/INPUTFILES/data_749112651.root 
/tmp/maxwoo/21EF1A6A9139C9FD2A38E59AFB466F9A_1797/INPUTFILES/data_749112661.root 
/tmp/maxwoo/21EF1A6A9139C9FD2A38E59AFB466F9A_1797/INPUTFILES/data_749112671.root 
/tmp/maxwoo/21EF1A6A9139C9FD2A38E59AFB466F9A_1797/INPUTFILES/data_749112681.root 
/tmp/maxwoo/21EF1A6A9139C9FD2A38E59AFB466F9A_1797/INPUTFILES/data_749112701.root 
/tmp/maxwoo/21EF1A6A9139C9FD2A38E59AFB466F9A_1797/INPUTFILES/data_749112861.root 
/tmp/maxwoo/21EF1A6A9139C9FD2A38E59AFB466F9A_1797/INPUTFILES/data_749122161.root 
/tmp/maxwoo/21EF1A6A9139C9FD2A38E59AFB466F9A_1797/INPUTFILES/data_749128641.root 
/tmp/maxwoo/21EF1A6A9139C9FD2A38E59AFB466F9A_1797/INPUTFILES/data_749138831.root 
/tmp/maxwoo/21EF1A6A9139C9FD2A38E59AFB466F9A_1797/INPUTFILES/data_749149451.root 
/tmp/maxwoo/21EF1A6A9139C9FD2A38E59AFB466F9A_1797/INPUTFILES/data_749149511.root 
/tmp/maxwoo/21EF1A6A9139C9FD2A38E59AFB466F9A_1797/INPUTFILES/data_749149551.root 
/tmp/maxwoo/21EF1A6A9139C9FD2A38E59AFB466F9A_1797/INPUTFILES/data_749149571.root 
/tmp/maxwoo/21EF1A6A9139C9FD2A38E59AFB466F9A_1797/INPUTFILES/data_749149611.root 
/tmp/maxwoo/21EF1A6A9139C9FD2A38E59AFB466F9A_1797/INPUTFILES/data_749149641.root 
/tmp/maxwoo/21EF1A6A9139C9FD2A38E59AFB466F9A_1797/INPUTFILES/data_749149651.root 
/tmp/maxwoo/21EF1A6A9139C9FD2A38E59AFB466F9A_1797/INPUTFILES/data_749149661.root 
/tmp/maxwoo/21EF1A6A9139C9FD2A38E59AFB466F9A_1797/INPUTFILES/data_749149671.root 
/tmp/maxwoo/21EF1A6A9139C9FD2A38E59AFB466F9A_1797/INPUTFILES/data_749150231.root 
/tmp/maxwoo/21EF1A6A9139C9FD2A38E59AFB466F9A_1797/INPUTFILES/data_749150261.root 
/tmp/maxwoo/21EF1A6A9139C9FD2A38E59AFB466F9A_1797/INPUTFILES/data_749157491.root 
/tmp/maxwoo/21EF1A6A9139C9FD2A38E59AFB466F9A_1797/INPUTFILES/data_749157791.root 
/tmp/maxwoo/21EF1A6A9139C9FD2A38E59AFB466F9A_1797/INPUTFILES/data_749174921.root 
/tmp/maxwoo/21EF1A6A9139C9FD2A38E59AFB466F9A_1797/INPUTFILES/data_749417541.root 
++++++++++++++++++++find.++++++++++++++++++++++
.
./.sandboxFiles
./INPUTFILES
./INPUTFILES/data_749157491.root
./INPUTFILES/data_749122161.root
./INPUTFILES/data_749150261.root
./INPUTFILES/data_749112341.root
./INPUTFILES/data_749149571.root
./INPUTFILES/data_749108661.root
./INPUTFILES/data_749150231.root
./INPUTFILES/data_749149551.root
./INPUTFILES/data_748775611.root
./INPUTFILES/data_749174921.root
./INPUTFILES/data_749149671.root
./INPUTFILES/data_749417541.root
./INPUTFILES/data_748189571.root
./INPUTFILES/21EF1A6A9139C9FD2A38E59AFB466F9A_1797.local.list
./INPUTFILES/data_749149511.root
./INPUTFILES/data_749112671.root
./INPUTFILES/data_749112291.root
./INPUTFILES/data_748275621.root
./INPUTFILES/data_749112681.root
./INPUTFILES/data_749149661.root
./INPUTFILES/data_749112561.root
./INPUTFILES/data_748975571.root
./INPUTFILES/data_748775581.root
./INPUTFILES/data_749112861.root
./INPUTFILES/data_748875591.root
./INPUTFILES/data_749149451.root
./INPUTFILES/data_749128641.root
./INPUTFILES/data_749112661.root
./INPUTFILES/data_749149611.root
./INPUTFILES/data_749112651.root
./INPUTFILES/data_749112701.root
./INPUTFILES/data_749112631.root
./INPUTFILES/data_749157791.root
./INPUTFILES/data_748775601.root
./INPUTFILES/data_749149651.root
./INPUTFILES/data_749138831.root
./INPUTFILES/data_748920981.root
./INPUTFILES/data_749149641.root
./Check_Sness.C
./lib
./lib/NpartNormalizer.cpp
./lib/NpartNormalizer_cpp.d
./lib/CenMaker.cpp
./lib/CenMaker_cpp_ACLiC_dict_rdict.pcm
./lib/MixedBuffer_cpp.d
./lib/MixedBuffer_cpp.so
./lib/CenMaker_cpp.d
./lib/my_event_cpp_ACLiC_dict_rdict.pcm
./lib/my_particle_cpp.so
./lib/my_particle_cpp.d
./lib/NpartNormalizer_cpp.so
./lib/my_particle.h
./lib/my_event.cpp
./lib/my_event.h
./lib/my_particle_cpp_ACLiC_dict_rdict.pcm
./lib/NpartNormalizer.h
./lib/NpartNormalizer_cpp_ACLiC_dict_rdict.pcm
./lib/my_event_cpp.so
./lib/CenMaker.h
./lib/my_particle.cpp
./lib/MixedBuffer_cpp_ACLiC_dict_rdict.pcm
./lib/CenMaker_cpp.so
./lib/MixedBuffer.h
./lib/my_event_cpp.d
./lib/MixedBuffer.cpp
./.output.log
./.errror.log
./check_S.C
++++++++++++++++INPUTFILE Var++++++++++++++++++
FILELIST=/tmp/maxwoo/21EF1A6A9139C9FD2A38E59AFB466F9A_1797/INPUTFILES/21EF1A6A9139C9FD2A38E59AFB466F9A_1797.local.list
INPUTFILECOUNT=37
INPUTFILE0=/tmp/maxwoo/21EF1A6A9139C9FD2A38E59AFB466F9A_1797/INPUTFILES/data_748189571.root
INPUTFILE1=/tmp/maxwoo/21EF1A6A9139C9FD2A38E59AFB466F9A_1797/INPUTFILES/data_748275621.root
INPUTFILE2=/tmp/maxwoo/21EF1A6A9139C9FD2A38E59AFB466F9A_1797/INPUTFILES/data_748775581.root
INPUTFILE3=/tmp/maxwoo/21EF1A6A9139C9FD2A38E59AFB466F9A_1797/INPUTFILES/data_748775601.root
INPUTFILE4=/tmp/maxwoo/21EF1A6A9139C9FD2A38E59AFB466F9A_1797/INPUTFILES/data_748775611.root
INPUTFILE5=/tmp/maxwoo/21EF1A6A9139C9FD2A38E59AFB466F9A_1797/INPUTFILES/data_748875591.root
INPUTFILE6=/tmp/maxwoo/21EF1A6A9139C9FD2A38E59AFB466F9A_1797/INPUTFILES/data_748920981.root
INPUTFILE7=/tmp/maxwoo/21EF1A6A9139C9FD2A38E59AFB466F9A_1797/INPUTFILES/data_748975571.root
INPUTFILE8=/tmp/maxwoo/21EF1A6A9139C9FD2A38E59AFB466F9A_1797/INPUTFILES/data_749108661.root
INPUTFILE9=/tmp/maxwoo/21EF1A6A9139C9FD2A38E59AFB466F9A_1797/INPUTFILES/data_749112291.root
INPUTFILE10=/tmp/maxwoo/21EF1A6A9139C9FD2A38E59AFB466F9A_1797/INPUTFILES/data_749112341.root
INPUTFILE11=/tmp/maxwoo/21EF1A6A9139C9FD2A38E59AFB466F9A_1797/INPUTFILES/data_749112561.root
INPUTFILE12=/tmp/maxwoo/21EF1A6A9139C9FD2A38E59AFB466F9A_1797/INPUTFILES/data_749112631.root
INPUTFILE13=/tmp/maxwoo/21EF1A6A9139C9FD2A38E59AFB466F9A_1797/INPUTFILES/data_749112651.root
INPUTFILE14=/tmp/maxwoo/21EF1A6A9139C9FD2A38E59AFB466F9A_1797/INPUTFILES/data_749112661.root
INPUTFILE15=/tmp/maxwoo/21EF1A6A9139C9FD2A38E59AFB466F9A_1797/INPUTFILES/data_749112671.root
INPUTFILE16=/tmp/maxwoo/21EF1A6A9139C9FD2A38E59AFB466F9A_1797/INPUTFILES/data_749112681.root
INPUTFILE17=/tmp/maxwoo/21EF1A6A9139C9FD2A38E59AFB466F9A_1797/INPUTFILES/data_749112701.root
INPUTFILE18=/tmp/maxwoo/21EF1A6A9139C9FD2A38E59AFB466F9A_1797/INPUTFILES/data_749112861.root
INPUTFILE19=/tmp/maxwoo/21EF1A6A9139C9FD2A38E59AFB466F9A_1797/INPUTFILES/data_749122161.root
INPUTFILE20=/tmp/maxwoo/21EF1A6A9139C9FD2A38E59AFB466F9A_1797/INPUTFILES/data_749128641.root
INPUTFILE21=/tmp/maxwoo/21EF1A6A9139C9FD2A38E59AFB466F9A_1797/INPUTFILES/data_749138831.root
INPUTFILE22=/tmp/maxwoo/21EF1A6A9139C9FD2A38E59AFB466F9A_1797/INPUTFILES/data_749149451.root
INPUTFILE23=/tmp/maxwoo/21EF1A6A9139C9FD2A38E59AFB466F9A_1797/INPUTFILES/data_749149511.root
INPUTFILE24=/tmp/maxwoo/21EF1A6A9139C9FD2A38E59AFB466F9A_1797/INPUTFILES/data_749149551.root
INPUTFILE25=/tmp/maxwoo/21EF1A6A9139C9FD2A38E59AFB466F9A_1797/INPUTFILES/data_749149571.root
INPUTFILE26=/tmp/maxwoo/21EF1A6A9139C9FD2A38E59AFB466F9A_1797/INPUTFILES/data_749149611.root
INPUTFILE27=/tmp/maxwoo/21EF1A6A9139C9FD2A38E59AFB466F9A_1797/INPUTFILES/data_749149641.root
INPUTFILE28=/tmp/maxwoo/21EF1A6A9139C9FD2A38E59AFB466F9A_1797/INPUTFILES/data_749149651.root
INPUTFILE29=/tmp/maxwoo/21EF1A6A9139C9FD2A38E59AFB466F9A_1797/INPUTFILES/data_749149661.root
INPUTFILE30=/tmp/maxwoo/21EF1A6A9139C9FD2A38E59AFB466F9A_1797/INPUTFILES/data_749149671.root
INPUTFILE31=/tmp/maxwoo/21EF1A6A9139C9FD2A38E59AFB466F9A_1797/INPUTFILES/data_749150231.root
INPUTFILE32=/tmp/maxwoo/21EF1A6A9139C9FD2A38E59AFB466F9A_1797/INPUTFILES/data_749150261.root
INPUTFILE33=/tmp/maxwoo/21EF1A6A9139C9FD2A38E59AFB466F9A_1797/INPUTFILES/data_749157491.root
INPUTFILE34=/tmp/maxwoo/21EF1A6A9139C9FD2A38E59AFB466F9A_1797/INPUTFILES/data_749157791.root
INPUTFILE35=/tmp/maxwoo/21EF1A6A9139C9FD2A38E59AFB466F9A_1797/INPUTFILES/data_749174921.root
INPUTFILE36=/tmp/maxwoo/21EF1A6A9139C9FD2A38E59AFB466F9A_1797/INPUTFILES/data_749417541.root
LocalInputFileDir=/tmp/maxwoo/21EF1A6A9139C9FD2A38E59AFB466F9A_1797/INPUTFILES
NewFILELIST=/tmp/maxwoo/21EF1A6A9139C9FD2A38E59AFB466F9A_1797/INPUTFILES/21EF1A6A9139C9FD2A38E59AFB466F9A_1797.local.list
+++++++++++++++++++++++++++++++++++++++++++++++
--------------------------------
Simple Unified Meta Scheduler 1.10.50 we are starting in $SCRATCH : /home/tmp/maxwoo/21EF1A6A9139C9FD2A38E59AFB466F9A_1797
--------------------------------
total 16
lrwxrwxrwx 1 maxwoo rhstar   61 Jun  2 11:04 check_S.C -> /gpfs/mnt/gpfs01/star/pwg/xiatong/git/strangeness/./check_S.C
lrwxrwxrwx 1 maxwoo rhstar   65 Jun  2 11:04 Check_Sness.C -> /gpfs/mnt/gpfs01/star/pwg/xiatong/git/strangeness/./Check_Sness.C
drwxr-xr-x 2 maxwoo rhstar 4096 Jun  2 11:08 INPUTFILES
drwxr-xr-x 2 maxwoo rhstar 4096 Jun  2 11:04 lib
  *******************************************
  *                                         *
  *        W E L C O M E  to  R O O T       *
  *                                         *
  *   Version   5.34/38     12 March 2018   *
  *                                         *
  *  You are welcome to visit our Web site  *
  *          http://root.cern.ch            *
  *                                         *
  *******************************************

ROOT 5.34/38 (v5-34-38@v5-34-38, Mar 12 2018, 15:49:39 on linux)

CINT/ROOT C/C++ Interpreter version 5.18.00, July 2, 2010
Type ? for help. Commands must be C++ statements.
Enclose multiple statements between { }.
*** Float Point Exception is OFF ***
 *** Start at Date : Thu Jun  2 11:08:21 2022
QAInfo:You are using STAR_LEVEL : dev, ROOT_LEVEL : 5.34.38 and node : rcas2978.rcf.bnl.gov 

Processing check_S.C++("/tmp/maxwoo/21EF1A6A9139C9FD2A38E59AFB466F9A_1797/INPUTFILES/21EF1A6A9139C9FD2A38E59AFB466F9A_1797.local.list","21EF1A6A9139C9FD2A38E59AFB466F9A_1797",1)...
/tmp/maxwoo/21EF1A6A9139C9FD2A38E59AFB466F9A_1797/INPUTFILES/data_748189571.root 
/tmp/maxwoo/21EF1A6A9139C9FD2A38E59AFB466F9A_1797/INPUTFILES/data_748275621.root 
/tmp/maxwoo/21EF1A6A9139C9FD2A38E59AFB466F9A_1797/INPUTFILES/data_748775581.root 
/tmp/maxwoo/21EF1A6A9139C9FD2A38E59AFB466F9A_1797/INPUTFILES/data_748775601.root 
/tmp/maxwoo/21EF1A6A9139C9FD2A38E59AFB466F9A_1797/INPUTFILES/data_748775611.root 
/tmp/maxwoo/21EF1A6A9139C9FD2A38E59AFB466F9A_1797/INPUTFILES/data_748875591.root 
/tmp/maxwoo/21EF1A6A9139C9FD2A38E59AFB466F9A_1797/INPUTFILES/data_748920981.root 
/tmp/maxwoo/21EF1A6A9139C9FD2A38E59AFB466F9A_1797/INPUTFILES/data_748975571.root 
/tmp/maxwoo/21EF1A6A9139C9FD2A38E59AFB466F9A_1797/INPUTFILES/data_749108661.root 
/tmp/maxwoo/21EF1A6A9139C9FD2A38E59AFB466F9A_1797/INPUTFILES/data_749112291.root 
/tmp/maxwoo/21EF1A6A9139C9FD2A38E59AFB466F9A_1797/INPUTFILES/data_749112341.root 
/tmp/maxwoo/21EF1A6A9139C9FD2A38E59AFB466F9A_1797/INPUTFILES/data_749112561.root 
/tmp/maxwoo/21EF1A6A9139C9FD2A38E59AFB466F9A_1797/INPUTFILES/data_749112631.root 
/tmp/maxwoo/21EF1A6A9139C9FD2A38E59AFB466F9A_1797/INPUTFILES/data_749112651.root 
/tmp/maxwoo/21EF1A6A9139C9FD2A38E59AFB466F9A_1797/INPUTFILES/data_749112661.root 
/tmp/maxwoo/21EF1A6A9139C9FD2A38E59AFB466F9A_1797/INPUTFILES/data_749112671.root 
/tmp/maxwoo/21EF1A6A9139C9FD2A38E59AFB466F9A_1797/INPUTFILES/data_749112681.root 
/tmp/maxwoo/21EF1A6A9139C9FD2A38E59AFB466F9A_1797/INPUTFILES/data_749112701.root 
/tmp/maxwoo/21EF1A6A9139C9FD2A38E59AFB466F9A_1797/INPUTFILES/data_749112861.root 
/tmp/maxwoo/21EF1A6A9139C9FD2A38E59AFB466F9A_1797/INPUTFILES/data_749122161.root 
/tmp/maxwoo/21EF1A6A9139C9FD2A38E59AFB466F9A_1797/INPUTFILES/data_749128641.root 
/tmp/maxwoo/21EF1A6A9139C9FD2A38E59AFB466F9A_1797/INPUTFILES/data_749138831.root 
/tmp/maxwoo/21EF1A6A9139C9FD2A38E59AFB466F9A_1797/INPUTFILES/data_749149451.root 
/tmp/maxwoo/21EF1A6A9139C9FD2A38E59AFB466F9A_1797/INPUTFILES/data_749149511.root 
/tmp/maxwoo/21EF1A6A9139C9FD2A38E59AFB466F9A_1797/INPUTFILES/data_749149551.root 
/tmp/maxwoo/21EF1A6A9139C9FD2A38E59AFB466F9A_1797/INPUTFILES/data_749149571.root 
/tmp/maxwoo/21EF1A6A9139C9FD2A38E59AFB466F9A_1797/INPUTFILES/data_749149611.root 
/tmp/maxwoo/21EF1A6A9139C9FD2A38E59AFB466F9A_1797/INPUTFILES/data_749149641.root 
/tmp/maxwoo/21EF1A6A9139C9FD2A38E59AFB466F9A_1797/INPUTFILES/data_749149651.root 
/tmp/maxwoo/21EF1A6A9139C9FD2A38E59AFB466F9A_1797/INPUTFILES/data_749149661.root 
/tmp/maxwoo/21EF1A6A9139C9FD2A38E59AFB466F9A_1797/INPUTFILES/data_749149671.root 
/tmp/maxwoo/21EF1A6A9139C9FD2A38E59AFB466F9A_1797/INPUTFILES/data_749150231.root 
/tmp/maxwoo/21EF1A6A9139C9FD2A38E59AFB466F9A_1797/INPUTFILES/data_749150261.root 
/tmp/maxwoo/21EF1A6A9139C9FD2A38E59AFB466F9A_1797/INPUTFILES/data_749157491.root 
/tmp/maxwoo/21EF1A6A9139C9FD2A38E59AFB466F9A_1797/INPUTFILES/data_749157791.root 
/tmp/maxwoo/21EF1A6A9139C9FD2A38E59AFB466F9A_1797/INPUTFILES/data_749174921.root 
/tmp/maxwoo/21EF1A6A9139C9FD2A38E59AFB466F9A_1797/INPUTFILES/data_749417541.root 
Added 37 files
# entries in chain: 37000
Processing entry == 1000 == out of 37000.
Processing entry == 2000 == out of 37000.
Processing entry == 3000 == out of 37000.
Processing entry == 4000 == out of 37000.
Processing entry == 5000 == out of 37000.
Processing entry == 6000 == out of 37000.
Processing entry == 7000 == out of 37000.
Processing entry == 8000 == out of 37000.
Processing entry == 9000 == out of 37000.
Processing entry == 10000 == out of 37000.
Processing entry == 11000 == out of 37000.
Processing entry == 12000 == out of 37000.
Processing entry == 13000 == out of 37000.
Processing entry == 14000 == out of 37000.
Processing entry == 15000 == out of 37000.
Processing entry == 16000 == out of 37000.
Processing entry == 17000 == out of 37000.
Processing entry == 18000 == out of 37000.
Processing entry == 19000 == out of 37000.
Processing entry == 20000 == out of 37000.
Processing entry == 21000 == out of 37000.
Processing entry == 22000 == out of 37000.
Processing entry == 23000 == out of 37000.
Processing entry == 24000 == out of 37000.
Processing entry == 25000 == out of 37000.
Processing entry == 26000 == out of 37000.
Processing entry == 27000 == out of 37000.
Processing entry == 28000 == out of 37000.
Processing entry == 29000 == out of 37000.
Processing entry == 30000 == out of 37000.
Processing entry == 31000 == out of 37000.
Processing entry == 32000 == out of 37000.
Processing entry == 33000 == out of 37000.
Processing entry == 34000 == out of 37000.
Processing entry == 35000 == out of 37000.
Processing entry == 36000 == out of 37000.
Processing entry == 37000 == out of 37000.

This is the end of ROOT -- Goodbye

Cleaning up sandbox file:  /tmp/maxwoo/21EF1A6A9139C9FD2A38E59AFB466F9A_1797/check_S.C
Cleaning up sandbox file:  /tmp/maxwoo/21EF1A6A9139C9FD2A38E59AFB466F9A_1797/Check_Sness.C
Cleaning up sandbox file:  /tmp/maxwoo/21EF1A6A9139C9FD2A38E59AFB466F9A_1797/lib
Cleaning up sandbox file:  /tmp/maxwoo/21EF1A6A9139C9FD2A38E59AFB466F9A_1797/.sandboxFiles
Starting copy block
Running copy command:  /bin/cp -fp /tmp/maxwoo/21EF1A6A9139C9FD2A38E59AFB466F9A_1797/out_21EF1A6A9139C9FD2A38E59AFB466F9A_1797.root /star/data01/pwg/xiatong/git/strangeness/data/
44636 Execution of (/star/data01/pwg/xiatong/git/strangeness/script/sched21EF1A6A9139C9FD2A38E59AFB466F9A_1797.csh ) has ended, exiting normally
44636 We END on [Thu Jun  2 11:31:53 EDT 2022]
