We are starting on node: rcas2938.rcf.bnl.gov
HOME is not defined
Using getent method
HOME is now /star/u/maxwoo
22468 We will spawn ourselves (/star/data01/pwg/xiatong/git/strangeness/script/sched21EF1A6A9139C9FD2A38E59AFB466F9A_1176.csh )
22468 We BEGIN on [Thu Jun  2 11:22:05 EDT 2022]
[1] 22653
22468 We are waiting for 22653 
22468 Grandchild PID is 23430 - found in 10 x 1 seconds
22468 Establishing first watcher   on    Thu Jun  2 11:22:16 EDT 2022
22468 Process tree is 22468 (main) -> 22653 (child) -> 23430 (grandchild)
F S   UID   PID  PPID  C PRI  NI ADDR SZ WCHAN  TTY        TIME CMD
0 D 100667 23430 22653  0 80   0 - 32311 cxiWai ?          0:00 cp /star/data01/pwg/xiatong/AMPT/14GeV/data_385219111.root /tmp/maxwoo/21EF1A6A9139C9FD2A38E59AFB466F9A_1176/INPUTFILES/data_385219111.root
22468 Grandchild PID is 25534 - found in 20 x 2 seconds
22468 Grandchild to watch has changed on Thu Jun  2 11:22:37 EDT 2022
22468 Process tree is 22468 (main) -> 22653 (child) -> 25534 (grandchild)
F S   UID   PID  PPID  C PRI  NI ADDR SZ WCHAN  TTY        TIME CMD
0 D 100667 25534 22653  0 80   0 - 32311 cxiWai ?          0:00 cp /star/data01/pwg/xiatong/AMPT/14GeV/data_385235231.root /tmp/maxwoo/21EF1A6A9139C9FD2A38E59AFB466F9A_1176/INPUTFILES/data_385235231.root
22468 Grandchild PID is 26810 - found in 30 x 2 seconds
22468 Grandchild to watch has changed on Thu Jun  2 11:22:58 EDT 2022
22468 Process tree is 22468 (main) -> 22653 (child) -> 26810 (grandchild)
F S   UID   PID  PPID  C PRI  NI ADDR SZ WCHAN  TTY        TIME CMD
0 D 100667 26810 22653  0 80   0 - 32311 cxiWai ?          0:00 cp /star/data01/pwg/xiatong/AMPT/14GeV/data_385238211.root /tmp/maxwoo/21EF1A6A9139C9FD2A38E59AFB466F9A_1176/INPUTFILES/data_385238211.root
22468 Grandchild PID is 29335 - found in 40 x 2 seconds
22468 Grandchild to watch has changed on Thu Jun  2 11:23:19 EDT 2022
22468 Process tree is 22468 (main) -> 22653 (child) -> 29335 (grandchild)
F S   UID   PID  PPID  C PRI  NI ADDR SZ WCHAN  TTY        TIME CMD
0 D 100667 29335 22653  0 80   0 - 32311 cxiWai ?          0:00 cp /star/data01/pwg/xiatong/AMPT/14GeV/data_385418931.root /tmp/maxwoo/21EF1A6A9139C9FD2A38E59AFB466F9A_1176/INPUTFILES/data_385418931.root
22468 Grandchild PID is 31662 - found in 60 x 2 seconds
22468 Grandchild to watch has changed on Thu Jun  2 11:24:00 EDT 2022
22468 Process tree is 22468 (main) -> 22653 (child) -> 31662 (grandchild)
F S   UID   PID  PPID  C PRI  NI ADDR SZ WCHAN  TTY        TIME CMD
0 D 100667 31662 22653  0 80   0 - 32311 cxiWai ?          0:00 cp /star/data01/pwg/xiatong/AMPT/14GeV/data_385418981.root /tmp/maxwoo/21EF1A6A9139C9FD2A38E59AFB466F9A_1176/INPUTFILES/data_385418981.root
22468 Grandchild PID is 33156 - found in 70 x 2 seconds
22468 Grandchild to watch has changed on Thu Jun  2 11:24:21 EDT 2022
22468 Process tree is 22468 (main) -> 22653 (child) -> 33156 (grandchild)
F S   UID   PID  PPID  C PRI  NI ADDR SZ WCHAN  TTY        TIME CMD
0 D 100667 33156 22653  0 80   0 - 32311 cxiWai ?          0:00 cp /star/data01/pwg/xiatong/AMPT/14GeV/data_385419051.root /tmp/maxwoo/21EF1A6A9139C9FD2A38E59AFB466F9A_1176/INPUTFILES/data_385419051.root
22468 Grandchild PID is 34727 - found in 80 x 2 seconds
22468 Grandchild to watch has changed on Thu Jun  2 11:24:42 EDT 2022
22468 Process tree is 22468 (main) -> 22653 (child) -> 34727 (grandchild)
F S   UID   PID  PPID  C PRI  NI ADDR SZ WCHAN  TTY        TIME CMD
0 D 100667 34727 22653  0 80   0 - 32311 cxiWai ?          0:00 cp /star/data01/pwg/xiatong/AMPT/14GeV/data_385428571.root /tmp/maxwoo/21EF1A6A9139C9FD2A38E59AFB466F9A_1176/INPUTFILES/data_385428571.root
22468 Grandchild PID is 37326 - found in 100 x 2 seconds
22468 Grandchild to watch has changed on Thu Jun  2 11:25:23 EDT 2022
22468 Process tree is 22468 (main) -> 22653 (child) -> 37326 (grandchild)
F S   UID   PID  PPID  C PRI  NI ADDR SZ WCHAN  TTY        TIME CMD
0 D 100667 37326 22653  0 80   0 - 32311 cxiWai ?          0:00 cp /star/data01/pwg/xiatong/AMPT/14GeV/data_385456001.root /tmp/maxwoo/21EF1A6A9139C9FD2A38E59AFB466F9A_1176/INPUTFILES/data_385456001.root
22468 Grandchild PID is 38875 - found in 110 x 2 seconds
22468 Grandchild to watch has changed on Thu Jun  2 11:25:44 EDT 2022
22468 Process tree is 22468 (main) -> 22653 (child) -> 38875 (grandchild)
F S   UID   PID  PPID  C PRI  NI ADDR SZ WCHAN  TTY        TIME CMD
0 S 100667 38875 22653  0 80   0 -  1272 do_wai ?          0:00 root -b -q check_S.C++("/tmp/maxwoo/21EF1A6A9139C9FD2A38E59AFB466F9A_1176/INPUTFILES/21EF1A6A9139C9FD2A38E59AFB466F9A_1176.local.list","21EF1A6A9139C9FD2A38E59AFB466F9A_1176",1)
22653 Stepping into the main SUMS wrapper program with []
.... building sandbox
Running: cp /star/data01/pwg/xiatong/AMPT/14GeV/data_385196751.root /tmp/maxwoo/21EF1A6A9139C9FD2A38E59AFB466F9A_1176/INPUTFILES/data_385196751.root
Running: cp /star/data01/pwg/xiatong/AMPT/14GeV/data_385219061.root /tmp/maxwoo/21EF1A6A9139C9FD2A38E59AFB466F9A_1176/INPUTFILES/data_385219061.root
Running: cp /star/data01/pwg/xiatong/AMPT/14GeV/data_385219071.root /tmp/maxwoo/21EF1A6A9139C9FD2A38E59AFB466F9A_1176/INPUTFILES/data_385219071.root
Running: cp /star/data01/pwg/xiatong/AMPT/14GeV/data_385219081.root /tmp/maxwoo/21EF1A6A9139C9FD2A38E59AFB466F9A_1176/INPUTFILES/data_385219081.root
Running: cp /star/data01/pwg/xiatong/AMPT/14GeV/data_385219091.root /tmp/maxwoo/21EF1A6A9139C9FD2A38E59AFB466F9A_1176/INPUTFILES/data_385219091.root
Running: cp /star/data01/pwg/xiatong/AMPT/14GeV/data_385219111.root /tmp/maxwoo/21EF1A6A9139C9FD2A38E59AFB466F9A_1176/INPUTFILES/data_385219111.root
Running: cp /star/data01/pwg/xiatong/AMPT/14GeV/data_385219121.root /tmp/maxwoo/21EF1A6A9139C9FD2A38E59AFB466F9A_1176/INPUTFILES/data_385219121.root
Running: cp /star/data01/pwg/xiatong/AMPT/14GeV/data_385219131.root /tmp/maxwoo/21EF1A6A9139C9FD2A38E59AFB466F9A_1176/INPUTFILES/data_385219131.root
Running: cp /star/data01/pwg/xiatong/AMPT/14GeV/data_385219141.root /tmp/maxwoo/21EF1A6A9139C9FD2A38E59AFB466F9A_1176/INPUTFILES/data_385219141.root
Running: cp /star/data01/pwg/xiatong/AMPT/14GeV/data_385219161.root /tmp/maxwoo/21EF1A6A9139C9FD2A38E59AFB466F9A_1176/INPUTFILES/data_385219161.root
Running: cp /star/data01/pwg/xiatong/AMPT/14GeV/data_385219191.root /tmp/maxwoo/21EF1A6A9139C9FD2A38E59AFB466F9A_1176/INPUTFILES/data_385219191.root
Running: cp /star/data01/pwg/xiatong/AMPT/14GeV/data_385220291.root /tmp/maxwoo/21EF1A6A9139C9FD2A38E59AFB466F9A_1176/INPUTFILES/data_385220291.root
Running: cp /star/data01/pwg/xiatong/AMPT/14GeV/data_385220301.root /tmp/maxwoo/21EF1A6A9139C9FD2A38E59AFB466F9A_1176/INPUTFILES/data_385220301.root
Running: cp /star/data01/pwg/xiatong/AMPT/14GeV/data_385225551.root /tmp/maxwoo/21EF1A6A9139C9FD2A38E59AFB466F9A_1176/INPUTFILES/data_385225551.root
Running: cp /star/data01/pwg/xiatong/AMPT/14GeV/data_385226751.root /tmp/maxwoo/21EF1A6A9139C9FD2A38E59AFB466F9A_1176/INPUTFILES/data_385226751.root
Running: cp /star/data01/pwg/xiatong/AMPT/14GeV/data_385226941.root /tmp/maxwoo/21EF1A6A9139C9FD2A38E59AFB466F9A_1176/INPUTFILES/data_385226941.root
Running: cp /star/data01/pwg/xiatong/AMPT/14GeV/data_385230661.root /tmp/maxwoo/21EF1A6A9139C9FD2A38E59AFB466F9A_1176/INPUTFILES/data_385230661.root
Running: cp /star/data01/pwg/xiatong/AMPT/14GeV/data_385231111.root /tmp/maxwoo/21EF1A6A9139C9FD2A38E59AFB466F9A_1176/INPUTFILES/data_385231111.root
Running: cp /star/data01/pwg/xiatong/AMPT/14GeV/data_385231291.root /tmp/maxwoo/21EF1A6A9139C9FD2A38E59AFB466F9A_1176/INPUTFILES/data_385231291.root
Running: cp /star/data01/pwg/xiatong/AMPT/14GeV/data_385234911.root /tmp/maxwoo/21EF1A6A9139C9FD2A38E59AFB466F9A_1176/INPUTFILES/data_385234911.root
Running: cp /star/data01/pwg/xiatong/AMPT/14GeV/data_385235231.root /tmp/maxwoo/21EF1A6A9139C9FD2A38E59AFB466F9A_1176/INPUTFILES/data_385235231.root
Running: cp /star/data01/pwg/xiatong/AMPT/14GeV/data_385238211.root /tmp/maxwoo/21EF1A6A9139C9FD2A38E59AFB466F9A_1176/INPUTFILES/data_385238211.root
Running: cp /star/data01/pwg/xiatong/AMPT/14GeV/data_385319011.root /tmp/maxwoo/21EF1A6A9139C9FD2A38E59AFB466F9A_1176/INPUTFILES/data_385319011.root
Running: cp /star/data01/pwg/xiatong/AMPT/14GeV/data_385319031.root /tmp/maxwoo/21EF1A6A9139C9FD2A38E59AFB466F9A_1176/INPUTFILES/data_385319031.root
Running: cp /star/data01/pwg/xiatong/AMPT/14GeV/data_385319241.root /tmp/maxwoo/21EF1A6A9139C9FD2A38E59AFB466F9A_1176/INPUTFILES/data_385319241.root
Running: cp /star/data01/pwg/xiatong/AMPT/14GeV/data_385320221.root /tmp/maxwoo/21EF1A6A9139C9FD2A38E59AFB466F9A_1176/INPUTFILES/data_385320221.root
Running: cp /star/data01/pwg/xiatong/AMPT/14GeV/data_385330651.root /tmp/maxwoo/21EF1A6A9139C9FD2A38E59AFB466F9A_1176/INPUTFILES/data_385330651.root
Running: cp /star/data01/pwg/xiatong/AMPT/14GeV/data_385418931.root /tmp/maxwoo/21EF1A6A9139C9FD2A38E59AFB466F9A_1176/INPUTFILES/data_385418931.root
Running: cp /star/data01/pwg/xiatong/AMPT/14GeV/data_385418951.root /tmp/maxwoo/21EF1A6A9139C9FD2A38E59AFB466F9A_1176/INPUTFILES/data_385418951.root
Running: cp /star/data01/pwg/xiatong/AMPT/14GeV/data_385418981.root /tmp/maxwoo/21EF1A6A9139C9FD2A38E59AFB466F9A_1176/INPUTFILES/data_385418981.root
Running: cp /star/data01/pwg/xiatong/AMPT/14GeV/data_385419051.root /tmp/maxwoo/21EF1A6A9139C9FD2A38E59AFB466F9A_1176/INPUTFILES/data_385419051.root
Running: cp /star/data01/pwg/xiatong/AMPT/14GeV/data_385419181.root /tmp/maxwoo/21EF1A6A9139C9FD2A38E59AFB466F9A_1176/INPUTFILES/data_385419181.root
Running: cp /star/data01/pwg/xiatong/AMPT/14GeV/data_385428571.root /tmp/maxwoo/21EF1A6A9139C9FD2A38E59AFB466F9A_1176/INPUTFILES/data_385428571.root
Running: cp /star/data01/pwg/xiatong/AMPT/14GeV/data_385430471.root /tmp/maxwoo/21EF1A6A9139C9FD2A38E59AFB466F9A_1176/INPUTFILES/data_385430471.root
Running: cp /star/data01/pwg/xiatong/AMPT/14GeV/data_385456001.root /tmp/maxwoo/21EF1A6A9139C9FD2A38E59AFB466F9A_1176/INPUTFILES/data_385456001.root
Running: cp /star/data01/pwg/xiatong/AMPT/14GeV/data_385456011.root /tmp/maxwoo/21EF1A6A9139C9FD2A38E59AFB466F9A_1176/INPUTFILES/data_385456011.root
Running: cp /star/data01/pwg/xiatong/AMPT/14GeV/data_385518921.root /tmp/maxwoo/21EF1A6A9139C9FD2A38E59AFB466F9A_1176/INPUTFILES/data_385518921.root
Swapping $FILELIST with: /tmp/maxwoo/21EF1A6A9139C9FD2A38E59AFB466F9A_1176/INPUTFILES/21EF1A6A9139C9FD2A38E59AFB466F9A_1176.local.list
+++++++++++local copy debug++++++++++++++++++++
newFileList: /tmp/maxwoo/21EF1A6A9139C9FD2A38E59AFB466F9A_1176/INPUTFILES/21EF1A6A9139C9FD2A38E59AFB466F9A_1176.local.list
++++++++++++++++cat FILELIST+++++++++++++++++++
/tmp/maxwoo/21EF1A6A9139C9FD2A38E59AFB466F9A_1176/INPUTFILES/data_385196751.root 
/tmp/maxwoo/21EF1A6A9139C9FD2A38E59AFB466F9A_1176/INPUTFILES/data_385219061.root 
/tmp/maxwoo/21EF1A6A9139C9FD2A38E59AFB466F9A_1176/INPUTFILES/data_385219071.root 
/tmp/maxwoo/21EF1A6A9139C9FD2A38E59AFB466F9A_1176/INPUTFILES/data_385219081.root 
/tmp/maxwoo/21EF1A6A9139C9FD2A38E59AFB466F9A_1176/INPUTFILES/data_385219091.root 
/tmp/maxwoo/21EF1A6A9139C9FD2A38E59AFB466F9A_1176/INPUTFILES/data_385219111.root 
/tmp/maxwoo/21EF1A6A9139C9FD2A38E59AFB466F9A_1176/INPUTFILES/data_385219121.root 
/tmp/maxwoo/21EF1A6A9139C9FD2A38E59AFB466F9A_1176/INPUTFILES/data_385219131.root 
/tmp/maxwoo/21EF1A6A9139C9FD2A38E59AFB466F9A_1176/INPUTFILES/data_385219141.root 
/tmp/maxwoo/21EF1A6A9139C9FD2A38E59AFB466F9A_1176/INPUTFILES/data_385219161.root 
/tmp/maxwoo/21EF1A6A9139C9FD2A38E59AFB466F9A_1176/INPUTFILES/data_385219191.root 
/tmp/maxwoo/21EF1A6A9139C9FD2A38E59AFB466F9A_1176/INPUTFILES/data_385220291.root 
/tmp/maxwoo/21EF1A6A9139C9FD2A38E59AFB466F9A_1176/INPUTFILES/data_385220301.root 
/tmp/maxwoo/21EF1A6A9139C9FD2A38E59AFB466F9A_1176/INPUTFILES/data_385225551.root 
/tmp/maxwoo/21EF1A6A9139C9FD2A38E59AFB466F9A_1176/INPUTFILES/data_385226751.root 
/tmp/maxwoo/21EF1A6A9139C9FD2A38E59AFB466F9A_1176/INPUTFILES/data_385226941.root 
/tmp/maxwoo/21EF1A6A9139C9FD2A38E59AFB466F9A_1176/INPUTFILES/data_385230661.root 
/tmp/maxwoo/21EF1A6A9139C9FD2A38E59AFB466F9A_1176/INPUTFILES/data_385231111.root 
/tmp/maxwoo/21EF1A6A9139C9FD2A38E59AFB466F9A_1176/INPUTFILES/data_385231291.root 
/tmp/maxwoo/21EF1A6A9139C9FD2A38E59AFB466F9A_1176/INPUTFILES/data_385234911.root 
/tmp/maxwoo/21EF1A6A9139C9FD2A38E59AFB466F9A_1176/INPUTFILES/data_385235231.root 
/tmp/maxwoo/21EF1A6A9139C9FD2A38E59AFB466F9A_1176/INPUTFILES/data_385238211.root 
/tmp/maxwoo/21EF1A6A9139C9FD2A38E59AFB466F9A_1176/INPUTFILES/data_385319011.root 
/tmp/maxwoo/21EF1A6A9139C9FD2A38E59AFB466F9A_1176/INPUTFILES/data_385319031.root 
/tmp/maxwoo/21EF1A6A9139C9FD2A38E59AFB466F9A_1176/INPUTFILES/data_385319241.root 
/tmp/maxwoo/21EF1A6A9139C9FD2A38E59AFB466F9A_1176/INPUTFILES/data_385320221.root 
/tmp/maxwoo/21EF1A6A9139C9FD2A38E59AFB466F9A_1176/INPUTFILES/data_385330651.root 
/tmp/maxwoo/21EF1A6A9139C9FD2A38E59AFB466F9A_1176/INPUTFILES/data_385418931.root 
/tmp/maxwoo/21EF1A6A9139C9FD2A38E59AFB466F9A_1176/INPUTFILES/data_385418951.root 
/tmp/maxwoo/21EF1A6A9139C9FD2A38E59AFB466F9A_1176/INPUTFILES/data_385418981.root 
/tmp/maxwoo/21EF1A6A9139C9FD2A38E59AFB466F9A_1176/INPUTFILES/data_385419051.root 
/tmp/maxwoo/21EF1A6A9139C9FD2A38E59AFB466F9A_1176/INPUTFILES/data_385419181.root 
/tmp/maxwoo/21EF1A6A9139C9FD2A38E59AFB466F9A_1176/INPUTFILES/data_385428571.root 
/tmp/maxwoo/21EF1A6A9139C9FD2A38E59AFB466F9A_1176/INPUTFILES/data_385430471.root 
/tmp/maxwoo/21EF1A6A9139C9FD2A38E59AFB466F9A_1176/INPUTFILES/data_385456001.root 
/tmp/maxwoo/21EF1A6A9139C9FD2A38E59AFB466F9A_1176/INPUTFILES/data_385456011.root 
/tmp/maxwoo/21EF1A6A9139C9FD2A38E59AFB466F9A_1176/INPUTFILES/data_385518921.root 
++++++++++++++++++++find.++++++++++++++++++++++
.
./lib
./lib/my_event_cpp.so
./lib/my_particle.cpp
./lib/my_event_cpp.d
./lib/CenMaker_cpp_ACLiC_dict_rdict.pcm
./lib/CenMaker.h
./lib/NpartNormalizer.h
./lib/MixedBuffer_cpp.so
./lib/MixedBuffer_cpp.d
./lib/NpartNormalizer_cpp.d
./lib/CenMaker.cpp
./lib/CenMaker_cpp.d
./lib/CenMaker_cpp.so
./lib/NpartNormalizer_cpp.so
./lib/MixedBuffer.h
./lib/NpartNormalizer_cpp_ACLiC_dict_rdict.pcm
./lib/NpartNormalizer.cpp
./lib/my_particle_cpp.d
./lib/my_event.cpp
./lib/MixedBuffer_cpp_ACLiC_dict_rdict.pcm
./lib/my_particle.h
./lib/my_particle_cpp_ACLiC_dict_rdict.pcm
./lib/my_event.h
./lib/my_event_cpp_ACLiC_dict_rdict.pcm
./lib/MixedBuffer.cpp
./lib/my_particle_cpp.so
./Check_Sness.C
./.errror.log
./.sandboxFiles
./check_S.C
./.output.log
./INPUTFILES
./INPUTFILES/data_385196751.root
./INPUTFILES/data_385219131.root
./INPUTFILES/data_385226941.root
./INPUTFILES/data_385419051.root
./INPUTFILES/data_385219111.root
./INPUTFILES/data_385428571.root
./INPUTFILES/data_385319031.root
./INPUTFILES/data_385418981.root
./INPUTFILES/data_385518921.root
./INPUTFILES/data_385219081.root
./INPUTFILES/data_385419181.root
./INPUTFILES/data_385319241.root
./INPUTFILES/data_385238211.root
./INPUTFILES/data_385235231.root
./INPUTFILES/data_385231111.root
./INPUTFILES/data_385418951.root
./INPUTFILES/data_385319011.root
./INPUTFILES/data_385456011.root
./INPUTFILES/data_385231291.root
./INPUTFILES/data_385219121.root
./INPUTFILES/data_385226751.root
./INPUTFILES/data_385219141.root
./INPUTFILES/data_385219071.root
./INPUTFILES/data_385225551.root
./INPUTFILES/data_385220291.root
./INPUTFILES/data_385234911.root
./INPUTFILES/data_385220301.root
./INPUTFILES/data_385219061.root
./INPUTFILES/21EF1A6A9139C9FD2A38E59AFB466F9A_1176.local.list
./INPUTFILES/data_385230661.root
./INPUTFILES/data_385418931.root
./INPUTFILES/data_385430471.root
./INPUTFILES/data_385219161.root
./INPUTFILES/data_385219191.root
./INPUTFILES/data_385320221.root
./INPUTFILES/data_385456001.root
./INPUTFILES/data_385330651.root
./INPUTFILES/data_385219091.root
++++++++++++++++INPUTFILE Var++++++++++++++++++
FILELIST=/tmp/maxwoo/21EF1A6A9139C9FD2A38E59AFB466F9A_1176/INPUTFILES/21EF1A6A9139C9FD2A38E59AFB466F9A_1176.local.list
INPUTFILECOUNT=37
INPUTFILE0=/tmp/maxwoo/21EF1A6A9139C9FD2A38E59AFB466F9A_1176/INPUTFILES/data_385196751.root
INPUTFILE1=/tmp/maxwoo/21EF1A6A9139C9FD2A38E59AFB466F9A_1176/INPUTFILES/data_385219061.root
INPUTFILE2=/tmp/maxwoo/21EF1A6A9139C9FD2A38E59AFB466F9A_1176/INPUTFILES/data_385219071.root
INPUTFILE3=/tmp/maxwoo/21EF1A6A9139C9FD2A38E59AFB466F9A_1176/INPUTFILES/data_385219081.root
INPUTFILE4=/tmp/maxwoo/21EF1A6A9139C9FD2A38E59AFB466F9A_1176/INPUTFILES/data_385219091.root
INPUTFILE5=/tmp/maxwoo/21EF1A6A9139C9FD2A38E59AFB466F9A_1176/INPUTFILES/data_385219111.root
INPUTFILE6=/tmp/maxwoo/21EF1A6A9139C9FD2A38E59AFB466F9A_1176/INPUTFILES/data_385219121.root
INPUTFILE7=/tmp/maxwoo/21EF1A6A9139C9FD2A38E59AFB466F9A_1176/INPUTFILES/data_385219131.root
INPUTFILE8=/tmp/maxwoo/21EF1A6A9139C9FD2A38E59AFB466F9A_1176/INPUTFILES/data_385219141.root
INPUTFILE9=/tmp/maxwoo/21EF1A6A9139C9FD2A38E59AFB466F9A_1176/INPUTFILES/data_385219161.root
INPUTFILE10=/tmp/maxwoo/21EF1A6A9139C9FD2A38E59AFB466F9A_1176/INPUTFILES/data_385219191.root
INPUTFILE11=/tmp/maxwoo/21EF1A6A9139C9FD2A38E59AFB466F9A_1176/INPUTFILES/data_385220291.root
INPUTFILE12=/tmp/maxwoo/21EF1A6A9139C9FD2A38E59AFB466F9A_1176/INPUTFILES/data_385220301.root
INPUTFILE13=/tmp/maxwoo/21EF1A6A9139C9FD2A38E59AFB466F9A_1176/INPUTFILES/data_385225551.root
INPUTFILE14=/tmp/maxwoo/21EF1A6A9139C9FD2A38E59AFB466F9A_1176/INPUTFILES/data_385226751.root
INPUTFILE15=/tmp/maxwoo/21EF1A6A9139C9FD2A38E59AFB466F9A_1176/INPUTFILES/data_385226941.root
INPUTFILE16=/tmp/maxwoo/21EF1A6A9139C9FD2A38E59AFB466F9A_1176/INPUTFILES/data_385230661.root
INPUTFILE17=/tmp/maxwoo/21EF1A6A9139C9FD2A38E59AFB466F9A_1176/INPUTFILES/data_385231111.root
INPUTFILE18=/tmp/maxwoo/21EF1A6A9139C9FD2A38E59AFB466F9A_1176/INPUTFILES/data_385231291.root
INPUTFILE19=/tmp/maxwoo/21EF1A6A9139C9FD2A38E59AFB466F9A_1176/INPUTFILES/data_385234911.root
INPUTFILE20=/tmp/maxwoo/21EF1A6A9139C9FD2A38E59AFB466F9A_1176/INPUTFILES/data_385235231.root
INPUTFILE21=/tmp/maxwoo/21EF1A6A9139C9FD2A38E59AFB466F9A_1176/INPUTFILES/data_385238211.root
INPUTFILE22=/tmp/maxwoo/21EF1A6A9139C9FD2A38E59AFB466F9A_1176/INPUTFILES/data_385319011.root
INPUTFILE23=/tmp/maxwoo/21EF1A6A9139C9FD2A38E59AFB466F9A_1176/INPUTFILES/data_385319031.root
INPUTFILE24=/tmp/maxwoo/21EF1A6A9139C9FD2A38E59AFB466F9A_1176/INPUTFILES/data_385319241.root
INPUTFILE25=/tmp/maxwoo/21EF1A6A9139C9FD2A38E59AFB466F9A_1176/INPUTFILES/data_385320221.root
INPUTFILE26=/tmp/maxwoo/21EF1A6A9139C9FD2A38E59AFB466F9A_1176/INPUTFILES/data_385330651.root
INPUTFILE27=/tmp/maxwoo/21EF1A6A9139C9FD2A38E59AFB466F9A_1176/INPUTFILES/data_385418931.root
INPUTFILE28=/tmp/maxwoo/21EF1A6A9139C9FD2A38E59AFB466F9A_1176/INPUTFILES/data_385418951.root
INPUTFILE29=/tmp/maxwoo/21EF1A6A9139C9FD2A38E59AFB466F9A_1176/INPUTFILES/data_385418981.root
INPUTFILE30=/tmp/maxwoo/21EF1A6A9139C9FD2A38E59AFB466F9A_1176/INPUTFILES/data_385419051.root
INPUTFILE31=/tmp/maxwoo/21EF1A6A9139C9FD2A38E59AFB466F9A_1176/INPUTFILES/data_385419181.root
INPUTFILE32=/tmp/maxwoo/21EF1A6A9139C9FD2A38E59AFB466F9A_1176/INPUTFILES/data_385428571.root
INPUTFILE33=/tmp/maxwoo/21EF1A6A9139C9FD2A38E59AFB466F9A_1176/INPUTFILES/data_385430471.root
INPUTFILE34=/tmp/maxwoo/21EF1A6A9139C9FD2A38E59AFB466F9A_1176/INPUTFILES/data_385456001.root
INPUTFILE35=/tmp/maxwoo/21EF1A6A9139C9FD2A38E59AFB466F9A_1176/INPUTFILES/data_385456011.root
INPUTFILE36=/tmp/maxwoo/21EF1A6A9139C9FD2A38E59AFB466F9A_1176/INPUTFILES/data_385518921.root
LocalInputFileDir=/tmp/maxwoo/21EF1A6A9139C9FD2A38E59AFB466F9A_1176/INPUTFILES
NewFILELIST=/tmp/maxwoo/21EF1A6A9139C9FD2A38E59AFB466F9A_1176/INPUTFILES/21EF1A6A9139C9FD2A38E59AFB466F9A_1176.local.list
+++++++++++++++++++++++++++++++++++++++++++++++
--------------------------------
Simple Unified Meta Scheduler 1.10.50 we are starting in $SCRATCH : /home/tmp/maxwoo/21EF1A6A9139C9FD2A38E59AFB466F9A_1176
--------------------------------
total 16
lrwxrwxrwx 1 maxwoo rhstar   61 Jun  2 11:22 check_S.C -> /gpfs/mnt/gpfs01/star/pwg/xiatong/git/strangeness/./check_S.C
lrwxrwxrwx 1 maxwoo rhstar   65 Jun  2 11:22 Check_Sness.C -> /gpfs/mnt/gpfs01/star/pwg/xiatong/git/strangeness/./Check_Sness.C
drwxr-xr-x 2 maxwoo rhstar 4096 Jun  2 11:25 INPUTFILES
drwxr-xr-x 2 maxwoo rhstar 4096 Jun  2 11:22 lib
  *******************************************
  *                                         *
  *        W E L C O M E  to  R O O T       *
  *                                         *
  *   Version   5.34/38     12 March 2018   *
  *                                         *
  *  You are welcome to visit our Web site  *
  *          http://root.cern.ch            *
  *                                         *
  *******************************************

ROOT 5.34/38 (v5-34-38@v5-34-38, Mar 12 2018, 15:49:39 on linux)

CINT/ROOT C/C++ Interpreter version 5.18.00, July 2, 2010
Type ? for help. Commands must be C++ statements.
Enclose multiple statements between { }.
*** Float Point Exception is OFF ***
 *** Start at Date : Thu Jun  2 11:25:31 2022
QAInfo:You are using STAR_LEVEL : dev, ROOT_LEVEL : 5.34.38 and node : rcas2938.rcf.bnl.gov 

Processing check_S.C++("/tmp/maxwoo/21EF1A6A9139C9FD2A38E59AFB466F9A_1176/INPUTFILES/21EF1A6A9139C9FD2A38E59AFB466F9A_1176.local.list","21EF1A6A9139C9FD2A38E59AFB466F9A_1176",1)...
/tmp/maxwoo/21EF1A6A9139C9FD2A38E59AFB466F9A_1176/INPUTFILES/data_385196751.root 
/tmp/maxwoo/21EF1A6A9139C9FD2A38E59AFB466F9A_1176/INPUTFILES/data_385219061.root 
/tmp/maxwoo/21EF1A6A9139C9FD2A38E59AFB466F9A_1176/INPUTFILES/data_385219071.root 
/tmp/maxwoo/21EF1A6A9139C9FD2A38E59AFB466F9A_1176/INPUTFILES/data_385219081.root 
/tmp/maxwoo/21EF1A6A9139C9FD2A38E59AFB466F9A_1176/INPUTFILES/data_385219091.root 
/tmp/maxwoo/21EF1A6A9139C9FD2A38E59AFB466F9A_1176/INPUTFILES/data_385219111.root 
/tmp/maxwoo/21EF1A6A9139C9FD2A38E59AFB466F9A_1176/INPUTFILES/data_385219121.root 
/tmp/maxwoo/21EF1A6A9139C9FD2A38E59AFB466F9A_1176/INPUTFILES/data_385219131.root 
/tmp/maxwoo/21EF1A6A9139C9FD2A38E59AFB466F9A_1176/INPUTFILES/data_385219141.root 
/tmp/maxwoo/21EF1A6A9139C9FD2A38E59AFB466F9A_1176/INPUTFILES/data_385219161.root 
/tmp/maxwoo/21EF1A6A9139C9FD2A38E59AFB466F9A_1176/INPUTFILES/data_385219191.root 
/tmp/maxwoo/21EF1A6A9139C9FD2A38E59AFB466F9A_1176/INPUTFILES/data_385220291.root 
/tmp/maxwoo/21EF1A6A9139C9FD2A38E59AFB466F9A_1176/INPUTFILES/data_385220301.root 
/tmp/maxwoo/21EF1A6A9139C9FD2A38E59AFB466F9A_1176/INPUTFILES/data_385225551.root 
/tmp/maxwoo/21EF1A6A9139C9FD2A38E59AFB466F9A_1176/INPUTFILES/data_385226751.root 
/tmp/maxwoo/21EF1A6A9139C9FD2A38E59AFB466F9A_1176/INPUTFILES/data_385226941.root 
/tmp/maxwoo/21EF1A6A9139C9FD2A38E59AFB466F9A_1176/INPUTFILES/data_385230661.root 
/tmp/maxwoo/21EF1A6A9139C9FD2A38E59AFB466F9A_1176/INPUTFILES/data_385231111.root 
/tmp/maxwoo/21EF1A6A9139C9FD2A38E59AFB466F9A_1176/INPUTFILES/data_385231291.root 
/tmp/maxwoo/21EF1A6A9139C9FD2A38E59AFB466F9A_1176/INPUTFILES/data_385234911.root 
/tmp/maxwoo/21EF1A6A9139C9FD2A38E59AFB466F9A_1176/INPUTFILES/data_385235231.root 
/tmp/maxwoo/21EF1A6A9139C9FD2A38E59AFB466F9A_1176/INPUTFILES/data_385238211.root 
/tmp/maxwoo/21EF1A6A9139C9FD2A38E59AFB466F9A_1176/INPUTFILES/data_385319011.root 
/tmp/maxwoo/21EF1A6A9139C9FD2A38E59AFB466F9A_1176/INPUTFILES/data_385319031.root 
/tmp/maxwoo/21EF1A6A9139C9FD2A38E59AFB466F9A_1176/INPUTFILES/data_385319241.root 
/tmp/maxwoo/21EF1A6A9139C9FD2A38E59AFB466F9A_1176/INPUTFILES/data_385320221.root 
/tmp/maxwoo/21EF1A6A9139C9FD2A38E59AFB466F9A_1176/INPUTFILES/data_385330651.root 
/tmp/maxwoo/21EF1A6A9139C9FD2A38E59AFB466F9A_1176/INPUTFILES/data_385418931.root 
/tmp/maxwoo/21EF1A6A9139C9FD2A38E59AFB466F9A_1176/INPUTFILES/data_385418951.root 
/tmp/maxwoo/21EF1A6A9139C9FD2A38E59AFB466F9A_1176/INPUTFILES/data_385418981.root 
/tmp/maxwoo/21EF1A6A9139C9FD2A38E59AFB466F9A_1176/INPUTFILES/data_385419051.root 
/tmp/maxwoo/21EF1A6A9139C9FD2A38E59AFB466F9A_1176/INPUTFILES/data_385419181.root 
/tmp/maxwoo/21EF1A6A9139C9FD2A38E59AFB466F9A_1176/INPUTFILES/data_385428571.root 
/tmp/maxwoo/21EF1A6A9139C9FD2A38E59AFB466F9A_1176/INPUTFILES/data_385430471.root 
/tmp/maxwoo/21EF1A6A9139C9FD2A38E59AFB466F9A_1176/INPUTFILES/data_385456001.root 
/tmp/maxwoo/21EF1A6A9139C9FD2A38E59AFB466F9A_1176/INPUTFILES/data_385456011.root 
/tmp/maxwoo/21EF1A6A9139C9FD2A38E59AFB466F9A_1176/INPUTFILES/data_385518921.root 
Added 37 files
# entries in chain: 37000
Processing entry == 1000 == out of 37000.
Processing entry == 2000 == out of 37000.
Processing entry == 3000 == out of 37000.
Processing entry == 4000 == out of 37000.
Processing entry == 5000 == out of 37000.
Processing entry == 6000 == out of 37000.
Processing entry == 7000 == out of 37000.
Processing entry == 8000 == out of 37000.
Processing entry == 9000 == out of 37000.
Processing entry == 10000 == out of 37000.
Processing entry == 11000 == out of 37000.
Processing entry == 12000 == out of 37000.
Processing entry == 13000 == out of 37000.
Processing entry == 14000 == out of 37000.
Processing entry == 15000 == out of 37000.
Processing entry == 16000 == out of 37000.
Processing entry == 17000 == out of 37000.
Processing entry == 18000 == out of 37000.
Processing entry == 19000 == out of 37000.
Processing entry == 20000 == out of 37000.
Processing entry == 21000 == out of 37000.
Processing entry == 22000 == out of 37000.
Processing entry == 23000 == out of 37000.
Processing entry == 24000 == out of 37000.
Processing entry == 25000 == out of 37000.
Processing entry == 26000 == out of 37000.
Processing entry == 27000 == out of 37000.
Processing entry == 28000 == out of 37000.
Processing entry == 29000 == out of 37000.
Processing entry == 30000 == out of 37000.
Processing entry == 31000 == out of 37000.
Processing entry == 32000 == out of 37000.
Processing entry == 33000 == out of 37000.
Processing entry == 34000 == out of 37000.
Processing entry == 35000 == out of 37000.
Processing entry == 36000 == out of 37000.
Processing entry == 37000 == out of 37000.

This is the end of ROOT -- Goodbye

Cleaning up sandbox file:  /tmp/maxwoo/21EF1A6A9139C9FD2A38E59AFB466F9A_1176/check_S.C
Cleaning up sandbox file:  /tmp/maxwoo/21EF1A6A9139C9FD2A38E59AFB466F9A_1176/Check_Sness.C
Cleaning up sandbox file:  /tmp/maxwoo/21EF1A6A9139C9FD2A38E59AFB466F9A_1176/lib
Cleaning up sandbox file:  /tmp/maxwoo/21EF1A6A9139C9FD2A38E59AFB466F9A_1176/.sandboxFiles
Starting copy block
Running copy command:  /bin/cp -fp /tmp/maxwoo/21EF1A6A9139C9FD2A38E59AFB466F9A_1176/out_21EF1A6A9139C9FD2A38E59AFB466F9A_1176.root /star/data01/pwg/xiatong/git/strangeness/data/
22468 Execution of (/star/data01/pwg/xiatong/git/strangeness/script/sched21EF1A6A9139C9FD2A38E59AFB466F9A_1176.csh ) has ended, exiting normally
22468 We END on [Thu Jun  2 11:49:30 EDT 2022]
