We are starting on node: rcas6278.rcf.bnl.gov
HOME is not defined
Using getent method
HOME is now /star/u/maxwoo
56513 We will spawn ourselves (/star/data01/pwg/xiatong/git/strangeness/script/sched21EF1A6A9139C9FD2A38E59AFB466F9A_893.csh )
56513 We BEGIN on [Thu Jun  2 11:24:24 EDT 2022]
[1] 56698
56513 We are waiting for 56698 
56513 Grandchild PID is 57001 - found in 10 x 1 seconds
56513 Establishing first watcher   on    Thu Jun  2 11:24:35 EDT 2022
56513 Process tree is 56513 (main) -> 56698 (child) -> 57001 (grandchild)
F S   UID   PID  PPID  C PRI  NI ADDR SZ WCHAN  TTY        TIME CMD
0 D 100667 57001 56698  0 80   0 - 32311 cxiWai ?          0:00 cp /star/data01/pwg/xiatong/AMPT/14GeV/data_305959431.root /tmp/maxwoo/21EF1A6A9139C9FD2A38E59AFB466F9A_893/INPUTFILES/data_305959431.root
56513 Grandchild PID is 57612 - found in 20 x 2 seconds
56513 Grandchild to watch has changed on Thu Jun  2 11:24:56 EDT 2022
56513 Process tree is 56513 (main) -> 56698 (child) -> 57612 (grandchild)
F S   UID   PID  PPID  C PRI  NI ADDR SZ WCHAN  TTY        TIME CMD
0 D 100667 57612 56698  0 80   0 - 32311 cxiWai ?          0:00 cp /star/data01/pwg/xiatong/AMPT/14GeV/data_305959521.root /tmp/maxwoo/21EF1A6A9139C9FD2A38E59AFB466F9A_893/INPUTFILES/data_305959521.root
56513 Grandchild PID is 59193 - found in 40 x 2 seconds
56513 Grandchild to watch has changed on Thu Jun  2 11:25:37 EDT 2022
56513 Process tree is 56513 (main) -> 56698 (child) -> 59193 (grandchild)
F S   UID   PID  PPID  C PRI  NI ADDR SZ WCHAN  TTY        TIME CMD
0 D 100667 59193 56698  0 80   0 - 32311 cxiWai ?          0:00 cp /star/data01/pwg/xiatong/AMPT/14GeV/data_305959811.root /tmp/maxwoo/21EF1A6A9139C9FD2A38E59AFB466F9A_893/INPUTFILES/data_305959811.root
56513 Grandchild PID is 59484 - found in 50 x 2 seconds
56513 Grandchild to watch has changed on Thu Jun  2 11:25:58 EDT 2022
56513 Process tree is 56513 (main) -> 56698 (child) -> 59484 (grandchild)
F S   UID   PID  PPID  C PRI  NI ADDR SZ WCHAN  TTY        TIME CMD
0 D 100667 59484 56698  0 80   0 - 32311 cxiWai ?          0:00 cp /star/data01/pwg/xiatong/AMPT/14GeV/data_305959821.root /tmp/maxwoo/21EF1A6A9139C9FD2A38E59AFB466F9A_893/INPUTFILES/data_305959821.root
56513 Grandchild PID is 60127 - found in 60 x 2 seconds
56513 Grandchild to watch has changed on Thu Jun  2 11:26:18 EDT 2022
56513 Process tree is 56513 (main) -> 56698 (child) -> 60127 (grandchild)
F S   UID   PID  PPID  C PRI  NI ADDR SZ WCHAN  TTY        TIME CMD
0 D 100667 60127 56698  0 80   0 - 32311 cxiWai ?          0:00 cp /star/data01/pwg/xiatong/AMPT/14GeV/data_306029121.root /tmp/maxwoo/21EF1A6A9139C9FD2A38E59AFB466F9A_893/INPUTFILES/data_306029121.root
56513 Grandchild PID is 60650 - found in 70 x 2 seconds
56513 Grandchild to watch has changed on Thu Jun  2 11:26:39 EDT 2022
56513 Process tree is 56513 (main) -> 56698 (child) -> 60650 (grandchild)
F S   UID   PID  PPID  C PRI  NI ADDR SZ WCHAN  TTY        TIME CMD
0 D 100667 60650 56698  0 80   0 - 32311 cxiWai ?          0:00 cp /star/data01/pwg/xiatong/AMPT/14GeV/data_306029131.root /tmp/maxwoo/21EF1A6A9139C9FD2A38E59AFB466F9A_893/INPUTFILES/data_306029131.root
56513 Grandchild PID is 63766 - found in 90 x 2 seconds
56513 Grandchild to watch has changed on Thu Jun  2 11:27:20 EDT 2022
56513 Process tree is 56513 (main) -> 56698 (child) -> 63766 (grandchild)
F S   UID   PID  PPID  C PRI  NI ADDR SZ WCHAN  TTY        TIME CMD
0 D 100667 63766 56698  0 80   0 - 32311 cxiWai ?          0:00 cp /star/data01/pwg/xiatong/AMPT/14GeV/data_306029451.root /tmp/maxwoo/21EF1A6A9139C9FD2A38E59AFB466F9A_893/INPUTFILES/data_306029451.root
56513 Grandchild PID is 65187 - found in 100 x 2 seconds
56513 Grandchild to watch has changed on Thu Jun  2 11:27:41 EDT 2022
56513 Process tree is 56513 (main) -> 56698 (child) -> 65187 (grandchild)
F S   UID   PID  PPID  C PRI  NI ADDR SZ WCHAN  TTY        TIME CMD
0 S 100667 65187 56698  0 80   0 -  1272 do_wai ?          0:00 root -b -q check_S.C++("/tmp/maxwoo/21EF1A6A9139C9FD2A38E59AFB466F9A_893/INPUTFILES/21EF1A6A9139C9FD2A38E59AFB466F9A_893.local.list","21EF1A6A9139C9FD2A38E59AFB466F9A_893",1)
56698 Stepping into the main SUMS wrapper program with []
.... building sandbox
Running: cp /star/data01/pwg/xiatong/AMPT/14GeV/data_305956441.root /tmp/maxwoo/21EF1A6A9139C9FD2A38E59AFB466F9A_893/INPUTFILES/data_305956441.root
Running: cp /star/data01/pwg/xiatong/AMPT/14GeV/data_305957731.root /tmp/maxwoo/21EF1A6A9139C9FD2A38E59AFB466F9A_893/INPUTFILES/data_305957731.root
Running: cp /star/data01/pwg/xiatong/AMPT/14GeV/data_305959131.root /tmp/maxwoo/21EF1A6A9139C9FD2A38E59AFB466F9A_893/INPUTFILES/data_305959131.root
Running: cp /star/data01/pwg/xiatong/AMPT/14GeV/data_305959201.root /tmp/maxwoo/21EF1A6A9139C9FD2A38E59AFB466F9A_893/INPUTFILES/data_305959201.root
Running: cp /star/data01/pwg/xiatong/AMPT/14GeV/data_305959271.root /tmp/maxwoo/21EF1A6A9139C9FD2A38E59AFB466F9A_893/INPUTFILES/data_305959271.root
Running: cp /star/data01/pwg/xiatong/AMPT/14GeV/data_305959281.root /tmp/maxwoo/21EF1A6A9139C9FD2A38E59AFB466F9A_893/INPUTFILES/data_305959281.root
Running: cp /star/data01/pwg/xiatong/AMPT/14GeV/data_305959291.root /tmp/maxwoo/21EF1A6A9139C9FD2A38E59AFB466F9A_893/INPUTFILES/data_305959291.root
Running: cp /star/data01/pwg/xiatong/AMPT/14GeV/data_305959431.root /tmp/maxwoo/21EF1A6A9139C9FD2A38E59AFB466F9A_893/INPUTFILES/data_305959431.root
Running: cp /star/data01/pwg/xiatong/AMPT/14GeV/data_305959521.root /tmp/maxwoo/21EF1A6A9139C9FD2A38E59AFB466F9A_893/INPUTFILES/data_305959521.root
Running: cp /star/data01/pwg/xiatong/AMPT/14GeV/data_305959651.root /tmp/maxwoo/21EF1A6A9139C9FD2A38E59AFB466F9A_893/INPUTFILES/data_305959651.root
Running: cp /star/data01/pwg/xiatong/AMPT/14GeV/data_305959711.root /tmp/maxwoo/21EF1A6A9139C9FD2A38E59AFB466F9A_893/INPUTFILES/data_305959711.root
Running: cp /star/data01/pwg/xiatong/AMPT/14GeV/data_305959721.root /tmp/maxwoo/21EF1A6A9139C9FD2A38E59AFB466F9A_893/INPUTFILES/data_305959721.root
Running: cp /star/data01/pwg/xiatong/AMPT/14GeV/data_305959731.root /tmp/maxwoo/21EF1A6A9139C9FD2A38E59AFB466F9A_893/INPUTFILES/data_305959731.root
Running: cp /star/data01/pwg/xiatong/AMPT/14GeV/data_305959741.root /tmp/maxwoo/21EF1A6A9139C9FD2A38E59AFB466F9A_893/INPUTFILES/data_305959741.root
Running: cp /star/data01/pwg/xiatong/AMPT/14GeV/data_305959771.root /tmp/maxwoo/21EF1A6A9139C9FD2A38E59AFB466F9A_893/INPUTFILES/data_305959771.root
Running: cp /star/data01/pwg/xiatong/AMPT/14GeV/data_305959801.root /tmp/maxwoo/21EF1A6A9139C9FD2A38E59AFB466F9A_893/INPUTFILES/data_305959801.root
Running: cp /star/data01/pwg/xiatong/AMPT/14GeV/data_305959811.root /tmp/maxwoo/21EF1A6A9139C9FD2A38E59AFB466F9A_893/INPUTFILES/data_305959811.root
Running: cp /star/data01/pwg/xiatong/AMPT/14GeV/data_305959821.root /tmp/maxwoo/21EF1A6A9139C9FD2A38E59AFB466F9A_893/INPUTFILES/data_305959821.root
Running: cp /star/data01/pwg/xiatong/AMPT/14GeV/data_305959831.root /tmp/maxwoo/21EF1A6A9139C9FD2A38E59AFB466F9A_893/INPUTFILES/data_305959831.root
Running: cp /star/data01/pwg/xiatong/AMPT/14GeV/data_306029031.root /tmp/maxwoo/21EF1A6A9139C9FD2A38E59AFB466F9A_893/INPUTFILES/data_306029031.root
Running: cp /star/data01/pwg/xiatong/AMPT/14GeV/data_306029061.root /tmp/maxwoo/21EF1A6A9139C9FD2A38E59AFB466F9A_893/INPUTFILES/data_306029061.root
Running: cp /star/data01/pwg/xiatong/AMPT/14GeV/data_306029101.root /tmp/maxwoo/21EF1A6A9139C9FD2A38E59AFB466F9A_893/INPUTFILES/data_306029101.root
Running: cp /star/data01/pwg/xiatong/AMPT/14GeV/data_306029111.root /tmp/maxwoo/21EF1A6A9139C9FD2A38E59AFB466F9A_893/INPUTFILES/data_306029111.root
Running: cp /star/data01/pwg/xiatong/AMPT/14GeV/data_306029121.root /tmp/maxwoo/21EF1A6A9139C9FD2A38E59AFB466F9A_893/INPUTFILES/data_306029121.root
Running: cp /star/data01/pwg/xiatong/AMPT/14GeV/data_306029131.root /tmp/maxwoo/21EF1A6A9139C9FD2A38E59AFB466F9A_893/INPUTFILES/data_306029131.root
Running: cp /star/data01/pwg/xiatong/AMPT/14GeV/data_306029351.root /tmp/maxwoo/21EF1A6A9139C9FD2A38E59AFB466F9A_893/INPUTFILES/data_306029351.root
Running: cp /star/data01/pwg/xiatong/AMPT/14GeV/data_306029361.root /tmp/maxwoo/21EF1A6A9139C9FD2A38E59AFB466F9A_893/INPUTFILES/data_306029361.root
Running: cp /star/data01/pwg/xiatong/AMPT/14GeV/data_306029371.root /tmp/maxwoo/21EF1A6A9139C9FD2A38E59AFB466F9A_893/INPUTFILES/data_306029371.root
Running: cp /star/data01/pwg/xiatong/AMPT/14GeV/data_306029411.root /tmp/maxwoo/21EF1A6A9139C9FD2A38E59AFB466F9A_893/INPUTFILES/data_306029411.root
Running: cp /star/data01/pwg/xiatong/AMPT/14GeV/data_306029421.root /tmp/maxwoo/21EF1A6A9139C9FD2A38E59AFB466F9A_893/INPUTFILES/data_306029421.root
Running: cp /star/data01/pwg/xiatong/AMPT/14GeV/data_306029451.root /tmp/maxwoo/21EF1A6A9139C9FD2A38E59AFB466F9A_893/INPUTFILES/data_306029451.root
Running: cp /star/data01/pwg/xiatong/AMPT/14GeV/data_306029501.root /tmp/maxwoo/21EF1A6A9139C9FD2A38E59AFB466F9A_893/INPUTFILES/data_306029501.root
Running: cp /star/data01/pwg/xiatong/AMPT/14GeV/data_306029511.root /tmp/maxwoo/21EF1A6A9139C9FD2A38E59AFB466F9A_893/INPUTFILES/data_306029511.root
Running: cp /star/data01/pwg/xiatong/AMPT/14GeV/data_306029521.root /tmp/maxwoo/21EF1A6A9139C9FD2A38E59AFB466F9A_893/INPUTFILES/data_306029521.root
Running: cp /star/data01/pwg/xiatong/AMPT/14GeV/data_306029571.root /tmp/maxwoo/21EF1A6A9139C9FD2A38E59AFB466F9A_893/INPUTFILES/data_306029571.root
Running: cp /star/data01/pwg/xiatong/AMPT/14GeV/data_306029721.root /tmp/maxwoo/21EF1A6A9139C9FD2A38E59AFB466F9A_893/INPUTFILES/data_306029721.root
Running: cp /star/data01/pwg/xiatong/AMPT/14GeV/data_306029791.root /tmp/maxwoo/21EF1A6A9139C9FD2A38E59AFB466F9A_893/INPUTFILES/data_306029791.root
Swapping $FILELIST with: /tmp/maxwoo/21EF1A6A9139C9FD2A38E59AFB466F9A_893/INPUTFILES/21EF1A6A9139C9FD2A38E59AFB466F9A_893.local.list
+++++++++++local copy debug++++++++++++++++++++
newFileList: /tmp/maxwoo/21EF1A6A9139C9FD2A38E59AFB466F9A_893/INPUTFILES/21EF1A6A9139C9FD2A38E59AFB466F9A_893.local.list
++++++++++++++++cat FILELIST+++++++++++++++++++
/tmp/maxwoo/21EF1A6A9139C9FD2A38E59AFB466F9A_893/INPUTFILES/data_305956441.root 
/tmp/maxwoo/21EF1A6A9139C9FD2A38E59AFB466F9A_893/INPUTFILES/data_305957731.root 
/tmp/maxwoo/21EF1A6A9139C9FD2A38E59AFB466F9A_893/INPUTFILES/data_305959131.root 
/tmp/maxwoo/21EF1A6A9139C9FD2A38E59AFB466F9A_893/INPUTFILES/data_305959201.root 
/tmp/maxwoo/21EF1A6A9139C9FD2A38E59AFB466F9A_893/INPUTFILES/data_305959271.root 
/tmp/maxwoo/21EF1A6A9139C9FD2A38E59AFB466F9A_893/INPUTFILES/data_305959281.root 
/tmp/maxwoo/21EF1A6A9139C9FD2A38E59AFB466F9A_893/INPUTFILES/data_305959291.root 
/tmp/maxwoo/21EF1A6A9139C9FD2A38E59AFB466F9A_893/INPUTFILES/data_305959431.root 
/tmp/maxwoo/21EF1A6A9139C9FD2A38E59AFB466F9A_893/INPUTFILES/data_305959521.root 
/tmp/maxwoo/21EF1A6A9139C9FD2A38E59AFB466F9A_893/INPUTFILES/data_305959651.root 
/tmp/maxwoo/21EF1A6A9139C9FD2A38E59AFB466F9A_893/INPUTFILES/data_305959711.root 
/tmp/maxwoo/21EF1A6A9139C9FD2A38E59AFB466F9A_893/INPUTFILES/data_305959721.root 
/tmp/maxwoo/21EF1A6A9139C9FD2A38E59AFB466F9A_893/INPUTFILES/data_305959731.root 
/tmp/maxwoo/21EF1A6A9139C9FD2A38E59AFB466F9A_893/INPUTFILES/data_305959741.root 
/tmp/maxwoo/21EF1A6A9139C9FD2A38E59AFB466F9A_893/INPUTFILES/data_305959771.root 
/tmp/maxwoo/21EF1A6A9139C9FD2A38E59AFB466F9A_893/INPUTFILES/data_305959801.root 
/tmp/maxwoo/21EF1A6A9139C9FD2A38E59AFB466F9A_893/INPUTFILES/data_305959811.root 
/tmp/maxwoo/21EF1A6A9139C9FD2A38E59AFB466F9A_893/INPUTFILES/data_305959821.root 
/tmp/maxwoo/21EF1A6A9139C9FD2A38E59AFB466F9A_893/INPUTFILES/data_305959831.root 
/tmp/maxwoo/21EF1A6A9139C9FD2A38E59AFB466F9A_893/INPUTFILES/data_306029031.root 
/tmp/maxwoo/21EF1A6A9139C9FD2A38E59AFB466F9A_893/INPUTFILES/data_306029061.root 
/tmp/maxwoo/21EF1A6A9139C9FD2A38E59AFB466F9A_893/INPUTFILES/data_306029101.root 
/tmp/maxwoo/21EF1A6A9139C9FD2A38E59AFB466F9A_893/INPUTFILES/data_306029111.root 
/tmp/maxwoo/21EF1A6A9139C9FD2A38E59AFB466F9A_893/INPUTFILES/data_306029121.root 
/tmp/maxwoo/21EF1A6A9139C9FD2A38E59AFB466F9A_893/INPUTFILES/data_306029131.root 
/tmp/maxwoo/21EF1A6A9139C9FD2A38E59AFB466F9A_893/INPUTFILES/data_306029351.root 
/tmp/maxwoo/21EF1A6A9139C9FD2A38E59AFB466F9A_893/INPUTFILES/data_306029361.root 
/tmp/maxwoo/21EF1A6A9139C9FD2A38E59AFB466F9A_893/INPUTFILES/data_306029371.root 
/tmp/maxwoo/21EF1A6A9139C9FD2A38E59AFB466F9A_893/INPUTFILES/data_306029411.root 
/tmp/maxwoo/21EF1A6A9139C9FD2A38E59AFB466F9A_893/INPUTFILES/data_306029421.root 
/tmp/maxwoo/21EF1A6A9139C9FD2A38E59AFB466F9A_893/INPUTFILES/data_306029451.root 
/tmp/maxwoo/21EF1A6A9139C9FD2A38E59AFB466F9A_893/INPUTFILES/data_306029501.root 
/tmp/maxwoo/21EF1A6A9139C9FD2A38E59AFB466F9A_893/INPUTFILES/data_306029511.root 
/tmp/maxwoo/21EF1A6A9139C9FD2A38E59AFB466F9A_893/INPUTFILES/data_306029521.root 
/tmp/maxwoo/21EF1A6A9139C9FD2A38E59AFB466F9A_893/INPUTFILES/data_306029571.root 
/tmp/maxwoo/21EF1A6A9139C9FD2A38E59AFB466F9A_893/INPUTFILES/data_306029721.root 
/tmp/maxwoo/21EF1A6A9139C9FD2A38E59AFB466F9A_893/INPUTFILES/data_306029791.root 
++++++++++++++++++++find.++++++++++++++++++++++
.
./.output.log
./lib
./lib/my_event_cpp_ACLiC_dict_rdict.pcm
./lib/MixedBuffer.cpp
./lib/MixedBuffer_cpp.so
./lib/CenMaker.h
./lib/my_particle_cpp.so
./lib/my_event.cpp
./lib/CenMaker_cpp.d
./lib/my_event_cpp.d
./lib/my_particle_cpp.d
./lib/CenMaker_cpp_ACLiC_dict_rdict.pcm
./lib/MixedBuffer_cpp_ACLiC_dict_rdict.pcm
./lib/NpartNormalizer.cpp
./lib/my_particle.cpp
./lib/my_particle_cpp_ACLiC_dict_rdict.pcm
./lib/NpartNormalizer_cpp_ACLiC_dict_rdict.pcm
./lib/NpartNormalizer_cpp.so
./lib/MixedBuffer.h
./lib/my_particle.h
./lib/NpartNormalizer_cpp.d
./lib/NpartNormalizer.h
./lib/my_event.h
./lib/MixedBuffer_cpp.d
./lib/CenMaker.cpp
./lib/CenMaker_cpp.so
./lib/my_event_cpp.so
./INPUTFILES
./INPUTFILES/data_305959651.root
./INPUTFILES/21EF1A6A9139C9FD2A38E59AFB466F9A_893.local.list
./INPUTFILES/data_305959521.root
./INPUTFILES/data_306029571.root
./INPUTFILES/data_306029031.root
./INPUTFILES/data_305959731.root
./INPUTFILES/data_305957731.root
./INPUTFILES/data_305959741.root
./INPUTFILES/data_306029511.root
./INPUTFILES/data_305959131.root
./INPUTFILES/data_306029061.root
./INPUTFILES/data_306029501.root
./INPUTFILES/data_306029121.root
./INPUTFILES/data_305959201.root
./INPUTFILES/data_306029411.root
./INPUTFILES/data_306029361.root
./INPUTFILES/data_305959721.root
./INPUTFILES/data_305959801.root
./INPUTFILES/data_306029451.root
./INPUTFILES/data_306029111.root
./INPUTFILES/data_305959811.root
./INPUTFILES/data_305959271.root
./INPUTFILES/data_305959431.root
./INPUTFILES/data_306029101.root
./INPUTFILES/data_306029351.root
./INPUTFILES/data_305959711.root
./INPUTFILES/data_305959831.root
./INPUTFILES/data_306029791.root
./INPUTFILES/data_305959281.root
./INPUTFILES/data_306029721.root
./INPUTFILES/data_305959291.root
./INPUTFILES/data_306029421.root
./INPUTFILES/data_306029131.root
./INPUTFILES/data_306029371.root
./INPUTFILES/data_306029521.root
./INPUTFILES/data_305956441.root
./INPUTFILES/data_305959771.root
./INPUTFILES/data_305959821.root
./check_S.C
./Check_Sness.C
./.sandboxFiles
./.errror.log
++++++++++++++++INPUTFILE Var++++++++++++++++++
FILELIST=/tmp/maxwoo/21EF1A6A9139C9FD2A38E59AFB466F9A_893/INPUTFILES/21EF1A6A9139C9FD2A38E59AFB466F9A_893.local.list
INPUTFILECOUNT=37
INPUTFILE0=/tmp/maxwoo/21EF1A6A9139C9FD2A38E59AFB466F9A_893/INPUTFILES/data_305956441.root
INPUTFILE1=/tmp/maxwoo/21EF1A6A9139C9FD2A38E59AFB466F9A_893/INPUTFILES/data_305957731.root
INPUTFILE2=/tmp/maxwoo/21EF1A6A9139C9FD2A38E59AFB466F9A_893/INPUTFILES/data_305959131.root
INPUTFILE3=/tmp/maxwoo/21EF1A6A9139C9FD2A38E59AFB466F9A_893/INPUTFILES/data_305959201.root
INPUTFILE4=/tmp/maxwoo/21EF1A6A9139C9FD2A38E59AFB466F9A_893/INPUTFILES/data_305959271.root
INPUTFILE5=/tmp/maxwoo/21EF1A6A9139C9FD2A38E59AFB466F9A_893/INPUTFILES/data_305959281.root
INPUTFILE6=/tmp/maxwoo/21EF1A6A9139C9FD2A38E59AFB466F9A_893/INPUTFILES/data_305959291.root
INPUTFILE7=/tmp/maxwoo/21EF1A6A9139C9FD2A38E59AFB466F9A_893/INPUTFILES/data_305959431.root
INPUTFILE8=/tmp/maxwoo/21EF1A6A9139C9FD2A38E59AFB466F9A_893/INPUTFILES/data_305959521.root
INPUTFILE9=/tmp/maxwoo/21EF1A6A9139C9FD2A38E59AFB466F9A_893/INPUTFILES/data_305959651.root
INPUTFILE10=/tmp/maxwoo/21EF1A6A9139C9FD2A38E59AFB466F9A_893/INPUTFILES/data_305959711.root
INPUTFILE11=/tmp/maxwoo/21EF1A6A9139C9FD2A38E59AFB466F9A_893/INPUTFILES/data_305959721.root
INPUTFILE12=/tmp/maxwoo/21EF1A6A9139C9FD2A38E59AFB466F9A_893/INPUTFILES/data_305959731.root
INPUTFILE13=/tmp/maxwoo/21EF1A6A9139C9FD2A38E59AFB466F9A_893/INPUTFILES/data_305959741.root
INPUTFILE14=/tmp/maxwoo/21EF1A6A9139C9FD2A38E59AFB466F9A_893/INPUTFILES/data_305959771.root
INPUTFILE15=/tmp/maxwoo/21EF1A6A9139C9FD2A38E59AFB466F9A_893/INPUTFILES/data_305959801.root
INPUTFILE16=/tmp/maxwoo/21EF1A6A9139C9FD2A38E59AFB466F9A_893/INPUTFILES/data_305959811.root
INPUTFILE17=/tmp/maxwoo/21EF1A6A9139C9FD2A38E59AFB466F9A_893/INPUTFILES/data_305959821.root
INPUTFILE18=/tmp/maxwoo/21EF1A6A9139C9FD2A38E59AFB466F9A_893/INPUTFILES/data_305959831.root
INPUTFILE19=/tmp/maxwoo/21EF1A6A9139C9FD2A38E59AFB466F9A_893/INPUTFILES/data_306029031.root
INPUTFILE20=/tmp/maxwoo/21EF1A6A9139C9FD2A38E59AFB466F9A_893/INPUTFILES/data_306029061.root
INPUTFILE21=/tmp/maxwoo/21EF1A6A9139C9FD2A38E59AFB466F9A_893/INPUTFILES/data_306029101.root
INPUTFILE22=/tmp/maxwoo/21EF1A6A9139C9FD2A38E59AFB466F9A_893/INPUTFILES/data_306029111.root
INPUTFILE23=/tmp/maxwoo/21EF1A6A9139C9FD2A38E59AFB466F9A_893/INPUTFILES/data_306029121.root
INPUTFILE24=/tmp/maxwoo/21EF1A6A9139C9FD2A38E59AFB466F9A_893/INPUTFILES/data_306029131.root
INPUTFILE25=/tmp/maxwoo/21EF1A6A9139C9FD2A38E59AFB466F9A_893/INPUTFILES/data_306029351.root
INPUTFILE26=/tmp/maxwoo/21EF1A6A9139C9FD2A38E59AFB466F9A_893/INPUTFILES/data_306029361.root
INPUTFILE27=/tmp/maxwoo/21EF1A6A9139C9FD2A38E59AFB466F9A_893/INPUTFILES/data_306029371.root
INPUTFILE28=/tmp/maxwoo/21EF1A6A9139C9FD2A38E59AFB466F9A_893/INPUTFILES/data_306029411.root
INPUTFILE29=/tmp/maxwoo/21EF1A6A9139C9FD2A38E59AFB466F9A_893/INPUTFILES/data_306029421.root
INPUTFILE30=/tmp/maxwoo/21EF1A6A9139C9FD2A38E59AFB466F9A_893/INPUTFILES/data_306029451.root
INPUTFILE31=/tmp/maxwoo/21EF1A6A9139C9FD2A38E59AFB466F9A_893/INPUTFILES/data_306029501.root
INPUTFILE32=/tmp/maxwoo/21EF1A6A9139C9FD2A38E59AFB466F9A_893/INPUTFILES/data_306029511.root
INPUTFILE33=/tmp/maxwoo/21EF1A6A9139C9FD2A38E59AFB466F9A_893/INPUTFILES/data_306029521.root
INPUTFILE34=/tmp/maxwoo/21EF1A6A9139C9FD2A38E59AFB466F9A_893/INPUTFILES/data_306029571.root
INPUTFILE35=/tmp/maxwoo/21EF1A6A9139C9FD2A38E59AFB466F9A_893/INPUTFILES/data_306029721.root
INPUTFILE36=/tmp/maxwoo/21EF1A6A9139C9FD2A38E59AFB466F9A_893/INPUTFILES/data_306029791.root
LocalInputFileDir=/tmp/maxwoo/21EF1A6A9139C9FD2A38E59AFB466F9A_893/INPUTFILES
NewFILELIST=/tmp/maxwoo/21EF1A6A9139C9FD2A38E59AFB466F9A_893/INPUTFILES/21EF1A6A9139C9FD2A38E59AFB466F9A_893.local.list
+++++++++++++++++++++++++++++++++++++++++++++++
--------------------------------
Simple Unified Meta Scheduler 1.10.50 we are starting in $SCRATCH : /home/tmp/maxwoo/21EF1A6A9139C9FD2A38E59AFB466F9A_893
--------------------------------
total 16
lrwxrwxrwx 1 maxwoo rhstar   61 Jun  2 11:24 check_S.C -> /gpfs/mnt/gpfs01/star/pwg/xiatong/git/strangeness/./check_S.C
lrwxrwxrwx 1 maxwoo rhstar   65 Jun  2 11:24 Check_Sness.C -> /gpfs/mnt/gpfs01/star/pwg/xiatong/git/strangeness/./Check_Sness.C
drwxr-xr-x 2 maxwoo rhstar 4096 Jun  2 11:27 INPUTFILES
drwxr-xr-x 2 maxwoo rhstar 4096 Jun  2 11:24 lib
  *******************************************
  *                                         *
  *        W E L C O M E  to  R O O T       *
  *                                         *
  *   Version   5.34/38     12 March 2018   *
  *                                         *
  *  You are welcome to visit our Web site  *
  *          http://root.cern.ch            *
  *                                         *
  *******************************************

ROOT 5.34/38 (v5-34-38@v5-34-38, Mar 12 2018, 15:49:39 on linux)

CINT/ROOT C/C++ Interpreter version 5.18.00, July 2, 2010
Type ? for help. Commands must be C++ statements.
Enclose multiple statements between { }.
*** Float Point Exception is OFF ***
 *** Start at Date : Thu Jun  2 11:27:31 2022
QAInfo:You are using STAR_LEVEL : dev, ROOT_LEVEL : 5.34.38 and node : rcas6278.rcf.bnl.gov 

Processing check_S.C++("/tmp/maxwoo/21EF1A6A9139C9FD2A38E59AFB466F9A_893/INPUTFILES/21EF1A6A9139C9FD2A38E59AFB466F9A_893.local.list","21EF1A6A9139C9FD2A38E59AFB466F9A_893",1)...
/tmp/maxwoo/21EF1A6A9139C9FD2A38E59AFB466F9A_893/INPUTFILES/data_305956441.root 
/tmp/maxwoo/21EF1A6A9139C9FD2A38E59AFB466F9A_893/INPUTFILES/data_305957731.root 
/tmp/maxwoo/21EF1A6A9139C9FD2A38E59AFB466F9A_893/INPUTFILES/data_305959131.root 
/tmp/maxwoo/21EF1A6A9139C9FD2A38E59AFB466F9A_893/INPUTFILES/data_305959201.root 
/tmp/maxwoo/21EF1A6A9139C9FD2A38E59AFB466F9A_893/INPUTFILES/data_305959271.root 
/tmp/maxwoo/21EF1A6A9139C9FD2A38E59AFB466F9A_893/INPUTFILES/data_305959281.root 
/tmp/maxwoo/21EF1A6A9139C9FD2A38E59AFB466F9A_893/INPUTFILES/data_305959291.root 
/tmp/maxwoo/21EF1A6A9139C9FD2A38E59AFB466F9A_893/INPUTFILES/data_305959431.root 
/tmp/maxwoo/21EF1A6A9139C9FD2A38E59AFB466F9A_893/INPUTFILES/data_305959521.root 
/tmp/maxwoo/21EF1A6A9139C9FD2A38E59AFB466F9A_893/INPUTFILES/data_305959651.root 
/tmp/maxwoo/21EF1A6A9139C9FD2A38E59AFB466F9A_893/INPUTFILES/data_305959711.root 
/tmp/maxwoo/21EF1A6A9139C9FD2A38E59AFB466F9A_893/INPUTFILES/data_305959721.root 
/tmp/maxwoo/21EF1A6A9139C9FD2A38E59AFB466F9A_893/INPUTFILES/data_305959731.root 
/tmp/maxwoo/21EF1A6A9139C9FD2A38E59AFB466F9A_893/INPUTFILES/data_305959741.root 
/tmp/maxwoo/21EF1A6A9139C9FD2A38E59AFB466F9A_893/INPUTFILES/data_305959771.root 
/tmp/maxwoo/21EF1A6A9139C9FD2A38E59AFB466F9A_893/INPUTFILES/data_305959801.root 
/tmp/maxwoo/21EF1A6A9139C9FD2A38E59AFB466F9A_893/INPUTFILES/data_305959811.root 
/tmp/maxwoo/21EF1A6A9139C9FD2A38E59AFB466F9A_893/INPUTFILES/data_305959821.root 
/tmp/maxwoo/21EF1A6A9139C9FD2A38E59AFB466F9A_893/INPUTFILES/data_305959831.root 
/tmp/maxwoo/21EF1A6A9139C9FD2A38E59AFB466F9A_893/INPUTFILES/data_306029031.root 
/tmp/maxwoo/21EF1A6A9139C9FD2A38E59AFB466F9A_893/INPUTFILES/data_306029061.root 
/tmp/maxwoo/21EF1A6A9139C9FD2A38E59AFB466F9A_893/INPUTFILES/data_306029101.root 
/tmp/maxwoo/21EF1A6A9139C9FD2A38E59AFB466F9A_893/INPUTFILES/data_306029111.root 
/tmp/maxwoo/21EF1A6A9139C9FD2A38E59AFB466F9A_893/INPUTFILES/data_306029121.root 
/tmp/maxwoo/21EF1A6A9139C9FD2A38E59AFB466F9A_893/INPUTFILES/data_306029131.root 
/tmp/maxwoo/21EF1A6A9139C9FD2A38E59AFB466F9A_893/INPUTFILES/data_306029351.root 
/tmp/maxwoo/21EF1A6A9139C9FD2A38E59AFB466F9A_893/INPUTFILES/data_306029361.root 
/tmp/maxwoo/21EF1A6A9139C9FD2A38E59AFB466F9A_893/INPUTFILES/data_306029371.root 
/tmp/maxwoo/21EF1A6A9139C9FD2A38E59AFB466F9A_893/INPUTFILES/data_306029411.root 
/tmp/maxwoo/21EF1A6A9139C9FD2A38E59AFB466F9A_893/INPUTFILES/data_306029421.root 
/tmp/maxwoo/21EF1A6A9139C9FD2A38E59AFB466F9A_893/INPUTFILES/data_306029451.root 
/tmp/maxwoo/21EF1A6A9139C9FD2A38E59AFB466F9A_893/INPUTFILES/data_306029501.root 
/tmp/maxwoo/21EF1A6A9139C9FD2A38E59AFB466F9A_893/INPUTFILES/data_306029511.root 
/tmp/maxwoo/21EF1A6A9139C9FD2A38E59AFB466F9A_893/INPUTFILES/data_306029521.root 
/tmp/maxwoo/21EF1A6A9139C9FD2A38E59AFB466F9A_893/INPUTFILES/data_306029571.root 
/tmp/maxwoo/21EF1A6A9139C9FD2A38E59AFB466F9A_893/INPUTFILES/data_306029721.root 
/tmp/maxwoo/21EF1A6A9139C9FD2A38E59AFB466F9A_893/INPUTFILES/data_306029791.root 
Added 37 files
# entries in chain: 37000
Processing entry == 1000 == out of 37000.
Processing entry == 2000 == out of 37000.
Processing entry == 3000 == out of 37000.
Processing entry == 4000 == out of 37000.
Processing entry == 5000 == out of 37000.
Processing entry == 6000 == out of 37000.
Processing entry == 7000 == out of 37000.
Processing entry == 8000 == out of 37000.
Processing entry == 9000 == out of 37000.
Processing entry == 10000 == out of 37000.
Processing entry == 11000 == out of 37000.
Processing entry == 12000 == out of 37000.
Processing entry == 13000 == out of 37000.
Processing entry == 14000 == out of 37000.
Processing entry == 15000 == out of 37000.
Processing entry == 16000 == out of 37000.
Processing entry == 17000 == out of 37000.
Processing entry == 18000 == out of 37000.
Processing entry == 19000 == out of 37000.
Processing entry == 20000 == out of 37000.
Processing entry == 21000 == out of 37000.
Processing entry == 22000 == out of 37000.
Processing entry == 23000 == out of 37000.
Processing entry == 24000 == out of 37000.
Processing entry == 25000 == out of 37000.
Processing entry == 26000 == out of 37000.
Processing entry == 27000 == out of 37000.
Processing entry == 28000 == out of 37000.
Processing entry == 29000 == out of 37000.
Processing entry == 30000 == out of 37000.
Processing entry == 31000 == out of 37000.
Processing entry == 32000 == out of 37000.
Processing entry == 33000 == out of 37000.
Processing entry == 34000 == out of 37000.
Processing entry == 35000 == out of 37000.
Processing entry == 36000 == out of 37000.
Processing entry == 37000 == out of 37000.

This is the end of ROOT -- Goodbye

Cleaning up sandbox file:  /tmp/maxwoo/21EF1A6A9139C9FD2A38E59AFB466F9A_893/check_S.C
Cleaning up sandbox file:  /tmp/maxwoo/21EF1A6A9139C9FD2A38E59AFB466F9A_893/Check_Sness.C
Cleaning up sandbox file:  /tmp/maxwoo/21EF1A6A9139C9FD2A38E59AFB466F9A_893/lib
Cleaning up sandbox file:  /tmp/maxwoo/21EF1A6A9139C9FD2A38E59AFB466F9A_893/.sandboxFiles
Starting copy block
Running copy command:  /bin/cp -fp /tmp/maxwoo/21EF1A6A9139C9FD2A38E59AFB466F9A_893/out_21EF1A6A9139C9FD2A38E59AFB466F9A_893.root /star/data01/pwg/xiatong/git/strangeness/data/
56513 Execution of (/star/data01/pwg/xiatong/git/strangeness/script/sched21EF1A6A9139C9FD2A38E59AFB466F9A_893.csh ) has ended, exiting normally
56513 We END on [Thu Jun  2 11:50:04 EDT 2022]
