We are starting on node: spool0811.sdcc.bnl.gov
HOME is not defined
Using getent method
HOME is now /star/u/maxwoo
168493 We will spawn ourselves (/star/data01/pwg/xiatong/git/strangeness/script/sched21EF1A6A9139C9FD2A38E59AFB466F9A_1691.csh )
168493 We BEGIN on [Thu Jun  2 11:05:17 EDT 2022]
[1] 168871
168493 We are waiting for 168871 
168493 Grandchild PID is 168900 - found in 0 x 1 seconds
168493 Establishing first watcher   on    Thu Jun  2 11:05:17 EDT 2022
168493 Process tree is 168493 (main) -> 168871 (child) -> 168900 (grandchild)
F S   UID    PID   PPID  C PRI  NI ADDR SZ WCHAN  TTY        TIME CMD
0 D 100667 168900 168871  0 80   0 - 30011 cxiWai ?          0:00 find ./ -maxdepth 1 -name Check_Sness.C
168493 Grandchild PID is 171188 - found in 10 x 2 seconds
168493 Grandchild to watch has changed on Thu Jun  2 11:05:38 EDT 2022
168493 Process tree is 168493 (main) -> 168871 (child) -> 171188 (grandchild)
F S   UID    PID   PPID  C PRI  NI ADDR SZ WCHAN  TTY        TIME CMD
0 D 100667 171188 168871  0 80   0 - 32311 cxiWai ?          0:00 cp /star/data01/pwg/xiatong/AMPT/14GeV/data_648175051.root /tmp/maxwoo/21EF1A6A9139C9FD2A38E59AFB466F9A_1691/INPUTFILES/data_648175051.root
168493 Grandchild PID is 177021 - found in 20 x 2 seconds
168493 Grandchild to watch has changed on Thu Jun  2 11:05:59 EDT 2022
168493 Process tree is 168493 (main) -> 168871 (child) -> 177021 (grandchild)
F S   UID    PID   PPID  C PRI  NI ADDR SZ WCHAN  TTY        TIME CMD
0 D 100667 177021 168871  0 80   0 - 32311 cxiWai ?          0:00 cp /star/data01/pwg/xiatong/AMPT/14GeV/data_648175531.root /tmp/maxwoo/21EF1A6A9139C9FD2A38E59AFB466F9A_1691/INPUTFILES/data_648175531.root
168493 Grandchild PID is 179817 - found in 30 x 2 seconds
168493 Grandchild to watch has changed on Thu Jun  2 11:06:19 EDT 2022
168493 Process tree is 168493 (main) -> 168871 (child) -> 179817 (grandchild)
F S   UID    PID   PPID  C PRI  NI ADDR SZ WCHAN  TTY        TIME CMD
0 D 100667 179817 168871  0 80   0 - 32311 cxiWai ?          0:00 cp /star/data01/pwg/xiatong/AMPT/14GeV/data_649122831.root /tmp/maxwoo/21EF1A6A9139C9FD2A38E59AFB466F9A_1691/INPUTFILES/data_649122831.root
168493 Grandchild PID is 181290 - found in 40 x 2 seconds
168493 Grandchild to watch has changed on Thu Jun  2 11:06:40 EDT 2022
168493 Process tree is 168493 (main) -> 168871 (child) -> 181290 (grandchild)
F S   UID    PID   PPID  C PRI  NI ADDR SZ WCHAN  TTY        TIME CMD
0 D 100667 181290 168871  0 80   0 - 32311 cxiWai ?          0:00 cp /star/data01/pwg/xiatong/AMPT/14GeV/data_649125851.root /tmp/maxwoo/21EF1A6A9139C9FD2A38E59AFB466F9A_1691/INPUTFILES/data_649125851.root
168493 Grandchild PID is 184797 - found in 50 x 2 seconds
168493 Grandchild to watch has changed on Thu Jun  2 11:07:01 EDT 2022
168493 Process tree is 168493 (main) -> 168871 (child) -> 184797 (grandchild)
F S   UID    PID   PPID  C PRI  NI ADDR SZ WCHAN  TTY        TIME CMD
0 D 100667 184797 168871  0 80   0 - 32311 cxiWai ?          0:00 cp /star/data01/pwg/xiatong/AMPT/14GeV/data_649125881.root /tmp/maxwoo/21EF1A6A9139C9FD2A38E59AFB466F9A_1691/INPUTFILES/data_649125881.root
168493 Grandchild PID is 189182 - found in 60 x 2 seconds
168493 Grandchild to watch has changed on Thu Jun  2 11:07:22 EDT 2022
168493 Process tree is 168493 (main) -> 168871 (child) -> 189182 (grandchild)
F S   UID    PID   PPID  C PRI  NI ADDR SZ WCHAN  TTY        TIME CMD
0 D 100667 189182 168871  0 80   0 - 32311 cxiWai ?          0:00 cp /star/data01/pwg/xiatong/AMPT/14GeV/data_649127911.root /tmp/maxwoo/21EF1A6A9139C9FD2A38E59AFB466F9A_1691/INPUTFILES/data_649127911.root
168493 Grandchild PID is 191774 - found in 70 x 2 seconds
168493 Grandchild to watch has changed on Thu Jun  2 11:07:43 EDT 2022
168493 Process tree is 168493 (main) -> 168871 (child) -> 191774 (grandchild)
F S   UID    PID   PPID  C PRI  NI ADDR SZ WCHAN  TTY        TIME CMD
0 D 100667 191774 168871  0 80   0 - 32311 cxiWai ?          0:00 cp /star/data01/pwg/xiatong/AMPT/14GeV/data_649139641.root /tmp/maxwoo/21EF1A6A9139C9FD2A38E59AFB466F9A_1691/INPUTFILES/data_649139641.root
168493 Grandchild PID is 194489 - found in 80 x 2 seconds
168493 Grandchild to watch has changed on Thu Jun  2 11:08:03 EDT 2022
168493 Process tree is 168493 (main) -> 168871 (child) -> 194489 (grandchild)
F S   UID    PID   PPID  C PRI  NI ADDR SZ WCHAN  TTY        TIME CMD
0 D 100667 194489 168871  0 80   0 - 32311 cxiWai ?          0:00 cp /star/data01/pwg/xiatong/AMPT/14GeV/data_649166181.root /tmp/maxwoo/21EF1A6A9139C9FD2A38E59AFB466F9A_1691/INPUTFILES/data_649166181.root
168493 Grandchild PID is 195822 - found in 90 x 2 seconds
168493 Grandchild to watch has changed on Thu Jun  2 11:08:24 EDT 2022
168493 Process tree is 168493 (main) -> 168871 (child) -> 195822 (grandchild)
F S   UID    PID   PPID  C PRI  NI ADDR SZ WCHAN  TTY        TIME CMD
0 S 100667 195822 168871  0 80   0 -  1272 do_wai ?          0:00 root -b -q check_S.C++("/tmp/maxwoo/21EF1A6A9139C9FD2A38E59AFB466F9A_1691/INPUTFILES/21EF1A6A9139C9FD2A38E59AFB466F9A_1691.local.list","21EF1A6A9139C9FD2A38E59AFB466F9A_1691",1)
168871 Stepping into the main SUMS wrapper program with []
.... building sandbox
Running: cp /star/data01/pwg/xiatong/AMPT/14GeV/data_648174891.root /tmp/maxwoo/21EF1A6A9139C9FD2A38E59AFB466F9A_1691/INPUTFILES/data_648174891.root
Running: cp /star/data01/pwg/xiatong/AMPT/14GeV/data_648174981.root /tmp/maxwoo/21EF1A6A9139C9FD2A38E59AFB466F9A_1691/INPUTFILES/data_648174981.root
Running: cp /star/data01/pwg/xiatong/AMPT/14GeV/data_648175011.root /tmp/maxwoo/21EF1A6A9139C9FD2A38E59AFB466F9A_1691/INPUTFILES/data_648175011.root
Running: cp /star/data01/pwg/xiatong/AMPT/14GeV/data_648175051.root /tmp/maxwoo/21EF1A6A9139C9FD2A38E59AFB466F9A_1691/INPUTFILES/data_648175051.root
Running: cp /star/data01/pwg/xiatong/AMPT/14GeV/data_648175101.root /tmp/maxwoo/21EF1A6A9139C9FD2A38E59AFB466F9A_1691/INPUTFILES/data_648175101.root
Running: cp /star/data01/pwg/xiatong/AMPT/14GeV/data_648175131.root /tmp/maxwoo/21EF1A6A9139C9FD2A38E59AFB466F9A_1691/INPUTFILES/data_648175131.root
Running: cp /star/data01/pwg/xiatong/AMPT/14GeV/data_648175251.root /tmp/maxwoo/21EF1A6A9139C9FD2A38E59AFB466F9A_1691/INPUTFILES/data_648175251.root
Running: cp /star/data01/pwg/xiatong/AMPT/14GeV/data_648175411.root /tmp/maxwoo/21EF1A6A9139C9FD2A38E59AFB466F9A_1691/INPUTFILES/data_648175411.root
Running: cp /star/data01/pwg/xiatong/AMPT/14GeV/data_648175531.root /tmp/maxwoo/21EF1A6A9139C9FD2A38E59AFB466F9A_1691/INPUTFILES/data_648175531.root
Running: cp /star/data01/pwg/xiatong/AMPT/14GeV/data_648175651.root /tmp/maxwoo/21EF1A6A9139C9FD2A38E59AFB466F9A_1691/INPUTFILES/data_648175651.root
Running: cp /star/data01/pwg/xiatong/AMPT/14GeV/data_648195021.root /tmp/maxwoo/21EF1A6A9139C9FD2A38E59AFB466F9A_1691/INPUTFILES/data_648195021.root
Running: cp /star/data01/pwg/xiatong/AMPT/14GeV/data_648384261.root /tmp/maxwoo/21EF1A6A9139C9FD2A38E59AFB466F9A_1691/INPUTFILES/data_648384261.root
Running: cp /star/data01/pwg/xiatong/AMPT/14GeV/data_648578991.root /tmp/maxwoo/21EF1A6A9139C9FD2A38E59AFB466F9A_1691/INPUTFILES/data_648578991.root
Running: cp /star/data01/pwg/xiatong/AMPT/14GeV/data_649077861.root /tmp/maxwoo/21EF1A6A9139C9FD2A38E59AFB466F9A_1691/INPUTFILES/data_649077861.root
Running: cp /star/data01/pwg/xiatong/AMPT/14GeV/data_649077871.root /tmp/maxwoo/21EF1A6A9139C9FD2A38E59AFB466F9A_1691/INPUTFILES/data_649077871.root
Running: cp /star/data01/pwg/xiatong/AMPT/14GeV/data_649106091.root /tmp/maxwoo/21EF1A6A9139C9FD2A38E59AFB466F9A_1691/INPUTFILES/data_649106091.root
Running: cp /star/data01/pwg/xiatong/AMPT/14GeV/data_649110611.root /tmp/maxwoo/21EF1A6A9139C9FD2A38E59AFB466F9A_1691/INPUTFILES/data_649110611.root
Running: cp /star/data01/pwg/xiatong/AMPT/14GeV/data_649110641.root /tmp/maxwoo/21EF1A6A9139C9FD2A38E59AFB466F9A_1691/INPUTFILES/data_649110641.root
Running: cp /star/data01/pwg/xiatong/AMPT/14GeV/data_649122831.root /tmp/maxwoo/21EF1A6A9139C9FD2A38E59AFB466F9A_1691/INPUTFILES/data_649122831.root
Running: cp /star/data01/pwg/xiatong/AMPT/14GeV/data_649125801.root /tmp/maxwoo/21EF1A6A9139C9FD2A38E59AFB466F9A_1691/INPUTFILES/data_649125801.root
Running: cp /star/data01/pwg/xiatong/AMPT/14GeV/data_649125821.root /tmp/maxwoo/21EF1A6A9139C9FD2A38E59AFB466F9A_1691/INPUTFILES/data_649125821.root
Running: cp /star/data01/pwg/xiatong/AMPT/14GeV/data_649125831.root /tmp/maxwoo/21EF1A6A9139C9FD2A38E59AFB466F9A_1691/INPUTFILES/data_649125831.root
Running: cp /star/data01/pwg/xiatong/AMPT/14GeV/data_649125841.root /tmp/maxwoo/21EF1A6A9139C9FD2A38E59AFB466F9A_1691/INPUTFILES/data_649125841.root
Running: cp /star/data01/pwg/xiatong/AMPT/14GeV/data_649125851.root /tmp/maxwoo/21EF1A6A9139C9FD2A38E59AFB466F9A_1691/INPUTFILES/data_649125851.root
Running: cp /star/data01/pwg/xiatong/AMPT/14GeV/data_649125871.root /tmp/maxwoo/21EF1A6A9139C9FD2A38E59AFB466F9A_1691/INPUTFILES/data_649125871.root
Running: cp /star/data01/pwg/xiatong/AMPT/14GeV/data_649125881.root /tmp/maxwoo/21EF1A6A9139C9FD2A38E59AFB466F9A_1691/INPUTFILES/data_649125881.root
Running: cp /star/data01/pwg/xiatong/AMPT/14GeV/data_649125891.root /tmp/maxwoo/21EF1A6A9139C9FD2A38E59AFB466F9A_1691/INPUTFILES/data_649125891.root
Running: cp /star/data01/pwg/xiatong/AMPT/14GeV/data_649125921.root /tmp/maxwoo/21EF1A6A9139C9FD2A38E59AFB466F9A_1691/INPUTFILES/data_649125921.root
Running: cp /star/data01/pwg/xiatong/AMPT/14GeV/data_649127911.root /tmp/maxwoo/21EF1A6A9139C9FD2A38E59AFB466F9A_1691/INPUTFILES/data_649127911.root
Running: cp /star/data01/pwg/xiatong/AMPT/14GeV/data_649127921.root /tmp/maxwoo/21EF1A6A9139C9FD2A38E59AFB466F9A_1691/INPUTFILES/data_649127921.root
Running: cp /star/data01/pwg/xiatong/AMPT/14GeV/data_649127951.root /tmp/maxwoo/21EF1A6A9139C9FD2A38E59AFB466F9A_1691/INPUTFILES/data_649127951.root
Running: cp /star/data01/pwg/xiatong/AMPT/14GeV/data_649129721.root /tmp/maxwoo/21EF1A6A9139C9FD2A38E59AFB466F9A_1691/INPUTFILES/data_649129721.root
Running: cp /star/data01/pwg/xiatong/AMPT/14GeV/data_649139641.root /tmp/maxwoo/21EF1A6A9139C9FD2A38E59AFB466F9A_1691/INPUTFILES/data_649139641.root
Running: cp /star/data01/pwg/xiatong/AMPT/14GeV/data_649140481.root /tmp/maxwoo/21EF1A6A9139C9FD2A38E59AFB466F9A_1691/INPUTFILES/data_649140481.root
Running: cp /star/data01/pwg/xiatong/AMPT/14GeV/data_649140491.root /tmp/maxwoo/21EF1A6A9139C9FD2A38E59AFB466F9A_1691/INPUTFILES/data_649140491.root
Running: cp /star/data01/pwg/xiatong/AMPT/14GeV/data_649154111.root /tmp/maxwoo/21EF1A6A9139C9FD2A38E59AFB466F9A_1691/INPUTFILES/data_649154111.root
Running: cp /star/data01/pwg/xiatong/AMPT/14GeV/data_649166181.root /tmp/maxwoo/21EF1A6A9139C9FD2A38E59AFB466F9A_1691/INPUTFILES/data_649166181.root
Swapping $FILELIST with: /tmp/maxwoo/21EF1A6A9139C9FD2A38E59AFB466F9A_1691/INPUTFILES/21EF1A6A9139C9FD2A38E59AFB466F9A_1691.local.list
+++++++++++local copy debug++++++++++++++++++++
newFileList: /tmp/maxwoo/21EF1A6A9139C9FD2A38E59AFB466F9A_1691/INPUTFILES/21EF1A6A9139C9FD2A38E59AFB466F9A_1691.local.list
++++++++++++++++cat FILELIST+++++++++++++++++++
/tmp/maxwoo/21EF1A6A9139C9FD2A38E59AFB466F9A_1691/INPUTFILES/data_648174891.root 
/tmp/maxwoo/21EF1A6A9139C9FD2A38E59AFB466F9A_1691/INPUTFILES/data_648174981.root 
/tmp/maxwoo/21EF1A6A9139C9FD2A38E59AFB466F9A_1691/INPUTFILES/data_648175011.root 
/tmp/maxwoo/21EF1A6A9139C9FD2A38E59AFB466F9A_1691/INPUTFILES/data_648175051.root 
/tmp/maxwoo/21EF1A6A9139C9FD2A38E59AFB466F9A_1691/INPUTFILES/data_648175101.root 
/tmp/maxwoo/21EF1A6A9139C9FD2A38E59AFB466F9A_1691/INPUTFILES/data_648175131.root 
/tmp/maxwoo/21EF1A6A9139C9FD2A38E59AFB466F9A_1691/INPUTFILES/data_648175251.root 
/tmp/maxwoo/21EF1A6A9139C9FD2A38E59AFB466F9A_1691/INPUTFILES/data_648175411.root 
/tmp/maxwoo/21EF1A6A9139C9FD2A38E59AFB466F9A_1691/INPUTFILES/data_648175531.root 
/tmp/maxwoo/21EF1A6A9139C9FD2A38E59AFB466F9A_1691/INPUTFILES/data_648175651.root 
/tmp/maxwoo/21EF1A6A9139C9FD2A38E59AFB466F9A_1691/INPUTFILES/data_648195021.root 
/tmp/maxwoo/21EF1A6A9139C9FD2A38E59AFB466F9A_1691/INPUTFILES/data_648384261.root 
/tmp/maxwoo/21EF1A6A9139C9FD2A38E59AFB466F9A_1691/INPUTFILES/data_648578991.root 
/tmp/maxwoo/21EF1A6A9139C9FD2A38E59AFB466F9A_1691/INPUTFILES/data_649077861.root 
/tmp/maxwoo/21EF1A6A9139C9FD2A38E59AFB466F9A_1691/INPUTFILES/data_649077871.root 
/tmp/maxwoo/21EF1A6A9139C9FD2A38E59AFB466F9A_1691/INPUTFILES/data_649106091.root 
/tmp/maxwoo/21EF1A6A9139C9FD2A38E59AFB466F9A_1691/INPUTFILES/data_649110611.root 
/tmp/maxwoo/21EF1A6A9139C9FD2A38E59AFB466F9A_1691/INPUTFILES/data_649110641.root 
/tmp/maxwoo/21EF1A6A9139C9FD2A38E59AFB466F9A_1691/INPUTFILES/data_649122831.root 
/tmp/maxwoo/21EF1A6A9139C9FD2A38E59AFB466F9A_1691/INPUTFILES/data_649125801.root 
/tmp/maxwoo/21EF1A6A9139C9FD2A38E59AFB466F9A_1691/INPUTFILES/data_649125821.root 
/tmp/maxwoo/21EF1A6A9139C9FD2A38E59AFB466F9A_1691/INPUTFILES/data_649125831.root 
/tmp/maxwoo/21EF1A6A9139C9FD2A38E59AFB466F9A_1691/INPUTFILES/data_649125841.root 
/tmp/maxwoo/21EF1A6A9139C9FD2A38E59AFB466F9A_1691/INPUTFILES/data_649125851.root 
/tmp/maxwoo/21EF1A6A9139C9FD2A38E59AFB466F9A_1691/INPUTFILES/data_649125871.root 
/tmp/maxwoo/21EF1A6A9139C9FD2A38E59AFB466F9A_1691/INPUTFILES/data_649125881.root 
/tmp/maxwoo/21EF1A6A9139C9FD2A38E59AFB466F9A_1691/INPUTFILES/data_649125891.root 
/tmp/maxwoo/21EF1A6A9139C9FD2A38E59AFB466F9A_1691/INPUTFILES/data_649125921.root 
/tmp/maxwoo/21EF1A6A9139C9FD2A38E59AFB466F9A_1691/INPUTFILES/data_649127911.root 
/tmp/maxwoo/21EF1A6A9139C9FD2A38E59AFB466F9A_1691/INPUTFILES/data_649127921.root 
/tmp/maxwoo/21EF1A6A9139C9FD2A38E59AFB466F9A_1691/INPUTFILES/data_649127951.root 
/tmp/maxwoo/21EF1A6A9139C9FD2A38E59AFB466F9A_1691/INPUTFILES/data_649129721.root 
/tmp/maxwoo/21EF1A6A9139C9FD2A38E59AFB466F9A_1691/INPUTFILES/data_649139641.root 
/tmp/maxwoo/21EF1A6A9139C9FD2A38E59AFB466F9A_1691/INPUTFILES/data_649140481.root 
/tmp/maxwoo/21EF1A6A9139C9FD2A38E59AFB466F9A_1691/INPUTFILES/data_649140491.root 
/tmp/maxwoo/21EF1A6A9139C9FD2A38E59AFB466F9A_1691/INPUTFILES/data_649154111.root 
/tmp/maxwoo/21EF1A6A9139C9FD2A38E59AFB466F9A_1691/INPUTFILES/data_649166181.root 
++++++++++++++++++++find.++++++++++++++++++++++
.
./check_S.C
./.sandboxFiles
./lib
./lib/NpartNormalizer.cpp
./lib/CenMaker.cpp
./lib/my_particle_cpp.so
./lib/my_particle.cpp
./lib/MixedBuffer_cpp.d
./lib/my_particle.h
./lib/MixedBuffer_cpp.so
./lib/my_event_cpp.d
./lib/NpartNormalizer.h
./lib/MixedBuffer.h
./lib/NpartNormalizer_cpp.so
./lib/MixedBuffer_cpp_ACLiC_dict_rdict.pcm
./lib/CenMaker_cpp.d
./lib/CenMaker_cpp_ACLiC_dict_rdict.pcm
./lib/my_event.cpp
./lib/CenMaker.h
./lib/NpartNormalizer_cpp.d
./lib/my_event_cpp.so
./lib/my_event.h
./lib/my_particle_cpp.d
./lib/NpartNormalizer_cpp_ACLiC_dict_rdict.pcm
./lib/MixedBuffer.cpp
./lib/my_particle_cpp_ACLiC_dict_rdict.pcm
./lib/my_event_cpp_ACLiC_dict_rdict.pcm
./lib/CenMaker_cpp.so
./.output.log
./INPUTFILES
./INPUTFILES/data_648174891.root
./INPUTFILES/data_648175011.root
./INPUTFILES/data_649125821.root
./INPUTFILES/data_648175651.root
./INPUTFILES/data_649125841.root
./INPUTFILES/data_648175251.root
./INPUTFILES/data_648384261.root
./INPUTFILES/data_648175411.root
./INPUTFILES/data_649139641.root
./INPUTFILES/data_649127911.root
./INPUTFILES/data_649125831.root
./INPUTFILES/data_648175131.root
./INPUTFILES/data_649154111.root
./INPUTFILES/data_649125801.root
./INPUTFILES/data_649110611.root
./INPUTFILES/data_649140481.root
./INPUTFILES/data_649140491.root
./INPUTFILES/data_649129721.root
./INPUTFILES/data_649127921.root
./INPUTFILES/data_649125921.root
./INPUTFILES/data_649125891.root
./INPUTFILES/data_648175531.root
./INPUTFILES/data_649127951.root
./INPUTFILES/data_648195021.root
./INPUTFILES/data_649125851.root
./INPUTFILES/data_649166181.root
./INPUTFILES/21EF1A6A9139C9FD2A38E59AFB466F9A_1691.local.list
./INPUTFILES/data_649110641.root
./INPUTFILES/data_649077861.root
./INPUTFILES/data_648175101.root
./INPUTFILES/data_648175051.root
./INPUTFILES/data_648578991.root
./INPUTFILES/data_649122831.root
./INPUTFILES/data_648174981.root
./INPUTFILES/data_649125871.root
./INPUTFILES/data_649077871.root
./INPUTFILES/data_649106091.root
./INPUTFILES/data_649125881.root
./.errror.log
./Check_Sness.C
++++++++++++++++INPUTFILE Var++++++++++++++++++
FILELIST=/tmp/maxwoo/21EF1A6A9139C9FD2A38E59AFB466F9A_1691/INPUTFILES/21EF1A6A9139C9FD2A38E59AFB466F9A_1691.local.list
INPUTFILECOUNT=37
INPUTFILE0=/tmp/maxwoo/21EF1A6A9139C9FD2A38E59AFB466F9A_1691/INPUTFILES/data_648174891.root
INPUTFILE1=/tmp/maxwoo/21EF1A6A9139C9FD2A38E59AFB466F9A_1691/INPUTFILES/data_648174981.root
INPUTFILE2=/tmp/maxwoo/21EF1A6A9139C9FD2A38E59AFB466F9A_1691/INPUTFILES/data_648175011.root
INPUTFILE3=/tmp/maxwoo/21EF1A6A9139C9FD2A38E59AFB466F9A_1691/INPUTFILES/data_648175051.root
INPUTFILE4=/tmp/maxwoo/21EF1A6A9139C9FD2A38E59AFB466F9A_1691/INPUTFILES/data_648175101.root
INPUTFILE5=/tmp/maxwoo/21EF1A6A9139C9FD2A38E59AFB466F9A_1691/INPUTFILES/data_648175131.root
INPUTFILE6=/tmp/maxwoo/21EF1A6A9139C9FD2A38E59AFB466F9A_1691/INPUTFILES/data_648175251.root
INPUTFILE7=/tmp/maxwoo/21EF1A6A9139C9FD2A38E59AFB466F9A_1691/INPUTFILES/data_648175411.root
INPUTFILE8=/tmp/maxwoo/21EF1A6A9139C9FD2A38E59AFB466F9A_1691/INPUTFILES/data_648175531.root
INPUTFILE9=/tmp/maxwoo/21EF1A6A9139C9FD2A38E59AFB466F9A_1691/INPUTFILES/data_648175651.root
INPUTFILE10=/tmp/maxwoo/21EF1A6A9139C9FD2A38E59AFB466F9A_1691/INPUTFILES/data_648195021.root
INPUTFILE11=/tmp/maxwoo/21EF1A6A9139C9FD2A38E59AFB466F9A_1691/INPUTFILES/data_648384261.root
INPUTFILE12=/tmp/maxwoo/21EF1A6A9139C9FD2A38E59AFB466F9A_1691/INPUTFILES/data_648578991.root
INPUTFILE13=/tmp/maxwoo/21EF1A6A9139C9FD2A38E59AFB466F9A_1691/INPUTFILES/data_649077861.root
INPUTFILE14=/tmp/maxwoo/21EF1A6A9139C9FD2A38E59AFB466F9A_1691/INPUTFILES/data_649077871.root
INPUTFILE15=/tmp/maxwoo/21EF1A6A9139C9FD2A38E59AFB466F9A_1691/INPUTFILES/data_649106091.root
INPUTFILE16=/tmp/maxwoo/21EF1A6A9139C9FD2A38E59AFB466F9A_1691/INPUTFILES/data_649110611.root
INPUTFILE17=/tmp/maxwoo/21EF1A6A9139C9FD2A38E59AFB466F9A_1691/INPUTFILES/data_649110641.root
INPUTFILE18=/tmp/maxwoo/21EF1A6A9139C9FD2A38E59AFB466F9A_1691/INPUTFILES/data_649122831.root
INPUTFILE19=/tmp/maxwoo/21EF1A6A9139C9FD2A38E59AFB466F9A_1691/INPUTFILES/data_649125801.root
INPUTFILE20=/tmp/maxwoo/21EF1A6A9139C9FD2A38E59AFB466F9A_1691/INPUTFILES/data_649125821.root
INPUTFILE21=/tmp/maxwoo/21EF1A6A9139C9FD2A38E59AFB466F9A_1691/INPUTFILES/data_649125831.root
INPUTFILE22=/tmp/maxwoo/21EF1A6A9139C9FD2A38E59AFB466F9A_1691/INPUTFILES/data_649125841.root
INPUTFILE23=/tmp/maxwoo/21EF1A6A9139C9FD2A38E59AFB466F9A_1691/INPUTFILES/data_649125851.root
INPUTFILE24=/tmp/maxwoo/21EF1A6A9139C9FD2A38E59AFB466F9A_1691/INPUTFILES/data_649125871.root
INPUTFILE25=/tmp/maxwoo/21EF1A6A9139C9FD2A38E59AFB466F9A_1691/INPUTFILES/data_649125881.root
INPUTFILE26=/tmp/maxwoo/21EF1A6A9139C9FD2A38E59AFB466F9A_1691/INPUTFILES/data_649125891.root
INPUTFILE27=/tmp/maxwoo/21EF1A6A9139C9FD2A38E59AFB466F9A_1691/INPUTFILES/data_649125921.root
INPUTFILE28=/tmp/maxwoo/21EF1A6A9139C9FD2A38E59AFB466F9A_1691/INPUTFILES/data_649127911.root
INPUTFILE29=/tmp/maxwoo/21EF1A6A9139C9FD2A38E59AFB466F9A_1691/INPUTFILES/data_649127921.root
INPUTFILE30=/tmp/maxwoo/21EF1A6A9139C9FD2A38E59AFB466F9A_1691/INPUTFILES/data_649127951.root
INPUTFILE31=/tmp/maxwoo/21EF1A6A9139C9FD2A38E59AFB466F9A_1691/INPUTFILES/data_649129721.root
INPUTFILE32=/tmp/maxwoo/21EF1A6A9139C9FD2A38E59AFB466F9A_1691/INPUTFILES/data_649139641.root
INPUTFILE33=/tmp/maxwoo/21EF1A6A9139C9FD2A38E59AFB466F9A_1691/INPUTFILES/data_649140481.root
INPUTFILE34=/tmp/maxwoo/21EF1A6A9139C9FD2A38E59AFB466F9A_1691/INPUTFILES/data_649140491.root
INPUTFILE35=/tmp/maxwoo/21EF1A6A9139C9FD2A38E59AFB466F9A_1691/INPUTFILES/data_649154111.root
INPUTFILE36=/tmp/maxwoo/21EF1A6A9139C9FD2A38E59AFB466F9A_1691/INPUTFILES/data_649166181.root
LocalInputFileDir=/tmp/maxwoo/21EF1A6A9139C9FD2A38E59AFB466F9A_1691/INPUTFILES
NewFILELIST=/tmp/maxwoo/21EF1A6A9139C9FD2A38E59AFB466F9A_1691/INPUTFILES/21EF1A6A9139C9FD2A38E59AFB466F9A_1691.local.list
+++++++++++++++++++++++++++++++++++++++++++++++
--------------------------------
Simple Unified Meta Scheduler 1.10.50 we are starting in $SCRATCH : /home/tmp/maxwoo/21EF1A6A9139C9FD2A38E59AFB466F9A_1691
--------------------------------
total 16
lrwxrwxrwx 1 maxwoo rhstar   61 Jun  2 11:05 check_S.C -> /gpfs/mnt/gpfs01/star/pwg/xiatong/git/strangeness/./check_S.C
lrwxrwxrwx 1 maxwoo rhstar   65 Jun  2 11:05 Check_Sness.C -> /gpfs/mnt/gpfs01/star/pwg/xiatong/git/strangeness/./Check_Sness.C
drwxr-xr-x 2 maxwoo rhstar 4096 Jun  2 11:07 INPUTFILES
drwxr-xr-x 2 maxwoo rhstar 4096 Jun  2 11:05 lib
  *******************************************
  *                                         *
  *        W E L C O M E  to  R O O T       *
  *                                         *
  *   Version   5.34/38     12 March 2018   *
  *                                         *
  *  You are welcome to visit our Web site  *
  *          http://root.cern.ch            *
  *                                         *
  *******************************************

ROOT 5.34/38 (v5-34-38@v5-34-38, Mar 12 2018, 15:49:39 on linux)

CINT/ROOT C/C++ Interpreter version 5.18.00, July 2, 2010
Type ? for help. Commands must be C++ statements.
Enclose multiple statements between { }.
*** Float Point Exception is OFF ***
 *** Start at Date : Thu Jun  2 11:08:06 2022
QAInfo:You are using STAR_LEVEL : dev, ROOT_LEVEL : 5.34.38 and node : spool0811.sdcc.bnl.gov 

Processing check_S.C++("/tmp/maxwoo/21EF1A6A9139C9FD2A38E59AFB466F9A_1691/INPUTFILES/21EF1A6A9139C9FD2A38E59AFB466F9A_1691.local.list","21EF1A6A9139C9FD2A38E59AFB466F9A_1691",1)...
/tmp/maxwoo/21EF1A6A9139C9FD2A38E59AFB466F9A_1691/INPUTFILES/data_648174891.root 
/tmp/maxwoo/21EF1A6A9139C9FD2A38E59AFB466F9A_1691/INPUTFILES/data_648174981.root 
/tmp/maxwoo/21EF1A6A9139C9FD2A38E59AFB466F9A_1691/INPUTFILES/data_648175011.root 
/tmp/maxwoo/21EF1A6A9139C9FD2A38E59AFB466F9A_1691/INPUTFILES/data_648175051.root 
/tmp/maxwoo/21EF1A6A9139C9FD2A38E59AFB466F9A_1691/INPUTFILES/data_648175101.root 
/tmp/maxwoo/21EF1A6A9139C9FD2A38E59AFB466F9A_1691/INPUTFILES/data_648175131.root 
/tmp/maxwoo/21EF1A6A9139C9FD2A38E59AFB466F9A_1691/INPUTFILES/data_648175251.root 
/tmp/maxwoo/21EF1A6A9139C9FD2A38E59AFB466F9A_1691/INPUTFILES/data_648175411.root 
/tmp/maxwoo/21EF1A6A9139C9FD2A38E59AFB466F9A_1691/INPUTFILES/data_648175531.root 
/tmp/maxwoo/21EF1A6A9139C9FD2A38E59AFB466F9A_1691/INPUTFILES/data_648175651.root 
/tmp/maxwoo/21EF1A6A9139C9FD2A38E59AFB466F9A_1691/INPUTFILES/data_648195021.root 
/tmp/maxwoo/21EF1A6A9139C9FD2A38E59AFB466F9A_1691/INPUTFILES/data_648384261.root 
/tmp/maxwoo/21EF1A6A9139C9FD2A38E59AFB466F9A_1691/INPUTFILES/data_648578991.root 
/tmp/maxwoo/21EF1A6A9139C9FD2A38E59AFB466F9A_1691/INPUTFILES/data_649077861.root 
/tmp/maxwoo/21EF1A6A9139C9FD2A38E59AFB466F9A_1691/INPUTFILES/data_649077871.root 
/tmp/maxwoo/21EF1A6A9139C9FD2A38E59AFB466F9A_1691/INPUTFILES/data_649106091.root 
/tmp/maxwoo/21EF1A6A9139C9FD2A38E59AFB466F9A_1691/INPUTFILES/data_649110611.root 
/tmp/maxwoo/21EF1A6A9139C9FD2A38E59AFB466F9A_1691/INPUTFILES/data_649110641.root 
/tmp/maxwoo/21EF1A6A9139C9FD2A38E59AFB466F9A_1691/INPUTFILES/data_649122831.root 
/tmp/maxwoo/21EF1A6A9139C9FD2A38E59AFB466F9A_1691/INPUTFILES/data_649125801.root 
/tmp/maxwoo/21EF1A6A9139C9FD2A38E59AFB466F9A_1691/INPUTFILES/data_649125821.root 
/tmp/maxwoo/21EF1A6A9139C9FD2A38E59AFB466F9A_1691/INPUTFILES/data_649125831.root 
/tmp/maxwoo/21EF1A6A9139C9FD2A38E59AFB466F9A_1691/INPUTFILES/data_649125841.root 
/tmp/maxwoo/21EF1A6A9139C9FD2A38E59AFB466F9A_1691/INPUTFILES/data_649125851.root 
/tmp/maxwoo/21EF1A6A9139C9FD2A38E59AFB466F9A_1691/INPUTFILES/data_649125871.root 
/tmp/maxwoo/21EF1A6A9139C9FD2A38E59AFB466F9A_1691/INPUTFILES/data_649125881.root 
/tmp/maxwoo/21EF1A6A9139C9FD2A38E59AFB466F9A_1691/INPUTFILES/data_649125891.root 
/tmp/maxwoo/21EF1A6A9139C9FD2A38E59AFB466F9A_1691/INPUTFILES/data_649125921.root 
/tmp/maxwoo/21EF1A6A9139C9FD2A38E59AFB466F9A_1691/INPUTFILES/data_649127911.root 
/tmp/maxwoo/21EF1A6A9139C9FD2A38E59AFB466F9A_1691/INPUTFILES/data_649127921.root 
/tmp/maxwoo/21EF1A6A9139C9FD2A38E59AFB466F9A_1691/INPUTFILES/data_649127951.root 
/tmp/maxwoo/21EF1A6A9139C9FD2A38E59AFB466F9A_1691/INPUTFILES/data_649129721.root 
/tmp/maxwoo/21EF1A6A9139C9FD2A38E59AFB466F9A_1691/INPUTFILES/data_649139641.root 
/tmp/maxwoo/21EF1A6A9139C9FD2A38E59AFB466F9A_1691/INPUTFILES/data_649140481.root 
/tmp/maxwoo/21EF1A6A9139C9FD2A38E59AFB466F9A_1691/INPUTFILES/data_649140491.root 
/tmp/maxwoo/21EF1A6A9139C9FD2A38E59AFB466F9A_1691/INPUTFILES/data_649154111.root 
/tmp/maxwoo/21EF1A6A9139C9FD2A38E59AFB466F9A_1691/INPUTFILES/data_649166181.root 
Added 37 files
# entries in chain: 37000
Processing entry == 1000 == out of 37000.
Processing entry == 2000 == out of 37000.
Processing entry == 3000 == out of 37000.
Processing entry == 4000 == out of 37000.
Processing entry == 5000 == out of 37000.
Processing entry == 6000 == out of 37000.
Processing entry == 7000 == out of 37000.
Processing entry == 8000 == out of 37000.
Processing entry == 9000 == out of 37000.
Processing entry == 10000 == out of 37000.
Processing entry == 11000 == out of 37000.
Processing entry == 12000 == out of 37000.
Processing entry == 13000 == out of 37000.
Processing entry == 14000 == out of 37000.
Processing entry == 15000 == out of 37000.
Processing entry == 16000 == out of 37000.
Processing entry == 17000 == out of 37000.
Processing entry == 18000 == out of 37000.
Processing entry == 19000 == out of 37000.
Processing entry == 20000 == out of 37000.
Processing entry == 21000 == out of 37000.
Processing entry == 22000 == out of 37000.
Processing entry == 23000 == out of 37000.
Processing entry == 24000 == out of 37000.
Processing entry == 25000 == out of 37000.
Processing entry == 26000 == out of 37000.
Processing entry == 27000 == out of 37000.
Processing entry == 28000 == out of 37000.
Processing entry == 29000 == out of 37000.
Processing entry == 30000 == out of 37000.
Processing entry == 31000 == out of 37000.
Processing entry == 32000 == out of 37000.
Processing entry == 33000 == out of 37000.
Processing entry == 34000 == out of 37000.
Processing entry == 35000 == out of 37000.
Processing entry == 36000 == out of 37000.
Processing entry == 37000 == out of 37000.

This is the end of ROOT -- Goodbye

Cleaning up sandbox file:  /tmp/maxwoo/21EF1A6A9139C9FD2A38E59AFB466F9A_1691/check_S.C
Cleaning up sandbox file:  /tmp/maxwoo/21EF1A6A9139C9FD2A38E59AFB466F9A_1691/Check_Sness.C
Cleaning up sandbox file:  /tmp/maxwoo/21EF1A6A9139C9FD2A38E59AFB466F9A_1691/lib
Cleaning up sandbox file:  /tmp/maxwoo/21EF1A6A9139C9FD2A38E59AFB466F9A_1691/.sandboxFiles
Starting copy block
Running copy command:  /bin/cp -fp /tmp/maxwoo/21EF1A6A9139C9FD2A38E59AFB466F9A_1691/out_21EF1A6A9139C9FD2A38E59AFB466F9A_1691.root /star/data01/pwg/xiatong/git/strangeness/data/
168493 Execution of (/star/data01/pwg/xiatong/git/strangeness/script/sched21EF1A6A9139C9FD2A38E59AFB466F9A_1691.csh ) has ended, exiting normally
168493 We END on [Thu Jun  2 11:30:27 EDT 2022]
