We are starting on node: spool0772.sdcc.bnl.gov
HOME is not defined
Using getent method
HOME is now /star/u/maxwoo
9523 We will spawn ourselves (/star/data01/pwg/xiatong/git/strangeness/script/sched21EF1A6A9139C9FD2A38E59AFB466F9A_1285.csh )
9523 We BEGIN on [Thu Jun  2 11:20:26 EDT 2022]
[1] 9941
9523 We are waiting for 9941 
9523 Grandchild PID is 10215 - found in 10 x 1 seconds
9523 Establishing first watcher   on    Thu Jun  2 11:20:37 EDT 2022
9523 Process tree is 9523 (main) -> 9941 (child) -> 10215 (grandchild)
F S   UID   PID  PPID  C PRI  NI ADDR SZ WCHAN  TTY        TIME CMD
0 D 100667 10215 9941  0  80   0 - 32311 cxiWai ?          0:00 cp /star/data01/pwg/xiatong/AMPT/14GeV/data_418522781.root /tmp/maxwoo/21EF1A6A9139C9FD2A38E59AFB466F9A_1285/INPUTFILES/data_418522781.root
9523 Grandchild PID is 11773 - found in 20 x 2 seconds
9523 Grandchild to watch has changed on Thu Jun  2 11:21:07 EDT 2022
9523 Process tree is 9523 (main) -> 9941 (child) -> 11773 (grandchild)
F S   UID   PID  PPID  C PRI  NI ADDR SZ WCHAN  TTY        TIME CMD
0 D 100667 11773 9941  0  80   0 - 32311 cxiWai ?          0:00 cp /star/data01/pwg/xiatong/AMPT/14GeV/data_418522821.root /tmp/maxwoo/21EF1A6A9139C9FD2A38E59AFB466F9A_1285/INPUTFILES/data_418522821.root
9523 Grandchild PID is 15412 - found in 40 x 2 seconds
9523 Grandchild to watch has changed on Thu Jun  2 11:21:48 EDT 2022
9523 Process tree is 9523 (main) -> 9941 (child) -> 15412 (grandchild)
F S   UID   PID  PPID  C PRI  NI ADDR SZ WCHAN  TTY        TIME CMD
0 D 100667 15412 9941  0  80   0 - 32311 cxiWai ?          0:00 cp /star/data01/pwg/xiatong/AMPT/14GeV/data_418532521.root /tmp/maxwoo/21EF1A6A9139C9FD2A38E59AFB466F9A_1285/INPUTFILES/data_418532521.root
9523 Grandchild PID is 16571 - found in 50 x 2 seconds
9523 Grandchild to watch has changed on Thu Jun  2 11:22:09 EDT 2022
9523 Process tree is 9523 (main) -> 9941 (child) -> 16571 (grandchild)
F S   UID   PID  PPID  C PRI  NI ADDR SZ WCHAN  TTY        TIME CMD
0 D 100667 16571 9941  0  80   0 - 32311 cxiWai ?          0:00 cp /star/data01/pwg/xiatong/AMPT/14GeV/data_418532881.root /tmp/maxwoo/21EF1A6A9139C9FD2A38E59AFB466F9A_1285/INPUTFILES/data_418532881.root
9523 Grandchild PID is 18931 - found in 60 x 2 seconds
9523 Grandchild to watch has changed on Thu Jun  2 11:22:30 EDT 2022
9523 Process tree is 9523 (main) -> 9941 (child) -> 18931 (grandchild)
F S   UID   PID  PPID  C PRI  NI ADDR SZ WCHAN  TTY        TIME CMD
0 D 100667 18931 9941  0  80   0 - 32311 cxiWai ?          0:00 cp /star/data01/pwg/xiatong/AMPT/14GeV/data_418619571.root /tmp/maxwoo/21EF1A6A9139C9FD2A38E59AFB466F9A_1285/INPUTFILES/data_418619571.root
9523 Grandchild PID is 21264 - found in 70 x 2 seconds
9523 Grandchild to watch has changed on Thu Jun  2 11:22:50 EDT 2022
9523 Process tree is 9523 (main) -> 9941 (child) -> 21264 (grandchild)
F S   UID   PID  PPID  C PRI  NI ADDR SZ WCHAN  TTY        TIME CMD
0 D 100667 21264 9941  0  80   0 - 32311 cxiWai ?          0:00 cp /star/data01/pwg/xiatong/AMPT/14GeV/data_418619741.root /tmp/maxwoo/21EF1A6A9139C9FD2A38E59AFB466F9A_1285/INPUTFILES/data_418619741.root
9523 Grandchild PID is 23227 - found in 80 x 2 seconds
9523 Grandchild to watch has changed on Thu Jun  2 11:23:14 EDT 2022
9523 Process tree is 9523 (main) -> 9941 (child) -> 23227 (grandchild)
F S   UID   PID  PPID  C PRI  NI ADDR SZ WCHAN  TTY        TIME CMD
0 D 100667 23227 9941  0  80   0 - 32311 cxiWai ?          0:00 cp /star/data01/pwg/xiatong/AMPT/14GeV/data_418653121.root /tmp/maxwoo/21EF1A6A9139C9FD2A38E59AFB466F9A_1285/INPUTFILES/data_418653121.root
9523 Grandchild PID is 25197 - found in 100 x 2 seconds
9523 Grandchild to watch has changed on Thu Jun  2 11:23:56 EDT 2022
9523 Process tree is 9523 (main) -> 9941 (child) -> 25197 (grandchild)
F S   UID   PID  PPID  C PRI  NI ADDR SZ WCHAN  TTY        TIME CMD
0 D 100667 25197 9941  0  80   0 - 32311 cxiWai ?          0:00 cp /star/data01/pwg/xiatong/AMPT/14GeV/data_418685591.root /tmp/maxwoo/21EF1A6A9139C9FD2A38E59AFB466F9A_1285/INPUTFILES/data_418685591.root
9523 Grandchild PID is 27243 - found in 110 x 2 seconds
9523 Grandchild to watch has changed on Thu Jun  2 11:24:18 EDT 2022
9523 Process tree is 9523 (main) -> 9941 (child) -> 27243 (grandchild)
F S   UID   PID  PPID  C PRI  NI ADDR SZ WCHAN  TTY        TIME CMD
0 D 100667 27243 9941  0  80   0 - 32311 cxiWai ?          0:00 cp /star/data01/pwg/xiatong/AMPT/14GeV/data_418742231.root /tmp/maxwoo/21EF1A6A9139C9FD2A38E59AFB466F9A_1285/INPUTFILES/data_418742231.root
9523 Grandchild PID is 27817 - found in 120 x 2 seconds
9523 Grandchild to watch has changed on Thu Jun  2 11:24:38 EDT 2022
9523 Process tree is 9523 (main) -> 9941 (child) -> 27817 (grandchild)
F S   UID   PID  PPID  C PRI  NI ADDR SZ WCHAN  TTY        TIME CMD
0 S 100667 27817 9941  0  80   0 -  1272 do_wai ?          0:00 root -b -q check_S.C++("/tmp/maxwoo/21EF1A6A9139C9FD2A38E59AFB466F9A_1285/INPUTFILES/21EF1A6A9139C9FD2A38E59AFB466F9A_1285.local.list","21EF1A6A9139C9FD2A38E59AFB466F9A_1285",1)
9941 Stepping into the main SUMS wrapper program with []
.... building sandbox
Running: cp /star/data01/pwg/xiatong/AMPT/14GeV/data_418522781.root /tmp/maxwoo/21EF1A6A9139C9FD2A38E59AFB466F9A_1285/INPUTFILES/data_418522781.root
Running: cp /star/data01/pwg/xiatong/AMPT/14GeV/data_418522811.root /tmp/maxwoo/21EF1A6A9139C9FD2A38E59AFB466F9A_1285/INPUTFILES/data_418522811.root
Running: cp /star/data01/pwg/xiatong/AMPT/14GeV/data_418522821.root /tmp/maxwoo/21EF1A6A9139C9FD2A38E59AFB466F9A_1285/INPUTFILES/data_418522821.root
Running: cp /star/data01/pwg/xiatong/AMPT/14GeV/data_418522831.root /tmp/maxwoo/21EF1A6A9139C9FD2A38E59AFB466F9A_1285/INPUTFILES/data_418522831.root
Running: cp /star/data01/pwg/xiatong/AMPT/14GeV/data_418522841.root /tmp/maxwoo/21EF1A6A9139C9FD2A38E59AFB466F9A_1285/INPUTFILES/data_418522841.root
Running: cp /star/data01/pwg/xiatong/AMPT/14GeV/data_418524861.root /tmp/maxwoo/21EF1A6A9139C9FD2A38E59AFB466F9A_1285/INPUTFILES/data_418524861.root
Running: cp /star/data01/pwg/xiatong/AMPT/14GeV/data_418524901.root /tmp/maxwoo/21EF1A6A9139C9FD2A38E59AFB466F9A_1285/INPUTFILES/data_418524901.root
Running: cp /star/data01/pwg/xiatong/AMPT/14GeV/data_418525071.root /tmp/maxwoo/21EF1A6A9139C9FD2A38E59AFB466F9A_1285/INPUTFILES/data_418525071.root
Running: cp /star/data01/pwg/xiatong/AMPT/14GeV/data_418532521.root /tmp/maxwoo/21EF1A6A9139C9FD2A38E59AFB466F9A_1285/INPUTFILES/data_418532521.root
Running: cp /star/data01/pwg/xiatong/AMPT/14GeV/data_418532531.root /tmp/maxwoo/21EF1A6A9139C9FD2A38E59AFB466F9A_1285/INPUTFILES/data_418532531.root
Running: cp /star/data01/pwg/xiatong/AMPT/14GeV/data_418532881.root /tmp/maxwoo/21EF1A6A9139C9FD2A38E59AFB466F9A_1285/INPUTFILES/data_418532881.root
Running: cp /star/data01/pwg/xiatong/AMPT/14GeV/data_418533731.root /tmp/maxwoo/21EF1A6A9139C9FD2A38E59AFB466F9A_1285/INPUTFILES/data_418533731.root
Running: cp /star/data01/pwg/xiatong/AMPT/14GeV/data_418534081.root /tmp/maxwoo/21EF1A6A9139C9FD2A38E59AFB466F9A_1285/INPUTFILES/data_418534081.root
Running: cp /star/data01/pwg/xiatong/AMPT/14GeV/data_418534501.root /tmp/maxwoo/21EF1A6A9139C9FD2A38E59AFB466F9A_1285/INPUTFILES/data_418534501.root
Running: cp /star/data01/pwg/xiatong/AMPT/14GeV/data_418553071.root /tmp/maxwoo/21EF1A6A9139C9FD2A38E59AFB466F9A_1285/INPUTFILES/data_418553071.root
Running: cp /star/data01/pwg/xiatong/AMPT/14GeV/data_418573741.root /tmp/maxwoo/21EF1A6A9139C9FD2A38E59AFB466F9A_1285/INPUTFILES/data_418573741.root
Running: cp /star/data01/pwg/xiatong/AMPT/14GeV/data_418614301.root /tmp/maxwoo/21EF1A6A9139C9FD2A38E59AFB466F9A_1285/INPUTFILES/data_418614301.root
Running: cp /star/data01/pwg/xiatong/AMPT/14GeV/data_418619571.root /tmp/maxwoo/21EF1A6A9139C9FD2A38E59AFB466F9A_1285/INPUTFILES/data_418619571.root
Running: cp /star/data01/pwg/xiatong/AMPT/14GeV/data_418619741.root /tmp/maxwoo/21EF1A6A9139C9FD2A38E59AFB466F9A_1285/INPUTFILES/data_418619741.root
Running: cp /star/data01/pwg/xiatong/AMPT/14GeV/data_418619791.root /tmp/maxwoo/21EF1A6A9139C9FD2A38E59AFB466F9A_1285/INPUTFILES/data_418619791.root
Running: cp /star/data01/pwg/xiatong/AMPT/14GeV/data_418624811.root /tmp/maxwoo/21EF1A6A9139C9FD2A38E59AFB466F9A_1285/INPUTFILES/data_418624811.root
Running: cp /star/data01/pwg/xiatong/AMPT/14GeV/data_418637721.root /tmp/maxwoo/21EF1A6A9139C9FD2A38E59AFB466F9A_1285/INPUTFILES/data_418637721.root
Running: cp /star/data01/pwg/xiatong/AMPT/14GeV/data_418644811.root /tmp/maxwoo/21EF1A6A9139C9FD2A38E59AFB466F9A_1285/INPUTFILES/data_418644811.root
Running: cp /star/data01/pwg/xiatong/AMPT/14GeV/data_418653121.root /tmp/maxwoo/21EF1A6A9139C9FD2A38E59AFB466F9A_1285/INPUTFILES/data_418653121.root
Running: cp /star/data01/pwg/xiatong/AMPT/14GeV/data_418685591.root /tmp/maxwoo/21EF1A6A9139C9FD2A38E59AFB466F9A_1285/INPUTFILES/data_418685591.root
Running: cp /star/data01/pwg/xiatong/AMPT/14GeV/data_418720171.root /tmp/maxwoo/21EF1A6A9139C9FD2A38E59AFB466F9A_1285/INPUTFILES/data_418720171.root
Running: cp /star/data01/pwg/xiatong/AMPT/14GeV/data_418732191.root /tmp/maxwoo/21EF1A6A9139C9FD2A38E59AFB466F9A_1285/INPUTFILES/data_418732191.root
Running: cp /star/data01/pwg/xiatong/AMPT/14GeV/data_418732261.root /tmp/maxwoo/21EF1A6A9139C9FD2A38E59AFB466F9A_1285/INPUTFILES/data_418732261.root
Running: cp /star/data01/pwg/xiatong/AMPT/14GeV/data_418732301.root /tmp/maxwoo/21EF1A6A9139C9FD2A38E59AFB466F9A_1285/INPUTFILES/data_418732301.root
Running: cp /star/data01/pwg/xiatong/AMPT/14GeV/data_418732331.root /tmp/maxwoo/21EF1A6A9139C9FD2A38E59AFB466F9A_1285/INPUTFILES/data_418732331.root
Running: cp /star/data01/pwg/xiatong/AMPT/14GeV/data_418732381.root /tmp/maxwoo/21EF1A6A9139C9FD2A38E59AFB466F9A_1285/INPUTFILES/data_418732381.root
Running: cp /star/data01/pwg/xiatong/AMPT/14GeV/data_418732421.root /tmp/maxwoo/21EF1A6A9139C9FD2A38E59AFB466F9A_1285/INPUTFILES/data_418732421.root
Running: cp /star/data01/pwg/xiatong/AMPT/14GeV/data_418741961.root /tmp/maxwoo/21EF1A6A9139C9FD2A38E59AFB466F9A_1285/INPUTFILES/data_418741961.root
Running: cp /star/data01/pwg/xiatong/AMPT/14GeV/data_418742011.root /tmp/maxwoo/21EF1A6A9139C9FD2A38E59AFB466F9A_1285/INPUTFILES/data_418742011.root
Running: cp /star/data01/pwg/xiatong/AMPT/14GeV/data_418742111.root /tmp/maxwoo/21EF1A6A9139C9FD2A38E59AFB466F9A_1285/INPUTFILES/data_418742111.root
Running: cp /star/data01/pwg/xiatong/AMPT/14GeV/data_418742181.root /tmp/maxwoo/21EF1A6A9139C9FD2A38E59AFB466F9A_1285/INPUTFILES/data_418742181.root
Running: cp /star/data01/pwg/xiatong/AMPT/14GeV/data_418742231.root /tmp/maxwoo/21EF1A6A9139C9FD2A38E59AFB466F9A_1285/INPUTFILES/data_418742231.root
Swapping $FILELIST with: /tmp/maxwoo/21EF1A6A9139C9FD2A38E59AFB466F9A_1285/INPUTFILES/21EF1A6A9139C9FD2A38E59AFB466F9A_1285.local.list
+++++++++++local copy debug++++++++++++++++++++
newFileList: /tmp/maxwoo/21EF1A6A9139C9FD2A38E59AFB466F9A_1285/INPUTFILES/21EF1A6A9139C9FD2A38E59AFB466F9A_1285.local.list
++++++++++++++++cat FILELIST+++++++++++++++++++
/tmp/maxwoo/21EF1A6A9139C9FD2A38E59AFB466F9A_1285/INPUTFILES/data_418522781.root 
/tmp/maxwoo/21EF1A6A9139C9FD2A38E59AFB466F9A_1285/INPUTFILES/data_418522811.root 
/tmp/maxwoo/21EF1A6A9139C9FD2A38E59AFB466F9A_1285/INPUTFILES/data_418522821.root 
/tmp/maxwoo/21EF1A6A9139C9FD2A38E59AFB466F9A_1285/INPUTFILES/data_418522831.root 
/tmp/maxwoo/21EF1A6A9139C9FD2A38E59AFB466F9A_1285/INPUTFILES/data_418522841.root 
/tmp/maxwoo/21EF1A6A9139C9FD2A38E59AFB466F9A_1285/INPUTFILES/data_418524861.root 
/tmp/maxwoo/21EF1A6A9139C9FD2A38E59AFB466F9A_1285/INPUTFILES/data_418524901.root 
/tmp/maxwoo/21EF1A6A9139C9FD2A38E59AFB466F9A_1285/INPUTFILES/data_418525071.root 
/tmp/maxwoo/21EF1A6A9139C9FD2A38E59AFB466F9A_1285/INPUTFILES/data_418532521.root 
/tmp/maxwoo/21EF1A6A9139C9FD2A38E59AFB466F9A_1285/INPUTFILES/data_418532531.root 
/tmp/maxwoo/21EF1A6A9139C9FD2A38E59AFB466F9A_1285/INPUTFILES/data_418532881.root 
/tmp/maxwoo/21EF1A6A9139C9FD2A38E59AFB466F9A_1285/INPUTFILES/data_418533731.root 
/tmp/maxwoo/21EF1A6A9139C9FD2A38E59AFB466F9A_1285/INPUTFILES/data_418534081.root 
/tmp/maxwoo/21EF1A6A9139C9FD2A38E59AFB466F9A_1285/INPUTFILES/data_418534501.root 
/tmp/maxwoo/21EF1A6A9139C9FD2A38E59AFB466F9A_1285/INPUTFILES/data_418553071.root 
/tmp/maxwoo/21EF1A6A9139C9FD2A38E59AFB466F9A_1285/INPUTFILES/data_418573741.root 
/tmp/maxwoo/21EF1A6A9139C9FD2A38E59AFB466F9A_1285/INPUTFILES/data_418614301.root 
/tmp/maxwoo/21EF1A6A9139C9FD2A38E59AFB466F9A_1285/INPUTFILES/data_418619571.root 
/tmp/maxwoo/21EF1A6A9139C9FD2A38E59AFB466F9A_1285/INPUTFILES/data_418619741.root 
/tmp/maxwoo/21EF1A6A9139C9FD2A38E59AFB466F9A_1285/INPUTFILES/data_418619791.root 
/tmp/maxwoo/21EF1A6A9139C9FD2A38E59AFB466F9A_1285/INPUTFILES/data_418624811.root 
/tmp/maxwoo/21EF1A6A9139C9FD2A38E59AFB466F9A_1285/INPUTFILES/data_418637721.root 
/tmp/maxwoo/21EF1A6A9139C9FD2A38E59AFB466F9A_1285/INPUTFILES/data_418644811.root 
/tmp/maxwoo/21EF1A6A9139C9FD2A38E59AFB466F9A_1285/INPUTFILES/data_418653121.root 
/tmp/maxwoo/21EF1A6A9139C9FD2A38E59AFB466F9A_1285/INPUTFILES/data_418685591.root 
/tmp/maxwoo/21EF1A6A9139C9FD2A38E59AFB466F9A_1285/INPUTFILES/data_418720171.root 
/tmp/maxwoo/21EF1A6A9139C9FD2A38E59AFB466F9A_1285/INPUTFILES/data_418732191.root 
/tmp/maxwoo/21EF1A6A9139C9FD2A38E59AFB466F9A_1285/INPUTFILES/data_418732261.root 
/tmp/maxwoo/21EF1A6A9139C9FD2A38E59AFB466F9A_1285/INPUTFILES/data_418732301.root 
/tmp/maxwoo/21EF1A6A9139C9FD2A38E59AFB466F9A_1285/INPUTFILES/data_418732331.root 
/tmp/maxwoo/21EF1A6A9139C9FD2A38E59AFB466F9A_1285/INPUTFILES/data_418732381.root 
/tmp/maxwoo/21EF1A6A9139C9FD2A38E59AFB466F9A_1285/INPUTFILES/data_418732421.root 
/tmp/maxwoo/21EF1A6A9139C9FD2A38E59AFB466F9A_1285/INPUTFILES/data_418741961.root 
/tmp/maxwoo/21EF1A6A9139C9FD2A38E59AFB466F9A_1285/INPUTFILES/data_418742011.root 
/tmp/maxwoo/21EF1A6A9139C9FD2A38E59AFB466F9A_1285/INPUTFILES/data_418742111.root 
/tmp/maxwoo/21EF1A6A9139C9FD2A38E59AFB466F9A_1285/INPUTFILES/data_418742181.root 
/tmp/maxwoo/21EF1A6A9139C9FD2A38E59AFB466F9A_1285/INPUTFILES/data_418742231.root 
++++++++++++++++++++find.++++++++++++++++++++++
.
./lib
./lib/my_particle_cpp_ACLiC_dict_rdict.pcm
./lib/my_event.cpp
./lib/my_event.h
./lib/my_particle.h
./lib/CenMaker_cpp.so
./lib/NpartNormalizer.h
./lib/NpartNormalizer_cpp_ACLiC_dict_rdict.pcm
./lib/NpartNormalizer_cpp.d
./lib/CenMaker.cpp
./lib/my_particle_cpp.d
./lib/MixedBuffer.h
./lib/CenMaker_cpp_ACLiC_dict_rdict.pcm
./lib/MixedBuffer.cpp
./lib/MixedBuffer_cpp.d
./lib/my_particle_cpp.so
./lib/MixedBuffer_cpp.so
./lib/my_particle.cpp
./lib/MixedBuffer_cpp_ACLiC_dict_rdict.pcm
./lib/NpartNormalizer_cpp.so
./lib/CenMaker_cpp.d
./lib/my_event_cpp.d
./lib/my_event_cpp.so
./lib/my_event_cpp_ACLiC_dict_rdict.pcm
./lib/NpartNormalizer.cpp
./lib/CenMaker.h
./check_S.C
./INPUTFILES
./INPUTFILES/data_418522831.root
./INPUTFILES/data_418524861.root
./INPUTFILES/data_418742181.root
./INPUTFILES/data_418533731.root
./INPUTFILES/data_418644811.root
./INPUTFILES/data_418534081.root
./INPUTFILES/data_418525071.root
./INPUTFILES/data_418524901.root
./INPUTFILES/data_418742011.root
./INPUTFILES/data_418732331.root
./INPUTFILES/data_418742111.root
./INPUTFILES/data_418619791.root
./INPUTFILES/data_418534501.root
./INPUTFILES/data_418614301.root
./INPUTFILES/data_418732381.root
./INPUTFILES/data_418532881.root
./INPUTFILES/data_418720171.root
./INPUTFILES/data_418685591.root
./INPUTFILES/data_418732261.root
./INPUTFILES/data_418637721.root
./INPUTFILES/data_418532531.root
./INPUTFILES/data_418732301.root
./INPUTFILES/data_418624811.root
./INPUTFILES/data_418573741.root
./INPUTFILES/data_418532521.root
./INPUTFILES/data_418619741.root
./INPUTFILES/data_418619571.root
./INPUTFILES/data_418522811.root
./INPUTFILES/data_418522841.root
./INPUTFILES/data_418732191.root
./INPUTFILES/data_418742231.root
./INPUTFILES/data_418732421.root
./INPUTFILES/data_418653121.root
./INPUTFILES/data_418522781.root
./INPUTFILES/data_418741961.root
./INPUTFILES/data_418553071.root
./INPUTFILES/data_418522821.root
./INPUTFILES/21EF1A6A9139C9FD2A38E59AFB466F9A_1285.local.list
./.sandboxFiles
./.errror.log
./.output.log
./Check_Sness.C
++++++++++++++++INPUTFILE Var++++++++++++++++++
FILELIST=/tmp/maxwoo/21EF1A6A9139C9FD2A38E59AFB466F9A_1285/INPUTFILES/21EF1A6A9139C9FD2A38E59AFB466F9A_1285.local.list
INPUTFILECOUNT=37
INPUTFILE0=/tmp/maxwoo/21EF1A6A9139C9FD2A38E59AFB466F9A_1285/INPUTFILES/data_418522781.root
INPUTFILE1=/tmp/maxwoo/21EF1A6A9139C9FD2A38E59AFB466F9A_1285/INPUTFILES/data_418522811.root
INPUTFILE2=/tmp/maxwoo/21EF1A6A9139C9FD2A38E59AFB466F9A_1285/INPUTFILES/data_418522821.root
INPUTFILE3=/tmp/maxwoo/21EF1A6A9139C9FD2A38E59AFB466F9A_1285/INPUTFILES/data_418522831.root
INPUTFILE4=/tmp/maxwoo/21EF1A6A9139C9FD2A38E59AFB466F9A_1285/INPUTFILES/data_418522841.root
INPUTFILE5=/tmp/maxwoo/21EF1A6A9139C9FD2A38E59AFB466F9A_1285/INPUTFILES/data_418524861.root
INPUTFILE6=/tmp/maxwoo/21EF1A6A9139C9FD2A38E59AFB466F9A_1285/INPUTFILES/data_418524901.root
INPUTFILE7=/tmp/maxwoo/21EF1A6A9139C9FD2A38E59AFB466F9A_1285/INPUTFILES/data_418525071.root
INPUTFILE8=/tmp/maxwoo/21EF1A6A9139C9FD2A38E59AFB466F9A_1285/INPUTFILES/data_418532521.root
INPUTFILE9=/tmp/maxwoo/21EF1A6A9139C9FD2A38E59AFB466F9A_1285/INPUTFILES/data_418532531.root
INPUTFILE10=/tmp/maxwoo/21EF1A6A9139C9FD2A38E59AFB466F9A_1285/INPUTFILES/data_418532881.root
INPUTFILE11=/tmp/maxwoo/21EF1A6A9139C9FD2A38E59AFB466F9A_1285/INPUTFILES/data_418533731.root
INPUTFILE12=/tmp/maxwoo/21EF1A6A9139C9FD2A38E59AFB466F9A_1285/INPUTFILES/data_418534081.root
INPUTFILE13=/tmp/maxwoo/21EF1A6A9139C9FD2A38E59AFB466F9A_1285/INPUTFILES/data_418534501.root
INPUTFILE14=/tmp/maxwoo/21EF1A6A9139C9FD2A38E59AFB466F9A_1285/INPUTFILES/data_418553071.root
INPUTFILE15=/tmp/maxwoo/21EF1A6A9139C9FD2A38E59AFB466F9A_1285/INPUTFILES/data_418573741.root
INPUTFILE16=/tmp/maxwoo/21EF1A6A9139C9FD2A38E59AFB466F9A_1285/INPUTFILES/data_418614301.root
INPUTFILE17=/tmp/maxwoo/21EF1A6A9139C9FD2A38E59AFB466F9A_1285/INPUTFILES/data_418619571.root
INPUTFILE18=/tmp/maxwoo/21EF1A6A9139C9FD2A38E59AFB466F9A_1285/INPUTFILES/data_418619741.root
INPUTFILE19=/tmp/maxwoo/21EF1A6A9139C9FD2A38E59AFB466F9A_1285/INPUTFILES/data_418619791.root
INPUTFILE20=/tmp/maxwoo/21EF1A6A9139C9FD2A38E59AFB466F9A_1285/INPUTFILES/data_418624811.root
INPUTFILE21=/tmp/maxwoo/21EF1A6A9139C9FD2A38E59AFB466F9A_1285/INPUTFILES/data_418637721.root
INPUTFILE22=/tmp/maxwoo/21EF1A6A9139C9FD2A38E59AFB466F9A_1285/INPUTFILES/data_418644811.root
INPUTFILE23=/tmp/maxwoo/21EF1A6A9139C9FD2A38E59AFB466F9A_1285/INPUTFILES/data_418653121.root
INPUTFILE24=/tmp/maxwoo/21EF1A6A9139C9FD2A38E59AFB466F9A_1285/INPUTFILES/data_418685591.root
INPUTFILE25=/tmp/maxwoo/21EF1A6A9139C9FD2A38E59AFB466F9A_1285/INPUTFILES/data_418720171.root
INPUTFILE26=/tmp/maxwoo/21EF1A6A9139C9FD2A38E59AFB466F9A_1285/INPUTFILES/data_418732191.root
INPUTFILE27=/tmp/maxwoo/21EF1A6A9139C9FD2A38E59AFB466F9A_1285/INPUTFILES/data_418732261.root
INPUTFILE28=/tmp/maxwoo/21EF1A6A9139C9FD2A38E59AFB466F9A_1285/INPUTFILES/data_418732301.root
INPUTFILE29=/tmp/maxwoo/21EF1A6A9139C9FD2A38E59AFB466F9A_1285/INPUTFILES/data_418732331.root
INPUTFILE30=/tmp/maxwoo/21EF1A6A9139C9FD2A38E59AFB466F9A_1285/INPUTFILES/data_418732381.root
INPUTFILE31=/tmp/maxwoo/21EF1A6A9139C9FD2A38E59AFB466F9A_1285/INPUTFILES/data_418732421.root
INPUTFILE32=/tmp/maxwoo/21EF1A6A9139C9FD2A38E59AFB466F9A_1285/INPUTFILES/data_418741961.root
INPUTFILE33=/tmp/maxwoo/21EF1A6A9139C9FD2A38E59AFB466F9A_1285/INPUTFILES/data_418742011.root
INPUTFILE34=/tmp/maxwoo/21EF1A6A9139C9FD2A38E59AFB466F9A_1285/INPUTFILES/data_418742111.root
INPUTFILE35=/tmp/maxwoo/21EF1A6A9139C9FD2A38E59AFB466F9A_1285/INPUTFILES/data_418742181.root
INPUTFILE36=/tmp/maxwoo/21EF1A6A9139C9FD2A38E59AFB466F9A_1285/INPUTFILES/data_418742231.root
LocalInputFileDir=/tmp/maxwoo/21EF1A6A9139C9FD2A38E59AFB466F9A_1285/INPUTFILES
NewFILELIST=/tmp/maxwoo/21EF1A6A9139C9FD2A38E59AFB466F9A_1285/INPUTFILES/21EF1A6A9139C9FD2A38E59AFB466F9A_1285.local.list
+++++++++++++++++++++++++++++++++++++++++++++++
--------------------------------
Simple Unified Meta Scheduler 1.10.50 we are starting in $SCRATCH : /home/tmp/maxwoo/21EF1A6A9139C9FD2A38E59AFB466F9A_1285
--------------------------------
total 16
lrwxrwxrwx 1 maxwoo rhstar   61 Jun  2 11:20 check_S.C -> /gpfs/mnt/gpfs01/star/pwg/xiatong/git/strangeness/./check_S.C
lrwxrwxrwx 1 maxwoo rhstar   65 Jun  2 11:20 Check_Sness.C -> /gpfs/mnt/gpfs01/star/pwg/xiatong/git/strangeness/./Check_Sness.C
drwxr-xr-x 2 maxwoo rhstar 4096 Jun  2 11:24 INPUTFILES
drwxr-xr-x 2 maxwoo rhstar 4096 Jun  2 11:20 lib
  *******************************************
  *                                         *
  *        W E L C O M E  to  R O O T       *
  *                                         *
  *   Version   5.34/38     12 March 2018   *
  *                                         *
  *  You are welcome to visit our Web site  *
  *          http://root.cern.ch            *
  *                                         *
  *******************************************

ROOT 5.34/38 (v5-34-38@v5-34-38, Mar 12 2018, 15:49:39 on linux)

CINT/ROOT C/C++ Interpreter version 5.18.00, July 2, 2010
Type ? for help. Commands must be C++ statements.
Enclose multiple statements between { }.
*** Float Point Exception is OFF ***
 *** Start at Date : Thu Jun  2 11:24:23 2022
QAInfo:You are using STAR_LEVEL : dev, ROOT_LEVEL : 5.34.38 and node : spool0772.sdcc.bnl.gov 

Processing check_S.C++("/tmp/maxwoo/21EF1A6A9139C9FD2A38E59AFB466F9A_1285/INPUTFILES/21EF1A6A9139C9FD2A38E59AFB466F9A_1285.local.list","21EF1A6A9139C9FD2A38E59AFB466F9A_1285",1)...
/tmp/maxwoo/21EF1A6A9139C9FD2A38E59AFB466F9A_1285/INPUTFILES/data_418522781.root 
/tmp/maxwoo/21EF1A6A9139C9FD2A38E59AFB466F9A_1285/INPUTFILES/data_418522811.root 
/tmp/maxwoo/21EF1A6A9139C9FD2A38E59AFB466F9A_1285/INPUTFILES/data_418522821.root 
/tmp/maxwoo/21EF1A6A9139C9FD2A38E59AFB466F9A_1285/INPUTFILES/data_418522831.root 
/tmp/maxwoo/21EF1A6A9139C9FD2A38E59AFB466F9A_1285/INPUTFILES/data_418522841.root 
/tmp/maxwoo/21EF1A6A9139C9FD2A38E59AFB466F9A_1285/INPUTFILES/data_418524861.root 
/tmp/maxwoo/21EF1A6A9139C9FD2A38E59AFB466F9A_1285/INPUTFILES/data_418524901.root 
/tmp/maxwoo/21EF1A6A9139C9FD2A38E59AFB466F9A_1285/INPUTFILES/data_418525071.root 
/tmp/maxwoo/21EF1A6A9139C9FD2A38E59AFB466F9A_1285/INPUTFILES/data_418532521.root 
/tmp/maxwoo/21EF1A6A9139C9FD2A38E59AFB466F9A_1285/INPUTFILES/data_418532531.root 
/tmp/maxwoo/21EF1A6A9139C9FD2A38E59AFB466F9A_1285/INPUTFILES/data_418532881.root 
/tmp/maxwoo/21EF1A6A9139C9FD2A38E59AFB466F9A_1285/INPUTFILES/data_418533731.root 
/tmp/maxwoo/21EF1A6A9139C9FD2A38E59AFB466F9A_1285/INPUTFILES/data_418534081.root 
/tmp/maxwoo/21EF1A6A9139C9FD2A38E59AFB466F9A_1285/INPUTFILES/data_418534501.root 
/tmp/maxwoo/21EF1A6A9139C9FD2A38E59AFB466F9A_1285/INPUTFILES/data_418553071.root 
/tmp/maxwoo/21EF1A6A9139C9FD2A38E59AFB466F9A_1285/INPUTFILES/data_418573741.root 
/tmp/maxwoo/21EF1A6A9139C9FD2A38E59AFB466F9A_1285/INPUTFILES/data_418614301.root 
/tmp/maxwoo/21EF1A6A9139C9FD2A38E59AFB466F9A_1285/INPUTFILES/data_418619571.root 
/tmp/maxwoo/21EF1A6A9139C9FD2A38E59AFB466F9A_1285/INPUTFILES/data_418619741.root 
/tmp/maxwoo/21EF1A6A9139C9FD2A38E59AFB466F9A_1285/INPUTFILES/data_418619791.root 
/tmp/maxwoo/21EF1A6A9139C9FD2A38E59AFB466F9A_1285/INPUTFILES/data_418624811.root 
/tmp/maxwoo/21EF1A6A9139C9FD2A38E59AFB466F9A_1285/INPUTFILES/data_418637721.root 
/tmp/maxwoo/21EF1A6A9139C9FD2A38E59AFB466F9A_1285/INPUTFILES/data_418644811.root 
/tmp/maxwoo/21EF1A6A9139C9FD2A38E59AFB466F9A_1285/INPUTFILES/data_418653121.root 
/tmp/maxwoo/21EF1A6A9139C9FD2A38E59AFB466F9A_1285/INPUTFILES/data_418685591.root 
/tmp/maxwoo/21EF1A6A9139C9FD2A38E59AFB466F9A_1285/INPUTFILES/data_418720171.root 
/tmp/maxwoo/21EF1A6A9139C9FD2A38E59AFB466F9A_1285/INPUTFILES/data_418732191.root 
/tmp/maxwoo/21EF1A6A9139C9FD2A38E59AFB466F9A_1285/INPUTFILES/data_418732261.root 
/tmp/maxwoo/21EF1A6A9139C9FD2A38E59AFB466F9A_1285/INPUTFILES/data_418732301.root 
/tmp/maxwoo/21EF1A6A9139C9FD2A38E59AFB466F9A_1285/INPUTFILES/data_418732331.root 
/tmp/maxwoo/21EF1A6A9139C9FD2A38E59AFB466F9A_1285/INPUTFILES/data_418732381.root 
/tmp/maxwoo/21EF1A6A9139C9FD2A38E59AFB466F9A_1285/INPUTFILES/data_418732421.root 
/tmp/maxwoo/21EF1A6A9139C9FD2A38E59AFB466F9A_1285/INPUTFILES/data_418741961.root 
/tmp/maxwoo/21EF1A6A9139C9FD2A38E59AFB466F9A_1285/INPUTFILES/data_418742011.root 
/tmp/maxwoo/21EF1A6A9139C9FD2A38E59AFB466F9A_1285/INPUTFILES/data_418742111.root 
/tmp/maxwoo/21EF1A6A9139C9FD2A38E59AFB466F9A_1285/INPUTFILES/data_418742181.root 
/tmp/maxwoo/21EF1A6A9139C9FD2A38E59AFB466F9A_1285/INPUTFILES/data_418742231.root 
Added 37 files
# entries in chain: 37000
Processing entry == 1000 == out of 37000.
Processing entry == 2000 == out of 37000.
Processing entry == 3000 == out of 37000.
Processing entry == 4000 == out of 37000.
Processing entry == 5000 == out of 37000.
Processing entry == 6000 == out of 37000.
Processing entry == 7000 == out of 37000.
Processing entry == 8000 == out of 37000.
Processing entry == 9000 == out of 37000.
Processing entry == 10000 == out of 37000.
Processing entry == 11000 == out of 37000.
Processing entry == 12000 == out of 37000.
Processing entry == 13000 == out of 37000.
Processing entry == 14000 == out of 37000.
Processing entry == 15000 == out of 37000.
Processing entry == 16000 == out of 37000.
Processing entry == 17000 == out of 37000.
Processing entry == 18000 == out of 37000.
Processing entry == 19000 == out of 37000.
Processing entry == 20000 == out of 37000.
Processing entry == 21000 == out of 37000.
Processing entry == 22000 == out of 37000.
Processing entry == 23000 == out of 37000.
Processing entry == 24000 == out of 37000.
Processing entry == 25000 == out of 37000.
Processing entry == 26000 == out of 37000.
Processing entry == 27000 == out of 37000.
Processing entry == 28000 == out of 37000.
Processing entry == 29000 == out of 37000.
Processing entry == 30000 == out of 37000.
Processing entry == 31000 == out of 37000.
Processing entry == 32000 == out of 37000.
Processing entry == 33000 == out of 37000.
Processing entry == 34000 == out of 37000.
Processing entry == 35000 == out of 37000.
Processing entry == 36000 == out of 37000.
Processing entry == 37000 == out of 37000.

This is the end of ROOT -- Goodbye

Cleaning up sandbox file:  /tmp/maxwoo/21EF1A6A9139C9FD2A38E59AFB466F9A_1285/check_S.C
Cleaning up sandbox file:  /tmp/maxwoo/21EF1A6A9139C9FD2A38E59AFB466F9A_1285/Check_Sness.C
Cleaning up sandbox file:  /tmp/maxwoo/21EF1A6A9139C9FD2A38E59AFB466F9A_1285/lib
Cleaning up sandbox file:  /tmp/maxwoo/21EF1A6A9139C9FD2A38E59AFB466F9A_1285/.sandboxFiles
Starting copy block
Running copy command:  /bin/cp -fp /tmp/maxwoo/21EF1A6A9139C9FD2A38E59AFB466F9A_1285/out_21EF1A6A9139C9FD2A38E59AFB466F9A_1285.root /star/data01/pwg/xiatong/git/strangeness/data/
9523 Execution of (/star/data01/pwg/xiatong/git/strangeness/script/sched21EF1A6A9139C9FD2A38E59AFB466F9A_1285.csh ) has ended, exiting normally
9523 We END on [Thu Jun  2 11:42:16 EDT 2022]
