We are starting on node: rcas2951.rcf.bnl.gov
HOME is not defined
Using getent method
HOME is now /star/u/maxwoo
31033 We will spawn ourselves (/star/data01/pwg/xiatong/git/strangeness/script/sched21EF1A6A9139C9FD2A38E59AFB466F9A_343.csh )
31033 We BEGIN on [Thu Jun  2 11:37:23 EDT 2022]
[1] 31238
31033 We are waiting for 31238 
31033 Grandchild PID is 31421 - found in 10 x 1 seconds
31033 Establishing first watcher   on    Thu Jun  2 11:37:34 EDT 2022
31033 Process tree is 31033 (main) -> 31238 (child) -> 31421 (grandchild)
F S   UID   PID  PPID  C PRI  NI ADDR SZ WCHAN  TTY        TIME CMD
0 D 100667 31421 31238  0 80   0 - 32311 cxiWai ?          0:00 cp /star/data01/pwg/xiatong/AMPT/14GeV/data_165192151.root /tmp/maxwoo/21EF1A6A9139C9FD2A38E59AFB466F9A_343/INPUTFILES/data_165192151.root
31033 Grandchild PID is 33135 - found in 20 x 2 seconds
31033 Grandchild to watch has changed on Thu Jun  2 11:37:59 EDT 2022
31033 Process tree is 31033 (main) -> 31238 (child) -> 33135 (grandchild)
F S   UID   PID  PPID  C PRI  NI ADDR SZ WCHAN  TTY        TIME CMD
0 D 100667 33135 31238  0 80   0 - 32311 cxiWai ?          0:00 cp /star/data01/pwg/xiatong/AMPT/14GeV/data_165192201.root /tmp/maxwoo/21EF1A6A9139C9FD2A38E59AFB466F9A_343/INPUTFILES/data_165192201.root
31033 Grandchild PID is 34523 - found in 30 x 2 seconds
31033 Grandchild to watch has changed on Thu Jun  2 11:38:19 EDT 2022
31033 Process tree is 31033 (main) -> 31238 (child) -> 34523 (grandchild)
F S   UID   PID  PPID  C PRI  NI ADDR SZ WCHAN  TTY        TIME CMD
0 D 100667 34523 31238  0 80   0 - 32311 cxiWai ?          0:00 cp /star/data01/pwg/xiatong/AMPT/14GeV/data_165192371.root /tmp/maxwoo/21EF1A6A9139C9FD2A38E59AFB466F9A_343/INPUTFILES/data_165192371.root
31033 Grandchild PID is 35549 - found in 40 x 2 seconds
31033 Grandchild to watch has changed on Thu Jun  2 11:38:40 EDT 2022
31033 Process tree is 31033 (main) -> 31238 (child) -> 35549 (grandchild)
F S   UID   PID  PPID  C PRI  NI ADDR SZ WCHAN  TTY        TIME CMD
0 D 100667 35549 31238  0 80   0 - 32311 cxiWai ?          0:00 cp /star/data01/pwg/xiatong/AMPT/14GeV/data_165193751.root /tmp/maxwoo/21EF1A6A9139C9FD2A38E59AFB466F9A_343/INPUTFILES/data_165193751.root
31033 Grandchild PID is 36495 - found in 50 x 2 seconds
31033 Grandchild to watch has changed on Thu Jun  2 11:39:00 EDT 2022
31033 Process tree is 31033 (main) -> 31238 (child) -> 36495 (grandchild)
F S   UID   PID  PPID  C PRI  NI ADDR SZ WCHAN  TTY        TIME CMD
0 D 100667 36495 31238  0 80   0 - 32311 cxiWai ?          0:00 cp /star/data01/pwg/xiatong/AMPT/14GeV/data_165196001.root /tmp/maxwoo/21EF1A6A9139C9FD2A38E59AFB466F9A_343/INPUTFILES/data_165196001.root
31033 Grandchild PID is 40223 - found in 70 x 2 seconds
31033 Grandchild to watch has changed on Thu Jun  2 11:39:42 EDT 2022
31033 Process tree is 31033 (main) -> 31238 (child) -> 40223 (grandchild)
F S   UID   PID  PPID  C PRI  NI ADDR SZ WCHAN  TTY        TIME CMD
0 D 100667 40223 31238  0 80   0 - 32311 cxiWai ?          0:00 cp /star/data01/pwg/xiatong/AMPT/14GeV/data_165252121.root /tmp/maxwoo/21EF1A6A9139C9FD2A38E59AFB466F9A_343/INPUTFILES/data_165252121.root
31033 Grandchild PID is 41214 - found in 80 x 2 seconds
31033 Grandchild to watch has changed on Thu Jun  2 11:40:02 EDT 2022
31033 Process tree is 31033 (main) -> 31238 (child) -> 41214 (grandchild)
F S   UID   PID  PPID  C PRI  NI ADDR SZ WCHAN  TTY        TIME CMD
0 D 100667 41214 31238  0 80   0 - 32311 cxiWai ?          0:00 cp /star/data01/pwg/xiatong/AMPT/14GeV/data_165434411.root /tmp/maxwoo/21EF1A6A9139C9FD2A38E59AFB466F9A_343/INPUTFILES/data_165434411.root
31033 Grandchild PID is 42339 - found in 90 x 2 seconds
31033 Grandchild to watch has changed on Thu Jun  2 11:40:23 EDT 2022
31033 Process tree is 31033 (main) -> 31238 (child) -> 42339 (grandchild)
F S   UID   PID  PPID  C PRI  NI ADDR SZ WCHAN  TTY        TIME CMD
0 D 100667 42339 31238  0 80   0 - 32311 cxiWai ?          0:00 cp /star/data01/pwg/xiatong/AMPT/14GeV/data_165852101.root /tmp/maxwoo/21EF1A6A9139C9FD2A38E59AFB466F9A_343/INPUTFILES/data_165852101.root
31033 Grandchild PID is 44557 - found in 110 x 2 seconds
31033 Grandchild to watch has changed on Thu Jun  2 11:41:04 EDT 2022
31033 Process tree is 31033 (main) -> 31238 (child) -> 44557 (grandchild)
F S   UID   PID  PPID  C PRI  NI ADDR SZ WCHAN  TTY        TIME CMD
0 D 100667 44557 31238  0 80   0 - 32311 cxiWai ?          0:00 cp /star/data01/pwg/xiatong/AMPT/14GeV/data_166110081.root /tmp/maxwoo/21EF1A6A9139C9FD2A38E59AFB466F9A_343/INPUTFILES/data_166110081.root
31033 Grandchild PID is 48128 - found in 130 x 2 seconds
31033 Grandchild to watch has changed on Thu Jun  2 11:41:45 EDT 2022
31033 Process tree is 31033 (main) -> 31238 (child) -> 48128 (grandchild)
F S   UID   PID  PPID  C PRI  NI ADDR SZ WCHAN  TTY        TIME CMD
0 D 100667 48128 31238  0 80   0 - 32311 cxiWai ?          0:00 cp /star/data01/pwg/xiatong/AMPT/14GeV/data_166119321.root /tmp/maxwoo/21EF1A6A9139C9FD2A38E59AFB466F9A_343/INPUTFILES/data_166119321.root
31033 Grandchild PID is 2165 - found in 160 x 2 seconds
31033 Grandchild to watch has changed on Thu Jun  2 11:42:51 EDT 2022
31033 Process tree is 31033 (main) -> 31238 (child) -> 2165 (grandchild)
F S   UID   PID  PPID  C PRI  NI ADDR SZ WCHAN  TTY        TIME CMD
0 D 100667 2165 31238  0  80   0 - 32311 cxiWai ?          0:00 cp /star/data01/pwg/xiatong/AMPT/14GeV/data_166122921.root /tmp/maxwoo/21EF1A6A9139C9FD2A38E59AFB466F9A_343/INPUTFILES/data_166122921.root
31033 Grandchild PID is 6507 - found in 180 x 2 seconds
31033 Grandchild to watch has changed on Thu Jun  2 11:43:37 EDT 2022
31033 Process tree is 31033 (main) -> 31238 (child) -> 6507 (grandchild)
F S   UID   PID  PPID  C PRI  NI ADDR SZ WCHAN  TTY        TIME CMD
0 D 100667 6507 31238  0  80   0 - 32311 cxiWai ?          0:00 cp /star/data01/pwg/xiatong/AMPT/14GeV/data_166162471.root /tmp/maxwoo/21EF1A6A9139C9FD2A38E59AFB466F9A_343/INPUTFILES/data_166162471.root
31033 Grandchild PID is 9551 - found in 200 x 2 seconds
31033 Grandchild to watch has changed on Thu Jun  2 11:44:34 EDT 2022
31033 Process tree is 31033 (main) -> 31238 (child) -> 9551 (grandchild)
F S   UID   PID  PPID  C PRI  NI ADDR SZ WCHAN  TTY        TIME CMD
0 S 100667 9551 31238  0  80   0 -  1272 do_wai ?          0:00 root -b -q check_S.C++("/tmp/maxwoo/21EF1A6A9139C9FD2A38E59AFB466F9A_343/INPUTFILES/21EF1A6A9139C9FD2A38E59AFB466F9A_343.local.list","21EF1A6A9139C9FD2A38E59AFB466F9A_343",1)
31238 Stepping into the main SUMS wrapper program with []
.... building sandbox
Running: cp /star/data01/pwg/xiatong/AMPT/14GeV/data_165192151.root /tmp/maxwoo/21EF1A6A9139C9FD2A38E59AFB466F9A_343/INPUTFILES/data_165192151.root
Running: cp /star/data01/pwg/xiatong/AMPT/14GeV/data_165192201.root /tmp/maxwoo/21EF1A6A9139C9FD2A38E59AFB466F9A_343/INPUTFILES/data_165192201.root
Running: cp /star/data01/pwg/xiatong/AMPT/14GeV/data_165192261.root /tmp/maxwoo/21EF1A6A9139C9FD2A38E59AFB466F9A_343/INPUTFILES/data_165192261.root
Running: cp /star/data01/pwg/xiatong/AMPT/14GeV/data_165192341.root /tmp/maxwoo/21EF1A6A9139C9FD2A38E59AFB466F9A_343/INPUTFILES/data_165192341.root
Running: cp /star/data01/pwg/xiatong/AMPT/14GeV/data_165192361.root /tmp/maxwoo/21EF1A6A9139C9FD2A38E59AFB466F9A_343/INPUTFILES/data_165192361.root
Running: cp /star/data01/pwg/xiatong/AMPT/14GeV/data_165192371.root /tmp/maxwoo/21EF1A6A9139C9FD2A38E59AFB466F9A_343/INPUTFILES/data_165192371.root
Running: cp /star/data01/pwg/xiatong/AMPT/14GeV/data_165192381.root /tmp/maxwoo/21EF1A6A9139C9FD2A38E59AFB466F9A_343/INPUTFILES/data_165192381.root
Running: cp /star/data01/pwg/xiatong/AMPT/14GeV/data_165192401.root /tmp/maxwoo/21EF1A6A9139C9FD2A38E59AFB466F9A_343/INPUTFILES/data_165192401.root
Running: cp /star/data01/pwg/xiatong/AMPT/14GeV/data_165192411.root /tmp/maxwoo/21EF1A6A9139C9FD2A38E59AFB466F9A_343/INPUTFILES/data_165192411.root
Running: cp /star/data01/pwg/xiatong/AMPT/14GeV/data_165192451.root /tmp/maxwoo/21EF1A6A9139C9FD2A38E59AFB466F9A_343/INPUTFILES/data_165192451.root
Running: cp /star/data01/pwg/xiatong/AMPT/14GeV/data_165193751.root /tmp/maxwoo/21EF1A6A9139C9FD2A38E59AFB466F9A_343/INPUTFILES/data_165193751.root
Running: cp /star/data01/pwg/xiatong/AMPT/14GeV/data_165193761.root /tmp/maxwoo/21EF1A6A9139C9FD2A38E59AFB466F9A_343/INPUTFILES/data_165193761.root
Running: cp /star/data01/pwg/xiatong/AMPT/14GeV/data_165196001.root /tmp/maxwoo/21EF1A6A9139C9FD2A38E59AFB466F9A_343/INPUTFILES/data_165196001.root
Running: cp /star/data01/pwg/xiatong/AMPT/14GeV/data_165252121.root /tmp/maxwoo/21EF1A6A9139C9FD2A38E59AFB466F9A_343/INPUTFILES/data_165252121.root
Running: cp /star/data01/pwg/xiatong/AMPT/14GeV/data_165434411.root /tmp/maxwoo/21EF1A6A9139C9FD2A38E59AFB466F9A_343/INPUTFILES/data_165434411.root
Running: cp /star/data01/pwg/xiatong/AMPT/14GeV/data_165552111.root /tmp/maxwoo/21EF1A6A9139C9FD2A38E59AFB466F9A_343/INPUTFILES/data_165552111.root
Running: cp /star/data01/pwg/xiatong/AMPT/14GeV/data_165723831.root /tmp/maxwoo/21EF1A6A9139C9FD2A38E59AFB466F9A_343/INPUTFILES/data_165723831.root
Running: cp /star/data01/pwg/xiatong/AMPT/14GeV/data_165852101.root /tmp/maxwoo/21EF1A6A9139C9FD2A38E59AFB466F9A_343/INPUTFILES/data_165852101.root
Running: cp /star/data01/pwg/xiatong/AMPT/14GeV/data_165952081.root /tmp/maxwoo/21EF1A6A9139C9FD2A38E59AFB466F9A_343/INPUTFILES/data_165952081.root
Running: cp /star/data01/pwg/xiatong/AMPT/14GeV/data_165952091.root /tmp/maxwoo/21EF1A6A9139C9FD2A38E59AFB466F9A_343/INPUTFILES/data_165952091.root
Running: cp /star/data01/pwg/xiatong/AMPT/14GeV/data_166072891.root /tmp/maxwoo/21EF1A6A9139C9FD2A38E59AFB466F9A_343/INPUTFILES/data_166072891.root
Running: cp /star/data01/pwg/xiatong/AMPT/14GeV/data_166101361.root /tmp/maxwoo/21EF1A6A9139C9FD2A38E59AFB466F9A_343/INPUTFILES/data_166101361.root
Running: cp /star/data01/pwg/xiatong/AMPT/14GeV/data_166105611.root /tmp/maxwoo/21EF1A6A9139C9FD2A38E59AFB466F9A_343/INPUTFILES/data_166105611.root
Running: cp /star/data01/pwg/xiatong/AMPT/14GeV/data_166110081.root /tmp/maxwoo/21EF1A6A9139C9FD2A38E59AFB466F9A_343/INPUTFILES/data_166110081.root
Running: cp /star/data01/pwg/xiatong/AMPT/14GeV/data_166119301.root /tmp/maxwoo/21EF1A6A9139C9FD2A38E59AFB466F9A_343/INPUTFILES/data_166119301.root
Running: cp /star/data01/pwg/xiatong/AMPT/14GeV/data_166119311.root /tmp/maxwoo/21EF1A6A9139C9FD2A38E59AFB466F9A_343/INPUTFILES/data_166119311.root
Running: cp /star/data01/pwg/xiatong/AMPT/14GeV/data_166119321.root /tmp/maxwoo/21EF1A6A9139C9FD2A38E59AFB466F9A_343/INPUTFILES/data_166119321.root
Running: cp /star/data01/pwg/xiatong/AMPT/14GeV/data_166122911.root /tmp/maxwoo/21EF1A6A9139C9FD2A38E59AFB466F9A_343/INPUTFILES/data_166122911.root
Running: cp /star/data01/pwg/xiatong/AMPT/14GeV/data_166122921.root /tmp/maxwoo/21EF1A6A9139C9FD2A38E59AFB466F9A_343/INPUTFILES/data_166122921.root
Running: cp /star/data01/pwg/xiatong/AMPT/14GeV/data_166122931.root /tmp/maxwoo/21EF1A6A9139C9FD2A38E59AFB466F9A_343/INPUTFILES/data_166122931.root
Running: cp /star/data01/pwg/xiatong/AMPT/14GeV/data_166148851.root /tmp/maxwoo/21EF1A6A9139C9FD2A38E59AFB466F9A_343/INPUTFILES/data_166148851.root
Running: cp /star/data01/pwg/xiatong/AMPT/14GeV/data_166152071.root /tmp/maxwoo/21EF1A6A9139C9FD2A38E59AFB466F9A_343/INPUTFILES/data_166152071.root
Running: cp /star/data01/pwg/xiatong/AMPT/14GeV/data_166162471.root /tmp/maxwoo/21EF1A6A9139C9FD2A38E59AFB466F9A_343/INPUTFILES/data_166162471.root
Running: cp /star/data01/pwg/xiatong/AMPT/14GeV/data_166166631.root /tmp/maxwoo/21EF1A6A9139C9FD2A38E59AFB466F9A_343/INPUTFILES/data_166166631.root
Running: cp /star/data01/pwg/xiatong/AMPT/14GeV/data_166169611.root /tmp/maxwoo/21EF1A6A9139C9FD2A38E59AFB466F9A_343/INPUTFILES/data_166169611.root
Running: cp /star/data01/pwg/xiatong/AMPT/14GeV/data_166186021.root /tmp/maxwoo/21EF1A6A9139C9FD2A38E59AFB466F9A_343/INPUTFILES/data_166186021.root
Running: cp /star/data01/pwg/xiatong/AMPT/14GeV/data_166191911.root /tmp/maxwoo/21EF1A6A9139C9FD2A38E59AFB466F9A_343/INPUTFILES/data_166191911.root
Swapping $FILELIST with: /tmp/maxwoo/21EF1A6A9139C9FD2A38E59AFB466F9A_343/INPUTFILES/21EF1A6A9139C9FD2A38E59AFB466F9A_343.local.list
+++++++++++local copy debug++++++++++++++++++++
newFileList: /tmp/maxwoo/21EF1A6A9139C9FD2A38E59AFB466F9A_343/INPUTFILES/21EF1A6A9139C9FD2A38E59AFB466F9A_343.local.list
++++++++++++++++cat FILELIST+++++++++++++++++++
/tmp/maxwoo/21EF1A6A9139C9FD2A38E59AFB466F9A_343/INPUTFILES/data_165192151.root 
/tmp/maxwoo/21EF1A6A9139C9FD2A38E59AFB466F9A_343/INPUTFILES/data_165192201.root 
/tmp/maxwoo/21EF1A6A9139C9FD2A38E59AFB466F9A_343/INPUTFILES/data_165192261.root 
/tmp/maxwoo/21EF1A6A9139C9FD2A38E59AFB466F9A_343/INPUTFILES/data_165192341.root 
/tmp/maxwoo/21EF1A6A9139C9FD2A38E59AFB466F9A_343/INPUTFILES/data_165192361.root 
/tmp/maxwoo/21EF1A6A9139C9FD2A38E59AFB466F9A_343/INPUTFILES/data_165192371.root 
/tmp/maxwoo/21EF1A6A9139C9FD2A38E59AFB466F9A_343/INPUTFILES/data_165192381.root 
/tmp/maxwoo/21EF1A6A9139C9FD2A38E59AFB466F9A_343/INPUTFILES/data_165192401.root 
/tmp/maxwoo/21EF1A6A9139C9FD2A38E59AFB466F9A_343/INPUTFILES/data_165192411.root 
/tmp/maxwoo/21EF1A6A9139C9FD2A38E59AFB466F9A_343/INPUTFILES/data_165192451.root 
/tmp/maxwoo/21EF1A6A9139C9FD2A38E59AFB466F9A_343/INPUTFILES/data_165193751.root 
/tmp/maxwoo/21EF1A6A9139C9FD2A38E59AFB466F9A_343/INPUTFILES/data_165193761.root 
/tmp/maxwoo/21EF1A6A9139C9FD2A38E59AFB466F9A_343/INPUTFILES/data_165196001.root 
/tmp/maxwoo/21EF1A6A9139C9FD2A38E59AFB466F9A_343/INPUTFILES/data_165252121.root 
/tmp/maxwoo/21EF1A6A9139C9FD2A38E59AFB466F9A_343/INPUTFILES/data_165434411.root 
/tmp/maxwoo/21EF1A6A9139C9FD2A38E59AFB466F9A_343/INPUTFILES/data_165552111.root 
/tmp/maxwoo/21EF1A6A9139C9FD2A38E59AFB466F9A_343/INPUTFILES/data_165723831.root 
/tmp/maxwoo/21EF1A6A9139C9FD2A38E59AFB466F9A_343/INPUTFILES/data_165852101.root 
/tmp/maxwoo/21EF1A6A9139C9FD2A38E59AFB466F9A_343/INPUTFILES/data_165952081.root 
/tmp/maxwoo/21EF1A6A9139C9FD2A38E59AFB466F9A_343/INPUTFILES/data_165952091.root 
/tmp/maxwoo/21EF1A6A9139C9FD2A38E59AFB466F9A_343/INPUTFILES/data_166072891.root 
/tmp/maxwoo/21EF1A6A9139C9FD2A38E59AFB466F9A_343/INPUTFILES/data_166101361.root 
/tmp/maxwoo/21EF1A6A9139C9FD2A38E59AFB466F9A_343/INPUTFILES/data_166105611.root 
/tmp/maxwoo/21EF1A6A9139C9FD2A38E59AFB466F9A_343/INPUTFILES/data_166110081.root 
/tmp/maxwoo/21EF1A6A9139C9FD2A38E59AFB466F9A_343/INPUTFILES/data_166119301.root 
/tmp/maxwoo/21EF1A6A9139C9FD2A38E59AFB466F9A_343/INPUTFILES/data_166119311.root 
/tmp/maxwoo/21EF1A6A9139C9FD2A38E59AFB466F9A_343/INPUTFILES/data_166119321.root 
/tmp/maxwoo/21EF1A6A9139C9FD2A38E59AFB466F9A_343/INPUTFILES/data_166122911.root 
/tmp/maxwoo/21EF1A6A9139C9FD2A38E59AFB466F9A_343/INPUTFILES/data_166122921.root 
/tmp/maxwoo/21EF1A6A9139C9FD2A38E59AFB466F9A_343/INPUTFILES/data_166122931.root 
/tmp/maxwoo/21EF1A6A9139C9FD2A38E59AFB466F9A_343/INPUTFILES/data_166148851.root 
/tmp/maxwoo/21EF1A6A9139C9FD2A38E59AFB466F9A_343/INPUTFILES/data_166152071.root 
/tmp/maxwoo/21EF1A6A9139C9FD2A38E59AFB466F9A_343/INPUTFILES/data_166162471.root 
/tmp/maxwoo/21EF1A6A9139C9FD2A38E59AFB466F9A_343/INPUTFILES/data_166166631.root 
/tmp/maxwoo/21EF1A6A9139C9FD2A38E59AFB466F9A_343/INPUTFILES/data_166169611.root 
/tmp/maxwoo/21EF1A6A9139C9FD2A38E59AFB466F9A_343/INPUTFILES/data_166186021.root 
/tmp/maxwoo/21EF1A6A9139C9FD2A38E59AFB466F9A_343/INPUTFILES/data_166191911.root 
++++++++++++++++++++find.++++++++++++++++++++++
.
./Check_Sness.C
./INPUTFILES
./INPUTFILES/data_165192401.root
./INPUTFILES/data_166122921.root
./INPUTFILES/data_166166631.root
./INPUTFILES/data_166191911.root
./INPUTFILES/data_165723831.root
./INPUTFILES/data_165192381.root
./INPUTFILES/data_166119321.root
./INPUTFILES/data_165192371.root
./INPUTFILES/data_166122931.root
./INPUTFILES/data_165192451.root
./INPUTFILES/data_165952091.root
./INPUTFILES/data_165192361.root
./INPUTFILES/21EF1A6A9139C9FD2A38E59AFB466F9A_343.local.list
./INPUTFILES/data_165193761.root
./INPUTFILES/data_166186021.root
./INPUTFILES/data_166162471.root
./INPUTFILES/data_166122911.root
./INPUTFILES/data_165192201.root
./INPUTFILES/data_166101361.root
./INPUTFILES/data_166072891.root
./INPUTFILES/data_165434411.root
./INPUTFILES/data_166152071.root
./INPUTFILES/data_166119311.root
./INPUTFILES/data_165852101.root
./INPUTFILES/data_165952081.root
./INPUTFILES/data_165192151.root
./INPUTFILES/data_165252121.root
./INPUTFILES/data_165196001.root
./INPUTFILES/data_165192341.root
./INPUTFILES/data_165192261.root
./INPUTFILES/data_166105611.root
./INPUTFILES/data_166110081.root
./INPUTFILES/data_165193751.root
./INPUTFILES/data_166119301.root
./INPUTFILES/data_166169611.root
./INPUTFILES/data_165552111.root
./INPUTFILES/data_166148851.root
./INPUTFILES/data_165192411.root
./.errror.log
./check_S.C
./.sandboxFiles
./lib
./lib/NpartNormalizer_cpp_ACLiC_dict_rdict.pcm
./lib/my_particle.cpp
./lib/my_particle_cpp.d
./lib/NpartNormalizer_cpp.so
./lib/CenMaker_cpp_ACLiC_dict_rdict.pcm
./lib/MixedBuffer_cpp.so
./lib/NpartNormalizer.cpp
./lib/NpartNormalizer.h
./lib/MixedBuffer_cpp.d
./lib/my_event_cpp.d
./lib/my_particle_cpp.so
./lib/NpartNormalizer_cpp.d
./lib/my_event.cpp
./lib/my_particle_cpp_ACLiC_dict_rdict.pcm
./lib/CenMaker.cpp
./lib/MixedBuffer.h
./lib/MixedBuffer_cpp_ACLiC_dict_rdict.pcm
./lib/CenMaker_cpp.d
./lib/my_particle.h
./lib/MixedBuffer.cpp
./lib/CenMaker.h
./lib/my_event.h
./lib/CenMaker_cpp.so
./lib/my_event_cpp.so
./lib/my_event_cpp_ACLiC_dict_rdict.pcm
./.output.log
++++++++++++++++INPUTFILE Var++++++++++++++++++
FILELIST=/tmp/maxwoo/21EF1A6A9139C9FD2A38E59AFB466F9A_343/INPUTFILES/21EF1A6A9139C9FD2A38E59AFB466F9A_343.local.list
INPUTFILECOUNT=37
INPUTFILE0=/tmp/maxwoo/21EF1A6A9139C9FD2A38E59AFB466F9A_343/INPUTFILES/data_165192151.root
INPUTFILE1=/tmp/maxwoo/21EF1A6A9139C9FD2A38E59AFB466F9A_343/INPUTFILES/data_165192201.root
INPUTFILE2=/tmp/maxwoo/21EF1A6A9139C9FD2A38E59AFB466F9A_343/INPUTFILES/data_165192261.root
INPUTFILE3=/tmp/maxwoo/21EF1A6A9139C9FD2A38E59AFB466F9A_343/INPUTFILES/data_165192341.root
INPUTFILE4=/tmp/maxwoo/21EF1A6A9139C9FD2A38E59AFB466F9A_343/INPUTFILES/data_165192361.root
INPUTFILE5=/tmp/maxwoo/21EF1A6A9139C9FD2A38E59AFB466F9A_343/INPUTFILES/data_165192371.root
INPUTFILE6=/tmp/maxwoo/21EF1A6A9139C9FD2A38E59AFB466F9A_343/INPUTFILES/data_165192381.root
INPUTFILE7=/tmp/maxwoo/21EF1A6A9139C9FD2A38E59AFB466F9A_343/INPUTFILES/data_165192401.root
INPUTFILE8=/tmp/maxwoo/21EF1A6A9139C9FD2A38E59AFB466F9A_343/INPUTFILES/data_165192411.root
INPUTFILE9=/tmp/maxwoo/21EF1A6A9139C9FD2A38E59AFB466F9A_343/INPUTFILES/data_165192451.root
INPUTFILE10=/tmp/maxwoo/21EF1A6A9139C9FD2A38E59AFB466F9A_343/INPUTFILES/data_165193751.root
INPUTFILE11=/tmp/maxwoo/21EF1A6A9139C9FD2A38E59AFB466F9A_343/INPUTFILES/data_165193761.root
INPUTFILE12=/tmp/maxwoo/21EF1A6A9139C9FD2A38E59AFB466F9A_343/INPUTFILES/data_165196001.root
INPUTFILE13=/tmp/maxwoo/21EF1A6A9139C9FD2A38E59AFB466F9A_343/INPUTFILES/data_165252121.root
INPUTFILE14=/tmp/maxwoo/21EF1A6A9139C9FD2A38E59AFB466F9A_343/INPUTFILES/data_165434411.root
INPUTFILE15=/tmp/maxwoo/21EF1A6A9139C9FD2A38E59AFB466F9A_343/INPUTFILES/data_165552111.root
INPUTFILE16=/tmp/maxwoo/21EF1A6A9139C9FD2A38E59AFB466F9A_343/INPUTFILES/data_165723831.root
INPUTFILE17=/tmp/maxwoo/21EF1A6A9139C9FD2A38E59AFB466F9A_343/INPUTFILES/data_165852101.root
INPUTFILE18=/tmp/maxwoo/21EF1A6A9139C9FD2A38E59AFB466F9A_343/INPUTFILES/data_165952081.root
INPUTFILE19=/tmp/maxwoo/21EF1A6A9139C9FD2A38E59AFB466F9A_343/INPUTFILES/data_165952091.root
INPUTFILE20=/tmp/maxwoo/21EF1A6A9139C9FD2A38E59AFB466F9A_343/INPUTFILES/data_166072891.root
INPUTFILE21=/tmp/maxwoo/21EF1A6A9139C9FD2A38E59AFB466F9A_343/INPUTFILES/data_166101361.root
INPUTFILE22=/tmp/maxwoo/21EF1A6A9139C9FD2A38E59AFB466F9A_343/INPUTFILES/data_166105611.root
INPUTFILE23=/tmp/maxwoo/21EF1A6A9139C9FD2A38E59AFB466F9A_343/INPUTFILES/data_166110081.root
INPUTFILE24=/tmp/maxwoo/21EF1A6A9139C9FD2A38E59AFB466F9A_343/INPUTFILES/data_166119301.root
INPUTFILE25=/tmp/maxwoo/21EF1A6A9139C9FD2A38E59AFB466F9A_343/INPUTFILES/data_166119311.root
INPUTFILE26=/tmp/maxwoo/21EF1A6A9139C9FD2A38E59AFB466F9A_343/INPUTFILES/data_166119321.root
INPUTFILE27=/tmp/maxwoo/21EF1A6A9139C9FD2A38E59AFB466F9A_343/INPUTFILES/data_166122911.root
INPUTFILE28=/tmp/maxwoo/21EF1A6A9139C9FD2A38E59AFB466F9A_343/INPUTFILES/data_166122921.root
INPUTFILE29=/tmp/maxwoo/21EF1A6A9139C9FD2A38E59AFB466F9A_343/INPUTFILES/data_166122931.root
INPUTFILE30=/tmp/maxwoo/21EF1A6A9139C9FD2A38E59AFB466F9A_343/INPUTFILES/data_166148851.root
INPUTFILE31=/tmp/maxwoo/21EF1A6A9139C9FD2A38E59AFB466F9A_343/INPUTFILES/data_166152071.root
INPUTFILE32=/tmp/maxwoo/21EF1A6A9139C9FD2A38E59AFB466F9A_343/INPUTFILES/data_166162471.root
INPUTFILE33=/tmp/maxwoo/21EF1A6A9139C9FD2A38E59AFB466F9A_343/INPUTFILES/data_166166631.root
INPUTFILE34=/tmp/maxwoo/21EF1A6A9139C9FD2A38E59AFB466F9A_343/INPUTFILES/data_166169611.root
INPUTFILE35=/tmp/maxwoo/21EF1A6A9139C9FD2A38E59AFB466F9A_343/INPUTFILES/data_166186021.root
INPUTFILE36=/tmp/maxwoo/21EF1A6A9139C9FD2A38E59AFB466F9A_343/INPUTFILES/data_166191911.root
LocalInputFileDir=/tmp/maxwoo/21EF1A6A9139C9FD2A38E59AFB466F9A_343/INPUTFILES
NewFILELIST=/tmp/maxwoo/21EF1A6A9139C9FD2A38E59AFB466F9A_343/INPUTFILES/21EF1A6A9139C9FD2A38E59AFB466F9A_343.local.list
+++++++++++++++++++++++++++++++++++++++++++++++
--------------------------------
Simple Unified Meta Scheduler 1.10.50 we are starting in $SCRATCH : /home/tmp/maxwoo/21EF1A6A9139C9FD2A38E59AFB466F9A_343
--------------------------------
total 16
lrwxrwxrwx 1 maxwoo rhstar   61 Jun  2 11:37 check_S.C -> /gpfs/mnt/gpfs01/star/pwg/xiatong/git/strangeness/./check_S.C
lrwxrwxrwx 1 maxwoo rhstar   65 Jun  2 11:37 Check_Sness.C -> /gpfs/mnt/gpfs01/star/pwg/xiatong/git/strangeness/./Check_Sness.C
drwxr-xr-x 2 maxwoo rhstar 4096 Jun  2 11:44 INPUTFILES
drwxr-xr-x 2 maxwoo rhstar 4096 Jun  2 11:37 lib
  *******************************************
  *                                         *
  *        W E L C O M E  to  R O O T       *
  *                                         *
  *   Version   5.34/38     12 March 2018   *
  *                                         *
  *  You are welcome to visit our Web site  *
  *          http://root.cern.ch            *
  *                                         *
  *******************************************

ROOT 5.34/38 (v5-34-38@v5-34-38, Mar 12 2018, 15:49:39 on linux)

CINT/ROOT C/C++ Interpreter version 5.18.00, July 2, 2010
Type ? for help. Commands must be C++ statements.
Enclose multiple statements between { }.
*** Float Point Exception is OFF ***
 *** Start at Date : Thu Jun  2 11:44:20 2022
QAInfo:You are using STAR_LEVEL : dev, ROOT_LEVEL : 5.34.38 and node : rcas2951.rcf.bnl.gov 

Processing check_S.C++("/tmp/maxwoo/21EF1A6A9139C9FD2A38E59AFB466F9A_343/INPUTFILES/21EF1A6A9139C9FD2A38E59AFB466F9A_343.local.list","21EF1A6A9139C9FD2A38E59AFB466F9A_343",1)...
/tmp/maxwoo/21EF1A6A9139C9FD2A38E59AFB466F9A_343/INPUTFILES/data_165192151.root 
/tmp/maxwoo/21EF1A6A9139C9FD2A38E59AFB466F9A_343/INPUTFILES/data_165192201.root 
/tmp/maxwoo/21EF1A6A9139C9FD2A38E59AFB466F9A_343/INPUTFILES/data_165192261.root 
/tmp/maxwoo/21EF1A6A9139C9FD2A38E59AFB466F9A_343/INPUTFILES/data_165192341.root 
/tmp/maxwoo/21EF1A6A9139C9FD2A38E59AFB466F9A_343/INPUTFILES/data_165192361.root 
/tmp/maxwoo/21EF1A6A9139C9FD2A38E59AFB466F9A_343/INPUTFILES/data_165192371.root 
/tmp/maxwoo/21EF1A6A9139C9FD2A38E59AFB466F9A_343/INPUTFILES/data_165192381.root 
/tmp/maxwoo/21EF1A6A9139C9FD2A38E59AFB466F9A_343/INPUTFILES/data_165192401.root 
/tmp/maxwoo/21EF1A6A9139C9FD2A38E59AFB466F9A_343/INPUTFILES/data_165192411.root 
/tmp/maxwoo/21EF1A6A9139C9FD2A38E59AFB466F9A_343/INPUTFILES/data_165192451.root 
/tmp/maxwoo/21EF1A6A9139C9FD2A38E59AFB466F9A_343/INPUTFILES/data_165193751.root 
/tmp/maxwoo/21EF1A6A9139C9FD2A38E59AFB466F9A_343/INPUTFILES/data_165193761.root 
/tmp/maxwoo/21EF1A6A9139C9FD2A38E59AFB466F9A_343/INPUTFILES/data_165196001.root 
/tmp/maxwoo/21EF1A6A9139C9FD2A38E59AFB466F9A_343/INPUTFILES/data_165252121.root 
/tmp/maxwoo/21EF1A6A9139C9FD2A38E59AFB466F9A_343/INPUTFILES/data_165434411.root 
/tmp/maxwoo/21EF1A6A9139C9FD2A38E59AFB466F9A_343/INPUTFILES/data_165552111.root 
/tmp/maxwoo/21EF1A6A9139C9FD2A38E59AFB466F9A_343/INPUTFILES/data_165723831.root 
/tmp/maxwoo/21EF1A6A9139C9FD2A38E59AFB466F9A_343/INPUTFILES/data_165852101.root 
/tmp/maxwoo/21EF1A6A9139C9FD2A38E59AFB466F9A_343/INPUTFILES/data_165952081.root 
/tmp/maxwoo/21EF1A6A9139C9FD2A38E59AFB466F9A_343/INPUTFILES/data_165952091.root 
/tmp/maxwoo/21EF1A6A9139C9FD2A38E59AFB466F9A_343/INPUTFILES/data_166072891.root 
/tmp/maxwoo/21EF1A6A9139C9FD2A38E59AFB466F9A_343/INPUTFILES/data_166101361.root 
/tmp/maxwoo/21EF1A6A9139C9FD2A38E59AFB466F9A_343/INPUTFILES/data_166105611.root 
/tmp/maxwoo/21EF1A6A9139C9FD2A38E59AFB466F9A_343/INPUTFILES/data_166110081.root 
/tmp/maxwoo/21EF1A6A9139C9FD2A38E59AFB466F9A_343/INPUTFILES/data_166119301.root 
/tmp/maxwoo/21EF1A6A9139C9FD2A38E59AFB466F9A_343/INPUTFILES/data_166119311.root 
/tmp/maxwoo/21EF1A6A9139C9FD2A38E59AFB466F9A_343/INPUTFILES/data_166119321.root 
/tmp/maxwoo/21EF1A6A9139C9FD2A38E59AFB466F9A_343/INPUTFILES/data_166122911.root 
/tmp/maxwoo/21EF1A6A9139C9FD2A38E59AFB466F9A_343/INPUTFILES/data_166122921.root 
/tmp/maxwoo/21EF1A6A9139C9FD2A38E59AFB466F9A_343/INPUTFILES/data_166122931.root 
/tmp/maxwoo/21EF1A6A9139C9FD2A38E59AFB466F9A_343/INPUTFILES/data_166148851.root 
/tmp/maxwoo/21EF1A6A9139C9FD2A38E59AFB466F9A_343/INPUTFILES/data_166152071.root 
/tmp/maxwoo/21EF1A6A9139C9FD2A38E59AFB466F9A_343/INPUTFILES/data_166162471.root 
/tmp/maxwoo/21EF1A6A9139C9FD2A38E59AFB466F9A_343/INPUTFILES/data_166166631.root 
/tmp/maxwoo/21EF1A6A9139C9FD2A38E59AFB466F9A_343/INPUTFILES/data_166169611.root 
/tmp/maxwoo/21EF1A6A9139C9FD2A38E59AFB466F9A_343/INPUTFILES/data_166186021.root 
/tmp/maxwoo/21EF1A6A9139C9FD2A38E59AFB466F9A_343/INPUTFILES/data_166191911.root 
Added 37 files
# entries in chain: 37000
Processing entry == 1000 == out of 37000.
Processing entry == 2000 == out of 37000.
Processing entry == 3000 == out of 37000.
Processing entry == 4000 == out of 37000.
Processing entry == 5000 == out of 37000.
Processing entry == 6000 == out of 37000.
Processing entry == 7000 == out of 37000.
Processing entry == 8000 == out of 37000.
Processing entry == 9000 == out of 37000.
Processing entry == 10000 == out of 37000.
Processing entry == 11000 == out of 37000.
Processing entry == 12000 == out of 37000.
Processing entry == 13000 == out of 37000.
Processing entry == 14000 == out of 37000.
Processing entry == 15000 == out of 37000.
Processing entry == 16000 == out of 37000.
Processing entry == 17000 == out of 37000.
Processing entry == 18000 == out of 37000.
Processing entry == 19000 == out of 37000.
Processing entry == 20000 == out of 37000.
Processing entry == 21000 == out of 37000.
Processing entry == 22000 == out of 37000.
Processing entry == 23000 == out of 37000.
Processing entry == 24000 == out of 37000.
Processing entry == 25000 == out of 37000.
Processing entry == 26000 == out of 37000.
Processing entry == 27000 == out of 37000.
Processing entry == 28000 == out of 37000.
Processing entry == 29000 == out of 37000.
Processing entry == 30000 == out of 37000.
Processing entry == 31000 == out of 37000.
Processing entry == 32000 == out of 37000.
Processing entry == 33000 == out of 37000.
Processing entry == 34000 == out of 37000.
Processing entry == 35000 == out of 37000.
Processing entry == 36000 == out of 37000.
Processing entry == 37000 == out of 37000.

This is the end of ROOT -- Goodbye

Cleaning up sandbox file:  /tmp/maxwoo/21EF1A6A9139C9FD2A38E59AFB466F9A_343/check_S.C
Cleaning up sandbox file:  /tmp/maxwoo/21EF1A6A9139C9FD2A38E59AFB466F9A_343/Check_Sness.C
Cleaning up sandbox file:  /tmp/maxwoo/21EF1A6A9139C9FD2A38E59AFB466F9A_343/lib
Cleaning up sandbox file:  /tmp/maxwoo/21EF1A6A9139C9FD2A38E59AFB466F9A_343/.sandboxFiles
Starting copy block
Running copy command:  /bin/cp -fp /tmp/maxwoo/21EF1A6A9139C9FD2A38E59AFB466F9A_343/out_21EF1A6A9139C9FD2A38E59AFB466F9A_343.root /star/data01/pwg/xiatong/git/strangeness/data/
31033 Execution of (/star/data01/pwg/xiatong/git/strangeness/script/sched21EF1A6A9139C9FD2A38E59AFB466F9A_343.csh ) has ended, exiting normally
31033 We END on [Thu Jun  2 12:03:27 EDT 2022]
