We are starting on node: spool0283.sdcc.bnl.gov
HOME is not defined
Using getent method
HOME is now /star/u/maxwoo
4467 We will spawn ourselves (/star/data01/pwg/xiatong/git/strangeness/script/sched21EF1A6A9139C9FD2A38E59AFB466F9A_1097.csh )
4467 We BEGIN on [Thu Jun  2 11:22:49 EDT 2022]
[1] 4658
4467 We are waiting for 4658 
4467 Grandchild PID is 4683 - found in 0 x 1 seconds
4467 Establishing first watcher   on    Thu Jun  2 11:22:49 EDT 2022
4467 Process tree is 4467 (main) -> 4658 (child) -> 4683 (grandchild)
F S   UID   PID  PPID  C PRI  NI ADDR SZ WCHAN  TTY        TIME CMD
4467 Grandchild PID is 5271 - found in 10 x 2 seconds
4467 Grandchild to watch has changed on Thu Jun  2 11:23:10 EDT 2022
4467 Process tree is 4467 (main) -> 4658 (child) -> 5271 (grandchild)
F S   UID   PID  PPID  C PRI  NI ADDR SZ WCHAN  TTY        TIME CMD
0 D 100667 5271  4658  0  80   0 - 32311 cxiWai ?          0:00 cp /star/data01/pwg/xiatong/AMPT/14GeV/data_369826611.root /tmp/maxwoo/21EF1A6A9139C9FD2A38E59AFB466F9A_1097/INPUTFILES/data_369826611.root
4467 Grandchild PID is 8197 - found in 30 x 2 seconds
4467 Grandchild to watch has changed on Thu Jun  2 11:23:52 EDT 2022
4467 Process tree is 4467 (main) -> 4658 (child) -> 8197 (grandchild)
F S   UID   PID  PPID  C PRI  NI ADDR SZ WCHAN  TTY        TIME CMD
0 D 100667 8197  4658  0  80   0 - 32311 cxiWai ?          0:00 cp /star/data01/pwg/xiatong/AMPT/14GeV/data_369926521.root /tmp/maxwoo/21EF1A6A9139C9FD2A38E59AFB466F9A_1097/INPUTFILES/data_369926521.root
4467 Grandchild PID is 8631 - found in 40 x 2 seconds
4467 Grandchild to watch has changed on Thu Jun  2 11:24:13 EDT 2022
4467 Process tree is 4467 (main) -> 4658 (child) -> 8631 (grandchild)
F S   UID   PID  PPID  C PRI  NI ADDR SZ WCHAN  TTY        TIME CMD
0 D 100667 8631  4658  0  80   0 - 32311 cxiWai ?          0:00 cp /star/data01/pwg/xiatong/AMPT/14GeV/data_369926571.root /tmp/maxwoo/21EF1A6A9139C9FD2A38E59AFB466F9A_1097/INPUTFILES/data_369926571.root
4467 Grandchild PID is 9833 - found in 50 x 2 seconds
4467 Grandchild to watch has changed on Thu Jun  2 11:24:34 EDT 2022
4467 Process tree is 4467 (main) -> 4658 (child) -> 9833 (grandchild)
F S   UID   PID  PPID  C PRI  NI ADDR SZ WCHAN  TTY        TIME CMD
0 D 100667 9833  4658  0  80   0 - 32311 cxiWai ?          0:00 cp /star/data01/pwg/xiatong/AMPT/14GeV/data_369926841.root /tmp/maxwoo/21EF1A6A9139C9FD2A38E59AFB466F9A_1097/INPUTFILES/data_369926841.root
4467 Grandchild PID is 10626 - found in 60 x 2 seconds
4467 Grandchild to watch has changed on Thu Jun  2 11:24:55 EDT 2022
4467 Process tree is 4467 (main) -> 4658 (child) -> 10626 (grandchild)
F S   UID   PID  PPID  C PRI  NI ADDR SZ WCHAN  TTY        TIME CMD
0 D 100667 10626 4658  0  80   0 - 32311 cxiWai ?          0:00 cp /star/data01/pwg/xiatong/AMPT/14GeV/data_369933171.root /tmp/maxwoo/21EF1A6A9139C9FD2A38E59AFB466F9A_1097/INPUTFILES/data_369933171.root
4467 Grandchild PID is 11470 - found in 70 x 2 seconds
4467 Grandchild to watch has changed on Thu Jun  2 11:25:16 EDT 2022
4467 Process tree is 4467 (main) -> 4658 (child) -> 11470 (grandchild)
F S   UID   PID  PPID  C PRI  NI ADDR SZ WCHAN  TTY        TIME CMD
0 D 100667 11470 4658  0  80   0 - 32311 cxiWai ?          0:00 cp /star/data01/pwg/xiatong/AMPT/14GeV/data_369934541.root /tmp/maxwoo/21EF1A6A9139C9FD2A38E59AFB466F9A_1097/INPUTFILES/data_369934541.root
4467 Grandchild PID is 12648 - found in 80 x 2 seconds
4467 Grandchild to watch has changed on Thu Jun  2 11:25:37 EDT 2022
4467 Process tree is 4467 (main) -> 4658 (child) -> 12648 (grandchild)
F S   UID   PID  PPID  C PRI  NI ADDR SZ WCHAN  TTY        TIME CMD
0 D 100667 12648 4658  0  80   0 - 32311 cxiWai ?          0:00 cp /star/data01/pwg/xiatong/AMPT/14GeV/data_370026301.root /tmp/maxwoo/21EF1A6A9139C9FD2A38E59AFB466F9A_1097/INPUTFILES/data_370026301.root
4467 Grandchild PID is 13862 - found in 100 x 2 seconds
4467 Grandchild to watch has changed on Thu Jun  2 11:26:18 EDT 2022
4467 Process tree is 4467 (main) -> 4658 (child) -> 13862 (grandchild)
F S   UID   PID  PPID  C PRI  NI ADDR SZ WCHAN  TTY        TIME CMD
0 D 100667 13862 4658  0  80   0 - 32311 cxiWai ?          0:00 cp /star/data01/pwg/xiatong/AMPT/14GeV/data_370026311.root /tmp/maxwoo/21EF1A6A9139C9FD2A38E59AFB466F9A_1097/INPUTFILES/data_370026311.root
4467 Grandchild PID is 15267 - found in 120 x 2 seconds
4467 Grandchild to watch has changed on Thu Jun  2 11:27:00 EDT 2022
4467 Process tree is 4467 (main) -> 4658 (child) -> 15267 (grandchild)
F S   UID   PID  PPID  C PRI  NI ADDR SZ WCHAN  TTY        TIME CMD
0 D 100667 15267 4658  0  80   0 - 32311 cxiWai ?          0:00 cp /star/data01/pwg/xiatong/AMPT/14GeV/data_370026391.root /tmp/maxwoo/21EF1A6A9139C9FD2A38E59AFB466F9A_1097/INPUTFILES/data_370026391.root
4467 Grandchild PID is 16014 - found in 130 x 2 seconds
4467 Grandchild to watch has changed on Thu Jun  2 11:27:22 EDT 2022
4467 Process tree is 4467 (main) -> 4658 (child) -> 16014 (grandchild)
F S   UID   PID  PPID  C PRI  NI ADDR SZ WCHAN  TTY        TIME CMD
0 S 100667 16014 4658  0  80   0 -  1272 do_wai ?          0:00 root -b -q check_S.C++("/tmp/maxwoo/21EF1A6A9139C9FD2A38E59AFB466F9A_1097/INPUTFILES/21EF1A6A9139C9FD2A38E59AFB466F9A_1097.local.list","21EF1A6A9139C9FD2A38E59AFB466F9A_1097",1)
4658 Stepping into the main SUMS wrapper program with []
.... building sandbox
Running: cp /star/data01/pwg/xiatong/AMPT/14GeV/data_369826531.root /tmp/maxwoo/21EF1A6A9139C9FD2A38E59AFB466F9A_1097/INPUTFILES/data_369826531.root
Running: cp /star/data01/pwg/xiatong/AMPT/14GeV/data_369826581.root /tmp/maxwoo/21EF1A6A9139C9FD2A38E59AFB466F9A_1097/INPUTFILES/data_369826581.root
Running: cp /star/data01/pwg/xiatong/AMPT/14GeV/data_369826591.root /tmp/maxwoo/21EF1A6A9139C9FD2A38E59AFB466F9A_1097/INPUTFILES/data_369826591.root
Running: cp /star/data01/pwg/xiatong/AMPT/14GeV/data_369826611.root /tmp/maxwoo/21EF1A6A9139C9FD2A38E59AFB466F9A_1097/INPUTFILES/data_369826611.root
Running: cp /star/data01/pwg/xiatong/AMPT/14GeV/data_369826671.root /tmp/maxwoo/21EF1A6A9139C9FD2A38E59AFB466F9A_1097/INPUTFILES/data_369826671.root
Running: cp /star/data01/pwg/xiatong/AMPT/14GeV/data_369833551.root /tmp/maxwoo/21EF1A6A9139C9FD2A38E59AFB466F9A_1097/INPUTFILES/data_369833551.root
Running: cp /star/data01/pwg/xiatong/AMPT/14GeV/data_369834501.root /tmp/maxwoo/21EF1A6A9139C9FD2A38E59AFB466F9A_1097/INPUTFILES/data_369834501.root
Running: cp /star/data01/pwg/xiatong/AMPT/14GeV/data_369926441.root /tmp/maxwoo/21EF1A6A9139C9FD2A38E59AFB466F9A_1097/INPUTFILES/data_369926441.root
Running: cp /star/data01/pwg/xiatong/AMPT/14GeV/data_369926521.root /tmp/maxwoo/21EF1A6A9139C9FD2A38E59AFB466F9A_1097/INPUTFILES/data_369926521.root
Running: cp /star/data01/pwg/xiatong/AMPT/14GeV/data_369926541.root /tmp/maxwoo/21EF1A6A9139C9FD2A38E59AFB466F9A_1097/INPUTFILES/data_369926541.root
Running: cp /star/data01/pwg/xiatong/AMPT/14GeV/data_369926551.root /tmp/maxwoo/21EF1A6A9139C9FD2A38E59AFB466F9A_1097/INPUTFILES/data_369926551.root
Running: cp /star/data01/pwg/xiatong/AMPT/14GeV/data_369926561.root /tmp/maxwoo/21EF1A6A9139C9FD2A38E59AFB466F9A_1097/INPUTFILES/data_369926561.root
Running: cp /star/data01/pwg/xiatong/AMPT/14GeV/data_369926571.root /tmp/maxwoo/21EF1A6A9139C9FD2A38E59AFB466F9A_1097/INPUTFILES/data_369926571.root
Running: cp /star/data01/pwg/xiatong/AMPT/14GeV/data_369926601.root /tmp/maxwoo/21EF1A6A9139C9FD2A38E59AFB466F9A_1097/INPUTFILES/data_369926601.root
Running: cp /star/data01/pwg/xiatong/AMPT/14GeV/data_369926631.root /tmp/maxwoo/21EF1A6A9139C9FD2A38E59AFB466F9A_1097/INPUTFILES/data_369926631.root
Running: cp /star/data01/pwg/xiatong/AMPT/14GeV/data_369926641.root /tmp/maxwoo/21EF1A6A9139C9FD2A38E59AFB466F9A_1097/INPUTFILES/data_369926641.root
Running: cp /star/data01/pwg/xiatong/AMPT/14GeV/data_369926841.root /tmp/maxwoo/21EF1A6A9139C9FD2A38E59AFB466F9A_1097/INPUTFILES/data_369926841.root
Running: cp /star/data01/pwg/xiatong/AMPT/14GeV/data_369926851.root /tmp/maxwoo/21EF1A6A9139C9FD2A38E59AFB466F9A_1097/INPUTFILES/data_369926851.root
Running: cp /star/data01/pwg/xiatong/AMPT/14GeV/data_369926881.root /tmp/maxwoo/21EF1A6A9139C9FD2A38E59AFB466F9A_1097/INPUTFILES/data_369926881.root
Running: cp /star/data01/pwg/xiatong/AMPT/14GeV/data_369932821.root /tmp/maxwoo/21EF1A6A9139C9FD2A38E59AFB466F9A_1097/INPUTFILES/data_369932821.root
Running: cp /star/data01/pwg/xiatong/AMPT/14GeV/data_369933121.root /tmp/maxwoo/21EF1A6A9139C9FD2A38E59AFB466F9A_1097/INPUTFILES/data_369933121.root
Running: cp /star/data01/pwg/xiatong/AMPT/14GeV/data_369933171.root /tmp/maxwoo/21EF1A6A9139C9FD2A38E59AFB466F9A_1097/INPUTFILES/data_369933171.root
Running: cp /star/data01/pwg/xiatong/AMPT/14GeV/data_369933641.root /tmp/maxwoo/21EF1A6A9139C9FD2A38E59AFB466F9A_1097/INPUTFILES/data_369933641.root
Running: cp /star/data01/pwg/xiatong/AMPT/14GeV/data_369933731.root /tmp/maxwoo/21EF1A6A9139C9FD2A38E59AFB466F9A_1097/INPUTFILES/data_369933731.root
Running: cp /star/data01/pwg/xiatong/AMPT/14GeV/data_369934381.root /tmp/maxwoo/21EF1A6A9139C9FD2A38E59AFB466F9A_1097/INPUTFILES/data_369934381.root
Running: cp /star/data01/pwg/xiatong/AMPT/14GeV/data_369934541.root /tmp/maxwoo/21EF1A6A9139C9FD2A38E59AFB466F9A_1097/INPUTFILES/data_369934541.root
Running: cp /star/data01/pwg/xiatong/AMPT/14GeV/data_369934751.root /tmp/maxwoo/21EF1A6A9139C9FD2A38E59AFB466F9A_1097/INPUTFILES/data_369934751.root
Running: cp /star/data01/pwg/xiatong/AMPT/14GeV/data_369940751.root /tmp/maxwoo/21EF1A6A9139C9FD2A38E59AFB466F9A_1097/INPUTFILES/data_369940751.root
Running: cp /star/data01/pwg/xiatong/AMPT/14GeV/data_369941201.root /tmp/maxwoo/21EF1A6A9139C9FD2A38E59AFB466F9A_1097/INPUTFILES/data_369941201.root
Running: cp /star/data01/pwg/xiatong/AMPT/14GeV/data_370026281.root /tmp/maxwoo/21EF1A6A9139C9FD2A38E59AFB466F9A_1097/INPUTFILES/data_370026281.root
Running: cp /star/data01/pwg/xiatong/AMPT/14GeV/data_370026301.root /tmp/maxwoo/21EF1A6A9139C9FD2A38E59AFB466F9A_1097/INPUTFILES/data_370026301.root
Running: cp /star/data01/pwg/xiatong/AMPT/14GeV/data_370026311.root /tmp/maxwoo/21EF1A6A9139C9FD2A38E59AFB466F9A_1097/INPUTFILES/data_370026311.root
Running: cp /star/data01/pwg/xiatong/AMPT/14GeV/data_370026321.root /tmp/maxwoo/21EF1A6A9139C9FD2A38E59AFB466F9A_1097/INPUTFILES/data_370026321.root
Running: cp /star/data01/pwg/xiatong/AMPT/14GeV/data_370026341.root /tmp/maxwoo/21EF1A6A9139C9FD2A38E59AFB466F9A_1097/INPUTFILES/data_370026341.root
Running: cp /star/data01/pwg/xiatong/AMPT/14GeV/data_370026361.root /tmp/maxwoo/21EF1A6A9139C9FD2A38E59AFB466F9A_1097/INPUTFILES/data_370026361.root
Running: cp /star/data01/pwg/xiatong/AMPT/14GeV/data_370026391.root /tmp/maxwoo/21EF1A6A9139C9FD2A38E59AFB466F9A_1097/INPUTFILES/data_370026391.root
Running: cp /star/data01/pwg/xiatong/AMPT/14GeV/data_370026401.root /tmp/maxwoo/21EF1A6A9139C9FD2A38E59AFB466F9A_1097/INPUTFILES/data_370026401.root
Swapping $FILELIST with: /tmp/maxwoo/21EF1A6A9139C9FD2A38E59AFB466F9A_1097/INPUTFILES/21EF1A6A9139C9FD2A38E59AFB466F9A_1097.local.list
+++++++++++local copy debug++++++++++++++++++++
newFileList: /tmp/maxwoo/21EF1A6A9139C9FD2A38E59AFB466F9A_1097/INPUTFILES/21EF1A6A9139C9FD2A38E59AFB466F9A_1097.local.list
++++++++++++++++cat FILELIST+++++++++++++++++++
/tmp/maxwoo/21EF1A6A9139C9FD2A38E59AFB466F9A_1097/INPUTFILES/data_369826531.root 
/tmp/maxwoo/21EF1A6A9139C9FD2A38E59AFB466F9A_1097/INPUTFILES/data_369826581.root 
/tmp/maxwoo/21EF1A6A9139C9FD2A38E59AFB466F9A_1097/INPUTFILES/data_369826591.root 
/tmp/maxwoo/21EF1A6A9139C9FD2A38E59AFB466F9A_1097/INPUTFILES/data_369826611.root 
/tmp/maxwoo/21EF1A6A9139C9FD2A38E59AFB466F9A_1097/INPUTFILES/data_369826671.root 
/tmp/maxwoo/21EF1A6A9139C9FD2A38E59AFB466F9A_1097/INPUTFILES/data_369833551.root 
/tmp/maxwoo/21EF1A6A9139C9FD2A38E59AFB466F9A_1097/INPUTFILES/data_369834501.root 
/tmp/maxwoo/21EF1A6A9139C9FD2A38E59AFB466F9A_1097/INPUTFILES/data_369926441.root 
/tmp/maxwoo/21EF1A6A9139C9FD2A38E59AFB466F9A_1097/INPUTFILES/data_369926521.root 
/tmp/maxwoo/21EF1A6A9139C9FD2A38E59AFB466F9A_1097/INPUTFILES/data_369926541.root 
/tmp/maxwoo/21EF1A6A9139C9FD2A38E59AFB466F9A_1097/INPUTFILES/data_369926551.root 
/tmp/maxwoo/21EF1A6A9139C9FD2A38E59AFB466F9A_1097/INPUTFILES/data_369926561.root 
/tmp/maxwoo/21EF1A6A9139C9FD2A38E59AFB466F9A_1097/INPUTFILES/data_369926571.root 
/tmp/maxwoo/21EF1A6A9139C9FD2A38E59AFB466F9A_1097/INPUTFILES/data_369926601.root 
/tmp/maxwoo/21EF1A6A9139C9FD2A38E59AFB466F9A_1097/INPUTFILES/data_369926631.root 
/tmp/maxwoo/21EF1A6A9139C9FD2A38E59AFB466F9A_1097/INPUTFILES/data_369926641.root 
/tmp/maxwoo/21EF1A6A9139C9FD2A38E59AFB466F9A_1097/INPUTFILES/data_369926841.root 
/tmp/maxwoo/21EF1A6A9139C9FD2A38E59AFB466F9A_1097/INPUTFILES/data_369926851.root 
/tmp/maxwoo/21EF1A6A9139C9FD2A38E59AFB466F9A_1097/INPUTFILES/data_369926881.root 
/tmp/maxwoo/21EF1A6A9139C9FD2A38E59AFB466F9A_1097/INPUTFILES/data_369932821.root 
/tmp/maxwoo/21EF1A6A9139C9FD2A38E59AFB466F9A_1097/INPUTFILES/data_369933121.root 
/tmp/maxwoo/21EF1A6A9139C9FD2A38E59AFB466F9A_1097/INPUTFILES/data_369933171.root 
/tmp/maxwoo/21EF1A6A9139C9FD2A38E59AFB466F9A_1097/INPUTFILES/data_369933641.root 
/tmp/maxwoo/21EF1A6A9139C9FD2A38E59AFB466F9A_1097/INPUTFILES/data_369933731.root 
/tmp/maxwoo/21EF1A6A9139C9FD2A38E59AFB466F9A_1097/INPUTFILES/data_369934381.root 
/tmp/maxwoo/21EF1A6A9139C9FD2A38E59AFB466F9A_1097/INPUTFILES/data_369934541.root 
/tmp/maxwoo/21EF1A6A9139C9FD2A38E59AFB466F9A_1097/INPUTFILES/data_369934751.root 
/tmp/maxwoo/21EF1A6A9139C9FD2A38E59AFB466F9A_1097/INPUTFILES/data_369940751.root 
/tmp/maxwoo/21EF1A6A9139C9FD2A38E59AFB466F9A_1097/INPUTFILES/data_369941201.root 
/tmp/maxwoo/21EF1A6A9139C9FD2A38E59AFB466F9A_1097/INPUTFILES/data_370026281.root 
/tmp/maxwoo/21EF1A6A9139C9FD2A38E59AFB466F9A_1097/INPUTFILES/data_370026301.root 
/tmp/maxwoo/21EF1A6A9139C9FD2A38E59AFB466F9A_1097/INPUTFILES/data_370026311.root 
/tmp/maxwoo/21EF1A6A9139C9FD2A38E59AFB466F9A_1097/INPUTFILES/data_370026321.root 
/tmp/maxwoo/21EF1A6A9139C9FD2A38E59AFB466F9A_1097/INPUTFILES/data_370026341.root 
/tmp/maxwoo/21EF1A6A9139C9FD2A38E59AFB466F9A_1097/INPUTFILES/data_370026361.root 
/tmp/maxwoo/21EF1A6A9139C9FD2A38E59AFB466F9A_1097/INPUTFILES/data_370026391.root 
/tmp/maxwoo/21EF1A6A9139C9FD2A38E59AFB466F9A_1097/INPUTFILES/data_370026401.root 
++++++++++++++++++++find.++++++++++++++++++++++
.
./.output.log
./INPUTFILES
./INPUTFILES/data_369926851.root
./INPUTFILES/data_369933171.root
./INPUTFILES/data_370026301.root
./INPUTFILES/data_369926541.root
./INPUTFILES/data_369926631.root
./INPUTFILES/data_369926641.root
./INPUTFILES/data_369926841.root
./INPUTFILES/data_369933731.root
./INPUTFILES/data_369826531.root
./INPUTFILES/data_369932821.root
./INPUTFILES/data_369941201.root
./INPUTFILES/data_369926601.root
./INPUTFILES/data_369926551.root
./INPUTFILES/data_369934541.root
./INPUTFILES/data_370026361.root
./INPUTFILES/data_369826611.root
./INPUTFILES/data_369826671.root
./INPUTFILES/data_369926521.root
./INPUTFILES/data_369826581.root
./INPUTFILES/data_369934751.root
./INPUTFILES/data_370026401.root
./INPUTFILES/data_369834501.root
./INPUTFILES/data_369934381.root
./INPUTFILES/data_369826591.root
./INPUTFILES/data_369926441.root
./INPUTFILES/data_369940751.root
./INPUTFILES/data_370026391.root
./INPUTFILES/data_369926881.root
./INPUTFILES/data_369926571.root
./INPUTFILES/data_370026341.root
./INPUTFILES/data_370026321.root
./INPUTFILES/21EF1A6A9139C9FD2A38E59AFB466F9A_1097.local.list
./INPUTFILES/data_370026311.root
./INPUTFILES/data_369833551.root
./INPUTFILES/data_370026281.root
./INPUTFILES/data_369933121.root
./INPUTFILES/data_369926561.root
./INPUTFILES/data_369933641.root
./.sandboxFiles
./.errror.log
./lib
./lib/my_particle_cpp_ACLiC_dict_rdict.pcm
./lib/CenMaker_cpp.so
./lib/my_event.cpp
./lib/MixedBuffer.cpp
./lib/CenMaker_cpp_ACLiC_dict_rdict.pcm
./lib/my_particle_cpp.so
./lib/MixedBuffer.h
./lib/MixedBuffer_cpp.d
./lib/NpartNormalizer.h
./lib/CenMaker_cpp.d
./lib/my_event_cpp.d
./lib/MixedBuffer_cpp_ACLiC_dict_rdict.pcm
./lib/NpartNormalizer_cpp.so
./lib/CenMaker.cpp
./lib/my_event.h
./lib/NpartNormalizer.cpp
./lib/my_particle_cpp.d
./lib/my_event_cpp_ACLiC_dict_rdict.pcm
./lib/CenMaker.h
./lib/MixedBuffer_cpp.so
./lib/my_particle.cpp
./lib/NpartNormalizer_cpp.d
./lib/my_event_cpp.so
./lib/NpartNormalizer_cpp_ACLiC_dict_rdict.pcm
./lib/my_particle.h
./check_S.C
./Check_Sness.C
++++++++++++++++INPUTFILE Var++++++++++++++++++
FILELIST=/tmp/maxwoo/21EF1A6A9139C9FD2A38E59AFB466F9A_1097/INPUTFILES/21EF1A6A9139C9FD2A38E59AFB466F9A_1097.local.list
INPUTFILECOUNT=37
INPUTFILE0=/tmp/maxwoo/21EF1A6A9139C9FD2A38E59AFB466F9A_1097/INPUTFILES/data_369826531.root
INPUTFILE1=/tmp/maxwoo/21EF1A6A9139C9FD2A38E59AFB466F9A_1097/INPUTFILES/data_369826581.root
INPUTFILE2=/tmp/maxwoo/21EF1A6A9139C9FD2A38E59AFB466F9A_1097/INPUTFILES/data_369826591.root
INPUTFILE3=/tmp/maxwoo/21EF1A6A9139C9FD2A38E59AFB466F9A_1097/INPUTFILES/data_369826611.root
INPUTFILE4=/tmp/maxwoo/21EF1A6A9139C9FD2A38E59AFB466F9A_1097/INPUTFILES/data_369826671.root
INPUTFILE5=/tmp/maxwoo/21EF1A6A9139C9FD2A38E59AFB466F9A_1097/INPUTFILES/data_369833551.root
INPUTFILE6=/tmp/maxwoo/21EF1A6A9139C9FD2A38E59AFB466F9A_1097/INPUTFILES/data_369834501.root
INPUTFILE7=/tmp/maxwoo/21EF1A6A9139C9FD2A38E59AFB466F9A_1097/INPUTFILES/data_369926441.root
INPUTFILE8=/tmp/maxwoo/21EF1A6A9139C9FD2A38E59AFB466F9A_1097/INPUTFILES/data_369926521.root
INPUTFILE9=/tmp/maxwoo/21EF1A6A9139C9FD2A38E59AFB466F9A_1097/INPUTFILES/data_369926541.root
INPUTFILE10=/tmp/maxwoo/21EF1A6A9139C9FD2A38E59AFB466F9A_1097/INPUTFILES/data_369926551.root
INPUTFILE11=/tmp/maxwoo/21EF1A6A9139C9FD2A38E59AFB466F9A_1097/INPUTFILES/data_369926561.root
INPUTFILE12=/tmp/maxwoo/21EF1A6A9139C9FD2A38E59AFB466F9A_1097/INPUTFILES/data_369926571.root
INPUTFILE13=/tmp/maxwoo/21EF1A6A9139C9FD2A38E59AFB466F9A_1097/INPUTFILES/data_369926601.root
INPUTFILE14=/tmp/maxwoo/21EF1A6A9139C9FD2A38E59AFB466F9A_1097/INPUTFILES/data_369926631.root
INPUTFILE15=/tmp/maxwoo/21EF1A6A9139C9FD2A38E59AFB466F9A_1097/INPUTFILES/data_369926641.root
INPUTFILE16=/tmp/maxwoo/21EF1A6A9139C9FD2A38E59AFB466F9A_1097/INPUTFILES/data_369926841.root
INPUTFILE17=/tmp/maxwoo/21EF1A6A9139C9FD2A38E59AFB466F9A_1097/INPUTFILES/data_369926851.root
INPUTFILE18=/tmp/maxwoo/21EF1A6A9139C9FD2A38E59AFB466F9A_1097/INPUTFILES/data_369926881.root
INPUTFILE19=/tmp/maxwoo/21EF1A6A9139C9FD2A38E59AFB466F9A_1097/INPUTFILES/data_369932821.root
INPUTFILE20=/tmp/maxwoo/21EF1A6A9139C9FD2A38E59AFB466F9A_1097/INPUTFILES/data_369933121.root
INPUTFILE21=/tmp/maxwoo/21EF1A6A9139C9FD2A38E59AFB466F9A_1097/INPUTFILES/data_369933171.root
INPUTFILE22=/tmp/maxwoo/21EF1A6A9139C9FD2A38E59AFB466F9A_1097/INPUTFILES/data_369933641.root
INPUTFILE23=/tmp/maxwoo/21EF1A6A9139C9FD2A38E59AFB466F9A_1097/INPUTFILES/data_369933731.root
INPUTFILE24=/tmp/maxwoo/21EF1A6A9139C9FD2A38E59AFB466F9A_1097/INPUTFILES/data_369934381.root
INPUTFILE25=/tmp/maxwoo/21EF1A6A9139C9FD2A38E59AFB466F9A_1097/INPUTFILES/data_369934541.root
INPUTFILE26=/tmp/maxwoo/21EF1A6A9139C9FD2A38E59AFB466F9A_1097/INPUTFILES/data_369934751.root
INPUTFILE27=/tmp/maxwoo/21EF1A6A9139C9FD2A38E59AFB466F9A_1097/INPUTFILES/data_369940751.root
INPUTFILE28=/tmp/maxwoo/21EF1A6A9139C9FD2A38E59AFB466F9A_1097/INPUTFILES/data_369941201.root
INPUTFILE29=/tmp/maxwoo/21EF1A6A9139C9FD2A38E59AFB466F9A_1097/INPUTFILES/data_370026281.root
INPUTFILE30=/tmp/maxwoo/21EF1A6A9139C9FD2A38E59AFB466F9A_1097/INPUTFILES/data_370026301.root
INPUTFILE31=/tmp/maxwoo/21EF1A6A9139C9FD2A38E59AFB466F9A_1097/INPUTFILES/data_370026311.root
INPUTFILE32=/tmp/maxwoo/21EF1A6A9139C9FD2A38E59AFB466F9A_1097/INPUTFILES/data_370026321.root
INPUTFILE33=/tmp/maxwoo/21EF1A6A9139C9FD2A38E59AFB466F9A_1097/INPUTFILES/data_370026341.root
INPUTFILE34=/tmp/maxwoo/21EF1A6A9139C9FD2A38E59AFB466F9A_1097/INPUTFILES/data_370026361.root
INPUTFILE35=/tmp/maxwoo/21EF1A6A9139C9FD2A38E59AFB466F9A_1097/INPUTFILES/data_370026391.root
INPUTFILE36=/tmp/maxwoo/21EF1A6A9139C9FD2A38E59AFB466F9A_1097/INPUTFILES/data_370026401.root
LocalInputFileDir=/tmp/maxwoo/21EF1A6A9139C9FD2A38E59AFB466F9A_1097/INPUTFILES
NewFILELIST=/tmp/maxwoo/21EF1A6A9139C9FD2A38E59AFB466F9A_1097/INPUTFILES/21EF1A6A9139C9FD2A38E59AFB466F9A_1097.local.list
+++++++++++++++++++++++++++++++++++++++++++++++
--------------------------------
Simple Unified Meta Scheduler 1.10.50 we are starting in $SCRATCH : /home/tmp/maxwoo/21EF1A6A9139C9FD2A38E59AFB466F9A_1097
--------------------------------
total 16
lrwxrwxrwx 1 maxwoo rhstar   61 Jun  2 11:22 check_S.C -> /gpfs/mnt/gpfs01/star/pwg/xiatong/git/strangeness/./check_S.C
lrwxrwxrwx 1 maxwoo rhstar   65 Jun  2 11:22 Check_Sness.C -> /gpfs/mnt/gpfs01/star/pwg/xiatong/git/strangeness/./Check_Sness.C
drwxr-xr-x 2 maxwoo rhstar 4096 Jun  2 11:27 INPUTFILES
drwxr-xr-x 2 maxwoo rhstar 4096 Jun  2 11:22 lib
  *******************************************
  *                                         *
  *        W E L C O M E  to  R O O T       *
  *                                         *
  *   Version   5.34/38     12 March 2018   *
  *                                         *
  *  You are welcome to visit our Web site  *
  *          http://root.cern.ch            *
  *                                         *
  *******************************************

ROOT 5.34/38 (v5-34-38@v5-34-38, Mar 12 2018, 15:49:39 on linux)

CINT/ROOT C/C++ Interpreter version 5.18.00, July 2, 2010
Type ? for help. Commands must be C++ statements.
Enclose multiple statements between { }.
*** Float Point Exception is OFF ***
 *** Start at Date : Thu Jun  2 11:27:06 2022
QAInfo:You are using STAR_LEVEL : dev, ROOT_LEVEL : 5.34.38 and node : spool0283.sdcc.bnl.gov 

Processing check_S.C++("/tmp/maxwoo/21EF1A6A9139C9FD2A38E59AFB466F9A_1097/INPUTFILES/21EF1A6A9139C9FD2A38E59AFB466F9A_1097.local.list","21EF1A6A9139C9FD2A38E59AFB466F9A_1097",1)...
/tmp/maxwoo/21EF1A6A9139C9FD2A38E59AFB466F9A_1097/INPUTFILES/data_369826531.root 
/tmp/maxwoo/21EF1A6A9139C9FD2A38E59AFB466F9A_1097/INPUTFILES/data_369826581.root 
/tmp/maxwoo/21EF1A6A9139C9FD2A38E59AFB466F9A_1097/INPUTFILES/data_369826591.root 
/tmp/maxwoo/21EF1A6A9139C9FD2A38E59AFB466F9A_1097/INPUTFILES/data_369826611.root 
/tmp/maxwoo/21EF1A6A9139C9FD2A38E59AFB466F9A_1097/INPUTFILES/data_369826671.root 
/tmp/maxwoo/21EF1A6A9139C9FD2A38E59AFB466F9A_1097/INPUTFILES/data_369833551.root 
/tmp/maxwoo/21EF1A6A9139C9FD2A38E59AFB466F9A_1097/INPUTFILES/data_369834501.root 
/tmp/maxwoo/21EF1A6A9139C9FD2A38E59AFB466F9A_1097/INPUTFILES/data_369926441.root 
/tmp/maxwoo/21EF1A6A9139C9FD2A38E59AFB466F9A_1097/INPUTFILES/data_369926521.root 
/tmp/maxwoo/21EF1A6A9139C9FD2A38E59AFB466F9A_1097/INPUTFILES/data_369926541.root 
/tmp/maxwoo/21EF1A6A9139C9FD2A38E59AFB466F9A_1097/INPUTFILES/data_369926551.root 
/tmp/maxwoo/21EF1A6A9139C9FD2A38E59AFB466F9A_1097/INPUTFILES/data_369926561.root 
/tmp/maxwoo/21EF1A6A9139C9FD2A38E59AFB466F9A_1097/INPUTFILES/data_369926571.root 
/tmp/maxwoo/21EF1A6A9139C9FD2A38E59AFB466F9A_1097/INPUTFILES/data_369926601.root 
/tmp/maxwoo/21EF1A6A9139C9FD2A38E59AFB466F9A_1097/INPUTFILES/data_369926631.root 
/tmp/maxwoo/21EF1A6A9139C9FD2A38E59AFB466F9A_1097/INPUTFILES/data_369926641.root 
/tmp/maxwoo/21EF1A6A9139C9FD2A38E59AFB466F9A_1097/INPUTFILES/data_369926841.root 
/tmp/maxwoo/21EF1A6A9139C9FD2A38E59AFB466F9A_1097/INPUTFILES/data_369926851.root 
/tmp/maxwoo/21EF1A6A9139C9FD2A38E59AFB466F9A_1097/INPUTFILES/data_369926881.root 
/tmp/maxwoo/21EF1A6A9139C9FD2A38E59AFB466F9A_1097/INPUTFILES/data_369932821.root 
/tmp/maxwoo/21EF1A6A9139C9FD2A38E59AFB466F9A_1097/INPUTFILES/data_369933121.root 
/tmp/maxwoo/21EF1A6A9139C9FD2A38E59AFB466F9A_1097/INPUTFILES/data_369933171.root 
/tmp/maxwoo/21EF1A6A9139C9FD2A38E59AFB466F9A_1097/INPUTFILES/data_369933641.root 
/tmp/maxwoo/21EF1A6A9139C9FD2A38E59AFB466F9A_1097/INPUTFILES/data_369933731.root 
/tmp/maxwoo/21EF1A6A9139C9FD2A38E59AFB466F9A_1097/INPUTFILES/data_369934381.root 
/tmp/maxwoo/21EF1A6A9139C9FD2A38E59AFB466F9A_1097/INPUTFILES/data_369934541.root 
/tmp/maxwoo/21EF1A6A9139C9FD2A38E59AFB466F9A_1097/INPUTFILES/data_369934751.root 
/tmp/maxwoo/21EF1A6A9139C9FD2A38E59AFB466F9A_1097/INPUTFILES/data_369940751.root 
/tmp/maxwoo/21EF1A6A9139C9FD2A38E59AFB466F9A_1097/INPUTFILES/data_369941201.root 
/tmp/maxwoo/21EF1A6A9139C9FD2A38E59AFB466F9A_1097/INPUTFILES/data_370026281.root 
/tmp/maxwoo/21EF1A6A9139C9FD2A38E59AFB466F9A_1097/INPUTFILES/data_370026301.root 
/tmp/maxwoo/21EF1A6A9139C9FD2A38E59AFB466F9A_1097/INPUTFILES/data_370026311.root 
/tmp/maxwoo/21EF1A6A9139C9FD2A38E59AFB466F9A_1097/INPUTFILES/data_370026321.root 
/tmp/maxwoo/21EF1A6A9139C9FD2A38E59AFB466F9A_1097/INPUTFILES/data_370026341.root 
/tmp/maxwoo/21EF1A6A9139C9FD2A38E59AFB466F9A_1097/INPUTFILES/data_370026361.root 
/tmp/maxwoo/21EF1A6A9139C9FD2A38E59AFB466F9A_1097/INPUTFILES/data_370026391.root 
/tmp/maxwoo/21EF1A6A9139C9FD2A38E59AFB466F9A_1097/INPUTFILES/data_370026401.root 
Added 37 files
# entries in chain: 37000
Processing entry == 1000 == out of 37000.
Processing entry == 2000 == out of 37000.
Processing entry == 3000 == out of 37000.
Processing entry == 4000 == out of 37000.
Processing entry == 5000 == out of 37000.
Processing entry == 6000 == out of 37000.
Processing entry == 7000 == out of 37000.
Processing entry == 8000 == out of 37000.
Processing entry == 9000 == out of 37000.
Processing entry == 10000 == out of 37000.
Processing entry == 11000 == out of 37000.
Processing entry == 12000 == out of 37000.
Processing entry == 13000 == out of 37000.
Processing entry == 14000 == out of 37000.
Processing entry == 15000 == out of 37000.
Processing entry == 16000 == out of 37000.
Processing entry == 17000 == out of 37000.
Processing entry == 18000 == out of 37000.
Processing entry == 19000 == out of 37000.
Processing entry == 20000 == out of 37000.
Processing entry == 21000 == out of 37000.
Processing entry == 22000 == out of 37000.
Processing entry == 23000 == out of 37000.
Processing entry == 24000 == out of 37000.
Processing entry == 25000 == out of 37000.
Processing entry == 26000 == out of 37000.
Processing entry == 27000 == out of 37000.
Processing entry == 28000 == out of 37000.
Processing entry == 29000 == out of 37000.
Processing entry == 30000 == out of 37000.
Processing entry == 31000 == out of 37000.
Processing entry == 32000 == out of 37000.
Processing entry == 33000 == out of 37000.
Processing entry == 34000 == out of 37000.
Processing entry == 35000 == out of 37000.
Processing entry == 36000 == out of 37000.
Processing entry == 37000 == out of 37000.

This is the end of ROOT -- Goodbye

Cleaning up sandbox file:  /tmp/maxwoo/21EF1A6A9139C9FD2A38E59AFB466F9A_1097/check_S.C
Cleaning up sandbox file:  /tmp/maxwoo/21EF1A6A9139C9FD2A38E59AFB466F9A_1097/Check_Sness.C
Cleaning up sandbox file:  /tmp/maxwoo/21EF1A6A9139C9FD2A38E59AFB466F9A_1097/lib
Cleaning up sandbox file:  /tmp/maxwoo/21EF1A6A9139C9FD2A38E59AFB466F9A_1097/.sandboxFiles
Starting copy block
Running copy command:  /bin/cp -fp /tmp/maxwoo/21EF1A6A9139C9FD2A38E59AFB466F9A_1097/out_21EF1A6A9139C9FD2A38E59AFB466F9A_1097.root /star/data01/pwg/xiatong/git/strangeness/data/
4467 Execution of (/star/data01/pwg/xiatong/git/strangeness/script/sched21EF1A6A9139C9FD2A38E59AFB466F9A_1097.csh ) has ended, exiting normally
4467 We END on [Thu Jun  2 11:46:11 EDT 2022]
