We are starting on node: spar0502.usatlas.bnl.gov
HOME is not defined
Using getent method
HOME is now /star/u/maxwoo
4543 We will spawn ourselves (/star/data01/pwg/xiatong/git/strangeness/script/sched21EF1A6A9139C9FD2A38E59AFB466F9A_1402.csh )
4543 We BEGIN on [Thu Jun  2 11:17:51 EDT 2022]
[1] 4775
4543 We are waiting for 4775 
4543 Grandchild PID is 5120 - found in 10 x 1 seconds
4543 Establishing first watcher   on    Thu Jun  2 11:18:02 EDT 2022
4543 Process tree is 4543 (main) -> 4775 (child) -> 5120 (grandchild)
F S   UID   PID  PPID  C PRI  NI ADDR SZ WCHAN  TTY        TIME CMD
0 D 100667 5120  4775  0  80   0 - 32311 cxiWai ?          0:00 cp /star/data01/pwg/xiatong/AMPT/14GeV/data_480150591.root /tmp/maxwoo/21EF1A6A9139C9FD2A38E59AFB466F9A_1402/INPUTFILES/data_480150591.root
4543 Grandchild PID is 6590 - found in 20 x 2 seconds
4543 Grandchild to watch has changed on Thu Jun  2 11:18:23 EDT 2022
4543 Process tree is 4543 (main) -> 4775 (child) -> 6590 (grandchild)
F S   UID   PID  PPID  C PRI  NI ADDR SZ WCHAN  TTY        TIME CMD
0 D 100667 6590  4775  0  80   0 - 32311 cxiWai ?          0:00 cp /star/data01/pwg/xiatong/AMPT/14GeV/data_480165881.root /tmp/maxwoo/21EF1A6A9139C9FD2A38E59AFB466F9A_1402/INPUTFILES/data_480165881.root
4543 Grandchild PID is 8096 - found in 30 x 2 seconds
4543 Grandchild to watch has changed on Thu Jun  2 11:18:44 EDT 2022
4543 Process tree is 4543 (main) -> 4775 (child) -> 8096 (grandchild)
F S   UID   PID  PPID  C PRI  NI ADDR SZ WCHAN  TTY        TIME CMD
0 D 100667 8096  4775  0  80   0 - 32311 cxiWai ?          0:00 cp /star/data01/pwg/xiatong/AMPT/14GeV/data_480165981.root /tmp/maxwoo/21EF1A6A9139C9FD2A38E59AFB466F9A_1402/INPUTFILES/data_480165981.root
4543 Grandchild PID is 10272 - found in 40 x 2 seconds
4543 Grandchild to watch has changed on Thu Jun  2 11:19:05 EDT 2022
4543 Process tree is 4543 (main) -> 4775 (child) -> 10272 (grandchild)
F S   UID   PID  PPID  C PRI  NI ADDR SZ WCHAN  TTY        TIME CMD
0 D 100667 10272 4775  0  80   0 - 32311 cxiWai ?          0:00 cp /star/data01/pwg/xiatong/AMPT/14GeV/data_480166081.root /tmp/maxwoo/21EF1A6A9139C9FD2A38E59AFB466F9A_1402/INPUTFILES/data_480166081.root
4543 Grandchild PID is 11876 - found in 50 x 2 seconds
4543 Grandchild to watch has changed on Thu Jun  2 11:19:26 EDT 2022
4543 Process tree is 4543 (main) -> 4775 (child) -> 11876 (grandchild)
F S   UID   PID  PPID  C PRI  NI ADDR SZ WCHAN  TTY        TIME CMD
0 D 100667 11876 4775  0  80   0 - 32311 cxiWai ?          0:00 cp /star/data01/pwg/xiatong/AMPT/14GeV/data_480166451.root /tmp/maxwoo/21EF1A6A9139C9FD2A38E59AFB466F9A_1402/INPUTFILES/data_480166451.root
4543 Grandchild PID is 12795 - found in 60 x 2 seconds
4543 Grandchild to watch has changed on Thu Jun  2 11:19:47 EDT 2022
4543 Process tree is 4543 (main) -> 4775 (child) -> 12795 (grandchild)
F S   UID   PID  PPID  C PRI  NI ADDR SZ WCHAN  TTY        TIME CMD
0 D 100667 12795 4775  0  80   0 - 32311 cxiWai ?          0:00 cp /star/data01/pwg/xiatong/AMPT/14GeV/data_480166481.root /tmp/maxwoo/21EF1A6A9139C9FD2A38E59AFB466F9A_1402/INPUTFILES/data_480166481.root
4543 Grandchild PID is 14434 - found in 70 x 2 seconds
4543 Grandchild to watch has changed on Thu Jun  2 11:20:08 EDT 2022
4543 Process tree is 4543 (main) -> 4775 (child) -> 14434 (grandchild)
F S   UID   PID  PPID  C PRI  NI ADDR SZ WCHAN  TTY        TIME CMD
0 D 100667 14434 4775  0  80   0 - 32311 cxiWai ?          0:00 cp /star/data01/pwg/xiatong/AMPT/14GeV/data_480194231.root /tmp/maxwoo/21EF1A6A9139C9FD2A38E59AFB466F9A_1402/INPUTFILES/data_480194231.root
4543 Grandchild PID is 15580 - found in 80 x 2 seconds
4543 Grandchild to watch has changed on Thu Jun  2 11:20:29 EDT 2022
4543 Process tree is 4543 (main) -> 4775 (child) -> 15580 (grandchild)
F S   UID   PID  PPID  C PRI  NI ADDR SZ WCHAN  TTY        TIME CMD
0 D 100667 15580 4775  0  80   0 - 32311 cxiWai ?          0:00 cp /star/data01/pwg/xiatong/AMPT/14GeV/data_480198841.root /tmp/maxwoo/21EF1A6A9139C9FD2A38E59AFB466F9A_1402/INPUTFILES/data_480198841.root
4543 Grandchild PID is 17395 - found in 90 x 2 seconds
4543 Grandchild to watch has changed on Thu Jun  2 11:20:50 EDT 2022
4543 Process tree is 4543 (main) -> 4775 (child) -> 17395 (grandchild)
F S   UID   PID  PPID  C PRI  NI ADDR SZ WCHAN  TTY        TIME CMD
0 D 100667 17395 4775  0  80   0 - 32311 cxiWai ?          0:00 cp /star/data01/pwg/xiatong/AMPT/14GeV/data_480347511.root /tmp/maxwoo/21EF1A6A9139C9FD2A38E59AFB466F9A_1402/INPUTFILES/data_480347511.root
4543 Grandchild PID is 18446 - found in 100 x 2 seconds
4543 Grandchild to watch has changed on Thu Jun  2 11:21:11 EDT 2022
4543 Process tree is 4543 (main) -> 4775 (child) -> 18446 (grandchild)
F S   UID   PID  PPID  C PRI  NI ADDR SZ WCHAN  TTY        TIME CMD
0 D 100667 18446 4775  0  80   0 - 32311 cxiWai ?          0:00 cp /star/data01/pwg/xiatong/AMPT/14GeV/data_480447471.root /tmp/maxwoo/21EF1A6A9139C9FD2A38E59AFB466F9A_1402/INPUTFILES/data_480447471.root
4543 Grandchild PID is 19757 - found in 110 x 2 seconds
4543 Grandchild to watch has changed on Thu Jun  2 11:21:32 EDT 2022
4543 Process tree is 4543 (main) -> 4775 (child) -> 19757 (grandchild)
F S   UID   PID  PPID  C PRI  NI ADDR SZ WCHAN  TTY        TIME CMD
0 S 100667 19757 4775  0  80   0 -  1272 do_wai ?          0:00 root -b -q check_S.C++("/tmp/maxwoo/21EF1A6A9139C9FD2A38E59AFB466F9A_1402/INPUTFILES/21EF1A6A9139C9FD2A38E59AFB466F9A_1402.local.list","21EF1A6A9139C9FD2A38E59AFB466F9A_1402",1)
4775 Stepping into the main SUMS wrapper program with []
.... building sandbox
Running: cp /star/data01/pwg/xiatong/AMPT/14GeV/data_480149721.root /tmp/maxwoo/21EF1A6A9139C9FD2A38E59AFB466F9A_1402/INPUTFILES/data_480149721.root
Running: cp /star/data01/pwg/xiatong/AMPT/14GeV/data_480149951.root /tmp/maxwoo/21EF1A6A9139C9FD2A38E59AFB466F9A_1402/INPUTFILES/data_480149951.root
Running: cp /star/data01/pwg/xiatong/AMPT/14GeV/data_480150191.root /tmp/maxwoo/21EF1A6A9139C9FD2A38E59AFB466F9A_1402/INPUTFILES/data_480150191.root
Running: cp /star/data01/pwg/xiatong/AMPT/14GeV/data_480150421.root /tmp/maxwoo/21EF1A6A9139C9FD2A38E59AFB466F9A_1402/INPUTFILES/data_480150421.root
Running: cp /star/data01/pwg/xiatong/AMPT/14GeV/data_480150591.root /tmp/maxwoo/21EF1A6A9139C9FD2A38E59AFB466F9A_1402/INPUTFILES/data_480150591.root
Running: cp /star/data01/pwg/xiatong/AMPT/14GeV/data_480150821.root /tmp/maxwoo/21EF1A6A9139C9FD2A38E59AFB466F9A_1402/INPUTFILES/data_480150821.root
Running: cp /star/data01/pwg/xiatong/AMPT/14GeV/data_480156321.root /tmp/maxwoo/21EF1A6A9139C9FD2A38E59AFB466F9A_1402/INPUTFILES/data_480156321.root
Running: cp /star/data01/pwg/xiatong/AMPT/14GeV/data_480162031.root /tmp/maxwoo/21EF1A6A9139C9FD2A38E59AFB466F9A_1402/INPUTFILES/data_480162031.root
Running: cp /star/data01/pwg/xiatong/AMPT/14GeV/data_480165881.root /tmp/maxwoo/21EF1A6A9139C9FD2A38E59AFB466F9A_1402/INPUTFILES/data_480165881.root
Running: cp /star/data01/pwg/xiatong/AMPT/14GeV/data_480165981.root /tmp/maxwoo/21EF1A6A9139C9FD2A38E59AFB466F9A_1402/INPUTFILES/data_480165981.root
Running: cp /star/data01/pwg/xiatong/AMPT/14GeV/data_480166061.root /tmp/maxwoo/21EF1A6A9139C9FD2A38E59AFB466F9A_1402/INPUTFILES/data_480166061.root
Running: cp /star/data01/pwg/xiatong/AMPT/14GeV/data_480166081.root /tmp/maxwoo/21EF1A6A9139C9FD2A38E59AFB466F9A_1402/INPUTFILES/data_480166081.root
Running: cp /star/data01/pwg/xiatong/AMPT/14GeV/data_480166191.root /tmp/maxwoo/21EF1A6A9139C9FD2A38E59AFB466F9A_1402/INPUTFILES/data_480166191.root
Running: cp /star/data01/pwg/xiatong/AMPT/14GeV/data_480166241.root /tmp/maxwoo/21EF1A6A9139C9FD2A38E59AFB466F9A_1402/INPUTFILES/data_480166241.root
Running: cp /star/data01/pwg/xiatong/AMPT/14GeV/data_480166281.root /tmp/maxwoo/21EF1A6A9139C9FD2A38E59AFB466F9A_1402/INPUTFILES/data_480166281.root
Running: cp /star/data01/pwg/xiatong/AMPT/14GeV/data_480166451.root /tmp/maxwoo/21EF1A6A9139C9FD2A38E59AFB466F9A_1402/INPUTFILES/data_480166451.root
Running: cp /star/data01/pwg/xiatong/AMPT/14GeV/data_480166481.root /tmp/maxwoo/21EF1A6A9139C9FD2A38E59AFB466F9A_1402/INPUTFILES/data_480166481.root
Running: cp /star/data01/pwg/xiatong/AMPT/14GeV/data_480166521.root /tmp/maxwoo/21EF1A6A9139C9FD2A38E59AFB466F9A_1402/INPUTFILES/data_480166521.root
Running: cp /star/data01/pwg/xiatong/AMPT/14GeV/data_480166531.root /tmp/maxwoo/21EF1A6A9139C9FD2A38E59AFB466F9A_1402/INPUTFILES/data_480166531.root
Running: cp /star/data01/pwg/xiatong/AMPT/14GeV/data_480166551.root /tmp/maxwoo/21EF1A6A9139C9FD2A38E59AFB466F9A_1402/INPUTFILES/data_480166551.root
Running: cp /star/data01/pwg/xiatong/AMPT/14GeV/data_480181011.root /tmp/maxwoo/21EF1A6A9139C9FD2A38E59AFB466F9A_1402/INPUTFILES/data_480181011.root
Running: cp /star/data01/pwg/xiatong/AMPT/14GeV/data_480184721.root /tmp/maxwoo/21EF1A6A9139C9FD2A38E59AFB466F9A_1402/INPUTFILES/data_480184721.root
Running: cp /star/data01/pwg/xiatong/AMPT/14GeV/data_480191231.root /tmp/maxwoo/21EF1A6A9139C9FD2A38E59AFB466F9A_1402/INPUTFILES/data_480191231.root
Running: cp /star/data01/pwg/xiatong/AMPT/14GeV/data_480192851.root /tmp/maxwoo/21EF1A6A9139C9FD2A38E59AFB466F9A_1402/INPUTFILES/data_480192851.root
Running: cp /star/data01/pwg/xiatong/AMPT/14GeV/data_480194231.root /tmp/maxwoo/21EF1A6A9139C9FD2A38E59AFB466F9A_1402/INPUTFILES/data_480194231.root
Running: cp /star/data01/pwg/xiatong/AMPT/14GeV/data_480198711.root /tmp/maxwoo/21EF1A6A9139C9FD2A38E59AFB466F9A_1402/INPUTFILES/data_480198711.root
Running: cp /star/data01/pwg/xiatong/AMPT/14GeV/data_480198841.root /tmp/maxwoo/21EF1A6A9139C9FD2A38E59AFB466F9A_1402/INPUTFILES/data_480198841.root
Running: cp /star/data01/pwg/xiatong/AMPT/14GeV/data_480211121.root /tmp/maxwoo/21EF1A6A9139C9FD2A38E59AFB466F9A_1402/INPUTFILES/data_480211121.root
Running: cp /star/data01/pwg/xiatong/AMPT/14GeV/data_480220221.root /tmp/maxwoo/21EF1A6A9139C9FD2A38E59AFB466F9A_1402/INPUTFILES/data_480220221.root
Running: cp /star/data01/pwg/xiatong/AMPT/14GeV/data_480247521.root /tmp/maxwoo/21EF1A6A9139C9FD2A38E59AFB466F9A_1402/INPUTFILES/data_480247521.root
Running: cp /star/data01/pwg/xiatong/AMPT/14GeV/data_480347501.root /tmp/maxwoo/21EF1A6A9139C9FD2A38E59AFB466F9A_1402/INPUTFILES/data_480347501.root
Running: cp /star/data01/pwg/xiatong/AMPT/14GeV/data_480347511.root /tmp/maxwoo/21EF1A6A9139C9FD2A38E59AFB466F9A_1402/INPUTFILES/data_480347511.root
Running: cp /star/data01/pwg/xiatong/AMPT/14GeV/data_480411371.root /tmp/maxwoo/21EF1A6A9139C9FD2A38E59AFB466F9A_1402/INPUTFILES/data_480411371.root
Running: cp /star/data01/pwg/xiatong/AMPT/14GeV/data_480411931.root /tmp/maxwoo/21EF1A6A9139C9FD2A38E59AFB466F9A_1402/INPUTFILES/data_480411931.root
Running: cp /star/data01/pwg/xiatong/AMPT/14GeV/data_480420191.root /tmp/maxwoo/21EF1A6A9139C9FD2A38E59AFB466F9A_1402/INPUTFILES/data_480420191.root
Running: cp /star/data01/pwg/xiatong/AMPT/14GeV/data_480447471.root /tmp/maxwoo/21EF1A6A9139C9FD2A38E59AFB466F9A_1402/INPUTFILES/data_480447471.root
Running: cp /star/data01/pwg/xiatong/AMPT/14GeV/data_480447481.root /tmp/maxwoo/21EF1A6A9139C9FD2A38E59AFB466F9A_1402/INPUTFILES/data_480447481.root
Swapping $FILELIST with: /tmp/maxwoo/21EF1A6A9139C9FD2A38E59AFB466F9A_1402/INPUTFILES/21EF1A6A9139C9FD2A38E59AFB466F9A_1402.local.list
+++++++++++local copy debug++++++++++++++++++++
newFileList: /tmp/maxwoo/21EF1A6A9139C9FD2A38E59AFB466F9A_1402/INPUTFILES/21EF1A6A9139C9FD2A38E59AFB466F9A_1402.local.list
++++++++++++++++cat FILELIST+++++++++++++++++++
/tmp/maxwoo/21EF1A6A9139C9FD2A38E59AFB466F9A_1402/INPUTFILES/data_480149721.root 
/tmp/maxwoo/21EF1A6A9139C9FD2A38E59AFB466F9A_1402/INPUTFILES/data_480149951.root 
/tmp/maxwoo/21EF1A6A9139C9FD2A38E59AFB466F9A_1402/INPUTFILES/data_480150191.root 
/tmp/maxwoo/21EF1A6A9139C9FD2A38E59AFB466F9A_1402/INPUTFILES/data_480150421.root 
/tmp/maxwoo/21EF1A6A9139C9FD2A38E59AFB466F9A_1402/INPUTFILES/data_480150591.root 
/tmp/maxwoo/21EF1A6A9139C9FD2A38E59AFB466F9A_1402/INPUTFILES/data_480150821.root 
/tmp/maxwoo/21EF1A6A9139C9FD2A38E59AFB466F9A_1402/INPUTFILES/data_480156321.root 
/tmp/maxwoo/21EF1A6A9139C9FD2A38E59AFB466F9A_1402/INPUTFILES/data_480162031.root 
/tmp/maxwoo/21EF1A6A9139C9FD2A38E59AFB466F9A_1402/INPUTFILES/data_480165881.root 
/tmp/maxwoo/21EF1A6A9139C9FD2A38E59AFB466F9A_1402/INPUTFILES/data_480165981.root 
/tmp/maxwoo/21EF1A6A9139C9FD2A38E59AFB466F9A_1402/INPUTFILES/data_480166061.root 
/tmp/maxwoo/21EF1A6A9139C9FD2A38E59AFB466F9A_1402/INPUTFILES/data_480166081.root 
/tmp/maxwoo/21EF1A6A9139C9FD2A38E59AFB466F9A_1402/INPUTFILES/data_480166191.root 
/tmp/maxwoo/21EF1A6A9139C9FD2A38E59AFB466F9A_1402/INPUTFILES/data_480166241.root 
/tmp/maxwoo/21EF1A6A9139C9FD2A38E59AFB466F9A_1402/INPUTFILES/data_480166281.root 
/tmp/maxwoo/21EF1A6A9139C9FD2A38E59AFB466F9A_1402/INPUTFILES/data_480166451.root 
/tmp/maxwoo/21EF1A6A9139C9FD2A38E59AFB466F9A_1402/INPUTFILES/data_480166481.root 
/tmp/maxwoo/21EF1A6A9139C9FD2A38E59AFB466F9A_1402/INPUTFILES/data_480166521.root 
/tmp/maxwoo/21EF1A6A9139C9FD2A38E59AFB466F9A_1402/INPUTFILES/data_480166531.root 
/tmp/maxwoo/21EF1A6A9139C9FD2A38E59AFB466F9A_1402/INPUTFILES/data_480166551.root 
/tmp/maxwoo/21EF1A6A9139C9FD2A38E59AFB466F9A_1402/INPUTFILES/data_480181011.root 
/tmp/maxwoo/21EF1A6A9139C9FD2A38E59AFB466F9A_1402/INPUTFILES/data_480184721.root 
/tmp/maxwoo/21EF1A6A9139C9FD2A38E59AFB466F9A_1402/INPUTFILES/data_480191231.root 
/tmp/maxwoo/21EF1A6A9139C9FD2A38E59AFB466F9A_1402/INPUTFILES/data_480192851.root 
/tmp/maxwoo/21EF1A6A9139C9FD2A38E59AFB466F9A_1402/INPUTFILES/data_480194231.root 
/tmp/maxwoo/21EF1A6A9139C9FD2A38E59AFB466F9A_1402/INPUTFILES/data_480198711.root 
/tmp/maxwoo/21EF1A6A9139C9FD2A38E59AFB466F9A_1402/INPUTFILES/data_480198841.root 
/tmp/maxwoo/21EF1A6A9139C9FD2A38E59AFB466F9A_1402/INPUTFILES/data_480211121.root 
/tmp/maxwoo/21EF1A6A9139C9FD2A38E59AFB466F9A_1402/INPUTFILES/data_480220221.root 
/tmp/maxwoo/21EF1A6A9139C9FD2A38E59AFB466F9A_1402/INPUTFILES/data_480247521.root 
/tmp/maxwoo/21EF1A6A9139C9FD2A38E59AFB466F9A_1402/INPUTFILES/data_480347501.root 
/tmp/maxwoo/21EF1A6A9139C9FD2A38E59AFB466F9A_1402/INPUTFILES/data_480347511.root 
/tmp/maxwoo/21EF1A6A9139C9FD2A38E59AFB466F9A_1402/INPUTFILES/data_480411371.root 
/tmp/maxwoo/21EF1A6A9139C9FD2A38E59AFB466F9A_1402/INPUTFILES/data_480411931.root 
/tmp/maxwoo/21EF1A6A9139C9FD2A38E59AFB466F9A_1402/INPUTFILES/data_480420191.root 
/tmp/maxwoo/21EF1A6A9139C9FD2A38E59AFB466F9A_1402/INPUTFILES/data_480447471.root 
/tmp/maxwoo/21EF1A6A9139C9FD2A38E59AFB466F9A_1402/INPUTFILES/data_480447481.root 
++++++++++++++++++++find.++++++++++++++++++++++
.
./INPUTFILES
./INPUTFILES/data_480198711.root
./INPUTFILES/data_480166551.root
./INPUTFILES/data_480166241.root
./INPUTFILES/data_480166281.root
./INPUTFILES/data_480211121.root
./INPUTFILES/data_480165881.root
./INPUTFILES/data_480149951.root
./INPUTFILES/data_480181011.root
./INPUTFILES/data_480347501.root
./INPUTFILES/data_480192851.root
./INPUTFILES/data_480149721.root
./INPUTFILES/data_480165981.root
./INPUTFILES/data_480166531.root
./INPUTFILES/data_480166481.root
./INPUTFILES/data_480411931.root
./INPUTFILES/21EF1A6A9139C9FD2A38E59AFB466F9A_1402.local.list
./INPUTFILES/data_480166191.root
./INPUTFILES/data_480162031.root
./INPUTFILES/data_480156321.root
./INPUTFILES/data_480347511.root
./INPUTFILES/data_480220221.root
./INPUTFILES/data_480150421.root
./INPUTFILES/data_480411371.root
./INPUTFILES/data_480191231.root
./INPUTFILES/data_480447471.root
./INPUTFILES/data_480194231.root
./INPUTFILES/data_480150191.root
./INPUTFILES/data_480166451.root
./INPUTFILES/data_480166061.root
./INPUTFILES/data_480166521.root
./INPUTFILES/data_480184721.root
./INPUTFILES/data_480150591.root
./INPUTFILES/data_480166081.root
./INPUTFILES/data_480447481.root
./INPUTFILES/data_480247521.root
./INPUTFILES/data_480150821.root
./INPUTFILES/data_480198841.root
./INPUTFILES/data_480420191.root
./.output.log
./lib
./lib/my_event.cpp
./lib/MixedBuffer_cpp_ACLiC_dict_rdict.pcm
./lib/CenMaker_cpp.so
./lib/my_particle_cpp.so
./lib/my_particle.cpp
./lib/my_event.h
./lib/NpartNormalizer_cpp.d
./lib/NpartNormalizer_cpp_ACLiC_dict_rdict.pcm
./lib/my_particle_cpp.d
./lib/CenMaker_cpp_ACLiC_dict_rdict.pcm
./lib/NpartNormalizer.cpp
./lib/MixedBuffer.h
./lib/CenMaker_cpp.d
./lib/my_event_cpp_ACLiC_dict_rdict.pcm
./lib/NpartNormalizer_cpp.so
./lib/NpartNormalizer.h
./lib/MixedBuffer_cpp.so
./lib/CenMaker.cpp
./lib/my_particle.h
./lib/MixedBuffer_cpp.d
./lib/my_particle_cpp_ACLiC_dict_rdict.pcm
./lib/CenMaker.h
./lib/my_event_cpp.d
./lib/MixedBuffer.cpp
./lib/my_event_cpp.so
./.sandboxFiles
./.errror.log
./check_S.C
./Check_Sness.C
++++++++++++++++INPUTFILE Var++++++++++++++++++
FILELIST=/tmp/maxwoo/21EF1A6A9139C9FD2A38E59AFB466F9A_1402/INPUTFILES/21EF1A6A9139C9FD2A38E59AFB466F9A_1402.local.list
INPUTFILECOUNT=37
INPUTFILE0=/tmp/maxwoo/21EF1A6A9139C9FD2A38E59AFB466F9A_1402/INPUTFILES/data_480149721.root
INPUTFILE1=/tmp/maxwoo/21EF1A6A9139C9FD2A38E59AFB466F9A_1402/INPUTFILES/data_480149951.root
INPUTFILE2=/tmp/maxwoo/21EF1A6A9139C9FD2A38E59AFB466F9A_1402/INPUTFILES/data_480150191.root
INPUTFILE3=/tmp/maxwoo/21EF1A6A9139C9FD2A38E59AFB466F9A_1402/INPUTFILES/data_480150421.root
INPUTFILE4=/tmp/maxwoo/21EF1A6A9139C9FD2A38E59AFB466F9A_1402/INPUTFILES/data_480150591.root
INPUTFILE5=/tmp/maxwoo/21EF1A6A9139C9FD2A38E59AFB466F9A_1402/INPUTFILES/data_480150821.root
INPUTFILE6=/tmp/maxwoo/21EF1A6A9139C9FD2A38E59AFB466F9A_1402/INPUTFILES/data_480156321.root
INPUTFILE7=/tmp/maxwoo/21EF1A6A9139C9FD2A38E59AFB466F9A_1402/INPUTFILES/data_480162031.root
INPUTFILE8=/tmp/maxwoo/21EF1A6A9139C9FD2A38E59AFB466F9A_1402/INPUTFILES/data_480165881.root
INPUTFILE9=/tmp/maxwoo/21EF1A6A9139C9FD2A38E59AFB466F9A_1402/INPUTFILES/data_480165981.root
INPUTFILE10=/tmp/maxwoo/21EF1A6A9139C9FD2A38E59AFB466F9A_1402/INPUTFILES/data_480166061.root
INPUTFILE11=/tmp/maxwoo/21EF1A6A9139C9FD2A38E59AFB466F9A_1402/INPUTFILES/data_480166081.root
INPUTFILE12=/tmp/maxwoo/21EF1A6A9139C9FD2A38E59AFB466F9A_1402/INPUTFILES/data_480166191.root
INPUTFILE13=/tmp/maxwoo/21EF1A6A9139C9FD2A38E59AFB466F9A_1402/INPUTFILES/data_480166241.root
INPUTFILE14=/tmp/maxwoo/21EF1A6A9139C9FD2A38E59AFB466F9A_1402/INPUTFILES/data_480166281.root
INPUTFILE15=/tmp/maxwoo/21EF1A6A9139C9FD2A38E59AFB466F9A_1402/INPUTFILES/data_480166451.root
INPUTFILE16=/tmp/maxwoo/21EF1A6A9139C9FD2A38E59AFB466F9A_1402/INPUTFILES/data_480166481.root
INPUTFILE17=/tmp/maxwoo/21EF1A6A9139C9FD2A38E59AFB466F9A_1402/INPUTFILES/data_480166521.root
INPUTFILE18=/tmp/maxwoo/21EF1A6A9139C9FD2A38E59AFB466F9A_1402/INPUTFILES/data_480166531.root
INPUTFILE19=/tmp/maxwoo/21EF1A6A9139C9FD2A38E59AFB466F9A_1402/INPUTFILES/data_480166551.root
INPUTFILE20=/tmp/maxwoo/21EF1A6A9139C9FD2A38E59AFB466F9A_1402/INPUTFILES/data_480181011.root
INPUTFILE21=/tmp/maxwoo/21EF1A6A9139C9FD2A38E59AFB466F9A_1402/INPUTFILES/data_480184721.root
INPUTFILE22=/tmp/maxwoo/21EF1A6A9139C9FD2A38E59AFB466F9A_1402/INPUTFILES/data_480191231.root
INPUTFILE23=/tmp/maxwoo/21EF1A6A9139C9FD2A38E59AFB466F9A_1402/INPUTFILES/data_480192851.root
INPUTFILE24=/tmp/maxwoo/21EF1A6A9139C9FD2A38E59AFB466F9A_1402/INPUTFILES/data_480194231.root
INPUTFILE25=/tmp/maxwoo/21EF1A6A9139C9FD2A38E59AFB466F9A_1402/INPUTFILES/data_480198711.root
INPUTFILE26=/tmp/maxwoo/21EF1A6A9139C9FD2A38E59AFB466F9A_1402/INPUTFILES/data_480198841.root
INPUTFILE27=/tmp/maxwoo/21EF1A6A9139C9FD2A38E59AFB466F9A_1402/INPUTFILES/data_480211121.root
INPUTFILE28=/tmp/maxwoo/21EF1A6A9139C9FD2A38E59AFB466F9A_1402/INPUTFILES/data_480220221.root
INPUTFILE29=/tmp/maxwoo/21EF1A6A9139C9FD2A38E59AFB466F9A_1402/INPUTFILES/data_480247521.root
INPUTFILE30=/tmp/maxwoo/21EF1A6A9139C9FD2A38E59AFB466F9A_1402/INPUTFILES/data_480347501.root
INPUTFILE31=/tmp/maxwoo/21EF1A6A9139C9FD2A38E59AFB466F9A_1402/INPUTFILES/data_480347511.root
INPUTFILE32=/tmp/maxwoo/21EF1A6A9139C9FD2A38E59AFB466F9A_1402/INPUTFILES/data_480411371.root
INPUTFILE33=/tmp/maxwoo/21EF1A6A9139C9FD2A38E59AFB466F9A_1402/INPUTFILES/data_480411931.root
INPUTFILE34=/tmp/maxwoo/21EF1A6A9139C9FD2A38E59AFB466F9A_1402/INPUTFILES/data_480420191.root
INPUTFILE35=/tmp/maxwoo/21EF1A6A9139C9FD2A38E59AFB466F9A_1402/INPUTFILES/data_480447471.root
INPUTFILE36=/tmp/maxwoo/21EF1A6A9139C9FD2A38E59AFB466F9A_1402/INPUTFILES/data_480447481.root
LocalInputFileDir=/tmp/maxwoo/21EF1A6A9139C9FD2A38E59AFB466F9A_1402/INPUTFILES
NewFILELIST=/tmp/maxwoo/21EF1A6A9139C9FD2A38E59AFB466F9A_1402/INPUTFILES/21EF1A6A9139C9FD2A38E59AFB466F9A_1402.local.list
+++++++++++++++++++++++++++++++++++++++++++++++
--------------------------------
Simple Unified Meta Scheduler 1.10.50 we are starting in $SCRATCH : /home/tmp/maxwoo/21EF1A6A9139C9FD2A38E59AFB466F9A_1402
--------------------------------
total 16
lrwxrwxrwx 1 maxwoo rhstar   61 Jun  2 11:17 check_S.C -> /gpfs/mnt/gpfs01/star/pwg/xiatong/git/strangeness/./check_S.C
lrwxrwxrwx 1 maxwoo rhstar   65 Jun  2 11:17 Check_Sness.C -> /gpfs/mnt/gpfs01/star/pwg/xiatong/git/strangeness/./Check_Sness.C
drwxr-xr-x 2 maxwoo rhstar 4096 Jun  2 11:21 INPUTFILES
drwxr-xr-x 2 maxwoo rhstar 4096 Jun  2 11:17 lib
  *******************************************
  *                                         *
  *        W E L C O M E  to  R O O T       *
  *                                         *
  *   Version   5.34/38     12 March 2018   *
  *                                         *
  *  You are welcome to visit our Web site  *
  *          http://root.cern.ch            *
  *                                         *
  *******************************************

ROOT 5.34/38 (v5-34-38@v5-34-38, Mar 12 2018, 15:49:39 on linux)

CINT/ROOT C/C++ Interpreter version 5.18.00, July 2, 2010
Type ? for help. Commands must be C++ statements.
Enclose multiple statements between { }.
*** Float Point Exception is OFF ***
 *** Start at Date : Thu Jun  2 11:21:16 2022
QAInfo:You are using STAR_LEVEL : dev, ROOT_LEVEL : 5.34.38 and node : spar0502.usatlas.bnl.gov 

Processing check_S.C++("/tmp/maxwoo/21EF1A6A9139C9FD2A38E59AFB466F9A_1402/INPUTFILES/21EF1A6A9139C9FD2A38E59AFB466F9A_1402.local.list","21EF1A6A9139C9FD2A38E59AFB466F9A_1402",1)...
/tmp/maxwoo/21EF1A6A9139C9FD2A38E59AFB466F9A_1402/INPUTFILES/data_480149721.root 
/tmp/maxwoo/21EF1A6A9139C9FD2A38E59AFB466F9A_1402/INPUTFILES/data_480149951.root 
/tmp/maxwoo/21EF1A6A9139C9FD2A38E59AFB466F9A_1402/INPUTFILES/data_480150191.root 
/tmp/maxwoo/21EF1A6A9139C9FD2A38E59AFB466F9A_1402/INPUTFILES/data_480150421.root 
/tmp/maxwoo/21EF1A6A9139C9FD2A38E59AFB466F9A_1402/INPUTFILES/data_480150591.root 
/tmp/maxwoo/21EF1A6A9139C9FD2A38E59AFB466F9A_1402/INPUTFILES/data_480150821.root 
/tmp/maxwoo/21EF1A6A9139C9FD2A38E59AFB466F9A_1402/INPUTFILES/data_480156321.root 
/tmp/maxwoo/21EF1A6A9139C9FD2A38E59AFB466F9A_1402/INPUTFILES/data_480162031.root 
/tmp/maxwoo/21EF1A6A9139C9FD2A38E59AFB466F9A_1402/INPUTFILES/data_480165881.root 
/tmp/maxwoo/21EF1A6A9139C9FD2A38E59AFB466F9A_1402/INPUTFILES/data_480165981.root 
/tmp/maxwoo/21EF1A6A9139C9FD2A38E59AFB466F9A_1402/INPUTFILES/data_480166061.root 
/tmp/maxwoo/21EF1A6A9139C9FD2A38E59AFB466F9A_1402/INPUTFILES/data_480166081.root 
/tmp/maxwoo/21EF1A6A9139C9FD2A38E59AFB466F9A_1402/INPUTFILES/data_480166191.root 
/tmp/maxwoo/21EF1A6A9139C9FD2A38E59AFB466F9A_1402/INPUTFILES/data_480166241.root 
/tmp/maxwoo/21EF1A6A9139C9FD2A38E59AFB466F9A_1402/INPUTFILES/data_480166281.root 
/tmp/maxwoo/21EF1A6A9139C9FD2A38E59AFB466F9A_1402/INPUTFILES/data_480166451.root 
/tmp/maxwoo/21EF1A6A9139C9FD2A38E59AFB466F9A_1402/INPUTFILES/data_480166481.root 
/tmp/maxwoo/21EF1A6A9139C9FD2A38E59AFB466F9A_1402/INPUTFILES/data_480166521.root 
/tmp/maxwoo/21EF1A6A9139C9FD2A38E59AFB466F9A_1402/INPUTFILES/data_480166531.root 
/tmp/maxwoo/21EF1A6A9139C9FD2A38E59AFB466F9A_1402/INPUTFILES/data_480166551.root 
/tmp/maxwoo/21EF1A6A9139C9FD2A38E59AFB466F9A_1402/INPUTFILES/data_480181011.root 
/tmp/maxwoo/21EF1A6A9139C9FD2A38E59AFB466F9A_1402/INPUTFILES/data_480184721.root 
/tmp/maxwoo/21EF1A6A9139C9FD2A38E59AFB466F9A_1402/INPUTFILES/data_480191231.root 
/tmp/maxwoo/21EF1A6A9139C9FD2A38E59AFB466F9A_1402/INPUTFILES/data_480192851.root 
/tmp/maxwoo/21EF1A6A9139C9FD2A38E59AFB466F9A_1402/INPUTFILES/data_480194231.root 
/tmp/maxwoo/21EF1A6A9139C9FD2A38E59AFB466F9A_1402/INPUTFILES/data_480198711.root 
/tmp/maxwoo/21EF1A6A9139C9FD2A38E59AFB466F9A_1402/INPUTFILES/data_480198841.root 
/tmp/maxwoo/21EF1A6A9139C9FD2A38E59AFB466F9A_1402/INPUTFILES/data_480211121.root 
/tmp/maxwoo/21EF1A6A9139C9FD2A38E59AFB466F9A_1402/INPUTFILES/data_480220221.root 
/tmp/maxwoo/21EF1A6A9139C9FD2A38E59AFB466F9A_1402/INPUTFILES/data_480247521.root 
/tmp/maxwoo/21EF1A6A9139C9FD2A38E59AFB466F9A_1402/INPUTFILES/data_480347501.root 
/tmp/maxwoo/21EF1A6A9139C9FD2A38E59AFB466F9A_1402/INPUTFILES/data_480347511.root 
/tmp/maxwoo/21EF1A6A9139C9FD2A38E59AFB466F9A_1402/INPUTFILES/data_480411371.root 
/tmp/maxwoo/21EF1A6A9139C9FD2A38E59AFB466F9A_1402/INPUTFILES/data_480411931.root 
/tmp/maxwoo/21EF1A6A9139C9FD2A38E59AFB466F9A_1402/INPUTFILES/data_480420191.root 
/tmp/maxwoo/21EF1A6A9139C9FD2A38E59AFB466F9A_1402/INPUTFILES/data_480447471.root 
/tmp/maxwoo/21EF1A6A9139C9FD2A38E59AFB466F9A_1402/INPUTFILES/data_480447481.root 
Added 37 files
# entries in chain: 36674
Processing entry == 1000 == out of 36674.
Processing entry == 2000 == out of 36674.
Processing entry == 3000 == out of 36674.
Processing entry == 4000 == out of 36674.
Processing entry == 5000 == out of 36674.
Processing entry == 6000 == out of 36674.
Processing entry == 7000 == out of 36674.
Processing entry == 8000 == out of 36674.
Processing entry == 9000 == out of 36674.
Processing entry == 10000 == out of 36674.
Processing entry == 11000 == out of 36674.
Processing entry == 12000 == out of 36674.
Processing entry == 13000 == out of 36674.
Processing entry == 14000 == out of 36674.
Processing entry == 15000 == out of 36674.
Processing entry == 16000 == out of 36674.
Processing entry == 17000 == out of 36674.
Processing entry == 18000 == out of 36674.
Processing entry == 19000 == out of 36674.
Processing entry == 20000 == out of 36674.
Processing entry == 21000 == out of 36674.
Processing entry == 22000 == out of 36674.
Processing entry == 23000 == out of 36674.
Processing entry == 24000 == out of 36674.
Processing entry == 25000 == out of 36674.
Processing entry == 26000 == out of 36674.
Processing entry == 27000 == out of 36674.
Processing entry == 28000 == out of 36674.
Processing entry == 29000 == out of 36674.
Processing entry == 30000 == out of 36674.
Processing entry == 31000 == out of 36674.
Processing entry == 32000 == out of 36674.
Processing entry == 33000 == out of 36674.
Processing entry == 34000 == out of 36674.
Processing entry == 35000 == out of 36674.
Processing entry == 36000 == out of 36674.

This is the end of ROOT -- Goodbye

Cleaning up sandbox file:  /tmp/maxwoo/21EF1A6A9139C9FD2A38E59AFB466F9A_1402/check_S.C
Cleaning up sandbox file:  /tmp/maxwoo/21EF1A6A9139C9FD2A38E59AFB466F9A_1402/Check_Sness.C
Cleaning up sandbox file:  /tmp/maxwoo/21EF1A6A9139C9FD2A38E59AFB466F9A_1402/lib
Cleaning up sandbox file:  /tmp/maxwoo/21EF1A6A9139C9FD2A38E59AFB466F9A_1402/.sandboxFiles
Starting copy block
Running copy command:  /bin/cp -fp /tmp/maxwoo/21EF1A6A9139C9FD2A38E59AFB466F9A_1402/out_21EF1A6A9139C9FD2A38E59AFB466F9A_1402.root /star/data01/pwg/xiatong/git/strangeness/data/
4543 Execution of (/star/data01/pwg/xiatong/git/strangeness/script/sched21EF1A6A9139C9FD2A38E59AFB466F9A_1402.csh ) has ended, exiting normally
4543 We END on [Thu Jun  2 11:42:34 EDT 2022]
