We are starting on node: spool0239.sdcc.bnl.gov
HOME is not defined
Using getent method
HOME is now /star/u/maxwoo
13630 We will spawn ourselves (/star/data01/pwg/xiatong/git/strangeness/script/sched21EF1A6A9139C9FD2A38E59AFB466F9A_2058.csh )
13630 We BEGIN on [Thu Jun  2 11:01:10 EDT 2022]
[1] 13977
13630 We are waiting for 13977 
13630 Grandchild PID is 14326 - found in 10 x 1 seconds
13630 Establishing first watcher   on    Thu Jun  2 11:01:21 EDT 2022
13630 Process tree is 13630 (main) -> 13977 (child) -> 14326 (grandchild)
F S   UID   PID  PPID  C PRI  NI ADDR SZ WCHAN  TTY        TIME CMD
0 D 100667 14326 13977  0 80   0 - 32311 cxiWai ?          0:00 cp /star/data01/pwg/xiatong/AMPT/14GeV/data_948478241.root /tmp/maxwoo/21EF1A6A9139C9FD2A38E59AFB466F9A_2058/INPUTFILES/data_948478241.root
13630 Grandchild PID is 16563 - found in 30 x 2 seconds
13630 Grandchild to watch has changed on Thu Jun  2 11:02:03 EDT 2022
13630 Process tree is 13630 (main) -> 13977 (child) -> 16563 (grandchild)
F S   UID   PID  PPID  C PRI  NI ADDR SZ WCHAN  TTY        TIME CMD
0 D 100667 16563 13977  0 80   0 - 32311 cxiWai ?          0:00 cp /star/data01/pwg/xiatong/AMPT/14GeV/data_948678181.root /tmp/maxwoo/21EF1A6A9139C9FD2A38E59AFB466F9A_2058/INPUTFILES/data_948678181.root
13630 Grandchild PID is 18389 - found in 50 x 2 seconds
13630 Grandchild to watch has changed on Thu Jun  2 11:02:44 EDT 2022
13630 Process tree is 13630 (main) -> 13977 (child) -> 18389 (grandchild)
F S   UID   PID  PPID  C PRI  NI ADDR SZ WCHAN  TTY        TIME CMD
0 D 100667 18389 13977  0 80   0 - 32311 cxiWai ?          0:00 cp /star/data01/pwg/xiatong/AMPT/14GeV/data_949123081.root /tmp/maxwoo/21EF1A6A9139C9FD2A38E59AFB466F9A_2058/INPUTFILES/data_949123081.root
13630 Grandchild PID is 19077 - found in 60 x 2 seconds
13630 Grandchild to watch has changed on Thu Jun  2 11:03:05 EDT 2022
13630 Process tree is 13630 (main) -> 13977 (child) -> 19077 (grandchild)
F S   UID   PID  PPID  C PRI  NI ADDR SZ WCHAN  TTY        TIME CMD
0 D 100667 19077 13977  0 80   0 - 32311 cxiWai ?          0:00 cp /star/data01/pwg/xiatong/AMPT/14GeV/data_949177991.root /tmp/maxwoo/21EF1A6A9139C9FD2A38E59AFB466F9A_2058/INPUTFILES/data_949177991.root
13630 Grandchild PID is 19942 - found in 70 x 2 seconds
13630 Grandchild to watch has changed on Thu Jun  2 11:03:26 EDT 2022
13630 Process tree is 13630 (main) -> 13977 (child) -> 19942 (grandchild)
F S   UID   PID  PPID  C PRI  NI ADDR SZ WCHAN  TTY        TIME CMD
0 D 100667 19942 13977  0 80   0 - 32311 cxiWai ?          0:00 cp /star/data01/pwg/xiatong/AMPT/14GeV/data_949189021.root /tmp/maxwoo/21EF1A6A9139C9FD2A38E59AFB466F9A_2058/INPUTFILES/data_949189021.root
13630 Grandchild PID is 21801 - found in 80 x 2 seconds
13630 Grandchild to watch has changed on Thu Jun  2 11:03:46 EDT 2022
13630 Process tree is 13630 (main) -> 13977 (child) -> 21801 (grandchild)
F S   UID   PID  PPID  C PRI  NI ADDR SZ WCHAN  TTY        TIME CMD
0 D 100667 21801 13977  0 80   0 - 32311 cxiWai ?          0:00 cp /star/data01/pwg/xiatong/AMPT/14GeV/data_949199511.root /tmp/maxwoo/21EF1A6A9139C9FD2A38E59AFB466F9A_2058/INPUTFILES/data_949199511.root
13630 Grandchild PID is 22640 - found in 90 x 2 seconds
13630 Grandchild to watch has changed on Thu Jun  2 11:04:07 EDT 2022
13630 Process tree is 13630 (main) -> 13977 (child) -> 22640 (grandchild)
F S   UID   PID  PPID  C PRI  NI ADDR SZ WCHAN  TTY        TIME CMD
0 S 100667 22640 13977  0 80   0 -  1272 do_wai ?          0:00 root -b -q check_S.C++("/tmp/maxwoo/21EF1A6A9139C9FD2A38E59AFB466F9A_2058/INPUTFILES/21EF1A6A9139C9FD2A38E59AFB466F9A_2058.local.list","21EF1A6A9139C9FD2A38E59AFB466F9A_2058",1)
13977 Stepping into the main SUMS wrapper program with []
.... building sandbox
Running: cp /star/data01/pwg/xiatong/AMPT/14GeV/data_948478241.root /tmp/maxwoo/21EF1A6A9139C9FD2A38E59AFB466F9A_2058/INPUTFILES/data_948478241.root
Running: cp /star/data01/pwg/xiatong/AMPT/14GeV/data_948478251.root /tmp/maxwoo/21EF1A6A9139C9FD2A38E59AFB466F9A_2058/INPUTFILES/data_948478251.root
Running: cp /star/data01/pwg/xiatong/AMPT/14GeV/data_948578201.root /tmp/maxwoo/21EF1A6A9139C9FD2A38E59AFB466F9A_2058/INPUTFILES/data_948578201.root
Running: cp /star/data01/pwg/xiatong/AMPT/14GeV/data_948578221.root /tmp/maxwoo/21EF1A6A9139C9FD2A38E59AFB466F9A_2058/INPUTFILES/data_948578221.root
Running: cp /star/data01/pwg/xiatong/AMPT/14GeV/data_948578261.root /tmp/maxwoo/21EF1A6A9139C9FD2A38E59AFB466F9A_2058/INPUTFILES/data_948578261.root
Running: cp /star/data01/pwg/xiatong/AMPT/14GeV/data_948678141.root /tmp/maxwoo/21EF1A6A9139C9FD2A38E59AFB466F9A_2058/INPUTFILES/data_948678141.root
Running: cp /star/data01/pwg/xiatong/AMPT/14GeV/data_948678161.root /tmp/maxwoo/21EF1A6A9139C9FD2A38E59AFB466F9A_2058/INPUTFILES/data_948678161.root
Running: cp /star/data01/pwg/xiatong/AMPT/14GeV/data_948678171.root /tmp/maxwoo/21EF1A6A9139C9FD2A38E59AFB466F9A_2058/INPUTFILES/data_948678171.root
Running: cp /star/data01/pwg/xiatong/AMPT/14GeV/data_948678181.root /tmp/maxwoo/21EF1A6A9139C9FD2A38E59AFB466F9A_2058/INPUTFILES/data_948678181.root
Running: cp /star/data01/pwg/xiatong/AMPT/14GeV/data_948778151.root /tmp/maxwoo/21EF1A6A9139C9FD2A38E59AFB466F9A_2058/INPUTFILES/data_948778151.root
Running: cp /star/data01/pwg/xiatong/AMPT/14GeV/data_948878101.root /tmp/maxwoo/21EF1A6A9139C9FD2A38E59AFB466F9A_2058/INPUTFILES/data_948878101.root
Running: cp /star/data01/pwg/xiatong/AMPT/14GeV/data_948878111.root /tmp/maxwoo/21EF1A6A9139C9FD2A38E59AFB466F9A_2058/INPUTFILES/data_948878111.root
Running: cp /star/data01/pwg/xiatong/AMPT/14GeV/data_948878121.root /tmp/maxwoo/21EF1A6A9139C9FD2A38E59AFB466F9A_2058/INPUTFILES/data_948878121.root
Running: cp /star/data01/pwg/xiatong/AMPT/14GeV/data_948878131.root /tmp/maxwoo/21EF1A6A9139C9FD2A38E59AFB466F9A_2058/INPUTFILES/data_948878131.root
Running: cp /star/data01/pwg/xiatong/AMPT/14GeV/data_948978071.root /tmp/maxwoo/21EF1A6A9139C9FD2A38E59AFB466F9A_2058/INPUTFILES/data_948978071.root
Running: cp /star/data01/pwg/xiatong/AMPT/14GeV/data_948978091.root /tmp/maxwoo/21EF1A6A9139C9FD2A38E59AFB466F9A_2058/INPUTFILES/data_948978091.root
Running: cp /star/data01/pwg/xiatong/AMPT/14GeV/data_949078081.root /tmp/maxwoo/21EF1A6A9139C9FD2A38E59AFB466F9A_2058/INPUTFILES/data_949078081.root
Running: cp /star/data01/pwg/xiatong/AMPT/14GeV/data_949101921.root /tmp/maxwoo/21EF1A6A9139C9FD2A38E59AFB466F9A_2058/INPUTFILES/data_949101921.root
Running: cp /star/data01/pwg/xiatong/AMPT/14GeV/data_949105361.root /tmp/maxwoo/21EF1A6A9139C9FD2A38E59AFB466F9A_2058/INPUTFILES/data_949105361.root
Running: cp /star/data01/pwg/xiatong/AMPT/14GeV/data_949123081.root /tmp/maxwoo/21EF1A6A9139C9FD2A38E59AFB466F9A_2058/INPUTFILES/data_949123081.root
Running: cp /star/data01/pwg/xiatong/AMPT/14GeV/data_949123091.root /tmp/maxwoo/21EF1A6A9139C9FD2A38E59AFB466F9A_2058/INPUTFILES/data_949123091.root
Running: cp /star/data01/pwg/xiatong/AMPT/14GeV/data_949123101.root /tmp/maxwoo/21EF1A6A9139C9FD2A38E59AFB466F9A_2058/INPUTFILES/data_949123101.root
Running: cp /star/data01/pwg/xiatong/AMPT/14GeV/data_949130341.root /tmp/maxwoo/21EF1A6A9139C9FD2A38E59AFB466F9A_2058/INPUTFILES/data_949130341.root
Running: cp /star/data01/pwg/xiatong/AMPT/14GeV/data_949131221.root /tmp/maxwoo/21EF1A6A9139C9FD2A38E59AFB466F9A_2058/INPUTFILES/data_949131221.root
Running: cp /star/data01/pwg/xiatong/AMPT/14GeV/data_949177991.root /tmp/maxwoo/21EF1A6A9139C9FD2A38E59AFB466F9A_2058/INPUTFILES/data_949177991.root
Running: cp /star/data01/pwg/xiatong/AMPT/14GeV/data_949189021.root /tmp/maxwoo/21EF1A6A9139C9FD2A38E59AFB466F9A_2058/INPUTFILES/data_949189021.root
Running: cp /star/data01/pwg/xiatong/AMPT/14GeV/data_949189031.root /tmp/maxwoo/21EF1A6A9139C9FD2A38E59AFB466F9A_2058/INPUTFILES/data_949189031.root
Running: cp /star/data01/pwg/xiatong/AMPT/14GeV/data_949189071.root /tmp/maxwoo/21EF1A6A9139C9FD2A38E59AFB466F9A_2058/INPUTFILES/data_949189071.root
Running: cp /star/data01/pwg/xiatong/AMPT/14GeV/data_949189091.root /tmp/maxwoo/21EF1A6A9139C9FD2A38E59AFB466F9A_2058/INPUTFILES/data_949189091.root
Running: cp /star/data01/pwg/xiatong/AMPT/14GeV/data_949189101.root /tmp/maxwoo/21EF1A6A9139C9FD2A38E59AFB466F9A_2058/INPUTFILES/data_949189101.root
Running: cp /star/data01/pwg/xiatong/AMPT/14GeV/data_949197631.root /tmp/maxwoo/21EF1A6A9139C9FD2A38E59AFB466F9A_2058/INPUTFILES/data_949197631.root
Running: cp /star/data01/pwg/xiatong/AMPT/14GeV/data_949198861.root /tmp/maxwoo/21EF1A6A9139C9FD2A38E59AFB466F9A_2058/INPUTFILES/data_949198861.root
Running: cp /star/data01/pwg/xiatong/AMPT/14GeV/data_949199511.root /tmp/maxwoo/21EF1A6A9139C9FD2A38E59AFB466F9A_2058/INPUTFILES/data_949199511.root
Running: cp /star/data01/pwg/xiatong/AMPT/14GeV/data_949278051.root /tmp/maxwoo/21EF1A6A9139C9FD2A38E59AFB466F9A_2058/INPUTFILES/data_949278051.root
Running: cp /star/data01/pwg/xiatong/AMPT/14GeV/data_949378031.root /tmp/maxwoo/21EF1A6A9139C9FD2A38E59AFB466F9A_2058/INPUTFILES/data_949378031.root
Running: cp /star/data01/pwg/xiatong/AMPT/14GeV/data_949378041.root /tmp/maxwoo/21EF1A6A9139C9FD2A38E59AFB466F9A_2058/INPUTFILES/data_949378041.root
Running: cp /star/data01/pwg/xiatong/AMPT/14GeV/data_949478021.root /tmp/maxwoo/21EF1A6A9139C9FD2A38E59AFB466F9A_2058/INPUTFILES/data_949478021.root
Swapping $FILELIST with: /tmp/maxwoo/21EF1A6A9139C9FD2A38E59AFB466F9A_2058/INPUTFILES/21EF1A6A9139C9FD2A38E59AFB466F9A_2058.local.list
+++++++++++local copy debug++++++++++++++++++++
newFileList: /tmp/maxwoo/21EF1A6A9139C9FD2A38E59AFB466F9A_2058/INPUTFILES/21EF1A6A9139C9FD2A38E59AFB466F9A_2058.local.list
++++++++++++++++cat FILELIST+++++++++++++++++++
/tmp/maxwoo/21EF1A6A9139C9FD2A38E59AFB466F9A_2058/INPUTFILES/data_948478241.root 
/tmp/maxwoo/21EF1A6A9139C9FD2A38E59AFB466F9A_2058/INPUTFILES/data_948478251.root 
/tmp/maxwoo/21EF1A6A9139C9FD2A38E59AFB466F9A_2058/INPUTFILES/data_948578201.root 
/tmp/maxwoo/21EF1A6A9139C9FD2A38E59AFB466F9A_2058/INPUTFILES/data_948578221.root 
/tmp/maxwoo/21EF1A6A9139C9FD2A38E59AFB466F9A_2058/INPUTFILES/data_948578261.root 
/tmp/maxwoo/21EF1A6A9139C9FD2A38E59AFB466F9A_2058/INPUTFILES/data_948678141.root 
/tmp/maxwoo/21EF1A6A9139C9FD2A38E59AFB466F9A_2058/INPUTFILES/data_948678161.root 
/tmp/maxwoo/21EF1A6A9139C9FD2A38E59AFB466F9A_2058/INPUTFILES/data_948678171.root 
/tmp/maxwoo/21EF1A6A9139C9FD2A38E59AFB466F9A_2058/INPUTFILES/data_948678181.root 
/tmp/maxwoo/21EF1A6A9139C9FD2A38E59AFB466F9A_2058/INPUTFILES/data_948778151.root 
/tmp/maxwoo/21EF1A6A9139C9FD2A38E59AFB466F9A_2058/INPUTFILES/data_948878101.root 
/tmp/maxwoo/21EF1A6A9139C9FD2A38E59AFB466F9A_2058/INPUTFILES/data_948878111.root 
/tmp/maxwoo/21EF1A6A9139C9FD2A38E59AFB466F9A_2058/INPUTFILES/data_948878121.root 
/tmp/maxwoo/21EF1A6A9139C9FD2A38E59AFB466F9A_2058/INPUTFILES/data_948878131.root 
/tmp/maxwoo/21EF1A6A9139C9FD2A38E59AFB466F9A_2058/INPUTFILES/data_948978071.root 
/tmp/maxwoo/21EF1A6A9139C9FD2A38E59AFB466F9A_2058/INPUTFILES/data_948978091.root 
/tmp/maxwoo/21EF1A6A9139C9FD2A38E59AFB466F9A_2058/INPUTFILES/data_949078081.root 
/tmp/maxwoo/21EF1A6A9139C9FD2A38E59AFB466F9A_2058/INPUTFILES/data_949101921.root 
/tmp/maxwoo/21EF1A6A9139C9FD2A38E59AFB466F9A_2058/INPUTFILES/data_949105361.root 
/tmp/maxwoo/21EF1A6A9139C9FD2A38E59AFB466F9A_2058/INPUTFILES/data_949123081.root 
/tmp/maxwoo/21EF1A6A9139C9FD2A38E59AFB466F9A_2058/INPUTFILES/data_949123091.root 
/tmp/maxwoo/21EF1A6A9139C9FD2A38E59AFB466F9A_2058/INPUTFILES/data_949123101.root 
/tmp/maxwoo/21EF1A6A9139C9FD2A38E59AFB466F9A_2058/INPUTFILES/data_949130341.root 
/tmp/maxwoo/21EF1A6A9139C9FD2A38E59AFB466F9A_2058/INPUTFILES/data_949131221.root 
/tmp/maxwoo/21EF1A6A9139C9FD2A38E59AFB466F9A_2058/INPUTFILES/data_949177991.root 
/tmp/maxwoo/21EF1A6A9139C9FD2A38E59AFB466F9A_2058/INPUTFILES/data_949189021.root 
/tmp/maxwoo/21EF1A6A9139C9FD2A38E59AFB466F9A_2058/INPUTFILES/data_949189031.root 
/tmp/maxwoo/21EF1A6A9139C9FD2A38E59AFB466F9A_2058/INPUTFILES/data_949189071.root 
/tmp/maxwoo/21EF1A6A9139C9FD2A38E59AFB466F9A_2058/INPUTFILES/data_949189091.root 
/tmp/maxwoo/21EF1A6A9139C9FD2A38E59AFB466F9A_2058/INPUTFILES/data_949189101.root 
/tmp/maxwoo/21EF1A6A9139C9FD2A38E59AFB466F9A_2058/INPUTFILES/data_949197631.root 
/tmp/maxwoo/21EF1A6A9139C9FD2A38E59AFB466F9A_2058/INPUTFILES/data_949198861.root 
/tmp/maxwoo/21EF1A6A9139C9FD2A38E59AFB466F9A_2058/INPUTFILES/data_949199511.root 
/tmp/maxwoo/21EF1A6A9139C9FD2A38E59AFB466F9A_2058/INPUTFILES/data_949278051.root 
/tmp/maxwoo/21EF1A6A9139C9FD2A38E59AFB466F9A_2058/INPUTFILES/data_949378031.root 
/tmp/maxwoo/21EF1A6A9139C9FD2A38E59AFB466F9A_2058/INPUTFILES/data_949378041.root 
/tmp/maxwoo/21EF1A6A9139C9FD2A38E59AFB466F9A_2058/INPUTFILES/data_949478021.root 
++++++++++++++++++++find.++++++++++++++++++++++
.
./.output.log
./.sandboxFiles
./lib
./lib/NpartNormalizer_cpp.d
./lib/my_event.cpp
./lib/MixedBuffer.cpp
./lib/CenMaker.h
./lib/my_particle_cpp_ACLiC_dict_rdict.pcm
./lib/MixedBuffer.h
./lib/my_event_cpp_ACLiC_dict_rdict.pcm
./lib/NpartNormalizer_cpp.so
./lib/NpartNormalizer.h
./lib/my_particle.h
./lib/my_particle_cpp.d
./lib/MixedBuffer_cpp.so
./lib/my_particle_cpp.so
./lib/MixedBuffer_cpp_ACLiC_dict_rdict.pcm
./lib/CenMaker_cpp.so
./lib/my_event_cpp.so
./lib/my_event.h
./lib/NpartNormalizer_cpp_ACLiC_dict_rdict.pcm
./lib/my_event_cpp.d
./lib/CenMaker_cpp.d
./lib/MixedBuffer_cpp.d
./lib/CenMaker_cpp_ACLiC_dict_rdict.pcm
./lib/NpartNormalizer.cpp
./lib/my_particle.cpp
./lib/CenMaker.cpp
./check_S.C
./Check_Sness.C
./INPUTFILES
./INPUTFILES/data_948578261.root
./INPUTFILES/data_949199511.root
./INPUTFILES/data_949478021.root
./INPUTFILES/data_949278051.root
./INPUTFILES/data_949130341.root
./INPUTFILES/data_949078081.root
./INPUTFILES/data_948878121.root
./INPUTFILES/data_949189091.root
./INPUTFILES/data_949189031.root
./INPUTFILES/data_948878101.root
./INPUTFILES/data_948678141.root
./INPUTFILES/data_949189071.root
./INPUTFILES/data_948478251.root
./INPUTFILES/21EF1A6A9139C9FD2A38E59AFB466F9A_2058.local.list
./INPUTFILES/data_948878111.root
./INPUTFILES/data_948878131.root
./INPUTFILES/data_949101921.root
./INPUTFILES/data_949198861.root
./INPUTFILES/data_948678171.root
./INPUTFILES/data_948778151.root
./INPUTFILES/data_949378041.root
./INPUTFILES/data_948678161.root
./INPUTFILES/data_948578201.root
./INPUTFILES/data_949131221.root
./INPUTFILES/data_949197631.root
./INPUTFILES/data_949123091.root
./INPUTFILES/data_948478241.root
./INPUTFILES/data_948978091.root
./INPUTFILES/data_949189021.root
./INPUTFILES/data_949123101.root
./INPUTFILES/data_949177991.root
./INPUTFILES/data_948978071.root
./INPUTFILES/data_949378031.root
./INPUTFILES/data_948678181.root
./INPUTFILES/data_949105361.root
./INPUTFILES/data_949189101.root
./INPUTFILES/data_948578221.root
./INPUTFILES/data_949123081.root
./.errror.log
++++++++++++++++INPUTFILE Var++++++++++++++++++
FILELIST=/tmp/maxwoo/21EF1A6A9139C9FD2A38E59AFB466F9A_2058/INPUTFILES/21EF1A6A9139C9FD2A38E59AFB466F9A_2058.local.list
INPUTFILECOUNT=37
INPUTFILE0=/tmp/maxwoo/21EF1A6A9139C9FD2A38E59AFB466F9A_2058/INPUTFILES/data_948478241.root
INPUTFILE1=/tmp/maxwoo/21EF1A6A9139C9FD2A38E59AFB466F9A_2058/INPUTFILES/data_948478251.root
INPUTFILE2=/tmp/maxwoo/21EF1A6A9139C9FD2A38E59AFB466F9A_2058/INPUTFILES/data_948578201.root
INPUTFILE3=/tmp/maxwoo/21EF1A6A9139C9FD2A38E59AFB466F9A_2058/INPUTFILES/data_948578221.root
INPUTFILE4=/tmp/maxwoo/21EF1A6A9139C9FD2A38E59AFB466F9A_2058/INPUTFILES/data_948578261.root
INPUTFILE5=/tmp/maxwoo/21EF1A6A9139C9FD2A38E59AFB466F9A_2058/INPUTFILES/data_948678141.root
INPUTFILE6=/tmp/maxwoo/21EF1A6A9139C9FD2A38E59AFB466F9A_2058/INPUTFILES/data_948678161.root
INPUTFILE7=/tmp/maxwoo/21EF1A6A9139C9FD2A38E59AFB466F9A_2058/INPUTFILES/data_948678171.root
INPUTFILE8=/tmp/maxwoo/21EF1A6A9139C9FD2A38E59AFB466F9A_2058/INPUTFILES/data_948678181.root
INPUTFILE9=/tmp/maxwoo/21EF1A6A9139C9FD2A38E59AFB466F9A_2058/INPUTFILES/data_948778151.root
INPUTFILE10=/tmp/maxwoo/21EF1A6A9139C9FD2A38E59AFB466F9A_2058/INPUTFILES/data_948878101.root
INPUTFILE11=/tmp/maxwoo/21EF1A6A9139C9FD2A38E59AFB466F9A_2058/INPUTFILES/data_948878111.root
INPUTFILE12=/tmp/maxwoo/21EF1A6A9139C9FD2A38E59AFB466F9A_2058/INPUTFILES/data_948878121.root
INPUTFILE13=/tmp/maxwoo/21EF1A6A9139C9FD2A38E59AFB466F9A_2058/INPUTFILES/data_948878131.root
INPUTFILE14=/tmp/maxwoo/21EF1A6A9139C9FD2A38E59AFB466F9A_2058/INPUTFILES/data_948978071.root
INPUTFILE15=/tmp/maxwoo/21EF1A6A9139C9FD2A38E59AFB466F9A_2058/INPUTFILES/data_948978091.root
INPUTFILE16=/tmp/maxwoo/21EF1A6A9139C9FD2A38E59AFB466F9A_2058/INPUTFILES/data_949078081.root
INPUTFILE17=/tmp/maxwoo/21EF1A6A9139C9FD2A38E59AFB466F9A_2058/INPUTFILES/data_949101921.root
INPUTFILE18=/tmp/maxwoo/21EF1A6A9139C9FD2A38E59AFB466F9A_2058/INPUTFILES/data_949105361.root
INPUTFILE19=/tmp/maxwoo/21EF1A6A9139C9FD2A38E59AFB466F9A_2058/INPUTFILES/data_949123081.root
INPUTFILE20=/tmp/maxwoo/21EF1A6A9139C9FD2A38E59AFB466F9A_2058/INPUTFILES/data_949123091.root
INPUTFILE21=/tmp/maxwoo/21EF1A6A9139C9FD2A38E59AFB466F9A_2058/INPUTFILES/data_949123101.root
INPUTFILE22=/tmp/maxwoo/21EF1A6A9139C9FD2A38E59AFB466F9A_2058/INPUTFILES/data_949130341.root
INPUTFILE23=/tmp/maxwoo/21EF1A6A9139C9FD2A38E59AFB466F9A_2058/INPUTFILES/data_949131221.root
INPUTFILE24=/tmp/maxwoo/21EF1A6A9139C9FD2A38E59AFB466F9A_2058/INPUTFILES/data_949177991.root
INPUTFILE25=/tmp/maxwoo/21EF1A6A9139C9FD2A38E59AFB466F9A_2058/INPUTFILES/data_949189021.root
INPUTFILE26=/tmp/maxwoo/21EF1A6A9139C9FD2A38E59AFB466F9A_2058/INPUTFILES/data_949189031.root
INPUTFILE27=/tmp/maxwoo/21EF1A6A9139C9FD2A38E59AFB466F9A_2058/INPUTFILES/data_949189071.root
INPUTFILE28=/tmp/maxwoo/21EF1A6A9139C9FD2A38E59AFB466F9A_2058/INPUTFILES/data_949189091.root
INPUTFILE29=/tmp/maxwoo/21EF1A6A9139C9FD2A38E59AFB466F9A_2058/INPUTFILES/data_949189101.root
INPUTFILE30=/tmp/maxwoo/21EF1A6A9139C9FD2A38E59AFB466F9A_2058/INPUTFILES/data_949197631.root
INPUTFILE31=/tmp/maxwoo/21EF1A6A9139C9FD2A38E59AFB466F9A_2058/INPUTFILES/data_949198861.root
INPUTFILE32=/tmp/maxwoo/21EF1A6A9139C9FD2A38E59AFB466F9A_2058/INPUTFILES/data_949199511.root
INPUTFILE33=/tmp/maxwoo/21EF1A6A9139C9FD2A38E59AFB466F9A_2058/INPUTFILES/data_949278051.root
INPUTFILE34=/tmp/maxwoo/21EF1A6A9139C9FD2A38E59AFB466F9A_2058/INPUTFILES/data_949378031.root
INPUTFILE35=/tmp/maxwoo/21EF1A6A9139C9FD2A38E59AFB466F9A_2058/INPUTFILES/data_949378041.root
INPUTFILE36=/tmp/maxwoo/21EF1A6A9139C9FD2A38E59AFB466F9A_2058/INPUTFILES/data_949478021.root
LocalInputFileDir=/tmp/maxwoo/21EF1A6A9139C9FD2A38E59AFB466F9A_2058/INPUTFILES
NewFILELIST=/tmp/maxwoo/21EF1A6A9139C9FD2A38E59AFB466F9A_2058/INPUTFILES/21EF1A6A9139C9FD2A38E59AFB466F9A_2058.local.list
+++++++++++++++++++++++++++++++++++++++++++++++
--------------------------------
Simple Unified Meta Scheduler 1.10.50 we are starting in $SCRATCH : /home/tmp/maxwoo/21EF1A6A9139C9FD2A38E59AFB466F9A_2058
--------------------------------
total 16
lrwxrwxrwx 1 maxwoo rhstar   61 Jun  2 11:01 check_S.C -> /gpfs/mnt/gpfs01/star/pwg/xiatong/git/strangeness/./check_S.C
lrwxrwxrwx 1 maxwoo rhstar   65 Jun  2 11:01 Check_Sness.C -> /gpfs/mnt/gpfs01/star/pwg/xiatong/git/strangeness/./Check_Sness.C
drwxr-xr-x 2 maxwoo rhstar 4096 Jun  2 11:04 INPUTFILES
drwxr-xr-x 2 maxwoo rhstar 4096 Jun  2 11:01 lib
  *******************************************
  *                                         *
  *        W E L C O M E  to  R O O T       *
  *                                         *
  *   Version   5.34/38     12 March 2018   *
  *                                         *
  *  You are welcome to visit our Web site  *
  *          http://root.cern.ch            *
  *                                         *
  *******************************************

ROOT 5.34/38 (v5-34-38@v5-34-38, Mar 12 2018, 15:49:39 on linux)

CINT/ROOT C/C++ Interpreter version 5.18.00, July 2, 2010
Type ? for help. Commands must be C++ statements.
Enclose multiple statements between { }.
*** Float Point Exception is OFF ***
 *** Start at Date : Thu Jun  2 11:04:03 2022
QAInfo:You are using STAR_LEVEL : dev, ROOT_LEVEL : 5.34.38 and node : spool0239.sdcc.bnl.gov 

Processing check_S.C++("/tmp/maxwoo/21EF1A6A9139C9FD2A38E59AFB466F9A_2058/INPUTFILES/21EF1A6A9139C9FD2A38E59AFB466F9A_2058.local.list","21EF1A6A9139C9FD2A38E59AFB466F9A_2058",1)...
/tmp/maxwoo/21EF1A6A9139C9FD2A38E59AFB466F9A_2058/INPUTFILES/data_948478241.root 
/tmp/maxwoo/21EF1A6A9139C9FD2A38E59AFB466F9A_2058/INPUTFILES/data_948478251.root 
/tmp/maxwoo/21EF1A6A9139C9FD2A38E59AFB466F9A_2058/INPUTFILES/data_948578201.root 
/tmp/maxwoo/21EF1A6A9139C9FD2A38E59AFB466F9A_2058/INPUTFILES/data_948578221.root 
/tmp/maxwoo/21EF1A6A9139C9FD2A38E59AFB466F9A_2058/INPUTFILES/data_948578261.root 
/tmp/maxwoo/21EF1A6A9139C9FD2A38E59AFB466F9A_2058/INPUTFILES/data_948678141.root 
/tmp/maxwoo/21EF1A6A9139C9FD2A38E59AFB466F9A_2058/INPUTFILES/data_948678161.root 
/tmp/maxwoo/21EF1A6A9139C9FD2A38E59AFB466F9A_2058/INPUTFILES/data_948678171.root 
/tmp/maxwoo/21EF1A6A9139C9FD2A38E59AFB466F9A_2058/INPUTFILES/data_948678181.root 
/tmp/maxwoo/21EF1A6A9139C9FD2A38E59AFB466F9A_2058/INPUTFILES/data_948778151.root 
/tmp/maxwoo/21EF1A6A9139C9FD2A38E59AFB466F9A_2058/INPUTFILES/data_948878101.root 
/tmp/maxwoo/21EF1A6A9139C9FD2A38E59AFB466F9A_2058/INPUTFILES/data_948878111.root 
/tmp/maxwoo/21EF1A6A9139C9FD2A38E59AFB466F9A_2058/INPUTFILES/data_948878121.root 
/tmp/maxwoo/21EF1A6A9139C9FD2A38E59AFB466F9A_2058/INPUTFILES/data_948878131.root 
/tmp/maxwoo/21EF1A6A9139C9FD2A38E59AFB466F9A_2058/INPUTFILES/data_948978071.root 
/tmp/maxwoo/21EF1A6A9139C9FD2A38E59AFB466F9A_2058/INPUTFILES/data_948978091.root 
/tmp/maxwoo/21EF1A6A9139C9FD2A38E59AFB466F9A_2058/INPUTFILES/data_949078081.root 
/tmp/maxwoo/21EF1A6A9139C9FD2A38E59AFB466F9A_2058/INPUTFILES/data_949101921.root 
/tmp/maxwoo/21EF1A6A9139C9FD2A38E59AFB466F9A_2058/INPUTFILES/data_949105361.root 
/tmp/maxwoo/21EF1A6A9139C9FD2A38E59AFB466F9A_2058/INPUTFILES/data_949123081.root 
/tmp/maxwoo/21EF1A6A9139C9FD2A38E59AFB466F9A_2058/INPUTFILES/data_949123091.root 
/tmp/maxwoo/21EF1A6A9139C9FD2A38E59AFB466F9A_2058/INPUTFILES/data_949123101.root 
/tmp/maxwoo/21EF1A6A9139C9FD2A38E59AFB466F9A_2058/INPUTFILES/data_949130341.root 
/tmp/maxwoo/21EF1A6A9139C9FD2A38E59AFB466F9A_2058/INPUTFILES/data_949131221.root 
/tmp/maxwoo/21EF1A6A9139C9FD2A38E59AFB466F9A_2058/INPUTFILES/data_949177991.root 
/tmp/maxwoo/21EF1A6A9139C9FD2A38E59AFB466F9A_2058/INPUTFILES/data_949189021.root 
/tmp/maxwoo/21EF1A6A9139C9FD2A38E59AFB466F9A_2058/INPUTFILES/data_949189031.root 
/tmp/maxwoo/21EF1A6A9139C9FD2A38E59AFB466F9A_2058/INPUTFILES/data_949189071.root 
/tmp/maxwoo/21EF1A6A9139C9FD2A38E59AFB466F9A_2058/INPUTFILES/data_949189091.root 
/tmp/maxwoo/21EF1A6A9139C9FD2A38E59AFB466F9A_2058/INPUTFILES/data_949189101.root 
/tmp/maxwoo/21EF1A6A9139C9FD2A38E59AFB466F9A_2058/INPUTFILES/data_949197631.root 
/tmp/maxwoo/21EF1A6A9139C9FD2A38E59AFB466F9A_2058/INPUTFILES/data_949198861.root 
/tmp/maxwoo/21EF1A6A9139C9FD2A38E59AFB466F9A_2058/INPUTFILES/data_949199511.root 
/tmp/maxwoo/21EF1A6A9139C9FD2A38E59AFB466F9A_2058/INPUTFILES/data_949278051.root 
/tmp/maxwoo/21EF1A6A9139C9FD2A38E59AFB466F9A_2058/INPUTFILES/data_949378031.root 
/tmp/maxwoo/21EF1A6A9139C9FD2A38E59AFB466F9A_2058/INPUTFILES/data_949378041.root 
/tmp/maxwoo/21EF1A6A9139C9FD2A38E59AFB466F9A_2058/INPUTFILES/data_949478021.root 
Added 37 files
# entries in chain: 36000
Processing entry == 1000 == out of 36000.
Processing entry == 2000 == out of 36000.
Processing entry == 3000 == out of 36000.
Processing entry == 4000 == out of 36000.
Processing entry == 5000 == out of 36000.
Processing entry == 6000 == out of 36000.
Processing entry == 7000 == out of 36000.
Processing entry == 8000 == out of 36000.
Processing entry == 9000 == out of 36000.
Processing entry == 10000 == out of 36000.
Processing entry == 11000 == out of 36000.
Processing entry == 12000 == out of 36000.
Processing entry == 13000 == out of 36000.
Processing entry == 14000 == out of 36000.
Processing entry == 15000 == out of 36000.
Processing entry == 16000 == out of 36000.
Processing entry == 17000 == out of 36000.
Processing entry == 18000 == out of 36000.
Processing entry == 19000 == out of 36000.
Processing entry == 20000 == out of 36000.
Processing entry == 21000 == out of 36000.
Processing entry == 22000 == out of 36000.
Processing entry == 23000 == out of 36000.
Processing entry == 24000 == out of 36000.
Processing entry == 25000 == out of 36000.
Processing entry == 26000 == out of 36000.
Processing entry == 27000 == out of 36000.
Processing entry == 28000 == out of 36000.
Processing entry == 29000 == out of 36000.
Processing entry == 30000 == out of 36000.
Processing entry == 31000 == out of 36000.
Processing entry == 32000 == out of 36000.
Processing entry == 33000 == out of 36000.
Processing entry == 34000 == out of 36000.
Processing entry == 35000 == out of 36000.
Processing entry == 36000 == out of 36000.

This is the end of ROOT -- Goodbye

Cleaning up sandbox file:  /tmp/maxwoo/21EF1A6A9139C9FD2A38E59AFB466F9A_2058/check_S.C
Cleaning up sandbox file:  /tmp/maxwoo/21EF1A6A9139C9FD2A38E59AFB466F9A_2058/Check_Sness.C
Cleaning up sandbox file:  /tmp/maxwoo/21EF1A6A9139C9FD2A38E59AFB466F9A_2058/lib
Cleaning up sandbox file:  /tmp/maxwoo/21EF1A6A9139C9FD2A38E59AFB466F9A_2058/.sandboxFiles
Starting copy block
Running copy command:  /bin/cp -fp /tmp/maxwoo/21EF1A6A9139C9FD2A38E59AFB466F9A_2058/out_21EF1A6A9139C9FD2A38E59AFB466F9A_2058.root /star/data01/pwg/xiatong/git/strangeness/data/
13630 Execution of (/star/data01/pwg/xiatong/git/strangeness/script/sched21EF1A6A9139C9FD2A38E59AFB466F9A_2058.csh ) has ended, exiting normally
13630 We END on [Thu Jun  2 11:23:58 EDT 2022]
