We are starting on node: rcas6074.rcf.bnl.gov
HOME is not defined
Using getent method
HOME is now /star/u/maxwoo
121998 We will spawn ourselves (/star/data01/pwg/xiatong/git/strangeness/script/sched21EF1A6A9139C9FD2A38E59AFB466F9A_2949.csh )
121998 We BEGIN on [Thu Jun  2 10:51:21 EDT 2022]
[1] 122238
121998 We are waiting for 122238 
121998 Grandchild PID is 123882 - found in 10 x 1 seconds
121998 Establishing first watcher   on    Thu Jun  2 10:51:32 EDT 2022
121998 Process tree is 121998 (main) -> 122238 (child) -> 123882 (grandchild)
F S   UID    PID   PPID  C PRI  NI ADDR SZ WCHAN  TTY        TIME CMD
0 D 100667 123882 122238  0 80   0 - 32311 cxiWai ?          0:00 cp /star/data01/pwg/xiatong/AMPT/14GeV/data_01140153751.root /tmp/maxwoo/21EF1A6A9139C9FD2A38E59AFB466F9A_2949/INPUTFILES/data_01140153751.root
121998 Grandchild PID is 127332 - found in 20 x 2 seconds
121998 Grandchild to watch has changed on Thu Jun  2 10:51:53 EDT 2022
121998 Process tree is 121998 (main) -> 122238 (child) -> 127332 (grandchild)
F S   UID    PID   PPID  C PRI  NI ADDR SZ WCHAN  TTY        TIME CMD
0 D 100667 127332 122238  0 80   0 - 32311 cxiWai ?          0:00 cp /star/data01/pwg/xiatong/AMPT/14GeV/data_01205198801.root /tmp/maxwoo/21EF1A6A9139C9FD2A38E59AFB466F9A_2949/INPUTFILES/data_01205198801.root
121998 Grandchild PID is 129007 - found in 30 x 2 seconds
121998 Grandchild to watch has changed on Thu Jun  2 10:52:13 EDT 2022
121998 Process tree is 121998 (main) -> 122238 (child) -> 129007 (grandchild)
F S   UID    PID   PPID  C PRI  NI ADDR SZ WCHAN  TTY        TIME CMD
0 D 100667 129007 122238  0 80   0 - 32311 cxiWai ?          0:00 cp /star/data01/pwg/xiatong/AMPT/14GeV/data_02020198731.root /tmp/maxwoo/21EF1A6A9139C9FD2A38E59AFB466F9A_2949/INPUTFILES/data_02020198731.root
121998 Grandchild PID is 131402 - found in 50 x 2 seconds
121998 Grandchild to watch has changed on Thu Jun  2 10:52:55 EDT 2022
121998 Process tree is 121998 (main) -> 122238 (child) -> 131402 (grandchild)
F S   UID    PID   PPID  C PRI  NI ADDR SZ WCHAN  TTY        TIME CMD
0 S 100667 131402 122238  0 80   0 -  1272 do_wai ?          0:00 root -b -q check_S.C++("/tmp/maxwoo/21EF1A6A9139C9FD2A38E59AFB466F9A_2949/INPUTFILES/21EF1A6A9139C9FD2A38E59AFB466F9A_2949.local.list","21EF1A6A9139C9FD2A38E59AFB466F9A_2949",1)
122238 Stepping into the main SUMS wrapper program with []
.... building sandbox
Running: cp /star/data01/pwg/xiatong/AMPT/14GeV/data_00482153861.root /tmp/maxwoo/21EF1A6A9139C9FD2A38E59AFB466F9A_2949/INPUTFILES/data_00482153861.root
Running: cp /star/data01/pwg/xiatong/AMPT/14GeV/data_00530153851.root /tmp/maxwoo/21EF1A6A9139C9FD2A38E59AFB466F9A_2949/INPUTFILES/data_00530153851.root
Running: cp /star/data01/pwg/xiatong/AMPT/14GeV/data_00647198861.root /tmp/maxwoo/21EF1A6A9139C9FD2A38E59AFB466F9A_2949/INPUTFILES/data_00647198861.root
Running: cp /star/data01/pwg/xiatong/AMPT/14GeV/data_00647198871.root /tmp/maxwoo/21EF1A6A9139C9FD2A38E59AFB466F9A_2949/INPUTFILES/data_00647198871.root
Running: cp /star/data01/pwg/xiatong/AMPT/14GeV/data_00647198881.root /tmp/maxwoo/21EF1A6A9139C9FD2A38E59AFB466F9A_2949/INPUTFILES/data_00647198881.root
Running: cp /star/data01/pwg/xiatong/AMPT/14GeV/data_00647198891.root /tmp/maxwoo/21EF1A6A9139C9FD2A38E59AFB466F9A_2949/INPUTFILES/data_00647198891.root
Running: cp /star/data01/pwg/xiatong/AMPT/14GeV/data_00647198901.root /tmp/maxwoo/21EF1A6A9139C9FD2A38E59AFB466F9A_2949/INPUTFILES/data_00647198901.root
Running: cp /star/data01/pwg/xiatong/AMPT/14GeV/data_00647198911.root /tmp/maxwoo/21EF1A6A9139C9FD2A38E59AFB466F9A_2949/INPUTFILES/data_00647198911.root
Running: cp /star/data01/pwg/xiatong/AMPT/14GeV/data_00745153841.root /tmp/maxwoo/21EF1A6A9139C9FD2A38E59AFB466F9A_2949/INPUTFILES/data_00745153841.root
Running: cp /star/data01/pwg/xiatong/AMPT/14GeV/data_00772153831.root /tmp/maxwoo/21EF1A6A9139C9FD2A38E59AFB466F9A_2949/INPUTFILES/data_00772153831.root
Running: cp /star/data01/pwg/xiatong/AMPT/14GeV/data_00897199161.root /tmp/maxwoo/21EF1A6A9139C9FD2A38E59AFB466F9A_2949/INPUTFILES/data_00897199161.root
Running: cp /star/data01/pwg/xiatong/AMPT/14GeV/data_00949153821.root /tmp/maxwoo/21EF1A6A9139C9FD2A38E59AFB466F9A_2949/INPUTFILES/data_00949153821.root
Running: cp /star/data01/pwg/xiatong/AMPT/14GeV/data_00959153811.root /tmp/maxwoo/21EF1A6A9139C9FD2A38E59AFB466F9A_2949/INPUTFILES/data_00959153811.root
Running: cp /star/data01/pwg/xiatong/AMPT/14GeV/data_00966153801.root /tmp/maxwoo/21EF1A6A9139C9FD2A38E59AFB466F9A_2949/INPUTFILES/data_00966153801.root
Running: cp /star/data01/pwg/xiatong/AMPT/14GeV/data_00992153791.root /tmp/maxwoo/21EF1A6A9139C9FD2A38E59AFB466F9A_2949/INPUTFILES/data_00992153791.root
Running: cp /star/data01/pwg/xiatong/AMPT/14GeV/data_00998198851.root /tmp/maxwoo/21EF1A6A9139C9FD2A38E59AFB466F9A_2949/INPUTFILES/data_00998198851.root
Running: cp /star/data01/pwg/xiatong/AMPT/14GeV/data_01000153781.root /tmp/maxwoo/21EF1A6A9139C9FD2A38E59AFB466F9A_2949/INPUTFILES/data_01000153781.root
Running: cp /star/data01/pwg/xiatong/AMPT/14GeV/data_01016153771.root /tmp/maxwoo/21EF1A6A9139C9FD2A38E59AFB466F9A_2949/INPUTFILES/data_01016153771.root
Running: cp /star/data01/pwg/xiatong/AMPT/14GeV/data_01030153761.root /tmp/maxwoo/21EF1A6A9139C9FD2A38E59AFB466F9A_2949/INPUTFILES/data_01030153761.root
Running: cp /star/data01/pwg/xiatong/AMPT/14GeV/data_01076198841.root /tmp/maxwoo/21EF1A6A9139C9FD2A38E59AFB466F9A_2949/INPUTFILES/data_01076198841.root
Running: cp /star/data01/pwg/xiatong/AMPT/14GeV/data_01108198821.root /tmp/maxwoo/21EF1A6A9139C9FD2A38E59AFB466F9A_2949/INPUTFILES/data_01108198821.root
Running: cp /star/data01/pwg/xiatong/AMPT/14GeV/data_01108198831.root /tmp/maxwoo/21EF1A6A9139C9FD2A38E59AFB466F9A_2949/INPUTFILES/data_01108198831.root
Running: cp /star/data01/pwg/xiatong/AMPT/14GeV/data_01140153751.root /tmp/maxwoo/21EF1A6A9139C9FD2A38E59AFB466F9A_2949/INPUTFILES/data_01140153751.root
Running: cp /star/data01/pwg/xiatong/AMPT/14GeV/data_01171153741.root /tmp/maxwoo/21EF1A6A9139C9FD2A38E59AFB466F9A_2949/INPUTFILES/data_01171153741.root
Running: cp /star/data01/pwg/xiatong/AMPT/14GeV/data_01205198801.root /tmp/maxwoo/21EF1A6A9139C9FD2A38E59AFB466F9A_2949/INPUTFILES/data_01205198801.root
Running: cp /star/data01/pwg/xiatong/AMPT/14GeV/data_01245153731.root /tmp/maxwoo/21EF1A6A9139C9FD2A38E59AFB466F9A_2949/INPUTFILES/data_01245153731.root
Running: cp /star/data01/pwg/xiatong/AMPT/14GeV/data_01251153711.root /tmp/maxwoo/21EF1A6A9139C9FD2A38E59AFB466F9A_2949/INPUTFILES/data_01251153711.root
Running: cp /star/data01/pwg/xiatong/AMPT/14GeV/data_01251153721.root /tmp/maxwoo/21EF1A6A9139C9FD2A38E59AFB466F9A_2949/INPUTFILES/data_01251153721.root
Running: cp /star/data01/pwg/xiatong/AMPT/14GeV/data_01290198791.root /tmp/maxwoo/21EF1A6A9139C9FD2A38E59AFB466F9A_2949/INPUTFILES/data_01290198791.root
Running: cp /star/data01/pwg/xiatong/AMPT/14GeV/data_01323198781.root /tmp/maxwoo/21EF1A6A9139C9FD2A38E59AFB466F9A_2949/INPUTFILES/data_01323198781.root
Running: cp /star/data01/pwg/xiatong/AMPT/14GeV/data_01360198771.root /tmp/maxwoo/21EF1A6A9139C9FD2A38E59AFB466F9A_2949/INPUTFILES/data_01360198771.root
Running: cp /star/data01/pwg/xiatong/AMPT/14GeV/data_01405198761.root /tmp/maxwoo/21EF1A6A9139C9FD2A38E59AFB466F9A_2949/INPUTFILES/data_01405198761.root
Running: cp /star/data01/pwg/xiatong/AMPT/14GeV/data_01445153701.root /tmp/maxwoo/21EF1A6A9139C9FD2A38E59AFB466F9A_2949/INPUTFILES/data_01445153701.root
Running: cp /star/data01/pwg/xiatong/AMPT/14GeV/data_01549198811.root /tmp/maxwoo/21EF1A6A9139C9FD2A38E59AFB466F9A_2949/INPUTFILES/data_01549198811.root
Running: cp /star/data01/pwg/xiatong/AMPT/14GeV/data_01799198751.root /tmp/maxwoo/21EF1A6A9139C9FD2A38E59AFB466F9A_2949/INPUTFILES/data_01799198751.root
Running: cp /star/data01/pwg/xiatong/AMPT/14GeV/data_01984198741.root /tmp/maxwoo/21EF1A6A9139C9FD2A38E59AFB466F9A_2949/INPUTFILES/data_01984198741.root
Running: cp /star/data01/pwg/xiatong/AMPT/14GeV/data_02020198731.root /tmp/maxwoo/21EF1A6A9139C9FD2A38E59AFB466F9A_2949/INPUTFILES/data_02020198731.root
Swapping $FILELIST with: /tmp/maxwoo/21EF1A6A9139C9FD2A38E59AFB466F9A_2949/INPUTFILES/21EF1A6A9139C9FD2A38E59AFB466F9A_2949.local.list
+++++++++++local copy debug++++++++++++++++++++
newFileList: /tmp/maxwoo/21EF1A6A9139C9FD2A38E59AFB466F9A_2949/INPUTFILES/21EF1A6A9139C9FD2A38E59AFB466F9A_2949.local.list
++++++++++++++++cat FILELIST+++++++++++++++++++
/tmp/maxwoo/21EF1A6A9139C9FD2A38E59AFB466F9A_2949/INPUTFILES/data_00482153861.root 
/tmp/maxwoo/21EF1A6A9139C9FD2A38E59AFB466F9A_2949/INPUTFILES/data_00530153851.root 
/tmp/maxwoo/21EF1A6A9139C9FD2A38E59AFB466F9A_2949/INPUTFILES/data_00647198861.root 
/tmp/maxwoo/21EF1A6A9139C9FD2A38E59AFB466F9A_2949/INPUTFILES/data_00647198871.root 
/tmp/maxwoo/21EF1A6A9139C9FD2A38E59AFB466F9A_2949/INPUTFILES/data_00647198881.root 
/tmp/maxwoo/21EF1A6A9139C9FD2A38E59AFB466F9A_2949/INPUTFILES/data_00647198891.root 
/tmp/maxwoo/21EF1A6A9139C9FD2A38E59AFB466F9A_2949/INPUTFILES/data_00647198901.root 
/tmp/maxwoo/21EF1A6A9139C9FD2A38E59AFB466F9A_2949/INPUTFILES/data_00647198911.root 
/tmp/maxwoo/21EF1A6A9139C9FD2A38E59AFB466F9A_2949/INPUTFILES/data_00745153841.root 
/tmp/maxwoo/21EF1A6A9139C9FD2A38E59AFB466F9A_2949/INPUTFILES/data_00772153831.root 
/tmp/maxwoo/21EF1A6A9139C9FD2A38E59AFB466F9A_2949/INPUTFILES/data_00897199161.root 
/tmp/maxwoo/21EF1A6A9139C9FD2A38E59AFB466F9A_2949/INPUTFILES/data_00949153821.root 
/tmp/maxwoo/21EF1A6A9139C9FD2A38E59AFB466F9A_2949/INPUTFILES/data_00959153811.root 
/tmp/maxwoo/21EF1A6A9139C9FD2A38E59AFB466F9A_2949/INPUTFILES/data_00966153801.root 
/tmp/maxwoo/21EF1A6A9139C9FD2A38E59AFB466F9A_2949/INPUTFILES/data_00992153791.root 
/tmp/maxwoo/21EF1A6A9139C9FD2A38E59AFB466F9A_2949/INPUTFILES/data_00998198851.root 
/tmp/maxwoo/21EF1A6A9139C9FD2A38E59AFB466F9A_2949/INPUTFILES/data_01000153781.root 
/tmp/maxwoo/21EF1A6A9139C9FD2A38E59AFB466F9A_2949/INPUTFILES/data_01016153771.root 
/tmp/maxwoo/21EF1A6A9139C9FD2A38E59AFB466F9A_2949/INPUTFILES/data_01030153761.root 
/tmp/maxwoo/21EF1A6A9139C9FD2A38E59AFB466F9A_2949/INPUTFILES/data_01076198841.root 
/tmp/maxwoo/21EF1A6A9139C9FD2A38E59AFB466F9A_2949/INPUTFILES/data_01108198821.root 
/tmp/maxwoo/21EF1A6A9139C9FD2A38E59AFB466F9A_2949/INPUTFILES/data_01108198831.root 
/tmp/maxwoo/21EF1A6A9139C9FD2A38E59AFB466F9A_2949/INPUTFILES/data_01140153751.root 
/tmp/maxwoo/21EF1A6A9139C9FD2A38E59AFB466F9A_2949/INPUTFILES/data_01171153741.root 
/tmp/maxwoo/21EF1A6A9139C9FD2A38E59AFB466F9A_2949/INPUTFILES/data_01205198801.root 
/tmp/maxwoo/21EF1A6A9139C9FD2A38E59AFB466F9A_2949/INPUTFILES/data_01245153731.root 
/tmp/maxwoo/21EF1A6A9139C9FD2A38E59AFB466F9A_2949/INPUTFILES/data_01251153711.root 
/tmp/maxwoo/21EF1A6A9139C9FD2A38E59AFB466F9A_2949/INPUTFILES/data_01251153721.root 
/tmp/maxwoo/21EF1A6A9139C9FD2A38E59AFB466F9A_2949/INPUTFILES/data_01290198791.root 
/tmp/maxwoo/21EF1A6A9139C9FD2A38E59AFB466F9A_2949/INPUTFILES/data_01323198781.root 
/tmp/maxwoo/21EF1A6A9139C9FD2A38E59AFB466F9A_2949/INPUTFILES/data_01360198771.root 
/tmp/maxwoo/21EF1A6A9139C9FD2A38E59AFB466F9A_2949/INPUTFILES/data_01405198761.root 
/tmp/maxwoo/21EF1A6A9139C9FD2A38E59AFB466F9A_2949/INPUTFILES/data_01445153701.root 
/tmp/maxwoo/21EF1A6A9139C9FD2A38E59AFB466F9A_2949/INPUTFILES/data_01549198811.root 
/tmp/maxwoo/21EF1A6A9139C9FD2A38E59AFB466F9A_2949/INPUTFILES/data_01799198751.root 
/tmp/maxwoo/21EF1A6A9139C9FD2A38E59AFB466F9A_2949/INPUTFILES/data_01984198741.root 
/tmp/maxwoo/21EF1A6A9139C9FD2A38E59AFB466F9A_2949/INPUTFILES/data_02020198731.root 
++++++++++++++++++++find.++++++++++++++++++++++
.
./.errror.log
./INPUTFILES
./INPUTFILES/data_01445153701.root
./INPUTFILES/data_02020198731.root
./INPUTFILES/data_01016153771.root
./INPUTFILES/data_00647198901.root
./INPUTFILES/data_01030153761.root
./INPUTFILES/data_00647198871.root
./INPUTFILES/data_01140153751.root
./INPUTFILES/data_01108198831.root
./INPUTFILES/data_00998198851.root
./INPUTFILES/data_01251153711.root
./INPUTFILES/data_01108198821.root
./INPUTFILES/21EF1A6A9139C9FD2A38E59AFB466F9A_2949.local.list
./INPUTFILES/data_01405198761.root
./INPUTFILES/data_00647198911.root
./INPUTFILES/data_00647198861.root
./INPUTFILES/data_00647198891.root
./INPUTFILES/data_01000153781.root
./INPUTFILES/data_00530153851.root
./INPUTFILES/data_01245153731.root
./INPUTFILES/data_00897199161.root
./INPUTFILES/data_01360198771.root
./INPUTFILES/data_00992153791.root
./INPUTFILES/data_00959153811.root
./INPUTFILES/data_01076198841.root
./INPUTFILES/data_00647198881.root
./INPUTFILES/data_01549198811.root
./INPUTFILES/data_01984198741.root
./INPUTFILES/data_01251153721.root
./INPUTFILES/data_01799198751.root
./INPUTFILES/data_00772153831.root
./INPUTFILES/data_00482153861.root
./INPUTFILES/data_00966153801.root
./INPUTFILES/data_01290198791.root
./INPUTFILES/data_01171153741.root
./INPUTFILES/data_00949153821.root
./INPUTFILES/data_01205198801.root
./INPUTFILES/data_00745153841.root
./INPUTFILES/data_01323198781.root
./.sandboxFiles
./check_S.C
./.output.log
./Check_Sness.C
./lib
./lib/NpartNormalizer_cpp_ACLiC_dict_rdict.pcm
./lib/my_particle_cpp.d
./lib/my_particle.h
./lib/NpartNormalizer_cpp.so
./lib/CenMaker_cpp_ACLiC_dict_rdict.pcm
./lib/NpartNormalizer_cpp.d
./lib/MixedBuffer_cpp.d
./lib/my_event_cpp_ACLiC_dict_rdict.pcm
./lib/my_event.h
./lib/MixedBuffer_cpp.so
./lib/MixedBuffer_cpp_ACLiC_dict_rdict.pcm
./lib/my_particle.cpp
./lib/my_event_cpp.d
./lib/NpartNormalizer.h
./lib/my_event_cpp.so
./lib/CenMaker.h
./lib/my_event.cpp
./lib/CenMaker_cpp.so
./lib/MixedBuffer.cpp
./lib/CenMaker.cpp
./lib/CenMaker_cpp.d
./lib/MixedBuffer.h
./lib/NpartNormalizer.cpp
./lib/my_particle_cpp.so
./lib/my_particle_cpp_ACLiC_dict_rdict.pcm
++++++++++++++++INPUTFILE Var++++++++++++++++++
FILELIST=/tmp/maxwoo/21EF1A6A9139C9FD2A38E59AFB466F9A_2949/INPUTFILES/21EF1A6A9139C9FD2A38E59AFB466F9A_2949.local.list
INPUTFILECOUNT=37
INPUTFILE0=/tmp/maxwoo/21EF1A6A9139C9FD2A38E59AFB466F9A_2949/INPUTFILES/data_00482153861.root
INPUTFILE1=/tmp/maxwoo/21EF1A6A9139C9FD2A38E59AFB466F9A_2949/INPUTFILES/data_00530153851.root
INPUTFILE2=/tmp/maxwoo/21EF1A6A9139C9FD2A38E59AFB466F9A_2949/INPUTFILES/data_00647198861.root
INPUTFILE3=/tmp/maxwoo/21EF1A6A9139C9FD2A38E59AFB466F9A_2949/INPUTFILES/data_00647198871.root
INPUTFILE4=/tmp/maxwoo/21EF1A6A9139C9FD2A38E59AFB466F9A_2949/INPUTFILES/data_00647198881.root
INPUTFILE5=/tmp/maxwoo/21EF1A6A9139C9FD2A38E59AFB466F9A_2949/INPUTFILES/data_00647198891.root
INPUTFILE6=/tmp/maxwoo/21EF1A6A9139C9FD2A38E59AFB466F9A_2949/INPUTFILES/data_00647198901.root
INPUTFILE7=/tmp/maxwoo/21EF1A6A9139C9FD2A38E59AFB466F9A_2949/INPUTFILES/data_00647198911.root
INPUTFILE8=/tmp/maxwoo/21EF1A6A9139C9FD2A38E59AFB466F9A_2949/INPUTFILES/data_00745153841.root
INPUTFILE9=/tmp/maxwoo/21EF1A6A9139C9FD2A38E59AFB466F9A_2949/INPUTFILES/data_00772153831.root
INPUTFILE10=/tmp/maxwoo/21EF1A6A9139C9FD2A38E59AFB466F9A_2949/INPUTFILES/data_00897199161.root
INPUTFILE11=/tmp/maxwoo/21EF1A6A9139C9FD2A38E59AFB466F9A_2949/INPUTFILES/data_00949153821.root
INPUTFILE12=/tmp/maxwoo/21EF1A6A9139C9FD2A38E59AFB466F9A_2949/INPUTFILES/data_00959153811.root
INPUTFILE13=/tmp/maxwoo/21EF1A6A9139C9FD2A38E59AFB466F9A_2949/INPUTFILES/data_00966153801.root
INPUTFILE14=/tmp/maxwoo/21EF1A6A9139C9FD2A38E59AFB466F9A_2949/INPUTFILES/data_00992153791.root
INPUTFILE15=/tmp/maxwoo/21EF1A6A9139C9FD2A38E59AFB466F9A_2949/INPUTFILES/data_00998198851.root
INPUTFILE16=/tmp/maxwoo/21EF1A6A9139C9FD2A38E59AFB466F9A_2949/INPUTFILES/data_01000153781.root
INPUTFILE17=/tmp/maxwoo/21EF1A6A9139C9FD2A38E59AFB466F9A_2949/INPUTFILES/data_01016153771.root
INPUTFILE18=/tmp/maxwoo/21EF1A6A9139C9FD2A38E59AFB466F9A_2949/INPUTFILES/data_01030153761.root
INPUTFILE19=/tmp/maxwoo/21EF1A6A9139C9FD2A38E59AFB466F9A_2949/INPUTFILES/data_01076198841.root
INPUTFILE20=/tmp/maxwoo/21EF1A6A9139C9FD2A38E59AFB466F9A_2949/INPUTFILES/data_01108198821.root
INPUTFILE21=/tmp/maxwoo/21EF1A6A9139C9FD2A38E59AFB466F9A_2949/INPUTFILES/data_01108198831.root
INPUTFILE22=/tmp/maxwoo/21EF1A6A9139C9FD2A38E59AFB466F9A_2949/INPUTFILES/data_01140153751.root
INPUTFILE23=/tmp/maxwoo/21EF1A6A9139C9FD2A38E59AFB466F9A_2949/INPUTFILES/data_01171153741.root
INPUTFILE24=/tmp/maxwoo/21EF1A6A9139C9FD2A38E59AFB466F9A_2949/INPUTFILES/data_01205198801.root
INPUTFILE25=/tmp/maxwoo/21EF1A6A9139C9FD2A38E59AFB466F9A_2949/INPUTFILES/data_01245153731.root
INPUTFILE26=/tmp/maxwoo/21EF1A6A9139C9FD2A38E59AFB466F9A_2949/INPUTFILES/data_01251153711.root
INPUTFILE27=/tmp/maxwoo/21EF1A6A9139C9FD2A38E59AFB466F9A_2949/INPUTFILES/data_01251153721.root
INPUTFILE28=/tmp/maxwoo/21EF1A6A9139C9FD2A38E59AFB466F9A_2949/INPUTFILES/data_01290198791.root
INPUTFILE29=/tmp/maxwoo/21EF1A6A9139C9FD2A38E59AFB466F9A_2949/INPUTFILES/data_01323198781.root
INPUTFILE30=/tmp/maxwoo/21EF1A6A9139C9FD2A38E59AFB466F9A_2949/INPUTFILES/data_01360198771.root
INPUTFILE31=/tmp/maxwoo/21EF1A6A9139C9FD2A38E59AFB466F9A_2949/INPUTFILES/data_01405198761.root
INPUTFILE32=/tmp/maxwoo/21EF1A6A9139C9FD2A38E59AFB466F9A_2949/INPUTFILES/data_01445153701.root
INPUTFILE33=/tmp/maxwoo/21EF1A6A9139C9FD2A38E59AFB466F9A_2949/INPUTFILES/data_01549198811.root
INPUTFILE34=/tmp/maxwoo/21EF1A6A9139C9FD2A38E59AFB466F9A_2949/INPUTFILES/data_01799198751.root
INPUTFILE35=/tmp/maxwoo/21EF1A6A9139C9FD2A38E59AFB466F9A_2949/INPUTFILES/data_01984198741.root
INPUTFILE36=/tmp/maxwoo/21EF1A6A9139C9FD2A38E59AFB466F9A_2949/INPUTFILES/data_02020198731.root
LocalInputFileDir=/tmp/maxwoo/21EF1A6A9139C9FD2A38E59AFB466F9A_2949/INPUTFILES
NewFILELIST=/tmp/maxwoo/21EF1A6A9139C9FD2A38E59AFB466F9A_2949/INPUTFILES/21EF1A6A9139C9FD2A38E59AFB466F9A_2949.local.list
+++++++++++++++++++++++++++++++++++++++++++++++
--------------------------------
Simple Unified Meta Scheduler 1.10.50 we are starting in $SCRATCH : /home/tmp/maxwoo/21EF1A6A9139C9FD2A38E59AFB466F9A_2949
--------------------------------
total 16
lrwxrwxrwx 1 maxwoo rhstar   61 Jun  2 10:51 check_S.C -> /gpfs/mnt/gpfs01/star/pwg/xiatong/git/strangeness/./check_S.C
lrwxrwxrwx 1 maxwoo rhstar   65 Jun  2 10:51 Check_Sness.C -> /gpfs/mnt/gpfs01/star/pwg/xiatong/git/strangeness/./Check_Sness.C
drwxr-xr-x 2 maxwoo rhstar 4096 Jun  2 10:52 INPUTFILES
drwxr-xr-x 2 maxwoo rhstar 4096 Jun  2 10:51 lib
  *******************************************
  *                                         *
  *        W E L C O M E  to  R O O T       *
  *                                         *
  *   Version   5.34/38     12 March 2018   *
  *                                         *
  *  You are welcome to visit our Web site  *
  *          http://root.cern.ch            *
  *                                         *
  *******************************************

ROOT 5.34/38 (v5-34-38@v5-34-38, Mar 12 2018, 15:49:39 on linux)

CINT/ROOT C/C++ Interpreter version 5.18.00, July 2, 2010
Type ? for help. Commands must be C++ statements.
Enclose multiple statements between { }.
*** Float Point Exception is OFF ***
 *** Start at Date : Thu Jun  2 10:52:46 2022
QAInfo:You are using STAR_LEVEL : dev, ROOT_LEVEL : 5.34.38 and node : rcas6074.rcf.bnl.gov 

Processing check_S.C++("/tmp/maxwoo/21EF1A6A9139C9FD2A38E59AFB466F9A_2949/INPUTFILES/21EF1A6A9139C9FD2A38E59AFB466F9A_2949.local.list","21EF1A6A9139C9FD2A38E59AFB466F9A_2949",1)...
/tmp/maxwoo/21EF1A6A9139C9FD2A38E59AFB466F9A_2949/INPUTFILES/data_00482153861.root 
/tmp/maxwoo/21EF1A6A9139C9FD2A38E59AFB466F9A_2949/INPUTFILES/data_00530153851.root 
/tmp/maxwoo/21EF1A6A9139C9FD2A38E59AFB466F9A_2949/INPUTFILES/data_00647198861.root 
/tmp/maxwoo/21EF1A6A9139C9FD2A38E59AFB466F9A_2949/INPUTFILES/data_00647198871.root 
/tmp/maxwoo/21EF1A6A9139C9FD2A38E59AFB466F9A_2949/INPUTFILES/data_00647198881.root 
/tmp/maxwoo/21EF1A6A9139C9FD2A38E59AFB466F9A_2949/INPUTFILES/data_00647198891.root 
/tmp/maxwoo/21EF1A6A9139C9FD2A38E59AFB466F9A_2949/INPUTFILES/data_00647198901.root 
/tmp/maxwoo/21EF1A6A9139C9FD2A38E59AFB466F9A_2949/INPUTFILES/data_00647198911.root 
/tmp/maxwoo/21EF1A6A9139C9FD2A38E59AFB466F9A_2949/INPUTFILES/data_00745153841.root 
/tmp/maxwoo/21EF1A6A9139C9FD2A38E59AFB466F9A_2949/INPUTFILES/data_00772153831.root 
/tmp/maxwoo/21EF1A6A9139C9FD2A38E59AFB466F9A_2949/INPUTFILES/data_00897199161.root 
/tmp/maxwoo/21EF1A6A9139C9FD2A38E59AFB466F9A_2949/INPUTFILES/data_00949153821.root 
/tmp/maxwoo/21EF1A6A9139C9FD2A38E59AFB466F9A_2949/INPUTFILES/data_00959153811.root 
/tmp/maxwoo/21EF1A6A9139C9FD2A38E59AFB466F9A_2949/INPUTFILES/data_00966153801.root 
/tmp/maxwoo/21EF1A6A9139C9FD2A38E59AFB466F9A_2949/INPUTFILES/data_00992153791.root 
/tmp/maxwoo/21EF1A6A9139C9FD2A38E59AFB466F9A_2949/INPUTFILES/data_00998198851.root 
/tmp/maxwoo/21EF1A6A9139C9FD2A38E59AFB466F9A_2949/INPUTFILES/data_01000153781.root 
/tmp/maxwoo/21EF1A6A9139C9FD2A38E59AFB466F9A_2949/INPUTFILES/data_01016153771.root 
/tmp/maxwoo/21EF1A6A9139C9FD2A38E59AFB466F9A_2949/INPUTFILES/data_01030153761.root 
/tmp/maxwoo/21EF1A6A9139C9FD2A38E59AFB466F9A_2949/INPUTFILES/data_01076198841.root 
/tmp/maxwoo/21EF1A6A9139C9FD2A38E59AFB466F9A_2949/INPUTFILES/data_01108198821.root 
/tmp/maxwoo/21EF1A6A9139C9FD2A38E59AFB466F9A_2949/INPUTFILES/data_01108198831.root 
/tmp/maxwoo/21EF1A6A9139C9FD2A38E59AFB466F9A_2949/INPUTFILES/data_01140153751.root 
/tmp/maxwoo/21EF1A6A9139C9FD2A38E59AFB466F9A_2949/INPUTFILES/data_01171153741.root 
/tmp/maxwoo/21EF1A6A9139C9FD2A38E59AFB466F9A_2949/INPUTFILES/data_01205198801.root 
/tmp/maxwoo/21EF1A6A9139C9FD2A38E59AFB466F9A_2949/INPUTFILES/data_01245153731.root 
/tmp/maxwoo/21EF1A6A9139C9FD2A38E59AFB466F9A_2949/INPUTFILES/data_01251153711.root 
/tmp/maxwoo/21EF1A6A9139C9FD2A38E59AFB466F9A_2949/INPUTFILES/data_01251153721.root 
/tmp/maxwoo/21EF1A6A9139C9FD2A38E59AFB466F9A_2949/INPUTFILES/data_01290198791.root 
/tmp/maxwoo/21EF1A6A9139C9FD2A38E59AFB466F9A_2949/INPUTFILES/data_01323198781.root 
/tmp/maxwoo/21EF1A6A9139C9FD2A38E59AFB466F9A_2949/INPUTFILES/data_01360198771.root 
/tmp/maxwoo/21EF1A6A9139C9FD2A38E59AFB466F9A_2949/INPUTFILES/data_01405198761.root 
/tmp/maxwoo/21EF1A6A9139C9FD2A38E59AFB466F9A_2949/INPUTFILES/data_01445153701.root 
/tmp/maxwoo/21EF1A6A9139C9FD2A38E59AFB466F9A_2949/INPUTFILES/data_01549198811.root 
/tmp/maxwoo/21EF1A6A9139C9FD2A38E59AFB466F9A_2949/INPUTFILES/data_01799198751.root 
/tmp/maxwoo/21EF1A6A9139C9FD2A38E59AFB466F9A_2949/INPUTFILES/data_01984198741.root 
/tmp/maxwoo/21EF1A6A9139C9FD2A38E59AFB466F9A_2949/INPUTFILES/data_02020198731.root 
Added 37 files
# entries in chain: 37000
Processing entry == 1000 == out of 37000.
Processing entry == 2000 == out of 37000.
Processing entry == 3000 == out of 37000.
Processing entry == 4000 == out of 37000.
Processing entry == 5000 == out of 37000.
Processing entry == 6000 == out of 37000.
Processing entry == 7000 == out of 37000.
Processing entry == 8000 == out of 37000.
Processing entry == 9000 == out of 37000.
Processing entry == 10000 == out of 37000.
Processing entry == 11000 == out of 37000.
Processing entry == 12000 == out of 37000.
Processing entry == 13000 == out of 37000.
Processing entry == 14000 == out of 37000.
Processing entry == 15000 == out of 37000.
Processing entry == 16000 == out of 37000.
Processing entry == 17000 == out of 37000.
Processing entry == 18000 == out of 37000.
Processing entry == 19000 == out of 37000.
Processing entry == 20000 == out of 37000.
Processing entry == 21000 == out of 37000.
Processing entry == 22000 == out of 37000.
Processing entry == 23000 == out of 37000.
Processing entry == 24000 == out of 37000.
Processing entry == 25000 == out of 37000.
Processing entry == 26000 == out of 37000.
Processing entry == 27000 == out of 37000.
Processing entry == 28000 == out of 37000.
Processing entry == 29000 == out of 37000.
Processing entry == 30000 == out of 37000.
Processing entry == 31000 == out of 37000.
Processing entry == 32000 == out of 37000.
Processing entry == 33000 == out of 37000.
Processing entry == 34000 == out of 37000.
Processing entry == 35000 == out of 37000.
Processing entry == 36000 == out of 37000.
Processing entry == 37000 == out of 37000.

This is the end of ROOT -- Goodbye

Cleaning up sandbox file:  /tmp/maxwoo/21EF1A6A9139C9FD2A38E59AFB466F9A_2949/check_S.C
Cleaning up sandbox file:  /tmp/maxwoo/21EF1A6A9139C9FD2A38E59AFB466F9A_2949/Check_Sness.C
Cleaning up sandbox file:  /tmp/maxwoo/21EF1A6A9139C9FD2A38E59AFB466F9A_2949/lib
Cleaning up sandbox file:  /tmp/maxwoo/21EF1A6A9139C9FD2A38E59AFB466F9A_2949/.sandboxFiles
Starting copy block
Running copy command:  /bin/cp -fp /tmp/maxwoo/21EF1A6A9139C9FD2A38E59AFB466F9A_2949/out_21EF1A6A9139C9FD2A38E59AFB466F9A_2949.root /star/data01/pwg/xiatong/git/strangeness/data/
121998 Execution of (/star/data01/pwg/xiatong/git/strangeness/script/sched21EF1A6A9139C9FD2A38E59AFB466F9A_2949.csh ) has ended, exiting normally
121998 We END on [Thu Jun  2 11:09:47 EDT 2022]
