We are starting on node: rcas6295.rcf.bnl.gov
HOME is not defined
Using getent method
HOME is now /star/u/maxwoo
52868 We will spawn ourselves (/star/data01/pwg/xiatong/git/strangeness/script/sched21EF1A6A9139C9FD2A38E59AFB466F9A_1937.csh )
52868 We BEGIN on [Thu Jun  2 11:03:01 EDT 2022]
[1] 53075
52868 We are waiting for 53075 
52868 Grandchild PID is 53374 - found in 10 x 1 seconds
52868 Establishing first watcher   on    Thu Jun  2 11:03:13 EDT 2022
52868 Process tree is 52868 (main) -> 53075 (child) -> 53374 (grandchild)
F S   UID   PID  PPID  C PRI  NI ADDR SZ WCHAN  TTY        TIME CMD
0 D 100667 53374 53075  0 80   0 - 32311 cxiWai ?          0:00 cp /star/data01/pwg/xiatong/AMPT/14GeV/data_851162931.root /tmp/maxwoo/21EF1A6A9139C9FD2A38E59AFB466F9A_1937/INPUTFILES/data_851162931.root
52868 Grandchild PID is 54392 - found in 20 x 2 seconds
52868 Grandchild to watch has changed on Thu Jun  2 11:03:37 EDT 2022
52868 Process tree is 52868 (main) -> 53075 (child) -> 54392 (grandchild)
F S   UID   PID  PPID  C PRI  NI ADDR SZ WCHAN  TTY        TIME CMD
0 D 100667 54392 53075  0 80   0 - 32311 cxiWai ?          0:00 cp /star/data01/pwg/xiatong/AMPT/14GeV/data_851163371.root /tmp/maxwoo/21EF1A6A9139C9FD2A38E59AFB466F9A_1937/INPUTFILES/data_851163371.root
52868 Grandchild PID is 55360 - found in 30 x 2 seconds
52868 Grandchild to watch has changed on Thu Jun  2 11:03:57 EDT 2022
52868 Process tree is 52868 (main) -> 53075 (child) -> 55360 (grandchild)
F S   UID   PID  PPID  C PRI  NI ADDR SZ WCHAN  TTY        TIME CMD
0 D 100667 55360 53075  0 80   0 - 32311 cxiWai ?          0:00 cp /star/data01/pwg/xiatong/AMPT/14GeV/data_851183121.root /tmp/maxwoo/21EF1A6A9139C9FD2A38E59AFB466F9A_1937/INPUTFILES/data_851183121.root
52868 Grandchild PID is 56186 - found in 40 x 2 seconds
52868 Grandchild to watch has changed on Thu Jun  2 11:04:18 EDT 2022
52868 Process tree is 52868 (main) -> 53075 (child) -> 56186 (grandchild)
F S   UID   PID  PPID  C PRI  NI ADDR SZ WCHAN  TTY        TIME CMD
0 D 100667 56186 53075  0 80   0 - 32311 cxiWai ?          0:00 cp /star/data01/pwg/xiatong/AMPT/14GeV/data_851189471.root /tmp/maxwoo/21EF1A6A9139C9FD2A38E59AFB466F9A_1937/INPUTFILES/data_851189471.root
52868 Grandchild PID is 56950 - found in 50 x 2 seconds
52868 Grandchild to watch has changed on Thu Jun  2 11:04:39 EDT 2022
52868 Process tree is 52868 (main) -> 53075 (child) -> 56950 (grandchild)
F S   UID   PID  PPID  C PRI  NI ADDR SZ WCHAN  TTY        TIME CMD
0 D 100667 56950 53075  0 80   0 - 32311 cxiWai ?          0:00 cp /star/data01/pwg/xiatong/AMPT/14GeV/data_851199611.root /tmp/maxwoo/21EF1A6A9139C9FD2A38E59AFB466F9A_1937/INPUTFILES/data_851199611.root
52868 Grandchild PID is 57841 - found in 60 x 2 seconds
52868 Grandchild to watch has changed on Thu Jun  2 11:04:59 EDT 2022
52868 Process tree is 52868 (main) -> 53075 (child) -> 57841 (grandchild)
F S   UID   PID  PPID  C PRI  NI ADDR SZ WCHAN  TTY        TIME CMD
0 D 100667 57841 53075  0 80   0 - 32311 cxiWai ?          0:00 cp /star/data01/pwg/xiatong/AMPT/14GeV/data_851795721.root /tmp/maxwoo/21EF1A6A9139C9FD2A38E59AFB466F9A_1937/INPUTFILES/data_851795721.root
52868 Grandchild PID is 59605 - found in 80 x 2 seconds
52868 Grandchild to watch has changed on Thu Jun  2 11:05:41 EDT 2022
52868 Process tree is 52868 (main) -> 53075 (child) -> 59605 (grandchild)
F S   UID   PID  PPID  C PRI  NI ADDR SZ WCHAN  TTY        TIME CMD
0 S 100667 59605 53075  0 80   0 -  1272 do_wai ?          0:00 root -b -q check_S.C++("/tmp/maxwoo/21EF1A6A9139C9FD2A38E59AFB466F9A_1937/INPUTFILES/21EF1A6A9139C9FD2A38E59AFB466F9A_1937.local.list","21EF1A6A9139C9FD2A38E59AFB466F9A_1937",1)
53075 Stepping into the main SUMS wrapper program with []
.... building sandbox
Running: cp /star/data01/pwg/xiatong/AMPT/14GeV/data_851162851.root /tmp/maxwoo/21EF1A6A9139C9FD2A38E59AFB466F9A_1937/INPUTFILES/data_851162851.root
Running: cp /star/data01/pwg/xiatong/AMPT/14GeV/data_851162881.root /tmp/maxwoo/21EF1A6A9139C9FD2A38E59AFB466F9A_1937/INPUTFILES/data_851162881.root
Running: cp /star/data01/pwg/xiatong/AMPT/14GeV/data_851162911.root /tmp/maxwoo/21EF1A6A9139C9FD2A38E59AFB466F9A_1937/INPUTFILES/data_851162911.root
Running: cp /star/data01/pwg/xiatong/AMPT/14GeV/data_851162931.root /tmp/maxwoo/21EF1A6A9139C9FD2A38E59AFB466F9A_1937/INPUTFILES/data_851162931.root
Running: cp /star/data01/pwg/xiatong/AMPT/14GeV/data_851162941.root /tmp/maxwoo/21EF1A6A9139C9FD2A38E59AFB466F9A_1937/INPUTFILES/data_851162941.root
Running: cp /star/data01/pwg/xiatong/AMPT/14GeV/data_851163371.root /tmp/maxwoo/21EF1A6A9139C9FD2A38E59AFB466F9A_1937/INPUTFILES/data_851163371.root
Running: cp /star/data01/pwg/xiatong/AMPT/14GeV/data_851170721.root /tmp/maxwoo/21EF1A6A9139C9FD2A38E59AFB466F9A_1937/INPUTFILES/data_851170721.root
Running: cp /star/data01/pwg/xiatong/AMPT/14GeV/data_851175201.root /tmp/maxwoo/21EF1A6A9139C9FD2A38E59AFB466F9A_1937/INPUTFILES/data_851175201.root
Running: cp /star/data01/pwg/xiatong/AMPT/14GeV/data_851183061.root /tmp/maxwoo/21EF1A6A9139C9FD2A38E59AFB466F9A_1937/INPUTFILES/data_851183061.root
Running: cp /star/data01/pwg/xiatong/AMPT/14GeV/data_851183071.root /tmp/maxwoo/21EF1A6A9139C9FD2A38E59AFB466F9A_1937/INPUTFILES/data_851183071.root
Running: cp /star/data01/pwg/xiatong/AMPT/14GeV/data_851183121.root /tmp/maxwoo/21EF1A6A9139C9FD2A38E59AFB466F9A_1937/INPUTFILES/data_851183121.root
Running: cp /star/data01/pwg/xiatong/AMPT/14GeV/data_851183221.root /tmp/maxwoo/21EF1A6A9139C9FD2A38E59AFB466F9A_1937/INPUTFILES/data_851183221.root
Running: cp /star/data01/pwg/xiatong/AMPT/14GeV/data_851183261.root /tmp/maxwoo/21EF1A6A9139C9FD2A38E59AFB466F9A_1937/INPUTFILES/data_851183261.root
Running: cp /star/data01/pwg/xiatong/AMPT/14GeV/data_851183301.root /tmp/maxwoo/21EF1A6A9139C9FD2A38E59AFB466F9A_1937/INPUTFILES/data_851183301.root
Running: cp /star/data01/pwg/xiatong/AMPT/14GeV/data_851183311.root /tmp/maxwoo/21EF1A6A9139C9FD2A38E59AFB466F9A_1937/INPUTFILES/data_851183311.root
Running: cp /star/data01/pwg/xiatong/AMPT/14GeV/data_851183341.root /tmp/maxwoo/21EF1A6A9139C9FD2A38E59AFB466F9A_1937/INPUTFILES/data_851183341.root
Running: cp /star/data01/pwg/xiatong/AMPT/14GeV/data_851183371.root /tmp/maxwoo/21EF1A6A9139C9FD2A38E59AFB466F9A_1937/INPUTFILES/data_851183371.root
Running: cp /star/data01/pwg/xiatong/AMPT/14GeV/data_851183391.root /tmp/maxwoo/21EF1A6A9139C9FD2A38E59AFB466F9A_1937/INPUTFILES/data_851183391.root
Running: cp /star/data01/pwg/xiatong/AMPT/14GeV/data_851183401.root /tmp/maxwoo/21EF1A6A9139C9FD2A38E59AFB466F9A_1937/INPUTFILES/data_851183401.root
Running: cp /star/data01/pwg/xiatong/AMPT/14GeV/data_851183431.root /tmp/maxwoo/21EF1A6A9139C9FD2A38E59AFB466F9A_1937/INPUTFILES/data_851183431.root
Running: cp /star/data01/pwg/xiatong/AMPT/14GeV/data_851189471.root /tmp/maxwoo/21EF1A6A9139C9FD2A38E59AFB466F9A_1937/INPUTFILES/data_851189471.root
Running: cp /star/data01/pwg/xiatong/AMPT/14GeV/data_851190191.root /tmp/maxwoo/21EF1A6A9139C9FD2A38E59AFB466F9A_1937/INPUTFILES/data_851190191.root
Running: cp /star/data01/pwg/xiatong/AMPT/14GeV/data_851195771.root /tmp/maxwoo/21EF1A6A9139C9FD2A38E59AFB466F9A_1937/INPUTFILES/data_851195771.root
Running: cp /star/data01/pwg/xiatong/AMPT/14GeV/data_851196091.root /tmp/maxwoo/21EF1A6A9139C9FD2A38E59AFB466F9A_1937/INPUTFILES/data_851196091.root
Running: cp /star/data01/pwg/xiatong/AMPT/14GeV/data_851198281.root /tmp/maxwoo/21EF1A6A9139C9FD2A38E59AFB466F9A_1937/INPUTFILES/data_851198281.root
Running: cp /star/data01/pwg/xiatong/AMPT/14GeV/data_851199591.root /tmp/maxwoo/21EF1A6A9139C9FD2A38E59AFB466F9A_1937/INPUTFILES/data_851199591.root
Running: cp /star/data01/pwg/xiatong/AMPT/14GeV/data_851199611.root /tmp/maxwoo/21EF1A6A9139C9FD2A38E59AFB466F9A_1937/INPUTFILES/data_851199611.root
Running: cp /star/data01/pwg/xiatong/AMPT/14GeV/data_851295751.root /tmp/maxwoo/21EF1A6A9139C9FD2A38E59AFB466F9A_1937/INPUTFILES/data_851295751.root
Running: cp /star/data01/pwg/xiatong/AMPT/14GeV/data_851398451.root /tmp/maxwoo/21EF1A6A9139C9FD2A38E59AFB466F9A_1937/INPUTFILES/data_851398451.root
Running: cp /star/data01/pwg/xiatong/AMPT/14GeV/data_851595741.root /tmp/maxwoo/21EF1A6A9139C9FD2A38E59AFB466F9A_1937/INPUTFILES/data_851595741.root
Running: cp /star/data01/pwg/xiatong/AMPT/14GeV/data_851599911.root /tmp/maxwoo/21EF1A6A9139C9FD2A38E59AFB466F9A_1937/INPUTFILES/data_851599911.root
Running: cp /star/data01/pwg/xiatong/AMPT/14GeV/data_851695701.root /tmp/maxwoo/21EF1A6A9139C9FD2A38E59AFB466F9A_1937/INPUTFILES/data_851695701.root
Running: cp /star/data01/pwg/xiatong/AMPT/14GeV/data_851695711.root /tmp/maxwoo/21EF1A6A9139C9FD2A38E59AFB466F9A_1937/INPUTFILES/data_851695711.root
Running: cp /star/data01/pwg/xiatong/AMPT/14GeV/data_851695731.root /tmp/maxwoo/21EF1A6A9139C9FD2A38E59AFB466F9A_1937/INPUTFILES/data_851695731.root
Running: cp /star/data01/pwg/xiatong/AMPT/14GeV/data_851795691.root /tmp/maxwoo/21EF1A6A9139C9FD2A38E59AFB466F9A_1937/INPUTFILES/data_851795691.root
Running: cp /star/data01/pwg/xiatong/AMPT/14GeV/data_851795721.root /tmp/maxwoo/21EF1A6A9139C9FD2A38E59AFB466F9A_1937/INPUTFILES/data_851795721.root
Running: cp /star/data01/pwg/xiatong/AMPT/14GeV/data_851895671.root /tmp/maxwoo/21EF1A6A9139C9FD2A38E59AFB466F9A_1937/INPUTFILES/data_851895671.root
Swapping $FILELIST with: /tmp/maxwoo/21EF1A6A9139C9FD2A38E59AFB466F9A_1937/INPUTFILES/21EF1A6A9139C9FD2A38E59AFB466F9A_1937.local.list
+++++++++++local copy debug++++++++++++++++++++
newFileList: /tmp/maxwoo/21EF1A6A9139C9FD2A38E59AFB466F9A_1937/INPUTFILES/21EF1A6A9139C9FD2A38E59AFB466F9A_1937.local.list
++++++++++++++++cat FILELIST+++++++++++++++++++
/tmp/maxwoo/21EF1A6A9139C9FD2A38E59AFB466F9A_1937/INPUTFILES/data_851162851.root 
/tmp/maxwoo/21EF1A6A9139C9FD2A38E59AFB466F9A_1937/INPUTFILES/data_851162881.root 
/tmp/maxwoo/21EF1A6A9139C9FD2A38E59AFB466F9A_1937/INPUTFILES/data_851162911.root 
/tmp/maxwoo/21EF1A6A9139C9FD2A38E59AFB466F9A_1937/INPUTFILES/data_851162931.root 
/tmp/maxwoo/21EF1A6A9139C9FD2A38E59AFB466F9A_1937/INPUTFILES/data_851162941.root 
/tmp/maxwoo/21EF1A6A9139C9FD2A38E59AFB466F9A_1937/INPUTFILES/data_851163371.root 
/tmp/maxwoo/21EF1A6A9139C9FD2A38E59AFB466F9A_1937/INPUTFILES/data_851170721.root 
/tmp/maxwoo/21EF1A6A9139C9FD2A38E59AFB466F9A_1937/INPUTFILES/data_851175201.root 
/tmp/maxwoo/21EF1A6A9139C9FD2A38E59AFB466F9A_1937/INPUTFILES/data_851183061.root 
/tmp/maxwoo/21EF1A6A9139C9FD2A38E59AFB466F9A_1937/INPUTFILES/data_851183071.root 
/tmp/maxwoo/21EF1A6A9139C9FD2A38E59AFB466F9A_1937/INPUTFILES/data_851183121.root 
/tmp/maxwoo/21EF1A6A9139C9FD2A38E59AFB466F9A_1937/INPUTFILES/data_851183221.root 
/tmp/maxwoo/21EF1A6A9139C9FD2A38E59AFB466F9A_1937/INPUTFILES/data_851183261.root 
/tmp/maxwoo/21EF1A6A9139C9FD2A38E59AFB466F9A_1937/INPUTFILES/data_851183301.root 
/tmp/maxwoo/21EF1A6A9139C9FD2A38E59AFB466F9A_1937/INPUTFILES/data_851183311.root 
/tmp/maxwoo/21EF1A6A9139C9FD2A38E59AFB466F9A_1937/INPUTFILES/data_851183341.root 
/tmp/maxwoo/21EF1A6A9139C9FD2A38E59AFB466F9A_1937/INPUTFILES/data_851183371.root 
/tmp/maxwoo/21EF1A6A9139C9FD2A38E59AFB466F9A_1937/INPUTFILES/data_851183391.root 
/tmp/maxwoo/21EF1A6A9139C9FD2A38E59AFB466F9A_1937/INPUTFILES/data_851183401.root 
/tmp/maxwoo/21EF1A6A9139C9FD2A38E59AFB466F9A_1937/INPUTFILES/data_851183431.root 
/tmp/maxwoo/21EF1A6A9139C9FD2A38E59AFB466F9A_1937/INPUTFILES/data_851189471.root 
/tmp/maxwoo/21EF1A6A9139C9FD2A38E59AFB466F9A_1937/INPUTFILES/data_851190191.root 
/tmp/maxwoo/21EF1A6A9139C9FD2A38E59AFB466F9A_1937/INPUTFILES/data_851195771.root 
/tmp/maxwoo/21EF1A6A9139C9FD2A38E59AFB466F9A_1937/INPUTFILES/data_851196091.root 
/tmp/maxwoo/21EF1A6A9139C9FD2A38E59AFB466F9A_1937/INPUTFILES/data_851198281.root 
/tmp/maxwoo/21EF1A6A9139C9FD2A38E59AFB466F9A_1937/INPUTFILES/data_851199591.root 
/tmp/maxwoo/21EF1A6A9139C9FD2A38E59AFB466F9A_1937/INPUTFILES/data_851199611.root 
/tmp/maxwoo/21EF1A6A9139C9FD2A38E59AFB466F9A_1937/INPUTFILES/data_851295751.root 
/tmp/maxwoo/21EF1A6A9139C9FD2A38E59AFB466F9A_1937/INPUTFILES/data_851398451.root 
/tmp/maxwoo/21EF1A6A9139C9FD2A38E59AFB466F9A_1937/INPUTFILES/data_851595741.root 
/tmp/maxwoo/21EF1A6A9139C9FD2A38E59AFB466F9A_1937/INPUTFILES/data_851599911.root 
/tmp/maxwoo/21EF1A6A9139C9FD2A38E59AFB466F9A_1937/INPUTFILES/data_851695701.root 
/tmp/maxwoo/21EF1A6A9139C9FD2A38E59AFB466F9A_1937/INPUTFILES/data_851695711.root 
/tmp/maxwoo/21EF1A6A9139C9FD2A38E59AFB466F9A_1937/INPUTFILES/data_851695731.root 
/tmp/maxwoo/21EF1A6A9139C9FD2A38E59AFB466F9A_1937/INPUTFILES/data_851795691.root 
/tmp/maxwoo/21EF1A6A9139C9FD2A38E59AFB466F9A_1937/INPUTFILES/data_851795721.root 
/tmp/maxwoo/21EF1A6A9139C9FD2A38E59AFB466F9A_1937/INPUTFILES/data_851895671.root 
++++++++++++++++++++find.++++++++++++++++++++++
.
./lib
./lib/my_event.h
./lib/MixedBuffer.h
./lib/CenMaker.cpp
./lib/CenMaker_cpp.d
./lib/CenMaker_cpp.so
./lib/my_particle.h
./lib/my_particle.cpp
./lib/my_particle_cpp_ACLiC_dict_rdict.pcm
./lib/NpartNormalizer_cpp.so
./lib/NpartNormalizer_cpp_ACLiC_dict_rdict.pcm
./lib/my_particle_cpp.d
./lib/my_event_cpp_ACLiC_dict_rdict.pcm
./lib/my_particle_cpp.so
./lib/NpartNormalizer.h
./lib/NpartNormalizer_cpp.d
./lib/MixedBuffer_cpp_ACLiC_dict_rdict.pcm
./lib/my_event.cpp
./lib/my_event_cpp.d
./lib/CenMaker_cpp_ACLiC_dict_rdict.pcm
./lib/NpartNormalizer.cpp
./lib/MixedBuffer_cpp.so
./lib/MixedBuffer_cpp.d
./lib/CenMaker.h
./lib/MixedBuffer.cpp
./lib/my_event_cpp.so
./.sandboxFiles
./.errror.log
./INPUTFILES
./INPUTFILES/data_851183221.root
./INPUTFILES/data_851162851.root
./INPUTFILES/data_851183121.root
./INPUTFILES/data_851599911.root
./INPUTFILES/data_851695731.root
./INPUTFILES/data_851199611.root
./INPUTFILES/data_851183341.root
./INPUTFILES/data_851795691.root
./INPUTFILES/data_851198281.root
./INPUTFILES/data_851199591.root
./INPUTFILES/data_851162941.root
./INPUTFILES/data_851170721.root
./INPUTFILES/data_851183391.root
./INPUTFILES/data_851196091.root
./INPUTFILES/data_851183311.root
./INPUTFILES/data_851183071.root
./INPUTFILES/data_851183301.root
./INPUTFILES/data_851162911.root
./INPUTFILES/data_851162931.root
./INPUTFILES/data_851183371.root
./INPUTFILES/data_851195771.root
./INPUTFILES/data_851398451.root
./INPUTFILES/data_851595741.root
./INPUTFILES/data_851695711.root
./INPUTFILES/data_851162881.root
./INPUTFILES/data_851190191.root
./INPUTFILES/data_851175201.root
./INPUTFILES/data_851183261.root
./INPUTFILES/data_851295751.root
./INPUTFILES/21EF1A6A9139C9FD2A38E59AFB466F9A_1937.local.list
./INPUTFILES/data_851695701.root
./INPUTFILES/data_851895671.root
./INPUTFILES/data_851183061.root
./INPUTFILES/data_851795721.root
./INPUTFILES/data_851189471.root
./INPUTFILES/data_851183401.root
./INPUTFILES/data_851183431.root
./INPUTFILES/data_851163371.root
./check_S.C
./Check_Sness.C
./.output.log
++++++++++++++++INPUTFILE Var++++++++++++++++++
FILELIST=/tmp/maxwoo/21EF1A6A9139C9FD2A38E59AFB466F9A_1937/INPUTFILES/21EF1A6A9139C9FD2A38E59AFB466F9A_1937.local.list
INPUTFILECOUNT=37
INPUTFILE0=/tmp/maxwoo/21EF1A6A9139C9FD2A38E59AFB466F9A_1937/INPUTFILES/data_851162851.root
INPUTFILE1=/tmp/maxwoo/21EF1A6A9139C9FD2A38E59AFB466F9A_1937/INPUTFILES/data_851162881.root
INPUTFILE2=/tmp/maxwoo/21EF1A6A9139C9FD2A38E59AFB466F9A_1937/INPUTFILES/data_851162911.root
INPUTFILE3=/tmp/maxwoo/21EF1A6A9139C9FD2A38E59AFB466F9A_1937/INPUTFILES/data_851162931.root
INPUTFILE4=/tmp/maxwoo/21EF1A6A9139C9FD2A38E59AFB466F9A_1937/INPUTFILES/data_851162941.root
INPUTFILE5=/tmp/maxwoo/21EF1A6A9139C9FD2A38E59AFB466F9A_1937/INPUTFILES/data_851163371.root
INPUTFILE6=/tmp/maxwoo/21EF1A6A9139C9FD2A38E59AFB466F9A_1937/INPUTFILES/data_851170721.root
INPUTFILE7=/tmp/maxwoo/21EF1A6A9139C9FD2A38E59AFB466F9A_1937/INPUTFILES/data_851175201.root
INPUTFILE8=/tmp/maxwoo/21EF1A6A9139C9FD2A38E59AFB466F9A_1937/INPUTFILES/data_851183061.root
INPUTFILE9=/tmp/maxwoo/21EF1A6A9139C9FD2A38E59AFB466F9A_1937/INPUTFILES/data_851183071.root
INPUTFILE10=/tmp/maxwoo/21EF1A6A9139C9FD2A38E59AFB466F9A_1937/INPUTFILES/data_851183121.root
INPUTFILE11=/tmp/maxwoo/21EF1A6A9139C9FD2A38E59AFB466F9A_1937/INPUTFILES/data_851183221.root
INPUTFILE12=/tmp/maxwoo/21EF1A6A9139C9FD2A38E59AFB466F9A_1937/INPUTFILES/data_851183261.root
INPUTFILE13=/tmp/maxwoo/21EF1A6A9139C9FD2A38E59AFB466F9A_1937/INPUTFILES/data_851183301.root
INPUTFILE14=/tmp/maxwoo/21EF1A6A9139C9FD2A38E59AFB466F9A_1937/INPUTFILES/data_851183311.root
INPUTFILE15=/tmp/maxwoo/21EF1A6A9139C9FD2A38E59AFB466F9A_1937/INPUTFILES/data_851183341.root
INPUTFILE16=/tmp/maxwoo/21EF1A6A9139C9FD2A38E59AFB466F9A_1937/INPUTFILES/data_851183371.root
INPUTFILE17=/tmp/maxwoo/21EF1A6A9139C9FD2A38E59AFB466F9A_1937/INPUTFILES/data_851183391.root
INPUTFILE18=/tmp/maxwoo/21EF1A6A9139C9FD2A38E59AFB466F9A_1937/INPUTFILES/data_851183401.root
INPUTFILE19=/tmp/maxwoo/21EF1A6A9139C9FD2A38E59AFB466F9A_1937/INPUTFILES/data_851183431.root
INPUTFILE20=/tmp/maxwoo/21EF1A6A9139C9FD2A38E59AFB466F9A_1937/INPUTFILES/data_851189471.root
INPUTFILE21=/tmp/maxwoo/21EF1A6A9139C9FD2A38E59AFB466F9A_1937/INPUTFILES/data_851190191.root
INPUTFILE22=/tmp/maxwoo/21EF1A6A9139C9FD2A38E59AFB466F9A_1937/INPUTFILES/data_851195771.root
INPUTFILE23=/tmp/maxwoo/21EF1A6A9139C9FD2A38E59AFB466F9A_1937/INPUTFILES/data_851196091.root
INPUTFILE24=/tmp/maxwoo/21EF1A6A9139C9FD2A38E59AFB466F9A_1937/INPUTFILES/data_851198281.root
INPUTFILE25=/tmp/maxwoo/21EF1A6A9139C9FD2A38E59AFB466F9A_1937/INPUTFILES/data_851199591.root
INPUTFILE26=/tmp/maxwoo/21EF1A6A9139C9FD2A38E59AFB466F9A_1937/INPUTFILES/data_851199611.root
INPUTFILE27=/tmp/maxwoo/21EF1A6A9139C9FD2A38E59AFB466F9A_1937/INPUTFILES/data_851295751.root
INPUTFILE28=/tmp/maxwoo/21EF1A6A9139C9FD2A38E59AFB466F9A_1937/INPUTFILES/data_851398451.root
INPUTFILE29=/tmp/maxwoo/21EF1A6A9139C9FD2A38E59AFB466F9A_1937/INPUTFILES/data_851595741.root
INPUTFILE30=/tmp/maxwoo/21EF1A6A9139C9FD2A38E59AFB466F9A_1937/INPUTFILES/data_851599911.root
INPUTFILE31=/tmp/maxwoo/21EF1A6A9139C9FD2A38E59AFB466F9A_1937/INPUTFILES/data_851695701.root
INPUTFILE32=/tmp/maxwoo/21EF1A6A9139C9FD2A38E59AFB466F9A_1937/INPUTFILES/data_851695711.root
INPUTFILE33=/tmp/maxwoo/21EF1A6A9139C9FD2A38E59AFB466F9A_1937/INPUTFILES/data_851695731.root
INPUTFILE34=/tmp/maxwoo/21EF1A6A9139C9FD2A38E59AFB466F9A_1937/INPUTFILES/data_851795691.root
INPUTFILE35=/tmp/maxwoo/21EF1A6A9139C9FD2A38E59AFB466F9A_1937/INPUTFILES/data_851795721.root
INPUTFILE36=/tmp/maxwoo/21EF1A6A9139C9FD2A38E59AFB466F9A_1937/INPUTFILES/data_851895671.root
LocalInputFileDir=/tmp/maxwoo/21EF1A6A9139C9FD2A38E59AFB466F9A_1937/INPUTFILES
NewFILELIST=/tmp/maxwoo/21EF1A6A9139C9FD2A38E59AFB466F9A_1937/INPUTFILES/21EF1A6A9139C9FD2A38E59AFB466F9A_1937.local.list
+++++++++++++++++++++++++++++++++++++++++++++++
--------------------------------
Simple Unified Meta Scheduler 1.10.50 we are starting in $SCRATCH : /home/tmp/maxwoo/21EF1A6A9139C9FD2A38E59AFB466F9A_1937
--------------------------------
total 16
lrwxrwxrwx 1 maxwoo rhstar   61 Jun  2 11:03 check_S.C -> /gpfs/mnt/gpfs01/star/pwg/xiatong/git/strangeness/./check_S.C
lrwxrwxrwx 1 maxwoo rhstar   65 Jun  2 11:03 Check_Sness.C -> /gpfs/mnt/gpfs01/star/pwg/xiatong/git/strangeness/./Check_Sness.C
drwxr-xr-x 2 maxwoo rhstar 4096 Jun  2 11:05 INPUTFILES
drwxr-xr-x 2 maxwoo rhstar 4096 Jun  2 11:03 lib
  *******************************************
  *                                         *
  *        W E L C O M E  to  R O O T       *
  *                                         *
  *   Version   5.34/38     12 March 2018   *
  *                                         *
  *  You are welcome to visit our Web site  *
  *          http://root.cern.ch            *
  *                                         *
  *******************************************

ROOT 5.34/38 (v5-34-38@v5-34-38, Mar 12 2018, 15:49:39 on linux)

CINT/ROOT C/C++ Interpreter version 5.18.00, July 2, 2010
Type ? for help. Commands must be C++ statements.
Enclose multiple statements between { }.
*** Float Point Exception is OFF ***
 *** Start at Date : Thu Jun  2 11:05:37 2022
QAInfo:You are using STAR_LEVEL : dev, ROOT_LEVEL : 5.34.38 and node : rcas6295.rcf.bnl.gov 

Processing check_S.C++("/tmp/maxwoo/21EF1A6A9139C9FD2A38E59AFB466F9A_1937/INPUTFILES/21EF1A6A9139C9FD2A38E59AFB466F9A_1937.local.list","21EF1A6A9139C9FD2A38E59AFB466F9A_1937",1)...
/tmp/maxwoo/21EF1A6A9139C9FD2A38E59AFB466F9A_1937/INPUTFILES/data_851162851.root 
/tmp/maxwoo/21EF1A6A9139C9FD2A38E59AFB466F9A_1937/INPUTFILES/data_851162881.root 
/tmp/maxwoo/21EF1A6A9139C9FD2A38E59AFB466F9A_1937/INPUTFILES/data_851162911.root 
/tmp/maxwoo/21EF1A6A9139C9FD2A38E59AFB466F9A_1937/INPUTFILES/data_851162931.root 
/tmp/maxwoo/21EF1A6A9139C9FD2A38E59AFB466F9A_1937/INPUTFILES/data_851162941.root 
/tmp/maxwoo/21EF1A6A9139C9FD2A38E59AFB466F9A_1937/INPUTFILES/data_851163371.root 
/tmp/maxwoo/21EF1A6A9139C9FD2A38E59AFB466F9A_1937/INPUTFILES/data_851170721.root 
/tmp/maxwoo/21EF1A6A9139C9FD2A38E59AFB466F9A_1937/INPUTFILES/data_851175201.root 
/tmp/maxwoo/21EF1A6A9139C9FD2A38E59AFB466F9A_1937/INPUTFILES/data_851183061.root 
/tmp/maxwoo/21EF1A6A9139C9FD2A38E59AFB466F9A_1937/INPUTFILES/data_851183071.root 
/tmp/maxwoo/21EF1A6A9139C9FD2A38E59AFB466F9A_1937/INPUTFILES/data_851183121.root 
/tmp/maxwoo/21EF1A6A9139C9FD2A38E59AFB466F9A_1937/INPUTFILES/data_851183221.root 
/tmp/maxwoo/21EF1A6A9139C9FD2A38E59AFB466F9A_1937/INPUTFILES/data_851183261.root 
/tmp/maxwoo/21EF1A6A9139C9FD2A38E59AFB466F9A_1937/INPUTFILES/data_851183301.root 
/tmp/maxwoo/21EF1A6A9139C9FD2A38E59AFB466F9A_1937/INPUTFILES/data_851183311.root 
/tmp/maxwoo/21EF1A6A9139C9FD2A38E59AFB466F9A_1937/INPUTFILES/data_851183341.root 
/tmp/maxwoo/21EF1A6A9139C9FD2A38E59AFB466F9A_1937/INPUTFILES/data_851183371.root 
/tmp/maxwoo/21EF1A6A9139C9FD2A38E59AFB466F9A_1937/INPUTFILES/data_851183391.root 
/tmp/maxwoo/21EF1A6A9139C9FD2A38E59AFB466F9A_1937/INPUTFILES/data_851183401.root 
/tmp/maxwoo/21EF1A6A9139C9FD2A38E59AFB466F9A_1937/INPUTFILES/data_851183431.root 
/tmp/maxwoo/21EF1A6A9139C9FD2A38E59AFB466F9A_1937/INPUTFILES/data_851189471.root 
/tmp/maxwoo/21EF1A6A9139C9FD2A38E59AFB466F9A_1937/INPUTFILES/data_851190191.root 
/tmp/maxwoo/21EF1A6A9139C9FD2A38E59AFB466F9A_1937/INPUTFILES/data_851195771.root 
/tmp/maxwoo/21EF1A6A9139C9FD2A38E59AFB466F9A_1937/INPUTFILES/data_851196091.root 
/tmp/maxwoo/21EF1A6A9139C9FD2A38E59AFB466F9A_1937/INPUTFILES/data_851198281.root 
/tmp/maxwoo/21EF1A6A9139C9FD2A38E59AFB466F9A_1937/INPUTFILES/data_851199591.root 
/tmp/maxwoo/21EF1A6A9139C9FD2A38E59AFB466F9A_1937/INPUTFILES/data_851199611.root 
/tmp/maxwoo/21EF1A6A9139C9FD2A38E59AFB466F9A_1937/INPUTFILES/data_851295751.root 
/tmp/maxwoo/21EF1A6A9139C9FD2A38E59AFB466F9A_1937/INPUTFILES/data_851398451.root 
/tmp/maxwoo/21EF1A6A9139C9FD2A38E59AFB466F9A_1937/INPUTFILES/data_851595741.root 
/tmp/maxwoo/21EF1A6A9139C9FD2A38E59AFB466F9A_1937/INPUTFILES/data_851599911.root 
/tmp/maxwoo/21EF1A6A9139C9FD2A38E59AFB466F9A_1937/INPUTFILES/data_851695701.root 
/tmp/maxwoo/21EF1A6A9139C9FD2A38E59AFB466F9A_1937/INPUTFILES/data_851695711.root 
/tmp/maxwoo/21EF1A6A9139C9FD2A38E59AFB466F9A_1937/INPUTFILES/data_851695731.root 
/tmp/maxwoo/21EF1A6A9139C9FD2A38E59AFB466F9A_1937/INPUTFILES/data_851795691.root 
/tmp/maxwoo/21EF1A6A9139C9FD2A38E59AFB466F9A_1937/INPUTFILES/data_851795721.root 
/tmp/maxwoo/21EF1A6A9139C9FD2A38E59AFB466F9A_1937/INPUTFILES/data_851895671.root 
Added 37 files
# entries in chain: 35702
Processing entry == 1000 == out of 35702.
Processing entry == 2000 == out of 35702.
Processing entry == 3000 == out of 35702.
Processing entry == 4000 == out of 35702.
Processing entry == 5000 == out of 35702.
Processing entry == 6000 == out of 35702.
Processing entry == 7000 == out of 35702.
Processing entry == 8000 == out of 35702.
Processing entry == 9000 == out of 35702.
Processing entry == 10000 == out of 35702.
Processing entry == 11000 == out of 35702.
Processing entry == 12000 == out of 35702.
Processing entry == 13000 == out of 35702.
Processing entry == 14000 == out of 35702.
Processing entry == 15000 == out of 35702.
Processing entry == 16000 == out of 35702.
Processing entry == 17000 == out of 35702.
Processing entry == 18000 == out of 35702.
Processing entry == 19000 == out of 35702.
Processing entry == 20000 == out of 35702.
Processing entry == 21000 == out of 35702.
Processing entry == 22000 == out of 35702.
Processing entry == 23000 == out of 35702.
Processing entry == 24000 == out of 35702.
Processing entry == 25000 == out of 35702.
Processing entry == 26000 == out of 35702.
Processing entry == 27000 == out of 35702.
Processing entry == 28000 == out of 35702.
Processing entry == 29000 == out of 35702.
Processing entry == 30000 == out of 35702.
Processing entry == 31000 == out of 35702.
Processing entry == 32000 == out of 35702.
Processing entry == 33000 == out of 35702.
Processing entry == 34000 == out of 35702.
Processing entry == 35000 == out of 35702.

This is the end of ROOT -- Goodbye

Cleaning up sandbox file:  /tmp/maxwoo/21EF1A6A9139C9FD2A38E59AFB466F9A_1937/check_S.C
Cleaning up sandbox file:  /tmp/maxwoo/21EF1A6A9139C9FD2A38E59AFB466F9A_1937/Check_Sness.C
Cleaning up sandbox file:  /tmp/maxwoo/21EF1A6A9139C9FD2A38E59AFB466F9A_1937/lib
Cleaning up sandbox file:  /tmp/maxwoo/21EF1A6A9139C9FD2A38E59AFB466F9A_1937/.sandboxFiles
Starting copy block
Running copy command:  /bin/cp -fp /tmp/maxwoo/21EF1A6A9139C9FD2A38E59AFB466F9A_1937/out_21EF1A6A9139C9FD2A38E59AFB466F9A_1937.root /star/data01/pwg/xiatong/git/strangeness/data/
52868 Execution of (/star/data01/pwg/xiatong/git/strangeness/script/sched21EF1A6A9139C9FD2A38E59AFB466F9A_1937.csh ) has ended, exiting normally
52868 We END on [Thu Jun  2 11:26:42 EDT 2022]
