We are starting on node: spool0130.sdcc.bnl.gov
HOME is not defined
Using getent method
HOME is now /star/u/maxwoo
145830 We will spawn ourselves (/star/data01/pwg/xiatong/git/strangeness/script/sched21EF1A6A9139C9FD2A38E59AFB466F9A_1663.csh )
145830 We BEGIN on [Thu Jun  2 11:05:18 EDT 2022]
[1] 146453
145830 We are waiting for 146453 
145830 Grandchild PID is 147588 - found in 10 x 1 seconds
145830 Establishing first watcher   on    Thu Jun  2 11:05:29 EDT 2022
145830 Process tree is 145830 (main) -> 146453 (child) -> 147588 (grandchild)
F S   UID    PID   PPID  C PRI  NI ADDR SZ WCHAN  TTY        TIME CMD
0 D 100667 147588 146453  0 80   0 - 32311 cxiWai ?          0:00 cp /star/data01/pwg/xiatong/AMPT/14GeV/data_619129011.root /tmp/maxwoo/21EF1A6A9139C9FD2A38E59AFB466F9A_1663/INPUTFILES/data_619129011.root
145830 Grandchild PID is 155053 - found in 20 x 2 seconds
145830 Grandchild to watch has changed on Thu Jun  2 11:05:50 EDT 2022
145830 Process tree is 145830 (main) -> 146453 (child) -> 155053 (grandchild)
F S   UID    PID   PPID  C PRI  NI ADDR SZ WCHAN  TTY        TIME CMD
0 D 100667 155053 146453  0 80   0 - 32311 cxiWai ?          0:00 cp /star/data01/pwg/xiatong/AMPT/14GeV/data_619151161.root /tmp/maxwoo/21EF1A6A9139C9FD2A38E59AFB466F9A_1663/INPUTFILES/data_619151161.root
145830 Grandchild PID is 158972 - found in 30 x 2 seconds
145830 Grandchild to watch has changed on Thu Jun  2 11:06:11 EDT 2022
145830 Process tree is 145830 (main) -> 146453 (child) -> 158972 (grandchild)
F S   UID    PID   PPID  C PRI  NI ADDR SZ WCHAN  TTY        TIME CMD
0 D 100667 158972 146453  0 80   0 - 32311 cxiWai ?          0:00 cp /star/data01/pwg/xiatong/AMPT/14GeV/data_619176201.root /tmp/maxwoo/21EF1A6A9139C9FD2A38E59AFB466F9A_1663/INPUTFILES/data_619176201.root
145830 Grandchild PID is 161028 - found in 40 x 2 seconds
145830 Grandchild to watch has changed on Thu Jun  2 11:06:32 EDT 2022
145830 Process tree is 145830 (main) -> 146453 (child) -> 161028 (grandchild)
F S   UID    PID   PPID  C PRI  NI ADDR SZ WCHAN  TTY        TIME CMD
0 D 100667 161028 146453  0 80   0 - 32311 cxiWai ?          0:00 cp /star/data01/pwg/xiatong/AMPT/14GeV/data_619176321.root /tmp/maxwoo/21EF1A6A9139C9FD2A38E59AFB466F9A_1663/INPUTFILES/data_619176321.root
145830 Grandchild PID is 165734 - found in 50 x 2 seconds
145830 Grandchild to watch has changed on Thu Jun  2 11:06:53 EDT 2022
145830 Process tree is 145830 (main) -> 146453 (child) -> 165734 (grandchild)
F S   UID    PID   PPID  C PRI  NI ADDR SZ WCHAN  TTY        TIME CMD
0 D 100667 165734 146453  0 80   0 - 32311 cxiWai ?          0:00 cp /star/data01/pwg/xiatong/AMPT/14GeV/data_619190991.root /tmp/maxwoo/21EF1A6A9139C9FD2A38E59AFB466F9A_1663/INPUTFILES/data_619190991.root
145830 Grandchild PID is 170444 - found in 60 x 2 seconds
145830 Grandchild to watch has changed on Thu Jun  2 11:07:14 EDT 2022
145830 Process tree is 145830 (main) -> 146453 (child) -> 170444 (grandchild)
F S   UID    PID   PPID  C PRI  NI ADDR SZ WCHAN  TTY        TIME CMD
0 D 100667 170444 146453  0 80   0 - 32311 cxiWai ?          0:00 cp /star/data01/pwg/xiatong/AMPT/14GeV/data_619191181.root /tmp/maxwoo/21EF1A6A9139C9FD2A38E59AFB466F9A_1663/INPUTFILES/data_619191181.root
145830 Grandchild PID is 173368 - found in 70 x 2 seconds
145830 Grandchild to watch has changed on Thu Jun  2 11:07:35 EDT 2022
145830 Process tree is 145830 (main) -> 146453 (child) -> 173368 (grandchild)
F S   UID    PID   PPID  C PRI  NI ADDR SZ WCHAN  TTY        TIME CMD
0 D 100667 173368 146453  0 80   0 - 32311 cxiWai ?          0:00 cp /star/data01/pwg/xiatong/AMPT/14GeV/data_619532501.root /tmp/maxwoo/21EF1A6A9139C9FD2A38E59AFB466F9A_1663/INPUTFILES/data_619532501.root
145830 Grandchild PID is 176274 - found in 80 x 2 seconds
145830 Grandchild to watch has changed on Thu Jun  2 11:07:56 EDT 2022
145830 Process tree is 145830 (main) -> 146453 (child) -> 176274 (grandchild)
F S   UID    PID   PPID  C PRI  NI ADDR SZ WCHAN  TTY        TIME CMD
0 D 100667 176274 146453  0 80   0 - 32311 cxiWai ?          0:00 cp /star/data01/pwg/xiatong/AMPT/14GeV/data_619638111.root /tmp/maxwoo/21EF1A6A9139C9FD2A38E59AFB466F9A_1663/INPUTFILES/data_619638111.root
145830 Grandchild PID is 181928 - found in 90 x 2 seconds
145830 Grandchild to watch has changed on Thu Jun  2 11:08:17 EDT 2022
145830 Process tree is 145830 (main) -> 146453 (child) -> 181928 (grandchild)
F S   UID    PID   PPID  C PRI  NI ADDR SZ WCHAN  TTY        TIME CMD
0 S 100667 181928 146453  0 80   0 -  1272 do_wai ?          0:00 root -b -q check_S.C++("/tmp/maxwoo/21EF1A6A9139C9FD2A38E59AFB466F9A_1663/INPUTFILES/21EF1A6A9139C9FD2A38E59AFB466F9A_1663.local.list","21EF1A6A9139C9FD2A38E59AFB466F9A_1663",1)
146453 Stepping into the main SUMS wrapper program with []
.... building sandbox
Running: cp /star/data01/pwg/xiatong/AMPT/14GeV/data_619128971.root /tmp/maxwoo/21EF1A6A9139C9FD2A38E59AFB466F9A_1663/INPUTFILES/data_619128971.root
Running: cp /star/data01/pwg/xiatong/AMPT/14GeV/data_619128981.root /tmp/maxwoo/21EF1A6A9139C9FD2A38E59AFB466F9A_1663/INPUTFILES/data_619128981.root
Running: cp /star/data01/pwg/xiatong/AMPT/14GeV/data_619129011.root /tmp/maxwoo/21EF1A6A9139C9FD2A38E59AFB466F9A_1663/INPUTFILES/data_619129011.root
Running: cp /star/data01/pwg/xiatong/AMPT/14GeV/data_619129141.root /tmp/maxwoo/21EF1A6A9139C9FD2A38E59AFB466F9A_1663/INPUTFILES/data_619129141.root
Running: cp /star/data01/pwg/xiatong/AMPT/14GeV/data_619140621.root /tmp/maxwoo/21EF1A6A9139C9FD2A38E59AFB466F9A_1663/INPUTFILES/data_619140621.root
Running: cp /star/data01/pwg/xiatong/AMPT/14GeV/data_619151161.root /tmp/maxwoo/21EF1A6A9139C9FD2A38E59AFB466F9A_1663/INPUTFILES/data_619151161.root
Running: cp /star/data01/pwg/xiatong/AMPT/14GeV/data_619151331.root /tmp/maxwoo/21EF1A6A9139C9FD2A38E59AFB466F9A_1663/INPUTFILES/data_619151331.root
Running: cp /star/data01/pwg/xiatong/AMPT/14GeV/data_619161301.root /tmp/maxwoo/21EF1A6A9139C9FD2A38E59AFB466F9A_1663/INPUTFILES/data_619161301.root
Running: cp /star/data01/pwg/xiatong/AMPT/14GeV/data_619165821.root /tmp/maxwoo/21EF1A6A9139C9FD2A38E59AFB466F9A_1663/INPUTFILES/data_619165821.root
Running: cp /star/data01/pwg/xiatong/AMPT/14GeV/data_619167341.root /tmp/maxwoo/21EF1A6A9139C9FD2A38E59AFB466F9A_1663/INPUTFILES/data_619167341.root
Running: cp /star/data01/pwg/xiatong/AMPT/14GeV/data_619168221.root /tmp/maxwoo/21EF1A6A9139C9FD2A38E59AFB466F9A_1663/INPUTFILES/data_619168221.root
Running: cp /star/data01/pwg/xiatong/AMPT/14GeV/data_619175481.root /tmp/maxwoo/21EF1A6A9139C9FD2A38E59AFB466F9A_1663/INPUTFILES/data_619175481.root
Running: cp /star/data01/pwg/xiatong/AMPT/14GeV/data_619176171.root /tmp/maxwoo/21EF1A6A9139C9FD2A38E59AFB466F9A_1663/INPUTFILES/data_619176171.root
Running: cp /star/data01/pwg/xiatong/AMPT/14GeV/data_619176201.root /tmp/maxwoo/21EF1A6A9139C9FD2A38E59AFB466F9A_1663/INPUTFILES/data_619176201.root
Running: cp /star/data01/pwg/xiatong/AMPT/14GeV/data_619176211.root /tmp/maxwoo/21EF1A6A9139C9FD2A38E59AFB466F9A_1663/INPUTFILES/data_619176211.root
Running: cp /star/data01/pwg/xiatong/AMPT/14GeV/data_619176271.root /tmp/maxwoo/21EF1A6A9139C9FD2A38E59AFB466F9A_1663/INPUTFILES/data_619176271.root
Running: cp /star/data01/pwg/xiatong/AMPT/14GeV/data_619176311.root /tmp/maxwoo/21EF1A6A9139C9FD2A38E59AFB466F9A_1663/INPUTFILES/data_619176311.root
Running: cp /star/data01/pwg/xiatong/AMPT/14GeV/data_619176321.root /tmp/maxwoo/21EF1A6A9139C9FD2A38E59AFB466F9A_1663/INPUTFILES/data_619176321.root
Running: cp /star/data01/pwg/xiatong/AMPT/14GeV/data_619176331.root /tmp/maxwoo/21EF1A6A9139C9FD2A38E59AFB466F9A_1663/INPUTFILES/data_619176331.root
Running: cp /star/data01/pwg/xiatong/AMPT/14GeV/data_619176371.root /tmp/maxwoo/21EF1A6A9139C9FD2A38E59AFB466F9A_1663/INPUTFILES/data_619176371.root
Running: cp /star/data01/pwg/xiatong/AMPT/14GeV/data_619176491.root /tmp/maxwoo/21EF1A6A9139C9FD2A38E59AFB466F9A_1663/INPUTFILES/data_619176491.root
Running: cp /star/data01/pwg/xiatong/AMPT/14GeV/data_619176551.root /tmp/maxwoo/21EF1A6A9139C9FD2A38E59AFB466F9A_1663/INPUTFILES/data_619176551.root
Running: cp /star/data01/pwg/xiatong/AMPT/14GeV/data_619190981.root /tmp/maxwoo/21EF1A6A9139C9FD2A38E59AFB466F9A_1663/INPUTFILES/data_619190981.root
Running: cp /star/data01/pwg/xiatong/AMPT/14GeV/data_619190991.root /tmp/maxwoo/21EF1A6A9139C9FD2A38E59AFB466F9A_1663/INPUTFILES/data_619190991.root
Running: cp /star/data01/pwg/xiatong/AMPT/14GeV/data_619191001.root /tmp/maxwoo/21EF1A6A9139C9FD2A38E59AFB466F9A_1663/INPUTFILES/data_619191001.root
Running: cp /star/data01/pwg/xiatong/AMPT/14GeV/data_619191031.root /tmp/maxwoo/21EF1A6A9139C9FD2A38E59AFB466F9A_1663/INPUTFILES/data_619191031.root
Running: cp /star/data01/pwg/xiatong/AMPT/14GeV/data_619191041.root /tmp/maxwoo/21EF1A6A9139C9FD2A38E59AFB466F9A_1663/INPUTFILES/data_619191041.root
Running: cp /star/data01/pwg/xiatong/AMPT/14GeV/data_619191051.root /tmp/maxwoo/21EF1A6A9139C9FD2A38E59AFB466F9A_1663/INPUTFILES/data_619191051.root
Running: cp /star/data01/pwg/xiatong/AMPT/14GeV/data_619191181.root /tmp/maxwoo/21EF1A6A9139C9FD2A38E59AFB466F9A_1663/INPUTFILES/data_619191181.root
Running: cp /star/data01/pwg/xiatong/AMPT/14GeV/data_619191251.root /tmp/maxwoo/21EF1A6A9139C9FD2A38E59AFB466F9A_1663/INPUTFILES/data_619191251.root
Running: cp /star/data01/pwg/xiatong/AMPT/14GeV/data_619191301.root /tmp/maxwoo/21EF1A6A9139C9FD2A38E59AFB466F9A_1663/INPUTFILES/data_619191301.root
Running: cp /star/data01/pwg/xiatong/AMPT/14GeV/data_619197971.root /tmp/maxwoo/21EF1A6A9139C9FD2A38E59AFB466F9A_1663/INPUTFILES/data_619197971.root
Running: cp /star/data01/pwg/xiatong/AMPT/14GeV/data_619229051.root /tmp/maxwoo/21EF1A6A9139C9FD2A38E59AFB466F9A_1663/INPUTFILES/data_619229051.root
Running: cp /star/data01/pwg/xiatong/AMPT/14GeV/data_619399341.root /tmp/maxwoo/21EF1A6A9139C9FD2A38E59AFB466F9A_1663/INPUTFILES/data_619399341.root
Running: cp /star/data01/pwg/xiatong/AMPT/14GeV/data_619532501.root /tmp/maxwoo/21EF1A6A9139C9FD2A38E59AFB466F9A_1663/INPUTFILES/data_619532501.root
Running: cp /star/data01/pwg/xiatong/AMPT/14GeV/data_619638111.root /tmp/maxwoo/21EF1A6A9139C9FD2A38E59AFB466F9A_1663/INPUTFILES/data_619638111.root
Running: cp /star/data01/pwg/xiatong/AMPT/14GeV/data_619678391.root /tmp/maxwoo/21EF1A6A9139C9FD2A38E59AFB466F9A_1663/INPUTFILES/data_619678391.root
Swapping $FILELIST with: /tmp/maxwoo/21EF1A6A9139C9FD2A38E59AFB466F9A_1663/INPUTFILES/21EF1A6A9139C9FD2A38E59AFB466F9A_1663.local.list
+++++++++++local copy debug++++++++++++++++++++
newFileList: /tmp/maxwoo/21EF1A6A9139C9FD2A38E59AFB466F9A_1663/INPUTFILES/21EF1A6A9139C9FD2A38E59AFB466F9A_1663.local.list
++++++++++++++++cat FILELIST+++++++++++++++++++
/tmp/maxwoo/21EF1A6A9139C9FD2A38E59AFB466F9A_1663/INPUTFILES/data_619128971.root 
/tmp/maxwoo/21EF1A6A9139C9FD2A38E59AFB466F9A_1663/INPUTFILES/data_619128981.root 
/tmp/maxwoo/21EF1A6A9139C9FD2A38E59AFB466F9A_1663/INPUTFILES/data_619129011.root 
/tmp/maxwoo/21EF1A6A9139C9FD2A38E59AFB466F9A_1663/INPUTFILES/data_619129141.root 
/tmp/maxwoo/21EF1A6A9139C9FD2A38E59AFB466F9A_1663/INPUTFILES/data_619140621.root 
/tmp/maxwoo/21EF1A6A9139C9FD2A38E59AFB466F9A_1663/INPUTFILES/data_619151161.root 
/tmp/maxwoo/21EF1A6A9139C9FD2A38E59AFB466F9A_1663/INPUTFILES/data_619151331.root 
/tmp/maxwoo/21EF1A6A9139C9FD2A38E59AFB466F9A_1663/INPUTFILES/data_619161301.root 
/tmp/maxwoo/21EF1A6A9139C9FD2A38E59AFB466F9A_1663/INPUTFILES/data_619165821.root 
/tmp/maxwoo/21EF1A6A9139C9FD2A38E59AFB466F9A_1663/INPUTFILES/data_619167341.root 
/tmp/maxwoo/21EF1A6A9139C9FD2A38E59AFB466F9A_1663/INPUTFILES/data_619168221.root 
/tmp/maxwoo/21EF1A6A9139C9FD2A38E59AFB466F9A_1663/INPUTFILES/data_619175481.root 
/tmp/maxwoo/21EF1A6A9139C9FD2A38E59AFB466F9A_1663/INPUTFILES/data_619176171.root 
/tmp/maxwoo/21EF1A6A9139C9FD2A38E59AFB466F9A_1663/INPUTFILES/data_619176201.root 
/tmp/maxwoo/21EF1A6A9139C9FD2A38E59AFB466F9A_1663/INPUTFILES/data_619176211.root 
/tmp/maxwoo/21EF1A6A9139C9FD2A38E59AFB466F9A_1663/INPUTFILES/data_619176271.root 
/tmp/maxwoo/21EF1A6A9139C9FD2A38E59AFB466F9A_1663/INPUTFILES/data_619176311.root 
/tmp/maxwoo/21EF1A6A9139C9FD2A38E59AFB466F9A_1663/INPUTFILES/data_619176321.root 
/tmp/maxwoo/21EF1A6A9139C9FD2A38E59AFB466F9A_1663/INPUTFILES/data_619176331.root 
/tmp/maxwoo/21EF1A6A9139C9FD2A38E59AFB466F9A_1663/INPUTFILES/data_619176371.root 
/tmp/maxwoo/21EF1A6A9139C9FD2A38E59AFB466F9A_1663/INPUTFILES/data_619176491.root 
/tmp/maxwoo/21EF1A6A9139C9FD2A38E59AFB466F9A_1663/INPUTFILES/data_619176551.root 
/tmp/maxwoo/21EF1A6A9139C9FD2A38E59AFB466F9A_1663/INPUTFILES/data_619190981.root 
/tmp/maxwoo/21EF1A6A9139C9FD2A38E59AFB466F9A_1663/INPUTFILES/data_619190991.root 
/tmp/maxwoo/21EF1A6A9139C9FD2A38E59AFB466F9A_1663/INPUTFILES/data_619191001.root 
/tmp/maxwoo/21EF1A6A9139C9FD2A38E59AFB466F9A_1663/INPUTFILES/data_619191031.root 
/tmp/maxwoo/21EF1A6A9139C9FD2A38E59AFB466F9A_1663/INPUTFILES/data_619191041.root 
/tmp/maxwoo/21EF1A6A9139C9FD2A38E59AFB466F9A_1663/INPUTFILES/data_619191051.root 
/tmp/maxwoo/21EF1A6A9139C9FD2A38E59AFB466F9A_1663/INPUTFILES/data_619191181.root 
/tmp/maxwoo/21EF1A6A9139C9FD2A38E59AFB466F9A_1663/INPUTFILES/data_619191251.root 
/tmp/maxwoo/21EF1A6A9139C9FD2A38E59AFB466F9A_1663/INPUTFILES/data_619191301.root 
/tmp/maxwoo/21EF1A6A9139C9FD2A38E59AFB466F9A_1663/INPUTFILES/data_619197971.root 
/tmp/maxwoo/21EF1A6A9139C9FD2A38E59AFB466F9A_1663/INPUTFILES/data_619229051.root 
/tmp/maxwoo/21EF1A6A9139C9FD2A38E59AFB466F9A_1663/INPUTFILES/data_619399341.root 
/tmp/maxwoo/21EF1A6A9139C9FD2A38E59AFB466F9A_1663/INPUTFILES/data_619532501.root 
/tmp/maxwoo/21EF1A6A9139C9FD2A38E59AFB466F9A_1663/INPUTFILES/data_619638111.root 
/tmp/maxwoo/21EF1A6A9139C9FD2A38E59AFB466F9A_1663/INPUTFILES/data_619678391.root 
++++++++++++++++++++find.++++++++++++++++++++++
.
./Check_Sness.C
./INPUTFILES
./INPUTFILES/21EF1A6A9139C9FD2A38E59AFB466F9A_1663.local.list
./INPUTFILES/data_619176551.root
./INPUTFILES/data_619176491.root
./INPUTFILES/data_619638111.root
./INPUTFILES/data_619191251.root
./INPUTFILES/data_619128981.root
./INPUTFILES/data_619191051.root
./INPUTFILES/data_619128971.root
./INPUTFILES/data_619176211.root
./INPUTFILES/data_619151331.root
./INPUTFILES/data_619176201.root
./INPUTFILES/data_619167341.root
./INPUTFILES/data_619168221.root
./INPUTFILES/data_619229051.root
./INPUTFILES/data_619176331.root
./INPUTFILES/data_619176371.root
./INPUTFILES/data_619191001.root
./INPUTFILES/data_619161301.root
./INPUTFILES/data_619176311.root
./INPUTFILES/data_619176321.root
./INPUTFILES/data_619190991.root
./INPUTFILES/data_619129141.root
./INPUTFILES/data_619678391.root
./INPUTFILES/data_619191031.root
./INPUTFILES/data_619176171.root
./INPUTFILES/data_619175481.root
./INPUTFILES/data_619532501.root
./INPUTFILES/data_619197971.root
./INPUTFILES/data_619151161.root
./INPUTFILES/data_619191181.root
./INPUTFILES/data_619165821.root
./INPUTFILES/data_619190981.root
./INPUTFILES/data_619129011.root
./INPUTFILES/data_619191041.root
./INPUTFILES/data_619140621.root
./INPUTFILES/data_619191301.root
./INPUTFILES/data_619176271.root
./INPUTFILES/data_619399341.root
./.output.log
./.sandboxFiles
./.errror.log
./check_S.C
./lib
./lib/NpartNormalizer_cpp.d
./lib/NpartNormalizer_cpp.so
./lib/my_event_cpp_ACLiC_dict_rdict.pcm
./lib/CenMaker_cpp.so
./lib/MixedBuffer.h
./lib/my_particle.h
./lib/my_event_cpp.d
./lib/my_event_cpp.so
./lib/CenMaker.h
./lib/NpartNormalizer.cpp
./lib/my_particle_cpp.so
./lib/MixedBuffer_cpp.so
./lib/my_particle_cpp_ACLiC_dict_rdict.pcm
./lib/MixedBuffer_cpp_ACLiC_dict_rdict.pcm
./lib/CenMaker_cpp_ACLiC_dict_rdict.pcm
./lib/CenMaker.cpp
./lib/my_particle_cpp.d
./lib/my_particle.cpp
./lib/MixedBuffer.cpp
./lib/MixedBuffer_cpp.d
./lib/my_event.cpp
./lib/CenMaker_cpp.d
./lib/NpartNormalizer_cpp_ACLiC_dict_rdict.pcm
./lib/my_event.h
./lib/NpartNormalizer.h
++++++++++++++++INPUTFILE Var++++++++++++++++++
FILELIST=/tmp/maxwoo/21EF1A6A9139C9FD2A38E59AFB466F9A_1663/INPUTFILES/21EF1A6A9139C9FD2A38E59AFB466F9A_1663.local.list
INPUTFILECOUNT=37
INPUTFILE0=/tmp/maxwoo/21EF1A6A9139C9FD2A38E59AFB466F9A_1663/INPUTFILES/data_619128971.root
INPUTFILE1=/tmp/maxwoo/21EF1A6A9139C9FD2A38E59AFB466F9A_1663/INPUTFILES/data_619128981.root
INPUTFILE2=/tmp/maxwoo/21EF1A6A9139C9FD2A38E59AFB466F9A_1663/INPUTFILES/data_619129011.root
INPUTFILE3=/tmp/maxwoo/21EF1A6A9139C9FD2A38E59AFB466F9A_1663/INPUTFILES/data_619129141.root
INPUTFILE4=/tmp/maxwoo/21EF1A6A9139C9FD2A38E59AFB466F9A_1663/INPUTFILES/data_619140621.root
INPUTFILE5=/tmp/maxwoo/21EF1A6A9139C9FD2A38E59AFB466F9A_1663/INPUTFILES/data_619151161.root
INPUTFILE6=/tmp/maxwoo/21EF1A6A9139C9FD2A38E59AFB466F9A_1663/INPUTFILES/data_619151331.root
INPUTFILE7=/tmp/maxwoo/21EF1A6A9139C9FD2A38E59AFB466F9A_1663/INPUTFILES/data_619161301.root
INPUTFILE8=/tmp/maxwoo/21EF1A6A9139C9FD2A38E59AFB466F9A_1663/INPUTFILES/data_619165821.root
INPUTFILE9=/tmp/maxwoo/21EF1A6A9139C9FD2A38E59AFB466F9A_1663/INPUTFILES/data_619167341.root
INPUTFILE10=/tmp/maxwoo/21EF1A6A9139C9FD2A38E59AFB466F9A_1663/INPUTFILES/data_619168221.root
INPUTFILE11=/tmp/maxwoo/21EF1A6A9139C9FD2A38E59AFB466F9A_1663/INPUTFILES/data_619175481.root
INPUTFILE12=/tmp/maxwoo/21EF1A6A9139C9FD2A38E59AFB466F9A_1663/INPUTFILES/data_619176171.root
INPUTFILE13=/tmp/maxwoo/21EF1A6A9139C9FD2A38E59AFB466F9A_1663/INPUTFILES/data_619176201.root
INPUTFILE14=/tmp/maxwoo/21EF1A6A9139C9FD2A38E59AFB466F9A_1663/INPUTFILES/data_619176211.root
INPUTFILE15=/tmp/maxwoo/21EF1A6A9139C9FD2A38E59AFB466F9A_1663/INPUTFILES/data_619176271.root
INPUTFILE16=/tmp/maxwoo/21EF1A6A9139C9FD2A38E59AFB466F9A_1663/INPUTFILES/data_619176311.root
INPUTFILE17=/tmp/maxwoo/21EF1A6A9139C9FD2A38E59AFB466F9A_1663/INPUTFILES/data_619176321.root
INPUTFILE18=/tmp/maxwoo/21EF1A6A9139C9FD2A38E59AFB466F9A_1663/INPUTFILES/data_619176331.root
INPUTFILE19=/tmp/maxwoo/21EF1A6A9139C9FD2A38E59AFB466F9A_1663/INPUTFILES/data_619176371.root
INPUTFILE20=/tmp/maxwoo/21EF1A6A9139C9FD2A38E59AFB466F9A_1663/INPUTFILES/data_619176491.root
INPUTFILE21=/tmp/maxwoo/21EF1A6A9139C9FD2A38E59AFB466F9A_1663/INPUTFILES/data_619176551.root
INPUTFILE22=/tmp/maxwoo/21EF1A6A9139C9FD2A38E59AFB466F9A_1663/INPUTFILES/data_619190981.root
INPUTFILE23=/tmp/maxwoo/21EF1A6A9139C9FD2A38E59AFB466F9A_1663/INPUTFILES/data_619190991.root
INPUTFILE24=/tmp/maxwoo/21EF1A6A9139C9FD2A38E59AFB466F9A_1663/INPUTFILES/data_619191001.root
INPUTFILE25=/tmp/maxwoo/21EF1A6A9139C9FD2A38E59AFB466F9A_1663/INPUTFILES/data_619191031.root
INPUTFILE26=/tmp/maxwoo/21EF1A6A9139C9FD2A38E59AFB466F9A_1663/INPUTFILES/data_619191041.root
INPUTFILE27=/tmp/maxwoo/21EF1A6A9139C9FD2A38E59AFB466F9A_1663/INPUTFILES/data_619191051.root
INPUTFILE28=/tmp/maxwoo/21EF1A6A9139C9FD2A38E59AFB466F9A_1663/INPUTFILES/data_619191181.root
INPUTFILE29=/tmp/maxwoo/21EF1A6A9139C9FD2A38E59AFB466F9A_1663/INPUTFILES/data_619191251.root
INPUTFILE30=/tmp/maxwoo/21EF1A6A9139C9FD2A38E59AFB466F9A_1663/INPUTFILES/data_619191301.root
INPUTFILE31=/tmp/maxwoo/21EF1A6A9139C9FD2A38E59AFB466F9A_1663/INPUTFILES/data_619197971.root
INPUTFILE32=/tmp/maxwoo/21EF1A6A9139C9FD2A38E59AFB466F9A_1663/INPUTFILES/data_619229051.root
INPUTFILE33=/tmp/maxwoo/21EF1A6A9139C9FD2A38E59AFB466F9A_1663/INPUTFILES/data_619399341.root
INPUTFILE34=/tmp/maxwoo/21EF1A6A9139C9FD2A38E59AFB466F9A_1663/INPUTFILES/data_619532501.root
INPUTFILE35=/tmp/maxwoo/21EF1A6A9139C9FD2A38E59AFB466F9A_1663/INPUTFILES/data_619638111.root
INPUTFILE36=/tmp/maxwoo/21EF1A6A9139C9FD2A38E59AFB466F9A_1663/INPUTFILES/data_619678391.root
LocalInputFileDir=/tmp/maxwoo/21EF1A6A9139C9FD2A38E59AFB466F9A_1663/INPUTFILES
NewFILELIST=/tmp/maxwoo/21EF1A6A9139C9FD2A38E59AFB466F9A_1663/INPUTFILES/21EF1A6A9139C9FD2A38E59AFB466F9A_1663.local.list
+++++++++++++++++++++++++++++++++++++++++++++++
--------------------------------
Simple Unified Meta Scheduler 1.10.50 we are starting in $SCRATCH : /home/tmp/maxwoo/21EF1A6A9139C9FD2A38E59AFB466F9A_1663
--------------------------------
total 16
lrwxrwxrwx 1 maxwoo rhstar   61 Jun  2 11:05 check_S.C -> /gpfs/mnt/gpfs01/star/pwg/xiatong/git/strangeness/./check_S.C
lrwxrwxrwx 1 maxwoo rhstar   65 Jun  2 11:05 Check_Sness.C -> /gpfs/mnt/gpfs01/star/pwg/xiatong/git/strangeness/./Check_Sness.C
drwxr-xr-x 2 maxwoo rhstar 4096 Jun  2 11:08 INPUTFILES
drwxr-xr-x 2 maxwoo rhstar 4096 Jun  2 11:05 lib
  *******************************************
  *                                         *
  *        W E L C O M E  to  R O O T       *
  *                                         *
  *   Version   5.34/38     12 March 2018   *
  *                                         *
  *  You are welcome to visit our Web site  *
  *          http://root.cern.ch            *
  *                                         *
  *******************************************

ROOT 5.34/38 (v5-34-38@v5-34-38, Mar 12 2018, 15:49:39 on linux)

CINT/ROOT C/C++ Interpreter version 5.18.00, July 2, 2010
Type ? for help. Commands must be C++ statements.
Enclose multiple statements between { }.
*** Float Point Exception is OFF ***
 *** Start at Date : Thu Jun  2 11:08:07 2022
QAInfo:You are using STAR_LEVEL : dev, ROOT_LEVEL : 5.34.38 and node : spool0130.sdcc.bnl.gov 

Processing check_S.C++("/tmp/maxwoo/21EF1A6A9139C9FD2A38E59AFB466F9A_1663/INPUTFILES/21EF1A6A9139C9FD2A38E59AFB466F9A_1663.local.list","21EF1A6A9139C9FD2A38E59AFB466F9A_1663",1)...
/tmp/maxwoo/21EF1A6A9139C9FD2A38E59AFB466F9A_1663/INPUTFILES/data_619128971.root 
/tmp/maxwoo/21EF1A6A9139C9FD2A38E59AFB466F9A_1663/INPUTFILES/data_619128981.root 
/tmp/maxwoo/21EF1A6A9139C9FD2A38E59AFB466F9A_1663/INPUTFILES/data_619129011.root 
/tmp/maxwoo/21EF1A6A9139C9FD2A38E59AFB466F9A_1663/INPUTFILES/data_619129141.root 
/tmp/maxwoo/21EF1A6A9139C9FD2A38E59AFB466F9A_1663/INPUTFILES/data_619140621.root 
/tmp/maxwoo/21EF1A6A9139C9FD2A38E59AFB466F9A_1663/INPUTFILES/data_619151161.root 
/tmp/maxwoo/21EF1A6A9139C9FD2A38E59AFB466F9A_1663/INPUTFILES/data_619151331.root 
/tmp/maxwoo/21EF1A6A9139C9FD2A38E59AFB466F9A_1663/INPUTFILES/data_619161301.root 
/tmp/maxwoo/21EF1A6A9139C9FD2A38E59AFB466F9A_1663/INPUTFILES/data_619165821.root 
/tmp/maxwoo/21EF1A6A9139C9FD2A38E59AFB466F9A_1663/INPUTFILES/data_619167341.root 
/tmp/maxwoo/21EF1A6A9139C9FD2A38E59AFB466F9A_1663/INPUTFILES/data_619168221.root 
/tmp/maxwoo/21EF1A6A9139C9FD2A38E59AFB466F9A_1663/INPUTFILES/data_619175481.root 
/tmp/maxwoo/21EF1A6A9139C9FD2A38E59AFB466F9A_1663/INPUTFILES/data_619176171.root 
/tmp/maxwoo/21EF1A6A9139C9FD2A38E59AFB466F9A_1663/INPUTFILES/data_619176201.root 
/tmp/maxwoo/21EF1A6A9139C9FD2A38E59AFB466F9A_1663/INPUTFILES/data_619176211.root 
/tmp/maxwoo/21EF1A6A9139C9FD2A38E59AFB466F9A_1663/INPUTFILES/data_619176271.root 
/tmp/maxwoo/21EF1A6A9139C9FD2A38E59AFB466F9A_1663/INPUTFILES/data_619176311.root 
/tmp/maxwoo/21EF1A6A9139C9FD2A38E59AFB466F9A_1663/INPUTFILES/data_619176321.root 
/tmp/maxwoo/21EF1A6A9139C9FD2A38E59AFB466F9A_1663/INPUTFILES/data_619176331.root 
/tmp/maxwoo/21EF1A6A9139C9FD2A38E59AFB466F9A_1663/INPUTFILES/data_619176371.root 
/tmp/maxwoo/21EF1A6A9139C9FD2A38E59AFB466F9A_1663/INPUTFILES/data_619176491.root 
/tmp/maxwoo/21EF1A6A9139C9FD2A38E59AFB466F9A_1663/INPUTFILES/data_619176551.root 
/tmp/maxwoo/21EF1A6A9139C9FD2A38E59AFB466F9A_1663/INPUTFILES/data_619190981.root 
/tmp/maxwoo/21EF1A6A9139C9FD2A38E59AFB466F9A_1663/INPUTFILES/data_619190991.root 
/tmp/maxwoo/21EF1A6A9139C9FD2A38E59AFB466F9A_1663/INPUTFILES/data_619191001.root 
/tmp/maxwoo/21EF1A6A9139C9FD2A38E59AFB466F9A_1663/INPUTFILES/data_619191031.root 
/tmp/maxwoo/21EF1A6A9139C9FD2A38E59AFB466F9A_1663/INPUTFILES/data_619191041.root 
/tmp/maxwoo/21EF1A6A9139C9FD2A38E59AFB466F9A_1663/INPUTFILES/data_619191051.root 
/tmp/maxwoo/21EF1A6A9139C9FD2A38E59AFB466F9A_1663/INPUTFILES/data_619191181.root 
/tmp/maxwoo/21EF1A6A9139C9FD2A38E59AFB466F9A_1663/INPUTFILES/data_619191251.root 
/tmp/maxwoo/21EF1A6A9139C9FD2A38E59AFB466F9A_1663/INPUTFILES/data_619191301.root 
/tmp/maxwoo/21EF1A6A9139C9FD2A38E59AFB466F9A_1663/INPUTFILES/data_619197971.root 
/tmp/maxwoo/21EF1A6A9139C9FD2A38E59AFB466F9A_1663/INPUTFILES/data_619229051.root 
/tmp/maxwoo/21EF1A6A9139C9FD2A38E59AFB466F9A_1663/INPUTFILES/data_619399341.root 
/tmp/maxwoo/21EF1A6A9139C9FD2A38E59AFB466F9A_1663/INPUTFILES/data_619532501.root 
/tmp/maxwoo/21EF1A6A9139C9FD2A38E59AFB466F9A_1663/INPUTFILES/data_619638111.root 
/tmp/maxwoo/21EF1A6A9139C9FD2A38E59AFB466F9A_1663/INPUTFILES/data_619678391.root 
Added 37 files
# entries in chain: 36376
Processing entry == 1000 == out of 36376.
Processing entry == 2000 == out of 36376.
Processing entry == 3000 == out of 36376.
Processing entry == 4000 == out of 36376.
Processing entry == 5000 == out of 36376.
Processing entry == 6000 == out of 36376.
Processing entry == 7000 == out of 36376.
Processing entry == 8000 == out of 36376.
Processing entry == 9000 == out of 36376.
Processing entry == 10000 == out of 36376.
Processing entry == 11000 == out of 36376.
Processing entry == 12000 == out of 36376.
Processing entry == 13000 == out of 36376.
Processing entry == 14000 == out of 36376.
Processing entry == 15000 == out of 36376.
Processing entry == 16000 == out of 36376.
Processing entry == 17000 == out of 36376.
Processing entry == 18000 == out of 36376.
Processing entry == 19000 == out of 36376.
Processing entry == 20000 == out of 36376.
Processing entry == 21000 == out of 36376.
Processing entry == 22000 == out of 36376.
Processing entry == 23000 == out of 36376.
Processing entry == 24000 == out of 36376.
Processing entry == 25000 == out of 36376.
Processing entry == 26000 == out of 36376.
Processing entry == 27000 == out of 36376.
Processing entry == 28000 == out of 36376.
Processing entry == 29000 == out of 36376.
Processing entry == 30000 == out of 36376.
Processing entry == 31000 == out of 36376.
Processing entry == 32000 == out of 36376.
Processing entry == 33000 == out of 36376.
Processing entry == 34000 == out of 36376.
Processing entry == 35000 == out of 36376.
Processing entry == 36000 == out of 36376.

This is the end of ROOT -- Goodbye

Cleaning up sandbox file:  /tmp/maxwoo/21EF1A6A9139C9FD2A38E59AFB466F9A_1663/check_S.C
Cleaning up sandbox file:  /tmp/maxwoo/21EF1A6A9139C9FD2A38E59AFB466F9A_1663/Check_Sness.C
Cleaning up sandbox file:  /tmp/maxwoo/21EF1A6A9139C9FD2A38E59AFB466F9A_1663/lib
Cleaning up sandbox file:  /tmp/maxwoo/21EF1A6A9139C9FD2A38E59AFB466F9A_1663/.sandboxFiles
Starting copy block
Running copy command:  /bin/cp -fp /tmp/maxwoo/21EF1A6A9139C9FD2A38E59AFB466F9A_1663/out_21EF1A6A9139C9FD2A38E59AFB466F9A_1663.root /star/data01/pwg/xiatong/git/strangeness/data/
145830 Execution of (/star/data01/pwg/xiatong/git/strangeness/script/sched21EF1A6A9139C9FD2A38E59AFB466F9A_1663.csh ) has ended, exiting normally
145830 We END on [Thu Jun  2 11:26:38 EDT 2022]
