We are starting on node: rcas6525.rcf.bnl.gov
HOME is not defined
Using getent method
HOME is now /star/u/maxwoo
25321 We will spawn ourselves (/star/data01/pwg/xiatong/git/strangeness/script/sched21EF1A6A9139C9FD2A38E59AFB466F9A_2673.csh )
25321 We BEGIN on [Thu Jun  2 10:54:10 EDT 2022]
[1] 25523
25321 We are waiting for 25523 
25321 Grandchild PID is 25894 - found in 10 x 1 seconds
25321 Establishing first watcher   on    Thu Jun  2 10:54:21 EDT 2022
25321 Process tree is 25321 (main) -> 25523 (child) -> 25894 (grandchild)
F S   UID   PID  PPID  C PRI  NI ADDR SZ WCHAN  TTY        TIME CMD
0 D 100667 25894 25523  0 80   0 - 32311 cxiWai ?          0:00 cp /star/data01/pwg/xiatong/AMPT/14GeV/data_1714156441.root /tmp/maxwoo/21EF1A6A9139C9FD2A38E59AFB466F9A_2673/INPUTFILES/data_1714156441.root
25321 Grandchild PID is 26059 - found in 20 x 2 seconds
25321 Grandchild to watch has changed on Thu Jun  2 10:54:43 EDT 2022
25321 Process tree is 25321 (main) -> 25523 (child) -> 26059 (grandchild)
F S   UID   PID  PPID  C PRI  NI ADDR SZ WCHAN  TTY        TIME CMD
0 D 100667 26059 25523  0 80   0 - 32311 cxiWai ?          0:00 cp /star/data01/pwg/xiatong/AMPT/14GeV/data_1714156451.root /tmp/maxwoo/21EF1A6A9139C9FD2A38E59AFB466F9A_2673/INPUTFILES/data_1714156451.root
25321 Grandchild PID is 27007 - found in 30 x 2 seconds
25321 Grandchild to watch has changed on Thu Jun  2 10:55:04 EDT 2022
25321 Process tree is 25321 (main) -> 25523 (child) -> 27007 (grandchild)
F S   UID   PID  PPID  C PRI  NI ADDR SZ WCHAN  TTY        TIME CMD
0 D 100667 27007 25523  0 80   0 - 32311 cxiWai ?          0:00 cp /star/data01/pwg/xiatong/AMPT/14GeV/data_1714156511.root /tmp/maxwoo/21EF1A6A9139C9FD2A38E59AFB466F9A_2673/INPUTFILES/data_1714156511.root
25321 Grandchild PID is 27535 - found in 40 x 2 seconds
25321 Grandchild to watch has changed on Thu Jun  2 10:55:25 EDT 2022
25321 Process tree is 25321 (main) -> 25523 (child) -> 27535 (grandchild)
F S   UID   PID  PPID  C PRI  NI ADDR SZ WCHAN  TTY        TIME CMD
0 D 100667 27535 25523  0 80   0 - 32311 cxiWai ?          0:00 cp /star/data01/pwg/xiatong/AMPT/14GeV/data_1714156611.root /tmp/maxwoo/21EF1A6A9139C9FD2A38E59AFB466F9A_2673/INPUTFILES/data_1714156611.root
25321 Grandchild PID is 28583 - found in 60 x 2 seconds
25321 Grandchild to watch has changed on Thu Jun  2 10:56:07 EDT 2022
25321 Process tree is 25321 (main) -> 25523 (child) -> 28583 (grandchild)
F S   UID   PID  PPID  C PRI  NI ADDR SZ WCHAN  TTY        TIME CMD
0 D 100667 28583 25523  0 80   0 - 32311 cxiWai ?          0:00 cp /star/data01/pwg/xiatong/AMPT/14GeV/data_1714156721.root /tmp/maxwoo/21EF1A6A9139C9FD2A38E59AFB466F9A_2673/INPUTFILES/data_1714156721.root
25321 Grandchild PID is 29171 - found in 70 x 2 seconds
25321 Grandchild to watch has changed on Thu Jun  2 10:56:28 EDT 2022
25321 Process tree is 25321 (main) -> 25523 (child) -> 29171 (grandchild)
F S   UID   PID  PPID  C PRI  NI ADDR SZ WCHAN  TTY        TIME CMD
0 D 100667 29171 25523  0 80   0 - 32311 cxiWai ?          0:00 cp /star/data01/pwg/xiatong/AMPT/14GeV/data_1715156351.root /tmp/maxwoo/21EF1A6A9139C9FD2A38E59AFB466F9A_2673/INPUTFILES/data_1715156351.root
25321 Grandchild PID is 29684 - found in 80 x 2 seconds
25321 Grandchild to watch has changed on Thu Jun  2 10:56:49 EDT 2022
25321 Process tree is 25321 (main) -> 25523 (child) -> 29684 (grandchild)
F S   UID   PID  PPID  C PRI  NI ADDR SZ WCHAN  TTY        TIME CMD
0 D 100667 29684 25523  0 80   0 - 32311 cxiWai ?          0:00 cp /star/data01/pwg/xiatong/AMPT/14GeV/data_1715156481.root /tmp/maxwoo/21EF1A6A9139C9FD2A38E59AFB466F9A_2673/INPUTFILES/data_1715156481.root
25321 Grandchild PID is 30022 - found in 90 x 2 seconds
25321 Grandchild to watch has changed on Thu Jun  2 10:57:10 EDT 2022
25321 Process tree is 25321 (main) -> 25523 (child) -> 30022 (grandchild)
F S   UID   PID  PPID  C PRI  NI ADDR SZ WCHAN  TTY        TIME CMD
0 S 100667 30022 25523  0 80   0 -  1272 do_wai ?          0:00 root -b -q check_S.C++("/tmp/maxwoo/21EF1A6A9139C9FD2A38E59AFB466F9A_2673/INPUTFILES/21EF1A6A9139C9FD2A38E59AFB466F9A_2673.local.list","21EF1A6A9139C9FD2A38E59AFB466F9A_2673",1)
25321 Grandchild PID is 26888 - found in 1140 x 2 seconds
25321 Grandchild to watch has changed on Thu Jun  2 11:33:50 EDT 2022
25321 Process tree is 25321 (main) -> 25523 (child) -> 26888 (grandchild)
F S   UID   PID  PPID  C PRI  NI ADDR SZ WCHAN  TTY        TIME CMD
0 D 100667 26888 25523  0 80   0 - 30261 cxiWai ?          0:00 /bin/cp -fp /tmp/maxwoo/21EF1A6A9139C9FD2A38E59AFB466F9A_2673/out_21EF1A6A9139C9FD2A38E59AFB466F9A_2673.root /star/data01/pwg/xiatong/git/strangeness/data/
25523 Stepping into the main SUMS wrapper program with []
.... building sandbox
Running: cp /star/data01/pwg/xiatong/AMPT/14GeV/data_1713162681.root /tmp/maxwoo/21EF1A6A9139C9FD2A38E59AFB466F9A_2673/INPUTFILES/data_1713162681.root
Running: cp /star/data01/pwg/xiatong/AMPT/14GeV/data_1713182731.root /tmp/maxwoo/21EF1A6A9139C9FD2A38E59AFB466F9A_2673/INPUTFILES/data_1713182731.root
Running: cp /star/data01/pwg/xiatong/AMPT/14GeV/data_1714156391.root /tmp/maxwoo/21EF1A6A9139C9FD2A38E59AFB466F9A_2673/INPUTFILES/data_1714156391.root
Running: cp /star/data01/pwg/xiatong/AMPT/14GeV/data_1714156441.root /tmp/maxwoo/21EF1A6A9139C9FD2A38E59AFB466F9A_2673/INPUTFILES/data_1714156441.root
Running: cp /star/data01/pwg/xiatong/AMPT/14GeV/data_1714156451.root /tmp/maxwoo/21EF1A6A9139C9FD2A38E59AFB466F9A_2673/INPUTFILES/data_1714156451.root
Running: cp /star/data01/pwg/xiatong/AMPT/14GeV/data_1714156471.root /tmp/maxwoo/21EF1A6A9139C9FD2A38E59AFB466F9A_2673/INPUTFILES/data_1714156471.root
Running: cp /star/data01/pwg/xiatong/AMPT/14GeV/data_1714156501.root /tmp/maxwoo/21EF1A6A9139C9FD2A38E59AFB466F9A_2673/INPUTFILES/data_1714156501.root
Running: cp /star/data01/pwg/xiatong/AMPT/14GeV/data_1714156511.root /tmp/maxwoo/21EF1A6A9139C9FD2A38E59AFB466F9A_2673/INPUTFILES/data_1714156511.root
Running: cp /star/data01/pwg/xiatong/AMPT/14GeV/data_1714156521.root /tmp/maxwoo/21EF1A6A9139C9FD2A38E59AFB466F9A_2673/INPUTFILES/data_1714156521.root
Running: cp /star/data01/pwg/xiatong/AMPT/14GeV/data_1714156541.root /tmp/maxwoo/21EF1A6A9139C9FD2A38E59AFB466F9A_2673/INPUTFILES/data_1714156541.root
Running: cp /star/data01/pwg/xiatong/AMPT/14GeV/data_1714156551.root /tmp/maxwoo/21EF1A6A9139C9FD2A38E59AFB466F9A_2673/INPUTFILES/data_1714156551.root
Running: cp /star/data01/pwg/xiatong/AMPT/14GeV/data_1714156591.root /tmp/maxwoo/21EF1A6A9139C9FD2A38E59AFB466F9A_2673/INPUTFILES/data_1714156591.root
Running: cp /star/data01/pwg/xiatong/AMPT/14GeV/data_1714156601.root /tmp/maxwoo/21EF1A6A9139C9FD2A38E59AFB466F9A_2673/INPUTFILES/data_1714156601.root
Running: cp /star/data01/pwg/xiatong/AMPT/14GeV/data_1714156611.root /tmp/maxwoo/21EF1A6A9139C9FD2A38E59AFB466F9A_2673/INPUTFILES/data_1714156611.root
Running: cp /star/data01/pwg/xiatong/AMPT/14GeV/data_1714156641.root /tmp/maxwoo/21EF1A6A9139C9FD2A38E59AFB466F9A_2673/INPUTFILES/data_1714156641.root
Running: cp /star/data01/pwg/xiatong/AMPT/14GeV/data_1714156671.root /tmp/maxwoo/21EF1A6A9139C9FD2A38E59AFB466F9A_2673/INPUTFILES/data_1714156671.root
Running: cp /star/data01/pwg/xiatong/AMPT/14GeV/data_1714156681.root /tmp/maxwoo/21EF1A6A9139C9FD2A38E59AFB466F9A_2673/INPUTFILES/data_1714156681.root
Running: cp /star/data01/pwg/xiatong/AMPT/14GeV/data_1714156691.root /tmp/maxwoo/21EF1A6A9139C9FD2A38E59AFB466F9A_2673/INPUTFILES/data_1714156691.root
Running: cp /star/data01/pwg/xiatong/AMPT/14GeV/data_1714156711.root /tmp/maxwoo/21EF1A6A9139C9FD2A38E59AFB466F9A_2673/INPUTFILES/data_1714156711.root
Running: cp /star/data01/pwg/xiatong/AMPT/14GeV/data_1714156721.root /tmp/maxwoo/21EF1A6A9139C9FD2A38E59AFB466F9A_2673/INPUTFILES/data_1714156721.root
Running: cp /star/data01/pwg/xiatong/AMPT/14GeV/data_1714156791.root /tmp/maxwoo/21EF1A6A9139C9FD2A38E59AFB466F9A_2673/INPUTFILES/data_1714156791.root
Running: cp /star/data01/pwg/xiatong/AMPT/14GeV/data_1714156831.root /tmp/maxwoo/21EF1A6A9139C9FD2A38E59AFB466F9A_2673/INPUTFILES/data_1714156831.root
Running: cp /star/data01/pwg/xiatong/AMPT/14GeV/data_1714156841.root /tmp/maxwoo/21EF1A6A9139C9FD2A38E59AFB466F9A_2673/INPUTFILES/data_1714156841.root
Running: cp /star/data01/pwg/xiatong/AMPT/14GeV/data_1714163091.root /tmp/maxwoo/21EF1A6A9139C9FD2A38E59AFB466F9A_2673/INPUTFILES/data_1714163091.root
Running: cp /star/data01/pwg/xiatong/AMPT/14GeV/data_1715156231.root /tmp/maxwoo/21EF1A6A9139C9FD2A38E59AFB466F9A_2673/INPUTFILES/data_1715156231.root
Running: cp /star/data01/pwg/xiatong/AMPT/14GeV/data_1715156261.root /tmp/maxwoo/21EF1A6A9139C9FD2A38E59AFB466F9A_2673/INPUTFILES/data_1715156261.root
Running: cp /star/data01/pwg/xiatong/AMPT/14GeV/data_1715156271.root /tmp/maxwoo/21EF1A6A9139C9FD2A38E59AFB466F9A_2673/INPUTFILES/data_1715156271.root
Running: cp /star/data01/pwg/xiatong/AMPT/14GeV/data_1715156331.root /tmp/maxwoo/21EF1A6A9139C9FD2A38E59AFB466F9A_2673/INPUTFILES/data_1715156331.root
Running: cp /star/data01/pwg/xiatong/AMPT/14GeV/data_1715156341.root /tmp/maxwoo/21EF1A6A9139C9FD2A38E59AFB466F9A_2673/INPUTFILES/data_1715156341.root
Running: cp /star/data01/pwg/xiatong/AMPT/14GeV/data_1715156351.root /tmp/maxwoo/21EF1A6A9139C9FD2A38E59AFB466F9A_2673/INPUTFILES/data_1715156351.root
Running: cp /star/data01/pwg/xiatong/AMPT/14GeV/data_1715156361.root /tmp/maxwoo/21EF1A6A9139C9FD2A38E59AFB466F9A_2673/INPUTFILES/data_1715156361.root
Running: cp /star/data01/pwg/xiatong/AMPT/14GeV/data_1715156371.root /tmp/maxwoo/21EF1A6A9139C9FD2A38E59AFB466F9A_2673/INPUTFILES/data_1715156371.root
Running: cp /star/data01/pwg/xiatong/AMPT/14GeV/data_1715156401.root /tmp/maxwoo/21EF1A6A9139C9FD2A38E59AFB466F9A_2673/INPUTFILES/data_1715156401.root
Running: cp /star/data01/pwg/xiatong/AMPT/14GeV/data_1715156411.root /tmp/maxwoo/21EF1A6A9139C9FD2A38E59AFB466F9A_2673/INPUTFILES/data_1715156411.root
Running: cp /star/data01/pwg/xiatong/AMPT/14GeV/data_1715156431.root /tmp/maxwoo/21EF1A6A9139C9FD2A38E59AFB466F9A_2673/INPUTFILES/data_1715156431.root
Running: cp /star/data01/pwg/xiatong/AMPT/14GeV/data_1715156461.root /tmp/maxwoo/21EF1A6A9139C9FD2A38E59AFB466F9A_2673/INPUTFILES/data_1715156461.root
Running: cp /star/data01/pwg/xiatong/AMPT/14GeV/data_1715156481.root /tmp/maxwoo/21EF1A6A9139C9FD2A38E59AFB466F9A_2673/INPUTFILES/data_1715156481.root
Swapping $FILELIST with: /tmp/maxwoo/21EF1A6A9139C9FD2A38E59AFB466F9A_2673/INPUTFILES/21EF1A6A9139C9FD2A38E59AFB466F9A_2673.local.list
+++++++++++local copy debug++++++++++++++++++++
newFileList: /tmp/maxwoo/21EF1A6A9139C9FD2A38E59AFB466F9A_2673/INPUTFILES/21EF1A6A9139C9FD2A38E59AFB466F9A_2673.local.list
++++++++++++++++cat FILELIST+++++++++++++++++++
/tmp/maxwoo/21EF1A6A9139C9FD2A38E59AFB466F9A_2673/INPUTFILES/data_1713162681.root 
/tmp/maxwoo/21EF1A6A9139C9FD2A38E59AFB466F9A_2673/INPUTFILES/data_1713182731.root 
/tmp/maxwoo/21EF1A6A9139C9FD2A38E59AFB466F9A_2673/INPUTFILES/data_1714156391.root 
/tmp/maxwoo/21EF1A6A9139C9FD2A38E59AFB466F9A_2673/INPUTFILES/data_1714156441.root 
/tmp/maxwoo/21EF1A6A9139C9FD2A38E59AFB466F9A_2673/INPUTFILES/data_1714156451.root 
/tmp/maxwoo/21EF1A6A9139C9FD2A38E59AFB466F9A_2673/INPUTFILES/data_1714156471.root 
/tmp/maxwoo/21EF1A6A9139C9FD2A38E59AFB466F9A_2673/INPUTFILES/data_1714156501.root 
/tmp/maxwoo/21EF1A6A9139C9FD2A38E59AFB466F9A_2673/INPUTFILES/data_1714156511.root 
/tmp/maxwoo/21EF1A6A9139C9FD2A38E59AFB466F9A_2673/INPUTFILES/data_1714156521.root 
/tmp/maxwoo/21EF1A6A9139C9FD2A38E59AFB466F9A_2673/INPUTFILES/data_1714156541.root 
/tmp/maxwoo/21EF1A6A9139C9FD2A38E59AFB466F9A_2673/INPUTFILES/data_1714156551.root 
/tmp/maxwoo/21EF1A6A9139C9FD2A38E59AFB466F9A_2673/INPUTFILES/data_1714156591.root 
/tmp/maxwoo/21EF1A6A9139C9FD2A38E59AFB466F9A_2673/INPUTFILES/data_1714156601.root 
/tmp/maxwoo/21EF1A6A9139C9FD2A38E59AFB466F9A_2673/INPUTFILES/data_1714156611.root 
/tmp/maxwoo/21EF1A6A9139C9FD2A38E59AFB466F9A_2673/INPUTFILES/data_1714156641.root 
/tmp/maxwoo/21EF1A6A9139C9FD2A38E59AFB466F9A_2673/INPUTFILES/data_1714156671.root 
/tmp/maxwoo/21EF1A6A9139C9FD2A38E59AFB466F9A_2673/INPUTFILES/data_1714156681.root 
/tmp/maxwoo/21EF1A6A9139C9FD2A38E59AFB466F9A_2673/INPUTFILES/data_1714156691.root 
/tmp/maxwoo/21EF1A6A9139C9FD2A38E59AFB466F9A_2673/INPUTFILES/data_1714156711.root 
/tmp/maxwoo/21EF1A6A9139C9FD2A38E59AFB466F9A_2673/INPUTFILES/data_1714156721.root 
/tmp/maxwoo/21EF1A6A9139C9FD2A38E59AFB466F9A_2673/INPUTFILES/data_1714156791.root 
/tmp/maxwoo/21EF1A6A9139C9FD2A38E59AFB466F9A_2673/INPUTFILES/data_1714156831.root 
/tmp/maxwoo/21EF1A6A9139C9FD2A38E59AFB466F9A_2673/INPUTFILES/data_1714156841.root 
/tmp/maxwoo/21EF1A6A9139C9FD2A38E59AFB466F9A_2673/INPUTFILES/data_1714163091.root 
/tmp/maxwoo/21EF1A6A9139C9FD2A38E59AFB466F9A_2673/INPUTFILES/data_1715156231.root 
/tmp/maxwoo/21EF1A6A9139C9FD2A38E59AFB466F9A_2673/INPUTFILES/data_1715156261.root 
/tmp/maxwoo/21EF1A6A9139C9FD2A38E59AFB466F9A_2673/INPUTFILES/data_1715156271.root 
/tmp/maxwoo/21EF1A6A9139C9FD2A38E59AFB466F9A_2673/INPUTFILES/data_1715156331.root 
/tmp/maxwoo/21EF1A6A9139C9FD2A38E59AFB466F9A_2673/INPUTFILES/data_1715156341.root 
/tmp/maxwoo/21EF1A6A9139C9FD2A38E59AFB466F9A_2673/INPUTFILES/data_1715156351.root 
/tmp/maxwoo/21EF1A6A9139C9FD2A38E59AFB466F9A_2673/INPUTFILES/data_1715156361.root 
/tmp/maxwoo/21EF1A6A9139C9FD2A38E59AFB466F9A_2673/INPUTFILES/data_1715156371.root 
/tmp/maxwoo/21EF1A6A9139C9FD2A38E59AFB466F9A_2673/INPUTFILES/data_1715156401.root 
/tmp/maxwoo/21EF1A6A9139C9FD2A38E59AFB466F9A_2673/INPUTFILES/data_1715156411.root 
/tmp/maxwoo/21EF1A6A9139C9FD2A38E59AFB466F9A_2673/INPUTFILES/data_1715156431.root 
/tmp/maxwoo/21EF1A6A9139C9FD2A38E59AFB466F9A_2673/INPUTFILES/data_1715156461.root 
/tmp/maxwoo/21EF1A6A9139C9FD2A38E59AFB466F9A_2673/INPUTFILES/data_1715156481.root 
++++++++++++++++++++find.++++++++++++++++++++++
.
./check_S.C
./lib
./lib/CenMaker.h
./lib/my_event_cpp.so
./lib/my_event.h
./lib/my_particle.h
./lib/MixedBuffer.cpp
./lib/CenMaker_cpp_ACLiC_dict_rdict.pcm
./lib/my_particle.cpp
./lib/my_event_cpp.d
./lib/my_event.cpp
./lib/my_particle_cpp_ACLiC_dict_rdict.pcm
./lib/NpartNormalizer_cpp_ACLiC_dict_rdict.pcm
./lib/CenMaker.cpp
./lib/my_particle_cpp.d
./lib/CenMaker_cpp.d
./lib/NpartNormalizer.h
./lib/my_particle_cpp.so
./lib/CenMaker_cpp.so
./lib/NpartNormalizer_cpp.so
./lib/NpartNormalizer.cpp
./lib/my_event_cpp_ACLiC_dict_rdict.pcm
./lib/MixedBuffer_cpp.d
./lib/MixedBuffer_cpp_ACLiC_dict_rdict.pcm
./lib/MixedBuffer_cpp.so
./lib/NpartNormalizer_cpp.d
./lib/MixedBuffer.h
./Check_Sness.C
./.sandboxFiles
./.output.log
./.errror.log
./INPUTFILES
./INPUTFILES/data_1714156601.root
./INPUTFILES/data_1715156411.root
./INPUTFILES/data_1714156451.root
./INPUTFILES/data_1714156541.root
./INPUTFILES/data_1714156391.root
./INPUTFILES/data_1715156361.root
./INPUTFILES/data_1714156501.root
./INPUTFILES/data_1714156681.root
./INPUTFILES/data_1715156431.root
./INPUTFILES/data_1714156711.root
./INPUTFILES/data_1713162681.root
./INPUTFILES/data_1715156371.root
./INPUTFILES/data_1714156841.root
./INPUTFILES/data_1715156461.root
./INPUTFILES/data_1715156261.root
./INPUTFILES/data_1714156611.root
./INPUTFILES/data_1715156351.root
./INPUTFILES/data_1714156511.root
./INPUTFILES/data_1714156641.root
./INPUTFILES/data_1715156341.root
./INPUTFILES/data_1714156671.root
./INPUTFILES/data_1714156691.root
./INPUTFILES/data_1715156331.root
./INPUTFILES/data_1715156231.root
./INPUTFILES/data_1714156441.root
./INPUTFILES/data_1715156481.root
./INPUTFILES/data_1714156471.root
./INPUTFILES/21EF1A6A9139C9FD2A38E59AFB466F9A_2673.local.list
./INPUTFILES/data_1715156271.root
./INPUTFILES/data_1714156521.root
./INPUTFILES/data_1714156721.root
./INPUTFILES/data_1714163091.root
./INPUTFILES/data_1714156551.root
./INPUTFILES/data_1715156401.root
./INPUTFILES/data_1713182731.root
./INPUTFILES/data_1714156831.root
./INPUTFILES/data_1714156791.root
./INPUTFILES/data_1714156591.root
++++++++++++++++INPUTFILE Var++++++++++++++++++
FILELIST=/tmp/maxwoo/21EF1A6A9139C9FD2A38E59AFB466F9A_2673/INPUTFILES/21EF1A6A9139C9FD2A38E59AFB466F9A_2673.local.list
INPUTFILECOUNT=37
INPUTFILE0=/tmp/maxwoo/21EF1A6A9139C9FD2A38E59AFB466F9A_2673/INPUTFILES/data_1713162681.root
INPUTFILE1=/tmp/maxwoo/21EF1A6A9139C9FD2A38E59AFB466F9A_2673/INPUTFILES/data_1713182731.root
INPUTFILE2=/tmp/maxwoo/21EF1A6A9139C9FD2A38E59AFB466F9A_2673/INPUTFILES/data_1714156391.root
INPUTFILE3=/tmp/maxwoo/21EF1A6A9139C9FD2A38E59AFB466F9A_2673/INPUTFILES/data_1714156441.root
INPUTFILE4=/tmp/maxwoo/21EF1A6A9139C9FD2A38E59AFB466F9A_2673/INPUTFILES/data_1714156451.root
INPUTFILE5=/tmp/maxwoo/21EF1A6A9139C9FD2A38E59AFB466F9A_2673/INPUTFILES/data_1714156471.root
INPUTFILE6=/tmp/maxwoo/21EF1A6A9139C9FD2A38E59AFB466F9A_2673/INPUTFILES/data_1714156501.root
INPUTFILE7=/tmp/maxwoo/21EF1A6A9139C9FD2A38E59AFB466F9A_2673/INPUTFILES/data_1714156511.root
INPUTFILE8=/tmp/maxwoo/21EF1A6A9139C9FD2A38E59AFB466F9A_2673/INPUTFILES/data_1714156521.root
INPUTFILE9=/tmp/maxwoo/21EF1A6A9139C9FD2A38E59AFB466F9A_2673/INPUTFILES/data_1714156541.root
INPUTFILE10=/tmp/maxwoo/21EF1A6A9139C9FD2A38E59AFB466F9A_2673/INPUTFILES/data_1714156551.root
INPUTFILE11=/tmp/maxwoo/21EF1A6A9139C9FD2A38E59AFB466F9A_2673/INPUTFILES/data_1714156591.root
INPUTFILE12=/tmp/maxwoo/21EF1A6A9139C9FD2A38E59AFB466F9A_2673/INPUTFILES/data_1714156601.root
INPUTFILE13=/tmp/maxwoo/21EF1A6A9139C9FD2A38E59AFB466F9A_2673/INPUTFILES/data_1714156611.root
INPUTFILE14=/tmp/maxwoo/21EF1A6A9139C9FD2A38E59AFB466F9A_2673/INPUTFILES/data_1714156641.root
INPUTFILE15=/tmp/maxwoo/21EF1A6A9139C9FD2A38E59AFB466F9A_2673/INPUTFILES/data_1714156671.root
INPUTFILE16=/tmp/maxwoo/21EF1A6A9139C9FD2A38E59AFB466F9A_2673/INPUTFILES/data_1714156681.root
INPUTFILE17=/tmp/maxwoo/21EF1A6A9139C9FD2A38E59AFB466F9A_2673/INPUTFILES/data_1714156691.root
INPUTFILE18=/tmp/maxwoo/21EF1A6A9139C9FD2A38E59AFB466F9A_2673/INPUTFILES/data_1714156711.root
INPUTFILE19=/tmp/maxwoo/21EF1A6A9139C9FD2A38E59AFB466F9A_2673/INPUTFILES/data_1714156721.root
INPUTFILE20=/tmp/maxwoo/21EF1A6A9139C9FD2A38E59AFB466F9A_2673/INPUTFILES/data_1714156791.root
INPUTFILE21=/tmp/maxwoo/21EF1A6A9139C9FD2A38E59AFB466F9A_2673/INPUTFILES/data_1714156831.root
INPUTFILE22=/tmp/maxwoo/21EF1A6A9139C9FD2A38E59AFB466F9A_2673/INPUTFILES/data_1714156841.root
INPUTFILE23=/tmp/maxwoo/21EF1A6A9139C9FD2A38E59AFB466F9A_2673/INPUTFILES/data_1714163091.root
INPUTFILE24=/tmp/maxwoo/21EF1A6A9139C9FD2A38E59AFB466F9A_2673/INPUTFILES/data_1715156231.root
INPUTFILE25=/tmp/maxwoo/21EF1A6A9139C9FD2A38E59AFB466F9A_2673/INPUTFILES/data_1715156261.root
INPUTFILE26=/tmp/maxwoo/21EF1A6A9139C9FD2A38E59AFB466F9A_2673/INPUTFILES/data_1715156271.root
INPUTFILE27=/tmp/maxwoo/21EF1A6A9139C9FD2A38E59AFB466F9A_2673/INPUTFILES/data_1715156331.root
INPUTFILE28=/tmp/maxwoo/21EF1A6A9139C9FD2A38E59AFB466F9A_2673/INPUTFILES/data_1715156341.root
INPUTFILE29=/tmp/maxwoo/21EF1A6A9139C9FD2A38E59AFB466F9A_2673/INPUTFILES/data_1715156351.root
INPUTFILE30=/tmp/maxwoo/21EF1A6A9139C9FD2A38E59AFB466F9A_2673/INPUTFILES/data_1715156361.root
INPUTFILE31=/tmp/maxwoo/21EF1A6A9139C9FD2A38E59AFB466F9A_2673/INPUTFILES/data_1715156371.root
INPUTFILE32=/tmp/maxwoo/21EF1A6A9139C9FD2A38E59AFB466F9A_2673/INPUTFILES/data_1715156401.root
INPUTFILE33=/tmp/maxwoo/21EF1A6A9139C9FD2A38E59AFB466F9A_2673/INPUTFILES/data_1715156411.root
INPUTFILE34=/tmp/maxwoo/21EF1A6A9139C9FD2A38E59AFB466F9A_2673/INPUTFILES/data_1715156431.root
INPUTFILE35=/tmp/maxwoo/21EF1A6A9139C9FD2A38E59AFB466F9A_2673/INPUTFILES/data_1715156461.root
INPUTFILE36=/tmp/maxwoo/21EF1A6A9139C9FD2A38E59AFB466F9A_2673/INPUTFILES/data_1715156481.root
LocalInputFileDir=/tmp/maxwoo/21EF1A6A9139C9FD2A38E59AFB466F9A_2673/INPUTFILES
NewFILELIST=/tmp/maxwoo/21EF1A6A9139C9FD2A38E59AFB466F9A_2673/INPUTFILES/21EF1A6A9139C9FD2A38E59AFB466F9A_2673.local.list
+++++++++++++++++++++++++++++++++++++++++++++++
--------------------------------
Simple Unified Meta Scheduler 1.10.50 we are starting in $SCRATCH : /home/tmp/maxwoo/21EF1A6A9139C9FD2A38E59AFB466F9A_2673
--------------------------------
total 16
lrwxrwxrwx 1 maxwoo rhstar   61 Jun  2 10:54 check_S.C -> /gpfs/mnt/gpfs01/star/pwg/xiatong/git/strangeness/./check_S.C
lrwxrwxrwx 1 maxwoo rhstar   65 Jun  2 10:54 Check_Sness.C -> /gpfs/mnt/gpfs01/star/pwg/xiatong/git/strangeness/./Check_Sness.C
drwxr-xr-x 2 maxwoo rhstar 4096 Jun  2 10:56 INPUTFILES
drwxr-xr-x 2 maxwoo rhstar 4096 Jun  2 10:54 lib
  *******************************************
  *                                         *
  *        W E L C O M E  to  R O O T       *
  *                                         *
  *   Version   5.34/38     12 March 2018   *
  *                                         *
  *  You are welcome to visit our Web site  *
  *          http://root.cern.ch            *
  *                                         *
  *******************************************

ROOT 5.34/38 (v5-34-38@v5-34-38, Mar 12 2018, 15:49:39 on linux)

CINT/ROOT C/C++ Interpreter version 5.18.00, July 2, 2010
Type ? for help. Commands must be C++ statements.
Enclose multiple statements between { }.
*** Float Point Exception is OFF ***
 *** Start at Date : Thu Jun  2 10:56:52 2022
QAInfo:You are using STAR_LEVEL : dev, ROOT_LEVEL : 5.34.38 and node : rcas6525.rcf.bnl.gov 

Processing check_S.C++("/tmp/maxwoo/21EF1A6A9139C9FD2A38E59AFB466F9A_2673/INPUTFILES/21EF1A6A9139C9FD2A38E59AFB466F9A_2673.local.list","21EF1A6A9139C9FD2A38E59AFB466F9A_2673",1)...
/tmp/maxwoo/21EF1A6A9139C9FD2A38E59AFB466F9A_2673/INPUTFILES/data_1713162681.root 
/tmp/maxwoo/21EF1A6A9139C9FD2A38E59AFB466F9A_2673/INPUTFILES/data_1713182731.root 
/tmp/maxwoo/21EF1A6A9139C9FD2A38E59AFB466F9A_2673/INPUTFILES/data_1714156391.root 
/tmp/maxwoo/21EF1A6A9139C9FD2A38E59AFB466F9A_2673/INPUTFILES/data_1714156441.root 
/tmp/maxwoo/21EF1A6A9139C9FD2A38E59AFB466F9A_2673/INPUTFILES/data_1714156451.root 
/tmp/maxwoo/21EF1A6A9139C9FD2A38E59AFB466F9A_2673/INPUTFILES/data_1714156471.root 
/tmp/maxwoo/21EF1A6A9139C9FD2A38E59AFB466F9A_2673/INPUTFILES/data_1714156501.root 
/tmp/maxwoo/21EF1A6A9139C9FD2A38E59AFB466F9A_2673/INPUTFILES/data_1714156511.root 
/tmp/maxwoo/21EF1A6A9139C9FD2A38E59AFB466F9A_2673/INPUTFILES/data_1714156521.root 
/tmp/maxwoo/21EF1A6A9139C9FD2A38E59AFB466F9A_2673/INPUTFILES/data_1714156541.root 
/tmp/maxwoo/21EF1A6A9139C9FD2A38E59AFB466F9A_2673/INPUTFILES/data_1714156551.root 
/tmp/maxwoo/21EF1A6A9139C9FD2A38E59AFB466F9A_2673/INPUTFILES/data_1714156591.root 
/tmp/maxwoo/21EF1A6A9139C9FD2A38E59AFB466F9A_2673/INPUTFILES/data_1714156601.root 
/tmp/maxwoo/21EF1A6A9139C9FD2A38E59AFB466F9A_2673/INPUTFILES/data_1714156611.root 
/tmp/maxwoo/21EF1A6A9139C9FD2A38E59AFB466F9A_2673/INPUTFILES/data_1714156641.root 
/tmp/maxwoo/21EF1A6A9139C9FD2A38E59AFB466F9A_2673/INPUTFILES/data_1714156671.root 
/tmp/maxwoo/21EF1A6A9139C9FD2A38E59AFB466F9A_2673/INPUTFILES/data_1714156681.root 
/tmp/maxwoo/21EF1A6A9139C9FD2A38E59AFB466F9A_2673/INPUTFILES/data_1714156691.root 
/tmp/maxwoo/21EF1A6A9139C9FD2A38E59AFB466F9A_2673/INPUTFILES/data_1714156711.root 
/tmp/maxwoo/21EF1A6A9139C9FD2A38E59AFB466F9A_2673/INPUTFILES/data_1714156721.root 
/tmp/maxwoo/21EF1A6A9139C9FD2A38E59AFB466F9A_2673/INPUTFILES/data_1714156791.root 
/tmp/maxwoo/21EF1A6A9139C9FD2A38E59AFB466F9A_2673/INPUTFILES/data_1714156831.root 
/tmp/maxwoo/21EF1A6A9139C9FD2A38E59AFB466F9A_2673/INPUTFILES/data_1714156841.root 
/tmp/maxwoo/21EF1A6A9139C9FD2A38E59AFB466F9A_2673/INPUTFILES/data_1714163091.root 
/tmp/maxwoo/21EF1A6A9139C9FD2A38E59AFB466F9A_2673/INPUTFILES/data_1715156231.root 
/tmp/maxwoo/21EF1A6A9139C9FD2A38E59AFB466F9A_2673/INPUTFILES/data_1715156261.root 
/tmp/maxwoo/21EF1A6A9139C9FD2A38E59AFB466F9A_2673/INPUTFILES/data_1715156271.root 
/tmp/maxwoo/21EF1A6A9139C9FD2A38E59AFB466F9A_2673/INPUTFILES/data_1715156331.root 
/tmp/maxwoo/21EF1A6A9139C9FD2A38E59AFB466F9A_2673/INPUTFILES/data_1715156341.root 
/tmp/maxwoo/21EF1A6A9139C9FD2A38E59AFB466F9A_2673/INPUTFILES/data_1715156351.root 
/tmp/maxwoo/21EF1A6A9139C9FD2A38E59AFB466F9A_2673/INPUTFILES/data_1715156361.root 
/tmp/maxwoo/21EF1A6A9139C9FD2A38E59AFB466F9A_2673/INPUTFILES/data_1715156371.root 
/tmp/maxwoo/21EF1A6A9139C9FD2A38E59AFB466F9A_2673/INPUTFILES/data_1715156401.root 
/tmp/maxwoo/21EF1A6A9139C9FD2A38E59AFB466F9A_2673/INPUTFILES/data_1715156411.root 
/tmp/maxwoo/21EF1A6A9139C9FD2A38E59AFB466F9A_2673/INPUTFILES/data_1715156431.root 
/tmp/maxwoo/21EF1A6A9139C9FD2A38E59AFB466F9A_2673/INPUTFILES/data_1715156461.root 
/tmp/maxwoo/21EF1A6A9139C9FD2A38E59AFB466F9A_2673/INPUTFILES/data_1715156481.root 
Added 37 files
# entries in chain: 37000
Processing entry == 1000 == out of 37000.
Processing entry == 2000 == out of 37000.
Processing entry == 3000 == out of 37000.
Processing entry == 4000 == out of 37000.
Processing entry == 5000 == out of 37000.
Processing entry == 6000 == out of 37000.
Processing entry == 7000 == out of 37000.
Processing entry == 8000 == out of 37000.
Processing entry == 9000 == out of 37000.
Processing entry == 10000 == out of 37000.
Processing entry == 11000 == out of 37000.
Processing entry == 12000 == out of 37000.
Processing entry == 13000 == out of 37000.
Processing entry == 14000 == out of 37000.
Processing entry == 15000 == out of 37000.
Processing entry == 16000 == out of 37000.
Processing entry == 17000 == out of 37000.
Processing entry == 18000 == out of 37000.
Processing entry == 19000 == out of 37000.
Processing entry == 20000 == out of 37000.
Processing entry == 21000 == out of 37000.
Processing entry == 22000 == out of 37000.
Processing entry == 23000 == out of 37000.
Processing entry == 24000 == out of 37000.
Processing entry == 25000 == out of 37000.
Processing entry == 26000 == out of 37000.
Processing entry == 27000 == out of 37000.
Processing entry == 28000 == out of 37000.
Processing entry == 29000 == out of 37000.
Processing entry == 30000 == out of 37000.
Processing entry == 31000 == out of 37000.
Processing entry == 32000 == out of 37000.
Processing entry == 33000 == out of 37000.
Processing entry == 34000 == out of 37000.
Processing entry == 35000 == out of 37000.
Processing entry == 36000 == out of 37000.
Processing entry == 37000 == out of 37000.

This is the end of ROOT -- Goodbye

Cleaning up sandbox file:  /tmp/maxwoo/21EF1A6A9139C9FD2A38E59AFB466F9A_2673/check_S.C
Cleaning up sandbox file:  /tmp/maxwoo/21EF1A6A9139C9FD2A38E59AFB466F9A_2673/Check_Sness.C
Cleaning up sandbox file:  /tmp/maxwoo/21EF1A6A9139C9FD2A38E59AFB466F9A_2673/lib
Cleaning up sandbox file:  /tmp/maxwoo/21EF1A6A9139C9FD2A38E59AFB466F9A_2673/.sandboxFiles
Starting copy block
Running copy command:  /bin/cp -fp /tmp/maxwoo/21EF1A6A9139C9FD2A38E59AFB466F9A_2673/out_21EF1A6A9139C9FD2A38E59AFB466F9A_2673.root /star/data01/pwg/xiatong/git/strangeness/data/
25321 Execution of (/star/data01/pwg/xiatong/git/strangeness/script/sched21EF1A6A9139C9FD2A38E59AFB466F9A_2673.csh ) has ended, exiting normally
25321 We END on [Thu Jun  2 11:34:26 EDT 2022]
