We are starting on node: rcas2735.rcf.bnl.gov
HOME is not defined
Using getent method
HOME is now /star/u/maxwoo
58128 We will spawn ourselves (/star/data01/pwg/xiatong/git/strangeness/script/sched21EF1A6A9139C9FD2A38E59AFB466F9A_739.csh )
58128 We BEGIN on [Thu Jun  2 11:26:46 EDT 2022]
[1] 58309
58128 We are waiting for 58309 
58128 Grandchild PID is 58921 - found in 10 x 1 seconds
58128 Establishing first watcher   on    Thu Jun  2 11:26:57 EDT 2022
58128 Process tree is 58128 (main) -> 58309 (child) -> 58921 (grandchild)
F S   UID   PID  PPID  C PRI  NI ADDR SZ WCHAN  TTY        TIME CMD
0 D 100667 58921 58309  0 80   0 - 32311 cxiWai ?          0:00 cp /star/data01/pwg/xiatong/AMPT/14GeV/data_287174671.root /tmp/maxwoo/21EF1A6A9139C9FD2A38E59AFB466F9A_739/INPUTFILES/data_287174671.root
58128 Grandchild PID is 61060 - found in 20 x 2 seconds
58128 Grandchild to watch has changed on Thu Jun  2 11:27:18 EDT 2022
58128 Process tree is 58128 (main) -> 58309 (child) -> 61060 (grandchild)
F S   UID   PID  PPID  C PRI  NI ADDR SZ WCHAN  TTY        TIME CMD
0 D 100667 61060 58309  0 80   0 - 32311 cxiWai ?          0:00 cp /star/data01/pwg/xiatong/AMPT/14GeV/data_287174701.root /tmp/maxwoo/21EF1A6A9139C9FD2A38E59AFB466F9A_739/INPUTFILES/data_287174701.root
58128 Grandchild PID is 63613 - found in 30 x 2 seconds
58128 Grandchild to watch has changed on Thu Jun  2 11:27:38 EDT 2022
58128 Process tree is 58128 (main) -> 58309 (child) -> 63613 (grandchild)
F S   UID   PID  PPID  C PRI  NI ADDR SZ WCHAN  TTY        TIME CMD
0 D 100667 63613 58309  0 80   0 - 32311 cxiWai ?          0:00 cp /star/data01/pwg/xiatong/AMPT/14GeV/data_287174761.root /tmp/maxwoo/21EF1A6A9139C9FD2A38E59AFB466F9A_739/INPUTFILES/data_287174761.root
58128 Grandchild PID is 64237 - found in 40 x 2 seconds
58128 Grandchild to watch has changed on Thu Jun  2 11:27:59 EDT 2022
58128 Process tree is 58128 (main) -> 58309 (child) -> 64237 (grandchild)
F S   UID   PID  PPID  C PRI  NI ADDR SZ WCHAN  TTY        TIME CMD
0 D 100667 64237 58309  0 80   0 - 32311 cxiWai ?          0:00 cp /star/data01/pwg/xiatong/AMPT/14GeV/data_287174841.root /tmp/maxwoo/21EF1A6A9139C9FD2A38E59AFB466F9A_739/INPUTFILES/data_287174841.root
58128 Grandchild PID is 658 - found in 50 x 2 seconds
58128 Grandchild to watch has changed on Thu Jun  2 11:28:20 EDT 2022
58128 Process tree is 58128 (main) -> 58309 (child) -> 658 (grandchild)
F S   UID   PID  PPID  C PRI  NI ADDR SZ WCHAN  TTY        TIME CMD
0 D 100667  658 58309  0  80   0 - 32311 cxiWai ?          0:00 cp /star/data01/pwg/xiatong/AMPT/14GeV/data_287187911.root /tmp/maxwoo/21EF1A6A9139C9FD2A38E59AFB466F9A_739/INPUTFILES/data_287187911.root
58128 Grandchild PID is 4089 - found in 70 x 2 seconds
58128 Grandchild to watch has changed on Thu Jun  2 11:29:01 EDT 2022
58128 Process tree is 58128 (main) -> 58309 (child) -> 4089 (grandchild)
F S   UID   PID  PPID  C PRI  NI ADDR SZ WCHAN  TTY        TIME CMD
0 S 100667 4089 58309  0  80   0 -  1272 do_wai ?          0:00 root -b -q check_S.C++("/tmp/maxwoo/21EF1A6A9139C9FD2A38E59AFB466F9A_739/INPUTFILES/21EF1A6A9139C9FD2A38E59AFB466F9A_739.local.list","21EF1A6A9139C9FD2A38E59AFB466F9A_739",1)
58309 Stepping into the main SUMS wrapper program with []
.... building sandbox
Running: cp /star/data01/pwg/xiatong/AMPT/14GeV/data_287173201.root /tmp/maxwoo/21EF1A6A9139C9FD2A38E59AFB466F9A_739/INPUTFILES/data_287173201.root
Running: cp /star/data01/pwg/xiatong/AMPT/14GeV/data_287173231.root /tmp/maxwoo/21EF1A6A9139C9FD2A38E59AFB466F9A_739/INPUTFILES/data_287173231.root
Running: cp /star/data01/pwg/xiatong/AMPT/14GeV/data_287173241.root /tmp/maxwoo/21EF1A6A9139C9FD2A38E59AFB466F9A_739/INPUTFILES/data_287173241.root
Running: cp /star/data01/pwg/xiatong/AMPT/14GeV/data_287173261.root /tmp/maxwoo/21EF1A6A9139C9FD2A38E59AFB466F9A_739/INPUTFILES/data_287173261.root
Running: cp /star/data01/pwg/xiatong/AMPT/14GeV/data_287173271.root /tmp/maxwoo/21EF1A6A9139C9FD2A38E59AFB466F9A_739/INPUTFILES/data_287173271.root
Running: cp /star/data01/pwg/xiatong/AMPT/14GeV/data_287173281.root /tmp/maxwoo/21EF1A6A9139C9FD2A38E59AFB466F9A_739/INPUTFILES/data_287173281.root
Running: cp /star/data01/pwg/xiatong/AMPT/14GeV/data_287173291.root /tmp/maxwoo/21EF1A6A9139C9FD2A38E59AFB466F9A_739/INPUTFILES/data_287173291.root
Running: cp /star/data01/pwg/xiatong/AMPT/14GeV/data_287173301.root /tmp/maxwoo/21EF1A6A9139C9FD2A38E59AFB466F9A_739/INPUTFILES/data_287173301.root
Running: cp /star/data01/pwg/xiatong/AMPT/14GeV/data_287173351.root /tmp/maxwoo/21EF1A6A9139C9FD2A38E59AFB466F9A_739/INPUTFILES/data_287173351.root
Running: cp /star/data01/pwg/xiatong/AMPT/14GeV/data_287173411.root /tmp/maxwoo/21EF1A6A9139C9FD2A38E59AFB466F9A_739/INPUTFILES/data_287173411.root
Running: cp /star/data01/pwg/xiatong/AMPT/14GeV/data_287173441.root /tmp/maxwoo/21EF1A6A9139C9FD2A38E59AFB466F9A_739/INPUTFILES/data_287173441.root
Running: cp /star/data01/pwg/xiatong/AMPT/14GeV/data_287173451.root /tmp/maxwoo/21EF1A6A9139C9FD2A38E59AFB466F9A_739/INPUTFILES/data_287173451.root
Running: cp /star/data01/pwg/xiatong/AMPT/14GeV/data_287173471.root /tmp/maxwoo/21EF1A6A9139C9FD2A38E59AFB466F9A_739/INPUTFILES/data_287173471.root
Running: cp /star/data01/pwg/xiatong/AMPT/14GeV/data_287174611.root /tmp/maxwoo/21EF1A6A9139C9FD2A38E59AFB466F9A_739/INPUTFILES/data_287174611.root
Running: cp /star/data01/pwg/xiatong/AMPT/14GeV/data_287174641.root /tmp/maxwoo/21EF1A6A9139C9FD2A38E59AFB466F9A_739/INPUTFILES/data_287174641.root
Running: cp /star/data01/pwg/xiatong/AMPT/14GeV/data_287174651.root /tmp/maxwoo/21EF1A6A9139C9FD2A38E59AFB466F9A_739/INPUTFILES/data_287174651.root
Running: cp /star/data01/pwg/xiatong/AMPT/14GeV/data_287174661.root /tmp/maxwoo/21EF1A6A9139C9FD2A38E59AFB466F9A_739/INPUTFILES/data_287174661.root
Running: cp /star/data01/pwg/xiatong/AMPT/14GeV/data_287174671.root /tmp/maxwoo/21EF1A6A9139C9FD2A38E59AFB466F9A_739/INPUTFILES/data_287174671.root
Running: cp /star/data01/pwg/xiatong/AMPT/14GeV/data_287174681.root /tmp/maxwoo/21EF1A6A9139C9FD2A38E59AFB466F9A_739/INPUTFILES/data_287174681.root
Running: cp /star/data01/pwg/xiatong/AMPT/14GeV/data_287174691.root /tmp/maxwoo/21EF1A6A9139C9FD2A38E59AFB466F9A_739/INPUTFILES/data_287174691.root
Running: cp /star/data01/pwg/xiatong/AMPT/14GeV/data_287174701.root /tmp/maxwoo/21EF1A6A9139C9FD2A38E59AFB466F9A_739/INPUTFILES/data_287174701.root
Running: cp /star/data01/pwg/xiatong/AMPT/14GeV/data_287174711.root /tmp/maxwoo/21EF1A6A9139C9FD2A38E59AFB466F9A_739/INPUTFILES/data_287174711.root
Running: cp /star/data01/pwg/xiatong/AMPT/14GeV/data_287174731.root /tmp/maxwoo/21EF1A6A9139C9FD2A38E59AFB466F9A_739/INPUTFILES/data_287174731.root
Running: cp /star/data01/pwg/xiatong/AMPT/14GeV/data_287174761.root /tmp/maxwoo/21EF1A6A9139C9FD2A38E59AFB466F9A_739/INPUTFILES/data_287174761.root
Running: cp /star/data01/pwg/xiatong/AMPT/14GeV/data_287174771.root /tmp/maxwoo/21EF1A6A9139C9FD2A38E59AFB466F9A_739/INPUTFILES/data_287174771.root
Running: cp /star/data01/pwg/xiatong/AMPT/14GeV/data_287174781.root /tmp/maxwoo/21EF1A6A9139C9FD2A38E59AFB466F9A_739/INPUTFILES/data_287174781.root
Running: cp /star/data01/pwg/xiatong/AMPT/14GeV/data_287174811.root /tmp/maxwoo/21EF1A6A9139C9FD2A38E59AFB466F9A_739/INPUTFILES/data_287174811.root
Running: cp /star/data01/pwg/xiatong/AMPT/14GeV/data_287174821.root /tmp/maxwoo/21EF1A6A9139C9FD2A38E59AFB466F9A_739/INPUTFILES/data_287174821.root
Running: cp /star/data01/pwg/xiatong/AMPT/14GeV/data_287174831.root /tmp/maxwoo/21EF1A6A9139C9FD2A38E59AFB466F9A_739/INPUTFILES/data_287174831.root
Running: cp /star/data01/pwg/xiatong/AMPT/14GeV/data_287174841.root /tmp/maxwoo/21EF1A6A9139C9FD2A38E59AFB466F9A_739/INPUTFILES/data_287174841.root
Running: cp /star/data01/pwg/xiatong/AMPT/14GeV/data_287174871.root /tmp/maxwoo/21EF1A6A9139C9FD2A38E59AFB466F9A_739/INPUTFILES/data_287174871.root
Running: cp /star/data01/pwg/xiatong/AMPT/14GeV/data_287174881.root /tmp/maxwoo/21EF1A6A9139C9FD2A38E59AFB466F9A_739/INPUTFILES/data_287174881.root
Running: cp /star/data01/pwg/xiatong/AMPT/14GeV/data_287174941.root /tmp/maxwoo/21EF1A6A9139C9FD2A38E59AFB466F9A_739/INPUTFILES/data_287174941.root
Running: cp /star/data01/pwg/xiatong/AMPT/14GeV/data_287174951.root /tmp/maxwoo/21EF1A6A9139C9FD2A38E59AFB466F9A_739/INPUTFILES/data_287174951.root
Running: cp /star/data01/pwg/xiatong/AMPT/14GeV/data_287187911.root /tmp/maxwoo/21EF1A6A9139C9FD2A38E59AFB466F9A_739/INPUTFILES/data_287187911.root
Running: cp /star/data01/pwg/xiatong/AMPT/14GeV/data_287187941.root /tmp/maxwoo/21EF1A6A9139C9FD2A38E59AFB466F9A_739/INPUTFILES/data_287187941.root
Running: cp /star/data01/pwg/xiatong/AMPT/14GeV/data_287187961.root /tmp/maxwoo/21EF1A6A9139C9FD2A38E59AFB466F9A_739/INPUTFILES/data_287187961.root
Swapping $FILELIST with: /tmp/maxwoo/21EF1A6A9139C9FD2A38E59AFB466F9A_739/INPUTFILES/21EF1A6A9139C9FD2A38E59AFB466F9A_739.local.list
+++++++++++local copy debug++++++++++++++++++++
newFileList: /tmp/maxwoo/21EF1A6A9139C9FD2A38E59AFB466F9A_739/INPUTFILES/21EF1A6A9139C9FD2A38E59AFB466F9A_739.local.list
++++++++++++++++cat FILELIST+++++++++++++++++++
/tmp/maxwoo/21EF1A6A9139C9FD2A38E59AFB466F9A_739/INPUTFILES/data_287173201.root 
/tmp/maxwoo/21EF1A6A9139C9FD2A38E59AFB466F9A_739/INPUTFILES/data_287173231.root 
/tmp/maxwoo/21EF1A6A9139C9FD2A38E59AFB466F9A_739/INPUTFILES/data_287173241.root 
/tmp/maxwoo/21EF1A6A9139C9FD2A38E59AFB466F9A_739/INPUTFILES/data_287173261.root 
/tmp/maxwoo/21EF1A6A9139C9FD2A38E59AFB466F9A_739/INPUTFILES/data_287173271.root 
/tmp/maxwoo/21EF1A6A9139C9FD2A38E59AFB466F9A_739/INPUTFILES/data_287173281.root 
/tmp/maxwoo/21EF1A6A9139C9FD2A38E59AFB466F9A_739/INPUTFILES/data_287173291.root 
/tmp/maxwoo/21EF1A6A9139C9FD2A38E59AFB466F9A_739/INPUTFILES/data_287173301.root 
/tmp/maxwoo/21EF1A6A9139C9FD2A38E59AFB466F9A_739/INPUTFILES/data_287173351.root 
/tmp/maxwoo/21EF1A6A9139C9FD2A38E59AFB466F9A_739/INPUTFILES/data_287173411.root 
/tmp/maxwoo/21EF1A6A9139C9FD2A38E59AFB466F9A_739/INPUTFILES/data_287173441.root 
/tmp/maxwoo/21EF1A6A9139C9FD2A38E59AFB466F9A_739/INPUTFILES/data_287173451.root 
/tmp/maxwoo/21EF1A6A9139C9FD2A38E59AFB466F9A_739/INPUTFILES/data_287173471.root 
/tmp/maxwoo/21EF1A6A9139C9FD2A38E59AFB466F9A_739/INPUTFILES/data_287174611.root 
/tmp/maxwoo/21EF1A6A9139C9FD2A38E59AFB466F9A_739/INPUTFILES/data_287174641.root 
/tmp/maxwoo/21EF1A6A9139C9FD2A38E59AFB466F9A_739/INPUTFILES/data_287174651.root 
/tmp/maxwoo/21EF1A6A9139C9FD2A38E59AFB466F9A_739/INPUTFILES/data_287174661.root 
/tmp/maxwoo/21EF1A6A9139C9FD2A38E59AFB466F9A_739/INPUTFILES/data_287174671.root 
/tmp/maxwoo/21EF1A6A9139C9FD2A38E59AFB466F9A_739/INPUTFILES/data_287174681.root 
/tmp/maxwoo/21EF1A6A9139C9FD2A38E59AFB466F9A_739/INPUTFILES/data_287174691.root 
/tmp/maxwoo/21EF1A6A9139C9FD2A38E59AFB466F9A_739/INPUTFILES/data_287174701.root 
/tmp/maxwoo/21EF1A6A9139C9FD2A38E59AFB466F9A_739/INPUTFILES/data_287174711.root 
/tmp/maxwoo/21EF1A6A9139C9FD2A38E59AFB466F9A_739/INPUTFILES/data_287174731.root 
/tmp/maxwoo/21EF1A6A9139C9FD2A38E59AFB466F9A_739/INPUTFILES/data_287174761.root 
/tmp/maxwoo/21EF1A6A9139C9FD2A38E59AFB466F9A_739/INPUTFILES/data_287174771.root 
/tmp/maxwoo/21EF1A6A9139C9FD2A38E59AFB466F9A_739/INPUTFILES/data_287174781.root 
/tmp/maxwoo/21EF1A6A9139C9FD2A38E59AFB466F9A_739/INPUTFILES/data_287174811.root 
/tmp/maxwoo/21EF1A6A9139C9FD2A38E59AFB466F9A_739/INPUTFILES/data_287174821.root 
/tmp/maxwoo/21EF1A6A9139C9FD2A38E59AFB466F9A_739/INPUTFILES/data_287174831.root 
/tmp/maxwoo/21EF1A6A9139C9FD2A38E59AFB466F9A_739/INPUTFILES/data_287174841.root 
/tmp/maxwoo/21EF1A6A9139C9FD2A38E59AFB466F9A_739/INPUTFILES/data_287174871.root 
/tmp/maxwoo/21EF1A6A9139C9FD2A38E59AFB466F9A_739/INPUTFILES/data_287174881.root 
/tmp/maxwoo/21EF1A6A9139C9FD2A38E59AFB466F9A_739/INPUTFILES/data_287174941.root 
/tmp/maxwoo/21EF1A6A9139C9FD2A38E59AFB466F9A_739/INPUTFILES/data_287174951.root 
/tmp/maxwoo/21EF1A6A9139C9FD2A38E59AFB466F9A_739/INPUTFILES/data_287187911.root 
/tmp/maxwoo/21EF1A6A9139C9FD2A38E59AFB466F9A_739/INPUTFILES/data_287187941.root 
/tmp/maxwoo/21EF1A6A9139C9FD2A38E59AFB466F9A_739/INPUTFILES/data_287187961.root 
++++++++++++++++++++find.++++++++++++++++++++++
.
./.errror.log
./Check_Sness.C
./INPUTFILES
./INPUTFILES/data_287174881.root
./INPUTFILES/data_287173351.root
./INPUTFILES/data_287173241.root
./INPUTFILES/data_287173471.root
./INPUTFILES/data_287174671.root
./INPUTFILES/data_287173201.root
./INPUTFILES/data_287174831.root
./INPUTFILES/data_287174821.root
./INPUTFILES/data_287173261.root
./INPUTFILES/data_287174871.root
./INPUTFILES/data_287174611.root
./INPUTFILES/data_287187911.root
./INPUTFILES/data_287173441.root
./INPUTFILES/data_287173281.root
./INPUTFILES/data_287174661.root
./INPUTFILES/data_287187961.root
./INPUTFILES/data_287174701.root
./INPUTFILES/data_287174731.root
./INPUTFILES/data_287174771.root
./INPUTFILES/data_287174781.root
./INPUTFILES/data_287173411.root
./INPUTFILES/data_287174811.root
./INPUTFILES/data_287187941.root
./INPUTFILES/data_287174841.root
./INPUTFILES/data_287174681.root
./INPUTFILES/data_287173231.root
./INPUTFILES/data_287174951.root
./INPUTFILES/data_287174711.root
./INPUTFILES/data_287173271.root
./INPUTFILES/21EF1A6A9139C9FD2A38E59AFB466F9A_739.local.list
./INPUTFILES/data_287174651.root
./INPUTFILES/data_287174691.root
./INPUTFILES/data_287174941.root
./INPUTFILES/data_287174641.root
./INPUTFILES/data_287173301.root
./INPUTFILES/data_287174761.root
./INPUTFILES/data_287173291.root
./INPUTFILES/data_287173451.root
./check_S.C
./.sandboxFiles
./.output.log
./lib
./lib/MixedBuffer.h
./lib/my_event_cpp_ACLiC_dict_rdict.pcm
./lib/my_particle.cpp
./lib/CenMaker_cpp.d
./lib/CenMaker_cpp_ACLiC_dict_rdict.pcm
./lib/CenMaker.h
./lib/my_particle_cpp.so
./lib/NpartNormalizer.h
./lib/my_particle_cpp_ACLiC_dict_rdict.pcm
./lib/NpartNormalizer_cpp_ACLiC_dict_rdict.pcm
./lib/my_event_cpp.d
./lib/my_particle_cpp.d
./lib/MixedBuffer_cpp.d
./lib/MixedBuffer_cpp_ACLiC_dict_rdict.pcm
./lib/my_event.h
./lib/MixedBuffer_cpp.so
./lib/MixedBuffer.cpp
./lib/my_event_cpp.so
./lib/my_event.cpp
./lib/NpartNormalizer_cpp.so
./lib/NpartNormalizer.cpp
./lib/NpartNormalizer_cpp.d
./lib/CenMaker_cpp.so
./lib/CenMaker.cpp
./lib/my_particle.h
++++++++++++++++INPUTFILE Var++++++++++++++++++
FILELIST=/tmp/maxwoo/21EF1A6A9139C9FD2A38E59AFB466F9A_739/INPUTFILES/21EF1A6A9139C9FD2A38E59AFB466F9A_739.local.list
INPUTFILECOUNT=37
INPUTFILE0=/tmp/maxwoo/21EF1A6A9139C9FD2A38E59AFB466F9A_739/INPUTFILES/data_287173201.root
INPUTFILE1=/tmp/maxwoo/21EF1A6A9139C9FD2A38E59AFB466F9A_739/INPUTFILES/data_287173231.root
INPUTFILE2=/tmp/maxwoo/21EF1A6A9139C9FD2A38E59AFB466F9A_739/INPUTFILES/data_287173241.root
INPUTFILE3=/tmp/maxwoo/21EF1A6A9139C9FD2A38E59AFB466F9A_739/INPUTFILES/data_287173261.root
INPUTFILE4=/tmp/maxwoo/21EF1A6A9139C9FD2A38E59AFB466F9A_739/INPUTFILES/data_287173271.root
INPUTFILE5=/tmp/maxwoo/21EF1A6A9139C9FD2A38E59AFB466F9A_739/INPUTFILES/data_287173281.root
INPUTFILE6=/tmp/maxwoo/21EF1A6A9139C9FD2A38E59AFB466F9A_739/INPUTFILES/data_287173291.root
INPUTFILE7=/tmp/maxwoo/21EF1A6A9139C9FD2A38E59AFB466F9A_739/INPUTFILES/data_287173301.root
INPUTFILE8=/tmp/maxwoo/21EF1A6A9139C9FD2A38E59AFB466F9A_739/INPUTFILES/data_287173351.root
INPUTFILE9=/tmp/maxwoo/21EF1A6A9139C9FD2A38E59AFB466F9A_739/INPUTFILES/data_287173411.root
INPUTFILE10=/tmp/maxwoo/21EF1A6A9139C9FD2A38E59AFB466F9A_739/INPUTFILES/data_287173441.root
INPUTFILE11=/tmp/maxwoo/21EF1A6A9139C9FD2A38E59AFB466F9A_739/INPUTFILES/data_287173451.root
INPUTFILE12=/tmp/maxwoo/21EF1A6A9139C9FD2A38E59AFB466F9A_739/INPUTFILES/data_287173471.root
INPUTFILE13=/tmp/maxwoo/21EF1A6A9139C9FD2A38E59AFB466F9A_739/INPUTFILES/data_287174611.root
INPUTFILE14=/tmp/maxwoo/21EF1A6A9139C9FD2A38E59AFB466F9A_739/INPUTFILES/data_287174641.root
INPUTFILE15=/tmp/maxwoo/21EF1A6A9139C9FD2A38E59AFB466F9A_739/INPUTFILES/data_287174651.root
INPUTFILE16=/tmp/maxwoo/21EF1A6A9139C9FD2A38E59AFB466F9A_739/INPUTFILES/data_287174661.root
INPUTFILE17=/tmp/maxwoo/21EF1A6A9139C9FD2A38E59AFB466F9A_739/INPUTFILES/data_287174671.root
INPUTFILE18=/tmp/maxwoo/21EF1A6A9139C9FD2A38E59AFB466F9A_739/INPUTFILES/data_287174681.root
INPUTFILE19=/tmp/maxwoo/21EF1A6A9139C9FD2A38E59AFB466F9A_739/INPUTFILES/data_287174691.root
INPUTFILE20=/tmp/maxwoo/21EF1A6A9139C9FD2A38E59AFB466F9A_739/INPUTFILES/data_287174701.root
INPUTFILE21=/tmp/maxwoo/21EF1A6A9139C9FD2A38E59AFB466F9A_739/INPUTFILES/data_287174711.root
INPUTFILE22=/tmp/maxwoo/21EF1A6A9139C9FD2A38E59AFB466F9A_739/INPUTFILES/data_287174731.root
INPUTFILE23=/tmp/maxwoo/21EF1A6A9139C9FD2A38E59AFB466F9A_739/INPUTFILES/data_287174761.root
INPUTFILE24=/tmp/maxwoo/21EF1A6A9139C9FD2A38E59AFB466F9A_739/INPUTFILES/data_287174771.root
INPUTFILE25=/tmp/maxwoo/21EF1A6A9139C9FD2A38E59AFB466F9A_739/INPUTFILES/data_287174781.root
INPUTFILE26=/tmp/maxwoo/21EF1A6A9139C9FD2A38E59AFB466F9A_739/INPUTFILES/data_287174811.root
INPUTFILE27=/tmp/maxwoo/21EF1A6A9139C9FD2A38E59AFB466F9A_739/INPUTFILES/data_287174821.root
INPUTFILE28=/tmp/maxwoo/21EF1A6A9139C9FD2A38E59AFB466F9A_739/INPUTFILES/data_287174831.root
INPUTFILE29=/tmp/maxwoo/21EF1A6A9139C9FD2A38E59AFB466F9A_739/INPUTFILES/data_287174841.root
INPUTFILE30=/tmp/maxwoo/21EF1A6A9139C9FD2A38E59AFB466F9A_739/INPUTFILES/data_287174871.root
INPUTFILE31=/tmp/maxwoo/21EF1A6A9139C9FD2A38E59AFB466F9A_739/INPUTFILES/data_287174881.root
INPUTFILE32=/tmp/maxwoo/21EF1A6A9139C9FD2A38E59AFB466F9A_739/INPUTFILES/data_287174941.root
INPUTFILE33=/tmp/maxwoo/21EF1A6A9139C9FD2A38E59AFB466F9A_739/INPUTFILES/data_287174951.root
INPUTFILE34=/tmp/maxwoo/21EF1A6A9139C9FD2A38E59AFB466F9A_739/INPUTFILES/data_287187911.root
INPUTFILE35=/tmp/maxwoo/21EF1A6A9139C9FD2A38E59AFB466F9A_739/INPUTFILES/data_287187941.root
INPUTFILE36=/tmp/maxwoo/21EF1A6A9139C9FD2A38E59AFB466F9A_739/INPUTFILES/data_287187961.root
LocalInputFileDir=/tmp/maxwoo/21EF1A6A9139C9FD2A38E59AFB466F9A_739/INPUTFILES
NewFILELIST=/tmp/maxwoo/21EF1A6A9139C9FD2A38E59AFB466F9A_739/INPUTFILES/21EF1A6A9139C9FD2A38E59AFB466F9A_739.local.list
+++++++++++++++++++++++++++++++++++++++++++++++
--------------------------------
Simple Unified Meta Scheduler 1.10.50 we are starting in $SCRATCH : /home/tmp/maxwoo/21EF1A6A9139C9FD2A38E59AFB466F9A_739
--------------------------------
total 16
lrwxrwxrwx 1 maxwoo rhstar   61 Jun  2 11:26 check_S.C -> /gpfs/mnt/gpfs01/star/pwg/xiatong/git/strangeness/./check_S.C
lrwxrwxrwx 1 maxwoo rhstar   65 Jun  2 11:26 Check_Sness.C -> /gpfs/mnt/gpfs01/star/pwg/xiatong/git/strangeness/./Check_Sness.C
drwxr-xr-x 2 maxwoo rhstar 4096 Jun  2 11:28 INPUTFILES
drwxr-xr-x 2 maxwoo rhstar 4096 Jun  2 11:26 lib
  *******************************************
  *                                         *
  *        W E L C O M E  to  R O O T       *
  *                                         *
  *   Version   5.34/38     12 March 2018   *
  *                                         *
  *  You are welcome to visit our Web site  *
  *          http://root.cern.ch            *
  *                                         *
  *******************************************

ROOT 5.34/38 (v5-34-38@v5-34-38, Mar 12 2018, 15:49:39 on linux)

CINT/ROOT C/C++ Interpreter version 5.18.00, July 2, 2010
Type ? for help. Commands must be C++ statements.
Enclose multiple statements between { }.
*** Float Point Exception is OFF ***
 *** Start at Date : Thu Jun  2 11:28:51 2022
QAInfo:You are using STAR_LEVEL : dev, ROOT_LEVEL : 5.34.38 and node : rcas2735.rcf.bnl.gov 

Processing check_S.C++("/tmp/maxwoo/21EF1A6A9139C9FD2A38E59AFB466F9A_739/INPUTFILES/21EF1A6A9139C9FD2A38E59AFB466F9A_739.local.list","21EF1A6A9139C9FD2A38E59AFB466F9A_739",1)...
/tmp/maxwoo/21EF1A6A9139C9FD2A38E59AFB466F9A_739/INPUTFILES/data_287173201.root 
/tmp/maxwoo/21EF1A6A9139C9FD2A38E59AFB466F9A_739/INPUTFILES/data_287173231.root 
/tmp/maxwoo/21EF1A6A9139C9FD2A38E59AFB466F9A_739/INPUTFILES/data_287173241.root 
/tmp/maxwoo/21EF1A6A9139C9FD2A38E59AFB466F9A_739/INPUTFILES/data_287173261.root 
/tmp/maxwoo/21EF1A6A9139C9FD2A38E59AFB466F9A_739/INPUTFILES/data_287173271.root 
/tmp/maxwoo/21EF1A6A9139C9FD2A38E59AFB466F9A_739/INPUTFILES/data_287173281.root 
/tmp/maxwoo/21EF1A6A9139C9FD2A38E59AFB466F9A_739/INPUTFILES/data_287173291.root 
/tmp/maxwoo/21EF1A6A9139C9FD2A38E59AFB466F9A_739/INPUTFILES/data_287173301.root 
/tmp/maxwoo/21EF1A6A9139C9FD2A38E59AFB466F9A_739/INPUTFILES/data_287173351.root 
/tmp/maxwoo/21EF1A6A9139C9FD2A38E59AFB466F9A_739/INPUTFILES/data_287173411.root 
/tmp/maxwoo/21EF1A6A9139C9FD2A38E59AFB466F9A_739/INPUTFILES/data_287173441.root 
/tmp/maxwoo/21EF1A6A9139C9FD2A38E59AFB466F9A_739/INPUTFILES/data_287173451.root 
/tmp/maxwoo/21EF1A6A9139C9FD2A38E59AFB466F9A_739/INPUTFILES/data_287173471.root 
/tmp/maxwoo/21EF1A6A9139C9FD2A38E59AFB466F9A_739/INPUTFILES/data_287174611.root 
/tmp/maxwoo/21EF1A6A9139C9FD2A38E59AFB466F9A_739/INPUTFILES/data_287174641.root 
/tmp/maxwoo/21EF1A6A9139C9FD2A38E59AFB466F9A_739/INPUTFILES/data_287174651.root 
/tmp/maxwoo/21EF1A6A9139C9FD2A38E59AFB466F9A_739/INPUTFILES/data_287174661.root 
/tmp/maxwoo/21EF1A6A9139C9FD2A38E59AFB466F9A_739/INPUTFILES/data_287174671.root 
/tmp/maxwoo/21EF1A6A9139C9FD2A38E59AFB466F9A_739/INPUTFILES/data_287174681.root 
/tmp/maxwoo/21EF1A6A9139C9FD2A38E59AFB466F9A_739/INPUTFILES/data_287174691.root 
/tmp/maxwoo/21EF1A6A9139C9FD2A38E59AFB466F9A_739/INPUTFILES/data_287174701.root 
/tmp/maxwoo/21EF1A6A9139C9FD2A38E59AFB466F9A_739/INPUTFILES/data_287174711.root 
/tmp/maxwoo/21EF1A6A9139C9FD2A38E59AFB466F9A_739/INPUTFILES/data_287174731.root 
/tmp/maxwoo/21EF1A6A9139C9FD2A38E59AFB466F9A_739/INPUTFILES/data_287174761.root 
/tmp/maxwoo/21EF1A6A9139C9FD2A38E59AFB466F9A_739/INPUTFILES/data_287174771.root 
/tmp/maxwoo/21EF1A6A9139C9FD2A38E59AFB466F9A_739/INPUTFILES/data_287174781.root 
/tmp/maxwoo/21EF1A6A9139C9FD2A38E59AFB466F9A_739/INPUTFILES/data_287174811.root 
/tmp/maxwoo/21EF1A6A9139C9FD2A38E59AFB466F9A_739/INPUTFILES/data_287174821.root 
/tmp/maxwoo/21EF1A6A9139C9FD2A38E59AFB466F9A_739/INPUTFILES/data_287174831.root 
/tmp/maxwoo/21EF1A6A9139C9FD2A38E59AFB466F9A_739/INPUTFILES/data_287174841.root 
/tmp/maxwoo/21EF1A6A9139C9FD2A38E59AFB466F9A_739/INPUTFILES/data_287174871.root 
/tmp/maxwoo/21EF1A6A9139C9FD2A38E59AFB466F9A_739/INPUTFILES/data_287174881.root 
/tmp/maxwoo/21EF1A6A9139C9FD2A38E59AFB466F9A_739/INPUTFILES/data_287174941.root 
/tmp/maxwoo/21EF1A6A9139C9FD2A38E59AFB466F9A_739/INPUTFILES/data_287174951.root 
/tmp/maxwoo/21EF1A6A9139C9FD2A38E59AFB466F9A_739/INPUTFILES/data_287187911.root 
/tmp/maxwoo/21EF1A6A9139C9FD2A38E59AFB466F9A_739/INPUTFILES/data_287187941.root 
/tmp/maxwoo/21EF1A6A9139C9FD2A38E59AFB466F9A_739/INPUTFILES/data_287187961.root 
Added 37 files
# entries in chain: 37000
Processing entry == 1000 == out of 37000.
Processing entry == 2000 == out of 37000.
Processing entry == 3000 == out of 37000.
Processing entry == 4000 == out of 37000.
Processing entry == 5000 == out of 37000.
Processing entry == 6000 == out of 37000.
Processing entry == 7000 == out of 37000.
Processing entry == 8000 == out of 37000.
Processing entry == 9000 == out of 37000.
Processing entry == 10000 == out of 37000.
Processing entry == 11000 == out of 37000.
Processing entry == 12000 == out of 37000.
Processing entry == 13000 == out of 37000.
Processing entry == 14000 == out of 37000.
Processing entry == 15000 == out of 37000.
Processing entry == 16000 == out of 37000.
Processing entry == 17000 == out of 37000.
Processing entry == 18000 == out of 37000.
Processing entry == 19000 == out of 37000.
Processing entry == 20000 == out of 37000.
Processing entry == 21000 == out of 37000.
Processing entry == 22000 == out of 37000.
Processing entry == 23000 == out of 37000.
Processing entry == 24000 == out of 37000.
Processing entry == 25000 == out of 37000.
Processing entry == 26000 == out of 37000.
Processing entry == 27000 == out of 37000.
Processing entry == 28000 == out of 37000.
Processing entry == 29000 == out of 37000.
Processing entry == 30000 == out of 37000.
Processing entry == 31000 == out of 37000.
Processing entry == 32000 == out of 37000.
Processing entry == 33000 == out of 37000.
Processing entry == 34000 == out of 37000.
Processing entry == 35000 == out of 37000.
Processing entry == 36000 == out of 37000.
Processing entry == 37000 == out of 37000.

This is the end of ROOT -- Goodbye

Cleaning up sandbox file:  /tmp/maxwoo/21EF1A6A9139C9FD2A38E59AFB466F9A_739/check_S.C
Cleaning up sandbox file:  /tmp/maxwoo/21EF1A6A9139C9FD2A38E59AFB466F9A_739/Check_Sness.C
Cleaning up sandbox file:  /tmp/maxwoo/21EF1A6A9139C9FD2A38E59AFB466F9A_739/lib
Cleaning up sandbox file:  /tmp/maxwoo/21EF1A6A9139C9FD2A38E59AFB466F9A_739/.sandboxFiles
Starting copy block
Running copy command:  /bin/cp -fp /tmp/maxwoo/21EF1A6A9139C9FD2A38E59AFB466F9A_739/out_21EF1A6A9139C9FD2A38E59AFB466F9A_739.root /star/data01/pwg/xiatong/git/strangeness/data/
58128 Execution of (/star/data01/pwg/xiatong/git/strangeness/script/sched21EF1A6A9139C9FD2A38E59AFB466F9A_739.csh ) has ended, exiting normally
58128 We END on [Thu Jun  2 11:51:18 EDT 2022]
