We are starting on node: spool0714.sdcc.bnl.gov
HOME is not defined
Using getent method
HOME is now /star/u/maxwoo
116003 We will spawn ourselves (/star/data01/pwg/xiatong/git/strangeness/script/sched21EF1A6A9139C9FD2A38E59AFB466F9A_1173.csh )
116003 We BEGIN on [Thu Jun  2 11:22:09 EDT 2022]
[1] 116204
116003 We are waiting for 116204 
116003 Grandchild PID is 116412 - found in 10 x 1 seconds
116003 Establishing first watcher   on    Thu Jun  2 11:22:20 EDT 2022
116003 Process tree is 116003 (main) -> 116204 (child) -> 116412 (grandchild)
F S   UID    PID   PPID  C PRI  NI ADDR SZ WCHAN  TTY        TIME CMD
0 D 100667 116412 116204  0 80   0 - 32311 cxiWai ?          0:00 cp /star/data01/pwg/xiatong/AMPT/14GeV/data_384419861.root /tmp/maxwoo/21EF1A6A9139C9FD2A38E59AFB466F9A_1173/INPUTFILES/data_384419861.root
116003 Grandchild PID is 117857 - found in 20 x 2 seconds
116003 Grandchild to watch has changed on Thu Jun  2 11:22:40 EDT 2022
116003 Process tree is 116003 (main) -> 116204 (child) -> 117857 (grandchild)
F S   UID    PID   PPID  C PRI  NI ADDR SZ WCHAN  TTY        TIME CMD
0 D 100667 117857 116204  0 80   0 - 32311 cxiWai ?          0:00 cp /star/data01/pwg/xiatong/AMPT/14GeV/data_384428041.root /tmp/maxwoo/21EF1A6A9139C9FD2A38E59AFB466F9A_1173/INPUTFILES/data_384428041.root
116003 Grandchild PID is 118957 - found in 30 x 2 seconds
116003 Grandchild to watch has changed on Thu Jun  2 11:23:01 EDT 2022
116003 Process tree is 116003 (main) -> 116204 (child) -> 118957 (grandchild)
F S   UID    PID   PPID  C PRI  NI ADDR SZ WCHAN  TTY        TIME CMD
0 D 100667 118957 116204  0 80   0 - 32311 cxiWai ?          0:00 cp /star/data01/pwg/xiatong/AMPT/14GeV/data_384519541.root /tmp/maxwoo/21EF1A6A9139C9FD2A38E59AFB466F9A_1173/INPUTFILES/data_384519541.root
116003 Grandchild PID is 122107 - found in 50 x 2 seconds
116003 Grandchild to watch has changed on Thu Jun  2 11:23:43 EDT 2022
116003 Process tree is 116003 (main) -> 116204 (child) -> 122107 (grandchild)
F S   UID    PID   PPID  C PRI  NI ADDR SZ WCHAN  TTY        TIME CMD
0 D 100667 122107 116204  0 80   0 - 32311 cxiWai ?          0:00 cp /star/data01/pwg/xiatong/AMPT/14GeV/data_384531131.root /tmp/maxwoo/21EF1A6A9139C9FD2A38E59AFB466F9A_1173/INPUTFILES/data_384531131.root
116003 Grandchild PID is 124086 - found in 70 x 2 seconds
116003 Grandchild to watch has changed on Thu Jun  2 11:24:24 EDT 2022
116003 Process tree is 116003 (main) -> 116204 (child) -> 124086 (grandchild)
F S   UID    PID   PPID  C PRI  NI ADDR SZ WCHAN  TTY        TIME CMD
0 D 100667 124086 116204  0 80   0 - 32311 cxiWai ?          0:00 cp /star/data01/pwg/xiatong/AMPT/14GeV/data_384619511.root /tmp/maxwoo/21EF1A6A9139C9FD2A38E59AFB466F9A_1173/INPUTFILES/data_384619511.root
116003 Grandchild PID is 125767 - found in 90 x 2 seconds
116003 Grandchild to watch has changed on Thu Jun  2 11:25:05 EDT 2022
116003 Process tree is 116003 (main) -> 116204 (child) -> 125767 (grandchild)
F S   UID    PID   PPID  C PRI  NI ADDR SZ WCHAN  TTY        TIME CMD
0 D 100667 125767 116204  0 80   0 - 32311 cxiWai ?          0:00 cp /star/data01/pwg/xiatong/AMPT/14GeV/data_384619701.root /tmp/maxwoo/21EF1A6A9139C9FD2A38E59AFB466F9A_1173/INPUTFILES/data_384619701.root
116003 Grandchild PID is 127095 - found in 100 x 2 seconds
116003 Grandchild to watch has changed on Thu Jun  2 11:25:26 EDT 2022
116003 Process tree is 116003 (main) -> 116204 (child) -> 127095 (grandchild)
F S   UID    PID   PPID  C PRI  NI ADDR SZ WCHAN  TTY        TIME CMD
0 D 100667 127095 116204  0 80   0 - 32311 cxiWai ?          0:00 cp /star/data01/pwg/xiatong/AMPT/14GeV/data_384631261.root /tmp/maxwoo/21EF1A6A9139C9FD2A38E59AFB466F9A_1173/INPUTFILES/data_384631261.root
116003 Grandchild PID is 127654 - found in 110 x 2 seconds
116003 Grandchild to watch has changed on Thu Jun  2 11:25:46 EDT 2022
116003 Process tree is 116003 (main) -> 116204 (child) -> 127654 (grandchild)
F S   UID    PID   PPID  C PRI  NI ADDR SZ WCHAN  TTY        TIME CMD
0 D 100667 127654 116204  0 80   0 - 32311 cxiWai ?          0:00 cp /star/data01/pwg/xiatong/AMPT/14GeV/data_384686641.root /tmp/maxwoo/21EF1A6A9139C9FD2A38E59AFB466F9A_1173/INPUTFILES/data_384686641.root
116003 Grandchild PID is 129096 - found in 130 x 2 seconds
116003 Grandchild to watch has changed on Thu Jun  2 11:26:27 EDT 2022
116003 Process tree is 116003 (main) -> 116204 (child) -> 129096 (grandchild)
F S   UID    PID   PPID  C PRI  NI ADDR SZ WCHAN  TTY        TIME CMD
0 S 100667 129096 116204  0 80   0 -  1272 do_wai ?          0:00 root -b -q check_S.C++("/tmp/maxwoo/21EF1A6A9139C9FD2A38E59AFB466F9A_1173/INPUTFILES/21EF1A6A9139C9FD2A38E59AFB466F9A_1173.local.list","21EF1A6A9139C9FD2A38E59AFB466F9A_1173",1)
116204 Stepping into the main SUMS wrapper program with []
.... building sandbox
Running: cp /star/data01/pwg/xiatong/AMPT/14GeV/data_384419861.root /tmp/maxwoo/21EF1A6A9139C9FD2A38E59AFB466F9A_1173/INPUTFILES/data_384419861.root
Running: cp /star/data01/pwg/xiatong/AMPT/14GeV/data_384426771.root /tmp/maxwoo/21EF1A6A9139C9FD2A38E59AFB466F9A_1173/INPUTFILES/data_384426771.root
Running: cp /star/data01/pwg/xiatong/AMPT/14GeV/data_384427031.root /tmp/maxwoo/21EF1A6A9139C9FD2A38E59AFB466F9A_1173/INPUTFILES/data_384427031.root
Running: cp /star/data01/pwg/xiatong/AMPT/14GeV/data_384428041.root /tmp/maxwoo/21EF1A6A9139C9FD2A38E59AFB466F9A_1173/INPUTFILES/data_384428041.root
Running: cp /star/data01/pwg/xiatong/AMPT/14GeV/data_384431061.root /tmp/maxwoo/21EF1A6A9139C9FD2A38E59AFB466F9A_1173/INPUTFILES/data_384431061.root
Running: cp /star/data01/pwg/xiatong/AMPT/14GeV/data_384437381.root /tmp/maxwoo/21EF1A6A9139C9FD2A38E59AFB466F9A_1173/INPUTFILES/data_384437381.root
Running: cp /star/data01/pwg/xiatong/AMPT/14GeV/data_384486651.root /tmp/maxwoo/21EF1A6A9139C9FD2A38E59AFB466F9A_1173/INPUTFILES/data_384486651.root
Running: cp /star/data01/pwg/xiatong/AMPT/14GeV/data_384519541.root /tmp/maxwoo/21EF1A6A9139C9FD2A38E59AFB466F9A_1173/INPUTFILES/data_384519541.root
Running: cp /star/data01/pwg/xiatong/AMPT/14GeV/data_384519571.root /tmp/maxwoo/21EF1A6A9139C9FD2A38E59AFB466F9A_1173/INPUTFILES/data_384519571.root
Running: cp /star/data01/pwg/xiatong/AMPT/14GeV/data_384519601.root /tmp/maxwoo/21EF1A6A9139C9FD2A38E59AFB466F9A_1173/INPUTFILES/data_384519601.root
Running: cp /star/data01/pwg/xiatong/AMPT/14GeV/data_384519651.root /tmp/maxwoo/21EF1A6A9139C9FD2A38E59AFB466F9A_1173/INPUTFILES/data_384519651.root
Running: cp /star/data01/pwg/xiatong/AMPT/14GeV/data_384519991.root /tmp/maxwoo/21EF1A6A9139C9FD2A38E59AFB466F9A_1173/INPUTFILES/data_384519991.root
Running: cp /star/data01/pwg/xiatong/AMPT/14GeV/data_384520041.root /tmp/maxwoo/21EF1A6A9139C9FD2A38E59AFB466F9A_1173/INPUTFILES/data_384520041.root
Running: cp /star/data01/pwg/xiatong/AMPT/14GeV/data_384529361.root /tmp/maxwoo/21EF1A6A9139C9FD2A38E59AFB466F9A_1173/INPUTFILES/data_384529361.root
Running: cp /star/data01/pwg/xiatong/AMPT/14GeV/data_384531131.root /tmp/maxwoo/21EF1A6A9139C9FD2A38E59AFB466F9A_1173/INPUTFILES/data_384531131.root
Running: cp /star/data01/pwg/xiatong/AMPT/14GeV/data_384536381.root /tmp/maxwoo/21EF1A6A9139C9FD2A38E59AFB466F9A_1173/INPUTFILES/data_384536381.root
Running: cp /star/data01/pwg/xiatong/AMPT/14GeV/data_384556061.root /tmp/maxwoo/21EF1A6A9139C9FD2A38E59AFB466F9A_1173/INPUTFILES/data_384556061.root
Running: cp /star/data01/pwg/xiatong/AMPT/14GeV/data_384556071.root /tmp/maxwoo/21EF1A6A9139C9FD2A38E59AFB466F9A_1173/INPUTFILES/data_384556071.root
Running: cp /star/data01/pwg/xiatong/AMPT/14GeV/data_384619491.root /tmp/maxwoo/21EF1A6A9139C9FD2A38E59AFB466F9A_1173/INPUTFILES/data_384619491.root
Running: cp /star/data01/pwg/xiatong/AMPT/14GeV/data_384619501.root /tmp/maxwoo/21EF1A6A9139C9FD2A38E59AFB466F9A_1173/INPUTFILES/data_384619501.root
Running: cp /star/data01/pwg/xiatong/AMPT/14GeV/data_384619511.root /tmp/maxwoo/21EF1A6A9139C9FD2A38E59AFB466F9A_1173/INPUTFILES/data_384619511.root
Running: cp /star/data01/pwg/xiatong/AMPT/14GeV/data_384619521.root /tmp/maxwoo/21EF1A6A9139C9FD2A38E59AFB466F9A_1173/INPUTFILES/data_384619521.root
Running: cp /star/data01/pwg/xiatong/AMPT/14GeV/data_384619551.root /tmp/maxwoo/21EF1A6A9139C9FD2A38E59AFB466F9A_1173/INPUTFILES/data_384619551.root
Running: cp /star/data01/pwg/xiatong/AMPT/14GeV/data_384619581.root /tmp/maxwoo/21EF1A6A9139C9FD2A38E59AFB466F9A_1173/INPUTFILES/data_384619581.root
Running: cp /star/data01/pwg/xiatong/AMPT/14GeV/data_384619591.root /tmp/maxwoo/21EF1A6A9139C9FD2A38E59AFB466F9A_1173/INPUTFILES/data_384619591.root
Running: cp /star/data01/pwg/xiatong/AMPT/14GeV/data_384619701.root /tmp/maxwoo/21EF1A6A9139C9FD2A38E59AFB466F9A_1173/INPUTFILES/data_384619701.root
Running: cp /star/data01/pwg/xiatong/AMPT/14GeV/data_384620931.root /tmp/maxwoo/21EF1A6A9139C9FD2A38E59AFB466F9A_1173/INPUTFILES/data_384620931.root
Running: cp /star/data01/pwg/xiatong/AMPT/14GeV/data_384627021.root /tmp/maxwoo/21EF1A6A9139C9FD2A38E59AFB466F9A_1173/INPUTFILES/data_384627021.root
Running: cp /star/data01/pwg/xiatong/AMPT/14GeV/data_384627041.root /tmp/maxwoo/21EF1A6A9139C9FD2A38E59AFB466F9A_1173/INPUTFILES/data_384627041.root
Running: cp /star/data01/pwg/xiatong/AMPT/14GeV/data_384627951.root /tmp/maxwoo/21EF1A6A9139C9FD2A38E59AFB466F9A_1173/INPUTFILES/data_384627951.root
Running: cp /star/data01/pwg/xiatong/AMPT/14GeV/data_384631261.root /tmp/maxwoo/21EF1A6A9139C9FD2A38E59AFB466F9A_1173/INPUTFILES/data_384631261.root
Running: cp /star/data01/pwg/xiatong/AMPT/14GeV/data_384636351.root /tmp/maxwoo/21EF1A6A9139C9FD2A38E59AFB466F9A_1173/INPUTFILES/data_384636351.root
Running: cp /star/data01/pwg/xiatong/AMPT/14GeV/data_384656041.root /tmp/maxwoo/21EF1A6A9139C9FD2A38E59AFB466F9A_1173/INPUTFILES/data_384656041.root
Running: cp /star/data01/pwg/xiatong/AMPT/14GeV/data_384656051.root /tmp/maxwoo/21EF1A6A9139C9FD2A38E59AFB466F9A_1173/INPUTFILES/data_384656051.root
Running: cp /star/data01/pwg/xiatong/AMPT/14GeV/data_384686641.root /tmp/maxwoo/21EF1A6A9139C9FD2A38E59AFB466F9A_1173/INPUTFILES/data_384686641.root
Running: cp /star/data01/pwg/xiatong/AMPT/14GeV/data_384719471.root /tmp/maxwoo/21EF1A6A9139C9FD2A38E59AFB466F9A_1173/INPUTFILES/data_384719471.root
Running: cp /star/data01/pwg/xiatong/AMPT/14GeV/data_384719481.root /tmp/maxwoo/21EF1A6A9139C9FD2A38E59AFB466F9A_1173/INPUTFILES/data_384719481.root
Swapping $FILELIST with: /tmp/maxwoo/21EF1A6A9139C9FD2A38E59AFB466F9A_1173/INPUTFILES/21EF1A6A9139C9FD2A38E59AFB466F9A_1173.local.list
+++++++++++local copy debug++++++++++++++++++++
newFileList: /tmp/maxwoo/21EF1A6A9139C9FD2A38E59AFB466F9A_1173/INPUTFILES/21EF1A6A9139C9FD2A38E59AFB466F9A_1173.local.list
++++++++++++++++cat FILELIST+++++++++++++++++++
/tmp/maxwoo/21EF1A6A9139C9FD2A38E59AFB466F9A_1173/INPUTFILES/data_384419861.root 
/tmp/maxwoo/21EF1A6A9139C9FD2A38E59AFB466F9A_1173/INPUTFILES/data_384426771.root 
/tmp/maxwoo/21EF1A6A9139C9FD2A38E59AFB466F9A_1173/INPUTFILES/data_384427031.root 
/tmp/maxwoo/21EF1A6A9139C9FD2A38E59AFB466F9A_1173/INPUTFILES/data_384428041.root 
/tmp/maxwoo/21EF1A6A9139C9FD2A38E59AFB466F9A_1173/INPUTFILES/data_384431061.root 
/tmp/maxwoo/21EF1A6A9139C9FD2A38E59AFB466F9A_1173/INPUTFILES/data_384437381.root 
/tmp/maxwoo/21EF1A6A9139C9FD2A38E59AFB466F9A_1173/INPUTFILES/data_384486651.root 
/tmp/maxwoo/21EF1A6A9139C9FD2A38E59AFB466F9A_1173/INPUTFILES/data_384519541.root 
/tmp/maxwoo/21EF1A6A9139C9FD2A38E59AFB466F9A_1173/INPUTFILES/data_384519571.root 
/tmp/maxwoo/21EF1A6A9139C9FD2A38E59AFB466F9A_1173/INPUTFILES/data_384519601.root 
/tmp/maxwoo/21EF1A6A9139C9FD2A38E59AFB466F9A_1173/INPUTFILES/data_384519651.root 
/tmp/maxwoo/21EF1A6A9139C9FD2A38E59AFB466F9A_1173/INPUTFILES/data_384519991.root 
/tmp/maxwoo/21EF1A6A9139C9FD2A38E59AFB466F9A_1173/INPUTFILES/data_384520041.root 
/tmp/maxwoo/21EF1A6A9139C9FD2A38E59AFB466F9A_1173/INPUTFILES/data_384529361.root 
/tmp/maxwoo/21EF1A6A9139C9FD2A38E59AFB466F9A_1173/INPUTFILES/data_384531131.root 
/tmp/maxwoo/21EF1A6A9139C9FD2A38E59AFB466F9A_1173/INPUTFILES/data_384536381.root 
/tmp/maxwoo/21EF1A6A9139C9FD2A38E59AFB466F9A_1173/INPUTFILES/data_384556061.root 
/tmp/maxwoo/21EF1A6A9139C9FD2A38E59AFB466F9A_1173/INPUTFILES/data_384556071.root 
/tmp/maxwoo/21EF1A6A9139C9FD2A38E59AFB466F9A_1173/INPUTFILES/data_384619491.root 
/tmp/maxwoo/21EF1A6A9139C9FD2A38E59AFB466F9A_1173/INPUTFILES/data_384619501.root 
/tmp/maxwoo/21EF1A6A9139C9FD2A38E59AFB466F9A_1173/INPUTFILES/data_384619511.root 
/tmp/maxwoo/21EF1A6A9139C9FD2A38E59AFB466F9A_1173/INPUTFILES/data_384619521.root 
/tmp/maxwoo/21EF1A6A9139C9FD2A38E59AFB466F9A_1173/INPUTFILES/data_384619551.root 
/tmp/maxwoo/21EF1A6A9139C9FD2A38E59AFB466F9A_1173/INPUTFILES/data_384619581.root 
/tmp/maxwoo/21EF1A6A9139C9FD2A38E59AFB466F9A_1173/INPUTFILES/data_384619591.root 
/tmp/maxwoo/21EF1A6A9139C9FD2A38E59AFB466F9A_1173/INPUTFILES/data_384619701.root 
/tmp/maxwoo/21EF1A6A9139C9FD2A38E59AFB466F9A_1173/INPUTFILES/data_384620931.root 
/tmp/maxwoo/21EF1A6A9139C9FD2A38E59AFB466F9A_1173/INPUTFILES/data_384627021.root 
/tmp/maxwoo/21EF1A6A9139C9FD2A38E59AFB466F9A_1173/INPUTFILES/data_384627041.root 
/tmp/maxwoo/21EF1A6A9139C9FD2A38E59AFB466F9A_1173/INPUTFILES/data_384627951.root 
/tmp/maxwoo/21EF1A6A9139C9FD2A38E59AFB466F9A_1173/INPUTFILES/data_384631261.root 
/tmp/maxwoo/21EF1A6A9139C9FD2A38E59AFB466F9A_1173/INPUTFILES/data_384636351.root 
/tmp/maxwoo/21EF1A6A9139C9FD2A38E59AFB466F9A_1173/INPUTFILES/data_384656041.root 
/tmp/maxwoo/21EF1A6A9139C9FD2A38E59AFB466F9A_1173/INPUTFILES/data_384656051.root 
/tmp/maxwoo/21EF1A6A9139C9FD2A38E59AFB466F9A_1173/INPUTFILES/data_384686641.root 
/tmp/maxwoo/21EF1A6A9139C9FD2A38E59AFB466F9A_1173/INPUTFILES/data_384719471.root 
/tmp/maxwoo/21EF1A6A9139C9FD2A38E59AFB466F9A_1173/INPUTFILES/data_384719481.root 
++++++++++++++++++++find.++++++++++++++++++++++
.
./lib
./lib/my_particle.cpp
./lib/NpartNormalizer.h
./lib/NpartNormalizer.cpp
./lib/CenMaker_cpp.d
./lib/my_event_cpp.so
./lib/NpartNormalizer_cpp_ACLiC_dict_rdict.pcm
./lib/my_particle_cpp.d
./lib/my_event.h
./lib/NpartNormalizer_cpp.d
./lib/MixedBuffer_cpp.so
./lib/MixedBuffer_cpp.d
./lib/CenMaker_cpp.so
./lib/MixedBuffer.cpp
./lib/MixedBuffer.h
./lib/my_event_cpp.d
./lib/CenMaker.h
./lib/my_particle_cpp_ACLiC_dict_rdict.pcm
./lib/my_particle_cpp.so
./lib/MixedBuffer_cpp_ACLiC_dict_rdict.pcm
./lib/my_particle.h
./lib/my_event.cpp
./lib/CenMaker.cpp
./lib/CenMaker_cpp_ACLiC_dict_rdict.pcm
./lib/NpartNormalizer_cpp.so
./lib/my_event_cpp_ACLiC_dict_rdict.pcm
./Check_Sness.C
./.output.log
./INPUTFILES
./INPUTFILES/data_384519571.root
./INPUTFILES/data_384426771.root
./INPUTFILES/data_384519541.root
./INPUTFILES/data_384656051.root
./INPUTFILES/data_384636351.root
./INPUTFILES/data_384619581.root
./INPUTFILES/data_384631261.root
./INPUTFILES/data_384486651.root
./INPUTFILES/data_384620931.root
./INPUTFILES/data_384619501.root
./INPUTFILES/data_384627041.root
./INPUTFILES/data_384719481.root
./INPUTFILES/data_384431061.root
./INPUTFILES/data_384619511.root
./INPUTFILES/data_384520041.root
./INPUTFILES/data_384619521.root
./INPUTFILES/data_384619551.root
./INPUTFILES/data_384556071.root
./INPUTFILES/data_384656041.root
./INPUTFILES/data_384686641.root
./INPUTFILES/data_384419861.root
./INPUTFILES/data_384531131.root
./INPUTFILES/data_384529361.root
./INPUTFILES/data_384556061.root
./INPUTFILES/data_384428041.root
./INPUTFILES/data_384437381.root
./INPUTFILES/data_384427031.root
./INPUTFILES/data_384536381.root
./INPUTFILES/data_384519651.root
./INPUTFILES/data_384619591.root
./INPUTFILES/data_384619701.root
./INPUTFILES/data_384719471.root
./INPUTFILES/21EF1A6A9139C9FD2A38E59AFB466F9A_1173.local.list
./INPUTFILES/data_384619491.root
./INPUTFILES/data_384519991.root
./INPUTFILES/data_384627021.root
./INPUTFILES/data_384627951.root
./INPUTFILES/data_384519601.root
./.sandboxFiles
./.errror.log
./check_S.C
++++++++++++++++INPUTFILE Var++++++++++++++++++
FILELIST=/tmp/maxwoo/21EF1A6A9139C9FD2A38E59AFB466F9A_1173/INPUTFILES/21EF1A6A9139C9FD2A38E59AFB466F9A_1173.local.list
INPUTFILECOUNT=37
INPUTFILE0=/tmp/maxwoo/21EF1A6A9139C9FD2A38E59AFB466F9A_1173/INPUTFILES/data_384419861.root
INPUTFILE1=/tmp/maxwoo/21EF1A6A9139C9FD2A38E59AFB466F9A_1173/INPUTFILES/data_384426771.root
INPUTFILE2=/tmp/maxwoo/21EF1A6A9139C9FD2A38E59AFB466F9A_1173/INPUTFILES/data_384427031.root
INPUTFILE3=/tmp/maxwoo/21EF1A6A9139C9FD2A38E59AFB466F9A_1173/INPUTFILES/data_384428041.root
INPUTFILE4=/tmp/maxwoo/21EF1A6A9139C9FD2A38E59AFB466F9A_1173/INPUTFILES/data_384431061.root
INPUTFILE5=/tmp/maxwoo/21EF1A6A9139C9FD2A38E59AFB466F9A_1173/INPUTFILES/data_384437381.root
INPUTFILE6=/tmp/maxwoo/21EF1A6A9139C9FD2A38E59AFB466F9A_1173/INPUTFILES/data_384486651.root
INPUTFILE7=/tmp/maxwoo/21EF1A6A9139C9FD2A38E59AFB466F9A_1173/INPUTFILES/data_384519541.root
INPUTFILE8=/tmp/maxwoo/21EF1A6A9139C9FD2A38E59AFB466F9A_1173/INPUTFILES/data_384519571.root
INPUTFILE9=/tmp/maxwoo/21EF1A6A9139C9FD2A38E59AFB466F9A_1173/INPUTFILES/data_384519601.root
INPUTFILE10=/tmp/maxwoo/21EF1A6A9139C9FD2A38E59AFB466F9A_1173/INPUTFILES/data_384519651.root
INPUTFILE11=/tmp/maxwoo/21EF1A6A9139C9FD2A38E59AFB466F9A_1173/INPUTFILES/data_384519991.root
INPUTFILE12=/tmp/maxwoo/21EF1A6A9139C9FD2A38E59AFB466F9A_1173/INPUTFILES/data_384520041.root
INPUTFILE13=/tmp/maxwoo/21EF1A6A9139C9FD2A38E59AFB466F9A_1173/INPUTFILES/data_384529361.root
INPUTFILE14=/tmp/maxwoo/21EF1A6A9139C9FD2A38E59AFB466F9A_1173/INPUTFILES/data_384531131.root
INPUTFILE15=/tmp/maxwoo/21EF1A6A9139C9FD2A38E59AFB466F9A_1173/INPUTFILES/data_384536381.root
INPUTFILE16=/tmp/maxwoo/21EF1A6A9139C9FD2A38E59AFB466F9A_1173/INPUTFILES/data_384556061.root
INPUTFILE17=/tmp/maxwoo/21EF1A6A9139C9FD2A38E59AFB466F9A_1173/INPUTFILES/data_384556071.root
INPUTFILE18=/tmp/maxwoo/21EF1A6A9139C9FD2A38E59AFB466F9A_1173/INPUTFILES/data_384619491.root
INPUTFILE19=/tmp/maxwoo/21EF1A6A9139C9FD2A38E59AFB466F9A_1173/INPUTFILES/data_384619501.root
INPUTFILE20=/tmp/maxwoo/21EF1A6A9139C9FD2A38E59AFB466F9A_1173/INPUTFILES/data_384619511.root
INPUTFILE21=/tmp/maxwoo/21EF1A6A9139C9FD2A38E59AFB466F9A_1173/INPUTFILES/data_384619521.root
INPUTFILE22=/tmp/maxwoo/21EF1A6A9139C9FD2A38E59AFB466F9A_1173/INPUTFILES/data_384619551.root
INPUTFILE23=/tmp/maxwoo/21EF1A6A9139C9FD2A38E59AFB466F9A_1173/INPUTFILES/data_384619581.root
INPUTFILE24=/tmp/maxwoo/21EF1A6A9139C9FD2A38E59AFB466F9A_1173/INPUTFILES/data_384619591.root
INPUTFILE25=/tmp/maxwoo/21EF1A6A9139C9FD2A38E59AFB466F9A_1173/INPUTFILES/data_384619701.root
INPUTFILE26=/tmp/maxwoo/21EF1A6A9139C9FD2A38E59AFB466F9A_1173/INPUTFILES/data_384620931.root
INPUTFILE27=/tmp/maxwoo/21EF1A6A9139C9FD2A38E59AFB466F9A_1173/INPUTFILES/data_384627021.root
INPUTFILE28=/tmp/maxwoo/21EF1A6A9139C9FD2A38E59AFB466F9A_1173/INPUTFILES/data_384627041.root
INPUTFILE29=/tmp/maxwoo/21EF1A6A9139C9FD2A38E59AFB466F9A_1173/INPUTFILES/data_384627951.root
INPUTFILE30=/tmp/maxwoo/21EF1A6A9139C9FD2A38E59AFB466F9A_1173/INPUTFILES/data_384631261.root
INPUTFILE31=/tmp/maxwoo/21EF1A6A9139C9FD2A38E59AFB466F9A_1173/INPUTFILES/data_384636351.root
INPUTFILE32=/tmp/maxwoo/21EF1A6A9139C9FD2A38E59AFB466F9A_1173/INPUTFILES/data_384656041.root
INPUTFILE33=/tmp/maxwoo/21EF1A6A9139C9FD2A38E59AFB466F9A_1173/INPUTFILES/data_384656051.root
INPUTFILE34=/tmp/maxwoo/21EF1A6A9139C9FD2A38E59AFB466F9A_1173/INPUTFILES/data_384686641.root
INPUTFILE35=/tmp/maxwoo/21EF1A6A9139C9FD2A38E59AFB466F9A_1173/INPUTFILES/data_384719471.root
INPUTFILE36=/tmp/maxwoo/21EF1A6A9139C9FD2A38E59AFB466F9A_1173/INPUTFILES/data_384719481.root
LocalInputFileDir=/tmp/maxwoo/21EF1A6A9139C9FD2A38E59AFB466F9A_1173/INPUTFILES
NewFILELIST=/tmp/maxwoo/21EF1A6A9139C9FD2A38E59AFB466F9A_1173/INPUTFILES/21EF1A6A9139C9FD2A38E59AFB466F9A_1173.local.list
+++++++++++++++++++++++++++++++++++++++++++++++
--------------------------------
Simple Unified Meta Scheduler 1.10.50 we are starting in $SCRATCH : /home/tmp/maxwoo/21EF1A6A9139C9FD2A38E59AFB466F9A_1173
--------------------------------
total 16
lrwxrwxrwx 1 maxwoo rhstar   61 Jun  2 11:22 check_S.C -> /gpfs/mnt/gpfs01/star/pwg/xiatong/git/strangeness/./check_S.C
lrwxrwxrwx 1 maxwoo rhstar   65 Jun  2 11:22 Check_Sness.C -> /gpfs/mnt/gpfs01/star/pwg/xiatong/git/strangeness/./Check_Sness.C
drwxr-xr-x 2 maxwoo rhstar 4096 Jun  2 11:26 INPUTFILES
drwxr-xr-x 2 maxwoo rhstar 4096 Jun  2 11:22 lib
  *******************************************
  *                                         *
  *        W E L C O M E  to  R O O T       *
  *                                         *
  *   Version   5.34/38     12 March 2018   *
  *                                         *
  *  You are welcome to visit our Web site  *
  *          http://root.cern.ch            *
  *                                         *
  *******************************************

ROOT 5.34/38 (v5-34-38@v5-34-38, Mar 12 2018, 15:49:39 on linux)

CINT/ROOT C/C++ Interpreter version 5.18.00, July 2, 2010
Type ? for help. Commands must be C++ statements.
Enclose multiple statements between { }.
*** Float Point Exception is OFF ***
 *** Start at Date : Thu Jun  2 11:26:08 2022
QAInfo:You are using STAR_LEVEL : dev, ROOT_LEVEL : 5.34.38 and node : spool0714.sdcc.bnl.gov 

Processing check_S.C++("/tmp/maxwoo/21EF1A6A9139C9FD2A38E59AFB466F9A_1173/INPUTFILES/21EF1A6A9139C9FD2A38E59AFB466F9A_1173.local.list","21EF1A6A9139C9FD2A38E59AFB466F9A_1173",1)...
/tmp/maxwoo/21EF1A6A9139C9FD2A38E59AFB466F9A_1173/INPUTFILES/data_384419861.root 
/tmp/maxwoo/21EF1A6A9139C9FD2A38E59AFB466F9A_1173/INPUTFILES/data_384426771.root 
/tmp/maxwoo/21EF1A6A9139C9FD2A38E59AFB466F9A_1173/INPUTFILES/data_384427031.root 
/tmp/maxwoo/21EF1A6A9139C9FD2A38E59AFB466F9A_1173/INPUTFILES/data_384428041.root 
/tmp/maxwoo/21EF1A6A9139C9FD2A38E59AFB466F9A_1173/INPUTFILES/data_384431061.root 
/tmp/maxwoo/21EF1A6A9139C9FD2A38E59AFB466F9A_1173/INPUTFILES/data_384437381.root 
/tmp/maxwoo/21EF1A6A9139C9FD2A38E59AFB466F9A_1173/INPUTFILES/data_384486651.root 
/tmp/maxwoo/21EF1A6A9139C9FD2A38E59AFB466F9A_1173/INPUTFILES/data_384519541.root 
/tmp/maxwoo/21EF1A6A9139C9FD2A38E59AFB466F9A_1173/INPUTFILES/data_384519571.root 
/tmp/maxwoo/21EF1A6A9139C9FD2A38E59AFB466F9A_1173/INPUTFILES/data_384519601.root 
/tmp/maxwoo/21EF1A6A9139C9FD2A38E59AFB466F9A_1173/INPUTFILES/data_384519651.root 
/tmp/maxwoo/21EF1A6A9139C9FD2A38E59AFB466F9A_1173/INPUTFILES/data_384519991.root 
/tmp/maxwoo/21EF1A6A9139C9FD2A38E59AFB466F9A_1173/INPUTFILES/data_384520041.root 
/tmp/maxwoo/21EF1A6A9139C9FD2A38E59AFB466F9A_1173/INPUTFILES/data_384529361.root 
/tmp/maxwoo/21EF1A6A9139C9FD2A38E59AFB466F9A_1173/INPUTFILES/data_384531131.root 
/tmp/maxwoo/21EF1A6A9139C9FD2A38E59AFB466F9A_1173/INPUTFILES/data_384536381.root 
/tmp/maxwoo/21EF1A6A9139C9FD2A38E59AFB466F9A_1173/INPUTFILES/data_384556061.root 
/tmp/maxwoo/21EF1A6A9139C9FD2A38E59AFB466F9A_1173/INPUTFILES/data_384556071.root 
/tmp/maxwoo/21EF1A6A9139C9FD2A38E59AFB466F9A_1173/INPUTFILES/data_384619491.root 
/tmp/maxwoo/21EF1A6A9139C9FD2A38E59AFB466F9A_1173/INPUTFILES/data_384619501.root 
/tmp/maxwoo/21EF1A6A9139C9FD2A38E59AFB466F9A_1173/INPUTFILES/data_384619511.root 
/tmp/maxwoo/21EF1A6A9139C9FD2A38E59AFB466F9A_1173/INPUTFILES/data_384619521.root 
/tmp/maxwoo/21EF1A6A9139C9FD2A38E59AFB466F9A_1173/INPUTFILES/data_384619551.root 
/tmp/maxwoo/21EF1A6A9139C9FD2A38E59AFB466F9A_1173/INPUTFILES/data_384619581.root 
/tmp/maxwoo/21EF1A6A9139C9FD2A38E59AFB466F9A_1173/INPUTFILES/data_384619591.root 
/tmp/maxwoo/21EF1A6A9139C9FD2A38E59AFB466F9A_1173/INPUTFILES/data_384619701.root 
/tmp/maxwoo/21EF1A6A9139C9FD2A38E59AFB466F9A_1173/INPUTFILES/data_384620931.root 
/tmp/maxwoo/21EF1A6A9139C9FD2A38E59AFB466F9A_1173/INPUTFILES/data_384627021.root 
/tmp/maxwoo/21EF1A6A9139C9FD2A38E59AFB466F9A_1173/INPUTFILES/data_384627041.root 
/tmp/maxwoo/21EF1A6A9139C9FD2A38E59AFB466F9A_1173/INPUTFILES/data_384627951.root 
/tmp/maxwoo/21EF1A6A9139C9FD2A38E59AFB466F9A_1173/INPUTFILES/data_384631261.root 
/tmp/maxwoo/21EF1A6A9139C9FD2A38E59AFB466F9A_1173/INPUTFILES/data_384636351.root 
/tmp/maxwoo/21EF1A6A9139C9FD2A38E59AFB466F9A_1173/INPUTFILES/data_384656041.root 
/tmp/maxwoo/21EF1A6A9139C9FD2A38E59AFB466F9A_1173/INPUTFILES/data_384656051.root 
/tmp/maxwoo/21EF1A6A9139C9FD2A38E59AFB466F9A_1173/INPUTFILES/data_384686641.root 
/tmp/maxwoo/21EF1A6A9139C9FD2A38E59AFB466F9A_1173/INPUTFILES/data_384719471.root 
/tmp/maxwoo/21EF1A6A9139C9FD2A38E59AFB466F9A_1173/INPUTFILES/data_384719481.root 
Added 37 files
# entries in chain: 36311
Processing entry == 1000 == out of 36311.
Processing entry == 2000 == out of 36311.
Processing entry == 3000 == out of 36311.
Processing entry == 4000 == out of 36311.
Processing entry == 5000 == out of 36311.
Processing entry == 6000 == out of 36311.
Processing entry == 7000 == out of 36311.
Processing entry == 8000 == out of 36311.
Processing entry == 9000 == out of 36311.
Processing entry == 10000 == out of 36311.
Processing entry == 11000 == out of 36311.
Processing entry == 12000 == out of 36311.
Processing entry == 13000 == out of 36311.
Processing entry == 14000 == out of 36311.
Processing entry == 15000 == out of 36311.
Processing entry == 16000 == out of 36311.
Processing entry == 17000 == out of 36311.
Processing entry == 18000 == out of 36311.
Processing entry == 19000 == out of 36311.
Processing entry == 20000 == out of 36311.
Processing entry == 21000 == out of 36311.
Processing entry == 22000 == out of 36311.
Processing entry == 23000 == out of 36311.
Processing entry == 24000 == out of 36311.
Processing entry == 25000 == out of 36311.
Processing entry == 26000 == out of 36311.
Processing entry == 27000 == out of 36311.
Processing entry == 28000 == out of 36311.
Processing entry == 29000 == out of 36311.
Processing entry == 30000 == out of 36311.
Processing entry == 31000 == out of 36311.
Processing entry == 32000 == out of 36311.
Processing entry == 33000 == out of 36311.
Processing entry == 34000 == out of 36311.
Processing entry == 35000 == out of 36311.
Processing entry == 36000 == out of 36311.

This is the end of ROOT -- Goodbye

Cleaning up sandbox file:  /tmp/maxwoo/21EF1A6A9139C9FD2A38E59AFB466F9A_1173/check_S.C
Cleaning up sandbox file:  /tmp/maxwoo/21EF1A6A9139C9FD2A38E59AFB466F9A_1173/Check_Sness.C
Cleaning up sandbox file:  /tmp/maxwoo/21EF1A6A9139C9FD2A38E59AFB466F9A_1173/lib
Cleaning up sandbox file:  /tmp/maxwoo/21EF1A6A9139C9FD2A38E59AFB466F9A_1173/.sandboxFiles
Starting copy block
Running copy command:  /bin/cp -fp /tmp/maxwoo/21EF1A6A9139C9FD2A38E59AFB466F9A_1173/out_21EF1A6A9139C9FD2A38E59AFB466F9A_1173.root /star/data01/pwg/xiatong/git/strangeness/data/
116003 Execution of (/star/data01/pwg/xiatong/git/strangeness/script/sched21EF1A6A9139C9FD2A38E59AFB466F9A_1173.csh ) has ended, exiting normally
116003 We END on [Thu Jun  2 11:42:57 EDT 2022]
