We are starting on node: rcas2763.rcf.bnl.gov
HOME is not defined
Using getent method
HOME is now /star/u/maxwoo
16959 We will spawn ourselves (/star/data01/pwg/xiatong/git/strangeness/script/sched21EF1A6A9139C9FD2A38E59AFB466F9A_2600.csh )
16959 We BEGIN on [Thu Jun  2 10:58:04 EDT 2022]
[1] 17250
16959 We are waiting for 17250 
16959 Grandchild PID is 17276 - found in 0 x 1 seconds
16959 Establishing first watcher   on    Thu Jun  2 10:58:04 EDT 2022
16959 Process tree is 16959 (main) -> 17250 (child) -> 17276 (grandchild)
F S   UID   PID  PPID  C PRI  NI ADDR SZ WCHAN  TTY        TIME CMD
16959 Grandchild PID is 19495 - found in 10 x 2 seconds
16959 Grandchild to watch has changed on Thu Jun  2 10:58:24 EDT 2022
16959 Process tree is 16959 (main) -> 17250 (child) -> 19495 (grandchild)
F S   UID   PID  PPID  C PRI  NI ADDR SZ WCHAN  TTY        TIME CMD
0 D 100667 19495 17250  0 80   0 - 32311 cxiWai ?          0:00 cp /star/data01/pwg/xiatong/AMPT/14GeV/data_1538749631.root /tmp/maxwoo/21EF1A6A9139C9FD2A38E59AFB466F9A_2600/INPUTFILES/data_1538749631.root
16959 Grandchild PID is 22111 - found in 30 x 2 seconds
16959 Grandchild to watch has changed on Thu Jun  2 10:59:06 EDT 2022
16959 Process tree is 16959 (main) -> 17250 (child) -> 22111 (grandchild)
F S   UID   PID  PPID  C PRI  NI ADDR SZ WCHAN  TTY        TIME CMD
0 D 100667 22111 17250  0 80   0 - 32311 cxiWai ?          0:00 cp /star/data01/pwg/xiatong/AMPT/14GeV/data_1539102341.root /tmp/maxwoo/21EF1A6A9139C9FD2A38E59AFB466F9A_2600/INPUTFILES/data_1539102341.root
16959 Grandchild PID is 23357 - found in 40 x 2 seconds
16959 Grandchild to watch has changed on Thu Jun  2 10:59:27 EDT 2022
16959 Process tree is 16959 (main) -> 17250 (child) -> 23357 (grandchild)
F S   UID   PID  PPID  C PRI  NI ADDR SZ WCHAN  TTY        TIME CMD
0 D 100667 23357 17250  0 80   0 - 32311 cxiWai ?          0:00 cp /star/data01/pwg/xiatong/AMPT/14GeV/data_1539102501.root /tmp/maxwoo/21EF1A6A9139C9FD2A38E59AFB466F9A_2600/INPUTFILES/data_1539102501.root
16959 Grandchild PID is 24746 - found in 50 x 2 seconds
16959 Grandchild to watch has changed on Thu Jun  2 10:59:47 EDT 2022
16959 Process tree is 16959 (main) -> 17250 (child) -> 24746 (grandchild)
F S   UID   PID  PPID  C PRI  NI ADDR SZ WCHAN  TTY        TIME CMD
0 D 100667 24746 17250  0 80   0 - 32311 cxiWai ?          0:00 cp /star/data01/pwg/xiatong/AMPT/14GeV/data_1539102711.root /tmp/maxwoo/21EF1A6A9139C9FD2A38E59AFB466F9A_2600/INPUTFILES/data_1539102711.root
16959 Grandchild PID is 25211 - found in 60 x 2 seconds
16959 Grandchild to watch has changed on Thu Jun  2 11:00:08 EDT 2022
16959 Process tree is 16959 (main) -> 17250 (child) -> 25211 (grandchild)
F S   UID   PID  PPID  C PRI  NI ADDR SZ WCHAN  TTY        TIME CMD
0 D 100667 25211 17250  0 80   0 - 32311 cxiWai ?          0:00 cp /star/data01/pwg/xiatong/AMPT/14GeV/data_1539177371.root /tmp/maxwoo/21EF1A6A9139C9FD2A38E59AFB466F9A_2600/INPUTFILES/data_1539177371.root
16959 Grandchild PID is 26775 - found in 80 x 2 seconds
16959 Grandchild to watch has changed on Thu Jun  2 11:00:50 EDT 2022
16959 Process tree is 16959 (main) -> 17250 (child) -> 26775 (grandchild)
F S   UID   PID  PPID  C PRI  NI ADDR SZ WCHAN  TTY        TIME CMD
0 D 100667 26775 17250  0 80   0 - 32311 cxiWai ?          0:00 cp /star/data01/pwg/xiatong/AMPT/14GeV/data_1539177461.root /tmp/maxwoo/21EF1A6A9139C9FD2A38E59AFB466F9A_2600/INPUTFILES/data_1539177461.root
16959 Grandchild PID is 28633 - found in 90 x 2 seconds
16959 Grandchild to watch has changed on Thu Jun  2 11:01:11 EDT 2022
16959 Process tree is 16959 (main) -> 17250 (child) -> 28633 (grandchild)
F S   UID   PID  PPID  C PRI  NI ADDR SZ WCHAN  TTY        TIME CMD
0 D 100667 28633 17250  0 80   0 - 32311 cxiWai ?          0:00 cp /star/data01/pwg/xiatong/AMPT/14GeV/data_1539177621.root /tmp/maxwoo/21EF1A6A9139C9FD2A38E59AFB466F9A_2600/INPUTFILES/data_1539177621.root
16959 Grandchild PID is 31264 - found in 100 x 2 seconds
16959 Grandchild to watch has changed on Thu Jun  2 11:01:32 EDT 2022
16959 Process tree is 16959 (main) -> 17250 (child) -> 31264 (grandchild)
F S   UID   PID  PPID  C PRI  NI ADDR SZ WCHAN  TTY        TIME CMD
0 S 100667 31264 17250  0 80   0 -  1272 do_wai ?          0:00 root -b -q check_S.C++("/tmp/maxwoo/21EF1A6A9139C9FD2A38E59AFB466F9A_2600/INPUTFILES/21EF1A6A9139C9FD2A38E59AFB466F9A_2600.local.list","21EF1A6A9139C9FD2A38E59AFB466F9A_2600",1)
17250 Stepping into the main SUMS wrapper program with []
.... building sandbox
Running: cp /star/data01/pwg/xiatong/AMPT/14GeV/data_1538177801.root /tmp/maxwoo/21EF1A6A9139C9FD2A38E59AFB466F9A_2600/INPUTFILES/data_1538177801.root
Running: cp /star/data01/pwg/xiatong/AMPT/14GeV/data_1538177861.root /tmp/maxwoo/21EF1A6A9139C9FD2A38E59AFB466F9A_2600/INPUTFILES/data_1538177861.root
Running: cp /star/data01/pwg/xiatong/AMPT/14GeV/data_1538177921.root /tmp/maxwoo/21EF1A6A9139C9FD2A38E59AFB466F9A_2600/INPUTFILES/data_1538177921.root
Running: cp /star/data01/pwg/xiatong/AMPT/14GeV/data_1538178111.root /tmp/maxwoo/21EF1A6A9139C9FD2A38E59AFB466F9A_2600/INPUTFILES/data_1538178111.root
Running: cp /star/data01/pwg/xiatong/AMPT/14GeV/data_1538178301.root /tmp/maxwoo/21EF1A6A9139C9FD2A38E59AFB466F9A_2600/INPUTFILES/data_1538178301.root
Running: cp /star/data01/pwg/xiatong/AMPT/14GeV/data_1538178401.root /tmp/maxwoo/21EF1A6A9139C9FD2A38E59AFB466F9A_2600/INPUTFILES/data_1538178401.root
Running: cp /star/data01/pwg/xiatong/AMPT/14GeV/data_1538178731.root /tmp/maxwoo/21EF1A6A9139C9FD2A38E59AFB466F9A_2600/INPUTFILES/data_1538178731.root
Running: cp /star/data01/pwg/xiatong/AMPT/14GeV/data_1538178761.root /tmp/maxwoo/21EF1A6A9139C9FD2A38E59AFB466F9A_2600/INPUTFILES/data_1538178761.root
Running: cp /star/data01/pwg/xiatong/AMPT/14GeV/data_1538749631.root /tmp/maxwoo/21EF1A6A9139C9FD2A38E59AFB466F9A_2600/INPUTFILES/data_1538749631.root
Running: cp /star/data01/pwg/xiatong/AMPT/14GeV/data_1539102341.root /tmp/maxwoo/21EF1A6A9139C9FD2A38E59AFB466F9A_2600/INPUTFILES/data_1539102341.root
Running: cp /star/data01/pwg/xiatong/AMPT/14GeV/data_1539102351.root /tmp/maxwoo/21EF1A6A9139C9FD2A38E59AFB466F9A_2600/INPUTFILES/data_1539102351.root
Running: cp /star/data01/pwg/xiatong/AMPT/14GeV/data_1539102361.root /tmp/maxwoo/21EF1A6A9139C9FD2A38E59AFB466F9A_2600/INPUTFILES/data_1539102361.root
Running: cp /star/data01/pwg/xiatong/AMPT/14GeV/data_1539102371.root /tmp/maxwoo/21EF1A6A9139C9FD2A38E59AFB466F9A_2600/INPUTFILES/data_1539102371.root
Running: cp /star/data01/pwg/xiatong/AMPT/14GeV/data_1539102381.root /tmp/maxwoo/21EF1A6A9139C9FD2A38E59AFB466F9A_2600/INPUTFILES/data_1539102381.root
Running: cp /star/data01/pwg/xiatong/AMPT/14GeV/data_1539102501.root /tmp/maxwoo/21EF1A6A9139C9FD2A38E59AFB466F9A_2600/INPUTFILES/data_1539102501.root
Running: cp /star/data01/pwg/xiatong/AMPT/14GeV/data_1539102511.root /tmp/maxwoo/21EF1A6A9139C9FD2A38E59AFB466F9A_2600/INPUTFILES/data_1539102511.root
Running: cp /star/data01/pwg/xiatong/AMPT/14GeV/data_1539102581.root /tmp/maxwoo/21EF1A6A9139C9FD2A38E59AFB466F9A_2600/INPUTFILES/data_1539102581.root
Running: cp /star/data01/pwg/xiatong/AMPT/14GeV/data_1539102611.root /tmp/maxwoo/21EF1A6A9139C9FD2A38E59AFB466F9A_2600/INPUTFILES/data_1539102611.root
Running: cp /star/data01/pwg/xiatong/AMPT/14GeV/data_1539102631.root /tmp/maxwoo/21EF1A6A9139C9FD2A38E59AFB466F9A_2600/INPUTFILES/data_1539102631.root
Running: cp /star/data01/pwg/xiatong/AMPT/14GeV/data_1539102641.root /tmp/maxwoo/21EF1A6A9139C9FD2A38E59AFB466F9A_2600/INPUTFILES/data_1539102641.root
Running: cp /star/data01/pwg/xiatong/AMPT/14GeV/data_1539102651.root /tmp/maxwoo/21EF1A6A9139C9FD2A38E59AFB466F9A_2600/INPUTFILES/data_1539102651.root
Running: cp /star/data01/pwg/xiatong/AMPT/14GeV/data_1539102681.root /tmp/maxwoo/21EF1A6A9139C9FD2A38E59AFB466F9A_2600/INPUTFILES/data_1539102681.root
Running: cp /star/data01/pwg/xiatong/AMPT/14GeV/data_1539102711.root /tmp/maxwoo/21EF1A6A9139C9FD2A38E59AFB466F9A_2600/INPUTFILES/data_1539102711.root
Running: cp /star/data01/pwg/xiatong/AMPT/14GeV/data_1539177371.root /tmp/maxwoo/21EF1A6A9139C9FD2A38E59AFB466F9A_2600/INPUTFILES/data_1539177371.root
Running: cp /star/data01/pwg/xiatong/AMPT/14GeV/data_1539177451.root /tmp/maxwoo/21EF1A6A9139C9FD2A38E59AFB466F9A_2600/INPUTFILES/data_1539177451.root
Running: cp /star/data01/pwg/xiatong/AMPT/14GeV/data_1539177461.root /tmp/maxwoo/21EF1A6A9139C9FD2A38E59AFB466F9A_2600/INPUTFILES/data_1539177461.root
Running: cp /star/data01/pwg/xiatong/AMPT/14GeV/data_1539177501.root /tmp/maxwoo/21EF1A6A9139C9FD2A38E59AFB466F9A_2600/INPUTFILES/data_1539177501.root
Running: cp /star/data01/pwg/xiatong/AMPT/14GeV/data_1539177541.root /tmp/maxwoo/21EF1A6A9139C9FD2A38E59AFB466F9A_2600/INPUTFILES/data_1539177541.root
Running: cp /star/data01/pwg/xiatong/AMPT/14GeV/data_1539177551.root /tmp/maxwoo/21EF1A6A9139C9FD2A38E59AFB466F9A_2600/INPUTFILES/data_1539177551.root
Running: cp /star/data01/pwg/xiatong/AMPT/14GeV/data_1539177581.root /tmp/maxwoo/21EF1A6A9139C9FD2A38E59AFB466F9A_2600/INPUTFILES/data_1539177581.root
Running: cp /star/data01/pwg/xiatong/AMPT/14GeV/data_1539177621.root /tmp/maxwoo/21EF1A6A9139C9FD2A38E59AFB466F9A_2600/INPUTFILES/data_1539177621.root
Running: cp /star/data01/pwg/xiatong/AMPT/14GeV/data_1539177641.root /tmp/maxwoo/21EF1A6A9139C9FD2A38E59AFB466F9A_2600/INPUTFILES/data_1539177641.root
Running: cp /star/data01/pwg/xiatong/AMPT/14GeV/data_1539177691.root /tmp/maxwoo/21EF1A6A9139C9FD2A38E59AFB466F9A_2600/INPUTFILES/data_1539177691.root
Running: cp /star/data01/pwg/xiatong/AMPT/14GeV/data_1539177701.root /tmp/maxwoo/21EF1A6A9139C9FD2A38E59AFB466F9A_2600/INPUTFILES/data_1539177701.root
Running: cp /star/data01/pwg/xiatong/AMPT/14GeV/data_1539177711.root /tmp/maxwoo/21EF1A6A9139C9FD2A38E59AFB466F9A_2600/INPUTFILES/data_1539177711.root
Running: cp /star/data01/pwg/xiatong/AMPT/14GeV/data_1539177791.root /tmp/maxwoo/21EF1A6A9139C9FD2A38E59AFB466F9A_2600/INPUTFILES/data_1539177791.root
Running: cp /star/data01/pwg/xiatong/AMPT/14GeV/data_1539177851.root /tmp/maxwoo/21EF1A6A9139C9FD2A38E59AFB466F9A_2600/INPUTFILES/data_1539177851.root
Swapping $FILELIST with: /tmp/maxwoo/21EF1A6A9139C9FD2A38E59AFB466F9A_2600/INPUTFILES/21EF1A6A9139C9FD2A38E59AFB466F9A_2600.local.list
+++++++++++local copy debug++++++++++++++++++++
newFileList: /tmp/maxwoo/21EF1A6A9139C9FD2A38E59AFB466F9A_2600/INPUTFILES/21EF1A6A9139C9FD2A38E59AFB466F9A_2600.local.list
++++++++++++++++cat FILELIST+++++++++++++++++++
/tmp/maxwoo/21EF1A6A9139C9FD2A38E59AFB466F9A_2600/INPUTFILES/data_1538177801.root 
/tmp/maxwoo/21EF1A6A9139C9FD2A38E59AFB466F9A_2600/INPUTFILES/data_1538177861.root 
/tmp/maxwoo/21EF1A6A9139C9FD2A38E59AFB466F9A_2600/INPUTFILES/data_1538177921.root 
/tmp/maxwoo/21EF1A6A9139C9FD2A38E59AFB466F9A_2600/INPUTFILES/data_1538178111.root 
/tmp/maxwoo/21EF1A6A9139C9FD2A38E59AFB466F9A_2600/INPUTFILES/data_1538178301.root 
/tmp/maxwoo/21EF1A6A9139C9FD2A38E59AFB466F9A_2600/INPUTFILES/data_1538178401.root 
/tmp/maxwoo/21EF1A6A9139C9FD2A38E59AFB466F9A_2600/INPUTFILES/data_1538178731.root 
/tmp/maxwoo/21EF1A6A9139C9FD2A38E59AFB466F9A_2600/INPUTFILES/data_1538178761.root 
/tmp/maxwoo/21EF1A6A9139C9FD2A38E59AFB466F9A_2600/INPUTFILES/data_1538749631.root 
/tmp/maxwoo/21EF1A6A9139C9FD2A38E59AFB466F9A_2600/INPUTFILES/data_1539102341.root 
/tmp/maxwoo/21EF1A6A9139C9FD2A38E59AFB466F9A_2600/INPUTFILES/data_1539102351.root 
/tmp/maxwoo/21EF1A6A9139C9FD2A38E59AFB466F9A_2600/INPUTFILES/data_1539102361.root 
/tmp/maxwoo/21EF1A6A9139C9FD2A38E59AFB466F9A_2600/INPUTFILES/data_1539102371.root 
/tmp/maxwoo/21EF1A6A9139C9FD2A38E59AFB466F9A_2600/INPUTFILES/data_1539102381.root 
/tmp/maxwoo/21EF1A6A9139C9FD2A38E59AFB466F9A_2600/INPUTFILES/data_1539102501.root 
/tmp/maxwoo/21EF1A6A9139C9FD2A38E59AFB466F9A_2600/INPUTFILES/data_1539102511.root 
/tmp/maxwoo/21EF1A6A9139C9FD2A38E59AFB466F9A_2600/INPUTFILES/data_1539102581.root 
/tmp/maxwoo/21EF1A6A9139C9FD2A38E59AFB466F9A_2600/INPUTFILES/data_1539102611.root 
/tmp/maxwoo/21EF1A6A9139C9FD2A38E59AFB466F9A_2600/INPUTFILES/data_1539102631.root 
/tmp/maxwoo/21EF1A6A9139C9FD2A38E59AFB466F9A_2600/INPUTFILES/data_1539102641.root 
/tmp/maxwoo/21EF1A6A9139C9FD2A38E59AFB466F9A_2600/INPUTFILES/data_1539102651.root 
/tmp/maxwoo/21EF1A6A9139C9FD2A38E59AFB466F9A_2600/INPUTFILES/data_1539102681.root 
/tmp/maxwoo/21EF1A6A9139C9FD2A38E59AFB466F9A_2600/INPUTFILES/data_1539102711.root 
/tmp/maxwoo/21EF1A6A9139C9FD2A38E59AFB466F9A_2600/INPUTFILES/data_1539177371.root 
/tmp/maxwoo/21EF1A6A9139C9FD2A38E59AFB466F9A_2600/INPUTFILES/data_1539177451.root 
/tmp/maxwoo/21EF1A6A9139C9FD2A38E59AFB466F9A_2600/INPUTFILES/data_1539177461.root 
/tmp/maxwoo/21EF1A6A9139C9FD2A38E59AFB466F9A_2600/INPUTFILES/data_1539177501.root 
/tmp/maxwoo/21EF1A6A9139C9FD2A38E59AFB466F9A_2600/INPUTFILES/data_1539177541.root 
/tmp/maxwoo/21EF1A6A9139C9FD2A38E59AFB466F9A_2600/INPUTFILES/data_1539177551.root 
/tmp/maxwoo/21EF1A6A9139C9FD2A38E59AFB466F9A_2600/INPUTFILES/data_1539177581.root 
/tmp/maxwoo/21EF1A6A9139C9FD2A38E59AFB466F9A_2600/INPUTFILES/data_1539177621.root 
/tmp/maxwoo/21EF1A6A9139C9FD2A38E59AFB466F9A_2600/INPUTFILES/data_1539177641.root 
/tmp/maxwoo/21EF1A6A9139C9FD2A38E59AFB466F9A_2600/INPUTFILES/data_1539177691.root 
/tmp/maxwoo/21EF1A6A9139C9FD2A38E59AFB466F9A_2600/INPUTFILES/data_1539177701.root 
/tmp/maxwoo/21EF1A6A9139C9FD2A38E59AFB466F9A_2600/INPUTFILES/data_1539177711.root 
/tmp/maxwoo/21EF1A6A9139C9FD2A38E59AFB466F9A_2600/INPUTFILES/data_1539177791.root 
/tmp/maxwoo/21EF1A6A9139C9FD2A38E59AFB466F9A_2600/INPUTFILES/data_1539177851.root 
++++++++++++++++++++find.++++++++++++++++++++++
.
./Check_Sness.C
./.output.log
./.errror.log
./INPUTFILES
./INPUTFILES/data_1538178111.root
./INPUTFILES/data_1538177861.root
./INPUTFILES/data_1539102341.root
./INPUTFILES/data_1539102351.root
./INPUTFILES/data_1539177641.root
./INPUTFILES/data_1538177921.root
./INPUTFILES/data_1539177541.root
./INPUTFILES/data_1539102631.root
./INPUTFILES/data_1539177621.root
./INPUTFILES/data_1539102381.root
./INPUTFILES/data_1539177711.root
./INPUTFILES/data_1539102371.root
./INPUTFILES/data_1538178401.root
./INPUTFILES/data_1539102681.root
./INPUTFILES/data_1539102641.root
./INPUTFILES/data_1539177581.root
./INPUTFILES/data_1538178301.root
./INPUTFILES/data_1539177791.root
./INPUTFILES/data_1539102501.root
./INPUTFILES/data_1538178731.root
./INPUTFILES/data_1539177551.root
./INPUTFILES/data_1539177851.root
./INPUTFILES/data_1539102581.root
./INPUTFILES/data_1539102611.root
./INPUTFILES/data_1539102711.root
./INPUTFILES/data_1539102651.root
./INPUTFILES/data_1538178761.root
./INPUTFILES/data_1539102511.root
./INPUTFILES/data_1538177801.root
./INPUTFILES/data_1539177461.root
./INPUTFILES/data_1539177691.root
./INPUTFILES/data_1539177451.root
./INPUTFILES/data_1539177501.root
./INPUTFILES/data_1539102361.root
./INPUTFILES/data_1538749631.root
./INPUTFILES/data_1539177701.root
./INPUTFILES/21EF1A6A9139C9FD2A38E59AFB466F9A_2600.local.list
./INPUTFILES/data_1539177371.root
./.sandboxFiles
./check_S.C
./lib
./lib/my_event.cpp
./lib/CenMaker.cpp
./lib/MixedBuffer.cpp
./lib/CenMaker_cpp_ACLiC_dict_rdict.pcm
./lib/CenMaker_cpp.so
./lib/MixedBuffer_cpp_ACLiC_dict_rdict.pcm
./lib/my_event_cpp.so
./lib/my_particle_cpp.d
./lib/CenMaker.h
./lib/my_particle_cpp_ACLiC_dict_rdict.pcm
./lib/my_particle.h
./lib/NpartNormalizer.h
./lib/NpartNormalizer_cpp_ACLiC_dict_rdict.pcm
./lib/my_event_cpp.d
./lib/NpartNormalizer.cpp
./lib/MixedBuffer.h
./lib/NpartNormalizer_cpp.d
./lib/my_event_cpp_ACLiC_dict_rdict.pcm
./lib/MixedBuffer_cpp.so
./lib/MixedBuffer_cpp.d
./lib/NpartNormalizer_cpp.so
./lib/my_event.h
./lib/CenMaker_cpp.d
./lib/my_particle.cpp
./lib/my_particle_cpp.so
++++++++++++++++INPUTFILE Var++++++++++++++++++
FILELIST=/tmp/maxwoo/21EF1A6A9139C9FD2A38E59AFB466F9A_2600/INPUTFILES/21EF1A6A9139C9FD2A38E59AFB466F9A_2600.local.list
INPUTFILECOUNT=37
INPUTFILE0=/tmp/maxwoo/21EF1A6A9139C9FD2A38E59AFB466F9A_2600/INPUTFILES/data_1538177801.root
INPUTFILE1=/tmp/maxwoo/21EF1A6A9139C9FD2A38E59AFB466F9A_2600/INPUTFILES/data_1538177861.root
INPUTFILE2=/tmp/maxwoo/21EF1A6A9139C9FD2A38E59AFB466F9A_2600/INPUTFILES/data_1538177921.root
INPUTFILE3=/tmp/maxwoo/21EF1A6A9139C9FD2A38E59AFB466F9A_2600/INPUTFILES/data_1538178111.root
INPUTFILE4=/tmp/maxwoo/21EF1A6A9139C9FD2A38E59AFB466F9A_2600/INPUTFILES/data_1538178301.root
INPUTFILE5=/tmp/maxwoo/21EF1A6A9139C9FD2A38E59AFB466F9A_2600/INPUTFILES/data_1538178401.root
INPUTFILE6=/tmp/maxwoo/21EF1A6A9139C9FD2A38E59AFB466F9A_2600/INPUTFILES/data_1538178731.root
INPUTFILE7=/tmp/maxwoo/21EF1A6A9139C9FD2A38E59AFB466F9A_2600/INPUTFILES/data_1538178761.root
INPUTFILE8=/tmp/maxwoo/21EF1A6A9139C9FD2A38E59AFB466F9A_2600/INPUTFILES/data_1538749631.root
INPUTFILE9=/tmp/maxwoo/21EF1A6A9139C9FD2A38E59AFB466F9A_2600/INPUTFILES/data_1539102341.root
INPUTFILE10=/tmp/maxwoo/21EF1A6A9139C9FD2A38E59AFB466F9A_2600/INPUTFILES/data_1539102351.root
INPUTFILE11=/tmp/maxwoo/21EF1A6A9139C9FD2A38E59AFB466F9A_2600/INPUTFILES/data_1539102361.root
INPUTFILE12=/tmp/maxwoo/21EF1A6A9139C9FD2A38E59AFB466F9A_2600/INPUTFILES/data_1539102371.root
INPUTFILE13=/tmp/maxwoo/21EF1A6A9139C9FD2A38E59AFB466F9A_2600/INPUTFILES/data_1539102381.root
INPUTFILE14=/tmp/maxwoo/21EF1A6A9139C9FD2A38E59AFB466F9A_2600/INPUTFILES/data_1539102501.root
INPUTFILE15=/tmp/maxwoo/21EF1A6A9139C9FD2A38E59AFB466F9A_2600/INPUTFILES/data_1539102511.root
INPUTFILE16=/tmp/maxwoo/21EF1A6A9139C9FD2A38E59AFB466F9A_2600/INPUTFILES/data_1539102581.root
INPUTFILE17=/tmp/maxwoo/21EF1A6A9139C9FD2A38E59AFB466F9A_2600/INPUTFILES/data_1539102611.root
INPUTFILE18=/tmp/maxwoo/21EF1A6A9139C9FD2A38E59AFB466F9A_2600/INPUTFILES/data_1539102631.root
INPUTFILE19=/tmp/maxwoo/21EF1A6A9139C9FD2A38E59AFB466F9A_2600/INPUTFILES/data_1539102641.root
INPUTFILE20=/tmp/maxwoo/21EF1A6A9139C9FD2A38E59AFB466F9A_2600/INPUTFILES/data_1539102651.root
INPUTFILE21=/tmp/maxwoo/21EF1A6A9139C9FD2A38E59AFB466F9A_2600/INPUTFILES/data_1539102681.root
INPUTFILE22=/tmp/maxwoo/21EF1A6A9139C9FD2A38E59AFB466F9A_2600/INPUTFILES/data_1539102711.root
INPUTFILE23=/tmp/maxwoo/21EF1A6A9139C9FD2A38E59AFB466F9A_2600/INPUTFILES/data_1539177371.root
INPUTFILE24=/tmp/maxwoo/21EF1A6A9139C9FD2A38E59AFB466F9A_2600/INPUTFILES/data_1539177451.root
INPUTFILE25=/tmp/maxwoo/21EF1A6A9139C9FD2A38E59AFB466F9A_2600/INPUTFILES/data_1539177461.root
INPUTFILE26=/tmp/maxwoo/21EF1A6A9139C9FD2A38E59AFB466F9A_2600/INPUTFILES/data_1539177501.root
INPUTFILE27=/tmp/maxwoo/21EF1A6A9139C9FD2A38E59AFB466F9A_2600/INPUTFILES/data_1539177541.root
INPUTFILE28=/tmp/maxwoo/21EF1A6A9139C9FD2A38E59AFB466F9A_2600/INPUTFILES/data_1539177551.root
INPUTFILE29=/tmp/maxwoo/21EF1A6A9139C9FD2A38E59AFB466F9A_2600/INPUTFILES/data_1539177581.root
INPUTFILE30=/tmp/maxwoo/21EF1A6A9139C9FD2A38E59AFB466F9A_2600/INPUTFILES/data_1539177621.root
INPUTFILE31=/tmp/maxwoo/21EF1A6A9139C9FD2A38E59AFB466F9A_2600/INPUTFILES/data_1539177641.root
INPUTFILE32=/tmp/maxwoo/21EF1A6A9139C9FD2A38E59AFB466F9A_2600/INPUTFILES/data_1539177691.root
INPUTFILE33=/tmp/maxwoo/21EF1A6A9139C9FD2A38E59AFB466F9A_2600/INPUTFILES/data_1539177701.root
INPUTFILE34=/tmp/maxwoo/21EF1A6A9139C9FD2A38E59AFB466F9A_2600/INPUTFILES/data_1539177711.root
INPUTFILE35=/tmp/maxwoo/21EF1A6A9139C9FD2A38E59AFB466F9A_2600/INPUTFILES/data_1539177791.root
INPUTFILE36=/tmp/maxwoo/21EF1A6A9139C9FD2A38E59AFB466F9A_2600/INPUTFILES/data_1539177851.root
LocalInputFileDir=/tmp/maxwoo/21EF1A6A9139C9FD2A38E59AFB466F9A_2600/INPUTFILES
NewFILELIST=/tmp/maxwoo/21EF1A6A9139C9FD2A38E59AFB466F9A_2600/INPUTFILES/21EF1A6A9139C9FD2A38E59AFB466F9A_2600.local.list
+++++++++++++++++++++++++++++++++++++++++++++++
--------------------------------
Simple Unified Meta Scheduler 1.10.50 we are starting in $SCRATCH : /home/tmp/maxwoo/21EF1A6A9139C9FD2A38E59AFB466F9A_2600
--------------------------------
total 16
lrwxrwxrwx 1 maxwoo rhstar   61 Jun  2 10:58 check_S.C -> /gpfs/mnt/gpfs01/star/pwg/xiatong/git/strangeness/./check_S.C
lrwxrwxrwx 1 maxwoo rhstar   65 Jun  2 10:58 Check_Sness.C -> /gpfs/mnt/gpfs01/star/pwg/xiatong/git/strangeness/./Check_Sness.C
drwxr-xr-x 2 maxwoo rhstar 4096 Jun  2 11:01 INPUTFILES
drwxr-xr-x 2 maxwoo rhstar 4096 Jun  2 10:58 lib
  *******************************************
  *                                         *
  *        W E L C O M E  to  R O O T       *
  *                                         *
  *   Version   5.34/38     12 March 2018   *
  *                                         *
  *  You are welcome to visit our Web site  *
  *          http://root.cern.ch            *
  *                                         *
  *******************************************

ROOT 5.34/38 (v5-34-38@v5-34-38, Mar 12 2018, 15:49:39 on linux)

CINT/ROOT C/C++ Interpreter version 5.18.00, July 2, 2010
Type ? for help. Commands must be C++ statements.
Enclose multiple statements between { }.
*** Float Point Exception is OFF ***
 *** Start at Date : Thu Jun  2 11:01:30 2022
QAInfo:You are using STAR_LEVEL : dev, ROOT_LEVEL : 5.34.38 and node : rcas2763.rcf.bnl.gov 

Processing check_S.C++("/tmp/maxwoo/21EF1A6A9139C9FD2A38E59AFB466F9A_2600/INPUTFILES/21EF1A6A9139C9FD2A38E59AFB466F9A_2600.local.list","21EF1A6A9139C9FD2A38E59AFB466F9A_2600",1)...
/tmp/maxwoo/21EF1A6A9139C9FD2A38E59AFB466F9A_2600/INPUTFILES/data_1538177801.root 
/tmp/maxwoo/21EF1A6A9139C9FD2A38E59AFB466F9A_2600/INPUTFILES/data_1538177861.root 
/tmp/maxwoo/21EF1A6A9139C9FD2A38E59AFB466F9A_2600/INPUTFILES/data_1538177921.root 
/tmp/maxwoo/21EF1A6A9139C9FD2A38E59AFB466F9A_2600/INPUTFILES/data_1538178111.root 
/tmp/maxwoo/21EF1A6A9139C9FD2A38E59AFB466F9A_2600/INPUTFILES/data_1538178301.root 
/tmp/maxwoo/21EF1A6A9139C9FD2A38E59AFB466F9A_2600/INPUTFILES/data_1538178401.root 
/tmp/maxwoo/21EF1A6A9139C9FD2A38E59AFB466F9A_2600/INPUTFILES/data_1538178731.root 
/tmp/maxwoo/21EF1A6A9139C9FD2A38E59AFB466F9A_2600/INPUTFILES/data_1538178761.root 
/tmp/maxwoo/21EF1A6A9139C9FD2A38E59AFB466F9A_2600/INPUTFILES/data_1538749631.root 
/tmp/maxwoo/21EF1A6A9139C9FD2A38E59AFB466F9A_2600/INPUTFILES/data_1539102341.root 
/tmp/maxwoo/21EF1A6A9139C9FD2A38E59AFB466F9A_2600/INPUTFILES/data_1539102351.root 
/tmp/maxwoo/21EF1A6A9139C9FD2A38E59AFB466F9A_2600/INPUTFILES/data_1539102361.root 
/tmp/maxwoo/21EF1A6A9139C9FD2A38E59AFB466F9A_2600/INPUTFILES/data_1539102371.root 
/tmp/maxwoo/21EF1A6A9139C9FD2A38E59AFB466F9A_2600/INPUTFILES/data_1539102381.root 
/tmp/maxwoo/21EF1A6A9139C9FD2A38E59AFB466F9A_2600/INPUTFILES/data_1539102501.root 
/tmp/maxwoo/21EF1A6A9139C9FD2A38E59AFB466F9A_2600/INPUTFILES/data_1539102511.root 
/tmp/maxwoo/21EF1A6A9139C9FD2A38E59AFB466F9A_2600/INPUTFILES/data_1539102581.root 
/tmp/maxwoo/21EF1A6A9139C9FD2A38E59AFB466F9A_2600/INPUTFILES/data_1539102611.root 
/tmp/maxwoo/21EF1A6A9139C9FD2A38E59AFB466F9A_2600/INPUTFILES/data_1539102631.root 
/tmp/maxwoo/21EF1A6A9139C9FD2A38E59AFB466F9A_2600/INPUTFILES/data_1539102641.root 
/tmp/maxwoo/21EF1A6A9139C9FD2A38E59AFB466F9A_2600/INPUTFILES/data_1539102651.root 
/tmp/maxwoo/21EF1A6A9139C9FD2A38E59AFB466F9A_2600/INPUTFILES/data_1539102681.root 
/tmp/maxwoo/21EF1A6A9139C9FD2A38E59AFB466F9A_2600/INPUTFILES/data_1539102711.root 
/tmp/maxwoo/21EF1A6A9139C9FD2A38E59AFB466F9A_2600/INPUTFILES/data_1539177371.root 
/tmp/maxwoo/21EF1A6A9139C9FD2A38E59AFB466F9A_2600/INPUTFILES/data_1539177451.root 
/tmp/maxwoo/21EF1A6A9139C9FD2A38E59AFB466F9A_2600/INPUTFILES/data_1539177461.root 
/tmp/maxwoo/21EF1A6A9139C9FD2A38E59AFB466F9A_2600/INPUTFILES/data_1539177501.root 
/tmp/maxwoo/21EF1A6A9139C9FD2A38E59AFB466F9A_2600/INPUTFILES/data_1539177541.root 
/tmp/maxwoo/21EF1A6A9139C9FD2A38E59AFB466F9A_2600/INPUTFILES/data_1539177551.root 
/tmp/maxwoo/21EF1A6A9139C9FD2A38E59AFB466F9A_2600/INPUTFILES/data_1539177581.root 
/tmp/maxwoo/21EF1A6A9139C9FD2A38E59AFB466F9A_2600/INPUTFILES/data_1539177621.root 
/tmp/maxwoo/21EF1A6A9139C9FD2A38E59AFB466F9A_2600/INPUTFILES/data_1539177641.root 
/tmp/maxwoo/21EF1A6A9139C9FD2A38E59AFB466F9A_2600/INPUTFILES/data_1539177691.root 
/tmp/maxwoo/21EF1A6A9139C9FD2A38E59AFB466F9A_2600/INPUTFILES/data_1539177701.root 
/tmp/maxwoo/21EF1A6A9139C9FD2A38E59AFB466F9A_2600/INPUTFILES/data_1539177711.root 
/tmp/maxwoo/21EF1A6A9139C9FD2A38E59AFB466F9A_2600/INPUTFILES/data_1539177791.root 
/tmp/maxwoo/21EF1A6A9139C9FD2A38E59AFB466F9A_2600/INPUTFILES/data_1539177851.root 
Added 37 files
# entries in chain: 36848
Processing entry == 1000 == out of 36848.
Processing entry == 2000 == out of 36848.
Processing entry == 3000 == out of 36848.
Processing entry == 4000 == out of 36848.
Processing entry == 5000 == out of 36848.
Processing entry == 6000 == out of 36848.
Processing entry == 7000 == out of 36848.
Processing entry == 8000 == out of 36848.
Processing entry == 9000 == out of 36848.
Processing entry == 10000 == out of 36848.
Processing entry == 11000 == out of 36848.
Processing entry == 12000 == out of 36848.
Processing entry == 13000 == out of 36848.
Processing entry == 14000 == out of 36848.
Processing entry == 15000 == out of 36848.
Processing entry == 16000 == out of 36848.
Processing entry == 17000 == out of 36848.
Processing entry == 18000 == out of 36848.
Processing entry == 19000 == out of 36848.
Processing entry == 20000 == out of 36848.
Processing entry == 21000 == out of 36848.
Processing entry == 22000 == out of 36848.
Processing entry == 23000 == out of 36848.
Processing entry == 24000 == out of 36848.
Processing entry == 25000 == out of 36848.
Processing entry == 26000 == out of 36848.
Processing entry == 27000 == out of 36848.
Processing entry == 28000 == out of 36848.
Processing entry == 29000 == out of 36848.
Processing entry == 30000 == out of 36848.
Processing entry == 31000 == out of 36848.
Processing entry == 32000 == out of 36848.
Processing entry == 33000 == out of 36848.
Processing entry == 34000 == out of 36848.
Processing entry == 35000 == out of 36848.
Processing entry == 36000 == out of 36848.

This is the end of ROOT -- Goodbye

Cleaning up sandbox file:  /tmp/maxwoo/21EF1A6A9139C9FD2A38E59AFB466F9A_2600/check_S.C
Cleaning up sandbox file:  /tmp/maxwoo/21EF1A6A9139C9FD2A38E59AFB466F9A_2600/Check_Sness.C
Cleaning up sandbox file:  /tmp/maxwoo/21EF1A6A9139C9FD2A38E59AFB466F9A_2600/lib
Cleaning up sandbox file:  /tmp/maxwoo/21EF1A6A9139C9FD2A38E59AFB466F9A_2600/.sandboxFiles
Starting copy block
Running copy command:  /bin/cp -fp /tmp/maxwoo/21EF1A6A9139C9FD2A38E59AFB466F9A_2600/out_21EF1A6A9139C9FD2A38E59AFB466F9A_2600.root /star/data01/pwg/xiatong/git/strangeness/data/
16959 Execution of (/star/data01/pwg/xiatong/git/strangeness/script/sched21EF1A6A9139C9FD2A38E59AFB466F9A_2600.csh ) has ended, exiting normally
16959 We END on [Thu Jun  2 11:23:50 EDT 2022]
