We are starting on node: rcrs6059.rcf.bnl.gov
HOME is not defined
Using getent method
HOME is now /star/u/maxwoo
8568 We will spawn ourselves (/star/data01/pwg/xiatong/git/strangeness/script/sched21EF1A6A9139C9FD2A38E59AFB466F9A_488.csh )
8568 We BEGIN on [Thu Jun  2 11:29:55 EDT 2022]
[1] 8969
8568 We are waiting for 8969 
8568 Grandchild PID is 9224 - found in 10 x 1 seconds
8568 Establishing first watcher   on    Thu Jun  2 11:30:06 EDT 2022
8568 Process tree is 8568 (main) -> 8969 (child) -> 9224 (grandchild)
F S   UID   PID  PPID  C PRI  NI ADDR SZ WCHAN  TTY        TIME CMD
0 D 100667 9224  8969  0  80   0 - 32311 cxiWai ?          0:00 cp /star/data01/pwg/xiatong/AMPT/14GeV/data_212299601.root /tmp/maxwoo/21EF1A6A9139C9FD2A38E59AFB466F9A_488/INPUTFILES/data_212299601.root
8568 Grandchild PID is 10217 - found in 20 x 2 seconds
8568 Grandchild to watch has changed on Thu Jun  2 11:30:26 EDT 2022
8568 Process tree is 8568 (main) -> 8969 (child) -> 10217 (grandchild)
F S   UID   PID  PPID  C PRI  NI ADDR SZ WCHAN  TTY        TIME CMD
0 D 100667 10217 8969  0  80   0 - 32311 cxiWai ?          0:00 cp /star/data01/pwg/xiatong/AMPT/14GeV/data_212399461.root /tmp/maxwoo/21EF1A6A9139C9FD2A38E59AFB466F9A_488/INPUTFILES/data_212399461.root
8568 Grandchild PID is 11551 - found in 30 x 2 seconds
8568 Grandchild to watch has changed on Thu Jun  2 11:30:47 EDT 2022
8568 Process tree is 8568 (main) -> 8969 (child) -> 11551 (grandchild)
F S   UID   PID  PPID  C PRI  NI ADDR SZ WCHAN  TTY        TIME CMD
0 D 100667 11551 8969  0  80   0 - 32311 cxiWai ?          0:00 cp /star/data01/pwg/xiatong/AMPT/14GeV/data_212499361.root /tmp/maxwoo/21EF1A6A9139C9FD2A38E59AFB466F9A_488/INPUTFILES/data_212499361.root
8568 Grandchild PID is 12707 - found in 40 x 2 seconds
8568 Grandchild to watch has changed on Thu Jun  2 11:31:08 EDT 2022
8568 Process tree is 8568 (main) -> 8969 (child) -> 12707 (grandchild)
F S   UID   PID  PPID  C PRI  NI ADDR SZ WCHAN  TTY        TIME CMD
0 D 100667 12707 8969  0  80   0 - 32311 cxiWai ?          0:00 cp /star/data01/pwg/xiatong/AMPT/14GeV/data_212521561.root /tmp/maxwoo/21EF1A6A9139C9FD2A38E59AFB466F9A_488/INPUTFILES/data_212521561.root
8568 Grandchild PID is 15223 - found in 60 x 2 seconds
8568 Grandchild to watch has changed on Thu Jun  2 11:31:49 EDT 2022
8568 Process tree is 8568 (main) -> 8969 (child) -> 15223 (grandchild)
F S   UID   PID  PPID  C PRI  NI ADDR SZ WCHAN  TTY        TIME CMD
0 D 100667 15223 8969  0  80   0 - 32311 cxiWai ?          0:00 cp /star/data01/pwg/xiatong/AMPT/14GeV/data_212599091.root /tmp/maxwoo/21EF1A6A9139C9FD2A38E59AFB466F9A_488/INPUTFILES/data_212599091.root
8568 Grandchild PID is 16255 - found in 70 x 2 seconds
8568 Grandchild to watch has changed on Thu Jun  2 11:32:10 EDT 2022
8568 Process tree is 8568 (main) -> 8969 (child) -> 16255 (grandchild)
F S   UID   PID  PPID  C PRI  NI ADDR SZ WCHAN  TTY        TIME CMD
0 D 100667 16255 8969  0  80   0 - 32311 cxiWai ?          0:00 cp /star/data01/pwg/xiatong/AMPT/14GeV/data_212599171.root /tmp/maxwoo/21EF1A6A9139C9FD2A38E59AFB466F9A_488/INPUTFILES/data_212599171.root
8568 Grandchild PID is 16796 - found in 80 x 2 seconds
8568 Grandchild to watch has changed on Thu Jun  2 11:32:30 EDT 2022
8568 Process tree is 8568 (main) -> 8969 (child) -> 16796 (grandchild)
F S   UID   PID  PPID  C PRI  NI ADDR SZ WCHAN  TTY        TIME CMD
0 D 100667 16796 8969  0  80   0 - 32311 cxiWai ?          0:00 cp /star/data01/pwg/xiatong/AMPT/14GeV/data_212599231.root /tmp/maxwoo/21EF1A6A9139C9FD2A38E59AFB466F9A_488/INPUTFILES/data_212599231.root
8568 Grandchild PID is 17809 - found in 90 x 2 seconds
8568 Grandchild to watch has changed on Thu Jun  2 11:32:51 EDT 2022
8568 Process tree is 8568 (main) -> 8969 (child) -> 17809 (grandchild)
F S   UID   PID  PPID  C PRI  NI ADDR SZ WCHAN  TTY        TIME CMD
0 S 100667 17809 8969  0  80   0 -  1272 do_wai ?          0:00 root -b -q check_S.C++("/tmp/maxwoo/21EF1A6A9139C9FD2A38E59AFB466F9A_488/INPUTFILES/21EF1A6A9139C9FD2A38E59AFB466F9A_488.local.list","21EF1A6A9139C9FD2A38E59AFB466F9A_488",1)
8568 Grandchild PID is 42910 - found in 660 x 2 seconds
8568 Grandchild to watch has changed on Thu Jun  2 11:52:33 EDT 2022
8568 Process tree is 8568 (main) -> 8969 (child) -> 42910 (grandchild)
F S   UID   PID  PPID  C PRI  NI ADDR SZ WCHAN  TTY        TIME CMD
0 D 100667 42910 8969  0  80   0 - 30261 cxiWai ?          0:00 /bin/cp -fp /tmp/maxwoo/21EF1A6A9139C9FD2A38E59AFB466F9A_488/out_21EF1A6A9139C9FD2A38E59AFB466F9A_488.root /star/data01/pwg/xiatong/git/strangeness/data/
8969 Stepping into the main SUMS wrapper program with []
.... building sandbox
Running: cp /star/data01/pwg/xiatong/AMPT/14GeV/data_212299601.root /tmp/maxwoo/21EF1A6A9139C9FD2A38E59AFB466F9A_488/INPUTFILES/data_212299601.root
Running: cp /star/data01/pwg/xiatong/AMPT/14GeV/data_212299691.root /tmp/maxwoo/21EF1A6A9139C9FD2A38E59AFB466F9A_488/INPUTFILES/data_212299691.root
Running: cp /star/data01/pwg/xiatong/AMPT/14GeV/data_212299801.root /tmp/maxwoo/21EF1A6A9139C9FD2A38E59AFB466F9A_488/INPUTFILES/data_212299801.root
Running: cp /star/data01/pwg/xiatong/AMPT/14GeV/data_212399301.root /tmp/maxwoo/21EF1A6A9139C9FD2A38E59AFB466F9A_488/INPUTFILES/data_212399301.root
Running: cp /star/data01/pwg/xiatong/AMPT/14GeV/data_212399331.root /tmp/maxwoo/21EF1A6A9139C9FD2A38E59AFB466F9A_488/INPUTFILES/data_212399331.root
Running: cp /star/data01/pwg/xiatong/AMPT/14GeV/data_212399341.root /tmp/maxwoo/21EF1A6A9139C9FD2A38E59AFB466F9A_488/INPUTFILES/data_212399341.root
Running: cp /star/data01/pwg/xiatong/AMPT/14GeV/data_212399461.root /tmp/maxwoo/21EF1A6A9139C9FD2A38E59AFB466F9A_488/INPUTFILES/data_212399461.root
Running: cp /star/data01/pwg/xiatong/AMPT/14GeV/data_212399471.root /tmp/maxwoo/21EF1A6A9139C9FD2A38E59AFB466F9A_488/INPUTFILES/data_212399471.root
Running: cp /star/data01/pwg/xiatong/AMPT/14GeV/data_212399501.root /tmp/maxwoo/21EF1A6A9139C9FD2A38E59AFB466F9A_488/INPUTFILES/data_212399501.root
Running: cp /star/data01/pwg/xiatong/AMPT/14GeV/data_212399701.root /tmp/maxwoo/21EF1A6A9139C9FD2A38E59AFB466F9A_488/INPUTFILES/data_212399701.root
Running: cp /star/data01/pwg/xiatong/AMPT/14GeV/data_212421931.root /tmp/maxwoo/21EF1A6A9139C9FD2A38E59AFB466F9A_488/INPUTFILES/data_212421931.root
Running: cp /star/data01/pwg/xiatong/AMPT/14GeV/data_212499181.root /tmp/maxwoo/21EF1A6A9139C9FD2A38E59AFB466F9A_488/INPUTFILES/data_212499181.root
Running: cp /star/data01/pwg/xiatong/AMPT/14GeV/data_212499191.root /tmp/maxwoo/21EF1A6A9139C9FD2A38E59AFB466F9A_488/INPUTFILES/data_212499191.root
Running: cp /star/data01/pwg/xiatong/AMPT/14GeV/data_212499271.root /tmp/maxwoo/21EF1A6A9139C9FD2A38E59AFB466F9A_488/INPUTFILES/data_212499271.root
Running: cp /star/data01/pwg/xiatong/AMPT/14GeV/data_212499321.root /tmp/maxwoo/21EF1A6A9139C9FD2A38E59AFB466F9A_488/INPUTFILES/data_212499321.root
Running: cp /star/data01/pwg/xiatong/AMPT/14GeV/data_212499361.root /tmp/maxwoo/21EF1A6A9139C9FD2A38E59AFB466F9A_488/INPUTFILES/data_212499361.root
Running: cp /star/data01/pwg/xiatong/AMPT/14GeV/data_212499411.root /tmp/maxwoo/21EF1A6A9139C9FD2A38E59AFB466F9A_488/INPUTFILES/data_212499411.root
Running: cp /star/data01/pwg/xiatong/AMPT/14GeV/data_212499421.root /tmp/maxwoo/21EF1A6A9139C9FD2A38E59AFB466F9A_488/INPUTFILES/data_212499421.root
Running: cp /star/data01/pwg/xiatong/AMPT/14GeV/data_212499431.root /tmp/maxwoo/21EF1A6A9139C9FD2A38E59AFB466F9A_488/INPUTFILES/data_212499431.root
Running: cp /star/data01/pwg/xiatong/AMPT/14GeV/data_212499441.root /tmp/maxwoo/21EF1A6A9139C9FD2A38E59AFB466F9A_488/INPUTFILES/data_212499441.root
Running: cp /star/data01/pwg/xiatong/AMPT/14GeV/data_212499451.root /tmp/maxwoo/21EF1A6A9139C9FD2A38E59AFB466F9A_488/INPUTFILES/data_212499451.root
Running: cp /star/data01/pwg/xiatong/AMPT/14GeV/data_212499531.root /tmp/maxwoo/21EF1A6A9139C9FD2A38E59AFB466F9A_488/INPUTFILES/data_212499531.root
Running: cp /star/data01/pwg/xiatong/AMPT/14GeV/data_212499631.root /tmp/maxwoo/21EF1A6A9139C9FD2A38E59AFB466F9A_488/INPUTFILES/data_212499631.root
Running: cp /star/data01/pwg/xiatong/AMPT/14GeV/data_212499741.root /tmp/maxwoo/21EF1A6A9139C9FD2A38E59AFB466F9A_488/INPUTFILES/data_212499741.root
Running: cp /star/data01/pwg/xiatong/AMPT/14GeV/data_212521561.root /tmp/maxwoo/21EF1A6A9139C9FD2A38E59AFB466F9A_488/INPUTFILES/data_212521561.root
Running: cp /star/data01/pwg/xiatong/AMPT/14GeV/data_212521571.root /tmp/maxwoo/21EF1A6A9139C9FD2A38E59AFB466F9A_488/INPUTFILES/data_212521571.root
Running: cp /star/data01/pwg/xiatong/AMPT/14GeV/data_212599021.root /tmp/maxwoo/21EF1A6A9139C9FD2A38E59AFB466F9A_488/INPUTFILES/data_212599021.root
Running: cp /star/data01/pwg/xiatong/AMPT/14GeV/data_212599041.root /tmp/maxwoo/21EF1A6A9139C9FD2A38E59AFB466F9A_488/INPUTFILES/data_212599041.root
Running: cp /star/data01/pwg/xiatong/AMPT/14GeV/data_212599071.root /tmp/maxwoo/21EF1A6A9139C9FD2A38E59AFB466F9A_488/INPUTFILES/data_212599071.root
Running: cp /star/data01/pwg/xiatong/AMPT/14GeV/data_212599091.root /tmp/maxwoo/21EF1A6A9139C9FD2A38E59AFB466F9A_488/INPUTFILES/data_212599091.root
Running: cp /star/data01/pwg/xiatong/AMPT/14GeV/data_212599111.root /tmp/maxwoo/21EF1A6A9139C9FD2A38E59AFB466F9A_488/INPUTFILES/data_212599111.root
Running: cp /star/data01/pwg/xiatong/AMPT/14GeV/data_212599121.root /tmp/maxwoo/21EF1A6A9139C9FD2A38E59AFB466F9A_488/INPUTFILES/data_212599121.root
Running: cp /star/data01/pwg/xiatong/AMPT/14GeV/data_212599151.root /tmp/maxwoo/21EF1A6A9139C9FD2A38E59AFB466F9A_488/INPUTFILES/data_212599151.root
Running: cp /star/data01/pwg/xiatong/AMPT/14GeV/data_212599171.root /tmp/maxwoo/21EF1A6A9139C9FD2A38E59AFB466F9A_488/INPUTFILES/data_212599171.root
Running: cp /star/data01/pwg/xiatong/AMPT/14GeV/data_212599201.root /tmp/maxwoo/21EF1A6A9139C9FD2A38E59AFB466F9A_488/INPUTFILES/data_212599201.root
Running: cp /star/data01/pwg/xiatong/AMPT/14GeV/data_212599221.root /tmp/maxwoo/21EF1A6A9139C9FD2A38E59AFB466F9A_488/INPUTFILES/data_212599221.root
Running: cp /star/data01/pwg/xiatong/AMPT/14GeV/data_212599231.root /tmp/maxwoo/21EF1A6A9139C9FD2A38E59AFB466F9A_488/INPUTFILES/data_212599231.root
Swapping $FILELIST with: /tmp/maxwoo/21EF1A6A9139C9FD2A38E59AFB466F9A_488/INPUTFILES/21EF1A6A9139C9FD2A38E59AFB466F9A_488.local.list
+++++++++++local copy debug++++++++++++++++++++
newFileList: /tmp/maxwoo/21EF1A6A9139C9FD2A38E59AFB466F9A_488/INPUTFILES/21EF1A6A9139C9FD2A38E59AFB466F9A_488.local.list
++++++++++++++++cat FILELIST+++++++++++++++++++
/tmp/maxwoo/21EF1A6A9139C9FD2A38E59AFB466F9A_488/INPUTFILES/data_212299601.root 
/tmp/maxwoo/21EF1A6A9139C9FD2A38E59AFB466F9A_488/INPUTFILES/data_212299691.root 
/tmp/maxwoo/21EF1A6A9139C9FD2A38E59AFB466F9A_488/INPUTFILES/data_212299801.root 
/tmp/maxwoo/21EF1A6A9139C9FD2A38E59AFB466F9A_488/INPUTFILES/data_212399301.root 
/tmp/maxwoo/21EF1A6A9139C9FD2A38E59AFB466F9A_488/INPUTFILES/data_212399331.root 
/tmp/maxwoo/21EF1A6A9139C9FD2A38E59AFB466F9A_488/INPUTFILES/data_212399341.root 
/tmp/maxwoo/21EF1A6A9139C9FD2A38E59AFB466F9A_488/INPUTFILES/data_212399461.root 
/tmp/maxwoo/21EF1A6A9139C9FD2A38E59AFB466F9A_488/INPUTFILES/data_212399471.root 
/tmp/maxwoo/21EF1A6A9139C9FD2A38E59AFB466F9A_488/INPUTFILES/data_212399501.root 
/tmp/maxwoo/21EF1A6A9139C9FD2A38E59AFB466F9A_488/INPUTFILES/data_212399701.root 
/tmp/maxwoo/21EF1A6A9139C9FD2A38E59AFB466F9A_488/INPUTFILES/data_212421931.root 
/tmp/maxwoo/21EF1A6A9139C9FD2A38E59AFB466F9A_488/INPUTFILES/data_212499181.root 
/tmp/maxwoo/21EF1A6A9139C9FD2A38E59AFB466F9A_488/INPUTFILES/data_212499191.root 
/tmp/maxwoo/21EF1A6A9139C9FD2A38E59AFB466F9A_488/INPUTFILES/data_212499271.root 
/tmp/maxwoo/21EF1A6A9139C9FD2A38E59AFB466F9A_488/INPUTFILES/data_212499321.root 
/tmp/maxwoo/21EF1A6A9139C9FD2A38E59AFB466F9A_488/INPUTFILES/data_212499361.root 
/tmp/maxwoo/21EF1A6A9139C9FD2A38E59AFB466F9A_488/INPUTFILES/data_212499411.root 
/tmp/maxwoo/21EF1A6A9139C9FD2A38E59AFB466F9A_488/INPUTFILES/data_212499421.root 
/tmp/maxwoo/21EF1A6A9139C9FD2A38E59AFB466F9A_488/INPUTFILES/data_212499431.root 
/tmp/maxwoo/21EF1A6A9139C9FD2A38E59AFB466F9A_488/INPUTFILES/data_212499441.root 
/tmp/maxwoo/21EF1A6A9139C9FD2A38E59AFB466F9A_488/INPUTFILES/data_212499451.root 
/tmp/maxwoo/21EF1A6A9139C9FD2A38E59AFB466F9A_488/INPUTFILES/data_212499531.root 
/tmp/maxwoo/21EF1A6A9139C9FD2A38E59AFB466F9A_488/INPUTFILES/data_212499631.root 
/tmp/maxwoo/21EF1A6A9139C9FD2A38E59AFB466F9A_488/INPUTFILES/data_212499741.root 
/tmp/maxwoo/21EF1A6A9139C9FD2A38E59AFB466F9A_488/INPUTFILES/data_212521561.root 
/tmp/maxwoo/21EF1A6A9139C9FD2A38E59AFB466F9A_488/INPUTFILES/data_212521571.root 
/tmp/maxwoo/21EF1A6A9139C9FD2A38E59AFB466F9A_488/INPUTFILES/data_212599021.root 
/tmp/maxwoo/21EF1A6A9139C9FD2A38E59AFB466F9A_488/INPUTFILES/data_212599041.root 
/tmp/maxwoo/21EF1A6A9139C9FD2A38E59AFB466F9A_488/INPUTFILES/data_212599071.root 
/tmp/maxwoo/21EF1A6A9139C9FD2A38E59AFB466F9A_488/INPUTFILES/data_212599091.root 
/tmp/maxwoo/21EF1A6A9139C9FD2A38E59AFB466F9A_488/INPUTFILES/data_212599111.root 
/tmp/maxwoo/21EF1A6A9139C9FD2A38E59AFB466F9A_488/INPUTFILES/data_212599121.root 
/tmp/maxwoo/21EF1A6A9139C9FD2A38E59AFB466F9A_488/INPUTFILES/data_212599151.root 
/tmp/maxwoo/21EF1A6A9139C9FD2A38E59AFB466F9A_488/INPUTFILES/data_212599171.root 
/tmp/maxwoo/21EF1A6A9139C9FD2A38E59AFB466F9A_488/INPUTFILES/data_212599201.root 
/tmp/maxwoo/21EF1A6A9139C9FD2A38E59AFB466F9A_488/INPUTFILES/data_212599221.root 
/tmp/maxwoo/21EF1A6A9139C9FD2A38E59AFB466F9A_488/INPUTFILES/data_212599231.root 
++++++++++++++++++++find.++++++++++++++++++++++
.
./.sandboxFiles
./INPUTFILES
./INPUTFILES/data_212499441.root
./INPUTFILES/data_212499271.root
./INPUTFILES/data_212599171.root
./INPUTFILES/data_212499451.root
./INPUTFILES/data_212299801.root
./INPUTFILES/data_212521571.root
./INPUTFILES/data_212499421.root
./INPUTFILES/data_212399501.root
./INPUTFILES/data_212499411.root
./INPUTFILES/data_212499631.root
./INPUTFILES/data_212299601.root
./INPUTFILES/data_212499321.root
./INPUTFILES/data_212599021.root
./INPUTFILES/data_212299691.root
./INPUTFILES/data_212599221.root
./INPUTFILES/data_212399341.root
./INPUTFILES/data_212599091.root
./INPUTFILES/data_212521561.root
./INPUTFILES/data_212599201.root
./INPUTFILES/data_212599111.root
./INPUTFILES/21EF1A6A9139C9FD2A38E59AFB466F9A_488.local.list
./INPUTFILES/data_212399471.root
./INPUTFILES/data_212399461.root
./INPUTFILES/data_212499191.root
./INPUTFILES/data_212499361.root
./INPUTFILES/data_212399331.root
./INPUTFILES/data_212599231.root
./INPUTFILES/data_212499531.root
./INPUTFILES/data_212599121.root
./INPUTFILES/data_212499431.root
./INPUTFILES/data_212599041.root
./INPUTFILES/data_212421931.root
./INPUTFILES/data_212399301.root
./INPUTFILES/data_212399701.root
./INPUTFILES/data_212599151.root
./INPUTFILES/data_212499741.root
./INPUTFILES/data_212599071.root
./INPUTFILES/data_212499181.root
./.output.log
./Check_Sness.C
./.errror.log
./check_S.C
./lib
./lib/CenMaker_cpp_ACLiC_dict_rdict.pcm
./lib/my_event_cpp_ACLiC_dict_rdict.pcm
./lib/CenMaker_cpp.so
./lib/my_event.h
./lib/my_event_cpp.d
./lib/CenMaker.h
./lib/CenMaker.cpp
./lib/NpartNormalizer_cpp.so
./lib/MixedBuffer.h
./lib/my_particle_cpp_ACLiC_dict_rdict.pcm
./lib/my_particle.cpp
./lib/my_particle.h
./lib/NpartNormalizer_cpp.d
./lib/NpartNormalizer.h
./lib/MixedBuffer.cpp
./lib/MixedBuffer_cpp_ACLiC_dict_rdict.pcm
./lib/MixedBuffer_cpp.so
./lib/CenMaker_cpp.d
./lib/NpartNormalizer.cpp
./lib/my_event_cpp.so
./lib/my_event.cpp
./lib/my_particle_cpp.d
./lib/MixedBuffer_cpp.d
./lib/NpartNormalizer_cpp_ACLiC_dict_rdict.pcm
./lib/my_particle_cpp.so
++++++++++++++++INPUTFILE Var++++++++++++++++++
FILELIST=/tmp/maxwoo/21EF1A6A9139C9FD2A38E59AFB466F9A_488/INPUTFILES/21EF1A6A9139C9FD2A38E59AFB466F9A_488.local.list
INPUTFILECOUNT=37
INPUTFILE0=/tmp/maxwoo/21EF1A6A9139C9FD2A38E59AFB466F9A_488/INPUTFILES/data_212299601.root
INPUTFILE1=/tmp/maxwoo/21EF1A6A9139C9FD2A38E59AFB466F9A_488/INPUTFILES/data_212299691.root
INPUTFILE2=/tmp/maxwoo/21EF1A6A9139C9FD2A38E59AFB466F9A_488/INPUTFILES/data_212299801.root
INPUTFILE3=/tmp/maxwoo/21EF1A6A9139C9FD2A38E59AFB466F9A_488/INPUTFILES/data_212399301.root
INPUTFILE4=/tmp/maxwoo/21EF1A6A9139C9FD2A38E59AFB466F9A_488/INPUTFILES/data_212399331.root
INPUTFILE5=/tmp/maxwoo/21EF1A6A9139C9FD2A38E59AFB466F9A_488/INPUTFILES/data_212399341.root
INPUTFILE6=/tmp/maxwoo/21EF1A6A9139C9FD2A38E59AFB466F9A_488/INPUTFILES/data_212399461.root
INPUTFILE7=/tmp/maxwoo/21EF1A6A9139C9FD2A38E59AFB466F9A_488/INPUTFILES/data_212399471.root
INPUTFILE8=/tmp/maxwoo/21EF1A6A9139C9FD2A38E59AFB466F9A_488/INPUTFILES/data_212399501.root
INPUTFILE9=/tmp/maxwoo/21EF1A6A9139C9FD2A38E59AFB466F9A_488/INPUTFILES/data_212399701.root
INPUTFILE10=/tmp/maxwoo/21EF1A6A9139C9FD2A38E59AFB466F9A_488/INPUTFILES/data_212421931.root
INPUTFILE11=/tmp/maxwoo/21EF1A6A9139C9FD2A38E59AFB466F9A_488/INPUTFILES/data_212499181.root
INPUTFILE12=/tmp/maxwoo/21EF1A6A9139C9FD2A38E59AFB466F9A_488/INPUTFILES/data_212499191.root
INPUTFILE13=/tmp/maxwoo/21EF1A6A9139C9FD2A38E59AFB466F9A_488/INPUTFILES/data_212499271.root
INPUTFILE14=/tmp/maxwoo/21EF1A6A9139C9FD2A38E59AFB466F9A_488/INPUTFILES/data_212499321.root
INPUTFILE15=/tmp/maxwoo/21EF1A6A9139C9FD2A38E59AFB466F9A_488/INPUTFILES/data_212499361.root
INPUTFILE16=/tmp/maxwoo/21EF1A6A9139C9FD2A38E59AFB466F9A_488/INPUTFILES/data_212499411.root
INPUTFILE17=/tmp/maxwoo/21EF1A6A9139C9FD2A38E59AFB466F9A_488/INPUTFILES/data_212499421.root
INPUTFILE18=/tmp/maxwoo/21EF1A6A9139C9FD2A38E59AFB466F9A_488/INPUTFILES/data_212499431.root
INPUTFILE19=/tmp/maxwoo/21EF1A6A9139C9FD2A38E59AFB466F9A_488/INPUTFILES/data_212499441.root
INPUTFILE20=/tmp/maxwoo/21EF1A6A9139C9FD2A38E59AFB466F9A_488/INPUTFILES/data_212499451.root
INPUTFILE21=/tmp/maxwoo/21EF1A6A9139C9FD2A38E59AFB466F9A_488/INPUTFILES/data_212499531.root
INPUTFILE22=/tmp/maxwoo/21EF1A6A9139C9FD2A38E59AFB466F9A_488/INPUTFILES/data_212499631.root
INPUTFILE23=/tmp/maxwoo/21EF1A6A9139C9FD2A38E59AFB466F9A_488/INPUTFILES/data_212499741.root
INPUTFILE24=/tmp/maxwoo/21EF1A6A9139C9FD2A38E59AFB466F9A_488/INPUTFILES/data_212521561.root
INPUTFILE25=/tmp/maxwoo/21EF1A6A9139C9FD2A38E59AFB466F9A_488/INPUTFILES/data_212521571.root
INPUTFILE26=/tmp/maxwoo/21EF1A6A9139C9FD2A38E59AFB466F9A_488/INPUTFILES/data_212599021.root
INPUTFILE27=/tmp/maxwoo/21EF1A6A9139C9FD2A38E59AFB466F9A_488/INPUTFILES/data_212599041.root
INPUTFILE28=/tmp/maxwoo/21EF1A6A9139C9FD2A38E59AFB466F9A_488/INPUTFILES/data_212599071.root
INPUTFILE29=/tmp/maxwoo/21EF1A6A9139C9FD2A38E59AFB466F9A_488/INPUTFILES/data_212599091.root
INPUTFILE30=/tmp/maxwoo/21EF1A6A9139C9FD2A38E59AFB466F9A_488/INPUTFILES/data_212599111.root
INPUTFILE31=/tmp/maxwoo/21EF1A6A9139C9FD2A38E59AFB466F9A_488/INPUTFILES/data_212599121.root
INPUTFILE32=/tmp/maxwoo/21EF1A6A9139C9FD2A38E59AFB466F9A_488/INPUTFILES/data_212599151.root
INPUTFILE33=/tmp/maxwoo/21EF1A6A9139C9FD2A38E59AFB466F9A_488/INPUTFILES/data_212599171.root
INPUTFILE34=/tmp/maxwoo/21EF1A6A9139C9FD2A38E59AFB466F9A_488/INPUTFILES/data_212599201.root
INPUTFILE35=/tmp/maxwoo/21EF1A6A9139C9FD2A38E59AFB466F9A_488/INPUTFILES/data_212599221.root
INPUTFILE36=/tmp/maxwoo/21EF1A6A9139C9FD2A38E59AFB466F9A_488/INPUTFILES/data_212599231.root
LocalInputFileDir=/tmp/maxwoo/21EF1A6A9139C9FD2A38E59AFB466F9A_488/INPUTFILES
NewFILELIST=/tmp/maxwoo/21EF1A6A9139C9FD2A38E59AFB466F9A_488/INPUTFILES/21EF1A6A9139C9FD2A38E59AFB466F9A_488.local.list
+++++++++++++++++++++++++++++++++++++++++++++++
--------------------------------
Simple Unified Meta Scheduler 1.10.50 we are starting in $SCRATCH : /home/tmp/maxwoo/21EF1A6A9139C9FD2A38E59AFB466F9A_488
--------------------------------
total 16
lrwxrwxrwx 1 maxwoo rhstar   61 Jun  2 11:29 check_S.C -> /gpfs/mnt/gpfs01/star/pwg/xiatong/git/strangeness/./check_S.C
lrwxrwxrwx 1 maxwoo rhstar   65 Jun  2 11:29 Check_Sness.C -> /gpfs/mnt/gpfs01/star/pwg/xiatong/git/strangeness/./Check_Sness.C
drwxr-xr-x 2 maxwoo rhstar 4096 Jun  2 11:32 INPUTFILES
drwxr-xr-x 2 maxwoo rhstar 4096 Jun  2 11:29 lib
  *******************************************
  *                                         *
  *        W E L C O M E  to  R O O T       *
  *                                         *
  *   Version   5.34/38     12 March 2018   *
  *                                         *
  *  You are welcome to visit our Web site  *
  *          http://root.cern.ch            *
  *                                         *
  *******************************************

ROOT 5.34/38 (v5-34-38@v5-34-38, Mar 12 2018, 15:49:39 on linux)

CINT/ROOT C/C++ Interpreter version 5.18.00, July 2, 2010
Type ? for help. Commands must be C++ statements.
Enclose multiple statements between { }.
*** Float Point Exception is OFF ***
 *** Start at Date : Thu Jun  2 11:32:34 2022
QAInfo:You are using STAR_LEVEL : dev, ROOT_LEVEL : 5.34.38 and node : rcrs6059.rcf.bnl.gov 

Processing check_S.C++("/tmp/maxwoo/21EF1A6A9139C9FD2A38E59AFB466F9A_488/INPUTFILES/21EF1A6A9139C9FD2A38E59AFB466F9A_488.local.list","21EF1A6A9139C9FD2A38E59AFB466F9A_488",1)...
/tmp/maxwoo/21EF1A6A9139C9FD2A38E59AFB466F9A_488/INPUTFILES/data_212299601.root 
/tmp/maxwoo/21EF1A6A9139C9FD2A38E59AFB466F9A_488/INPUTFILES/data_212299691.root 
/tmp/maxwoo/21EF1A6A9139C9FD2A38E59AFB466F9A_488/INPUTFILES/data_212299801.root 
/tmp/maxwoo/21EF1A6A9139C9FD2A38E59AFB466F9A_488/INPUTFILES/data_212399301.root 
/tmp/maxwoo/21EF1A6A9139C9FD2A38E59AFB466F9A_488/INPUTFILES/data_212399331.root 
/tmp/maxwoo/21EF1A6A9139C9FD2A38E59AFB466F9A_488/INPUTFILES/data_212399341.root 
/tmp/maxwoo/21EF1A6A9139C9FD2A38E59AFB466F9A_488/INPUTFILES/data_212399461.root 
/tmp/maxwoo/21EF1A6A9139C9FD2A38E59AFB466F9A_488/INPUTFILES/data_212399471.root 
/tmp/maxwoo/21EF1A6A9139C9FD2A38E59AFB466F9A_488/INPUTFILES/data_212399501.root 
/tmp/maxwoo/21EF1A6A9139C9FD2A38E59AFB466F9A_488/INPUTFILES/data_212399701.root 
/tmp/maxwoo/21EF1A6A9139C9FD2A38E59AFB466F9A_488/INPUTFILES/data_212421931.root 
/tmp/maxwoo/21EF1A6A9139C9FD2A38E59AFB466F9A_488/INPUTFILES/data_212499181.root 
/tmp/maxwoo/21EF1A6A9139C9FD2A38E59AFB466F9A_488/INPUTFILES/data_212499191.root 
/tmp/maxwoo/21EF1A6A9139C9FD2A38E59AFB466F9A_488/INPUTFILES/data_212499271.root 
/tmp/maxwoo/21EF1A6A9139C9FD2A38E59AFB466F9A_488/INPUTFILES/data_212499321.root 
/tmp/maxwoo/21EF1A6A9139C9FD2A38E59AFB466F9A_488/INPUTFILES/data_212499361.root 
/tmp/maxwoo/21EF1A6A9139C9FD2A38E59AFB466F9A_488/INPUTFILES/data_212499411.root 
/tmp/maxwoo/21EF1A6A9139C9FD2A38E59AFB466F9A_488/INPUTFILES/data_212499421.root 
/tmp/maxwoo/21EF1A6A9139C9FD2A38E59AFB466F9A_488/INPUTFILES/data_212499431.root 
/tmp/maxwoo/21EF1A6A9139C9FD2A38E59AFB466F9A_488/INPUTFILES/data_212499441.root 
/tmp/maxwoo/21EF1A6A9139C9FD2A38E59AFB466F9A_488/INPUTFILES/data_212499451.root 
/tmp/maxwoo/21EF1A6A9139C9FD2A38E59AFB466F9A_488/INPUTFILES/data_212499531.root 
/tmp/maxwoo/21EF1A6A9139C9FD2A38E59AFB466F9A_488/INPUTFILES/data_212499631.root 
/tmp/maxwoo/21EF1A6A9139C9FD2A38E59AFB466F9A_488/INPUTFILES/data_212499741.root 
/tmp/maxwoo/21EF1A6A9139C9FD2A38E59AFB466F9A_488/INPUTFILES/data_212521561.root 
/tmp/maxwoo/21EF1A6A9139C9FD2A38E59AFB466F9A_488/INPUTFILES/data_212521571.root 
/tmp/maxwoo/21EF1A6A9139C9FD2A38E59AFB466F9A_488/INPUTFILES/data_212599021.root 
/tmp/maxwoo/21EF1A6A9139C9FD2A38E59AFB466F9A_488/INPUTFILES/data_212599041.root 
/tmp/maxwoo/21EF1A6A9139C9FD2A38E59AFB466F9A_488/INPUTFILES/data_212599071.root 
/tmp/maxwoo/21EF1A6A9139C9FD2A38E59AFB466F9A_488/INPUTFILES/data_212599091.root 
/tmp/maxwoo/21EF1A6A9139C9FD2A38E59AFB466F9A_488/INPUTFILES/data_212599111.root 
/tmp/maxwoo/21EF1A6A9139C9FD2A38E59AFB466F9A_488/INPUTFILES/data_212599121.root 
/tmp/maxwoo/21EF1A6A9139C9FD2A38E59AFB466F9A_488/INPUTFILES/data_212599151.root 
/tmp/maxwoo/21EF1A6A9139C9FD2A38E59AFB466F9A_488/INPUTFILES/data_212599171.root 
/tmp/maxwoo/21EF1A6A9139C9FD2A38E59AFB466F9A_488/INPUTFILES/data_212599201.root 
/tmp/maxwoo/21EF1A6A9139C9FD2A38E59AFB466F9A_488/INPUTFILES/data_212599221.root 
/tmp/maxwoo/21EF1A6A9139C9FD2A38E59AFB466F9A_488/INPUTFILES/data_212599231.root 
Added 37 files
# entries in chain: 36445
Processing entry == 1000 == out of 36445.
Processing entry == 2000 == out of 36445.
Processing entry == 3000 == out of 36445.
Processing entry == 4000 == out of 36445.
Processing entry == 5000 == out of 36445.
Processing entry == 6000 == out of 36445.
Processing entry == 7000 == out of 36445.
Processing entry == 8000 == out of 36445.
Processing entry == 9000 == out of 36445.
Processing entry == 10000 == out of 36445.
Processing entry == 11000 == out of 36445.
Processing entry == 12000 == out of 36445.
Processing entry == 13000 == out of 36445.
Processing entry == 14000 == out of 36445.
Processing entry == 15000 == out of 36445.
Processing entry == 16000 == out of 36445.
Processing entry == 17000 == out of 36445.
Processing entry == 18000 == out of 36445.
Processing entry == 19000 == out of 36445.
Processing entry == 20000 == out of 36445.
Processing entry == 21000 == out of 36445.
Processing entry == 22000 == out of 36445.
Processing entry == 23000 == out of 36445.
Processing entry == 24000 == out of 36445.
Processing entry == 25000 == out of 36445.
Processing entry == 26000 == out of 36445.
Processing entry == 27000 == out of 36445.
Processing entry == 28000 == out of 36445.
Processing entry == 29000 == out of 36445.
Processing entry == 30000 == out of 36445.
Processing entry == 31000 == out of 36445.
Processing entry == 32000 == out of 36445.
Processing entry == 33000 == out of 36445.
Processing entry == 34000 == out of 36445.
Processing entry == 35000 == out of 36445.
Processing entry == 36000 == out of 36445.

This is the end of ROOT -- Goodbye

Cleaning up sandbox file:  /tmp/maxwoo/21EF1A6A9139C9FD2A38E59AFB466F9A_488/check_S.C
Cleaning up sandbox file:  /tmp/maxwoo/21EF1A6A9139C9FD2A38E59AFB466F9A_488/Check_Sness.C
Cleaning up sandbox file:  /tmp/maxwoo/21EF1A6A9139C9FD2A38E59AFB466F9A_488/lib
Cleaning up sandbox file:  /tmp/maxwoo/21EF1A6A9139C9FD2A38E59AFB466F9A_488/.sandboxFiles
Starting copy block
Running copy command:  /bin/cp -fp /tmp/maxwoo/21EF1A6A9139C9FD2A38E59AFB466F9A_488/out_21EF1A6A9139C9FD2A38E59AFB466F9A_488.root /star/data01/pwg/xiatong/git/strangeness/data/
8568 Execution of (/star/data01/pwg/xiatong/git/strangeness/script/sched21EF1A6A9139C9FD2A38E59AFB466F9A_488.csh ) has ended, exiting normally
8568 We END on [Thu Jun  2 11:52:35 EDT 2022]
