We are starting on node: spool0813.sdcc.bnl.gov
HOME is not defined
Using getent method
HOME is now /star/u/maxwoo
181271 We will spawn ourselves (/star/data01/pwg/xiatong/git/strangeness/script/sched21EF1A6A9139C9FD2A38E59AFB466F9A_872.csh )
181271 We BEGIN on [Thu Jun  2 11:24:48 EDT 2022]
[1] 181631
181271 We are waiting for 181631 
181271 Grandchild PID is 182037 - found in 10 x 1 seconds
181271 Establishing first watcher   on    Thu Jun  2 11:24:59 EDT 2022
181271 Process tree is 181271 (main) -> 181631 (child) -> 182037 (grandchild)
F S   UID    PID   PPID  C PRI  NI ADDR SZ WCHAN  TTY        TIME CMD
0 D 100667 182037 181631  0 80   0 - 32311 cxiWai ?          0:00 cp /star/data01/pwg/xiatong/AMPT/14GeV/data_303731151.root /tmp/maxwoo/21EF1A6A9139C9FD2A38E59AFB466F9A_872/INPUTFILES/data_303731151.root
181271 Grandchild PID is 188002 - found in 30 x 2 seconds
181271 Grandchild to watch has changed on Thu Jun  2 11:25:41 EDT 2022
181271 Process tree is 181271 (main) -> 181631 (child) -> 188002 (grandchild)
F S   UID    PID   PPID  C PRI  NI ADDR SZ WCHAN  TTY        TIME CMD
0 D 100667 188002 181631  0 80   0 - 32311 cxiWai ?          0:00 cp /star/data01/pwg/xiatong/AMPT/14GeV/data_303731181.root /tmp/maxwoo/21EF1A6A9139C9FD2A38E59AFB466F9A_872/INPUTFILES/data_303731181.root
181271 Grandchild PID is 193217 - found in 40 x 2 seconds
181271 Grandchild to watch has changed on Thu Jun  2 11:26:02 EDT 2022
181271 Process tree is 181271 (main) -> 181631 (child) -> 193217 (grandchild)
F S   UID    PID   PPID  C PRI  NI ADDR SZ WCHAN  TTY        TIME CMD
0 D 100667 193217 181631  0 80   0 - 32311 cxiWai ?          0:00 cp /star/data01/pwg/xiatong/AMPT/14GeV/data_303731241.root /tmp/maxwoo/21EF1A6A9139C9FD2A38E59AFB466F9A_872/INPUTFILES/data_303731241.root
181271 Grandchild PID is 196149 - found in 50 x 2 seconds
181271 Grandchild to watch has changed on Thu Jun  2 11:26:23 EDT 2022
181271 Process tree is 181271 (main) -> 181631 (child) -> 196149 (grandchild)
F S   UID    PID   PPID  C PRI  NI ADDR SZ WCHAN  TTY        TIME CMD
0 D 100667 196149 181631  0 80   0 - 32311 cxiWai ?          0:00 cp /star/data01/pwg/xiatong/AMPT/14GeV/data_303763281.root /tmp/maxwoo/21EF1A6A9139C9FD2A38E59AFB466F9A_872/INPUTFILES/data_303763281.root
181271 Grandchild PID is 198596 - found in 60 x 2 seconds
181271 Grandchild to watch has changed on Thu Jun  2 11:26:44 EDT 2022
181271 Process tree is 181271 (main) -> 181631 (child) -> 198596 (grandchild)
F S   UID    PID   PPID  C PRI  NI ADDR SZ WCHAN  TTY        TIME CMD
0 D 100667 198596 181631  0 80   0 - 32311 cxiWai ?          0:00 cp /star/data01/pwg/xiatong/AMPT/14GeV/data_303763551.root /tmp/maxwoo/21EF1A6A9139C9FD2A38E59AFB466F9A_872/INPUTFILES/data_303763551.root
181271 Grandchild PID is 201644 - found in 70 x 2 seconds
181271 Grandchild to watch has changed on Thu Jun  2 11:27:05 EDT 2022
181271 Process tree is 181271 (main) -> 181631 (child) -> 201644 (grandchild)
F S   UID    PID   PPID  C PRI  NI ADDR SZ WCHAN  TTY        TIME CMD
0 D 100667 201644 181631  0 80   0 - 32311 cxiWai ?          0:00 cp /star/data01/pwg/xiatong/AMPT/14GeV/data_303763611.root /tmp/maxwoo/21EF1A6A9139C9FD2A38E59AFB466F9A_872/INPUTFILES/data_303763611.root
181271 Grandchild PID is 207154 - found in 80 x 2 seconds
181271 Grandchild to watch has changed on Thu Jun  2 11:27:26 EDT 2022
181271 Process tree is 181271 (main) -> 181631 (child) -> 207154 (grandchild)
F S   UID    PID   PPID  C PRI  NI ADDR SZ WCHAN  TTY        TIME CMD
0 D 100667 207154 181631  0 80   0 - 32311 cxiWai ?          0:00 cp /star/data01/pwg/xiatong/AMPT/14GeV/data_303830621.root /tmp/maxwoo/21EF1A6A9139C9FD2A38E59AFB466F9A_872/INPUTFILES/data_303830621.root
181271 Grandchild PID is 212581 - found in 90 x 2 seconds
181271 Grandchild to watch has changed on Thu Jun  2 11:27:47 EDT 2022
181271 Process tree is 181271 (main) -> 181631 (child) -> 212581 (grandchild)
F S   UID    PID   PPID  C PRI  NI ADDR SZ WCHAN  TTY        TIME CMD
0 D 100667 212581 181631  0 80   0 - 32311 cxiWai ?          0:00 cp /star/data01/pwg/xiatong/AMPT/14GeV/data_303830671.root /tmp/maxwoo/21EF1A6A9139C9FD2A38E59AFB466F9A_872/INPUTFILES/data_303830671.root
181271 Grandchild PID is 214605 - found in 100 x 2 seconds
181271 Grandchild to watch has changed on Thu Jun  2 11:28:08 EDT 2022
181271 Process tree is 181271 (main) -> 181631 (child) -> 214605 (grandchild)
F S   UID    PID   PPID  C PRI  NI ADDR SZ WCHAN  TTY        TIME CMD
0 D 100667 214605 181631  0 80   0 - 32311 cxiWai ?          0:00 cp /star/data01/pwg/xiatong/AMPT/14GeV/data_303830691.root /tmp/maxwoo/21EF1A6A9139C9FD2A38E59AFB466F9A_872/INPUTFILES/data_303830691.root
181271 Grandchild PID is 218230 - found in 110 x 2 seconds
181271 Grandchild to watch has changed on Thu Jun  2 11:28:29 EDT 2022
181271 Process tree is 181271 (main) -> 181631 (child) -> 218230 (grandchild)
F S   UID    PID   PPID  C PRI  NI ADDR SZ WCHAN  TTY        TIME CMD
0 S 100667 218230 181631  0 80   0 -  1272 do_wai ?          0:00 root -b -q check_S.C++("/tmp/maxwoo/21EF1A6A9139C9FD2A38E59AFB466F9A_872/INPUTFILES/21EF1A6A9139C9FD2A38E59AFB466F9A_872.local.list","21EF1A6A9139C9FD2A38E59AFB466F9A_872",1)
181631 Stepping into the main SUMS wrapper program with []
.... building sandbox
Running: cp /star/data01/pwg/xiatong/AMPT/14GeV/data_303731061.root /tmp/maxwoo/21EF1A6A9139C9FD2A38E59AFB466F9A_872/INPUTFILES/data_303731061.root
Running: cp /star/data01/pwg/xiatong/AMPT/14GeV/data_303731071.root /tmp/maxwoo/21EF1A6A9139C9FD2A38E59AFB466F9A_872/INPUTFILES/data_303731071.root
Running: cp /star/data01/pwg/xiatong/AMPT/14GeV/data_303731081.root /tmp/maxwoo/21EF1A6A9139C9FD2A38E59AFB466F9A_872/INPUTFILES/data_303731081.root
Running: cp /star/data01/pwg/xiatong/AMPT/14GeV/data_303731111.root /tmp/maxwoo/21EF1A6A9139C9FD2A38E59AFB466F9A_872/INPUTFILES/data_303731111.root
Running: cp /star/data01/pwg/xiatong/AMPT/14GeV/data_303731121.root /tmp/maxwoo/21EF1A6A9139C9FD2A38E59AFB466F9A_872/INPUTFILES/data_303731121.root
Running: cp /star/data01/pwg/xiatong/AMPT/14GeV/data_303731141.root /tmp/maxwoo/21EF1A6A9139C9FD2A38E59AFB466F9A_872/INPUTFILES/data_303731141.root
Running: cp /star/data01/pwg/xiatong/AMPT/14GeV/data_303731151.root /tmp/maxwoo/21EF1A6A9139C9FD2A38E59AFB466F9A_872/INPUTFILES/data_303731151.root
Running: cp /star/data01/pwg/xiatong/AMPT/14GeV/data_303731161.root /tmp/maxwoo/21EF1A6A9139C9FD2A38E59AFB466F9A_872/INPUTFILES/data_303731161.root
Running: cp /star/data01/pwg/xiatong/AMPT/14GeV/data_303731181.root /tmp/maxwoo/21EF1A6A9139C9FD2A38E59AFB466F9A_872/INPUTFILES/data_303731181.root
Running: cp /star/data01/pwg/xiatong/AMPT/14GeV/data_303731221.root /tmp/maxwoo/21EF1A6A9139C9FD2A38E59AFB466F9A_872/INPUTFILES/data_303731221.root
Running: cp /star/data01/pwg/xiatong/AMPT/14GeV/data_303731231.root /tmp/maxwoo/21EF1A6A9139C9FD2A38E59AFB466F9A_872/INPUTFILES/data_303731231.root
Running: cp /star/data01/pwg/xiatong/AMPT/14GeV/data_303731241.root /tmp/maxwoo/21EF1A6A9139C9FD2A38E59AFB466F9A_872/INPUTFILES/data_303731241.root
Running: cp /star/data01/pwg/xiatong/AMPT/14GeV/data_303731281.root /tmp/maxwoo/21EF1A6A9139C9FD2A38E59AFB466F9A_872/INPUTFILES/data_303731281.root
Running: cp /star/data01/pwg/xiatong/AMPT/14GeV/data_303731331.root /tmp/maxwoo/21EF1A6A9139C9FD2A38E59AFB466F9A_872/INPUTFILES/data_303731331.root
Running: cp /star/data01/pwg/xiatong/AMPT/14GeV/data_303731761.root /tmp/maxwoo/21EF1A6A9139C9FD2A38E59AFB466F9A_872/INPUTFILES/data_303731761.root
Running: cp /star/data01/pwg/xiatong/AMPT/14GeV/data_303763241.root /tmp/maxwoo/21EF1A6A9139C9FD2A38E59AFB466F9A_872/INPUTFILES/data_303763241.root
Running: cp /star/data01/pwg/xiatong/AMPT/14GeV/data_303763251.root /tmp/maxwoo/21EF1A6A9139C9FD2A38E59AFB466F9A_872/INPUTFILES/data_303763251.root
Running: cp /star/data01/pwg/xiatong/AMPT/14GeV/data_303763261.root /tmp/maxwoo/21EF1A6A9139C9FD2A38E59AFB466F9A_872/INPUTFILES/data_303763261.root
Running: cp /star/data01/pwg/xiatong/AMPT/14GeV/data_303763281.root /tmp/maxwoo/21EF1A6A9139C9FD2A38E59AFB466F9A_872/INPUTFILES/data_303763281.root
Running: cp /star/data01/pwg/xiatong/AMPT/14GeV/data_303763301.root /tmp/maxwoo/21EF1A6A9139C9FD2A38E59AFB466F9A_872/INPUTFILES/data_303763301.root
Running: cp /star/data01/pwg/xiatong/AMPT/14GeV/data_303763341.root /tmp/maxwoo/21EF1A6A9139C9FD2A38E59AFB466F9A_872/INPUTFILES/data_303763341.root
Running: cp /star/data01/pwg/xiatong/AMPT/14GeV/data_303763381.root /tmp/maxwoo/21EF1A6A9139C9FD2A38E59AFB466F9A_872/INPUTFILES/data_303763381.root
Running: cp /star/data01/pwg/xiatong/AMPT/14GeV/data_303763391.root /tmp/maxwoo/21EF1A6A9139C9FD2A38E59AFB466F9A_872/INPUTFILES/data_303763391.root
Running: cp /star/data01/pwg/xiatong/AMPT/14GeV/data_303763551.root /tmp/maxwoo/21EF1A6A9139C9FD2A38E59AFB466F9A_872/INPUTFILES/data_303763551.root
Running: cp /star/data01/pwg/xiatong/AMPT/14GeV/data_303763561.root /tmp/maxwoo/21EF1A6A9139C9FD2A38E59AFB466F9A_872/INPUTFILES/data_303763561.root
Running: cp /star/data01/pwg/xiatong/AMPT/14GeV/data_303763571.root /tmp/maxwoo/21EF1A6A9139C9FD2A38E59AFB466F9A_872/INPUTFILES/data_303763571.root
Running: cp /star/data01/pwg/xiatong/AMPT/14GeV/data_303763611.root /tmp/maxwoo/21EF1A6A9139C9FD2A38E59AFB466F9A_872/INPUTFILES/data_303763611.root
Running: cp /star/data01/pwg/xiatong/AMPT/14GeV/data_303763691.root /tmp/maxwoo/21EF1A6A9139C9FD2A38E59AFB466F9A_872/INPUTFILES/data_303763691.root
Running: cp /star/data01/pwg/xiatong/AMPT/14GeV/data_303830481.root /tmp/maxwoo/21EF1A6A9139C9FD2A38E59AFB466F9A_872/INPUTFILES/data_303830481.root
Running: cp /star/data01/pwg/xiatong/AMPT/14GeV/data_303830521.root /tmp/maxwoo/21EF1A6A9139C9FD2A38E59AFB466F9A_872/INPUTFILES/data_303830521.root
Running: cp /star/data01/pwg/xiatong/AMPT/14GeV/data_303830581.root /tmp/maxwoo/21EF1A6A9139C9FD2A38E59AFB466F9A_872/INPUTFILES/data_303830581.root
Running: cp /star/data01/pwg/xiatong/AMPT/14GeV/data_303830621.root /tmp/maxwoo/21EF1A6A9139C9FD2A38E59AFB466F9A_872/INPUTFILES/data_303830621.root
Running: cp /star/data01/pwg/xiatong/AMPT/14GeV/data_303830631.root /tmp/maxwoo/21EF1A6A9139C9FD2A38E59AFB466F9A_872/INPUTFILES/data_303830631.root
Running: cp /star/data01/pwg/xiatong/AMPT/14GeV/data_303830641.root /tmp/maxwoo/21EF1A6A9139C9FD2A38E59AFB466F9A_872/INPUTFILES/data_303830641.root
Running: cp /star/data01/pwg/xiatong/AMPT/14GeV/data_303830671.root /tmp/maxwoo/21EF1A6A9139C9FD2A38E59AFB466F9A_872/INPUTFILES/data_303830671.root
Running: cp /star/data01/pwg/xiatong/AMPT/14GeV/data_303830691.root /tmp/maxwoo/21EF1A6A9139C9FD2A38E59AFB466F9A_872/INPUTFILES/data_303830691.root
Running: cp /star/data01/pwg/xiatong/AMPT/14GeV/data_303830701.root /tmp/maxwoo/21EF1A6A9139C9FD2A38E59AFB466F9A_872/INPUTFILES/data_303830701.root
Swapping $FILELIST with: /tmp/maxwoo/21EF1A6A9139C9FD2A38E59AFB466F9A_872/INPUTFILES/21EF1A6A9139C9FD2A38E59AFB466F9A_872.local.list
+++++++++++local copy debug++++++++++++++++++++
newFileList: /tmp/maxwoo/21EF1A6A9139C9FD2A38E59AFB466F9A_872/INPUTFILES/21EF1A6A9139C9FD2A38E59AFB466F9A_872.local.list
++++++++++++++++cat FILELIST+++++++++++++++++++
/tmp/maxwoo/21EF1A6A9139C9FD2A38E59AFB466F9A_872/INPUTFILES/data_303731061.root 
/tmp/maxwoo/21EF1A6A9139C9FD2A38E59AFB466F9A_872/INPUTFILES/data_303731071.root 
/tmp/maxwoo/21EF1A6A9139C9FD2A38E59AFB466F9A_872/INPUTFILES/data_303731081.root 
/tmp/maxwoo/21EF1A6A9139C9FD2A38E59AFB466F9A_872/INPUTFILES/data_303731111.root 
/tmp/maxwoo/21EF1A6A9139C9FD2A38E59AFB466F9A_872/INPUTFILES/data_303731121.root 
/tmp/maxwoo/21EF1A6A9139C9FD2A38E59AFB466F9A_872/INPUTFILES/data_303731141.root 
/tmp/maxwoo/21EF1A6A9139C9FD2A38E59AFB466F9A_872/INPUTFILES/data_303731151.root 
/tmp/maxwoo/21EF1A6A9139C9FD2A38E59AFB466F9A_872/INPUTFILES/data_303731161.root 
/tmp/maxwoo/21EF1A6A9139C9FD2A38E59AFB466F9A_872/INPUTFILES/data_303731181.root 
/tmp/maxwoo/21EF1A6A9139C9FD2A38E59AFB466F9A_872/INPUTFILES/data_303731221.root 
/tmp/maxwoo/21EF1A6A9139C9FD2A38E59AFB466F9A_872/INPUTFILES/data_303731231.root 
/tmp/maxwoo/21EF1A6A9139C9FD2A38E59AFB466F9A_872/INPUTFILES/data_303731241.root 
/tmp/maxwoo/21EF1A6A9139C9FD2A38E59AFB466F9A_872/INPUTFILES/data_303731281.root 
/tmp/maxwoo/21EF1A6A9139C9FD2A38E59AFB466F9A_872/INPUTFILES/data_303731331.root 
/tmp/maxwoo/21EF1A6A9139C9FD2A38E59AFB466F9A_872/INPUTFILES/data_303731761.root 
/tmp/maxwoo/21EF1A6A9139C9FD2A38E59AFB466F9A_872/INPUTFILES/data_303763241.root 
/tmp/maxwoo/21EF1A6A9139C9FD2A38E59AFB466F9A_872/INPUTFILES/data_303763251.root 
/tmp/maxwoo/21EF1A6A9139C9FD2A38E59AFB466F9A_872/INPUTFILES/data_303763261.root 
/tmp/maxwoo/21EF1A6A9139C9FD2A38E59AFB466F9A_872/INPUTFILES/data_303763281.root 
/tmp/maxwoo/21EF1A6A9139C9FD2A38E59AFB466F9A_872/INPUTFILES/data_303763301.root 
/tmp/maxwoo/21EF1A6A9139C9FD2A38E59AFB466F9A_872/INPUTFILES/data_303763341.root 
/tmp/maxwoo/21EF1A6A9139C9FD2A38E59AFB466F9A_872/INPUTFILES/data_303763381.root 
/tmp/maxwoo/21EF1A6A9139C9FD2A38E59AFB466F9A_872/INPUTFILES/data_303763391.root 
/tmp/maxwoo/21EF1A6A9139C9FD2A38E59AFB466F9A_872/INPUTFILES/data_303763551.root 
/tmp/maxwoo/21EF1A6A9139C9FD2A38E59AFB466F9A_872/INPUTFILES/data_303763561.root 
/tmp/maxwoo/21EF1A6A9139C9FD2A38E59AFB466F9A_872/INPUTFILES/data_303763571.root 
/tmp/maxwoo/21EF1A6A9139C9FD2A38E59AFB466F9A_872/INPUTFILES/data_303763611.root 
/tmp/maxwoo/21EF1A6A9139C9FD2A38E59AFB466F9A_872/INPUTFILES/data_303763691.root 
/tmp/maxwoo/21EF1A6A9139C9FD2A38E59AFB466F9A_872/INPUTFILES/data_303830481.root 
/tmp/maxwoo/21EF1A6A9139C9FD2A38E59AFB466F9A_872/INPUTFILES/data_303830521.root 
/tmp/maxwoo/21EF1A6A9139C9FD2A38E59AFB466F9A_872/INPUTFILES/data_303830581.root 
/tmp/maxwoo/21EF1A6A9139C9FD2A38E59AFB466F9A_872/INPUTFILES/data_303830621.root 
/tmp/maxwoo/21EF1A6A9139C9FD2A38E59AFB466F9A_872/INPUTFILES/data_303830631.root 
/tmp/maxwoo/21EF1A6A9139C9FD2A38E59AFB466F9A_872/INPUTFILES/data_303830641.root 
/tmp/maxwoo/21EF1A6A9139C9FD2A38E59AFB466F9A_872/INPUTFILES/data_303830671.root 
/tmp/maxwoo/21EF1A6A9139C9FD2A38E59AFB466F9A_872/INPUTFILES/data_303830691.root 
/tmp/maxwoo/21EF1A6A9139C9FD2A38E59AFB466F9A_872/INPUTFILES/data_303830701.root 
++++++++++++++++++++find.++++++++++++++++++++++
.
./check_S.C
./lib
./lib/my_particle_cpp.so
./lib/MixedBuffer_cpp.d
./lib/my_particle.h
./lib/CenMaker_cpp.so
./lib/MixedBuffer_cpp_ACLiC_dict_rdict.pcm
./lib/my_particle_cpp.d
./lib/NpartNormalizer_cpp.so
./lib/CenMaker_cpp_ACLiC_dict_rdict.pcm
./lib/my_event_cpp.so
./lib/my_particle.cpp
./lib/NpartNormalizer.h
./lib/MixedBuffer.h
./lib/NpartNormalizer.cpp
./lib/MixedBuffer.cpp
./lib/my_particle_cpp_ACLiC_dict_rdict.pcm
./lib/my_event_cpp.d
./lib/CenMaker.h
./lib/my_event.cpp
./lib/CenMaker.cpp
./lib/MixedBuffer_cpp.so
./lib/NpartNormalizer_cpp.d
./lib/NpartNormalizer_cpp_ACLiC_dict_rdict.pcm
./lib/CenMaker_cpp.d
./lib/my_event_cpp_ACLiC_dict_rdict.pcm
./lib/my_event.h
./.sandboxFiles
./.errror.log
./Check_Sness.C
./.output.log
./INPUTFILES
./INPUTFILES/data_303830621.root
./INPUTFILES/data_303763611.root
./INPUTFILES/data_303731151.root
./INPUTFILES/data_303731181.root
./INPUTFILES/data_303763261.root
./INPUTFILES/data_303830701.root
./INPUTFILES/data_303731221.root
./INPUTFILES/data_303830521.root
./INPUTFILES/data_303731061.root
./INPUTFILES/data_303830631.root
./INPUTFILES/data_303731111.root
./INPUTFILES/data_303830691.root
./INPUTFILES/data_303731161.root
./INPUTFILES/data_303830671.root
./INPUTFILES/data_303763551.root
./INPUTFILES/data_303731071.root
./INPUTFILES/data_303763341.root
./INPUTFILES/data_303763251.root
./INPUTFILES/data_303763381.root
./INPUTFILES/21EF1A6A9139C9FD2A38E59AFB466F9A_872.local.list
./INPUTFILES/data_303763691.root
./INPUTFILES/data_303830481.root
./INPUTFILES/data_303731231.root
./INPUTFILES/data_303763241.root
./INPUTFILES/data_303731141.root
./INPUTFILES/data_303763281.root
./INPUTFILES/data_303763561.root
./INPUTFILES/data_303731761.root
./INPUTFILES/data_303763301.root
./INPUTFILES/data_303731281.root
./INPUTFILES/data_303731081.root
./INPUTFILES/data_303830641.root
./INPUTFILES/data_303830581.root
./INPUTFILES/data_303731331.root
./INPUTFILES/data_303763571.root
./INPUTFILES/data_303763391.root
./INPUTFILES/data_303731241.root
./INPUTFILES/data_303731121.root
++++++++++++++++INPUTFILE Var++++++++++++++++++
FILELIST=/tmp/maxwoo/21EF1A6A9139C9FD2A38E59AFB466F9A_872/INPUTFILES/21EF1A6A9139C9FD2A38E59AFB466F9A_872.local.list
INPUTFILECOUNT=37
INPUTFILE0=/tmp/maxwoo/21EF1A6A9139C9FD2A38E59AFB466F9A_872/INPUTFILES/data_303731061.root
INPUTFILE1=/tmp/maxwoo/21EF1A6A9139C9FD2A38E59AFB466F9A_872/INPUTFILES/data_303731071.root
INPUTFILE2=/tmp/maxwoo/21EF1A6A9139C9FD2A38E59AFB466F9A_872/INPUTFILES/data_303731081.root
INPUTFILE3=/tmp/maxwoo/21EF1A6A9139C9FD2A38E59AFB466F9A_872/INPUTFILES/data_303731111.root
INPUTFILE4=/tmp/maxwoo/21EF1A6A9139C9FD2A38E59AFB466F9A_872/INPUTFILES/data_303731121.root
INPUTFILE5=/tmp/maxwoo/21EF1A6A9139C9FD2A38E59AFB466F9A_872/INPUTFILES/data_303731141.root
INPUTFILE6=/tmp/maxwoo/21EF1A6A9139C9FD2A38E59AFB466F9A_872/INPUTFILES/data_303731151.root
INPUTFILE7=/tmp/maxwoo/21EF1A6A9139C9FD2A38E59AFB466F9A_872/INPUTFILES/data_303731161.root
INPUTFILE8=/tmp/maxwoo/21EF1A6A9139C9FD2A38E59AFB466F9A_872/INPUTFILES/data_303731181.root
INPUTFILE9=/tmp/maxwoo/21EF1A6A9139C9FD2A38E59AFB466F9A_872/INPUTFILES/data_303731221.root
INPUTFILE10=/tmp/maxwoo/21EF1A6A9139C9FD2A38E59AFB466F9A_872/INPUTFILES/data_303731231.root
INPUTFILE11=/tmp/maxwoo/21EF1A6A9139C9FD2A38E59AFB466F9A_872/INPUTFILES/data_303731241.root
INPUTFILE12=/tmp/maxwoo/21EF1A6A9139C9FD2A38E59AFB466F9A_872/INPUTFILES/data_303731281.root
INPUTFILE13=/tmp/maxwoo/21EF1A6A9139C9FD2A38E59AFB466F9A_872/INPUTFILES/data_303731331.root
INPUTFILE14=/tmp/maxwoo/21EF1A6A9139C9FD2A38E59AFB466F9A_872/INPUTFILES/data_303731761.root
INPUTFILE15=/tmp/maxwoo/21EF1A6A9139C9FD2A38E59AFB466F9A_872/INPUTFILES/data_303763241.root
INPUTFILE16=/tmp/maxwoo/21EF1A6A9139C9FD2A38E59AFB466F9A_872/INPUTFILES/data_303763251.root
INPUTFILE17=/tmp/maxwoo/21EF1A6A9139C9FD2A38E59AFB466F9A_872/INPUTFILES/data_303763261.root
INPUTFILE18=/tmp/maxwoo/21EF1A6A9139C9FD2A38E59AFB466F9A_872/INPUTFILES/data_303763281.root
INPUTFILE19=/tmp/maxwoo/21EF1A6A9139C9FD2A38E59AFB466F9A_872/INPUTFILES/data_303763301.root
INPUTFILE20=/tmp/maxwoo/21EF1A6A9139C9FD2A38E59AFB466F9A_872/INPUTFILES/data_303763341.root
INPUTFILE21=/tmp/maxwoo/21EF1A6A9139C9FD2A38E59AFB466F9A_872/INPUTFILES/data_303763381.root
INPUTFILE22=/tmp/maxwoo/21EF1A6A9139C9FD2A38E59AFB466F9A_872/INPUTFILES/data_303763391.root
INPUTFILE23=/tmp/maxwoo/21EF1A6A9139C9FD2A38E59AFB466F9A_872/INPUTFILES/data_303763551.root
INPUTFILE24=/tmp/maxwoo/21EF1A6A9139C9FD2A38E59AFB466F9A_872/INPUTFILES/data_303763561.root
INPUTFILE25=/tmp/maxwoo/21EF1A6A9139C9FD2A38E59AFB466F9A_872/INPUTFILES/data_303763571.root
INPUTFILE26=/tmp/maxwoo/21EF1A6A9139C9FD2A38E59AFB466F9A_872/INPUTFILES/data_303763611.root
INPUTFILE27=/tmp/maxwoo/21EF1A6A9139C9FD2A38E59AFB466F9A_872/INPUTFILES/data_303763691.root
INPUTFILE28=/tmp/maxwoo/21EF1A6A9139C9FD2A38E59AFB466F9A_872/INPUTFILES/data_303830481.root
INPUTFILE29=/tmp/maxwoo/21EF1A6A9139C9FD2A38E59AFB466F9A_872/INPUTFILES/data_303830521.root
INPUTFILE30=/tmp/maxwoo/21EF1A6A9139C9FD2A38E59AFB466F9A_872/INPUTFILES/data_303830581.root
INPUTFILE31=/tmp/maxwoo/21EF1A6A9139C9FD2A38E59AFB466F9A_872/INPUTFILES/data_303830621.root
INPUTFILE32=/tmp/maxwoo/21EF1A6A9139C9FD2A38E59AFB466F9A_872/INPUTFILES/data_303830631.root
INPUTFILE33=/tmp/maxwoo/21EF1A6A9139C9FD2A38E59AFB466F9A_872/INPUTFILES/data_303830641.root
INPUTFILE34=/tmp/maxwoo/21EF1A6A9139C9FD2A38E59AFB466F9A_872/INPUTFILES/data_303830671.root
INPUTFILE35=/tmp/maxwoo/21EF1A6A9139C9FD2A38E59AFB466F9A_872/INPUTFILES/data_303830691.root
INPUTFILE36=/tmp/maxwoo/21EF1A6A9139C9FD2A38E59AFB466F9A_872/INPUTFILES/data_303830701.root
LocalInputFileDir=/tmp/maxwoo/21EF1A6A9139C9FD2A38E59AFB466F9A_872/INPUTFILES
NewFILELIST=/tmp/maxwoo/21EF1A6A9139C9FD2A38E59AFB466F9A_872/INPUTFILES/21EF1A6A9139C9FD2A38E59AFB466F9A_872.local.list
+++++++++++++++++++++++++++++++++++++++++++++++
--------------------------------
Simple Unified Meta Scheduler 1.10.50 we are starting in $SCRATCH : /home/tmp/maxwoo/21EF1A6A9139C9FD2A38E59AFB466F9A_872
--------------------------------
total 16
lrwxrwxrwx 1 maxwoo rhstar   61 Jun  2 11:24 check_S.C -> /gpfs/mnt/gpfs01/star/pwg/xiatong/git/strangeness/./check_S.C
lrwxrwxrwx 1 maxwoo rhstar   65 Jun  2 11:24 Check_Sness.C -> /gpfs/mnt/gpfs01/star/pwg/xiatong/git/strangeness/./Check_Sness.C
drwxr-xr-x 2 maxwoo rhstar 4096 Jun  2 11:28 INPUTFILES
drwxr-xr-x 2 maxwoo rhstar 4096 Jun  2 11:24 lib
  *******************************************
  *                                         *
  *        W E L C O M E  to  R O O T       *
  *                                         *
  *   Version   5.34/38     12 March 2018   *
  *                                         *
  *  You are welcome to visit our Web site  *
  *          http://root.cern.ch            *
  *                                         *
  *******************************************

ROOT 5.34/38 (v5-34-38@v5-34-38, Mar 12 2018, 15:49:39 on linux)

CINT/ROOT C/C++ Interpreter version 5.18.00, July 2, 2010
Type ? for help. Commands must be C++ statements.
Enclose multiple statements between { }.
*** Float Point Exception is OFF ***
 *** Start at Date : Thu Jun  2 11:28:15 2022
QAInfo:You are using STAR_LEVEL : dev, ROOT_LEVEL : 5.34.38 and node : spool0813.sdcc.bnl.gov 

Processing check_S.C++("/tmp/maxwoo/21EF1A6A9139C9FD2A38E59AFB466F9A_872/INPUTFILES/21EF1A6A9139C9FD2A38E59AFB466F9A_872.local.list","21EF1A6A9139C9FD2A38E59AFB466F9A_872",1)...
/tmp/maxwoo/21EF1A6A9139C9FD2A38E59AFB466F9A_872/INPUTFILES/data_303731061.root 
/tmp/maxwoo/21EF1A6A9139C9FD2A38E59AFB466F9A_872/INPUTFILES/data_303731071.root 
/tmp/maxwoo/21EF1A6A9139C9FD2A38E59AFB466F9A_872/INPUTFILES/data_303731081.root 
/tmp/maxwoo/21EF1A6A9139C9FD2A38E59AFB466F9A_872/INPUTFILES/data_303731111.root 
/tmp/maxwoo/21EF1A6A9139C9FD2A38E59AFB466F9A_872/INPUTFILES/data_303731121.root 
/tmp/maxwoo/21EF1A6A9139C9FD2A38E59AFB466F9A_872/INPUTFILES/data_303731141.root 
/tmp/maxwoo/21EF1A6A9139C9FD2A38E59AFB466F9A_872/INPUTFILES/data_303731151.root 
/tmp/maxwoo/21EF1A6A9139C9FD2A38E59AFB466F9A_872/INPUTFILES/data_303731161.root 
/tmp/maxwoo/21EF1A6A9139C9FD2A38E59AFB466F9A_872/INPUTFILES/data_303731181.root 
/tmp/maxwoo/21EF1A6A9139C9FD2A38E59AFB466F9A_872/INPUTFILES/data_303731221.root 
/tmp/maxwoo/21EF1A6A9139C9FD2A38E59AFB466F9A_872/INPUTFILES/data_303731231.root 
/tmp/maxwoo/21EF1A6A9139C9FD2A38E59AFB466F9A_872/INPUTFILES/data_303731241.root 
/tmp/maxwoo/21EF1A6A9139C9FD2A38E59AFB466F9A_872/INPUTFILES/data_303731281.root 
/tmp/maxwoo/21EF1A6A9139C9FD2A38E59AFB466F9A_872/INPUTFILES/data_303731331.root 
/tmp/maxwoo/21EF1A6A9139C9FD2A38E59AFB466F9A_872/INPUTFILES/data_303731761.root 
/tmp/maxwoo/21EF1A6A9139C9FD2A38E59AFB466F9A_872/INPUTFILES/data_303763241.root 
/tmp/maxwoo/21EF1A6A9139C9FD2A38E59AFB466F9A_872/INPUTFILES/data_303763251.root 
/tmp/maxwoo/21EF1A6A9139C9FD2A38E59AFB466F9A_872/INPUTFILES/data_303763261.root 
/tmp/maxwoo/21EF1A6A9139C9FD2A38E59AFB466F9A_872/INPUTFILES/data_303763281.root 
/tmp/maxwoo/21EF1A6A9139C9FD2A38E59AFB466F9A_872/INPUTFILES/data_303763301.root 
/tmp/maxwoo/21EF1A6A9139C9FD2A38E59AFB466F9A_872/INPUTFILES/data_303763341.root 
/tmp/maxwoo/21EF1A6A9139C9FD2A38E59AFB466F9A_872/INPUTFILES/data_303763381.root 
/tmp/maxwoo/21EF1A6A9139C9FD2A38E59AFB466F9A_872/INPUTFILES/data_303763391.root 
/tmp/maxwoo/21EF1A6A9139C9FD2A38E59AFB466F9A_872/INPUTFILES/data_303763551.root 
/tmp/maxwoo/21EF1A6A9139C9FD2A38E59AFB466F9A_872/INPUTFILES/data_303763561.root 
/tmp/maxwoo/21EF1A6A9139C9FD2A38E59AFB466F9A_872/INPUTFILES/data_303763571.root 
/tmp/maxwoo/21EF1A6A9139C9FD2A38E59AFB466F9A_872/INPUTFILES/data_303763611.root 
/tmp/maxwoo/21EF1A6A9139C9FD2A38E59AFB466F9A_872/INPUTFILES/data_303763691.root 
/tmp/maxwoo/21EF1A6A9139C9FD2A38E59AFB466F9A_872/INPUTFILES/data_303830481.root 
/tmp/maxwoo/21EF1A6A9139C9FD2A38E59AFB466F9A_872/INPUTFILES/data_303830521.root 
/tmp/maxwoo/21EF1A6A9139C9FD2A38E59AFB466F9A_872/INPUTFILES/data_303830581.root 
/tmp/maxwoo/21EF1A6A9139C9FD2A38E59AFB466F9A_872/INPUTFILES/data_303830621.root 
/tmp/maxwoo/21EF1A6A9139C9FD2A38E59AFB466F9A_872/INPUTFILES/data_303830631.root 
/tmp/maxwoo/21EF1A6A9139C9FD2A38E59AFB466F9A_872/INPUTFILES/data_303830641.root 
/tmp/maxwoo/21EF1A6A9139C9FD2A38E59AFB466F9A_872/INPUTFILES/data_303830671.root 
/tmp/maxwoo/21EF1A6A9139C9FD2A38E59AFB466F9A_872/INPUTFILES/data_303830691.root 
/tmp/maxwoo/21EF1A6A9139C9FD2A38E59AFB466F9A_872/INPUTFILES/data_303830701.root 
Added 37 files
# entries in chain: 36000
Processing entry == 1000 == out of 36000.
Processing entry == 2000 == out of 36000.
Processing entry == 3000 == out of 36000.
Processing entry == 4000 == out of 36000.
Processing entry == 5000 == out of 36000.
Processing entry == 6000 == out of 36000.
Processing entry == 7000 == out of 36000.
Processing entry == 8000 == out of 36000.
Processing entry == 9000 == out of 36000.
Processing entry == 10000 == out of 36000.
Processing entry == 11000 == out of 36000.
Processing entry == 12000 == out of 36000.
Processing entry == 13000 == out of 36000.
Processing entry == 14000 == out of 36000.
Processing entry == 15000 == out of 36000.
Processing entry == 16000 == out of 36000.
Processing entry == 17000 == out of 36000.
Processing entry == 18000 == out of 36000.
Processing entry == 19000 == out of 36000.
Processing entry == 20000 == out of 36000.
Processing entry == 21000 == out of 36000.
Processing entry == 22000 == out of 36000.
Processing entry == 23000 == out of 36000.
Processing entry == 24000 == out of 36000.
Processing entry == 25000 == out of 36000.
Processing entry == 26000 == out of 36000.
Processing entry == 27000 == out of 36000.
Processing entry == 28000 == out of 36000.
Processing entry == 29000 == out of 36000.
Processing entry == 30000 == out of 36000.
Processing entry == 31000 == out of 36000.
Processing entry == 32000 == out of 36000.
Processing entry == 33000 == out of 36000.
Processing entry == 34000 == out of 36000.
Processing entry == 35000 == out of 36000.
Processing entry == 36000 == out of 36000.

This is the end of ROOT -- Goodbye

Cleaning up sandbox file:  /tmp/maxwoo/21EF1A6A9139C9FD2A38E59AFB466F9A_872/check_S.C
Cleaning up sandbox file:  /tmp/maxwoo/21EF1A6A9139C9FD2A38E59AFB466F9A_872/Check_Sness.C
Cleaning up sandbox file:  /tmp/maxwoo/21EF1A6A9139C9FD2A38E59AFB466F9A_872/lib
Cleaning up sandbox file:  /tmp/maxwoo/21EF1A6A9139C9FD2A38E59AFB466F9A_872/.sandboxFiles
Starting copy block
Running copy command:  /bin/cp -fp /tmp/maxwoo/21EF1A6A9139C9FD2A38E59AFB466F9A_872/out_21EF1A6A9139C9FD2A38E59AFB466F9A_872.root /star/data01/pwg/xiatong/git/strangeness/data/
181271 Execution of (/star/data01/pwg/xiatong/git/strangeness/script/sched21EF1A6A9139C9FD2A38E59AFB466F9A_872.csh ) has ended, exiting normally
181271 We END on [Thu Jun  2 11:49:31 EDT 2022]
