We are starting on node: rcas2772.rcf.bnl.gov
HOME is not defined
Using getent method
HOME is now /star/u/maxwoo
5419 We will spawn ourselves (/star/data01/pwg/xiatong/git/strangeness/script/sched21EF1A6A9139C9FD2A38E59AFB466F9A_717.csh )
5419 We BEGIN on [Thu Jun  2 11:26:49 EDT 2022]
[1] 5602
5419 We are waiting for 5602 
5419 Grandchild PID is 5613 - found in 0 x 1 seconds
5419 Establishing first watcher   on    Thu Jun  2 11:26:49 EDT 2022
5419 Process tree is 5419 (main) -> 5602 (child) -> 5613 (grandchild)
F S   UID   PID  PPID  C PRI  NI ADDR SZ WCHAN  TTY        TIME CMD
5419 Grandchild PID is 8481 - found in 10 x 2 seconds
5419 Grandchild to watch has changed on Thu Jun  2 11:27:17 EDT 2022
5419 Process tree is 5419 (main) -> 5602 (child) -> 8481 (grandchild)
F S   UID   PID  PPID  C PRI  NI ADDR SZ WCHAN  TTY        TIME CMD
0 D 100667 8481  5602  0  80   0 - 32311 cxiWai ?          0:00 cp /star/data01/pwg/xiatong/AMPT/14GeV/data_284199581.root /tmp/maxwoo/21EF1A6A9139C9FD2A38E59AFB466F9A_717/INPUTFILES/data_284199581.root
5419 Grandchild PID is 9218 - found in 20 x 2 seconds
5419 Grandchild to watch has changed on Thu Jun  2 11:27:38 EDT 2022
5419 Process tree is 5419 (main) -> 5602 (child) -> 9218 (grandchild)
F S   UID   PID  PPID  C PRI  NI ADDR SZ WCHAN  TTY        TIME CMD
0 D 100667 9218  5602  0  80   0 - 32311 cxiWai ?          0:00 cp /star/data01/pwg/xiatong/AMPT/14GeV/data_284199881.root /tmp/maxwoo/21EF1A6A9139C9FD2A38E59AFB466F9A_717/INPUTFILES/data_284199881.root
5419 Grandchild PID is 11537 - found in 30 x 2 seconds
5419 Grandchild to watch has changed on Thu Jun  2 11:27:58 EDT 2022
5419 Process tree is 5419 (main) -> 5602 (child) -> 11537 (grandchild)
F S   UID   PID  PPID  C PRI  NI ADDR SZ WCHAN  TTY        TIME CMD
0 S 100667 11537 5602  0  80   0 -  1272 do_wai ?          0:00 root -b -q check_S.C++("/tmp/maxwoo/21EF1A6A9139C9FD2A38E59AFB466F9A_717/INPUTFILES/21EF1A6A9139C9FD2A38E59AFB466F9A_717.local.list","21EF1A6A9139C9FD2A38E59AFB466F9A_717",1)
5602 Stepping into the main SUMS wrapper program with []
.... building sandbox
Running: cp /star/data01/pwg/xiatong/AMPT/14GeV/data_284187631.root /tmp/maxwoo/21EF1A6A9139C9FD2A38E59AFB466F9A_717/INPUTFILES/data_284187631.root
Running: cp /star/data01/pwg/xiatong/AMPT/14GeV/data_284187791.root /tmp/maxwoo/21EF1A6A9139C9FD2A38E59AFB466F9A_717/INPUTFILES/data_284187791.root
Running: cp /star/data01/pwg/xiatong/AMPT/14GeV/data_284196811.root /tmp/maxwoo/21EF1A6A9139C9FD2A38E59AFB466F9A_717/INPUTFILES/data_284196811.root
Running: cp /star/data01/pwg/xiatong/AMPT/14GeV/data_284199401.root /tmp/maxwoo/21EF1A6A9139C9FD2A38E59AFB466F9A_717/INPUTFILES/data_284199401.root
Running: cp /star/data01/pwg/xiatong/AMPT/14GeV/data_284199411.root /tmp/maxwoo/21EF1A6A9139C9FD2A38E59AFB466F9A_717/INPUTFILES/data_284199411.root
Running: cp /star/data01/pwg/xiatong/AMPT/14GeV/data_284199441.root /tmp/maxwoo/21EF1A6A9139C9FD2A38E59AFB466F9A_717/INPUTFILES/data_284199441.root
Running: cp /star/data01/pwg/xiatong/AMPT/14GeV/data_284199451.root /tmp/maxwoo/21EF1A6A9139C9FD2A38E59AFB466F9A_717/INPUTFILES/data_284199451.root
Running: cp /star/data01/pwg/xiatong/AMPT/14GeV/data_284199461.root /tmp/maxwoo/21EF1A6A9139C9FD2A38E59AFB466F9A_717/INPUTFILES/data_284199461.root
Running: cp /star/data01/pwg/xiatong/AMPT/14GeV/data_284199471.root /tmp/maxwoo/21EF1A6A9139C9FD2A38E59AFB466F9A_717/INPUTFILES/data_284199471.root
Running: cp /star/data01/pwg/xiatong/AMPT/14GeV/data_284199491.root /tmp/maxwoo/21EF1A6A9139C9FD2A38E59AFB466F9A_717/INPUTFILES/data_284199491.root
Running: cp /star/data01/pwg/xiatong/AMPT/14GeV/data_284199501.root /tmp/maxwoo/21EF1A6A9139C9FD2A38E59AFB466F9A_717/INPUTFILES/data_284199501.root
Running: cp /star/data01/pwg/xiatong/AMPT/14GeV/data_284199511.root /tmp/maxwoo/21EF1A6A9139C9FD2A38E59AFB466F9A_717/INPUTFILES/data_284199511.root
Running: cp /star/data01/pwg/xiatong/AMPT/14GeV/data_284199521.root /tmp/maxwoo/21EF1A6A9139C9FD2A38E59AFB466F9A_717/INPUTFILES/data_284199521.root
Running: cp /star/data01/pwg/xiatong/AMPT/14GeV/data_284199531.root /tmp/maxwoo/21EF1A6A9139C9FD2A38E59AFB466F9A_717/INPUTFILES/data_284199531.root
Running: cp /star/data01/pwg/xiatong/AMPT/14GeV/data_284199541.root /tmp/maxwoo/21EF1A6A9139C9FD2A38E59AFB466F9A_717/INPUTFILES/data_284199541.root
Running: cp /star/data01/pwg/xiatong/AMPT/14GeV/data_284199551.root /tmp/maxwoo/21EF1A6A9139C9FD2A38E59AFB466F9A_717/INPUTFILES/data_284199551.root
Running: cp /star/data01/pwg/xiatong/AMPT/14GeV/data_284199561.root /tmp/maxwoo/21EF1A6A9139C9FD2A38E59AFB466F9A_717/INPUTFILES/data_284199561.root
Running: cp /star/data01/pwg/xiatong/AMPT/14GeV/data_284199571.root /tmp/maxwoo/21EF1A6A9139C9FD2A38E59AFB466F9A_717/INPUTFILES/data_284199571.root
Running: cp /star/data01/pwg/xiatong/AMPT/14GeV/data_284199581.root /tmp/maxwoo/21EF1A6A9139C9FD2A38E59AFB466F9A_717/INPUTFILES/data_284199581.root
Running: cp /star/data01/pwg/xiatong/AMPT/14GeV/data_284199611.root /tmp/maxwoo/21EF1A6A9139C9FD2A38E59AFB466F9A_717/INPUTFILES/data_284199611.root
Running: cp /star/data01/pwg/xiatong/AMPT/14GeV/data_284199711.root /tmp/maxwoo/21EF1A6A9139C9FD2A38E59AFB466F9A_717/INPUTFILES/data_284199711.root
Running: cp /star/data01/pwg/xiatong/AMPT/14GeV/data_284199741.root /tmp/maxwoo/21EF1A6A9139C9FD2A38E59AFB466F9A_717/INPUTFILES/data_284199741.root
Running: cp /star/data01/pwg/xiatong/AMPT/14GeV/data_284199751.root /tmp/maxwoo/21EF1A6A9139C9FD2A38E59AFB466F9A_717/INPUTFILES/data_284199751.root
Running: cp /star/data01/pwg/xiatong/AMPT/14GeV/data_284199771.root /tmp/maxwoo/21EF1A6A9139C9FD2A38E59AFB466F9A_717/INPUTFILES/data_284199771.root
Running: cp /star/data01/pwg/xiatong/AMPT/14GeV/data_284199881.root /tmp/maxwoo/21EF1A6A9139C9FD2A38E59AFB466F9A_717/INPUTFILES/data_284199881.root
Running: cp /star/data01/pwg/xiatong/AMPT/14GeV/data_284199901.root /tmp/maxwoo/21EF1A6A9139C9FD2A38E59AFB466F9A_717/INPUTFILES/data_284199901.root
Running: cp /star/data01/pwg/xiatong/AMPT/14GeV/data_284212401.root /tmp/maxwoo/21EF1A6A9139C9FD2A38E59AFB466F9A_717/INPUTFILES/data_284212401.root
Running: cp /star/data01/pwg/xiatong/AMPT/14GeV/data_284235661.root /tmp/maxwoo/21EF1A6A9139C9FD2A38E59AFB466F9A_717/INPUTFILES/data_284235661.root
Running: cp /star/data01/pwg/xiatong/AMPT/14GeV/data_284266671.root /tmp/maxwoo/21EF1A6A9139C9FD2A38E59AFB466F9A_717/INPUTFILES/data_284266671.root
Running: cp /star/data01/pwg/xiatong/AMPT/14GeV/data_284266681.root /tmp/maxwoo/21EF1A6A9139C9FD2A38E59AFB466F9A_717/INPUTFILES/data_284266681.root
Running: cp /star/data01/pwg/xiatong/AMPT/14GeV/data_284266741.root /tmp/maxwoo/21EF1A6A9139C9FD2A38E59AFB466F9A_717/INPUTFILES/data_284266741.root
Running: cp /star/data01/pwg/xiatong/AMPT/14GeV/data_284266841.root /tmp/maxwoo/21EF1A6A9139C9FD2A38E59AFB466F9A_717/INPUTFILES/data_284266841.root
Running: cp /star/data01/pwg/xiatong/AMPT/14GeV/data_284266861.root /tmp/maxwoo/21EF1A6A9139C9FD2A38E59AFB466F9A_717/INPUTFILES/data_284266861.root
Running: cp /star/data01/pwg/xiatong/AMPT/14GeV/data_284266971.root /tmp/maxwoo/21EF1A6A9139C9FD2A38E59AFB466F9A_717/INPUTFILES/data_284266971.root
Running: cp /star/data01/pwg/xiatong/AMPT/14GeV/data_284267041.root /tmp/maxwoo/21EF1A6A9139C9FD2A38E59AFB466F9A_717/INPUTFILES/data_284267041.root
Running: cp /star/data01/pwg/xiatong/AMPT/14GeV/data_284299301.root /tmp/maxwoo/21EF1A6A9139C9FD2A38E59AFB466F9A_717/INPUTFILES/data_284299301.root
Running: cp /star/data01/pwg/xiatong/AMPT/14GeV/data_284299311.root /tmp/maxwoo/21EF1A6A9139C9FD2A38E59AFB466F9A_717/INPUTFILES/data_284299311.root
Swapping $FILELIST with: /tmp/maxwoo/21EF1A6A9139C9FD2A38E59AFB466F9A_717/INPUTFILES/21EF1A6A9139C9FD2A38E59AFB466F9A_717.local.list
+++++++++++local copy debug++++++++++++++++++++
newFileList: /tmp/maxwoo/21EF1A6A9139C9FD2A38E59AFB466F9A_717/INPUTFILES/21EF1A6A9139C9FD2A38E59AFB466F9A_717.local.list
++++++++++++++++cat FILELIST+++++++++++++++++++
/tmp/maxwoo/21EF1A6A9139C9FD2A38E59AFB466F9A_717/INPUTFILES/data_284187631.root 
/tmp/maxwoo/21EF1A6A9139C9FD2A38E59AFB466F9A_717/INPUTFILES/data_284187791.root 
/tmp/maxwoo/21EF1A6A9139C9FD2A38E59AFB466F9A_717/INPUTFILES/data_284196811.root 
/tmp/maxwoo/21EF1A6A9139C9FD2A38E59AFB466F9A_717/INPUTFILES/data_284199401.root 
/tmp/maxwoo/21EF1A6A9139C9FD2A38E59AFB466F9A_717/INPUTFILES/data_284199411.root 
/tmp/maxwoo/21EF1A6A9139C9FD2A38E59AFB466F9A_717/INPUTFILES/data_284199441.root 
/tmp/maxwoo/21EF1A6A9139C9FD2A38E59AFB466F9A_717/INPUTFILES/data_284199451.root 
/tmp/maxwoo/21EF1A6A9139C9FD2A38E59AFB466F9A_717/INPUTFILES/data_284199461.root 
/tmp/maxwoo/21EF1A6A9139C9FD2A38E59AFB466F9A_717/INPUTFILES/data_284199471.root 
/tmp/maxwoo/21EF1A6A9139C9FD2A38E59AFB466F9A_717/INPUTFILES/data_284199491.root 
/tmp/maxwoo/21EF1A6A9139C9FD2A38E59AFB466F9A_717/INPUTFILES/data_284199501.root 
/tmp/maxwoo/21EF1A6A9139C9FD2A38E59AFB466F9A_717/INPUTFILES/data_284199511.root 
/tmp/maxwoo/21EF1A6A9139C9FD2A38E59AFB466F9A_717/INPUTFILES/data_284199521.root 
/tmp/maxwoo/21EF1A6A9139C9FD2A38E59AFB466F9A_717/INPUTFILES/data_284199531.root 
/tmp/maxwoo/21EF1A6A9139C9FD2A38E59AFB466F9A_717/INPUTFILES/data_284199541.root 
/tmp/maxwoo/21EF1A6A9139C9FD2A38E59AFB466F9A_717/INPUTFILES/data_284199551.root 
/tmp/maxwoo/21EF1A6A9139C9FD2A38E59AFB466F9A_717/INPUTFILES/data_284199561.root 
/tmp/maxwoo/21EF1A6A9139C9FD2A38E59AFB466F9A_717/INPUTFILES/data_284199571.root 
/tmp/maxwoo/21EF1A6A9139C9FD2A38E59AFB466F9A_717/INPUTFILES/data_284199581.root 
/tmp/maxwoo/21EF1A6A9139C9FD2A38E59AFB466F9A_717/INPUTFILES/data_284199611.root 
/tmp/maxwoo/21EF1A6A9139C9FD2A38E59AFB466F9A_717/INPUTFILES/data_284199711.root 
/tmp/maxwoo/21EF1A6A9139C9FD2A38E59AFB466F9A_717/INPUTFILES/data_284199741.root 
/tmp/maxwoo/21EF1A6A9139C9FD2A38E59AFB466F9A_717/INPUTFILES/data_284199751.root 
/tmp/maxwoo/21EF1A6A9139C9FD2A38E59AFB466F9A_717/INPUTFILES/data_284199771.root 
/tmp/maxwoo/21EF1A6A9139C9FD2A38E59AFB466F9A_717/INPUTFILES/data_284199881.root 
/tmp/maxwoo/21EF1A6A9139C9FD2A38E59AFB466F9A_717/INPUTFILES/data_284199901.root 
/tmp/maxwoo/21EF1A6A9139C9FD2A38E59AFB466F9A_717/INPUTFILES/data_284212401.root 
/tmp/maxwoo/21EF1A6A9139C9FD2A38E59AFB466F9A_717/INPUTFILES/data_284235661.root 
/tmp/maxwoo/21EF1A6A9139C9FD2A38E59AFB466F9A_717/INPUTFILES/data_284266671.root 
/tmp/maxwoo/21EF1A6A9139C9FD2A38E59AFB466F9A_717/INPUTFILES/data_284266681.root 
/tmp/maxwoo/21EF1A6A9139C9FD2A38E59AFB466F9A_717/INPUTFILES/data_284266741.root 
/tmp/maxwoo/21EF1A6A9139C9FD2A38E59AFB466F9A_717/INPUTFILES/data_284266841.root 
/tmp/maxwoo/21EF1A6A9139C9FD2A38E59AFB466F9A_717/INPUTFILES/data_284266861.root 
/tmp/maxwoo/21EF1A6A9139C9FD2A38E59AFB466F9A_717/INPUTFILES/data_284266971.root 
/tmp/maxwoo/21EF1A6A9139C9FD2A38E59AFB466F9A_717/INPUTFILES/data_284267041.root 
/tmp/maxwoo/21EF1A6A9139C9FD2A38E59AFB466F9A_717/INPUTFILES/data_284299301.root 
/tmp/maxwoo/21EF1A6A9139C9FD2A38E59AFB466F9A_717/INPUTFILES/data_284299311.root 
++++++++++++++++++++find.++++++++++++++++++++++
.
./Check_Sness.C
./.output.log
./.sandboxFiles
./.errror.log
./INPUTFILES
./INPUTFILES/data_284266671.root
./INPUTFILES/data_284266741.root
./INPUTFILES/data_284187791.root
./INPUTFILES/data_284199411.root
./INPUTFILES/data_284199581.root
./INPUTFILES/data_284199751.root
./INPUTFILES/data_284199491.root
./INPUTFILES/data_284187631.root
./INPUTFILES/data_284235661.root
./INPUTFILES/data_284199501.root
./INPUTFILES/data_284266841.root
./INPUTFILES/data_284266971.root
./INPUTFILES/data_284199571.root
./INPUTFILES/data_284199611.root
./INPUTFILES/data_284199451.root
./INPUTFILES/21EF1A6A9139C9FD2A38E59AFB466F9A_717.local.list
./INPUTFILES/data_284199771.root
./INPUTFILES/data_284199881.root
./INPUTFILES/data_284199521.root
./INPUTFILES/data_284212401.root
./INPUTFILES/data_284196811.root
./INPUTFILES/data_284199511.root
./INPUTFILES/data_284266861.root
./INPUTFILES/data_284199471.root
./INPUTFILES/data_284299311.root
./INPUTFILES/data_284199461.root
./INPUTFILES/data_284299301.root
./INPUTFILES/data_284199741.root
./INPUTFILES/data_284267041.root
./INPUTFILES/data_284199531.root
./INPUTFILES/data_284199561.root
./INPUTFILES/data_284199401.root
./INPUTFILES/data_284199711.root
./INPUTFILES/data_284199901.root
./INPUTFILES/data_284199441.root
./INPUTFILES/data_284199551.root
./INPUTFILES/data_284266681.root
./INPUTFILES/data_284199541.root
./check_S.C
./lib
./lib/CenMaker_cpp.d
./lib/my_particle_cpp.d
./lib/CenMaker.h
./lib/my_event_cpp.so
./lib/MixedBuffer.h
./lib/NpartNormalizer.cpp
./lib/NpartNormalizer_cpp_ACLiC_dict_rdict.pcm
./lib/CenMaker_cpp.so
./lib/NpartNormalizer.h
./lib/NpartNormalizer_cpp.so
./lib/my_particle_cpp.so
./lib/CenMaker_cpp_ACLiC_dict_rdict.pcm
./lib/MixedBuffer_cpp.d
./lib/MixedBuffer_cpp.so
./lib/MixedBuffer.cpp
./lib/my_particle.cpp
./lib/my_event.cpp
./lib/MixedBuffer_cpp_ACLiC_dict_rdict.pcm
./lib/my_event_cpp.d
./lib/my_particle_cpp_ACLiC_dict_rdict.pcm
./lib/my_event_cpp_ACLiC_dict_rdict.pcm
./lib/CenMaker.cpp
./lib/my_particle.h
./lib/NpartNormalizer_cpp.d
./lib/my_event.h
++++++++++++++++INPUTFILE Var++++++++++++++++++
FILELIST=/tmp/maxwoo/21EF1A6A9139C9FD2A38E59AFB466F9A_717/INPUTFILES/21EF1A6A9139C9FD2A38E59AFB466F9A_717.local.list
INPUTFILECOUNT=37
INPUTFILE0=/tmp/maxwoo/21EF1A6A9139C9FD2A38E59AFB466F9A_717/INPUTFILES/data_284187631.root
INPUTFILE1=/tmp/maxwoo/21EF1A6A9139C9FD2A38E59AFB466F9A_717/INPUTFILES/data_284187791.root
INPUTFILE2=/tmp/maxwoo/21EF1A6A9139C9FD2A38E59AFB466F9A_717/INPUTFILES/data_284196811.root
INPUTFILE3=/tmp/maxwoo/21EF1A6A9139C9FD2A38E59AFB466F9A_717/INPUTFILES/data_284199401.root
INPUTFILE4=/tmp/maxwoo/21EF1A6A9139C9FD2A38E59AFB466F9A_717/INPUTFILES/data_284199411.root
INPUTFILE5=/tmp/maxwoo/21EF1A6A9139C9FD2A38E59AFB466F9A_717/INPUTFILES/data_284199441.root
INPUTFILE6=/tmp/maxwoo/21EF1A6A9139C9FD2A38E59AFB466F9A_717/INPUTFILES/data_284199451.root
INPUTFILE7=/tmp/maxwoo/21EF1A6A9139C9FD2A38E59AFB466F9A_717/INPUTFILES/data_284199461.root
INPUTFILE8=/tmp/maxwoo/21EF1A6A9139C9FD2A38E59AFB466F9A_717/INPUTFILES/data_284199471.root
INPUTFILE9=/tmp/maxwoo/21EF1A6A9139C9FD2A38E59AFB466F9A_717/INPUTFILES/data_284199491.root
INPUTFILE10=/tmp/maxwoo/21EF1A6A9139C9FD2A38E59AFB466F9A_717/INPUTFILES/data_284199501.root
INPUTFILE11=/tmp/maxwoo/21EF1A6A9139C9FD2A38E59AFB466F9A_717/INPUTFILES/data_284199511.root
INPUTFILE12=/tmp/maxwoo/21EF1A6A9139C9FD2A38E59AFB466F9A_717/INPUTFILES/data_284199521.root
INPUTFILE13=/tmp/maxwoo/21EF1A6A9139C9FD2A38E59AFB466F9A_717/INPUTFILES/data_284199531.root
INPUTFILE14=/tmp/maxwoo/21EF1A6A9139C9FD2A38E59AFB466F9A_717/INPUTFILES/data_284199541.root
INPUTFILE15=/tmp/maxwoo/21EF1A6A9139C9FD2A38E59AFB466F9A_717/INPUTFILES/data_284199551.root
INPUTFILE16=/tmp/maxwoo/21EF1A6A9139C9FD2A38E59AFB466F9A_717/INPUTFILES/data_284199561.root
INPUTFILE17=/tmp/maxwoo/21EF1A6A9139C9FD2A38E59AFB466F9A_717/INPUTFILES/data_284199571.root
INPUTFILE18=/tmp/maxwoo/21EF1A6A9139C9FD2A38E59AFB466F9A_717/INPUTFILES/data_284199581.root
INPUTFILE19=/tmp/maxwoo/21EF1A6A9139C9FD2A38E59AFB466F9A_717/INPUTFILES/data_284199611.root
INPUTFILE20=/tmp/maxwoo/21EF1A6A9139C9FD2A38E59AFB466F9A_717/INPUTFILES/data_284199711.root
INPUTFILE21=/tmp/maxwoo/21EF1A6A9139C9FD2A38E59AFB466F9A_717/INPUTFILES/data_284199741.root
INPUTFILE22=/tmp/maxwoo/21EF1A6A9139C9FD2A38E59AFB466F9A_717/INPUTFILES/data_284199751.root
INPUTFILE23=/tmp/maxwoo/21EF1A6A9139C9FD2A38E59AFB466F9A_717/INPUTFILES/data_284199771.root
INPUTFILE24=/tmp/maxwoo/21EF1A6A9139C9FD2A38E59AFB466F9A_717/INPUTFILES/data_284199881.root
INPUTFILE25=/tmp/maxwoo/21EF1A6A9139C9FD2A38E59AFB466F9A_717/INPUTFILES/data_284199901.root
INPUTFILE26=/tmp/maxwoo/21EF1A6A9139C9FD2A38E59AFB466F9A_717/INPUTFILES/data_284212401.root
INPUTFILE27=/tmp/maxwoo/21EF1A6A9139C9FD2A38E59AFB466F9A_717/INPUTFILES/data_284235661.root
INPUTFILE28=/tmp/maxwoo/21EF1A6A9139C9FD2A38E59AFB466F9A_717/INPUTFILES/data_284266671.root
INPUTFILE29=/tmp/maxwoo/21EF1A6A9139C9FD2A38E59AFB466F9A_717/INPUTFILES/data_284266681.root
INPUTFILE30=/tmp/maxwoo/21EF1A6A9139C9FD2A38E59AFB466F9A_717/INPUTFILES/data_284266741.root
INPUTFILE31=/tmp/maxwoo/21EF1A6A9139C9FD2A38E59AFB466F9A_717/INPUTFILES/data_284266841.root
INPUTFILE32=/tmp/maxwoo/21EF1A6A9139C9FD2A38E59AFB466F9A_717/INPUTFILES/data_284266861.root
INPUTFILE33=/tmp/maxwoo/21EF1A6A9139C9FD2A38E59AFB466F9A_717/INPUTFILES/data_284266971.root
INPUTFILE34=/tmp/maxwoo/21EF1A6A9139C9FD2A38E59AFB466F9A_717/INPUTFILES/data_284267041.root
INPUTFILE35=/tmp/maxwoo/21EF1A6A9139C9FD2A38E59AFB466F9A_717/INPUTFILES/data_284299301.root
INPUTFILE36=/tmp/maxwoo/21EF1A6A9139C9FD2A38E59AFB466F9A_717/INPUTFILES/data_284299311.root
LocalInputFileDir=/tmp/maxwoo/21EF1A6A9139C9FD2A38E59AFB466F9A_717/INPUTFILES
NewFILELIST=/tmp/maxwoo/21EF1A6A9139C9FD2A38E59AFB466F9A_717/INPUTFILES/21EF1A6A9139C9FD2A38E59AFB466F9A_717.local.list
+++++++++++++++++++++++++++++++++++++++++++++++
--------------------------------
Simple Unified Meta Scheduler 1.10.50 we are starting in $SCRATCH : /home/tmp/maxwoo/21EF1A6A9139C9FD2A38E59AFB466F9A_717
--------------------------------
total 16
lrwxrwxrwx 1 maxwoo rhstar   61 Jun  2 11:26 check_S.C -> /gpfs/mnt/gpfs01/star/pwg/xiatong/git/strangeness/./check_S.C
lrwxrwxrwx 1 maxwoo rhstar   65 Jun  2 11:26 Check_Sness.C -> /gpfs/mnt/gpfs01/star/pwg/xiatong/git/strangeness/./Check_Sness.C
drwxr-xr-x 2 maxwoo rhstar 4096 Jun  2 11:27 INPUTFILES
drwxr-xr-x 2 maxwoo rhstar 4096 Jun  2 11:26 lib
  *******************************************
  *                                         *
  *        W E L C O M E  to  R O O T       *
  *                                         *
  *   Version   5.34/38     12 March 2018   *
  *                                         *
  *  You are welcome to visit our Web site  *
  *          http://root.cern.ch            *
  *                                         *
  *******************************************

ROOT 5.34/38 (v5-34-38@v5-34-38, Mar 12 2018, 15:49:39 on linux)

CINT/ROOT C/C++ Interpreter version 5.18.00, July 2, 2010
Type ? for help. Commands must be C++ statements.
Enclose multiple statements between { }.
*** Float Point Exception is OFF ***
 *** Start at Date : Thu Jun  2 11:27:54 2022
QAInfo:You are using STAR_LEVEL : dev, ROOT_LEVEL : 5.34.38 and node : rcas2772.rcf.bnl.gov 

Processing check_S.C++("/tmp/maxwoo/21EF1A6A9139C9FD2A38E59AFB466F9A_717/INPUTFILES/21EF1A6A9139C9FD2A38E59AFB466F9A_717.local.list","21EF1A6A9139C9FD2A38E59AFB466F9A_717",1)...
/tmp/maxwoo/21EF1A6A9139C9FD2A38E59AFB466F9A_717/INPUTFILES/data_284187631.root 
/tmp/maxwoo/21EF1A6A9139C9FD2A38E59AFB466F9A_717/INPUTFILES/data_284187791.root 
/tmp/maxwoo/21EF1A6A9139C9FD2A38E59AFB466F9A_717/INPUTFILES/data_284196811.root 
/tmp/maxwoo/21EF1A6A9139C9FD2A38E59AFB466F9A_717/INPUTFILES/data_284199401.root 
/tmp/maxwoo/21EF1A6A9139C9FD2A38E59AFB466F9A_717/INPUTFILES/data_284199411.root 
/tmp/maxwoo/21EF1A6A9139C9FD2A38E59AFB466F9A_717/INPUTFILES/data_284199441.root 
/tmp/maxwoo/21EF1A6A9139C9FD2A38E59AFB466F9A_717/INPUTFILES/data_284199451.root 
/tmp/maxwoo/21EF1A6A9139C9FD2A38E59AFB466F9A_717/INPUTFILES/data_284199461.root 
/tmp/maxwoo/21EF1A6A9139C9FD2A38E59AFB466F9A_717/INPUTFILES/data_284199471.root 
/tmp/maxwoo/21EF1A6A9139C9FD2A38E59AFB466F9A_717/INPUTFILES/data_284199491.root 
/tmp/maxwoo/21EF1A6A9139C9FD2A38E59AFB466F9A_717/INPUTFILES/data_284199501.root 
/tmp/maxwoo/21EF1A6A9139C9FD2A38E59AFB466F9A_717/INPUTFILES/data_284199511.root 
/tmp/maxwoo/21EF1A6A9139C9FD2A38E59AFB466F9A_717/INPUTFILES/data_284199521.root 
/tmp/maxwoo/21EF1A6A9139C9FD2A38E59AFB466F9A_717/INPUTFILES/data_284199531.root 
/tmp/maxwoo/21EF1A6A9139C9FD2A38E59AFB466F9A_717/INPUTFILES/data_284199541.root 
/tmp/maxwoo/21EF1A6A9139C9FD2A38E59AFB466F9A_717/INPUTFILES/data_284199551.root 
/tmp/maxwoo/21EF1A6A9139C9FD2A38E59AFB466F9A_717/INPUTFILES/data_284199561.root 
/tmp/maxwoo/21EF1A6A9139C9FD2A38E59AFB466F9A_717/INPUTFILES/data_284199571.root 
/tmp/maxwoo/21EF1A6A9139C9FD2A38E59AFB466F9A_717/INPUTFILES/data_284199581.root 
/tmp/maxwoo/21EF1A6A9139C9FD2A38E59AFB466F9A_717/INPUTFILES/data_284199611.root 
/tmp/maxwoo/21EF1A6A9139C9FD2A38E59AFB466F9A_717/INPUTFILES/data_284199711.root 
/tmp/maxwoo/21EF1A6A9139C9FD2A38E59AFB466F9A_717/INPUTFILES/data_284199741.root 
/tmp/maxwoo/21EF1A6A9139C9FD2A38E59AFB466F9A_717/INPUTFILES/data_284199751.root 
/tmp/maxwoo/21EF1A6A9139C9FD2A38E59AFB466F9A_717/INPUTFILES/data_284199771.root 
/tmp/maxwoo/21EF1A6A9139C9FD2A38E59AFB466F9A_717/INPUTFILES/data_284199881.root 
/tmp/maxwoo/21EF1A6A9139C9FD2A38E59AFB466F9A_717/INPUTFILES/data_284199901.root 
/tmp/maxwoo/21EF1A6A9139C9FD2A38E59AFB466F9A_717/INPUTFILES/data_284212401.root 
/tmp/maxwoo/21EF1A6A9139C9FD2A38E59AFB466F9A_717/INPUTFILES/data_284235661.root 
/tmp/maxwoo/21EF1A6A9139C9FD2A38E59AFB466F9A_717/INPUTFILES/data_284266671.root 
/tmp/maxwoo/21EF1A6A9139C9FD2A38E59AFB466F9A_717/INPUTFILES/data_284266681.root 
/tmp/maxwoo/21EF1A6A9139C9FD2A38E59AFB466F9A_717/INPUTFILES/data_284266741.root 
/tmp/maxwoo/21EF1A6A9139C9FD2A38E59AFB466F9A_717/INPUTFILES/data_284266841.root 
/tmp/maxwoo/21EF1A6A9139C9FD2A38E59AFB466F9A_717/INPUTFILES/data_284266861.root 
/tmp/maxwoo/21EF1A6A9139C9FD2A38E59AFB466F9A_717/INPUTFILES/data_284266971.root 
/tmp/maxwoo/21EF1A6A9139C9FD2A38E59AFB466F9A_717/INPUTFILES/data_284267041.root 
/tmp/maxwoo/21EF1A6A9139C9FD2A38E59AFB466F9A_717/INPUTFILES/data_284299301.root 
/tmp/maxwoo/21EF1A6A9139C9FD2A38E59AFB466F9A_717/INPUTFILES/data_284299311.root 
Added 37 files
# entries in chain: 37000
Processing entry == 1000 == out of 37000.
Processing entry == 2000 == out of 37000.
Processing entry == 3000 == out of 37000.
Processing entry == 4000 == out of 37000.
Processing entry == 5000 == out of 37000.
Processing entry == 6000 == out of 37000.
Processing entry == 7000 == out of 37000.
Processing entry == 8000 == out of 37000.
Processing entry == 9000 == out of 37000.
Processing entry == 10000 == out of 37000.
Processing entry == 11000 == out of 37000.
Processing entry == 12000 == out of 37000.
Processing entry == 13000 == out of 37000.
Processing entry == 14000 == out of 37000.
Processing entry == 15000 == out of 37000.
Processing entry == 16000 == out of 37000.
Processing entry == 17000 == out of 37000.
Processing entry == 18000 == out of 37000.
Processing entry == 19000 == out of 37000.
Processing entry == 20000 == out of 37000.
Processing entry == 21000 == out of 37000.
Processing entry == 22000 == out of 37000.
Processing entry == 23000 == out of 37000.
Processing entry == 24000 == out of 37000.
Processing entry == 25000 == out of 37000.
Processing entry == 26000 == out of 37000.
Processing entry == 27000 == out of 37000.
Processing entry == 28000 == out of 37000.
Processing entry == 29000 == out of 37000.
Processing entry == 30000 == out of 37000.
Processing entry == 31000 == out of 37000.
Processing entry == 32000 == out of 37000.
Processing entry == 33000 == out of 37000.
Processing entry == 34000 == out of 37000.
Processing entry == 35000 == out of 37000.
Processing entry == 36000 == out of 37000.
Processing entry == 37000 == out of 37000.

This is the end of ROOT -- Goodbye

Cleaning up sandbox file:  /tmp/maxwoo/21EF1A6A9139C9FD2A38E59AFB466F9A_717/check_S.C
Cleaning up sandbox file:  /tmp/maxwoo/21EF1A6A9139C9FD2A38E59AFB466F9A_717/Check_Sness.C
Cleaning up sandbox file:  /tmp/maxwoo/21EF1A6A9139C9FD2A38E59AFB466F9A_717/lib
Cleaning up sandbox file:  /tmp/maxwoo/21EF1A6A9139C9FD2A38E59AFB466F9A_717/.sandboxFiles
Starting copy block
Running copy command:  /bin/cp -fp /tmp/maxwoo/21EF1A6A9139C9FD2A38E59AFB466F9A_717/out_21EF1A6A9139C9FD2A38E59AFB466F9A_717.root /star/data01/pwg/xiatong/git/strangeness/data/
5419 Execution of (/star/data01/pwg/xiatong/git/strangeness/script/sched21EF1A6A9139C9FD2A38E59AFB466F9A_717.csh ) has ended, exiting normally
5419 We END on [Thu Jun  2 11:49:15 EDT 2022]
