We are starting on node: rcas2413.rcf.bnl.gov
HOME is not defined
Using getent method
HOME is now /star/u/maxwoo
19519 We will spawn ourselves (/star/data01/pwg/xiatong/git/strangeness/script/sched21EF1A6A9139C9FD2A38E59AFB466F9A_418.csh )
19519 We BEGIN on [Thu Jun  2 11:32:52 EDT 2022]
[1] 19733
19519 We are waiting for 19733 
19519 Grandchild PID is 19921 - found in 10 x 1 seconds
19519 Establishing first watcher   on    Thu Jun  2 11:33:03 EDT 2022
19519 Process tree is 19519 (main) -> 19733 (child) -> 19921 (grandchild)
F S   UID   PID  PPID  C PRI  NI ADDR SZ WCHAN  TTY        TIME CMD
0 D 100667 19921 19733  0 80   0 - 32311 cxiWai ?          0:00 cp /star/data01/pwg/xiatong/AMPT/14GeV/data_178513071.root /tmp/maxwoo/21EF1A6A9139C9FD2A38E59AFB466F9A_418/INPUTFILES/data_178513071.root
19519 Grandchild PID is 21345 - found in 30 x 2 seconds
19519 Grandchild to watch has changed on Thu Jun  2 11:33:45 EDT 2022
19519 Process tree is 19519 (main) -> 19733 (child) -> 21345 (grandchild)
F S   UID   PID  PPID  C PRI  NI ADDR SZ WCHAN  TTY        TIME CMD
0 D 100667 21345 19733  0 80   0 - 32311 cxiWai ?          0:00 cp /star/data01/pwg/xiatong/AMPT/14GeV/data_178550851.root /tmp/maxwoo/21EF1A6A9139C9FD2A38E59AFB466F9A_418/INPUTFILES/data_178550851.root
19519 Grandchild PID is 21951 - found in 40 x 2 seconds
19519 Grandchild to watch has changed on Thu Jun  2 11:34:06 EDT 2022
19519 Process tree is 19519 (main) -> 19733 (child) -> 21951 (grandchild)
F S   UID   PID  PPID  C PRI  NI ADDR SZ WCHAN  TTY        TIME CMD
0 D 100667 21951 19733  0 80   0 - 32311 cxiWai ?          0:00 cp /star/data01/pwg/xiatong/AMPT/14GeV/data_178612521.root /tmp/maxwoo/21EF1A6A9139C9FD2A38E59AFB466F9A_418/INPUTFILES/data_178612521.root
19519 Grandchild PID is 23841 - found in 60 x 2 seconds
19519 Grandchild to watch has changed on Thu Jun  2 11:34:48 EDT 2022
19519 Process tree is 19519 (main) -> 19733 (child) -> 23841 (grandchild)
F S   UID   PID  PPID  C PRI  NI ADDR SZ WCHAN  TTY        TIME CMD
0 D 100667 23841 19733  0 80   0 - 32311 cxiWai ?          0:00 cp /star/data01/pwg/xiatong/AMPT/14GeV/data_178626391.root /tmp/maxwoo/21EF1A6A9139C9FD2A38E59AFB466F9A_418/INPUTFILES/data_178626391.root
19519 Grandchild PID is 24680 - found in 80 x 2 seconds
19519 Grandchild to watch has changed on Thu Jun  2 11:35:30 EDT 2022
19519 Process tree is 19519 (main) -> 19733 (child) -> 24680 (grandchild)
F S   UID   PID  PPID  C PRI  NI ADDR SZ WCHAN  TTY        TIME CMD
0 D 100667 24680 19733  0 80   0 - 32311 cxiWai ?          0:00 cp /star/data01/pwg/xiatong/AMPT/14GeV/data_178712721.root /tmp/maxwoo/21EF1A6A9139C9FD2A38E59AFB466F9A_418/INPUTFILES/data_178712721.root
19519 Grandchild PID is 25742 - found in 90 x 2 seconds
19519 Grandchild to watch has changed on Thu Jun  2 11:35:51 EDT 2022
19519 Process tree is 19519 (main) -> 19733 (child) -> 25742 (grandchild)
F S   UID   PID  PPID  C PRI  NI ADDR SZ WCHAN  TTY        TIME CMD
0 D 100667 25742 19733  0 80   0 - 32311 cxiWai ?          0:00 cp /star/data01/pwg/xiatong/AMPT/14GeV/data_178714591.root /tmp/maxwoo/21EF1A6A9139C9FD2A38E59AFB466F9A_418/INPUTFILES/data_178714591.root
19519 Grandchild PID is 26579 - found in 100 x 2 seconds
19519 Grandchild to watch has changed on Thu Jun  2 11:36:12 EDT 2022
19519 Process tree is 19519 (main) -> 19733 (child) -> 26579 (grandchild)
F S   UID   PID  PPID  C PRI  NI ADDR SZ WCHAN  TTY        TIME CMD
0 D 100667 26579 19733  0 80   0 - 32311 cxiWai ?          0:00 cp /star/data01/pwg/xiatong/AMPT/14GeV/data_178715921.root /tmp/maxwoo/21EF1A6A9139C9FD2A38E59AFB466F9A_418/INPUTFILES/data_178715921.root
19519 Grandchild PID is 28467 - found in 130 x 2 seconds
19519 Grandchild to watch has changed on Thu Jun  2 11:37:15 EDT 2022
19519 Process tree is 19519 (main) -> 19733 (child) -> 28467 (grandchild)
F S   UID   PID  PPID  C PRI  NI ADDR SZ WCHAN  TTY        TIME CMD
0 S 100667 28467 19733  0 80   0 -  1272 do_wai ?          0:00 root -b -q check_S.C++("/tmp/maxwoo/21EF1A6A9139C9FD2A38E59AFB466F9A_418/INPUTFILES/21EF1A6A9139C9FD2A38E59AFB466F9A_418.local.list","21EF1A6A9139C9FD2A38E59AFB466F9A_418",1)
19733 Stepping into the main SUMS wrapper program with []
.... building sandbox
Running: cp /star/data01/pwg/xiatong/AMPT/14GeV/data_178513071.root /tmp/maxwoo/21EF1A6A9139C9FD2A38E59AFB466F9A_418/INPUTFILES/data_178513071.root
Running: cp /star/data01/pwg/xiatong/AMPT/14GeV/data_178513091.root /tmp/maxwoo/21EF1A6A9139C9FD2A38E59AFB466F9A_418/INPUTFILES/data_178513091.root
Running: cp /star/data01/pwg/xiatong/AMPT/14GeV/data_178513121.root /tmp/maxwoo/21EF1A6A9139C9FD2A38E59AFB466F9A_418/INPUTFILES/data_178513121.root
Running: cp /star/data01/pwg/xiatong/AMPT/14GeV/data_178513131.root /tmp/maxwoo/21EF1A6A9139C9FD2A38E59AFB466F9A_418/INPUTFILES/data_178513131.root
Running: cp /star/data01/pwg/xiatong/AMPT/14GeV/data_178513141.root /tmp/maxwoo/21EF1A6A9139C9FD2A38E59AFB466F9A_418/INPUTFILES/data_178513141.root
Running: cp /star/data01/pwg/xiatong/AMPT/14GeV/data_178513161.root /tmp/maxwoo/21EF1A6A9139C9FD2A38E59AFB466F9A_418/INPUTFILES/data_178513161.root
Running: cp /star/data01/pwg/xiatong/AMPT/14GeV/data_178513201.root /tmp/maxwoo/21EF1A6A9139C9FD2A38E59AFB466F9A_418/INPUTFILES/data_178513201.root
Running: cp /star/data01/pwg/xiatong/AMPT/14GeV/data_178513211.root /tmp/maxwoo/21EF1A6A9139C9FD2A38E59AFB466F9A_418/INPUTFILES/data_178513211.root
Running: cp /star/data01/pwg/xiatong/AMPT/14GeV/data_178513231.root /tmp/maxwoo/21EF1A6A9139C9FD2A38E59AFB466F9A_418/INPUTFILES/data_178513231.root
Running: cp /star/data01/pwg/xiatong/AMPT/14GeV/data_178532281.root /tmp/maxwoo/21EF1A6A9139C9FD2A38E59AFB466F9A_418/INPUTFILES/data_178532281.root
Running: cp /star/data01/pwg/xiatong/AMPT/14GeV/data_178550851.root /tmp/maxwoo/21EF1A6A9139C9FD2A38E59AFB466F9A_418/INPUTFILES/data_178550851.root
Running: cp /star/data01/pwg/xiatong/AMPT/14GeV/data_178550891.root /tmp/maxwoo/21EF1A6A9139C9FD2A38E59AFB466F9A_418/INPUTFILES/data_178550891.root
Running: cp /star/data01/pwg/xiatong/AMPT/14GeV/data_178612511.root /tmp/maxwoo/21EF1A6A9139C9FD2A38E59AFB466F9A_418/INPUTFILES/data_178612511.root
Running: cp /star/data01/pwg/xiatong/AMPT/14GeV/data_178612521.root /tmp/maxwoo/21EF1A6A9139C9FD2A38E59AFB466F9A_418/INPUTFILES/data_178612521.root
Running: cp /star/data01/pwg/xiatong/AMPT/14GeV/data_178612631.root /tmp/maxwoo/21EF1A6A9139C9FD2A38E59AFB466F9A_418/INPUTFILES/data_178612631.root
Running: cp /star/data01/pwg/xiatong/AMPT/14GeV/data_178612751.root /tmp/maxwoo/21EF1A6A9139C9FD2A38E59AFB466F9A_418/INPUTFILES/data_178612751.root
Running: cp /star/data01/pwg/xiatong/AMPT/14GeV/data_178612801.root /tmp/maxwoo/21EF1A6A9139C9FD2A38E59AFB466F9A_418/INPUTFILES/data_178612801.root
Running: cp /star/data01/pwg/xiatong/AMPT/14GeV/data_178612841.root /tmp/maxwoo/21EF1A6A9139C9FD2A38E59AFB466F9A_418/INPUTFILES/data_178612841.root
Running: cp /star/data01/pwg/xiatong/AMPT/14GeV/data_178612871.root /tmp/maxwoo/21EF1A6A9139C9FD2A38E59AFB466F9A_418/INPUTFILES/data_178612871.root
Running: cp /star/data01/pwg/xiatong/AMPT/14GeV/data_178612911.root /tmp/maxwoo/21EF1A6A9139C9FD2A38E59AFB466F9A_418/INPUTFILES/data_178612911.root
Running: cp /star/data01/pwg/xiatong/AMPT/14GeV/data_178612921.root /tmp/maxwoo/21EF1A6A9139C9FD2A38E59AFB466F9A_418/INPUTFILES/data_178612921.root
Running: cp /star/data01/pwg/xiatong/AMPT/14GeV/data_178612951.root /tmp/maxwoo/21EF1A6A9139C9FD2A38E59AFB466F9A_418/INPUTFILES/data_178612951.root
Running: cp /star/data01/pwg/xiatong/AMPT/14GeV/data_178612981.root /tmp/maxwoo/21EF1A6A9139C9FD2A38E59AFB466F9A_418/INPUTFILES/data_178612981.root
Running: cp /star/data01/pwg/xiatong/AMPT/14GeV/data_178613011.root /tmp/maxwoo/21EF1A6A9139C9FD2A38E59AFB466F9A_418/INPUTFILES/data_178613011.root
Running: cp /star/data01/pwg/xiatong/AMPT/14GeV/data_178613101.root /tmp/maxwoo/21EF1A6A9139C9FD2A38E59AFB466F9A_418/INPUTFILES/data_178613101.root
Running: cp /star/data01/pwg/xiatong/AMPT/14GeV/data_178613111.root /tmp/maxwoo/21EF1A6A9139C9FD2A38E59AFB466F9A_418/INPUTFILES/data_178613111.root
Running: cp /star/data01/pwg/xiatong/AMPT/14GeV/data_178613321.root /tmp/maxwoo/21EF1A6A9139C9FD2A38E59AFB466F9A_418/INPUTFILES/data_178613321.root
Running: cp /star/data01/pwg/xiatong/AMPT/14GeV/data_178613521.root /tmp/maxwoo/21EF1A6A9139C9FD2A38E59AFB466F9A_418/INPUTFILES/data_178613521.root
Running: cp /star/data01/pwg/xiatong/AMPT/14GeV/data_178626391.root /tmp/maxwoo/21EF1A6A9139C9FD2A38E59AFB466F9A_418/INPUTFILES/data_178626391.root
Running: cp /star/data01/pwg/xiatong/AMPT/14GeV/data_178712471.root /tmp/maxwoo/21EF1A6A9139C9FD2A38E59AFB466F9A_418/INPUTFILES/data_178712471.root
Running: cp /star/data01/pwg/xiatong/AMPT/14GeV/data_178712501.root /tmp/maxwoo/21EF1A6A9139C9FD2A38E59AFB466F9A_418/INPUTFILES/data_178712501.root
Running: cp /star/data01/pwg/xiatong/AMPT/14GeV/data_178712721.root /tmp/maxwoo/21EF1A6A9139C9FD2A38E59AFB466F9A_418/INPUTFILES/data_178712721.root
Running: cp /star/data01/pwg/xiatong/AMPT/14GeV/data_178712831.root /tmp/maxwoo/21EF1A6A9139C9FD2A38E59AFB466F9A_418/INPUTFILES/data_178712831.root
Running: cp /star/data01/pwg/xiatong/AMPT/14GeV/data_178713081.root /tmp/maxwoo/21EF1A6A9139C9FD2A38E59AFB466F9A_418/INPUTFILES/data_178713081.root
Running: cp /star/data01/pwg/xiatong/AMPT/14GeV/data_178713371.root /tmp/maxwoo/21EF1A6A9139C9FD2A38E59AFB466F9A_418/INPUTFILES/data_178713371.root
Running: cp /star/data01/pwg/xiatong/AMPT/14GeV/data_178714591.root /tmp/maxwoo/21EF1A6A9139C9FD2A38E59AFB466F9A_418/INPUTFILES/data_178714591.root
Running: cp /star/data01/pwg/xiatong/AMPT/14GeV/data_178715921.root /tmp/maxwoo/21EF1A6A9139C9FD2A38E59AFB466F9A_418/INPUTFILES/data_178715921.root
Swapping $FILELIST with: /tmp/maxwoo/21EF1A6A9139C9FD2A38E59AFB466F9A_418/INPUTFILES/21EF1A6A9139C9FD2A38E59AFB466F9A_418.local.list
+++++++++++local copy debug++++++++++++++++++++
newFileList: /tmp/maxwoo/21EF1A6A9139C9FD2A38E59AFB466F9A_418/INPUTFILES/21EF1A6A9139C9FD2A38E59AFB466F9A_418.local.list
++++++++++++++++cat FILELIST+++++++++++++++++++
/tmp/maxwoo/21EF1A6A9139C9FD2A38E59AFB466F9A_418/INPUTFILES/data_178513071.root 
/tmp/maxwoo/21EF1A6A9139C9FD2A38E59AFB466F9A_418/INPUTFILES/data_178513091.root 
/tmp/maxwoo/21EF1A6A9139C9FD2A38E59AFB466F9A_418/INPUTFILES/data_178513121.root 
/tmp/maxwoo/21EF1A6A9139C9FD2A38E59AFB466F9A_418/INPUTFILES/data_178513131.root 
/tmp/maxwoo/21EF1A6A9139C9FD2A38E59AFB466F9A_418/INPUTFILES/data_178513141.root 
/tmp/maxwoo/21EF1A6A9139C9FD2A38E59AFB466F9A_418/INPUTFILES/data_178513161.root 
/tmp/maxwoo/21EF1A6A9139C9FD2A38E59AFB466F9A_418/INPUTFILES/data_178513201.root 
/tmp/maxwoo/21EF1A6A9139C9FD2A38E59AFB466F9A_418/INPUTFILES/data_178513211.root 
/tmp/maxwoo/21EF1A6A9139C9FD2A38E59AFB466F9A_418/INPUTFILES/data_178513231.root 
/tmp/maxwoo/21EF1A6A9139C9FD2A38E59AFB466F9A_418/INPUTFILES/data_178532281.root 
/tmp/maxwoo/21EF1A6A9139C9FD2A38E59AFB466F9A_418/INPUTFILES/data_178550851.root 
/tmp/maxwoo/21EF1A6A9139C9FD2A38E59AFB466F9A_418/INPUTFILES/data_178550891.root 
/tmp/maxwoo/21EF1A6A9139C9FD2A38E59AFB466F9A_418/INPUTFILES/data_178612511.root 
/tmp/maxwoo/21EF1A6A9139C9FD2A38E59AFB466F9A_418/INPUTFILES/data_178612521.root 
/tmp/maxwoo/21EF1A6A9139C9FD2A38E59AFB466F9A_418/INPUTFILES/data_178612631.root 
/tmp/maxwoo/21EF1A6A9139C9FD2A38E59AFB466F9A_418/INPUTFILES/data_178612751.root 
/tmp/maxwoo/21EF1A6A9139C9FD2A38E59AFB466F9A_418/INPUTFILES/data_178612801.root 
/tmp/maxwoo/21EF1A6A9139C9FD2A38E59AFB466F9A_418/INPUTFILES/data_178612841.root 
/tmp/maxwoo/21EF1A6A9139C9FD2A38E59AFB466F9A_418/INPUTFILES/data_178612871.root 
/tmp/maxwoo/21EF1A6A9139C9FD2A38E59AFB466F9A_418/INPUTFILES/data_178612911.root 
/tmp/maxwoo/21EF1A6A9139C9FD2A38E59AFB466F9A_418/INPUTFILES/data_178612921.root 
/tmp/maxwoo/21EF1A6A9139C9FD2A38E59AFB466F9A_418/INPUTFILES/data_178612951.root 
/tmp/maxwoo/21EF1A6A9139C9FD2A38E59AFB466F9A_418/INPUTFILES/data_178612981.root 
/tmp/maxwoo/21EF1A6A9139C9FD2A38E59AFB466F9A_418/INPUTFILES/data_178613011.root 
/tmp/maxwoo/21EF1A6A9139C9FD2A38E59AFB466F9A_418/INPUTFILES/data_178613101.root 
/tmp/maxwoo/21EF1A6A9139C9FD2A38E59AFB466F9A_418/INPUTFILES/data_178613111.root 
/tmp/maxwoo/21EF1A6A9139C9FD2A38E59AFB466F9A_418/INPUTFILES/data_178613321.root 
/tmp/maxwoo/21EF1A6A9139C9FD2A38E59AFB466F9A_418/INPUTFILES/data_178613521.root 
/tmp/maxwoo/21EF1A6A9139C9FD2A38E59AFB466F9A_418/INPUTFILES/data_178626391.root 
/tmp/maxwoo/21EF1A6A9139C9FD2A38E59AFB466F9A_418/INPUTFILES/data_178712471.root 
/tmp/maxwoo/21EF1A6A9139C9FD2A38E59AFB466F9A_418/INPUTFILES/data_178712501.root 
/tmp/maxwoo/21EF1A6A9139C9FD2A38E59AFB466F9A_418/INPUTFILES/data_178712721.root 
/tmp/maxwoo/21EF1A6A9139C9FD2A38E59AFB466F9A_418/INPUTFILES/data_178712831.root 
/tmp/maxwoo/21EF1A6A9139C9FD2A38E59AFB466F9A_418/INPUTFILES/data_178713081.root 
/tmp/maxwoo/21EF1A6A9139C9FD2A38E59AFB466F9A_418/INPUTFILES/data_178713371.root 
/tmp/maxwoo/21EF1A6A9139C9FD2A38E59AFB466F9A_418/INPUTFILES/data_178714591.root 
/tmp/maxwoo/21EF1A6A9139C9FD2A38E59AFB466F9A_418/INPUTFILES/data_178715921.root 
++++++++++++++++++++find.++++++++++++++++++++++
.
./.output.log
./Check_Sness.C
./check_S.C
./.errror.log
./.sandboxFiles
./lib
./lib/NpartNormalizer_cpp_ACLiC_dict_rdict.pcm
./lib/MixedBuffer_cpp.d
./lib/my_particle_cpp_ACLiC_dict_rdict.pcm
./lib/my_event.h
./lib/my_event.cpp
./lib/NpartNormalizer_cpp.so
./lib/CenMaker_cpp.so
./lib/my_event_cpp.so
./lib/MixedBuffer.cpp
./lib/MixedBuffer_cpp_ACLiC_dict_rdict.pcm
./lib/MixedBuffer_cpp.so
./lib/CenMaker_cpp_ACLiC_dict_rdict.pcm
./lib/NpartNormalizer.cpp
./lib/my_particle_cpp.so
./lib/my_particle.cpp
./lib/NpartNormalizer_cpp.d
./lib/my_event_cpp.d
./lib/my_particle.h
./lib/CenMaker.h
./lib/my_particle_cpp.d
./lib/CenMaker_cpp.d
./lib/MixedBuffer.h
./lib/NpartNormalizer.h
./lib/CenMaker.cpp
./lib/my_event_cpp_ACLiC_dict_rdict.pcm
./INPUTFILES
./INPUTFILES/data_178612801.root
./INPUTFILES/data_178612521.root
./INPUTFILES/data_178532281.root
./INPUTFILES/data_178612841.root
./INPUTFILES/data_178513211.root
./INPUTFILES/data_178550851.root
./INPUTFILES/21EF1A6A9139C9FD2A38E59AFB466F9A_418.local.list
./INPUTFILES/data_178613111.root
./INPUTFILES/data_178712721.root
./INPUTFILES/data_178712471.root
./INPUTFILES/data_178513071.root
./INPUTFILES/data_178714591.root
./INPUTFILES/data_178513131.root
./INPUTFILES/data_178612511.root
./INPUTFILES/data_178612951.root
./INPUTFILES/data_178612871.root
./INPUTFILES/data_178550891.root
./INPUTFILES/data_178513231.root
./INPUTFILES/data_178713081.root
./INPUTFILES/data_178513121.root
./INPUTFILES/data_178613321.root
./INPUTFILES/data_178612911.root
./INPUTFILES/data_178513091.root
./INPUTFILES/data_178712831.root
./INPUTFILES/data_178626391.root
./INPUTFILES/data_178612921.root
./INPUTFILES/data_178513141.root
./INPUTFILES/data_178715921.root
./INPUTFILES/data_178612631.root
./INPUTFILES/data_178713371.root
./INPUTFILES/data_178712501.root
./INPUTFILES/data_178613101.root
./INPUTFILES/data_178513201.root
./INPUTFILES/data_178513161.root
./INPUTFILES/data_178613521.root
./INPUTFILES/data_178613011.root
./INPUTFILES/data_178612981.root
./INPUTFILES/data_178612751.root
++++++++++++++++INPUTFILE Var++++++++++++++++++
FILELIST=/tmp/maxwoo/21EF1A6A9139C9FD2A38E59AFB466F9A_418/INPUTFILES/21EF1A6A9139C9FD2A38E59AFB466F9A_418.local.list
INPUTFILECOUNT=37
INPUTFILE0=/tmp/maxwoo/21EF1A6A9139C9FD2A38E59AFB466F9A_418/INPUTFILES/data_178513071.root
INPUTFILE1=/tmp/maxwoo/21EF1A6A9139C9FD2A38E59AFB466F9A_418/INPUTFILES/data_178513091.root
INPUTFILE2=/tmp/maxwoo/21EF1A6A9139C9FD2A38E59AFB466F9A_418/INPUTFILES/data_178513121.root
INPUTFILE3=/tmp/maxwoo/21EF1A6A9139C9FD2A38E59AFB466F9A_418/INPUTFILES/data_178513131.root
INPUTFILE4=/tmp/maxwoo/21EF1A6A9139C9FD2A38E59AFB466F9A_418/INPUTFILES/data_178513141.root
INPUTFILE5=/tmp/maxwoo/21EF1A6A9139C9FD2A38E59AFB466F9A_418/INPUTFILES/data_178513161.root
INPUTFILE6=/tmp/maxwoo/21EF1A6A9139C9FD2A38E59AFB466F9A_418/INPUTFILES/data_178513201.root
INPUTFILE7=/tmp/maxwoo/21EF1A6A9139C9FD2A38E59AFB466F9A_418/INPUTFILES/data_178513211.root
INPUTFILE8=/tmp/maxwoo/21EF1A6A9139C9FD2A38E59AFB466F9A_418/INPUTFILES/data_178513231.root
INPUTFILE9=/tmp/maxwoo/21EF1A6A9139C9FD2A38E59AFB466F9A_418/INPUTFILES/data_178532281.root
INPUTFILE10=/tmp/maxwoo/21EF1A6A9139C9FD2A38E59AFB466F9A_418/INPUTFILES/data_178550851.root
INPUTFILE11=/tmp/maxwoo/21EF1A6A9139C9FD2A38E59AFB466F9A_418/INPUTFILES/data_178550891.root
INPUTFILE12=/tmp/maxwoo/21EF1A6A9139C9FD2A38E59AFB466F9A_418/INPUTFILES/data_178612511.root
INPUTFILE13=/tmp/maxwoo/21EF1A6A9139C9FD2A38E59AFB466F9A_418/INPUTFILES/data_178612521.root
INPUTFILE14=/tmp/maxwoo/21EF1A6A9139C9FD2A38E59AFB466F9A_418/INPUTFILES/data_178612631.root
INPUTFILE15=/tmp/maxwoo/21EF1A6A9139C9FD2A38E59AFB466F9A_418/INPUTFILES/data_178612751.root
INPUTFILE16=/tmp/maxwoo/21EF1A6A9139C9FD2A38E59AFB466F9A_418/INPUTFILES/data_178612801.root
INPUTFILE17=/tmp/maxwoo/21EF1A6A9139C9FD2A38E59AFB466F9A_418/INPUTFILES/data_178612841.root
INPUTFILE18=/tmp/maxwoo/21EF1A6A9139C9FD2A38E59AFB466F9A_418/INPUTFILES/data_178612871.root
INPUTFILE19=/tmp/maxwoo/21EF1A6A9139C9FD2A38E59AFB466F9A_418/INPUTFILES/data_178612911.root
INPUTFILE20=/tmp/maxwoo/21EF1A6A9139C9FD2A38E59AFB466F9A_418/INPUTFILES/data_178612921.root
INPUTFILE21=/tmp/maxwoo/21EF1A6A9139C9FD2A38E59AFB466F9A_418/INPUTFILES/data_178612951.root
INPUTFILE22=/tmp/maxwoo/21EF1A6A9139C9FD2A38E59AFB466F9A_418/INPUTFILES/data_178612981.root
INPUTFILE23=/tmp/maxwoo/21EF1A6A9139C9FD2A38E59AFB466F9A_418/INPUTFILES/data_178613011.root
INPUTFILE24=/tmp/maxwoo/21EF1A6A9139C9FD2A38E59AFB466F9A_418/INPUTFILES/data_178613101.root
INPUTFILE25=/tmp/maxwoo/21EF1A6A9139C9FD2A38E59AFB466F9A_418/INPUTFILES/data_178613111.root
INPUTFILE26=/tmp/maxwoo/21EF1A6A9139C9FD2A38E59AFB466F9A_418/INPUTFILES/data_178613321.root
INPUTFILE27=/tmp/maxwoo/21EF1A6A9139C9FD2A38E59AFB466F9A_418/INPUTFILES/data_178613521.root
INPUTFILE28=/tmp/maxwoo/21EF1A6A9139C9FD2A38E59AFB466F9A_418/INPUTFILES/data_178626391.root
INPUTFILE29=/tmp/maxwoo/21EF1A6A9139C9FD2A38E59AFB466F9A_418/INPUTFILES/data_178712471.root
INPUTFILE30=/tmp/maxwoo/21EF1A6A9139C9FD2A38E59AFB466F9A_418/INPUTFILES/data_178712501.root
INPUTFILE31=/tmp/maxwoo/21EF1A6A9139C9FD2A38E59AFB466F9A_418/INPUTFILES/data_178712721.root
INPUTFILE32=/tmp/maxwoo/21EF1A6A9139C9FD2A38E59AFB466F9A_418/INPUTFILES/data_178712831.root
INPUTFILE33=/tmp/maxwoo/21EF1A6A9139C9FD2A38E59AFB466F9A_418/INPUTFILES/data_178713081.root
INPUTFILE34=/tmp/maxwoo/21EF1A6A9139C9FD2A38E59AFB466F9A_418/INPUTFILES/data_178713371.root
INPUTFILE35=/tmp/maxwoo/21EF1A6A9139C9FD2A38E59AFB466F9A_418/INPUTFILES/data_178714591.root
INPUTFILE36=/tmp/maxwoo/21EF1A6A9139C9FD2A38E59AFB466F9A_418/INPUTFILES/data_178715921.root
LocalInputFileDir=/tmp/maxwoo/21EF1A6A9139C9FD2A38E59AFB466F9A_418/INPUTFILES
NewFILELIST=/tmp/maxwoo/21EF1A6A9139C9FD2A38E59AFB466F9A_418/INPUTFILES/21EF1A6A9139C9FD2A38E59AFB466F9A_418.local.list
+++++++++++++++++++++++++++++++++++++++++++++++
--------------------------------
Simple Unified Meta Scheduler 1.10.50 we are starting in $SCRATCH : /home/tmp/maxwoo/21EF1A6A9139C9FD2A38E59AFB466F9A_418
--------------------------------
total 16
lrwxrwxrwx 1 maxwoo rhstar   61 Jun  2 11:32 check_S.C -> /gpfs/mnt/gpfs01/star/pwg/xiatong/git/strangeness/./check_S.C
lrwxrwxrwx 1 maxwoo rhstar   65 Jun  2 11:32 Check_Sness.C -> /gpfs/mnt/gpfs01/star/pwg/xiatong/git/strangeness/./Check_Sness.C
drwxr-xr-x 2 maxwoo rhstar 4096 Jun  2 11:36 INPUTFILES
drwxr-xr-x 2 maxwoo rhstar 4096 Jun  2 11:32 lib
  *******************************************
  *                                         *
  *        W E L C O M E  to  R O O T       *
  *                                         *
  *   Version   5.34/38     12 March 2018   *
  *                                         *
  *  You are welcome to visit our Web site  *
  *          http://root.cern.ch            *
  *                                         *
  *******************************************

ROOT 5.34/38 (v5-34-38@v5-34-38, Mar 12 2018, 15:49:39 on linux)

CINT/ROOT C/C++ Interpreter version 5.18.00, July 2, 2010
Type ? for help. Commands must be C++ statements.
Enclose multiple statements between { }.
*** Float Point Exception is OFF ***
 *** Start at Date : Thu Jun  2 11:36:55 2022
QAInfo:You are using STAR_LEVEL : dev, ROOT_LEVEL : 5.34.38 and node : rcas2413.rcf.bnl.gov 

Processing check_S.C++("/tmp/maxwoo/21EF1A6A9139C9FD2A38E59AFB466F9A_418/INPUTFILES/21EF1A6A9139C9FD2A38E59AFB466F9A_418.local.list","21EF1A6A9139C9FD2A38E59AFB466F9A_418",1)...
/tmp/maxwoo/21EF1A6A9139C9FD2A38E59AFB466F9A_418/INPUTFILES/data_178513071.root 
/tmp/maxwoo/21EF1A6A9139C9FD2A38E59AFB466F9A_418/INPUTFILES/data_178513091.root 
/tmp/maxwoo/21EF1A6A9139C9FD2A38E59AFB466F9A_418/INPUTFILES/data_178513121.root 
/tmp/maxwoo/21EF1A6A9139C9FD2A38E59AFB466F9A_418/INPUTFILES/data_178513131.root 
/tmp/maxwoo/21EF1A6A9139C9FD2A38E59AFB466F9A_418/INPUTFILES/data_178513141.root 
/tmp/maxwoo/21EF1A6A9139C9FD2A38E59AFB466F9A_418/INPUTFILES/data_178513161.root 
/tmp/maxwoo/21EF1A6A9139C9FD2A38E59AFB466F9A_418/INPUTFILES/data_178513201.root 
/tmp/maxwoo/21EF1A6A9139C9FD2A38E59AFB466F9A_418/INPUTFILES/data_178513211.root 
/tmp/maxwoo/21EF1A6A9139C9FD2A38E59AFB466F9A_418/INPUTFILES/data_178513231.root 
/tmp/maxwoo/21EF1A6A9139C9FD2A38E59AFB466F9A_418/INPUTFILES/data_178532281.root 
/tmp/maxwoo/21EF1A6A9139C9FD2A38E59AFB466F9A_418/INPUTFILES/data_178550851.root 
/tmp/maxwoo/21EF1A6A9139C9FD2A38E59AFB466F9A_418/INPUTFILES/data_178550891.root 
/tmp/maxwoo/21EF1A6A9139C9FD2A38E59AFB466F9A_418/INPUTFILES/data_178612511.root 
/tmp/maxwoo/21EF1A6A9139C9FD2A38E59AFB466F9A_418/INPUTFILES/data_178612521.root 
/tmp/maxwoo/21EF1A6A9139C9FD2A38E59AFB466F9A_418/INPUTFILES/data_178612631.root 
/tmp/maxwoo/21EF1A6A9139C9FD2A38E59AFB466F9A_418/INPUTFILES/data_178612751.root 
/tmp/maxwoo/21EF1A6A9139C9FD2A38E59AFB466F9A_418/INPUTFILES/data_178612801.root 
/tmp/maxwoo/21EF1A6A9139C9FD2A38E59AFB466F9A_418/INPUTFILES/data_178612841.root 
/tmp/maxwoo/21EF1A6A9139C9FD2A38E59AFB466F9A_418/INPUTFILES/data_178612871.root 
/tmp/maxwoo/21EF1A6A9139C9FD2A38E59AFB466F9A_418/INPUTFILES/data_178612911.root 
/tmp/maxwoo/21EF1A6A9139C9FD2A38E59AFB466F9A_418/INPUTFILES/data_178612921.root 
/tmp/maxwoo/21EF1A6A9139C9FD2A38E59AFB466F9A_418/INPUTFILES/data_178612951.root 
/tmp/maxwoo/21EF1A6A9139C9FD2A38E59AFB466F9A_418/INPUTFILES/data_178612981.root 
/tmp/maxwoo/21EF1A6A9139C9FD2A38E59AFB466F9A_418/INPUTFILES/data_178613011.root 
/tmp/maxwoo/21EF1A6A9139C9FD2A38E59AFB466F9A_418/INPUTFILES/data_178613101.root 
/tmp/maxwoo/21EF1A6A9139C9FD2A38E59AFB466F9A_418/INPUTFILES/data_178613111.root 
/tmp/maxwoo/21EF1A6A9139C9FD2A38E59AFB466F9A_418/INPUTFILES/data_178613321.root 
/tmp/maxwoo/21EF1A6A9139C9FD2A38E59AFB466F9A_418/INPUTFILES/data_178613521.root 
/tmp/maxwoo/21EF1A6A9139C9FD2A38E59AFB466F9A_418/INPUTFILES/data_178626391.root 
/tmp/maxwoo/21EF1A6A9139C9FD2A38E59AFB466F9A_418/INPUTFILES/data_178712471.root 
/tmp/maxwoo/21EF1A6A9139C9FD2A38E59AFB466F9A_418/INPUTFILES/data_178712501.root 
/tmp/maxwoo/21EF1A6A9139C9FD2A38E59AFB466F9A_418/INPUTFILES/data_178712721.root 
/tmp/maxwoo/21EF1A6A9139C9FD2A38E59AFB466F9A_418/INPUTFILES/data_178712831.root 
/tmp/maxwoo/21EF1A6A9139C9FD2A38E59AFB466F9A_418/INPUTFILES/data_178713081.root 
/tmp/maxwoo/21EF1A6A9139C9FD2A38E59AFB466F9A_418/INPUTFILES/data_178713371.root 
/tmp/maxwoo/21EF1A6A9139C9FD2A38E59AFB466F9A_418/INPUTFILES/data_178714591.root 
/tmp/maxwoo/21EF1A6A9139C9FD2A38E59AFB466F9A_418/INPUTFILES/data_178715921.root 
Added 37 files
# entries in chain: 37000
Processing entry == 1000 == out of 37000.
Processing entry == 2000 == out of 37000.
Processing entry == 3000 == out of 37000.
Processing entry == 4000 == out of 37000.
Processing entry == 5000 == out of 37000.
Processing entry == 6000 == out of 37000.
Processing entry == 7000 == out of 37000.
Processing entry == 8000 == out of 37000.
Processing entry == 9000 == out of 37000.
Processing entry == 10000 == out of 37000.
Processing entry == 11000 == out of 37000.
Processing entry == 12000 == out of 37000.
Processing entry == 13000 == out of 37000.
Processing entry == 14000 == out of 37000.
Processing entry == 15000 == out of 37000.
Processing entry == 16000 == out of 37000.
Processing entry == 17000 == out of 37000.
Processing entry == 18000 == out of 37000.
Processing entry == 19000 == out of 37000.
Processing entry == 20000 == out of 37000.
Processing entry == 21000 == out of 37000.
Processing entry == 22000 == out of 37000.
Processing entry == 23000 == out of 37000.
Processing entry == 24000 == out of 37000.
Processing entry == 25000 == out of 37000.
Processing entry == 26000 == out of 37000.
Processing entry == 27000 == out of 37000.
Processing entry == 28000 == out of 37000.
Processing entry == 29000 == out of 37000.
Processing entry == 30000 == out of 37000.
Processing entry == 31000 == out of 37000.
Processing entry == 32000 == out of 37000.
Processing entry == 33000 == out of 37000.
Processing entry == 34000 == out of 37000.
Processing entry == 35000 == out of 37000.
Processing entry == 36000 == out of 37000.
Processing entry == 37000 == out of 37000.

This is the end of ROOT -- Goodbye

Cleaning up sandbox file:  /tmp/maxwoo/21EF1A6A9139C9FD2A38E59AFB466F9A_418/check_S.C
Cleaning up sandbox file:  /tmp/maxwoo/21EF1A6A9139C9FD2A38E59AFB466F9A_418/Check_Sness.C
Cleaning up sandbox file:  /tmp/maxwoo/21EF1A6A9139C9FD2A38E59AFB466F9A_418/lib
Cleaning up sandbox file:  /tmp/maxwoo/21EF1A6A9139C9FD2A38E59AFB466F9A_418/.sandboxFiles
Starting copy block
Running copy command:  /bin/cp -fp /tmp/maxwoo/21EF1A6A9139C9FD2A38E59AFB466F9A_418/out_21EF1A6A9139C9FD2A38E59AFB466F9A_418.root /star/data01/pwg/xiatong/git/strangeness/data/
19519 Execution of (/star/data01/pwg/xiatong/git/strangeness/script/sched21EF1A6A9139C9FD2A38E59AFB466F9A_418.csh ) has ended, exiting normally
19519 We END on [Thu Jun  2 12:09:30 EDT 2022]
