We are starting on node: rcas2940.rcf.bnl.gov
HOME is not defined
Using getent method
HOME is now /star/u/maxwoo
12365 We will spawn ourselves (/star/data01/pwg/xiatong/git/strangeness/script/sched21EF1A6A9139C9FD2A38E59AFB466F9A_810.csh )
12365 We BEGIN on [Thu Jun  2 11:25:52 EDT 2022]
[1] 12737
12365 We are waiting for 12737 
12365 Grandchild PID is 13077 - found in 10 x 1 seconds
12365 Establishing first watcher   on    Thu Jun  2 11:26:03 EDT 2022
12365 Process tree is 12365 (main) -> 12737 (child) -> 13077 (grandchild)
F S   UID   PID  PPID  C PRI  NI ADDR SZ WCHAN  TTY        TIME CMD
0 D 100667 13077 12737  0 80   0 - 32311 cxiWai ?          0:00 cp /star/data01/pwg/xiatong/AMPT/14GeV/data_295677601.root /tmp/maxwoo/21EF1A6A9139C9FD2A38E59AFB466F9A_810/INPUTFILES/data_295677601.root
12365 Grandchild PID is 13752 - found in 20 x 2 seconds
12365 Grandchild to watch has changed on Thu Jun  2 11:26:24 EDT 2022
12365 Process tree is 12365 (main) -> 12737 (child) -> 13752 (grandchild)
F S   UID   PID  PPID  C PRI  NI ADDR SZ WCHAN  TTY        TIME CMD
0 D 100667 13752 12737  0 80   0 - 32311 cxiWai ?          0:00 cp /star/data01/pwg/xiatong/AMPT/14GeV/data_295677811.root /tmp/maxwoo/21EF1A6A9139C9FD2A38E59AFB466F9A_810/INPUTFILES/data_295677811.root
12365 Grandchild PID is 17061 - found in 40 x 2 seconds
12365 Grandchild to watch has changed on Thu Jun  2 11:27:06 EDT 2022
12365 Process tree is 12365 (main) -> 12737 (child) -> 17061 (grandchild)
F S   UID   PID  PPID  C PRI  NI ADDR SZ WCHAN  TTY        TIME CMD
0 D 100667 17061 12737  0 80   0 - 32311 cxiWai ?          0:00 cp /star/data01/pwg/xiatong/AMPT/14GeV/data_295777071.root /tmp/maxwoo/21EF1A6A9139C9FD2A38E59AFB466F9A_810/INPUTFILES/data_295777071.root
12365 Grandchild PID is 18117 - found in 50 x 2 seconds
12365 Grandchild to watch has changed on Thu Jun  2 11:27:26 EDT 2022
12365 Process tree is 12365 (main) -> 12737 (child) -> 18117 (grandchild)
F S   UID   PID  PPID  C PRI  NI ADDR SZ WCHAN  TTY        TIME CMD
0 D 100667 18117 12737  0 80   0 - 32311 cxiWai ?          0:00 cp /star/data01/pwg/xiatong/AMPT/14GeV/data_295777151.root /tmp/maxwoo/21EF1A6A9139C9FD2A38E59AFB466F9A_810/INPUTFILES/data_295777151.root
12365 Grandchild PID is 21036 - found in 70 x 2 seconds
12365 Grandchild to watch has changed on Thu Jun  2 11:28:08 EDT 2022
12365 Process tree is 12365 (main) -> 12737 (child) -> 21036 (grandchild)
F S   UID   PID  PPID  C PRI  NI ADDR SZ WCHAN  TTY        TIME CMD
0 D 100667 21036 12737  0 80   0 - 32311 cxiWai ?          0:00 cp /star/data01/pwg/xiatong/AMPT/14GeV/data_295777381.root /tmp/maxwoo/21EF1A6A9139C9FD2A38E59AFB466F9A_810/INPUTFILES/data_295777381.root
12365 Grandchild PID is 23550 - found in 80 x 2 seconds
12365 Grandchild to watch has changed on Thu Jun  2 11:28:29 EDT 2022
12365 Process tree is 12365 (main) -> 12737 (child) -> 23550 (grandchild)
F S   UID   PID  PPID  C PRI  NI ADDR SZ WCHAN  TTY        TIME CMD
0 D 100667 23550 12737  0 80   0 - 32311 cxiWai ?          0:00 cp /star/data01/pwg/xiatong/AMPT/14GeV/data_295777481.root /tmp/maxwoo/21EF1A6A9139C9FD2A38E59AFB466F9A_810/INPUTFILES/data_295777481.root
12365 Grandchild PID is 24324 - found in 90 x 2 seconds
12365 Grandchild to watch has changed on Thu Jun  2 11:28:50 EDT 2022
12365 Process tree is 12365 (main) -> 12737 (child) -> 24324 (grandchild)
F S   UID   PID  PPID  C PRI  NI ADDR SZ WCHAN  TTY        TIME CMD
0 D 100667 24324 12737  0 80   0 - 32311 cxiWai ?          0:00 cp /star/data01/pwg/xiatong/AMPT/14GeV/data_295777961.root /tmp/maxwoo/21EF1A6A9139C9FD2A38E59AFB466F9A_810/INPUTFILES/data_295777961.root
12365 Grandchild PID is 25004 - found in 100 x 2 seconds
12365 Grandchild to watch has changed on Thu Jun  2 11:29:10 EDT 2022
12365 Process tree is 12365 (main) -> 12737 (child) -> 25004 (grandchild)
F S   UID   PID  PPID  C PRI  NI ADDR SZ WCHAN  TTY        TIME CMD
0 D 100667 25004 12737  0 80   0 - 32311 cxiWai ?          0:00 cp /star/data01/pwg/xiatong/AMPT/14GeV/data_295860671.root /tmp/maxwoo/21EF1A6A9139C9FD2A38E59AFB466F9A_810/INPUTFILES/data_295860671.root
12365 Grandchild PID is 27826 - found in 110 x 2 seconds
12365 Grandchild to watch has changed on Thu Jun  2 11:29:31 EDT 2022
12365 Process tree is 12365 (main) -> 12737 (child) -> 27826 (grandchild)
F S   UID   PID  PPID  C PRI  NI ADDR SZ WCHAN  TTY        TIME CMD
0 D 100667 27826 12737  0 80   0 - 32311 cxiWai ?          0:00 cp /star/data01/pwg/xiatong/AMPT/14GeV/data_295877011.root /tmp/maxwoo/21EF1A6A9139C9FD2A38E59AFB466F9A_810/INPUTFILES/data_295877011.root
12365 Grandchild PID is 29397 - found in 130 x 2 seconds
12365 Grandchild to watch has changed on Thu Jun  2 11:30:13 EDT 2022
12365 Process tree is 12365 (main) -> 12737 (child) -> 29397 (grandchild)
F S   UID   PID  PPID  C PRI  NI ADDR SZ WCHAN  TTY        TIME CMD
0 S 100667 29397 12737  0 80   0 -  1272 do_wai ?          0:00 root -b -q check_S.C++("/tmp/maxwoo/21EF1A6A9139C9FD2A38E59AFB466F9A_810/INPUTFILES/21EF1A6A9139C9FD2A38E59AFB466F9A_810.local.list","21EF1A6A9139C9FD2A38E59AFB466F9A_810",1)
12737 Stepping into the main SUMS wrapper program with []
.... building sandbox
Running: cp /star/data01/pwg/xiatong/AMPT/14GeV/data_295677601.root /tmp/maxwoo/21EF1A6A9139C9FD2A38E59AFB466F9A_810/INPUTFILES/data_295677601.root
Running: cp /star/data01/pwg/xiatong/AMPT/14GeV/data_295677721.root /tmp/maxwoo/21EF1A6A9139C9FD2A38E59AFB466F9A_810/INPUTFILES/data_295677721.root
Running: cp /star/data01/pwg/xiatong/AMPT/14GeV/data_295677801.root /tmp/maxwoo/21EF1A6A9139C9FD2A38E59AFB466F9A_810/INPUTFILES/data_295677801.root
Running: cp /star/data01/pwg/xiatong/AMPT/14GeV/data_295677811.root /tmp/maxwoo/21EF1A6A9139C9FD2A38E59AFB466F9A_810/INPUTFILES/data_295677811.root
Running: cp /star/data01/pwg/xiatong/AMPT/14GeV/data_295710721.root /tmp/maxwoo/21EF1A6A9139C9FD2A38E59AFB466F9A_810/INPUTFILES/data_295710721.root
Running: cp /star/data01/pwg/xiatong/AMPT/14GeV/data_295760751.root /tmp/maxwoo/21EF1A6A9139C9FD2A38E59AFB466F9A_810/INPUTFILES/data_295760751.root
Running: cp /star/data01/pwg/xiatong/AMPT/14GeV/data_295760761.root /tmp/maxwoo/21EF1A6A9139C9FD2A38E59AFB466F9A_810/INPUTFILES/data_295760761.root
Running: cp /star/data01/pwg/xiatong/AMPT/14GeV/data_295760781.root /tmp/maxwoo/21EF1A6A9139C9FD2A38E59AFB466F9A_810/INPUTFILES/data_295760781.root
Running: cp /star/data01/pwg/xiatong/AMPT/14GeV/data_295760801.root /tmp/maxwoo/21EF1A6A9139C9FD2A38E59AFB466F9A_810/INPUTFILES/data_295760801.root
Running: cp /star/data01/pwg/xiatong/AMPT/14GeV/data_295760821.root /tmp/maxwoo/21EF1A6A9139C9FD2A38E59AFB466F9A_810/INPUTFILES/data_295760821.root
Running: cp /star/data01/pwg/xiatong/AMPT/14GeV/data_295760831.root /tmp/maxwoo/21EF1A6A9139C9FD2A38E59AFB466F9A_810/INPUTFILES/data_295760831.root
Running: cp /star/data01/pwg/xiatong/AMPT/14GeV/data_295760901.root /tmp/maxwoo/21EF1A6A9139C9FD2A38E59AFB466F9A_810/INPUTFILES/data_295760901.root
Running: cp /star/data01/pwg/xiatong/AMPT/14GeV/data_295777071.root /tmp/maxwoo/21EF1A6A9139C9FD2A38E59AFB466F9A_810/INPUTFILES/data_295777071.root
Running: cp /star/data01/pwg/xiatong/AMPT/14GeV/data_295777101.root /tmp/maxwoo/21EF1A6A9139C9FD2A38E59AFB466F9A_810/INPUTFILES/data_295777101.root
Running: cp /star/data01/pwg/xiatong/AMPT/14GeV/data_295777121.root /tmp/maxwoo/21EF1A6A9139C9FD2A38E59AFB466F9A_810/INPUTFILES/data_295777121.root
Running: cp /star/data01/pwg/xiatong/AMPT/14GeV/data_295777141.root /tmp/maxwoo/21EF1A6A9139C9FD2A38E59AFB466F9A_810/INPUTFILES/data_295777141.root
Running: cp /star/data01/pwg/xiatong/AMPT/14GeV/data_295777151.root /tmp/maxwoo/21EF1A6A9139C9FD2A38E59AFB466F9A_810/INPUTFILES/data_295777151.root
Running: cp /star/data01/pwg/xiatong/AMPT/14GeV/data_295777181.root /tmp/maxwoo/21EF1A6A9139C9FD2A38E59AFB466F9A_810/INPUTFILES/data_295777181.root
Running: cp /star/data01/pwg/xiatong/AMPT/14GeV/data_295777211.root /tmp/maxwoo/21EF1A6A9139C9FD2A38E59AFB466F9A_810/INPUTFILES/data_295777211.root
Running: cp /star/data01/pwg/xiatong/AMPT/14GeV/data_295777381.root /tmp/maxwoo/21EF1A6A9139C9FD2A38E59AFB466F9A_810/INPUTFILES/data_295777381.root
Running: cp /star/data01/pwg/xiatong/AMPT/14GeV/data_295777391.root /tmp/maxwoo/21EF1A6A9139C9FD2A38E59AFB466F9A_810/INPUTFILES/data_295777391.root
Running: cp /star/data01/pwg/xiatong/AMPT/14GeV/data_295777421.root /tmp/maxwoo/21EF1A6A9139C9FD2A38E59AFB466F9A_810/INPUTFILES/data_295777421.root
Running: cp /star/data01/pwg/xiatong/AMPT/14GeV/data_295777431.root /tmp/maxwoo/21EF1A6A9139C9FD2A38E59AFB466F9A_810/INPUTFILES/data_295777431.root
Running: cp /star/data01/pwg/xiatong/AMPT/14GeV/data_295777451.root /tmp/maxwoo/21EF1A6A9139C9FD2A38E59AFB466F9A_810/INPUTFILES/data_295777451.root
Running: cp /star/data01/pwg/xiatong/AMPT/14GeV/data_295777461.root /tmp/maxwoo/21EF1A6A9139C9FD2A38E59AFB466F9A_810/INPUTFILES/data_295777461.root
Running: cp /star/data01/pwg/xiatong/AMPT/14GeV/data_295777481.root /tmp/maxwoo/21EF1A6A9139C9FD2A38E59AFB466F9A_810/INPUTFILES/data_295777481.root
Running: cp /star/data01/pwg/xiatong/AMPT/14GeV/data_295777501.root /tmp/maxwoo/21EF1A6A9139C9FD2A38E59AFB466F9A_810/INPUTFILES/data_295777501.root
Running: cp /star/data01/pwg/xiatong/AMPT/14GeV/data_295777531.root /tmp/maxwoo/21EF1A6A9139C9FD2A38E59AFB466F9A_810/INPUTFILES/data_295777531.root
Running: cp /star/data01/pwg/xiatong/AMPT/14GeV/data_295777571.root /tmp/maxwoo/21EF1A6A9139C9FD2A38E59AFB466F9A_810/INPUTFILES/data_295777571.root
Running: cp /star/data01/pwg/xiatong/AMPT/14GeV/data_295777791.root /tmp/maxwoo/21EF1A6A9139C9FD2A38E59AFB466F9A_810/INPUTFILES/data_295777791.root
Running: cp /star/data01/pwg/xiatong/AMPT/14GeV/data_295777961.root /tmp/maxwoo/21EF1A6A9139C9FD2A38E59AFB466F9A_810/INPUTFILES/data_295777961.root
Running: cp /star/data01/pwg/xiatong/AMPT/14GeV/data_295860671.root /tmp/maxwoo/21EF1A6A9139C9FD2A38E59AFB466F9A_810/INPUTFILES/data_295860671.root
Running: cp /star/data01/pwg/xiatong/AMPT/14GeV/data_295860721.root /tmp/maxwoo/21EF1A6A9139C9FD2A38E59AFB466F9A_810/INPUTFILES/data_295860721.root
Running: cp /star/data01/pwg/xiatong/AMPT/14GeV/data_295860731.root /tmp/maxwoo/21EF1A6A9139C9FD2A38E59AFB466F9A_810/INPUTFILES/data_295860731.root
Running: cp /star/data01/pwg/xiatong/AMPT/14GeV/data_295860811.root /tmp/maxwoo/21EF1A6A9139C9FD2A38E59AFB466F9A_810/INPUTFILES/data_295860811.root
Running: cp /star/data01/pwg/xiatong/AMPT/14GeV/data_295877001.root /tmp/maxwoo/21EF1A6A9139C9FD2A38E59AFB466F9A_810/INPUTFILES/data_295877001.root
Running: cp /star/data01/pwg/xiatong/AMPT/14GeV/data_295877011.root /tmp/maxwoo/21EF1A6A9139C9FD2A38E59AFB466F9A_810/INPUTFILES/data_295877011.root
Swapping $FILELIST with: /tmp/maxwoo/21EF1A6A9139C9FD2A38E59AFB466F9A_810/INPUTFILES/21EF1A6A9139C9FD2A38E59AFB466F9A_810.local.list
+++++++++++local copy debug++++++++++++++++++++
newFileList: /tmp/maxwoo/21EF1A6A9139C9FD2A38E59AFB466F9A_810/INPUTFILES/21EF1A6A9139C9FD2A38E59AFB466F9A_810.local.list
++++++++++++++++cat FILELIST+++++++++++++++++++
/tmp/maxwoo/21EF1A6A9139C9FD2A38E59AFB466F9A_810/INPUTFILES/data_295677601.root 
/tmp/maxwoo/21EF1A6A9139C9FD2A38E59AFB466F9A_810/INPUTFILES/data_295677721.root 
/tmp/maxwoo/21EF1A6A9139C9FD2A38E59AFB466F9A_810/INPUTFILES/data_295677801.root 
/tmp/maxwoo/21EF1A6A9139C9FD2A38E59AFB466F9A_810/INPUTFILES/data_295677811.root 
/tmp/maxwoo/21EF1A6A9139C9FD2A38E59AFB466F9A_810/INPUTFILES/data_295710721.root 
/tmp/maxwoo/21EF1A6A9139C9FD2A38E59AFB466F9A_810/INPUTFILES/data_295760751.root 
/tmp/maxwoo/21EF1A6A9139C9FD2A38E59AFB466F9A_810/INPUTFILES/data_295760761.root 
/tmp/maxwoo/21EF1A6A9139C9FD2A38E59AFB466F9A_810/INPUTFILES/data_295760781.root 
/tmp/maxwoo/21EF1A6A9139C9FD2A38E59AFB466F9A_810/INPUTFILES/data_295760801.root 
/tmp/maxwoo/21EF1A6A9139C9FD2A38E59AFB466F9A_810/INPUTFILES/data_295760821.root 
/tmp/maxwoo/21EF1A6A9139C9FD2A38E59AFB466F9A_810/INPUTFILES/data_295760831.root 
/tmp/maxwoo/21EF1A6A9139C9FD2A38E59AFB466F9A_810/INPUTFILES/data_295760901.root 
/tmp/maxwoo/21EF1A6A9139C9FD2A38E59AFB466F9A_810/INPUTFILES/data_295777071.root 
/tmp/maxwoo/21EF1A6A9139C9FD2A38E59AFB466F9A_810/INPUTFILES/data_295777101.root 
/tmp/maxwoo/21EF1A6A9139C9FD2A38E59AFB466F9A_810/INPUTFILES/data_295777121.root 
/tmp/maxwoo/21EF1A6A9139C9FD2A38E59AFB466F9A_810/INPUTFILES/data_295777141.root 
/tmp/maxwoo/21EF1A6A9139C9FD2A38E59AFB466F9A_810/INPUTFILES/data_295777151.root 
/tmp/maxwoo/21EF1A6A9139C9FD2A38E59AFB466F9A_810/INPUTFILES/data_295777181.root 
/tmp/maxwoo/21EF1A6A9139C9FD2A38E59AFB466F9A_810/INPUTFILES/data_295777211.root 
/tmp/maxwoo/21EF1A6A9139C9FD2A38E59AFB466F9A_810/INPUTFILES/data_295777381.root 
/tmp/maxwoo/21EF1A6A9139C9FD2A38E59AFB466F9A_810/INPUTFILES/data_295777391.root 
/tmp/maxwoo/21EF1A6A9139C9FD2A38E59AFB466F9A_810/INPUTFILES/data_295777421.root 
/tmp/maxwoo/21EF1A6A9139C9FD2A38E59AFB466F9A_810/INPUTFILES/data_295777431.root 
/tmp/maxwoo/21EF1A6A9139C9FD2A38E59AFB466F9A_810/INPUTFILES/data_295777451.root 
/tmp/maxwoo/21EF1A6A9139C9FD2A38E59AFB466F9A_810/INPUTFILES/data_295777461.root 
/tmp/maxwoo/21EF1A6A9139C9FD2A38E59AFB466F9A_810/INPUTFILES/data_295777481.root 
/tmp/maxwoo/21EF1A6A9139C9FD2A38E59AFB466F9A_810/INPUTFILES/data_295777501.root 
/tmp/maxwoo/21EF1A6A9139C9FD2A38E59AFB466F9A_810/INPUTFILES/data_295777531.root 
/tmp/maxwoo/21EF1A6A9139C9FD2A38E59AFB466F9A_810/INPUTFILES/data_295777571.root 
/tmp/maxwoo/21EF1A6A9139C9FD2A38E59AFB466F9A_810/INPUTFILES/data_295777791.root 
/tmp/maxwoo/21EF1A6A9139C9FD2A38E59AFB466F9A_810/INPUTFILES/data_295777961.root 
/tmp/maxwoo/21EF1A6A9139C9FD2A38E59AFB466F9A_810/INPUTFILES/data_295860671.root 
/tmp/maxwoo/21EF1A6A9139C9FD2A38E59AFB466F9A_810/INPUTFILES/data_295860721.root 
/tmp/maxwoo/21EF1A6A9139C9FD2A38E59AFB466F9A_810/INPUTFILES/data_295860731.root 
/tmp/maxwoo/21EF1A6A9139C9FD2A38E59AFB466F9A_810/INPUTFILES/data_295860811.root 
/tmp/maxwoo/21EF1A6A9139C9FD2A38E59AFB466F9A_810/INPUTFILES/data_295877001.root 
/tmp/maxwoo/21EF1A6A9139C9FD2A38E59AFB466F9A_810/INPUTFILES/data_295877011.root 
++++++++++++++++++++find.++++++++++++++++++++++
.
./.errror.log
./lib
./lib/MixedBuffer_cpp.d
./lib/CenMaker.h
./lib/my_particle.h
./lib/NpartNormalizer.h
./lib/my_particle.cpp
./lib/MixedBuffer.cpp
./lib/CenMaker_cpp_ACLiC_dict_rdict.pcm
./lib/my_event.h
./lib/CenMaker_cpp.so
./lib/NpartNormalizer_cpp.d
./lib/my_particle_cpp.d
./lib/MixedBuffer_cpp_ACLiC_dict_rdict.pcm
./lib/my_event_cpp.so
./lib/my_particle_cpp.so
./lib/NpartNormalizer_cpp.so
./lib/CenMaker.cpp
./lib/MixedBuffer.h
./lib/my_event_cpp.d
./lib/NpartNormalizer_cpp_ACLiC_dict_rdict.pcm
./lib/CenMaker_cpp.d
./lib/my_particle_cpp_ACLiC_dict_rdict.pcm
./lib/my_event.cpp
./lib/my_event_cpp_ACLiC_dict_rdict.pcm
./lib/MixedBuffer_cpp.so
./lib/NpartNormalizer.cpp
./check_S.C
./INPUTFILES
./INPUTFILES/data_295860671.root
./INPUTFILES/data_295777391.root
./INPUTFILES/data_295777431.root
./INPUTFILES/data_295677601.root
./INPUTFILES/data_295760831.root
./INPUTFILES/data_295777071.root
./INPUTFILES/data_295677811.root
./INPUTFILES/data_295777141.root
./INPUTFILES/data_295777451.root
./INPUTFILES/data_295710721.root
./INPUTFILES/data_295777121.root
./INPUTFILES/data_295760821.root
./INPUTFILES/data_295860721.root
./INPUTFILES/data_295777481.root
./INPUTFILES/data_295760761.root
./INPUTFILES/data_295860811.root
./INPUTFILES/data_295760801.root
./INPUTFILES/data_295777461.root
./INPUTFILES/data_295677721.root
./INPUTFILES/data_295777531.root
./INPUTFILES/data_295677801.root
./INPUTFILES/21EF1A6A9139C9FD2A38E59AFB466F9A_810.local.list
./INPUTFILES/data_295760901.root
./INPUTFILES/data_295760751.root
./INPUTFILES/data_295777571.root
./INPUTFILES/data_295777501.root
./INPUTFILES/data_295777151.root
./INPUTFILES/data_295777381.root
./INPUTFILES/data_295760781.root
./INPUTFILES/data_295777211.root
./INPUTFILES/data_295777961.root
./INPUTFILES/data_295777421.root
./INPUTFILES/data_295777791.root
./INPUTFILES/data_295860731.root
./INPUTFILES/data_295877001.root
./INPUTFILES/data_295777101.root
./INPUTFILES/data_295777181.root
./INPUTFILES/data_295877011.root
./Check_Sness.C
./.output.log
./.sandboxFiles
++++++++++++++++INPUTFILE Var++++++++++++++++++
FILELIST=/tmp/maxwoo/21EF1A6A9139C9FD2A38E59AFB466F9A_810/INPUTFILES/21EF1A6A9139C9FD2A38E59AFB466F9A_810.local.list
INPUTFILECOUNT=37
INPUTFILE0=/tmp/maxwoo/21EF1A6A9139C9FD2A38E59AFB466F9A_810/INPUTFILES/data_295677601.root
INPUTFILE1=/tmp/maxwoo/21EF1A6A9139C9FD2A38E59AFB466F9A_810/INPUTFILES/data_295677721.root
INPUTFILE2=/tmp/maxwoo/21EF1A6A9139C9FD2A38E59AFB466F9A_810/INPUTFILES/data_295677801.root
INPUTFILE3=/tmp/maxwoo/21EF1A6A9139C9FD2A38E59AFB466F9A_810/INPUTFILES/data_295677811.root
INPUTFILE4=/tmp/maxwoo/21EF1A6A9139C9FD2A38E59AFB466F9A_810/INPUTFILES/data_295710721.root
INPUTFILE5=/tmp/maxwoo/21EF1A6A9139C9FD2A38E59AFB466F9A_810/INPUTFILES/data_295760751.root
INPUTFILE6=/tmp/maxwoo/21EF1A6A9139C9FD2A38E59AFB466F9A_810/INPUTFILES/data_295760761.root
INPUTFILE7=/tmp/maxwoo/21EF1A6A9139C9FD2A38E59AFB466F9A_810/INPUTFILES/data_295760781.root
INPUTFILE8=/tmp/maxwoo/21EF1A6A9139C9FD2A38E59AFB466F9A_810/INPUTFILES/data_295760801.root
INPUTFILE9=/tmp/maxwoo/21EF1A6A9139C9FD2A38E59AFB466F9A_810/INPUTFILES/data_295760821.root
INPUTFILE10=/tmp/maxwoo/21EF1A6A9139C9FD2A38E59AFB466F9A_810/INPUTFILES/data_295760831.root
INPUTFILE11=/tmp/maxwoo/21EF1A6A9139C9FD2A38E59AFB466F9A_810/INPUTFILES/data_295760901.root
INPUTFILE12=/tmp/maxwoo/21EF1A6A9139C9FD2A38E59AFB466F9A_810/INPUTFILES/data_295777071.root
INPUTFILE13=/tmp/maxwoo/21EF1A6A9139C9FD2A38E59AFB466F9A_810/INPUTFILES/data_295777101.root
INPUTFILE14=/tmp/maxwoo/21EF1A6A9139C9FD2A38E59AFB466F9A_810/INPUTFILES/data_295777121.root
INPUTFILE15=/tmp/maxwoo/21EF1A6A9139C9FD2A38E59AFB466F9A_810/INPUTFILES/data_295777141.root
INPUTFILE16=/tmp/maxwoo/21EF1A6A9139C9FD2A38E59AFB466F9A_810/INPUTFILES/data_295777151.root
INPUTFILE17=/tmp/maxwoo/21EF1A6A9139C9FD2A38E59AFB466F9A_810/INPUTFILES/data_295777181.root
INPUTFILE18=/tmp/maxwoo/21EF1A6A9139C9FD2A38E59AFB466F9A_810/INPUTFILES/data_295777211.root
INPUTFILE19=/tmp/maxwoo/21EF1A6A9139C9FD2A38E59AFB466F9A_810/INPUTFILES/data_295777381.root
INPUTFILE20=/tmp/maxwoo/21EF1A6A9139C9FD2A38E59AFB466F9A_810/INPUTFILES/data_295777391.root
INPUTFILE21=/tmp/maxwoo/21EF1A6A9139C9FD2A38E59AFB466F9A_810/INPUTFILES/data_295777421.root
INPUTFILE22=/tmp/maxwoo/21EF1A6A9139C9FD2A38E59AFB466F9A_810/INPUTFILES/data_295777431.root
INPUTFILE23=/tmp/maxwoo/21EF1A6A9139C9FD2A38E59AFB466F9A_810/INPUTFILES/data_295777451.root
INPUTFILE24=/tmp/maxwoo/21EF1A6A9139C9FD2A38E59AFB466F9A_810/INPUTFILES/data_295777461.root
INPUTFILE25=/tmp/maxwoo/21EF1A6A9139C9FD2A38E59AFB466F9A_810/INPUTFILES/data_295777481.root
INPUTFILE26=/tmp/maxwoo/21EF1A6A9139C9FD2A38E59AFB466F9A_810/INPUTFILES/data_295777501.root
INPUTFILE27=/tmp/maxwoo/21EF1A6A9139C9FD2A38E59AFB466F9A_810/INPUTFILES/data_295777531.root
INPUTFILE28=/tmp/maxwoo/21EF1A6A9139C9FD2A38E59AFB466F9A_810/INPUTFILES/data_295777571.root
INPUTFILE29=/tmp/maxwoo/21EF1A6A9139C9FD2A38E59AFB466F9A_810/INPUTFILES/data_295777791.root
INPUTFILE30=/tmp/maxwoo/21EF1A6A9139C9FD2A38E59AFB466F9A_810/INPUTFILES/data_295777961.root
INPUTFILE31=/tmp/maxwoo/21EF1A6A9139C9FD2A38E59AFB466F9A_810/INPUTFILES/data_295860671.root
INPUTFILE32=/tmp/maxwoo/21EF1A6A9139C9FD2A38E59AFB466F9A_810/INPUTFILES/data_295860721.root
INPUTFILE33=/tmp/maxwoo/21EF1A6A9139C9FD2A38E59AFB466F9A_810/INPUTFILES/data_295860731.root
INPUTFILE34=/tmp/maxwoo/21EF1A6A9139C9FD2A38E59AFB466F9A_810/INPUTFILES/data_295860811.root
INPUTFILE35=/tmp/maxwoo/21EF1A6A9139C9FD2A38E59AFB466F9A_810/INPUTFILES/data_295877001.root
INPUTFILE36=/tmp/maxwoo/21EF1A6A9139C9FD2A38E59AFB466F9A_810/INPUTFILES/data_295877011.root
LocalInputFileDir=/tmp/maxwoo/21EF1A6A9139C9FD2A38E59AFB466F9A_810/INPUTFILES
NewFILELIST=/tmp/maxwoo/21EF1A6A9139C9FD2A38E59AFB466F9A_810/INPUTFILES/21EF1A6A9139C9FD2A38E59AFB466F9A_810.local.list
+++++++++++++++++++++++++++++++++++++++++++++++
--------------------------------
Simple Unified Meta Scheduler 1.10.50 we are starting in $SCRATCH : /home/tmp/maxwoo/21EF1A6A9139C9FD2A38E59AFB466F9A_810
--------------------------------
total 16
lrwxrwxrwx 1 maxwoo rhstar   61 Jun  2 11:25 check_S.C -> /gpfs/mnt/gpfs01/star/pwg/xiatong/git/strangeness/./check_S.C
lrwxrwxrwx 1 maxwoo rhstar   65 Jun  2 11:25 Check_Sness.C -> /gpfs/mnt/gpfs01/star/pwg/xiatong/git/strangeness/./Check_Sness.C
drwxr-xr-x 2 maxwoo rhstar 4096 Jun  2 11:29 INPUTFILES
drwxr-xr-x 2 maxwoo rhstar 4096 Jun  2 11:25 lib
  *******************************************
  *                                         *
  *        W E L C O M E  to  R O O T       *
  *                                         *
  *   Version   5.34/38     12 March 2018   *
  *                                         *
  *  You are welcome to visit our Web site  *
  *          http://root.cern.ch            *
  *                                         *
  *******************************************

ROOT 5.34/38 (v5-34-38@v5-34-38, Mar 12 2018, 15:49:39 on linux)

CINT/ROOT C/C++ Interpreter version 5.18.00, July 2, 2010
Type ? for help. Commands must be C++ statements.
Enclose multiple statements between { }.
*** Float Point Exception is OFF ***
 *** Start at Date : Thu Jun  2 11:29:57 2022
QAInfo:You are using STAR_LEVEL : dev, ROOT_LEVEL : 5.34.38 and node : rcas2940.rcf.bnl.gov 

Processing check_S.C++("/tmp/maxwoo/21EF1A6A9139C9FD2A38E59AFB466F9A_810/INPUTFILES/21EF1A6A9139C9FD2A38E59AFB466F9A_810.local.list","21EF1A6A9139C9FD2A38E59AFB466F9A_810",1)...
/tmp/maxwoo/21EF1A6A9139C9FD2A38E59AFB466F9A_810/INPUTFILES/data_295677601.root 
/tmp/maxwoo/21EF1A6A9139C9FD2A38E59AFB466F9A_810/INPUTFILES/data_295677721.root 
/tmp/maxwoo/21EF1A6A9139C9FD2A38E59AFB466F9A_810/INPUTFILES/data_295677801.root 
/tmp/maxwoo/21EF1A6A9139C9FD2A38E59AFB466F9A_810/INPUTFILES/data_295677811.root 
/tmp/maxwoo/21EF1A6A9139C9FD2A38E59AFB466F9A_810/INPUTFILES/data_295710721.root 
/tmp/maxwoo/21EF1A6A9139C9FD2A38E59AFB466F9A_810/INPUTFILES/data_295760751.root 
/tmp/maxwoo/21EF1A6A9139C9FD2A38E59AFB466F9A_810/INPUTFILES/data_295760761.root 
/tmp/maxwoo/21EF1A6A9139C9FD2A38E59AFB466F9A_810/INPUTFILES/data_295760781.root 
/tmp/maxwoo/21EF1A6A9139C9FD2A38E59AFB466F9A_810/INPUTFILES/data_295760801.root 
/tmp/maxwoo/21EF1A6A9139C9FD2A38E59AFB466F9A_810/INPUTFILES/data_295760821.root 
/tmp/maxwoo/21EF1A6A9139C9FD2A38E59AFB466F9A_810/INPUTFILES/data_295760831.root 
/tmp/maxwoo/21EF1A6A9139C9FD2A38E59AFB466F9A_810/INPUTFILES/data_295760901.root 
/tmp/maxwoo/21EF1A6A9139C9FD2A38E59AFB466F9A_810/INPUTFILES/data_295777071.root 
/tmp/maxwoo/21EF1A6A9139C9FD2A38E59AFB466F9A_810/INPUTFILES/data_295777101.root 
/tmp/maxwoo/21EF1A6A9139C9FD2A38E59AFB466F9A_810/INPUTFILES/data_295777121.root 
/tmp/maxwoo/21EF1A6A9139C9FD2A38E59AFB466F9A_810/INPUTFILES/data_295777141.root 
/tmp/maxwoo/21EF1A6A9139C9FD2A38E59AFB466F9A_810/INPUTFILES/data_295777151.root 
/tmp/maxwoo/21EF1A6A9139C9FD2A38E59AFB466F9A_810/INPUTFILES/data_295777181.root 
/tmp/maxwoo/21EF1A6A9139C9FD2A38E59AFB466F9A_810/INPUTFILES/data_295777211.root 
/tmp/maxwoo/21EF1A6A9139C9FD2A38E59AFB466F9A_810/INPUTFILES/data_295777381.root 
/tmp/maxwoo/21EF1A6A9139C9FD2A38E59AFB466F9A_810/INPUTFILES/data_295777391.root 
/tmp/maxwoo/21EF1A6A9139C9FD2A38E59AFB466F9A_810/INPUTFILES/data_295777421.root 
/tmp/maxwoo/21EF1A6A9139C9FD2A38E59AFB466F9A_810/INPUTFILES/data_295777431.root 
/tmp/maxwoo/21EF1A6A9139C9FD2A38E59AFB466F9A_810/INPUTFILES/data_295777451.root 
/tmp/maxwoo/21EF1A6A9139C9FD2A38E59AFB466F9A_810/INPUTFILES/data_295777461.root 
/tmp/maxwoo/21EF1A6A9139C9FD2A38E59AFB466F9A_810/INPUTFILES/data_295777481.root 
/tmp/maxwoo/21EF1A6A9139C9FD2A38E59AFB466F9A_810/INPUTFILES/data_295777501.root 
/tmp/maxwoo/21EF1A6A9139C9FD2A38E59AFB466F9A_810/INPUTFILES/data_295777531.root 
/tmp/maxwoo/21EF1A6A9139C9FD2A38E59AFB466F9A_810/INPUTFILES/data_295777571.root 
/tmp/maxwoo/21EF1A6A9139C9FD2A38E59AFB466F9A_810/INPUTFILES/data_295777791.root 
/tmp/maxwoo/21EF1A6A9139C9FD2A38E59AFB466F9A_810/INPUTFILES/data_295777961.root 
/tmp/maxwoo/21EF1A6A9139C9FD2A38E59AFB466F9A_810/INPUTFILES/data_295860671.root 
/tmp/maxwoo/21EF1A6A9139C9FD2A38E59AFB466F9A_810/INPUTFILES/data_295860721.root 
/tmp/maxwoo/21EF1A6A9139C9FD2A38E59AFB466F9A_810/INPUTFILES/data_295860731.root 
/tmp/maxwoo/21EF1A6A9139C9FD2A38E59AFB466F9A_810/INPUTFILES/data_295860811.root 
/tmp/maxwoo/21EF1A6A9139C9FD2A38E59AFB466F9A_810/INPUTFILES/data_295877001.root 
/tmp/maxwoo/21EF1A6A9139C9FD2A38E59AFB466F9A_810/INPUTFILES/data_295877011.root 
Added 37 files
# entries in chain: 35758
Processing entry == 1000 == out of 35758.
Processing entry == 2000 == out of 35758.
Processing entry == 3000 == out of 35758.
Processing entry == 4000 == out of 35758.
Processing entry == 5000 == out of 35758.
Processing entry == 6000 == out of 35758.
Processing entry == 7000 == out of 35758.
Processing entry == 8000 == out of 35758.
Processing entry == 9000 == out of 35758.
Processing entry == 10000 == out of 35758.
Processing entry == 11000 == out of 35758.
Processing entry == 12000 == out of 35758.
Processing entry == 13000 == out of 35758.
Processing entry == 14000 == out of 35758.
Processing entry == 15000 == out of 35758.
Processing entry == 16000 == out of 35758.
Processing entry == 17000 == out of 35758.
Processing entry == 18000 == out of 35758.
Processing entry == 19000 == out of 35758.
Processing entry == 20000 == out of 35758.
Processing entry == 21000 == out of 35758.
Processing entry == 22000 == out of 35758.
Processing entry == 23000 == out of 35758.
Processing entry == 24000 == out of 35758.
Processing entry == 25000 == out of 35758.
Processing entry == 26000 == out of 35758.
Processing entry == 27000 == out of 35758.
Processing entry == 28000 == out of 35758.
Processing entry == 29000 == out of 35758.
Processing entry == 30000 == out of 35758.
Processing entry == 31000 == out of 35758.
Processing entry == 32000 == out of 35758.
Processing entry == 33000 == out of 35758.
Processing entry == 34000 == out of 35758.
Processing entry == 35000 == out of 35758.

This is the end of ROOT -- Goodbye

Cleaning up sandbox file:  /tmp/maxwoo/21EF1A6A9139C9FD2A38E59AFB466F9A_810/check_S.C
Cleaning up sandbox file:  /tmp/maxwoo/21EF1A6A9139C9FD2A38E59AFB466F9A_810/Check_Sness.C
Cleaning up sandbox file:  /tmp/maxwoo/21EF1A6A9139C9FD2A38E59AFB466F9A_810/lib
Cleaning up sandbox file:  /tmp/maxwoo/21EF1A6A9139C9FD2A38E59AFB466F9A_810/.sandboxFiles
Starting copy block
Running copy command:  /bin/cp -fp /tmp/maxwoo/21EF1A6A9139C9FD2A38E59AFB466F9A_810/out_21EF1A6A9139C9FD2A38E59AFB466F9A_810.root /star/data01/pwg/xiatong/git/strangeness/data/
12365 Execution of (/star/data01/pwg/xiatong/git/strangeness/script/sched21EF1A6A9139C9FD2A38E59AFB466F9A_810.csh ) has ended, exiting normally
12365 We END on [Thu Jun  2 11:50:44 EDT 2022]
