We are starting on node: rcrs6221.rcf.bnl.gov
HOME is not defined
Using getent method
HOME is now /star/u/maxwoo
56581 We will spawn ourselves (/star/data01/pwg/xiatong/git/strangeness/script/sched21EF1A6A9139C9FD2A38E59AFB466F9A_9.csh )
56581 We BEGIN on [Thu Jun  2 11:45:59 EDT 2022]
[1] 57018
56581 We are waiting for 57018 
56581 Grandchild PID is 57362 - found in 10 x 1 seconds
56581 Establishing first watcher   on    Thu Jun  2 11:46:10 EDT 2022
56581 Process tree is 56581 (main) -> 57018 (child) -> 57362 (grandchild)
F S   UID   PID  PPID  C PRI  NI ADDR SZ WCHAN  TTY        TIME CMD
0 D 100667 57362 57018  0 80   0 - 32311 cxiWai ?          0:00 cp /star/data01/pwg/xiatong/AMPT/14GeV/data_41927951.root /tmp/maxwoo/21EF1A6A9139C9FD2A38E59AFB466F9A_9/INPUTFILES/data_41927951.root
56581 Grandchild PID is 64821 - found in 40 x 2 seconds
56581 Grandchild to watch has changed on Thu Jun  2 11:47:12 EDT 2022
56581 Process tree is 56581 (main) -> 57018 (child) -> 64821 (grandchild)
F S   UID   PID  PPID  C PRI  NI ADDR SZ WCHAN  TTY        TIME CMD
0 D 100667 64821 57018  0 80   0 - 32311 cxiWai ?          0:00 cp /star/data01/pwg/xiatong/AMPT/14GeV/data_41927961.root /tmp/maxwoo/21EF1A6A9139C9FD2A38E59AFB466F9A_9/INPUTFILES/data_41927961.root
56581 Grandchild PID is 3577 - found in 60 x 2 seconds
56581 Grandchild to watch has changed on Thu Jun  2 11:47:53 EDT 2022
56581 Process tree is 56581 (main) -> 57018 (child) -> 3577 (grandchild)
F S   UID   PID  PPID  C PRI  NI ADDR SZ WCHAN  TTY        TIME CMD
0 D 100667 3577 57018  0  80   0 - 32311 cxiWai ?          0:00 cp /star/data01/pwg/xiatong/AMPT/14GeV/data_41948801.root /tmp/maxwoo/21EF1A6A9139C9FD2A38E59AFB466F9A_9/INPUTFILES/data_41948801.root
56581 Grandchild PID is 4582 - found in 70 x 2 seconds
56581 Grandchild to watch has changed on Thu Jun  2 11:48:14 EDT 2022
56581 Process tree is 56581 (main) -> 57018 (child) -> 4582 (grandchild)
F S   UID   PID  PPID  C PRI  NI ADDR SZ WCHAN  TTY        TIME CMD
0 D 100667 4582 57018  0  80   0 - 32311 cxiWai ?          0:00 cp /star/data01/pwg/xiatong/AMPT/14GeV/data_41949461.root /tmp/maxwoo/21EF1A6A9139C9FD2A38E59AFB466F9A_9/INPUTFILES/data_41949461.root
56581 Grandchild PID is 5800 - found in 90 x 2 seconds
56581 Grandchild to watch has changed on Thu Jun  2 11:48:55 EDT 2022
56581 Process tree is 56581 (main) -> 57018 (child) -> 5800 (grandchild)
F S   UID   PID  PPID  C PRI  NI ADDR SZ WCHAN  TTY        TIME CMD
0 D 100667 5800 57018  0  80   0 - 32311 cxiWai ?          0:00 cp /star/data01/pwg/xiatong/AMPT/14GeV/data_41949531.root /tmp/maxwoo/21EF1A6A9139C9FD2A38E59AFB466F9A_9/INPUTFILES/data_41949531.root
56581 Grandchild PID is 7528 - found in 100 x 2 seconds
56581 Grandchild to watch has changed on Thu Jun  2 11:49:16 EDT 2022
56581 Process tree is 56581 (main) -> 57018 (child) -> 7528 (grandchild)
F S   UID   PID  PPID  C PRI  NI ADDR SZ WCHAN  TTY        TIME CMD
0 D 100667 7528 57018  0  80   0 - 32311 cxiWai ?          0:00 cp /star/data01/pwg/xiatong/AMPT/14GeV/data_41949621.root /tmp/maxwoo/21EF1A6A9139C9FD2A38E59AFB466F9A_9/INPUTFILES/data_41949621.root
56581 Grandchild PID is 10908 - found in 120 x 2 seconds
56581 Grandchild to watch has changed on Thu Jun  2 11:49:58 EDT 2022
56581 Process tree is 56581 (main) -> 57018 (child) -> 10908 (grandchild)
F S   UID   PID  PPID  C PRI  NI ADDR SZ WCHAN  TTY        TIME CMD
0 D 100667 10908 57018  0 80   0 - 32311 cxiWai ?          0:00 cp /star/data01/pwg/xiatong/AMPT/14GeV/data_41949661.root /tmp/maxwoo/21EF1A6A9139C9FD2A38E59AFB466F9A_9/INPUTFILES/data_41949661.root
56581 Grandchild PID is 16239 - found in 150 x 2 seconds
56581 Grandchild to watch has changed on Thu Jun  2 11:51:00 EDT 2022
56581 Process tree is 56581 (main) -> 57018 (child) -> 16239 (grandchild)
F S   UID   PID  PPID  C PRI  NI ADDR SZ WCHAN  TTY        TIME CMD
0 D 100667 16239 57018  0 80   0 - 32311 cxiWai ?          0:00 cp /star/data01/pwg/xiatong/AMPT/14GeV/data_41949741.root /tmp/maxwoo/21EF1A6A9139C9FD2A38E59AFB466F9A_9/INPUTFILES/data_41949741.root
56581 Grandchild PID is 18686 - found in 170 x 2 seconds
56581 Grandchild to watch has changed on Thu Jun  2 11:51:41 EDT 2022
56581 Process tree is 56581 (main) -> 57018 (child) -> 18686 (grandchild)
F S   UID   PID  PPID  C PRI  NI ADDR SZ WCHAN  TTY        TIME CMD
0 D 100667 18686 57018  0 80   0 - 32311 cxiWai ?          0:00 cp /star/data01/pwg/xiatong/AMPT/14GeV/data_41950291.root /tmp/maxwoo/21EF1A6A9139C9FD2A38E59AFB466F9A_9/INPUTFILES/data_41950291.root
56581 Grandchild PID is 19327 - found in 180 x 2 seconds
56581 Grandchild to watch has changed on Thu Jun  2 11:52:02 EDT 2022
56581 Process tree is 56581 (main) -> 57018 (child) -> 19327 (grandchild)
F S   UID   PID  PPID  C PRI  NI ADDR SZ WCHAN  TTY        TIME CMD
0 D 100667 19327 57018  0 80   0 - 32311 cxiWai ?          0:00 cp /star/data01/pwg/xiatong/AMPT/14GeV/data_41950571.root /tmp/maxwoo/21EF1A6A9139C9FD2A38E59AFB466F9A_9/INPUTFILES/data_41950571.root
56581 Grandchild PID is 20663 - found in 190 x 2 seconds
56581 Grandchild to watch has changed on Thu Jun  2 11:52:23 EDT 2022
56581 Process tree is 56581 (main) -> 57018 (child) -> 20663 (grandchild)
F S   UID   PID  PPID  C PRI  NI ADDR SZ WCHAN  TTY        TIME CMD
0 D 100667 20663 57018  0 80   0 - 32311 cxiWai ?          0:00 cp /star/data01/pwg/xiatong/AMPT/14GeV/data_41950581.root /tmp/maxwoo/21EF1A6A9139C9FD2A38E59AFB466F9A_9/INPUTFILES/data_41950581.root
56581 Grandchild PID is 22978 - found in 210 x 2 seconds
56581 Grandchild to watch has changed on Thu Jun  2 11:53:04 EDT 2022
56581 Process tree is 56581 (main) -> 57018 (child) -> 22978 (grandchild)
F S   UID   PID  PPID  C PRI  NI ADDR SZ WCHAN  TTY        TIME CMD
0 D 100667 22978 57018  0 80   0 - 32311 cxiWai ?          0:00 cp /star/data01/pwg/xiatong/AMPT/14GeV/data_41950601.root /tmp/maxwoo/21EF1A6A9139C9FD2A38E59AFB466F9A_9/INPUTFILES/data_41950601.root
56581 Grandchild PID is 24167 - found in 220 x 2 seconds
56581 Grandchild to watch has changed on Thu Jun  2 11:53:25 EDT 2022
56581 Process tree is 56581 (main) -> 57018 (child) -> 24167 (grandchild)
F S   UID   PID  PPID  C PRI  NI ADDR SZ WCHAN  TTY        TIME CMD
0 D 100667 24167 57018  0 80   0 - 32311 cxiWai ?          0:00 cp /star/data01/pwg/xiatong/AMPT/14GeV/data_41950691.root /tmp/maxwoo/21EF1A6A9139C9FD2A38E59AFB466F9A_9/INPUTFILES/data_41950691.root
56581 Grandchild PID is 25362 - found in 230 x 2 seconds
56581 Grandchild to watch has changed on Thu Jun  2 11:53:46 EDT 2022
56581 Process tree is 56581 (main) -> 57018 (child) -> 25362 (grandchild)
F S   UID   PID  PPID  C PRI  NI ADDR SZ WCHAN  TTY        TIME CMD
0 D 100667 25362 57018  0 80   0 - 32311 cxiWai ?          0:00 cp /star/data01/pwg/xiatong/AMPT/14GeV/data_41951271.root /tmp/maxwoo/21EF1A6A9139C9FD2A38E59AFB466F9A_9/INPUTFILES/data_41951271.root
56581 Grandchild PID is 26316 - found in 240 x 2 seconds
56581 Grandchild to watch has changed on Thu Jun  2 11:54:06 EDT 2022
56581 Process tree is 56581 (main) -> 57018 (child) -> 26316 (grandchild)
F S   UID   PID  PPID  C PRI  NI ADDR SZ WCHAN  TTY        TIME CMD
56581 Grandchild PID is 26474 - found in 250 x 2 seconds
56581 Grandchild to watch has changed on Thu Jun  2 11:54:27 EDT 2022
56581 Process tree is 56581 (main) -> 57018 (child) -> 26474 (grandchild)
F S   UID   PID  PPID  C PRI  NI ADDR SZ WCHAN  TTY        TIME CMD
0 S 100667 26474 57018  0 80   0 -  1272 do_wai ?          0:00 root -b -q check_S.C++("/tmp/maxwoo/21EF1A6A9139C9FD2A38E59AFB466F9A_9/INPUTFILES/21EF1A6A9139C9FD2A38E59AFB466F9A_9.local.list","21EF1A6A9139C9FD2A38E59AFB466F9A_9",1)
57018 Stepping into the main SUMS wrapper program with []
.... building sandbox
Running: cp /star/data01/pwg/xiatong/AMPT/14GeV/data_41927931.root /tmp/maxwoo/21EF1A6A9139C9FD2A38E59AFB466F9A_9/INPUTFILES/data_41927931.root
Running: cp /star/data01/pwg/xiatong/AMPT/14GeV/data_41927951.root /tmp/maxwoo/21EF1A6A9139C9FD2A38E59AFB466F9A_9/INPUTFILES/data_41927951.root
Running: cp /star/data01/pwg/xiatong/AMPT/14GeV/data_41927961.root /tmp/maxwoo/21EF1A6A9139C9FD2A38E59AFB466F9A_9/INPUTFILES/data_41927961.root
Running: cp /star/data01/pwg/xiatong/AMPT/14GeV/data_41928981.root /tmp/maxwoo/21EF1A6A9139C9FD2A38E59AFB466F9A_9/INPUTFILES/data_41928981.root
Running: cp /star/data01/pwg/xiatong/AMPT/14GeV/data_41929971.root /tmp/maxwoo/21EF1A6A9139C9FD2A38E59AFB466F9A_9/INPUTFILES/data_41929971.root
Running: cp /star/data01/pwg/xiatong/AMPT/14GeV/data_41947821.root /tmp/maxwoo/21EF1A6A9139C9FD2A38E59AFB466F9A_9/INPUTFILES/data_41947821.root
Running: cp /star/data01/pwg/xiatong/AMPT/14GeV/data_41948381.root /tmp/maxwoo/21EF1A6A9139C9FD2A38E59AFB466F9A_9/INPUTFILES/data_41948381.root
Running: cp /star/data01/pwg/xiatong/AMPT/14GeV/data_41948401.root /tmp/maxwoo/21EF1A6A9139C9FD2A38E59AFB466F9A_9/INPUTFILES/data_41948401.root
Running: cp /star/data01/pwg/xiatong/AMPT/14GeV/data_41948711.root /tmp/maxwoo/21EF1A6A9139C9FD2A38E59AFB466F9A_9/INPUTFILES/data_41948711.root
Running: cp /star/data01/pwg/xiatong/AMPT/14GeV/data_41948771.root /tmp/maxwoo/21EF1A6A9139C9FD2A38E59AFB466F9A_9/INPUTFILES/data_41948771.root
Running: cp /star/data01/pwg/xiatong/AMPT/14GeV/data_41948781.root /tmp/maxwoo/21EF1A6A9139C9FD2A38E59AFB466F9A_9/INPUTFILES/data_41948781.root
Running: cp /star/data01/pwg/xiatong/AMPT/14GeV/data_41948801.root /tmp/maxwoo/21EF1A6A9139C9FD2A38E59AFB466F9A_9/INPUTFILES/data_41948801.root
Running: cp /star/data01/pwg/xiatong/AMPT/14GeV/data_41948831.root /tmp/maxwoo/21EF1A6A9139C9FD2A38E59AFB466F9A_9/INPUTFILES/data_41948831.root
Running: cp /star/data01/pwg/xiatong/AMPT/14GeV/data_41949361.root /tmp/maxwoo/21EF1A6A9139C9FD2A38E59AFB466F9A_9/INPUTFILES/data_41949361.root
Running: cp /star/data01/pwg/xiatong/AMPT/14GeV/data_41949371.root /tmp/maxwoo/21EF1A6A9139C9FD2A38E59AFB466F9A_9/INPUTFILES/data_41949371.root
Running: cp /star/data01/pwg/xiatong/AMPT/14GeV/data_41949461.root /tmp/maxwoo/21EF1A6A9139C9FD2A38E59AFB466F9A_9/INPUTFILES/data_41949461.root
Running: cp /star/data01/pwg/xiatong/AMPT/14GeV/data_41949531.root /tmp/maxwoo/21EF1A6A9139C9FD2A38E59AFB466F9A_9/INPUTFILES/data_41949531.root
Running: cp /star/data01/pwg/xiatong/AMPT/14GeV/data_41949551.root /tmp/maxwoo/21EF1A6A9139C9FD2A38E59AFB466F9A_9/INPUTFILES/data_41949551.root
Running: cp /star/data01/pwg/xiatong/AMPT/14GeV/data_41949561.root /tmp/maxwoo/21EF1A6A9139C9FD2A38E59AFB466F9A_9/INPUTFILES/data_41949561.root
Running: cp /star/data01/pwg/xiatong/AMPT/14GeV/data_41949621.root /tmp/maxwoo/21EF1A6A9139C9FD2A38E59AFB466F9A_9/INPUTFILES/data_41949621.root
Running: cp /star/data01/pwg/xiatong/AMPT/14GeV/data_41949631.root /tmp/maxwoo/21EF1A6A9139C9FD2A38E59AFB466F9A_9/INPUTFILES/data_41949631.root
Running: cp /star/data01/pwg/xiatong/AMPT/14GeV/data_41949661.root /tmp/maxwoo/21EF1A6A9139C9FD2A38E59AFB466F9A_9/INPUTFILES/data_41949661.root
Running: cp /star/data01/pwg/xiatong/AMPT/14GeV/data_41949721.root /tmp/maxwoo/21EF1A6A9139C9FD2A38E59AFB466F9A_9/INPUTFILES/data_41949721.root
Running: cp /star/data01/pwg/xiatong/AMPT/14GeV/data_41949741.root /tmp/maxwoo/21EF1A6A9139C9FD2A38E59AFB466F9A_9/INPUTFILES/data_41949741.root
Running: cp /star/data01/pwg/xiatong/AMPT/14GeV/data_41949761.root /tmp/maxwoo/21EF1A6A9139C9FD2A38E59AFB466F9A_9/INPUTFILES/data_41949761.root
Running: cp /star/data01/pwg/xiatong/AMPT/14GeV/data_41950291.root /tmp/maxwoo/21EF1A6A9139C9FD2A38E59AFB466F9A_9/INPUTFILES/data_41950291.root
Running: cp /star/data01/pwg/xiatong/AMPT/14GeV/data_41950321.root /tmp/maxwoo/21EF1A6A9139C9FD2A38E59AFB466F9A_9/INPUTFILES/data_41950321.root
Running: cp /star/data01/pwg/xiatong/AMPT/14GeV/data_41950331.root /tmp/maxwoo/21EF1A6A9139C9FD2A38E59AFB466F9A_9/INPUTFILES/data_41950331.root
Running: cp /star/data01/pwg/xiatong/AMPT/14GeV/data_41950421.root /tmp/maxwoo/21EF1A6A9139C9FD2A38E59AFB466F9A_9/INPUTFILES/data_41950421.root
Running: cp /star/data01/pwg/xiatong/AMPT/14GeV/data_41950451.root /tmp/maxwoo/21EF1A6A9139C9FD2A38E59AFB466F9A_9/INPUTFILES/data_41950451.root
Running: cp /star/data01/pwg/xiatong/AMPT/14GeV/data_41950481.root /tmp/maxwoo/21EF1A6A9139C9FD2A38E59AFB466F9A_9/INPUTFILES/data_41950481.root
Running: cp /star/data01/pwg/xiatong/AMPT/14GeV/data_41950571.root /tmp/maxwoo/21EF1A6A9139C9FD2A38E59AFB466F9A_9/INPUTFILES/data_41950571.root
Running: cp /star/data01/pwg/xiatong/AMPT/14GeV/data_41950581.root /tmp/maxwoo/21EF1A6A9139C9FD2A38E59AFB466F9A_9/INPUTFILES/data_41950581.root
Running: cp /star/data01/pwg/xiatong/AMPT/14GeV/data_41950601.root /tmp/maxwoo/21EF1A6A9139C9FD2A38E59AFB466F9A_9/INPUTFILES/data_41950601.root
Running: cp /star/data01/pwg/xiatong/AMPT/14GeV/data_41950641.root /tmp/maxwoo/21EF1A6A9139C9FD2A38E59AFB466F9A_9/INPUTFILES/data_41950641.root
Running: cp /star/data01/pwg/xiatong/AMPT/14GeV/data_41950691.root /tmp/maxwoo/21EF1A6A9139C9FD2A38E59AFB466F9A_9/INPUTFILES/data_41950691.root
Running: cp /star/data01/pwg/xiatong/AMPT/14GeV/data_41951271.root /tmp/maxwoo/21EF1A6A9139C9FD2A38E59AFB466F9A_9/INPUTFILES/data_41951271.root
Running: cp /star/data01/pwg/xiatong/AMPT/14GeV/data_41951341.root /tmp/maxwoo/21EF1A6A9139C9FD2A38E59AFB466F9A_9/INPUTFILES/data_41951341.root
Swapping $FILELIST with: /tmp/maxwoo/21EF1A6A9139C9FD2A38E59AFB466F9A_9/INPUTFILES/21EF1A6A9139C9FD2A38E59AFB466F9A_9.local.list
+++++++++++local copy debug++++++++++++++++++++
newFileList: /tmp/maxwoo/21EF1A6A9139C9FD2A38E59AFB466F9A_9/INPUTFILES/21EF1A6A9139C9FD2A38E59AFB466F9A_9.local.list
++++++++++++++++cat FILELIST+++++++++++++++++++
/tmp/maxwoo/21EF1A6A9139C9FD2A38E59AFB466F9A_9/INPUTFILES/data_41927931.root 
/tmp/maxwoo/21EF1A6A9139C9FD2A38E59AFB466F9A_9/INPUTFILES/data_41927951.root 
/tmp/maxwoo/21EF1A6A9139C9FD2A38E59AFB466F9A_9/INPUTFILES/data_41927961.root 
/tmp/maxwoo/21EF1A6A9139C9FD2A38E59AFB466F9A_9/INPUTFILES/data_41928981.root 
/tmp/maxwoo/21EF1A6A9139C9FD2A38E59AFB466F9A_9/INPUTFILES/data_41929971.root 
/tmp/maxwoo/21EF1A6A9139C9FD2A38E59AFB466F9A_9/INPUTFILES/data_41947821.root 
/tmp/maxwoo/21EF1A6A9139C9FD2A38E59AFB466F9A_9/INPUTFILES/data_41948381.root 
/tmp/maxwoo/21EF1A6A9139C9FD2A38E59AFB466F9A_9/INPUTFILES/data_41948401.root 
/tmp/maxwoo/21EF1A6A9139C9FD2A38E59AFB466F9A_9/INPUTFILES/data_41948711.root 
/tmp/maxwoo/21EF1A6A9139C9FD2A38E59AFB466F9A_9/INPUTFILES/data_41948771.root 
/tmp/maxwoo/21EF1A6A9139C9FD2A38E59AFB466F9A_9/INPUTFILES/data_41948781.root 
/tmp/maxwoo/21EF1A6A9139C9FD2A38E59AFB466F9A_9/INPUTFILES/data_41948801.root 
/tmp/maxwoo/21EF1A6A9139C9FD2A38E59AFB466F9A_9/INPUTFILES/data_41948831.root 
/tmp/maxwoo/21EF1A6A9139C9FD2A38E59AFB466F9A_9/INPUTFILES/data_41949361.root 
/tmp/maxwoo/21EF1A6A9139C9FD2A38E59AFB466F9A_9/INPUTFILES/data_41949371.root 
/tmp/maxwoo/21EF1A6A9139C9FD2A38E59AFB466F9A_9/INPUTFILES/data_41949461.root 
/tmp/maxwoo/21EF1A6A9139C9FD2A38E59AFB466F9A_9/INPUTFILES/data_41949531.root 
/tmp/maxwoo/21EF1A6A9139C9FD2A38E59AFB466F9A_9/INPUTFILES/data_41949551.root 
/tmp/maxwoo/21EF1A6A9139C9FD2A38E59AFB466F9A_9/INPUTFILES/data_41949561.root 
/tmp/maxwoo/21EF1A6A9139C9FD2A38E59AFB466F9A_9/INPUTFILES/data_41949621.root 
/tmp/maxwoo/21EF1A6A9139C9FD2A38E59AFB466F9A_9/INPUTFILES/data_41949631.root 
/tmp/maxwoo/21EF1A6A9139C9FD2A38E59AFB466F9A_9/INPUTFILES/data_41949661.root 
/tmp/maxwoo/21EF1A6A9139C9FD2A38E59AFB466F9A_9/INPUTFILES/data_41949721.root 
/tmp/maxwoo/21EF1A6A9139C9FD2A38E59AFB466F9A_9/INPUTFILES/data_41949741.root 
/tmp/maxwoo/21EF1A6A9139C9FD2A38E59AFB466F9A_9/INPUTFILES/data_41949761.root 
/tmp/maxwoo/21EF1A6A9139C9FD2A38E59AFB466F9A_9/INPUTFILES/data_41950291.root 
/tmp/maxwoo/21EF1A6A9139C9FD2A38E59AFB466F9A_9/INPUTFILES/data_41950321.root 
/tmp/maxwoo/21EF1A6A9139C9FD2A38E59AFB466F9A_9/INPUTFILES/data_41950331.root 
/tmp/maxwoo/21EF1A6A9139C9FD2A38E59AFB466F9A_9/INPUTFILES/data_41950421.root 
/tmp/maxwoo/21EF1A6A9139C9FD2A38E59AFB466F9A_9/INPUTFILES/data_41950451.root 
/tmp/maxwoo/21EF1A6A9139C9FD2A38E59AFB466F9A_9/INPUTFILES/data_41950481.root 
/tmp/maxwoo/21EF1A6A9139C9FD2A38E59AFB466F9A_9/INPUTFILES/data_41950571.root 
/tmp/maxwoo/21EF1A6A9139C9FD2A38E59AFB466F9A_9/INPUTFILES/data_41950581.root 
/tmp/maxwoo/21EF1A6A9139C9FD2A38E59AFB466F9A_9/INPUTFILES/data_41950601.root 
/tmp/maxwoo/21EF1A6A9139C9FD2A38E59AFB466F9A_9/INPUTFILES/data_41950641.root 
/tmp/maxwoo/21EF1A6A9139C9FD2A38E59AFB466F9A_9/INPUTFILES/data_41950691.root 
/tmp/maxwoo/21EF1A6A9139C9FD2A38E59AFB466F9A_9/INPUTFILES/data_41951271.root 
/tmp/maxwoo/21EF1A6A9139C9FD2A38E59AFB466F9A_9/INPUTFILES/data_41951341.root 
++++++++++++++++++++find.++++++++++++++++++++++
.
./check_S.C
./.errror.log
./lib
./lib/NpartNormalizer_cpp.so
./lib/NpartNormalizer_cpp.d
./lib/my_particle_cpp_ACLiC_dict_rdict.pcm
./lib/my_event_cpp_ACLiC_dict_rdict.pcm
./lib/NpartNormalizer.cpp
./lib/my_particle_cpp.so
./lib/my_particle_cpp.d
./lib/my_event.h
./lib/MixedBuffer_cpp.d
./lib/CenMaker_cpp_ACLiC_dict_rdict.pcm
./lib/MixedBuffer.cpp
./lib/my_particle.cpp
./lib/CenMaker.cpp
./lib/CenMaker_cpp.d
./lib/NpartNormalizer_cpp_ACLiC_dict_rdict.pcm
./lib/MixedBuffer_cpp_ACLiC_dict_rdict.pcm
./lib/my_event.cpp
./lib/CenMaker_cpp.so
./lib/MixedBuffer.h
./lib/my_particle.h
./lib/NpartNormalizer.h
./lib/MixedBuffer_cpp.so
./lib/CenMaker.h
./lib/my_event_cpp.so
./lib/my_event_cpp.d
./INPUTFILES
./INPUTFILES/data_41927961.root
./INPUTFILES/data_41950421.root
./INPUTFILES/data_41948831.root
./INPUTFILES/data_41950571.root
./INPUTFILES/data_41949661.root
./INPUTFILES/data_41927951.root
./INPUTFILES/data_41950321.root
./INPUTFILES/data_41949551.root
./INPUTFILES/data_41950481.root
./INPUTFILES/data_41948801.root
./INPUTFILES/data_41951271.root
./INPUTFILES/data_41949761.root
./INPUTFILES/data_41950291.root
./INPUTFILES/data_41948401.root
./INPUTFILES/data_41948711.root
./INPUTFILES/data_41949561.root
./INPUTFILES/data_41950581.root
./INPUTFILES/data_41950451.root
./INPUTFILES/data_41949721.root
./INPUTFILES/21EF1A6A9139C9FD2A38E59AFB466F9A_9.local.list
./INPUTFILES/data_41948381.root
./INPUTFILES/data_41949631.root
./INPUTFILES/data_41950601.root
./INPUTFILES/data_41949741.root
./INPUTFILES/data_41948771.root
./INPUTFILES/data_41949361.root
./INPUTFILES/data_41929971.root
./INPUTFILES/data_41951341.root
./INPUTFILES/data_41950691.root
./INPUTFILES/data_41947821.root
./INPUTFILES/data_41948781.root
./INPUTFILES/data_41950641.root
./INPUTFILES/data_41950331.root
./INPUTFILES/data_41949461.root
./INPUTFILES/data_41949371.root
./INPUTFILES/data_41928981.root
./INPUTFILES/data_41949621.root
./INPUTFILES/data_41949531.root
./INPUTFILES/data_41927931.root
./Check_Sness.C
./.sandboxFiles
./.output.log
++++++++++++++++INPUTFILE Var++++++++++++++++++
FILELIST=/tmp/maxwoo/21EF1A6A9139C9FD2A38E59AFB466F9A_9/INPUTFILES/21EF1A6A9139C9FD2A38E59AFB466F9A_9.local.list
INPUTFILECOUNT=38
INPUTFILE0=/tmp/maxwoo/21EF1A6A9139C9FD2A38E59AFB466F9A_9/INPUTFILES/data_41927931.root
INPUTFILE1=/tmp/maxwoo/21EF1A6A9139C9FD2A38E59AFB466F9A_9/INPUTFILES/data_41927951.root
INPUTFILE2=/tmp/maxwoo/21EF1A6A9139C9FD2A38E59AFB466F9A_9/INPUTFILES/data_41927961.root
INPUTFILE3=/tmp/maxwoo/21EF1A6A9139C9FD2A38E59AFB466F9A_9/INPUTFILES/data_41928981.root
INPUTFILE4=/tmp/maxwoo/21EF1A6A9139C9FD2A38E59AFB466F9A_9/INPUTFILES/data_41929971.root
INPUTFILE5=/tmp/maxwoo/21EF1A6A9139C9FD2A38E59AFB466F9A_9/INPUTFILES/data_41947821.root
INPUTFILE6=/tmp/maxwoo/21EF1A6A9139C9FD2A38E59AFB466F9A_9/INPUTFILES/data_41948381.root
INPUTFILE7=/tmp/maxwoo/21EF1A6A9139C9FD2A38E59AFB466F9A_9/INPUTFILES/data_41948401.root
INPUTFILE8=/tmp/maxwoo/21EF1A6A9139C9FD2A38E59AFB466F9A_9/INPUTFILES/data_41948711.root
INPUTFILE9=/tmp/maxwoo/21EF1A6A9139C9FD2A38E59AFB466F9A_9/INPUTFILES/data_41948771.root
INPUTFILE10=/tmp/maxwoo/21EF1A6A9139C9FD2A38E59AFB466F9A_9/INPUTFILES/data_41948781.root
INPUTFILE11=/tmp/maxwoo/21EF1A6A9139C9FD2A38E59AFB466F9A_9/INPUTFILES/data_41948801.root
INPUTFILE12=/tmp/maxwoo/21EF1A6A9139C9FD2A38E59AFB466F9A_9/INPUTFILES/data_41948831.root
INPUTFILE13=/tmp/maxwoo/21EF1A6A9139C9FD2A38E59AFB466F9A_9/INPUTFILES/data_41949361.root
INPUTFILE14=/tmp/maxwoo/21EF1A6A9139C9FD2A38E59AFB466F9A_9/INPUTFILES/data_41949371.root
INPUTFILE15=/tmp/maxwoo/21EF1A6A9139C9FD2A38E59AFB466F9A_9/INPUTFILES/data_41949461.root
INPUTFILE16=/tmp/maxwoo/21EF1A6A9139C9FD2A38E59AFB466F9A_9/INPUTFILES/data_41949531.root
INPUTFILE17=/tmp/maxwoo/21EF1A6A9139C9FD2A38E59AFB466F9A_9/INPUTFILES/data_41949551.root
INPUTFILE18=/tmp/maxwoo/21EF1A6A9139C9FD2A38E59AFB466F9A_9/INPUTFILES/data_41949561.root
INPUTFILE19=/tmp/maxwoo/21EF1A6A9139C9FD2A38E59AFB466F9A_9/INPUTFILES/data_41949621.root
INPUTFILE20=/tmp/maxwoo/21EF1A6A9139C9FD2A38E59AFB466F9A_9/INPUTFILES/data_41949631.root
INPUTFILE21=/tmp/maxwoo/21EF1A6A9139C9FD2A38E59AFB466F9A_9/INPUTFILES/data_41949661.root
INPUTFILE22=/tmp/maxwoo/21EF1A6A9139C9FD2A38E59AFB466F9A_9/INPUTFILES/data_41949721.root
INPUTFILE23=/tmp/maxwoo/21EF1A6A9139C9FD2A38E59AFB466F9A_9/INPUTFILES/data_41949741.root
INPUTFILE24=/tmp/maxwoo/21EF1A6A9139C9FD2A38E59AFB466F9A_9/INPUTFILES/data_41949761.root
INPUTFILE25=/tmp/maxwoo/21EF1A6A9139C9FD2A38E59AFB466F9A_9/INPUTFILES/data_41950291.root
INPUTFILE26=/tmp/maxwoo/21EF1A6A9139C9FD2A38E59AFB466F9A_9/INPUTFILES/data_41950321.root
INPUTFILE27=/tmp/maxwoo/21EF1A6A9139C9FD2A38E59AFB466F9A_9/INPUTFILES/data_41950331.root
INPUTFILE28=/tmp/maxwoo/21EF1A6A9139C9FD2A38E59AFB466F9A_9/INPUTFILES/data_41950421.root
INPUTFILE29=/tmp/maxwoo/21EF1A6A9139C9FD2A38E59AFB466F9A_9/INPUTFILES/data_41950451.root
INPUTFILE30=/tmp/maxwoo/21EF1A6A9139C9FD2A38E59AFB466F9A_9/INPUTFILES/data_41950481.root
INPUTFILE31=/tmp/maxwoo/21EF1A6A9139C9FD2A38E59AFB466F9A_9/INPUTFILES/data_41950571.root
INPUTFILE32=/tmp/maxwoo/21EF1A6A9139C9FD2A38E59AFB466F9A_9/INPUTFILES/data_41950581.root
INPUTFILE33=/tmp/maxwoo/21EF1A6A9139C9FD2A38E59AFB466F9A_9/INPUTFILES/data_41950601.root
INPUTFILE34=/tmp/maxwoo/21EF1A6A9139C9FD2A38E59AFB466F9A_9/INPUTFILES/data_41950641.root
INPUTFILE35=/tmp/maxwoo/21EF1A6A9139C9FD2A38E59AFB466F9A_9/INPUTFILES/data_41950691.root
INPUTFILE36=/tmp/maxwoo/21EF1A6A9139C9FD2A38E59AFB466F9A_9/INPUTFILES/data_41951271.root
INPUTFILE37=/tmp/maxwoo/21EF1A6A9139C9FD2A38E59AFB466F9A_9/INPUTFILES/data_41951341.root
LocalInputFileDir=/tmp/maxwoo/21EF1A6A9139C9FD2A38E59AFB466F9A_9/INPUTFILES
NewFILELIST=/tmp/maxwoo/21EF1A6A9139C9FD2A38E59AFB466F9A_9/INPUTFILES/21EF1A6A9139C9FD2A38E59AFB466F9A_9.local.list
+++++++++++++++++++++++++++++++++++++++++++++++
--------------------------------
Simple Unified Meta Scheduler 1.10.50 we are starting in $SCRATCH : /home/tmp/maxwoo/21EF1A6A9139C9FD2A38E59AFB466F9A_9
--------------------------------
total 16
lrwxrwxrwx 1 maxwoo rhstar   61 Jun  2 11:45 check_S.C -> /gpfs/mnt/gpfs01/star/pwg/xiatong/git/strangeness/./check_S.C
lrwxrwxrwx 1 maxwoo rhstar   65 Jun  2 11:45 Check_Sness.C -> /gpfs/mnt/gpfs01/star/pwg/xiatong/git/strangeness/./Check_Sness.C
drwxr-xr-x 2 maxwoo rhstar 4096 Jun  2 11:54 INPUTFILES
drwxr-xr-x 2 maxwoo rhstar 4096 Jun  2 11:46 lib
  *******************************************
  *                                         *
  *        W E L C O M E  to  R O O T       *
  *                                         *
  *   Version   5.34/38     12 March 2018   *
  *                                         *
  *  You are welcome to visit our Web site  *
  *          http://root.cern.ch            *
  *                                         *
  *******************************************

ROOT 5.34/38 (v5-34-38@v5-34-38, Mar 12 2018, 15:49:39 on linux)

CINT/ROOT C/C++ Interpreter version 5.18.00, July 2, 2010
Type ? for help. Commands must be C++ statements.
Enclose multiple statements between { }.
*** Float Point Exception is OFF ***
 *** Start at Date : Thu Jun  2 11:54:08 2022
QAInfo:You are using STAR_LEVEL : dev, ROOT_LEVEL : 5.34.38 and node : rcrs6221.rcf.bnl.gov 

Processing check_S.C++("/tmp/maxwoo/21EF1A6A9139C9FD2A38E59AFB466F9A_9/INPUTFILES/21EF1A6A9139C9FD2A38E59AFB466F9A_9.local.list","21EF1A6A9139C9FD2A38E59AFB466F9A_9",1)...
/tmp/maxwoo/21EF1A6A9139C9FD2A38E59AFB466F9A_9/INPUTFILES/data_41927931.root 
/tmp/maxwoo/21EF1A6A9139C9FD2A38E59AFB466F9A_9/INPUTFILES/data_41927951.root 
/tmp/maxwoo/21EF1A6A9139C9FD2A38E59AFB466F9A_9/INPUTFILES/data_41927961.root 
/tmp/maxwoo/21EF1A6A9139C9FD2A38E59AFB466F9A_9/INPUTFILES/data_41928981.root 
/tmp/maxwoo/21EF1A6A9139C9FD2A38E59AFB466F9A_9/INPUTFILES/data_41929971.root 
/tmp/maxwoo/21EF1A6A9139C9FD2A38E59AFB466F9A_9/INPUTFILES/data_41947821.root 
/tmp/maxwoo/21EF1A6A9139C9FD2A38E59AFB466F9A_9/INPUTFILES/data_41948381.root 
/tmp/maxwoo/21EF1A6A9139C9FD2A38E59AFB466F9A_9/INPUTFILES/data_41948401.root 
/tmp/maxwoo/21EF1A6A9139C9FD2A38E59AFB466F9A_9/INPUTFILES/data_41948711.root 
/tmp/maxwoo/21EF1A6A9139C9FD2A38E59AFB466F9A_9/INPUTFILES/data_41948771.root 
/tmp/maxwoo/21EF1A6A9139C9FD2A38E59AFB466F9A_9/INPUTFILES/data_41948781.root 
/tmp/maxwoo/21EF1A6A9139C9FD2A38E59AFB466F9A_9/INPUTFILES/data_41948801.root 
/tmp/maxwoo/21EF1A6A9139C9FD2A38E59AFB466F9A_9/INPUTFILES/data_41948831.root 
/tmp/maxwoo/21EF1A6A9139C9FD2A38E59AFB466F9A_9/INPUTFILES/data_41949361.root 
/tmp/maxwoo/21EF1A6A9139C9FD2A38E59AFB466F9A_9/INPUTFILES/data_41949371.root 
/tmp/maxwoo/21EF1A6A9139C9FD2A38E59AFB466F9A_9/INPUTFILES/data_41949461.root 
/tmp/maxwoo/21EF1A6A9139C9FD2A38E59AFB466F9A_9/INPUTFILES/data_41949531.root 
/tmp/maxwoo/21EF1A6A9139C9FD2A38E59AFB466F9A_9/INPUTFILES/data_41949551.root 
/tmp/maxwoo/21EF1A6A9139C9FD2A38E59AFB466F9A_9/INPUTFILES/data_41949561.root 
/tmp/maxwoo/21EF1A6A9139C9FD2A38E59AFB466F9A_9/INPUTFILES/data_41949621.root 
/tmp/maxwoo/21EF1A6A9139C9FD2A38E59AFB466F9A_9/INPUTFILES/data_41949631.root 
/tmp/maxwoo/21EF1A6A9139C9FD2A38E59AFB466F9A_9/INPUTFILES/data_41949661.root 
/tmp/maxwoo/21EF1A6A9139C9FD2A38E59AFB466F9A_9/INPUTFILES/data_41949721.root 
/tmp/maxwoo/21EF1A6A9139C9FD2A38E59AFB466F9A_9/INPUTFILES/data_41949741.root 
/tmp/maxwoo/21EF1A6A9139C9FD2A38E59AFB466F9A_9/INPUTFILES/data_41949761.root 
/tmp/maxwoo/21EF1A6A9139C9FD2A38E59AFB466F9A_9/INPUTFILES/data_41950291.root 
/tmp/maxwoo/21EF1A6A9139C9FD2A38E59AFB466F9A_9/INPUTFILES/data_41950321.root 
/tmp/maxwoo/21EF1A6A9139C9FD2A38E59AFB466F9A_9/INPUTFILES/data_41950331.root 
/tmp/maxwoo/21EF1A6A9139C9FD2A38E59AFB466F9A_9/INPUTFILES/data_41950421.root 
/tmp/maxwoo/21EF1A6A9139C9FD2A38E59AFB466F9A_9/INPUTFILES/data_41950451.root 
/tmp/maxwoo/21EF1A6A9139C9FD2A38E59AFB466F9A_9/INPUTFILES/data_41950481.root 
/tmp/maxwoo/21EF1A6A9139C9FD2A38E59AFB466F9A_9/INPUTFILES/data_41950571.root 
/tmp/maxwoo/21EF1A6A9139C9FD2A38E59AFB466F9A_9/INPUTFILES/data_41950581.root 
/tmp/maxwoo/21EF1A6A9139C9FD2A38E59AFB466F9A_9/INPUTFILES/data_41950601.root 
/tmp/maxwoo/21EF1A6A9139C9FD2A38E59AFB466F9A_9/INPUTFILES/data_41950641.root 
/tmp/maxwoo/21EF1A6A9139C9FD2A38E59AFB466F9A_9/INPUTFILES/data_41950691.root 
/tmp/maxwoo/21EF1A6A9139C9FD2A38E59AFB466F9A_9/INPUTFILES/data_41951271.root 
/tmp/maxwoo/21EF1A6A9139C9FD2A38E59AFB466F9A_9/INPUTFILES/data_41951341.root 
Added 38 files
# entries in chain: 38000
Processing entry == 1000 == out of 38000.
Processing entry == 2000 == out of 38000.
Processing entry == 3000 == out of 38000.
Processing entry == 4000 == out of 38000.
Processing entry == 5000 == out of 38000.
Processing entry == 6000 == out of 38000.
Processing entry == 7000 == out of 38000.
Processing entry == 8000 == out of 38000.
Processing entry == 9000 == out of 38000.
Processing entry == 10000 == out of 38000.
Processing entry == 11000 == out of 38000.
Processing entry == 12000 == out of 38000.
Processing entry == 13000 == out of 38000.
Processing entry == 14000 == out of 38000.
Processing entry == 15000 == out of 38000.
Processing entry == 16000 == out of 38000.
Processing entry == 17000 == out of 38000.
Processing entry == 18000 == out of 38000.
Processing entry == 19000 == out of 38000.
Processing entry == 20000 == out of 38000.
Processing entry == 21000 == out of 38000.
Processing entry == 22000 == out of 38000.
Processing entry == 23000 == out of 38000.
Processing entry == 24000 == out of 38000.
Processing entry == 25000 == out of 38000.
Processing entry == 26000 == out of 38000.
Processing entry == 27000 == out of 38000.
Processing entry == 28000 == out of 38000.
Processing entry == 29000 == out of 38000.
Processing entry == 30000 == out of 38000.
Processing entry == 31000 == out of 38000.
Processing entry == 32000 == out of 38000.
Processing entry == 33000 == out of 38000.
Processing entry == 34000 == out of 38000.
Processing entry == 35000 == out of 38000.
Processing entry == 36000 == out of 38000.
Processing entry == 37000 == out of 38000.
Processing entry == 38000 == out of 38000.

This is the end of ROOT -- Goodbye

Cleaning up sandbox file:  /tmp/maxwoo/21EF1A6A9139C9FD2A38E59AFB466F9A_9/check_S.C
Cleaning up sandbox file:  /tmp/maxwoo/21EF1A6A9139C9FD2A38E59AFB466F9A_9/Check_Sness.C
Cleaning up sandbox file:  /tmp/maxwoo/21EF1A6A9139C9FD2A38E59AFB466F9A_9/lib
Cleaning up sandbox file:  /tmp/maxwoo/21EF1A6A9139C9FD2A38E59AFB466F9A_9/.sandboxFiles
Starting copy block
Running copy command:  /bin/cp -fp /tmp/maxwoo/21EF1A6A9139C9FD2A38E59AFB466F9A_9/out_21EF1A6A9139C9FD2A38E59AFB466F9A_9.root /star/data01/pwg/xiatong/git/strangeness/data/
56581 Execution of (/star/data01/pwg/xiatong/git/strangeness/script/sched21EF1A6A9139C9FD2A38E59AFB466F9A_9.csh ) has ended, exiting normally
56581 We END on [Thu Jun  2 12:14:17 EDT 2022]
