We are starting on node: spool0725.sdcc.bnl.gov
HOME is not defined
Using getent method
HOME is now /star/u/maxwoo
36155 We will spawn ourselves (/star/data01/pwg/xiatong/git/strangeness/script/sched21EF1A6A9139C9FD2A38E59AFB466F9A_858.csh )
36155 We BEGIN on [Thu Jun  2 11:24:59 EDT 2022]
[1] 36471
36155 We are waiting for 36471 
36155 Grandchild PID is 36900 - found in 10 x 1 seconds
36155 Establishing first watcher   on    Thu Jun  2 11:25:09 EDT 2022
36155 Process tree is 36155 (main) -> 36471 (child) -> 36900 (grandchild)
F S   UID    PID   PPID  C PRI  NI ADDR SZ WCHAN  TTY        TIME CMD
0 D 100667 36900  36471  0  80   0 - 32311 cxiWai ?          0:00 cp /star/data01/pwg/xiatong/AMPT/14GeV/data_302466071.root /tmp/maxwoo/21EF1A6A9139C9FD2A38E59AFB466F9A_858/INPUTFILES/data_302466071.root
36155 Grandchild PID is 37550 - found in 20 x 2 seconds
36155 Grandchild to watch has changed on Thu Jun  2 11:25:30 EDT 2022
36155 Process tree is 36155 (main) -> 36471 (child) -> 37550 (grandchild)
F S   UID    PID   PPID  C PRI  NI ADDR SZ WCHAN  TTY        TIME CMD
0 D 100667 37550  36471  0  80   0 - 32311 cxiWai ?          0:00 cp /star/data01/pwg/xiatong/AMPT/14GeV/data_302466101.root /tmp/maxwoo/21EF1A6A9139C9FD2A38E59AFB466F9A_858/INPUTFILES/data_302466101.root
36155 Grandchild PID is 38785 - found in 30 x 2 seconds
36155 Grandchild to watch has changed on Thu Jun  2 11:25:51 EDT 2022
36155 Process tree is 36155 (main) -> 36471 (child) -> 38785 (grandchild)
F S   UID    PID   PPID  C PRI  NI ADDR SZ WCHAN  TTY        TIME CMD
0 D 100667 38785  36471  0  80   0 - 32311 cxiWai ?          0:00 cp /star/data01/pwg/xiatong/AMPT/14GeV/data_302466401.root /tmp/maxwoo/21EF1A6A9139C9FD2A38E59AFB466F9A_858/INPUTFILES/data_302466401.root
36155 Grandchild PID is 40751 - found in 50 x 2 seconds
36155 Grandchild to watch has changed on Thu Jun  2 11:26:32 EDT 2022
36155 Process tree is 36155 (main) -> 36471 (child) -> 40751 (grandchild)
F S   UID    PID   PPID  C PRI  NI ADDR SZ WCHAN  TTY        TIME CMD
0 D 100667 40751  36471  0  80   0 - 32311 cxiWai ?          0:00 cp /star/data01/pwg/xiatong/AMPT/14GeV/data_302466431.root /tmp/maxwoo/21EF1A6A9139C9FD2A38E59AFB466F9A_858/INPUTFILES/data_302466431.root
36155 Grandchild PID is 41999 - found in 60 x 2 seconds
36155 Grandchild to watch has changed on Thu Jun  2 11:26:53 EDT 2022
36155 Process tree is 36155 (main) -> 36471 (child) -> 41999 (grandchild)
F S   UID    PID   PPID  C PRI  NI ADDR SZ WCHAN  TTY        TIME CMD
0 D 100667 41999  36471  0  80   0 - 32311 cxiWai ?          0:00 cp /star/data01/pwg/xiatong/AMPT/14GeV/data_302557791.root /tmp/maxwoo/21EF1A6A9139C9FD2A38E59AFB466F9A_858/INPUTFILES/data_302557791.root
36155 Grandchild PID is 44596 - found in 70 x 2 seconds
36155 Grandchild to watch has changed on Thu Jun  2 11:27:13 EDT 2022
36155 Process tree is 36155 (main) -> 36471 (child) -> 44596 (grandchild)
F S   UID    PID   PPID  C PRI  NI ADDR SZ WCHAN  TTY        TIME CMD
0 D 100667 44596  36471  0  80   0 - 32311 cxiWai ?          0:00 cp /star/data01/pwg/xiatong/AMPT/14GeV/data_302565701.root /tmp/maxwoo/21EF1A6A9139C9FD2A38E59AFB466F9A_858/INPUTFILES/data_302565701.root
36155 Grandchild PID is 46267 - found in 90 x 2 seconds
36155 Grandchild to watch has changed on Thu Jun  2 11:27:55 EDT 2022
36155 Process tree is 36155 (main) -> 36471 (child) -> 46267 (grandchild)
F S   UID    PID   PPID  C PRI  NI ADDR SZ WCHAN  TTY        TIME CMD
0 D 100667 46267  36471  0  80   0 - 32311 cxiWai ?          0:00 cp /star/data01/pwg/xiatong/AMPT/14GeV/data_302565711.root /tmp/maxwoo/21EF1A6A9139C9FD2A38E59AFB466F9A_858/INPUTFILES/data_302565711.root
36155 Grandchild PID is 48492 - found in 110 x 2 seconds
36155 Grandchild to watch has changed on Thu Jun  2 11:28:36 EDT 2022
36155 Process tree is 36155 (main) -> 36471 (child) -> 48492 (grandchild)
F S   UID    PID   PPID  C PRI  NI ADDR SZ WCHAN  TTY        TIME CMD
0 D 100667 48492  36471  0  80   0 - 32311 cxiWai ?          0:00 cp /star/data01/pwg/xiatong/AMPT/14GeV/data_302565721.root /tmp/maxwoo/21EF1A6A9139C9FD2A38E59AFB466F9A_858/INPUTFILES/data_302565721.root
36155 Grandchild PID is 50294 - found in 130 x 2 seconds
36155 Grandchild to watch has changed on Thu Jun  2 11:29:18 EDT 2022
36155 Process tree is 36155 (main) -> 36471 (child) -> 50294 (grandchild)
F S   UID    PID   PPID  C PRI  NI ADDR SZ WCHAN  TTY        TIME CMD
0 D 100667 50294  36471  0  80   0 - 32311 cxiWai ?          0:00 cp /star/data01/pwg/xiatong/AMPT/14GeV/data_302565751.root /tmp/maxwoo/21EF1A6A9139C9FD2A38E59AFB466F9A_858/INPUTFILES/data_302565751.root
36155 Grandchild PID is 51013 - found in 140 x 2 seconds
36155 Grandchild to watch has changed on Thu Jun  2 11:29:38 EDT 2022
36155 Process tree is 36155 (main) -> 36471 (child) -> 51013 (grandchild)
F S   UID    PID   PPID  C PRI  NI ADDR SZ WCHAN  TTY        TIME CMD
0 D 100667 51013  36471  0  80   0 - 32311 cxiWai ?          0:00 cp /star/data01/pwg/xiatong/AMPT/14GeV/data_302565871.root /tmp/maxwoo/21EF1A6A9139C9FD2A38E59AFB466F9A_858/INPUTFILES/data_302565871.root
36155 Grandchild PID is 53331 - found in 160 x 2 seconds
36155 Grandchild to watch has changed on Thu Jun  2 11:30:20 EDT 2022
36155 Process tree is 36155 (main) -> 36471 (child) -> 53331 (grandchild)
F S   UID    PID   PPID  C PRI  NI ADDR SZ WCHAN  TTY        TIME CMD
0 D 100667 53331  36471  0  80   0 - 32311 cxiWai ?          0:00 cp /star/data01/pwg/xiatong/AMPT/14GeV/data_302565881.root /tmp/maxwoo/21EF1A6A9139C9FD2A38E59AFB466F9A_858/INPUTFILES/data_302565881.root
36155 Grandchild PID is 57454 - found in 180 x 2 seconds
36155 Grandchild to watch has changed on Thu Jun  2 11:31:01 EDT 2022
36155 Process tree is 36155 (main) -> 36471 (child) -> 57454 (grandchild)
F S   UID    PID   PPID  C PRI  NI ADDR SZ WCHAN  TTY        TIME CMD
0 S 100667 57454  36471  0  80   0 -  1272 do_wai ?          0:00 root -b -q check_S.C++("/tmp/maxwoo/21EF1A6A9139C9FD2A38E59AFB466F9A_858/INPUTFILES/21EF1A6A9139C9FD2A38E59AFB466F9A_858.local.list","21EF1A6A9139C9FD2A38E59AFB466F9A_858",1)
36471 Stepping into the main SUMS wrapper program with []
.... building sandbox
Running: cp /star/data01/pwg/xiatong/AMPT/14GeV/data_302466061.root /tmp/maxwoo/21EF1A6A9139C9FD2A38E59AFB466F9A_858/INPUTFILES/data_302466061.root
Running: cp /star/data01/pwg/xiatong/AMPT/14GeV/data_302466071.root /tmp/maxwoo/21EF1A6A9139C9FD2A38E59AFB466F9A_858/INPUTFILES/data_302466071.root
Running: cp /star/data01/pwg/xiatong/AMPT/14GeV/data_302466081.root /tmp/maxwoo/21EF1A6A9139C9FD2A38E59AFB466F9A_858/INPUTFILES/data_302466081.root
Running: cp /star/data01/pwg/xiatong/AMPT/14GeV/data_302466091.root /tmp/maxwoo/21EF1A6A9139C9FD2A38E59AFB466F9A_858/INPUTFILES/data_302466091.root
Running: cp /star/data01/pwg/xiatong/AMPT/14GeV/data_302466101.root /tmp/maxwoo/21EF1A6A9139C9FD2A38E59AFB466F9A_858/INPUTFILES/data_302466101.root
Running: cp /star/data01/pwg/xiatong/AMPT/14GeV/data_302466111.root /tmp/maxwoo/21EF1A6A9139C9FD2A38E59AFB466F9A_858/INPUTFILES/data_302466111.root
Running: cp /star/data01/pwg/xiatong/AMPT/14GeV/data_302466121.root /tmp/maxwoo/21EF1A6A9139C9FD2A38E59AFB466F9A_858/INPUTFILES/data_302466121.root
Running: cp /star/data01/pwg/xiatong/AMPT/14GeV/data_302466131.root /tmp/maxwoo/21EF1A6A9139C9FD2A38E59AFB466F9A_858/INPUTFILES/data_302466131.root
Running: cp /star/data01/pwg/xiatong/AMPT/14GeV/data_302466151.root /tmp/maxwoo/21EF1A6A9139C9FD2A38E59AFB466F9A_858/INPUTFILES/data_302466151.root
Running: cp /star/data01/pwg/xiatong/AMPT/14GeV/data_302466181.root /tmp/maxwoo/21EF1A6A9139C9FD2A38E59AFB466F9A_858/INPUTFILES/data_302466181.root
Running: cp /star/data01/pwg/xiatong/AMPT/14GeV/data_302466361.root /tmp/maxwoo/21EF1A6A9139C9FD2A38E59AFB466F9A_858/INPUTFILES/data_302466361.root
Running: cp /star/data01/pwg/xiatong/AMPT/14GeV/data_302466371.root /tmp/maxwoo/21EF1A6A9139C9FD2A38E59AFB466F9A_858/INPUTFILES/data_302466371.root
Running: cp /star/data01/pwg/xiatong/AMPT/14GeV/data_302466401.root /tmp/maxwoo/21EF1A6A9139C9FD2A38E59AFB466F9A_858/INPUTFILES/data_302466401.root
Running: cp /star/data01/pwg/xiatong/AMPT/14GeV/data_302466431.root /tmp/maxwoo/21EF1A6A9139C9FD2A38E59AFB466F9A_858/INPUTFILES/data_302466431.root
Running: cp /star/data01/pwg/xiatong/AMPT/14GeV/data_302466451.root /tmp/maxwoo/21EF1A6A9139C9FD2A38E59AFB466F9A_858/INPUTFILES/data_302466451.root
Running: cp /star/data01/pwg/xiatong/AMPT/14GeV/data_302518971.root /tmp/maxwoo/21EF1A6A9139C9FD2A38E59AFB466F9A_858/INPUTFILES/data_302518971.root
Running: cp /star/data01/pwg/xiatong/AMPT/14GeV/data_302557681.root /tmp/maxwoo/21EF1A6A9139C9FD2A38E59AFB466F9A_858/INPUTFILES/data_302557681.root
Running: cp /star/data01/pwg/xiatong/AMPT/14GeV/data_302557701.root /tmp/maxwoo/21EF1A6A9139C9FD2A38E59AFB466F9A_858/INPUTFILES/data_302557701.root
Running: cp /star/data01/pwg/xiatong/AMPT/14GeV/data_302557751.root /tmp/maxwoo/21EF1A6A9139C9FD2A38E59AFB466F9A_858/INPUTFILES/data_302557751.root
Running: cp /star/data01/pwg/xiatong/AMPT/14GeV/data_302557791.root /tmp/maxwoo/21EF1A6A9139C9FD2A38E59AFB466F9A_858/INPUTFILES/data_302557791.root
Running: cp /star/data01/pwg/xiatong/AMPT/14GeV/data_302557821.root /tmp/maxwoo/21EF1A6A9139C9FD2A38E59AFB466F9A_858/INPUTFILES/data_302557821.root
Running: cp /star/data01/pwg/xiatong/AMPT/14GeV/data_302557921.root /tmp/maxwoo/21EF1A6A9139C9FD2A38E59AFB466F9A_858/INPUTFILES/data_302557921.root
Running: cp /star/data01/pwg/xiatong/AMPT/14GeV/data_302565701.root /tmp/maxwoo/21EF1A6A9139C9FD2A38E59AFB466F9A_858/INPUTFILES/data_302565701.root
Running: cp /star/data01/pwg/xiatong/AMPT/14GeV/data_302565711.root /tmp/maxwoo/21EF1A6A9139C9FD2A38E59AFB466F9A_858/INPUTFILES/data_302565711.root
Running: cp /star/data01/pwg/xiatong/AMPT/14GeV/data_302565721.root /tmp/maxwoo/21EF1A6A9139C9FD2A38E59AFB466F9A_858/INPUTFILES/data_302565721.root
Running: cp /star/data01/pwg/xiatong/AMPT/14GeV/data_302565731.root /tmp/maxwoo/21EF1A6A9139C9FD2A38E59AFB466F9A_858/INPUTFILES/data_302565731.root
Running: cp /star/data01/pwg/xiatong/AMPT/14GeV/data_302565741.root /tmp/maxwoo/21EF1A6A9139C9FD2A38E59AFB466F9A_858/INPUTFILES/data_302565741.root
Running: cp /star/data01/pwg/xiatong/AMPT/14GeV/data_302565751.root /tmp/maxwoo/21EF1A6A9139C9FD2A38E59AFB466F9A_858/INPUTFILES/data_302565751.root
Running: cp /star/data01/pwg/xiatong/AMPT/14GeV/data_302565771.root /tmp/maxwoo/21EF1A6A9139C9FD2A38E59AFB466F9A_858/INPUTFILES/data_302565771.root
Running: cp /star/data01/pwg/xiatong/AMPT/14GeV/data_302565781.root /tmp/maxwoo/21EF1A6A9139C9FD2A38E59AFB466F9A_858/INPUTFILES/data_302565781.root
Running: cp /star/data01/pwg/xiatong/AMPT/14GeV/data_302565791.root /tmp/maxwoo/21EF1A6A9139C9FD2A38E59AFB466F9A_858/INPUTFILES/data_302565791.root
Running: cp /star/data01/pwg/xiatong/AMPT/14GeV/data_302565801.root /tmp/maxwoo/21EF1A6A9139C9FD2A38E59AFB466F9A_858/INPUTFILES/data_302565801.root
Running: cp /star/data01/pwg/xiatong/AMPT/14GeV/data_302565821.root /tmp/maxwoo/21EF1A6A9139C9FD2A38E59AFB466F9A_858/INPUTFILES/data_302565821.root
Running: cp /star/data01/pwg/xiatong/AMPT/14GeV/data_302565851.root /tmp/maxwoo/21EF1A6A9139C9FD2A38E59AFB466F9A_858/INPUTFILES/data_302565851.root
Running: cp /star/data01/pwg/xiatong/AMPT/14GeV/data_302565871.root /tmp/maxwoo/21EF1A6A9139C9FD2A38E59AFB466F9A_858/INPUTFILES/data_302565871.root
Running: cp /star/data01/pwg/xiatong/AMPT/14GeV/data_302565881.root /tmp/maxwoo/21EF1A6A9139C9FD2A38E59AFB466F9A_858/INPUTFILES/data_302565881.root
Running: cp /star/data01/pwg/xiatong/AMPT/14GeV/data_302565911.root /tmp/maxwoo/21EF1A6A9139C9FD2A38E59AFB466F9A_858/INPUTFILES/data_302565911.root
Swapping $FILELIST with: /tmp/maxwoo/21EF1A6A9139C9FD2A38E59AFB466F9A_858/INPUTFILES/21EF1A6A9139C9FD2A38E59AFB466F9A_858.local.list
+++++++++++local copy debug++++++++++++++++++++
newFileList: /tmp/maxwoo/21EF1A6A9139C9FD2A38E59AFB466F9A_858/INPUTFILES/21EF1A6A9139C9FD2A38E59AFB466F9A_858.local.list
++++++++++++++++cat FILELIST+++++++++++++++++++
/tmp/maxwoo/21EF1A6A9139C9FD2A38E59AFB466F9A_858/INPUTFILES/data_302466061.root 
/tmp/maxwoo/21EF1A6A9139C9FD2A38E59AFB466F9A_858/INPUTFILES/data_302466071.root 
/tmp/maxwoo/21EF1A6A9139C9FD2A38E59AFB466F9A_858/INPUTFILES/data_302466081.root 
/tmp/maxwoo/21EF1A6A9139C9FD2A38E59AFB466F9A_858/INPUTFILES/data_302466091.root 
/tmp/maxwoo/21EF1A6A9139C9FD2A38E59AFB466F9A_858/INPUTFILES/data_302466101.root 
/tmp/maxwoo/21EF1A6A9139C9FD2A38E59AFB466F9A_858/INPUTFILES/data_302466111.root 
/tmp/maxwoo/21EF1A6A9139C9FD2A38E59AFB466F9A_858/INPUTFILES/data_302466121.root 
/tmp/maxwoo/21EF1A6A9139C9FD2A38E59AFB466F9A_858/INPUTFILES/data_302466131.root 
/tmp/maxwoo/21EF1A6A9139C9FD2A38E59AFB466F9A_858/INPUTFILES/data_302466151.root 
/tmp/maxwoo/21EF1A6A9139C9FD2A38E59AFB466F9A_858/INPUTFILES/data_302466181.root 
/tmp/maxwoo/21EF1A6A9139C9FD2A38E59AFB466F9A_858/INPUTFILES/data_302466361.root 
/tmp/maxwoo/21EF1A6A9139C9FD2A38E59AFB466F9A_858/INPUTFILES/data_302466371.root 
/tmp/maxwoo/21EF1A6A9139C9FD2A38E59AFB466F9A_858/INPUTFILES/data_302466401.root 
/tmp/maxwoo/21EF1A6A9139C9FD2A38E59AFB466F9A_858/INPUTFILES/data_302466431.root 
/tmp/maxwoo/21EF1A6A9139C9FD2A38E59AFB466F9A_858/INPUTFILES/data_302466451.root 
/tmp/maxwoo/21EF1A6A9139C9FD2A38E59AFB466F9A_858/INPUTFILES/data_302518971.root 
/tmp/maxwoo/21EF1A6A9139C9FD2A38E59AFB466F9A_858/INPUTFILES/data_302557681.root 
/tmp/maxwoo/21EF1A6A9139C9FD2A38E59AFB466F9A_858/INPUTFILES/data_302557701.root 
/tmp/maxwoo/21EF1A6A9139C9FD2A38E59AFB466F9A_858/INPUTFILES/data_302557751.root 
/tmp/maxwoo/21EF1A6A9139C9FD2A38E59AFB466F9A_858/INPUTFILES/data_302557791.root 
/tmp/maxwoo/21EF1A6A9139C9FD2A38E59AFB466F9A_858/INPUTFILES/data_302557821.root 
/tmp/maxwoo/21EF1A6A9139C9FD2A38E59AFB466F9A_858/INPUTFILES/data_302557921.root 
/tmp/maxwoo/21EF1A6A9139C9FD2A38E59AFB466F9A_858/INPUTFILES/data_302565701.root 
/tmp/maxwoo/21EF1A6A9139C9FD2A38E59AFB466F9A_858/INPUTFILES/data_302565711.root 
/tmp/maxwoo/21EF1A6A9139C9FD2A38E59AFB466F9A_858/INPUTFILES/data_302565721.root 
/tmp/maxwoo/21EF1A6A9139C9FD2A38E59AFB466F9A_858/INPUTFILES/data_302565731.root 
/tmp/maxwoo/21EF1A6A9139C9FD2A38E59AFB466F9A_858/INPUTFILES/data_302565741.root 
/tmp/maxwoo/21EF1A6A9139C9FD2A38E59AFB466F9A_858/INPUTFILES/data_302565751.root 
/tmp/maxwoo/21EF1A6A9139C9FD2A38E59AFB466F9A_858/INPUTFILES/data_302565771.root 
/tmp/maxwoo/21EF1A6A9139C9FD2A38E59AFB466F9A_858/INPUTFILES/data_302565781.root 
/tmp/maxwoo/21EF1A6A9139C9FD2A38E59AFB466F9A_858/INPUTFILES/data_302565791.root 
/tmp/maxwoo/21EF1A6A9139C9FD2A38E59AFB466F9A_858/INPUTFILES/data_302565801.root 
/tmp/maxwoo/21EF1A6A9139C9FD2A38E59AFB466F9A_858/INPUTFILES/data_302565821.root 
/tmp/maxwoo/21EF1A6A9139C9FD2A38E59AFB466F9A_858/INPUTFILES/data_302565851.root 
/tmp/maxwoo/21EF1A6A9139C9FD2A38E59AFB466F9A_858/INPUTFILES/data_302565871.root 
/tmp/maxwoo/21EF1A6A9139C9FD2A38E59AFB466F9A_858/INPUTFILES/data_302565881.root 
/tmp/maxwoo/21EF1A6A9139C9FD2A38E59AFB466F9A_858/INPUTFILES/data_302565911.root 
++++++++++++++++++++find.++++++++++++++++++++++
.
./.sandboxFiles
./INPUTFILES
./INPUTFILES/data_302466371.root
./INPUTFILES/data_302466121.root
./INPUTFILES/data_302466131.root
./INPUTFILES/data_302557751.root
./INPUTFILES/data_302565911.root
./INPUTFILES/data_302565881.root
./INPUTFILES/data_302518971.root
./INPUTFILES/data_302466091.root
./INPUTFILES/data_302557791.root
./INPUTFILES/data_302466111.root
./INPUTFILES/data_302565721.root
./INPUTFILES/data_302565711.root
./INPUTFILES/data_302565731.root
./INPUTFILES/data_302466181.root
./INPUTFILES/data_302466061.root
./INPUTFILES/data_302565741.root
./INPUTFILES/data_302466401.root
./INPUTFILES/data_302466101.root
./INPUTFILES/data_302466451.root
./INPUTFILES/data_302557681.root
./INPUTFILES/data_302565751.root
./INPUTFILES/data_302565851.root
./INPUTFILES/data_302565821.root
./INPUTFILES/data_302565771.root
./INPUTFILES/21EF1A6A9139C9FD2A38E59AFB466F9A_858.local.list
./INPUTFILES/data_302466151.root
./INPUTFILES/data_302565871.root
./INPUTFILES/data_302565781.root
./INPUTFILES/data_302466431.root
./INPUTFILES/data_302466361.root
./INPUTFILES/data_302565701.root
./INPUTFILES/data_302466071.root
./INPUTFILES/data_302565801.root
./INPUTFILES/data_302565791.root
./INPUTFILES/data_302557701.root
./INPUTFILES/data_302557921.root
./INPUTFILES/data_302557821.root
./INPUTFILES/data_302466081.root
./lib
./lib/CenMaker_cpp_ACLiC_dict_rdict.pcm
./lib/MixedBuffer_cpp.so
./lib/NpartNormalizer_cpp.d
./lib/my_particle_cpp.so
./lib/my_particle.cpp
./lib/my_particle_cpp.d
./lib/CenMaker.h
./lib/MixedBuffer_cpp.d
./lib/CenMaker_cpp.so
./lib/my_event.h
./lib/my_event_cpp.so
./lib/CenMaker.cpp
./lib/my_particle_cpp_ACLiC_dict_rdict.pcm
./lib/my_event_cpp.d
./lib/my_particle.h
./lib/NpartNormalizer_cpp_ACLiC_dict_rdict.pcm
./lib/MixedBuffer.h
./lib/NpartNormalizer.cpp
./lib/my_event.cpp
./lib/MixedBuffer_cpp_ACLiC_dict_rdict.pcm
./lib/NpartNormalizer.h
./lib/NpartNormalizer_cpp.so
./lib/CenMaker_cpp.d
./lib/MixedBuffer.cpp
./lib/my_event_cpp_ACLiC_dict_rdict.pcm
./check_S.C
./Check_Sness.C
./.output.log
./.errror.log
++++++++++++++++INPUTFILE Var++++++++++++++++++
FILELIST=/tmp/maxwoo/21EF1A6A9139C9FD2A38E59AFB466F9A_858/INPUTFILES/21EF1A6A9139C9FD2A38E59AFB466F9A_858.local.list
INPUTFILECOUNT=37
INPUTFILE0=/tmp/maxwoo/21EF1A6A9139C9FD2A38E59AFB466F9A_858/INPUTFILES/data_302466061.root
INPUTFILE1=/tmp/maxwoo/21EF1A6A9139C9FD2A38E59AFB466F9A_858/INPUTFILES/data_302466071.root
INPUTFILE2=/tmp/maxwoo/21EF1A6A9139C9FD2A38E59AFB466F9A_858/INPUTFILES/data_302466081.root
INPUTFILE3=/tmp/maxwoo/21EF1A6A9139C9FD2A38E59AFB466F9A_858/INPUTFILES/data_302466091.root
INPUTFILE4=/tmp/maxwoo/21EF1A6A9139C9FD2A38E59AFB466F9A_858/INPUTFILES/data_302466101.root
INPUTFILE5=/tmp/maxwoo/21EF1A6A9139C9FD2A38E59AFB466F9A_858/INPUTFILES/data_302466111.root
INPUTFILE6=/tmp/maxwoo/21EF1A6A9139C9FD2A38E59AFB466F9A_858/INPUTFILES/data_302466121.root
INPUTFILE7=/tmp/maxwoo/21EF1A6A9139C9FD2A38E59AFB466F9A_858/INPUTFILES/data_302466131.root
INPUTFILE8=/tmp/maxwoo/21EF1A6A9139C9FD2A38E59AFB466F9A_858/INPUTFILES/data_302466151.root
INPUTFILE9=/tmp/maxwoo/21EF1A6A9139C9FD2A38E59AFB466F9A_858/INPUTFILES/data_302466181.root
INPUTFILE10=/tmp/maxwoo/21EF1A6A9139C9FD2A38E59AFB466F9A_858/INPUTFILES/data_302466361.root
INPUTFILE11=/tmp/maxwoo/21EF1A6A9139C9FD2A38E59AFB466F9A_858/INPUTFILES/data_302466371.root
INPUTFILE12=/tmp/maxwoo/21EF1A6A9139C9FD2A38E59AFB466F9A_858/INPUTFILES/data_302466401.root
INPUTFILE13=/tmp/maxwoo/21EF1A6A9139C9FD2A38E59AFB466F9A_858/INPUTFILES/data_302466431.root
INPUTFILE14=/tmp/maxwoo/21EF1A6A9139C9FD2A38E59AFB466F9A_858/INPUTFILES/data_302466451.root
INPUTFILE15=/tmp/maxwoo/21EF1A6A9139C9FD2A38E59AFB466F9A_858/INPUTFILES/data_302518971.root
INPUTFILE16=/tmp/maxwoo/21EF1A6A9139C9FD2A38E59AFB466F9A_858/INPUTFILES/data_302557681.root
INPUTFILE17=/tmp/maxwoo/21EF1A6A9139C9FD2A38E59AFB466F9A_858/INPUTFILES/data_302557701.root
INPUTFILE18=/tmp/maxwoo/21EF1A6A9139C9FD2A38E59AFB466F9A_858/INPUTFILES/data_302557751.root
INPUTFILE19=/tmp/maxwoo/21EF1A6A9139C9FD2A38E59AFB466F9A_858/INPUTFILES/data_302557791.root
INPUTFILE20=/tmp/maxwoo/21EF1A6A9139C9FD2A38E59AFB466F9A_858/INPUTFILES/data_302557821.root
INPUTFILE21=/tmp/maxwoo/21EF1A6A9139C9FD2A38E59AFB466F9A_858/INPUTFILES/data_302557921.root
INPUTFILE22=/tmp/maxwoo/21EF1A6A9139C9FD2A38E59AFB466F9A_858/INPUTFILES/data_302565701.root
INPUTFILE23=/tmp/maxwoo/21EF1A6A9139C9FD2A38E59AFB466F9A_858/INPUTFILES/data_302565711.root
INPUTFILE24=/tmp/maxwoo/21EF1A6A9139C9FD2A38E59AFB466F9A_858/INPUTFILES/data_302565721.root
INPUTFILE25=/tmp/maxwoo/21EF1A6A9139C9FD2A38E59AFB466F9A_858/INPUTFILES/data_302565731.root
INPUTFILE26=/tmp/maxwoo/21EF1A6A9139C9FD2A38E59AFB466F9A_858/INPUTFILES/data_302565741.root
INPUTFILE27=/tmp/maxwoo/21EF1A6A9139C9FD2A38E59AFB466F9A_858/INPUTFILES/data_302565751.root
INPUTFILE28=/tmp/maxwoo/21EF1A6A9139C9FD2A38E59AFB466F9A_858/INPUTFILES/data_302565771.root
INPUTFILE29=/tmp/maxwoo/21EF1A6A9139C9FD2A38E59AFB466F9A_858/INPUTFILES/data_302565781.root
INPUTFILE30=/tmp/maxwoo/21EF1A6A9139C9FD2A38E59AFB466F9A_858/INPUTFILES/data_302565791.root
INPUTFILE31=/tmp/maxwoo/21EF1A6A9139C9FD2A38E59AFB466F9A_858/INPUTFILES/data_302565801.root
INPUTFILE32=/tmp/maxwoo/21EF1A6A9139C9FD2A38E59AFB466F9A_858/INPUTFILES/data_302565821.root
INPUTFILE33=/tmp/maxwoo/21EF1A6A9139C9FD2A38E59AFB466F9A_858/INPUTFILES/data_302565851.root
INPUTFILE34=/tmp/maxwoo/21EF1A6A9139C9FD2A38E59AFB466F9A_858/INPUTFILES/data_302565871.root
INPUTFILE35=/tmp/maxwoo/21EF1A6A9139C9FD2A38E59AFB466F9A_858/INPUTFILES/data_302565881.root
INPUTFILE36=/tmp/maxwoo/21EF1A6A9139C9FD2A38E59AFB466F9A_858/INPUTFILES/data_302565911.root
LocalInputFileDir=/tmp/maxwoo/21EF1A6A9139C9FD2A38E59AFB466F9A_858/INPUTFILES
NewFILELIST=/tmp/maxwoo/21EF1A6A9139C9FD2A38E59AFB466F9A_858/INPUTFILES/21EF1A6A9139C9FD2A38E59AFB466F9A_858.local.list
+++++++++++++++++++++++++++++++++++++++++++++++
--------------------------------
Simple Unified Meta Scheduler 1.10.50 we are starting in $SCRATCH : /home/tmp/maxwoo/21EF1A6A9139C9FD2A38E59AFB466F9A_858
--------------------------------
total 16
lrwxrwxrwx 1 maxwoo rhstar   61 Jun  2 11:24 check_S.C -> /gpfs/mnt/gpfs01/star/pwg/xiatong/git/strangeness/./check_S.C
lrwxrwxrwx 1 maxwoo rhstar   65 Jun  2 11:24 Check_Sness.C -> /gpfs/mnt/gpfs01/star/pwg/xiatong/git/strangeness/./Check_Sness.C
drwxr-xr-x 2 maxwoo rhstar 4096 Jun  2 11:30 INPUTFILES
drwxr-xr-x 2 maxwoo rhstar 4096 Jun  2 11:24 lib
  *******************************************
  *                                         *
  *        W E L C O M E  to  R O O T       *
  *                                         *
  *   Version   5.34/38     12 March 2018   *
  *                                         *
  *  You are welcome to visit our Web site  *
  *          http://root.cern.ch            *
  *                                         *
  *******************************************

ROOT 5.34/38 (v5-34-38@v5-34-38, Mar 12 2018, 15:49:39 on linux)

CINT/ROOT C/C++ Interpreter version 5.18.00, July 2, 2010
Type ? for help. Commands must be C++ statements.
Enclose multiple statements between { }.
*** Float Point Exception is OFF ***
 *** Start at Date : Thu Jun  2 11:30:54 2022
QAInfo:You are using STAR_LEVEL : dev, ROOT_LEVEL : 5.34.38 and node : spool0725.sdcc.bnl.gov 

Processing check_S.C++("/tmp/maxwoo/21EF1A6A9139C9FD2A38E59AFB466F9A_858/INPUTFILES/21EF1A6A9139C9FD2A38E59AFB466F9A_858.local.list","21EF1A6A9139C9FD2A38E59AFB466F9A_858",1)...
/tmp/maxwoo/21EF1A6A9139C9FD2A38E59AFB466F9A_858/INPUTFILES/data_302466061.root 
/tmp/maxwoo/21EF1A6A9139C9FD2A38E59AFB466F9A_858/INPUTFILES/data_302466071.root 
/tmp/maxwoo/21EF1A6A9139C9FD2A38E59AFB466F9A_858/INPUTFILES/data_302466081.root 
/tmp/maxwoo/21EF1A6A9139C9FD2A38E59AFB466F9A_858/INPUTFILES/data_302466091.root 
/tmp/maxwoo/21EF1A6A9139C9FD2A38E59AFB466F9A_858/INPUTFILES/data_302466101.root 
/tmp/maxwoo/21EF1A6A9139C9FD2A38E59AFB466F9A_858/INPUTFILES/data_302466111.root 
/tmp/maxwoo/21EF1A6A9139C9FD2A38E59AFB466F9A_858/INPUTFILES/data_302466121.root 
/tmp/maxwoo/21EF1A6A9139C9FD2A38E59AFB466F9A_858/INPUTFILES/data_302466131.root 
/tmp/maxwoo/21EF1A6A9139C9FD2A38E59AFB466F9A_858/INPUTFILES/data_302466151.root 
/tmp/maxwoo/21EF1A6A9139C9FD2A38E59AFB466F9A_858/INPUTFILES/data_302466181.root 
/tmp/maxwoo/21EF1A6A9139C9FD2A38E59AFB466F9A_858/INPUTFILES/data_302466361.root 
/tmp/maxwoo/21EF1A6A9139C9FD2A38E59AFB466F9A_858/INPUTFILES/data_302466371.root 
/tmp/maxwoo/21EF1A6A9139C9FD2A38E59AFB466F9A_858/INPUTFILES/data_302466401.root 
/tmp/maxwoo/21EF1A6A9139C9FD2A38E59AFB466F9A_858/INPUTFILES/data_302466431.root 
/tmp/maxwoo/21EF1A6A9139C9FD2A38E59AFB466F9A_858/INPUTFILES/data_302466451.root 
/tmp/maxwoo/21EF1A6A9139C9FD2A38E59AFB466F9A_858/INPUTFILES/data_302518971.root 
/tmp/maxwoo/21EF1A6A9139C9FD2A38E59AFB466F9A_858/INPUTFILES/data_302557681.root 
/tmp/maxwoo/21EF1A6A9139C9FD2A38E59AFB466F9A_858/INPUTFILES/data_302557701.root 
/tmp/maxwoo/21EF1A6A9139C9FD2A38E59AFB466F9A_858/INPUTFILES/data_302557751.root 
/tmp/maxwoo/21EF1A6A9139C9FD2A38E59AFB466F9A_858/INPUTFILES/data_302557791.root 
/tmp/maxwoo/21EF1A6A9139C9FD2A38E59AFB466F9A_858/INPUTFILES/data_302557821.root 
/tmp/maxwoo/21EF1A6A9139C9FD2A38E59AFB466F9A_858/INPUTFILES/data_302557921.root 
/tmp/maxwoo/21EF1A6A9139C9FD2A38E59AFB466F9A_858/INPUTFILES/data_302565701.root 
/tmp/maxwoo/21EF1A6A9139C9FD2A38E59AFB466F9A_858/INPUTFILES/data_302565711.root 
/tmp/maxwoo/21EF1A6A9139C9FD2A38E59AFB466F9A_858/INPUTFILES/data_302565721.root 
/tmp/maxwoo/21EF1A6A9139C9FD2A38E59AFB466F9A_858/INPUTFILES/data_302565731.root 
/tmp/maxwoo/21EF1A6A9139C9FD2A38E59AFB466F9A_858/INPUTFILES/data_302565741.root 
/tmp/maxwoo/21EF1A6A9139C9FD2A38E59AFB466F9A_858/INPUTFILES/data_302565751.root 
/tmp/maxwoo/21EF1A6A9139C9FD2A38E59AFB466F9A_858/INPUTFILES/data_302565771.root 
/tmp/maxwoo/21EF1A6A9139C9FD2A38E59AFB466F9A_858/INPUTFILES/data_302565781.root 
/tmp/maxwoo/21EF1A6A9139C9FD2A38E59AFB466F9A_858/INPUTFILES/data_302565791.root 
/tmp/maxwoo/21EF1A6A9139C9FD2A38E59AFB466F9A_858/INPUTFILES/data_302565801.root 
/tmp/maxwoo/21EF1A6A9139C9FD2A38E59AFB466F9A_858/INPUTFILES/data_302565821.root 
/tmp/maxwoo/21EF1A6A9139C9FD2A38E59AFB466F9A_858/INPUTFILES/data_302565851.root 
/tmp/maxwoo/21EF1A6A9139C9FD2A38E59AFB466F9A_858/INPUTFILES/data_302565871.root 
/tmp/maxwoo/21EF1A6A9139C9FD2A38E59AFB466F9A_858/INPUTFILES/data_302565881.root 
/tmp/maxwoo/21EF1A6A9139C9FD2A38E59AFB466F9A_858/INPUTFILES/data_302565911.root 
Added 37 files
# entries in chain: 37000
Processing entry == 1000 == out of 37000.
Processing entry == 2000 == out of 37000.
Processing entry == 3000 == out of 37000.
Processing entry == 4000 == out of 37000.
Processing entry == 5000 == out of 37000.
Processing entry == 6000 == out of 37000.
Processing entry == 7000 == out of 37000.
Processing entry == 8000 == out of 37000.
Processing entry == 9000 == out of 37000.
Processing entry == 10000 == out of 37000.
Processing entry == 11000 == out of 37000.
Processing entry == 12000 == out of 37000.
Processing entry == 13000 == out of 37000.
Processing entry == 14000 == out of 37000.
Processing entry == 15000 == out of 37000.
Processing entry == 16000 == out of 37000.
Processing entry == 17000 == out of 37000.
Processing entry == 18000 == out of 37000.
Processing entry == 19000 == out of 37000.
Processing entry == 20000 == out of 37000.
Processing entry == 21000 == out of 37000.
Processing entry == 22000 == out of 37000.
Processing entry == 23000 == out of 37000.
Processing entry == 24000 == out of 37000.
Processing entry == 25000 == out of 37000.
Processing entry == 26000 == out of 37000.
Processing entry == 27000 == out of 37000.
Processing entry == 28000 == out of 37000.
Processing entry == 29000 == out of 37000.
Processing entry == 30000 == out of 37000.
Processing entry == 31000 == out of 37000.
Processing entry == 32000 == out of 37000.
Processing entry == 33000 == out of 37000.
Processing entry == 34000 == out of 37000.
Processing entry == 35000 == out of 37000.
Processing entry == 36000 == out of 37000.
Processing entry == 37000 == out of 37000.

This is the end of ROOT -- Goodbye

Cleaning up sandbox file:  /tmp/maxwoo/21EF1A6A9139C9FD2A38E59AFB466F9A_858/check_S.C
Cleaning up sandbox file:  /tmp/maxwoo/21EF1A6A9139C9FD2A38E59AFB466F9A_858/Check_Sness.C
Cleaning up sandbox file:  /tmp/maxwoo/21EF1A6A9139C9FD2A38E59AFB466F9A_858/lib
Cleaning up sandbox file:  /tmp/maxwoo/21EF1A6A9139C9FD2A38E59AFB466F9A_858/.sandboxFiles
Starting copy block
Running copy command:  /bin/cp -fp /tmp/maxwoo/21EF1A6A9139C9FD2A38E59AFB466F9A_858/out_21EF1A6A9139C9FD2A38E59AFB466F9A_858.root /star/data01/pwg/xiatong/git/strangeness/data/
36155 Execution of (/star/data01/pwg/xiatong/git/strangeness/script/sched21EF1A6A9139C9FD2A38E59AFB466F9A_858.csh ) has ended, exiting normally
36155 We END on [Thu Jun  2 11:49:14 EDT 2022]
