We are starting on node: spool0104.sdcc.bnl.gov
HOME is not defined
Using getent method
HOME is now /star/u/maxwoo
126525 We will spawn ourselves (/star/data01/pwg/xiatong/git/strangeness/script/sched21EF1A6A9139C9FD2A38E59AFB466F9A_508.csh )
126525 We BEGIN on [Thu Jun  2 11:30:17 EDT 2022]
[1] 132432
126525 We are waiting for 132432 
126525 Grandchild PID is 133131 - found in 10 x 1 seconds
126525 Establishing first watcher   on    Thu Jun  2 11:30:28 EDT 2022
126525 Process tree is 126525 (main) -> 132432 (child) -> 133131 (grandchild)
F S   UID    PID   PPID  C PRI  NI ADDR SZ WCHAN  TTY        TIME CMD
0 D 100667 133131 132432  0 80   0 - 32311 cxiWai ?          0:00 cp /star/data01/pwg/xiatong/AMPT/14GeV/data_217948571.root /tmp/maxwoo/21EF1A6A9139C9FD2A38E59AFB466F9A_508/INPUTFILES/data_217948571.root
126525 Grandchild PID is 142499 - found in 30 x 2 seconds
126525 Grandchild to watch has changed on Thu Jun  2 11:31:10 EDT 2022
126525 Process tree is 126525 (main) -> 132432 (child) -> 142499 (grandchild)
F S   UID    PID   PPID  C PRI  NI ADDR SZ WCHAN  TTY        TIME CMD
0 D 100667 142499 132432  0 80   0 - 32311 cxiWai ?          0:00 cp /star/data01/pwg/xiatong/AMPT/14GeV/data_217994961.root /tmp/maxwoo/21EF1A6A9139C9FD2A38E59AFB466F9A_508/INPUTFILES/data_217994961.root
126525 Grandchild PID is 150325 - found in 40 x 2 seconds
126525 Grandchild to watch has changed on Thu Jun  2 11:31:31 EDT 2022
126525 Process tree is 126525 (main) -> 132432 (child) -> 150325 (grandchild)
F S   UID    PID   PPID  C PRI  NI ADDR SZ WCHAN  TTY        TIME CMD
0 D 100667 150325 132432  0 80   0 - 32311 cxiWai ?          0:00 cp /star/data01/pwg/xiatong/AMPT/14GeV/data_218094881.root /tmp/maxwoo/21EF1A6A9139C9FD2A38E59AFB466F9A_508/INPUTFILES/data_218094881.root
126525 Grandchild PID is 157660 - found in 50 x 2 seconds
126525 Grandchild to watch has changed on Thu Jun  2 11:31:52 EDT 2022
126525 Process tree is 126525 (main) -> 132432 (child) -> 157660 (grandchild)
F S   UID    PID   PPID  C PRI  NI ADDR SZ WCHAN  TTY        TIME CMD
0 D 100667 157660 132432  0 80   0 - 32311 cxiWai ?          0:00 cp /star/data01/pwg/xiatong/AMPT/14GeV/data_218094891.root /tmp/maxwoo/21EF1A6A9139C9FD2A38E59AFB466F9A_508/INPUTFILES/data_218094891.root
126525 Grandchild PID is 160182 - found in 60 x 2 seconds
126525 Grandchild to watch has changed on Thu Jun  2 11:32:12 EDT 2022
126525 Process tree is 126525 (main) -> 132432 (child) -> 160182 (grandchild)
F S   UID    PID   PPID  C PRI  NI ADDR SZ WCHAN  TTY        TIME CMD
0 D 100667 160182 132432  0 80   0 - 32311 cxiWai ?          0:00 cp /star/data01/pwg/xiatong/AMPT/14GeV/data_218143721.root /tmp/maxwoo/21EF1A6A9139C9FD2A38E59AFB466F9A_508/INPUTFILES/data_218143721.root
126525 Grandchild PID is 169529 - found in 80 x 2 seconds
126525 Grandchild to watch has changed on Thu Jun  2 11:32:54 EDT 2022
126525 Process tree is 126525 (main) -> 132432 (child) -> 169529 (grandchild)
F S   UID    PID   PPID  C PRI  NI ADDR SZ WCHAN  TTY        TIME CMD
0 D 100667 169529 132432  0 80   0 - 32311 cxiWai ?          0:00 cp /star/data01/pwg/xiatong/AMPT/14GeV/data_218184361.root /tmp/maxwoo/21EF1A6A9139C9FD2A38E59AFB466F9A_508/INPUTFILES/data_218184361.root
126525 Grandchild PID is 175116 - found in 100 x 2 seconds
126525 Grandchild to watch has changed on Thu Jun  2 11:33:36 EDT 2022
126525 Process tree is 126525 (main) -> 132432 (child) -> 175116 (grandchild)
F S   UID    PID   PPID  C PRI  NI ADDR SZ WCHAN  TTY        TIME CMD
0 S 100667 175116 132432  0 80   0 -  1272 do_wai ?          0:00 root -b -q check_S.C++("/tmp/maxwoo/21EF1A6A9139C9FD2A38E59AFB466F9A_508/INPUTFILES/21EF1A6A9139C9FD2A38E59AFB466F9A_508.local.list","21EF1A6A9139C9FD2A38E59AFB466F9A_508",1)
132432 Stepping into the main SUMS wrapper program with []
.... building sandbox
Running: cp /star/data01/pwg/xiatong/AMPT/14GeV/data_217948571.root /tmp/maxwoo/21EF1A6A9139C9FD2A38E59AFB466F9A_508/INPUTFILES/data_217948571.root
Running: cp /star/data01/pwg/xiatong/AMPT/14GeV/data_217994921.root /tmp/maxwoo/21EF1A6A9139C9FD2A38E59AFB466F9A_508/INPUTFILES/data_217994921.root
Running: cp /star/data01/pwg/xiatong/AMPT/14GeV/data_217994941.root /tmp/maxwoo/21EF1A6A9139C9FD2A38E59AFB466F9A_508/INPUTFILES/data_217994941.root
Running: cp /star/data01/pwg/xiatong/AMPT/14GeV/data_217994961.root /tmp/maxwoo/21EF1A6A9139C9FD2A38E59AFB466F9A_508/INPUTFILES/data_217994961.root
Running: cp /star/data01/pwg/xiatong/AMPT/14GeV/data_218094861.root /tmp/maxwoo/21EF1A6A9139C9FD2A38E59AFB466F9A_508/INPUTFILES/data_218094861.root
Running: cp /star/data01/pwg/xiatong/AMPT/14GeV/data_218094871.root /tmp/maxwoo/21EF1A6A9139C9FD2A38E59AFB466F9A_508/INPUTFILES/data_218094871.root
Running: cp /star/data01/pwg/xiatong/AMPT/14GeV/data_218094881.root /tmp/maxwoo/21EF1A6A9139C9FD2A38E59AFB466F9A_508/INPUTFILES/data_218094881.root
Running: cp /star/data01/pwg/xiatong/AMPT/14GeV/data_218094891.root /tmp/maxwoo/21EF1A6A9139C9FD2A38E59AFB466F9A_508/INPUTFILES/data_218094891.root
Running: cp /star/data01/pwg/xiatong/AMPT/14GeV/data_218094901.root /tmp/maxwoo/21EF1A6A9139C9FD2A38E59AFB466F9A_508/INPUTFILES/data_218094901.root
Running: cp /star/data01/pwg/xiatong/AMPT/14GeV/data_218100621.root /tmp/maxwoo/21EF1A6A9139C9FD2A38E59AFB466F9A_508/INPUTFILES/data_218100621.root
Running: cp /star/data01/pwg/xiatong/AMPT/14GeV/data_218101951.root /tmp/maxwoo/21EF1A6A9139C9FD2A38E59AFB466F9A_508/INPUTFILES/data_218101951.root
Running: cp /star/data01/pwg/xiatong/AMPT/14GeV/data_218120591.root /tmp/maxwoo/21EF1A6A9139C9FD2A38E59AFB466F9A_508/INPUTFILES/data_218120591.root
Running: cp /star/data01/pwg/xiatong/AMPT/14GeV/data_218120601.root /tmp/maxwoo/21EF1A6A9139C9FD2A38E59AFB466F9A_508/INPUTFILES/data_218120601.root
Running: cp /star/data01/pwg/xiatong/AMPT/14GeV/data_218129771.root /tmp/maxwoo/21EF1A6A9139C9FD2A38E59AFB466F9A_508/INPUTFILES/data_218129771.root
Running: cp /star/data01/pwg/xiatong/AMPT/14GeV/data_218140201.root /tmp/maxwoo/21EF1A6A9139C9FD2A38E59AFB466F9A_508/INPUTFILES/data_218140201.root
Running: cp /star/data01/pwg/xiatong/AMPT/14GeV/data_218143721.root /tmp/maxwoo/21EF1A6A9139C9FD2A38E59AFB466F9A_508/INPUTFILES/data_218143721.root
Running: cp /star/data01/pwg/xiatong/AMPT/14GeV/data_218146131.root /tmp/maxwoo/21EF1A6A9139C9FD2A38E59AFB466F9A_508/INPUTFILES/data_218146131.root
Running: cp /star/data01/pwg/xiatong/AMPT/14GeV/data_218162111.root /tmp/maxwoo/21EF1A6A9139C9FD2A38E59AFB466F9A_508/INPUTFILES/data_218162111.root
Running: cp /star/data01/pwg/xiatong/AMPT/14GeV/data_218163271.root /tmp/maxwoo/21EF1A6A9139C9FD2A38E59AFB466F9A_508/INPUTFILES/data_218163271.root
Running: cp /star/data01/pwg/xiatong/AMPT/14GeV/data_218163281.root /tmp/maxwoo/21EF1A6A9139C9FD2A38E59AFB466F9A_508/INPUTFILES/data_218163281.root
Running: cp /star/data01/pwg/xiatong/AMPT/14GeV/data_218164471.root /tmp/maxwoo/21EF1A6A9139C9FD2A38E59AFB466F9A_508/INPUTFILES/data_218164471.root
Running: cp /star/data01/pwg/xiatong/AMPT/14GeV/data_218184091.root /tmp/maxwoo/21EF1A6A9139C9FD2A38E59AFB466F9A_508/INPUTFILES/data_218184091.root
Running: cp /star/data01/pwg/xiatong/AMPT/14GeV/data_218184101.root /tmp/maxwoo/21EF1A6A9139C9FD2A38E59AFB466F9A_508/INPUTFILES/data_218184101.root
Running: cp /star/data01/pwg/xiatong/AMPT/14GeV/data_218184111.root /tmp/maxwoo/21EF1A6A9139C9FD2A38E59AFB466F9A_508/INPUTFILES/data_218184111.root
Running: cp /star/data01/pwg/xiatong/AMPT/14GeV/data_218184121.root /tmp/maxwoo/21EF1A6A9139C9FD2A38E59AFB466F9A_508/INPUTFILES/data_218184121.root
Running: cp /star/data01/pwg/xiatong/AMPT/14GeV/data_218184161.root /tmp/maxwoo/21EF1A6A9139C9FD2A38E59AFB466F9A_508/INPUTFILES/data_218184161.root
Running: cp /star/data01/pwg/xiatong/AMPT/14GeV/data_218184181.root /tmp/maxwoo/21EF1A6A9139C9FD2A38E59AFB466F9A_508/INPUTFILES/data_218184181.root
Running: cp /star/data01/pwg/xiatong/AMPT/14GeV/data_218184211.root /tmp/maxwoo/21EF1A6A9139C9FD2A38E59AFB466F9A_508/INPUTFILES/data_218184211.root
Running: cp /star/data01/pwg/xiatong/AMPT/14GeV/data_218184221.root /tmp/maxwoo/21EF1A6A9139C9FD2A38E59AFB466F9A_508/INPUTFILES/data_218184221.root
Running: cp /star/data01/pwg/xiatong/AMPT/14GeV/data_218184241.root /tmp/maxwoo/21EF1A6A9139C9FD2A38E59AFB466F9A_508/INPUTFILES/data_218184241.root
Running: cp /star/data01/pwg/xiatong/AMPT/14GeV/data_218184291.root /tmp/maxwoo/21EF1A6A9139C9FD2A38E59AFB466F9A_508/INPUTFILES/data_218184291.root
Running: cp /star/data01/pwg/xiatong/AMPT/14GeV/data_218184301.root /tmp/maxwoo/21EF1A6A9139C9FD2A38E59AFB466F9A_508/INPUTFILES/data_218184301.root
Running: cp /star/data01/pwg/xiatong/AMPT/14GeV/data_218184361.root /tmp/maxwoo/21EF1A6A9139C9FD2A38E59AFB466F9A_508/INPUTFILES/data_218184361.root
Running: cp /star/data01/pwg/xiatong/AMPT/14GeV/data_218184371.root /tmp/maxwoo/21EF1A6A9139C9FD2A38E59AFB466F9A_508/INPUTFILES/data_218184371.root
Running: cp /star/data01/pwg/xiatong/AMPT/14GeV/data_218184391.root /tmp/maxwoo/21EF1A6A9139C9FD2A38E59AFB466F9A_508/INPUTFILES/data_218184391.root
Running: cp /star/data01/pwg/xiatong/AMPT/14GeV/data_218184411.root /tmp/maxwoo/21EF1A6A9139C9FD2A38E59AFB466F9A_508/INPUTFILES/data_218184411.root
Running: cp /star/data01/pwg/xiatong/AMPT/14GeV/data_218184551.root /tmp/maxwoo/21EF1A6A9139C9FD2A38E59AFB466F9A_508/INPUTFILES/data_218184551.root
Swapping $FILELIST with: /tmp/maxwoo/21EF1A6A9139C9FD2A38E59AFB466F9A_508/INPUTFILES/21EF1A6A9139C9FD2A38E59AFB466F9A_508.local.list
+++++++++++local copy debug++++++++++++++++++++
newFileList: /tmp/maxwoo/21EF1A6A9139C9FD2A38E59AFB466F9A_508/INPUTFILES/21EF1A6A9139C9FD2A38E59AFB466F9A_508.local.list
++++++++++++++++cat FILELIST+++++++++++++++++++
/tmp/maxwoo/21EF1A6A9139C9FD2A38E59AFB466F9A_508/INPUTFILES/data_217948571.root 
/tmp/maxwoo/21EF1A6A9139C9FD2A38E59AFB466F9A_508/INPUTFILES/data_217994921.root 
/tmp/maxwoo/21EF1A6A9139C9FD2A38E59AFB466F9A_508/INPUTFILES/data_217994941.root 
/tmp/maxwoo/21EF1A6A9139C9FD2A38E59AFB466F9A_508/INPUTFILES/data_217994961.root 
/tmp/maxwoo/21EF1A6A9139C9FD2A38E59AFB466F9A_508/INPUTFILES/data_218094861.root 
/tmp/maxwoo/21EF1A6A9139C9FD2A38E59AFB466F9A_508/INPUTFILES/data_218094871.root 
/tmp/maxwoo/21EF1A6A9139C9FD2A38E59AFB466F9A_508/INPUTFILES/data_218094881.root 
/tmp/maxwoo/21EF1A6A9139C9FD2A38E59AFB466F9A_508/INPUTFILES/data_218094891.root 
/tmp/maxwoo/21EF1A6A9139C9FD2A38E59AFB466F9A_508/INPUTFILES/data_218094901.root 
/tmp/maxwoo/21EF1A6A9139C9FD2A38E59AFB466F9A_508/INPUTFILES/data_218100621.root 
/tmp/maxwoo/21EF1A6A9139C9FD2A38E59AFB466F9A_508/INPUTFILES/data_218101951.root 
/tmp/maxwoo/21EF1A6A9139C9FD2A38E59AFB466F9A_508/INPUTFILES/data_218120591.root 
/tmp/maxwoo/21EF1A6A9139C9FD2A38E59AFB466F9A_508/INPUTFILES/data_218120601.root 
/tmp/maxwoo/21EF1A6A9139C9FD2A38E59AFB466F9A_508/INPUTFILES/data_218129771.root 
/tmp/maxwoo/21EF1A6A9139C9FD2A38E59AFB466F9A_508/INPUTFILES/data_218140201.root 
/tmp/maxwoo/21EF1A6A9139C9FD2A38E59AFB466F9A_508/INPUTFILES/data_218143721.root 
/tmp/maxwoo/21EF1A6A9139C9FD2A38E59AFB466F9A_508/INPUTFILES/data_218146131.root 
/tmp/maxwoo/21EF1A6A9139C9FD2A38E59AFB466F9A_508/INPUTFILES/data_218162111.root 
/tmp/maxwoo/21EF1A6A9139C9FD2A38E59AFB466F9A_508/INPUTFILES/data_218163271.root 
/tmp/maxwoo/21EF1A6A9139C9FD2A38E59AFB466F9A_508/INPUTFILES/data_218163281.root 
/tmp/maxwoo/21EF1A6A9139C9FD2A38E59AFB466F9A_508/INPUTFILES/data_218164471.root 
/tmp/maxwoo/21EF1A6A9139C9FD2A38E59AFB466F9A_508/INPUTFILES/data_218184091.root 
/tmp/maxwoo/21EF1A6A9139C9FD2A38E59AFB466F9A_508/INPUTFILES/data_218184101.root 
/tmp/maxwoo/21EF1A6A9139C9FD2A38E59AFB466F9A_508/INPUTFILES/data_218184111.root 
/tmp/maxwoo/21EF1A6A9139C9FD2A38E59AFB466F9A_508/INPUTFILES/data_218184121.root 
/tmp/maxwoo/21EF1A6A9139C9FD2A38E59AFB466F9A_508/INPUTFILES/data_218184161.root 
/tmp/maxwoo/21EF1A6A9139C9FD2A38E59AFB466F9A_508/INPUTFILES/data_218184181.root 
/tmp/maxwoo/21EF1A6A9139C9FD2A38E59AFB466F9A_508/INPUTFILES/data_218184211.root 
/tmp/maxwoo/21EF1A6A9139C9FD2A38E59AFB466F9A_508/INPUTFILES/data_218184221.root 
/tmp/maxwoo/21EF1A6A9139C9FD2A38E59AFB466F9A_508/INPUTFILES/data_218184241.root 
/tmp/maxwoo/21EF1A6A9139C9FD2A38E59AFB466F9A_508/INPUTFILES/data_218184291.root 
/tmp/maxwoo/21EF1A6A9139C9FD2A38E59AFB466F9A_508/INPUTFILES/data_218184301.root 
/tmp/maxwoo/21EF1A6A9139C9FD2A38E59AFB466F9A_508/INPUTFILES/data_218184361.root 
/tmp/maxwoo/21EF1A6A9139C9FD2A38E59AFB466F9A_508/INPUTFILES/data_218184371.root 
/tmp/maxwoo/21EF1A6A9139C9FD2A38E59AFB466F9A_508/INPUTFILES/data_218184391.root 
/tmp/maxwoo/21EF1A6A9139C9FD2A38E59AFB466F9A_508/INPUTFILES/data_218184411.root 
/tmp/maxwoo/21EF1A6A9139C9FD2A38E59AFB466F9A_508/INPUTFILES/data_218184551.root 
++++++++++++++++++++find.++++++++++++++++++++++
.
./.sandboxFiles
./lib
./lib/CenMaker_cpp.so
./lib/NpartNormalizer_cpp_ACLiC_dict_rdict.pcm
./lib/NpartNormalizer.cpp
./lib/MixedBuffer_cpp_ACLiC_dict_rdict.pcm
./lib/my_event_cpp.d
./lib/my_particle.h
./lib/my_event.h
./lib/my_event.cpp
./lib/MixedBuffer.h
./lib/MixedBuffer_cpp.d
./lib/NpartNormalizer.h
./lib/MixedBuffer_cpp.so
./lib/my_particle_cpp.d
./lib/CenMaker.h
./lib/CenMaker.cpp
./lib/my_particle_cpp_ACLiC_dict_rdict.pcm
./lib/NpartNormalizer_cpp.so
./lib/my_event_cpp.so
./lib/MixedBuffer.cpp
./lib/CenMaker_cpp.d
./lib/CenMaker_cpp_ACLiC_dict_rdict.pcm
./lib/NpartNormalizer_cpp.d
./lib/my_event_cpp_ACLiC_dict_rdict.pcm
./lib/my_particle.cpp
./lib/my_particle_cpp.so
./INPUTFILES
./INPUTFILES/data_218184301.root
./INPUTFILES/data_218146131.root
./INPUTFILES/data_217948571.root
./INPUTFILES/data_218100621.root
./INPUTFILES/data_218094891.root
./INPUTFILES/data_218143721.root
./INPUTFILES/data_217994961.root
./INPUTFILES/data_218094881.root
./INPUTFILES/data_218120601.root
./INPUTFILES/data_218184241.root
./INPUTFILES/data_218184091.root
./INPUTFILES/data_218184391.root
./INPUTFILES/data_218101951.root
./INPUTFILES/data_218164471.root
./INPUTFILES/data_218120591.root
./INPUTFILES/data_218129771.root
./INPUTFILES/data_217994921.root
./INPUTFILES/data_218184291.root
./INPUTFILES/data_217994941.root
./INPUTFILES/data_218184411.root
./INPUTFILES/data_218140201.root
./INPUTFILES/data_218184111.root
./INPUTFILES/data_218184221.root
./INPUTFILES/data_218184551.root
./INPUTFILES/data_218094871.root
./INPUTFILES/data_218184211.root
./INPUTFILES/data_218163281.root
./INPUTFILES/21EF1A6A9139C9FD2A38E59AFB466F9A_508.local.list
./INPUTFILES/data_218184121.root
./INPUTFILES/data_218184361.root
./INPUTFILES/data_218184101.root
./INPUTFILES/data_218184181.root
./INPUTFILES/data_218094861.root
./INPUTFILES/data_218094901.root
./INPUTFILES/data_218184161.root
./INPUTFILES/data_218162111.root
./INPUTFILES/data_218163271.root
./INPUTFILES/data_218184371.root
./check_S.C
./Check_Sness.C
./.output.log
./.errror.log
++++++++++++++++INPUTFILE Var++++++++++++++++++
FILELIST=/tmp/maxwoo/21EF1A6A9139C9FD2A38E59AFB466F9A_508/INPUTFILES/21EF1A6A9139C9FD2A38E59AFB466F9A_508.local.list
INPUTFILECOUNT=37
INPUTFILE0=/tmp/maxwoo/21EF1A6A9139C9FD2A38E59AFB466F9A_508/INPUTFILES/data_217948571.root
INPUTFILE1=/tmp/maxwoo/21EF1A6A9139C9FD2A38E59AFB466F9A_508/INPUTFILES/data_217994921.root
INPUTFILE2=/tmp/maxwoo/21EF1A6A9139C9FD2A38E59AFB466F9A_508/INPUTFILES/data_217994941.root
INPUTFILE3=/tmp/maxwoo/21EF1A6A9139C9FD2A38E59AFB466F9A_508/INPUTFILES/data_217994961.root
INPUTFILE4=/tmp/maxwoo/21EF1A6A9139C9FD2A38E59AFB466F9A_508/INPUTFILES/data_218094861.root
INPUTFILE5=/tmp/maxwoo/21EF1A6A9139C9FD2A38E59AFB466F9A_508/INPUTFILES/data_218094871.root
INPUTFILE6=/tmp/maxwoo/21EF1A6A9139C9FD2A38E59AFB466F9A_508/INPUTFILES/data_218094881.root
INPUTFILE7=/tmp/maxwoo/21EF1A6A9139C9FD2A38E59AFB466F9A_508/INPUTFILES/data_218094891.root
INPUTFILE8=/tmp/maxwoo/21EF1A6A9139C9FD2A38E59AFB466F9A_508/INPUTFILES/data_218094901.root
INPUTFILE9=/tmp/maxwoo/21EF1A6A9139C9FD2A38E59AFB466F9A_508/INPUTFILES/data_218100621.root
INPUTFILE10=/tmp/maxwoo/21EF1A6A9139C9FD2A38E59AFB466F9A_508/INPUTFILES/data_218101951.root
INPUTFILE11=/tmp/maxwoo/21EF1A6A9139C9FD2A38E59AFB466F9A_508/INPUTFILES/data_218120591.root
INPUTFILE12=/tmp/maxwoo/21EF1A6A9139C9FD2A38E59AFB466F9A_508/INPUTFILES/data_218120601.root
INPUTFILE13=/tmp/maxwoo/21EF1A6A9139C9FD2A38E59AFB466F9A_508/INPUTFILES/data_218129771.root
INPUTFILE14=/tmp/maxwoo/21EF1A6A9139C9FD2A38E59AFB466F9A_508/INPUTFILES/data_218140201.root
INPUTFILE15=/tmp/maxwoo/21EF1A6A9139C9FD2A38E59AFB466F9A_508/INPUTFILES/data_218143721.root
INPUTFILE16=/tmp/maxwoo/21EF1A6A9139C9FD2A38E59AFB466F9A_508/INPUTFILES/data_218146131.root
INPUTFILE17=/tmp/maxwoo/21EF1A6A9139C9FD2A38E59AFB466F9A_508/INPUTFILES/data_218162111.root
INPUTFILE18=/tmp/maxwoo/21EF1A6A9139C9FD2A38E59AFB466F9A_508/INPUTFILES/data_218163271.root
INPUTFILE19=/tmp/maxwoo/21EF1A6A9139C9FD2A38E59AFB466F9A_508/INPUTFILES/data_218163281.root
INPUTFILE20=/tmp/maxwoo/21EF1A6A9139C9FD2A38E59AFB466F9A_508/INPUTFILES/data_218164471.root
INPUTFILE21=/tmp/maxwoo/21EF1A6A9139C9FD2A38E59AFB466F9A_508/INPUTFILES/data_218184091.root
INPUTFILE22=/tmp/maxwoo/21EF1A6A9139C9FD2A38E59AFB466F9A_508/INPUTFILES/data_218184101.root
INPUTFILE23=/tmp/maxwoo/21EF1A6A9139C9FD2A38E59AFB466F9A_508/INPUTFILES/data_218184111.root
INPUTFILE24=/tmp/maxwoo/21EF1A6A9139C9FD2A38E59AFB466F9A_508/INPUTFILES/data_218184121.root
INPUTFILE25=/tmp/maxwoo/21EF1A6A9139C9FD2A38E59AFB466F9A_508/INPUTFILES/data_218184161.root
INPUTFILE26=/tmp/maxwoo/21EF1A6A9139C9FD2A38E59AFB466F9A_508/INPUTFILES/data_218184181.root
INPUTFILE27=/tmp/maxwoo/21EF1A6A9139C9FD2A38E59AFB466F9A_508/INPUTFILES/data_218184211.root
INPUTFILE28=/tmp/maxwoo/21EF1A6A9139C9FD2A38E59AFB466F9A_508/INPUTFILES/data_218184221.root
INPUTFILE29=/tmp/maxwoo/21EF1A6A9139C9FD2A38E59AFB466F9A_508/INPUTFILES/data_218184241.root
INPUTFILE30=/tmp/maxwoo/21EF1A6A9139C9FD2A38E59AFB466F9A_508/INPUTFILES/data_218184291.root
INPUTFILE31=/tmp/maxwoo/21EF1A6A9139C9FD2A38E59AFB466F9A_508/INPUTFILES/data_218184301.root
INPUTFILE32=/tmp/maxwoo/21EF1A6A9139C9FD2A38E59AFB466F9A_508/INPUTFILES/data_218184361.root
INPUTFILE33=/tmp/maxwoo/21EF1A6A9139C9FD2A38E59AFB466F9A_508/INPUTFILES/data_218184371.root
INPUTFILE34=/tmp/maxwoo/21EF1A6A9139C9FD2A38E59AFB466F9A_508/INPUTFILES/data_218184391.root
INPUTFILE35=/tmp/maxwoo/21EF1A6A9139C9FD2A38E59AFB466F9A_508/INPUTFILES/data_218184411.root
INPUTFILE36=/tmp/maxwoo/21EF1A6A9139C9FD2A38E59AFB466F9A_508/INPUTFILES/data_218184551.root
LocalInputFileDir=/tmp/maxwoo/21EF1A6A9139C9FD2A38E59AFB466F9A_508/INPUTFILES
NewFILELIST=/tmp/maxwoo/21EF1A6A9139C9FD2A38E59AFB466F9A_508/INPUTFILES/21EF1A6A9139C9FD2A38E59AFB466F9A_508.local.list
+++++++++++++++++++++++++++++++++++++++++++++++
--------------------------------
Simple Unified Meta Scheduler 1.10.50 we are starting in $SCRATCH : /home/tmp/maxwoo/21EF1A6A9139C9FD2A38E59AFB466F9A_508
--------------------------------
total 16
lrwxrwxrwx 1 maxwoo rhstar   61 Jun  2 11:30 check_S.C -> /gpfs/mnt/gpfs01/star/pwg/xiatong/git/strangeness/./check_S.C
lrwxrwxrwx 1 maxwoo rhstar   65 Jun  2 11:30 Check_Sness.C -> /gpfs/mnt/gpfs01/star/pwg/xiatong/git/strangeness/./Check_Sness.C
drwxr-xr-x 2 maxwoo rhstar 4096 Jun  2 11:33 INPUTFILES
drwxr-xr-x 2 maxwoo rhstar 4096 Jun  2 11:30 lib
  *******************************************
  *                                         *
  *        W E L C O M E  to  R O O T       *
  *                                         *
  *   Version   5.34/38     12 March 2018   *
  *                                         *
  *  You are welcome to visit our Web site  *
  *          http://root.cern.ch            *
  *                                         *
  *******************************************

ROOT 5.34/38 (v5-34-38@v5-34-38, Mar 12 2018, 15:49:39 on linux)

CINT/ROOT C/C++ Interpreter version 5.18.00, July 2, 2010
Type ? for help. Commands must be C++ statements.
Enclose multiple statements between { }.
*** Float Point Exception is OFF ***
 *** Start at Date : Thu Jun  2 11:33:32 2022
QAInfo:You are using STAR_LEVEL : dev, ROOT_LEVEL : 5.34.38 and node : spool0104.sdcc.bnl.gov 

Processing check_S.C++("/tmp/maxwoo/21EF1A6A9139C9FD2A38E59AFB466F9A_508/INPUTFILES/21EF1A6A9139C9FD2A38E59AFB466F9A_508.local.list","21EF1A6A9139C9FD2A38E59AFB466F9A_508",1)...
/tmp/maxwoo/21EF1A6A9139C9FD2A38E59AFB466F9A_508/INPUTFILES/data_217948571.root 
/tmp/maxwoo/21EF1A6A9139C9FD2A38E59AFB466F9A_508/INPUTFILES/data_217994921.root 
/tmp/maxwoo/21EF1A6A9139C9FD2A38E59AFB466F9A_508/INPUTFILES/data_217994941.root 
/tmp/maxwoo/21EF1A6A9139C9FD2A38E59AFB466F9A_508/INPUTFILES/data_217994961.root 
/tmp/maxwoo/21EF1A6A9139C9FD2A38E59AFB466F9A_508/INPUTFILES/data_218094861.root 
/tmp/maxwoo/21EF1A6A9139C9FD2A38E59AFB466F9A_508/INPUTFILES/data_218094871.root 
/tmp/maxwoo/21EF1A6A9139C9FD2A38E59AFB466F9A_508/INPUTFILES/data_218094881.root 
/tmp/maxwoo/21EF1A6A9139C9FD2A38E59AFB466F9A_508/INPUTFILES/data_218094891.root 
/tmp/maxwoo/21EF1A6A9139C9FD2A38E59AFB466F9A_508/INPUTFILES/data_218094901.root 
/tmp/maxwoo/21EF1A6A9139C9FD2A38E59AFB466F9A_508/INPUTFILES/data_218100621.root 
/tmp/maxwoo/21EF1A6A9139C9FD2A38E59AFB466F9A_508/INPUTFILES/data_218101951.root 
/tmp/maxwoo/21EF1A6A9139C9FD2A38E59AFB466F9A_508/INPUTFILES/data_218120591.root 
/tmp/maxwoo/21EF1A6A9139C9FD2A38E59AFB466F9A_508/INPUTFILES/data_218120601.root 
/tmp/maxwoo/21EF1A6A9139C9FD2A38E59AFB466F9A_508/INPUTFILES/data_218129771.root 
/tmp/maxwoo/21EF1A6A9139C9FD2A38E59AFB466F9A_508/INPUTFILES/data_218140201.root 
/tmp/maxwoo/21EF1A6A9139C9FD2A38E59AFB466F9A_508/INPUTFILES/data_218143721.root 
/tmp/maxwoo/21EF1A6A9139C9FD2A38E59AFB466F9A_508/INPUTFILES/data_218146131.root 
/tmp/maxwoo/21EF1A6A9139C9FD2A38E59AFB466F9A_508/INPUTFILES/data_218162111.root 
/tmp/maxwoo/21EF1A6A9139C9FD2A38E59AFB466F9A_508/INPUTFILES/data_218163271.root 
/tmp/maxwoo/21EF1A6A9139C9FD2A38E59AFB466F9A_508/INPUTFILES/data_218163281.root 
/tmp/maxwoo/21EF1A6A9139C9FD2A38E59AFB466F9A_508/INPUTFILES/data_218164471.root 
/tmp/maxwoo/21EF1A6A9139C9FD2A38E59AFB466F9A_508/INPUTFILES/data_218184091.root 
/tmp/maxwoo/21EF1A6A9139C9FD2A38E59AFB466F9A_508/INPUTFILES/data_218184101.root 
/tmp/maxwoo/21EF1A6A9139C9FD2A38E59AFB466F9A_508/INPUTFILES/data_218184111.root 
/tmp/maxwoo/21EF1A6A9139C9FD2A38E59AFB466F9A_508/INPUTFILES/data_218184121.root 
/tmp/maxwoo/21EF1A6A9139C9FD2A38E59AFB466F9A_508/INPUTFILES/data_218184161.root 
/tmp/maxwoo/21EF1A6A9139C9FD2A38E59AFB466F9A_508/INPUTFILES/data_218184181.root 
/tmp/maxwoo/21EF1A6A9139C9FD2A38E59AFB466F9A_508/INPUTFILES/data_218184211.root 
/tmp/maxwoo/21EF1A6A9139C9FD2A38E59AFB466F9A_508/INPUTFILES/data_218184221.root 
/tmp/maxwoo/21EF1A6A9139C9FD2A38E59AFB466F9A_508/INPUTFILES/data_218184241.root 
/tmp/maxwoo/21EF1A6A9139C9FD2A38E59AFB466F9A_508/INPUTFILES/data_218184291.root 
/tmp/maxwoo/21EF1A6A9139C9FD2A38E59AFB466F9A_508/INPUTFILES/data_218184301.root 
/tmp/maxwoo/21EF1A6A9139C9FD2A38E59AFB466F9A_508/INPUTFILES/data_218184361.root 
/tmp/maxwoo/21EF1A6A9139C9FD2A38E59AFB466F9A_508/INPUTFILES/data_218184371.root 
/tmp/maxwoo/21EF1A6A9139C9FD2A38E59AFB466F9A_508/INPUTFILES/data_218184391.root 
/tmp/maxwoo/21EF1A6A9139C9FD2A38E59AFB466F9A_508/INPUTFILES/data_218184411.root 
/tmp/maxwoo/21EF1A6A9139C9FD2A38E59AFB466F9A_508/INPUTFILES/data_218184551.root 
Added 37 files
# entries in chain: 36201
Processing entry == 1000 == out of 36201.
Processing entry == 2000 == out of 36201.
Processing entry == 3000 == out of 36201.
Processing entry == 4000 == out of 36201.
Processing entry == 5000 == out of 36201.
Processing entry == 6000 == out of 36201.
Processing entry == 7000 == out of 36201.
Processing entry == 8000 == out of 36201.
Processing entry == 9000 == out of 36201.
Processing entry == 10000 == out of 36201.
Processing entry == 11000 == out of 36201.
Processing entry == 12000 == out of 36201.
Processing entry == 13000 == out of 36201.
Processing entry == 14000 == out of 36201.
Processing entry == 15000 == out of 36201.
Processing entry == 16000 == out of 36201.
Processing entry == 17000 == out of 36201.
Processing entry == 18000 == out of 36201.
Processing entry == 19000 == out of 36201.
Processing entry == 20000 == out of 36201.
Processing entry == 21000 == out of 36201.
Processing entry == 22000 == out of 36201.
Processing entry == 23000 == out of 36201.
Processing entry == 24000 == out of 36201.
Processing entry == 25000 == out of 36201.
Processing entry == 26000 == out of 36201.
Processing entry == 27000 == out of 36201.
Processing entry == 28000 == out of 36201.
Processing entry == 29000 == out of 36201.
Processing entry == 30000 == out of 36201.
Processing entry == 31000 == out of 36201.
Processing entry == 32000 == out of 36201.
Processing entry == 33000 == out of 36201.
Processing entry == 34000 == out of 36201.
Processing entry == 35000 == out of 36201.
Processing entry == 36000 == out of 36201.

This is the end of ROOT -- Goodbye

Cleaning up sandbox file:  /tmp/maxwoo/21EF1A6A9139C9FD2A38E59AFB466F9A_508/check_S.C
Cleaning up sandbox file:  /tmp/maxwoo/21EF1A6A9139C9FD2A38E59AFB466F9A_508/Check_Sness.C
Cleaning up sandbox file:  /tmp/maxwoo/21EF1A6A9139C9FD2A38E59AFB466F9A_508/lib
Cleaning up sandbox file:  /tmp/maxwoo/21EF1A6A9139C9FD2A38E59AFB466F9A_508/.sandboxFiles
Starting copy block
Running copy command:  /bin/cp -fp /tmp/maxwoo/21EF1A6A9139C9FD2A38E59AFB466F9A_508/out_21EF1A6A9139C9FD2A38E59AFB466F9A_508.root /star/data01/pwg/xiatong/git/strangeness/data/
126525 Execution of (/star/data01/pwg/xiatong/git/strangeness/script/sched21EF1A6A9139C9FD2A38E59AFB466F9A_508.csh ) has ended, exiting normally
126525 We END on [Thu Jun  2 11:54:33 EDT 2022]
