We are starting on node: spool0313.sdcc.bnl.gov
HOME is not defined
Using getent method
HOME is now /star/u/maxwoo
7708 We will spawn ourselves (/star/data01/pwg/xiatong/git/strangeness/script/sched21EF1A6A9139C9FD2A38E59AFB466F9A_2663.csh )
7708 We BEGIN on [Thu Jun  2 10:54:10 EDT 2022]
[1] 8002
7708 We are waiting for 8002 
7708 Grandchild PID is 8517 - found in 10 x 1 seconds
7708 Establishing first watcher   on    Thu Jun  2 10:54:21 EDT 2022
7708 Process tree is 7708 (main) -> 8002 (child) -> 8517 (grandchild)
F S   UID   PID  PPID  C PRI  NI ADDR SZ WCHAN  TTY        TIME CMD
0 D 100667 8517  8002  0  80   0 - 32311 cxiWai ?          0:00 cp /star/data01/pwg/xiatong/AMPT/14GeV/data_1695159931.root /tmp/maxwoo/21EF1A6A9139C9FD2A38E59AFB466F9A_2663/INPUTFILES/data_1695159931.root
7708 Grandchild PID is 9505 - found in 20 x 2 seconds
7708 Grandchild to watch has changed on Thu Jun  2 10:54:42 EDT 2022
7708 Process tree is 7708 (main) -> 8002 (child) -> 9505 (grandchild)
F S   UID   PID  PPID  C PRI  NI ADDR SZ WCHAN  TTY        TIME CMD
0 D 100667 9505  8002  0  80   0 - 32311 cxiWai ?          0:00 cp /star/data01/pwg/xiatong/AMPT/14GeV/data_1695335531.root /tmp/maxwoo/21EF1A6A9139C9FD2A38E59AFB466F9A_2663/INPUTFILES/data_1695335531.root
7708 Grandchild PID is 10489 - found in 30 x 2 seconds
7708 Grandchild to watch has changed on Thu Jun  2 10:55:03 EDT 2022
7708 Process tree is 7708 (main) -> 8002 (child) -> 10489 (grandchild)
F S   UID   PID  PPID  C PRI  NI ADDR SZ WCHAN  TTY        TIME CMD
0 S 100667 10489 8002  0  80   0 -  1272 do_wai ?          0:00 root -b -q check_S.C++("/tmp/maxwoo/21EF1A6A9139C9FD2A38E59AFB466F9A_2663/INPUTFILES/21EF1A6A9139C9FD2A38E59AFB466F9A_2663.local.list","21EF1A6A9139C9FD2A38E59AFB466F9A_2663",1)
8002 Stepping into the main SUMS wrapper program with []
.... building sandbox
Running: cp /star/data01/pwg/xiatong/AMPT/14GeV/data_1694160591.root /tmp/maxwoo/21EF1A6A9139C9FD2A38E59AFB466F9A_2663/INPUTFILES/data_1694160591.root
Running: cp /star/data01/pwg/xiatong/AMPT/14GeV/data_1694160721.root /tmp/maxwoo/21EF1A6A9139C9FD2A38E59AFB466F9A_2663/INPUTFILES/data_1694160721.root
Running: cp /star/data01/pwg/xiatong/AMPT/14GeV/data_1694161991.root /tmp/maxwoo/21EF1A6A9139C9FD2A38E59AFB466F9A_2663/INPUTFILES/data_1694161991.root
Running: cp /star/data01/pwg/xiatong/AMPT/14GeV/data_1695159761.root /tmp/maxwoo/21EF1A6A9139C9FD2A38E59AFB466F9A_2663/INPUTFILES/data_1695159761.root
Running: cp /star/data01/pwg/xiatong/AMPT/14GeV/data_1695159821.root /tmp/maxwoo/21EF1A6A9139C9FD2A38E59AFB466F9A_2663/INPUTFILES/data_1695159821.root
Running: cp /star/data01/pwg/xiatong/AMPT/14GeV/data_1695159831.root /tmp/maxwoo/21EF1A6A9139C9FD2A38E59AFB466F9A_2663/INPUTFILES/data_1695159831.root
Running: cp /star/data01/pwg/xiatong/AMPT/14GeV/data_1695159901.root /tmp/maxwoo/21EF1A6A9139C9FD2A38E59AFB466F9A_2663/INPUTFILES/data_1695159901.root
Running: cp /star/data01/pwg/xiatong/AMPT/14GeV/data_1695159911.root /tmp/maxwoo/21EF1A6A9139C9FD2A38E59AFB466F9A_2663/INPUTFILES/data_1695159911.root
Running: cp /star/data01/pwg/xiatong/AMPT/14GeV/data_1695159931.root /tmp/maxwoo/21EF1A6A9139C9FD2A38E59AFB466F9A_2663/INPUTFILES/data_1695159931.root
Running: cp /star/data01/pwg/xiatong/AMPT/14GeV/data_1695159941.root /tmp/maxwoo/21EF1A6A9139C9FD2A38E59AFB466F9A_2663/INPUTFILES/data_1695159941.root
Running: cp /star/data01/pwg/xiatong/AMPT/14GeV/data_1695160001.root /tmp/maxwoo/21EF1A6A9139C9FD2A38E59AFB466F9A_2663/INPUTFILES/data_1695160001.root
Running: cp /star/data01/pwg/xiatong/AMPT/14GeV/data_1695160021.root /tmp/maxwoo/21EF1A6A9139C9FD2A38E59AFB466F9A_2663/INPUTFILES/data_1695160021.root
Running: cp /star/data01/pwg/xiatong/AMPT/14GeV/data_1695160051.root /tmp/maxwoo/21EF1A6A9139C9FD2A38E59AFB466F9A_2663/INPUTFILES/data_1695160051.root
Running: cp /star/data01/pwg/xiatong/AMPT/14GeV/data_1695160081.root /tmp/maxwoo/21EF1A6A9139C9FD2A38E59AFB466F9A_2663/INPUTFILES/data_1695160081.root
Running: cp /star/data01/pwg/xiatong/AMPT/14GeV/data_1695160091.root /tmp/maxwoo/21EF1A6A9139C9FD2A38E59AFB466F9A_2663/INPUTFILES/data_1695160091.root
Running: cp /star/data01/pwg/xiatong/AMPT/14GeV/data_1695160111.root /tmp/maxwoo/21EF1A6A9139C9FD2A38E59AFB466F9A_2663/INPUTFILES/data_1695160111.root
Running: cp /star/data01/pwg/xiatong/AMPT/14GeV/data_1695160161.root /tmp/maxwoo/21EF1A6A9139C9FD2A38E59AFB466F9A_2663/INPUTFILES/data_1695160161.root
Running: cp /star/data01/pwg/xiatong/AMPT/14GeV/data_1695161091.root /tmp/maxwoo/21EF1A6A9139C9FD2A38E59AFB466F9A_2663/INPUTFILES/data_1695161091.root
Running: cp /star/data01/pwg/xiatong/AMPT/14GeV/data_1695161401.root /tmp/maxwoo/21EF1A6A9139C9FD2A38E59AFB466F9A_2663/INPUTFILES/data_1695161401.root
Running: cp /star/data01/pwg/xiatong/AMPT/14GeV/data_1695161501.root /tmp/maxwoo/21EF1A6A9139C9FD2A38E59AFB466F9A_2663/INPUTFILES/data_1695161501.root
Running: cp /star/data01/pwg/xiatong/AMPT/14GeV/data_1695161581.root /tmp/maxwoo/21EF1A6A9139C9FD2A38E59AFB466F9A_2663/INPUTFILES/data_1695161581.root
Running: cp /star/data01/pwg/xiatong/AMPT/14GeV/data_1695196921.root /tmp/maxwoo/21EF1A6A9139C9FD2A38E59AFB466F9A_2663/INPUTFILES/data_1695196921.root
Running: cp /star/data01/pwg/xiatong/AMPT/14GeV/data_1695335531.root /tmp/maxwoo/21EF1A6A9139C9FD2A38E59AFB466F9A_2663/INPUTFILES/data_1695335531.root
Running: cp /star/data01/pwg/xiatong/AMPT/14GeV/data_1696113641.root /tmp/maxwoo/21EF1A6A9139C9FD2A38E59AFB466F9A_2663/INPUTFILES/data_1696113641.root
Running: cp /star/data01/pwg/xiatong/AMPT/14GeV/data_1696159541.root /tmp/maxwoo/21EF1A6A9139C9FD2A38E59AFB466F9A_2663/INPUTFILES/data_1696159541.root
Running: cp /star/data01/pwg/xiatong/AMPT/14GeV/data_1696159591.root /tmp/maxwoo/21EF1A6A9139C9FD2A38E59AFB466F9A_2663/INPUTFILES/data_1696159591.root
Running: cp /star/data01/pwg/xiatong/AMPT/14GeV/data_1696159611.root /tmp/maxwoo/21EF1A6A9139C9FD2A38E59AFB466F9A_2663/INPUTFILES/data_1696159611.root
Running: cp /star/data01/pwg/xiatong/AMPT/14GeV/data_1696159671.root /tmp/maxwoo/21EF1A6A9139C9FD2A38E59AFB466F9A_2663/INPUTFILES/data_1696159671.root
Running: cp /star/data01/pwg/xiatong/AMPT/14GeV/data_1696159681.root /tmp/maxwoo/21EF1A6A9139C9FD2A38E59AFB466F9A_2663/INPUTFILES/data_1696159681.root
Running: cp /star/data01/pwg/xiatong/AMPT/14GeV/data_1696159691.root /tmp/maxwoo/21EF1A6A9139C9FD2A38E59AFB466F9A_2663/INPUTFILES/data_1696159691.root
Running: cp /star/data01/pwg/xiatong/AMPT/14GeV/data_1696159731.root /tmp/maxwoo/21EF1A6A9139C9FD2A38E59AFB466F9A_2663/INPUTFILES/data_1696159731.root
Running: cp /star/data01/pwg/xiatong/AMPT/14GeV/data_1696159741.root /tmp/maxwoo/21EF1A6A9139C9FD2A38E59AFB466F9A_2663/INPUTFILES/data_1696159741.root
Running: cp /star/data01/pwg/xiatong/AMPT/14GeV/data_1696159751.root /tmp/maxwoo/21EF1A6A9139C9FD2A38E59AFB466F9A_2663/INPUTFILES/data_1696159751.root
Running: cp /star/data01/pwg/xiatong/AMPT/14GeV/data_1696159771.root /tmp/maxwoo/21EF1A6A9139C9FD2A38E59AFB466F9A_2663/INPUTFILES/data_1696159771.root
Running: cp /star/data01/pwg/xiatong/AMPT/14GeV/data_1696159801.root /tmp/maxwoo/21EF1A6A9139C9FD2A38E59AFB466F9A_2663/INPUTFILES/data_1696159801.root
Running: cp /star/data01/pwg/xiatong/AMPT/14GeV/data_1696159811.root /tmp/maxwoo/21EF1A6A9139C9FD2A38E59AFB466F9A_2663/INPUTFILES/data_1696159811.root
Running: cp /star/data01/pwg/xiatong/AMPT/14GeV/data_1696159841.root /tmp/maxwoo/21EF1A6A9139C9FD2A38E59AFB466F9A_2663/INPUTFILES/data_1696159841.root
Swapping $FILELIST with: /tmp/maxwoo/21EF1A6A9139C9FD2A38E59AFB466F9A_2663/INPUTFILES/21EF1A6A9139C9FD2A38E59AFB466F9A_2663.local.list
+++++++++++local copy debug++++++++++++++++++++
newFileList: /tmp/maxwoo/21EF1A6A9139C9FD2A38E59AFB466F9A_2663/INPUTFILES/21EF1A6A9139C9FD2A38E59AFB466F9A_2663.local.list
++++++++++++++++cat FILELIST+++++++++++++++++++
/tmp/maxwoo/21EF1A6A9139C9FD2A38E59AFB466F9A_2663/INPUTFILES/data_1694160591.root 
/tmp/maxwoo/21EF1A6A9139C9FD2A38E59AFB466F9A_2663/INPUTFILES/data_1694160721.root 
/tmp/maxwoo/21EF1A6A9139C9FD2A38E59AFB466F9A_2663/INPUTFILES/data_1694161991.root 
/tmp/maxwoo/21EF1A6A9139C9FD2A38E59AFB466F9A_2663/INPUTFILES/data_1695159761.root 
/tmp/maxwoo/21EF1A6A9139C9FD2A38E59AFB466F9A_2663/INPUTFILES/data_1695159821.root 
/tmp/maxwoo/21EF1A6A9139C9FD2A38E59AFB466F9A_2663/INPUTFILES/data_1695159831.root 
/tmp/maxwoo/21EF1A6A9139C9FD2A38E59AFB466F9A_2663/INPUTFILES/data_1695159901.root 
/tmp/maxwoo/21EF1A6A9139C9FD2A38E59AFB466F9A_2663/INPUTFILES/data_1695159911.root 
/tmp/maxwoo/21EF1A6A9139C9FD2A38E59AFB466F9A_2663/INPUTFILES/data_1695159931.root 
/tmp/maxwoo/21EF1A6A9139C9FD2A38E59AFB466F9A_2663/INPUTFILES/data_1695159941.root 
/tmp/maxwoo/21EF1A6A9139C9FD2A38E59AFB466F9A_2663/INPUTFILES/data_1695160001.root 
/tmp/maxwoo/21EF1A6A9139C9FD2A38E59AFB466F9A_2663/INPUTFILES/data_1695160021.root 
/tmp/maxwoo/21EF1A6A9139C9FD2A38E59AFB466F9A_2663/INPUTFILES/data_1695160051.root 
/tmp/maxwoo/21EF1A6A9139C9FD2A38E59AFB466F9A_2663/INPUTFILES/data_1695160081.root 
/tmp/maxwoo/21EF1A6A9139C9FD2A38E59AFB466F9A_2663/INPUTFILES/data_1695160091.root 
/tmp/maxwoo/21EF1A6A9139C9FD2A38E59AFB466F9A_2663/INPUTFILES/data_1695160111.root 
/tmp/maxwoo/21EF1A6A9139C9FD2A38E59AFB466F9A_2663/INPUTFILES/data_1695160161.root 
/tmp/maxwoo/21EF1A6A9139C9FD2A38E59AFB466F9A_2663/INPUTFILES/data_1695161091.root 
/tmp/maxwoo/21EF1A6A9139C9FD2A38E59AFB466F9A_2663/INPUTFILES/data_1695161401.root 
/tmp/maxwoo/21EF1A6A9139C9FD2A38E59AFB466F9A_2663/INPUTFILES/data_1695161501.root 
/tmp/maxwoo/21EF1A6A9139C9FD2A38E59AFB466F9A_2663/INPUTFILES/data_1695161581.root 
/tmp/maxwoo/21EF1A6A9139C9FD2A38E59AFB466F9A_2663/INPUTFILES/data_1695196921.root 
/tmp/maxwoo/21EF1A6A9139C9FD2A38E59AFB466F9A_2663/INPUTFILES/data_1695335531.root 
/tmp/maxwoo/21EF1A6A9139C9FD2A38E59AFB466F9A_2663/INPUTFILES/data_1696113641.root 
/tmp/maxwoo/21EF1A6A9139C9FD2A38E59AFB466F9A_2663/INPUTFILES/data_1696159541.root 
/tmp/maxwoo/21EF1A6A9139C9FD2A38E59AFB466F9A_2663/INPUTFILES/data_1696159591.root 
/tmp/maxwoo/21EF1A6A9139C9FD2A38E59AFB466F9A_2663/INPUTFILES/data_1696159611.root 
/tmp/maxwoo/21EF1A6A9139C9FD2A38E59AFB466F9A_2663/INPUTFILES/data_1696159671.root 
/tmp/maxwoo/21EF1A6A9139C9FD2A38E59AFB466F9A_2663/INPUTFILES/data_1696159681.root 
/tmp/maxwoo/21EF1A6A9139C9FD2A38E59AFB466F9A_2663/INPUTFILES/data_1696159691.root 
/tmp/maxwoo/21EF1A6A9139C9FD2A38E59AFB466F9A_2663/INPUTFILES/data_1696159731.root 
/tmp/maxwoo/21EF1A6A9139C9FD2A38E59AFB466F9A_2663/INPUTFILES/data_1696159741.root 
/tmp/maxwoo/21EF1A6A9139C9FD2A38E59AFB466F9A_2663/INPUTFILES/data_1696159751.root 
/tmp/maxwoo/21EF1A6A9139C9FD2A38E59AFB466F9A_2663/INPUTFILES/data_1696159771.root 
/tmp/maxwoo/21EF1A6A9139C9FD2A38E59AFB466F9A_2663/INPUTFILES/data_1696159801.root 
/tmp/maxwoo/21EF1A6A9139C9FD2A38E59AFB466F9A_2663/INPUTFILES/data_1696159811.root 
/tmp/maxwoo/21EF1A6A9139C9FD2A38E59AFB466F9A_2663/INPUTFILES/data_1696159841.root 
++++++++++++++++++++find.++++++++++++++++++++++
.
./.errror.log
./Check_Sness.C
./.output.log
./.sandboxFiles
./check_S.C
./lib
./lib/my_event.cpp
./lib/my_event_cpp.so
./lib/NpartNormalizer.h
./lib/NpartNormalizer.cpp
./lib/MixedBuffer_cpp.so
./lib/MixedBuffer.cpp
./lib/CenMaker.cpp
./lib/MixedBuffer_cpp.d
./lib/NpartNormalizer_cpp.d
./lib/my_particle_cpp.so
./lib/NpartNormalizer_cpp.so
./lib/my_particle.h
./lib/my_event_cpp.d
./lib/MixedBuffer_cpp_ACLiC_dict_rdict.pcm
./lib/CenMaker_cpp.so
./lib/my_particle_cpp.d
./lib/my_particle_cpp_ACLiC_dict_rdict.pcm
./lib/CenMaker.h
./lib/MixedBuffer.h
./lib/my_event_cpp_ACLiC_dict_rdict.pcm
./lib/CenMaker_cpp_ACLiC_dict_rdict.pcm
./lib/CenMaker_cpp.d
./lib/my_particle.cpp
./lib/my_event.h
./lib/NpartNormalizer_cpp_ACLiC_dict_rdict.pcm
./INPUTFILES
./INPUTFILES/data_1695160051.root
./INPUTFILES/data_1695159761.root
./INPUTFILES/data_1695159821.root
./INPUTFILES/data_1696159541.root
./INPUTFILES/data_1696159731.root
./INPUTFILES/data_1695335531.root
./INPUTFILES/data_1695160111.root
./INPUTFILES/data_1696159741.root
./INPUTFILES/data_1696159611.root
./INPUTFILES/data_1694161991.root
./INPUTFILES/data_1695161581.root
./INPUTFILES/data_1696159691.root
./INPUTFILES/data_1696159841.root
./INPUTFILES/data_1695161091.root
./INPUTFILES/data_1695160001.root
./INPUTFILES/data_1696159771.root
./INPUTFILES/data_1696159801.root
./INPUTFILES/data_1695160081.root
./INPUTFILES/data_1696159591.root
./INPUTFILES/data_1694160721.root
./INPUTFILES/data_1695196921.root
./INPUTFILES/data_1696159751.root
./INPUTFILES/data_1695159931.root
./INPUTFILES/data_1696113641.root
./INPUTFILES/data_1695159911.root
./INPUTFILES/data_1695160161.root
./INPUTFILES/data_1695161401.root
./INPUTFILES/data_1695159831.root
./INPUTFILES/data_1695160021.root
./INPUTFILES/data_1695159901.root
./INPUTFILES/data_1696159811.root
./INPUTFILES/data_1696159681.root
./INPUTFILES/data_1695160091.root
./INPUTFILES/data_1695161501.root
./INPUTFILES/data_1696159671.root
./INPUTFILES/21EF1A6A9139C9FD2A38E59AFB466F9A_2663.local.list
./INPUTFILES/data_1694160591.root
./INPUTFILES/data_1695159941.root
++++++++++++++++INPUTFILE Var++++++++++++++++++
FILELIST=/tmp/maxwoo/21EF1A6A9139C9FD2A38E59AFB466F9A_2663/INPUTFILES/21EF1A6A9139C9FD2A38E59AFB466F9A_2663.local.list
INPUTFILECOUNT=37
INPUTFILE0=/tmp/maxwoo/21EF1A6A9139C9FD2A38E59AFB466F9A_2663/INPUTFILES/data_1694160591.root
INPUTFILE1=/tmp/maxwoo/21EF1A6A9139C9FD2A38E59AFB466F9A_2663/INPUTFILES/data_1694160721.root
INPUTFILE2=/tmp/maxwoo/21EF1A6A9139C9FD2A38E59AFB466F9A_2663/INPUTFILES/data_1694161991.root
INPUTFILE3=/tmp/maxwoo/21EF1A6A9139C9FD2A38E59AFB466F9A_2663/INPUTFILES/data_1695159761.root
INPUTFILE4=/tmp/maxwoo/21EF1A6A9139C9FD2A38E59AFB466F9A_2663/INPUTFILES/data_1695159821.root
INPUTFILE5=/tmp/maxwoo/21EF1A6A9139C9FD2A38E59AFB466F9A_2663/INPUTFILES/data_1695159831.root
INPUTFILE6=/tmp/maxwoo/21EF1A6A9139C9FD2A38E59AFB466F9A_2663/INPUTFILES/data_1695159901.root
INPUTFILE7=/tmp/maxwoo/21EF1A6A9139C9FD2A38E59AFB466F9A_2663/INPUTFILES/data_1695159911.root
INPUTFILE8=/tmp/maxwoo/21EF1A6A9139C9FD2A38E59AFB466F9A_2663/INPUTFILES/data_1695159931.root
INPUTFILE9=/tmp/maxwoo/21EF1A6A9139C9FD2A38E59AFB466F9A_2663/INPUTFILES/data_1695159941.root
INPUTFILE10=/tmp/maxwoo/21EF1A6A9139C9FD2A38E59AFB466F9A_2663/INPUTFILES/data_1695160001.root
INPUTFILE11=/tmp/maxwoo/21EF1A6A9139C9FD2A38E59AFB466F9A_2663/INPUTFILES/data_1695160021.root
INPUTFILE12=/tmp/maxwoo/21EF1A6A9139C9FD2A38E59AFB466F9A_2663/INPUTFILES/data_1695160051.root
INPUTFILE13=/tmp/maxwoo/21EF1A6A9139C9FD2A38E59AFB466F9A_2663/INPUTFILES/data_1695160081.root
INPUTFILE14=/tmp/maxwoo/21EF1A6A9139C9FD2A38E59AFB466F9A_2663/INPUTFILES/data_1695160091.root
INPUTFILE15=/tmp/maxwoo/21EF1A6A9139C9FD2A38E59AFB466F9A_2663/INPUTFILES/data_1695160111.root
INPUTFILE16=/tmp/maxwoo/21EF1A6A9139C9FD2A38E59AFB466F9A_2663/INPUTFILES/data_1695160161.root
INPUTFILE17=/tmp/maxwoo/21EF1A6A9139C9FD2A38E59AFB466F9A_2663/INPUTFILES/data_1695161091.root
INPUTFILE18=/tmp/maxwoo/21EF1A6A9139C9FD2A38E59AFB466F9A_2663/INPUTFILES/data_1695161401.root
INPUTFILE19=/tmp/maxwoo/21EF1A6A9139C9FD2A38E59AFB466F9A_2663/INPUTFILES/data_1695161501.root
INPUTFILE20=/tmp/maxwoo/21EF1A6A9139C9FD2A38E59AFB466F9A_2663/INPUTFILES/data_1695161581.root
INPUTFILE21=/tmp/maxwoo/21EF1A6A9139C9FD2A38E59AFB466F9A_2663/INPUTFILES/data_1695196921.root
INPUTFILE22=/tmp/maxwoo/21EF1A6A9139C9FD2A38E59AFB466F9A_2663/INPUTFILES/data_1695335531.root
INPUTFILE23=/tmp/maxwoo/21EF1A6A9139C9FD2A38E59AFB466F9A_2663/INPUTFILES/data_1696113641.root
INPUTFILE24=/tmp/maxwoo/21EF1A6A9139C9FD2A38E59AFB466F9A_2663/INPUTFILES/data_1696159541.root
INPUTFILE25=/tmp/maxwoo/21EF1A6A9139C9FD2A38E59AFB466F9A_2663/INPUTFILES/data_1696159591.root
INPUTFILE26=/tmp/maxwoo/21EF1A6A9139C9FD2A38E59AFB466F9A_2663/INPUTFILES/data_1696159611.root
INPUTFILE27=/tmp/maxwoo/21EF1A6A9139C9FD2A38E59AFB466F9A_2663/INPUTFILES/data_1696159671.root
INPUTFILE28=/tmp/maxwoo/21EF1A6A9139C9FD2A38E59AFB466F9A_2663/INPUTFILES/data_1696159681.root
INPUTFILE29=/tmp/maxwoo/21EF1A6A9139C9FD2A38E59AFB466F9A_2663/INPUTFILES/data_1696159691.root
INPUTFILE30=/tmp/maxwoo/21EF1A6A9139C9FD2A38E59AFB466F9A_2663/INPUTFILES/data_1696159731.root
INPUTFILE31=/tmp/maxwoo/21EF1A6A9139C9FD2A38E59AFB466F9A_2663/INPUTFILES/data_1696159741.root
INPUTFILE32=/tmp/maxwoo/21EF1A6A9139C9FD2A38E59AFB466F9A_2663/INPUTFILES/data_1696159751.root
INPUTFILE33=/tmp/maxwoo/21EF1A6A9139C9FD2A38E59AFB466F9A_2663/INPUTFILES/data_1696159771.root
INPUTFILE34=/tmp/maxwoo/21EF1A6A9139C9FD2A38E59AFB466F9A_2663/INPUTFILES/data_1696159801.root
INPUTFILE35=/tmp/maxwoo/21EF1A6A9139C9FD2A38E59AFB466F9A_2663/INPUTFILES/data_1696159811.root
INPUTFILE36=/tmp/maxwoo/21EF1A6A9139C9FD2A38E59AFB466F9A_2663/INPUTFILES/data_1696159841.root
LocalInputFileDir=/tmp/maxwoo/21EF1A6A9139C9FD2A38E59AFB466F9A_2663/INPUTFILES
NewFILELIST=/tmp/maxwoo/21EF1A6A9139C9FD2A38E59AFB466F9A_2663/INPUTFILES/21EF1A6A9139C9FD2A38E59AFB466F9A_2663.local.list
+++++++++++++++++++++++++++++++++++++++++++++++
--------------------------------
Simple Unified Meta Scheduler 1.10.50 we are starting in $SCRATCH : /home/tmp/maxwoo/21EF1A6A9139C9FD2A38E59AFB466F9A_2663
--------------------------------
total 16
lrwxrwxrwx 1 maxwoo rhstar   61 Jun  2 10:54 check_S.C -> /gpfs/mnt/gpfs01/star/pwg/xiatong/git/strangeness/./check_S.C
lrwxrwxrwx 1 maxwoo rhstar   65 Jun  2 10:54 Check_Sness.C -> /gpfs/mnt/gpfs01/star/pwg/xiatong/git/strangeness/./Check_Sness.C
drwxr-xr-x 2 maxwoo rhstar 4096 Jun  2 10:54 INPUTFILES
drwxr-xr-x 2 maxwoo rhstar 4096 Jun  2 10:54 lib
  *******************************************
  *                                         *
  *        W E L C O M E  to  R O O T       *
  *                                         *
  *   Version   5.34/38     12 March 2018   *
  *                                         *
  *  You are welcome to visit our Web site  *
  *          http://root.cern.ch            *
  *                                         *
  *******************************************

ROOT 5.34/38 (v5-34-38@v5-34-38, Mar 12 2018, 15:49:39 on linux)

CINT/ROOT C/C++ Interpreter version 5.18.00, July 2, 2010
Type ? for help. Commands must be C++ statements.
Enclose multiple statements between { }.
*** Float Point Exception is OFF ***
 *** Start at Date : Thu Jun  2 10:54:57 2022
QAInfo:You are using STAR_LEVEL : dev, ROOT_LEVEL : 5.34.38 and node : spool0313.sdcc.bnl.gov 

Processing check_S.C++("/tmp/maxwoo/21EF1A6A9139C9FD2A38E59AFB466F9A_2663/INPUTFILES/21EF1A6A9139C9FD2A38E59AFB466F9A_2663.local.list","21EF1A6A9139C9FD2A38E59AFB466F9A_2663",1)...
/tmp/maxwoo/21EF1A6A9139C9FD2A38E59AFB466F9A_2663/INPUTFILES/data_1694160591.root 
/tmp/maxwoo/21EF1A6A9139C9FD2A38E59AFB466F9A_2663/INPUTFILES/data_1694160721.root 
/tmp/maxwoo/21EF1A6A9139C9FD2A38E59AFB466F9A_2663/INPUTFILES/data_1694161991.root 
/tmp/maxwoo/21EF1A6A9139C9FD2A38E59AFB466F9A_2663/INPUTFILES/data_1695159761.root 
/tmp/maxwoo/21EF1A6A9139C9FD2A38E59AFB466F9A_2663/INPUTFILES/data_1695159821.root 
/tmp/maxwoo/21EF1A6A9139C9FD2A38E59AFB466F9A_2663/INPUTFILES/data_1695159831.root 
/tmp/maxwoo/21EF1A6A9139C9FD2A38E59AFB466F9A_2663/INPUTFILES/data_1695159901.root 
/tmp/maxwoo/21EF1A6A9139C9FD2A38E59AFB466F9A_2663/INPUTFILES/data_1695159911.root 
/tmp/maxwoo/21EF1A6A9139C9FD2A38E59AFB466F9A_2663/INPUTFILES/data_1695159931.root 
/tmp/maxwoo/21EF1A6A9139C9FD2A38E59AFB466F9A_2663/INPUTFILES/data_1695159941.root 
/tmp/maxwoo/21EF1A6A9139C9FD2A38E59AFB466F9A_2663/INPUTFILES/data_1695160001.root 
/tmp/maxwoo/21EF1A6A9139C9FD2A38E59AFB466F9A_2663/INPUTFILES/data_1695160021.root 
/tmp/maxwoo/21EF1A6A9139C9FD2A38E59AFB466F9A_2663/INPUTFILES/data_1695160051.root 
/tmp/maxwoo/21EF1A6A9139C9FD2A38E59AFB466F9A_2663/INPUTFILES/data_1695160081.root 
/tmp/maxwoo/21EF1A6A9139C9FD2A38E59AFB466F9A_2663/INPUTFILES/data_1695160091.root 
/tmp/maxwoo/21EF1A6A9139C9FD2A38E59AFB466F9A_2663/INPUTFILES/data_1695160111.root 
/tmp/maxwoo/21EF1A6A9139C9FD2A38E59AFB466F9A_2663/INPUTFILES/data_1695160161.root 
/tmp/maxwoo/21EF1A6A9139C9FD2A38E59AFB466F9A_2663/INPUTFILES/data_1695161091.root 
/tmp/maxwoo/21EF1A6A9139C9FD2A38E59AFB466F9A_2663/INPUTFILES/data_1695161401.root 
/tmp/maxwoo/21EF1A6A9139C9FD2A38E59AFB466F9A_2663/INPUTFILES/data_1695161501.root 
/tmp/maxwoo/21EF1A6A9139C9FD2A38E59AFB466F9A_2663/INPUTFILES/data_1695161581.root 
/tmp/maxwoo/21EF1A6A9139C9FD2A38E59AFB466F9A_2663/INPUTFILES/data_1695196921.root 
/tmp/maxwoo/21EF1A6A9139C9FD2A38E59AFB466F9A_2663/INPUTFILES/data_1695335531.root 
/tmp/maxwoo/21EF1A6A9139C9FD2A38E59AFB466F9A_2663/INPUTFILES/data_1696113641.root 
/tmp/maxwoo/21EF1A6A9139C9FD2A38E59AFB466F9A_2663/INPUTFILES/data_1696159541.root 
/tmp/maxwoo/21EF1A6A9139C9FD2A38E59AFB466F9A_2663/INPUTFILES/data_1696159591.root 
/tmp/maxwoo/21EF1A6A9139C9FD2A38E59AFB466F9A_2663/INPUTFILES/data_1696159611.root 
/tmp/maxwoo/21EF1A6A9139C9FD2A38E59AFB466F9A_2663/INPUTFILES/data_1696159671.root 
/tmp/maxwoo/21EF1A6A9139C9FD2A38E59AFB466F9A_2663/INPUTFILES/data_1696159681.root 
/tmp/maxwoo/21EF1A6A9139C9FD2A38E59AFB466F9A_2663/INPUTFILES/data_1696159691.root 
/tmp/maxwoo/21EF1A6A9139C9FD2A38E59AFB466F9A_2663/INPUTFILES/data_1696159731.root 
/tmp/maxwoo/21EF1A6A9139C9FD2A38E59AFB466F9A_2663/INPUTFILES/data_1696159741.root 
/tmp/maxwoo/21EF1A6A9139C9FD2A38E59AFB466F9A_2663/INPUTFILES/data_1696159751.root 
/tmp/maxwoo/21EF1A6A9139C9FD2A38E59AFB466F9A_2663/INPUTFILES/data_1696159771.root 
/tmp/maxwoo/21EF1A6A9139C9FD2A38E59AFB466F9A_2663/INPUTFILES/data_1696159801.root 
/tmp/maxwoo/21EF1A6A9139C9FD2A38E59AFB466F9A_2663/INPUTFILES/data_1696159811.root 
/tmp/maxwoo/21EF1A6A9139C9FD2A38E59AFB466F9A_2663/INPUTFILES/data_1696159841.root 
Added 37 files
# entries in chain: 37000
Processing entry == 1000 == out of 37000.
Processing entry == 2000 == out of 37000.
Processing entry == 3000 == out of 37000.
Processing entry == 4000 == out of 37000.
Processing entry == 5000 == out of 37000.
Processing entry == 6000 == out of 37000.
Processing entry == 7000 == out of 37000.
Processing entry == 8000 == out of 37000.
Processing entry == 9000 == out of 37000.
Processing entry == 10000 == out of 37000.
Processing entry == 11000 == out of 37000.
Processing entry == 12000 == out of 37000.
Processing entry == 13000 == out of 37000.
Processing entry == 14000 == out of 37000.
Processing entry == 15000 == out of 37000.
Processing entry == 16000 == out of 37000.
Processing entry == 17000 == out of 37000.
Processing entry == 18000 == out of 37000.
Processing entry == 19000 == out of 37000.
Processing entry == 20000 == out of 37000.
Processing entry == 21000 == out of 37000.
Processing entry == 22000 == out of 37000.
Processing entry == 23000 == out of 37000.
Processing entry == 24000 == out of 37000.
Processing entry == 25000 == out of 37000.
Processing entry == 26000 == out of 37000.
Processing entry == 27000 == out of 37000.
Processing entry == 28000 == out of 37000.
Processing entry == 29000 == out of 37000.
Processing entry == 30000 == out of 37000.
Processing entry == 31000 == out of 37000.
Processing entry == 32000 == out of 37000.
Processing entry == 33000 == out of 37000.
Processing entry == 34000 == out of 37000.
Processing entry == 35000 == out of 37000.
Processing entry == 36000 == out of 37000.
Processing entry == 37000 == out of 37000.

This is the end of ROOT -- Goodbye

Cleaning up sandbox file:  /tmp/maxwoo/21EF1A6A9139C9FD2A38E59AFB466F9A_2663/check_S.C
Cleaning up sandbox file:  /tmp/maxwoo/21EF1A6A9139C9FD2A38E59AFB466F9A_2663/Check_Sness.C
Cleaning up sandbox file:  /tmp/maxwoo/21EF1A6A9139C9FD2A38E59AFB466F9A_2663/lib
Cleaning up sandbox file:  /tmp/maxwoo/21EF1A6A9139C9FD2A38E59AFB466F9A_2663/.sandboxFiles
Starting copy block
Running copy command:  /bin/cp -fp /tmp/maxwoo/21EF1A6A9139C9FD2A38E59AFB466F9A_2663/out_21EF1A6A9139C9FD2A38E59AFB466F9A_2663.root /star/data01/pwg/xiatong/git/strangeness/data/
7708 Execution of (/star/data01/pwg/xiatong/git/strangeness/script/sched21EF1A6A9139C9FD2A38E59AFB466F9A_2663.csh ) has ended, exiting normally
7708 We END on [Thu Jun  2 11:27:46 EDT 2022]
