We are starting on node: spool0712.sdcc.bnl.gov
HOME is not defined
Using getent method
HOME is now /star/u/maxwoo
61831 We will spawn ourselves (/star/data01/pwg/xiatong/git/strangeness/script/sched21EF1A6A9139C9FD2A38E59AFB466F9A_322.csh )
61831 We BEGIN on [Thu Jun  2 11:37:58 EDT 2022]
[1] 62024
61831 We are waiting for 62024 
61831 Grandchild PID is 62447 - found in 10 x 1 seconds
61831 Establishing first watcher   on    Thu Jun  2 11:38:09 EDT 2022
61831 Process tree is 61831 (main) -> 62024 (child) -> 62447 (grandchild)
F S   UID    PID   PPID  C PRI  NI ADDR SZ WCHAN  TTY        TIME CMD
0 D 100667 62447  62024  0  80   0 - 32311 cxiWai ?          0:00 cp /star/data01/pwg/xiatong/AMPT/14GeV/data_157039111.root /tmp/maxwoo/21EF1A6A9139C9FD2A38E59AFB466F9A_322/INPUTFILES/data_157039111.root
61831 Grandchild PID is 63426 - found in 20 x 2 seconds
61831 Grandchild to watch has changed on Thu Jun  2 11:38:30 EDT 2022
61831 Process tree is 61831 (main) -> 62024 (child) -> 63426 (grandchild)
F S   UID    PID   PPID  C PRI  NI ADDR SZ WCHAN  TTY        TIME CMD
0 D 100667 63426  62024  0  80   0 - 32311 cxiWai ?          0:00 cp /star/data01/pwg/xiatong/AMPT/14GeV/data_157039371.root /tmp/maxwoo/21EF1A6A9139C9FD2A38E59AFB466F9A_322/INPUTFILES/data_157039371.root
61831 Grandchild PID is 64061 - found in 30 x 2 seconds
61831 Grandchild to watch has changed on Thu Jun  2 11:38:50 EDT 2022
61831 Process tree is 61831 (main) -> 62024 (child) -> 64061 (grandchild)
F S   UID    PID   PPID  C PRI  NI ADDR SZ WCHAN  TTY        TIME CMD
0 D 100667 64061  62024  0  80   0 - 32311 cxiWai ?          0:00 cp /star/data01/pwg/xiatong/AMPT/14GeV/data_157039391.root /tmp/maxwoo/21EF1A6A9139C9FD2A38E59AFB466F9A_322/INPUTFILES/data_157039391.root
61831 Grandchild PID is 66231 - found in 50 x 2 seconds
61831 Grandchild to watch has changed on Thu Jun  2 11:39:32 EDT 2022
61831 Process tree is 61831 (main) -> 62024 (child) -> 66231 (grandchild)
F S   UID    PID   PPID  C PRI  NI ADDR SZ WCHAN  TTY        TIME CMD
0 D 100667 66231  62024  0  80   0 - 32311 cxiWai ?          0:00 cp /star/data01/pwg/xiatong/AMPT/14GeV/data_157039881.root /tmp/maxwoo/21EF1A6A9139C9FD2A38E59AFB466F9A_322/INPUTFILES/data_157039881.root
61831 Grandchild PID is 67298 - found in 70 x 2 seconds
61831 Grandchild to watch has changed on Thu Jun  2 11:40:13 EDT 2022
61831 Process tree is 61831 (main) -> 62024 (child) -> 67298 (grandchild)
F S   UID    PID   PPID  C PRI  NI ADDR SZ WCHAN  TTY        TIME CMD
0 D 100667 67298  62024  0  80   0 - 32311 cxiWai ?          0:00 cp /star/data01/pwg/xiatong/AMPT/14GeV/data_157064651.root /tmp/maxwoo/21EF1A6A9139C9FD2A38E59AFB466F9A_322/INPUTFILES/data_157064651.root
61831 Grandchild PID is 68957 - found in 90 x 2 seconds
61831 Grandchild to watch has changed on Thu Jun  2 11:40:54 EDT 2022
61831 Process tree is 61831 (main) -> 62024 (child) -> 68957 (grandchild)
F S   UID    PID   PPID  C PRI  NI ADDR SZ WCHAN  TTY        TIME CMD
0 D 100667 68957  62024  0  80   0 - 32311 cxiWai ?          0:00 cp /star/data01/pwg/xiatong/AMPT/14GeV/data_157101541.root /tmp/maxwoo/21EF1A6A9139C9FD2A38E59AFB466F9A_322/INPUTFILES/data_157101541.root
61831 Grandchild PID is 70133 - found in 100 x 2 seconds
61831 Grandchild to watch has changed on Thu Jun  2 11:41:15 EDT 2022
61831 Process tree is 61831 (main) -> 62024 (child) -> 70133 (grandchild)
F S   UID    PID   PPID  C PRI  NI ADDR SZ WCHAN  TTY        TIME CMD
0 D 100667 70133  62024  0  80   0 - 32311 cxiWai ?          0:00 cp /star/data01/pwg/xiatong/AMPT/14GeV/data_157110161.root /tmp/maxwoo/21EF1A6A9139C9FD2A38E59AFB466F9A_322/INPUTFILES/data_157110161.root
61831 Grandchild PID is 70955 - found in 110 x 2 seconds
61831 Grandchild to watch has changed on Thu Jun  2 11:41:35 EDT 2022
61831 Process tree is 61831 (main) -> 62024 (child) -> 70955 (grandchild)
F S   UID    PID   PPID  C PRI  NI ADDR SZ WCHAN  TTY        TIME CMD
0 D 100667 70955  62024  0  80   0 - 32311 cxiWai ?          0:00 cp /star/data01/pwg/xiatong/AMPT/14GeV/data_157139191.root /tmp/maxwoo/21EF1A6A9139C9FD2A38E59AFB466F9A_322/INPUTFILES/data_157139191.root
61831 Grandchild PID is 73166 - found in 130 x 2 seconds
61831 Grandchild to watch has changed on Thu Jun  2 11:42:16 EDT 2022
61831 Process tree is 61831 (main) -> 62024 (child) -> 73166 (grandchild)
F S   UID    PID   PPID  C PRI  NI ADDR SZ WCHAN  TTY        TIME CMD
0 D 100667 73166  62024  0  80   0 - 32311 cxiWai ?          0:00 cp /star/data01/pwg/xiatong/AMPT/14GeV/data_157139251.root /tmp/maxwoo/21EF1A6A9139C9FD2A38E59AFB466F9A_322/INPUTFILES/data_157139251.root
61831 Grandchild PID is 74510 - found in 150 x 2 seconds
61831 Grandchild to watch has changed on Thu Jun  2 11:43:02 EDT 2022
61831 Process tree is 61831 (main) -> 62024 (child) -> 74510 (grandchild)
F S   UID    PID   PPID  C PRI  NI ADDR SZ WCHAN  TTY        TIME CMD
0 S 100667 74510  62024  0  80   0 -  1272 do_wai ?          0:00 root -b -q check_S.C++("/tmp/maxwoo/21EF1A6A9139C9FD2A38E59AFB466F9A_322/INPUTFILES/21EF1A6A9139C9FD2A38E59AFB466F9A_322.local.list","21EF1A6A9139C9FD2A38E59AFB466F9A_322",1)
62024 Stepping into the main SUMS wrapper program with []
.... building sandbox
Running: cp /star/data01/pwg/xiatong/AMPT/14GeV/data_157038911.root /tmp/maxwoo/21EF1A6A9139C9FD2A38E59AFB466F9A_322/INPUTFILES/data_157038911.root
Running: cp /star/data01/pwg/xiatong/AMPT/14GeV/data_157038921.root /tmp/maxwoo/21EF1A6A9139C9FD2A38E59AFB466F9A_322/INPUTFILES/data_157038921.root
Running: cp /star/data01/pwg/xiatong/AMPT/14GeV/data_157039001.root /tmp/maxwoo/21EF1A6A9139C9FD2A38E59AFB466F9A_322/INPUTFILES/data_157039001.root
Running: cp /star/data01/pwg/xiatong/AMPT/14GeV/data_157039111.root /tmp/maxwoo/21EF1A6A9139C9FD2A38E59AFB466F9A_322/INPUTFILES/data_157039111.root
Running: cp /star/data01/pwg/xiatong/AMPT/14GeV/data_157039141.root /tmp/maxwoo/21EF1A6A9139C9FD2A38E59AFB466F9A_322/INPUTFILES/data_157039141.root
Running: cp /star/data01/pwg/xiatong/AMPT/14GeV/data_157039151.root /tmp/maxwoo/21EF1A6A9139C9FD2A38E59AFB466F9A_322/INPUTFILES/data_157039151.root
Running: cp /star/data01/pwg/xiatong/AMPT/14GeV/data_157039371.root /tmp/maxwoo/21EF1A6A9139C9FD2A38E59AFB466F9A_322/INPUTFILES/data_157039371.root
Running: cp /star/data01/pwg/xiatong/AMPT/14GeV/data_157039391.root /tmp/maxwoo/21EF1A6A9139C9FD2A38E59AFB466F9A_322/INPUTFILES/data_157039391.root
Running: cp /star/data01/pwg/xiatong/AMPT/14GeV/data_157039401.root /tmp/maxwoo/21EF1A6A9139C9FD2A38E59AFB466F9A_322/INPUTFILES/data_157039401.root
Running: cp /star/data01/pwg/xiatong/AMPT/14GeV/data_157039511.root /tmp/maxwoo/21EF1A6A9139C9FD2A38E59AFB466F9A_322/INPUTFILES/data_157039511.root
Running: cp /star/data01/pwg/xiatong/AMPT/14GeV/data_157039801.root /tmp/maxwoo/21EF1A6A9139C9FD2A38E59AFB466F9A_322/INPUTFILES/data_157039801.root
Running: cp /star/data01/pwg/xiatong/AMPT/14GeV/data_157039861.root /tmp/maxwoo/21EF1A6A9139C9FD2A38E59AFB466F9A_322/INPUTFILES/data_157039861.root
Running: cp /star/data01/pwg/xiatong/AMPT/14GeV/data_157039881.root /tmp/maxwoo/21EF1A6A9139C9FD2A38E59AFB466F9A_322/INPUTFILES/data_157039881.root
Running: cp /star/data01/pwg/xiatong/AMPT/14GeV/data_157039891.root /tmp/maxwoo/21EF1A6A9139C9FD2A38E59AFB466F9A_322/INPUTFILES/data_157039891.root
Running: cp /star/data01/pwg/xiatong/AMPT/14GeV/data_157064651.root /tmp/maxwoo/21EF1A6A9139C9FD2A38E59AFB466F9A_322/INPUTFILES/data_157064651.root
Running: cp /star/data01/pwg/xiatong/AMPT/14GeV/data_157101321.root /tmp/maxwoo/21EF1A6A9139C9FD2A38E59AFB466F9A_322/INPUTFILES/data_157101321.root
Running: cp /star/data01/pwg/xiatong/AMPT/14GeV/data_157101541.root /tmp/maxwoo/21EF1A6A9139C9FD2A38E59AFB466F9A_322/INPUTFILES/data_157101541.root
Running: cp /star/data01/pwg/xiatong/AMPT/14GeV/data_157101551.root /tmp/maxwoo/21EF1A6A9139C9FD2A38E59AFB466F9A_322/INPUTFILES/data_157101551.root
Running: cp /star/data01/pwg/xiatong/AMPT/14GeV/data_157101561.root /tmp/maxwoo/21EF1A6A9139C9FD2A38E59AFB466F9A_322/INPUTFILES/data_157101561.root
Running: cp /star/data01/pwg/xiatong/AMPT/14GeV/data_157103581.root /tmp/maxwoo/21EF1A6A9139C9FD2A38E59AFB466F9A_322/INPUTFILES/data_157103581.root
Running: cp /star/data01/pwg/xiatong/AMPT/14GeV/data_157110161.root /tmp/maxwoo/21EF1A6A9139C9FD2A38E59AFB466F9A_322/INPUTFILES/data_157110161.root
Running: cp /star/data01/pwg/xiatong/AMPT/14GeV/data_157119401.root /tmp/maxwoo/21EF1A6A9139C9FD2A38E59AFB466F9A_322/INPUTFILES/data_157119401.root
Running: cp /star/data01/pwg/xiatong/AMPT/14GeV/data_157119421.root /tmp/maxwoo/21EF1A6A9139C9FD2A38E59AFB466F9A_322/INPUTFILES/data_157119421.root
Running: cp /star/data01/pwg/xiatong/AMPT/14GeV/data_157138521.root /tmp/maxwoo/21EF1A6A9139C9FD2A38E59AFB466F9A_322/INPUTFILES/data_157138521.root
Running: cp /star/data01/pwg/xiatong/AMPT/14GeV/data_157138791.root /tmp/maxwoo/21EF1A6A9139C9FD2A38E59AFB466F9A_322/INPUTFILES/data_157138791.root
Running: cp /star/data01/pwg/xiatong/AMPT/14GeV/data_157138841.root /tmp/maxwoo/21EF1A6A9139C9FD2A38E59AFB466F9A_322/INPUTFILES/data_157138841.root
Running: cp /star/data01/pwg/xiatong/AMPT/14GeV/data_157138881.root /tmp/maxwoo/21EF1A6A9139C9FD2A38E59AFB466F9A_322/INPUTFILES/data_157138881.root
Running: cp /star/data01/pwg/xiatong/AMPT/14GeV/data_157138971.root /tmp/maxwoo/21EF1A6A9139C9FD2A38E59AFB466F9A_322/INPUTFILES/data_157138971.root
Running: cp /star/data01/pwg/xiatong/AMPT/14GeV/data_157139191.root /tmp/maxwoo/21EF1A6A9139C9FD2A38E59AFB466F9A_322/INPUTFILES/data_157139191.root
Running: cp /star/data01/pwg/xiatong/AMPT/14GeV/data_157139221.root /tmp/maxwoo/21EF1A6A9139C9FD2A38E59AFB466F9A_322/INPUTFILES/data_157139221.root
Running: cp /star/data01/pwg/xiatong/AMPT/14GeV/data_157139251.root /tmp/maxwoo/21EF1A6A9139C9FD2A38E59AFB466F9A_322/INPUTFILES/data_157139251.root
Running: cp /star/data01/pwg/xiatong/AMPT/14GeV/data_157143911.root /tmp/maxwoo/21EF1A6A9139C9FD2A38E59AFB466F9A_322/INPUTFILES/data_157143911.root
Running: cp /star/data01/pwg/xiatong/AMPT/14GeV/data_157143921.root /tmp/maxwoo/21EF1A6A9139C9FD2A38E59AFB466F9A_322/INPUTFILES/data_157143921.root
Running: cp /star/data01/pwg/xiatong/AMPT/14GeV/data_157152811.root /tmp/maxwoo/21EF1A6A9139C9FD2A38E59AFB466F9A_322/INPUTFILES/data_157152811.root
Running: cp /star/data01/pwg/xiatong/AMPT/14GeV/data_157178671.root /tmp/maxwoo/21EF1A6A9139C9FD2A38E59AFB466F9A_322/INPUTFILES/data_157178671.root
Running: cp /star/data01/pwg/xiatong/AMPT/14GeV/data_157179411.root /tmp/maxwoo/21EF1A6A9139C9FD2A38E59AFB466F9A_322/INPUTFILES/data_157179411.root
Running: cp /star/data01/pwg/xiatong/AMPT/14GeV/data_157193491.root /tmp/maxwoo/21EF1A6A9139C9FD2A38E59AFB466F9A_322/INPUTFILES/data_157193491.root
Swapping $FILELIST with: /tmp/maxwoo/21EF1A6A9139C9FD2A38E59AFB466F9A_322/INPUTFILES/21EF1A6A9139C9FD2A38E59AFB466F9A_322.local.list
+++++++++++local copy debug++++++++++++++++++++
newFileList: /tmp/maxwoo/21EF1A6A9139C9FD2A38E59AFB466F9A_322/INPUTFILES/21EF1A6A9139C9FD2A38E59AFB466F9A_322.local.list
++++++++++++++++cat FILELIST+++++++++++++++++++
/tmp/maxwoo/21EF1A6A9139C9FD2A38E59AFB466F9A_322/INPUTFILES/data_157038911.root 
/tmp/maxwoo/21EF1A6A9139C9FD2A38E59AFB466F9A_322/INPUTFILES/data_157038921.root 
/tmp/maxwoo/21EF1A6A9139C9FD2A38E59AFB466F9A_322/INPUTFILES/data_157039001.root 
/tmp/maxwoo/21EF1A6A9139C9FD2A38E59AFB466F9A_322/INPUTFILES/data_157039111.root 
/tmp/maxwoo/21EF1A6A9139C9FD2A38E59AFB466F9A_322/INPUTFILES/data_157039141.root 
/tmp/maxwoo/21EF1A6A9139C9FD2A38E59AFB466F9A_322/INPUTFILES/data_157039151.root 
/tmp/maxwoo/21EF1A6A9139C9FD2A38E59AFB466F9A_322/INPUTFILES/data_157039371.root 
/tmp/maxwoo/21EF1A6A9139C9FD2A38E59AFB466F9A_322/INPUTFILES/data_157039391.root 
/tmp/maxwoo/21EF1A6A9139C9FD2A38E59AFB466F9A_322/INPUTFILES/data_157039401.root 
/tmp/maxwoo/21EF1A6A9139C9FD2A38E59AFB466F9A_322/INPUTFILES/data_157039511.root 
/tmp/maxwoo/21EF1A6A9139C9FD2A38E59AFB466F9A_322/INPUTFILES/data_157039801.root 
/tmp/maxwoo/21EF1A6A9139C9FD2A38E59AFB466F9A_322/INPUTFILES/data_157039861.root 
/tmp/maxwoo/21EF1A6A9139C9FD2A38E59AFB466F9A_322/INPUTFILES/data_157039881.root 
/tmp/maxwoo/21EF1A6A9139C9FD2A38E59AFB466F9A_322/INPUTFILES/data_157039891.root 
/tmp/maxwoo/21EF1A6A9139C9FD2A38E59AFB466F9A_322/INPUTFILES/data_157064651.root 
/tmp/maxwoo/21EF1A6A9139C9FD2A38E59AFB466F9A_322/INPUTFILES/data_157101321.root 
/tmp/maxwoo/21EF1A6A9139C9FD2A38E59AFB466F9A_322/INPUTFILES/data_157101541.root 
/tmp/maxwoo/21EF1A6A9139C9FD2A38E59AFB466F9A_322/INPUTFILES/data_157101551.root 
/tmp/maxwoo/21EF1A6A9139C9FD2A38E59AFB466F9A_322/INPUTFILES/data_157101561.root 
/tmp/maxwoo/21EF1A6A9139C9FD2A38E59AFB466F9A_322/INPUTFILES/data_157103581.root 
/tmp/maxwoo/21EF1A6A9139C9FD2A38E59AFB466F9A_322/INPUTFILES/data_157110161.root 
/tmp/maxwoo/21EF1A6A9139C9FD2A38E59AFB466F9A_322/INPUTFILES/data_157119401.root 
/tmp/maxwoo/21EF1A6A9139C9FD2A38E59AFB466F9A_322/INPUTFILES/data_157119421.root 
/tmp/maxwoo/21EF1A6A9139C9FD2A38E59AFB466F9A_322/INPUTFILES/data_157138521.root 
/tmp/maxwoo/21EF1A6A9139C9FD2A38E59AFB466F9A_322/INPUTFILES/data_157138791.root 
/tmp/maxwoo/21EF1A6A9139C9FD2A38E59AFB466F9A_322/INPUTFILES/data_157138841.root 
/tmp/maxwoo/21EF1A6A9139C9FD2A38E59AFB466F9A_322/INPUTFILES/data_157138881.root 
/tmp/maxwoo/21EF1A6A9139C9FD2A38E59AFB466F9A_322/INPUTFILES/data_157138971.root 
/tmp/maxwoo/21EF1A6A9139C9FD2A38E59AFB466F9A_322/INPUTFILES/data_157139191.root 
/tmp/maxwoo/21EF1A6A9139C9FD2A38E59AFB466F9A_322/INPUTFILES/data_157139221.root 
/tmp/maxwoo/21EF1A6A9139C9FD2A38E59AFB466F9A_322/INPUTFILES/data_157139251.root 
/tmp/maxwoo/21EF1A6A9139C9FD2A38E59AFB466F9A_322/INPUTFILES/data_157143911.root 
/tmp/maxwoo/21EF1A6A9139C9FD2A38E59AFB466F9A_322/INPUTFILES/data_157143921.root 
/tmp/maxwoo/21EF1A6A9139C9FD2A38E59AFB466F9A_322/INPUTFILES/data_157152811.root 
/tmp/maxwoo/21EF1A6A9139C9FD2A38E59AFB466F9A_322/INPUTFILES/data_157178671.root 
/tmp/maxwoo/21EF1A6A9139C9FD2A38E59AFB466F9A_322/INPUTFILES/data_157179411.root 
/tmp/maxwoo/21EF1A6A9139C9FD2A38E59AFB466F9A_322/INPUTFILES/data_157193491.root 
++++++++++++++++++++find.++++++++++++++++++++++
.
./Check_Sness.C
./.sandboxFiles
./.output.log
./lib
./lib/CenMaker_cpp.so
./lib/CenMaker_cpp_ACLiC_dict_rdict.pcm
./lib/my_event_cpp.so
./lib/NpartNormalizer.cpp
./lib/my_particle_cpp_ACLiC_dict_rdict.pcm
./lib/my_event.h
./lib/my_particle.cpp
./lib/CenMaker_cpp.d
./lib/MixedBuffer.h
./lib/CenMaker.cpp
./lib/my_event_cpp_ACLiC_dict_rdict.pcm
./lib/MixedBuffer_cpp_ACLiC_dict_rdict.pcm
./lib/NpartNormalizer_cpp.so
./lib/my_particle_cpp.so
./lib/CenMaker.h
./lib/my_particle.h
./lib/NpartNormalizer_cpp.d
./lib/my_particle_cpp.d
./lib/my_event.cpp
./lib/MixedBuffer.cpp
./lib/NpartNormalizer.h
./lib/NpartNormalizer_cpp_ACLiC_dict_rdict.pcm
./lib/MixedBuffer_cpp.so
./lib/MixedBuffer_cpp.d
./lib/my_event_cpp.d
./INPUTFILES
./INPUTFILES/data_157101551.root
./INPUTFILES/data_157103581.root
./INPUTFILES/data_157064651.root
./INPUTFILES/data_157138791.root
./INPUTFILES/data_157139251.root
./INPUTFILES/data_157039391.root
./INPUTFILES/21EF1A6A9139C9FD2A38E59AFB466F9A_322.local.list
./INPUTFILES/data_157119401.root
./INPUTFILES/data_157039891.root
./INPUTFILES/data_157039401.root
./INPUTFILES/data_157110161.root
./INPUTFILES/data_157152811.root
./INPUTFILES/data_157039861.root
./INPUTFILES/data_157039001.root
./INPUTFILES/data_157139221.root
./INPUTFILES/data_157039371.root
./INPUTFILES/data_157143911.root
./INPUTFILES/data_157039801.root
./INPUTFILES/data_157039141.root
./INPUTFILES/data_157038911.root
./INPUTFILES/data_157101321.root
./INPUTFILES/data_157178671.root
./INPUTFILES/data_157138971.root
./INPUTFILES/data_157138881.root
./INPUTFILES/data_157101541.root
./INPUTFILES/data_157039881.root
./INPUTFILES/data_157179411.root
./INPUTFILES/data_157138521.root
./INPUTFILES/data_157143921.root
./INPUTFILES/data_157139191.root
./INPUTFILES/data_157138841.root
./INPUTFILES/data_157039111.root
./INPUTFILES/data_157039511.root
./INPUTFILES/data_157039151.root
./INPUTFILES/data_157119421.root
./INPUTFILES/data_157193491.root
./INPUTFILES/data_157038921.root
./INPUTFILES/data_157101561.root
./.errror.log
./check_S.C
++++++++++++++++INPUTFILE Var++++++++++++++++++
FILELIST=/tmp/maxwoo/21EF1A6A9139C9FD2A38E59AFB466F9A_322/INPUTFILES/21EF1A6A9139C9FD2A38E59AFB466F9A_322.local.list
INPUTFILECOUNT=37
INPUTFILE0=/tmp/maxwoo/21EF1A6A9139C9FD2A38E59AFB466F9A_322/INPUTFILES/data_157038911.root
INPUTFILE1=/tmp/maxwoo/21EF1A6A9139C9FD2A38E59AFB466F9A_322/INPUTFILES/data_157038921.root
INPUTFILE2=/tmp/maxwoo/21EF1A6A9139C9FD2A38E59AFB466F9A_322/INPUTFILES/data_157039001.root
INPUTFILE3=/tmp/maxwoo/21EF1A6A9139C9FD2A38E59AFB466F9A_322/INPUTFILES/data_157039111.root
INPUTFILE4=/tmp/maxwoo/21EF1A6A9139C9FD2A38E59AFB466F9A_322/INPUTFILES/data_157039141.root
INPUTFILE5=/tmp/maxwoo/21EF1A6A9139C9FD2A38E59AFB466F9A_322/INPUTFILES/data_157039151.root
INPUTFILE6=/tmp/maxwoo/21EF1A6A9139C9FD2A38E59AFB466F9A_322/INPUTFILES/data_157039371.root
INPUTFILE7=/tmp/maxwoo/21EF1A6A9139C9FD2A38E59AFB466F9A_322/INPUTFILES/data_157039391.root
INPUTFILE8=/tmp/maxwoo/21EF1A6A9139C9FD2A38E59AFB466F9A_322/INPUTFILES/data_157039401.root
INPUTFILE9=/tmp/maxwoo/21EF1A6A9139C9FD2A38E59AFB466F9A_322/INPUTFILES/data_157039511.root
INPUTFILE10=/tmp/maxwoo/21EF1A6A9139C9FD2A38E59AFB466F9A_322/INPUTFILES/data_157039801.root
INPUTFILE11=/tmp/maxwoo/21EF1A6A9139C9FD2A38E59AFB466F9A_322/INPUTFILES/data_157039861.root
INPUTFILE12=/tmp/maxwoo/21EF1A6A9139C9FD2A38E59AFB466F9A_322/INPUTFILES/data_157039881.root
INPUTFILE13=/tmp/maxwoo/21EF1A6A9139C9FD2A38E59AFB466F9A_322/INPUTFILES/data_157039891.root
INPUTFILE14=/tmp/maxwoo/21EF1A6A9139C9FD2A38E59AFB466F9A_322/INPUTFILES/data_157064651.root
INPUTFILE15=/tmp/maxwoo/21EF1A6A9139C9FD2A38E59AFB466F9A_322/INPUTFILES/data_157101321.root
INPUTFILE16=/tmp/maxwoo/21EF1A6A9139C9FD2A38E59AFB466F9A_322/INPUTFILES/data_157101541.root
INPUTFILE17=/tmp/maxwoo/21EF1A6A9139C9FD2A38E59AFB466F9A_322/INPUTFILES/data_157101551.root
INPUTFILE18=/tmp/maxwoo/21EF1A6A9139C9FD2A38E59AFB466F9A_322/INPUTFILES/data_157101561.root
INPUTFILE19=/tmp/maxwoo/21EF1A6A9139C9FD2A38E59AFB466F9A_322/INPUTFILES/data_157103581.root
INPUTFILE20=/tmp/maxwoo/21EF1A6A9139C9FD2A38E59AFB466F9A_322/INPUTFILES/data_157110161.root
INPUTFILE21=/tmp/maxwoo/21EF1A6A9139C9FD2A38E59AFB466F9A_322/INPUTFILES/data_157119401.root
INPUTFILE22=/tmp/maxwoo/21EF1A6A9139C9FD2A38E59AFB466F9A_322/INPUTFILES/data_157119421.root
INPUTFILE23=/tmp/maxwoo/21EF1A6A9139C9FD2A38E59AFB466F9A_322/INPUTFILES/data_157138521.root
INPUTFILE24=/tmp/maxwoo/21EF1A6A9139C9FD2A38E59AFB466F9A_322/INPUTFILES/data_157138791.root
INPUTFILE25=/tmp/maxwoo/21EF1A6A9139C9FD2A38E59AFB466F9A_322/INPUTFILES/data_157138841.root
INPUTFILE26=/tmp/maxwoo/21EF1A6A9139C9FD2A38E59AFB466F9A_322/INPUTFILES/data_157138881.root
INPUTFILE27=/tmp/maxwoo/21EF1A6A9139C9FD2A38E59AFB466F9A_322/INPUTFILES/data_157138971.root
INPUTFILE28=/tmp/maxwoo/21EF1A6A9139C9FD2A38E59AFB466F9A_322/INPUTFILES/data_157139191.root
INPUTFILE29=/tmp/maxwoo/21EF1A6A9139C9FD2A38E59AFB466F9A_322/INPUTFILES/data_157139221.root
INPUTFILE30=/tmp/maxwoo/21EF1A6A9139C9FD2A38E59AFB466F9A_322/INPUTFILES/data_157139251.root
INPUTFILE31=/tmp/maxwoo/21EF1A6A9139C9FD2A38E59AFB466F9A_322/INPUTFILES/data_157143911.root
INPUTFILE32=/tmp/maxwoo/21EF1A6A9139C9FD2A38E59AFB466F9A_322/INPUTFILES/data_157143921.root
INPUTFILE33=/tmp/maxwoo/21EF1A6A9139C9FD2A38E59AFB466F9A_322/INPUTFILES/data_157152811.root
INPUTFILE34=/tmp/maxwoo/21EF1A6A9139C9FD2A38E59AFB466F9A_322/INPUTFILES/data_157178671.root
INPUTFILE35=/tmp/maxwoo/21EF1A6A9139C9FD2A38E59AFB466F9A_322/INPUTFILES/data_157179411.root
INPUTFILE36=/tmp/maxwoo/21EF1A6A9139C9FD2A38E59AFB466F9A_322/INPUTFILES/data_157193491.root
LocalInputFileDir=/tmp/maxwoo/21EF1A6A9139C9FD2A38E59AFB466F9A_322/INPUTFILES
NewFILELIST=/tmp/maxwoo/21EF1A6A9139C9FD2A38E59AFB466F9A_322/INPUTFILES/21EF1A6A9139C9FD2A38E59AFB466F9A_322.local.list
+++++++++++++++++++++++++++++++++++++++++++++++
--------------------------------
Simple Unified Meta Scheduler 1.10.50 we are starting in $SCRATCH : /home/tmp/maxwoo/21EF1A6A9139C9FD2A38E59AFB466F9A_322
--------------------------------
total 16
lrwxrwxrwx 1 maxwoo rhstar   61 Jun  2 11:37 check_S.C -> /gpfs/mnt/gpfs01/star/pwg/xiatong/git/strangeness/./check_S.C
lrwxrwxrwx 1 maxwoo rhstar   65 Jun  2 11:37 Check_Sness.C -> /gpfs/mnt/gpfs01/star/pwg/xiatong/git/strangeness/./Check_Sness.C
drwxr-xr-x 2 maxwoo rhstar 4096 Jun  2 11:42 INPUTFILES
drwxr-xr-x 2 maxwoo rhstar 4096 Jun  2 11:37 lib
  *******************************************
  *                                         *
  *        W E L C O M E  to  R O O T       *
  *                                         *
  *   Version   5.34/38     12 March 2018   *
  *                                         *
  *  You are welcome to visit our Web site  *
  *          http://root.cern.ch            *
  *                                         *
  *******************************************

ROOT 5.34/38 (v5-34-38@v5-34-38, Mar 12 2018, 15:49:39 on linux)

CINT/ROOT C/C++ Interpreter version 5.18.00, July 2, 2010
Type ? for help. Commands must be C++ statements.
Enclose multiple statements between { }.
*** Float Point Exception is OFF ***
 *** Start at Date : Thu Jun  2 11:42:50 2022
QAInfo:You are using STAR_LEVEL : dev, ROOT_LEVEL : 5.34.38 and node : spool0712.sdcc.bnl.gov 

Processing check_S.C++("/tmp/maxwoo/21EF1A6A9139C9FD2A38E59AFB466F9A_322/INPUTFILES/21EF1A6A9139C9FD2A38E59AFB466F9A_322.local.list","21EF1A6A9139C9FD2A38E59AFB466F9A_322",1)...
/tmp/maxwoo/21EF1A6A9139C9FD2A38E59AFB466F9A_322/INPUTFILES/data_157038911.root 
/tmp/maxwoo/21EF1A6A9139C9FD2A38E59AFB466F9A_322/INPUTFILES/data_157038921.root 
/tmp/maxwoo/21EF1A6A9139C9FD2A38E59AFB466F9A_322/INPUTFILES/data_157039001.root 
/tmp/maxwoo/21EF1A6A9139C9FD2A38E59AFB466F9A_322/INPUTFILES/data_157039111.root 
/tmp/maxwoo/21EF1A6A9139C9FD2A38E59AFB466F9A_322/INPUTFILES/data_157039141.root 
/tmp/maxwoo/21EF1A6A9139C9FD2A38E59AFB466F9A_322/INPUTFILES/data_157039151.root 
/tmp/maxwoo/21EF1A6A9139C9FD2A38E59AFB466F9A_322/INPUTFILES/data_157039371.root 
/tmp/maxwoo/21EF1A6A9139C9FD2A38E59AFB466F9A_322/INPUTFILES/data_157039391.root 
/tmp/maxwoo/21EF1A6A9139C9FD2A38E59AFB466F9A_322/INPUTFILES/data_157039401.root 
/tmp/maxwoo/21EF1A6A9139C9FD2A38E59AFB466F9A_322/INPUTFILES/data_157039511.root 
/tmp/maxwoo/21EF1A6A9139C9FD2A38E59AFB466F9A_322/INPUTFILES/data_157039801.root 
/tmp/maxwoo/21EF1A6A9139C9FD2A38E59AFB466F9A_322/INPUTFILES/data_157039861.root 
/tmp/maxwoo/21EF1A6A9139C9FD2A38E59AFB466F9A_322/INPUTFILES/data_157039881.root 
/tmp/maxwoo/21EF1A6A9139C9FD2A38E59AFB466F9A_322/INPUTFILES/data_157039891.root 
/tmp/maxwoo/21EF1A6A9139C9FD2A38E59AFB466F9A_322/INPUTFILES/data_157064651.root 
/tmp/maxwoo/21EF1A6A9139C9FD2A38E59AFB466F9A_322/INPUTFILES/data_157101321.root 
/tmp/maxwoo/21EF1A6A9139C9FD2A38E59AFB466F9A_322/INPUTFILES/data_157101541.root 
/tmp/maxwoo/21EF1A6A9139C9FD2A38E59AFB466F9A_322/INPUTFILES/data_157101551.root 
/tmp/maxwoo/21EF1A6A9139C9FD2A38E59AFB466F9A_322/INPUTFILES/data_157101561.root 
/tmp/maxwoo/21EF1A6A9139C9FD2A38E59AFB466F9A_322/INPUTFILES/data_157103581.root 
/tmp/maxwoo/21EF1A6A9139C9FD2A38E59AFB466F9A_322/INPUTFILES/data_157110161.root 
/tmp/maxwoo/21EF1A6A9139C9FD2A38E59AFB466F9A_322/INPUTFILES/data_157119401.root 
/tmp/maxwoo/21EF1A6A9139C9FD2A38E59AFB466F9A_322/INPUTFILES/data_157119421.root 
/tmp/maxwoo/21EF1A6A9139C9FD2A38E59AFB466F9A_322/INPUTFILES/data_157138521.root 
/tmp/maxwoo/21EF1A6A9139C9FD2A38E59AFB466F9A_322/INPUTFILES/data_157138791.root 
/tmp/maxwoo/21EF1A6A9139C9FD2A38E59AFB466F9A_322/INPUTFILES/data_157138841.root 
/tmp/maxwoo/21EF1A6A9139C9FD2A38E59AFB466F9A_322/INPUTFILES/data_157138881.root 
/tmp/maxwoo/21EF1A6A9139C9FD2A38E59AFB466F9A_322/INPUTFILES/data_157138971.root 
/tmp/maxwoo/21EF1A6A9139C9FD2A38E59AFB466F9A_322/INPUTFILES/data_157139191.root 
/tmp/maxwoo/21EF1A6A9139C9FD2A38E59AFB466F9A_322/INPUTFILES/data_157139221.root 
/tmp/maxwoo/21EF1A6A9139C9FD2A38E59AFB466F9A_322/INPUTFILES/data_157139251.root 
/tmp/maxwoo/21EF1A6A9139C9FD2A38E59AFB466F9A_322/INPUTFILES/data_157143911.root 
/tmp/maxwoo/21EF1A6A9139C9FD2A38E59AFB466F9A_322/INPUTFILES/data_157143921.root 
/tmp/maxwoo/21EF1A6A9139C9FD2A38E59AFB466F9A_322/INPUTFILES/data_157152811.root 
/tmp/maxwoo/21EF1A6A9139C9FD2A38E59AFB466F9A_322/INPUTFILES/data_157178671.root 
/tmp/maxwoo/21EF1A6A9139C9FD2A38E59AFB466F9A_322/INPUTFILES/data_157179411.root 
/tmp/maxwoo/21EF1A6A9139C9FD2A38E59AFB466F9A_322/INPUTFILES/data_157193491.root 
Added 37 files
# entries in chain: 34765
Processing entry == 1000 == out of 34765.
Processing entry == 2000 == out of 34765.
Processing entry == 3000 == out of 34765.
Processing entry == 4000 == out of 34765.
Processing entry == 5000 == out of 34765.
Processing entry == 6000 == out of 34765.
Processing entry == 7000 == out of 34765.
Processing entry == 8000 == out of 34765.
Processing entry == 9000 == out of 34765.
Processing entry == 10000 == out of 34765.
Processing entry == 11000 == out of 34765.
Processing entry == 12000 == out of 34765.
Processing entry == 13000 == out of 34765.
Processing entry == 14000 == out of 34765.
Processing entry == 15000 == out of 34765.
Processing entry == 16000 == out of 34765.
Processing entry == 17000 == out of 34765.
Processing entry == 18000 == out of 34765.
Processing entry == 19000 == out of 34765.
Processing entry == 20000 == out of 34765.
Processing entry == 21000 == out of 34765.
Processing entry == 22000 == out of 34765.
Processing entry == 23000 == out of 34765.
Processing entry == 24000 == out of 34765.
Processing entry == 25000 == out of 34765.
Processing entry == 26000 == out of 34765.
Processing entry == 27000 == out of 34765.
Processing entry == 28000 == out of 34765.
Processing entry == 29000 == out of 34765.
Processing entry == 30000 == out of 34765.
Processing entry == 31000 == out of 34765.
Processing entry == 32000 == out of 34765.
Processing entry == 33000 == out of 34765.
Processing entry == 34000 == out of 34765.

This is the end of ROOT -- Goodbye

Cleaning up sandbox file:  /tmp/maxwoo/21EF1A6A9139C9FD2A38E59AFB466F9A_322/check_S.C
Cleaning up sandbox file:  /tmp/maxwoo/21EF1A6A9139C9FD2A38E59AFB466F9A_322/Check_Sness.C
Cleaning up sandbox file:  /tmp/maxwoo/21EF1A6A9139C9FD2A38E59AFB466F9A_322/lib
Cleaning up sandbox file:  /tmp/maxwoo/21EF1A6A9139C9FD2A38E59AFB466F9A_322/.sandboxFiles
Starting copy block
Running copy command:  /bin/cp -fp /tmp/maxwoo/21EF1A6A9139C9FD2A38E59AFB466F9A_322/out_21EF1A6A9139C9FD2A38E59AFB466F9A_322.root /star/data01/pwg/xiatong/git/strangeness/data/
61831 Execution of (/star/data01/pwg/xiatong/git/strangeness/script/sched21EF1A6A9139C9FD2A38E59AFB466F9A_322.csh ) has ended, exiting normally
61831 We END on [Thu Jun  2 11:58:16 EDT 2022]
