We are starting on node: spool0107.sdcc.bnl.gov
HOME is not defined
Using getent method
HOME is now /star/u/maxwoo
118229 We will spawn ourselves (/star/data01/pwg/xiatong/git/strangeness/script/sched21EF1A6A9139C9FD2A38E59AFB466F9A_2014.csh )
118229 We BEGIN on [Thu Jun  2 11:02:36 EDT 2022]
[1] 118656
118229 We are waiting for 118656 
118229 Grandchild PID is 120361 - found in 10 x 1 seconds
118229 Establishing first watcher   on    Thu Jun  2 11:02:48 EDT 2022
118229 Process tree is 118229 (main) -> 118656 (child) -> 120361 (grandchild)
F S   UID    PID   PPID  C PRI  NI ADDR SZ WCHAN  TTY        TIME CMD
0 D 100667 120361 118656  0 80   0 - 32311 cxiWai ?          0:00 cp /star/data01/pwg/xiatong/AMPT/14GeV/data_903198481.root /tmp/maxwoo/21EF1A6A9139C9FD2A38E59AFB466F9A_2014/INPUTFILES/data_903198481.root
118229 Grandchild PID is 121229 - found in 20 x 2 seconds
118229 Grandchild to watch has changed on Thu Jun  2 11:03:09 EDT 2022
118229 Process tree is 118229 (main) -> 118656 (child) -> 121229 (grandchild)
F S   UID    PID   PPID  C PRI  NI ADDR SZ WCHAN  TTY        TIME CMD
0 D 100667 121229 118656  0 80   0 - 32311 cxiWai ?          0:00 cp /star/data01/pwg/xiatong/AMPT/14GeV/data_903286641.root /tmp/maxwoo/21EF1A6A9139C9FD2A38E59AFB466F9A_2014/INPUTFILES/data_903286641.root
118229 Grandchild PID is 125178 - found in 30 x 2 seconds
118229 Grandchild to watch has changed on Thu Jun  2 11:03:30 EDT 2022
118229 Process tree is 118229 (main) -> 118656 (child) -> 125178 (grandchild)
F S   UID    PID   PPID  C PRI  NI ADDR SZ WCHAN  TTY        TIME CMD
118229 Grandchild PID is 128349 - found in 40 x 2 seconds
118229 Grandchild to watch has changed on Thu Jun  2 11:03:51 EDT 2022
118229 Process tree is 118229 (main) -> 118656 (child) -> 128349 (grandchild)
F S   UID    PID   PPID  C PRI  NI ADDR SZ WCHAN  TTY        TIME CMD
0 D 100667 128349 118656  0 80   0 - 32311 cxiWai ?          0:00 cp /star/data01/pwg/xiatong/AMPT/14GeV/data_904123841.root /tmp/maxwoo/21EF1A6A9139C9FD2A38E59AFB466F9A_2014/INPUTFILES/data_904123841.root
118229 Grandchild PID is 130057 - found in 50 x 2 seconds
118229 Grandchild to watch has changed on Thu Jun  2 11:04:12 EDT 2022
118229 Process tree is 118229 (main) -> 118656 (child) -> 130057 (grandchild)
F S   UID    PID   PPID  C PRI  NI ADDR SZ WCHAN  TTY        TIME CMD
0 D 100667 130057 118656  0 80   0 - 32311 cxiWai ?          0:00 cp /star/data01/pwg/xiatong/AMPT/14GeV/data_904137771.root /tmp/maxwoo/21EF1A6A9139C9FD2A38E59AFB466F9A_2014/INPUTFILES/data_904137771.root
118229 Grandchild PID is 133798 - found in 60 x 2 seconds
118229 Grandchild to watch has changed on Thu Jun  2 11:04:33 EDT 2022
118229 Process tree is 118229 (main) -> 118656 (child) -> 133798 (grandchild)
F S   UID    PID   PPID  C PRI  NI ADDR SZ WCHAN  TTY        TIME CMD
0 D 100667 133798 118656  0 80   0 - 32311 cxiWai ?          0:00 cp /star/data01/pwg/xiatong/AMPT/14GeV/data_904186461.root /tmp/maxwoo/21EF1A6A9139C9FD2A38E59AFB466F9A_2014/INPUTFILES/data_904186461.root
118229 Grandchild PID is 135509 - found in 70 x 2 seconds
118229 Grandchild to watch has changed on Thu Jun  2 11:04:53 EDT 2022
118229 Process tree is 118229 (main) -> 118656 (child) -> 135509 (grandchild)
F S   UID    PID   PPID  C PRI  NI ADDR SZ WCHAN  TTY        TIME CMD
0 S 100667 135509 118656  0 80   0 -  1272 do_wai ?          0:00 root -b -q check_S.C++("/tmp/maxwoo/21EF1A6A9139C9FD2A38E59AFB466F9A_2014/INPUTFILES/21EF1A6A9139C9FD2A38E59AFB466F9A_2014.local.list","21EF1A6A9139C9FD2A38E59AFB466F9A_2014",1)
118656 Stepping into the main SUMS wrapper program with []
.... building sandbox
Running: cp /star/data01/pwg/xiatong/AMPT/14GeV/data_903186681.root /tmp/maxwoo/21EF1A6A9139C9FD2A38E59AFB466F9A_2014/INPUTFILES/data_903186681.root
Running: cp /star/data01/pwg/xiatong/AMPT/14GeV/data_903193331.root /tmp/maxwoo/21EF1A6A9139C9FD2A38E59AFB466F9A_2014/INPUTFILES/data_903193331.root
Running: cp /star/data01/pwg/xiatong/AMPT/14GeV/data_903198481.root /tmp/maxwoo/21EF1A6A9139C9FD2A38E59AFB466F9A_2014/INPUTFILES/data_903198481.root
Running: cp /star/data01/pwg/xiatong/AMPT/14GeV/data_903286641.root /tmp/maxwoo/21EF1A6A9139C9FD2A38E59AFB466F9A_2014/INPUTFILES/data_903286641.root
Running: cp /star/data01/pwg/xiatong/AMPT/14GeV/data_903486601.root /tmp/maxwoo/21EF1A6A9139C9FD2A38E59AFB466F9A_2014/INPUTFILES/data_903486601.root
Running: cp /star/data01/pwg/xiatong/AMPT/14GeV/data_903486611.root /tmp/maxwoo/21EF1A6A9139C9FD2A38E59AFB466F9A_2014/INPUTFILES/data_903486611.root
Running: cp /star/data01/pwg/xiatong/AMPT/14GeV/data_903686521.root /tmp/maxwoo/21EF1A6A9139C9FD2A38E59AFB466F9A_2014/INPUTFILES/data_903686521.root
Running: cp /star/data01/pwg/xiatong/AMPT/14GeV/data_903686561.root /tmp/maxwoo/21EF1A6A9139C9FD2A38E59AFB466F9A_2014/INPUTFILES/data_903686561.root
Running: cp /star/data01/pwg/xiatong/AMPT/14GeV/data_903686571.root /tmp/maxwoo/21EF1A6A9139C9FD2A38E59AFB466F9A_2014/INPUTFILES/data_903686571.root
Running: cp /star/data01/pwg/xiatong/AMPT/14GeV/data_903686581.root /tmp/maxwoo/21EF1A6A9139C9FD2A38E59AFB466F9A_2014/INPUTFILES/data_903686581.root
Running: cp /star/data01/pwg/xiatong/AMPT/14GeV/data_903686631.root /tmp/maxwoo/21EF1A6A9139C9FD2A38E59AFB466F9A_2014/INPUTFILES/data_903686631.root
Running: cp /star/data01/pwg/xiatong/AMPT/14GeV/data_903686661.root /tmp/maxwoo/21EF1A6A9139C9FD2A38E59AFB466F9A_2014/INPUTFILES/data_903686661.root
Running: cp /star/data01/pwg/xiatong/AMPT/14GeV/data_903686671.root /tmp/maxwoo/21EF1A6A9139C9FD2A38E59AFB466F9A_2014/INPUTFILES/data_903686671.root
Running: cp /star/data01/pwg/xiatong/AMPT/14GeV/data_903786501.root /tmp/maxwoo/21EF1A6A9139C9FD2A38E59AFB466F9A_2014/INPUTFILES/data_903786501.root
Running: cp /star/data01/pwg/xiatong/AMPT/14GeV/data_903786531.root /tmp/maxwoo/21EF1A6A9139C9FD2A38E59AFB466F9A_2014/INPUTFILES/data_903786531.root
Running: cp /star/data01/pwg/xiatong/AMPT/14GeV/data_903886491.root /tmp/maxwoo/21EF1A6A9139C9FD2A38E59AFB466F9A_2014/INPUTFILES/data_903886491.root
Running: cp /star/data01/pwg/xiatong/AMPT/14GeV/data_903886511.root /tmp/maxwoo/21EF1A6A9139C9FD2A38E59AFB466F9A_2014/INPUTFILES/data_903886511.root
Running: cp /star/data01/pwg/xiatong/AMPT/14GeV/data_903886591.root /tmp/maxwoo/21EF1A6A9139C9FD2A38E59AFB466F9A_2014/INPUTFILES/data_903886591.root
Running: cp /star/data01/pwg/xiatong/AMPT/14GeV/data_903986471.root /tmp/maxwoo/21EF1A6A9139C9FD2A38E59AFB466F9A_2014/INPUTFILES/data_903986471.root
Running: cp /star/data01/pwg/xiatong/AMPT/14GeV/data_903986551.root /tmp/maxwoo/21EF1A6A9139C9FD2A38E59AFB466F9A_2014/INPUTFILES/data_903986551.root
Running: cp /star/data01/pwg/xiatong/AMPT/14GeV/data_904106081.root /tmp/maxwoo/21EF1A6A9139C9FD2A38E59AFB466F9A_2014/INPUTFILES/data_904106081.root
Running: cp /star/data01/pwg/xiatong/AMPT/14GeV/data_904106111.root /tmp/maxwoo/21EF1A6A9139C9FD2A38E59AFB466F9A_2014/INPUTFILES/data_904106111.root
Running: cp /star/data01/pwg/xiatong/AMPT/14GeV/data_904106121.root /tmp/maxwoo/21EF1A6A9139C9FD2A38E59AFB466F9A_2014/INPUTFILES/data_904106121.root
Running: cp /star/data01/pwg/xiatong/AMPT/14GeV/data_904120281.root /tmp/maxwoo/21EF1A6A9139C9FD2A38E59AFB466F9A_2014/INPUTFILES/data_904120281.root
Running: cp /star/data01/pwg/xiatong/AMPT/14GeV/data_904123841.root /tmp/maxwoo/21EF1A6A9139C9FD2A38E59AFB466F9A_2014/INPUTFILES/data_904123841.root
Running: cp /star/data01/pwg/xiatong/AMPT/14GeV/data_904127891.root /tmp/maxwoo/21EF1A6A9139C9FD2A38E59AFB466F9A_2014/INPUTFILES/data_904127891.root
Running: cp /star/data01/pwg/xiatong/AMPT/14GeV/data_904137771.root /tmp/maxwoo/21EF1A6A9139C9FD2A38E59AFB466F9A_2014/INPUTFILES/data_904137771.root
Running: cp /star/data01/pwg/xiatong/AMPT/14GeV/data_904154621.root /tmp/maxwoo/21EF1A6A9139C9FD2A38E59AFB466F9A_2014/INPUTFILES/data_904154621.root
Running: cp /star/data01/pwg/xiatong/AMPT/14GeV/data_904154631.root /tmp/maxwoo/21EF1A6A9139C9FD2A38E59AFB466F9A_2014/INPUTFILES/data_904154631.root
Running: cp /star/data01/pwg/xiatong/AMPT/14GeV/data_904154881.root /tmp/maxwoo/21EF1A6A9139C9FD2A38E59AFB466F9A_2014/INPUTFILES/data_904154881.root
Running: cp /star/data01/pwg/xiatong/AMPT/14GeV/data_904154901.root /tmp/maxwoo/21EF1A6A9139C9FD2A38E59AFB466F9A_2014/INPUTFILES/data_904154901.root
Running: cp /star/data01/pwg/xiatong/AMPT/14GeV/data_904154911.root /tmp/maxwoo/21EF1A6A9139C9FD2A38E59AFB466F9A_2014/INPUTFILES/data_904154911.root
Running: cp /star/data01/pwg/xiatong/AMPT/14GeV/data_904154921.root /tmp/maxwoo/21EF1A6A9139C9FD2A38E59AFB466F9A_2014/INPUTFILES/data_904154921.root
Running: cp /star/data01/pwg/xiatong/AMPT/14GeV/data_904154951.root /tmp/maxwoo/21EF1A6A9139C9FD2A38E59AFB466F9A_2014/INPUTFILES/data_904154951.root
Running: cp /star/data01/pwg/xiatong/AMPT/14GeV/data_904155021.root /tmp/maxwoo/21EF1A6A9139C9FD2A38E59AFB466F9A_2014/INPUTFILES/data_904155021.root
Running: cp /star/data01/pwg/xiatong/AMPT/14GeV/data_904186461.root /tmp/maxwoo/21EF1A6A9139C9FD2A38E59AFB466F9A_2014/INPUTFILES/data_904186461.root
Running: cp /star/data01/pwg/xiatong/AMPT/14GeV/data_904189271.root /tmp/maxwoo/21EF1A6A9139C9FD2A38E59AFB466F9A_2014/INPUTFILES/data_904189271.root
Swapping $FILELIST with: /tmp/maxwoo/21EF1A6A9139C9FD2A38E59AFB466F9A_2014/INPUTFILES/21EF1A6A9139C9FD2A38E59AFB466F9A_2014.local.list
+++++++++++local copy debug++++++++++++++++++++
newFileList: /tmp/maxwoo/21EF1A6A9139C9FD2A38E59AFB466F9A_2014/INPUTFILES/21EF1A6A9139C9FD2A38E59AFB466F9A_2014.local.list
++++++++++++++++cat FILELIST+++++++++++++++++++
/tmp/maxwoo/21EF1A6A9139C9FD2A38E59AFB466F9A_2014/INPUTFILES/data_903186681.root 
/tmp/maxwoo/21EF1A6A9139C9FD2A38E59AFB466F9A_2014/INPUTFILES/data_903193331.root 
/tmp/maxwoo/21EF1A6A9139C9FD2A38E59AFB466F9A_2014/INPUTFILES/data_903198481.root 
/tmp/maxwoo/21EF1A6A9139C9FD2A38E59AFB466F9A_2014/INPUTFILES/data_903286641.root 
/tmp/maxwoo/21EF1A6A9139C9FD2A38E59AFB466F9A_2014/INPUTFILES/data_903486601.root 
/tmp/maxwoo/21EF1A6A9139C9FD2A38E59AFB466F9A_2014/INPUTFILES/data_903486611.root 
/tmp/maxwoo/21EF1A6A9139C9FD2A38E59AFB466F9A_2014/INPUTFILES/data_903686521.root 
/tmp/maxwoo/21EF1A6A9139C9FD2A38E59AFB466F9A_2014/INPUTFILES/data_903686561.root 
/tmp/maxwoo/21EF1A6A9139C9FD2A38E59AFB466F9A_2014/INPUTFILES/data_903686571.root 
/tmp/maxwoo/21EF1A6A9139C9FD2A38E59AFB466F9A_2014/INPUTFILES/data_903686581.root 
/tmp/maxwoo/21EF1A6A9139C9FD2A38E59AFB466F9A_2014/INPUTFILES/data_903686631.root 
/tmp/maxwoo/21EF1A6A9139C9FD2A38E59AFB466F9A_2014/INPUTFILES/data_903686661.root 
/tmp/maxwoo/21EF1A6A9139C9FD2A38E59AFB466F9A_2014/INPUTFILES/data_903686671.root 
/tmp/maxwoo/21EF1A6A9139C9FD2A38E59AFB466F9A_2014/INPUTFILES/data_903786501.root 
/tmp/maxwoo/21EF1A6A9139C9FD2A38E59AFB466F9A_2014/INPUTFILES/data_903786531.root 
/tmp/maxwoo/21EF1A6A9139C9FD2A38E59AFB466F9A_2014/INPUTFILES/data_903886491.root 
/tmp/maxwoo/21EF1A6A9139C9FD2A38E59AFB466F9A_2014/INPUTFILES/data_903886511.root 
/tmp/maxwoo/21EF1A6A9139C9FD2A38E59AFB466F9A_2014/INPUTFILES/data_903886591.root 
/tmp/maxwoo/21EF1A6A9139C9FD2A38E59AFB466F9A_2014/INPUTFILES/data_903986471.root 
/tmp/maxwoo/21EF1A6A9139C9FD2A38E59AFB466F9A_2014/INPUTFILES/data_903986551.root 
/tmp/maxwoo/21EF1A6A9139C9FD2A38E59AFB466F9A_2014/INPUTFILES/data_904106081.root 
/tmp/maxwoo/21EF1A6A9139C9FD2A38E59AFB466F9A_2014/INPUTFILES/data_904106111.root 
/tmp/maxwoo/21EF1A6A9139C9FD2A38E59AFB466F9A_2014/INPUTFILES/data_904106121.root 
/tmp/maxwoo/21EF1A6A9139C9FD2A38E59AFB466F9A_2014/INPUTFILES/data_904120281.root 
/tmp/maxwoo/21EF1A6A9139C9FD2A38E59AFB466F9A_2014/INPUTFILES/data_904123841.root 
/tmp/maxwoo/21EF1A6A9139C9FD2A38E59AFB466F9A_2014/INPUTFILES/data_904127891.root 
/tmp/maxwoo/21EF1A6A9139C9FD2A38E59AFB466F9A_2014/INPUTFILES/data_904137771.root 
/tmp/maxwoo/21EF1A6A9139C9FD2A38E59AFB466F9A_2014/INPUTFILES/data_904154621.root 
/tmp/maxwoo/21EF1A6A9139C9FD2A38E59AFB466F9A_2014/INPUTFILES/data_904154631.root 
/tmp/maxwoo/21EF1A6A9139C9FD2A38E59AFB466F9A_2014/INPUTFILES/data_904154881.root 
/tmp/maxwoo/21EF1A6A9139C9FD2A38E59AFB466F9A_2014/INPUTFILES/data_904154901.root 
/tmp/maxwoo/21EF1A6A9139C9FD2A38E59AFB466F9A_2014/INPUTFILES/data_904154911.root 
/tmp/maxwoo/21EF1A6A9139C9FD2A38E59AFB466F9A_2014/INPUTFILES/data_904154921.root 
/tmp/maxwoo/21EF1A6A9139C9FD2A38E59AFB466F9A_2014/INPUTFILES/data_904154951.root 
/tmp/maxwoo/21EF1A6A9139C9FD2A38E59AFB466F9A_2014/INPUTFILES/data_904155021.root 
/tmp/maxwoo/21EF1A6A9139C9FD2A38E59AFB466F9A_2014/INPUTFILES/data_904186461.root 
/tmp/maxwoo/21EF1A6A9139C9FD2A38E59AFB466F9A_2014/INPUTFILES/data_904189271.root 
++++++++++++++++++++find.++++++++++++++++++++++
.
./.output.log
./lib
./lib/CenMaker.cpp
./lib/MixedBuffer.cpp
./lib/my_event_cpp.d
./lib/my_particle_cpp.d
./lib/my_particle_cpp_ACLiC_dict_rdict.pcm
./lib/NpartNormalizer_cpp_ACLiC_dict_rdict.pcm
./lib/my_event_cpp_ACLiC_dict_rdict.pcm
./lib/MixedBuffer_cpp_ACLiC_dict_rdict.pcm
./lib/my_event.h
./lib/my_event_cpp.so
./lib/my_particle.h
./lib/CenMaker_cpp.so
./lib/MixedBuffer_cpp.so
./lib/MixedBuffer_cpp.d
./lib/my_particle.cpp
./lib/NpartNormalizer_cpp.d
./lib/my_event.cpp
./lib/NpartNormalizer_cpp.so
./lib/CenMaker.h
./lib/NpartNormalizer.h
./lib/MixedBuffer.h
./lib/CenMaker_cpp.d
./lib/CenMaker_cpp_ACLiC_dict_rdict.pcm
./lib/my_particle_cpp.so
./lib/NpartNormalizer.cpp
./INPUTFILES
./INPUTFILES/data_903886511.root
./INPUTFILES/data_903986471.root
./INPUTFILES/data_903193331.root
./INPUTFILES/data_903198481.root
./INPUTFILES/data_904127891.root
./INPUTFILES/data_903986551.root
./INPUTFILES/data_904154951.root
./INPUTFILES/data_903486601.root
./INPUTFILES/data_904155021.root
./INPUTFILES/data_904189271.root
./INPUTFILES/data_903886591.root
./INPUTFILES/data_903286641.root
./INPUTFILES/data_903186681.root
./INPUTFILES/data_904154631.root
./INPUTFILES/data_903686521.root
./INPUTFILES/21EF1A6A9139C9FD2A38E59AFB466F9A_2014.local.list
./INPUTFILES/data_903686571.root
./INPUTFILES/data_904154621.root
./INPUTFILES/data_904120281.root
./INPUTFILES/data_903686671.root
./INPUTFILES/data_904106081.root
./INPUTFILES/data_904137771.root
./INPUTFILES/data_903786531.root
./INPUTFILES/data_904106111.root
./INPUTFILES/data_904154911.root
./INPUTFILES/data_903686661.root
./INPUTFILES/data_904106121.root
./INPUTFILES/data_904154921.root
./INPUTFILES/data_903886491.root
./INPUTFILES/data_903686561.root
./INPUTFILES/data_904154901.root
./INPUTFILES/data_903686581.root
./INPUTFILES/data_904186461.root
./INPUTFILES/data_903786501.root
./INPUTFILES/data_903686631.root
./INPUTFILES/data_904154881.root
./INPUTFILES/data_904123841.root
./INPUTFILES/data_903486611.root
./.errror.log
./.sandboxFiles
./check_S.C
./Check_Sness.C
++++++++++++++++INPUTFILE Var++++++++++++++++++
FILELIST=/tmp/maxwoo/21EF1A6A9139C9FD2A38E59AFB466F9A_2014/INPUTFILES/21EF1A6A9139C9FD2A38E59AFB466F9A_2014.local.list
INPUTFILECOUNT=37
INPUTFILE0=/tmp/maxwoo/21EF1A6A9139C9FD2A38E59AFB466F9A_2014/INPUTFILES/data_903186681.root
INPUTFILE1=/tmp/maxwoo/21EF1A6A9139C9FD2A38E59AFB466F9A_2014/INPUTFILES/data_903193331.root
INPUTFILE2=/tmp/maxwoo/21EF1A6A9139C9FD2A38E59AFB466F9A_2014/INPUTFILES/data_903198481.root
INPUTFILE3=/tmp/maxwoo/21EF1A6A9139C9FD2A38E59AFB466F9A_2014/INPUTFILES/data_903286641.root
INPUTFILE4=/tmp/maxwoo/21EF1A6A9139C9FD2A38E59AFB466F9A_2014/INPUTFILES/data_903486601.root
INPUTFILE5=/tmp/maxwoo/21EF1A6A9139C9FD2A38E59AFB466F9A_2014/INPUTFILES/data_903486611.root
INPUTFILE6=/tmp/maxwoo/21EF1A6A9139C9FD2A38E59AFB466F9A_2014/INPUTFILES/data_903686521.root
INPUTFILE7=/tmp/maxwoo/21EF1A6A9139C9FD2A38E59AFB466F9A_2014/INPUTFILES/data_903686561.root
INPUTFILE8=/tmp/maxwoo/21EF1A6A9139C9FD2A38E59AFB466F9A_2014/INPUTFILES/data_903686571.root
INPUTFILE9=/tmp/maxwoo/21EF1A6A9139C9FD2A38E59AFB466F9A_2014/INPUTFILES/data_903686581.root
INPUTFILE10=/tmp/maxwoo/21EF1A6A9139C9FD2A38E59AFB466F9A_2014/INPUTFILES/data_903686631.root
INPUTFILE11=/tmp/maxwoo/21EF1A6A9139C9FD2A38E59AFB466F9A_2014/INPUTFILES/data_903686661.root
INPUTFILE12=/tmp/maxwoo/21EF1A6A9139C9FD2A38E59AFB466F9A_2014/INPUTFILES/data_903686671.root
INPUTFILE13=/tmp/maxwoo/21EF1A6A9139C9FD2A38E59AFB466F9A_2014/INPUTFILES/data_903786501.root
INPUTFILE14=/tmp/maxwoo/21EF1A6A9139C9FD2A38E59AFB466F9A_2014/INPUTFILES/data_903786531.root
INPUTFILE15=/tmp/maxwoo/21EF1A6A9139C9FD2A38E59AFB466F9A_2014/INPUTFILES/data_903886491.root
INPUTFILE16=/tmp/maxwoo/21EF1A6A9139C9FD2A38E59AFB466F9A_2014/INPUTFILES/data_903886511.root
INPUTFILE17=/tmp/maxwoo/21EF1A6A9139C9FD2A38E59AFB466F9A_2014/INPUTFILES/data_903886591.root
INPUTFILE18=/tmp/maxwoo/21EF1A6A9139C9FD2A38E59AFB466F9A_2014/INPUTFILES/data_903986471.root
INPUTFILE19=/tmp/maxwoo/21EF1A6A9139C9FD2A38E59AFB466F9A_2014/INPUTFILES/data_903986551.root
INPUTFILE20=/tmp/maxwoo/21EF1A6A9139C9FD2A38E59AFB466F9A_2014/INPUTFILES/data_904106081.root
INPUTFILE21=/tmp/maxwoo/21EF1A6A9139C9FD2A38E59AFB466F9A_2014/INPUTFILES/data_904106111.root
INPUTFILE22=/tmp/maxwoo/21EF1A6A9139C9FD2A38E59AFB466F9A_2014/INPUTFILES/data_904106121.root
INPUTFILE23=/tmp/maxwoo/21EF1A6A9139C9FD2A38E59AFB466F9A_2014/INPUTFILES/data_904120281.root
INPUTFILE24=/tmp/maxwoo/21EF1A6A9139C9FD2A38E59AFB466F9A_2014/INPUTFILES/data_904123841.root
INPUTFILE25=/tmp/maxwoo/21EF1A6A9139C9FD2A38E59AFB466F9A_2014/INPUTFILES/data_904127891.root
INPUTFILE26=/tmp/maxwoo/21EF1A6A9139C9FD2A38E59AFB466F9A_2014/INPUTFILES/data_904137771.root
INPUTFILE27=/tmp/maxwoo/21EF1A6A9139C9FD2A38E59AFB466F9A_2014/INPUTFILES/data_904154621.root
INPUTFILE28=/tmp/maxwoo/21EF1A6A9139C9FD2A38E59AFB466F9A_2014/INPUTFILES/data_904154631.root
INPUTFILE29=/tmp/maxwoo/21EF1A6A9139C9FD2A38E59AFB466F9A_2014/INPUTFILES/data_904154881.root
INPUTFILE30=/tmp/maxwoo/21EF1A6A9139C9FD2A38E59AFB466F9A_2014/INPUTFILES/data_904154901.root
INPUTFILE31=/tmp/maxwoo/21EF1A6A9139C9FD2A38E59AFB466F9A_2014/INPUTFILES/data_904154911.root
INPUTFILE32=/tmp/maxwoo/21EF1A6A9139C9FD2A38E59AFB466F9A_2014/INPUTFILES/data_904154921.root
INPUTFILE33=/tmp/maxwoo/21EF1A6A9139C9FD2A38E59AFB466F9A_2014/INPUTFILES/data_904154951.root
INPUTFILE34=/tmp/maxwoo/21EF1A6A9139C9FD2A38E59AFB466F9A_2014/INPUTFILES/data_904155021.root
INPUTFILE35=/tmp/maxwoo/21EF1A6A9139C9FD2A38E59AFB466F9A_2014/INPUTFILES/data_904186461.root
INPUTFILE36=/tmp/maxwoo/21EF1A6A9139C9FD2A38E59AFB466F9A_2014/INPUTFILES/data_904189271.root
LocalInputFileDir=/tmp/maxwoo/21EF1A6A9139C9FD2A38E59AFB466F9A_2014/INPUTFILES
NewFILELIST=/tmp/maxwoo/21EF1A6A9139C9FD2A38E59AFB466F9A_2014/INPUTFILES/21EF1A6A9139C9FD2A38E59AFB466F9A_2014.local.list
+++++++++++++++++++++++++++++++++++++++++++++++
--------------------------------
Simple Unified Meta Scheduler 1.10.50 we are starting in $SCRATCH : /home/tmp/maxwoo/21EF1A6A9139C9FD2A38E59AFB466F9A_2014
--------------------------------
total 16
lrwxrwxrwx 1 maxwoo rhstar   61 Jun  2 11:02 check_S.C -> /gpfs/mnt/gpfs01/star/pwg/xiatong/git/strangeness/./check_S.C
lrwxrwxrwx 1 maxwoo rhstar   65 Jun  2 11:02 Check_Sness.C -> /gpfs/mnt/gpfs01/star/pwg/xiatong/git/strangeness/./Check_Sness.C
drwxr-xr-x 2 maxwoo rhstar 4096 Jun  2 11:04 INPUTFILES
drwxr-xr-x 2 maxwoo rhstar 4096 Jun  2 11:02 lib
  *******************************************
  *                                         *
  *        W E L C O M E  to  R O O T       *
  *                                         *
  *   Version   5.34/38     12 March 2018   *
  *                                         *
  *  You are welcome to visit our Web site  *
  *          http://root.cern.ch            *
  *                                         *
  *******************************************

ROOT 5.34/38 (v5-34-38@v5-34-38, Mar 12 2018, 15:49:39 on linux)

CINT/ROOT C/C++ Interpreter version 5.18.00, July 2, 2010
Type ? for help. Commands must be C++ statements.
Enclose multiple statements between { }.
*** Float Point Exception is OFF ***
 *** Start at Date : Thu Jun  2 11:04:44 2022
QAInfo:You are using STAR_LEVEL : dev, ROOT_LEVEL : 5.34.38 and node : spool0107.sdcc.bnl.gov 

Processing check_S.C++("/tmp/maxwoo/21EF1A6A9139C9FD2A38E59AFB466F9A_2014/INPUTFILES/21EF1A6A9139C9FD2A38E59AFB466F9A_2014.local.list","21EF1A6A9139C9FD2A38E59AFB466F9A_2014",1)...
/tmp/maxwoo/21EF1A6A9139C9FD2A38E59AFB466F9A_2014/INPUTFILES/data_903186681.root 
/tmp/maxwoo/21EF1A6A9139C9FD2A38E59AFB466F9A_2014/INPUTFILES/data_903193331.root 
/tmp/maxwoo/21EF1A6A9139C9FD2A38E59AFB466F9A_2014/INPUTFILES/data_903198481.root 
/tmp/maxwoo/21EF1A6A9139C9FD2A38E59AFB466F9A_2014/INPUTFILES/data_903286641.root 
/tmp/maxwoo/21EF1A6A9139C9FD2A38E59AFB466F9A_2014/INPUTFILES/data_903486601.root 
/tmp/maxwoo/21EF1A6A9139C9FD2A38E59AFB466F9A_2014/INPUTFILES/data_903486611.root 
/tmp/maxwoo/21EF1A6A9139C9FD2A38E59AFB466F9A_2014/INPUTFILES/data_903686521.root 
/tmp/maxwoo/21EF1A6A9139C9FD2A38E59AFB466F9A_2014/INPUTFILES/data_903686561.root 
/tmp/maxwoo/21EF1A6A9139C9FD2A38E59AFB466F9A_2014/INPUTFILES/data_903686571.root 
/tmp/maxwoo/21EF1A6A9139C9FD2A38E59AFB466F9A_2014/INPUTFILES/data_903686581.root 
/tmp/maxwoo/21EF1A6A9139C9FD2A38E59AFB466F9A_2014/INPUTFILES/data_903686631.root 
/tmp/maxwoo/21EF1A6A9139C9FD2A38E59AFB466F9A_2014/INPUTFILES/data_903686661.root 
/tmp/maxwoo/21EF1A6A9139C9FD2A38E59AFB466F9A_2014/INPUTFILES/data_903686671.root 
/tmp/maxwoo/21EF1A6A9139C9FD2A38E59AFB466F9A_2014/INPUTFILES/data_903786501.root 
/tmp/maxwoo/21EF1A6A9139C9FD2A38E59AFB466F9A_2014/INPUTFILES/data_903786531.root 
/tmp/maxwoo/21EF1A6A9139C9FD2A38E59AFB466F9A_2014/INPUTFILES/data_903886491.root 
/tmp/maxwoo/21EF1A6A9139C9FD2A38E59AFB466F9A_2014/INPUTFILES/data_903886511.root 
/tmp/maxwoo/21EF1A6A9139C9FD2A38E59AFB466F9A_2014/INPUTFILES/data_903886591.root 
/tmp/maxwoo/21EF1A6A9139C9FD2A38E59AFB466F9A_2014/INPUTFILES/data_903986471.root 
/tmp/maxwoo/21EF1A6A9139C9FD2A38E59AFB466F9A_2014/INPUTFILES/data_903986551.root 
/tmp/maxwoo/21EF1A6A9139C9FD2A38E59AFB466F9A_2014/INPUTFILES/data_904106081.root 
/tmp/maxwoo/21EF1A6A9139C9FD2A38E59AFB466F9A_2014/INPUTFILES/data_904106111.root 
/tmp/maxwoo/21EF1A6A9139C9FD2A38E59AFB466F9A_2014/INPUTFILES/data_904106121.root 
/tmp/maxwoo/21EF1A6A9139C9FD2A38E59AFB466F9A_2014/INPUTFILES/data_904120281.root 
/tmp/maxwoo/21EF1A6A9139C9FD2A38E59AFB466F9A_2014/INPUTFILES/data_904123841.root 
/tmp/maxwoo/21EF1A6A9139C9FD2A38E59AFB466F9A_2014/INPUTFILES/data_904127891.root 
/tmp/maxwoo/21EF1A6A9139C9FD2A38E59AFB466F9A_2014/INPUTFILES/data_904137771.root 
/tmp/maxwoo/21EF1A6A9139C9FD2A38E59AFB466F9A_2014/INPUTFILES/data_904154621.root 
/tmp/maxwoo/21EF1A6A9139C9FD2A38E59AFB466F9A_2014/INPUTFILES/data_904154631.root 
/tmp/maxwoo/21EF1A6A9139C9FD2A38E59AFB466F9A_2014/INPUTFILES/data_904154881.root 
/tmp/maxwoo/21EF1A6A9139C9FD2A38E59AFB466F9A_2014/INPUTFILES/data_904154901.root 
/tmp/maxwoo/21EF1A6A9139C9FD2A38E59AFB466F9A_2014/INPUTFILES/data_904154911.root 
/tmp/maxwoo/21EF1A6A9139C9FD2A38E59AFB466F9A_2014/INPUTFILES/data_904154921.root 
/tmp/maxwoo/21EF1A6A9139C9FD2A38E59AFB466F9A_2014/INPUTFILES/data_904154951.root 
/tmp/maxwoo/21EF1A6A9139C9FD2A38E59AFB466F9A_2014/INPUTFILES/data_904155021.root 
/tmp/maxwoo/21EF1A6A9139C9FD2A38E59AFB466F9A_2014/INPUTFILES/data_904186461.root 
/tmp/maxwoo/21EF1A6A9139C9FD2A38E59AFB466F9A_2014/INPUTFILES/data_904189271.root 
Added 37 files
# entries in chain: 37000
Processing entry == 1000 == out of 37000.
Processing entry == 2000 == out of 37000.
Processing entry == 3000 == out of 37000.
Processing entry == 4000 == out of 37000.
Processing entry == 5000 == out of 37000.
Processing entry == 6000 == out of 37000.
Processing entry == 7000 == out of 37000.
Processing entry == 8000 == out of 37000.
Processing entry == 9000 == out of 37000.
Processing entry == 10000 == out of 37000.
Processing entry == 11000 == out of 37000.
Processing entry == 12000 == out of 37000.
Processing entry == 13000 == out of 37000.
Processing entry == 14000 == out of 37000.
Processing entry == 15000 == out of 37000.
Processing entry == 16000 == out of 37000.
Processing entry == 17000 == out of 37000.
Processing entry == 18000 == out of 37000.
Processing entry == 19000 == out of 37000.
Processing entry == 20000 == out of 37000.
Processing entry == 21000 == out of 37000.
Processing entry == 22000 == out of 37000.
Processing entry == 23000 == out of 37000.
Processing entry == 24000 == out of 37000.
Processing entry == 25000 == out of 37000.
Processing entry == 26000 == out of 37000.
Processing entry == 27000 == out of 37000.
Processing entry == 28000 == out of 37000.
Processing entry == 29000 == out of 37000.
Processing entry == 30000 == out of 37000.
Processing entry == 31000 == out of 37000.
Processing entry == 32000 == out of 37000.
Processing entry == 33000 == out of 37000.
Processing entry == 34000 == out of 37000.
Processing entry == 35000 == out of 37000.
Processing entry == 36000 == out of 37000.
Processing entry == 37000 == out of 37000.

This is the end of ROOT -- Goodbye

Cleaning up sandbox file:  /tmp/maxwoo/21EF1A6A9139C9FD2A38E59AFB466F9A_2014/check_S.C
Cleaning up sandbox file:  /tmp/maxwoo/21EF1A6A9139C9FD2A38E59AFB466F9A_2014/Check_Sness.C
Cleaning up sandbox file:  /tmp/maxwoo/21EF1A6A9139C9FD2A38E59AFB466F9A_2014/lib
Cleaning up sandbox file:  /tmp/maxwoo/21EF1A6A9139C9FD2A38E59AFB466F9A_2014/.sandboxFiles
Starting copy block
Running copy command:  /bin/cp -fp /tmp/maxwoo/21EF1A6A9139C9FD2A38E59AFB466F9A_2014/out_21EF1A6A9139C9FD2A38E59AFB466F9A_2014.root /star/data01/pwg/xiatong/git/strangeness/data/
118229 Execution of (/star/data01/pwg/xiatong/git/strangeness/script/sched21EF1A6A9139C9FD2A38E59AFB466F9A_2014.csh ) has ended, exiting normally
118229 We END on [Thu Jun  2 11:25:38 EDT 2022]
