We are starting on node: rcrs6025.rcf.bnl.gov
HOME is not defined
Using getent method
HOME is now /star/u/maxwoo
10144 We will spawn ourselves (/star/data01/pwg/xiatong/git/strangeness/script/sched21EF1A6A9139C9FD2A38E59AFB466F9A_2287.csh )
10144 We BEGIN on [Thu Jun  2 10:59:51 EDT 2022]
[1] 10358
10144 We are waiting for 10358 
10144 Grandchild PID is 10718 - found in 10 x 1 seconds
10144 Establishing first watcher   on    Thu Jun  2 11:00:02 EDT 2022
10144 Process tree is 10144 (main) -> 10358 (child) -> 10718 (grandchild)
F S   UID   PID  PPID  C PRI  NI ADDR SZ WCHAN  TTY        TIME CMD
0 D 100667 10718 10358  0 80   0 - 32311 cxiWai ?          0:00 cp /star/data01/pwg/xiatong/AMPT/14GeV/data_1215285201.root /tmp/maxwoo/21EF1A6A9139C9FD2A38E59AFB466F9A_2287/INPUTFILES/data_1215285201.root
10144 Grandchild PID is 12136 - found in 20 x 2 seconds
10144 Grandchild to watch has changed on Thu Jun  2 11:00:23 EDT 2022
10144 Process tree is 10144 (main) -> 10358 (child) -> 12136 (grandchild)
F S   UID   PID  PPID  C PRI  NI ADDR SZ WCHAN  TTY        TIME CMD
0 D 100667 12136 10358  0 80   0 - 32311 cxiWai ?          0:00 cp /star/data01/pwg/xiatong/AMPT/14GeV/data_1215685151.root /tmp/maxwoo/21EF1A6A9139C9FD2A38E59AFB466F9A_2287/INPUTFILES/data_1215685151.root
10144 Grandchild PID is 14918 - found in 40 x 2 seconds
10144 Grandchild to watch has changed on Thu Jun  2 11:01:05 EDT 2022
10144 Process tree is 10144 (main) -> 10358 (child) -> 14918 (grandchild)
F S   UID   PID  PPID  C PRI  NI ADDR SZ WCHAN  TTY        TIME CMD
0 D 100667 14918 10358  0 80   0 - 32311 cxiWai ?          0:00 cp /star/data01/pwg/xiatong/AMPT/14GeV/data_1215885091.root /tmp/maxwoo/21EF1A6A9139C9FD2A38E59AFB466F9A_2287/INPUTFILES/data_1215885091.root
10144 Grandchild PID is 16226 - found in 50 x 2 seconds
10144 Grandchild to watch has changed on Thu Jun  2 11:01:26 EDT 2022
10144 Process tree is 10144 (main) -> 10358 (child) -> 16226 (grandchild)
F S   UID   PID  PPID  C PRI  NI ADDR SZ WCHAN  TTY        TIME CMD
0 D 100667 16226 10358  0 80   0 - 32311 cxiWai ?          0:00 cp /star/data01/pwg/xiatong/AMPT/14GeV/data_1216185011.root /tmp/maxwoo/21EF1A6A9139C9FD2A38E59AFB466F9A_2287/INPUTFILES/data_1216185011.root
10144 Grandchild PID is 18052 - found in 70 x 2 seconds
10144 Grandchild to watch has changed on Thu Jun  2 11:02:22 EDT 2022
10144 Process tree is 10144 (main) -> 10358 (child) -> 18052 (grandchild)
F S   UID   PID  PPID  C PRI  NI ADDR SZ WCHAN  TTY        TIME CMD
0 S 100667 18052 10358  0 80   0 -  1272 do_wai ?          0:00 root -b -q check_S.C++("/tmp/maxwoo/21EF1A6A9139C9FD2A38E59AFB466F9A_2287/INPUTFILES/21EF1A6A9139C9FD2A38E59AFB466F9A_2287.local.list","21EF1A6A9139C9FD2A38E59AFB466F9A_2287",1)
10358 Stepping into the main SUMS wrapper program with []
.... building sandbox
Running: cp /star/data01/pwg/xiatong/AMPT/14GeV/data_1215085241.root /tmp/maxwoo/21EF1A6A9139C9FD2A38E59AFB466F9A_2287/INPUTFILES/data_1215085241.root
Running: cp /star/data01/pwg/xiatong/AMPT/14GeV/data_1215085251.root /tmp/maxwoo/21EF1A6A9139C9FD2A38E59AFB466F9A_2287/INPUTFILES/data_1215085251.root
Running: cp /star/data01/pwg/xiatong/AMPT/14GeV/data_1215085271.root /tmp/maxwoo/21EF1A6A9139C9FD2A38E59AFB466F9A_2287/INPUTFILES/data_1215085271.root
Running: cp /star/data01/pwg/xiatong/AMPT/14GeV/data_1215120951.root /tmp/maxwoo/21EF1A6A9139C9FD2A38E59AFB466F9A_2287/INPUTFILES/data_1215120951.root
Running: cp /star/data01/pwg/xiatong/AMPT/14GeV/data_1215120961.root /tmp/maxwoo/21EF1A6A9139C9FD2A38E59AFB466F9A_2287/INPUTFILES/data_1215120961.root
Running: cp /star/data01/pwg/xiatong/AMPT/14GeV/data_1215121991.root /tmp/maxwoo/21EF1A6A9139C9FD2A38E59AFB466F9A_2287/INPUTFILES/data_1215121991.root
Running: cp /star/data01/pwg/xiatong/AMPT/14GeV/data_1215159211.root /tmp/maxwoo/21EF1A6A9139C9FD2A38E59AFB466F9A_2287/INPUTFILES/data_1215159211.root
Running: cp /star/data01/pwg/xiatong/AMPT/14GeV/data_1215185261.root /tmp/maxwoo/21EF1A6A9139C9FD2A38E59AFB466F9A_2287/INPUTFILES/data_1215185261.root
Running: cp /star/data01/pwg/xiatong/AMPT/14GeV/data_1215285201.root /tmp/maxwoo/21EF1A6A9139C9FD2A38E59AFB466F9A_2287/INPUTFILES/data_1215285201.root
Running: cp /star/data01/pwg/xiatong/AMPT/14GeV/data_1215285221.root /tmp/maxwoo/21EF1A6A9139C9FD2A38E59AFB466F9A_2287/INPUTFILES/data_1215285221.root
Running: cp /star/data01/pwg/xiatong/AMPT/14GeV/data_1215485171.root /tmp/maxwoo/21EF1A6A9139C9FD2A38E59AFB466F9A_2287/INPUTFILES/data_1215485171.root
Running: cp /star/data01/pwg/xiatong/AMPT/14GeV/data_1215485191.root /tmp/maxwoo/21EF1A6A9139C9FD2A38E59AFB466F9A_2287/INPUTFILES/data_1215485191.root
Running: cp /star/data01/pwg/xiatong/AMPT/14GeV/data_1215585161.root /tmp/maxwoo/21EF1A6A9139C9FD2A38E59AFB466F9A_2287/INPUTFILES/data_1215585161.root
Running: cp /star/data01/pwg/xiatong/AMPT/14GeV/data_1215585181.root /tmp/maxwoo/21EF1A6A9139C9FD2A38E59AFB466F9A_2287/INPUTFILES/data_1215585181.root
Running: cp /star/data01/pwg/xiatong/AMPT/14GeV/data_1215685141.root /tmp/maxwoo/21EF1A6A9139C9FD2A38E59AFB466F9A_2287/INPUTFILES/data_1215685141.root
Running: cp /star/data01/pwg/xiatong/AMPT/14GeV/data_1215685151.root /tmp/maxwoo/21EF1A6A9139C9FD2A38E59AFB466F9A_2287/INPUTFILES/data_1215685151.root
Running: cp /star/data01/pwg/xiatong/AMPT/14GeV/data_1215785111.root /tmp/maxwoo/21EF1A6A9139C9FD2A38E59AFB466F9A_2287/INPUTFILES/data_1215785111.root
Running: cp /star/data01/pwg/xiatong/AMPT/14GeV/data_1215785121.root /tmp/maxwoo/21EF1A6A9139C9FD2A38E59AFB466F9A_2287/INPUTFILES/data_1215785121.root
Running: cp /star/data01/pwg/xiatong/AMPT/14GeV/data_1215885081.root /tmp/maxwoo/21EF1A6A9139C9FD2A38E59AFB466F9A_2287/INPUTFILES/data_1215885081.root
Running: cp /star/data01/pwg/xiatong/AMPT/14GeV/data_1215885091.root /tmp/maxwoo/21EF1A6A9139C9FD2A38E59AFB466F9A_2287/INPUTFILES/data_1215885091.root
Running: cp /star/data01/pwg/xiatong/AMPT/14GeV/data_1215885101.root /tmp/maxwoo/21EF1A6A9139C9FD2A38E59AFB466F9A_2287/INPUTFILES/data_1215885101.root
Running: cp /star/data01/pwg/xiatong/AMPT/14GeV/data_1215885131.root /tmp/maxwoo/21EF1A6A9139C9FD2A38E59AFB466F9A_2287/INPUTFILES/data_1215885131.root
Running: cp /star/data01/pwg/xiatong/AMPT/14GeV/data_1215985051.root /tmp/maxwoo/21EF1A6A9139C9FD2A38E59AFB466F9A_2287/INPUTFILES/data_1215985051.root
Running: cp /star/data01/pwg/xiatong/AMPT/14GeV/data_1215985061.root /tmp/maxwoo/21EF1A6A9139C9FD2A38E59AFB466F9A_2287/INPUTFILES/data_1215985061.root
Running: cp /star/data01/pwg/xiatong/AMPT/14GeV/data_1215985071.root /tmp/maxwoo/21EF1A6A9139C9FD2A38E59AFB466F9A_2287/INPUTFILES/data_1215985071.root
Running: cp /star/data01/pwg/xiatong/AMPT/14GeV/data_1216085001.root /tmp/maxwoo/21EF1A6A9139C9FD2A38E59AFB466F9A_2287/INPUTFILES/data_1216085001.root
Running: cp /star/data01/pwg/xiatong/AMPT/14GeV/data_1216085041.root /tmp/maxwoo/21EF1A6A9139C9FD2A38E59AFB466F9A_2287/INPUTFILES/data_1216085041.root
Running: cp /star/data01/pwg/xiatong/AMPT/14GeV/data_1216120941.root /tmp/maxwoo/21EF1A6A9139C9FD2A38E59AFB466F9A_2287/INPUTFILES/data_1216120941.root
Running: cp /star/data01/pwg/xiatong/AMPT/14GeV/data_1216184961.root /tmp/maxwoo/21EF1A6A9139C9FD2A38E59AFB466F9A_2287/INPUTFILES/data_1216184961.root
Running: cp /star/data01/pwg/xiatong/AMPT/14GeV/data_1216184981.root /tmp/maxwoo/21EF1A6A9139C9FD2A38E59AFB466F9A_2287/INPUTFILES/data_1216184981.root
Running: cp /star/data01/pwg/xiatong/AMPT/14GeV/data_1216184991.root /tmp/maxwoo/21EF1A6A9139C9FD2A38E59AFB466F9A_2287/INPUTFILES/data_1216184991.root
Running: cp /star/data01/pwg/xiatong/AMPT/14GeV/data_1216185011.root /tmp/maxwoo/21EF1A6A9139C9FD2A38E59AFB466F9A_2287/INPUTFILES/data_1216185011.root
Running: cp /star/data01/pwg/xiatong/AMPT/14GeV/data_1216185021.root /tmp/maxwoo/21EF1A6A9139C9FD2A38E59AFB466F9A_2287/INPUTFILES/data_1216185021.root
Running: cp /star/data01/pwg/xiatong/AMPT/14GeV/data_1216185031.root /tmp/maxwoo/21EF1A6A9139C9FD2A38E59AFB466F9A_2287/INPUTFILES/data_1216185031.root
Running: cp /star/data01/pwg/xiatong/AMPT/14GeV/data_1216284971.root /tmp/maxwoo/21EF1A6A9139C9FD2A38E59AFB466F9A_2287/INPUTFILES/data_1216284971.root
Running: cp /star/data01/pwg/xiatong/AMPT/14GeV/data_1216384921.root /tmp/maxwoo/21EF1A6A9139C9FD2A38E59AFB466F9A_2287/INPUTFILES/data_1216384921.root
Running: cp /star/data01/pwg/xiatong/AMPT/14GeV/data_1216384931.root /tmp/maxwoo/21EF1A6A9139C9FD2A38E59AFB466F9A_2287/INPUTFILES/data_1216384931.root
Swapping $FILELIST with: /tmp/maxwoo/21EF1A6A9139C9FD2A38E59AFB466F9A_2287/INPUTFILES/21EF1A6A9139C9FD2A38E59AFB466F9A_2287.local.list
+++++++++++local copy debug++++++++++++++++++++
newFileList: /tmp/maxwoo/21EF1A6A9139C9FD2A38E59AFB466F9A_2287/INPUTFILES/21EF1A6A9139C9FD2A38E59AFB466F9A_2287.local.list
++++++++++++++++cat FILELIST+++++++++++++++++++
/tmp/maxwoo/21EF1A6A9139C9FD2A38E59AFB466F9A_2287/INPUTFILES/data_1215085241.root 
/tmp/maxwoo/21EF1A6A9139C9FD2A38E59AFB466F9A_2287/INPUTFILES/data_1215085251.root 
/tmp/maxwoo/21EF1A6A9139C9FD2A38E59AFB466F9A_2287/INPUTFILES/data_1215085271.root 
/tmp/maxwoo/21EF1A6A9139C9FD2A38E59AFB466F9A_2287/INPUTFILES/data_1215120951.root 
/tmp/maxwoo/21EF1A6A9139C9FD2A38E59AFB466F9A_2287/INPUTFILES/data_1215120961.root 
/tmp/maxwoo/21EF1A6A9139C9FD2A38E59AFB466F9A_2287/INPUTFILES/data_1215121991.root 
/tmp/maxwoo/21EF1A6A9139C9FD2A38E59AFB466F9A_2287/INPUTFILES/data_1215159211.root 
/tmp/maxwoo/21EF1A6A9139C9FD2A38E59AFB466F9A_2287/INPUTFILES/data_1215185261.root 
/tmp/maxwoo/21EF1A6A9139C9FD2A38E59AFB466F9A_2287/INPUTFILES/data_1215285201.root 
/tmp/maxwoo/21EF1A6A9139C9FD2A38E59AFB466F9A_2287/INPUTFILES/data_1215285221.root 
/tmp/maxwoo/21EF1A6A9139C9FD2A38E59AFB466F9A_2287/INPUTFILES/data_1215485171.root 
/tmp/maxwoo/21EF1A6A9139C9FD2A38E59AFB466F9A_2287/INPUTFILES/data_1215485191.root 
/tmp/maxwoo/21EF1A6A9139C9FD2A38E59AFB466F9A_2287/INPUTFILES/data_1215585161.root 
/tmp/maxwoo/21EF1A6A9139C9FD2A38E59AFB466F9A_2287/INPUTFILES/data_1215585181.root 
/tmp/maxwoo/21EF1A6A9139C9FD2A38E59AFB466F9A_2287/INPUTFILES/data_1215685141.root 
/tmp/maxwoo/21EF1A6A9139C9FD2A38E59AFB466F9A_2287/INPUTFILES/data_1215685151.root 
/tmp/maxwoo/21EF1A6A9139C9FD2A38E59AFB466F9A_2287/INPUTFILES/data_1215785111.root 
/tmp/maxwoo/21EF1A6A9139C9FD2A38E59AFB466F9A_2287/INPUTFILES/data_1215785121.root 
/tmp/maxwoo/21EF1A6A9139C9FD2A38E59AFB466F9A_2287/INPUTFILES/data_1215885081.root 
/tmp/maxwoo/21EF1A6A9139C9FD2A38E59AFB466F9A_2287/INPUTFILES/data_1215885091.root 
/tmp/maxwoo/21EF1A6A9139C9FD2A38E59AFB466F9A_2287/INPUTFILES/data_1215885101.root 
/tmp/maxwoo/21EF1A6A9139C9FD2A38E59AFB466F9A_2287/INPUTFILES/data_1215885131.root 
/tmp/maxwoo/21EF1A6A9139C9FD2A38E59AFB466F9A_2287/INPUTFILES/data_1215985051.root 
/tmp/maxwoo/21EF1A6A9139C9FD2A38E59AFB466F9A_2287/INPUTFILES/data_1215985061.root 
/tmp/maxwoo/21EF1A6A9139C9FD2A38E59AFB466F9A_2287/INPUTFILES/data_1215985071.root 
/tmp/maxwoo/21EF1A6A9139C9FD2A38E59AFB466F9A_2287/INPUTFILES/data_1216085001.root 
/tmp/maxwoo/21EF1A6A9139C9FD2A38E59AFB466F9A_2287/INPUTFILES/data_1216085041.root 
/tmp/maxwoo/21EF1A6A9139C9FD2A38E59AFB466F9A_2287/INPUTFILES/data_1216120941.root 
/tmp/maxwoo/21EF1A6A9139C9FD2A38E59AFB466F9A_2287/INPUTFILES/data_1216184961.root 
/tmp/maxwoo/21EF1A6A9139C9FD2A38E59AFB466F9A_2287/INPUTFILES/data_1216184981.root 
/tmp/maxwoo/21EF1A6A9139C9FD2A38E59AFB466F9A_2287/INPUTFILES/data_1216184991.root 
/tmp/maxwoo/21EF1A6A9139C9FD2A38E59AFB466F9A_2287/INPUTFILES/data_1216185011.root 
/tmp/maxwoo/21EF1A6A9139C9FD2A38E59AFB466F9A_2287/INPUTFILES/data_1216185021.root 
/tmp/maxwoo/21EF1A6A9139C9FD2A38E59AFB466F9A_2287/INPUTFILES/data_1216185031.root 
/tmp/maxwoo/21EF1A6A9139C9FD2A38E59AFB466F9A_2287/INPUTFILES/data_1216284971.root 
/tmp/maxwoo/21EF1A6A9139C9FD2A38E59AFB466F9A_2287/INPUTFILES/data_1216384921.root 
/tmp/maxwoo/21EF1A6A9139C9FD2A38E59AFB466F9A_2287/INPUTFILES/data_1216384931.root 
++++++++++++++++++++find.++++++++++++++++++++++
.
./check_S.C
./INPUTFILES
./INPUTFILES/data_1215885081.root
./INPUTFILES/data_1215785121.root
./INPUTFILES/data_1215885091.root
./INPUTFILES/data_1215985071.root
./INPUTFILES/data_1215985061.root
./INPUTFILES/data_1215685151.root
./INPUTFILES/data_1216184981.root
./INPUTFILES/data_1215485191.root
./INPUTFILES/data_1215085251.root
./INPUTFILES/data_1215285201.root
./INPUTFILES/data_1216184961.root
./INPUTFILES/data_1216185021.root
./INPUTFILES/data_1215185261.root
./INPUTFILES/data_1215085241.root
./INPUTFILES/data_1216120941.root
./INPUTFILES/data_1215885101.root
./INPUTFILES/data_1215159211.root
./INPUTFILES/21EF1A6A9139C9FD2A38E59AFB466F9A_2287.local.list
./INPUTFILES/data_1216184991.root
./INPUTFILES/data_1216284971.root
./INPUTFILES/data_1215585181.root
./INPUTFILES/data_1216185031.root
./INPUTFILES/data_1216085041.root
./INPUTFILES/data_1215685141.root
./INPUTFILES/data_1215120951.root
./INPUTFILES/data_1216384921.root
./INPUTFILES/data_1215585161.root
./INPUTFILES/data_1216085001.root
./INPUTFILES/data_1215785111.root
./INPUTFILES/data_1216384931.root
./INPUTFILES/data_1215085271.root
./INPUTFILES/data_1215985051.root
./INPUTFILES/data_1215120961.root
./INPUTFILES/data_1215121991.root
./INPUTFILES/data_1215885131.root
./INPUTFILES/data_1216185011.root
./INPUTFILES/data_1215285221.root
./INPUTFILES/data_1215485171.root
./.errror.log
./lib
./lib/NpartNormalizer_cpp.so
./lib/my_particle_cpp_ACLiC_dict_rdict.pcm
./lib/my_event.cpp
./lib/my_particle.cpp
./lib/CenMaker_cpp.d
./lib/MixedBuffer_cpp.d
./lib/my_event_cpp.so
./lib/MixedBuffer_cpp_ACLiC_dict_rdict.pcm
./lib/my_particle_cpp.so
./lib/my_particle_cpp.d
./lib/NpartNormalizer.h
./lib/CenMaker_cpp.so
./lib/CenMaker.cpp
./lib/my_particle.h
./lib/NpartNormalizer_cpp.d
./lib/NpartNormalizer_cpp_ACLiC_dict_rdict.pcm
./lib/MixedBuffer_cpp.so
./lib/my_event_cpp.d
./lib/NpartNormalizer.cpp
./lib/CenMaker_cpp_ACLiC_dict_rdict.pcm
./lib/my_event.h
./lib/MixedBuffer.h
./lib/my_event_cpp_ACLiC_dict_rdict.pcm
./lib/MixedBuffer.cpp
./lib/CenMaker.h
./.output.log
./.sandboxFiles
./Check_Sness.C
++++++++++++++++INPUTFILE Var++++++++++++++++++
FILELIST=/tmp/maxwoo/21EF1A6A9139C9FD2A38E59AFB466F9A_2287/INPUTFILES/21EF1A6A9139C9FD2A38E59AFB466F9A_2287.local.list
INPUTFILECOUNT=37
INPUTFILE0=/tmp/maxwoo/21EF1A6A9139C9FD2A38E59AFB466F9A_2287/INPUTFILES/data_1215085241.root
INPUTFILE1=/tmp/maxwoo/21EF1A6A9139C9FD2A38E59AFB466F9A_2287/INPUTFILES/data_1215085251.root
INPUTFILE2=/tmp/maxwoo/21EF1A6A9139C9FD2A38E59AFB466F9A_2287/INPUTFILES/data_1215085271.root
INPUTFILE3=/tmp/maxwoo/21EF1A6A9139C9FD2A38E59AFB466F9A_2287/INPUTFILES/data_1215120951.root
INPUTFILE4=/tmp/maxwoo/21EF1A6A9139C9FD2A38E59AFB466F9A_2287/INPUTFILES/data_1215120961.root
INPUTFILE5=/tmp/maxwoo/21EF1A6A9139C9FD2A38E59AFB466F9A_2287/INPUTFILES/data_1215121991.root
INPUTFILE6=/tmp/maxwoo/21EF1A6A9139C9FD2A38E59AFB466F9A_2287/INPUTFILES/data_1215159211.root
INPUTFILE7=/tmp/maxwoo/21EF1A6A9139C9FD2A38E59AFB466F9A_2287/INPUTFILES/data_1215185261.root
INPUTFILE8=/tmp/maxwoo/21EF1A6A9139C9FD2A38E59AFB466F9A_2287/INPUTFILES/data_1215285201.root
INPUTFILE9=/tmp/maxwoo/21EF1A6A9139C9FD2A38E59AFB466F9A_2287/INPUTFILES/data_1215285221.root
INPUTFILE10=/tmp/maxwoo/21EF1A6A9139C9FD2A38E59AFB466F9A_2287/INPUTFILES/data_1215485171.root
INPUTFILE11=/tmp/maxwoo/21EF1A6A9139C9FD2A38E59AFB466F9A_2287/INPUTFILES/data_1215485191.root
INPUTFILE12=/tmp/maxwoo/21EF1A6A9139C9FD2A38E59AFB466F9A_2287/INPUTFILES/data_1215585161.root
INPUTFILE13=/tmp/maxwoo/21EF1A6A9139C9FD2A38E59AFB466F9A_2287/INPUTFILES/data_1215585181.root
INPUTFILE14=/tmp/maxwoo/21EF1A6A9139C9FD2A38E59AFB466F9A_2287/INPUTFILES/data_1215685141.root
INPUTFILE15=/tmp/maxwoo/21EF1A6A9139C9FD2A38E59AFB466F9A_2287/INPUTFILES/data_1215685151.root
INPUTFILE16=/tmp/maxwoo/21EF1A6A9139C9FD2A38E59AFB466F9A_2287/INPUTFILES/data_1215785111.root
INPUTFILE17=/tmp/maxwoo/21EF1A6A9139C9FD2A38E59AFB466F9A_2287/INPUTFILES/data_1215785121.root
INPUTFILE18=/tmp/maxwoo/21EF1A6A9139C9FD2A38E59AFB466F9A_2287/INPUTFILES/data_1215885081.root
INPUTFILE19=/tmp/maxwoo/21EF1A6A9139C9FD2A38E59AFB466F9A_2287/INPUTFILES/data_1215885091.root
INPUTFILE20=/tmp/maxwoo/21EF1A6A9139C9FD2A38E59AFB466F9A_2287/INPUTFILES/data_1215885101.root
INPUTFILE21=/tmp/maxwoo/21EF1A6A9139C9FD2A38E59AFB466F9A_2287/INPUTFILES/data_1215885131.root
INPUTFILE22=/tmp/maxwoo/21EF1A6A9139C9FD2A38E59AFB466F9A_2287/INPUTFILES/data_1215985051.root
INPUTFILE23=/tmp/maxwoo/21EF1A6A9139C9FD2A38E59AFB466F9A_2287/INPUTFILES/data_1215985061.root
INPUTFILE24=/tmp/maxwoo/21EF1A6A9139C9FD2A38E59AFB466F9A_2287/INPUTFILES/data_1215985071.root
INPUTFILE25=/tmp/maxwoo/21EF1A6A9139C9FD2A38E59AFB466F9A_2287/INPUTFILES/data_1216085001.root
INPUTFILE26=/tmp/maxwoo/21EF1A6A9139C9FD2A38E59AFB466F9A_2287/INPUTFILES/data_1216085041.root
INPUTFILE27=/tmp/maxwoo/21EF1A6A9139C9FD2A38E59AFB466F9A_2287/INPUTFILES/data_1216120941.root
INPUTFILE28=/tmp/maxwoo/21EF1A6A9139C9FD2A38E59AFB466F9A_2287/INPUTFILES/data_1216184961.root
INPUTFILE29=/tmp/maxwoo/21EF1A6A9139C9FD2A38E59AFB466F9A_2287/INPUTFILES/data_1216184981.root
INPUTFILE30=/tmp/maxwoo/21EF1A6A9139C9FD2A38E59AFB466F9A_2287/INPUTFILES/data_1216184991.root
INPUTFILE31=/tmp/maxwoo/21EF1A6A9139C9FD2A38E59AFB466F9A_2287/INPUTFILES/data_1216185011.root
INPUTFILE32=/tmp/maxwoo/21EF1A6A9139C9FD2A38E59AFB466F9A_2287/INPUTFILES/data_1216185021.root
INPUTFILE33=/tmp/maxwoo/21EF1A6A9139C9FD2A38E59AFB466F9A_2287/INPUTFILES/data_1216185031.root
INPUTFILE34=/tmp/maxwoo/21EF1A6A9139C9FD2A38E59AFB466F9A_2287/INPUTFILES/data_1216284971.root
INPUTFILE35=/tmp/maxwoo/21EF1A6A9139C9FD2A38E59AFB466F9A_2287/INPUTFILES/data_1216384921.root
INPUTFILE36=/tmp/maxwoo/21EF1A6A9139C9FD2A38E59AFB466F9A_2287/INPUTFILES/data_1216384931.root
LocalInputFileDir=/tmp/maxwoo/21EF1A6A9139C9FD2A38E59AFB466F9A_2287/INPUTFILES
NewFILELIST=/tmp/maxwoo/21EF1A6A9139C9FD2A38E59AFB466F9A_2287/INPUTFILES/21EF1A6A9139C9FD2A38E59AFB466F9A_2287.local.list
+++++++++++++++++++++++++++++++++++++++++++++++
--------------------------------
Simple Unified Meta Scheduler 1.10.50 we are starting in $SCRATCH : /home/tmp/maxwoo/21EF1A6A9139C9FD2A38E59AFB466F9A_2287
--------------------------------
total 16
lrwxrwxrwx 1 maxwoo rhstar   61 Jun  2 10:59 check_S.C -> /gpfs/mnt/gpfs01/star/pwg/xiatong/git/strangeness/./check_S.C
lrwxrwxrwx 1 maxwoo rhstar   65 Jun  2 10:59 Check_Sness.C -> /gpfs/mnt/gpfs01/star/pwg/xiatong/git/strangeness/./Check_Sness.C
drwxr-xr-x 2 maxwoo rhstar 4096 Jun  2 11:01 INPUTFILES
drwxr-xr-x 2 maxwoo rhstar 4096 Jun  2 10:59 lib
  *******************************************
  *                                         *
  *        W E L C O M E  to  R O O T       *
  *                                         *
  *   Version   5.34/38     12 March 2018   *
  *                                         *
  *  You are welcome to visit our Web site  *
  *          http://root.cern.ch            *
  *                                         *
  *******************************************

ROOT 5.34/38 (v5-34-38@v5-34-38, Mar 12 2018, 15:49:39 on linux)

CINT/ROOT C/C++ Interpreter version 5.18.00, July 2, 2010
Type ? for help. Commands must be C++ statements.
Enclose multiple statements between { }.
*** Float Point Exception is OFF ***
 *** Start at Date : Thu Jun  2 11:01:49 2022
QAInfo:You are using STAR_LEVEL : dev, ROOT_LEVEL : 5.34.38 and node : rcrs6025.rcf.bnl.gov 

Processing check_S.C++("/tmp/maxwoo/21EF1A6A9139C9FD2A38E59AFB466F9A_2287/INPUTFILES/21EF1A6A9139C9FD2A38E59AFB466F9A_2287.local.list","21EF1A6A9139C9FD2A38E59AFB466F9A_2287",1)...
/tmp/maxwoo/21EF1A6A9139C9FD2A38E59AFB466F9A_2287/INPUTFILES/data_1215085241.root 
/tmp/maxwoo/21EF1A6A9139C9FD2A38E59AFB466F9A_2287/INPUTFILES/data_1215085251.root 
/tmp/maxwoo/21EF1A6A9139C9FD2A38E59AFB466F9A_2287/INPUTFILES/data_1215085271.root 
/tmp/maxwoo/21EF1A6A9139C9FD2A38E59AFB466F9A_2287/INPUTFILES/data_1215120951.root 
/tmp/maxwoo/21EF1A6A9139C9FD2A38E59AFB466F9A_2287/INPUTFILES/data_1215120961.root 
/tmp/maxwoo/21EF1A6A9139C9FD2A38E59AFB466F9A_2287/INPUTFILES/data_1215121991.root 
/tmp/maxwoo/21EF1A6A9139C9FD2A38E59AFB466F9A_2287/INPUTFILES/data_1215159211.root 
/tmp/maxwoo/21EF1A6A9139C9FD2A38E59AFB466F9A_2287/INPUTFILES/data_1215185261.root 
/tmp/maxwoo/21EF1A6A9139C9FD2A38E59AFB466F9A_2287/INPUTFILES/data_1215285201.root 
/tmp/maxwoo/21EF1A6A9139C9FD2A38E59AFB466F9A_2287/INPUTFILES/data_1215285221.root 
/tmp/maxwoo/21EF1A6A9139C9FD2A38E59AFB466F9A_2287/INPUTFILES/data_1215485171.root 
/tmp/maxwoo/21EF1A6A9139C9FD2A38E59AFB466F9A_2287/INPUTFILES/data_1215485191.root 
/tmp/maxwoo/21EF1A6A9139C9FD2A38E59AFB466F9A_2287/INPUTFILES/data_1215585161.root 
/tmp/maxwoo/21EF1A6A9139C9FD2A38E59AFB466F9A_2287/INPUTFILES/data_1215585181.root 
/tmp/maxwoo/21EF1A6A9139C9FD2A38E59AFB466F9A_2287/INPUTFILES/data_1215685141.root 
/tmp/maxwoo/21EF1A6A9139C9FD2A38E59AFB466F9A_2287/INPUTFILES/data_1215685151.root 
/tmp/maxwoo/21EF1A6A9139C9FD2A38E59AFB466F9A_2287/INPUTFILES/data_1215785111.root 
/tmp/maxwoo/21EF1A6A9139C9FD2A38E59AFB466F9A_2287/INPUTFILES/data_1215785121.root 
/tmp/maxwoo/21EF1A6A9139C9FD2A38E59AFB466F9A_2287/INPUTFILES/data_1215885081.root 
/tmp/maxwoo/21EF1A6A9139C9FD2A38E59AFB466F9A_2287/INPUTFILES/data_1215885091.root 
/tmp/maxwoo/21EF1A6A9139C9FD2A38E59AFB466F9A_2287/INPUTFILES/data_1215885101.root 
/tmp/maxwoo/21EF1A6A9139C9FD2A38E59AFB466F9A_2287/INPUTFILES/data_1215885131.root 
/tmp/maxwoo/21EF1A6A9139C9FD2A38E59AFB466F9A_2287/INPUTFILES/data_1215985051.root 
/tmp/maxwoo/21EF1A6A9139C9FD2A38E59AFB466F9A_2287/INPUTFILES/data_1215985061.root 
/tmp/maxwoo/21EF1A6A9139C9FD2A38E59AFB466F9A_2287/INPUTFILES/data_1215985071.root 
/tmp/maxwoo/21EF1A6A9139C9FD2A38E59AFB466F9A_2287/INPUTFILES/data_1216085001.root 
/tmp/maxwoo/21EF1A6A9139C9FD2A38E59AFB466F9A_2287/INPUTFILES/data_1216085041.root 
/tmp/maxwoo/21EF1A6A9139C9FD2A38E59AFB466F9A_2287/INPUTFILES/data_1216120941.root 
/tmp/maxwoo/21EF1A6A9139C9FD2A38E59AFB466F9A_2287/INPUTFILES/data_1216184961.root 
/tmp/maxwoo/21EF1A6A9139C9FD2A38E59AFB466F9A_2287/INPUTFILES/data_1216184981.root 
/tmp/maxwoo/21EF1A6A9139C9FD2A38E59AFB466F9A_2287/INPUTFILES/data_1216184991.root 
/tmp/maxwoo/21EF1A6A9139C9FD2A38E59AFB466F9A_2287/INPUTFILES/data_1216185011.root 
/tmp/maxwoo/21EF1A6A9139C9FD2A38E59AFB466F9A_2287/INPUTFILES/data_1216185021.root 
/tmp/maxwoo/21EF1A6A9139C9FD2A38E59AFB466F9A_2287/INPUTFILES/data_1216185031.root 
/tmp/maxwoo/21EF1A6A9139C9FD2A38E59AFB466F9A_2287/INPUTFILES/data_1216284971.root 
/tmp/maxwoo/21EF1A6A9139C9FD2A38E59AFB466F9A_2287/INPUTFILES/data_1216384921.root 
/tmp/maxwoo/21EF1A6A9139C9FD2A38E59AFB466F9A_2287/INPUTFILES/data_1216384931.root 
Added 37 files
# entries in chain: 36147
Processing entry == 1000 == out of 36147.
Processing entry == 2000 == out of 36147.
Processing entry == 3000 == out of 36147.
Processing entry == 4000 == out of 36147.
Processing entry == 5000 == out of 36147.
Processing entry == 6000 == out of 36147.
Processing entry == 7000 == out of 36147.
Processing entry == 8000 == out of 36147.
Processing entry == 9000 == out of 36147.
Processing entry == 10000 == out of 36147.
Processing entry == 11000 == out of 36147.
Processing entry == 12000 == out of 36147.
Processing entry == 13000 == out of 36147.
Processing entry == 14000 == out of 36147.
Processing entry == 15000 == out of 36147.
Processing entry == 16000 == out of 36147.
Processing entry == 17000 == out of 36147.
Processing entry == 18000 == out of 36147.
Processing entry == 19000 == out of 36147.
Processing entry == 20000 == out of 36147.
Processing entry == 21000 == out of 36147.
Processing entry == 22000 == out of 36147.
Processing entry == 23000 == out of 36147.
Processing entry == 24000 == out of 36147.
Processing entry == 25000 == out of 36147.
Processing entry == 26000 == out of 36147.
Processing entry == 27000 == out of 36147.
Processing entry == 28000 == out of 36147.
Processing entry == 29000 == out of 36147.
Processing entry == 30000 == out of 36147.
Processing entry == 31000 == out of 36147.
Processing entry == 32000 == out of 36147.
Processing entry == 33000 == out of 36147.
Processing entry == 34000 == out of 36147.
Processing entry == 35000 == out of 36147.
Processing entry == 36000 == out of 36147.

This is the end of ROOT -- Goodbye

Cleaning up sandbox file:  /tmp/maxwoo/21EF1A6A9139C9FD2A38E59AFB466F9A_2287/check_S.C
Cleaning up sandbox file:  /tmp/maxwoo/21EF1A6A9139C9FD2A38E59AFB466F9A_2287/Check_Sness.C
Cleaning up sandbox file:  /tmp/maxwoo/21EF1A6A9139C9FD2A38E59AFB466F9A_2287/lib
Cleaning up sandbox file:  /tmp/maxwoo/21EF1A6A9139C9FD2A38E59AFB466F9A_2287/.sandboxFiles
Starting copy block
Running copy command:  /bin/cp -fp /tmp/maxwoo/21EF1A6A9139C9FD2A38E59AFB466F9A_2287/out_21EF1A6A9139C9FD2A38E59AFB466F9A_2287.root /star/data01/pwg/xiatong/git/strangeness/data/
10144 Execution of (/star/data01/pwg/xiatong/git/strangeness/script/sched21EF1A6A9139C9FD2A38E59AFB466F9A_2287.csh ) has ended, exiting normally
10144 We END on [Thu Jun  2 11:24:19 EDT 2022]
