We are starting on node: spool0724.sdcc.bnl.gov
HOME is not defined
Using getent method
HOME is now /star/u/maxwoo
48805 We will spawn ourselves (/star/data01/pwg/xiatong/git/strangeness/script/sched21EF1A6A9139C9FD2A38E59AFB466F9A_836.csh )
48805 We BEGIN on [Thu Jun  2 11:25:14 EDT 2022]
[1] 49049
48805 We are waiting for 49049 
48805 Grandchild PID is 49246 - found in 10 x 1 seconds
48805 Establishing first watcher   on    Thu Jun  2 11:25:25 EDT 2022
48805 Process tree is 48805 (main) -> 49049 (child) -> 49246 (grandchild)
F S   UID    PID   PPID  C PRI  NI ADDR SZ WCHAN  TTY        TIME CMD
0 D 100667 49246  49049  0  80   0 - 32311 cxiWai ?          0:00 cp /star/data01/pwg/xiatong/AMPT/14GeV/data_299571601.root /tmp/maxwoo/21EF1A6A9139C9FD2A38E59AFB466F9A_836/INPUTFILES/data_299571601.root
48805 Grandchild PID is 50117 - found in 20 x 2 seconds
48805 Grandchild to watch has changed on Thu Jun  2 11:25:46 EDT 2022
48805 Process tree is 48805 (main) -> 49049 (child) -> 50117 (grandchild)
F S   UID    PID   PPID  C PRI  NI ADDR SZ WCHAN  TTY        TIME CMD
0 D 100667 50117  49049  0  80   0 - 32311 cxiWai ?          0:00 cp /star/data01/pwg/xiatong/AMPT/14GeV/data_299588361.root /tmp/maxwoo/21EF1A6A9139C9FD2A38E59AFB466F9A_836/INPUTFILES/data_299588361.root
48805 Grandchild PID is 52555 - found in 40 x 2 seconds
48805 Grandchild to watch has changed on Thu Jun  2 11:26:27 EDT 2022
48805 Process tree is 48805 (main) -> 49049 (child) -> 52555 (grandchild)
F S   UID    PID   PPID  C PRI  NI ADDR SZ WCHAN  TTY        TIME CMD
0 D 100667 52555  49049  0  80   0 - 32311 cxiWai ?          0:00 cp /star/data01/pwg/xiatong/AMPT/14GeV/data_299670991.root /tmp/maxwoo/21EF1A6A9139C9FD2A38E59AFB466F9A_836/INPUTFILES/data_299670991.root
48805 Grandchild PID is 53858 - found in 50 x 2 seconds
48805 Grandchild to watch has changed on Thu Jun  2 11:26:48 EDT 2022
48805 Process tree is 48805 (main) -> 49049 (child) -> 53858 (grandchild)
F S   UID    PID   PPID  C PRI  NI ADDR SZ WCHAN  TTY        TIME CMD
0 D 100667 53858  49049  0  80   0 - 32311 cxiWai ?          0:00 cp /star/data01/pwg/xiatong/AMPT/14GeV/data_299671041.root /tmp/maxwoo/21EF1A6A9139C9FD2A38E59AFB466F9A_836/INPUTFILES/data_299671041.root
48805 Grandchild PID is 55022 - found in 60 x 2 seconds
48805 Grandchild to watch has changed on Thu Jun  2 11:27:09 EDT 2022
48805 Process tree is 48805 (main) -> 49049 (child) -> 55022 (grandchild)
F S   UID    PID   PPID  C PRI  NI ADDR SZ WCHAN  TTY        TIME CMD
0 D 100667 55022  49049  0  80   0 - 32311 cxiWai ?          0:00 cp /star/data01/pwg/xiatong/AMPT/14GeV/data_299710171.root /tmp/maxwoo/21EF1A6A9139C9FD2A38E59AFB466F9A_836/INPUTFILES/data_299710171.root
48805 Grandchild PID is 55945 - found in 70 x 2 seconds
48805 Grandchild to watch has changed on Thu Jun  2 11:27:30 EDT 2022
48805 Process tree is 48805 (main) -> 49049 (child) -> 55945 (grandchild)
F S   UID    PID   PPID  C PRI  NI ADDR SZ WCHAN  TTY        TIME CMD
0 D 100667 55945  49049  0  80   0 - 32311 cxiWai ?          0:00 cp /star/data01/pwg/xiatong/AMPT/14GeV/data_299758901.root /tmp/maxwoo/21EF1A6A9139C9FD2A38E59AFB466F9A_836/INPUTFILES/data_299758901.root
48805 Grandchild PID is 60224 - found in 80 x 2 seconds
48805 Grandchild to watch has changed on Thu Jun  2 11:27:51 EDT 2022
48805 Process tree is 48805 (main) -> 49049 (child) -> 60224 (grandchild)
F S   UID    PID   PPID  C PRI  NI ADDR SZ WCHAN  TTY        TIME CMD
0 D 100667 60224  49049  0  80   0 - 32311 cxiWai ?          0:00 cp /star/data01/pwg/xiatong/AMPT/14GeV/data_299758921.root /tmp/maxwoo/21EF1A6A9139C9FD2A38E59AFB466F9A_836/INPUTFILES/data_299758921.root
48805 Grandchild PID is 61639 - found in 100 x 2 seconds
48805 Grandchild to watch has changed on Thu Jun  2 11:28:32 EDT 2022
48805 Process tree is 48805 (main) -> 49049 (child) -> 61639 (grandchild)
F S   UID    PID   PPID  C PRI  NI ADDR SZ WCHAN  TTY        TIME CMD
0 D 100667 61639  49049  0  80   0 - 32311 cxiWai ?          0:00 cp /star/data01/pwg/xiatong/AMPT/14GeV/data_299758931.root /tmp/maxwoo/21EF1A6A9139C9FD2A38E59AFB466F9A_836/INPUTFILES/data_299758931.root
48805 Grandchild PID is 63006 - found in 110 x 2 seconds
48805 Grandchild to watch has changed on Thu Jun  2 11:28:53 EDT 2022
48805 Process tree is 48805 (main) -> 49049 (child) -> 63006 (grandchild)
F S   UID    PID   PPID  C PRI  NI ADDR SZ WCHAN  TTY        TIME CMD
0 S 100667 63006  49049  0  80   0 -  1272 do_wai ?          0:00 root -b -q check_S.C++("/tmp/maxwoo/21EF1A6A9139C9FD2A38E59AFB466F9A_836/INPUTFILES/21EF1A6A9139C9FD2A38E59AFB466F9A_836.local.list","21EF1A6A9139C9FD2A38E59AFB466F9A_836",1)
49049 Stepping into the main SUMS wrapper program with []
.... building sandbox
Running: cp /star/data01/pwg/xiatong/AMPT/14GeV/data_299571601.root /tmp/maxwoo/21EF1A6A9139C9FD2A38E59AFB466F9A_836/INPUTFILES/data_299571601.root
Running: cp /star/data01/pwg/xiatong/AMPT/14GeV/data_299571611.root /tmp/maxwoo/21EF1A6A9139C9FD2A38E59AFB466F9A_836/INPUTFILES/data_299571611.root
Running: cp /star/data01/pwg/xiatong/AMPT/14GeV/data_299571641.root /tmp/maxwoo/21EF1A6A9139C9FD2A38E59AFB466F9A_836/INPUTFILES/data_299571641.root
Running: cp /star/data01/pwg/xiatong/AMPT/14GeV/data_299571651.root /tmp/maxwoo/21EF1A6A9139C9FD2A38E59AFB466F9A_836/INPUTFILES/data_299571651.root
Running: cp /star/data01/pwg/xiatong/AMPT/14GeV/data_299571691.root /tmp/maxwoo/21EF1A6A9139C9FD2A38E59AFB466F9A_836/INPUTFILES/data_299571691.root
Running: cp /star/data01/pwg/xiatong/AMPT/14GeV/data_299571701.root /tmp/maxwoo/21EF1A6A9139C9FD2A38E59AFB466F9A_836/INPUTFILES/data_299571701.root
Running: cp /star/data01/pwg/xiatong/AMPT/14GeV/data_299571711.root /tmp/maxwoo/21EF1A6A9139C9FD2A38E59AFB466F9A_836/INPUTFILES/data_299571711.root
Running: cp /star/data01/pwg/xiatong/AMPT/14GeV/data_299571721.root /tmp/maxwoo/21EF1A6A9139C9FD2A38E59AFB466F9A_836/INPUTFILES/data_299571721.root
Running: cp /star/data01/pwg/xiatong/AMPT/14GeV/data_299571871.root /tmp/maxwoo/21EF1A6A9139C9FD2A38E59AFB466F9A_836/INPUTFILES/data_299571871.root
Running: cp /star/data01/pwg/xiatong/AMPT/14GeV/data_299588361.root /tmp/maxwoo/21EF1A6A9139C9FD2A38E59AFB466F9A_836/INPUTFILES/data_299588361.root
Running: cp /star/data01/pwg/xiatong/AMPT/14GeV/data_299588371.root /tmp/maxwoo/21EF1A6A9139C9FD2A38E59AFB466F9A_836/INPUTFILES/data_299588371.root
Running: cp /star/data01/pwg/xiatong/AMPT/14GeV/data_299610181.root /tmp/maxwoo/21EF1A6A9139C9FD2A38E59AFB466F9A_836/INPUTFILES/data_299610181.root
Running: cp /star/data01/pwg/xiatong/AMPT/14GeV/data_299610191.root /tmp/maxwoo/21EF1A6A9139C9FD2A38E59AFB466F9A_836/INPUTFILES/data_299610191.root
Running: cp /star/data01/pwg/xiatong/AMPT/14GeV/data_299658981.root /tmp/maxwoo/21EF1A6A9139C9FD2A38E59AFB466F9A_836/INPUTFILES/data_299658981.root
Running: cp /star/data01/pwg/xiatong/AMPT/14GeV/data_299659001.root /tmp/maxwoo/21EF1A6A9139C9FD2A38E59AFB466F9A_836/INPUTFILES/data_299659001.root
Running: cp /star/data01/pwg/xiatong/AMPT/14GeV/data_299659101.root /tmp/maxwoo/21EF1A6A9139C9FD2A38E59AFB466F9A_836/INPUTFILES/data_299659101.root
Running: cp /star/data01/pwg/xiatong/AMPT/14GeV/data_299670971.root /tmp/maxwoo/21EF1A6A9139C9FD2A38E59AFB466F9A_836/INPUTFILES/data_299670971.root
Running: cp /star/data01/pwg/xiatong/AMPT/14GeV/data_299670981.root /tmp/maxwoo/21EF1A6A9139C9FD2A38E59AFB466F9A_836/INPUTFILES/data_299670981.root
Running: cp /star/data01/pwg/xiatong/AMPT/14GeV/data_299670991.root /tmp/maxwoo/21EF1A6A9139C9FD2A38E59AFB466F9A_836/INPUTFILES/data_299670991.root
Running: cp /star/data01/pwg/xiatong/AMPT/14GeV/data_299671001.root /tmp/maxwoo/21EF1A6A9139C9FD2A38E59AFB466F9A_836/INPUTFILES/data_299671001.root
Running: cp /star/data01/pwg/xiatong/AMPT/14GeV/data_299671011.root /tmp/maxwoo/21EF1A6A9139C9FD2A38E59AFB466F9A_836/INPUTFILES/data_299671011.root
Running: cp /star/data01/pwg/xiatong/AMPT/14GeV/data_299671021.root /tmp/maxwoo/21EF1A6A9139C9FD2A38E59AFB466F9A_836/INPUTFILES/data_299671021.root
Running: cp /star/data01/pwg/xiatong/AMPT/14GeV/data_299671031.root /tmp/maxwoo/21EF1A6A9139C9FD2A38E59AFB466F9A_836/INPUTFILES/data_299671031.root
Running: cp /star/data01/pwg/xiatong/AMPT/14GeV/data_299671041.root /tmp/maxwoo/21EF1A6A9139C9FD2A38E59AFB466F9A_836/INPUTFILES/data_299671041.root
Running: cp /star/data01/pwg/xiatong/AMPT/14GeV/data_299671091.root /tmp/maxwoo/21EF1A6A9139C9FD2A38E59AFB466F9A_836/INPUTFILES/data_299671091.root
Running: cp /star/data01/pwg/xiatong/AMPT/14GeV/data_299671101.root /tmp/maxwoo/21EF1A6A9139C9FD2A38E59AFB466F9A_836/INPUTFILES/data_299671101.root
Running: cp /star/data01/pwg/xiatong/AMPT/14GeV/data_299671111.root /tmp/maxwoo/21EF1A6A9139C9FD2A38E59AFB466F9A_836/INPUTFILES/data_299671111.root
Running: cp /star/data01/pwg/xiatong/AMPT/14GeV/data_299671121.root /tmp/maxwoo/21EF1A6A9139C9FD2A38E59AFB466F9A_836/INPUTFILES/data_299671121.root
Running: cp /star/data01/pwg/xiatong/AMPT/14GeV/data_299671231.root /tmp/maxwoo/21EF1A6A9139C9FD2A38E59AFB466F9A_836/INPUTFILES/data_299671231.root
Running: cp /star/data01/pwg/xiatong/AMPT/14GeV/data_299671931.root /tmp/maxwoo/21EF1A6A9139C9FD2A38E59AFB466F9A_836/INPUTFILES/data_299671931.root
Running: cp /star/data01/pwg/xiatong/AMPT/14GeV/data_299671941.root /tmp/maxwoo/21EF1A6A9139C9FD2A38E59AFB466F9A_836/INPUTFILES/data_299671941.root
Running: cp /star/data01/pwg/xiatong/AMPT/14GeV/data_299710171.root /tmp/maxwoo/21EF1A6A9139C9FD2A38E59AFB466F9A_836/INPUTFILES/data_299710171.root
Running: cp /star/data01/pwg/xiatong/AMPT/14GeV/data_299758901.root /tmp/maxwoo/21EF1A6A9139C9FD2A38E59AFB466F9A_836/INPUTFILES/data_299758901.root
Running: cp /star/data01/pwg/xiatong/AMPT/14GeV/data_299758911.root /tmp/maxwoo/21EF1A6A9139C9FD2A38E59AFB466F9A_836/INPUTFILES/data_299758911.root
Running: cp /star/data01/pwg/xiatong/AMPT/14GeV/data_299758921.root /tmp/maxwoo/21EF1A6A9139C9FD2A38E59AFB466F9A_836/INPUTFILES/data_299758921.root
Running: cp /star/data01/pwg/xiatong/AMPT/14GeV/data_299758931.root /tmp/maxwoo/21EF1A6A9139C9FD2A38E59AFB466F9A_836/INPUTFILES/data_299758931.root
Running: cp /star/data01/pwg/xiatong/AMPT/14GeV/data_299758941.root /tmp/maxwoo/21EF1A6A9139C9FD2A38E59AFB466F9A_836/INPUTFILES/data_299758941.root
Swapping $FILELIST with: /tmp/maxwoo/21EF1A6A9139C9FD2A38E59AFB466F9A_836/INPUTFILES/21EF1A6A9139C9FD2A38E59AFB466F9A_836.local.list
+++++++++++local copy debug++++++++++++++++++++
newFileList: /tmp/maxwoo/21EF1A6A9139C9FD2A38E59AFB466F9A_836/INPUTFILES/21EF1A6A9139C9FD2A38E59AFB466F9A_836.local.list
++++++++++++++++cat FILELIST+++++++++++++++++++
/tmp/maxwoo/21EF1A6A9139C9FD2A38E59AFB466F9A_836/INPUTFILES/data_299571601.root 
/tmp/maxwoo/21EF1A6A9139C9FD2A38E59AFB466F9A_836/INPUTFILES/data_299571611.root 
/tmp/maxwoo/21EF1A6A9139C9FD2A38E59AFB466F9A_836/INPUTFILES/data_299571641.root 
/tmp/maxwoo/21EF1A6A9139C9FD2A38E59AFB466F9A_836/INPUTFILES/data_299571651.root 
/tmp/maxwoo/21EF1A6A9139C9FD2A38E59AFB466F9A_836/INPUTFILES/data_299571691.root 
/tmp/maxwoo/21EF1A6A9139C9FD2A38E59AFB466F9A_836/INPUTFILES/data_299571701.root 
/tmp/maxwoo/21EF1A6A9139C9FD2A38E59AFB466F9A_836/INPUTFILES/data_299571711.root 
/tmp/maxwoo/21EF1A6A9139C9FD2A38E59AFB466F9A_836/INPUTFILES/data_299571721.root 
/tmp/maxwoo/21EF1A6A9139C9FD2A38E59AFB466F9A_836/INPUTFILES/data_299571871.root 
/tmp/maxwoo/21EF1A6A9139C9FD2A38E59AFB466F9A_836/INPUTFILES/data_299588361.root 
/tmp/maxwoo/21EF1A6A9139C9FD2A38E59AFB466F9A_836/INPUTFILES/data_299588371.root 
/tmp/maxwoo/21EF1A6A9139C9FD2A38E59AFB466F9A_836/INPUTFILES/data_299610181.root 
/tmp/maxwoo/21EF1A6A9139C9FD2A38E59AFB466F9A_836/INPUTFILES/data_299610191.root 
/tmp/maxwoo/21EF1A6A9139C9FD2A38E59AFB466F9A_836/INPUTFILES/data_299658981.root 
/tmp/maxwoo/21EF1A6A9139C9FD2A38E59AFB466F9A_836/INPUTFILES/data_299659001.root 
/tmp/maxwoo/21EF1A6A9139C9FD2A38E59AFB466F9A_836/INPUTFILES/data_299659101.root 
/tmp/maxwoo/21EF1A6A9139C9FD2A38E59AFB466F9A_836/INPUTFILES/data_299670971.root 
/tmp/maxwoo/21EF1A6A9139C9FD2A38E59AFB466F9A_836/INPUTFILES/data_299670981.root 
/tmp/maxwoo/21EF1A6A9139C9FD2A38E59AFB466F9A_836/INPUTFILES/data_299670991.root 
/tmp/maxwoo/21EF1A6A9139C9FD2A38E59AFB466F9A_836/INPUTFILES/data_299671001.root 
/tmp/maxwoo/21EF1A6A9139C9FD2A38E59AFB466F9A_836/INPUTFILES/data_299671011.root 
/tmp/maxwoo/21EF1A6A9139C9FD2A38E59AFB466F9A_836/INPUTFILES/data_299671021.root 
/tmp/maxwoo/21EF1A6A9139C9FD2A38E59AFB466F9A_836/INPUTFILES/data_299671031.root 
/tmp/maxwoo/21EF1A6A9139C9FD2A38E59AFB466F9A_836/INPUTFILES/data_299671041.root 
/tmp/maxwoo/21EF1A6A9139C9FD2A38E59AFB466F9A_836/INPUTFILES/data_299671091.root 
/tmp/maxwoo/21EF1A6A9139C9FD2A38E59AFB466F9A_836/INPUTFILES/data_299671101.root 
/tmp/maxwoo/21EF1A6A9139C9FD2A38E59AFB466F9A_836/INPUTFILES/data_299671111.root 
/tmp/maxwoo/21EF1A6A9139C9FD2A38E59AFB466F9A_836/INPUTFILES/data_299671121.root 
/tmp/maxwoo/21EF1A6A9139C9FD2A38E59AFB466F9A_836/INPUTFILES/data_299671231.root 
/tmp/maxwoo/21EF1A6A9139C9FD2A38E59AFB466F9A_836/INPUTFILES/data_299671931.root 
/tmp/maxwoo/21EF1A6A9139C9FD2A38E59AFB466F9A_836/INPUTFILES/data_299671941.root 
/tmp/maxwoo/21EF1A6A9139C9FD2A38E59AFB466F9A_836/INPUTFILES/data_299710171.root 
/tmp/maxwoo/21EF1A6A9139C9FD2A38E59AFB466F9A_836/INPUTFILES/data_299758901.root 
/tmp/maxwoo/21EF1A6A9139C9FD2A38E59AFB466F9A_836/INPUTFILES/data_299758911.root 
/tmp/maxwoo/21EF1A6A9139C9FD2A38E59AFB466F9A_836/INPUTFILES/data_299758921.root 
/tmp/maxwoo/21EF1A6A9139C9FD2A38E59AFB466F9A_836/INPUTFILES/data_299758931.root 
/tmp/maxwoo/21EF1A6A9139C9FD2A38E59AFB466F9A_836/INPUTFILES/data_299758941.root 
++++++++++++++++++++find.++++++++++++++++++++++
.
./check_S.C
./lib
./lib/NpartNormalizer_cpp.d
./lib/my_particle.cpp
./lib/my_particle_cpp.so
./lib/NpartNormalizer_cpp_ACLiC_dict_rdict.pcm
./lib/MixedBuffer_cpp.d
./lib/CenMaker_cpp.d
./lib/my_event.cpp
./lib/MixedBuffer_cpp.so
./lib/CenMaker.h
./lib/CenMaker_cpp_ACLiC_dict_rdict.pcm
./lib/my_event_cpp.so
./lib/NpartNormalizer.h
./lib/MixedBuffer.cpp
./lib/my_particle_cpp.d
./lib/my_event_cpp_ACLiC_dict_rdict.pcm
./lib/NpartNormalizer_cpp.so
./lib/my_particle_cpp_ACLiC_dict_rdict.pcm
./lib/MixedBuffer.h
./lib/my_particle.h
./lib/CenMaker_cpp.so
./lib/my_event_cpp.d
./lib/my_event.h
./lib/CenMaker.cpp
./lib/NpartNormalizer.cpp
./lib/MixedBuffer_cpp_ACLiC_dict_rdict.pcm
./Check_Sness.C
./.errror.log
./.output.log
./.sandboxFiles
./INPUTFILES
./INPUTFILES/data_299571711.root
./INPUTFILES/data_299758921.root
./INPUTFILES/data_299758911.root
./INPUTFILES/data_299671031.root
./INPUTFILES/data_299671111.root
./INPUTFILES/data_299658981.root
./INPUTFILES/data_299671231.root
./INPUTFILES/data_299571721.root
./INPUTFILES/data_299659001.root
./INPUTFILES/data_299758931.root
./INPUTFILES/data_299671121.root
./INPUTFILES/data_299571651.root
./INPUTFILES/data_299671041.root
./INPUTFILES/data_299588371.root
./INPUTFILES/data_299671011.root
./INPUTFILES/data_299571691.root
./INPUTFILES/data_299671931.root
./INPUTFILES/data_299671021.root
./INPUTFILES/data_299659101.root
./INPUTFILES/data_299758901.root
./INPUTFILES/data_299571701.root
./INPUTFILES/data_299571611.root
./INPUTFILES/21EF1A6A9139C9FD2A38E59AFB466F9A_836.local.list
./INPUTFILES/data_299670971.root
./INPUTFILES/data_299758941.root
./INPUTFILES/data_299671001.root
./INPUTFILES/data_299671101.root
./INPUTFILES/data_299571641.root
./INPUTFILES/data_299571601.root
./INPUTFILES/data_299710171.root
./INPUTFILES/data_299671941.root
./INPUTFILES/data_299571871.root
./INPUTFILES/data_299670981.root
./INPUTFILES/data_299671091.root
./INPUTFILES/data_299610191.root
./INPUTFILES/data_299670991.root
./INPUTFILES/data_299610181.root
./INPUTFILES/data_299588361.root
++++++++++++++++INPUTFILE Var++++++++++++++++++
FILELIST=/tmp/maxwoo/21EF1A6A9139C9FD2A38E59AFB466F9A_836/INPUTFILES/21EF1A6A9139C9FD2A38E59AFB466F9A_836.local.list
INPUTFILECOUNT=37
INPUTFILE0=/tmp/maxwoo/21EF1A6A9139C9FD2A38E59AFB466F9A_836/INPUTFILES/data_299571601.root
INPUTFILE1=/tmp/maxwoo/21EF1A6A9139C9FD2A38E59AFB466F9A_836/INPUTFILES/data_299571611.root
INPUTFILE2=/tmp/maxwoo/21EF1A6A9139C9FD2A38E59AFB466F9A_836/INPUTFILES/data_299571641.root
INPUTFILE3=/tmp/maxwoo/21EF1A6A9139C9FD2A38E59AFB466F9A_836/INPUTFILES/data_299571651.root
INPUTFILE4=/tmp/maxwoo/21EF1A6A9139C9FD2A38E59AFB466F9A_836/INPUTFILES/data_299571691.root
INPUTFILE5=/tmp/maxwoo/21EF1A6A9139C9FD2A38E59AFB466F9A_836/INPUTFILES/data_299571701.root
INPUTFILE6=/tmp/maxwoo/21EF1A6A9139C9FD2A38E59AFB466F9A_836/INPUTFILES/data_299571711.root
INPUTFILE7=/tmp/maxwoo/21EF1A6A9139C9FD2A38E59AFB466F9A_836/INPUTFILES/data_299571721.root
INPUTFILE8=/tmp/maxwoo/21EF1A6A9139C9FD2A38E59AFB466F9A_836/INPUTFILES/data_299571871.root
INPUTFILE9=/tmp/maxwoo/21EF1A6A9139C9FD2A38E59AFB466F9A_836/INPUTFILES/data_299588361.root
INPUTFILE10=/tmp/maxwoo/21EF1A6A9139C9FD2A38E59AFB466F9A_836/INPUTFILES/data_299588371.root
INPUTFILE11=/tmp/maxwoo/21EF1A6A9139C9FD2A38E59AFB466F9A_836/INPUTFILES/data_299610181.root
INPUTFILE12=/tmp/maxwoo/21EF1A6A9139C9FD2A38E59AFB466F9A_836/INPUTFILES/data_299610191.root
INPUTFILE13=/tmp/maxwoo/21EF1A6A9139C9FD2A38E59AFB466F9A_836/INPUTFILES/data_299658981.root
INPUTFILE14=/tmp/maxwoo/21EF1A6A9139C9FD2A38E59AFB466F9A_836/INPUTFILES/data_299659001.root
INPUTFILE15=/tmp/maxwoo/21EF1A6A9139C9FD2A38E59AFB466F9A_836/INPUTFILES/data_299659101.root
INPUTFILE16=/tmp/maxwoo/21EF1A6A9139C9FD2A38E59AFB466F9A_836/INPUTFILES/data_299670971.root
INPUTFILE17=/tmp/maxwoo/21EF1A6A9139C9FD2A38E59AFB466F9A_836/INPUTFILES/data_299670981.root
INPUTFILE18=/tmp/maxwoo/21EF1A6A9139C9FD2A38E59AFB466F9A_836/INPUTFILES/data_299670991.root
INPUTFILE19=/tmp/maxwoo/21EF1A6A9139C9FD2A38E59AFB466F9A_836/INPUTFILES/data_299671001.root
INPUTFILE20=/tmp/maxwoo/21EF1A6A9139C9FD2A38E59AFB466F9A_836/INPUTFILES/data_299671011.root
INPUTFILE21=/tmp/maxwoo/21EF1A6A9139C9FD2A38E59AFB466F9A_836/INPUTFILES/data_299671021.root
INPUTFILE22=/tmp/maxwoo/21EF1A6A9139C9FD2A38E59AFB466F9A_836/INPUTFILES/data_299671031.root
INPUTFILE23=/tmp/maxwoo/21EF1A6A9139C9FD2A38E59AFB466F9A_836/INPUTFILES/data_299671041.root
INPUTFILE24=/tmp/maxwoo/21EF1A6A9139C9FD2A38E59AFB466F9A_836/INPUTFILES/data_299671091.root
INPUTFILE25=/tmp/maxwoo/21EF1A6A9139C9FD2A38E59AFB466F9A_836/INPUTFILES/data_299671101.root
INPUTFILE26=/tmp/maxwoo/21EF1A6A9139C9FD2A38E59AFB466F9A_836/INPUTFILES/data_299671111.root
INPUTFILE27=/tmp/maxwoo/21EF1A6A9139C9FD2A38E59AFB466F9A_836/INPUTFILES/data_299671121.root
INPUTFILE28=/tmp/maxwoo/21EF1A6A9139C9FD2A38E59AFB466F9A_836/INPUTFILES/data_299671231.root
INPUTFILE29=/tmp/maxwoo/21EF1A6A9139C9FD2A38E59AFB466F9A_836/INPUTFILES/data_299671931.root
INPUTFILE30=/tmp/maxwoo/21EF1A6A9139C9FD2A38E59AFB466F9A_836/INPUTFILES/data_299671941.root
INPUTFILE31=/tmp/maxwoo/21EF1A6A9139C9FD2A38E59AFB466F9A_836/INPUTFILES/data_299710171.root
INPUTFILE32=/tmp/maxwoo/21EF1A6A9139C9FD2A38E59AFB466F9A_836/INPUTFILES/data_299758901.root
INPUTFILE33=/tmp/maxwoo/21EF1A6A9139C9FD2A38E59AFB466F9A_836/INPUTFILES/data_299758911.root
INPUTFILE34=/tmp/maxwoo/21EF1A6A9139C9FD2A38E59AFB466F9A_836/INPUTFILES/data_299758921.root
INPUTFILE35=/tmp/maxwoo/21EF1A6A9139C9FD2A38E59AFB466F9A_836/INPUTFILES/data_299758931.root
INPUTFILE36=/tmp/maxwoo/21EF1A6A9139C9FD2A38E59AFB466F9A_836/INPUTFILES/data_299758941.root
LocalInputFileDir=/tmp/maxwoo/21EF1A6A9139C9FD2A38E59AFB466F9A_836/INPUTFILES
NewFILELIST=/tmp/maxwoo/21EF1A6A9139C9FD2A38E59AFB466F9A_836/INPUTFILES/21EF1A6A9139C9FD2A38E59AFB466F9A_836.local.list
+++++++++++++++++++++++++++++++++++++++++++++++
--------------------------------
Simple Unified Meta Scheduler 1.10.50 we are starting in $SCRATCH : /home/tmp/maxwoo/21EF1A6A9139C9FD2A38E59AFB466F9A_836
--------------------------------
total 16
lrwxrwxrwx 1 maxwoo rhstar   61 Jun  2 11:25 check_S.C -> /gpfs/mnt/gpfs01/star/pwg/xiatong/git/strangeness/./check_S.C
lrwxrwxrwx 1 maxwoo rhstar   65 Jun  2 11:25 Check_Sness.C -> /gpfs/mnt/gpfs01/star/pwg/xiatong/git/strangeness/./Check_Sness.C
drwxr-xr-x 2 maxwoo rhstar 4096 Jun  2 11:28 INPUTFILES
drwxr-xr-x 2 maxwoo rhstar 4096 Jun  2 11:25 lib
  *******************************************
  *                                         *
  *        W E L C O M E  to  R O O T       *
  *                                         *
  *   Version   5.34/38     12 March 2018   *
  *                                         *
  *  You are welcome to visit our Web site  *
  *          http://root.cern.ch            *
  *                                         *
  *******************************************

ROOT 5.34/38 (v5-34-38@v5-34-38, Mar 12 2018, 15:49:39 on linux)

CINT/ROOT C/C++ Interpreter version 5.18.00, July 2, 2010
Type ? for help. Commands must be C++ statements.
Enclose multiple statements between { }.
*** Float Point Exception is OFF ***
 *** Start at Date : Thu Jun  2 11:28:44 2022
QAInfo:You are using STAR_LEVEL : dev, ROOT_LEVEL : 5.34.38 and node : spool0724.sdcc.bnl.gov 

Processing check_S.C++("/tmp/maxwoo/21EF1A6A9139C9FD2A38E59AFB466F9A_836/INPUTFILES/21EF1A6A9139C9FD2A38E59AFB466F9A_836.local.list","21EF1A6A9139C9FD2A38E59AFB466F9A_836",1)...
/tmp/maxwoo/21EF1A6A9139C9FD2A38E59AFB466F9A_836/INPUTFILES/data_299571601.root 
/tmp/maxwoo/21EF1A6A9139C9FD2A38E59AFB466F9A_836/INPUTFILES/data_299571611.root 
/tmp/maxwoo/21EF1A6A9139C9FD2A38E59AFB466F9A_836/INPUTFILES/data_299571641.root 
/tmp/maxwoo/21EF1A6A9139C9FD2A38E59AFB466F9A_836/INPUTFILES/data_299571651.root 
/tmp/maxwoo/21EF1A6A9139C9FD2A38E59AFB466F9A_836/INPUTFILES/data_299571691.root 
/tmp/maxwoo/21EF1A6A9139C9FD2A38E59AFB466F9A_836/INPUTFILES/data_299571701.root 
/tmp/maxwoo/21EF1A6A9139C9FD2A38E59AFB466F9A_836/INPUTFILES/data_299571711.root 
/tmp/maxwoo/21EF1A6A9139C9FD2A38E59AFB466F9A_836/INPUTFILES/data_299571721.root 
/tmp/maxwoo/21EF1A6A9139C9FD2A38E59AFB466F9A_836/INPUTFILES/data_299571871.root 
/tmp/maxwoo/21EF1A6A9139C9FD2A38E59AFB466F9A_836/INPUTFILES/data_299588361.root 
/tmp/maxwoo/21EF1A6A9139C9FD2A38E59AFB466F9A_836/INPUTFILES/data_299588371.root 
/tmp/maxwoo/21EF1A6A9139C9FD2A38E59AFB466F9A_836/INPUTFILES/data_299610181.root 
/tmp/maxwoo/21EF1A6A9139C9FD2A38E59AFB466F9A_836/INPUTFILES/data_299610191.root 
/tmp/maxwoo/21EF1A6A9139C9FD2A38E59AFB466F9A_836/INPUTFILES/data_299658981.root 
/tmp/maxwoo/21EF1A6A9139C9FD2A38E59AFB466F9A_836/INPUTFILES/data_299659001.root 
/tmp/maxwoo/21EF1A6A9139C9FD2A38E59AFB466F9A_836/INPUTFILES/data_299659101.root 
/tmp/maxwoo/21EF1A6A9139C9FD2A38E59AFB466F9A_836/INPUTFILES/data_299670971.root 
/tmp/maxwoo/21EF1A6A9139C9FD2A38E59AFB466F9A_836/INPUTFILES/data_299670981.root 
/tmp/maxwoo/21EF1A6A9139C9FD2A38E59AFB466F9A_836/INPUTFILES/data_299670991.root 
/tmp/maxwoo/21EF1A6A9139C9FD2A38E59AFB466F9A_836/INPUTFILES/data_299671001.root 
/tmp/maxwoo/21EF1A6A9139C9FD2A38E59AFB466F9A_836/INPUTFILES/data_299671011.root 
/tmp/maxwoo/21EF1A6A9139C9FD2A38E59AFB466F9A_836/INPUTFILES/data_299671021.root 
/tmp/maxwoo/21EF1A6A9139C9FD2A38E59AFB466F9A_836/INPUTFILES/data_299671031.root 
/tmp/maxwoo/21EF1A6A9139C9FD2A38E59AFB466F9A_836/INPUTFILES/data_299671041.root 
/tmp/maxwoo/21EF1A6A9139C9FD2A38E59AFB466F9A_836/INPUTFILES/data_299671091.root 
/tmp/maxwoo/21EF1A6A9139C9FD2A38E59AFB466F9A_836/INPUTFILES/data_299671101.root 
/tmp/maxwoo/21EF1A6A9139C9FD2A38E59AFB466F9A_836/INPUTFILES/data_299671111.root 
/tmp/maxwoo/21EF1A6A9139C9FD2A38E59AFB466F9A_836/INPUTFILES/data_299671121.root 
/tmp/maxwoo/21EF1A6A9139C9FD2A38E59AFB466F9A_836/INPUTFILES/data_299671231.root 
/tmp/maxwoo/21EF1A6A9139C9FD2A38E59AFB466F9A_836/INPUTFILES/data_299671931.root 
/tmp/maxwoo/21EF1A6A9139C9FD2A38E59AFB466F9A_836/INPUTFILES/data_299671941.root 
/tmp/maxwoo/21EF1A6A9139C9FD2A38E59AFB466F9A_836/INPUTFILES/data_299710171.root 
/tmp/maxwoo/21EF1A6A9139C9FD2A38E59AFB466F9A_836/INPUTFILES/data_299758901.root 
/tmp/maxwoo/21EF1A6A9139C9FD2A38E59AFB466F9A_836/INPUTFILES/data_299758911.root 
/tmp/maxwoo/21EF1A6A9139C9FD2A38E59AFB466F9A_836/INPUTFILES/data_299758921.root 
/tmp/maxwoo/21EF1A6A9139C9FD2A38E59AFB466F9A_836/INPUTFILES/data_299758931.root 
/tmp/maxwoo/21EF1A6A9139C9FD2A38E59AFB466F9A_836/INPUTFILES/data_299758941.root 
Added 37 files
# entries in chain: 37000
Processing entry == 1000 == out of 37000.
Processing entry == 2000 == out of 37000.
Processing entry == 3000 == out of 37000.
Processing entry == 4000 == out of 37000.
Processing entry == 5000 == out of 37000.
Processing entry == 6000 == out of 37000.
Processing entry == 7000 == out of 37000.
Processing entry == 8000 == out of 37000.
Processing entry == 9000 == out of 37000.
Processing entry == 10000 == out of 37000.
Processing entry == 11000 == out of 37000.
Processing entry == 12000 == out of 37000.
Processing entry == 13000 == out of 37000.
Processing entry == 14000 == out of 37000.
Processing entry == 15000 == out of 37000.
Processing entry == 16000 == out of 37000.
Processing entry == 17000 == out of 37000.
Processing entry == 18000 == out of 37000.
Processing entry == 19000 == out of 37000.
Processing entry == 20000 == out of 37000.
Processing entry == 21000 == out of 37000.
Processing entry == 22000 == out of 37000.
Processing entry == 23000 == out of 37000.
Processing entry == 24000 == out of 37000.
Processing entry == 25000 == out of 37000.
Processing entry == 26000 == out of 37000.
Processing entry == 27000 == out of 37000.
Processing entry == 28000 == out of 37000.
Processing entry == 29000 == out of 37000.
Processing entry == 30000 == out of 37000.
Processing entry == 31000 == out of 37000.
Processing entry == 32000 == out of 37000.
Processing entry == 33000 == out of 37000.
Processing entry == 34000 == out of 37000.
Processing entry == 35000 == out of 37000.
Processing entry == 36000 == out of 37000.
Processing entry == 37000 == out of 37000.

This is the end of ROOT -- Goodbye

Cleaning up sandbox file:  /tmp/maxwoo/21EF1A6A9139C9FD2A38E59AFB466F9A_836/check_S.C
Cleaning up sandbox file:  /tmp/maxwoo/21EF1A6A9139C9FD2A38E59AFB466F9A_836/Check_Sness.C
Cleaning up sandbox file:  /tmp/maxwoo/21EF1A6A9139C9FD2A38E59AFB466F9A_836/lib
Cleaning up sandbox file:  /tmp/maxwoo/21EF1A6A9139C9FD2A38E59AFB466F9A_836/.sandboxFiles
Starting copy block
Running copy command:  /bin/cp -fp /tmp/maxwoo/21EF1A6A9139C9FD2A38E59AFB466F9A_836/out_21EF1A6A9139C9FD2A38E59AFB466F9A_836.root /star/data01/pwg/xiatong/git/strangeness/data/
48805 Execution of (/star/data01/pwg/xiatong/git/strangeness/script/sched21EF1A6A9139C9FD2A38E59AFB466F9A_836.csh ) has ended, exiting normally
48805 We END on [Thu Jun  2 11:47:35 EDT 2022]
