We are starting on node: spool0222.sdcc.bnl.gov
HOME is not defined
Using getent method
HOME is now /star/u/maxwoo
11273 We will spawn ourselves (/star/data01/pwg/xiatong/git/strangeness/script/sched21EF1A6A9139C9FD2A38E59AFB466F9A_808.csh )
11273 We BEGIN on [Thu Jun  2 11:25:47 EDT 2022]
[1] 11513
11273 We are waiting for 11513 
11273 Grandchild PID is 11694 - found in 10 x 1 seconds
11273 Establishing first watcher   on    Thu Jun  2 11:25:58 EDT 2022
11273 Process tree is 11273 (main) -> 11513 (child) -> 11694 (grandchild)
F S   UID   PID  PPID  C PRI  NI ADDR SZ WCHAN  TTY        TIME CMD
0 D 100667 11694 11513  0 80   0 - 32311 cxiWai ?          0:00 cp /star/data01/pwg/xiatong/AMPT/14GeV/data_295377901.root /tmp/maxwoo/21EF1A6A9139C9FD2A38E59AFB466F9A_808/INPUTFILES/data_295377901.root
11273 Grandchild PID is 13014 - found in 20 x 2 seconds
11273 Grandchild to watch has changed on Thu Jun  2 11:26:19 EDT 2022
11273 Process tree is 11273 (main) -> 11513 (child) -> 13014 (grandchild)
F S   UID   PID  PPID  C PRI  NI ADDR SZ WCHAN  TTY        TIME CMD
0 D 100667 13014 11513  0 80   0 - 32311 cxiWai ?          0:00 cp /star/data01/pwg/xiatong/AMPT/14GeV/data_295460961.root /tmp/maxwoo/21EF1A6A9139C9FD2A38E59AFB466F9A_808/INPUTFILES/data_295460961.root
11273 Grandchild PID is 13600 - found in 30 x 2 seconds
11273 Grandchild to watch has changed on Thu Jun  2 11:26:40 EDT 2022
11273 Process tree is 11273 (main) -> 11513 (child) -> 13600 (grandchild)
F S   UID   PID  PPID  C PRI  NI ADDR SZ WCHAN  TTY        TIME CMD
0 D 100667 13600 11513  0 80   0 - 32311 cxiWai ?          0:00 cp /star/data01/pwg/xiatong/AMPT/14GeV/data_295477611.root /tmp/maxwoo/21EF1A6A9139C9FD2A38E59AFB466F9A_808/INPUTFILES/data_295477611.root
11273 Grandchild PID is 15290 - found in 50 x 2 seconds
11273 Grandchild to watch has changed on Thu Jun  2 11:27:22 EDT 2022
11273 Process tree is 11273 (main) -> 11513 (child) -> 15290 (grandchild)
F S   UID   PID  PPID  C PRI  NI ADDR SZ WCHAN  TTY        TIME CMD
0 D 100667 15290 11513  0 80   0 - 32311 cxiWai ?          0:00 cp /star/data01/pwg/xiatong/AMPT/14GeV/data_295477741.root /tmp/maxwoo/21EF1A6A9139C9FD2A38E59AFB466F9A_808/INPUTFILES/data_295477741.root
11273 Grandchild PID is 16150 - found in 60 x 2 seconds
11273 Grandchild to watch has changed on Thu Jun  2 11:27:43 EDT 2022
11273 Process tree is 11273 (main) -> 11513 (child) -> 16150 (grandchild)
F S   UID   PID  PPID  C PRI  NI ADDR SZ WCHAN  TTY        TIME CMD
0 D 100667 16150 11513  0 80   0 - 32311 cxiWai ?          0:00 cp /star/data01/pwg/xiatong/AMPT/14GeV/data_295477971.root /tmp/maxwoo/21EF1A6A9139C9FD2A38E59AFB466F9A_808/INPUTFILES/data_295477971.root
11273 Grandchild PID is 16912 - found in 70 x 2 seconds
11273 Grandchild to watch has changed on Thu Jun  2 11:28:04 EDT 2022
11273 Process tree is 11273 (main) -> 11513 (child) -> 16912 (grandchild)
F S   UID   PID  PPID  C PRI  NI ADDR SZ WCHAN  TTY        TIME CMD
0 D 100667 16912 11513  0 80   0 - 32311 cxiWai ?          0:00 cp /star/data01/pwg/xiatong/AMPT/14GeV/data_295478111.root /tmp/maxwoo/21EF1A6A9139C9FD2A38E59AFB466F9A_808/INPUTFILES/data_295478111.root
11273 Grandchild PID is 18800 - found in 90 x 2 seconds
11273 Grandchild to watch has changed on Thu Jun  2 11:28:45 EDT 2022
11273 Process tree is 11273 (main) -> 11513 (child) -> 18800 (grandchild)
F S   UID   PID  PPID  C PRI  NI ADDR SZ WCHAN  TTY        TIME CMD
0 D 100667 18800 11513  0 80   0 - 32311 cxiWai ?          0:00 cp /star/data01/pwg/xiatong/AMPT/14GeV/data_295478151.root /tmp/maxwoo/21EF1A6A9139C9FD2A38E59AFB466F9A_808/INPUTFILES/data_295478151.root
11273 Grandchild PID is 21348 - found in 110 x 2 seconds
11273 Grandchild to watch has changed on Thu Jun  2 11:29:27 EDT 2022
11273 Process tree is 11273 (main) -> 11513 (child) -> 21348 (grandchild)
F S   UID   PID  PPID  C PRI  NI ADDR SZ WCHAN  TTY        TIME CMD
0 D 100667 21348 11513  0 80   0 - 32311 cxiWai ?          0:00 cp /star/data01/pwg/xiatong/AMPT/14GeV/data_295478171.root /tmp/maxwoo/21EF1A6A9139C9FD2A38E59AFB466F9A_808/INPUTFILES/data_295478171.root
11273 Grandchild PID is 22366 - found in 120 x 2 seconds
11273 Grandchild to watch has changed on Thu Jun  2 11:29:49 EDT 2022
11273 Process tree is 11273 (main) -> 11513 (child) -> 22366 (grandchild)
F S   UID   PID  PPID  C PRI  NI ADDR SZ WCHAN  TTY        TIME CMD
0 S 100667 22366 11513  0 80   0 -  1272 do_wai ?          0:00 root -b -q check_S.C++("/tmp/maxwoo/21EF1A6A9139C9FD2A38E59AFB466F9A_808/INPUTFILES/21EF1A6A9139C9FD2A38E59AFB466F9A_808.local.list","21EF1A6A9139C9FD2A38E59AFB466F9A_808",1)
11513 Stepping into the main SUMS wrapper program with []
.... building sandbox
Running: cp /star/data01/pwg/xiatong/AMPT/14GeV/data_295377901.root /tmp/maxwoo/21EF1A6A9139C9FD2A38E59AFB466F9A_808/INPUTFILES/data_295377901.root
Running: cp /star/data01/pwg/xiatong/AMPT/14GeV/data_295377911.root /tmp/maxwoo/21EF1A6A9139C9FD2A38E59AFB466F9A_808/INPUTFILES/data_295377911.root
Running: cp /star/data01/pwg/xiatong/AMPT/14GeV/data_295378001.root /tmp/maxwoo/21EF1A6A9139C9FD2A38E59AFB466F9A_808/INPUTFILES/data_295378001.root
Running: cp /star/data01/pwg/xiatong/AMPT/14GeV/data_295378011.root /tmp/maxwoo/21EF1A6A9139C9FD2A38E59AFB466F9A_808/INPUTFILES/data_295378011.root
Running: cp /star/data01/pwg/xiatong/AMPT/14GeV/data_295378201.root /tmp/maxwoo/21EF1A6A9139C9FD2A38E59AFB466F9A_808/INPUTFILES/data_295378201.root
Running: cp /star/data01/pwg/xiatong/AMPT/14GeV/data_295378211.root /tmp/maxwoo/21EF1A6A9139C9FD2A38E59AFB466F9A_808/INPUTFILES/data_295378211.root
Running: cp /star/data01/pwg/xiatong/AMPT/14GeV/data_295378221.root /tmp/maxwoo/21EF1A6A9139C9FD2A38E59AFB466F9A_808/INPUTFILES/data_295378221.root
Running: cp /star/data01/pwg/xiatong/AMPT/14GeV/data_295378231.root /tmp/maxwoo/21EF1A6A9139C9FD2A38E59AFB466F9A_808/INPUTFILES/data_295378231.root
Running: cp /star/data01/pwg/xiatong/AMPT/14GeV/data_295378251.root /tmp/maxwoo/21EF1A6A9139C9FD2A38E59AFB466F9A_808/INPUTFILES/data_295378251.root
Running: cp /star/data01/pwg/xiatong/AMPT/14GeV/data_295378261.root /tmp/maxwoo/21EF1A6A9139C9FD2A38E59AFB466F9A_808/INPUTFILES/data_295378261.root
Running: cp /star/data01/pwg/xiatong/AMPT/14GeV/data_295378281.root /tmp/maxwoo/21EF1A6A9139C9FD2A38E59AFB466F9A_808/INPUTFILES/data_295378281.root
Running: cp /star/data01/pwg/xiatong/AMPT/14GeV/data_295378291.root /tmp/maxwoo/21EF1A6A9139C9FD2A38E59AFB466F9A_808/INPUTFILES/data_295378291.root
Running: cp /star/data01/pwg/xiatong/AMPT/14GeV/data_295378491.root /tmp/maxwoo/21EF1A6A9139C9FD2A38E59AFB466F9A_808/INPUTFILES/data_295378491.root
Running: cp /star/data01/pwg/xiatong/AMPT/14GeV/data_295460941.root /tmp/maxwoo/21EF1A6A9139C9FD2A38E59AFB466F9A_808/INPUTFILES/data_295460941.root
Running: cp /star/data01/pwg/xiatong/AMPT/14GeV/data_295460961.root /tmp/maxwoo/21EF1A6A9139C9FD2A38E59AFB466F9A_808/INPUTFILES/data_295460961.root
Running: cp /star/data01/pwg/xiatong/AMPT/14GeV/data_295477611.root /tmp/maxwoo/21EF1A6A9139C9FD2A38E59AFB466F9A_808/INPUTFILES/data_295477611.root
Running: cp /star/data01/pwg/xiatong/AMPT/14GeV/data_295477631.root /tmp/maxwoo/21EF1A6A9139C9FD2A38E59AFB466F9A_808/INPUTFILES/data_295477631.root
Running: cp /star/data01/pwg/xiatong/AMPT/14GeV/data_295477641.root /tmp/maxwoo/21EF1A6A9139C9FD2A38E59AFB466F9A_808/INPUTFILES/data_295477641.root
Running: cp /star/data01/pwg/xiatong/AMPT/14GeV/data_295477651.root /tmp/maxwoo/21EF1A6A9139C9FD2A38E59AFB466F9A_808/INPUTFILES/data_295477651.root
Running: cp /star/data01/pwg/xiatong/AMPT/14GeV/data_295477681.root /tmp/maxwoo/21EF1A6A9139C9FD2A38E59AFB466F9A_808/INPUTFILES/data_295477681.root
Running: cp /star/data01/pwg/xiatong/AMPT/14GeV/data_295477691.root /tmp/maxwoo/21EF1A6A9139C9FD2A38E59AFB466F9A_808/INPUTFILES/data_295477691.root
Running: cp /star/data01/pwg/xiatong/AMPT/14GeV/data_295477741.root /tmp/maxwoo/21EF1A6A9139C9FD2A38E59AFB466F9A_808/INPUTFILES/data_295477741.root
Running: cp /star/data01/pwg/xiatong/AMPT/14GeV/data_295477781.root /tmp/maxwoo/21EF1A6A9139C9FD2A38E59AFB466F9A_808/INPUTFILES/data_295477781.root
Running: cp /star/data01/pwg/xiatong/AMPT/14GeV/data_295477841.root /tmp/maxwoo/21EF1A6A9139C9FD2A38E59AFB466F9A_808/INPUTFILES/data_295477841.root
Running: cp /star/data01/pwg/xiatong/AMPT/14GeV/data_295477861.root /tmp/maxwoo/21EF1A6A9139C9FD2A38E59AFB466F9A_808/INPUTFILES/data_295477861.root
Running: cp /star/data01/pwg/xiatong/AMPT/14GeV/data_295477871.root /tmp/maxwoo/21EF1A6A9139C9FD2A38E59AFB466F9A_808/INPUTFILES/data_295477871.root
Running: cp /star/data01/pwg/xiatong/AMPT/14GeV/data_295477881.root /tmp/maxwoo/21EF1A6A9139C9FD2A38E59AFB466F9A_808/INPUTFILES/data_295477881.root
Running: cp /star/data01/pwg/xiatong/AMPT/14GeV/data_295477891.root /tmp/maxwoo/21EF1A6A9139C9FD2A38E59AFB466F9A_808/INPUTFILES/data_295477891.root
Running: cp /star/data01/pwg/xiatong/AMPT/14GeV/data_295477931.root /tmp/maxwoo/21EF1A6A9139C9FD2A38E59AFB466F9A_808/INPUTFILES/data_295477931.root
Running: cp /star/data01/pwg/xiatong/AMPT/14GeV/data_295477971.root /tmp/maxwoo/21EF1A6A9139C9FD2A38E59AFB466F9A_808/INPUTFILES/data_295477971.root
Running: cp /star/data01/pwg/xiatong/AMPT/14GeV/data_295478101.root /tmp/maxwoo/21EF1A6A9139C9FD2A38E59AFB466F9A_808/INPUTFILES/data_295478101.root
Running: cp /star/data01/pwg/xiatong/AMPT/14GeV/data_295478111.root /tmp/maxwoo/21EF1A6A9139C9FD2A38E59AFB466F9A_808/INPUTFILES/data_295478111.root
Running: cp /star/data01/pwg/xiatong/AMPT/14GeV/data_295478131.root /tmp/maxwoo/21EF1A6A9139C9FD2A38E59AFB466F9A_808/INPUTFILES/data_295478131.root
Running: cp /star/data01/pwg/xiatong/AMPT/14GeV/data_295478141.root /tmp/maxwoo/21EF1A6A9139C9FD2A38E59AFB466F9A_808/INPUTFILES/data_295478141.root
Running: cp /star/data01/pwg/xiatong/AMPT/14GeV/data_295478151.root /tmp/maxwoo/21EF1A6A9139C9FD2A38E59AFB466F9A_808/INPUTFILES/data_295478151.root
Running: cp /star/data01/pwg/xiatong/AMPT/14GeV/data_295478161.root /tmp/maxwoo/21EF1A6A9139C9FD2A38E59AFB466F9A_808/INPUTFILES/data_295478161.root
Running: cp /star/data01/pwg/xiatong/AMPT/14GeV/data_295478171.root /tmp/maxwoo/21EF1A6A9139C9FD2A38E59AFB466F9A_808/INPUTFILES/data_295478171.root
Swapping $FILELIST with: /tmp/maxwoo/21EF1A6A9139C9FD2A38E59AFB466F9A_808/INPUTFILES/21EF1A6A9139C9FD2A38E59AFB466F9A_808.local.list
+++++++++++local copy debug++++++++++++++++++++
newFileList: /tmp/maxwoo/21EF1A6A9139C9FD2A38E59AFB466F9A_808/INPUTFILES/21EF1A6A9139C9FD2A38E59AFB466F9A_808.local.list
++++++++++++++++cat FILELIST+++++++++++++++++++
/tmp/maxwoo/21EF1A6A9139C9FD2A38E59AFB466F9A_808/INPUTFILES/data_295377901.root 
/tmp/maxwoo/21EF1A6A9139C9FD2A38E59AFB466F9A_808/INPUTFILES/data_295377911.root 
/tmp/maxwoo/21EF1A6A9139C9FD2A38E59AFB466F9A_808/INPUTFILES/data_295378001.root 
/tmp/maxwoo/21EF1A6A9139C9FD2A38E59AFB466F9A_808/INPUTFILES/data_295378011.root 
/tmp/maxwoo/21EF1A6A9139C9FD2A38E59AFB466F9A_808/INPUTFILES/data_295378201.root 
/tmp/maxwoo/21EF1A6A9139C9FD2A38E59AFB466F9A_808/INPUTFILES/data_295378211.root 
/tmp/maxwoo/21EF1A6A9139C9FD2A38E59AFB466F9A_808/INPUTFILES/data_295378221.root 
/tmp/maxwoo/21EF1A6A9139C9FD2A38E59AFB466F9A_808/INPUTFILES/data_295378231.root 
/tmp/maxwoo/21EF1A6A9139C9FD2A38E59AFB466F9A_808/INPUTFILES/data_295378251.root 
/tmp/maxwoo/21EF1A6A9139C9FD2A38E59AFB466F9A_808/INPUTFILES/data_295378261.root 
/tmp/maxwoo/21EF1A6A9139C9FD2A38E59AFB466F9A_808/INPUTFILES/data_295378281.root 
/tmp/maxwoo/21EF1A6A9139C9FD2A38E59AFB466F9A_808/INPUTFILES/data_295378291.root 
/tmp/maxwoo/21EF1A6A9139C9FD2A38E59AFB466F9A_808/INPUTFILES/data_295378491.root 
/tmp/maxwoo/21EF1A6A9139C9FD2A38E59AFB466F9A_808/INPUTFILES/data_295460941.root 
/tmp/maxwoo/21EF1A6A9139C9FD2A38E59AFB466F9A_808/INPUTFILES/data_295460961.root 
/tmp/maxwoo/21EF1A6A9139C9FD2A38E59AFB466F9A_808/INPUTFILES/data_295477611.root 
/tmp/maxwoo/21EF1A6A9139C9FD2A38E59AFB466F9A_808/INPUTFILES/data_295477631.root 
/tmp/maxwoo/21EF1A6A9139C9FD2A38E59AFB466F9A_808/INPUTFILES/data_295477641.root 
/tmp/maxwoo/21EF1A6A9139C9FD2A38E59AFB466F9A_808/INPUTFILES/data_295477651.root 
/tmp/maxwoo/21EF1A6A9139C9FD2A38E59AFB466F9A_808/INPUTFILES/data_295477681.root 
/tmp/maxwoo/21EF1A6A9139C9FD2A38E59AFB466F9A_808/INPUTFILES/data_295477691.root 
/tmp/maxwoo/21EF1A6A9139C9FD2A38E59AFB466F9A_808/INPUTFILES/data_295477741.root 
/tmp/maxwoo/21EF1A6A9139C9FD2A38E59AFB466F9A_808/INPUTFILES/data_295477781.root 
/tmp/maxwoo/21EF1A6A9139C9FD2A38E59AFB466F9A_808/INPUTFILES/data_295477841.root 
/tmp/maxwoo/21EF1A6A9139C9FD2A38E59AFB466F9A_808/INPUTFILES/data_295477861.root 
/tmp/maxwoo/21EF1A6A9139C9FD2A38E59AFB466F9A_808/INPUTFILES/data_295477871.root 
/tmp/maxwoo/21EF1A6A9139C9FD2A38E59AFB466F9A_808/INPUTFILES/data_295477881.root 
/tmp/maxwoo/21EF1A6A9139C9FD2A38E59AFB466F9A_808/INPUTFILES/data_295477891.root 
/tmp/maxwoo/21EF1A6A9139C9FD2A38E59AFB466F9A_808/INPUTFILES/data_295477931.root 
/tmp/maxwoo/21EF1A6A9139C9FD2A38E59AFB466F9A_808/INPUTFILES/data_295477971.root 
/tmp/maxwoo/21EF1A6A9139C9FD2A38E59AFB466F9A_808/INPUTFILES/data_295478101.root 
/tmp/maxwoo/21EF1A6A9139C9FD2A38E59AFB466F9A_808/INPUTFILES/data_295478111.root 
/tmp/maxwoo/21EF1A6A9139C9FD2A38E59AFB466F9A_808/INPUTFILES/data_295478131.root 
/tmp/maxwoo/21EF1A6A9139C9FD2A38E59AFB466F9A_808/INPUTFILES/data_295478141.root 
/tmp/maxwoo/21EF1A6A9139C9FD2A38E59AFB466F9A_808/INPUTFILES/data_295478151.root 
/tmp/maxwoo/21EF1A6A9139C9FD2A38E59AFB466F9A_808/INPUTFILES/data_295478161.root 
/tmp/maxwoo/21EF1A6A9139C9FD2A38E59AFB466F9A_808/INPUTFILES/data_295478171.root 
++++++++++++++++++++find.++++++++++++++++++++++
.
./.output.log
./lib
./lib/my_particle.cpp
./lib/my_event_cpp.so
./lib/NpartNormalizer.h
./lib/my_event_cpp.d
./lib/my_event.h
./lib/NpartNormalizer_cpp.so
./lib/CenMaker_cpp.d
./lib/NpartNormalizer.cpp
./lib/NpartNormalizer_cpp.d
./lib/CenMaker_cpp_ACLiC_dict_rdict.pcm
./lib/my_event_cpp_ACLiC_dict_rdict.pcm
./lib/CenMaker_cpp.so
./lib/MixedBuffer.cpp
./lib/CenMaker.h
./lib/my_particle_cpp.so
./lib/my_event.cpp
./lib/my_particle_cpp.d
./lib/MixedBuffer_cpp.so
./lib/my_particle_cpp_ACLiC_dict_rdict.pcm
./lib/MixedBuffer_cpp_ACLiC_dict_rdict.pcm
./lib/MixedBuffer_cpp.d
./lib/MixedBuffer.h
./lib/NpartNormalizer_cpp_ACLiC_dict_rdict.pcm
./lib/my_particle.h
./lib/CenMaker.cpp
./check_S.C
./Check_Sness.C
./.sandboxFiles
./.errror.log
./INPUTFILES
./INPUTFILES/data_295378211.root
./INPUTFILES/data_295378231.root
./INPUTFILES/data_295477971.root
./INPUTFILES/data_295478151.root
./INPUTFILES/data_295478141.root
./INPUTFILES/data_295378011.root
./INPUTFILES/data_295378001.root
./INPUTFILES/data_295477641.root
./INPUTFILES/data_295460961.root
./INPUTFILES/data_295478131.root
./INPUTFILES/data_295477681.root
./INPUTFILES/data_295477891.root
./INPUTFILES/data_295378251.root
./INPUTFILES/data_295477881.root
./INPUTFILES/data_295477631.root
./INPUTFILES/data_295378291.root
./INPUTFILES/data_295477781.root
./INPUTFILES/data_295478161.root
./INPUTFILES/data_295477931.root
./INPUTFILES/data_295477741.root
./INPUTFILES/data_295478111.root
./INPUTFILES/data_295378221.root
./INPUTFILES/data_295477611.root
./INPUTFILES/data_295478171.root
./INPUTFILES/data_295477861.root
./INPUTFILES/data_295477691.root
./INPUTFILES/data_295378201.root
./INPUTFILES/data_295460941.root
./INPUTFILES/data_295378261.root
./INPUTFILES/data_295377901.root
./INPUTFILES/data_295378281.root
./INPUTFILES/data_295478101.root
./INPUTFILES/21EF1A6A9139C9FD2A38E59AFB466F9A_808.local.list
./INPUTFILES/data_295477871.root
./INPUTFILES/data_295378491.root
./INPUTFILES/data_295477841.root
./INPUTFILES/data_295477651.root
./INPUTFILES/data_295377911.root
++++++++++++++++INPUTFILE Var++++++++++++++++++
FILELIST=/tmp/maxwoo/21EF1A6A9139C9FD2A38E59AFB466F9A_808/INPUTFILES/21EF1A6A9139C9FD2A38E59AFB466F9A_808.local.list
INPUTFILECOUNT=37
INPUTFILE0=/tmp/maxwoo/21EF1A6A9139C9FD2A38E59AFB466F9A_808/INPUTFILES/data_295377901.root
INPUTFILE1=/tmp/maxwoo/21EF1A6A9139C9FD2A38E59AFB466F9A_808/INPUTFILES/data_295377911.root
INPUTFILE2=/tmp/maxwoo/21EF1A6A9139C9FD2A38E59AFB466F9A_808/INPUTFILES/data_295378001.root
INPUTFILE3=/tmp/maxwoo/21EF1A6A9139C9FD2A38E59AFB466F9A_808/INPUTFILES/data_295378011.root
INPUTFILE4=/tmp/maxwoo/21EF1A6A9139C9FD2A38E59AFB466F9A_808/INPUTFILES/data_295378201.root
INPUTFILE5=/tmp/maxwoo/21EF1A6A9139C9FD2A38E59AFB466F9A_808/INPUTFILES/data_295378211.root
INPUTFILE6=/tmp/maxwoo/21EF1A6A9139C9FD2A38E59AFB466F9A_808/INPUTFILES/data_295378221.root
INPUTFILE7=/tmp/maxwoo/21EF1A6A9139C9FD2A38E59AFB466F9A_808/INPUTFILES/data_295378231.root
INPUTFILE8=/tmp/maxwoo/21EF1A6A9139C9FD2A38E59AFB466F9A_808/INPUTFILES/data_295378251.root
INPUTFILE9=/tmp/maxwoo/21EF1A6A9139C9FD2A38E59AFB466F9A_808/INPUTFILES/data_295378261.root
INPUTFILE10=/tmp/maxwoo/21EF1A6A9139C9FD2A38E59AFB466F9A_808/INPUTFILES/data_295378281.root
INPUTFILE11=/tmp/maxwoo/21EF1A6A9139C9FD2A38E59AFB466F9A_808/INPUTFILES/data_295378291.root
INPUTFILE12=/tmp/maxwoo/21EF1A6A9139C9FD2A38E59AFB466F9A_808/INPUTFILES/data_295378491.root
INPUTFILE13=/tmp/maxwoo/21EF1A6A9139C9FD2A38E59AFB466F9A_808/INPUTFILES/data_295460941.root
INPUTFILE14=/tmp/maxwoo/21EF1A6A9139C9FD2A38E59AFB466F9A_808/INPUTFILES/data_295460961.root
INPUTFILE15=/tmp/maxwoo/21EF1A6A9139C9FD2A38E59AFB466F9A_808/INPUTFILES/data_295477611.root
INPUTFILE16=/tmp/maxwoo/21EF1A6A9139C9FD2A38E59AFB466F9A_808/INPUTFILES/data_295477631.root
INPUTFILE17=/tmp/maxwoo/21EF1A6A9139C9FD2A38E59AFB466F9A_808/INPUTFILES/data_295477641.root
INPUTFILE18=/tmp/maxwoo/21EF1A6A9139C9FD2A38E59AFB466F9A_808/INPUTFILES/data_295477651.root
INPUTFILE19=/tmp/maxwoo/21EF1A6A9139C9FD2A38E59AFB466F9A_808/INPUTFILES/data_295477681.root
INPUTFILE20=/tmp/maxwoo/21EF1A6A9139C9FD2A38E59AFB466F9A_808/INPUTFILES/data_295477691.root
INPUTFILE21=/tmp/maxwoo/21EF1A6A9139C9FD2A38E59AFB466F9A_808/INPUTFILES/data_295477741.root
INPUTFILE22=/tmp/maxwoo/21EF1A6A9139C9FD2A38E59AFB466F9A_808/INPUTFILES/data_295477781.root
INPUTFILE23=/tmp/maxwoo/21EF1A6A9139C9FD2A38E59AFB466F9A_808/INPUTFILES/data_295477841.root
INPUTFILE24=/tmp/maxwoo/21EF1A6A9139C9FD2A38E59AFB466F9A_808/INPUTFILES/data_295477861.root
INPUTFILE25=/tmp/maxwoo/21EF1A6A9139C9FD2A38E59AFB466F9A_808/INPUTFILES/data_295477871.root
INPUTFILE26=/tmp/maxwoo/21EF1A6A9139C9FD2A38E59AFB466F9A_808/INPUTFILES/data_295477881.root
INPUTFILE27=/tmp/maxwoo/21EF1A6A9139C9FD2A38E59AFB466F9A_808/INPUTFILES/data_295477891.root
INPUTFILE28=/tmp/maxwoo/21EF1A6A9139C9FD2A38E59AFB466F9A_808/INPUTFILES/data_295477931.root
INPUTFILE29=/tmp/maxwoo/21EF1A6A9139C9FD2A38E59AFB466F9A_808/INPUTFILES/data_295477971.root
INPUTFILE30=/tmp/maxwoo/21EF1A6A9139C9FD2A38E59AFB466F9A_808/INPUTFILES/data_295478101.root
INPUTFILE31=/tmp/maxwoo/21EF1A6A9139C9FD2A38E59AFB466F9A_808/INPUTFILES/data_295478111.root
INPUTFILE32=/tmp/maxwoo/21EF1A6A9139C9FD2A38E59AFB466F9A_808/INPUTFILES/data_295478131.root
INPUTFILE33=/tmp/maxwoo/21EF1A6A9139C9FD2A38E59AFB466F9A_808/INPUTFILES/data_295478141.root
INPUTFILE34=/tmp/maxwoo/21EF1A6A9139C9FD2A38E59AFB466F9A_808/INPUTFILES/data_295478151.root
INPUTFILE35=/tmp/maxwoo/21EF1A6A9139C9FD2A38E59AFB466F9A_808/INPUTFILES/data_295478161.root
INPUTFILE36=/tmp/maxwoo/21EF1A6A9139C9FD2A38E59AFB466F9A_808/INPUTFILES/data_295478171.root
LocalInputFileDir=/tmp/maxwoo/21EF1A6A9139C9FD2A38E59AFB466F9A_808/INPUTFILES
NewFILELIST=/tmp/maxwoo/21EF1A6A9139C9FD2A38E59AFB466F9A_808/INPUTFILES/21EF1A6A9139C9FD2A38E59AFB466F9A_808.local.list
+++++++++++++++++++++++++++++++++++++++++++++++
--------------------------------
Simple Unified Meta Scheduler 1.10.50 we are starting in $SCRATCH : /home/tmp/maxwoo/21EF1A6A9139C9FD2A38E59AFB466F9A_808
--------------------------------
total 16
lrwxrwxrwx 1 maxwoo rhstar   61 Jun  2 11:25 check_S.C -> /gpfs/mnt/gpfs01/star/pwg/xiatong/git/strangeness/./check_S.C
lrwxrwxrwx 1 maxwoo rhstar   65 Jun  2 11:25 Check_Sness.C -> /gpfs/mnt/gpfs01/star/pwg/xiatong/git/strangeness/./Check_Sness.C
drwxr-xr-x 2 maxwoo rhstar 4096 Jun  2 11:29 INPUTFILES
drwxr-xr-x 2 maxwoo rhstar 4096 Jun  2 11:25 lib
  *******************************************
  *                                         *
  *        W E L C O M E  to  R O O T       *
  *                                         *
  *   Version   5.34/38     12 March 2018   *
  *                                         *
  *  You are welcome to visit our Web site  *
  *          http://root.cern.ch            *
  *                                         *
  *******************************************

ROOT 5.34/38 (v5-34-38@v5-34-38, Mar 12 2018, 15:49:39 on linux)

CINT/ROOT C/C++ Interpreter version 5.18.00, July 2, 2010
Type ? for help. Commands must be C++ statements.
Enclose multiple statements between { }.
*** Float Point Exception is OFF ***
 *** Start at Date : Thu Jun  2 11:29:33 2022
QAInfo:You are using STAR_LEVEL : dev, ROOT_LEVEL : 5.34.38 and node : spool0222.sdcc.bnl.gov 

Processing check_S.C++("/tmp/maxwoo/21EF1A6A9139C9FD2A38E59AFB466F9A_808/INPUTFILES/21EF1A6A9139C9FD2A38E59AFB466F9A_808.local.list","21EF1A6A9139C9FD2A38E59AFB466F9A_808",1)...
/tmp/maxwoo/21EF1A6A9139C9FD2A38E59AFB466F9A_808/INPUTFILES/data_295377901.root 
/tmp/maxwoo/21EF1A6A9139C9FD2A38E59AFB466F9A_808/INPUTFILES/data_295377911.root 
/tmp/maxwoo/21EF1A6A9139C9FD2A38E59AFB466F9A_808/INPUTFILES/data_295378001.root 
/tmp/maxwoo/21EF1A6A9139C9FD2A38E59AFB466F9A_808/INPUTFILES/data_295378011.root 
/tmp/maxwoo/21EF1A6A9139C9FD2A38E59AFB466F9A_808/INPUTFILES/data_295378201.root 
/tmp/maxwoo/21EF1A6A9139C9FD2A38E59AFB466F9A_808/INPUTFILES/data_295378211.root 
/tmp/maxwoo/21EF1A6A9139C9FD2A38E59AFB466F9A_808/INPUTFILES/data_295378221.root 
/tmp/maxwoo/21EF1A6A9139C9FD2A38E59AFB466F9A_808/INPUTFILES/data_295378231.root 
/tmp/maxwoo/21EF1A6A9139C9FD2A38E59AFB466F9A_808/INPUTFILES/data_295378251.root 
/tmp/maxwoo/21EF1A6A9139C9FD2A38E59AFB466F9A_808/INPUTFILES/data_295378261.root 
/tmp/maxwoo/21EF1A6A9139C9FD2A38E59AFB466F9A_808/INPUTFILES/data_295378281.root 
/tmp/maxwoo/21EF1A6A9139C9FD2A38E59AFB466F9A_808/INPUTFILES/data_295378291.root 
/tmp/maxwoo/21EF1A6A9139C9FD2A38E59AFB466F9A_808/INPUTFILES/data_295378491.root 
/tmp/maxwoo/21EF1A6A9139C9FD2A38E59AFB466F9A_808/INPUTFILES/data_295460941.root 
/tmp/maxwoo/21EF1A6A9139C9FD2A38E59AFB466F9A_808/INPUTFILES/data_295460961.root 
/tmp/maxwoo/21EF1A6A9139C9FD2A38E59AFB466F9A_808/INPUTFILES/data_295477611.root 
/tmp/maxwoo/21EF1A6A9139C9FD2A38E59AFB466F9A_808/INPUTFILES/data_295477631.root 
/tmp/maxwoo/21EF1A6A9139C9FD2A38E59AFB466F9A_808/INPUTFILES/data_295477641.root 
/tmp/maxwoo/21EF1A6A9139C9FD2A38E59AFB466F9A_808/INPUTFILES/data_295477651.root 
/tmp/maxwoo/21EF1A6A9139C9FD2A38E59AFB466F9A_808/INPUTFILES/data_295477681.root 
/tmp/maxwoo/21EF1A6A9139C9FD2A38E59AFB466F9A_808/INPUTFILES/data_295477691.root 
/tmp/maxwoo/21EF1A6A9139C9FD2A38E59AFB466F9A_808/INPUTFILES/data_295477741.root 
/tmp/maxwoo/21EF1A6A9139C9FD2A38E59AFB466F9A_808/INPUTFILES/data_295477781.root 
/tmp/maxwoo/21EF1A6A9139C9FD2A38E59AFB466F9A_808/INPUTFILES/data_295477841.root 
/tmp/maxwoo/21EF1A6A9139C9FD2A38E59AFB466F9A_808/INPUTFILES/data_295477861.root 
/tmp/maxwoo/21EF1A6A9139C9FD2A38E59AFB466F9A_808/INPUTFILES/data_295477871.root 
/tmp/maxwoo/21EF1A6A9139C9FD2A38E59AFB466F9A_808/INPUTFILES/data_295477881.root 
/tmp/maxwoo/21EF1A6A9139C9FD2A38E59AFB466F9A_808/INPUTFILES/data_295477891.root 
/tmp/maxwoo/21EF1A6A9139C9FD2A38E59AFB466F9A_808/INPUTFILES/data_295477931.root 
/tmp/maxwoo/21EF1A6A9139C9FD2A38E59AFB466F9A_808/INPUTFILES/data_295477971.root 
/tmp/maxwoo/21EF1A6A9139C9FD2A38E59AFB466F9A_808/INPUTFILES/data_295478101.root 
/tmp/maxwoo/21EF1A6A9139C9FD2A38E59AFB466F9A_808/INPUTFILES/data_295478111.root 
/tmp/maxwoo/21EF1A6A9139C9FD2A38E59AFB466F9A_808/INPUTFILES/data_295478131.root 
/tmp/maxwoo/21EF1A6A9139C9FD2A38E59AFB466F9A_808/INPUTFILES/data_295478141.root 
/tmp/maxwoo/21EF1A6A9139C9FD2A38E59AFB466F9A_808/INPUTFILES/data_295478151.root 
/tmp/maxwoo/21EF1A6A9139C9FD2A38E59AFB466F9A_808/INPUTFILES/data_295478161.root 
/tmp/maxwoo/21EF1A6A9139C9FD2A38E59AFB466F9A_808/INPUTFILES/data_295478171.root 
Added 37 files
# entries in chain: 37000
Processing entry == 1000 == out of 37000.
Processing entry == 2000 == out of 37000.
Processing entry == 3000 == out of 37000.
Processing entry == 4000 == out of 37000.
Processing entry == 5000 == out of 37000.
Processing entry == 6000 == out of 37000.
Processing entry == 7000 == out of 37000.
Processing entry == 8000 == out of 37000.
Processing entry == 9000 == out of 37000.
Processing entry == 10000 == out of 37000.
Processing entry == 11000 == out of 37000.
Processing entry == 12000 == out of 37000.
Processing entry == 13000 == out of 37000.
Processing entry == 14000 == out of 37000.
Processing entry == 15000 == out of 37000.
Processing entry == 16000 == out of 37000.
Processing entry == 17000 == out of 37000.
Processing entry == 18000 == out of 37000.
Processing entry == 19000 == out of 37000.
Processing entry == 20000 == out of 37000.
Processing entry == 21000 == out of 37000.
Processing entry == 22000 == out of 37000.
Processing entry == 23000 == out of 37000.
Processing entry == 24000 == out of 37000.
Processing entry == 25000 == out of 37000.
Processing entry == 26000 == out of 37000.
Processing entry == 27000 == out of 37000.
Processing entry == 28000 == out of 37000.
Processing entry == 29000 == out of 37000.
Processing entry == 30000 == out of 37000.
Processing entry == 31000 == out of 37000.
Processing entry == 32000 == out of 37000.
Processing entry == 33000 == out of 37000.
Processing entry == 34000 == out of 37000.
Processing entry == 35000 == out of 37000.
Processing entry == 36000 == out of 37000.
Processing entry == 37000 == out of 37000.

This is the end of ROOT -- Goodbye

Cleaning up sandbox file:  /tmp/maxwoo/21EF1A6A9139C9FD2A38E59AFB466F9A_808/check_S.C
Cleaning up sandbox file:  /tmp/maxwoo/21EF1A6A9139C9FD2A38E59AFB466F9A_808/Check_Sness.C
Cleaning up sandbox file:  /tmp/maxwoo/21EF1A6A9139C9FD2A38E59AFB466F9A_808/lib
Cleaning up sandbox file:  /tmp/maxwoo/21EF1A6A9139C9FD2A38E59AFB466F9A_808/.sandboxFiles
Starting copy block
Running copy command:  /bin/cp -fp /tmp/maxwoo/21EF1A6A9139C9FD2A38E59AFB466F9A_808/out_21EF1A6A9139C9FD2A38E59AFB466F9A_808.root /star/data01/pwg/xiatong/git/strangeness/data/
11273 Execution of (/star/data01/pwg/xiatong/git/strangeness/script/sched21EF1A6A9139C9FD2A38E59AFB466F9A_808.csh ) has ended, exiting normally
11273 We END on [Thu Jun  2 11:53:07 EDT 2022]
