We are starting on node: spar0204.usatlas.bnl.gov
HOME is not defined
Using getent method
HOME is now /star/u/maxwoo
18943 We will spawn ourselves (/star/data01/pwg/xiatong/git/strangeness/script/sched21EF1A6A9139C9FD2A38E59AFB466F9A_2267.csh )
18943 We BEGIN on [Thu Jun  2 10:59:56 EDT 2022]
[1] 19112
18943 We are waiting for 19112 
18943 Grandchild PID is 19320 - found in 10 x 1 seconds
18943 Establishing first watcher   on    Thu Jun  2 11:00:07 EDT 2022
18943 Process tree is 18943 (main) -> 19112 (child) -> 19320 (grandchild)
F S   UID   PID  PPID  C PRI  NI ADDR SZ WCHAN  TTY        TIME CMD
0 D 100667 19320 19112  0 80   0 - 32311 cxiWai ?          0:00 cp /star/data01/pwg/xiatong/AMPT/14GeV/data_1197090621.root /tmp/maxwoo/21EF1A6A9139C9FD2A38E59AFB466F9A_2267/INPUTFILES/data_1197090621.root
18943 Grandchild PID is 19564 - found in 20 x 2 seconds
18943 Grandchild to watch has changed on Thu Jun  2 11:00:27 EDT 2022
18943 Process tree is 18943 (main) -> 19112 (child) -> 19564 (grandchild)
F S   UID   PID  PPID  C PRI  NI ADDR SZ WCHAN  TTY        TIME CMD
0 D 100667 19564 19112  0 80   0 - 32311 cxiWai ?          0:00 cp /star/data01/pwg/xiatong/AMPT/14GeV/data_1197120761.root /tmp/maxwoo/21EF1A6A9139C9FD2A38E59AFB466F9A_2267/INPUTFILES/data_1197120761.root
18943 Grandchild PID is 19801 - found in 30 x 2 seconds
18943 Grandchild to watch has changed on Thu Jun  2 11:00:47 EDT 2022
18943 Process tree is 18943 (main) -> 19112 (child) -> 19801 (grandchild)
F S   UID   PID  PPID  C PRI  NI ADDR SZ WCHAN  TTY        TIME CMD
0 D 100667 19801 19112  0 80   0 - 32311 cxiWai ?          0:00 cp /star/data01/pwg/xiatong/AMPT/14GeV/data_1197120871.root /tmp/maxwoo/21EF1A6A9139C9FD2A38E59AFB466F9A_2267/INPUTFILES/data_1197120871.root
18943 Grandchild PID is 20272 - found in 50 x 2 seconds
18943 Grandchild to watch has changed on Thu Jun  2 11:01:28 EDT 2022
18943 Process tree is 18943 (main) -> 19112 (child) -> 20272 (grandchild)
F S   UID   PID  PPID  C PRI  NI ADDR SZ WCHAN  TTY        TIME CMD
0 D 100667 20272 19112  0 80   0 - 32311 cxiWai ?          0:00 cp /star/data01/pwg/xiatong/AMPT/14GeV/data_1197120961.root /tmp/maxwoo/21EF1A6A9139C9FD2A38E59AFB466F9A_2267/INPUTFILES/data_1197120961.root
18943 Grandchild PID is 20408 - found in 60 x 2 seconds
18943 Grandchild to watch has changed on Thu Jun  2 11:01:48 EDT 2022
18943 Process tree is 18943 (main) -> 19112 (child) -> 20408 (grandchild)
F S   UID   PID  PPID  C PRI  NI ADDR SZ WCHAN  TTY        TIME CMD
0 D 100667 20408 19112  0 80   0 - 32311 cxiWai ?          0:00 cp /star/data01/pwg/xiatong/AMPT/14GeV/data_1197121121.root /tmp/maxwoo/21EF1A6A9139C9FD2A38E59AFB466F9A_2267/INPUTFILES/data_1197121121.root
18943 Grandchild PID is 20853 - found in 70 x 2 seconds
18943 Grandchild to watch has changed on Thu Jun  2 11:02:09 EDT 2022
18943 Process tree is 18943 (main) -> 19112 (child) -> 20853 (grandchild)
F S   UID   PID  PPID  C PRI  NI ADDR SZ WCHAN  TTY        TIME CMD
0 D 100667 20853 19112  0 80   0 - 32311 cxiWai ?          0:00 cp /star/data01/pwg/xiatong/AMPT/14GeV/data_1197121831.root /tmp/maxwoo/21EF1A6A9139C9FD2A38E59AFB466F9A_2267/INPUTFILES/data_1197121831.root
18943 Grandchild PID is 21108 - found in 80 x 2 seconds
18943 Grandchild to watch has changed on Thu Jun  2 11:02:29 EDT 2022
18943 Process tree is 18943 (main) -> 19112 (child) -> 21108 (grandchild)
F S   UID   PID  PPID  C PRI  NI ADDR SZ WCHAN  TTY        TIME CMD
0 D 100667 21108 19112  0 80   0 - 32311 cxiWai ?          0:00 cp /star/data01/pwg/xiatong/AMPT/14GeV/data_1197122091.root /tmp/maxwoo/21EF1A6A9139C9FD2A38E59AFB466F9A_2267/INPUTFILES/data_1197122091.root
18943 Grandchild PID is 21480 - found in 100 x 2 seconds
18943 Grandchild to watch has changed on Thu Jun  2 11:03:10 EDT 2022
18943 Process tree is 18943 (main) -> 19112 (child) -> 21480 (grandchild)
F S   UID   PID  PPID  C PRI  NI ADDR SZ WCHAN  TTY        TIME CMD
0 D 100667 21480 19112  0 80   0 - 32311 cxiWai ?          0:00 cp /star/data01/pwg/xiatong/AMPT/14GeV/data_1197122101.root /tmp/maxwoo/21EF1A6A9139C9FD2A38E59AFB466F9A_2267/INPUTFILES/data_1197122101.root
18943 Grandchild PID is 21734 - found in 110 x 2 seconds
18943 Grandchild to watch has changed on Thu Jun  2 11:03:30 EDT 2022
18943 Process tree is 18943 (main) -> 19112 (child) -> 21734 (grandchild)
F S   UID   PID  PPID  C PRI  NI ADDR SZ WCHAN  TTY        TIME CMD
0 D 100667 21734 19112  0 80   0 - 32311 cxiWai ?          0:00 cp /star/data01/pwg/xiatong/AMPT/14GeV/data_1197190601.root /tmp/maxwoo/21EF1A6A9139C9FD2A38E59AFB466F9A_2267/INPUTFILES/data_1197190601.root
18943 Grandchild PID is 22114 - found in 120 x 2 seconds
18943 Grandchild to watch has changed on Thu Jun  2 11:03:50 EDT 2022
18943 Process tree is 18943 (main) -> 19112 (child) -> 22114 (grandchild)
F S   UID   PID  PPID  C PRI  NI ADDR SZ WCHAN  TTY        TIME CMD
0 S 100667 22114 19112  0 80   0 -  1272 do_wai ?          0:00 root -b -q check_S.C++("/tmp/maxwoo/21EF1A6A9139C9FD2A38E59AFB466F9A_2267/INPUTFILES/21EF1A6A9139C9FD2A38E59AFB466F9A_2267.local.list","21EF1A6A9139C9FD2A38E59AFB466F9A_2267",1)
19112 Stepping into the main SUMS wrapper program with []
.... building sandbox
Running: cp /star/data01/pwg/xiatong/AMPT/14GeV/data_1197090611.root /tmp/maxwoo/21EF1A6A9139C9FD2A38E59AFB466F9A_2267/INPUTFILES/data_1197090611.root
Running: cp /star/data01/pwg/xiatong/AMPT/14GeV/data_1197090621.root /tmp/maxwoo/21EF1A6A9139C9FD2A38E59AFB466F9A_2267/INPUTFILES/data_1197090621.root
Running: cp /star/data01/pwg/xiatong/AMPT/14GeV/data_1197090931.root /tmp/maxwoo/21EF1A6A9139C9FD2A38E59AFB466F9A_2267/INPUTFILES/data_1197090931.root
Running: cp /star/data01/pwg/xiatong/AMPT/14GeV/data_1197120561.root /tmp/maxwoo/21EF1A6A9139C9FD2A38E59AFB466F9A_2267/INPUTFILES/data_1197120561.root
Running: cp /star/data01/pwg/xiatong/AMPT/14GeV/data_1197120581.root /tmp/maxwoo/21EF1A6A9139C9FD2A38E59AFB466F9A_2267/INPUTFILES/data_1197120581.root
Running: cp /star/data01/pwg/xiatong/AMPT/14GeV/data_1197120731.root /tmp/maxwoo/21EF1A6A9139C9FD2A38E59AFB466F9A_2267/INPUTFILES/data_1197120731.root
Running: cp /star/data01/pwg/xiatong/AMPT/14GeV/data_1197120761.root /tmp/maxwoo/21EF1A6A9139C9FD2A38E59AFB466F9A_2267/INPUTFILES/data_1197120761.root
Running: cp /star/data01/pwg/xiatong/AMPT/14GeV/data_1197120791.root /tmp/maxwoo/21EF1A6A9139C9FD2A38E59AFB466F9A_2267/INPUTFILES/data_1197120791.root
Running: cp /star/data01/pwg/xiatong/AMPT/14GeV/data_1197120821.root /tmp/maxwoo/21EF1A6A9139C9FD2A38E59AFB466F9A_2267/INPUTFILES/data_1197120821.root
Running: cp /star/data01/pwg/xiatong/AMPT/14GeV/data_1197120851.root /tmp/maxwoo/21EF1A6A9139C9FD2A38E59AFB466F9A_2267/INPUTFILES/data_1197120851.root
Running: cp /star/data01/pwg/xiatong/AMPT/14GeV/data_1197120861.root /tmp/maxwoo/21EF1A6A9139C9FD2A38E59AFB466F9A_2267/INPUTFILES/data_1197120861.root
Running: cp /star/data01/pwg/xiatong/AMPT/14GeV/data_1197120871.root /tmp/maxwoo/21EF1A6A9139C9FD2A38E59AFB466F9A_2267/INPUTFILES/data_1197120871.root
Running: cp /star/data01/pwg/xiatong/AMPT/14GeV/data_1197120961.root /tmp/maxwoo/21EF1A6A9139C9FD2A38E59AFB466F9A_2267/INPUTFILES/data_1197120961.root
Running: cp /star/data01/pwg/xiatong/AMPT/14GeV/data_1197121121.root /tmp/maxwoo/21EF1A6A9139C9FD2A38E59AFB466F9A_2267/INPUTFILES/data_1197121121.root
Running: cp /star/data01/pwg/xiatong/AMPT/14GeV/data_1197121181.root /tmp/maxwoo/21EF1A6A9139C9FD2A38E59AFB466F9A_2267/INPUTFILES/data_1197121181.root
Running: cp /star/data01/pwg/xiatong/AMPT/14GeV/data_1197121361.root /tmp/maxwoo/21EF1A6A9139C9FD2A38E59AFB466F9A_2267/INPUTFILES/data_1197121361.root
Running: cp /star/data01/pwg/xiatong/AMPT/14GeV/data_1197121401.root /tmp/maxwoo/21EF1A6A9139C9FD2A38E59AFB466F9A_2267/INPUTFILES/data_1197121401.root
Running: cp /star/data01/pwg/xiatong/AMPT/14GeV/data_1197121731.root /tmp/maxwoo/21EF1A6A9139C9FD2A38E59AFB466F9A_2267/INPUTFILES/data_1197121731.root
Running: cp /star/data01/pwg/xiatong/AMPT/14GeV/data_1197121791.root /tmp/maxwoo/21EF1A6A9139C9FD2A38E59AFB466F9A_2267/INPUTFILES/data_1197121791.root
Running: cp /star/data01/pwg/xiatong/AMPT/14GeV/data_1197121811.root /tmp/maxwoo/21EF1A6A9139C9FD2A38E59AFB466F9A_2267/INPUTFILES/data_1197121811.root
Running: cp /star/data01/pwg/xiatong/AMPT/14GeV/data_1197121821.root /tmp/maxwoo/21EF1A6A9139C9FD2A38E59AFB466F9A_2267/INPUTFILES/data_1197121821.root
Running: cp /star/data01/pwg/xiatong/AMPT/14GeV/data_1197121831.root /tmp/maxwoo/21EF1A6A9139C9FD2A38E59AFB466F9A_2267/INPUTFILES/data_1197121831.root
Running: cp /star/data01/pwg/xiatong/AMPT/14GeV/data_1197121861.root /tmp/maxwoo/21EF1A6A9139C9FD2A38E59AFB466F9A_2267/INPUTFILES/data_1197121861.root
Running: cp /star/data01/pwg/xiatong/AMPT/14GeV/data_1197121881.root /tmp/maxwoo/21EF1A6A9139C9FD2A38E59AFB466F9A_2267/INPUTFILES/data_1197121881.root
Running: cp /star/data01/pwg/xiatong/AMPT/14GeV/data_1197121941.root /tmp/maxwoo/21EF1A6A9139C9FD2A38E59AFB466F9A_2267/INPUTFILES/data_1197121941.root
Running: cp /star/data01/pwg/xiatong/AMPT/14GeV/data_1197121981.root /tmp/maxwoo/21EF1A6A9139C9FD2A38E59AFB466F9A_2267/INPUTFILES/data_1197121981.root
Running: cp /star/data01/pwg/xiatong/AMPT/14GeV/data_1197122001.root /tmp/maxwoo/21EF1A6A9139C9FD2A38E59AFB466F9A_2267/INPUTFILES/data_1197122001.root
Running: cp /star/data01/pwg/xiatong/AMPT/14GeV/data_1197122031.root /tmp/maxwoo/21EF1A6A9139C9FD2A38E59AFB466F9A_2267/INPUTFILES/data_1197122031.root
Running: cp /star/data01/pwg/xiatong/AMPT/14GeV/data_1197122041.root /tmp/maxwoo/21EF1A6A9139C9FD2A38E59AFB466F9A_2267/INPUTFILES/data_1197122041.root
Running: cp /star/data01/pwg/xiatong/AMPT/14GeV/data_1197122091.root /tmp/maxwoo/21EF1A6A9139C9FD2A38E59AFB466F9A_2267/INPUTFILES/data_1197122091.root
Running: cp /star/data01/pwg/xiatong/AMPT/14GeV/data_1197122101.root /tmp/maxwoo/21EF1A6A9139C9FD2A38E59AFB466F9A_2267/INPUTFILES/data_1197122101.root
Running: cp /star/data01/pwg/xiatong/AMPT/14GeV/data_1197122141.root /tmp/maxwoo/21EF1A6A9139C9FD2A38E59AFB466F9A_2267/INPUTFILES/data_1197122141.root
Running: cp /star/data01/pwg/xiatong/AMPT/14GeV/data_1197183121.root /tmp/maxwoo/21EF1A6A9139C9FD2A38E59AFB466F9A_2267/INPUTFILES/data_1197183121.root
Running: cp /star/data01/pwg/xiatong/AMPT/14GeV/data_1197190591.root /tmp/maxwoo/21EF1A6A9139C9FD2A38E59AFB466F9A_2267/INPUTFILES/data_1197190591.root
Running: cp /star/data01/pwg/xiatong/AMPT/14GeV/data_1197190601.root /tmp/maxwoo/21EF1A6A9139C9FD2A38E59AFB466F9A_2267/INPUTFILES/data_1197190601.root
Running: cp /star/data01/pwg/xiatong/AMPT/14GeV/data_1197290581.root /tmp/maxwoo/21EF1A6A9139C9FD2A38E59AFB466F9A_2267/INPUTFILES/data_1197290581.root
Running: cp /star/data01/pwg/xiatong/AMPT/14GeV/data_1197390561.root /tmp/maxwoo/21EF1A6A9139C9FD2A38E59AFB466F9A_2267/INPUTFILES/data_1197390561.root
Swapping $FILELIST with: /tmp/maxwoo/21EF1A6A9139C9FD2A38E59AFB466F9A_2267/INPUTFILES/21EF1A6A9139C9FD2A38E59AFB466F9A_2267.local.list
+++++++++++local copy debug++++++++++++++++++++
newFileList: /tmp/maxwoo/21EF1A6A9139C9FD2A38E59AFB466F9A_2267/INPUTFILES/21EF1A6A9139C9FD2A38E59AFB466F9A_2267.local.list
++++++++++++++++cat FILELIST+++++++++++++++++++
/tmp/maxwoo/21EF1A6A9139C9FD2A38E59AFB466F9A_2267/INPUTFILES/data_1197090611.root 
/tmp/maxwoo/21EF1A6A9139C9FD2A38E59AFB466F9A_2267/INPUTFILES/data_1197090621.root 
/tmp/maxwoo/21EF1A6A9139C9FD2A38E59AFB466F9A_2267/INPUTFILES/data_1197090931.root 
/tmp/maxwoo/21EF1A6A9139C9FD2A38E59AFB466F9A_2267/INPUTFILES/data_1197120561.root 
/tmp/maxwoo/21EF1A6A9139C9FD2A38E59AFB466F9A_2267/INPUTFILES/data_1197120581.root 
/tmp/maxwoo/21EF1A6A9139C9FD2A38E59AFB466F9A_2267/INPUTFILES/data_1197120731.root 
/tmp/maxwoo/21EF1A6A9139C9FD2A38E59AFB466F9A_2267/INPUTFILES/data_1197120761.root 
/tmp/maxwoo/21EF1A6A9139C9FD2A38E59AFB466F9A_2267/INPUTFILES/data_1197120791.root 
/tmp/maxwoo/21EF1A6A9139C9FD2A38E59AFB466F9A_2267/INPUTFILES/data_1197120821.root 
/tmp/maxwoo/21EF1A6A9139C9FD2A38E59AFB466F9A_2267/INPUTFILES/data_1197120851.root 
/tmp/maxwoo/21EF1A6A9139C9FD2A38E59AFB466F9A_2267/INPUTFILES/data_1197120861.root 
/tmp/maxwoo/21EF1A6A9139C9FD2A38E59AFB466F9A_2267/INPUTFILES/data_1197120871.root 
/tmp/maxwoo/21EF1A6A9139C9FD2A38E59AFB466F9A_2267/INPUTFILES/data_1197120961.root 
/tmp/maxwoo/21EF1A6A9139C9FD2A38E59AFB466F9A_2267/INPUTFILES/data_1197121121.root 
/tmp/maxwoo/21EF1A6A9139C9FD2A38E59AFB466F9A_2267/INPUTFILES/data_1197121181.root 
/tmp/maxwoo/21EF1A6A9139C9FD2A38E59AFB466F9A_2267/INPUTFILES/data_1197121361.root 
/tmp/maxwoo/21EF1A6A9139C9FD2A38E59AFB466F9A_2267/INPUTFILES/data_1197121401.root 
/tmp/maxwoo/21EF1A6A9139C9FD2A38E59AFB466F9A_2267/INPUTFILES/data_1197121731.root 
/tmp/maxwoo/21EF1A6A9139C9FD2A38E59AFB466F9A_2267/INPUTFILES/data_1197121791.root 
/tmp/maxwoo/21EF1A6A9139C9FD2A38E59AFB466F9A_2267/INPUTFILES/data_1197121811.root 
/tmp/maxwoo/21EF1A6A9139C9FD2A38E59AFB466F9A_2267/INPUTFILES/data_1197121821.root 
/tmp/maxwoo/21EF1A6A9139C9FD2A38E59AFB466F9A_2267/INPUTFILES/data_1197121831.root 
/tmp/maxwoo/21EF1A6A9139C9FD2A38E59AFB466F9A_2267/INPUTFILES/data_1197121861.root 
/tmp/maxwoo/21EF1A6A9139C9FD2A38E59AFB466F9A_2267/INPUTFILES/data_1197121881.root 
/tmp/maxwoo/21EF1A6A9139C9FD2A38E59AFB466F9A_2267/INPUTFILES/data_1197121941.root 
/tmp/maxwoo/21EF1A6A9139C9FD2A38E59AFB466F9A_2267/INPUTFILES/data_1197121981.root 
/tmp/maxwoo/21EF1A6A9139C9FD2A38E59AFB466F9A_2267/INPUTFILES/data_1197122001.root 
/tmp/maxwoo/21EF1A6A9139C9FD2A38E59AFB466F9A_2267/INPUTFILES/data_1197122031.root 
/tmp/maxwoo/21EF1A6A9139C9FD2A38E59AFB466F9A_2267/INPUTFILES/data_1197122041.root 
/tmp/maxwoo/21EF1A6A9139C9FD2A38E59AFB466F9A_2267/INPUTFILES/data_1197122091.root 
/tmp/maxwoo/21EF1A6A9139C9FD2A38E59AFB466F9A_2267/INPUTFILES/data_1197122101.root 
/tmp/maxwoo/21EF1A6A9139C9FD2A38E59AFB466F9A_2267/INPUTFILES/data_1197122141.root 
/tmp/maxwoo/21EF1A6A9139C9FD2A38E59AFB466F9A_2267/INPUTFILES/data_1197183121.root 
/tmp/maxwoo/21EF1A6A9139C9FD2A38E59AFB466F9A_2267/INPUTFILES/data_1197190591.root 
/tmp/maxwoo/21EF1A6A9139C9FD2A38E59AFB466F9A_2267/INPUTFILES/data_1197190601.root 
/tmp/maxwoo/21EF1A6A9139C9FD2A38E59AFB466F9A_2267/INPUTFILES/data_1197290581.root 
/tmp/maxwoo/21EF1A6A9139C9FD2A38E59AFB466F9A_2267/INPUTFILES/data_1197390561.root 
++++++++++++++++++++find.++++++++++++++++++++++
.
./lib
./lib/CenMaker_cpp_ACLiC_dict_rdict.pcm
./lib/my_event.cpp
./lib/CenMaker.h
./lib/CenMaker.cpp
./lib/MixedBuffer.h
./lib/my_event_cpp.d
./lib/my_particle_cpp.so
./lib/my_event_cpp_ACLiC_dict_rdict.pcm
./lib/NpartNormalizer_cpp.d
./lib/MixedBuffer_cpp.so
./lib/MixedBuffer_cpp_ACLiC_dict_rdict.pcm
./lib/MixedBuffer.cpp
./lib/NpartNormalizer_cpp.so
./lib/my_particle_cpp.d
./lib/MixedBuffer_cpp.d
./lib/my_particle.h
./lib/CenMaker_cpp.so
./lib/my_particle.cpp
./lib/my_event_cpp.so
./lib/my_event.h
./lib/my_particle_cpp_ACLiC_dict_rdict.pcm
./lib/NpartNormalizer.cpp
./lib/CenMaker_cpp.d
./lib/NpartNormalizer_cpp_ACLiC_dict_rdict.pcm
./lib/NpartNormalizer.h
./check_S.C
./.output.log
./Check_Sness.C
./.sandboxFiles
./.errror.log
./INPUTFILES
./INPUTFILES/data_1197122001.root
./INPUTFILES/21EF1A6A9139C9FD2A38E59AFB466F9A_2267.local.list
./INPUTFILES/data_1197183121.root
./INPUTFILES/data_1197120761.root
./INPUTFILES/data_1197120791.root
./INPUTFILES/data_1197121401.root
./INPUTFILES/data_1197120581.root
./INPUTFILES/data_1197121811.root
./INPUTFILES/data_1197121941.root
./INPUTFILES/data_1197121121.root
./INPUTFILES/data_1197122091.root
./INPUTFILES/data_1197121831.root
./INPUTFILES/data_1197120561.root
./INPUTFILES/data_1197121731.root
./INPUTFILES/data_1197121821.root
./INPUTFILES/data_1197121181.root
./INPUTFILES/data_1197090621.root
./INPUTFILES/data_1197090931.root
./INPUTFILES/data_1197121791.root
./INPUTFILES/data_1197190601.root
./INPUTFILES/data_1197120871.root
./INPUTFILES/data_1197120961.root
./INPUTFILES/data_1197120731.root
./INPUTFILES/data_1197122041.root
./INPUTFILES/data_1197121881.root
./INPUTFILES/data_1197121861.root
./INPUTFILES/data_1197121361.root
./INPUTFILES/data_1197121981.root
./INPUTFILES/data_1197190591.root
./INPUTFILES/data_1197120861.root
./INPUTFILES/data_1197090611.root
./INPUTFILES/data_1197120851.root
./INPUTFILES/data_1197122031.root
./INPUTFILES/data_1197122101.root
./INPUTFILES/data_1197120821.root
./INPUTFILES/data_1197290581.root
./INPUTFILES/data_1197390561.root
./INPUTFILES/data_1197122141.root
++++++++++++++++INPUTFILE Var++++++++++++++++++
FILELIST=/tmp/maxwoo/21EF1A6A9139C9FD2A38E59AFB466F9A_2267/INPUTFILES/21EF1A6A9139C9FD2A38E59AFB466F9A_2267.local.list
INPUTFILECOUNT=37
INPUTFILE0=/tmp/maxwoo/21EF1A6A9139C9FD2A38E59AFB466F9A_2267/INPUTFILES/data_1197090611.root
INPUTFILE1=/tmp/maxwoo/21EF1A6A9139C9FD2A38E59AFB466F9A_2267/INPUTFILES/data_1197090621.root
INPUTFILE2=/tmp/maxwoo/21EF1A6A9139C9FD2A38E59AFB466F9A_2267/INPUTFILES/data_1197090931.root
INPUTFILE3=/tmp/maxwoo/21EF1A6A9139C9FD2A38E59AFB466F9A_2267/INPUTFILES/data_1197120561.root
INPUTFILE4=/tmp/maxwoo/21EF1A6A9139C9FD2A38E59AFB466F9A_2267/INPUTFILES/data_1197120581.root
INPUTFILE5=/tmp/maxwoo/21EF1A6A9139C9FD2A38E59AFB466F9A_2267/INPUTFILES/data_1197120731.root
INPUTFILE6=/tmp/maxwoo/21EF1A6A9139C9FD2A38E59AFB466F9A_2267/INPUTFILES/data_1197120761.root
INPUTFILE7=/tmp/maxwoo/21EF1A6A9139C9FD2A38E59AFB466F9A_2267/INPUTFILES/data_1197120791.root
INPUTFILE8=/tmp/maxwoo/21EF1A6A9139C9FD2A38E59AFB466F9A_2267/INPUTFILES/data_1197120821.root
INPUTFILE9=/tmp/maxwoo/21EF1A6A9139C9FD2A38E59AFB466F9A_2267/INPUTFILES/data_1197120851.root
INPUTFILE10=/tmp/maxwoo/21EF1A6A9139C9FD2A38E59AFB466F9A_2267/INPUTFILES/data_1197120861.root
INPUTFILE11=/tmp/maxwoo/21EF1A6A9139C9FD2A38E59AFB466F9A_2267/INPUTFILES/data_1197120871.root
INPUTFILE12=/tmp/maxwoo/21EF1A6A9139C9FD2A38E59AFB466F9A_2267/INPUTFILES/data_1197120961.root
INPUTFILE13=/tmp/maxwoo/21EF1A6A9139C9FD2A38E59AFB466F9A_2267/INPUTFILES/data_1197121121.root
INPUTFILE14=/tmp/maxwoo/21EF1A6A9139C9FD2A38E59AFB466F9A_2267/INPUTFILES/data_1197121181.root
INPUTFILE15=/tmp/maxwoo/21EF1A6A9139C9FD2A38E59AFB466F9A_2267/INPUTFILES/data_1197121361.root
INPUTFILE16=/tmp/maxwoo/21EF1A6A9139C9FD2A38E59AFB466F9A_2267/INPUTFILES/data_1197121401.root
INPUTFILE17=/tmp/maxwoo/21EF1A6A9139C9FD2A38E59AFB466F9A_2267/INPUTFILES/data_1197121731.root
INPUTFILE18=/tmp/maxwoo/21EF1A6A9139C9FD2A38E59AFB466F9A_2267/INPUTFILES/data_1197121791.root
INPUTFILE19=/tmp/maxwoo/21EF1A6A9139C9FD2A38E59AFB466F9A_2267/INPUTFILES/data_1197121811.root
INPUTFILE20=/tmp/maxwoo/21EF1A6A9139C9FD2A38E59AFB466F9A_2267/INPUTFILES/data_1197121821.root
INPUTFILE21=/tmp/maxwoo/21EF1A6A9139C9FD2A38E59AFB466F9A_2267/INPUTFILES/data_1197121831.root
INPUTFILE22=/tmp/maxwoo/21EF1A6A9139C9FD2A38E59AFB466F9A_2267/INPUTFILES/data_1197121861.root
INPUTFILE23=/tmp/maxwoo/21EF1A6A9139C9FD2A38E59AFB466F9A_2267/INPUTFILES/data_1197121881.root
INPUTFILE24=/tmp/maxwoo/21EF1A6A9139C9FD2A38E59AFB466F9A_2267/INPUTFILES/data_1197121941.root
INPUTFILE25=/tmp/maxwoo/21EF1A6A9139C9FD2A38E59AFB466F9A_2267/INPUTFILES/data_1197121981.root
INPUTFILE26=/tmp/maxwoo/21EF1A6A9139C9FD2A38E59AFB466F9A_2267/INPUTFILES/data_1197122001.root
INPUTFILE27=/tmp/maxwoo/21EF1A6A9139C9FD2A38E59AFB466F9A_2267/INPUTFILES/data_1197122031.root
INPUTFILE28=/tmp/maxwoo/21EF1A6A9139C9FD2A38E59AFB466F9A_2267/INPUTFILES/data_1197122041.root
INPUTFILE29=/tmp/maxwoo/21EF1A6A9139C9FD2A38E59AFB466F9A_2267/INPUTFILES/data_1197122091.root
INPUTFILE30=/tmp/maxwoo/21EF1A6A9139C9FD2A38E59AFB466F9A_2267/INPUTFILES/data_1197122101.root
INPUTFILE31=/tmp/maxwoo/21EF1A6A9139C9FD2A38E59AFB466F9A_2267/INPUTFILES/data_1197122141.root
INPUTFILE32=/tmp/maxwoo/21EF1A6A9139C9FD2A38E59AFB466F9A_2267/INPUTFILES/data_1197183121.root
INPUTFILE33=/tmp/maxwoo/21EF1A6A9139C9FD2A38E59AFB466F9A_2267/INPUTFILES/data_1197190591.root
INPUTFILE34=/tmp/maxwoo/21EF1A6A9139C9FD2A38E59AFB466F9A_2267/INPUTFILES/data_1197190601.root
INPUTFILE35=/tmp/maxwoo/21EF1A6A9139C9FD2A38E59AFB466F9A_2267/INPUTFILES/data_1197290581.root
INPUTFILE36=/tmp/maxwoo/21EF1A6A9139C9FD2A38E59AFB466F9A_2267/INPUTFILES/data_1197390561.root
LocalInputFileDir=/tmp/maxwoo/21EF1A6A9139C9FD2A38E59AFB466F9A_2267/INPUTFILES
NewFILELIST=/tmp/maxwoo/21EF1A6A9139C9FD2A38E59AFB466F9A_2267/INPUTFILES/21EF1A6A9139C9FD2A38E59AFB466F9A_2267.local.list
+++++++++++++++++++++++++++++++++++++++++++++++
--------------------------------
Simple Unified Meta Scheduler 1.10.50 we are starting in $SCRATCH : /home/tmp/maxwoo/21EF1A6A9139C9FD2A38E59AFB466F9A_2267
--------------------------------
total 16
lrwxrwxrwx 1 maxwoo rhstar   61 Jun  2 10:59 check_S.C -> /gpfs/mnt/gpfs01/star/pwg/xiatong/git/strangeness/./check_S.C
lrwxrwxrwx 1 maxwoo rhstar   65 Jun  2 10:59 Check_Sness.C -> /gpfs/mnt/gpfs01/star/pwg/xiatong/git/strangeness/./Check_Sness.C
drwxr-xr-x 2 maxwoo rhstar 4096 Jun  2 11:03 INPUTFILES
drwxr-xr-x 2 maxwoo rhstar 4096 Jun  2 10:59 lib
  *******************************************
  *                                         *
  *        W E L C O M E  to  R O O T       *
  *                                         *
  *   Version   5.34/38     12 March 2018   *
  *                                         *
  *  You are welcome to visit our Web site  *
  *          http://root.cern.ch            *
  *                                         *
  *******************************************

ROOT 5.34/38 (v5-34-38@v5-34-38, Mar 12 2018, 15:49:39 on linux)

CINT/ROOT C/C++ Interpreter version 5.18.00, July 2, 2010
Type ? for help. Commands must be C++ statements.
Enclose multiple statements between { }.
*** Float Point Exception is OFF ***
 *** Start at Date : Thu Jun  2 11:03:42 2022
QAInfo:You are using STAR_LEVEL : dev, ROOT_LEVEL : 5.34.38 and node : spar0204.usatlas.bnl.gov 

Processing check_S.C++("/tmp/maxwoo/21EF1A6A9139C9FD2A38E59AFB466F9A_2267/INPUTFILES/21EF1A6A9139C9FD2A38E59AFB466F9A_2267.local.list","21EF1A6A9139C9FD2A38E59AFB466F9A_2267",1)...
/tmp/maxwoo/21EF1A6A9139C9FD2A38E59AFB466F9A_2267/INPUTFILES/data_1197090611.root 
/tmp/maxwoo/21EF1A6A9139C9FD2A38E59AFB466F9A_2267/INPUTFILES/data_1197090621.root 
/tmp/maxwoo/21EF1A6A9139C9FD2A38E59AFB466F9A_2267/INPUTFILES/data_1197090931.root 
/tmp/maxwoo/21EF1A6A9139C9FD2A38E59AFB466F9A_2267/INPUTFILES/data_1197120561.root 
/tmp/maxwoo/21EF1A6A9139C9FD2A38E59AFB466F9A_2267/INPUTFILES/data_1197120581.root 
/tmp/maxwoo/21EF1A6A9139C9FD2A38E59AFB466F9A_2267/INPUTFILES/data_1197120731.root 
/tmp/maxwoo/21EF1A6A9139C9FD2A38E59AFB466F9A_2267/INPUTFILES/data_1197120761.root 
/tmp/maxwoo/21EF1A6A9139C9FD2A38E59AFB466F9A_2267/INPUTFILES/data_1197120791.root 
/tmp/maxwoo/21EF1A6A9139C9FD2A38E59AFB466F9A_2267/INPUTFILES/data_1197120821.root 
/tmp/maxwoo/21EF1A6A9139C9FD2A38E59AFB466F9A_2267/INPUTFILES/data_1197120851.root 
/tmp/maxwoo/21EF1A6A9139C9FD2A38E59AFB466F9A_2267/INPUTFILES/data_1197120861.root 
/tmp/maxwoo/21EF1A6A9139C9FD2A38E59AFB466F9A_2267/INPUTFILES/data_1197120871.root 
/tmp/maxwoo/21EF1A6A9139C9FD2A38E59AFB466F9A_2267/INPUTFILES/data_1197120961.root 
/tmp/maxwoo/21EF1A6A9139C9FD2A38E59AFB466F9A_2267/INPUTFILES/data_1197121121.root 
/tmp/maxwoo/21EF1A6A9139C9FD2A38E59AFB466F9A_2267/INPUTFILES/data_1197121181.root 
/tmp/maxwoo/21EF1A6A9139C9FD2A38E59AFB466F9A_2267/INPUTFILES/data_1197121361.root 
/tmp/maxwoo/21EF1A6A9139C9FD2A38E59AFB466F9A_2267/INPUTFILES/data_1197121401.root 
/tmp/maxwoo/21EF1A6A9139C9FD2A38E59AFB466F9A_2267/INPUTFILES/data_1197121731.root 
/tmp/maxwoo/21EF1A6A9139C9FD2A38E59AFB466F9A_2267/INPUTFILES/data_1197121791.root 
/tmp/maxwoo/21EF1A6A9139C9FD2A38E59AFB466F9A_2267/INPUTFILES/data_1197121811.root 
/tmp/maxwoo/21EF1A6A9139C9FD2A38E59AFB466F9A_2267/INPUTFILES/data_1197121821.root 
/tmp/maxwoo/21EF1A6A9139C9FD2A38E59AFB466F9A_2267/INPUTFILES/data_1197121831.root 
/tmp/maxwoo/21EF1A6A9139C9FD2A38E59AFB466F9A_2267/INPUTFILES/data_1197121861.root 
/tmp/maxwoo/21EF1A6A9139C9FD2A38E59AFB466F9A_2267/INPUTFILES/data_1197121881.root 
/tmp/maxwoo/21EF1A6A9139C9FD2A38E59AFB466F9A_2267/INPUTFILES/data_1197121941.root 
/tmp/maxwoo/21EF1A6A9139C9FD2A38E59AFB466F9A_2267/INPUTFILES/data_1197121981.root 
/tmp/maxwoo/21EF1A6A9139C9FD2A38E59AFB466F9A_2267/INPUTFILES/data_1197122001.root 
/tmp/maxwoo/21EF1A6A9139C9FD2A38E59AFB466F9A_2267/INPUTFILES/data_1197122031.root 
/tmp/maxwoo/21EF1A6A9139C9FD2A38E59AFB466F9A_2267/INPUTFILES/data_1197122041.root 
/tmp/maxwoo/21EF1A6A9139C9FD2A38E59AFB466F9A_2267/INPUTFILES/data_1197122091.root 
/tmp/maxwoo/21EF1A6A9139C9FD2A38E59AFB466F9A_2267/INPUTFILES/data_1197122101.root 
/tmp/maxwoo/21EF1A6A9139C9FD2A38E59AFB466F9A_2267/INPUTFILES/data_1197122141.root 
/tmp/maxwoo/21EF1A6A9139C9FD2A38E59AFB466F9A_2267/INPUTFILES/data_1197183121.root 
/tmp/maxwoo/21EF1A6A9139C9FD2A38E59AFB466F9A_2267/INPUTFILES/data_1197190591.root 
/tmp/maxwoo/21EF1A6A9139C9FD2A38E59AFB466F9A_2267/INPUTFILES/data_1197190601.root 
/tmp/maxwoo/21EF1A6A9139C9FD2A38E59AFB466F9A_2267/INPUTFILES/data_1197290581.root 
/tmp/maxwoo/21EF1A6A9139C9FD2A38E59AFB466F9A_2267/INPUTFILES/data_1197390561.root 
Added 37 files
# entries in chain: 37000
Processing entry == 1000 == out of 37000.
Processing entry == 2000 == out of 37000.
Processing entry == 3000 == out of 37000.
Processing entry == 4000 == out of 37000.
Processing entry == 5000 == out of 37000.
Processing entry == 6000 == out of 37000.
Processing entry == 7000 == out of 37000.
Processing entry == 8000 == out of 37000.
Processing entry == 9000 == out of 37000.
Processing entry == 10000 == out of 37000.
Processing entry == 11000 == out of 37000.
Processing entry == 12000 == out of 37000.
Processing entry == 13000 == out of 37000.
Processing entry == 14000 == out of 37000.
Processing entry == 15000 == out of 37000.
Processing entry == 16000 == out of 37000.
Processing entry == 17000 == out of 37000.
Processing entry == 18000 == out of 37000.
Processing entry == 19000 == out of 37000.
Processing entry == 20000 == out of 37000.
Processing entry == 21000 == out of 37000.
Processing entry == 22000 == out of 37000.
Processing entry == 23000 == out of 37000.
Processing entry == 24000 == out of 37000.
Processing entry == 25000 == out of 37000.
Processing entry == 26000 == out of 37000.
Processing entry == 27000 == out of 37000.
Processing entry == 28000 == out of 37000.
Processing entry == 29000 == out of 37000.
Processing entry == 30000 == out of 37000.
Processing entry == 31000 == out of 37000.
Processing entry == 32000 == out of 37000.
Processing entry == 33000 == out of 37000.
Processing entry == 34000 == out of 37000.
Processing entry == 35000 == out of 37000.
Processing entry == 36000 == out of 37000.
Processing entry == 37000 == out of 37000.

This is the end of ROOT -- Goodbye

Cleaning up sandbox file:  /tmp/maxwoo/21EF1A6A9139C9FD2A38E59AFB466F9A_2267/check_S.C
Cleaning up sandbox file:  /tmp/maxwoo/21EF1A6A9139C9FD2A38E59AFB466F9A_2267/Check_Sness.C
Cleaning up sandbox file:  /tmp/maxwoo/21EF1A6A9139C9FD2A38E59AFB466F9A_2267/lib
Cleaning up sandbox file:  /tmp/maxwoo/21EF1A6A9139C9FD2A38E59AFB466F9A_2267/.sandboxFiles
Starting copy block
Running copy command:  /bin/cp -fp /tmp/maxwoo/21EF1A6A9139C9FD2A38E59AFB466F9A_2267/out_21EF1A6A9139C9FD2A38E59AFB466F9A_2267.root /star/data01/pwg/xiatong/git/strangeness/data/
18943 Execution of (/star/data01/pwg/xiatong/git/strangeness/script/sched21EF1A6A9139C9FD2A38E59AFB466F9A_2267.csh ) has ended, exiting normally
18943 We END on [Thu Jun  2 11:20:17 EDT 2022]
