We are starting on node: spool0102.sdcc.bnl.gov
HOME is not defined
Using getent method
HOME is now /star/u/maxwoo
137747 We will spawn ourselves (/star/data01/pwg/xiatong/git/strangeness/script/sched21EF1A6A9139C9FD2A38E59AFB466F9A_69.csh )
137747 We BEGIN on [Thu Jun  2 11:42:52 EDT 2022]
[1] 137997
137747 We are waiting for 137997 
137747 Grandchild PID is 138298 - found in 10 x 1 seconds
137747 Establishing first watcher   on    Thu Jun  2 11:43:03 EDT 2022
137747 Process tree is 137747 (main) -> 137997 (child) -> 138298 (grandchild)
F S   UID    PID   PPID  C PRI  NI ADDR SZ WCHAN  TTY        TIME CMD
0 D 100667 138298 137997  0 80   0 - 32311 cxiWai ?          0:00 cp /star/data01/pwg/xiatong/AMPT/14GeV/data_044103701.root /tmp/maxwoo/21EF1A6A9139C9FD2A38E59AFB466F9A_69/INPUTFILES/data_044103701.root
137747 Grandchild PID is 148201 - found in 40 x 2 seconds
137747 Grandchild to watch has changed on Thu Jun  2 11:44:15 EDT 2022
137747 Process tree is 137747 (main) -> 137997 (child) -> 148201 (grandchild)
F S   UID    PID   PPID  C PRI  NI ADDR SZ WCHAN  TTY        TIME CMD
0 D 100667 148201 137997  0 80   0 - 32311 cxiWai ?          0:00 cp /star/data01/pwg/xiatong/AMPT/14GeV/data_044121411.root /tmp/maxwoo/21EF1A6A9139C9FD2A38E59AFB466F9A_69/INPUTFILES/data_044121411.root
137747 Grandchild PID is 151404 - found in 50 x 2 seconds
137747 Grandchild to watch has changed on Thu Jun  2 11:44:37 EDT 2022
137747 Process tree is 137747 (main) -> 137997 (child) -> 151404 (grandchild)
F S   UID    PID   PPID  C PRI  NI ADDR SZ WCHAN  TTY        TIME CMD
0 D 100667 151404 137997  0 80   0 - 32311 cxiWai ?          0:00 cp /star/data01/pwg/xiatong/AMPT/14GeV/data_044121421.root /tmp/maxwoo/21EF1A6A9139C9FD2A38E59AFB466F9A_69/INPUTFILES/data_044121421.root
137747 Grandchild PID is 155768 - found in 70 x 2 seconds
137747 Grandchild to watch has changed on Thu Jun  2 11:45:19 EDT 2022
137747 Process tree is 137747 (main) -> 137997 (child) -> 155768 (grandchild)
F S   UID    PID   PPID  C PRI  NI ADDR SZ WCHAN  TTY        TIME CMD
0 D 100667 155768 137997  0 80   0 - 32311 cxiWai ?          0:00 cp /star/data01/pwg/xiatong/AMPT/14GeV/data_044195311.root /tmp/maxwoo/21EF1A6A9139C9FD2A38E59AFB466F9A_69/INPUTFILES/data_044195311.root
137747 Grandchild PID is 159911 - found in 80 x 2 seconds
137747 Grandchild to watch has changed on Thu Jun  2 11:45:41 EDT 2022
137747 Process tree is 137747 (main) -> 137997 (child) -> 159911 (grandchild)
F S   UID    PID   PPID  C PRI  NI ADDR SZ WCHAN  TTY        TIME CMD
0 D 100667 159911 137997  0 80   0 - 32311 cxiWai ?          0:00 cp /star/data01/pwg/xiatong/AMPT/14GeV/data_044265701.root /tmp/maxwoo/21EF1A6A9139C9FD2A38E59AFB466F9A_69/INPUTFILES/data_044265701.root
137747 Grandchild PID is 165121 - found in 100 x 2 seconds
137747 Grandchild to watch has changed on Thu Jun  2 11:46:23 EDT 2022
137747 Process tree is 137747 (main) -> 137997 (child) -> 165121 (grandchild)
F S   UID    PID   PPID  C PRI  NI ADDR SZ WCHAN  TTY        TIME CMD
0 D 100667 165121 137997  0 80   0 - 32311 cxiWai ?          0:00 cp /star/data01/pwg/xiatong/AMPT/14GeV/data_044365691.root /tmp/maxwoo/21EF1A6A9139C9FD2A38E59AFB466F9A_69/INPUTFILES/data_044365691.root
137747 Grandchild PID is 171483 - found in 120 x 2 seconds
137747 Grandchild to watch has changed on Thu Jun  2 11:47:05 EDT 2022
137747 Process tree is 137747 (main) -> 137997 (child) -> 171483 (grandchild)
F S   UID    PID   PPID  C PRI  NI ADDR SZ WCHAN  TTY        TIME CMD
0 D 100667 171483 137997  0 80   0 - 32311 cxiWai ?          0:00 cp /star/data01/pwg/xiatong/AMPT/14GeV/data_044465681.root /tmp/maxwoo/21EF1A6A9139C9FD2A38E59AFB466F9A_69/INPUTFILES/data_044465681.root
137747 Grandchild PID is 174264 - found in 130 x 2 seconds
137747 Grandchild to watch has changed on Thu Jun  2 11:47:26 EDT 2022
137747 Process tree is 137747 (main) -> 137997 (child) -> 174264 (grandchild)
F S   UID    PID   PPID  C PRI  NI ADDR SZ WCHAN  TTY        TIME CMD
0 D 100667 174264 137997  0 80   0 - 32311 cxiWai ?          0:00 cp /star/data01/pwg/xiatong/AMPT/14GeV/data_044665631.root /tmp/maxwoo/21EF1A6A9139C9FD2A38E59AFB466F9A_69/INPUTFILES/data_044665631.root
137747 Grandchild PID is 177169 - found in 140 x 2 seconds
137747 Grandchild to watch has changed on Thu Jun  2 11:47:47 EDT 2022
137747 Process tree is 137747 (main) -> 137997 (child) -> 177169 (grandchild)
F S   UID    PID   PPID  C PRI  NI ADDR SZ WCHAN  TTY        TIME CMD
0 D 100667 177169 137997  0 80   0 - 32311 cxiWai ?          0:00 cp /star/data01/pwg/xiatong/AMPT/14GeV/data_045121381.root /tmp/maxwoo/21EF1A6A9139C9FD2A38E59AFB466F9A_69/INPUTFILES/data_045121381.root
137747 Grandchild PID is 179647 - found in 150 x 2 seconds
137747 Grandchild to watch has changed on Thu Jun  2 11:48:07 EDT 2022
137747 Process tree is 137747 (main) -> 137997 (child) -> 179647 (grandchild)
F S   UID    PID   PPID  C PRI  NI ADDR SZ WCHAN  TTY        TIME CMD
0 D 100667 179647 137997  0 80   0 - 32311 cxiWai ?          0:00 cp /star/data01/pwg/xiatong/AMPT/14GeV/data_045121391.root /tmp/maxwoo/21EF1A6A9139C9FD2A38E59AFB466F9A_69/INPUTFILES/data_045121391.root
137747 Grandchild PID is 183173 - found in 170 x 2 seconds
137747 Grandchild to watch has changed on Thu Jun  2 11:48:49 EDT 2022
137747 Process tree is 137747 (main) -> 137997 (child) -> 183173 (grandchild)
F S   UID    PID   PPID  C PRI  NI ADDR SZ WCHAN  TTY        TIME CMD
0 D 100667 183173 137997  0 80   0 - 32311 cxiWai ?          0:00 cp /star/data01/pwg/xiatong/AMPT/14GeV/data_045146491.root /tmp/maxwoo/21EF1A6A9139C9FD2A38E59AFB466F9A_69/INPUTFILES/data_045146491.root
137747 Grandchild PID is 185849 - found in 180 x 2 seconds
137747 Grandchild to watch has changed on Thu Jun  2 11:49:10 EDT 2022
137747 Process tree is 137747 (main) -> 137997 (child) -> 185849 (grandchild)
F S   UID    PID   PPID  C PRI  NI ADDR SZ WCHAN  TTY        TIME CMD
0 D 100667 185849 137997  0 80   0 - 32311 cxiWai ?          0:00 cp /star/data01/pwg/xiatong/AMPT/14GeV/data_045151061.root /tmp/maxwoo/21EF1A6A9139C9FD2A38E59AFB466F9A_69/INPUTFILES/data_045151061.root
137747 Grandchild PID is 189555 - found in 190 x 2 seconds
137747 Grandchild to watch has changed on Thu Jun  2 11:49:31 EDT 2022
137747 Process tree is 137747 (main) -> 137997 (child) -> 189555 (grandchild)
F S   UID    PID   PPID  C PRI  NI ADDR SZ WCHAN  TTY        TIME CMD
0 D 100667 189555 137997  0 80   0 - 32311 cxiWai ?          0:00 cp /star/data01/pwg/xiatong/AMPT/14GeV/data_045171841.root /tmp/maxwoo/21EF1A6A9139C9FD2A38E59AFB466F9A_69/INPUTFILES/data_045171841.root
137747 Grandchild PID is 190930 - found in 200 x 2 seconds
137747 Grandchild to watch has changed on Thu Jun  2 11:49:52 EDT 2022
137747 Process tree is 137747 (main) -> 137997 (child) -> 190930 (grandchild)
F S   UID    PID   PPID  C PRI  NI ADDR SZ WCHAN  TTY        TIME CMD
0 S 100667 190930 137997  0 80   0 -  1272 do_wai ?          0:00 root -b -q check_S.C++("/tmp/maxwoo/21EF1A6A9139C9FD2A38E59AFB466F9A_69/INPUTFILES/21EF1A6A9139C9FD2A38E59AFB466F9A_69.local.list","21EF1A6A9139C9FD2A38E59AFB466F9A_69",1)
137997 Stepping into the main SUMS wrapper program with []
.... building sandbox
Running: cp /star/data01/pwg/xiatong/AMPT/14GeV/data_044103701.root /tmp/maxwoo/21EF1A6A9139C9FD2A38E59AFB466F9A_69/INPUTFILES/data_044103701.root
Running: cp /star/data01/pwg/xiatong/AMPT/14GeV/data_044105071.root /tmp/maxwoo/21EF1A6A9139C9FD2A38E59AFB466F9A_69/INPUTFILES/data_044105071.root
Running: cp /star/data01/pwg/xiatong/AMPT/14GeV/data_044105081.root /tmp/maxwoo/21EF1A6A9139C9FD2A38E59AFB466F9A_69/INPUTFILES/data_044105081.root
Running: cp /star/data01/pwg/xiatong/AMPT/14GeV/data_044107181.root /tmp/maxwoo/21EF1A6A9139C9FD2A38E59AFB466F9A_69/INPUTFILES/data_044107181.root
Running: cp /star/data01/pwg/xiatong/AMPT/14GeV/data_044121401.root /tmp/maxwoo/21EF1A6A9139C9FD2A38E59AFB466F9A_69/INPUTFILES/data_044121401.root
Running: cp /star/data01/pwg/xiatong/AMPT/14GeV/data_044121411.root /tmp/maxwoo/21EF1A6A9139C9FD2A38E59AFB466F9A_69/INPUTFILES/data_044121411.root
Running: cp /star/data01/pwg/xiatong/AMPT/14GeV/data_044121421.root /tmp/maxwoo/21EF1A6A9139C9FD2A38E59AFB466F9A_69/INPUTFILES/data_044121421.root
Running: cp /star/data01/pwg/xiatong/AMPT/14GeV/data_044165721.root /tmp/maxwoo/21EF1A6A9139C9FD2A38E59AFB466F9A_69/INPUTFILES/data_044165721.root
Running: cp /star/data01/pwg/xiatong/AMPT/14GeV/data_044182181.root /tmp/maxwoo/21EF1A6A9139C9FD2A38E59AFB466F9A_69/INPUTFILES/data_044182181.root
Running: cp /star/data01/pwg/xiatong/AMPT/14GeV/data_044195311.root /tmp/maxwoo/21EF1A6A9139C9FD2A38E59AFB466F9A_69/INPUTFILES/data_044195311.root
Running: cp /star/data01/pwg/xiatong/AMPT/14GeV/data_044195321.root /tmp/maxwoo/21EF1A6A9139C9FD2A38E59AFB466F9A_69/INPUTFILES/data_044195321.root
Running: cp /star/data01/pwg/xiatong/AMPT/14GeV/data_044195381.root /tmp/maxwoo/21EF1A6A9139C9FD2A38E59AFB466F9A_69/INPUTFILES/data_044195381.root
Running: cp /star/data01/pwg/xiatong/AMPT/14GeV/data_044195391.root /tmp/maxwoo/21EF1A6A9139C9FD2A38E59AFB466F9A_69/INPUTFILES/data_044195391.root
Running: cp /star/data01/pwg/xiatong/AMPT/14GeV/data_044195421.root /tmp/maxwoo/21EF1A6A9139C9FD2A38E59AFB466F9A_69/INPUTFILES/data_044195421.root
Running: cp /star/data01/pwg/xiatong/AMPT/14GeV/data_044195431.root /tmp/maxwoo/21EF1A6A9139C9FD2A38E59AFB466F9A_69/INPUTFILES/data_044195431.root
Running: cp /star/data01/pwg/xiatong/AMPT/14GeV/data_044195441.root /tmp/maxwoo/21EF1A6A9139C9FD2A38E59AFB466F9A_69/INPUTFILES/data_044195441.root
Running: cp /star/data01/pwg/xiatong/AMPT/14GeV/data_044195731.root /tmp/maxwoo/21EF1A6A9139C9FD2A38E59AFB466F9A_69/INPUTFILES/data_044195731.root
Running: cp /star/data01/pwg/xiatong/AMPT/14GeV/data_044265701.root /tmp/maxwoo/21EF1A6A9139C9FD2A38E59AFB466F9A_69/INPUTFILES/data_044265701.root
Running: cp /star/data01/pwg/xiatong/AMPT/14GeV/data_044265711.root /tmp/maxwoo/21EF1A6A9139C9FD2A38E59AFB466F9A_69/INPUTFILES/data_044265711.root
Running: cp /star/data01/pwg/xiatong/AMPT/14GeV/data_044365691.root /tmp/maxwoo/21EF1A6A9139C9FD2A38E59AFB466F9A_69/INPUTFILES/data_044365691.root
Running: cp /star/data01/pwg/xiatong/AMPT/14GeV/data_044465681.root /tmp/maxwoo/21EF1A6A9139C9FD2A38E59AFB466F9A_69/INPUTFILES/data_044465681.root
Running: cp /star/data01/pwg/xiatong/AMPT/14GeV/data_044565671.root /tmp/maxwoo/21EF1A6A9139C9FD2A38E59AFB466F9A_69/INPUTFILES/data_044565671.root
Running: cp /star/data01/pwg/xiatong/AMPT/14GeV/data_044665631.root /tmp/maxwoo/21EF1A6A9139C9FD2A38E59AFB466F9A_69/INPUTFILES/data_044665631.root
Running: cp /star/data01/pwg/xiatong/AMPT/14GeV/data_044665641.root /tmp/maxwoo/21EF1A6A9139C9FD2A38E59AFB466F9A_69/INPUTFILES/data_044665641.root
Running: cp /star/data01/pwg/xiatong/AMPT/14GeV/data_044665651.root /tmp/maxwoo/21EF1A6A9139C9FD2A38E59AFB466F9A_69/INPUTFILES/data_044665651.root
Running: cp /star/data01/pwg/xiatong/AMPT/14GeV/data_044665661.root /tmp/maxwoo/21EF1A6A9139C9FD2A38E59AFB466F9A_69/INPUTFILES/data_044665661.root
Running: cp /star/data01/pwg/xiatong/AMPT/14GeV/data_045065871.root /tmp/maxwoo/21EF1A6A9139C9FD2A38E59AFB466F9A_69/INPUTFILES/data_045065871.root
Running: cp /star/data01/pwg/xiatong/AMPT/14GeV/data_045121371.root /tmp/maxwoo/21EF1A6A9139C9FD2A38E59AFB466F9A_69/INPUTFILES/data_045121371.root
Running: cp /star/data01/pwg/xiatong/AMPT/14GeV/data_045121381.root /tmp/maxwoo/21EF1A6A9139C9FD2A38E59AFB466F9A_69/INPUTFILES/data_045121381.root
Running: cp /star/data01/pwg/xiatong/AMPT/14GeV/data_045121391.root /tmp/maxwoo/21EF1A6A9139C9FD2A38E59AFB466F9A_69/INPUTFILES/data_045121391.root
Running: cp /star/data01/pwg/xiatong/AMPT/14GeV/data_045146481.root /tmp/maxwoo/21EF1A6A9139C9FD2A38E59AFB466F9A_69/INPUTFILES/data_045146481.root
Running: cp /star/data01/pwg/xiatong/AMPT/14GeV/data_045146491.root /tmp/maxwoo/21EF1A6A9139C9FD2A38E59AFB466F9A_69/INPUTFILES/data_045146491.root
Running: cp /star/data01/pwg/xiatong/AMPT/14GeV/data_045151061.root /tmp/maxwoo/21EF1A6A9139C9FD2A38E59AFB466F9A_69/INPUTFILES/data_045151061.root
Running: cp /star/data01/pwg/xiatong/AMPT/14GeV/data_045151301.root /tmp/maxwoo/21EF1A6A9139C9FD2A38E59AFB466F9A_69/INPUTFILES/data_045151301.root
Running: cp /star/data01/pwg/xiatong/AMPT/14GeV/data_045171841.root /tmp/maxwoo/21EF1A6A9139C9FD2A38E59AFB466F9A_69/INPUTFILES/data_045171841.root
Running: cp /star/data01/pwg/xiatong/AMPT/14GeV/data_045177601.root /tmp/maxwoo/21EF1A6A9139C9FD2A38E59AFB466F9A_69/INPUTFILES/data_045177601.root
Running: cp /star/data01/pwg/xiatong/AMPT/14GeV/data_045177611.root /tmp/maxwoo/21EF1A6A9139C9FD2A38E59AFB466F9A_69/INPUTFILES/data_045177611.root
Swapping $FILELIST with: /tmp/maxwoo/21EF1A6A9139C9FD2A38E59AFB466F9A_69/INPUTFILES/21EF1A6A9139C9FD2A38E59AFB466F9A_69.local.list
+++++++++++local copy debug++++++++++++++++++++
newFileList: /tmp/maxwoo/21EF1A6A9139C9FD2A38E59AFB466F9A_69/INPUTFILES/21EF1A6A9139C9FD2A38E59AFB466F9A_69.local.list
++++++++++++++++cat FILELIST+++++++++++++++++++
/tmp/maxwoo/21EF1A6A9139C9FD2A38E59AFB466F9A_69/INPUTFILES/data_044103701.root 
/tmp/maxwoo/21EF1A6A9139C9FD2A38E59AFB466F9A_69/INPUTFILES/data_044105071.root 
/tmp/maxwoo/21EF1A6A9139C9FD2A38E59AFB466F9A_69/INPUTFILES/data_044105081.root 
/tmp/maxwoo/21EF1A6A9139C9FD2A38E59AFB466F9A_69/INPUTFILES/data_044107181.root 
/tmp/maxwoo/21EF1A6A9139C9FD2A38E59AFB466F9A_69/INPUTFILES/data_044121401.root 
/tmp/maxwoo/21EF1A6A9139C9FD2A38E59AFB466F9A_69/INPUTFILES/data_044121411.root 
/tmp/maxwoo/21EF1A6A9139C9FD2A38E59AFB466F9A_69/INPUTFILES/data_044121421.root 
/tmp/maxwoo/21EF1A6A9139C9FD2A38E59AFB466F9A_69/INPUTFILES/data_044165721.root 
/tmp/maxwoo/21EF1A6A9139C9FD2A38E59AFB466F9A_69/INPUTFILES/data_044182181.root 
/tmp/maxwoo/21EF1A6A9139C9FD2A38E59AFB466F9A_69/INPUTFILES/data_044195311.root 
/tmp/maxwoo/21EF1A6A9139C9FD2A38E59AFB466F9A_69/INPUTFILES/data_044195321.root 
/tmp/maxwoo/21EF1A6A9139C9FD2A38E59AFB466F9A_69/INPUTFILES/data_044195381.root 
/tmp/maxwoo/21EF1A6A9139C9FD2A38E59AFB466F9A_69/INPUTFILES/data_044195391.root 
/tmp/maxwoo/21EF1A6A9139C9FD2A38E59AFB466F9A_69/INPUTFILES/data_044195421.root 
/tmp/maxwoo/21EF1A6A9139C9FD2A38E59AFB466F9A_69/INPUTFILES/data_044195431.root 
/tmp/maxwoo/21EF1A6A9139C9FD2A38E59AFB466F9A_69/INPUTFILES/data_044195441.root 
/tmp/maxwoo/21EF1A6A9139C9FD2A38E59AFB466F9A_69/INPUTFILES/data_044195731.root 
/tmp/maxwoo/21EF1A6A9139C9FD2A38E59AFB466F9A_69/INPUTFILES/data_044265701.root 
/tmp/maxwoo/21EF1A6A9139C9FD2A38E59AFB466F9A_69/INPUTFILES/data_044265711.root 
/tmp/maxwoo/21EF1A6A9139C9FD2A38E59AFB466F9A_69/INPUTFILES/data_044365691.root 
/tmp/maxwoo/21EF1A6A9139C9FD2A38E59AFB466F9A_69/INPUTFILES/data_044465681.root 
/tmp/maxwoo/21EF1A6A9139C9FD2A38E59AFB466F9A_69/INPUTFILES/data_044565671.root 
/tmp/maxwoo/21EF1A6A9139C9FD2A38E59AFB466F9A_69/INPUTFILES/data_044665631.root 
/tmp/maxwoo/21EF1A6A9139C9FD2A38E59AFB466F9A_69/INPUTFILES/data_044665641.root 
/tmp/maxwoo/21EF1A6A9139C9FD2A38E59AFB466F9A_69/INPUTFILES/data_044665651.root 
/tmp/maxwoo/21EF1A6A9139C9FD2A38E59AFB466F9A_69/INPUTFILES/data_044665661.root 
/tmp/maxwoo/21EF1A6A9139C9FD2A38E59AFB466F9A_69/INPUTFILES/data_045065871.root 
/tmp/maxwoo/21EF1A6A9139C9FD2A38E59AFB466F9A_69/INPUTFILES/data_045121371.root 
/tmp/maxwoo/21EF1A6A9139C9FD2A38E59AFB466F9A_69/INPUTFILES/data_045121381.root 
/tmp/maxwoo/21EF1A6A9139C9FD2A38E59AFB466F9A_69/INPUTFILES/data_045121391.root 
/tmp/maxwoo/21EF1A6A9139C9FD2A38E59AFB466F9A_69/INPUTFILES/data_045146481.root 
/tmp/maxwoo/21EF1A6A9139C9FD2A38E59AFB466F9A_69/INPUTFILES/data_045146491.root 
/tmp/maxwoo/21EF1A6A9139C9FD2A38E59AFB466F9A_69/INPUTFILES/data_045151061.root 
/tmp/maxwoo/21EF1A6A9139C9FD2A38E59AFB466F9A_69/INPUTFILES/data_045151301.root 
/tmp/maxwoo/21EF1A6A9139C9FD2A38E59AFB466F9A_69/INPUTFILES/data_045171841.root 
/tmp/maxwoo/21EF1A6A9139C9FD2A38E59AFB466F9A_69/INPUTFILES/data_045177601.root 
/tmp/maxwoo/21EF1A6A9139C9FD2A38E59AFB466F9A_69/INPUTFILES/data_045177611.root 
++++++++++++++++++++find.++++++++++++++++++++++
.
./INPUTFILES
./INPUTFILES/data_044665661.root
./INPUTFILES/data_045121371.root
./INPUTFILES/data_044195381.root
./INPUTFILES/data_044103701.root
./INPUTFILES/data_044195431.root
./INPUTFILES/data_045146491.root
./INPUTFILES/data_044105071.root
./INPUTFILES/data_044165721.root
./INPUTFILES/data_044365691.root
./INPUTFILES/data_044107181.root
./INPUTFILES/data_044195311.root
./INPUTFILES/data_044195421.root
./INPUTFILES/data_045177601.root
./INPUTFILES/data_045151061.root
./INPUTFILES/data_045177611.root
./INPUTFILES/data_045121381.root
./INPUTFILES/data_044182181.root
./INPUTFILES/data_044195731.root
./INPUTFILES/data_044265701.root
./INPUTFILES/data_044121401.root
./INPUTFILES/data_044105081.root
./INPUTFILES/data_044195391.root
./INPUTFILES/data_044465681.root
./INPUTFILES/data_044665631.root
./INPUTFILES/data_045171841.root
./INPUTFILES/data_045065871.root
./INPUTFILES/data_044665651.root
./INPUTFILES/data_044665641.root
./INPUTFILES/data_044121411.root
./INPUTFILES/data_045151301.root
./INPUTFILES/21EF1A6A9139C9FD2A38E59AFB466F9A_69.local.list
./INPUTFILES/data_044265711.root
./INPUTFILES/data_044121421.root
./INPUTFILES/data_045121391.root
./INPUTFILES/data_044195321.root
./INPUTFILES/data_045146481.root
./INPUTFILES/data_044565671.root
./INPUTFILES/data_044195441.root
./.sandboxFiles
./check_S.C
./lib
./lib/my_particle_cpp.so
./lib/CenMaker_cpp.d
./lib/NpartNormalizer_cpp_ACLiC_dict_rdict.pcm
./lib/CenMaker_cpp_ACLiC_dict_rdict.pcm
./lib/NpartNormalizer.h
./lib/CenMaker_cpp.so
./lib/my_event.h
./lib/MixedBuffer.h
./lib/CenMaker.h
./lib/MixedBuffer_cpp.d
./lib/MixedBuffer.cpp
./lib/my_particle_cpp_ACLiC_dict_rdict.pcm
./lib/my_event_cpp_ACLiC_dict_rdict.pcm
./lib/my_particle.h
./lib/NpartNormalizer_cpp.so
./lib/my_event_cpp.d
./lib/MixedBuffer_cpp_ACLiC_dict_rdict.pcm
./lib/CenMaker.cpp
./lib/MixedBuffer_cpp.so
./lib/my_particle_cpp.d
./lib/NpartNormalizer_cpp.d
./lib/NpartNormalizer.cpp
./lib/my_event_cpp.so
./lib/my_event.cpp
./lib/my_particle.cpp
./.output.log
./Check_Sness.C
./.errror.log
++++++++++++++++INPUTFILE Var++++++++++++++++++
FILELIST=/tmp/maxwoo/21EF1A6A9139C9FD2A38E59AFB466F9A_69/INPUTFILES/21EF1A6A9139C9FD2A38E59AFB466F9A_69.local.list
INPUTFILECOUNT=37
INPUTFILE0=/tmp/maxwoo/21EF1A6A9139C9FD2A38E59AFB466F9A_69/INPUTFILES/data_044103701.root
INPUTFILE1=/tmp/maxwoo/21EF1A6A9139C9FD2A38E59AFB466F9A_69/INPUTFILES/data_044105071.root
INPUTFILE2=/tmp/maxwoo/21EF1A6A9139C9FD2A38E59AFB466F9A_69/INPUTFILES/data_044105081.root
INPUTFILE3=/tmp/maxwoo/21EF1A6A9139C9FD2A38E59AFB466F9A_69/INPUTFILES/data_044107181.root
INPUTFILE4=/tmp/maxwoo/21EF1A6A9139C9FD2A38E59AFB466F9A_69/INPUTFILES/data_044121401.root
INPUTFILE5=/tmp/maxwoo/21EF1A6A9139C9FD2A38E59AFB466F9A_69/INPUTFILES/data_044121411.root
INPUTFILE6=/tmp/maxwoo/21EF1A6A9139C9FD2A38E59AFB466F9A_69/INPUTFILES/data_044121421.root
INPUTFILE7=/tmp/maxwoo/21EF1A6A9139C9FD2A38E59AFB466F9A_69/INPUTFILES/data_044165721.root
INPUTFILE8=/tmp/maxwoo/21EF1A6A9139C9FD2A38E59AFB466F9A_69/INPUTFILES/data_044182181.root
INPUTFILE9=/tmp/maxwoo/21EF1A6A9139C9FD2A38E59AFB466F9A_69/INPUTFILES/data_044195311.root
INPUTFILE10=/tmp/maxwoo/21EF1A6A9139C9FD2A38E59AFB466F9A_69/INPUTFILES/data_044195321.root
INPUTFILE11=/tmp/maxwoo/21EF1A6A9139C9FD2A38E59AFB466F9A_69/INPUTFILES/data_044195381.root
INPUTFILE12=/tmp/maxwoo/21EF1A6A9139C9FD2A38E59AFB466F9A_69/INPUTFILES/data_044195391.root
INPUTFILE13=/tmp/maxwoo/21EF1A6A9139C9FD2A38E59AFB466F9A_69/INPUTFILES/data_044195421.root
INPUTFILE14=/tmp/maxwoo/21EF1A6A9139C9FD2A38E59AFB466F9A_69/INPUTFILES/data_044195431.root
INPUTFILE15=/tmp/maxwoo/21EF1A6A9139C9FD2A38E59AFB466F9A_69/INPUTFILES/data_044195441.root
INPUTFILE16=/tmp/maxwoo/21EF1A6A9139C9FD2A38E59AFB466F9A_69/INPUTFILES/data_044195731.root
INPUTFILE17=/tmp/maxwoo/21EF1A6A9139C9FD2A38E59AFB466F9A_69/INPUTFILES/data_044265701.root
INPUTFILE18=/tmp/maxwoo/21EF1A6A9139C9FD2A38E59AFB466F9A_69/INPUTFILES/data_044265711.root
INPUTFILE19=/tmp/maxwoo/21EF1A6A9139C9FD2A38E59AFB466F9A_69/INPUTFILES/data_044365691.root
INPUTFILE20=/tmp/maxwoo/21EF1A6A9139C9FD2A38E59AFB466F9A_69/INPUTFILES/data_044465681.root
INPUTFILE21=/tmp/maxwoo/21EF1A6A9139C9FD2A38E59AFB466F9A_69/INPUTFILES/data_044565671.root
INPUTFILE22=/tmp/maxwoo/21EF1A6A9139C9FD2A38E59AFB466F9A_69/INPUTFILES/data_044665631.root
INPUTFILE23=/tmp/maxwoo/21EF1A6A9139C9FD2A38E59AFB466F9A_69/INPUTFILES/data_044665641.root
INPUTFILE24=/tmp/maxwoo/21EF1A6A9139C9FD2A38E59AFB466F9A_69/INPUTFILES/data_044665651.root
INPUTFILE25=/tmp/maxwoo/21EF1A6A9139C9FD2A38E59AFB466F9A_69/INPUTFILES/data_044665661.root
INPUTFILE26=/tmp/maxwoo/21EF1A6A9139C9FD2A38E59AFB466F9A_69/INPUTFILES/data_045065871.root
INPUTFILE27=/tmp/maxwoo/21EF1A6A9139C9FD2A38E59AFB466F9A_69/INPUTFILES/data_045121371.root
INPUTFILE28=/tmp/maxwoo/21EF1A6A9139C9FD2A38E59AFB466F9A_69/INPUTFILES/data_045121381.root
INPUTFILE29=/tmp/maxwoo/21EF1A6A9139C9FD2A38E59AFB466F9A_69/INPUTFILES/data_045121391.root
INPUTFILE30=/tmp/maxwoo/21EF1A6A9139C9FD2A38E59AFB466F9A_69/INPUTFILES/data_045146481.root
INPUTFILE31=/tmp/maxwoo/21EF1A6A9139C9FD2A38E59AFB466F9A_69/INPUTFILES/data_045146491.root
INPUTFILE32=/tmp/maxwoo/21EF1A6A9139C9FD2A38E59AFB466F9A_69/INPUTFILES/data_045151061.root
INPUTFILE33=/tmp/maxwoo/21EF1A6A9139C9FD2A38E59AFB466F9A_69/INPUTFILES/data_045151301.root
INPUTFILE34=/tmp/maxwoo/21EF1A6A9139C9FD2A38E59AFB466F9A_69/INPUTFILES/data_045171841.root
INPUTFILE35=/tmp/maxwoo/21EF1A6A9139C9FD2A38E59AFB466F9A_69/INPUTFILES/data_045177601.root
INPUTFILE36=/tmp/maxwoo/21EF1A6A9139C9FD2A38E59AFB466F9A_69/INPUTFILES/data_045177611.root
LocalInputFileDir=/tmp/maxwoo/21EF1A6A9139C9FD2A38E59AFB466F9A_69/INPUTFILES
NewFILELIST=/tmp/maxwoo/21EF1A6A9139C9FD2A38E59AFB466F9A_69/INPUTFILES/21EF1A6A9139C9FD2A38E59AFB466F9A_69.local.list
+++++++++++++++++++++++++++++++++++++++++++++++
--------------------------------
Simple Unified Meta Scheduler 1.10.50 we are starting in $SCRATCH : /home/tmp/maxwoo/21EF1A6A9139C9FD2A38E59AFB466F9A_69
--------------------------------
total 16
lrwxrwxrwx 1 maxwoo rhstar   61 Jun  2 11:42 check_S.C -> /gpfs/mnt/gpfs01/star/pwg/xiatong/git/strangeness/./check_S.C
lrwxrwxrwx 1 maxwoo rhstar   65 Jun  2 11:42 Check_Sness.C -> /gpfs/mnt/gpfs01/star/pwg/xiatong/git/strangeness/./Check_Sness.C
drwxr-xr-x 2 maxwoo rhstar 4096 Jun  2 11:49 INPUTFILES
drwxr-xr-x 2 maxwoo rhstar 4096 Jun  2 11:42 lib
  *******************************************
  *                                         *
  *        W E L C O M E  to  R O O T       *
  *                                         *
  *   Version   5.34/38     12 March 2018   *
  *                                         *
  *  You are welcome to visit our Web site  *
  *          http://root.cern.ch            *
  *                                         *
  *******************************************

ROOT 5.34/38 (v5-34-38@v5-34-38, Mar 12 2018, 15:49:39 on linux)

CINT/ROOT C/C++ Interpreter version 5.18.00, July 2, 2010
Type ? for help. Commands must be C++ statements.
Enclose multiple statements between { }.
*** Float Point Exception is OFF ***
 *** Start at Date : Thu Jun  2 11:49:39 2022
QAInfo:You are using STAR_LEVEL : dev, ROOT_LEVEL : 5.34.38 and node : spool0102.sdcc.bnl.gov 

Processing check_S.C++("/tmp/maxwoo/21EF1A6A9139C9FD2A38E59AFB466F9A_69/INPUTFILES/21EF1A6A9139C9FD2A38E59AFB466F9A_69.local.list","21EF1A6A9139C9FD2A38E59AFB466F9A_69",1)...
/tmp/maxwoo/21EF1A6A9139C9FD2A38E59AFB466F9A_69/INPUTFILES/data_044103701.root 
/tmp/maxwoo/21EF1A6A9139C9FD2A38E59AFB466F9A_69/INPUTFILES/data_044105071.root 
/tmp/maxwoo/21EF1A6A9139C9FD2A38E59AFB466F9A_69/INPUTFILES/data_044105081.root 
/tmp/maxwoo/21EF1A6A9139C9FD2A38E59AFB466F9A_69/INPUTFILES/data_044107181.root 
/tmp/maxwoo/21EF1A6A9139C9FD2A38E59AFB466F9A_69/INPUTFILES/data_044121401.root 
/tmp/maxwoo/21EF1A6A9139C9FD2A38E59AFB466F9A_69/INPUTFILES/data_044121411.root 
/tmp/maxwoo/21EF1A6A9139C9FD2A38E59AFB466F9A_69/INPUTFILES/data_044121421.root 
/tmp/maxwoo/21EF1A6A9139C9FD2A38E59AFB466F9A_69/INPUTFILES/data_044165721.root 
/tmp/maxwoo/21EF1A6A9139C9FD2A38E59AFB466F9A_69/INPUTFILES/data_044182181.root 
/tmp/maxwoo/21EF1A6A9139C9FD2A38E59AFB466F9A_69/INPUTFILES/data_044195311.root 
/tmp/maxwoo/21EF1A6A9139C9FD2A38E59AFB466F9A_69/INPUTFILES/data_044195321.root 
/tmp/maxwoo/21EF1A6A9139C9FD2A38E59AFB466F9A_69/INPUTFILES/data_044195381.root 
/tmp/maxwoo/21EF1A6A9139C9FD2A38E59AFB466F9A_69/INPUTFILES/data_044195391.root 
/tmp/maxwoo/21EF1A6A9139C9FD2A38E59AFB466F9A_69/INPUTFILES/data_044195421.root 
/tmp/maxwoo/21EF1A6A9139C9FD2A38E59AFB466F9A_69/INPUTFILES/data_044195431.root 
/tmp/maxwoo/21EF1A6A9139C9FD2A38E59AFB466F9A_69/INPUTFILES/data_044195441.root 
/tmp/maxwoo/21EF1A6A9139C9FD2A38E59AFB466F9A_69/INPUTFILES/data_044195731.root 
/tmp/maxwoo/21EF1A6A9139C9FD2A38E59AFB466F9A_69/INPUTFILES/data_044265701.root 
/tmp/maxwoo/21EF1A6A9139C9FD2A38E59AFB466F9A_69/INPUTFILES/data_044265711.root 
/tmp/maxwoo/21EF1A6A9139C9FD2A38E59AFB466F9A_69/INPUTFILES/data_044365691.root 
/tmp/maxwoo/21EF1A6A9139C9FD2A38E59AFB466F9A_69/INPUTFILES/data_044465681.root 
/tmp/maxwoo/21EF1A6A9139C9FD2A38E59AFB466F9A_69/INPUTFILES/data_044565671.root 
/tmp/maxwoo/21EF1A6A9139C9FD2A38E59AFB466F9A_69/INPUTFILES/data_044665631.root 
/tmp/maxwoo/21EF1A6A9139C9FD2A38E59AFB466F9A_69/INPUTFILES/data_044665641.root 
/tmp/maxwoo/21EF1A6A9139C9FD2A38E59AFB466F9A_69/INPUTFILES/data_044665651.root 
/tmp/maxwoo/21EF1A6A9139C9FD2A38E59AFB466F9A_69/INPUTFILES/data_044665661.root 
/tmp/maxwoo/21EF1A6A9139C9FD2A38E59AFB466F9A_69/INPUTFILES/data_045065871.root 
/tmp/maxwoo/21EF1A6A9139C9FD2A38E59AFB466F9A_69/INPUTFILES/data_045121371.root 
/tmp/maxwoo/21EF1A6A9139C9FD2A38E59AFB466F9A_69/INPUTFILES/data_045121381.root 
/tmp/maxwoo/21EF1A6A9139C9FD2A38E59AFB466F9A_69/INPUTFILES/data_045121391.root 
/tmp/maxwoo/21EF1A6A9139C9FD2A38E59AFB466F9A_69/INPUTFILES/data_045146481.root 
/tmp/maxwoo/21EF1A6A9139C9FD2A38E59AFB466F9A_69/INPUTFILES/data_045146491.root 
/tmp/maxwoo/21EF1A6A9139C9FD2A38E59AFB466F9A_69/INPUTFILES/data_045151061.root 
/tmp/maxwoo/21EF1A6A9139C9FD2A38E59AFB466F9A_69/INPUTFILES/data_045151301.root 
/tmp/maxwoo/21EF1A6A9139C9FD2A38E59AFB466F9A_69/INPUTFILES/data_045171841.root 
/tmp/maxwoo/21EF1A6A9139C9FD2A38E59AFB466F9A_69/INPUTFILES/data_045177601.root 
/tmp/maxwoo/21EF1A6A9139C9FD2A38E59AFB466F9A_69/INPUTFILES/data_045177611.root 
Added 37 files
# entries in chain: 36698
Processing entry == 1000 == out of 36698.
Processing entry == 2000 == out of 36698.
Processing entry == 3000 == out of 36698.
Processing entry == 4000 == out of 36698.
Processing entry == 5000 == out of 36698.
Processing entry == 6000 == out of 36698.
Processing entry == 7000 == out of 36698.
Processing entry == 8000 == out of 36698.
Processing entry == 9000 == out of 36698.
Processing entry == 10000 == out of 36698.
Processing entry == 11000 == out of 36698.
Processing entry == 12000 == out of 36698.
Processing entry == 13000 == out of 36698.
Processing entry == 14000 == out of 36698.
Processing entry == 15000 == out of 36698.
Processing entry == 16000 == out of 36698.
Processing entry == 17000 == out of 36698.
Processing entry == 18000 == out of 36698.
Processing entry == 19000 == out of 36698.
Processing entry == 20000 == out of 36698.
Processing entry == 21000 == out of 36698.
Processing entry == 22000 == out of 36698.
Processing entry == 23000 == out of 36698.
Processing entry == 24000 == out of 36698.
Processing entry == 25000 == out of 36698.
Processing entry == 26000 == out of 36698.
Processing entry == 27000 == out of 36698.
Processing entry == 28000 == out of 36698.
Processing entry == 29000 == out of 36698.
Processing entry == 30000 == out of 36698.
Processing entry == 31000 == out of 36698.
Processing entry == 32000 == out of 36698.
Processing entry == 33000 == out of 36698.
Processing entry == 34000 == out of 36698.
Processing entry == 35000 == out of 36698.
Processing entry == 36000 == out of 36698.

This is the end of ROOT -- Goodbye

Cleaning up sandbox file:  /tmp/maxwoo/21EF1A6A9139C9FD2A38E59AFB466F9A_69/check_S.C
Cleaning up sandbox file:  /tmp/maxwoo/21EF1A6A9139C9FD2A38E59AFB466F9A_69/Check_Sness.C
Cleaning up sandbox file:  /tmp/maxwoo/21EF1A6A9139C9FD2A38E59AFB466F9A_69/lib
Cleaning up sandbox file:  /tmp/maxwoo/21EF1A6A9139C9FD2A38E59AFB466F9A_69/.sandboxFiles
Starting copy block
Running copy command:  /bin/cp -fp /tmp/maxwoo/21EF1A6A9139C9FD2A38E59AFB466F9A_69/out_21EF1A6A9139C9FD2A38E59AFB466F9A_69.root /star/data01/pwg/xiatong/git/strangeness/data/
137747 Execution of (/star/data01/pwg/xiatong/git/strangeness/script/sched21EF1A6A9139C9FD2A38E59AFB466F9A_69.csh ) has ended, exiting normally
137747 We END on [Thu Jun  2 12:08:02 EDT 2022]
