We are starting on node: spool0540.sdcc.bnl.gov
HOME is not defined
Using getent method
HOME is now /star/u/maxwoo
23846 We will spawn ourselves (/star/data01/pwg/xiatong/git/strangeness/script/sched21EF1A6A9139C9FD2A38E59AFB466F9A_1532.csh )
23846 We BEGIN on [Thu Jun  2 11:15:10 EDT 2022]
[1] 24075
23846 We are waiting for 24075 
23846 Grandchild PID is 24311 - found in 10 x 1 seconds
23846 Establishing first watcher   on    Thu Jun  2 11:15:21 EDT 2022
23846 Process tree is 23846 (main) -> 24075 (child) -> 24311 (grandchild)
F S   UID   PID  PPID  C PRI  NI ADDR SZ WCHAN  TTY        TIME CMD
0 D 100667 24311 24075  0 80   0 - 32311 cxiWai ?          0:00 cp /star/data01/pwg/xiatong/AMPT/14GeV/data_544163021.root /tmp/maxwoo/21EF1A6A9139C9FD2A38E59AFB466F9A_1532/INPUTFILES/data_544163021.root
23846 Grandchild PID is 25617 - found in 20 x 2 seconds
23846 Grandchild to watch has changed on Thu Jun  2 11:15:42 EDT 2022
23846 Process tree is 23846 (main) -> 24075 (child) -> 25617 (grandchild)
F S   UID   PID  PPID  C PRI  NI ADDR SZ WCHAN  TTY        TIME CMD
0 D 100667 25617 24075  0 80   0 - 32311 cxiWai ?          0:00 cp /star/data01/pwg/xiatong/AMPT/14GeV/data_544168371.root /tmp/maxwoo/21EF1A6A9139C9FD2A38E59AFB466F9A_1532/INPUTFILES/data_544168371.root
23846 Grandchild PID is 27068 - found in 30 x 2 seconds
23846 Grandchild to watch has changed on Thu Jun  2 11:16:03 EDT 2022
23846 Process tree is 23846 (main) -> 24075 (child) -> 27068 (grandchild)
F S   UID   PID  PPID  C PRI  NI ADDR SZ WCHAN  TTY        TIME CMD
0 D 100667 27068 24075  0 80   0 - 32311 cxiWai ?          0:00 cp /star/data01/pwg/xiatong/AMPT/14GeV/data_544168421.root /tmp/maxwoo/21EF1A6A9139C9FD2A38E59AFB466F9A_1532/INPUTFILES/data_544168421.root
23846 Grandchild PID is 28599 - found in 40 x 2 seconds
23846 Grandchild to watch has changed on Thu Jun  2 11:16:23 EDT 2022
23846 Process tree is 23846 (main) -> 24075 (child) -> 28599 (grandchild)
F S   UID   PID  PPID  C PRI  NI ADDR SZ WCHAN  TTY        TIME CMD
0 D 100667 28599 24075  0 80   0 - 32311 cxiWai ?          0:00 cp /star/data01/pwg/xiatong/AMPT/14GeV/data_544191511.root /tmp/maxwoo/21EF1A6A9139C9FD2A38E59AFB466F9A_1532/INPUTFILES/data_544191511.root
23846 Grandchild PID is 29495 - found in 50 x 2 seconds
23846 Grandchild to watch has changed on Thu Jun  2 11:16:44 EDT 2022
23846 Process tree is 23846 (main) -> 24075 (child) -> 29495 (grandchild)
F S   UID   PID  PPID  C PRI  NI ADDR SZ WCHAN  TTY        TIME CMD
0 D 100667 29495 24075  0 80   0 - 32311 cxiWai ?          0:00 cp /star/data01/pwg/xiatong/AMPT/14GeV/data_544192141.root /tmp/maxwoo/21EF1A6A9139C9FD2A38E59AFB466F9A_1532/INPUTFILES/data_544192141.root
23846 Grandchild PID is 30833 - found in 60 x 2 seconds
23846 Grandchild to watch has changed on Thu Jun  2 11:17:05 EDT 2022
23846 Process tree is 23846 (main) -> 24075 (child) -> 30833 (grandchild)
F S   UID   PID  PPID  C PRI  NI ADDR SZ WCHAN  TTY        TIME CMD
0 D 100667 30833 24075  0 80   0 - 32311 cxiWai ?          0:00 cp /star/data01/pwg/xiatong/AMPT/14GeV/data_544379621.root /tmp/maxwoo/21EF1A6A9139C9FD2A38E59AFB466F9A_1532/INPUTFILES/data_544379621.root
23846 Grandchild PID is 32441 - found in 70 x 2 seconds
23846 Grandchild to watch has changed on Thu Jun  2 11:17:26 EDT 2022
23846 Process tree is 23846 (main) -> 24075 (child) -> 32441 (grandchild)
F S   UID   PID  PPID  C PRI  NI ADDR SZ WCHAN  TTY        TIME CMD
0 D 100667 32441 24075  0 80   0 - 32311 cxiWai ?          0:00 cp /star/data01/pwg/xiatong/AMPT/14GeV/data_544779591.root /tmp/maxwoo/21EF1A6A9139C9FD2A38E59AFB466F9A_1532/INPUTFILES/data_544779591.root
23846 Grandchild PID is 33191 - found in 80 x 2 seconds
23846 Grandchild to watch has changed on Thu Jun  2 11:17:47 EDT 2022
23846 Process tree is 23846 (main) -> 24075 (child) -> 33191 (grandchild)
F S   UID   PID  PPID  C PRI  NI ADDR SZ WCHAN  TTY        TIME CMD
0 S 100667 33191 24075  0 80   0 -  1272 do_wai ?          0:00 root -b -q check_S.C++("/tmp/maxwoo/21EF1A6A9139C9FD2A38E59AFB466F9A_1532/INPUTFILES/21EF1A6A9139C9FD2A38E59AFB466F9A_1532.local.list","21EF1A6A9139C9FD2A38E59AFB466F9A_1532",1)
24075 Stepping into the main SUMS wrapper program with []
.... building sandbox
Running: cp /star/data01/pwg/xiatong/AMPT/14GeV/data_544163021.root /tmp/maxwoo/21EF1A6A9139C9FD2A38E59AFB466F9A_1532/INPUTFILES/data_544163021.root
Running: cp /star/data01/pwg/xiatong/AMPT/14GeV/data_544163031.root /tmp/maxwoo/21EF1A6A9139C9FD2A38E59AFB466F9A_1532/INPUTFILES/data_544163031.root
Running: cp /star/data01/pwg/xiatong/AMPT/14GeV/data_544163041.root /tmp/maxwoo/21EF1A6A9139C9FD2A38E59AFB466F9A_1532/INPUTFILES/data_544163041.root
Running: cp /star/data01/pwg/xiatong/AMPT/14GeV/data_544163051.root /tmp/maxwoo/21EF1A6A9139C9FD2A38E59AFB466F9A_1532/INPUTFILES/data_544163051.root
Running: cp /star/data01/pwg/xiatong/AMPT/14GeV/data_544163131.root /tmp/maxwoo/21EF1A6A9139C9FD2A38E59AFB466F9A_1532/INPUTFILES/data_544163131.root
Running: cp /star/data01/pwg/xiatong/AMPT/14GeV/data_544163271.root /tmp/maxwoo/21EF1A6A9139C9FD2A38E59AFB466F9A_1532/INPUTFILES/data_544163271.root
Running: cp /star/data01/pwg/xiatong/AMPT/14GeV/data_544163321.root /tmp/maxwoo/21EF1A6A9139C9FD2A38E59AFB466F9A_1532/INPUTFILES/data_544163321.root
Running: cp /star/data01/pwg/xiatong/AMPT/14GeV/data_544166591.root /tmp/maxwoo/21EF1A6A9139C9FD2A38E59AFB466F9A_1532/INPUTFILES/data_544166591.root
Running: cp /star/data01/pwg/xiatong/AMPT/14GeV/data_544168371.root /tmp/maxwoo/21EF1A6A9139C9FD2A38E59AFB466F9A_1532/INPUTFILES/data_544168371.root
Running: cp /star/data01/pwg/xiatong/AMPT/14GeV/data_544168381.root /tmp/maxwoo/21EF1A6A9139C9FD2A38E59AFB466F9A_1532/INPUTFILES/data_544168381.root
Running: cp /star/data01/pwg/xiatong/AMPT/14GeV/data_544168401.root /tmp/maxwoo/21EF1A6A9139C9FD2A38E59AFB466F9A_1532/INPUTFILES/data_544168401.root
Running: cp /star/data01/pwg/xiatong/AMPT/14GeV/data_544168421.root /tmp/maxwoo/21EF1A6A9139C9FD2A38E59AFB466F9A_1532/INPUTFILES/data_544168421.root
Running: cp /star/data01/pwg/xiatong/AMPT/14GeV/data_544171911.root /tmp/maxwoo/21EF1A6A9139C9FD2A38E59AFB466F9A_1532/INPUTFILES/data_544171911.root
Running: cp /star/data01/pwg/xiatong/AMPT/14GeV/data_544175641.root /tmp/maxwoo/21EF1A6A9139C9FD2A38E59AFB466F9A_1532/INPUTFILES/data_544175641.root
Running: cp /star/data01/pwg/xiatong/AMPT/14GeV/data_544179181.root /tmp/maxwoo/21EF1A6A9139C9FD2A38E59AFB466F9A_1532/INPUTFILES/data_544179181.root
Running: cp /star/data01/pwg/xiatong/AMPT/14GeV/data_544179251.root /tmp/maxwoo/21EF1A6A9139C9FD2A38E59AFB466F9A_1532/INPUTFILES/data_544179251.root
Running: cp /star/data01/pwg/xiatong/AMPT/14GeV/data_544179261.root /tmp/maxwoo/21EF1A6A9139C9FD2A38E59AFB466F9A_1532/INPUTFILES/data_544179261.root
Running: cp /star/data01/pwg/xiatong/AMPT/14GeV/data_544179631.root /tmp/maxwoo/21EF1A6A9139C9FD2A38E59AFB466F9A_1532/INPUTFILES/data_544179631.root
Running: cp /star/data01/pwg/xiatong/AMPT/14GeV/data_544191511.root /tmp/maxwoo/21EF1A6A9139C9FD2A38E59AFB466F9A_1532/INPUTFILES/data_544191511.root
Running: cp /star/data01/pwg/xiatong/AMPT/14GeV/data_544192141.root /tmp/maxwoo/21EF1A6A9139C9FD2A38E59AFB466F9A_1532/INPUTFILES/data_544192141.root
Running: cp /star/data01/pwg/xiatong/AMPT/14GeV/data_544192171.root /tmp/maxwoo/21EF1A6A9139C9FD2A38E59AFB466F9A_1532/INPUTFILES/data_544192171.root
Running: cp /star/data01/pwg/xiatong/AMPT/14GeV/data_544192181.root /tmp/maxwoo/21EF1A6A9139C9FD2A38E59AFB466F9A_1532/INPUTFILES/data_544192181.root
Running: cp /star/data01/pwg/xiatong/AMPT/14GeV/data_544193461.root /tmp/maxwoo/21EF1A6A9139C9FD2A38E59AFB466F9A_1532/INPUTFILES/data_544193461.root
Running: cp /star/data01/pwg/xiatong/AMPT/14GeV/data_544215931.root /tmp/maxwoo/21EF1A6A9139C9FD2A38E59AFB466F9A_1532/INPUTFILES/data_544215931.root
Running: cp /star/data01/pwg/xiatong/AMPT/14GeV/data_544379621.root /tmp/maxwoo/21EF1A6A9139C9FD2A38E59AFB466F9A_1532/INPUTFILES/data_544379621.root
Running: cp /star/data01/pwg/xiatong/AMPT/14GeV/data_544418371.root /tmp/maxwoo/21EF1A6A9139C9FD2A38E59AFB466F9A_1532/INPUTFILES/data_544418371.root
Running: cp /star/data01/pwg/xiatong/AMPT/14GeV/data_544479611.root /tmp/maxwoo/21EF1A6A9139C9FD2A38E59AFB466F9A_1532/INPUTFILES/data_544479611.root
Running: cp /star/data01/pwg/xiatong/AMPT/14GeV/data_544511471.root /tmp/maxwoo/21EF1A6A9139C9FD2A38E59AFB466F9A_1532/INPUTFILES/data_544511471.root
Running: cp /star/data01/pwg/xiatong/AMPT/14GeV/data_544515901.root /tmp/maxwoo/21EF1A6A9139C9FD2A38E59AFB466F9A_1532/INPUTFILES/data_544515901.root
Running: cp /star/data01/pwg/xiatong/AMPT/14GeV/data_544515911.root /tmp/maxwoo/21EF1A6A9139C9FD2A38E59AFB466F9A_1532/INPUTFILES/data_544515911.root
Running: cp /star/data01/pwg/xiatong/AMPT/14GeV/data_544515921.root /tmp/maxwoo/21EF1A6A9139C9FD2A38E59AFB466F9A_1532/INPUTFILES/data_544515921.root
Running: cp /star/data01/pwg/xiatong/AMPT/14GeV/data_544615891.root /tmp/maxwoo/21EF1A6A9139C9FD2A38E59AFB466F9A_1532/INPUTFILES/data_544615891.root
Running: cp /star/data01/pwg/xiatong/AMPT/14GeV/data_544644241.root /tmp/maxwoo/21EF1A6A9139C9FD2A38E59AFB466F9A_1532/INPUTFILES/data_544644241.root
Running: cp /star/data01/pwg/xiatong/AMPT/14GeV/data_544659901.root /tmp/maxwoo/21EF1A6A9139C9FD2A38E59AFB466F9A_1532/INPUTFILES/data_544659901.root
Running: cp /star/data01/pwg/xiatong/AMPT/14GeV/data_544679601.root /tmp/maxwoo/21EF1A6A9139C9FD2A38E59AFB466F9A_1532/INPUTFILES/data_544679601.root
Running: cp /star/data01/pwg/xiatong/AMPT/14GeV/data_544715881.root /tmp/maxwoo/21EF1A6A9139C9FD2A38E59AFB466F9A_1532/INPUTFILES/data_544715881.root
Running: cp /star/data01/pwg/xiatong/AMPT/14GeV/data_544779591.root /tmp/maxwoo/21EF1A6A9139C9FD2A38E59AFB466F9A_1532/INPUTFILES/data_544779591.root
Swapping $FILELIST with: /tmp/maxwoo/21EF1A6A9139C9FD2A38E59AFB466F9A_1532/INPUTFILES/21EF1A6A9139C9FD2A38E59AFB466F9A_1532.local.list
+++++++++++local copy debug++++++++++++++++++++
newFileList: /tmp/maxwoo/21EF1A6A9139C9FD2A38E59AFB466F9A_1532/INPUTFILES/21EF1A6A9139C9FD2A38E59AFB466F9A_1532.local.list
++++++++++++++++cat FILELIST+++++++++++++++++++
/tmp/maxwoo/21EF1A6A9139C9FD2A38E59AFB466F9A_1532/INPUTFILES/data_544163021.root 
/tmp/maxwoo/21EF1A6A9139C9FD2A38E59AFB466F9A_1532/INPUTFILES/data_544163031.root 
/tmp/maxwoo/21EF1A6A9139C9FD2A38E59AFB466F9A_1532/INPUTFILES/data_544163041.root 
/tmp/maxwoo/21EF1A6A9139C9FD2A38E59AFB466F9A_1532/INPUTFILES/data_544163051.root 
/tmp/maxwoo/21EF1A6A9139C9FD2A38E59AFB466F9A_1532/INPUTFILES/data_544163131.root 
/tmp/maxwoo/21EF1A6A9139C9FD2A38E59AFB466F9A_1532/INPUTFILES/data_544163271.root 
/tmp/maxwoo/21EF1A6A9139C9FD2A38E59AFB466F9A_1532/INPUTFILES/data_544163321.root 
/tmp/maxwoo/21EF1A6A9139C9FD2A38E59AFB466F9A_1532/INPUTFILES/data_544166591.root 
/tmp/maxwoo/21EF1A6A9139C9FD2A38E59AFB466F9A_1532/INPUTFILES/data_544168371.root 
/tmp/maxwoo/21EF1A6A9139C9FD2A38E59AFB466F9A_1532/INPUTFILES/data_544168381.root 
/tmp/maxwoo/21EF1A6A9139C9FD2A38E59AFB466F9A_1532/INPUTFILES/data_544168401.root 
/tmp/maxwoo/21EF1A6A9139C9FD2A38E59AFB466F9A_1532/INPUTFILES/data_544168421.root 
/tmp/maxwoo/21EF1A6A9139C9FD2A38E59AFB466F9A_1532/INPUTFILES/data_544171911.root 
/tmp/maxwoo/21EF1A6A9139C9FD2A38E59AFB466F9A_1532/INPUTFILES/data_544175641.root 
/tmp/maxwoo/21EF1A6A9139C9FD2A38E59AFB466F9A_1532/INPUTFILES/data_544179181.root 
/tmp/maxwoo/21EF1A6A9139C9FD2A38E59AFB466F9A_1532/INPUTFILES/data_544179251.root 
/tmp/maxwoo/21EF1A6A9139C9FD2A38E59AFB466F9A_1532/INPUTFILES/data_544179261.root 
/tmp/maxwoo/21EF1A6A9139C9FD2A38E59AFB466F9A_1532/INPUTFILES/data_544179631.root 
/tmp/maxwoo/21EF1A6A9139C9FD2A38E59AFB466F9A_1532/INPUTFILES/data_544191511.root 
/tmp/maxwoo/21EF1A6A9139C9FD2A38E59AFB466F9A_1532/INPUTFILES/data_544192141.root 
/tmp/maxwoo/21EF1A6A9139C9FD2A38E59AFB466F9A_1532/INPUTFILES/data_544192171.root 
/tmp/maxwoo/21EF1A6A9139C9FD2A38E59AFB466F9A_1532/INPUTFILES/data_544192181.root 
/tmp/maxwoo/21EF1A6A9139C9FD2A38E59AFB466F9A_1532/INPUTFILES/data_544193461.root 
/tmp/maxwoo/21EF1A6A9139C9FD2A38E59AFB466F9A_1532/INPUTFILES/data_544215931.root 
/tmp/maxwoo/21EF1A6A9139C9FD2A38E59AFB466F9A_1532/INPUTFILES/data_544379621.root 
/tmp/maxwoo/21EF1A6A9139C9FD2A38E59AFB466F9A_1532/INPUTFILES/data_544418371.root 
/tmp/maxwoo/21EF1A6A9139C9FD2A38E59AFB466F9A_1532/INPUTFILES/data_544479611.root 
/tmp/maxwoo/21EF1A6A9139C9FD2A38E59AFB466F9A_1532/INPUTFILES/data_544511471.root 
/tmp/maxwoo/21EF1A6A9139C9FD2A38E59AFB466F9A_1532/INPUTFILES/data_544515901.root 
/tmp/maxwoo/21EF1A6A9139C9FD2A38E59AFB466F9A_1532/INPUTFILES/data_544515911.root 
/tmp/maxwoo/21EF1A6A9139C9FD2A38E59AFB466F9A_1532/INPUTFILES/data_544515921.root 
/tmp/maxwoo/21EF1A6A9139C9FD2A38E59AFB466F9A_1532/INPUTFILES/data_544615891.root 
/tmp/maxwoo/21EF1A6A9139C9FD2A38E59AFB466F9A_1532/INPUTFILES/data_544644241.root 
/tmp/maxwoo/21EF1A6A9139C9FD2A38E59AFB466F9A_1532/INPUTFILES/data_544659901.root 
/tmp/maxwoo/21EF1A6A9139C9FD2A38E59AFB466F9A_1532/INPUTFILES/data_544679601.root 
/tmp/maxwoo/21EF1A6A9139C9FD2A38E59AFB466F9A_1532/INPUTFILES/data_544715881.root 
/tmp/maxwoo/21EF1A6A9139C9FD2A38E59AFB466F9A_1532/INPUTFILES/data_544779591.root 
++++++++++++++++++++find.++++++++++++++++++++++
.
./.output.log
./lib
./lib/NpartNormalizer_cpp.so
./lib/CenMaker_cpp.so
./lib/MixedBuffer_cpp.so
./lib/CenMaker.h
./lib/my_particle_cpp_ACLiC_dict_rdict.pcm
./lib/MixedBuffer_cpp.d
./lib/my_event.cpp
./lib/my_particle_cpp.so
./lib/MixedBuffer.cpp
./lib/NpartNormalizer.cpp
./lib/my_particle.h
./lib/CenMaker_cpp_ACLiC_dict_rdict.pcm
./lib/CenMaker_cpp.d
./lib/my_event_cpp.so
./lib/NpartNormalizer_cpp.d
./lib/MixedBuffer.h
./lib/my_particle.cpp
./lib/CenMaker.cpp
./lib/my_particle_cpp.d
./lib/NpartNormalizer.h
./lib/my_event_cpp.d
./lib/MixedBuffer_cpp_ACLiC_dict_rdict.pcm
./lib/my_event_cpp_ACLiC_dict_rdict.pcm
./lib/NpartNormalizer_cpp_ACLiC_dict_rdict.pcm
./lib/my_event.h
./.sandboxFiles
./INPUTFILES
./INPUTFILES/data_544168401.root
./INPUTFILES/data_544779591.root
./INPUTFILES/data_544163321.root
./INPUTFILES/data_544615891.root
./INPUTFILES/21EF1A6A9139C9FD2A38E59AFB466F9A_1532.local.list
./INPUTFILES/data_544168381.root
./INPUTFILES/data_544379621.root
./INPUTFILES/data_544171911.root
./INPUTFILES/data_544659901.root
./INPUTFILES/data_544193461.root
./INPUTFILES/data_544163271.root
./INPUTFILES/data_544163021.root
./INPUTFILES/data_544515911.root
./INPUTFILES/data_544715881.root
./INPUTFILES/data_544179251.root
./INPUTFILES/data_544192181.root
./INPUTFILES/data_544511471.root
./INPUTFILES/data_544175641.root
./INPUTFILES/data_544179261.root
./INPUTFILES/data_544192141.root
./INPUTFILES/data_544168371.root
./INPUTFILES/data_544163051.root
./INPUTFILES/data_544179631.root
./INPUTFILES/data_544515921.root
./INPUTFILES/data_544163031.root
./INPUTFILES/data_544192171.root
./INPUTFILES/data_544163131.root
./INPUTFILES/data_544418371.root
./INPUTFILES/data_544163041.root
./INPUTFILES/data_544168421.root
./INPUTFILES/data_544679601.root
./INPUTFILES/data_544179181.root
./INPUTFILES/data_544479611.root
./INPUTFILES/data_544166591.root
./INPUTFILES/data_544644241.root
./INPUTFILES/data_544191511.root
./INPUTFILES/data_544215931.root
./INPUTFILES/data_544515901.root
./Check_Sness.C
./.errror.log
./check_S.C
++++++++++++++++INPUTFILE Var++++++++++++++++++
FILELIST=/tmp/maxwoo/21EF1A6A9139C9FD2A38E59AFB466F9A_1532/INPUTFILES/21EF1A6A9139C9FD2A38E59AFB466F9A_1532.local.list
INPUTFILECOUNT=37
INPUTFILE0=/tmp/maxwoo/21EF1A6A9139C9FD2A38E59AFB466F9A_1532/INPUTFILES/data_544163021.root
INPUTFILE1=/tmp/maxwoo/21EF1A6A9139C9FD2A38E59AFB466F9A_1532/INPUTFILES/data_544163031.root
INPUTFILE2=/tmp/maxwoo/21EF1A6A9139C9FD2A38E59AFB466F9A_1532/INPUTFILES/data_544163041.root
INPUTFILE3=/tmp/maxwoo/21EF1A6A9139C9FD2A38E59AFB466F9A_1532/INPUTFILES/data_544163051.root
INPUTFILE4=/tmp/maxwoo/21EF1A6A9139C9FD2A38E59AFB466F9A_1532/INPUTFILES/data_544163131.root
INPUTFILE5=/tmp/maxwoo/21EF1A6A9139C9FD2A38E59AFB466F9A_1532/INPUTFILES/data_544163271.root
INPUTFILE6=/tmp/maxwoo/21EF1A6A9139C9FD2A38E59AFB466F9A_1532/INPUTFILES/data_544163321.root
INPUTFILE7=/tmp/maxwoo/21EF1A6A9139C9FD2A38E59AFB466F9A_1532/INPUTFILES/data_544166591.root
INPUTFILE8=/tmp/maxwoo/21EF1A6A9139C9FD2A38E59AFB466F9A_1532/INPUTFILES/data_544168371.root
INPUTFILE9=/tmp/maxwoo/21EF1A6A9139C9FD2A38E59AFB466F9A_1532/INPUTFILES/data_544168381.root
INPUTFILE10=/tmp/maxwoo/21EF1A6A9139C9FD2A38E59AFB466F9A_1532/INPUTFILES/data_544168401.root
INPUTFILE11=/tmp/maxwoo/21EF1A6A9139C9FD2A38E59AFB466F9A_1532/INPUTFILES/data_544168421.root
INPUTFILE12=/tmp/maxwoo/21EF1A6A9139C9FD2A38E59AFB466F9A_1532/INPUTFILES/data_544171911.root
INPUTFILE13=/tmp/maxwoo/21EF1A6A9139C9FD2A38E59AFB466F9A_1532/INPUTFILES/data_544175641.root
INPUTFILE14=/tmp/maxwoo/21EF1A6A9139C9FD2A38E59AFB466F9A_1532/INPUTFILES/data_544179181.root
INPUTFILE15=/tmp/maxwoo/21EF1A6A9139C9FD2A38E59AFB466F9A_1532/INPUTFILES/data_544179251.root
INPUTFILE16=/tmp/maxwoo/21EF1A6A9139C9FD2A38E59AFB466F9A_1532/INPUTFILES/data_544179261.root
INPUTFILE17=/tmp/maxwoo/21EF1A6A9139C9FD2A38E59AFB466F9A_1532/INPUTFILES/data_544179631.root
INPUTFILE18=/tmp/maxwoo/21EF1A6A9139C9FD2A38E59AFB466F9A_1532/INPUTFILES/data_544191511.root
INPUTFILE19=/tmp/maxwoo/21EF1A6A9139C9FD2A38E59AFB466F9A_1532/INPUTFILES/data_544192141.root
INPUTFILE20=/tmp/maxwoo/21EF1A6A9139C9FD2A38E59AFB466F9A_1532/INPUTFILES/data_544192171.root
INPUTFILE21=/tmp/maxwoo/21EF1A6A9139C9FD2A38E59AFB466F9A_1532/INPUTFILES/data_544192181.root
INPUTFILE22=/tmp/maxwoo/21EF1A6A9139C9FD2A38E59AFB466F9A_1532/INPUTFILES/data_544193461.root
INPUTFILE23=/tmp/maxwoo/21EF1A6A9139C9FD2A38E59AFB466F9A_1532/INPUTFILES/data_544215931.root
INPUTFILE24=/tmp/maxwoo/21EF1A6A9139C9FD2A38E59AFB466F9A_1532/INPUTFILES/data_544379621.root
INPUTFILE25=/tmp/maxwoo/21EF1A6A9139C9FD2A38E59AFB466F9A_1532/INPUTFILES/data_544418371.root
INPUTFILE26=/tmp/maxwoo/21EF1A6A9139C9FD2A38E59AFB466F9A_1532/INPUTFILES/data_544479611.root
INPUTFILE27=/tmp/maxwoo/21EF1A6A9139C9FD2A38E59AFB466F9A_1532/INPUTFILES/data_544511471.root
INPUTFILE28=/tmp/maxwoo/21EF1A6A9139C9FD2A38E59AFB466F9A_1532/INPUTFILES/data_544515901.root
INPUTFILE29=/tmp/maxwoo/21EF1A6A9139C9FD2A38E59AFB466F9A_1532/INPUTFILES/data_544515911.root
INPUTFILE30=/tmp/maxwoo/21EF1A6A9139C9FD2A38E59AFB466F9A_1532/INPUTFILES/data_544515921.root
INPUTFILE31=/tmp/maxwoo/21EF1A6A9139C9FD2A38E59AFB466F9A_1532/INPUTFILES/data_544615891.root
INPUTFILE32=/tmp/maxwoo/21EF1A6A9139C9FD2A38E59AFB466F9A_1532/INPUTFILES/data_544644241.root
INPUTFILE33=/tmp/maxwoo/21EF1A6A9139C9FD2A38E59AFB466F9A_1532/INPUTFILES/data_544659901.root
INPUTFILE34=/tmp/maxwoo/21EF1A6A9139C9FD2A38E59AFB466F9A_1532/INPUTFILES/data_544679601.root
INPUTFILE35=/tmp/maxwoo/21EF1A6A9139C9FD2A38E59AFB466F9A_1532/INPUTFILES/data_544715881.root
INPUTFILE36=/tmp/maxwoo/21EF1A6A9139C9FD2A38E59AFB466F9A_1532/INPUTFILES/data_544779591.root
LocalInputFileDir=/tmp/maxwoo/21EF1A6A9139C9FD2A38E59AFB466F9A_1532/INPUTFILES
NewFILELIST=/tmp/maxwoo/21EF1A6A9139C9FD2A38E59AFB466F9A_1532/INPUTFILES/21EF1A6A9139C9FD2A38E59AFB466F9A_1532.local.list
+++++++++++++++++++++++++++++++++++++++++++++++
--------------------------------
Simple Unified Meta Scheduler 1.10.50 we are starting in $SCRATCH : /home/tmp/maxwoo/21EF1A6A9139C9FD2A38E59AFB466F9A_1532
--------------------------------
total 16
lrwxrwxrwx 1 maxwoo rhstar   61 Jun  2 11:15 check_S.C -> /gpfs/mnt/gpfs01/star/pwg/xiatong/git/strangeness/./check_S.C
lrwxrwxrwx 1 maxwoo rhstar   65 Jun  2 11:15 Check_Sness.C -> /gpfs/mnt/gpfs01/star/pwg/xiatong/git/strangeness/./Check_Sness.C
drwxr-xr-x 2 maxwoo rhstar 4096 Jun  2 11:17 INPUTFILES
drwxr-xr-x 2 maxwoo rhstar 4096 Jun  2 11:15 lib
  *******************************************
  *                                         *
  *        W E L C O M E  to  R O O T       *
  *                                         *
  *   Version   5.34/38     12 March 2018   *
  *                                         *
  *  You are welcome to visit our Web site  *
  *          http://root.cern.ch            *
  *                                         *
  *******************************************

ROOT 5.34/38 (v5-34-38@v5-34-38, Mar 12 2018, 15:49:39 on linux)

CINT/ROOT C/C++ Interpreter version 5.18.00, July 2, 2010
Type ? for help. Commands must be C++ statements.
Enclose multiple statements between { }.
*** Float Point Exception is OFF ***
 *** Start at Date : Thu Jun  2 11:17:31 2022
QAInfo:You are using STAR_LEVEL : dev, ROOT_LEVEL : 5.34.38 and node : spool0540.sdcc.bnl.gov 

Processing check_S.C++("/tmp/maxwoo/21EF1A6A9139C9FD2A38E59AFB466F9A_1532/INPUTFILES/21EF1A6A9139C9FD2A38E59AFB466F9A_1532.local.list","21EF1A6A9139C9FD2A38E59AFB466F9A_1532",1)...
/tmp/maxwoo/21EF1A6A9139C9FD2A38E59AFB466F9A_1532/INPUTFILES/data_544163021.root 
/tmp/maxwoo/21EF1A6A9139C9FD2A38E59AFB466F9A_1532/INPUTFILES/data_544163031.root 
/tmp/maxwoo/21EF1A6A9139C9FD2A38E59AFB466F9A_1532/INPUTFILES/data_544163041.root 
/tmp/maxwoo/21EF1A6A9139C9FD2A38E59AFB466F9A_1532/INPUTFILES/data_544163051.root 
/tmp/maxwoo/21EF1A6A9139C9FD2A38E59AFB466F9A_1532/INPUTFILES/data_544163131.root 
/tmp/maxwoo/21EF1A6A9139C9FD2A38E59AFB466F9A_1532/INPUTFILES/data_544163271.root 
/tmp/maxwoo/21EF1A6A9139C9FD2A38E59AFB466F9A_1532/INPUTFILES/data_544163321.root 
/tmp/maxwoo/21EF1A6A9139C9FD2A38E59AFB466F9A_1532/INPUTFILES/data_544166591.root 
/tmp/maxwoo/21EF1A6A9139C9FD2A38E59AFB466F9A_1532/INPUTFILES/data_544168371.root 
/tmp/maxwoo/21EF1A6A9139C9FD2A38E59AFB466F9A_1532/INPUTFILES/data_544168381.root 
/tmp/maxwoo/21EF1A6A9139C9FD2A38E59AFB466F9A_1532/INPUTFILES/data_544168401.root 
/tmp/maxwoo/21EF1A6A9139C9FD2A38E59AFB466F9A_1532/INPUTFILES/data_544168421.root 
/tmp/maxwoo/21EF1A6A9139C9FD2A38E59AFB466F9A_1532/INPUTFILES/data_544171911.root 
/tmp/maxwoo/21EF1A6A9139C9FD2A38E59AFB466F9A_1532/INPUTFILES/data_544175641.root 
/tmp/maxwoo/21EF1A6A9139C9FD2A38E59AFB466F9A_1532/INPUTFILES/data_544179181.root 
/tmp/maxwoo/21EF1A6A9139C9FD2A38E59AFB466F9A_1532/INPUTFILES/data_544179251.root 
/tmp/maxwoo/21EF1A6A9139C9FD2A38E59AFB466F9A_1532/INPUTFILES/data_544179261.root 
/tmp/maxwoo/21EF1A6A9139C9FD2A38E59AFB466F9A_1532/INPUTFILES/data_544179631.root 
/tmp/maxwoo/21EF1A6A9139C9FD2A38E59AFB466F9A_1532/INPUTFILES/data_544191511.root 
/tmp/maxwoo/21EF1A6A9139C9FD2A38E59AFB466F9A_1532/INPUTFILES/data_544192141.root 
/tmp/maxwoo/21EF1A6A9139C9FD2A38E59AFB466F9A_1532/INPUTFILES/data_544192171.root 
/tmp/maxwoo/21EF1A6A9139C9FD2A38E59AFB466F9A_1532/INPUTFILES/data_544192181.root 
/tmp/maxwoo/21EF1A6A9139C9FD2A38E59AFB466F9A_1532/INPUTFILES/data_544193461.root 
/tmp/maxwoo/21EF1A6A9139C9FD2A38E59AFB466F9A_1532/INPUTFILES/data_544215931.root 
/tmp/maxwoo/21EF1A6A9139C9FD2A38E59AFB466F9A_1532/INPUTFILES/data_544379621.root 
/tmp/maxwoo/21EF1A6A9139C9FD2A38E59AFB466F9A_1532/INPUTFILES/data_544418371.root 
/tmp/maxwoo/21EF1A6A9139C9FD2A38E59AFB466F9A_1532/INPUTFILES/data_544479611.root 
/tmp/maxwoo/21EF1A6A9139C9FD2A38E59AFB466F9A_1532/INPUTFILES/data_544511471.root 
/tmp/maxwoo/21EF1A6A9139C9FD2A38E59AFB466F9A_1532/INPUTFILES/data_544515901.root 
/tmp/maxwoo/21EF1A6A9139C9FD2A38E59AFB466F9A_1532/INPUTFILES/data_544515911.root 
/tmp/maxwoo/21EF1A6A9139C9FD2A38E59AFB466F9A_1532/INPUTFILES/data_544515921.root 
/tmp/maxwoo/21EF1A6A9139C9FD2A38E59AFB466F9A_1532/INPUTFILES/data_544615891.root 
/tmp/maxwoo/21EF1A6A9139C9FD2A38E59AFB466F9A_1532/INPUTFILES/data_544644241.root 
/tmp/maxwoo/21EF1A6A9139C9FD2A38E59AFB466F9A_1532/INPUTFILES/data_544659901.root 
/tmp/maxwoo/21EF1A6A9139C9FD2A38E59AFB466F9A_1532/INPUTFILES/data_544679601.root 
/tmp/maxwoo/21EF1A6A9139C9FD2A38E59AFB466F9A_1532/INPUTFILES/data_544715881.root 
/tmp/maxwoo/21EF1A6A9139C9FD2A38E59AFB466F9A_1532/INPUTFILES/data_544779591.root 
Added 37 files
# entries in chain: 37000
Processing entry == 1000 == out of 37000.
Processing entry == 2000 == out of 37000.
Processing entry == 3000 == out of 37000.
Processing entry == 4000 == out of 37000.
Processing entry == 5000 == out of 37000.
Processing entry == 6000 == out of 37000.
Processing entry == 7000 == out of 37000.
Processing entry == 8000 == out of 37000.
Processing entry == 9000 == out of 37000.
Processing entry == 10000 == out of 37000.
Processing entry == 11000 == out of 37000.
Processing entry == 12000 == out of 37000.
Processing entry == 13000 == out of 37000.
Processing entry == 14000 == out of 37000.
Processing entry == 15000 == out of 37000.
Processing entry == 16000 == out of 37000.
Processing entry == 17000 == out of 37000.
Processing entry == 18000 == out of 37000.
Processing entry == 19000 == out of 37000.
Processing entry == 20000 == out of 37000.
Processing entry == 21000 == out of 37000.
Processing entry == 22000 == out of 37000.
Processing entry == 23000 == out of 37000.
Processing entry == 24000 == out of 37000.
Processing entry == 25000 == out of 37000.
Processing entry == 26000 == out of 37000.
Processing entry == 27000 == out of 37000.
Processing entry == 28000 == out of 37000.
Processing entry == 29000 == out of 37000.
Processing entry == 30000 == out of 37000.
Processing entry == 31000 == out of 37000.
Processing entry == 32000 == out of 37000.
Processing entry == 33000 == out of 37000.
Processing entry == 34000 == out of 37000.
Processing entry == 35000 == out of 37000.
Processing entry == 36000 == out of 37000.
Processing entry == 37000 == out of 37000.

This is the end of ROOT -- Goodbye

Cleaning up sandbox file:  /tmp/maxwoo/21EF1A6A9139C9FD2A38E59AFB466F9A_1532/check_S.C
Cleaning up sandbox file:  /tmp/maxwoo/21EF1A6A9139C9FD2A38E59AFB466F9A_1532/Check_Sness.C
Cleaning up sandbox file:  /tmp/maxwoo/21EF1A6A9139C9FD2A38E59AFB466F9A_1532/lib
Cleaning up sandbox file:  /tmp/maxwoo/21EF1A6A9139C9FD2A38E59AFB466F9A_1532/.sandboxFiles
Starting copy block
Running copy command:  /bin/cp -fp /tmp/maxwoo/21EF1A6A9139C9FD2A38E59AFB466F9A_1532/out_21EF1A6A9139C9FD2A38E59AFB466F9A_1532.root /star/data01/pwg/xiatong/git/strangeness/data/
23846 Execution of (/star/data01/pwg/xiatong/git/strangeness/script/sched21EF1A6A9139C9FD2A38E59AFB466F9A_1532.csh ) has ended, exiting normally
23846 We END on [Thu Jun  2 11:37:53 EDT 2022]
