We are starting on node: rcrs6060.rcf.bnl.gov
HOME is not defined
Using getent method
HOME is now /star/u/maxwoo
3431 We will spawn ourselves (/star/data01/pwg/xiatong/git/strangeness/script/sched21EF1A6A9139C9FD2A38E59AFB466F9A_2778.csh )
3431 We BEGIN on [Thu Jun  2 10:51:37 EDT 2022]
[1] 3805
3431 We are waiting for 3805 
3431 Grandchild PID is 3829 - found in 0 x 1 seconds
3431 Establishing first watcher   on    Thu Jun  2 10:51:37 EDT 2022
3431 Process tree is 3431 (main) -> 3805 (child) -> 3829 (grandchild)
F S   UID   PID  PPID  C PRI  NI ADDR SZ WCHAN  TTY        TIME CMD
3431 Grandchild PID is 6455 - found in 20 x 2 seconds
3431 Grandchild to watch has changed on Thu Jun  2 10:52:19 EDT 2022
3431 Process tree is 3431 (main) -> 3805 (child) -> 6455 (grandchild)
F S   UID   PID  PPID  C PRI  NI ADDR SZ WCHAN  TTY        TIME CMD
0 S 100667 6455  3805  0  80   0 -  1272 do_wai ?          0:00 root -b -q check_S.C++("/tmp/maxwoo/21EF1A6A9139C9FD2A38E59AFB466F9A_2778/INPUTFILES/21EF1A6A9139C9FD2A38E59AFB466F9A_2778.local.list","21EF1A6A9139C9FD2A38E59AFB466F9A_2778",1)
3805 Stepping into the main SUMS wrapper program with []
.... building sandbox
Running: cp /star/data01/pwg/xiatong/AMPT/14GeV/data_1957692601.root /tmp/maxwoo/21EF1A6A9139C9FD2A38E59AFB466F9A_2778/INPUTFILES/data_1957692601.root
Running: cp /star/data01/pwg/xiatong/AMPT/14GeV/data_1957692611.root /tmp/maxwoo/21EF1A6A9139C9FD2A38E59AFB466F9A_2778/INPUTFILES/data_1957692611.root
Running: cp /star/data01/pwg/xiatong/AMPT/14GeV/data_1957692621.root /tmp/maxwoo/21EF1A6A9139C9FD2A38E59AFB466F9A_2778/INPUTFILES/data_1957692621.root
Running: cp /star/data01/pwg/xiatong/AMPT/14GeV/data_1957692681.root /tmp/maxwoo/21EF1A6A9139C9FD2A38E59AFB466F9A_2778/INPUTFILES/data_1957692681.root
Running: cp /star/data01/pwg/xiatong/AMPT/14GeV/data_1957692691.root /tmp/maxwoo/21EF1A6A9139C9FD2A38E59AFB466F9A_2778/INPUTFILES/data_1957692691.root
Running: cp /star/data01/pwg/xiatong/AMPT/14GeV/data_1957692711.root /tmp/maxwoo/21EF1A6A9139C9FD2A38E59AFB466F9A_2778/INPUTFILES/data_1957692711.root
Running: cp /star/data01/pwg/xiatong/AMPT/14GeV/data_1957792021.root /tmp/maxwoo/21EF1A6A9139C9FD2A38E59AFB466F9A_2778/INPUTFILES/data_1957792021.root
Running: cp /star/data01/pwg/xiatong/AMPT/14GeV/data_1957792031.root /tmp/maxwoo/21EF1A6A9139C9FD2A38E59AFB466F9A_2778/INPUTFILES/data_1957792031.root
Running: cp /star/data01/pwg/xiatong/AMPT/14GeV/data_1957792071.root /tmp/maxwoo/21EF1A6A9139C9FD2A38E59AFB466F9A_2778/INPUTFILES/data_1957792071.root
Running: cp /star/data01/pwg/xiatong/AMPT/14GeV/data_1957792161.root /tmp/maxwoo/21EF1A6A9139C9FD2A38E59AFB466F9A_2778/INPUTFILES/data_1957792161.root
Running: cp /star/data01/pwg/xiatong/AMPT/14GeV/data_1957792181.root /tmp/maxwoo/21EF1A6A9139C9FD2A38E59AFB466F9A_2778/INPUTFILES/data_1957792181.root
Running: cp /star/data01/pwg/xiatong/AMPT/14GeV/data_1957792231.root /tmp/maxwoo/21EF1A6A9139C9FD2A38E59AFB466F9A_2778/INPUTFILES/data_1957792231.root
Running: cp /star/data01/pwg/xiatong/AMPT/14GeV/data_1957792271.root /tmp/maxwoo/21EF1A6A9139C9FD2A38E59AFB466F9A_2778/INPUTFILES/data_1957792271.root
Running: cp /star/data01/pwg/xiatong/AMPT/14GeV/data_1957792331.root /tmp/maxwoo/21EF1A6A9139C9FD2A38E59AFB466F9A_2778/INPUTFILES/data_1957792331.root
Running: cp /star/data01/pwg/xiatong/AMPT/14GeV/data_1957792751.root /tmp/maxwoo/21EF1A6A9139C9FD2A38E59AFB466F9A_2778/INPUTFILES/data_1957792751.root
Running: cp /star/data01/pwg/xiatong/AMPT/14GeV/data_1957891831.root /tmp/maxwoo/21EF1A6A9139C9FD2A38E59AFB466F9A_2778/INPUTFILES/data_1957891831.root
Running: cp /star/data01/pwg/xiatong/AMPT/14GeV/data_1957891851.root /tmp/maxwoo/21EF1A6A9139C9FD2A38E59AFB466F9A_2778/INPUTFILES/data_1957891851.root
Running: cp /star/data01/pwg/xiatong/AMPT/14GeV/data_1957891921.root /tmp/maxwoo/21EF1A6A9139C9FD2A38E59AFB466F9A_2778/INPUTFILES/data_1957891921.root
Running: cp /star/data01/pwg/xiatong/AMPT/14GeV/data_1957891991.root /tmp/maxwoo/21EF1A6A9139C9FD2A38E59AFB466F9A_2778/INPUTFILES/data_1957891991.root
Running: cp /star/data01/pwg/xiatong/AMPT/14GeV/data_1957892041.root /tmp/maxwoo/21EF1A6A9139C9FD2A38E59AFB466F9A_2778/INPUTFILES/data_1957892041.root
Running: cp /star/data01/pwg/xiatong/AMPT/14GeV/data_1957892241.root /tmp/maxwoo/21EF1A6A9139C9FD2A38E59AFB466F9A_2778/INPUTFILES/data_1957892241.root
Running: cp /star/data01/pwg/xiatong/AMPT/14GeV/data_1957892261.root /tmp/maxwoo/21EF1A6A9139C9FD2A38E59AFB466F9A_2778/INPUTFILES/data_1957892261.root
Running: cp /star/data01/pwg/xiatong/AMPT/14GeV/data_1957892301.root /tmp/maxwoo/21EF1A6A9139C9FD2A38E59AFB466F9A_2778/INPUTFILES/data_1957892301.root
Running: cp /star/data01/pwg/xiatong/AMPT/14GeV/data_1957892321.root /tmp/maxwoo/21EF1A6A9139C9FD2A38E59AFB466F9A_2778/INPUTFILES/data_1957892321.root
Running: cp /star/data01/pwg/xiatong/AMPT/14GeV/data_1957892461.root /tmp/maxwoo/21EF1A6A9139C9FD2A38E59AFB466F9A_2778/INPUTFILES/data_1957892461.root
Running: cp /star/data01/pwg/xiatong/AMPT/14GeV/data_1957892511.root /tmp/maxwoo/21EF1A6A9139C9FD2A38E59AFB466F9A_2778/INPUTFILES/data_1957892511.root
Running: cp /star/data01/pwg/xiatong/AMPT/14GeV/data_1957892541.root /tmp/maxwoo/21EF1A6A9139C9FD2A38E59AFB466F9A_2778/INPUTFILES/data_1957892541.root
Running: cp /star/data01/pwg/xiatong/AMPT/14GeV/data_1957892571.root /tmp/maxwoo/21EF1A6A9139C9FD2A38E59AFB466F9A_2778/INPUTFILES/data_1957892571.root
Running: cp /star/data01/pwg/xiatong/AMPT/14GeV/data_1957892661.root /tmp/maxwoo/21EF1A6A9139C9FD2A38E59AFB466F9A_2778/INPUTFILES/data_1957892661.root
Running: cp /star/data01/pwg/xiatong/AMPT/14GeV/data_1957892761.root /tmp/maxwoo/21EF1A6A9139C9FD2A38E59AFB466F9A_2778/INPUTFILES/data_1957892761.root
Running: cp /star/data01/pwg/xiatong/AMPT/14GeV/data_1957991791.root /tmp/maxwoo/21EF1A6A9139C9FD2A38E59AFB466F9A_2778/INPUTFILES/data_1957991791.root
Running: cp /star/data01/pwg/xiatong/AMPT/14GeV/data_1957991801.root /tmp/maxwoo/21EF1A6A9139C9FD2A38E59AFB466F9A_2778/INPUTFILES/data_1957991801.root
Running: cp /star/data01/pwg/xiatong/AMPT/14GeV/data_1957991821.root /tmp/maxwoo/21EF1A6A9139C9FD2A38E59AFB466F9A_2778/INPUTFILES/data_1957991821.root
Running: cp /star/data01/pwg/xiatong/AMPT/14GeV/data_1957991841.root /tmp/maxwoo/21EF1A6A9139C9FD2A38E59AFB466F9A_2778/INPUTFILES/data_1957991841.root
Running: cp /star/data01/pwg/xiatong/AMPT/14GeV/data_1957991861.root /tmp/maxwoo/21EF1A6A9139C9FD2A38E59AFB466F9A_2778/INPUTFILES/data_1957991861.root
Running: cp /star/data01/pwg/xiatong/AMPT/14GeV/data_1957991881.root /tmp/maxwoo/21EF1A6A9139C9FD2A38E59AFB466F9A_2778/INPUTFILES/data_1957991881.root
Running: cp /star/data01/pwg/xiatong/AMPT/14GeV/data_1957991891.root /tmp/maxwoo/21EF1A6A9139C9FD2A38E59AFB466F9A_2778/INPUTFILES/data_1957991891.root
Swapping $FILELIST with: /tmp/maxwoo/21EF1A6A9139C9FD2A38E59AFB466F9A_2778/INPUTFILES/21EF1A6A9139C9FD2A38E59AFB466F9A_2778.local.list
+++++++++++local copy debug++++++++++++++++++++
newFileList: /tmp/maxwoo/21EF1A6A9139C9FD2A38E59AFB466F9A_2778/INPUTFILES/21EF1A6A9139C9FD2A38E59AFB466F9A_2778.local.list
++++++++++++++++cat FILELIST+++++++++++++++++++
/tmp/maxwoo/21EF1A6A9139C9FD2A38E59AFB466F9A_2778/INPUTFILES/data_1957692601.root 
/tmp/maxwoo/21EF1A6A9139C9FD2A38E59AFB466F9A_2778/INPUTFILES/data_1957692611.root 
/tmp/maxwoo/21EF1A6A9139C9FD2A38E59AFB466F9A_2778/INPUTFILES/data_1957692621.root 
/tmp/maxwoo/21EF1A6A9139C9FD2A38E59AFB466F9A_2778/INPUTFILES/data_1957692681.root 
/tmp/maxwoo/21EF1A6A9139C9FD2A38E59AFB466F9A_2778/INPUTFILES/data_1957692691.root 
/tmp/maxwoo/21EF1A6A9139C9FD2A38E59AFB466F9A_2778/INPUTFILES/data_1957692711.root 
/tmp/maxwoo/21EF1A6A9139C9FD2A38E59AFB466F9A_2778/INPUTFILES/data_1957792021.root 
/tmp/maxwoo/21EF1A6A9139C9FD2A38E59AFB466F9A_2778/INPUTFILES/data_1957792031.root 
/tmp/maxwoo/21EF1A6A9139C9FD2A38E59AFB466F9A_2778/INPUTFILES/data_1957792071.root 
/tmp/maxwoo/21EF1A6A9139C9FD2A38E59AFB466F9A_2778/INPUTFILES/data_1957792161.root 
/tmp/maxwoo/21EF1A6A9139C9FD2A38E59AFB466F9A_2778/INPUTFILES/data_1957792181.root 
/tmp/maxwoo/21EF1A6A9139C9FD2A38E59AFB466F9A_2778/INPUTFILES/data_1957792231.root 
/tmp/maxwoo/21EF1A6A9139C9FD2A38E59AFB466F9A_2778/INPUTFILES/data_1957792271.root 
/tmp/maxwoo/21EF1A6A9139C9FD2A38E59AFB466F9A_2778/INPUTFILES/data_1957792331.root 
/tmp/maxwoo/21EF1A6A9139C9FD2A38E59AFB466F9A_2778/INPUTFILES/data_1957792751.root 
/tmp/maxwoo/21EF1A6A9139C9FD2A38E59AFB466F9A_2778/INPUTFILES/data_1957891831.root 
/tmp/maxwoo/21EF1A6A9139C9FD2A38E59AFB466F9A_2778/INPUTFILES/data_1957891851.root 
/tmp/maxwoo/21EF1A6A9139C9FD2A38E59AFB466F9A_2778/INPUTFILES/data_1957891921.root 
/tmp/maxwoo/21EF1A6A9139C9FD2A38E59AFB466F9A_2778/INPUTFILES/data_1957891991.root 
/tmp/maxwoo/21EF1A6A9139C9FD2A38E59AFB466F9A_2778/INPUTFILES/data_1957892041.root 
/tmp/maxwoo/21EF1A6A9139C9FD2A38E59AFB466F9A_2778/INPUTFILES/data_1957892241.root 
/tmp/maxwoo/21EF1A6A9139C9FD2A38E59AFB466F9A_2778/INPUTFILES/data_1957892261.root 
/tmp/maxwoo/21EF1A6A9139C9FD2A38E59AFB466F9A_2778/INPUTFILES/data_1957892301.root 
/tmp/maxwoo/21EF1A6A9139C9FD2A38E59AFB466F9A_2778/INPUTFILES/data_1957892321.root 
/tmp/maxwoo/21EF1A6A9139C9FD2A38E59AFB466F9A_2778/INPUTFILES/data_1957892461.root 
/tmp/maxwoo/21EF1A6A9139C9FD2A38E59AFB466F9A_2778/INPUTFILES/data_1957892511.root 
/tmp/maxwoo/21EF1A6A9139C9FD2A38E59AFB466F9A_2778/INPUTFILES/data_1957892541.root 
/tmp/maxwoo/21EF1A6A9139C9FD2A38E59AFB466F9A_2778/INPUTFILES/data_1957892571.root 
/tmp/maxwoo/21EF1A6A9139C9FD2A38E59AFB466F9A_2778/INPUTFILES/data_1957892661.root 
/tmp/maxwoo/21EF1A6A9139C9FD2A38E59AFB466F9A_2778/INPUTFILES/data_1957892761.root 
/tmp/maxwoo/21EF1A6A9139C9FD2A38E59AFB466F9A_2778/INPUTFILES/data_1957991791.root 
/tmp/maxwoo/21EF1A6A9139C9FD2A38E59AFB466F9A_2778/INPUTFILES/data_1957991801.root 
/tmp/maxwoo/21EF1A6A9139C9FD2A38E59AFB466F9A_2778/INPUTFILES/data_1957991821.root 
/tmp/maxwoo/21EF1A6A9139C9FD2A38E59AFB466F9A_2778/INPUTFILES/data_1957991841.root 
/tmp/maxwoo/21EF1A6A9139C9FD2A38E59AFB466F9A_2778/INPUTFILES/data_1957991861.root 
/tmp/maxwoo/21EF1A6A9139C9FD2A38E59AFB466F9A_2778/INPUTFILES/data_1957991881.root 
/tmp/maxwoo/21EF1A6A9139C9FD2A38E59AFB466F9A_2778/INPUTFILES/data_1957991891.root 
++++++++++++++++++++find.++++++++++++++++++++++
.
./Check_Sness.C
./.output.log
./check_S.C
./.sandboxFiles
./lib
./lib/MixedBuffer_cpp_ACLiC_dict_rdict.pcm
./lib/CenMaker.h
./lib/my_particle.cpp
./lib/my_event.h
./lib/NpartNormalizer_cpp.so
./lib/my_particle_cpp_ACLiC_dict_rdict.pcm
./lib/MixedBuffer_cpp.so
./lib/my_particle_cpp.so
./lib/CenMaker.cpp
./lib/my_particle.h
./lib/my_event.cpp
./lib/NpartNormalizer.cpp
./lib/CenMaker_cpp_ACLiC_dict_rdict.pcm
./lib/my_particle_cpp.d
./lib/NpartNormalizer_cpp.d
./lib/CenMaker_cpp.d
./lib/NpartNormalizer.h
./lib/NpartNormalizer_cpp_ACLiC_dict_rdict.pcm
./lib/my_event_cpp.d
./lib/MixedBuffer.h
./lib/my_event_cpp_ACLiC_dict_rdict.pcm
./lib/MixedBuffer.cpp
./lib/CenMaker_cpp.so
./lib/my_event_cpp.so
./lib/MixedBuffer_cpp.d
./.errror.log
./INPUTFILES
./INPUTFILES/data_1957991791.root
./INPUTFILES/data_1957692611.root
./INPUTFILES/data_1957891831.root
./INPUTFILES/data_1957792271.root
./INPUTFILES/data_1957792331.root
./INPUTFILES/data_1957891921.root
./INPUTFILES/data_1957792031.root
./INPUTFILES/data_1957892041.root
./INPUTFILES/data_1957792231.root
./INPUTFILES/data_1957991801.root
./INPUTFILES/data_1957692711.root
./INPUTFILES/data_1957892461.root
./INPUTFILES/data_1957692691.root
./INPUTFILES/data_1957792751.root
./INPUTFILES/data_1957892661.root
./INPUTFILES/data_1957892241.root
./INPUTFILES/data_1957792161.root
./INPUTFILES/data_1957892301.root
./INPUTFILES/data_1957891991.root
./INPUTFILES/data_1957692601.root
./INPUTFILES/data_1957692621.root
./INPUTFILES/data_1957891851.root
./INPUTFILES/data_1957892321.root
./INPUTFILES/data_1957892511.root
./INPUTFILES/data_1957792181.root
./INPUTFILES/data_1957991881.root
./INPUTFILES/data_1957892541.root
./INPUTFILES/data_1957991891.root
./INPUTFILES/data_1957792071.root
./INPUTFILES/data_1957692681.root
./INPUTFILES/data_1957991861.root
./INPUTFILES/data_1957991841.root
./INPUTFILES/data_1957892761.root
./INPUTFILES/data_1957892571.root
./INPUTFILES/data_1957892261.root
./INPUTFILES/data_1957991821.root
./INPUTFILES/21EF1A6A9139C9FD2A38E59AFB466F9A_2778.local.list
./INPUTFILES/data_1957792021.root
++++++++++++++++INPUTFILE Var++++++++++++++++++
FILELIST=/tmp/maxwoo/21EF1A6A9139C9FD2A38E59AFB466F9A_2778/INPUTFILES/21EF1A6A9139C9FD2A38E59AFB466F9A_2778.local.list
INPUTFILECOUNT=37
INPUTFILE0=/tmp/maxwoo/21EF1A6A9139C9FD2A38E59AFB466F9A_2778/INPUTFILES/data_1957692601.root
INPUTFILE1=/tmp/maxwoo/21EF1A6A9139C9FD2A38E59AFB466F9A_2778/INPUTFILES/data_1957692611.root
INPUTFILE2=/tmp/maxwoo/21EF1A6A9139C9FD2A38E59AFB466F9A_2778/INPUTFILES/data_1957692621.root
INPUTFILE3=/tmp/maxwoo/21EF1A6A9139C9FD2A38E59AFB466F9A_2778/INPUTFILES/data_1957692681.root
INPUTFILE4=/tmp/maxwoo/21EF1A6A9139C9FD2A38E59AFB466F9A_2778/INPUTFILES/data_1957692691.root
INPUTFILE5=/tmp/maxwoo/21EF1A6A9139C9FD2A38E59AFB466F9A_2778/INPUTFILES/data_1957692711.root
INPUTFILE6=/tmp/maxwoo/21EF1A6A9139C9FD2A38E59AFB466F9A_2778/INPUTFILES/data_1957792021.root
INPUTFILE7=/tmp/maxwoo/21EF1A6A9139C9FD2A38E59AFB466F9A_2778/INPUTFILES/data_1957792031.root
INPUTFILE8=/tmp/maxwoo/21EF1A6A9139C9FD2A38E59AFB466F9A_2778/INPUTFILES/data_1957792071.root
INPUTFILE9=/tmp/maxwoo/21EF1A6A9139C9FD2A38E59AFB466F9A_2778/INPUTFILES/data_1957792161.root
INPUTFILE10=/tmp/maxwoo/21EF1A6A9139C9FD2A38E59AFB466F9A_2778/INPUTFILES/data_1957792181.root
INPUTFILE11=/tmp/maxwoo/21EF1A6A9139C9FD2A38E59AFB466F9A_2778/INPUTFILES/data_1957792231.root
INPUTFILE12=/tmp/maxwoo/21EF1A6A9139C9FD2A38E59AFB466F9A_2778/INPUTFILES/data_1957792271.root
INPUTFILE13=/tmp/maxwoo/21EF1A6A9139C9FD2A38E59AFB466F9A_2778/INPUTFILES/data_1957792331.root
INPUTFILE14=/tmp/maxwoo/21EF1A6A9139C9FD2A38E59AFB466F9A_2778/INPUTFILES/data_1957792751.root
INPUTFILE15=/tmp/maxwoo/21EF1A6A9139C9FD2A38E59AFB466F9A_2778/INPUTFILES/data_1957891831.root
INPUTFILE16=/tmp/maxwoo/21EF1A6A9139C9FD2A38E59AFB466F9A_2778/INPUTFILES/data_1957891851.root
INPUTFILE17=/tmp/maxwoo/21EF1A6A9139C9FD2A38E59AFB466F9A_2778/INPUTFILES/data_1957891921.root
INPUTFILE18=/tmp/maxwoo/21EF1A6A9139C9FD2A38E59AFB466F9A_2778/INPUTFILES/data_1957891991.root
INPUTFILE19=/tmp/maxwoo/21EF1A6A9139C9FD2A38E59AFB466F9A_2778/INPUTFILES/data_1957892041.root
INPUTFILE20=/tmp/maxwoo/21EF1A6A9139C9FD2A38E59AFB466F9A_2778/INPUTFILES/data_1957892241.root
INPUTFILE21=/tmp/maxwoo/21EF1A6A9139C9FD2A38E59AFB466F9A_2778/INPUTFILES/data_1957892261.root
INPUTFILE22=/tmp/maxwoo/21EF1A6A9139C9FD2A38E59AFB466F9A_2778/INPUTFILES/data_1957892301.root
INPUTFILE23=/tmp/maxwoo/21EF1A6A9139C9FD2A38E59AFB466F9A_2778/INPUTFILES/data_1957892321.root
INPUTFILE24=/tmp/maxwoo/21EF1A6A9139C9FD2A38E59AFB466F9A_2778/INPUTFILES/data_1957892461.root
INPUTFILE25=/tmp/maxwoo/21EF1A6A9139C9FD2A38E59AFB466F9A_2778/INPUTFILES/data_1957892511.root
INPUTFILE26=/tmp/maxwoo/21EF1A6A9139C9FD2A38E59AFB466F9A_2778/INPUTFILES/data_1957892541.root
INPUTFILE27=/tmp/maxwoo/21EF1A6A9139C9FD2A38E59AFB466F9A_2778/INPUTFILES/data_1957892571.root
INPUTFILE28=/tmp/maxwoo/21EF1A6A9139C9FD2A38E59AFB466F9A_2778/INPUTFILES/data_1957892661.root
INPUTFILE29=/tmp/maxwoo/21EF1A6A9139C9FD2A38E59AFB466F9A_2778/INPUTFILES/data_1957892761.root
INPUTFILE30=/tmp/maxwoo/21EF1A6A9139C9FD2A38E59AFB466F9A_2778/INPUTFILES/data_1957991791.root
INPUTFILE31=/tmp/maxwoo/21EF1A6A9139C9FD2A38E59AFB466F9A_2778/INPUTFILES/data_1957991801.root
INPUTFILE32=/tmp/maxwoo/21EF1A6A9139C9FD2A38E59AFB466F9A_2778/INPUTFILES/data_1957991821.root
INPUTFILE33=/tmp/maxwoo/21EF1A6A9139C9FD2A38E59AFB466F9A_2778/INPUTFILES/data_1957991841.root
INPUTFILE34=/tmp/maxwoo/21EF1A6A9139C9FD2A38E59AFB466F9A_2778/INPUTFILES/data_1957991861.root
INPUTFILE35=/tmp/maxwoo/21EF1A6A9139C9FD2A38E59AFB466F9A_2778/INPUTFILES/data_1957991881.root
INPUTFILE36=/tmp/maxwoo/21EF1A6A9139C9FD2A38E59AFB466F9A_2778/INPUTFILES/data_1957991891.root
LocalInputFileDir=/tmp/maxwoo/21EF1A6A9139C9FD2A38E59AFB466F9A_2778/INPUTFILES
NewFILELIST=/tmp/maxwoo/21EF1A6A9139C9FD2A38E59AFB466F9A_2778/INPUTFILES/21EF1A6A9139C9FD2A38E59AFB466F9A_2778.local.list
+++++++++++++++++++++++++++++++++++++++++++++++
--------------------------------
Simple Unified Meta Scheduler 1.10.50 we are starting in $SCRATCH : /home/tmp/maxwoo/21EF1A6A9139C9FD2A38E59AFB466F9A_2778
--------------------------------
total 16
lrwxrwxrwx 1 maxwoo rhstar   61 Jun  2 10:51 check_S.C -> /gpfs/mnt/gpfs01/star/pwg/xiatong/git/strangeness/./check_S.C
lrwxrwxrwx 1 maxwoo rhstar   65 Jun  2 10:51 Check_Sness.C -> /gpfs/mnt/gpfs01/star/pwg/xiatong/git/strangeness/./Check_Sness.C
drwxr-xr-x 2 maxwoo rhstar 4096 Jun  2 10:51 INPUTFILES
drwxr-xr-x 2 maxwoo rhstar 4096 Jun  2 10:51 lib
  *******************************************
  *                                         *
  *        W E L C O M E  to  R O O T       *
  *                                         *
  *   Version   5.34/38     12 March 2018   *
  *                                         *
  *  You are welcome to visit our Web site  *
  *          http://root.cern.ch            *
  *                                         *
  *******************************************

ROOT 5.34/38 (v5-34-38@v5-34-38, Mar 12 2018, 15:49:39 on linux)

CINT/ROOT C/C++ Interpreter version 5.18.00, July 2, 2010
Type ? for help. Commands must be C++ statements.
Enclose multiple statements between { }.
*** Float Point Exception is OFF ***
 *** Start at Date : Thu Jun  2 10:51:59 2022
QAInfo:You are using STAR_LEVEL : dev, ROOT_LEVEL : 5.34.38 and node : rcrs6060.rcf.bnl.gov 

Processing check_S.C++("/tmp/maxwoo/21EF1A6A9139C9FD2A38E59AFB466F9A_2778/INPUTFILES/21EF1A6A9139C9FD2A38E59AFB466F9A_2778.local.list","21EF1A6A9139C9FD2A38E59AFB466F9A_2778",1)...
/tmp/maxwoo/21EF1A6A9139C9FD2A38E59AFB466F9A_2778/INPUTFILES/data_1957692601.root 
/tmp/maxwoo/21EF1A6A9139C9FD2A38E59AFB466F9A_2778/INPUTFILES/data_1957692611.root 
/tmp/maxwoo/21EF1A6A9139C9FD2A38E59AFB466F9A_2778/INPUTFILES/data_1957692621.root 
/tmp/maxwoo/21EF1A6A9139C9FD2A38E59AFB466F9A_2778/INPUTFILES/data_1957692681.root 
/tmp/maxwoo/21EF1A6A9139C9FD2A38E59AFB466F9A_2778/INPUTFILES/data_1957692691.root 
/tmp/maxwoo/21EF1A6A9139C9FD2A38E59AFB466F9A_2778/INPUTFILES/data_1957692711.root 
/tmp/maxwoo/21EF1A6A9139C9FD2A38E59AFB466F9A_2778/INPUTFILES/data_1957792021.root 
/tmp/maxwoo/21EF1A6A9139C9FD2A38E59AFB466F9A_2778/INPUTFILES/data_1957792031.root 
/tmp/maxwoo/21EF1A6A9139C9FD2A38E59AFB466F9A_2778/INPUTFILES/data_1957792071.root 
/tmp/maxwoo/21EF1A6A9139C9FD2A38E59AFB466F9A_2778/INPUTFILES/data_1957792161.root 
/tmp/maxwoo/21EF1A6A9139C9FD2A38E59AFB466F9A_2778/INPUTFILES/data_1957792181.root 
/tmp/maxwoo/21EF1A6A9139C9FD2A38E59AFB466F9A_2778/INPUTFILES/data_1957792231.root 
/tmp/maxwoo/21EF1A6A9139C9FD2A38E59AFB466F9A_2778/INPUTFILES/data_1957792271.root 
/tmp/maxwoo/21EF1A6A9139C9FD2A38E59AFB466F9A_2778/INPUTFILES/data_1957792331.root 
/tmp/maxwoo/21EF1A6A9139C9FD2A38E59AFB466F9A_2778/INPUTFILES/data_1957792751.root 
/tmp/maxwoo/21EF1A6A9139C9FD2A38E59AFB466F9A_2778/INPUTFILES/data_1957891831.root 
/tmp/maxwoo/21EF1A6A9139C9FD2A38E59AFB466F9A_2778/INPUTFILES/data_1957891851.root 
/tmp/maxwoo/21EF1A6A9139C9FD2A38E59AFB466F9A_2778/INPUTFILES/data_1957891921.root 
/tmp/maxwoo/21EF1A6A9139C9FD2A38E59AFB466F9A_2778/INPUTFILES/data_1957891991.root 
/tmp/maxwoo/21EF1A6A9139C9FD2A38E59AFB466F9A_2778/INPUTFILES/data_1957892041.root 
/tmp/maxwoo/21EF1A6A9139C9FD2A38E59AFB466F9A_2778/INPUTFILES/data_1957892241.root 
/tmp/maxwoo/21EF1A6A9139C9FD2A38E59AFB466F9A_2778/INPUTFILES/data_1957892261.root 
/tmp/maxwoo/21EF1A6A9139C9FD2A38E59AFB466F9A_2778/INPUTFILES/data_1957892301.root 
/tmp/maxwoo/21EF1A6A9139C9FD2A38E59AFB466F9A_2778/INPUTFILES/data_1957892321.root 
/tmp/maxwoo/21EF1A6A9139C9FD2A38E59AFB466F9A_2778/INPUTFILES/data_1957892461.root 
/tmp/maxwoo/21EF1A6A9139C9FD2A38E59AFB466F9A_2778/INPUTFILES/data_1957892511.root 
/tmp/maxwoo/21EF1A6A9139C9FD2A38E59AFB466F9A_2778/INPUTFILES/data_1957892541.root 
/tmp/maxwoo/21EF1A6A9139C9FD2A38E59AFB466F9A_2778/INPUTFILES/data_1957892571.root 
/tmp/maxwoo/21EF1A6A9139C9FD2A38E59AFB466F9A_2778/INPUTFILES/data_1957892661.root 
/tmp/maxwoo/21EF1A6A9139C9FD2A38E59AFB466F9A_2778/INPUTFILES/data_1957892761.root 
/tmp/maxwoo/21EF1A6A9139C9FD2A38E59AFB466F9A_2778/INPUTFILES/data_1957991791.root 
/tmp/maxwoo/21EF1A6A9139C9FD2A38E59AFB466F9A_2778/INPUTFILES/data_1957991801.root 
/tmp/maxwoo/21EF1A6A9139C9FD2A38E59AFB466F9A_2778/INPUTFILES/data_1957991821.root 
/tmp/maxwoo/21EF1A6A9139C9FD2A38E59AFB466F9A_2778/INPUTFILES/data_1957991841.root 
/tmp/maxwoo/21EF1A6A9139C9FD2A38E59AFB466F9A_2778/INPUTFILES/data_1957991861.root 
/tmp/maxwoo/21EF1A6A9139C9FD2A38E59AFB466F9A_2778/INPUTFILES/data_1957991881.root 
/tmp/maxwoo/21EF1A6A9139C9FD2A38E59AFB466F9A_2778/INPUTFILES/data_1957991891.root 
Added 37 files
# entries in chain: 36668
Processing entry == 1000 == out of 36668.
Processing entry == 2000 == out of 36668.
Processing entry == 3000 == out of 36668.
Processing entry == 4000 == out of 36668.
Processing entry == 5000 == out of 36668.
Processing entry == 6000 == out of 36668.
Processing entry == 7000 == out of 36668.
Processing entry == 8000 == out of 36668.
Processing entry == 9000 == out of 36668.
Processing entry == 10000 == out of 36668.
Processing entry == 11000 == out of 36668.
Processing entry == 12000 == out of 36668.
Processing entry == 13000 == out of 36668.
Processing entry == 14000 == out of 36668.
Processing entry == 15000 == out of 36668.
Processing entry == 16000 == out of 36668.
Processing entry == 17000 == out of 36668.
Processing entry == 18000 == out of 36668.
Processing entry == 19000 == out of 36668.
Processing entry == 20000 == out of 36668.
Processing entry == 21000 == out of 36668.
Processing entry == 22000 == out of 36668.
Processing entry == 23000 == out of 36668.
Processing entry == 24000 == out of 36668.
Processing entry == 25000 == out of 36668.
Processing entry == 26000 == out of 36668.
Processing entry == 27000 == out of 36668.
Processing entry == 28000 == out of 36668.
Processing entry == 29000 == out of 36668.
Processing entry == 30000 == out of 36668.
Processing entry == 31000 == out of 36668.
Processing entry == 32000 == out of 36668.
Processing entry == 33000 == out of 36668.
Processing entry == 34000 == out of 36668.
Processing entry == 35000 == out of 36668.
Processing entry == 36000 == out of 36668.

This is the end of ROOT -- Goodbye

Cleaning up sandbox file:  /tmp/maxwoo/21EF1A6A9139C9FD2A38E59AFB466F9A_2778/check_S.C
Cleaning up sandbox file:  /tmp/maxwoo/21EF1A6A9139C9FD2A38E59AFB466F9A_2778/Check_Sness.C
Cleaning up sandbox file:  /tmp/maxwoo/21EF1A6A9139C9FD2A38E59AFB466F9A_2778/lib
Cleaning up sandbox file:  /tmp/maxwoo/21EF1A6A9139C9FD2A38E59AFB466F9A_2778/.sandboxFiles
Starting copy block
Running copy command:  /bin/cp -fp /tmp/maxwoo/21EF1A6A9139C9FD2A38E59AFB466F9A_2778/out_21EF1A6A9139C9FD2A38E59AFB466F9A_2778.root /star/data01/pwg/xiatong/git/strangeness/data/
3431 Execution of (/star/data01/pwg/xiatong/git/strangeness/script/sched21EF1A6A9139C9FD2A38E59AFB466F9A_2778.csh ) has ended, exiting normally
3431 We END on [Thu Jun  2 11:14:38 EDT 2022]
