We are starting on node: spool0856.sdcc.bnl.gov
HOME is not defined
Using getent method
HOME is now /star/u/maxwoo
315310 We will spawn ourselves (/star/data01/pwg/xiatong/git/strangeness/script/sched21EF1A6A9139C9FD2A38E59AFB466F9A_1150.csh )
315310 We BEGIN on [Thu Jun  2 11:22:20 EDT 2022]
[1] 315508
315310 We are waiting for 315508 
315310 Grandchild PID is 316148 - found in 10 x 1 seconds
315310 Establishing first watcher   on    Thu Jun  2 11:22:31 EDT 2022
315310 Process tree is 315310 (main) -> 315508 (child) -> 316148 (grandchild)
F S   UID    PID   PPID  C PRI  NI ADDR SZ WCHAN  TTY        TIME CMD
0 D 100667 316148 315508  0 80   0 - 32311 cxiWai ?          0:00 cp /star/data01/pwg/xiatong/AMPT/14GeV/data_380144911.root /tmp/maxwoo/21EF1A6A9139C9FD2A38E59AFB466F9A_1150/INPUTFILES/data_380144911.root
315310 Grandchild PID is 320001 - found in 30 x 2 seconds
315310 Grandchild to watch has changed on Thu Jun  2 11:23:13 EDT 2022
315310 Process tree is 315310 (main) -> 315508 (child) -> 320001 (grandchild)
F S   UID    PID   PPID  C PRI  NI ADDR SZ WCHAN  TTY        TIME CMD
0 D 100667 320001 315508  0 80   0 - 32311 cxiWai ?          0:00 cp /star/data01/pwg/xiatong/AMPT/14GeV/data_380149631.root /tmp/maxwoo/21EF1A6A9139C9FD2A38E59AFB466F9A_1150/INPUTFILES/data_380149631.root
315310 Grandchild PID is 322212 - found in 40 x 2 seconds
315310 Grandchild to watch has changed on Thu Jun  2 11:23:34 EDT 2022
315310 Process tree is 315310 (main) -> 315508 (child) -> 322212 (grandchild)
F S   UID    PID   PPID  C PRI  NI ADDR SZ WCHAN  TTY        TIME CMD
0 D 100667 322212 315508  0 80   0 - 32311 cxiWai ?          0:00 cp /star/data01/pwg/xiatong/AMPT/14GeV/data_380161681.root /tmp/maxwoo/21EF1A6A9139C9FD2A38E59AFB466F9A_1150/INPUTFILES/data_380161681.root
315310 Grandchild PID is 324856 - found in 50 x 2 seconds
315310 Grandchild to watch has changed on Thu Jun  2 11:23:55 EDT 2022
315310 Process tree is 315310 (main) -> 315508 (child) -> 324856 (grandchild)
F S   UID    PID   PPID  C PRI  NI ADDR SZ WCHAN  TTY        TIME CMD
0 D 100667 324856 315508  0 80   0 - 32311 cxiWai ?          0:00 cp /star/data01/pwg/xiatong/AMPT/14GeV/data_380161771.root /tmp/maxwoo/21EF1A6A9139C9FD2A38E59AFB466F9A_1150/INPUTFILES/data_380161771.root
315310 Grandchild PID is 326130 - found in 60 x 2 seconds
315310 Grandchild to watch has changed on Thu Jun  2 11:24:15 EDT 2022
315310 Process tree is 315310 (main) -> 315508 (child) -> 326130 (grandchild)
F S   UID    PID   PPID  C PRI  NI ADDR SZ WCHAN  TTY        TIME CMD
0 D 100667 326130 315508  0 80   0 - 32311 cxiWai ?          0:00 cp /star/data01/pwg/xiatong/AMPT/14GeV/data_380161881.root /tmp/maxwoo/21EF1A6A9139C9FD2A38E59AFB466F9A_1150/INPUTFILES/data_380161881.root
315310 Grandchild PID is 327239 - found in 70 x 2 seconds
315310 Grandchild to watch has changed on Thu Jun  2 11:24:36 EDT 2022
315310 Process tree is 315310 (main) -> 315508 (child) -> 327239 (grandchild)
F S   UID    PID   PPID  C PRI  NI ADDR SZ WCHAN  TTY        TIME CMD
0 D 100667 327239 315508  0 80   0 - 32311 cxiWai ?          0:00 cp /star/data01/pwg/xiatong/AMPT/14GeV/data_380168701.root /tmp/maxwoo/21EF1A6A9139C9FD2A38E59AFB466F9A_1150/INPUTFILES/data_380168701.root
315310 Grandchild PID is 3692 - found in 80 x 2 seconds
315310 Grandchild to watch has changed on Thu Jun  2 11:24:57 EDT 2022
315310 Process tree is 315310 (main) -> 315508 (child) -> 3692 (grandchild)
F S   UID    PID   PPID  C PRI  NI ADDR SZ WCHAN  TTY        TIME CMD
0 D 100667  3692 315508  0  80   0 - 32311 cxiWai ?          0:00 cp /star/data01/pwg/xiatong/AMPT/14GeV/data_380179811.root /tmp/maxwoo/21EF1A6A9139C9FD2A38E59AFB466F9A_1150/INPUTFILES/data_380179811.root
315310 Grandchild PID is 5912 - found in 90 x 2 seconds
315310 Grandchild to watch has changed on Thu Jun  2 11:25:18 EDT 2022
315310 Process tree is 315310 (main) -> 315508 (child) -> 5912 (grandchild)
F S   UID    PID   PPID  C PRI  NI ADDR SZ WCHAN  TTY        TIME CMD
0 D 100667  5912 315508  0  80   0 - 32311 cxiWai ?          0:00 cp /star/data01/pwg/xiatong/AMPT/14GeV/data_380186791.root /tmp/maxwoo/21EF1A6A9139C9FD2A38E59AFB466F9A_1150/INPUTFILES/data_380186791.root
315310 Grandchild PID is 7052 - found in 100 x 2 seconds
315310 Grandchild to watch has changed on Thu Jun  2 11:25:39 EDT 2022
315310 Process tree is 315310 (main) -> 315508 (child) -> 7052 (grandchild)
F S   UID    PID   PPID  C PRI  NI ADDR SZ WCHAN  TTY        TIME CMD
0 S 100667  7052 315508  0  80   0 -  1272 do_wai ?          0:00 root -b -q check_S.C++("/tmp/maxwoo/21EF1A6A9139C9FD2A38E59AFB466F9A_1150/INPUTFILES/21EF1A6A9139C9FD2A38E59AFB466F9A_1150.local.list","21EF1A6A9139C9FD2A38E59AFB466F9A_1150",1)
315508 Stepping into the main SUMS wrapper program with []
.... building sandbox
Running: cp /star/data01/pwg/xiatong/AMPT/14GeV/data_380115281.root /tmp/maxwoo/21EF1A6A9139C9FD2A38E59AFB466F9A_1150/INPUTFILES/data_380115281.root
Running: cp /star/data01/pwg/xiatong/AMPT/14GeV/data_380121611.root /tmp/maxwoo/21EF1A6A9139C9FD2A38E59AFB466F9A_1150/INPUTFILES/data_380121611.root
Running: cp /star/data01/pwg/xiatong/AMPT/14GeV/data_380122201.root /tmp/maxwoo/21EF1A6A9139C9FD2A38E59AFB466F9A_1150/INPUTFILES/data_380122201.root
Running: cp /star/data01/pwg/xiatong/AMPT/14GeV/data_380123581.root /tmp/maxwoo/21EF1A6A9139C9FD2A38E59AFB466F9A_1150/INPUTFILES/data_380123581.root
Running: cp /star/data01/pwg/xiatong/AMPT/14GeV/data_380127641.root /tmp/maxwoo/21EF1A6A9139C9FD2A38E59AFB466F9A_1150/INPUTFILES/data_380127641.root
Running: cp /star/data01/pwg/xiatong/AMPT/14GeV/data_380129381.root /tmp/maxwoo/21EF1A6A9139C9FD2A38E59AFB466F9A_1150/INPUTFILES/data_380129381.root
Running: cp /star/data01/pwg/xiatong/AMPT/14GeV/data_380132151.root /tmp/maxwoo/21EF1A6A9139C9FD2A38E59AFB466F9A_1150/INPUTFILES/data_380132151.root
Running: cp /star/data01/pwg/xiatong/AMPT/14GeV/data_380132161.root /tmp/maxwoo/21EF1A6A9139C9FD2A38E59AFB466F9A_1150/INPUTFILES/data_380132161.root
Running: cp /star/data01/pwg/xiatong/AMPT/14GeV/data_380140261.root /tmp/maxwoo/21EF1A6A9139C9FD2A38E59AFB466F9A_1150/INPUTFILES/data_380140261.root
Running: cp /star/data01/pwg/xiatong/AMPT/14GeV/data_380140861.root /tmp/maxwoo/21EF1A6A9139C9FD2A38E59AFB466F9A_1150/INPUTFILES/data_380140861.root
Running: cp /star/data01/pwg/xiatong/AMPT/14GeV/data_380142911.root /tmp/maxwoo/21EF1A6A9139C9FD2A38E59AFB466F9A_1150/INPUTFILES/data_380142911.root
Running: cp /star/data01/pwg/xiatong/AMPT/14GeV/data_380144901.root /tmp/maxwoo/21EF1A6A9139C9FD2A38E59AFB466F9A_1150/INPUTFILES/data_380144901.root
Running: cp /star/data01/pwg/xiatong/AMPT/14GeV/data_380144911.root /tmp/maxwoo/21EF1A6A9139C9FD2A38E59AFB466F9A_1150/INPUTFILES/data_380144911.root
Running: cp /star/data01/pwg/xiatong/AMPT/14GeV/data_380144921.root /tmp/maxwoo/21EF1A6A9139C9FD2A38E59AFB466F9A_1150/INPUTFILES/data_380144921.root
Running: cp /star/data01/pwg/xiatong/AMPT/14GeV/data_380149631.root /tmp/maxwoo/21EF1A6A9139C9FD2A38E59AFB466F9A_1150/INPUTFILES/data_380149631.root
Running: cp /star/data01/pwg/xiatong/AMPT/14GeV/data_380161601.root /tmp/maxwoo/21EF1A6A9139C9FD2A38E59AFB466F9A_1150/INPUTFILES/data_380161601.root
Running: cp /star/data01/pwg/xiatong/AMPT/14GeV/data_380161641.root /tmp/maxwoo/21EF1A6A9139C9FD2A38E59AFB466F9A_1150/INPUTFILES/data_380161641.root
Running: cp /star/data01/pwg/xiatong/AMPT/14GeV/data_380161681.root /tmp/maxwoo/21EF1A6A9139C9FD2A38E59AFB466F9A_1150/INPUTFILES/data_380161681.root
Running: cp /star/data01/pwg/xiatong/AMPT/14GeV/data_380161701.root /tmp/maxwoo/21EF1A6A9139C9FD2A38E59AFB466F9A_1150/INPUTFILES/data_380161701.root
Running: cp /star/data01/pwg/xiatong/AMPT/14GeV/data_380161721.root /tmp/maxwoo/21EF1A6A9139C9FD2A38E59AFB466F9A_1150/INPUTFILES/data_380161721.root
Running: cp /star/data01/pwg/xiatong/AMPT/14GeV/data_380161731.root /tmp/maxwoo/21EF1A6A9139C9FD2A38E59AFB466F9A_1150/INPUTFILES/data_380161731.root
Running: cp /star/data01/pwg/xiatong/AMPT/14GeV/data_380161751.root /tmp/maxwoo/21EF1A6A9139C9FD2A38E59AFB466F9A_1150/INPUTFILES/data_380161751.root
Running: cp /star/data01/pwg/xiatong/AMPT/14GeV/data_380161761.root /tmp/maxwoo/21EF1A6A9139C9FD2A38E59AFB466F9A_1150/INPUTFILES/data_380161761.root
Running: cp /star/data01/pwg/xiatong/AMPT/14GeV/data_380161771.root /tmp/maxwoo/21EF1A6A9139C9FD2A38E59AFB466F9A_1150/INPUTFILES/data_380161771.root
Running: cp /star/data01/pwg/xiatong/AMPT/14GeV/data_380161781.root /tmp/maxwoo/21EF1A6A9139C9FD2A38E59AFB466F9A_1150/INPUTFILES/data_380161781.root
Running: cp /star/data01/pwg/xiatong/AMPT/14GeV/data_380161791.root /tmp/maxwoo/21EF1A6A9139C9FD2A38E59AFB466F9A_1150/INPUTFILES/data_380161791.root
Running: cp /star/data01/pwg/xiatong/AMPT/14GeV/data_380161801.root /tmp/maxwoo/21EF1A6A9139C9FD2A38E59AFB466F9A_1150/INPUTFILES/data_380161801.root
Running: cp /star/data01/pwg/xiatong/AMPT/14GeV/data_380161811.root /tmp/maxwoo/21EF1A6A9139C9FD2A38E59AFB466F9A_1150/INPUTFILES/data_380161811.root
Running: cp /star/data01/pwg/xiatong/AMPT/14GeV/data_380161881.root /tmp/maxwoo/21EF1A6A9139C9FD2A38E59AFB466F9A_1150/INPUTFILES/data_380161881.root
Running: cp /star/data01/pwg/xiatong/AMPT/14GeV/data_380167711.root /tmp/maxwoo/21EF1A6A9139C9FD2A38E59AFB466F9A_1150/INPUTFILES/data_380167711.root
Running: cp /star/data01/pwg/xiatong/AMPT/14GeV/data_380167741.root /tmp/maxwoo/21EF1A6A9139C9FD2A38E59AFB466F9A_1150/INPUTFILES/data_380167741.root
Running: cp /star/data01/pwg/xiatong/AMPT/14GeV/data_380168701.root /tmp/maxwoo/21EF1A6A9139C9FD2A38E59AFB466F9A_1150/INPUTFILES/data_380168701.root
Running: cp /star/data01/pwg/xiatong/AMPT/14GeV/data_380172631.root /tmp/maxwoo/21EF1A6A9139C9FD2A38E59AFB466F9A_1150/INPUTFILES/data_380172631.root
Running: cp /star/data01/pwg/xiatong/AMPT/14GeV/data_380179811.root /tmp/maxwoo/21EF1A6A9139C9FD2A38E59AFB466F9A_1150/INPUTFILES/data_380179811.root
Running: cp /star/data01/pwg/xiatong/AMPT/14GeV/data_380184601.root /tmp/maxwoo/21EF1A6A9139C9FD2A38E59AFB466F9A_1150/INPUTFILES/data_380184601.root
Running: cp /star/data01/pwg/xiatong/AMPT/14GeV/data_380186791.root /tmp/maxwoo/21EF1A6A9139C9FD2A38E59AFB466F9A_1150/INPUTFILES/data_380186791.root
Running: cp /star/data01/pwg/xiatong/AMPT/14GeV/data_380194191.root /tmp/maxwoo/21EF1A6A9139C9FD2A38E59AFB466F9A_1150/INPUTFILES/data_380194191.root
Swapping $FILELIST with: /tmp/maxwoo/21EF1A6A9139C9FD2A38E59AFB466F9A_1150/INPUTFILES/21EF1A6A9139C9FD2A38E59AFB466F9A_1150.local.list
+++++++++++local copy debug++++++++++++++++++++
newFileList: /tmp/maxwoo/21EF1A6A9139C9FD2A38E59AFB466F9A_1150/INPUTFILES/21EF1A6A9139C9FD2A38E59AFB466F9A_1150.local.list
++++++++++++++++cat FILELIST+++++++++++++++++++
/tmp/maxwoo/21EF1A6A9139C9FD2A38E59AFB466F9A_1150/INPUTFILES/data_380115281.root 
/tmp/maxwoo/21EF1A6A9139C9FD2A38E59AFB466F9A_1150/INPUTFILES/data_380121611.root 
/tmp/maxwoo/21EF1A6A9139C9FD2A38E59AFB466F9A_1150/INPUTFILES/data_380122201.root 
/tmp/maxwoo/21EF1A6A9139C9FD2A38E59AFB466F9A_1150/INPUTFILES/data_380123581.root 
/tmp/maxwoo/21EF1A6A9139C9FD2A38E59AFB466F9A_1150/INPUTFILES/data_380127641.root 
/tmp/maxwoo/21EF1A6A9139C9FD2A38E59AFB466F9A_1150/INPUTFILES/data_380129381.root 
/tmp/maxwoo/21EF1A6A9139C9FD2A38E59AFB466F9A_1150/INPUTFILES/data_380132151.root 
/tmp/maxwoo/21EF1A6A9139C9FD2A38E59AFB466F9A_1150/INPUTFILES/data_380132161.root 
/tmp/maxwoo/21EF1A6A9139C9FD2A38E59AFB466F9A_1150/INPUTFILES/data_380140261.root 
/tmp/maxwoo/21EF1A6A9139C9FD2A38E59AFB466F9A_1150/INPUTFILES/data_380140861.root 
/tmp/maxwoo/21EF1A6A9139C9FD2A38E59AFB466F9A_1150/INPUTFILES/data_380142911.root 
/tmp/maxwoo/21EF1A6A9139C9FD2A38E59AFB466F9A_1150/INPUTFILES/data_380144901.root 
/tmp/maxwoo/21EF1A6A9139C9FD2A38E59AFB466F9A_1150/INPUTFILES/data_380144911.root 
/tmp/maxwoo/21EF1A6A9139C9FD2A38E59AFB466F9A_1150/INPUTFILES/data_380144921.root 
/tmp/maxwoo/21EF1A6A9139C9FD2A38E59AFB466F9A_1150/INPUTFILES/data_380149631.root 
/tmp/maxwoo/21EF1A6A9139C9FD2A38E59AFB466F9A_1150/INPUTFILES/data_380161601.root 
/tmp/maxwoo/21EF1A6A9139C9FD2A38E59AFB466F9A_1150/INPUTFILES/data_380161641.root 
/tmp/maxwoo/21EF1A6A9139C9FD2A38E59AFB466F9A_1150/INPUTFILES/data_380161681.root 
/tmp/maxwoo/21EF1A6A9139C9FD2A38E59AFB466F9A_1150/INPUTFILES/data_380161701.root 
/tmp/maxwoo/21EF1A6A9139C9FD2A38E59AFB466F9A_1150/INPUTFILES/data_380161721.root 
/tmp/maxwoo/21EF1A6A9139C9FD2A38E59AFB466F9A_1150/INPUTFILES/data_380161731.root 
/tmp/maxwoo/21EF1A6A9139C9FD2A38E59AFB466F9A_1150/INPUTFILES/data_380161751.root 
/tmp/maxwoo/21EF1A6A9139C9FD2A38E59AFB466F9A_1150/INPUTFILES/data_380161761.root 
/tmp/maxwoo/21EF1A6A9139C9FD2A38E59AFB466F9A_1150/INPUTFILES/data_380161771.root 
/tmp/maxwoo/21EF1A6A9139C9FD2A38E59AFB466F9A_1150/INPUTFILES/data_380161781.root 
/tmp/maxwoo/21EF1A6A9139C9FD2A38E59AFB466F9A_1150/INPUTFILES/data_380161791.root 
/tmp/maxwoo/21EF1A6A9139C9FD2A38E59AFB466F9A_1150/INPUTFILES/data_380161801.root 
/tmp/maxwoo/21EF1A6A9139C9FD2A38E59AFB466F9A_1150/INPUTFILES/data_380161811.root 
/tmp/maxwoo/21EF1A6A9139C9FD2A38E59AFB466F9A_1150/INPUTFILES/data_380161881.root 
/tmp/maxwoo/21EF1A6A9139C9FD2A38E59AFB466F9A_1150/INPUTFILES/data_380167711.root 
/tmp/maxwoo/21EF1A6A9139C9FD2A38E59AFB466F9A_1150/INPUTFILES/data_380167741.root 
/tmp/maxwoo/21EF1A6A9139C9FD2A38E59AFB466F9A_1150/INPUTFILES/data_380168701.root 
/tmp/maxwoo/21EF1A6A9139C9FD2A38E59AFB466F9A_1150/INPUTFILES/data_380172631.root 
/tmp/maxwoo/21EF1A6A9139C9FD2A38E59AFB466F9A_1150/INPUTFILES/data_380179811.root 
/tmp/maxwoo/21EF1A6A9139C9FD2A38E59AFB466F9A_1150/INPUTFILES/data_380184601.root 
/tmp/maxwoo/21EF1A6A9139C9FD2A38E59AFB466F9A_1150/INPUTFILES/data_380186791.root 
/tmp/maxwoo/21EF1A6A9139C9FD2A38E59AFB466F9A_1150/INPUTFILES/data_380194191.root 
++++++++++++++++++++find.++++++++++++++++++++++
.
./.output.log
./Check_Sness.C
./check_S.C
./INPUTFILES
./INPUTFILES/data_380140861.root
./INPUTFILES/data_380161771.root
./INPUTFILES/data_380144921.root
./INPUTFILES/data_380161781.root
./INPUTFILES/data_380161701.root
./INPUTFILES/data_380167741.root
./INPUTFILES/data_380161801.root
./INPUTFILES/data_380194191.root
./INPUTFILES/data_380127641.root
./INPUTFILES/data_380129381.root
./INPUTFILES/data_380161681.root
./INPUTFILES/data_380179811.root
./INPUTFILES/data_380115281.root
./INPUTFILES/data_380123581.root
./INPUTFILES/data_380132161.root
./INPUTFILES/21EF1A6A9139C9FD2A38E59AFB466F9A_1150.local.list
./INPUTFILES/data_380161601.root
./INPUTFILES/data_380140261.root
./INPUTFILES/data_380144911.root
./INPUTFILES/data_380122201.root
./INPUTFILES/data_380121611.root
./INPUTFILES/data_380161721.root
./INPUTFILES/data_380161761.root
./INPUTFILES/data_380161641.root
./INPUTFILES/data_380167711.root
./INPUTFILES/data_380161751.root
./INPUTFILES/data_380142911.root
./INPUTFILES/data_380132151.root
./INPUTFILES/data_380144901.root
./INPUTFILES/data_380161791.root
./INPUTFILES/data_380186791.root
./INPUTFILES/data_380168701.root
./INPUTFILES/data_380172631.root
./INPUTFILES/data_380161731.root
./INPUTFILES/data_380184601.root
./INPUTFILES/data_380161811.root
./INPUTFILES/data_380149631.root
./INPUTFILES/data_380161881.root
./.sandboxFiles
./.errror.log
./lib
./lib/my_event.h
./lib/NpartNormalizer_cpp.so
./lib/my_particle.cpp
./lib/CenMaker_cpp_ACLiC_dict_rdict.pcm
./lib/MixedBuffer_cpp.so
./lib/my_particle.h
./lib/NpartNormalizer.h
./lib/CenMaker_cpp.d
./lib/my_particle_cpp.d
./lib/my_particle_cpp.so
./lib/MixedBuffer.cpp
./lib/MixedBuffer_cpp_ACLiC_dict_rdict.pcm
./lib/NpartNormalizer_cpp_ACLiC_dict_rdict.pcm
./lib/my_event.cpp
./lib/my_event_cpp.so
./lib/MixedBuffer_cpp.d
./lib/CenMaker.h
./lib/NpartNormalizer_cpp.d
./lib/my_particle_cpp_ACLiC_dict_rdict.pcm
./lib/my_event_cpp_ACLiC_dict_rdict.pcm
./lib/NpartNormalizer.cpp
./lib/my_event_cpp.d
./lib/CenMaker.cpp
./lib/CenMaker_cpp.so
./lib/MixedBuffer.h
++++++++++++++++INPUTFILE Var++++++++++++++++++
FILELIST=/tmp/maxwoo/21EF1A6A9139C9FD2A38E59AFB466F9A_1150/INPUTFILES/21EF1A6A9139C9FD2A38E59AFB466F9A_1150.local.list
INPUTFILECOUNT=37
INPUTFILE0=/tmp/maxwoo/21EF1A6A9139C9FD2A38E59AFB466F9A_1150/INPUTFILES/data_380115281.root
INPUTFILE1=/tmp/maxwoo/21EF1A6A9139C9FD2A38E59AFB466F9A_1150/INPUTFILES/data_380121611.root
INPUTFILE2=/tmp/maxwoo/21EF1A6A9139C9FD2A38E59AFB466F9A_1150/INPUTFILES/data_380122201.root
INPUTFILE3=/tmp/maxwoo/21EF1A6A9139C9FD2A38E59AFB466F9A_1150/INPUTFILES/data_380123581.root
INPUTFILE4=/tmp/maxwoo/21EF1A6A9139C9FD2A38E59AFB466F9A_1150/INPUTFILES/data_380127641.root
INPUTFILE5=/tmp/maxwoo/21EF1A6A9139C9FD2A38E59AFB466F9A_1150/INPUTFILES/data_380129381.root
INPUTFILE6=/tmp/maxwoo/21EF1A6A9139C9FD2A38E59AFB466F9A_1150/INPUTFILES/data_380132151.root
INPUTFILE7=/tmp/maxwoo/21EF1A6A9139C9FD2A38E59AFB466F9A_1150/INPUTFILES/data_380132161.root
INPUTFILE8=/tmp/maxwoo/21EF1A6A9139C9FD2A38E59AFB466F9A_1150/INPUTFILES/data_380140261.root
INPUTFILE9=/tmp/maxwoo/21EF1A6A9139C9FD2A38E59AFB466F9A_1150/INPUTFILES/data_380140861.root
INPUTFILE10=/tmp/maxwoo/21EF1A6A9139C9FD2A38E59AFB466F9A_1150/INPUTFILES/data_380142911.root
INPUTFILE11=/tmp/maxwoo/21EF1A6A9139C9FD2A38E59AFB466F9A_1150/INPUTFILES/data_380144901.root
INPUTFILE12=/tmp/maxwoo/21EF1A6A9139C9FD2A38E59AFB466F9A_1150/INPUTFILES/data_380144911.root
INPUTFILE13=/tmp/maxwoo/21EF1A6A9139C9FD2A38E59AFB466F9A_1150/INPUTFILES/data_380144921.root
INPUTFILE14=/tmp/maxwoo/21EF1A6A9139C9FD2A38E59AFB466F9A_1150/INPUTFILES/data_380149631.root
INPUTFILE15=/tmp/maxwoo/21EF1A6A9139C9FD2A38E59AFB466F9A_1150/INPUTFILES/data_380161601.root
INPUTFILE16=/tmp/maxwoo/21EF1A6A9139C9FD2A38E59AFB466F9A_1150/INPUTFILES/data_380161641.root
INPUTFILE17=/tmp/maxwoo/21EF1A6A9139C9FD2A38E59AFB466F9A_1150/INPUTFILES/data_380161681.root
INPUTFILE18=/tmp/maxwoo/21EF1A6A9139C9FD2A38E59AFB466F9A_1150/INPUTFILES/data_380161701.root
INPUTFILE19=/tmp/maxwoo/21EF1A6A9139C9FD2A38E59AFB466F9A_1150/INPUTFILES/data_380161721.root
INPUTFILE20=/tmp/maxwoo/21EF1A6A9139C9FD2A38E59AFB466F9A_1150/INPUTFILES/data_380161731.root
INPUTFILE21=/tmp/maxwoo/21EF1A6A9139C9FD2A38E59AFB466F9A_1150/INPUTFILES/data_380161751.root
INPUTFILE22=/tmp/maxwoo/21EF1A6A9139C9FD2A38E59AFB466F9A_1150/INPUTFILES/data_380161761.root
INPUTFILE23=/tmp/maxwoo/21EF1A6A9139C9FD2A38E59AFB466F9A_1150/INPUTFILES/data_380161771.root
INPUTFILE24=/tmp/maxwoo/21EF1A6A9139C9FD2A38E59AFB466F9A_1150/INPUTFILES/data_380161781.root
INPUTFILE25=/tmp/maxwoo/21EF1A6A9139C9FD2A38E59AFB466F9A_1150/INPUTFILES/data_380161791.root
INPUTFILE26=/tmp/maxwoo/21EF1A6A9139C9FD2A38E59AFB466F9A_1150/INPUTFILES/data_380161801.root
INPUTFILE27=/tmp/maxwoo/21EF1A6A9139C9FD2A38E59AFB466F9A_1150/INPUTFILES/data_380161811.root
INPUTFILE28=/tmp/maxwoo/21EF1A6A9139C9FD2A38E59AFB466F9A_1150/INPUTFILES/data_380161881.root
INPUTFILE29=/tmp/maxwoo/21EF1A6A9139C9FD2A38E59AFB466F9A_1150/INPUTFILES/data_380167711.root
INPUTFILE30=/tmp/maxwoo/21EF1A6A9139C9FD2A38E59AFB466F9A_1150/INPUTFILES/data_380167741.root
INPUTFILE31=/tmp/maxwoo/21EF1A6A9139C9FD2A38E59AFB466F9A_1150/INPUTFILES/data_380168701.root
INPUTFILE32=/tmp/maxwoo/21EF1A6A9139C9FD2A38E59AFB466F9A_1150/INPUTFILES/data_380172631.root
INPUTFILE33=/tmp/maxwoo/21EF1A6A9139C9FD2A38E59AFB466F9A_1150/INPUTFILES/data_380179811.root
INPUTFILE34=/tmp/maxwoo/21EF1A6A9139C9FD2A38E59AFB466F9A_1150/INPUTFILES/data_380184601.root
INPUTFILE35=/tmp/maxwoo/21EF1A6A9139C9FD2A38E59AFB466F9A_1150/INPUTFILES/data_380186791.root
INPUTFILE36=/tmp/maxwoo/21EF1A6A9139C9FD2A38E59AFB466F9A_1150/INPUTFILES/data_380194191.root
LocalInputFileDir=/tmp/maxwoo/21EF1A6A9139C9FD2A38E59AFB466F9A_1150/INPUTFILES
NewFILELIST=/tmp/maxwoo/21EF1A6A9139C9FD2A38E59AFB466F9A_1150/INPUTFILES/21EF1A6A9139C9FD2A38E59AFB466F9A_1150.local.list
+++++++++++++++++++++++++++++++++++++++++++++++
--------------------------------
Simple Unified Meta Scheduler 1.10.50 we are starting in $SCRATCH : /home/tmp/maxwoo/21EF1A6A9139C9FD2A38E59AFB466F9A_1150
--------------------------------
total 16
lrwxrwxrwx 1 maxwoo rhstar   61 Jun  2 11:22 check_S.C -> /gpfs/mnt/gpfs01/star/pwg/xiatong/git/strangeness/./check_S.C
lrwxrwxrwx 1 maxwoo rhstar   65 Jun  2 11:22 Check_Sness.C -> /gpfs/mnt/gpfs01/star/pwg/xiatong/git/strangeness/./Check_Sness.C
drwxr-xr-x 2 maxwoo rhstar 4096 Jun  2 11:25 INPUTFILES
drwxr-xr-x 2 maxwoo rhstar 4096 Jun  2 11:22 lib
  *******************************************
  *                                         *
  *        W E L C O M E  to  R O O T       *
  *                                         *
  *   Version   5.34/38     12 March 2018   *
  *                                         *
  *  You are welcome to visit our Web site  *
  *          http://root.cern.ch            *
  *                                         *
  *******************************************

ROOT 5.34/38 (v5-34-38@v5-34-38, Mar 12 2018, 15:49:39 on linux)

CINT/ROOT C/C++ Interpreter version 5.18.00, July 2, 2010
Type ? for help. Commands must be C++ statements.
Enclose multiple statements between { }.
*** Float Point Exception is OFF ***
 *** Start at Date : Thu Jun  2 11:25:29 2022
QAInfo:You are using STAR_LEVEL : dev, ROOT_LEVEL : 5.34.38 and node : spool0856.sdcc.bnl.gov 

Processing check_S.C++("/tmp/maxwoo/21EF1A6A9139C9FD2A38E59AFB466F9A_1150/INPUTFILES/21EF1A6A9139C9FD2A38E59AFB466F9A_1150.local.list","21EF1A6A9139C9FD2A38E59AFB466F9A_1150",1)...
/tmp/maxwoo/21EF1A6A9139C9FD2A38E59AFB466F9A_1150/INPUTFILES/data_380115281.root 
/tmp/maxwoo/21EF1A6A9139C9FD2A38E59AFB466F9A_1150/INPUTFILES/data_380121611.root 
/tmp/maxwoo/21EF1A6A9139C9FD2A38E59AFB466F9A_1150/INPUTFILES/data_380122201.root 
/tmp/maxwoo/21EF1A6A9139C9FD2A38E59AFB466F9A_1150/INPUTFILES/data_380123581.root 
/tmp/maxwoo/21EF1A6A9139C9FD2A38E59AFB466F9A_1150/INPUTFILES/data_380127641.root 
/tmp/maxwoo/21EF1A6A9139C9FD2A38E59AFB466F9A_1150/INPUTFILES/data_380129381.root 
/tmp/maxwoo/21EF1A6A9139C9FD2A38E59AFB466F9A_1150/INPUTFILES/data_380132151.root 
/tmp/maxwoo/21EF1A6A9139C9FD2A38E59AFB466F9A_1150/INPUTFILES/data_380132161.root 
/tmp/maxwoo/21EF1A6A9139C9FD2A38E59AFB466F9A_1150/INPUTFILES/data_380140261.root 
/tmp/maxwoo/21EF1A6A9139C9FD2A38E59AFB466F9A_1150/INPUTFILES/data_380140861.root 
/tmp/maxwoo/21EF1A6A9139C9FD2A38E59AFB466F9A_1150/INPUTFILES/data_380142911.root 
/tmp/maxwoo/21EF1A6A9139C9FD2A38E59AFB466F9A_1150/INPUTFILES/data_380144901.root 
/tmp/maxwoo/21EF1A6A9139C9FD2A38E59AFB466F9A_1150/INPUTFILES/data_380144911.root 
/tmp/maxwoo/21EF1A6A9139C9FD2A38E59AFB466F9A_1150/INPUTFILES/data_380144921.root 
/tmp/maxwoo/21EF1A6A9139C9FD2A38E59AFB466F9A_1150/INPUTFILES/data_380149631.root 
/tmp/maxwoo/21EF1A6A9139C9FD2A38E59AFB466F9A_1150/INPUTFILES/data_380161601.root 
/tmp/maxwoo/21EF1A6A9139C9FD2A38E59AFB466F9A_1150/INPUTFILES/data_380161641.root 
/tmp/maxwoo/21EF1A6A9139C9FD2A38E59AFB466F9A_1150/INPUTFILES/data_380161681.root 
/tmp/maxwoo/21EF1A6A9139C9FD2A38E59AFB466F9A_1150/INPUTFILES/data_380161701.root 
/tmp/maxwoo/21EF1A6A9139C9FD2A38E59AFB466F9A_1150/INPUTFILES/data_380161721.root 
/tmp/maxwoo/21EF1A6A9139C9FD2A38E59AFB466F9A_1150/INPUTFILES/data_380161731.root 
/tmp/maxwoo/21EF1A6A9139C9FD2A38E59AFB466F9A_1150/INPUTFILES/data_380161751.root 
/tmp/maxwoo/21EF1A6A9139C9FD2A38E59AFB466F9A_1150/INPUTFILES/data_380161761.root 
/tmp/maxwoo/21EF1A6A9139C9FD2A38E59AFB466F9A_1150/INPUTFILES/data_380161771.root 
/tmp/maxwoo/21EF1A6A9139C9FD2A38E59AFB466F9A_1150/INPUTFILES/data_380161781.root 
/tmp/maxwoo/21EF1A6A9139C9FD2A38E59AFB466F9A_1150/INPUTFILES/data_380161791.root 
/tmp/maxwoo/21EF1A6A9139C9FD2A38E59AFB466F9A_1150/INPUTFILES/data_380161801.root 
/tmp/maxwoo/21EF1A6A9139C9FD2A38E59AFB466F9A_1150/INPUTFILES/data_380161811.root 
/tmp/maxwoo/21EF1A6A9139C9FD2A38E59AFB466F9A_1150/INPUTFILES/data_380161881.root 
/tmp/maxwoo/21EF1A6A9139C9FD2A38E59AFB466F9A_1150/INPUTFILES/data_380167711.root 
/tmp/maxwoo/21EF1A6A9139C9FD2A38E59AFB466F9A_1150/INPUTFILES/data_380167741.root 
/tmp/maxwoo/21EF1A6A9139C9FD2A38E59AFB466F9A_1150/INPUTFILES/data_380168701.root 
/tmp/maxwoo/21EF1A6A9139C9FD2A38E59AFB466F9A_1150/INPUTFILES/data_380172631.root 
/tmp/maxwoo/21EF1A6A9139C9FD2A38E59AFB466F9A_1150/INPUTFILES/data_380179811.root 
/tmp/maxwoo/21EF1A6A9139C9FD2A38E59AFB466F9A_1150/INPUTFILES/data_380184601.root 
/tmp/maxwoo/21EF1A6A9139C9FD2A38E59AFB466F9A_1150/INPUTFILES/data_380186791.root 
/tmp/maxwoo/21EF1A6A9139C9FD2A38E59AFB466F9A_1150/INPUTFILES/data_380194191.root 
Added 37 files
# entries in chain: 37000
Processing entry == 1000 == out of 37000.
Processing entry == 2000 == out of 37000.
Processing entry == 3000 == out of 37000.
Processing entry == 4000 == out of 37000.
Processing entry == 5000 == out of 37000.
Processing entry == 6000 == out of 37000.
Processing entry == 7000 == out of 37000.
Processing entry == 8000 == out of 37000.
Processing entry == 9000 == out of 37000.
Processing entry == 10000 == out of 37000.
Processing entry == 11000 == out of 37000.
Processing entry == 12000 == out of 37000.
Processing entry == 13000 == out of 37000.
Processing entry == 14000 == out of 37000.
Processing entry == 15000 == out of 37000.
Processing entry == 16000 == out of 37000.
Processing entry == 17000 == out of 37000.
Processing entry == 18000 == out of 37000.
Processing entry == 19000 == out of 37000.
Processing entry == 20000 == out of 37000.
Processing entry == 21000 == out of 37000.
Processing entry == 22000 == out of 37000.
Processing entry == 23000 == out of 37000.
Processing entry == 24000 == out of 37000.
Processing entry == 25000 == out of 37000.
Processing entry == 26000 == out of 37000.
Processing entry == 27000 == out of 37000.
Processing entry == 28000 == out of 37000.
Processing entry == 29000 == out of 37000.
Processing entry == 30000 == out of 37000.
Processing entry == 31000 == out of 37000.
Processing entry == 32000 == out of 37000.
Processing entry == 33000 == out of 37000.
Processing entry == 34000 == out of 37000.
Processing entry == 35000 == out of 37000.
Processing entry == 36000 == out of 37000.
Processing entry == 37000 == out of 37000.

This is the end of ROOT -- Goodbye

Cleaning up sandbox file:  /tmp/maxwoo/21EF1A6A9139C9FD2A38E59AFB466F9A_1150/check_S.C
Cleaning up sandbox file:  /tmp/maxwoo/21EF1A6A9139C9FD2A38E59AFB466F9A_1150/Check_Sness.C
Cleaning up sandbox file:  /tmp/maxwoo/21EF1A6A9139C9FD2A38E59AFB466F9A_1150/lib
Cleaning up sandbox file:  /tmp/maxwoo/21EF1A6A9139C9FD2A38E59AFB466F9A_1150/.sandboxFiles
Starting copy block
Running copy command:  /bin/cp -fp /tmp/maxwoo/21EF1A6A9139C9FD2A38E59AFB466F9A_1150/out_21EF1A6A9139C9FD2A38E59AFB466F9A_1150.root /star/data01/pwg/xiatong/git/strangeness/data/
315310 Execution of (/star/data01/pwg/xiatong/git/strangeness/script/sched21EF1A6A9139C9FD2A38E59AFB466F9A_1150.csh ) has ended, exiting normally
315310 We END on [Thu Jun  2 11:47:25 EDT 2022]
