We are starting on node: rcas6309.rcf.bnl.gov
HOME is not defined
Using getent method
HOME is now /star/u/maxwoo
27252 We will spawn ourselves (/star/data01/pwg/xiatong/git/strangeness/script/sched21EF1A6A9139C9FD2A38E59AFB466F9A_436.csh )
27252 We BEGIN on [Thu Jun  2 11:31:25 EDT 2022]
[1] 27499
27252 We are waiting for 27499 
27252 Grandchild PID is 27737 - found in 10 x 1 seconds
27252 Establishing first watcher   on    Thu Jun  2 11:31:36 EDT 2022
27252 Process tree is 27252 (main) -> 27499 (child) -> 27737 (grandchild)
F S   UID   PID  PPID  C PRI  NI ADDR SZ WCHAN  TTY        TIME CMD
0 D 100667 27737 27499  0 80   0 - 32311 cxiWai ?          0:00 cp /star/data01/pwg/xiatong/AMPT/14GeV/data_184428551.root /tmp/maxwoo/21EF1A6A9139C9FD2A38E59AFB466F9A_436/INPUTFILES/data_184428551.root
27252 Grandchild PID is 30084 - found in 20 x 2 seconds
27252 Grandchild to watch has changed on Thu Jun  2 11:31:57 EDT 2022
27252 Process tree is 27252 (main) -> 27499 (child) -> 30084 (grandchild)
F S   UID   PID  PPID  C PRI  NI ADDR SZ WCHAN  TTY        TIME CMD
0 D 100667 30084 27499  0 80   0 - 32311 cxiWai ?          0:00 cp /star/data01/pwg/xiatong/AMPT/14GeV/data_184428621.root /tmp/maxwoo/21EF1A6A9139C9FD2A38E59AFB466F9A_436/INPUTFILES/data_184428621.root
27252 Grandchild PID is 30698 - found in 30 x 2 seconds
27252 Grandchild to watch has changed on Thu Jun  2 11:32:18 EDT 2022
27252 Process tree is 27252 (main) -> 27499 (child) -> 30698 (grandchild)
F S   UID   PID  PPID  C PRI  NI ADDR SZ WCHAN  TTY        TIME CMD
0 D 100667 30698 27499  0 80   0 - 32311 cxiWai ?          0:00 cp /star/data01/pwg/xiatong/AMPT/14GeV/data_184450571.root /tmp/maxwoo/21EF1A6A9139C9FD2A38E59AFB466F9A_436/INPUTFILES/data_184450571.root
27252 Grandchild PID is 32436 - found in 50 x 2 seconds
27252 Grandchild to watch has changed on Thu Jun  2 11:32:59 EDT 2022
27252 Process tree is 27252 (main) -> 27499 (child) -> 32436 (grandchild)
F S   UID   PID  PPID  C PRI  NI ADDR SZ WCHAN  TTY        TIME CMD
0 D 100667 32436 27499  0 80   0 - 32311 cxiWai ?          0:00 cp /star/data01/pwg/xiatong/AMPT/14GeV/data_184528391.root /tmp/maxwoo/21EF1A6A9139C9FD2A38E59AFB466F9A_436/INPUTFILES/data_184528391.root
27252 Grandchild PID is 34322 - found in 70 x 2 seconds
27252 Grandchild to watch has changed on Thu Jun  2 11:33:40 EDT 2022
27252 Process tree is 27252 (main) -> 27499 (child) -> 34322 (grandchild)
F S   UID   PID  PPID  C PRI  NI ADDR SZ WCHAN  TTY        TIME CMD
0 D 100667 34322 27499  0 80   0 - 32311 cxiWai ?          0:00 cp /star/data01/pwg/xiatong/AMPT/14GeV/data_184627801.root /tmp/maxwoo/21EF1A6A9139C9FD2A38E59AFB466F9A_436/INPUTFILES/data_184627801.root
27252 Grandchild PID is 35141 - found in 80 x 2 seconds
27252 Grandchild to watch has changed on Thu Jun  2 11:34:01 EDT 2022
27252 Process tree is 27252 (main) -> 27499 (child) -> 35141 (grandchild)
F S   UID   PID  PPID  C PRI  NI ADDR SZ WCHAN  TTY        TIME CMD
0 D 100667 35141 27499  0 80   0 - 32311 cxiWai ?          0:00 cp /star/data01/pwg/xiatong/AMPT/14GeV/data_184628171.root /tmp/maxwoo/21EF1A6A9139C9FD2A38E59AFB466F9A_436/INPUTFILES/data_184628171.root
27252 Grandchild PID is 36760 - found in 90 x 2 seconds
27252 Grandchild to watch has changed on Thu Jun  2 11:34:22 EDT 2022
27252 Process tree is 27252 (main) -> 27499 (child) -> 36760 (grandchild)
F S   UID   PID  PPID  C PRI  NI ADDR SZ WCHAN  TTY        TIME CMD
0 D 100667 36760 27499  0 80   0 - 32311 cxiWai ?          0:00 cp /star/data01/pwg/xiatong/AMPT/14GeV/data_184628411.root /tmp/maxwoo/21EF1A6A9139C9FD2A38E59AFB466F9A_436/INPUTFILES/data_184628411.root
27252 Grandchild PID is 39469 - found in 110 x 2 seconds
27252 Grandchild to watch has changed on Thu Jun  2 11:35:03 EDT 2022
27252 Process tree is 27252 (main) -> 27499 (child) -> 39469 (grandchild)
F S   UID   PID  PPID  C PRI  NI ADDR SZ WCHAN  TTY        TIME CMD
0 D 100667 39469 27499  0 80   0 - 32311 cxiWai ?          0:00 cp /star/data01/pwg/xiatong/AMPT/14GeV/data_184727911.root /tmp/maxwoo/21EF1A6A9139C9FD2A38E59AFB466F9A_436/INPUTFILES/data_184727911.root
27252 Grandchild PID is 40433 - found in 130 x 2 seconds
27252 Grandchild to watch has changed on Thu Jun  2 11:35:45 EDT 2022
27252 Process tree is 27252 (main) -> 27499 (child) -> 40433 (grandchild)
F S   UID   PID  PPID  C PRI  NI ADDR SZ WCHAN  TTY        TIME CMD
0 D 100667 40433 27499  0 80   0 - 32311 cxiWai ?          0:00 cp /star/data01/pwg/xiatong/AMPT/14GeV/data_184728111.root /tmp/maxwoo/21EF1A6A9139C9FD2A38E59AFB466F9A_436/INPUTFILES/data_184728111.root
27252 Grandchild PID is 41538 - found in 140 x 2 seconds
27252 Grandchild to watch has changed on Thu Jun  2 11:36:05 EDT 2022
27252 Process tree is 27252 (main) -> 27499 (child) -> 41538 (grandchild)
F S   UID   PID  PPID  C PRI  NI ADDR SZ WCHAN  TTY        TIME CMD
0 D 100667 41538 27499  0 80   0 - 32311 cxiWai ?          0:00 cp /star/data01/pwg/xiatong/AMPT/14GeV/data_184728331.root /tmp/maxwoo/21EF1A6A9139C9FD2A38E59AFB466F9A_436/INPUTFILES/data_184728331.root
27252 Grandchild PID is 43096 - found in 150 x 2 seconds
27252 Grandchild to watch has changed on Thu Jun  2 11:36:26 EDT 2022
27252 Process tree is 27252 (main) -> 27499 (child) -> 43096 (grandchild)
F S   UID   PID  PPID  C PRI  NI ADDR SZ WCHAN  TTY        TIME CMD
0 D 100667 43096 27499  0 80   0 - 32311 cxiWai ?          0:00 cp /star/data01/pwg/xiatong/AMPT/14GeV/data_184728481.root /tmp/maxwoo/21EF1A6A9139C9FD2A38E59AFB466F9A_436/INPUTFILES/data_184728481.root
27252 Grandchild PID is 44949 - found in 170 x 2 seconds
27252 Grandchild to watch has changed on Thu Jun  2 11:37:08 EDT 2022
27252 Process tree is 27252 (main) -> 27499 (child) -> 44949 (grandchild)
F S   UID   PID  PPID  C PRI  NI ADDR SZ WCHAN  TTY        TIME CMD
0 S 100667 44949 27499  0 80   0 -  1272 do_wai ?          0:00 root -b -q check_S.C++("/tmp/maxwoo/21EF1A6A9139C9FD2A38E59AFB466F9A_436/INPUTFILES/21EF1A6A9139C9FD2A38E59AFB466F9A_436.local.list","21EF1A6A9139C9FD2A38E59AFB466F9A_436",1)
27499 Stepping into the main SUMS wrapper program with []
.... building sandbox
Running: cp /star/data01/pwg/xiatong/AMPT/14GeV/data_184428551.root /tmp/maxwoo/21EF1A6A9139C9FD2A38E59AFB466F9A_436/INPUTFILES/data_184428551.root
Running: cp /star/data01/pwg/xiatong/AMPT/14GeV/data_184428611.root /tmp/maxwoo/21EF1A6A9139C9FD2A38E59AFB466F9A_436/INPUTFILES/data_184428611.root
Running: cp /star/data01/pwg/xiatong/AMPT/14GeV/data_184428621.root /tmp/maxwoo/21EF1A6A9139C9FD2A38E59AFB466F9A_436/INPUTFILES/data_184428621.root
Running: cp /star/data01/pwg/xiatong/AMPT/14GeV/data_184428631.root /tmp/maxwoo/21EF1A6A9139C9FD2A38E59AFB466F9A_436/INPUTFILES/data_184428631.root
Running: cp /star/data01/pwg/xiatong/AMPT/14GeV/data_184428641.root /tmp/maxwoo/21EF1A6A9139C9FD2A38E59AFB466F9A_436/INPUTFILES/data_184428641.root
Running: cp /star/data01/pwg/xiatong/AMPT/14GeV/data_184428661.root /tmp/maxwoo/21EF1A6A9139C9FD2A38E59AFB466F9A_436/INPUTFILES/data_184428661.root
Running: cp /star/data01/pwg/xiatong/AMPT/14GeV/data_184450571.root /tmp/maxwoo/21EF1A6A9139C9FD2A38E59AFB466F9A_436/INPUTFILES/data_184450571.root
Running: cp /star/data01/pwg/xiatong/AMPT/14GeV/data_184528031.root /tmp/maxwoo/21EF1A6A9139C9FD2A38E59AFB466F9A_436/INPUTFILES/data_184528031.root
Running: cp /star/data01/pwg/xiatong/AMPT/14GeV/data_184528321.root /tmp/maxwoo/21EF1A6A9139C9FD2A38E59AFB466F9A_436/INPUTFILES/data_184528321.root
Running: cp /star/data01/pwg/xiatong/AMPT/14GeV/data_184528391.root /tmp/maxwoo/21EF1A6A9139C9FD2A38E59AFB466F9A_436/INPUTFILES/data_184528391.root
Running: cp /star/data01/pwg/xiatong/AMPT/14GeV/data_184569391.root /tmp/maxwoo/21EF1A6A9139C9FD2A38E59AFB466F9A_436/INPUTFILES/data_184569391.root
Running: cp /star/data01/pwg/xiatong/AMPT/14GeV/data_184627771.root /tmp/maxwoo/21EF1A6A9139C9FD2A38E59AFB466F9A_436/INPUTFILES/data_184627771.root
Running: cp /star/data01/pwg/xiatong/AMPT/14GeV/data_184627801.root /tmp/maxwoo/21EF1A6A9139C9FD2A38E59AFB466F9A_436/INPUTFILES/data_184627801.root
Running: cp /star/data01/pwg/xiatong/AMPT/14GeV/data_184627811.root /tmp/maxwoo/21EF1A6A9139C9FD2A38E59AFB466F9A_436/INPUTFILES/data_184627811.root
Running: cp /star/data01/pwg/xiatong/AMPT/14GeV/data_184627841.root /tmp/maxwoo/21EF1A6A9139C9FD2A38E59AFB466F9A_436/INPUTFILES/data_184627841.root
Running: cp /star/data01/pwg/xiatong/AMPT/14GeV/data_184627931.root /tmp/maxwoo/21EF1A6A9139C9FD2A38E59AFB466F9A_436/INPUTFILES/data_184627931.root
Running: cp /star/data01/pwg/xiatong/AMPT/14GeV/data_184627961.root /tmp/maxwoo/21EF1A6A9139C9FD2A38E59AFB466F9A_436/INPUTFILES/data_184627961.root
Running: cp /star/data01/pwg/xiatong/AMPT/14GeV/data_184627971.root /tmp/maxwoo/21EF1A6A9139C9FD2A38E59AFB466F9A_436/INPUTFILES/data_184627971.root
Running: cp /star/data01/pwg/xiatong/AMPT/14GeV/data_184628001.root /tmp/maxwoo/21EF1A6A9139C9FD2A38E59AFB466F9A_436/INPUTFILES/data_184628001.root
Running: cp /star/data01/pwg/xiatong/AMPT/14GeV/data_184628011.root /tmp/maxwoo/21EF1A6A9139C9FD2A38E59AFB466F9A_436/INPUTFILES/data_184628011.root
Running: cp /star/data01/pwg/xiatong/AMPT/14GeV/data_184628171.root /tmp/maxwoo/21EF1A6A9139C9FD2A38E59AFB466F9A_436/INPUTFILES/data_184628171.root
Running: cp /star/data01/pwg/xiatong/AMPT/14GeV/data_184628371.root /tmp/maxwoo/21EF1A6A9139C9FD2A38E59AFB466F9A_436/INPUTFILES/data_184628371.root
Running: cp /star/data01/pwg/xiatong/AMPT/14GeV/data_184628411.root /tmp/maxwoo/21EF1A6A9139C9FD2A38E59AFB466F9A_436/INPUTFILES/data_184628411.root
Running: cp /star/data01/pwg/xiatong/AMPT/14GeV/data_184649281.root /tmp/maxwoo/21EF1A6A9139C9FD2A38E59AFB466F9A_436/INPUTFILES/data_184649281.root
Running: cp /star/data01/pwg/xiatong/AMPT/14GeV/data_184727741.root /tmp/maxwoo/21EF1A6A9139C9FD2A38E59AFB466F9A_436/INPUTFILES/data_184727741.root
Running: cp /star/data01/pwg/xiatong/AMPT/14GeV/data_184727751.root /tmp/maxwoo/21EF1A6A9139C9FD2A38E59AFB466F9A_436/INPUTFILES/data_184727751.root
Running: cp /star/data01/pwg/xiatong/AMPT/14GeV/data_184727861.root /tmp/maxwoo/21EF1A6A9139C9FD2A38E59AFB466F9A_436/INPUTFILES/data_184727861.root
Running: cp /star/data01/pwg/xiatong/AMPT/14GeV/data_184727871.root /tmp/maxwoo/21EF1A6A9139C9FD2A38E59AFB466F9A_436/INPUTFILES/data_184727871.root
Running: cp /star/data01/pwg/xiatong/AMPT/14GeV/data_184727911.root /tmp/maxwoo/21EF1A6A9139C9FD2A38E59AFB466F9A_436/INPUTFILES/data_184727911.root
Running: cp /star/data01/pwg/xiatong/AMPT/14GeV/data_184727991.root /tmp/maxwoo/21EF1A6A9139C9FD2A38E59AFB466F9A_436/INPUTFILES/data_184727991.root
Running: cp /star/data01/pwg/xiatong/AMPT/14GeV/data_184728111.root /tmp/maxwoo/21EF1A6A9139C9FD2A38E59AFB466F9A_436/INPUTFILES/data_184728111.root
Running: cp /star/data01/pwg/xiatong/AMPT/14GeV/data_184728291.root /tmp/maxwoo/21EF1A6A9139C9FD2A38E59AFB466F9A_436/INPUTFILES/data_184728291.root
Running: cp /star/data01/pwg/xiatong/AMPT/14GeV/data_184728311.root /tmp/maxwoo/21EF1A6A9139C9FD2A38E59AFB466F9A_436/INPUTFILES/data_184728311.root
Running: cp /star/data01/pwg/xiatong/AMPT/14GeV/data_184728331.root /tmp/maxwoo/21EF1A6A9139C9FD2A38E59AFB466F9A_436/INPUTFILES/data_184728331.root
Running: cp /star/data01/pwg/xiatong/AMPT/14GeV/data_184728481.root /tmp/maxwoo/21EF1A6A9139C9FD2A38E59AFB466F9A_436/INPUTFILES/data_184728481.root
Running: cp /star/data01/pwg/xiatong/AMPT/14GeV/data_184728681.root /tmp/maxwoo/21EF1A6A9139C9FD2A38E59AFB466F9A_436/INPUTFILES/data_184728681.root
Running: cp /star/data01/pwg/xiatong/AMPT/14GeV/data_184750551.root /tmp/maxwoo/21EF1A6A9139C9FD2A38E59AFB466F9A_436/INPUTFILES/data_184750551.root
Swapping $FILELIST with: /tmp/maxwoo/21EF1A6A9139C9FD2A38E59AFB466F9A_436/INPUTFILES/21EF1A6A9139C9FD2A38E59AFB466F9A_436.local.list
+++++++++++local copy debug++++++++++++++++++++
newFileList: /tmp/maxwoo/21EF1A6A9139C9FD2A38E59AFB466F9A_436/INPUTFILES/21EF1A6A9139C9FD2A38E59AFB466F9A_436.local.list
++++++++++++++++cat FILELIST+++++++++++++++++++
/tmp/maxwoo/21EF1A6A9139C9FD2A38E59AFB466F9A_436/INPUTFILES/data_184428551.root 
/tmp/maxwoo/21EF1A6A9139C9FD2A38E59AFB466F9A_436/INPUTFILES/data_184428611.root 
/tmp/maxwoo/21EF1A6A9139C9FD2A38E59AFB466F9A_436/INPUTFILES/data_184428621.root 
/tmp/maxwoo/21EF1A6A9139C9FD2A38E59AFB466F9A_436/INPUTFILES/data_184428631.root 
/tmp/maxwoo/21EF1A6A9139C9FD2A38E59AFB466F9A_436/INPUTFILES/data_184428641.root 
/tmp/maxwoo/21EF1A6A9139C9FD2A38E59AFB466F9A_436/INPUTFILES/data_184428661.root 
/tmp/maxwoo/21EF1A6A9139C9FD2A38E59AFB466F9A_436/INPUTFILES/data_184450571.root 
/tmp/maxwoo/21EF1A6A9139C9FD2A38E59AFB466F9A_436/INPUTFILES/data_184528031.root 
/tmp/maxwoo/21EF1A6A9139C9FD2A38E59AFB466F9A_436/INPUTFILES/data_184528321.root 
/tmp/maxwoo/21EF1A6A9139C9FD2A38E59AFB466F9A_436/INPUTFILES/data_184528391.root 
/tmp/maxwoo/21EF1A6A9139C9FD2A38E59AFB466F9A_436/INPUTFILES/data_184569391.root 
/tmp/maxwoo/21EF1A6A9139C9FD2A38E59AFB466F9A_436/INPUTFILES/data_184627771.root 
/tmp/maxwoo/21EF1A6A9139C9FD2A38E59AFB466F9A_436/INPUTFILES/data_184627801.root 
/tmp/maxwoo/21EF1A6A9139C9FD2A38E59AFB466F9A_436/INPUTFILES/data_184627811.root 
/tmp/maxwoo/21EF1A6A9139C9FD2A38E59AFB466F9A_436/INPUTFILES/data_184627841.root 
/tmp/maxwoo/21EF1A6A9139C9FD2A38E59AFB466F9A_436/INPUTFILES/data_184627931.root 
/tmp/maxwoo/21EF1A6A9139C9FD2A38E59AFB466F9A_436/INPUTFILES/data_184627961.root 
/tmp/maxwoo/21EF1A6A9139C9FD2A38E59AFB466F9A_436/INPUTFILES/data_184627971.root 
/tmp/maxwoo/21EF1A6A9139C9FD2A38E59AFB466F9A_436/INPUTFILES/data_184628001.root 
/tmp/maxwoo/21EF1A6A9139C9FD2A38E59AFB466F9A_436/INPUTFILES/data_184628011.root 
/tmp/maxwoo/21EF1A6A9139C9FD2A38E59AFB466F9A_436/INPUTFILES/data_184628171.root 
/tmp/maxwoo/21EF1A6A9139C9FD2A38E59AFB466F9A_436/INPUTFILES/data_184628371.root 
/tmp/maxwoo/21EF1A6A9139C9FD2A38E59AFB466F9A_436/INPUTFILES/data_184628411.root 
/tmp/maxwoo/21EF1A6A9139C9FD2A38E59AFB466F9A_436/INPUTFILES/data_184649281.root 
/tmp/maxwoo/21EF1A6A9139C9FD2A38E59AFB466F9A_436/INPUTFILES/data_184727741.root 
/tmp/maxwoo/21EF1A6A9139C9FD2A38E59AFB466F9A_436/INPUTFILES/data_184727751.root 
/tmp/maxwoo/21EF1A6A9139C9FD2A38E59AFB466F9A_436/INPUTFILES/data_184727861.root 
/tmp/maxwoo/21EF1A6A9139C9FD2A38E59AFB466F9A_436/INPUTFILES/data_184727871.root 
/tmp/maxwoo/21EF1A6A9139C9FD2A38E59AFB466F9A_436/INPUTFILES/data_184727911.root 
/tmp/maxwoo/21EF1A6A9139C9FD2A38E59AFB466F9A_436/INPUTFILES/data_184727991.root 
/tmp/maxwoo/21EF1A6A9139C9FD2A38E59AFB466F9A_436/INPUTFILES/data_184728111.root 
/tmp/maxwoo/21EF1A6A9139C9FD2A38E59AFB466F9A_436/INPUTFILES/data_184728291.root 
/tmp/maxwoo/21EF1A6A9139C9FD2A38E59AFB466F9A_436/INPUTFILES/data_184728311.root 
/tmp/maxwoo/21EF1A6A9139C9FD2A38E59AFB466F9A_436/INPUTFILES/data_184728331.root 
/tmp/maxwoo/21EF1A6A9139C9FD2A38E59AFB466F9A_436/INPUTFILES/data_184728481.root 
/tmp/maxwoo/21EF1A6A9139C9FD2A38E59AFB466F9A_436/INPUTFILES/data_184728681.root 
/tmp/maxwoo/21EF1A6A9139C9FD2A38E59AFB466F9A_436/INPUTFILES/data_184750551.root 
++++++++++++++++++++find.++++++++++++++++++++++
.
./.output.log
./INPUTFILES
./INPUTFILES/data_184428621.root
./INPUTFILES/data_184428641.root
./INPUTFILES/21EF1A6A9139C9FD2A38E59AFB466F9A_436.local.list
./INPUTFILES/data_184428631.root
./INPUTFILES/data_184727871.root
./INPUTFILES/data_184728291.root
./INPUTFILES/data_184728331.root
./INPUTFILES/data_184450571.root
./INPUTFILES/data_184528321.root
./INPUTFILES/data_184727741.root
./INPUTFILES/data_184628171.root
./INPUTFILES/data_184628011.root
./INPUTFILES/data_184569391.root
./INPUTFILES/data_184428611.root
./INPUTFILES/data_184728111.root
./INPUTFILES/data_184727751.root
./INPUTFILES/data_184628001.root
./INPUTFILES/data_184628371.root
./INPUTFILES/data_184627771.root
./INPUTFILES/data_184750551.root
./INPUTFILES/data_184627931.root
./INPUTFILES/data_184627971.root
./INPUTFILES/data_184727991.root
./INPUTFILES/data_184627841.root
./INPUTFILES/data_184627801.root
./INPUTFILES/data_184727861.root
./INPUTFILES/data_184649281.root
./INPUTFILES/data_184627961.root
./INPUTFILES/data_184728481.root
./INPUTFILES/data_184428551.root
./INPUTFILES/data_184628411.root
./INPUTFILES/data_184728311.root
./INPUTFILES/data_184428661.root
./INPUTFILES/data_184727911.root
./INPUTFILES/data_184528031.root
./INPUTFILES/data_184728681.root
./INPUTFILES/data_184528391.root
./INPUTFILES/data_184627811.root
./lib
./lib/MixedBuffer.cpp
./lib/my_particle.h
./lib/CenMaker_cpp.d
./lib/CenMaker_cpp_ACLiC_dict_rdict.pcm
./lib/NpartNormalizer_cpp_ACLiC_dict_rdict.pcm
./lib/my_particle_cpp.d
./lib/CenMaker.h
./lib/CenMaker.cpp
./lib/MixedBuffer_cpp.so
./lib/MixedBuffer_cpp.d
./lib/NpartNormalizer.h
./lib/my_event_cpp.so
./lib/my_event.cpp
./lib/MixedBuffer.h
./lib/NpartNormalizer_cpp.d
./lib/my_event.h
./lib/my_particle.cpp
./lib/MixedBuffer_cpp_ACLiC_dict_rdict.pcm
./lib/my_event_cpp_ACLiC_dict_rdict.pcm
./lib/my_event_cpp.d
./lib/NpartNormalizer.cpp
./lib/my_particle_cpp_ACLiC_dict_rdict.pcm
./lib/NpartNormalizer_cpp.so
./lib/my_particle_cpp.so
./lib/CenMaker_cpp.so
./.sandboxFiles
./Check_Sness.C
./.errror.log
./check_S.C
++++++++++++++++INPUTFILE Var++++++++++++++++++
FILELIST=/tmp/maxwoo/21EF1A6A9139C9FD2A38E59AFB466F9A_436/INPUTFILES/21EF1A6A9139C9FD2A38E59AFB466F9A_436.local.list
INPUTFILECOUNT=37
INPUTFILE0=/tmp/maxwoo/21EF1A6A9139C9FD2A38E59AFB466F9A_436/INPUTFILES/data_184428551.root
INPUTFILE1=/tmp/maxwoo/21EF1A6A9139C9FD2A38E59AFB466F9A_436/INPUTFILES/data_184428611.root
INPUTFILE2=/tmp/maxwoo/21EF1A6A9139C9FD2A38E59AFB466F9A_436/INPUTFILES/data_184428621.root
INPUTFILE3=/tmp/maxwoo/21EF1A6A9139C9FD2A38E59AFB466F9A_436/INPUTFILES/data_184428631.root
INPUTFILE4=/tmp/maxwoo/21EF1A6A9139C9FD2A38E59AFB466F9A_436/INPUTFILES/data_184428641.root
INPUTFILE5=/tmp/maxwoo/21EF1A6A9139C9FD2A38E59AFB466F9A_436/INPUTFILES/data_184428661.root
INPUTFILE6=/tmp/maxwoo/21EF1A6A9139C9FD2A38E59AFB466F9A_436/INPUTFILES/data_184450571.root
INPUTFILE7=/tmp/maxwoo/21EF1A6A9139C9FD2A38E59AFB466F9A_436/INPUTFILES/data_184528031.root
INPUTFILE8=/tmp/maxwoo/21EF1A6A9139C9FD2A38E59AFB466F9A_436/INPUTFILES/data_184528321.root
INPUTFILE9=/tmp/maxwoo/21EF1A6A9139C9FD2A38E59AFB466F9A_436/INPUTFILES/data_184528391.root
INPUTFILE10=/tmp/maxwoo/21EF1A6A9139C9FD2A38E59AFB466F9A_436/INPUTFILES/data_184569391.root
INPUTFILE11=/tmp/maxwoo/21EF1A6A9139C9FD2A38E59AFB466F9A_436/INPUTFILES/data_184627771.root
INPUTFILE12=/tmp/maxwoo/21EF1A6A9139C9FD2A38E59AFB466F9A_436/INPUTFILES/data_184627801.root
INPUTFILE13=/tmp/maxwoo/21EF1A6A9139C9FD2A38E59AFB466F9A_436/INPUTFILES/data_184627811.root
INPUTFILE14=/tmp/maxwoo/21EF1A6A9139C9FD2A38E59AFB466F9A_436/INPUTFILES/data_184627841.root
INPUTFILE15=/tmp/maxwoo/21EF1A6A9139C9FD2A38E59AFB466F9A_436/INPUTFILES/data_184627931.root
INPUTFILE16=/tmp/maxwoo/21EF1A6A9139C9FD2A38E59AFB466F9A_436/INPUTFILES/data_184627961.root
INPUTFILE17=/tmp/maxwoo/21EF1A6A9139C9FD2A38E59AFB466F9A_436/INPUTFILES/data_184627971.root
INPUTFILE18=/tmp/maxwoo/21EF1A6A9139C9FD2A38E59AFB466F9A_436/INPUTFILES/data_184628001.root
INPUTFILE19=/tmp/maxwoo/21EF1A6A9139C9FD2A38E59AFB466F9A_436/INPUTFILES/data_184628011.root
INPUTFILE20=/tmp/maxwoo/21EF1A6A9139C9FD2A38E59AFB466F9A_436/INPUTFILES/data_184628171.root
INPUTFILE21=/tmp/maxwoo/21EF1A6A9139C9FD2A38E59AFB466F9A_436/INPUTFILES/data_184628371.root
INPUTFILE22=/tmp/maxwoo/21EF1A6A9139C9FD2A38E59AFB466F9A_436/INPUTFILES/data_184628411.root
INPUTFILE23=/tmp/maxwoo/21EF1A6A9139C9FD2A38E59AFB466F9A_436/INPUTFILES/data_184649281.root
INPUTFILE24=/tmp/maxwoo/21EF1A6A9139C9FD2A38E59AFB466F9A_436/INPUTFILES/data_184727741.root
INPUTFILE25=/tmp/maxwoo/21EF1A6A9139C9FD2A38E59AFB466F9A_436/INPUTFILES/data_184727751.root
INPUTFILE26=/tmp/maxwoo/21EF1A6A9139C9FD2A38E59AFB466F9A_436/INPUTFILES/data_184727861.root
INPUTFILE27=/tmp/maxwoo/21EF1A6A9139C9FD2A38E59AFB466F9A_436/INPUTFILES/data_184727871.root
INPUTFILE28=/tmp/maxwoo/21EF1A6A9139C9FD2A38E59AFB466F9A_436/INPUTFILES/data_184727911.root
INPUTFILE29=/tmp/maxwoo/21EF1A6A9139C9FD2A38E59AFB466F9A_436/INPUTFILES/data_184727991.root
INPUTFILE30=/tmp/maxwoo/21EF1A6A9139C9FD2A38E59AFB466F9A_436/INPUTFILES/data_184728111.root
INPUTFILE31=/tmp/maxwoo/21EF1A6A9139C9FD2A38E59AFB466F9A_436/INPUTFILES/data_184728291.root
INPUTFILE32=/tmp/maxwoo/21EF1A6A9139C9FD2A38E59AFB466F9A_436/INPUTFILES/data_184728311.root
INPUTFILE33=/tmp/maxwoo/21EF1A6A9139C9FD2A38E59AFB466F9A_436/INPUTFILES/data_184728331.root
INPUTFILE34=/tmp/maxwoo/21EF1A6A9139C9FD2A38E59AFB466F9A_436/INPUTFILES/data_184728481.root
INPUTFILE35=/tmp/maxwoo/21EF1A6A9139C9FD2A38E59AFB466F9A_436/INPUTFILES/data_184728681.root
INPUTFILE36=/tmp/maxwoo/21EF1A6A9139C9FD2A38E59AFB466F9A_436/INPUTFILES/data_184750551.root
LocalInputFileDir=/tmp/maxwoo/21EF1A6A9139C9FD2A38E59AFB466F9A_436/INPUTFILES
NewFILELIST=/tmp/maxwoo/21EF1A6A9139C9FD2A38E59AFB466F9A_436/INPUTFILES/21EF1A6A9139C9FD2A38E59AFB466F9A_436.local.list
+++++++++++++++++++++++++++++++++++++++++++++++
--------------------------------
Simple Unified Meta Scheduler 1.10.50 we are starting in $SCRATCH : /home/tmp/maxwoo/21EF1A6A9139C9FD2A38E59AFB466F9A_436
--------------------------------
total 16
lrwxrwxrwx 1 maxwoo rhstar   61 Jun  2 11:31 check_S.C -> /gpfs/mnt/gpfs01/star/pwg/xiatong/git/strangeness/./check_S.C
lrwxrwxrwx 1 maxwoo rhstar   65 Jun  2 11:31 Check_Sness.C -> /gpfs/mnt/gpfs01/star/pwg/xiatong/git/strangeness/./Check_Sness.C
drwxr-xr-x 2 maxwoo rhstar 4096 Jun  2 11:37 INPUTFILES
drwxr-xr-x 2 maxwoo rhstar 4096 Jun  2 11:31 lib
  *******************************************
  *                                         *
  *        W E L C O M E  to  R O O T       *
  *                                         *
  *   Version   5.34/38     12 March 2018   *
  *                                         *
  *  You are welcome to visit our Web site  *
  *          http://root.cern.ch            *
  *                                         *
  *******************************************

ROOT 5.34/38 (v5-34-38@v5-34-38, Mar 12 2018, 15:49:39 on linux)

CINT/ROOT C/C++ Interpreter version 5.18.00, July 2, 2010
Type ? for help. Commands must be C++ statements.
Enclose multiple statements between { }.
*** Float Point Exception is OFF ***
 *** Start at Date : Thu Jun  2 11:37:02 2022
QAInfo:You are using STAR_LEVEL : dev, ROOT_LEVEL : 5.34.38 and node : rcas6309.rcf.bnl.gov 

Processing check_S.C++("/tmp/maxwoo/21EF1A6A9139C9FD2A38E59AFB466F9A_436/INPUTFILES/21EF1A6A9139C9FD2A38E59AFB466F9A_436.local.list","21EF1A6A9139C9FD2A38E59AFB466F9A_436",1)...
/tmp/maxwoo/21EF1A6A9139C9FD2A38E59AFB466F9A_436/INPUTFILES/data_184428551.root 
/tmp/maxwoo/21EF1A6A9139C9FD2A38E59AFB466F9A_436/INPUTFILES/data_184428611.root 
/tmp/maxwoo/21EF1A6A9139C9FD2A38E59AFB466F9A_436/INPUTFILES/data_184428621.root 
/tmp/maxwoo/21EF1A6A9139C9FD2A38E59AFB466F9A_436/INPUTFILES/data_184428631.root 
/tmp/maxwoo/21EF1A6A9139C9FD2A38E59AFB466F9A_436/INPUTFILES/data_184428641.root 
/tmp/maxwoo/21EF1A6A9139C9FD2A38E59AFB466F9A_436/INPUTFILES/data_184428661.root 
/tmp/maxwoo/21EF1A6A9139C9FD2A38E59AFB466F9A_436/INPUTFILES/data_184450571.root 
/tmp/maxwoo/21EF1A6A9139C9FD2A38E59AFB466F9A_436/INPUTFILES/data_184528031.root 
/tmp/maxwoo/21EF1A6A9139C9FD2A38E59AFB466F9A_436/INPUTFILES/data_184528321.root 
/tmp/maxwoo/21EF1A6A9139C9FD2A38E59AFB466F9A_436/INPUTFILES/data_184528391.root 
/tmp/maxwoo/21EF1A6A9139C9FD2A38E59AFB466F9A_436/INPUTFILES/data_184569391.root 
/tmp/maxwoo/21EF1A6A9139C9FD2A38E59AFB466F9A_436/INPUTFILES/data_184627771.root 
/tmp/maxwoo/21EF1A6A9139C9FD2A38E59AFB466F9A_436/INPUTFILES/data_184627801.root 
/tmp/maxwoo/21EF1A6A9139C9FD2A38E59AFB466F9A_436/INPUTFILES/data_184627811.root 
/tmp/maxwoo/21EF1A6A9139C9FD2A38E59AFB466F9A_436/INPUTFILES/data_184627841.root 
/tmp/maxwoo/21EF1A6A9139C9FD2A38E59AFB466F9A_436/INPUTFILES/data_184627931.root 
/tmp/maxwoo/21EF1A6A9139C9FD2A38E59AFB466F9A_436/INPUTFILES/data_184627961.root 
/tmp/maxwoo/21EF1A6A9139C9FD2A38E59AFB466F9A_436/INPUTFILES/data_184627971.root 
/tmp/maxwoo/21EF1A6A9139C9FD2A38E59AFB466F9A_436/INPUTFILES/data_184628001.root 
/tmp/maxwoo/21EF1A6A9139C9FD2A38E59AFB466F9A_436/INPUTFILES/data_184628011.root 
/tmp/maxwoo/21EF1A6A9139C9FD2A38E59AFB466F9A_436/INPUTFILES/data_184628171.root 
/tmp/maxwoo/21EF1A6A9139C9FD2A38E59AFB466F9A_436/INPUTFILES/data_184628371.root 
/tmp/maxwoo/21EF1A6A9139C9FD2A38E59AFB466F9A_436/INPUTFILES/data_184628411.root 
/tmp/maxwoo/21EF1A6A9139C9FD2A38E59AFB466F9A_436/INPUTFILES/data_184649281.root 
/tmp/maxwoo/21EF1A6A9139C9FD2A38E59AFB466F9A_436/INPUTFILES/data_184727741.root 
/tmp/maxwoo/21EF1A6A9139C9FD2A38E59AFB466F9A_436/INPUTFILES/data_184727751.root 
/tmp/maxwoo/21EF1A6A9139C9FD2A38E59AFB466F9A_436/INPUTFILES/data_184727861.root 
/tmp/maxwoo/21EF1A6A9139C9FD2A38E59AFB466F9A_436/INPUTFILES/data_184727871.root 
/tmp/maxwoo/21EF1A6A9139C9FD2A38E59AFB466F9A_436/INPUTFILES/data_184727911.root 
/tmp/maxwoo/21EF1A6A9139C9FD2A38E59AFB466F9A_436/INPUTFILES/data_184727991.root 
/tmp/maxwoo/21EF1A6A9139C9FD2A38E59AFB466F9A_436/INPUTFILES/data_184728111.root 
/tmp/maxwoo/21EF1A6A9139C9FD2A38E59AFB466F9A_436/INPUTFILES/data_184728291.root 
/tmp/maxwoo/21EF1A6A9139C9FD2A38E59AFB466F9A_436/INPUTFILES/data_184728311.root 
/tmp/maxwoo/21EF1A6A9139C9FD2A38E59AFB466F9A_436/INPUTFILES/data_184728331.root 
/tmp/maxwoo/21EF1A6A9139C9FD2A38E59AFB466F9A_436/INPUTFILES/data_184728481.root 
/tmp/maxwoo/21EF1A6A9139C9FD2A38E59AFB466F9A_436/INPUTFILES/data_184728681.root 
/tmp/maxwoo/21EF1A6A9139C9FD2A38E59AFB466F9A_436/INPUTFILES/data_184750551.root 
Added 37 files
# entries in chain: 36042
Processing entry == 1000 == out of 36042.
Processing entry == 2000 == out of 36042.
Processing entry == 3000 == out of 36042.
Processing entry == 4000 == out of 36042.
Processing entry == 5000 == out of 36042.
Processing entry == 6000 == out of 36042.
Processing entry == 7000 == out of 36042.
Processing entry == 8000 == out of 36042.
Processing entry == 9000 == out of 36042.
Processing entry == 10000 == out of 36042.
Processing entry == 11000 == out of 36042.
Processing entry == 12000 == out of 36042.
Processing entry == 13000 == out of 36042.
Processing entry == 14000 == out of 36042.
Processing entry == 15000 == out of 36042.
Processing entry == 16000 == out of 36042.
Processing entry == 17000 == out of 36042.
Processing entry == 18000 == out of 36042.
Processing entry == 19000 == out of 36042.
Processing entry == 20000 == out of 36042.
Processing entry == 21000 == out of 36042.
Processing entry == 22000 == out of 36042.
Processing entry == 23000 == out of 36042.
Processing entry == 24000 == out of 36042.
Processing entry == 25000 == out of 36042.
Processing entry == 26000 == out of 36042.
Processing entry == 27000 == out of 36042.
Processing entry == 28000 == out of 36042.
Processing entry == 29000 == out of 36042.
Processing entry == 30000 == out of 36042.
Processing entry == 31000 == out of 36042.
Processing entry == 32000 == out of 36042.
Processing entry == 33000 == out of 36042.
Processing entry == 34000 == out of 36042.
Processing entry == 35000 == out of 36042.
Processing entry == 36000 == out of 36042.

This is the end of ROOT -- Goodbye

Cleaning up sandbox file:  /tmp/maxwoo/21EF1A6A9139C9FD2A38E59AFB466F9A_436/check_S.C
Cleaning up sandbox file:  /tmp/maxwoo/21EF1A6A9139C9FD2A38E59AFB466F9A_436/Check_Sness.C
Cleaning up sandbox file:  /tmp/maxwoo/21EF1A6A9139C9FD2A38E59AFB466F9A_436/lib
Cleaning up sandbox file:  /tmp/maxwoo/21EF1A6A9139C9FD2A38E59AFB466F9A_436/.sandboxFiles
Starting copy block
Running copy command:  /bin/cp -fp /tmp/maxwoo/21EF1A6A9139C9FD2A38E59AFB466F9A_436/out_21EF1A6A9139C9FD2A38E59AFB466F9A_436.root /star/data01/pwg/xiatong/git/strangeness/data/
27252 Execution of (/star/data01/pwg/xiatong/git/strangeness/script/sched21EF1A6A9139C9FD2A38E59AFB466F9A_436.csh ) has ended, exiting normally
27252 We END on [Thu Jun  2 11:58:50 EDT 2022]
