We are starting on node: rcrs6040.rcf.bnl.gov
HOME is not defined
Using getent method
HOME is now /star/u/maxwoo
10702 We will spawn ourselves (/star/data01/pwg/xiatong/git/strangeness/script/sched21EF1A6A9139C9FD2A38E59AFB466F9A_907.csh )
10702 We BEGIN on [Thu Jun  2 11:24:17 EDT 2022]
[1] 10963
10702 We are waiting for 10963 
10702 Grandchild PID is 11318 - found in 10 x 1 seconds
10702 Establishing first watcher   on    Thu Jun  2 11:24:27 EDT 2022
10702 Process tree is 10702 (main) -> 10963 (child) -> 11318 (grandchild)
F S   UID   PID  PPID  C PRI  NI ADDR SZ WCHAN  TTY        TIME CMD
0 D 100667 11318 10963  0 80   0 - 32311 cxiWai ?          0:00 cp /star/data01/pwg/xiatong/AMPT/14GeV/data_308172091.root /tmp/maxwoo/21EF1A6A9139C9FD2A38E59AFB466F9A_907/INPUTFILES/data_308172091.root
10702 Grandchild PID is 12328 - found in 20 x 2 seconds
10702 Grandchild to watch has changed on Thu Jun  2 11:24:48 EDT 2022
10702 Process tree is 10702 (main) -> 10963 (child) -> 12328 (grandchild)
F S   UID   PID  PPID  C PRI  NI ADDR SZ WCHAN  TTY        TIME CMD
0 D 100667 12328 10963  0 80   0 - 32311 cxiWai ?          0:00 cp /star/data01/pwg/xiatong/AMPT/14GeV/data_308175421.root /tmp/maxwoo/21EF1A6A9139C9FD2A38E59AFB466F9A_907/INPUTFILES/data_308175421.root
10702 Grandchild PID is 14907 - found in 30 x 2 seconds
10702 Grandchild to watch has changed on Thu Jun  2 11:25:09 EDT 2022
10702 Process tree is 10702 (main) -> 10963 (child) -> 14907 (grandchild)
F S   UID   PID  PPID  C PRI  NI ADDR SZ WCHAN  TTY        TIME CMD
0 D 100667 14907 10963  0 80   0 - 32311 cxiWai ?          0:00 cp /star/data01/pwg/xiatong/AMPT/14GeV/data_308186591.root /tmp/maxwoo/21EF1A6A9139C9FD2A38E59AFB466F9A_907/INPUTFILES/data_308186591.root
10702 Grandchild PID is 16000 - found in 40 x 2 seconds
10702 Grandchild to watch has changed on Thu Jun  2 11:25:30 EDT 2022
10702 Process tree is 10702 (main) -> 10963 (child) -> 16000 (grandchild)
F S   UID   PID  PPID  C PRI  NI ADDR SZ WCHAN  TTY        TIME CMD
0 D 100667 16000 10963  0 80   0 - 32311 cxiWai ?          0:00 cp /star/data01/pwg/xiatong/AMPT/14GeV/data_308228811.root /tmp/maxwoo/21EF1A6A9139C9FD2A38E59AFB466F9A_907/INPUTFILES/data_308228811.root
10702 Grandchild PID is 16631 - found in 50 x 2 seconds
10702 Grandchild to watch has changed on Thu Jun  2 11:25:51 EDT 2022
10702 Process tree is 10702 (main) -> 10963 (child) -> 16631 (grandchild)
F S   UID   PID  PPID  C PRI  NI ADDR SZ WCHAN  TTY        TIME CMD
0 D 100667 16631 10963  0 80   0 - 32311 cxiWai ?          0:00 cp /star/data01/pwg/xiatong/AMPT/14GeV/data_308230331.root /tmp/maxwoo/21EF1A6A9139C9FD2A38E59AFB466F9A_907/INPUTFILES/data_308230331.root
10702 Grandchild PID is 18186 - found in 60 x 2 seconds
10702 Grandchild to watch has changed on Thu Jun  2 11:26:11 EDT 2022
10702 Process tree is 10702 (main) -> 10963 (child) -> 18186 (grandchild)
F S   UID   PID  PPID  C PRI  NI ADDR SZ WCHAN  TTY        TIME CMD
0 D 100667 18186 10963  0 80   0 - 32311 cxiWai ?          0:00 cp /star/data01/pwg/xiatong/AMPT/14GeV/data_308245991.root /tmp/maxwoo/21EF1A6A9139C9FD2A38E59AFB466F9A_907/INPUTFILES/data_308245991.root
10702 Grandchild PID is 19741 - found in 70 x 2 seconds
10702 Grandchild to watch has changed on Thu Jun  2 11:26:32 EDT 2022
10702 Process tree is 10702 (main) -> 10963 (child) -> 19741 (grandchild)
F S   UID   PID  PPID  C PRI  NI ADDR SZ WCHAN  TTY        TIME CMD
0 D 100667 19741 10963  0 80   0 - 32311 cxiWai ?          0:00 cp /star/data01/pwg/xiatong/AMPT/14GeV/data_308255441.root /tmp/maxwoo/21EF1A6A9139C9FD2A38E59AFB466F9A_907/INPUTFILES/data_308255441.root
10702 Grandchild PID is 22917 - found in 90 x 2 seconds
10702 Grandchild to watch has changed on Thu Jun  2 11:27:13 EDT 2022
10702 Process tree is 10702 (main) -> 10963 (child) -> 22917 (grandchild)
F S   UID   PID  PPID  C PRI  NI ADDR SZ WCHAN  TTY        TIME CMD
0 D 100667 22917 10963  0 80   0 - 32311 cxiWai ?          0:00 cp /star/data01/pwg/xiatong/AMPT/14GeV/data_308256861.root /tmp/maxwoo/21EF1A6A9139C9FD2A38E59AFB466F9A_907/INPUTFILES/data_308256861.root
10702 Grandchild PID is 25219 - found in 110 x 2 seconds
10702 Grandchild to watch has changed on Thu Jun  2 11:27:55 EDT 2022
10702 Process tree is 10702 (main) -> 10963 (child) -> 25219 (grandchild)
F S   UID   PID  PPID  C PRI  NI ADDR SZ WCHAN  TTY        TIME CMD
0 D 100667 25219 10963  0 80   0 - 32311 cxiWai ?          0:00 cp /star/data01/pwg/xiatong/AMPT/14GeV/data_308328361.root /tmp/maxwoo/21EF1A6A9139C9FD2A38E59AFB466F9A_907/INPUTFILES/data_308328361.root
10702 Grandchild PID is 25756 - found in 120 x 2 seconds
10702 Grandchild to watch has changed on Thu Jun  2 11:28:15 EDT 2022
10702 Process tree is 10702 (main) -> 10963 (child) -> 25756 (grandchild)
F S   UID   PID  PPID  C PRI  NI ADDR SZ WCHAN  TTY        TIME CMD
0 S 100667 25756 10963  0 80   0 -  1272 do_wai ?          0:00 root -b -q check_S.C++("/tmp/maxwoo/21EF1A6A9139C9FD2A38E59AFB466F9A_907/INPUTFILES/21EF1A6A9139C9FD2A38E59AFB466F9A_907.local.list","21EF1A6A9139C9FD2A38E59AFB466F9A_907",1)
10963 Stepping into the main SUMS wrapper program with []
.... building sandbox
Running: cp /star/data01/pwg/xiatong/AMPT/14GeV/data_308172061.root /tmp/maxwoo/21EF1A6A9139C9FD2A38E59AFB466F9A_907/INPUTFILES/data_308172061.root
Running: cp /star/data01/pwg/xiatong/AMPT/14GeV/data_308172071.root /tmp/maxwoo/21EF1A6A9139C9FD2A38E59AFB466F9A_907/INPUTFILES/data_308172071.root
Running: cp /star/data01/pwg/xiatong/AMPT/14GeV/data_308172081.root /tmp/maxwoo/21EF1A6A9139C9FD2A38E59AFB466F9A_907/INPUTFILES/data_308172081.root
Running: cp /star/data01/pwg/xiatong/AMPT/14GeV/data_308172091.root /tmp/maxwoo/21EF1A6A9139C9FD2A38E59AFB466F9A_907/INPUTFILES/data_308172091.root
Running: cp /star/data01/pwg/xiatong/AMPT/14GeV/data_308172101.root /tmp/maxwoo/21EF1A6A9139C9FD2A38E59AFB466F9A_907/INPUTFILES/data_308172101.root
Running: cp /star/data01/pwg/xiatong/AMPT/14GeV/data_308172111.root /tmp/maxwoo/21EF1A6A9139C9FD2A38E59AFB466F9A_907/INPUTFILES/data_308172111.root
Running: cp /star/data01/pwg/xiatong/AMPT/14GeV/data_308175421.root /tmp/maxwoo/21EF1A6A9139C9FD2A38E59AFB466F9A_907/INPUTFILES/data_308175421.root
Running: cp /star/data01/pwg/xiatong/AMPT/14GeV/data_308186471.root /tmp/maxwoo/21EF1A6A9139C9FD2A38E59AFB466F9A_907/INPUTFILES/data_308186471.root
Running: cp /star/data01/pwg/xiatong/AMPT/14GeV/data_308186481.root /tmp/maxwoo/21EF1A6A9139C9FD2A38E59AFB466F9A_907/INPUTFILES/data_308186481.root
Running: cp /star/data01/pwg/xiatong/AMPT/14GeV/data_308186501.root /tmp/maxwoo/21EF1A6A9139C9FD2A38E59AFB466F9A_907/INPUTFILES/data_308186501.root
Running: cp /star/data01/pwg/xiatong/AMPT/14GeV/data_308186531.root /tmp/maxwoo/21EF1A6A9139C9FD2A38E59AFB466F9A_907/INPUTFILES/data_308186531.root
Running: cp /star/data01/pwg/xiatong/AMPT/14GeV/data_308186591.root /tmp/maxwoo/21EF1A6A9139C9FD2A38E59AFB466F9A_907/INPUTFILES/data_308186591.root
Running: cp /star/data01/pwg/xiatong/AMPT/14GeV/data_308187131.root /tmp/maxwoo/21EF1A6A9139C9FD2A38E59AFB466F9A_907/INPUTFILES/data_308187131.root
Running: cp /star/data01/pwg/xiatong/AMPT/14GeV/data_308188351.root /tmp/maxwoo/21EF1A6A9139C9FD2A38E59AFB466F9A_907/INPUTFILES/data_308188351.root
Running: cp /star/data01/pwg/xiatong/AMPT/14GeV/data_308190001.root /tmp/maxwoo/21EF1A6A9139C9FD2A38E59AFB466F9A_907/INPUTFILES/data_308190001.root
Running: cp /star/data01/pwg/xiatong/AMPT/14GeV/data_308193521.root /tmp/maxwoo/21EF1A6A9139C9FD2A38E59AFB466F9A_907/INPUTFILES/data_308193521.root
Running: cp /star/data01/pwg/xiatong/AMPT/14GeV/data_308196791.root /tmp/maxwoo/21EF1A6A9139C9FD2A38E59AFB466F9A_907/INPUTFILES/data_308196791.root
Running: cp /star/data01/pwg/xiatong/AMPT/14GeV/data_308228811.root /tmp/maxwoo/21EF1A6A9139C9FD2A38E59AFB466F9A_907/INPUTFILES/data_308228811.root
Running: cp /star/data01/pwg/xiatong/AMPT/14GeV/data_308230331.root /tmp/maxwoo/21EF1A6A9139C9FD2A38E59AFB466F9A_907/INPUTFILES/data_308230331.root
Running: cp /star/data01/pwg/xiatong/AMPT/14GeV/data_308245991.root /tmp/maxwoo/21EF1A6A9139C9FD2A38E59AFB466F9A_907/INPUTFILES/data_308245991.root
Running: cp /star/data01/pwg/xiatong/AMPT/14GeV/data_308255131.root /tmp/maxwoo/21EF1A6A9139C9FD2A38E59AFB466F9A_907/INPUTFILES/data_308255131.root
Running: cp /star/data01/pwg/xiatong/AMPT/14GeV/data_308255141.root /tmp/maxwoo/21EF1A6A9139C9FD2A38E59AFB466F9A_907/INPUTFILES/data_308255141.root
Running: cp /star/data01/pwg/xiatong/AMPT/14GeV/data_308255441.root /tmp/maxwoo/21EF1A6A9139C9FD2A38E59AFB466F9A_907/INPUTFILES/data_308255441.root
Running: cp /star/data01/pwg/xiatong/AMPT/14GeV/data_308255511.root /tmp/maxwoo/21EF1A6A9139C9FD2A38E59AFB466F9A_907/INPUTFILES/data_308255511.root
Running: cp /star/data01/pwg/xiatong/AMPT/14GeV/data_308255561.root /tmp/maxwoo/21EF1A6A9139C9FD2A38E59AFB466F9A_907/INPUTFILES/data_308255561.root
Running: cp /star/data01/pwg/xiatong/AMPT/14GeV/data_308256731.root /tmp/maxwoo/21EF1A6A9139C9FD2A38E59AFB466F9A_907/INPUTFILES/data_308256731.root
Running: cp /star/data01/pwg/xiatong/AMPT/14GeV/data_308256741.root /tmp/maxwoo/21EF1A6A9139C9FD2A38E59AFB466F9A_907/INPUTFILES/data_308256741.root
Running: cp /star/data01/pwg/xiatong/AMPT/14GeV/data_308256751.root /tmp/maxwoo/21EF1A6A9139C9FD2A38E59AFB466F9A_907/INPUTFILES/data_308256751.root
Running: cp /star/data01/pwg/xiatong/AMPT/14GeV/data_308256771.root /tmp/maxwoo/21EF1A6A9139C9FD2A38E59AFB466F9A_907/INPUTFILES/data_308256771.root
Running: cp /star/data01/pwg/xiatong/AMPT/14GeV/data_308256851.root /tmp/maxwoo/21EF1A6A9139C9FD2A38E59AFB466F9A_907/INPUTFILES/data_308256851.root
Running: cp /star/data01/pwg/xiatong/AMPT/14GeV/data_308256861.root /tmp/maxwoo/21EF1A6A9139C9FD2A38E59AFB466F9A_907/INPUTFILES/data_308256861.root
Running: cp /star/data01/pwg/xiatong/AMPT/14GeV/data_308288191.root /tmp/maxwoo/21EF1A6A9139C9FD2A38E59AFB466F9A_907/INPUTFILES/data_308288191.root
Running: cp /star/data01/pwg/xiatong/AMPT/14GeV/data_308318881.root /tmp/maxwoo/21EF1A6A9139C9FD2A38E59AFB466F9A_907/INPUTFILES/data_308318881.root
Running: cp /star/data01/pwg/xiatong/AMPT/14GeV/data_308328081.root /tmp/maxwoo/21EF1A6A9139C9FD2A38E59AFB466F9A_907/INPUTFILES/data_308328081.root
Running: cp /star/data01/pwg/xiatong/AMPT/14GeV/data_308328331.root /tmp/maxwoo/21EF1A6A9139C9FD2A38E59AFB466F9A_907/INPUTFILES/data_308328331.root
Running: cp /star/data01/pwg/xiatong/AMPT/14GeV/data_308328361.root /tmp/maxwoo/21EF1A6A9139C9FD2A38E59AFB466F9A_907/INPUTFILES/data_308328361.root
Running: cp /star/data01/pwg/xiatong/AMPT/14GeV/data_308328501.root /tmp/maxwoo/21EF1A6A9139C9FD2A38E59AFB466F9A_907/INPUTFILES/data_308328501.root
Swapping $FILELIST with: /tmp/maxwoo/21EF1A6A9139C9FD2A38E59AFB466F9A_907/INPUTFILES/21EF1A6A9139C9FD2A38E59AFB466F9A_907.local.list
+++++++++++local copy debug++++++++++++++++++++
newFileList: /tmp/maxwoo/21EF1A6A9139C9FD2A38E59AFB466F9A_907/INPUTFILES/21EF1A6A9139C9FD2A38E59AFB466F9A_907.local.list
++++++++++++++++cat FILELIST+++++++++++++++++++
/tmp/maxwoo/21EF1A6A9139C9FD2A38E59AFB466F9A_907/INPUTFILES/data_308172061.root 
/tmp/maxwoo/21EF1A6A9139C9FD2A38E59AFB466F9A_907/INPUTFILES/data_308172071.root 
/tmp/maxwoo/21EF1A6A9139C9FD2A38E59AFB466F9A_907/INPUTFILES/data_308172081.root 
/tmp/maxwoo/21EF1A6A9139C9FD2A38E59AFB466F9A_907/INPUTFILES/data_308172091.root 
/tmp/maxwoo/21EF1A6A9139C9FD2A38E59AFB466F9A_907/INPUTFILES/data_308172101.root 
/tmp/maxwoo/21EF1A6A9139C9FD2A38E59AFB466F9A_907/INPUTFILES/data_308172111.root 
/tmp/maxwoo/21EF1A6A9139C9FD2A38E59AFB466F9A_907/INPUTFILES/data_308175421.root 
/tmp/maxwoo/21EF1A6A9139C9FD2A38E59AFB466F9A_907/INPUTFILES/data_308186471.root 
/tmp/maxwoo/21EF1A6A9139C9FD2A38E59AFB466F9A_907/INPUTFILES/data_308186481.root 
/tmp/maxwoo/21EF1A6A9139C9FD2A38E59AFB466F9A_907/INPUTFILES/data_308186501.root 
/tmp/maxwoo/21EF1A6A9139C9FD2A38E59AFB466F9A_907/INPUTFILES/data_308186531.root 
/tmp/maxwoo/21EF1A6A9139C9FD2A38E59AFB466F9A_907/INPUTFILES/data_308186591.root 
/tmp/maxwoo/21EF1A6A9139C9FD2A38E59AFB466F9A_907/INPUTFILES/data_308187131.root 
/tmp/maxwoo/21EF1A6A9139C9FD2A38E59AFB466F9A_907/INPUTFILES/data_308188351.root 
/tmp/maxwoo/21EF1A6A9139C9FD2A38E59AFB466F9A_907/INPUTFILES/data_308190001.root 
/tmp/maxwoo/21EF1A6A9139C9FD2A38E59AFB466F9A_907/INPUTFILES/data_308193521.root 
/tmp/maxwoo/21EF1A6A9139C9FD2A38E59AFB466F9A_907/INPUTFILES/data_308196791.root 
/tmp/maxwoo/21EF1A6A9139C9FD2A38E59AFB466F9A_907/INPUTFILES/data_308228811.root 
/tmp/maxwoo/21EF1A6A9139C9FD2A38E59AFB466F9A_907/INPUTFILES/data_308230331.root 
/tmp/maxwoo/21EF1A6A9139C9FD2A38E59AFB466F9A_907/INPUTFILES/data_308245991.root 
/tmp/maxwoo/21EF1A6A9139C9FD2A38E59AFB466F9A_907/INPUTFILES/data_308255131.root 
/tmp/maxwoo/21EF1A6A9139C9FD2A38E59AFB466F9A_907/INPUTFILES/data_308255141.root 
/tmp/maxwoo/21EF1A6A9139C9FD2A38E59AFB466F9A_907/INPUTFILES/data_308255441.root 
/tmp/maxwoo/21EF1A6A9139C9FD2A38E59AFB466F9A_907/INPUTFILES/data_308255511.root 
/tmp/maxwoo/21EF1A6A9139C9FD2A38E59AFB466F9A_907/INPUTFILES/data_308255561.root 
/tmp/maxwoo/21EF1A6A9139C9FD2A38E59AFB466F9A_907/INPUTFILES/data_308256731.root 
/tmp/maxwoo/21EF1A6A9139C9FD2A38E59AFB466F9A_907/INPUTFILES/data_308256741.root 
/tmp/maxwoo/21EF1A6A9139C9FD2A38E59AFB466F9A_907/INPUTFILES/data_308256751.root 
/tmp/maxwoo/21EF1A6A9139C9FD2A38E59AFB466F9A_907/INPUTFILES/data_308256771.root 
/tmp/maxwoo/21EF1A6A9139C9FD2A38E59AFB466F9A_907/INPUTFILES/data_308256851.root 
/tmp/maxwoo/21EF1A6A9139C9FD2A38E59AFB466F9A_907/INPUTFILES/data_308256861.root 
/tmp/maxwoo/21EF1A6A9139C9FD2A38E59AFB466F9A_907/INPUTFILES/data_308288191.root 
/tmp/maxwoo/21EF1A6A9139C9FD2A38E59AFB466F9A_907/INPUTFILES/data_308318881.root 
/tmp/maxwoo/21EF1A6A9139C9FD2A38E59AFB466F9A_907/INPUTFILES/data_308328081.root 
/tmp/maxwoo/21EF1A6A9139C9FD2A38E59AFB466F9A_907/INPUTFILES/data_308328331.root 
/tmp/maxwoo/21EF1A6A9139C9FD2A38E59AFB466F9A_907/INPUTFILES/data_308328361.root 
/tmp/maxwoo/21EF1A6A9139C9FD2A38E59AFB466F9A_907/INPUTFILES/data_308328501.root 
++++++++++++++++++++find.++++++++++++++++++++++
.
./.errror.log
./INPUTFILES
./INPUTFILES/data_308175421.root
./INPUTFILES/data_308256851.root
./INPUTFILES/data_308245991.root
./INPUTFILES/data_308186481.root
./INPUTFILES/data_308172111.root
./INPUTFILES/data_308190001.root
./INPUTFILES/data_308255131.root
./INPUTFILES/data_308255141.root
./INPUTFILES/data_308328361.root
./INPUTFILES/data_308256731.root
./INPUTFILES/data_308288191.root
./INPUTFILES/data_308318881.root
./INPUTFILES/data_308172071.root
./INPUTFILES/data_308255441.root
./INPUTFILES/data_308255511.root
./INPUTFILES/data_308328081.root
./INPUTFILES/data_308256751.root
./INPUTFILES/data_308256861.root
./INPUTFILES/data_308328501.root
./INPUTFILES/data_308186471.root
./INPUTFILES/data_308186531.root
./INPUTFILES/data_308188351.root
./INPUTFILES/data_308256771.root
./INPUTFILES/data_308186501.root
./INPUTFILES/data_308255561.root
./INPUTFILES/data_308172081.root
./INPUTFILES/data_308193521.root
./INPUTFILES/data_308256741.root
./INPUTFILES/data_308328331.root
./INPUTFILES/data_308186591.root
./INPUTFILES/data_308196791.root
./INPUTFILES/21EF1A6A9139C9FD2A38E59AFB466F9A_907.local.list
./INPUTFILES/data_308187131.root
./INPUTFILES/data_308172091.root
./INPUTFILES/data_308172061.root
./INPUTFILES/data_308228811.root
./INPUTFILES/data_308230331.root
./INPUTFILES/data_308172101.root
./check_S.C
./Check_Sness.C
./.output.log
./lib
./lib/NpartNormalizer_cpp.d
./lib/MixedBuffer_cpp.so
./lib/NpartNormalizer.cpp
./lib/MixedBuffer_cpp_ACLiC_dict_rdict.pcm
./lib/my_event_cpp.d
./lib/my_particle_cpp.so
./lib/my_event_cpp.so
./lib/NpartNormalizer_cpp.so
./lib/CenMaker.cpp
./lib/NpartNormalizer_cpp_ACLiC_dict_rdict.pcm
./lib/MixedBuffer_cpp.d
./lib/NpartNormalizer.h
./lib/my_event.cpp
./lib/CenMaker_cpp.so
./lib/my_particle.h
./lib/CenMaker_cpp.d
./lib/my_particle.cpp
./lib/my_particle_cpp_ACLiC_dict_rdict.pcm
./lib/my_event.h
./lib/CenMaker_cpp_ACLiC_dict_rdict.pcm
./lib/CenMaker.h
./lib/my_particle_cpp.d
./lib/my_event_cpp_ACLiC_dict_rdict.pcm
./lib/MixedBuffer.cpp
./lib/MixedBuffer.h
./.sandboxFiles
++++++++++++++++INPUTFILE Var++++++++++++++++++
FILELIST=/tmp/maxwoo/21EF1A6A9139C9FD2A38E59AFB466F9A_907/INPUTFILES/21EF1A6A9139C9FD2A38E59AFB466F9A_907.local.list
INPUTFILECOUNT=37
INPUTFILE0=/tmp/maxwoo/21EF1A6A9139C9FD2A38E59AFB466F9A_907/INPUTFILES/data_308172061.root
INPUTFILE1=/tmp/maxwoo/21EF1A6A9139C9FD2A38E59AFB466F9A_907/INPUTFILES/data_308172071.root
INPUTFILE2=/tmp/maxwoo/21EF1A6A9139C9FD2A38E59AFB466F9A_907/INPUTFILES/data_308172081.root
INPUTFILE3=/tmp/maxwoo/21EF1A6A9139C9FD2A38E59AFB466F9A_907/INPUTFILES/data_308172091.root
INPUTFILE4=/tmp/maxwoo/21EF1A6A9139C9FD2A38E59AFB466F9A_907/INPUTFILES/data_308172101.root
INPUTFILE5=/tmp/maxwoo/21EF1A6A9139C9FD2A38E59AFB466F9A_907/INPUTFILES/data_308172111.root
INPUTFILE6=/tmp/maxwoo/21EF1A6A9139C9FD2A38E59AFB466F9A_907/INPUTFILES/data_308175421.root
INPUTFILE7=/tmp/maxwoo/21EF1A6A9139C9FD2A38E59AFB466F9A_907/INPUTFILES/data_308186471.root
INPUTFILE8=/tmp/maxwoo/21EF1A6A9139C9FD2A38E59AFB466F9A_907/INPUTFILES/data_308186481.root
INPUTFILE9=/tmp/maxwoo/21EF1A6A9139C9FD2A38E59AFB466F9A_907/INPUTFILES/data_308186501.root
INPUTFILE10=/tmp/maxwoo/21EF1A6A9139C9FD2A38E59AFB466F9A_907/INPUTFILES/data_308186531.root
INPUTFILE11=/tmp/maxwoo/21EF1A6A9139C9FD2A38E59AFB466F9A_907/INPUTFILES/data_308186591.root
INPUTFILE12=/tmp/maxwoo/21EF1A6A9139C9FD2A38E59AFB466F9A_907/INPUTFILES/data_308187131.root
INPUTFILE13=/tmp/maxwoo/21EF1A6A9139C9FD2A38E59AFB466F9A_907/INPUTFILES/data_308188351.root
INPUTFILE14=/tmp/maxwoo/21EF1A6A9139C9FD2A38E59AFB466F9A_907/INPUTFILES/data_308190001.root
INPUTFILE15=/tmp/maxwoo/21EF1A6A9139C9FD2A38E59AFB466F9A_907/INPUTFILES/data_308193521.root
INPUTFILE16=/tmp/maxwoo/21EF1A6A9139C9FD2A38E59AFB466F9A_907/INPUTFILES/data_308196791.root
INPUTFILE17=/tmp/maxwoo/21EF1A6A9139C9FD2A38E59AFB466F9A_907/INPUTFILES/data_308228811.root
INPUTFILE18=/tmp/maxwoo/21EF1A6A9139C9FD2A38E59AFB466F9A_907/INPUTFILES/data_308230331.root
INPUTFILE19=/tmp/maxwoo/21EF1A6A9139C9FD2A38E59AFB466F9A_907/INPUTFILES/data_308245991.root
INPUTFILE20=/tmp/maxwoo/21EF1A6A9139C9FD2A38E59AFB466F9A_907/INPUTFILES/data_308255131.root
INPUTFILE21=/tmp/maxwoo/21EF1A6A9139C9FD2A38E59AFB466F9A_907/INPUTFILES/data_308255141.root
INPUTFILE22=/tmp/maxwoo/21EF1A6A9139C9FD2A38E59AFB466F9A_907/INPUTFILES/data_308255441.root
INPUTFILE23=/tmp/maxwoo/21EF1A6A9139C9FD2A38E59AFB466F9A_907/INPUTFILES/data_308255511.root
INPUTFILE24=/tmp/maxwoo/21EF1A6A9139C9FD2A38E59AFB466F9A_907/INPUTFILES/data_308255561.root
INPUTFILE25=/tmp/maxwoo/21EF1A6A9139C9FD2A38E59AFB466F9A_907/INPUTFILES/data_308256731.root
INPUTFILE26=/tmp/maxwoo/21EF1A6A9139C9FD2A38E59AFB466F9A_907/INPUTFILES/data_308256741.root
INPUTFILE27=/tmp/maxwoo/21EF1A6A9139C9FD2A38E59AFB466F9A_907/INPUTFILES/data_308256751.root
INPUTFILE28=/tmp/maxwoo/21EF1A6A9139C9FD2A38E59AFB466F9A_907/INPUTFILES/data_308256771.root
INPUTFILE29=/tmp/maxwoo/21EF1A6A9139C9FD2A38E59AFB466F9A_907/INPUTFILES/data_308256851.root
INPUTFILE30=/tmp/maxwoo/21EF1A6A9139C9FD2A38E59AFB466F9A_907/INPUTFILES/data_308256861.root
INPUTFILE31=/tmp/maxwoo/21EF1A6A9139C9FD2A38E59AFB466F9A_907/INPUTFILES/data_308288191.root
INPUTFILE32=/tmp/maxwoo/21EF1A6A9139C9FD2A38E59AFB466F9A_907/INPUTFILES/data_308318881.root
INPUTFILE33=/tmp/maxwoo/21EF1A6A9139C9FD2A38E59AFB466F9A_907/INPUTFILES/data_308328081.root
INPUTFILE34=/tmp/maxwoo/21EF1A6A9139C9FD2A38E59AFB466F9A_907/INPUTFILES/data_308328331.root
INPUTFILE35=/tmp/maxwoo/21EF1A6A9139C9FD2A38E59AFB466F9A_907/INPUTFILES/data_308328361.root
INPUTFILE36=/tmp/maxwoo/21EF1A6A9139C9FD2A38E59AFB466F9A_907/INPUTFILES/data_308328501.root
LocalInputFileDir=/tmp/maxwoo/21EF1A6A9139C9FD2A38E59AFB466F9A_907/INPUTFILES
NewFILELIST=/tmp/maxwoo/21EF1A6A9139C9FD2A38E59AFB466F9A_907/INPUTFILES/21EF1A6A9139C9FD2A38E59AFB466F9A_907.local.list
+++++++++++++++++++++++++++++++++++++++++++++++
--------------------------------
Simple Unified Meta Scheduler 1.10.50 we are starting in $SCRATCH : /home/tmp/maxwoo/21EF1A6A9139C9FD2A38E59AFB466F9A_907
--------------------------------
total 16
lrwxrwxrwx 1 maxwoo rhstar   61 Jun  2 11:24 check_S.C -> /gpfs/mnt/gpfs01/star/pwg/xiatong/git/strangeness/./check_S.C
lrwxrwxrwx 1 maxwoo rhstar   65 Jun  2 11:24 Check_Sness.C -> /gpfs/mnt/gpfs01/star/pwg/xiatong/git/strangeness/./Check_Sness.C
drwxr-xr-x 2 maxwoo rhstar 4096 Jun  2 11:27 INPUTFILES
drwxr-xr-x 2 maxwoo rhstar 4096 Jun  2 11:24 lib
  *******************************************
  *                                         *
  *        W E L C O M E  to  R O O T       *
  *                                         *
  *   Version   5.34/38     12 March 2018   *
  *                                         *
  *  You are welcome to visit our Web site  *
  *          http://root.cern.ch            *
  *                                         *
  *******************************************

ROOT 5.34/38 (v5-34-38@v5-34-38, Mar 12 2018, 15:49:39 on linux)

CINT/ROOT C/C++ Interpreter version 5.18.00, July 2, 2010
Type ? for help. Commands must be C++ statements.
Enclose multiple statements between { }.
*** Float Point Exception is OFF ***
 *** Start at Date : Thu Jun  2 11:28:00 2022
QAInfo:You are using STAR_LEVEL : dev, ROOT_LEVEL : 5.34.38 and node : rcrs6040.rcf.bnl.gov 

Processing check_S.C++("/tmp/maxwoo/21EF1A6A9139C9FD2A38E59AFB466F9A_907/INPUTFILES/21EF1A6A9139C9FD2A38E59AFB466F9A_907.local.list","21EF1A6A9139C9FD2A38E59AFB466F9A_907",1)...
/tmp/maxwoo/21EF1A6A9139C9FD2A38E59AFB466F9A_907/INPUTFILES/data_308172061.root 
/tmp/maxwoo/21EF1A6A9139C9FD2A38E59AFB466F9A_907/INPUTFILES/data_308172071.root 
/tmp/maxwoo/21EF1A6A9139C9FD2A38E59AFB466F9A_907/INPUTFILES/data_308172081.root 
/tmp/maxwoo/21EF1A6A9139C9FD2A38E59AFB466F9A_907/INPUTFILES/data_308172091.root 
/tmp/maxwoo/21EF1A6A9139C9FD2A38E59AFB466F9A_907/INPUTFILES/data_308172101.root 
/tmp/maxwoo/21EF1A6A9139C9FD2A38E59AFB466F9A_907/INPUTFILES/data_308172111.root 
/tmp/maxwoo/21EF1A6A9139C9FD2A38E59AFB466F9A_907/INPUTFILES/data_308175421.root 
/tmp/maxwoo/21EF1A6A9139C9FD2A38E59AFB466F9A_907/INPUTFILES/data_308186471.root 
/tmp/maxwoo/21EF1A6A9139C9FD2A38E59AFB466F9A_907/INPUTFILES/data_308186481.root 
/tmp/maxwoo/21EF1A6A9139C9FD2A38E59AFB466F9A_907/INPUTFILES/data_308186501.root 
/tmp/maxwoo/21EF1A6A9139C9FD2A38E59AFB466F9A_907/INPUTFILES/data_308186531.root 
/tmp/maxwoo/21EF1A6A9139C9FD2A38E59AFB466F9A_907/INPUTFILES/data_308186591.root 
/tmp/maxwoo/21EF1A6A9139C9FD2A38E59AFB466F9A_907/INPUTFILES/data_308187131.root 
/tmp/maxwoo/21EF1A6A9139C9FD2A38E59AFB466F9A_907/INPUTFILES/data_308188351.root 
/tmp/maxwoo/21EF1A6A9139C9FD2A38E59AFB466F9A_907/INPUTFILES/data_308190001.root 
/tmp/maxwoo/21EF1A6A9139C9FD2A38E59AFB466F9A_907/INPUTFILES/data_308193521.root 
/tmp/maxwoo/21EF1A6A9139C9FD2A38E59AFB466F9A_907/INPUTFILES/data_308196791.root 
/tmp/maxwoo/21EF1A6A9139C9FD2A38E59AFB466F9A_907/INPUTFILES/data_308228811.root 
/tmp/maxwoo/21EF1A6A9139C9FD2A38E59AFB466F9A_907/INPUTFILES/data_308230331.root 
/tmp/maxwoo/21EF1A6A9139C9FD2A38E59AFB466F9A_907/INPUTFILES/data_308245991.root 
/tmp/maxwoo/21EF1A6A9139C9FD2A38E59AFB466F9A_907/INPUTFILES/data_308255131.root 
/tmp/maxwoo/21EF1A6A9139C9FD2A38E59AFB466F9A_907/INPUTFILES/data_308255141.root 
/tmp/maxwoo/21EF1A6A9139C9FD2A38E59AFB466F9A_907/INPUTFILES/data_308255441.root 
/tmp/maxwoo/21EF1A6A9139C9FD2A38E59AFB466F9A_907/INPUTFILES/data_308255511.root 
/tmp/maxwoo/21EF1A6A9139C9FD2A38E59AFB466F9A_907/INPUTFILES/data_308255561.root 
/tmp/maxwoo/21EF1A6A9139C9FD2A38E59AFB466F9A_907/INPUTFILES/data_308256731.root 
/tmp/maxwoo/21EF1A6A9139C9FD2A38E59AFB466F9A_907/INPUTFILES/data_308256741.root 
/tmp/maxwoo/21EF1A6A9139C9FD2A38E59AFB466F9A_907/INPUTFILES/data_308256751.root 
/tmp/maxwoo/21EF1A6A9139C9FD2A38E59AFB466F9A_907/INPUTFILES/data_308256771.root 
/tmp/maxwoo/21EF1A6A9139C9FD2A38E59AFB466F9A_907/INPUTFILES/data_308256851.root 
/tmp/maxwoo/21EF1A6A9139C9FD2A38E59AFB466F9A_907/INPUTFILES/data_308256861.root 
/tmp/maxwoo/21EF1A6A9139C9FD2A38E59AFB466F9A_907/INPUTFILES/data_308288191.root 
/tmp/maxwoo/21EF1A6A9139C9FD2A38E59AFB466F9A_907/INPUTFILES/data_308318881.root 
/tmp/maxwoo/21EF1A6A9139C9FD2A38E59AFB466F9A_907/INPUTFILES/data_308328081.root 
/tmp/maxwoo/21EF1A6A9139C9FD2A38E59AFB466F9A_907/INPUTFILES/data_308328331.root 
/tmp/maxwoo/21EF1A6A9139C9FD2A38E59AFB466F9A_907/INPUTFILES/data_308328361.root 
/tmp/maxwoo/21EF1A6A9139C9FD2A38E59AFB466F9A_907/INPUTFILES/data_308328501.root 
Added 37 files
# entries in chain: 37000
Processing entry == 1000 == out of 37000.
Processing entry == 2000 == out of 37000.
Processing entry == 3000 == out of 37000.
Processing entry == 4000 == out of 37000.
Processing entry == 5000 == out of 37000.
Processing entry == 6000 == out of 37000.
Processing entry == 7000 == out of 37000.
Processing entry == 8000 == out of 37000.
Processing entry == 9000 == out of 37000.
Processing entry == 10000 == out of 37000.
Processing entry == 11000 == out of 37000.
Processing entry == 12000 == out of 37000.
Processing entry == 13000 == out of 37000.
Processing entry == 14000 == out of 37000.
Processing entry == 15000 == out of 37000.
Processing entry == 16000 == out of 37000.
Processing entry == 17000 == out of 37000.
Processing entry == 18000 == out of 37000.
Processing entry == 19000 == out of 37000.
Processing entry == 20000 == out of 37000.
Processing entry == 21000 == out of 37000.
Processing entry == 22000 == out of 37000.
Processing entry == 23000 == out of 37000.
Processing entry == 24000 == out of 37000.
Processing entry == 25000 == out of 37000.
Processing entry == 26000 == out of 37000.
Processing entry == 27000 == out of 37000.
Processing entry == 28000 == out of 37000.
Processing entry == 29000 == out of 37000.
Processing entry == 30000 == out of 37000.
Processing entry == 31000 == out of 37000.
Processing entry == 32000 == out of 37000.
Processing entry == 33000 == out of 37000.
Processing entry == 34000 == out of 37000.
Processing entry == 35000 == out of 37000.
Processing entry == 36000 == out of 37000.
Processing entry == 37000 == out of 37000.

This is the end of ROOT -- Goodbye

Cleaning up sandbox file:  /tmp/maxwoo/21EF1A6A9139C9FD2A38E59AFB466F9A_907/check_S.C
Cleaning up sandbox file:  /tmp/maxwoo/21EF1A6A9139C9FD2A38E59AFB466F9A_907/Check_Sness.C
Cleaning up sandbox file:  /tmp/maxwoo/21EF1A6A9139C9FD2A38E59AFB466F9A_907/lib
Cleaning up sandbox file:  /tmp/maxwoo/21EF1A6A9139C9FD2A38E59AFB466F9A_907/.sandboxFiles
Starting copy block
Running copy command:  /bin/cp -fp /tmp/maxwoo/21EF1A6A9139C9FD2A38E59AFB466F9A_907/out_21EF1A6A9139C9FD2A38E59AFB466F9A_907.root /star/data01/pwg/xiatong/git/strangeness/data/
10702 Execution of (/star/data01/pwg/xiatong/git/strangeness/script/sched21EF1A6A9139C9FD2A38E59AFB466F9A_907.csh ) has ended, exiting normally
10702 We END on [Thu Jun  2 11:49:41 EDT 2022]
