We are starting on node: spool0716.sdcc.bnl.gov
HOME is not defined
Using getent method
HOME is now /star/u/maxwoo
43856 We will spawn ourselves (/star/data01/pwg/xiatong/git/strangeness/script/sched21EF1A6A9139C9FD2A38E59AFB466F9A_363.csh )
43856 We BEGIN on [Thu Jun  2 11:36:33 EDT 2022]
[1] 44393
43856 We are waiting for 44393 
43856 Grandchild PID is 44475 - found in 0 x 1 seconds
43856 Establishing first watcher   on    Thu Jun  2 11:36:33 EDT 2022
43856 Process tree is 43856 (main) -> 44393 (child) -> 44475 (grandchild)
F S   UID    PID   PPID  C PRI  NI ADDR SZ WCHAN  TTY        TIME CMD
43856 Grandchild PID is 45454 - found in 10 x 2 seconds
43856 Grandchild to watch has changed on Thu Jun  2 11:36:56 EDT 2022
43856 Process tree is 43856 (main) -> 44393 (child) -> 45454 (grandchild)
F S   UID    PID   PPID  C PRI  NI ADDR SZ WCHAN  TTY        TIME CMD
0 D 100667 45454  44393  0  80   0 - 32311 cxiWai ?          0:00 cp /star/data01/pwg/xiatong/AMPT/14GeV/data_169525951.root /tmp/maxwoo/21EF1A6A9139C9FD2A38E59AFB466F9A_363/INPUTFILES/data_169525951.root
43856 Grandchild PID is 46845 - found in 20 x 2 seconds
43856 Grandchild to watch has changed on Thu Jun  2 11:37:17 EDT 2022
43856 Process tree is 43856 (main) -> 44393 (child) -> 46845 (grandchild)
F S   UID    PID   PPID  C PRI  NI ADDR SZ WCHAN  TTY        TIME CMD
0 D 100667 46845  44393  0  80   0 - 32311 cxiWai ?          0:00 cp /star/data01/pwg/xiatong/AMPT/14GeV/data_169526021.root /tmp/maxwoo/21EF1A6A9139C9FD2A38E59AFB466F9A_363/INPUTFILES/data_169526021.root
43856 Grandchild PID is 49547 - found in 30 x 2 seconds
43856 Grandchild to watch has changed on Thu Jun  2 11:37:39 EDT 2022
43856 Process tree is 43856 (main) -> 44393 (child) -> 49547 (grandchild)
F S   UID    PID   PPID  C PRI  NI ADDR SZ WCHAN  TTY        TIME CMD
0 D 100667 49547  44393  0  80   0 - 32311 cxiWai ?          0:00 cp /star/data01/pwg/xiatong/AMPT/14GeV/data_169625571.root /tmp/maxwoo/21EF1A6A9139C9FD2A38E59AFB466F9A_363/INPUTFILES/data_169625571.root
43856 Grandchild PID is 51278 - found in 40 x 2 seconds
43856 Grandchild to watch has changed on Thu Jun  2 11:37:59 EDT 2022
43856 Process tree is 43856 (main) -> 44393 (child) -> 51278 (grandchild)
F S   UID    PID   PPID  C PRI  NI ADDR SZ WCHAN  TTY        TIME CMD
0 D 100667 51278  44393  0  80   0 - 32311 cxiWai ?          0:00 cp /star/data01/pwg/xiatong/AMPT/14GeV/data_169625641.root /tmp/maxwoo/21EF1A6A9139C9FD2A38E59AFB466F9A_363/INPUTFILES/data_169625641.root
43856 Grandchild PID is 53110 - found in 50 x 2 seconds
43856 Grandchild to watch has changed on Thu Jun  2 11:38:23 EDT 2022
43856 Process tree is 43856 (main) -> 44393 (child) -> 53110 (grandchild)
F S   UID    PID   PPID  C PRI  NI ADDR SZ WCHAN  TTY        TIME CMD
0 D 100667 53110  44393  0  80   0 - 32311 cxiWai ?          0:00 cp /star/data01/pwg/xiatong/AMPT/14GeV/data_169625871.root /tmp/maxwoo/21EF1A6A9139C9FD2A38E59AFB466F9A_363/INPUTFILES/data_169625871.root
43856 Grandchild PID is 57508 - found in 60 x 2 seconds
43856 Grandchild to watch has changed on Thu Jun  2 11:38:43 EDT 2022
43856 Process tree is 43856 (main) -> 44393 (child) -> 57508 (grandchild)
F S   UID    PID   PPID  C PRI  NI ADDR SZ WCHAN  TTY        TIME CMD
0 D 100667 57508  44393  0  80   0 - 32311 cxiWai ?          0:00 cp /star/data01/pwg/xiatong/AMPT/14GeV/data_169625961.root /tmp/maxwoo/21EF1A6A9139C9FD2A38E59AFB466F9A_363/INPUTFILES/data_169625961.root
43856 Grandchild PID is 61064 - found in 80 x 2 seconds
43856 Grandchild to watch has changed on Thu Jun  2 11:39:28 EDT 2022
43856 Process tree is 43856 (main) -> 44393 (child) -> 61064 (grandchild)
F S   UID    PID   PPID  C PRI  NI ADDR SZ WCHAN  TTY        TIME CMD
0 D 100667 61064  44393  0  80   0 - 32311 cxiWai ?          0:00 cp /star/data01/pwg/xiatong/AMPT/14GeV/data_169651751.root /tmp/maxwoo/21EF1A6A9139C9FD2A38E59AFB466F9A_363/INPUTFILES/data_169651751.root
43856 Grandchild PID is 65639 - found in 100 x 2 seconds
43856 Grandchild to watch has changed on Thu Jun  2 11:40:10 EDT 2022
43856 Process tree is 43856 (main) -> 44393 (child) -> 65639 (grandchild)
F S   UID    PID   PPID  C PRI  NI ADDR SZ WCHAN  TTY        TIME CMD
0 D 100667 65639  44393  0  80   0 - 32311 cxiWai ?          0:00 cp /star/data01/pwg/xiatong/AMPT/14GeV/data_169725171.root /tmp/maxwoo/21EF1A6A9139C9FD2A38E59AFB466F9A_363/INPUTFILES/data_169725171.root
43856 Grandchild PID is 68112 - found in 110 x 2 seconds
43856 Grandchild to watch has changed on Thu Jun  2 11:40:30 EDT 2022
43856 Process tree is 43856 (main) -> 44393 (child) -> 68112 (grandchild)
F S   UID    PID   PPID  C PRI  NI ADDR SZ WCHAN  TTY        TIME CMD
0 S 100667 68112  44393  0  80   0 -  1272 do_wai ?          0:00 root -b -q check_S.C++("/tmp/maxwoo/21EF1A6A9139C9FD2A38E59AFB466F9A_363/INPUTFILES/21EF1A6A9139C9FD2A38E59AFB466F9A_363.local.list","21EF1A6A9139C9FD2A38E59AFB466F9A_363",1)
44393 Stepping into the main SUMS wrapper program with []
.... building sandbox
Running: cp /star/data01/pwg/xiatong/AMPT/14GeV/data_169525771.root /tmp/maxwoo/21EF1A6A9139C9FD2A38E59AFB466F9A_363/INPUTFILES/data_169525771.root
Running: cp /star/data01/pwg/xiatong/AMPT/14GeV/data_169525861.root /tmp/maxwoo/21EF1A6A9139C9FD2A38E59AFB466F9A_363/INPUTFILES/data_169525861.root
Running: cp /star/data01/pwg/xiatong/AMPT/14GeV/data_169525951.root /tmp/maxwoo/21EF1A6A9139C9FD2A38E59AFB466F9A_363/INPUTFILES/data_169525951.root
Running: cp /star/data01/pwg/xiatong/AMPT/14GeV/data_169525981.root /tmp/maxwoo/21EF1A6A9139C9FD2A38E59AFB466F9A_363/INPUTFILES/data_169525981.root
Running: cp /star/data01/pwg/xiatong/AMPT/14GeV/data_169525991.root /tmp/maxwoo/21EF1A6A9139C9FD2A38E59AFB466F9A_363/INPUTFILES/data_169525991.root
Running: cp /star/data01/pwg/xiatong/AMPT/14GeV/data_169526021.root /tmp/maxwoo/21EF1A6A9139C9FD2A38E59AFB466F9A_363/INPUTFILES/data_169526021.root
Running: cp /star/data01/pwg/xiatong/AMPT/14GeV/data_169526051.root /tmp/maxwoo/21EF1A6A9139C9FD2A38E59AFB466F9A_363/INPUTFILES/data_169526051.root
Running: cp /star/data01/pwg/xiatong/AMPT/14GeV/data_169526061.root /tmp/maxwoo/21EF1A6A9139C9FD2A38E59AFB466F9A_363/INPUTFILES/data_169526061.root
Running: cp /star/data01/pwg/xiatong/AMPT/14GeV/data_169526081.root /tmp/maxwoo/21EF1A6A9139C9FD2A38E59AFB466F9A_363/INPUTFILES/data_169526081.root
Running: cp /star/data01/pwg/xiatong/AMPT/14GeV/data_169526131.root /tmp/maxwoo/21EF1A6A9139C9FD2A38E59AFB466F9A_363/INPUTFILES/data_169526131.root
Running: cp /star/data01/pwg/xiatong/AMPT/14GeV/data_169526251.root /tmp/maxwoo/21EF1A6A9139C9FD2A38E59AFB466F9A_363/INPUTFILES/data_169526251.root
Running: cp /star/data01/pwg/xiatong/AMPT/14GeV/data_169526481.root /tmp/maxwoo/21EF1A6A9139C9FD2A38E59AFB466F9A_363/INPUTFILES/data_169526481.root
Running: cp /star/data01/pwg/xiatong/AMPT/14GeV/data_169526561.root /tmp/maxwoo/21EF1A6A9139C9FD2A38E59AFB466F9A_363/INPUTFILES/data_169526561.root
Running: cp /star/data01/pwg/xiatong/AMPT/14GeV/data_169528831.root /tmp/maxwoo/21EF1A6A9139C9FD2A38E59AFB466F9A_363/INPUTFILES/data_169528831.root
Running: cp /star/data01/pwg/xiatong/AMPT/14GeV/data_169551781.root /tmp/maxwoo/21EF1A6A9139C9FD2A38E59AFB466F9A_363/INPUTFILES/data_169551781.root
Running: cp /star/data01/pwg/xiatong/AMPT/14GeV/data_169625541.root /tmp/maxwoo/21EF1A6A9139C9FD2A38E59AFB466F9A_363/INPUTFILES/data_169625541.root
Running: cp /star/data01/pwg/xiatong/AMPT/14GeV/data_169625571.root /tmp/maxwoo/21EF1A6A9139C9FD2A38E59AFB466F9A_363/INPUTFILES/data_169625571.root
Running: cp /star/data01/pwg/xiatong/AMPT/14GeV/data_169625591.root /tmp/maxwoo/21EF1A6A9139C9FD2A38E59AFB466F9A_363/INPUTFILES/data_169625591.root
Running: cp /star/data01/pwg/xiatong/AMPT/14GeV/data_169625601.root /tmp/maxwoo/21EF1A6A9139C9FD2A38E59AFB466F9A_363/INPUTFILES/data_169625601.root
Running: cp /star/data01/pwg/xiatong/AMPT/14GeV/data_169625641.root /tmp/maxwoo/21EF1A6A9139C9FD2A38E59AFB466F9A_363/INPUTFILES/data_169625641.root
Running: cp /star/data01/pwg/xiatong/AMPT/14GeV/data_169625651.root /tmp/maxwoo/21EF1A6A9139C9FD2A38E59AFB466F9A_363/INPUTFILES/data_169625651.root
Running: cp /star/data01/pwg/xiatong/AMPT/14GeV/data_169625661.root /tmp/maxwoo/21EF1A6A9139C9FD2A38E59AFB466F9A_363/INPUTFILES/data_169625661.root
Running: cp /star/data01/pwg/xiatong/AMPT/14GeV/data_169625691.root /tmp/maxwoo/21EF1A6A9139C9FD2A38E59AFB466F9A_363/INPUTFILES/data_169625691.root
Running: cp /star/data01/pwg/xiatong/AMPT/14GeV/data_169625721.root /tmp/maxwoo/21EF1A6A9139C9FD2A38E59AFB466F9A_363/INPUTFILES/data_169625721.root
Running: cp /star/data01/pwg/xiatong/AMPT/14GeV/data_169625821.root /tmp/maxwoo/21EF1A6A9139C9FD2A38E59AFB466F9A_363/INPUTFILES/data_169625821.root
Running: cp /star/data01/pwg/xiatong/AMPT/14GeV/data_169625871.root /tmp/maxwoo/21EF1A6A9139C9FD2A38E59AFB466F9A_363/INPUTFILES/data_169625871.root
Running: cp /star/data01/pwg/xiatong/AMPT/14GeV/data_169625881.root /tmp/maxwoo/21EF1A6A9139C9FD2A38E59AFB466F9A_363/INPUTFILES/data_169625881.root
Running: cp /star/data01/pwg/xiatong/AMPT/14GeV/data_169625931.root /tmp/maxwoo/21EF1A6A9139C9FD2A38E59AFB466F9A_363/INPUTFILES/data_169625931.root
Running: cp /star/data01/pwg/xiatong/AMPT/14GeV/data_169625961.root /tmp/maxwoo/21EF1A6A9139C9FD2A38E59AFB466F9A_363/INPUTFILES/data_169625961.root
Running: cp /star/data01/pwg/xiatong/AMPT/14GeV/data_169632491.root /tmp/maxwoo/21EF1A6A9139C9FD2A38E59AFB466F9A_363/INPUTFILES/data_169632491.root
Running: cp /star/data01/pwg/xiatong/AMPT/14GeV/data_169651751.root /tmp/maxwoo/21EF1A6A9139C9FD2A38E59AFB466F9A_363/INPUTFILES/data_169651751.root
Running: cp /star/data01/pwg/xiatong/AMPT/14GeV/data_169669441.root /tmp/maxwoo/21EF1A6A9139C9FD2A38E59AFB466F9A_363/INPUTFILES/data_169669441.root
Running: cp /star/data01/pwg/xiatong/AMPT/14GeV/data_169725171.root /tmp/maxwoo/21EF1A6A9139C9FD2A38E59AFB466F9A_363/INPUTFILES/data_169725171.root
Running: cp /star/data01/pwg/xiatong/AMPT/14GeV/data_169725201.root /tmp/maxwoo/21EF1A6A9139C9FD2A38E59AFB466F9A_363/INPUTFILES/data_169725201.root
Running: cp /star/data01/pwg/xiatong/AMPT/14GeV/data_169725211.root /tmp/maxwoo/21EF1A6A9139C9FD2A38E59AFB466F9A_363/INPUTFILES/data_169725211.root
Running: cp /star/data01/pwg/xiatong/AMPT/14GeV/data_169725261.root /tmp/maxwoo/21EF1A6A9139C9FD2A38E59AFB466F9A_363/INPUTFILES/data_169725261.root
Running: cp /star/data01/pwg/xiatong/AMPT/14GeV/data_169725281.root /tmp/maxwoo/21EF1A6A9139C9FD2A38E59AFB466F9A_363/INPUTFILES/data_169725281.root
Swapping $FILELIST with: /tmp/maxwoo/21EF1A6A9139C9FD2A38E59AFB466F9A_363/INPUTFILES/21EF1A6A9139C9FD2A38E59AFB466F9A_363.local.list
+++++++++++local copy debug++++++++++++++++++++
newFileList: /tmp/maxwoo/21EF1A6A9139C9FD2A38E59AFB466F9A_363/INPUTFILES/21EF1A6A9139C9FD2A38E59AFB466F9A_363.local.list
++++++++++++++++cat FILELIST+++++++++++++++++++
/tmp/maxwoo/21EF1A6A9139C9FD2A38E59AFB466F9A_363/INPUTFILES/data_169525771.root 
/tmp/maxwoo/21EF1A6A9139C9FD2A38E59AFB466F9A_363/INPUTFILES/data_169525861.root 
/tmp/maxwoo/21EF1A6A9139C9FD2A38E59AFB466F9A_363/INPUTFILES/data_169525951.root 
/tmp/maxwoo/21EF1A6A9139C9FD2A38E59AFB466F9A_363/INPUTFILES/data_169525981.root 
/tmp/maxwoo/21EF1A6A9139C9FD2A38E59AFB466F9A_363/INPUTFILES/data_169525991.root 
/tmp/maxwoo/21EF1A6A9139C9FD2A38E59AFB466F9A_363/INPUTFILES/data_169526021.root 
/tmp/maxwoo/21EF1A6A9139C9FD2A38E59AFB466F9A_363/INPUTFILES/data_169526051.root 
/tmp/maxwoo/21EF1A6A9139C9FD2A38E59AFB466F9A_363/INPUTFILES/data_169526061.root 
/tmp/maxwoo/21EF1A6A9139C9FD2A38E59AFB466F9A_363/INPUTFILES/data_169526081.root 
/tmp/maxwoo/21EF1A6A9139C9FD2A38E59AFB466F9A_363/INPUTFILES/data_169526131.root 
/tmp/maxwoo/21EF1A6A9139C9FD2A38E59AFB466F9A_363/INPUTFILES/data_169526251.root 
/tmp/maxwoo/21EF1A6A9139C9FD2A38E59AFB466F9A_363/INPUTFILES/data_169526481.root 
/tmp/maxwoo/21EF1A6A9139C9FD2A38E59AFB466F9A_363/INPUTFILES/data_169526561.root 
/tmp/maxwoo/21EF1A6A9139C9FD2A38E59AFB466F9A_363/INPUTFILES/data_169528831.root 
/tmp/maxwoo/21EF1A6A9139C9FD2A38E59AFB466F9A_363/INPUTFILES/data_169551781.root 
/tmp/maxwoo/21EF1A6A9139C9FD2A38E59AFB466F9A_363/INPUTFILES/data_169625541.root 
/tmp/maxwoo/21EF1A6A9139C9FD2A38E59AFB466F9A_363/INPUTFILES/data_169625571.root 
/tmp/maxwoo/21EF1A6A9139C9FD2A38E59AFB466F9A_363/INPUTFILES/data_169625591.root 
/tmp/maxwoo/21EF1A6A9139C9FD2A38E59AFB466F9A_363/INPUTFILES/data_169625601.root 
/tmp/maxwoo/21EF1A6A9139C9FD2A38E59AFB466F9A_363/INPUTFILES/data_169625641.root 
/tmp/maxwoo/21EF1A6A9139C9FD2A38E59AFB466F9A_363/INPUTFILES/data_169625651.root 
/tmp/maxwoo/21EF1A6A9139C9FD2A38E59AFB466F9A_363/INPUTFILES/data_169625661.root 
/tmp/maxwoo/21EF1A6A9139C9FD2A38E59AFB466F9A_363/INPUTFILES/data_169625691.root 
/tmp/maxwoo/21EF1A6A9139C9FD2A38E59AFB466F9A_363/INPUTFILES/data_169625721.root 
/tmp/maxwoo/21EF1A6A9139C9FD2A38E59AFB466F9A_363/INPUTFILES/data_169625821.root 
/tmp/maxwoo/21EF1A6A9139C9FD2A38E59AFB466F9A_363/INPUTFILES/data_169625871.root 
/tmp/maxwoo/21EF1A6A9139C9FD2A38E59AFB466F9A_363/INPUTFILES/data_169625881.root 
/tmp/maxwoo/21EF1A6A9139C9FD2A38E59AFB466F9A_363/INPUTFILES/data_169625931.root 
/tmp/maxwoo/21EF1A6A9139C9FD2A38E59AFB466F9A_363/INPUTFILES/data_169625961.root 
/tmp/maxwoo/21EF1A6A9139C9FD2A38E59AFB466F9A_363/INPUTFILES/data_169632491.root 
/tmp/maxwoo/21EF1A6A9139C9FD2A38E59AFB466F9A_363/INPUTFILES/data_169651751.root 
/tmp/maxwoo/21EF1A6A9139C9FD2A38E59AFB466F9A_363/INPUTFILES/data_169669441.root 
/tmp/maxwoo/21EF1A6A9139C9FD2A38E59AFB466F9A_363/INPUTFILES/data_169725171.root 
/tmp/maxwoo/21EF1A6A9139C9FD2A38E59AFB466F9A_363/INPUTFILES/data_169725201.root 
/tmp/maxwoo/21EF1A6A9139C9FD2A38E59AFB466F9A_363/INPUTFILES/data_169725211.root 
/tmp/maxwoo/21EF1A6A9139C9FD2A38E59AFB466F9A_363/INPUTFILES/data_169725261.root 
/tmp/maxwoo/21EF1A6A9139C9FD2A38E59AFB466F9A_363/INPUTFILES/data_169725281.root 
++++++++++++++++++++find.++++++++++++++++++++++
.
./.errror.log
./INPUTFILES
./INPUTFILES/data_169725201.root
./INPUTFILES/data_169551781.root
./INPUTFILES/data_169625961.root
./INPUTFILES/data_169725261.root
./INPUTFILES/data_169526481.root
./INPUTFILES/data_169526051.root
./INPUTFILES/21EF1A6A9139C9FD2A38E59AFB466F9A_363.local.list
./INPUTFILES/data_169625571.root
./INPUTFILES/data_169625651.root
./INPUTFILES/data_169725281.root
./INPUTFILES/data_169526131.root
./INPUTFILES/data_169625691.root
./INPUTFILES/data_169526251.root
./INPUTFILES/data_169526081.root
./INPUTFILES/data_169525981.root
./INPUTFILES/data_169528831.root
./INPUTFILES/data_169625821.root
./INPUTFILES/data_169625721.root
./INPUTFILES/data_169525991.root
./INPUTFILES/data_169526021.root
./INPUTFILES/data_169651751.root
./INPUTFILES/data_169632491.root
./INPUTFILES/data_169625641.root
./INPUTFILES/data_169625931.root
./INPUTFILES/data_169669441.root
./INPUTFILES/data_169625871.root
./INPUTFILES/data_169525771.root
./INPUTFILES/data_169625601.root
./INPUTFILES/data_169625541.root
./INPUTFILES/data_169526561.root
./INPUTFILES/data_169525861.root
./INPUTFILES/data_169525951.root
./INPUTFILES/data_169625591.root
./INPUTFILES/data_169625881.root
./INPUTFILES/data_169725211.root
./INPUTFILES/data_169526061.root
./INPUTFILES/data_169625661.root
./INPUTFILES/data_169725171.root
./lib
./lib/CenMaker.h
./lib/MixedBuffer_cpp.d
./lib/my_particle_cpp_ACLiC_dict_rdict.pcm
./lib/my_particle.h
./lib/MixedBuffer_cpp.so
./lib/MixedBuffer_cpp_ACLiC_dict_rdict.pcm
./lib/my_event_cpp_ACLiC_dict_rdict.pcm
./lib/NpartNormalizer_cpp.d
./lib/my_event.cpp
./lib/NpartNormalizer.h
./lib/CenMaker_cpp.so
./lib/MixedBuffer.cpp
./lib/CenMaker_cpp.d
./lib/my_particle_cpp.so
./lib/my_particle_cpp.d
./lib/my_event_cpp.d
./lib/CenMaker_cpp_ACLiC_dict_rdict.pcm
./lib/CenMaker.cpp
./lib/NpartNormalizer.cpp
./lib/NpartNormalizer_cpp.so
./lib/my_particle.cpp
./lib/my_event.h
./lib/my_event_cpp.so
./lib/MixedBuffer.h
./lib/NpartNormalizer_cpp_ACLiC_dict_rdict.pcm
./check_S.C
./.output.log
./Check_Sness.C
./.sandboxFiles
++++++++++++++++INPUTFILE Var++++++++++++++++++
FILELIST=/tmp/maxwoo/21EF1A6A9139C9FD2A38E59AFB466F9A_363/INPUTFILES/21EF1A6A9139C9FD2A38E59AFB466F9A_363.local.list
INPUTFILECOUNT=37
INPUTFILE0=/tmp/maxwoo/21EF1A6A9139C9FD2A38E59AFB466F9A_363/INPUTFILES/data_169525771.root
INPUTFILE1=/tmp/maxwoo/21EF1A6A9139C9FD2A38E59AFB466F9A_363/INPUTFILES/data_169525861.root
INPUTFILE2=/tmp/maxwoo/21EF1A6A9139C9FD2A38E59AFB466F9A_363/INPUTFILES/data_169525951.root
INPUTFILE3=/tmp/maxwoo/21EF1A6A9139C9FD2A38E59AFB466F9A_363/INPUTFILES/data_169525981.root
INPUTFILE4=/tmp/maxwoo/21EF1A6A9139C9FD2A38E59AFB466F9A_363/INPUTFILES/data_169525991.root
INPUTFILE5=/tmp/maxwoo/21EF1A6A9139C9FD2A38E59AFB466F9A_363/INPUTFILES/data_169526021.root
INPUTFILE6=/tmp/maxwoo/21EF1A6A9139C9FD2A38E59AFB466F9A_363/INPUTFILES/data_169526051.root
INPUTFILE7=/tmp/maxwoo/21EF1A6A9139C9FD2A38E59AFB466F9A_363/INPUTFILES/data_169526061.root
INPUTFILE8=/tmp/maxwoo/21EF1A6A9139C9FD2A38E59AFB466F9A_363/INPUTFILES/data_169526081.root
INPUTFILE9=/tmp/maxwoo/21EF1A6A9139C9FD2A38E59AFB466F9A_363/INPUTFILES/data_169526131.root
INPUTFILE10=/tmp/maxwoo/21EF1A6A9139C9FD2A38E59AFB466F9A_363/INPUTFILES/data_169526251.root
INPUTFILE11=/tmp/maxwoo/21EF1A6A9139C9FD2A38E59AFB466F9A_363/INPUTFILES/data_169526481.root
INPUTFILE12=/tmp/maxwoo/21EF1A6A9139C9FD2A38E59AFB466F9A_363/INPUTFILES/data_169526561.root
INPUTFILE13=/tmp/maxwoo/21EF1A6A9139C9FD2A38E59AFB466F9A_363/INPUTFILES/data_169528831.root
INPUTFILE14=/tmp/maxwoo/21EF1A6A9139C9FD2A38E59AFB466F9A_363/INPUTFILES/data_169551781.root
INPUTFILE15=/tmp/maxwoo/21EF1A6A9139C9FD2A38E59AFB466F9A_363/INPUTFILES/data_169625541.root
INPUTFILE16=/tmp/maxwoo/21EF1A6A9139C9FD2A38E59AFB466F9A_363/INPUTFILES/data_169625571.root
INPUTFILE17=/tmp/maxwoo/21EF1A6A9139C9FD2A38E59AFB466F9A_363/INPUTFILES/data_169625591.root
INPUTFILE18=/tmp/maxwoo/21EF1A6A9139C9FD2A38E59AFB466F9A_363/INPUTFILES/data_169625601.root
INPUTFILE19=/tmp/maxwoo/21EF1A6A9139C9FD2A38E59AFB466F9A_363/INPUTFILES/data_169625641.root
INPUTFILE20=/tmp/maxwoo/21EF1A6A9139C9FD2A38E59AFB466F9A_363/INPUTFILES/data_169625651.root
INPUTFILE21=/tmp/maxwoo/21EF1A6A9139C9FD2A38E59AFB466F9A_363/INPUTFILES/data_169625661.root
INPUTFILE22=/tmp/maxwoo/21EF1A6A9139C9FD2A38E59AFB466F9A_363/INPUTFILES/data_169625691.root
INPUTFILE23=/tmp/maxwoo/21EF1A6A9139C9FD2A38E59AFB466F9A_363/INPUTFILES/data_169625721.root
INPUTFILE24=/tmp/maxwoo/21EF1A6A9139C9FD2A38E59AFB466F9A_363/INPUTFILES/data_169625821.root
INPUTFILE25=/tmp/maxwoo/21EF1A6A9139C9FD2A38E59AFB466F9A_363/INPUTFILES/data_169625871.root
INPUTFILE26=/tmp/maxwoo/21EF1A6A9139C9FD2A38E59AFB466F9A_363/INPUTFILES/data_169625881.root
INPUTFILE27=/tmp/maxwoo/21EF1A6A9139C9FD2A38E59AFB466F9A_363/INPUTFILES/data_169625931.root
INPUTFILE28=/tmp/maxwoo/21EF1A6A9139C9FD2A38E59AFB466F9A_363/INPUTFILES/data_169625961.root
INPUTFILE29=/tmp/maxwoo/21EF1A6A9139C9FD2A38E59AFB466F9A_363/INPUTFILES/data_169632491.root
INPUTFILE30=/tmp/maxwoo/21EF1A6A9139C9FD2A38E59AFB466F9A_363/INPUTFILES/data_169651751.root
INPUTFILE31=/tmp/maxwoo/21EF1A6A9139C9FD2A38E59AFB466F9A_363/INPUTFILES/data_169669441.root
INPUTFILE32=/tmp/maxwoo/21EF1A6A9139C9FD2A38E59AFB466F9A_363/INPUTFILES/data_169725171.root
INPUTFILE33=/tmp/maxwoo/21EF1A6A9139C9FD2A38E59AFB466F9A_363/INPUTFILES/data_169725201.root
INPUTFILE34=/tmp/maxwoo/21EF1A6A9139C9FD2A38E59AFB466F9A_363/INPUTFILES/data_169725211.root
INPUTFILE35=/tmp/maxwoo/21EF1A6A9139C9FD2A38E59AFB466F9A_363/INPUTFILES/data_169725261.root
INPUTFILE36=/tmp/maxwoo/21EF1A6A9139C9FD2A38E59AFB466F9A_363/INPUTFILES/data_169725281.root
LocalInputFileDir=/tmp/maxwoo/21EF1A6A9139C9FD2A38E59AFB466F9A_363/INPUTFILES
NewFILELIST=/tmp/maxwoo/21EF1A6A9139C9FD2A38E59AFB466F9A_363/INPUTFILES/21EF1A6A9139C9FD2A38E59AFB466F9A_363.local.list
+++++++++++++++++++++++++++++++++++++++++++++++
--------------------------------
Simple Unified Meta Scheduler 1.10.50 we are starting in $SCRATCH : /home/tmp/maxwoo/21EF1A6A9139C9FD2A38E59AFB466F9A_363
--------------------------------
total 16
lrwxrwxrwx 1 maxwoo rhstar   61 Jun  2 11:36 check_S.C -> /gpfs/mnt/gpfs01/star/pwg/xiatong/git/strangeness/./check_S.C
lrwxrwxrwx 1 maxwoo rhstar   65 Jun  2 11:36 Check_Sness.C -> /gpfs/mnt/gpfs01/star/pwg/xiatong/git/strangeness/./Check_Sness.C
drwxr-xr-x 2 maxwoo rhstar 4096 Jun  2 11:40 INPUTFILES
drwxr-xr-x 2 maxwoo rhstar 4096 Jun  2 11:36 lib
  *******************************************
  *                                         *
  *        W E L C O M E  to  R O O T       *
  *                                         *
  *   Version   5.34/38     12 March 2018   *
  *                                         *
  *  You are welcome to visit our Web site  *
  *          http://root.cern.ch            *
  *                                         *
  *******************************************

ROOT 5.34/38 (v5-34-38@v5-34-38, Mar 12 2018, 15:49:39 on linux)

CINT/ROOT C/C++ Interpreter version 5.18.00, July 2, 2010
Type ? for help. Commands must be C++ statements.
Enclose multiple statements between { }.
*** Float Point Exception is OFF ***
 *** Start at Date : Thu Jun  2 11:40:24 2022
QAInfo:You are using STAR_LEVEL : dev, ROOT_LEVEL : 5.34.38 and node : spool0716.sdcc.bnl.gov 

Processing check_S.C++("/tmp/maxwoo/21EF1A6A9139C9FD2A38E59AFB466F9A_363/INPUTFILES/21EF1A6A9139C9FD2A38E59AFB466F9A_363.local.list","21EF1A6A9139C9FD2A38E59AFB466F9A_363",1)...
/tmp/maxwoo/21EF1A6A9139C9FD2A38E59AFB466F9A_363/INPUTFILES/data_169525771.root 
/tmp/maxwoo/21EF1A6A9139C9FD2A38E59AFB466F9A_363/INPUTFILES/data_169525861.root 
/tmp/maxwoo/21EF1A6A9139C9FD2A38E59AFB466F9A_363/INPUTFILES/data_169525951.root 
/tmp/maxwoo/21EF1A6A9139C9FD2A38E59AFB466F9A_363/INPUTFILES/data_169525981.root 
/tmp/maxwoo/21EF1A6A9139C9FD2A38E59AFB466F9A_363/INPUTFILES/data_169525991.root 
/tmp/maxwoo/21EF1A6A9139C9FD2A38E59AFB466F9A_363/INPUTFILES/data_169526021.root 
/tmp/maxwoo/21EF1A6A9139C9FD2A38E59AFB466F9A_363/INPUTFILES/data_169526051.root 
/tmp/maxwoo/21EF1A6A9139C9FD2A38E59AFB466F9A_363/INPUTFILES/data_169526061.root 
/tmp/maxwoo/21EF1A6A9139C9FD2A38E59AFB466F9A_363/INPUTFILES/data_169526081.root 
/tmp/maxwoo/21EF1A6A9139C9FD2A38E59AFB466F9A_363/INPUTFILES/data_169526131.root 
/tmp/maxwoo/21EF1A6A9139C9FD2A38E59AFB466F9A_363/INPUTFILES/data_169526251.root 
/tmp/maxwoo/21EF1A6A9139C9FD2A38E59AFB466F9A_363/INPUTFILES/data_169526481.root 
/tmp/maxwoo/21EF1A6A9139C9FD2A38E59AFB466F9A_363/INPUTFILES/data_169526561.root 
/tmp/maxwoo/21EF1A6A9139C9FD2A38E59AFB466F9A_363/INPUTFILES/data_169528831.root 
/tmp/maxwoo/21EF1A6A9139C9FD2A38E59AFB466F9A_363/INPUTFILES/data_169551781.root 
/tmp/maxwoo/21EF1A6A9139C9FD2A38E59AFB466F9A_363/INPUTFILES/data_169625541.root 
/tmp/maxwoo/21EF1A6A9139C9FD2A38E59AFB466F9A_363/INPUTFILES/data_169625571.root 
/tmp/maxwoo/21EF1A6A9139C9FD2A38E59AFB466F9A_363/INPUTFILES/data_169625591.root 
/tmp/maxwoo/21EF1A6A9139C9FD2A38E59AFB466F9A_363/INPUTFILES/data_169625601.root 
/tmp/maxwoo/21EF1A6A9139C9FD2A38E59AFB466F9A_363/INPUTFILES/data_169625641.root 
/tmp/maxwoo/21EF1A6A9139C9FD2A38E59AFB466F9A_363/INPUTFILES/data_169625651.root 
/tmp/maxwoo/21EF1A6A9139C9FD2A38E59AFB466F9A_363/INPUTFILES/data_169625661.root 
/tmp/maxwoo/21EF1A6A9139C9FD2A38E59AFB466F9A_363/INPUTFILES/data_169625691.root 
/tmp/maxwoo/21EF1A6A9139C9FD2A38E59AFB466F9A_363/INPUTFILES/data_169625721.root 
/tmp/maxwoo/21EF1A6A9139C9FD2A38E59AFB466F9A_363/INPUTFILES/data_169625821.root 
/tmp/maxwoo/21EF1A6A9139C9FD2A38E59AFB466F9A_363/INPUTFILES/data_169625871.root 
/tmp/maxwoo/21EF1A6A9139C9FD2A38E59AFB466F9A_363/INPUTFILES/data_169625881.root 
/tmp/maxwoo/21EF1A6A9139C9FD2A38E59AFB466F9A_363/INPUTFILES/data_169625931.root 
/tmp/maxwoo/21EF1A6A9139C9FD2A38E59AFB466F9A_363/INPUTFILES/data_169625961.root 
/tmp/maxwoo/21EF1A6A9139C9FD2A38E59AFB466F9A_363/INPUTFILES/data_169632491.root 
/tmp/maxwoo/21EF1A6A9139C9FD2A38E59AFB466F9A_363/INPUTFILES/data_169651751.root 
/tmp/maxwoo/21EF1A6A9139C9FD2A38E59AFB466F9A_363/INPUTFILES/data_169669441.root 
/tmp/maxwoo/21EF1A6A9139C9FD2A38E59AFB466F9A_363/INPUTFILES/data_169725171.root 
/tmp/maxwoo/21EF1A6A9139C9FD2A38E59AFB466F9A_363/INPUTFILES/data_169725201.root 
/tmp/maxwoo/21EF1A6A9139C9FD2A38E59AFB466F9A_363/INPUTFILES/data_169725211.root 
/tmp/maxwoo/21EF1A6A9139C9FD2A38E59AFB466F9A_363/INPUTFILES/data_169725261.root 
/tmp/maxwoo/21EF1A6A9139C9FD2A38E59AFB466F9A_363/INPUTFILES/data_169725281.root 
Added 37 files
# entries in chain: 37000
Processing entry == 1000 == out of 37000.
Processing entry == 2000 == out of 37000.
Processing entry == 3000 == out of 37000.
Processing entry == 4000 == out of 37000.
Processing entry == 5000 == out of 37000.
Processing entry == 6000 == out of 37000.
Processing entry == 7000 == out of 37000.
Processing entry == 8000 == out of 37000.
Processing entry == 9000 == out of 37000.
Processing entry == 10000 == out of 37000.
Processing entry == 11000 == out of 37000.
Processing entry == 12000 == out of 37000.
Processing entry == 13000 == out of 37000.
Processing entry == 14000 == out of 37000.
Processing entry == 15000 == out of 37000.
Processing entry == 16000 == out of 37000.
Processing entry == 17000 == out of 37000.
Processing entry == 18000 == out of 37000.
Processing entry == 19000 == out of 37000.
Processing entry == 20000 == out of 37000.
Processing entry == 21000 == out of 37000.
Processing entry == 22000 == out of 37000.
Processing entry == 23000 == out of 37000.
Processing entry == 24000 == out of 37000.
Processing entry == 25000 == out of 37000.
Processing entry == 26000 == out of 37000.
Processing entry == 27000 == out of 37000.
Processing entry == 28000 == out of 37000.
Processing entry == 29000 == out of 37000.
Processing entry == 30000 == out of 37000.
Processing entry == 31000 == out of 37000.
Processing entry == 32000 == out of 37000.
Processing entry == 33000 == out of 37000.
Processing entry == 34000 == out of 37000.
Processing entry == 35000 == out of 37000.
Processing entry == 36000 == out of 37000.
Processing entry == 37000 == out of 37000.

This is the end of ROOT -- Goodbye

Cleaning up sandbox file:  /tmp/maxwoo/21EF1A6A9139C9FD2A38E59AFB466F9A_363/check_S.C
Cleaning up sandbox file:  /tmp/maxwoo/21EF1A6A9139C9FD2A38E59AFB466F9A_363/Check_Sness.C
Cleaning up sandbox file:  /tmp/maxwoo/21EF1A6A9139C9FD2A38E59AFB466F9A_363/lib
Cleaning up sandbox file:  /tmp/maxwoo/21EF1A6A9139C9FD2A38E59AFB466F9A_363/.sandboxFiles
Starting copy block
Running copy command:  /bin/cp -fp /tmp/maxwoo/21EF1A6A9139C9FD2A38E59AFB466F9A_363/out_21EF1A6A9139C9FD2A38E59AFB466F9A_363.root /star/data01/pwg/xiatong/git/strangeness/data/
43856 Execution of (/star/data01/pwg/xiatong/git/strangeness/script/sched21EF1A6A9139C9FD2A38E59AFB466F9A_363.csh ) has ended, exiting normally
43856 We END on [Thu Jun  2 11:54:19 EDT 2022]
