We are starting on node: spool0534.sdcc.bnl.gov
HOME is not defined
Using getent method
HOME is now /star/u/maxwoo
9791 We will spawn ourselves (/star/data01/pwg/xiatong/git/strangeness/script/sched21EF1A6A9139C9FD2A38E59AFB466F9A_1904.csh )
9791 We BEGIN on [Thu Jun  2 11:03:09 EDT 2022]
[1] 9991
9791 We are waiting for 9991 
9791 Grandchild PID is 11884 - found in 10 x 1 seconds
9791 Establishing first watcher   on    Thu Jun  2 11:03:20 EDT 2022
9791 Process tree is 9791 (main) -> 9991 (child) -> 11884 (grandchild)
F S   UID   PID  PPID  C PRI  NI ADDR SZ WCHAN  TTY        TIME CMD
0 D 100667 11884 9991  0  80   0 - 32311 cxiWai ?          0:00 cp /star/data01/pwg/xiatong/AMPT/14GeV/data_831101081.root /tmp/maxwoo/21EF1A6A9139C9FD2A38E59AFB466F9A_1904/INPUTFILES/data_831101081.root
9791 Grandchild PID is 12568 - found in 20 x 2 seconds
9791 Grandchild to watch has changed on Thu Jun  2 11:03:41 EDT 2022
9791 Process tree is 9791 (main) -> 9991 (child) -> 12568 (grandchild)
F S   UID   PID  PPID  C PRI  NI ADDR SZ WCHAN  TTY        TIME CMD
0 D 100667 12568 9991  0  80   0 - 32311 cxiWai ?          0:00 cp /star/data01/pwg/xiatong/AMPT/14GeV/data_831125211.root /tmp/maxwoo/21EF1A6A9139C9FD2A38E59AFB466F9A_1904/INPUTFILES/data_831125211.root
9791 Grandchild PID is 14829 - found in 30 x 2 seconds
9791 Grandchild to watch has changed on Thu Jun  2 11:04:02 EDT 2022
9791 Process tree is 9791 (main) -> 9991 (child) -> 14829 (grandchild)
F S   UID   PID  PPID  C PRI  NI ADDR SZ WCHAN  TTY        TIME CMD
0 D 100667 14829 9991  0  80   0 - 32311 cxiWai ?          0:00 cp /star/data01/pwg/xiatong/AMPT/14GeV/data_831146891.root /tmp/maxwoo/21EF1A6A9139C9FD2A38E59AFB466F9A_1904/INPUTFILES/data_831146891.root
9791 Grandchild PID is 17553 - found in 50 x 2 seconds
9791 Grandchild to watch has changed on Thu Jun  2 11:04:44 EDT 2022
9791 Process tree is 9791 (main) -> 9991 (child) -> 17553 (grandchild)
F S   UID   PID  PPID  C PRI  NI ADDR SZ WCHAN  TTY        TIME CMD
0 D 100667 17553 9991  0  80   0 - 32311 cxiWai ?          0:00 cp /star/data01/pwg/xiatong/AMPT/14GeV/data_831184631.root /tmp/maxwoo/21EF1A6A9139C9FD2A38E59AFB466F9A_1904/INPUTFILES/data_831184631.root
9791 Grandchild PID is 21549 - found in 70 x 2 seconds
9791 Grandchild to watch has changed on Thu Jun  2 11:05:25 EDT 2022
9791 Process tree is 9791 (main) -> 9991 (child) -> 21549 (grandchild)
F S   UID   PID  PPID  C PRI  NI ADDR SZ WCHAN  TTY        TIME CMD
0 D 100667 21549 9991  0  80   0 - 32311 cxiWai ?          0:00 cp /star/data01/pwg/xiatong/AMPT/14GeV/data_831184791.root /tmp/maxwoo/21EF1A6A9139C9FD2A38E59AFB466F9A_1904/INPUTFILES/data_831184791.root
9791 Grandchild PID is 23957 - found in 90 x 2 seconds
9791 Grandchild to watch has changed on Thu Jun  2 11:06:07 EDT 2022
9791 Process tree is 9791 (main) -> 9991 (child) -> 23957 (grandchild)
F S   UID   PID  PPID  C PRI  NI ADDR SZ WCHAN  TTY        TIME CMD
0 S 100667 23957 9991  0  80   0 -  1272 do_wai ?          0:00 root -b -q check_S.C++("/tmp/maxwoo/21EF1A6A9139C9FD2A38E59AFB466F9A_1904/INPUTFILES/21EF1A6A9139C9FD2A38E59AFB466F9A_1904.local.list","21EF1A6A9139C9FD2A38E59AFB466F9A_1904",1)
9991 Stepping into the main SUMS wrapper program with []
.... building sandbox
Running: cp /star/data01/pwg/xiatong/AMPT/14GeV/data_830999131.root /tmp/maxwoo/21EF1A6A9139C9FD2A38E59AFB466F9A_1904/INPUTFILES/data_830999131.root
Running: cp /star/data01/pwg/xiatong/AMPT/14GeV/data_831098991.root /tmp/maxwoo/21EF1A6A9139C9FD2A38E59AFB466F9A_1904/INPUTFILES/data_831098991.root
Running: cp /star/data01/pwg/xiatong/AMPT/14GeV/data_831099101.root /tmp/maxwoo/21EF1A6A9139C9FD2A38E59AFB466F9A_1904/INPUTFILES/data_831099101.root
Running: cp /star/data01/pwg/xiatong/AMPT/14GeV/data_831101001.root /tmp/maxwoo/21EF1A6A9139C9FD2A38E59AFB466F9A_1904/INPUTFILES/data_831101001.root
Running: cp /star/data01/pwg/xiatong/AMPT/14GeV/data_831101011.root /tmp/maxwoo/21EF1A6A9139C9FD2A38E59AFB466F9A_1904/INPUTFILES/data_831101011.root
Running: cp /star/data01/pwg/xiatong/AMPT/14GeV/data_831101021.root /tmp/maxwoo/21EF1A6A9139C9FD2A38E59AFB466F9A_1904/INPUTFILES/data_831101021.root
Running: cp /star/data01/pwg/xiatong/AMPT/14GeV/data_831101051.root /tmp/maxwoo/21EF1A6A9139C9FD2A38E59AFB466F9A_1904/INPUTFILES/data_831101051.root
Running: cp /star/data01/pwg/xiatong/AMPT/14GeV/data_831101081.root /tmp/maxwoo/21EF1A6A9139C9FD2A38E59AFB466F9A_1904/INPUTFILES/data_831101081.root
Running: cp /star/data01/pwg/xiatong/AMPT/14GeV/data_831101161.root /tmp/maxwoo/21EF1A6A9139C9FD2A38E59AFB466F9A_1904/INPUTFILES/data_831101161.root
Running: cp /star/data01/pwg/xiatong/AMPT/14GeV/data_831101301.root /tmp/maxwoo/21EF1A6A9139C9FD2A38E59AFB466F9A_1904/INPUTFILES/data_831101301.root
Running: cp /star/data01/pwg/xiatong/AMPT/14GeV/data_831101311.root /tmp/maxwoo/21EF1A6A9139C9FD2A38E59AFB466F9A_1904/INPUTFILES/data_831101311.root
Running: cp /star/data01/pwg/xiatong/AMPT/14GeV/data_831101361.root /tmp/maxwoo/21EF1A6A9139C9FD2A38E59AFB466F9A_1904/INPUTFILES/data_831101361.root
Running: cp /star/data01/pwg/xiatong/AMPT/14GeV/data_831101371.root /tmp/maxwoo/21EF1A6A9139C9FD2A38E59AFB466F9A_1904/INPUTFILES/data_831101371.root
Running: cp /star/data01/pwg/xiatong/AMPT/14GeV/data_831101381.root /tmp/maxwoo/21EF1A6A9139C9FD2A38E59AFB466F9A_1904/INPUTFILES/data_831101381.root
Running: cp /star/data01/pwg/xiatong/AMPT/14GeV/data_831107311.root /tmp/maxwoo/21EF1A6A9139C9FD2A38E59AFB466F9A_1904/INPUTFILES/data_831107311.root
Running: cp /star/data01/pwg/xiatong/AMPT/14GeV/data_831124941.root /tmp/maxwoo/21EF1A6A9139C9FD2A38E59AFB466F9A_1904/INPUTFILES/data_831124941.root
Running: cp /star/data01/pwg/xiatong/AMPT/14GeV/data_831125011.root /tmp/maxwoo/21EF1A6A9139C9FD2A38E59AFB466F9A_1904/INPUTFILES/data_831125011.root
Running: cp /star/data01/pwg/xiatong/AMPT/14GeV/data_831125211.root /tmp/maxwoo/21EF1A6A9139C9FD2A38E59AFB466F9A_1904/INPUTFILES/data_831125211.root
Running: cp /star/data01/pwg/xiatong/AMPT/14GeV/data_831125231.root /tmp/maxwoo/21EF1A6A9139C9FD2A38E59AFB466F9A_1904/INPUTFILES/data_831125231.root
Running: cp /star/data01/pwg/xiatong/AMPT/14GeV/data_831144291.root /tmp/maxwoo/21EF1A6A9139C9FD2A38E59AFB466F9A_1904/INPUTFILES/data_831144291.root
Running: cp /star/data01/pwg/xiatong/AMPT/14GeV/data_831146891.root /tmp/maxwoo/21EF1A6A9139C9FD2A38E59AFB466F9A_1904/INPUTFILES/data_831146891.root
Running: cp /star/data01/pwg/xiatong/AMPT/14GeV/data_831156371.root /tmp/maxwoo/21EF1A6A9139C9FD2A38E59AFB466F9A_1904/INPUTFILES/data_831156371.root
Running: cp /star/data01/pwg/xiatong/AMPT/14GeV/data_831156381.root /tmp/maxwoo/21EF1A6A9139C9FD2A38E59AFB466F9A_1904/INPUTFILES/data_831156381.root
Running: cp /star/data01/pwg/xiatong/AMPT/14GeV/data_831157971.root /tmp/maxwoo/21EF1A6A9139C9FD2A38E59AFB466F9A_1904/INPUTFILES/data_831157971.root
Running: cp /star/data01/pwg/xiatong/AMPT/14GeV/data_831167651.root /tmp/maxwoo/21EF1A6A9139C9FD2A38E59AFB466F9A_1904/INPUTFILES/data_831167651.root
Running: cp /star/data01/pwg/xiatong/AMPT/14GeV/data_831174521.root /tmp/maxwoo/21EF1A6A9139C9FD2A38E59AFB466F9A_1904/INPUTFILES/data_831174521.root
Running: cp /star/data01/pwg/xiatong/AMPT/14GeV/data_831174531.root /tmp/maxwoo/21EF1A6A9139C9FD2A38E59AFB466F9A_1904/INPUTFILES/data_831174531.root
Running: cp /star/data01/pwg/xiatong/AMPT/14GeV/data_831178501.root /tmp/maxwoo/21EF1A6A9139C9FD2A38E59AFB466F9A_1904/INPUTFILES/data_831178501.root
Running: cp /star/data01/pwg/xiatong/AMPT/14GeV/data_831184631.root /tmp/maxwoo/21EF1A6A9139C9FD2A38E59AFB466F9A_1904/INPUTFILES/data_831184631.root
Running: cp /star/data01/pwg/xiatong/AMPT/14GeV/data_831184721.root /tmp/maxwoo/21EF1A6A9139C9FD2A38E59AFB466F9A_1904/INPUTFILES/data_831184721.root
Running: cp /star/data01/pwg/xiatong/AMPT/14GeV/data_831184771.root /tmp/maxwoo/21EF1A6A9139C9FD2A38E59AFB466F9A_1904/INPUTFILES/data_831184771.root
Running: cp /star/data01/pwg/xiatong/AMPT/14GeV/data_831184791.root /tmp/maxwoo/21EF1A6A9139C9FD2A38E59AFB466F9A_1904/INPUTFILES/data_831184791.root
Running: cp /star/data01/pwg/xiatong/AMPT/14GeV/data_831184811.root /tmp/maxwoo/21EF1A6A9139C9FD2A38E59AFB466F9A_1904/INPUTFILES/data_831184811.root
Running: cp /star/data01/pwg/xiatong/AMPT/14GeV/data_831184901.root /tmp/maxwoo/21EF1A6A9139C9FD2A38E59AFB466F9A_1904/INPUTFILES/data_831184901.root
Running: cp /star/data01/pwg/xiatong/AMPT/14GeV/data_831184971.root /tmp/maxwoo/21EF1A6A9139C9FD2A38E59AFB466F9A_1904/INPUTFILES/data_831184971.root
Running: cp /star/data01/pwg/xiatong/AMPT/14GeV/data_831185011.root /tmp/maxwoo/21EF1A6A9139C9FD2A38E59AFB466F9A_1904/INPUTFILES/data_831185011.root
Running: cp /star/data01/pwg/xiatong/AMPT/14GeV/data_831185021.root /tmp/maxwoo/21EF1A6A9139C9FD2A38E59AFB466F9A_1904/INPUTFILES/data_831185021.root
Swapping $FILELIST with: /tmp/maxwoo/21EF1A6A9139C9FD2A38E59AFB466F9A_1904/INPUTFILES/21EF1A6A9139C9FD2A38E59AFB466F9A_1904.local.list
+++++++++++local copy debug++++++++++++++++++++
newFileList: /tmp/maxwoo/21EF1A6A9139C9FD2A38E59AFB466F9A_1904/INPUTFILES/21EF1A6A9139C9FD2A38E59AFB466F9A_1904.local.list
++++++++++++++++cat FILELIST+++++++++++++++++++
/tmp/maxwoo/21EF1A6A9139C9FD2A38E59AFB466F9A_1904/INPUTFILES/data_830999131.root 
/tmp/maxwoo/21EF1A6A9139C9FD2A38E59AFB466F9A_1904/INPUTFILES/data_831098991.root 
/tmp/maxwoo/21EF1A6A9139C9FD2A38E59AFB466F9A_1904/INPUTFILES/data_831099101.root 
/tmp/maxwoo/21EF1A6A9139C9FD2A38E59AFB466F9A_1904/INPUTFILES/data_831101001.root 
/tmp/maxwoo/21EF1A6A9139C9FD2A38E59AFB466F9A_1904/INPUTFILES/data_831101011.root 
/tmp/maxwoo/21EF1A6A9139C9FD2A38E59AFB466F9A_1904/INPUTFILES/data_831101021.root 
/tmp/maxwoo/21EF1A6A9139C9FD2A38E59AFB466F9A_1904/INPUTFILES/data_831101051.root 
/tmp/maxwoo/21EF1A6A9139C9FD2A38E59AFB466F9A_1904/INPUTFILES/data_831101081.root 
/tmp/maxwoo/21EF1A6A9139C9FD2A38E59AFB466F9A_1904/INPUTFILES/data_831101161.root 
/tmp/maxwoo/21EF1A6A9139C9FD2A38E59AFB466F9A_1904/INPUTFILES/data_831101301.root 
/tmp/maxwoo/21EF1A6A9139C9FD2A38E59AFB466F9A_1904/INPUTFILES/data_831101311.root 
/tmp/maxwoo/21EF1A6A9139C9FD2A38E59AFB466F9A_1904/INPUTFILES/data_831101361.root 
/tmp/maxwoo/21EF1A6A9139C9FD2A38E59AFB466F9A_1904/INPUTFILES/data_831101371.root 
/tmp/maxwoo/21EF1A6A9139C9FD2A38E59AFB466F9A_1904/INPUTFILES/data_831101381.root 
/tmp/maxwoo/21EF1A6A9139C9FD2A38E59AFB466F9A_1904/INPUTFILES/data_831107311.root 
/tmp/maxwoo/21EF1A6A9139C9FD2A38E59AFB466F9A_1904/INPUTFILES/data_831124941.root 
/tmp/maxwoo/21EF1A6A9139C9FD2A38E59AFB466F9A_1904/INPUTFILES/data_831125011.root 
/tmp/maxwoo/21EF1A6A9139C9FD2A38E59AFB466F9A_1904/INPUTFILES/data_831125211.root 
/tmp/maxwoo/21EF1A6A9139C9FD2A38E59AFB466F9A_1904/INPUTFILES/data_831125231.root 
/tmp/maxwoo/21EF1A6A9139C9FD2A38E59AFB466F9A_1904/INPUTFILES/data_831144291.root 
/tmp/maxwoo/21EF1A6A9139C9FD2A38E59AFB466F9A_1904/INPUTFILES/data_831146891.root 
/tmp/maxwoo/21EF1A6A9139C9FD2A38E59AFB466F9A_1904/INPUTFILES/data_831156371.root 
/tmp/maxwoo/21EF1A6A9139C9FD2A38E59AFB466F9A_1904/INPUTFILES/data_831156381.root 
/tmp/maxwoo/21EF1A6A9139C9FD2A38E59AFB466F9A_1904/INPUTFILES/data_831157971.root 
/tmp/maxwoo/21EF1A6A9139C9FD2A38E59AFB466F9A_1904/INPUTFILES/data_831167651.root 
/tmp/maxwoo/21EF1A6A9139C9FD2A38E59AFB466F9A_1904/INPUTFILES/data_831174521.root 
/tmp/maxwoo/21EF1A6A9139C9FD2A38E59AFB466F9A_1904/INPUTFILES/data_831174531.root 
/tmp/maxwoo/21EF1A6A9139C9FD2A38E59AFB466F9A_1904/INPUTFILES/data_831178501.root 
/tmp/maxwoo/21EF1A6A9139C9FD2A38E59AFB466F9A_1904/INPUTFILES/data_831184631.root 
/tmp/maxwoo/21EF1A6A9139C9FD2A38E59AFB466F9A_1904/INPUTFILES/data_831184721.root 
/tmp/maxwoo/21EF1A6A9139C9FD2A38E59AFB466F9A_1904/INPUTFILES/data_831184771.root 
/tmp/maxwoo/21EF1A6A9139C9FD2A38E59AFB466F9A_1904/INPUTFILES/data_831184791.root 
/tmp/maxwoo/21EF1A6A9139C9FD2A38E59AFB466F9A_1904/INPUTFILES/data_831184811.root 
/tmp/maxwoo/21EF1A6A9139C9FD2A38E59AFB466F9A_1904/INPUTFILES/data_831184901.root 
/tmp/maxwoo/21EF1A6A9139C9FD2A38E59AFB466F9A_1904/INPUTFILES/data_831184971.root 
/tmp/maxwoo/21EF1A6A9139C9FD2A38E59AFB466F9A_1904/INPUTFILES/data_831185011.root 
/tmp/maxwoo/21EF1A6A9139C9FD2A38E59AFB466F9A_1904/INPUTFILES/data_831185021.root 
++++++++++++++++++++find.++++++++++++++++++++++
.
./Check_Sness.C
./INPUTFILES
./INPUTFILES/data_831167651.root
./INPUTFILES/data_831184901.root
./INPUTFILES/data_830999131.root
./INPUTFILES/data_831124941.root
./INPUTFILES/data_831178501.root
./INPUTFILES/data_831101311.root
./INPUTFILES/data_831125011.root
./INPUTFILES/data_831184811.root
./INPUTFILES/data_831101371.root
./INPUTFILES/data_831101001.root
./INPUTFILES/data_831157971.root
./INPUTFILES/data_831101081.root
./INPUTFILES/data_831099101.root
./INPUTFILES/data_831156371.root
./INPUTFILES/data_831125231.root
./INPUTFILES/data_831185021.root
./INPUTFILES/data_831101301.root
./INPUTFILES/data_831144291.root
./INPUTFILES/data_831184721.root
./INPUTFILES/data_831184971.root
./INPUTFILES/data_831174521.root
./INPUTFILES/data_831101051.root
./INPUTFILES/data_831184631.root
./INPUTFILES/data_831146891.root
./INPUTFILES/data_831184771.root
./INPUTFILES/data_831101161.root
./INPUTFILES/data_831125211.root
./INPUTFILES/data_831107311.root
./INPUTFILES/data_831101381.root
./INPUTFILES/data_831185011.root
./INPUTFILES/data_831101011.root
./INPUTFILES/data_831098991.root
./INPUTFILES/data_831156381.root
./INPUTFILES/data_831101021.root
./INPUTFILES/data_831174531.root
./INPUTFILES/data_831184791.root
./INPUTFILES/data_831101361.root
./INPUTFILES/21EF1A6A9139C9FD2A38E59AFB466F9A_1904.local.list
./.output.log
./lib
./lib/NpartNormalizer_cpp.so
./lib/my_particle.cpp
./lib/NpartNormalizer_cpp.d
./lib/CenMaker.cpp
./lib/CenMaker_cpp.so
./lib/my_particle_cpp.so
./lib/my_event_cpp.d
./lib/my_particle_cpp_ACLiC_dict_rdict.pcm
./lib/MixedBuffer_cpp_ACLiC_dict_rdict.pcm
./lib/MixedBuffer_cpp.d
./lib/CenMaker.h
./lib/MixedBuffer_cpp.so
./lib/MixedBuffer.cpp
./lib/NpartNormalizer.cpp
./lib/my_event.cpp
./lib/NpartNormalizer_cpp_ACLiC_dict_rdict.pcm
./lib/NpartNormalizer.h
./lib/MixedBuffer.h
./lib/my_particle_cpp.d
./lib/my_particle.h
./lib/my_event_cpp_ACLiC_dict_rdict.pcm
./lib/CenMaker_cpp_ACLiC_dict_rdict.pcm
./lib/CenMaker_cpp.d
./lib/my_event.h
./lib/my_event_cpp.so
./check_S.C
./.errror.log
./.sandboxFiles
++++++++++++++++INPUTFILE Var++++++++++++++++++
FILELIST=/tmp/maxwoo/21EF1A6A9139C9FD2A38E59AFB466F9A_1904/INPUTFILES/21EF1A6A9139C9FD2A38E59AFB466F9A_1904.local.list
INPUTFILECOUNT=37
INPUTFILE0=/tmp/maxwoo/21EF1A6A9139C9FD2A38E59AFB466F9A_1904/INPUTFILES/data_830999131.root
INPUTFILE1=/tmp/maxwoo/21EF1A6A9139C9FD2A38E59AFB466F9A_1904/INPUTFILES/data_831098991.root
INPUTFILE2=/tmp/maxwoo/21EF1A6A9139C9FD2A38E59AFB466F9A_1904/INPUTFILES/data_831099101.root
INPUTFILE3=/tmp/maxwoo/21EF1A6A9139C9FD2A38E59AFB466F9A_1904/INPUTFILES/data_831101001.root
INPUTFILE4=/tmp/maxwoo/21EF1A6A9139C9FD2A38E59AFB466F9A_1904/INPUTFILES/data_831101011.root
INPUTFILE5=/tmp/maxwoo/21EF1A6A9139C9FD2A38E59AFB466F9A_1904/INPUTFILES/data_831101021.root
INPUTFILE6=/tmp/maxwoo/21EF1A6A9139C9FD2A38E59AFB466F9A_1904/INPUTFILES/data_831101051.root
INPUTFILE7=/tmp/maxwoo/21EF1A6A9139C9FD2A38E59AFB466F9A_1904/INPUTFILES/data_831101081.root
INPUTFILE8=/tmp/maxwoo/21EF1A6A9139C9FD2A38E59AFB466F9A_1904/INPUTFILES/data_831101161.root
INPUTFILE9=/tmp/maxwoo/21EF1A6A9139C9FD2A38E59AFB466F9A_1904/INPUTFILES/data_831101301.root
INPUTFILE10=/tmp/maxwoo/21EF1A6A9139C9FD2A38E59AFB466F9A_1904/INPUTFILES/data_831101311.root
INPUTFILE11=/tmp/maxwoo/21EF1A6A9139C9FD2A38E59AFB466F9A_1904/INPUTFILES/data_831101361.root
INPUTFILE12=/tmp/maxwoo/21EF1A6A9139C9FD2A38E59AFB466F9A_1904/INPUTFILES/data_831101371.root
INPUTFILE13=/tmp/maxwoo/21EF1A6A9139C9FD2A38E59AFB466F9A_1904/INPUTFILES/data_831101381.root
INPUTFILE14=/tmp/maxwoo/21EF1A6A9139C9FD2A38E59AFB466F9A_1904/INPUTFILES/data_831107311.root
INPUTFILE15=/tmp/maxwoo/21EF1A6A9139C9FD2A38E59AFB466F9A_1904/INPUTFILES/data_831124941.root
INPUTFILE16=/tmp/maxwoo/21EF1A6A9139C9FD2A38E59AFB466F9A_1904/INPUTFILES/data_831125011.root
INPUTFILE17=/tmp/maxwoo/21EF1A6A9139C9FD2A38E59AFB466F9A_1904/INPUTFILES/data_831125211.root
INPUTFILE18=/tmp/maxwoo/21EF1A6A9139C9FD2A38E59AFB466F9A_1904/INPUTFILES/data_831125231.root
INPUTFILE19=/tmp/maxwoo/21EF1A6A9139C9FD2A38E59AFB466F9A_1904/INPUTFILES/data_831144291.root
INPUTFILE20=/tmp/maxwoo/21EF1A6A9139C9FD2A38E59AFB466F9A_1904/INPUTFILES/data_831146891.root
INPUTFILE21=/tmp/maxwoo/21EF1A6A9139C9FD2A38E59AFB466F9A_1904/INPUTFILES/data_831156371.root
INPUTFILE22=/tmp/maxwoo/21EF1A6A9139C9FD2A38E59AFB466F9A_1904/INPUTFILES/data_831156381.root
INPUTFILE23=/tmp/maxwoo/21EF1A6A9139C9FD2A38E59AFB466F9A_1904/INPUTFILES/data_831157971.root
INPUTFILE24=/tmp/maxwoo/21EF1A6A9139C9FD2A38E59AFB466F9A_1904/INPUTFILES/data_831167651.root
INPUTFILE25=/tmp/maxwoo/21EF1A6A9139C9FD2A38E59AFB466F9A_1904/INPUTFILES/data_831174521.root
INPUTFILE26=/tmp/maxwoo/21EF1A6A9139C9FD2A38E59AFB466F9A_1904/INPUTFILES/data_831174531.root
INPUTFILE27=/tmp/maxwoo/21EF1A6A9139C9FD2A38E59AFB466F9A_1904/INPUTFILES/data_831178501.root
INPUTFILE28=/tmp/maxwoo/21EF1A6A9139C9FD2A38E59AFB466F9A_1904/INPUTFILES/data_831184631.root
INPUTFILE29=/tmp/maxwoo/21EF1A6A9139C9FD2A38E59AFB466F9A_1904/INPUTFILES/data_831184721.root
INPUTFILE30=/tmp/maxwoo/21EF1A6A9139C9FD2A38E59AFB466F9A_1904/INPUTFILES/data_831184771.root
INPUTFILE31=/tmp/maxwoo/21EF1A6A9139C9FD2A38E59AFB466F9A_1904/INPUTFILES/data_831184791.root
INPUTFILE32=/tmp/maxwoo/21EF1A6A9139C9FD2A38E59AFB466F9A_1904/INPUTFILES/data_831184811.root
INPUTFILE33=/tmp/maxwoo/21EF1A6A9139C9FD2A38E59AFB466F9A_1904/INPUTFILES/data_831184901.root
INPUTFILE34=/tmp/maxwoo/21EF1A6A9139C9FD2A38E59AFB466F9A_1904/INPUTFILES/data_831184971.root
INPUTFILE35=/tmp/maxwoo/21EF1A6A9139C9FD2A38E59AFB466F9A_1904/INPUTFILES/data_831185011.root
INPUTFILE36=/tmp/maxwoo/21EF1A6A9139C9FD2A38E59AFB466F9A_1904/INPUTFILES/data_831185021.root
LocalInputFileDir=/tmp/maxwoo/21EF1A6A9139C9FD2A38E59AFB466F9A_1904/INPUTFILES
NewFILELIST=/tmp/maxwoo/21EF1A6A9139C9FD2A38E59AFB466F9A_1904/INPUTFILES/21EF1A6A9139C9FD2A38E59AFB466F9A_1904.local.list
+++++++++++++++++++++++++++++++++++++++++++++++
--------------------------------
Simple Unified Meta Scheduler 1.10.50 we are starting in $SCRATCH : /home/tmp/maxwoo/21EF1A6A9139C9FD2A38E59AFB466F9A_1904
--------------------------------
total 16
lrwxrwxrwx 1 maxwoo rhstar   61 Jun  2 11:03 check_S.C -> /gpfs/mnt/gpfs01/star/pwg/xiatong/git/strangeness/./check_S.C
lrwxrwxrwx 1 maxwoo rhstar   65 Jun  2 11:03 Check_Sness.C -> /gpfs/mnt/gpfs01/star/pwg/xiatong/git/strangeness/./Check_Sness.C
drwxr-xr-x 2 maxwoo rhstar 4096 Jun  2 11:05 INPUTFILES
drwxr-xr-x 2 maxwoo rhstar 4096 Jun  2 11:03 lib
  *******************************************
  *                                         *
  *        W E L C O M E  to  R O O T       *
  *                                         *
  *   Version   5.34/38     12 March 2018   *
  *                                         *
  *  You are welcome to visit our Web site  *
  *          http://root.cern.ch            *
  *                                         *
  *******************************************

ROOT 5.34/38 (v5-34-38@v5-34-38, Mar 12 2018, 15:49:39 on linux)

CINT/ROOT C/C++ Interpreter version 5.18.00, July 2, 2010
Type ? for help. Commands must be C++ statements.
Enclose multiple statements between { }.
*** Float Point Exception is OFF ***
 *** Start at Date : Thu Jun  2 11:05:54 2022
QAInfo:You are using STAR_LEVEL : dev, ROOT_LEVEL : 5.34.38 and node : spool0534.sdcc.bnl.gov 

Processing check_S.C++("/tmp/maxwoo/21EF1A6A9139C9FD2A38E59AFB466F9A_1904/INPUTFILES/21EF1A6A9139C9FD2A38E59AFB466F9A_1904.local.list","21EF1A6A9139C9FD2A38E59AFB466F9A_1904",1)...
/tmp/maxwoo/21EF1A6A9139C9FD2A38E59AFB466F9A_1904/INPUTFILES/data_830999131.root 
/tmp/maxwoo/21EF1A6A9139C9FD2A38E59AFB466F9A_1904/INPUTFILES/data_831098991.root 
/tmp/maxwoo/21EF1A6A9139C9FD2A38E59AFB466F9A_1904/INPUTFILES/data_831099101.root 
/tmp/maxwoo/21EF1A6A9139C9FD2A38E59AFB466F9A_1904/INPUTFILES/data_831101001.root 
/tmp/maxwoo/21EF1A6A9139C9FD2A38E59AFB466F9A_1904/INPUTFILES/data_831101011.root 
/tmp/maxwoo/21EF1A6A9139C9FD2A38E59AFB466F9A_1904/INPUTFILES/data_831101021.root 
/tmp/maxwoo/21EF1A6A9139C9FD2A38E59AFB466F9A_1904/INPUTFILES/data_831101051.root 
/tmp/maxwoo/21EF1A6A9139C9FD2A38E59AFB466F9A_1904/INPUTFILES/data_831101081.root 
/tmp/maxwoo/21EF1A6A9139C9FD2A38E59AFB466F9A_1904/INPUTFILES/data_831101161.root 
/tmp/maxwoo/21EF1A6A9139C9FD2A38E59AFB466F9A_1904/INPUTFILES/data_831101301.root 
/tmp/maxwoo/21EF1A6A9139C9FD2A38E59AFB466F9A_1904/INPUTFILES/data_831101311.root 
/tmp/maxwoo/21EF1A6A9139C9FD2A38E59AFB466F9A_1904/INPUTFILES/data_831101361.root 
/tmp/maxwoo/21EF1A6A9139C9FD2A38E59AFB466F9A_1904/INPUTFILES/data_831101371.root 
/tmp/maxwoo/21EF1A6A9139C9FD2A38E59AFB466F9A_1904/INPUTFILES/data_831101381.root 
/tmp/maxwoo/21EF1A6A9139C9FD2A38E59AFB466F9A_1904/INPUTFILES/data_831107311.root 
/tmp/maxwoo/21EF1A6A9139C9FD2A38E59AFB466F9A_1904/INPUTFILES/data_831124941.root 
/tmp/maxwoo/21EF1A6A9139C9FD2A38E59AFB466F9A_1904/INPUTFILES/data_831125011.root 
/tmp/maxwoo/21EF1A6A9139C9FD2A38E59AFB466F9A_1904/INPUTFILES/data_831125211.root 
/tmp/maxwoo/21EF1A6A9139C9FD2A38E59AFB466F9A_1904/INPUTFILES/data_831125231.root 
/tmp/maxwoo/21EF1A6A9139C9FD2A38E59AFB466F9A_1904/INPUTFILES/data_831144291.root 
/tmp/maxwoo/21EF1A6A9139C9FD2A38E59AFB466F9A_1904/INPUTFILES/data_831146891.root 
/tmp/maxwoo/21EF1A6A9139C9FD2A38E59AFB466F9A_1904/INPUTFILES/data_831156371.root 
/tmp/maxwoo/21EF1A6A9139C9FD2A38E59AFB466F9A_1904/INPUTFILES/data_831156381.root 
/tmp/maxwoo/21EF1A6A9139C9FD2A38E59AFB466F9A_1904/INPUTFILES/data_831157971.root 
/tmp/maxwoo/21EF1A6A9139C9FD2A38E59AFB466F9A_1904/INPUTFILES/data_831167651.root 
/tmp/maxwoo/21EF1A6A9139C9FD2A38E59AFB466F9A_1904/INPUTFILES/data_831174521.root 
/tmp/maxwoo/21EF1A6A9139C9FD2A38E59AFB466F9A_1904/INPUTFILES/data_831174531.root 
/tmp/maxwoo/21EF1A6A9139C9FD2A38E59AFB466F9A_1904/INPUTFILES/data_831178501.root 
/tmp/maxwoo/21EF1A6A9139C9FD2A38E59AFB466F9A_1904/INPUTFILES/data_831184631.root 
/tmp/maxwoo/21EF1A6A9139C9FD2A38E59AFB466F9A_1904/INPUTFILES/data_831184721.root 
/tmp/maxwoo/21EF1A6A9139C9FD2A38E59AFB466F9A_1904/INPUTFILES/data_831184771.root 
/tmp/maxwoo/21EF1A6A9139C9FD2A38E59AFB466F9A_1904/INPUTFILES/data_831184791.root 
/tmp/maxwoo/21EF1A6A9139C9FD2A38E59AFB466F9A_1904/INPUTFILES/data_831184811.root 
/tmp/maxwoo/21EF1A6A9139C9FD2A38E59AFB466F9A_1904/INPUTFILES/data_831184901.root 
/tmp/maxwoo/21EF1A6A9139C9FD2A38E59AFB466F9A_1904/INPUTFILES/data_831184971.root 
/tmp/maxwoo/21EF1A6A9139C9FD2A38E59AFB466F9A_1904/INPUTFILES/data_831185011.root 
/tmp/maxwoo/21EF1A6A9139C9FD2A38E59AFB466F9A_1904/INPUTFILES/data_831185021.root 
Added 37 files
# entries in chain: 37000
Processing entry == 1000 == out of 37000.
Processing entry == 2000 == out of 37000.
Processing entry == 3000 == out of 37000.
Processing entry == 4000 == out of 37000.
Processing entry == 5000 == out of 37000.
Processing entry == 6000 == out of 37000.
Processing entry == 7000 == out of 37000.
Processing entry == 8000 == out of 37000.
Processing entry == 9000 == out of 37000.
Processing entry == 10000 == out of 37000.
Processing entry == 11000 == out of 37000.
Processing entry == 12000 == out of 37000.
Processing entry == 13000 == out of 37000.
Processing entry == 14000 == out of 37000.
Processing entry == 15000 == out of 37000.
Processing entry == 16000 == out of 37000.
Processing entry == 17000 == out of 37000.
Processing entry == 18000 == out of 37000.
Processing entry == 19000 == out of 37000.
Processing entry == 20000 == out of 37000.
Processing entry == 21000 == out of 37000.
Processing entry == 22000 == out of 37000.
Processing entry == 23000 == out of 37000.
Processing entry == 24000 == out of 37000.
Processing entry == 25000 == out of 37000.
Processing entry == 26000 == out of 37000.
Processing entry == 27000 == out of 37000.
Processing entry == 28000 == out of 37000.
Processing entry == 29000 == out of 37000.
Processing entry == 30000 == out of 37000.
Processing entry == 31000 == out of 37000.
Processing entry == 32000 == out of 37000.
Processing entry == 33000 == out of 37000.
Processing entry == 34000 == out of 37000.
Processing entry == 35000 == out of 37000.
Processing entry == 36000 == out of 37000.
Processing entry == 37000 == out of 37000.

This is the end of ROOT -- Goodbye

Cleaning up sandbox file:  /tmp/maxwoo/21EF1A6A9139C9FD2A38E59AFB466F9A_1904/check_S.C
Cleaning up sandbox file:  /tmp/maxwoo/21EF1A6A9139C9FD2A38E59AFB466F9A_1904/Check_Sness.C
Cleaning up sandbox file:  /tmp/maxwoo/21EF1A6A9139C9FD2A38E59AFB466F9A_1904/lib
Cleaning up sandbox file:  /tmp/maxwoo/21EF1A6A9139C9FD2A38E59AFB466F9A_1904/.sandboxFiles
Starting copy block
Running copy command:  /bin/cp -fp /tmp/maxwoo/21EF1A6A9139C9FD2A38E59AFB466F9A_1904/out_21EF1A6A9139C9FD2A38E59AFB466F9A_1904.root /star/data01/pwg/xiatong/git/strangeness/data/
9791 Execution of (/star/data01/pwg/xiatong/git/strangeness/script/sched21EF1A6A9139C9FD2A38E59AFB466F9A_1904.csh ) has ended, exiting normally
9791 We END on [Thu Jun  2 11:26:34 EDT 2022]
