We are starting on node: spool0734.sdcc.bnl.gov
HOME is not defined
Using getent method
HOME is now /star/u/maxwoo
135691 We will spawn ourselves (/star/data01/pwg/xiatong/git/strangeness/script/sched21EF1A6A9139C9FD2A38E59AFB466F9A_1625.csh )
135691 We BEGIN on [Thu Jun  2 11:11:15 EDT 2022]
[1] 136045
135691 We are waiting for 136045 
135691 Grandchild PID is 136633 - found in 10 x 1 seconds
135691 Establishing first watcher   on    Thu Jun  2 11:11:26 EDT 2022
135691 Process tree is 135691 (main) -> 136045 (child) -> 136633 (grandchild)
F S   UID    PID   PPID  C PRI  NI ADDR SZ WCHAN  TTY        TIME CMD
0 D 100667 136633 136045  0 80   0 - 32311 cxiWai ?          0:00 cp /star/data01/pwg/xiatong/AMPT/14GeV/data_585133411.root /tmp/maxwoo/21EF1A6A9139C9FD2A38E59AFB466F9A_1625/INPUTFILES/data_585133411.root
135691 Grandchild PID is 138376 - found in 20 x 2 seconds
135691 Grandchild to watch has changed on Thu Jun  2 11:11:46 EDT 2022
135691 Process tree is 135691 (main) -> 136045 (child) -> 138376 (grandchild)
F S   UID    PID   PPID  C PRI  NI ADDR SZ WCHAN  TTY        TIME CMD
0 D 100667 138376 136045  0 80   0 - 32311 cxiWai ?          0:00 cp /star/data01/pwg/xiatong/AMPT/14GeV/data_585145761.root /tmp/maxwoo/21EF1A6A9139C9FD2A38E59AFB466F9A_1625/INPUTFILES/data_585145761.root
135691 Grandchild PID is 139849 - found in 30 x 2 seconds
135691 Grandchild to watch has changed on Thu Jun  2 11:12:07 EDT 2022
135691 Process tree is 135691 (main) -> 136045 (child) -> 139849 (grandchild)
F S   UID    PID   PPID  C PRI  NI ADDR SZ WCHAN  TTY        TIME CMD
0 D 100667 139849 136045  0 80   0 - 32311 cxiWai ?          0:00 cp /star/data01/pwg/xiatong/AMPT/14GeV/data_585153311.root /tmp/maxwoo/21EF1A6A9139C9FD2A38E59AFB466F9A_1625/INPUTFILES/data_585153311.root
135691 Grandchild PID is 140756 - found in 40 x 2 seconds
135691 Grandchild to watch has changed on Thu Jun  2 11:12:28 EDT 2022
135691 Process tree is 135691 (main) -> 136045 (child) -> 140756 (grandchild)
F S   UID    PID   PPID  C PRI  NI ADDR SZ WCHAN  TTY        TIME CMD
0 D 100667 140756 136045  0 80   0 - 32311 cxiWai ?          0:00 cp /star/data01/pwg/xiatong/AMPT/14GeV/data_585812561.root /tmp/maxwoo/21EF1A6A9139C9FD2A38E59AFB466F9A_1625/INPUTFILES/data_585812561.root
135691 Grandchild PID is 142093 - found in 50 x 2 seconds
135691 Grandchild to watch has changed on Thu Jun  2 11:12:49 EDT 2022
135691 Process tree is 135691 (main) -> 136045 (child) -> 142093 (grandchild)
F S   UID    PID   PPID  C PRI  NI ADDR SZ WCHAN  TTY        TIME CMD
0 D 100667 142093 136045  0 80   0 - 32311 cxiWai ?          0:00 cp /star/data01/pwg/xiatong/AMPT/14GeV/data_586122291.root /tmp/maxwoo/21EF1A6A9139C9FD2A38E59AFB466F9A_1625/INPUTFILES/data_586122291.root
135691 Grandchild PID is 143797 - found in 70 x 2 seconds
135691 Grandchild to watch has changed on Thu Jun  2 11:13:30 EDT 2022
135691 Process tree is 135691 (main) -> 136045 (child) -> 143797 (grandchild)
F S   UID    PID   PPID  C PRI  NI ADDR SZ WCHAN  TTY        TIME CMD
0 D 100667 143797 136045  0 80   0 - 32311 cxiWai ?          0:00 cp /star/data01/pwg/xiatong/AMPT/14GeV/data_586133061.root /tmp/maxwoo/21EF1A6A9139C9FD2A38E59AFB466F9A_1625/INPUTFILES/data_586133061.root
135691 Grandchild PID is 144491 - found in 80 x 2 seconds
135691 Grandchild to watch has changed on Thu Jun  2 11:13:51 EDT 2022
135691 Process tree is 135691 (main) -> 136045 (child) -> 144491 (grandchild)
F S   UID    PID   PPID  C PRI  NI ADDR SZ WCHAN  TTY        TIME CMD
0 S 100667 144491 136045  0 80   0 -  1272 do_wai ?          0:00 root -b -q check_S.C++("/tmp/maxwoo/21EF1A6A9139C9FD2A38E59AFB466F9A_1625/INPUTFILES/21EF1A6A9139C9FD2A38E59AFB466F9A_1625.local.list","21EF1A6A9139C9FD2A38E59AFB466F9A_1625",1)
135691 Grandchild PID is 7709 - found in 600 x 2 seconds
135691 Grandchild to watch has changed on Thu Jun  2 11:31:45 EDT 2022
135691 Process tree is 135691 (main) -> 136045 (child) -> 7709 (grandchild)
F S   UID    PID   PPID  C PRI  NI ADDR SZ WCHAN  TTY        TIME CMD
136045 Stepping into the main SUMS wrapper program with []
.... building sandbox
Running: cp /star/data01/pwg/xiatong/AMPT/14GeV/data_585133331.root /tmp/maxwoo/21EF1A6A9139C9FD2A38E59AFB466F9A_1625/INPUTFILES/data_585133331.root
Running: cp /star/data01/pwg/xiatong/AMPT/14GeV/data_585133381.root /tmp/maxwoo/21EF1A6A9139C9FD2A38E59AFB466F9A_1625/INPUTFILES/data_585133381.root
Running: cp /star/data01/pwg/xiatong/AMPT/14GeV/data_585133391.root /tmp/maxwoo/21EF1A6A9139C9FD2A38E59AFB466F9A_1625/INPUTFILES/data_585133391.root
Running: cp /star/data01/pwg/xiatong/AMPT/14GeV/data_585133401.root /tmp/maxwoo/21EF1A6A9139C9FD2A38E59AFB466F9A_1625/INPUTFILES/data_585133401.root
Running: cp /star/data01/pwg/xiatong/AMPT/14GeV/data_585133411.root /tmp/maxwoo/21EF1A6A9139C9FD2A38E59AFB466F9A_1625/INPUTFILES/data_585133411.root
Running: cp /star/data01/pwg/xiatong/AMPT/14GeV/data_585133421.root /tmp/maxwoo/21EF1A6A9139C9FD2A38E59AFB466F9A_1625/INPUTFILES/data_585133421.root
Running: cp /star/data01/pwg/xiatong/AMPT/14GeV/data_585133481.root /tmp/maxwoo/21EF1A6A9139C9FD2A38E59AFB466F9A_1625/INPUTFILES/data_585133481.root
Running: cp /star/data01/pwg/xiatong/AMPT/14GeV/data_585133501.root /tmp/maxwoo/21EF1A6A9139C9FD2A38E59AFB466F9A_1625/INPUTFILES/data_585133501.root
Running: cp /star/data01/pwg/xiatong/AMPT/14GeV/data_585133521.root /tmp/maxwoo/21EF1A6A9139C9FD2A38E59AFB466F9A_1625/INPUTFILES/data_585133521.root
Running: cp /star/data01/pwg/xiatong/AMPT/14GeV/data_585133571.root /tmp/maxwoo/21EF1A6A9139C9FD2A38E59AFB466F9A_1625/INPUTFILES/data_585133571.root
Running: cp /star/data01/pwg/xiatong/AMPT/14GeV/data_585133601.root /tmp/maxwoo/21EF1A6A9139C9FD2A38E59AFB466F9A_1625/INPUTFILES/data_585133601.root
Running: cp /star/data01/pwg/xiatong/AMPT/14GeV/data_585133991.root /tmp/maxwoo/21EF1A6A9139C9FD2A38E59AFB466F9A_1625/INPUTFILES/data_585133991.root
Running: cp /star/data01/pwg/xiatong/AMPT/14GeV/data_585145761.root /tmp/maxwoo/21EF1A6A9139C9FD2A38E59AFB466F9A_1625/INPUTFILES/data_585145761.root
Running: cp /star/data01/pwg/xiatong/AMPT/14GeV/data_585149901.root /tmp/maxwoo/21EF1A6A9139C9FD2A38E59AFB466F9A_1625/INPUTFILES/data_585149901.root
Running: cp /star/data01/pwg/xiatong/AMPT/14GeV/data_585153311.root /tmp/maxwoo/21EF1A6A9139C9FD2A38E59AFB466F9A_1625/INPUTFILES/data_585153311.root
Running: cp /star/data01/pwg/xiatong/AMPT/14GeV/data_585179761.root /tmp/maxwoo/21EF1A6A9139C9FD2A38E59AFB466F9A_1625/INPUTFILES/data_585179761.root
Running: cp /star/data01/pwg/xiatong/AMPT/14GeV/data_585180001.root /tmp/maxwoo/21EF1A6A9139C9FD2A38E59AFB466F9A_1625/INPUTFILES/data_585180001.root
Running: cp /star/data01/pwg/xiatong/AMPT/14GeV/data_585185351.root /tmp/maxwoo/21EF1A6A9139C9FD2A38E59AFB466F9A_1625/INPUTFILES/data_585185351.root
Running: cp /star/data01/pwg/xiatong/AMPT/14GeV/data_585192191.root /tmp/maxwoo/21EF1A6A9139C9FD2A38E59AFB466F9A_1625/INPUTFILES/data_585192191.root
Running: cp /star/data01/pwg/xiatong/AMPT/14GeV/data_585197991.root /tmp/maxwoo/21EF1A6A9139C9FD2A38E59AFB466F9A_1625/INPUTFILES/data_585197991.root
Running: cp /star/data01/pwg/xiatong/AMPT/14GeV/data_585198021.root /tmp/maxwoo/21EF1A6A9139C9FD2A38E59AFB466F9A_1625/INPUTFILES/data_585198021.root
Running: cp /star/data01/pwg/xiatong/AMPT/14GeV/data_585378741.root /tmp/maxwoo/21EF1A6A9139C9FD2A38E59AFB466F9A_1625/INPUTFILES/data_585378741.root
Running: cp /star/data01/pwg/xiatong/AMPT/14GeV/data_585612571.root /tmp/maxwoo/21EF1A6A9139C9FD2A38E59AFB466F9A_1625/INPUTFILES/data_585612571.root
Running: cp /star/data01/pwg/xiatong/AMPT/14GeV/data_585612581.root /tmp/maxwoo/21EF1A6A9139C9FD2A38E59AFB466F9A_1625/INPUTFILES/data_585612581.root
Running: cp /star/data01/pwg/xiatong/AMPT/14GeV/data_585812561.root /tmp/maxwoo/21EF1A6A9139C9FD2A38E59AFB466F9A_1625/INPUTFILES/data_585812561.root
Running: cp /star/data01/pwg/xiatong/AMPT/14GeV/data_585912551.root /tmp/maxwoo/21EF1A6A9139C9FD2A38E59AFB466F9A_1625/INPUTFILES/data_585912551.root
Running: cp /star/data01/pwg/xiatong/AMPT/14GeV/data_586012541.root /tmp/maxwoo/21EF1A6A9139C9FD2A38E59AFB466F9A_1625/INPUTFILES/data_586012541.root
Running: cp /star/data01/pwg/xiatong/AMPT/14GeV/data_586054461.root /tmp/maxwoo/21EF1A6A9139C9FD2A38E59AFB466F9A_1625/INPUTFILES/data_586054461.root
Running: cp /star/data01/pwg/xiatong/AMPT/14GeV/data_586112531.root /tmp/maxwoo/21EF1A6A9139C9FD2A38E59AFB466F9A_1625/INPUTFILES/data_586112531.root
Running: cp /star/data01/pwg/xiatong/AMPT/14GeV/data_586112651.root /tmp/maxwoo/21EF1A6A9139C9FD2A38E59AFB466F9A_1625/INPUTFILES/data_586112651.root
Running: cp /star/data01/pwg/xiatong/AMPT/14GeV/data_586112661.root /tmp/maxwoo/21EF1A6A9139C9FD2A38E59AFB466F9A_1625/INPUTFILES/data_586112661.root
Running: cp /star/data01/pwg/xiatong/AMPT/14GeV/data_586116041.root /tmp/maxwoo/21EF1A6A9139C9FD2A38E59AFB466F9A_1625/INPUTFILES/data_586116041.root
Running: cp /star/data01/pwg/xiatong/AMPT/14GeV/data_586122291.root /tmp/maxwoo/21EF1A6A9139C9FD2A38E59AFB466F9A_1625/INPUTFILES/data_586122291.root
Running: cp /star/data01/pwg/xiatong/AMPT/14GeV/data_586128971.root /tmp/maxwoo/21EF1A6A9139C9FD2A38E59AFB466F9A_1625/INPUTFILES/data_586128971.root
Running: cp /star/data01/pwg/xiatong/AMPT/14GeV/data_586129021.root /tmp/maxwoo/21EF1A6A9139C9FD2A38E59AFB466F9A_1625/INPUTFILES/data_586129021.root
Running: cp /star/data01/pwg/xiatong/AMPT/14GeV/data_586133021.root /tmp/maxwoo/21EF1A6A9139C9FD2A38E59AFB466F9A_1625/INPUTFILES/data_586133021.root
Running: cp /star/data01/pwg/xiatong/AMPT/14GeV/data_586133061.root /tmp/maxwoo/21EF1A6A9139C9FD2A38E59AFB466F9A_1625/INPUTFILES/data_586133061.root
Swapping $FILELIST with: /tmp/maxwoo/21EF1A6A9139C9FD2A38E59AFB466F9A_1625/INPUTFILES/21EF1A6A9139C9FD2A38E59AFB466F9A_1625.local.list
+++++++++++local copy debug++++++++++++++++++++
newFileList: /tmp/maxwoo/21EF1A6A9139C9FD2A38E59AFB466F9A_1625/INPUTFILES/21EF1A6A9139C9FD2A38E59AFB466F9A_1625.local.list
++++++++++++++++cat FILELIST+++++++++++++++++++
/tmp/maxwoo/21EF1A6A9139C9FD2A38E59AFB466F9A_1625/INPUTFILES/data_585133331.root 
/tmp/maxwoo/21EF1A6A9139C9FD2A38E59AFB466F9A_1625/INPUTFILES/data_585133381.root 
/tmp/maxwoo/21EF1A6A9139C9FD2A38E59AFB466F9A_1625/INPUTFILES/data_585133391.root 
/tmp/maxwoo/21EF1A6A9139C9FD2A38E59AFB466F9A_1625/INPUTFILES/data_585133401.root 
/tmp/maxwoo/21EF1A6A9139C9FD2A38E59AFB466F9A_1625/INPUTFILES/data_585133411.root 
/tmp/maxwoo/21EF1A6A9139C9FD2A38E59AFB466F9A_1625/INPUTFILES/data_585133421.root 
/tmp/maxwoo/21EF1A6A9139C9FD2A38E59AFB466F9A_1625/INPUTFILES/data_585133481.root 
/tmp/maxwoo/21EF1A6A9139C9FD2A38E59AFB466F9A_1625/INPUTFILES/data_585133501.root 
/tmp/maxwoo/21EF1A6A9139C9FD2A38E59AFB466F9A_1625/INPUTFILES/data_585133521.root 
/tmp/maxwoo/21EF1A6A9139C9FD2A38E59AFB466F9A_1625/INPUTFILES/data_585133571.root 
/tmp/maxwoo/21EF1A6A9139C9FD2A38E59AFB466F9A_1625/INPUTFILES/data_585133601.root 
/tmp/maxwoo/21EF1A6A9139C9FD2A38E59AFB466F9A_1625/INPUTFILES/data_585133991.root 
/tmp/maxwoo/21EF1A6A9139C9FD2A38E59AFB466F9A_1625/INPUTFILES/data_585145761.root 
/tmp/maxwoo/21EF1A6A9139C9FD2A38E59AFB466F9A_1625/INPUTFILES/data_585149901.root 
/tmp/maxwoo/21EF1A6A9139C9FD2A38E59AFB466F9A_1625/INPUTFILES/data_585153311.root 
/tmp/maxwoo/21EF1A6A9139C9FD2A38E59AFB466F9A_1625/INPUTFILES/data_585179761.root 
/tmp/maxwoo/21EF1A6A9139C9FD2A38E59AFB466F9A_1625/INPUTFILES/data_585180001.root 
/tmp/maxwoo/21EF1A6A9139C9FD2A38E59AFB466F9A_1625/INPUTFILES/data_585185351.root 
/tmp/maxwoo/21EF1A6A9139C9FD2A38E59AFB466F9A_1625/INPUTFILES/data_585192191.root 
/tmp/maxwoo/21EF1A6A9139C9FD2A38E59AFB466F9A_1625/INPUTFILES/data_585197991.root 
/tmp/maxwoo/21EF1A6A9139C9FD2A38E59AFB466F9A_1625/INPUTFILES/data_585198021.root 
/tmp/maxwoo/21EF1A6A9139C9FD2A38E59AFB466F9A_1625/INPUTFILES/data_585378741.root 
/tmp/maxwoo/21EF1A6A9139C9FD2A38E59AFB466F9A_1625/INPUTFILES/data_585612571.root 
/tmp/maxwoo/21EF1A6A9139C9FD2A38E59AFB466F9A_1625/INPUTFILES/data_585612581.root 
/tmp/maxwoo/21EF1A6A9139C9FD2A38E59AFB466F9A_1625/INPUTFILES/data_585812561.root 
/tmp/maxwoo/21EF1A6A9139C9FD2A38E59AFB466F9A_1625/INPUTFILES/data_585912551.root 
/tmp/maxwoo/21EF1A6A9139C9FD2A38E59AFB466F9A_1625/INPUTFILES/data_586012541.root 
/tmp/maxwoo/21EF1A6A9139C9FD2A38E59AFB466F9A_1625/INPUTFILES/data_586054461.root 
/tmp/maxwoo/21EF1A6A9139C9FD2A38E59AFB466F9A_1625/INPUTFILES/data_586112531.root 
/tmp/maxwoo/21EF1A6A9139C9FD2A38E59AFB466F9A_1625/INPUTFILES/data_586112651.root 
/tmp/maxwoo/21EF1A6A9139C9FD2A38E59AFB466F9A_1625/INPUTFILES/data_586112661.root 
/tmp/maxwoo/21EF1A6A9139C9FD2A38E59AFB466F9A_1625/INPUTFILES/data_586116041.root 
/tmp/maxwoo/21EF1A6A9139C9FD2A38E59AFB466F9A_1625/INPUTFILES/data_586122291.root 
/tmp/maxwoo/21EF1A6A9139C9FD2A38E59AFB466F9A_1625/INPUTFILES/data_586128971.root 
/tmp/maxwoo/21EF1A6A9139C9FD2A38E59AFB466F9A_1625/INPUTFILES/data_586129021.root 
/tmp/maxwoo/21EF1A6A9139C9FD2A38E59AFB466F9A_1625/INPUTFILES/data_586133021.root 
/tmp/maxwoo/21EF1A6A9139C9FD2A38E59AFB466F9A_1625/INPUTFILES/data_586133061.root 
++++++++++++++++++++find.++++++++++++++++++++++
.
./Check_Sness.C
./.errror.log
./lib
./lib/my_particle.cpp
./lib/NpartNormalizer.cpp
./lib/NpartNormalizer_cpp.d
./lib/CenMaker.cpp
./lib/my_event_cpp_ACLiC_dict_rdict.pcm
./lib/my_event_cpp.d
./lib/CenMaker_cpp_ACLiC_dict_rdict.pcm
./lib/MixedBuffer_cpp_ACLiC_dict_rdict.pcm
./lib/my_event_cpp.so
./lib/my_event.cpp
./lib/my_event.h
./lib/my_particle.h
./lib/my_particle_cpp.d
./lib/NpartNormalizer.h
./lib/CenMaker_cpp.d
./lib/CenMaker.h
./lib/MixedBuffer.h
./lib/MixedBuffer.cpp
./lib/my_particle_cpp.so
./lib/MixedBuffer_cpp.so
./lib/NpartNormalizer_cpp.so
./lib/NpartNormalizer_cpp_ACLiC_dict_rdict.pcm
./lib/my_particle_cpp_ACLiC_dict_rdict.pcm
./lib/CenMaker_cpp.so
./lib/MixedBuffer_cpp.d
./check_S.C
./.output.log
./.sandboxFiles
./INPUTFILES
./INPUTFILES/data_585133601.root
./INPUTFILES/data_586133061.root
./INPUTFILES/data_585133331.root
./INPUTFILES/data_585378741.root
./INPUTFILES/data_586112531.root
./INPUTFILES/data_586112661.root
./INPUTFILES/data_585133411.root
./INPUTFILES/data_585133381.root
./INPUTFILES/data_585912551.root
./INPUTFILES/data_585133391.root
./INPUTFILES/data_585149901.root
./INPUTFILES/data_585153311.root
./INPUTFILES/data_585180001.root
./INPUTFILES/data_585612581.root
./INPUTFILES/data_585133991.root
./INPUTFILES/data_586112651.root
./INPUTFILES/data_586012541.root
./INPUTFILES/data_585133421.root
./INPUTFILES/data_585179761.root
./INPUTFILES/data_586122291.root
./INPUTFILES/data_586128971.root
./INPUTFILES/data_585812561.root
./INPUTFILES/data_585185351.root
./INPUTFILES/data_585612571.root
./INPUTFILES/data_585198021.root
./INPUTFILES/data_586116041.root
./INPUTFILES/21EF1A6A9139C9FD2A38E59AFB466F9A_1625.local.list
./INPUTFILES/data_586054461.root
./INPUTFILES/data_585133481.root
./INPUTFILES/data_586133021.root
./INPUTFILES/data_585133501.root
./INPUTFILES/data_585192191.root
./INPUTFILES/data_585133521.root
./INPUTFILES/data_585133401.root
./INPUTFILES/data_585133571.root
./INPUTFILES/data_585197991.root
./INPUTFILES/data_585145761.root
./INPUTFILES/data_586129021.root
++++++++++++++++INPUTFILE Var++++++++++++++++++
FILELIST=/tmp/maxwoo/21EF1A6A9139C9FD2A38E59AFB466F9A_1625/INPUTFILES/21EF1A6A9139C9FD2A38E59AFB466F9A_1625.local.list
INPUTFILECOUNT=37
INPUTFILE0=/tmp/maxwoo/21EF1A6A9139C9FD2A38E59AFB466F9A_1625/INPUTFILES/data_585133331.root
INPUTFILE1=/tmp/maxwoo/21EF1A6A9139C9FD2A38E59AFB466F9A_1625/INPUTFILES/data_585133381.root
INPUTFILE2=/tmp/maxwoo/21EF1A6A9139C9FD2A38E59AFB466F9A_1625/INPUTFILES/data_585133391.root
INPUTFILE3=/tmp/maxwoo/21EF1A6A9139C9FD2A38E59AFB466F9A_1625/INPUTFILES/data_585133401.root
INPUTFILE4=/tmp/maxwoo/21EF1A6A9139C9FD2A38E59AFB466F9A_1625/INPUTFILES/data_585133411.root
INPUTFILE5=/tmp/maxwoo/21EF1A6A9139C9FD2A38E59AFB466F9A_1625/INPUTFILES/data_585133421.root
INPUTFILE6=/tmp/maxwoo/21EF1A6A9139C9FD2A38E59AFB466F9A_1625/INPUTFILES/data_585133481.root
INPUTFILE7=/tmp/maxwoo/21EF1A6A9139C9FD2A38E59AFB466F9A_1625/INPUTFILES/data_585133501.root
INPUTFILE8=/tmp/maxwoo/21EF1A6A9139C9FD2A38E59AFB466F9A_1625/INPUTFILES/data_585133521.root
INPUTFILE9=/tmp/maxwoo/21EF1A6A9139C9FD2A38E59AFB466F9A_1625/INPUTFILES/data_585133571.root
INPUTFILE10=/tmp/maxwoo/21EF1A6A9139C9FD2A38E59AFB466F9A_1625/INPUTFILES/data_585133601.root
INPUTFILE11=/tmp/maxwoo/21EF1A6A9139C9FD2A38E59AFB466F9A_1625/INPUTFILES/data_585133991.root
INPUTFILE12=/tmp/maxwoo/21EF1A6A9139C9FD2A38E59AFB466F9A_1625/INPUTFILES/data_585145761.root
INPUTFILE13=/tmp/maxwoo/21EF1A6A9139C9FD2A38E59AFB466F9A_1625/INPUTFILES/data_585149901.root
INPUTFILE14=/tmp/maxwoo/21EF1A6A9139C9FD2A38E59AFB466F9A_1625/INPUTFILES/data_585153311.root
INPUTFILE15=/tmp/maxwoo/21EF1A6A9139C9FD2A38E59AFB466F9A_1625/INPUTFILES/data_585179761.root
INPUTFILE16=/tmp/maxwoo/21EF1A6A9139C9FD2A38E59AFB466F9A_1625/INPUTFILES/data_585180001.root
INPUTFILE17=/tmp/maxwoo/21EF1A6A9139C9FD2A38E59AFB466F9A_1625/INPUTFILES/data_585185351.root
INPUTFILE18=/tmp/maxwoo/21EF1A6A9139C9FD2A38E59AFB466F9A_1625/INPUTFILES/data_585192191.root
INPUTFILE19=/tmp/maxwoo/21EF1A6A9139C9FD2A38E59AFB466F9A_1625/INPUTFILES/data_585197991.root
INPUTFILE20=/tmp/maxwoo/21EF1A6A9139C9FD2A38E59AFB466F9A_1625/INPUTFILES/data_585198021.root
INPUTFILE21=/tmp/maxwoo/21EF1A6A9139C9FD2A38E59AFB466F9A_1625/INPUTFILES/data_585378741.root
INPUTFILE22=/tmp/maxwoo/21EF1A6A9139C9FD2A38E59AFB466F9A_1625/INPUTFILES/data_585612571.root
INPUTFILE23=/tmp/maxwoo/21EF1A6A9139C9FD2A38E59AFB466F9A_1625/INPUTFILES/data_585612581.root
INPUTFILE24=/tmp/maxwoo/21EF1A6A9139C9FD2A38E59AFB466F9A_1625/INPUTFILES/data_585812561.root
INPUTFILE25=/tmp/maxwoo/21EF1A6A9139C9FD2A38E59AFB466F9A_1625/INPUTFILES/data_585912551.root
INPUTFILE26=/tmp/maxwoo/21EF1A6A9139C9FD2A38E59AFB466F9A_1625/INPUTFILES/data_586012541.root
INPUTFILE27=/tmp/maxwoo/21EF1A6A9139C9FD2A38E59AFB466F9A_1625/INPUTFILES/data_586054461.root
INPUTFILE28=/tmp/maxwoo/21EF1A6A9139C9FD2A38E59AFB466F9A_1625/INPUTFILES/data_586112531.root
INPUTFILE29=/tmp/maxwoo/21EF1A6A9139C9FD2A38E59AFB466F9A_1625/INPUTFILES/data_586112651.root
INPUTFILE30=/tmp/maxwoo/21EF1A6A9139C9FD2A38E59AFB466F9A_1625/INPUTFILES/data_586112661.root
INPUTFILE31=/tmp/maxwoo/21EF1A6A9139C9FD2A38E59AFB466F9A_1625/INPUTFILES/data_586116041.root
INPUTFILE32=/tmp/maxwoo/21EF1A6A9139C9FD2A38E59AFB466F9A_1625/INPUTFILES/data_586122291.root
INPUTFILE33=/tmp/maxwoo/21EF1A6A9139C9FD2A38E59AFB466F9A_1625/INPUTFILES/data_586128971.root
INPUTFILE34=/tmp/maxwoo/21EF1A6A9139C9FD2A38E59AFB466F9A_1625/INPUTFILES/data_586129021.root
INPUTFILE35=/tmp/maxwoo/21EF1A6A9139C9FD2A38E59AFB466F9A_1625/INPUTFILES/data_586133021.root
INPUTFILE36=/tmp/maxwoo/21EF1A6A9139C9FD2A38E59AFB466F9A_1625/INPUTFILES/data_586133061.root
LocalInputFileDir=/tmp/maxwoo/21EF1A6A9139C9FD2A38E59AFB466F9A_1625/INPUTFILES
NewFILELIST=/tmp/maxwoo/21EF1A6A9139C9FD2A38E59AFB466F9A_1625/INPUTFILES/21EF1A6A9139C9FD2A38E59AFB466F9A_1625.local.list
+++++++++++++++++++++++++++++++++++++++++++++++
--------------------------------
Simple Unified Meta Scheduler 1.10.50 we are starting in $SCRATCH : /home/tmp/maxwoo/21EF1A6A9139C9FD2A38E59AFB466F9A_1625
--------------------------------
total 16
lrwxrwxrwx 1 maxwoo rhstar   61 Jun  2 11:11 check_S.C -> /gpfs/mnt/gpfs01/star/pwg/xiatong/git/strangeness/./check_S.C
lrwxrwxrwx 1 maxwoo rhstar   65 Jun  2 11:11 Check_Sness.C -> /gpfs/mnt/gpfs01/star/pwg/xiatong/git/strangeness/./Check_Sness.C
drwxr-xr-x 2 maxwoo rhstar 4096 Jun  2 11:13 INPUTFILES
drwxr-xr-x 2 maxwoo rhstar 4096 Jun  2 11:11 lib
  *******************************************
  *                                         *
  *        W E L C O M E  to  R O O T       *
  *                                         *
  *   Version   5.34/38     12 March 2018   *
  *                                         *
  *  You are welcome to visit our Web site  *
  *          http://root.cern.ch            *
  *                                         *
  *******************************************

ROOT 5.34/38 (v5-34-38@v5-34-38, Mar 12 2018, 15:49:39 on linux)

CINT/ROOT C/C++ Interpreter version 5.18.00, July 2, 2010
Type ? for help. Commands must be C++ statements.
Enclose multiple statements between { }.
*** Float Point Exception is OFF ***
 *** Start at Date : Thu Jun  2 11:13:39 2022
QAInfo:You are using STAR_LEVEL : dev, ROOT_LEVEL : 5.34.38 and node : spool0734.sdcc.bnl.gov 

Processing check_S.C++("/tmp/maxwoo/21EF1A6A9139C9FD2A38E59AFB466F9A_1625/INPUTFILES/21EF1A6A9139C9FD2A38E59AFB466F9A_1625.local.list","21EF1A6A9139C9FD2A38E59AFB466F9A_1625",1)...
/tmp/maxwoo/21EF1A6A9139C9FD2A38E59AFB466F9A_1625/INPUTFILES/data_585133331.root 
/tmp/maxwoo/21EF1A6A9139C9FD2A38E59AFB466F9A_1625/INPUTFILES/data_585133381.root 
/tmp/maxwoo/21EF1A6A9139C9FD2A38E59AFB466F9A_1625/INPUTFILES/data_585133391.root 
/tmp/maxwoo/21EF1A6A9139C9FD2A38E59AFB466F9A_1625/INPUTFILES/data_585133401.root 
/tmp/maxwoo/21EF1A6A9139C9FD2A38E59AFB466F9A_1625/INPUTFILES/data_585133411.root 
/tmp/maxwoo/21EF1A6A9139C9FD2A38E59AFB466F9A_1625/INPUTFILES/data_585133421.root 
/tmp/maxwoo/21EF1A6A9139C9FD2A38E59AFB466F9A_1625/INPUTFILES/data_585133481.root 
/tmp/maxwoo/21EF1A6A9139C9FD2A38E59AFB466F9A_1625/INPUTFILES/data_585133501.root 
/tmp/maxwoo/21EF1A6A9139C9FD2A38E59AFB466F9A_1625/INPUTFILES/data_585133521.root 
/tmp/maxwoo/21EF1A6A9139C9FD2A38E59AFB466F9A_1625/INPUTFILES/data_585133571.root 
/tmp/maxwoo/21EF1A6A9139C9FD2A38E59AFB466F9A_1625/INPUTFILES/data_585133601.root 
/tmp/maxwoo/21EF1A6A9139C9FD2A38E59AFB466F9A_1625/INPUTFILES/data_585133991.root 
/tmp/maxwoo/21EF1A6A9139C9FD2A38E59AFB466F9A_1625/INPUTFILES/data_585145761.root 
/tmp/maxwoo/21EF1A6A9139C9FD2A38E59AFB466F9A_1625/INPUTFILES/data_585149901.root 
/tmp/maxwoo/21EF1A6A9139C9FD2A38E59AFB466F9A_1625/INPUTFILES/data_585153311.root 
/tmp/maxwoo/21EF1A6A9139C9FD2A38E59AFB466F9A_1625/INPUTFILES/data_585179761.root 
/tmp/maxwoo/21EF1A6A9139C9FD2A38E59AFB466F9A_1625/INPUTFILES/data_585180001.root 
/tmp/maxwoo/21EF1A6A9139C9FD2A38E59AFB466F9A_1625/INPUTFILES/data_585185351.root 
/tmp/maxwoo/21EF1A6A9139C9FD2A38E59AFB466F9A_1625/INPUTFILES/data_585192191.root 
/tmp/maxwoo/21EF1A6A9139C9FD2A38E59AFB466F9A_1625/INPUTFILES/data_585197991.root 
/tmp/maxwoo/21EF1A6A9139C9FD2A38E59AFB466F9A_1625/INPUTFILES/data_585198021.root 
/tmp/maxwoo/21EF1A6A9139C9FD2A38E59AFB466F9A_1625/INPUTFILES/data_585378741.root 
/tmp/maxwoo/21EF1A6A9139C9FD2A38E59AFB466F9A_1625/INPUTFILES/data_585612571.root 
/tmp/maxwoo/21EF1A6A9139C9FD2A38E59AFB466F9A_1625/INPUTFILES/data_585612581.root 
/tmp/maxwoo/21EF1A6A9139C9FD2A38E59AFB466F9A_1625/INPUTFILES/data_585812561.root 
/tmp/maxwoo/21EF1A6A9139C9FD2A38E59AFB466F9A_1625/INPUTFILES/data_585912551.root 
/tmp/maxwoo/21EF1A6A9139C9FD2A38E59AFB466F9A_1625/INPUTFILES/data_586012541.root 
/tmp/maxwoo/21EF1A6A9139C9FD2A38E59AFB466F9A_1625/INPUTFILES/data_586054461.root 
/tmp/maxwoo/21EF1A6A9139C9FD2A38E59AFB466F9A_1625/INPUTFILES/data_586112531.root 
/tmp/maxwoo/21EF1A6A9139C9FD2A38E59AFB466F9A_1625/INPUTFILES/data_586112651.root 
/tmp/maxwoo/21EF1A6A9139C9FD2A38E59AFB466F9A_1625/INPUTFILES/data_586112661.root 
/tmp/maxwoo/21EF1A6A9139C9FD2A38E59AFB466F9A_1625/INPUTFILES/data_586116041.root 
/tmp/maxwoo/21EF1A6A9139C9FD2A38E59AFB466F9A_1625/INPUTFILES/data_586122291.root 
/tmp/maxwoo/21EF1A6A9139C9FD2A38E59AFB466F9A_1625/INPUTFILES/data_586128971.root 
/tmp/maxwoo/21EF1A6A9139C9FD2A38E59AFB466F9A_1625/INPUTFILES/data_586129021.root 
/tmp/maxwoo/21EF1A6A9139C9FD2A38E59AFB466F9A_1625/INPUTFILES/data_586133021.root 
/tmp/maxwoo/21EF1A6A9139C9FD2A38E59AFB466F9A_1625/INPUTFILES/data_586133061.root 
Added 37 files
# entries in chain: 36000
Processing entry == 1000 == out of 36000.
Processing entry == 2000 == out of 36000.
Processing entry == 3000 == out of 36000.
Processing entry == 4000 == out of 36000.
Processing entry == 5000 == out of 36000.
Processing entry == 6000 == out of 36000.
Processing entry == 7000 == out of 36000.
Processing entry == 8000 == out of 36000.
Processing entry == 9000 == out of 36000.
Processing entry == 10000 == out of 36000.
Processing entry == 11000 == out of 36000.
Processing entry == 12000 == out of 36000.
Processing entry == 13000 == out of 36000.
Processing entry == 14000 == out of 36000.
Processing entry == 15000 == out of 36000.
Processing entry == 16000 == out of 36000.
Processing entry == 17000 == out of 36000.
Processing entry == 18000 == out of 36000.
Processing entry == 19000 == out of 36000.
Processing entry == 20000 == out of 36000.
Processing entry == 21000 == out of 36000.
Processing entry == 22000 == out of 36000.
Processing entry == 23000 == out of 36000.
Processing entry == 24000 == out of 36000.
Processing entry == 25000 == out of 36000.
Processing entry == 26000 == out of 36000.
Processing entry == 27000 == out of 36000.
Processing entry == 28000 == out of 36000.
Processing entry == 29000 == out of 36000.
Processing entry == 30000 == out of 36000.
Processing entry == 31000 == out of 36000.
Processing entry == 32000 == out of 36000.
Processing entry == 33000 == out of 36000.
Processing entry == 34000 == out of 36000.
Processing entry == 35000 == out of 36000.
Processing entry == 36000 == out of 36000.

This is the end of ROOT -- Goodbye

Cleaning up sandbox file:  /tmp/maxwoo/21EF1A6A9139C9FD2A38E59AFB466F9A_1625/check_S.C
Cleaning up sandbox file:  /tmp/maxwoo/21EF1A6A9139C9FD2A38E59AFB466F9A_1625/Check_Sness.C
Cleaning up sandbox file:  /tmp/maxwoo/21EF1A6A9139C9FD2A38E59AFB466F9A_1625/lib
Cleaning up sandbox file:  /tmp/maxwoo/21EF1A6A9139C9FD2A38E59AFB466F9A_1625/.sandboxFiles
Starting copy block
Running copy command:  /bin/cp -fp /tmp/maxwoo/21EF1A6A9139C9FD2A38E59AFB466F9A_1625/out_21EF1A6A9139C9FD2A38E59AFB466F9A_1625.root /star/data01/pwg/xiatong/git/strangeness/data/
135691 Execution of (/star/data01/pwg/xiatong/git/strangeness/script/sched21EF1A6A9139C9FD2A38E59AFB466F9A_1625.csh ) has ended, exiting normally
135691 We END on [Thu Jun  2 11:31:48 EDT 2022]
