We are starting on node: rcas6324.rcf.bnl.gov
HOME is not defined
Using getent method
HOME is now /star/u/maxwoo
17822 We will spawn ourselves (/star/data01/pwg/xiatong/git/strangeness/script/sched21EF1A6A9139C9FD2A38E59AFB466F9A_238.csh )
17822 We BEGIN on [Thu Jun  2 11:39:59 EDT 2022]
[1] 18025
17822 We are waiting for 18025 
17822 Grandchild PID is 18281 - found in 10 x 1 seconds
17822 Establishing first watcher   on    Thu Jun  2 11:40:09 EDT 2022
17822 Process tree is 17822 (main) -> 18025 (child) -> 18281 (grandchild)
F S   UID   PID  PPID  C PRI  NI ADDR SZ WCHAN  TTY        TIME CMD
0 D 100667 18281 18025  0 80   0 - 32311 cxiWai ?          0:00 cp /star/data01/pwg/xiatong/AMPT/14GeV/data_132197441.root /tmp/maxwoo/21EF1A6A9139C9FD2A38E59AFB466F9A_238/INPUTFILES/data_132197441.root
17822 Grandchild PID is 19084 - found in 20 x 2 seconds
17822 Grandchild to watch has changed on Thu Jun  2 11:40:30 EDT 2022
17822 Process tree is 17822 (main) -> 18025 (child) -> 19084 (grandchild)
F S   UID   PID  PPID  C PRI  NI ADDR SZ WCHAN  TTY        TIME CMD
0 D 100667 19084 18025  0 80   0 - 32311 cxiWai ?          0:00 cp /star/data01/pwg/xiatong/AMPT/14GeV/data_132197451.root /tmp/maxwoo/21EF1A6A9139C9FD2A38E59AFB466F9A_238/INPUTFILES/data_132197451.root
17822 Grandchild PID is 20183 - found in 30 x 2 seconds
17822 Grandchild to watch has changed on Thu Jun  2 11:40:51 EDT 2022
17822 Process tree is 17822 (main) -> 18025 (child) -> 20183 (grandchild)
F S   UID   PID  PPID  C PRI  NI ADDR SZ WCHAN  TTY        TIME CMD
0 D 100667 20183 18025  0 80   0 - 32311 cxiWai ?          0:00 cp /star/data01/pwg/xiatong/AMPT/14GeV/data_132197531.root /tmp/maxwoo/21EF1A6A9139C9FD2A38E59AFB466F9A_238/INPUTFILES/data_132197531.root
17822 Grandchild PID is 22530 - found in 50 x 2 seconds
17822 Grandchild to watch has changed on Thu Jun  2 11:41:33 EDT 2022
17822 Process tree is 17822 (main) -> 18025 (child) -> 22530 (grandchild)
F S   UID   PID  PPID  C PRI  NI ADDR SZ WCHAN  TTY        TIME CMD
0 D 100667 22530 18025  0 80   0 - 32311 cxiWai ?          0:00 cp /star/data01/pwg/xiatong/AMPT/14GeV/data_132197571.root /tmp/maxwoo/21EF1A6A9139C9FD2A38E59AFB466F9A_238/INPUTFILES/data_132197571.root
17822 Grandchild PID is 24008 - found in 60 x 2 seconds
17822 Grandchild to watch has changed on Thu Jun  2 11:41:53 EDT 2022
17822 Process tree is 17822 (main) -> 18025 (child) -> 24008 (grandchild)
F S   UID   PID  PPID  C PRI  NI ADDR SZ WCHAN  TTY        TIME CMD
0 D 100667 24008 18025  0 80   0 - 32311 cxiWai ?          0:00 cp /star/data01/pwg/xiatong/AMPT/14GeV/data_132197791.root /tmp/maxwoo/21EF1A6A9139C9FD2A38E59AFB466F9A_238/INPUTFILES/data_132197791.root
17822 Grandchild PID is 25778 - found in 80 x 2 seconds
17822 Grandchild to watch has changed on Thu Jun  2 11:42:40 EDT 2022
17822 Process tree is 17822 (main) -> 18025 (child) -> 25778 (grandchild)
F S   UID   PID  PPID  C PRI  NI ADDR SZ WCHAN  TTY        TIME CMD
0 D 100667 25778 18025  0 80   0 - 32311 cxiWai ?          0:00 cp /star/data01/pwg/xiatong/AMPT/14GeV/data_132197821.root /tmp/maxwoo/21EF1A6A9139C9FD2A38E59AFB466F9A_238/INPUTFILES/data_132197821.root
17822 Grandchild PID is 27285 - found in 90 x 2 seconds
17822 Grandchild to watch has changed on Thu Jun  2 11:43:01 EDT 2022
17822 Process tree is 17822 (main) -> 18025 (child) -> 27285 (grandchild)
F S   UID   PID  PPID  C PRI  NI ADDR SZ WCHAN  TTY        TIME CMD
17822 Grandchild PID is 27375 - found in 100 x 2 seconds
17822 Grandchild to watch has changed on Thu Jun  2 11:43:28 EDT 2022
17822 Process tree is 17822 (main) -> 18025 (child) -> 27375 (grandchild)
F S   UID   PID  PPID  C PRI  NI ADDR SZ WCHAN  TTY        TIME CMD
0 D 100667 27375 18025  0 80   0 - 32311 cxiWai ?          0:00 cp /star/data01/pwg/xiatong/AMPT/14GeV/data_132450621.root /tmp/maxwoo/21EF1A6A9139C9FD2A38E59AFB466F9A_238/INPUTFILES/data_132450621.root
17822 Grandchild PID is 30590 - found in 120 x 2 seconds
17822 Grandchild to watch has changed on Thu Jun  2 11:44:15 EDT 2022
17822 Process tree is 17822 (main) -> 18025 (child) -> 30590 (grandchild)
F S   UID   PID  PPID  C PRI  NI ADDR SZ WCHAN  TTY        TIME CMD
0 D 100667 30590 18025  0 80   0 - 32311 cxiWai ?          0:00 cp /star/data01/pwg/xiatong/AMPT/14GeV/data_132755601.root /tmp/maxwoo/21EF1A6A9139C9FD2A38E59AFB466F9A_238/INPUTFILES/data_132755601.root
17822 Grandchild PID is 32282 - found in 130 x 2 seconds
17822 Grandchild to watch has changed on Thu Jun  2 11:44:36 EDT 2022
17822 Process tree is 17822 (main) -> 18025 (child) -> 32282 (grandchild)
F S   UID   PID  PPID  C PRI  NI ADDR SZ WCHAN  TTY        TIME CMD
0 D 100667 32282 18025  0 80   0 - 32311 cxiWai ?          0:00 cp /star/data01/pwg/xiatong/AMPT/14GeV/data_133100081.root /tmp/maxwoo/21EF1A6A9139C9FD2A38E59AFB466F9A_238/INPUTFILES/data_133100081.root
17822 Grandchild PID is 34719 - found in 160 x 2 seconds
17822 Grandchild to watch has changed on Thu Jun  2 11:45:41 EDT 2022
17822 Process tree is 17822 (main) -> 18025 (child) -> 34719 (grandchild)
F S   UID   PID  PPID  C PRI  NI ADDR SZ WCHAN  TTY        TIME CMD
0 D 100667 34719 18025  0 80   0 - 32311 cxiWai ?          0:00 cp /star/data01/pwg/xiatong/AMPT/14GeV/data_133101311.root /tmp/maxwoo/21EF1A6A9139C9FD2A38E59AFB466F9A_238/INPUTFILES/data_133101311.root
17822 Grandchild PID is 36065 - found in 170 x 2 seconds
17822 Grandchild to watch has changed on Thu Jun  2 11:46:02 EDT 2022
17822 Process tree is 17822 (main) -> 18025 (child) -> 36065 (grandchild)
F S   UID   PID  PPID  C PRI  NI ADDR SZ WCHAN  TTY        TIME CMD
0 D 100667 36065 18025  0 80   0 - 32311 cxiWai ?          0:00 cp /star/data01/pwg/xiatong/AMPT/14GeV/data_133107021.root /tmp/maxwoo/21EF1A6A9139C9FD2A38E59AFB466F9A_238/INPUTFILES/data_133107021.root
17822 Grandchild PID is 39132 - found in 200 x 2 seconds
17822 Grandchild to watch has changed on Thu Jun  2 11:47:04 EDT 2022
17822 Process tree is 17822 (main) -> 18025 (child) -> 39132 (grandchild)
F S   UID   PID  PPID  C PRI  NI ADDR SZ WCHAN  TTY        TIME CMD
0 S 100667 39132 18025  0 80   0 -  1272 do_wai ?          0:00 root -b -q check_S.C++("/tmp/maxwoo/21EF1A6A9139C9FD2A38E59AFB466F9A_238/INPUTFILES/21EF1A6A9139C9FD2A38E59AFB466F9A_238.local.list","21EF1A6A9139C9FD2A38E59AFB466F9A_238",1)
18025 Stepping into the main SUMS wrapper program with []
.... building sandbox
Running: cp /star/data01/pwg/xiatong/AMPT/14GeV/data_132197411.root /tmp/maxwoo/21EF1A6A9139C9FD2A38E59AFB466F9A_238/INPUTFILES/data_132197411.root
Running: cp /star/data01/pwg/xiatong/AMPT/14GeV/data_132197421.root /tmp/maxwoo/21EF1A6A9139C9FD2A38E59AFB466F9A_238/INPUTFILES/data_132197421.root
Running: cp /star/data01/pwg/xiatong/AMPT/14GeV/data_132197441.root /tmp/maxwoo/21EF1A6A9139C9FD2A38E59AFB466F9A_238/INPUTFILES/data_132197441.root
Running: cp /star/data01/pwg/xiatong/AMPT/14GeV/data_132197451.root /tmp/maxwoo/21EF1A6A9139C9FD2A38E59AFB466F9A_238/INPUTFILES/data_132197451.root
Running: cp /star/data01/pwg/xiatong/AMPT/14GeV/data_132197461.root /tmp/maxwoo/21EF1A6A9139C9FD2A38E59AFB466F9A_238/INPUTFILES/data_132197461.root
Running: cp /star/data01/pwg/xiatong/AMPT/14GeV/data_132197471.root /tmp/maxwoo/21EF1A6A9139C9FD2A38E59AFB466F9A_238/INPUTFILES/data_132197471.root
Running: cp /star/data01/pwg/xiatong/AMPT/14GeV/data_132197491.root /tmp/maxwoo/21EF1A6A9139C9FD2A38E59AFB466F9A_238/INPUTFILES/data_132197491.root
Running: cp /star/data01/pwg/xiatong/AMPT/14GeV/data_132197501.root /tmp/maxwoo/21EF1A6A9139C9FD2A38E59AFB466F9A_238/INPUTFILES/data_132197501.root
Running: cp /star/data01/pwg/xiatong/AMPT/14GeV/data_132197531.root /tmp/maxwoo/21EF1A6A9139C9FD2A38E59AFB466F9A_238/INPUTFILES/data_132197531.root
Running: cp /star/data01/pwg/xiatong/AMPT/14GeV/data_132197571.root /tmp/maxwoo/21EF1A6A9139C9FD2A38E59AFB466F9A_238/INPUTFILES/data_132197571.root
Running: cp /star/data01/pwg/xiatong/AMPT/14GeV/data_132197611.root /tmp/maxwoo/21EF1A6A9139C9FD2A38E59AFB466F9A_238/INPUTFILES/data_132197611.root
Running: cp /star/data01/pwg/xiatong/AMPT/14GeV/data_132197751.root /tmp/maxwoo/21EF1A6A9139C9FD2A38E59AFB466F9A_238/INPUTFILES/data_132197751.root
Running: cp /star/data01/pwg/xiatong/AMPT/14GeV/data_132197761.root /tmp/maxwoo/21EF1A6A9139C9FD2A38E59AFB466F9A_238/INPUTFILES/data_132197761.root
Running: cp /star/data01/pwg/xiatong/AMPT/14GeV/data_132197791.root /tmp/maxwoo/21EF1A6A9139C9FD2A38E59AFB466F9A_238/INPUTFILES/data_132197791.root
Running: cp /star/data01/pwg/xiatong/AMPT/14GeV/data_132197821.root /tmp/maxwoo/21EF1A6A9139C9FD2A38E59AFB466F9A_238/INPUTFILES/data_132197821.root
Running: cp /star/data01/pwg/xiatong/AMPT/14GeV/data_132199371.root /tmp/maxwoo/21EF1A6A9139C9FD2A38E59AFB466F9A_238/INPUTFILES/data_132199371.root
Running: cp /star/data01/pwg/xiatong/AMPT/14GeV/data_132199381.root /tmp/maxwoo/21EF1A6A9139C9FD2A38E59AFB466F9A_238/INPUTFILES/data_132199381.root
Running: cp /star/data01/pwg/xiatong/AMPT/14GeV/data_132255661.root /tmp/maxwoo/21EF1A6A9139C9FD2A38E59AFB466F9A_238/INPUTFILES/data_132255661.root
Running: cp /star/data01/pwg/xiatong/AMPT/14GeV/data_132255681.root /tmp/maxwoo/21EF1A6A9139C9FD2A38E59AFB466F9A_238/INPUTFILES/data_132255681.root
Running: cp /star/data01/pwg/xiatong/AMPT/14GeV/data_132255691.root /tmp/maxwoo/21EF1A6A9139C9FD2A38E59AFB466F9A_238/INPUTFILES/data_132255691.root
Running: cp /star/data01/pwg/xiatong/AMPT/14GeV/data_132259051.root /tmp/maxwoo/21EF1A6A9139C9FD2A38E59AFB466F9A_238/INPUTFILES/data_132259051.root
Running: cp /star/data01/pwg/xiatong/AMPT/14GeV/data_132355651.root /tmp/maxwoo/21EF1A6A9139C9FD2A38E59AFB466F9A_238/INPUTFILES/data_132355651.root
Running: cp /star/data01/pwg/xiatong/AMPT/14GeV/data_132450331.root /tmp/maxwoo/21EF1A6A9139C9FD2A38E59AFB466F9A_238/INPUTFILES/data_132450331.root
Running: cp /star/data01/pwg/xiatong/AMPT/14GeV/data_132450441.root /tmp/maxwoo/21EF1A6A9139C9FD2A38E59AFB466F9A_238/INPUTFILES/data_132450441.root
Running: cp /star/data01/pwg/xiatong/AMPT/14GeV/data_132450621.root /tmp/maxwoo/21EF1A6A9139C9FD2A38E59AFB466F9A_238/INPUTFILES/data_132450621.root
Running: cp /star/data01/pwg/xiatong/AMPT/14GeV/data_132455641.root /tmp/maxwoo/21EF1A6A9139C9FD2A38E59AFB466F9A_238/INPUTFILES/data_132455641.root
Running: cp /star/data01/pwg/xiatong/AMPT/14GeV/data_132555621.root /tmp/maxwoo/21EF1A6A9139C9FD2A38E59AFB466F9A_238/INPUTFILES/data_132555621.root
Running: cp /star/data01/pwg/xiatong/AMPT/14GeV/data_132680941.root /tmp/maxwoo/21EF1A6A9139C9FD2A38E59AFB466F9A_238/INPUTFILES/data_132680941.root
Running: cp /star/data01/pwg/xiatong/AMPT/14GeV/data_132755591.root /tmp/maxwoo/21EF1A6A9139C9FD2A38E59AFB466F9A_238/INPUTFILES/data_132755591.root
Running: cp /star/data01/pwg/xiatong/AMPT/14GeV/data_132755601.root /tmp/maxwoo/21EF1A6A9139C9FD2A38E59AFB466F9A_238/INPUTFILES/data_132755601.root
Running: cp /star/data01/pwg/xiatong/AMPT/14GeV/data_132890311.root /tmp/maxwoo/21EF1A6A9139C9FD2A38E59AFB466F9A_238/INPUTFILES/data_132890311.root
Running: cp /star/data01/pwg/xiatong/AMPT/14GeV/data_132955581.root /tmp/maxwoo/21EF1A6A9139C9FD2A38E59AFB466F9A_238/INPUTFILES/data_132955581.root
Running: cp /star/data01/pwg/xiatong/AMPT/14GeV/data_133079161.root /tmp/maxwoo/21EF1A6A9139C9FD2A38E59AFB466F9A_238/INPUTFILES/data_133079161.root
Running: cp /star/data01/pwg/xiatong/AMPT/14GeV/data_133100081.root /tmp/maxwoo/21EF1A6A9139C9FD2A38E59AFB466F9A_238/INPUTFILES/data_133100081.root
Running: cp /star/data01/pwg/xiatong/AMPT/14GeV/data_133101201.root /tmp/maxwoo/21EF1A6A9139C9FD2A38E59AFB466F9A_238/INPUTFILES/data_133101201.root
Running: cp /star/data01/pwg/xiatong/AMPT/14GeV/data_133101311.root /tmp/maxwoo/21EF1A6A9139C9FD2A38E59AFB466F9A_238/INPUTFILES/data_133101311.root
Running: cp /star/data01/pwg/xiatong/AMPT/14GeV/data_133107021.root /tmp/maxwoo/21EF1A6A9139C9FD2A38E59AFB466F9A_238/INPUTFILES/data_133107021.root
Swapping $FILELIST with: /tmp/maxwoo/21EF1A6A9139C9FD2A38E59AFB466F9A_238/INPUTFILES/21EF1A6A9139C9FD2A38E59AFB466F9A_238.local.list
+++++++++++local copy debug++++++++++++++++++++
newFileList: /tmp/maxwoo/21EF1A6A9139C9FD2A38E59AFB466F9A_238/INPUTFILES/21EF1A6A9139C9FD2A38E59AFB466F9A_238.local.list
++++++++++++++++cat FILELIST+++++++++++++++++++
/tmp/maxwoo/21EF1A6A9139C9FD2A38E59AFB466F9A_238/INPUTFILES/data_132197411.root 
/tmp/maxwoo/21EF1A6A9139C9FD2A38E59AFB466F9A_238/INPUTFILES/data_132197421.root 
/tmp/maxwoo/21EF1A6A9139C9FD2A38E59AFB466F9A_238/INPUTFILES/data_132197441.root 
/tmp/maxwoo/21EF1A6A9139C9FD2A38E59AFB466F9A_238/INPUTFILES/data_132197451.root 
/tmp/maxwoo/21EF1A6A9139C9FD2A38E59AFB466F9A_238/INPUTFILES/data_132197461.root 
/tmp/maxwoo/21EF1A6A9139C9FD2A38E59AFB466F9A_238/INPUTFILES/data_132197471.root 
/tmp/maxwoo/21EF1A6A9139C9FD2A38E59AFB466F9A_238/INPUTFILES/data_132197491.root 
/tmp/maxwoo/21EF1A6A9139C9FD2A38E59AFB466F9A_238/INPUTFILES/data_132197501.root 
/tmp/maxwoo/21EF1A6A9139C9FD2A38E59AFB466F9A_238/INPUTFILES/data_132197531.root 
/tmp/maxwoo/21EF1A6A9139C9FD2A38E59AFB466F9A_238/INPUTFILES/data_132197571.root 
/tmp/maxwoo/21EF1A6A9139C9FD2A38E59AFB466F9A_238/INPUTFILES/data_132197611.root 
/tmp/maxwoo/21EF1A6A9139C9FD2A38E59AFB466F9A_238/INPUTFILES/data_132197751.root 
/tmp/maxwoo/21EF1A6A9139C9FD2A38E59AFB466F9A_238/INPUTFILES/data_132197761.root 
/tmp/maxwoo/21EF1A6A9139C9FD2A38E59AFB466F9A_238/INPUTFILES/data_132197791.root 
/tmp/maxwoo/21EF1A6A9139C9FD2A38E59AFB466F9A_238/INPUTFILES/data_132197821.root 
/tmp/maxwoo/21EF1A6A9139C9FD2A38E59AFB466F9A_238/INPUTFILES/data_132199371.root 
/tmp/maxwoo/21EF1A6A9139C9FD2A38E59AFB466F9A_238/INPUTFILES/data_132199381.root 
/tmp/maxwoo/21EF1A6A9139C9FD2A38E59AFB466F9A_238/INPUTFILES/data_132255661.root 
/tmp/maxwoo/21EF1A6A9139C9FD2A38E59AFB466F9A_238/INPUTFILES/data_132255681.root 
/tmp/maxwoo/21EF1A6A9139C9FD2A38E59AFB466F9A_238/INPUTFILES/data_132255691.root 
/tmp/maxwoo/21EF1A6A9139C9FD2A38E59AFB466F9A_238/INPUTFILES/data_132259051.root 
/tmp/maxwoo/21EF1A6A9139C9FD2A38E59AFB466F9A_238/INPUTFILES/data_132355651.root 
/tmp/maxwoo/21EF1A6A9139C9FD2A38E59AFB466F9A_238/INPUTFILES/data_132450331.root 
/tmp/maxwoo/21EF1A6A9139C9FD2A38E59AFB466F9A_238/INPUTFILES/data_132450441.root 
/tmp/maxwoo/21EF1A6A9139C9FD2A38E59AFB466F9A_238/INPUTFILES/data_132450621.root 
/tmp/maxwoo/21EF1A6A9139C9FD2A38E59AFB466F9A_238/INPUTFILES/data_132455641.root 
/tmp/maxwoo/21EF1A6A9139C9FD2A38E59AFB466F9A_238/INPUTFILES/data_132555621.root 
/tmp/maxwoo/21EF1A6A9139C9FD2A38E59AFB466F9A_238/INPUTFILES/data_132680941.root 
/tmp/maxwoo/21EF1A6A9139C9FD2A38E59AFB466F9A_238/INPUTFILES/data_132755591.root 
/tmp/maxwoo/21EF1A6A9139C9FD2A38E59AFB466F9A_238/INPUTFILES/data_132755601.root 
/tmp/maxwoo/21EF1A6A9139C9FD2A38E59AFB466F9A_238/INPUTFILES/data_132890311.root 
/tmp/maxwoo/21EF1A6A9139C9FD2A38E59AFB466F9A_238/INPUTFILES/data_132955581.root 
/tmp/maxwoo/21EF1A6A9139C9FD2A38E59AFB466F9A_238/INPUTFILES/data_133079161.root 
/tmp/maxwoo/21EF1A6A9139C9FD2A38E59AFB466F9A_238/INPUTFILES/data_133100081.root 
/tmp/maxwoo/21EF1A6A9139C9FD2A38E59AFB466F9A_238/INPUTFILES/data_133101201.root 
/tmp/maxwoo/21EF1A6A9139C9FD2A38E59AFB466F9A_238/INPUTFILES/data_133101311.root 
/tmp/maxwoo/21EF1A6A9139C9FD2A38E59AFB466F9A_238/INPUTFILES/data_133107021.root 
++++++++++++++++++++find.++++++++++++++++++++++
.
./.output.log
./lib
./lib/CenMaker_cpp_ACLiC_dict_rdict.pcm
./lib/NpartNormalizer_cpp.so
./lib/my_particle_cpp.so
./lib/MixedBuffer_cpp.so
./lib/my_particle.h
./lib/MixedBuffer_cpp_ACLiC_dict_rdict.pcm
./lib/my_particle.cpp
./lib/my_event_cpp_ACLiC_dict_rdict.pcm
./lib/my_event_cpp.so
./lib/CenMaker_cpp.so
./lib/my_event_cpp.d
./lib/my_event.cpp
./lib/CenMaker.h
./lib/NpartNormalizer.cpp
./lib/MixedBuffer.h
./lib/my_particle_cpp_ACLiC_dict_rdict.pcm
./lib/NpartNormalizer.h
./lib/MixedBuffer_cpp.d
./lib/my_particle_cpp.d
./lib/CenMaker.cpp
./lib/NpartNormalizer_cpp_ACLiC_dict_rdict.pcm
./lib/MixedBuffer.cpp
./lib/NpartNormalizer_cpp.d
./lib/my_event.h
./lib/CenMaker_cpp.d
./.sandboxFiles
./.errror.log
./Check_Sness.C
./INPUTFILES
./INPUTFILES/data_132197761.root
./INPUTFILES/data_132450441.root
./INPUTFILES/data_132755591.root
./INPUTFILES/data_133079161.root
./INPUTFILES/data_132199381.root
./INPUTFILES/data_132680941.root
./INPUTFILES/data_132259051.root
./INPUTFILES/data_132199371.root
./INPUTFILES/data_132197571.root
./INPUTFILES/data_132197441.root
./INPUTFILES/data_132197501.root
./INPUTFILES/data_132197461.root
./INPUTFILES/data_132197421.root
./INPUTFILES/data_132450621.root
./INPUTFILES/data_133107021.root
./INPUTFILES/data_132197611.root
./INPUTFILES/data_132955581.root
./INPUTFILES/data_132197411.root
./INPUTFILES/data_132197491.root
./INPUTFILES/data_133101311.root
./INPUTFILES/data_132455641.root
./INPUTFILES/data_133100081.root
./INPUTFILES/data_132890311.root
./INPUTFILES/data_132255691.root
./INPUTFILES/data_133101201.root
./INPUTFILES/data_132197451.root
./INPUTFILES/data_132255661.root
./INPUTFILES/data_132197791.root
./INPUTFILES/data_132555621.root
./INPUTFILES/data_132255681.root
./INPUTFILES/data_132197471.root
./INPUTFILES/data_132197821.root
./INPUTFILES/data_132755601.root
./INPUTFILES/data_132450331.root
./INPUTFILES/data_132197751.root
./INPUTFILES/data_132355651.root
./INPUTFILES/data_132197531.root
./INPUTFILES/21EF1A6A9139C9FD2A38E59AFB466F9A_238.local.list
./check_S.C
++++++++++++++++INPUTFILE Var++++++++++++++++++
FILELIST=/tmp/maxwoo/21EF1A6A9139C9FD2A38E59AFB466F9A_238/INPUTFILES/21EF1A6A9139C9FD2A38E59AFB466F9A_238.local.list
INPUTFILECOUNT=37
INPUTFILE0=/tmp/maxwoo/21EF1A6A9139C9FD2A38E59AFB466F9A_238/INPUTFILES/data_132197411.root
INPUTFILE1=/tmp/maxwoo/21EF1A6A9139C9FD2A38E59AFB466F9A_238/INPUTFILES/data_132197421.root
INPUTFILE2=/tmp/maxwoo/21EF1A6A9139C9FD2A38E59AFB466F9A_238/INPUTFILES/data_132197441.root
INPUTFILE3=/tmp/maxwoo/21EF1A6A9139C9FD2A38E59AFB466F9A_238/INPUTFILES/data_132197451.root
INPUTFILE4=/tmp/maxwoo/21EF1A6A9139C9FD2A38E59AFB466F9A_238/INPUTFILES/data_132197461.root
INPUTFILE5=/tmp/maxwoo/21EF1A6A9139C9FD2A38E59AFB466F9A_238/INPUTFILES/data_132197471.root
INPUTFILE6=/tmp/maxwoo/21EF1A6A9139C9FD2A38E59AFB466F9A_238/INPUTFILES/data_132197491.root
INPUTFILE7=/tmp/maxwoo/21EF1A6A9139C9FD2A38E59AFB466F9A_238/INPUTFILES/data_132197501.root
INPUTFILE8=/tmp/maxwoo/21EF1A6A9139C9FD2A38E59AFB466F9A_238/INPUTFILES/data_132197531.root
INPUTFILE9=/tmp/maxwoo/21EF1A6A9139C9FD2A38E59AFB466F9A_238/INPUTFILES/data_132197571.root
INPUTFILE10=/tmp/maxwoo/21EF1A6A9139C9FD2A38E59AFB466F9A_238/INPUTFILES/data_132197611.root
INPUTFILE11=/tmp/maxwoo/21EF1A6A9139C9FD2A38E59AFB466F9A_238/INPUTFILES/data_132197751.root
INPUTFILE12=/tmp/maxwoo/21EF1A6A9139C9FD2A38E59AFB466F9A_238/INPUTFILES/data_132197761.root
INPUTFILE13=/tmp/maxwoo/21EF1A6A9139C9FD2A38E59AFB466F9A_238/INPUTFILES/data_132197791.root
INPUTFILE14=/tmp/maxwoo/21EF1A6A9139C9FD2A38E59AFB466F9A_238/INPUTFILES/data_132197821.root
INPUTFILE15=/tmp/maxwoo/21EF1A6A9139C9FD2A38E59AFB466F9A_238/INPUTFILES/data_132199371.root
INPUTFILE16=/tmp/maxwoo/21EF1A6A9139C9FD2A38E59AFB466F9A_238/INPUTFILES/data_132199381.root
INPUTFILE17=/tmp/maxwoo/21EF1A6A9139C9FD2A38E59AFB466F9A_238/INPUTFILES/data_132255661.root
INPUTFILE18=/tmp/maxwoo/21EF1A6A9139C9FD2A38E59AFB466F9A_238/INPUTFILES/data_132255681.root
INPUTFILE19=/tmp/maxwoo/21EF1A6A9139C9FD2A38E59AFB466F9A_238/INPUTFILES/data_132255691.root
INPUTFILE20=/tmp/maxwoo/21EF1A6A9139C9FD2A38E59AFB466F9A_238/INPUTFILES/data_132259051.root
INPUTFILE21=/tmp/maxwoo/21EF1A6A9139C9FD2A38E59AFB466F9A_238/INPUTFILES/data_132355651.root
INPUTFILE22=/tmp/maxwoo/21EF1A6A9139C9FD2A38E59AFB466F9A_238/INPUTFILES/data_132450331.root
INPUTFILE23=/tmp/maxwoo/21EF1A6A9139C9FD2A38E59AFB466F9A_238/INPUTFILES/data_132450441.root
INPUTFILE24=/tmp/maxwoo/21EF1A6A9139C9FD2A38E59AFB466F9A_238/INPUTFILES/data_132450621.root
INPUTFILE25=/tmp/maxwoo/21EF1A6A9139C9FD2A38E59AFB466F9A_238/INPUTFILES/data_132455641.root
INPUTFILE26=/tmp/maxwoo/21EF1A6A9139C9FD2A38E59AFB466F9A_238/INPUTFILES/data_132555621.root
INPUTFILE27=/tmp/maxwoo/21EF1A6A9139C9FD2A38E59AFB466F9A_238/INPUTFILES/data_132680941.root
INPUTFILE28=/tmp/maxwoo/21EF1A6A9139C9FD2A38E59AFB466F9A_238/INPUTFILES/data_132755591.root
INPUTFILE29=/tmp/maxwoo/21EF1A6A9139C9FD2A38E59AFB466F9A_238/INPUTFILES/data_132755601.root
INPUTFILE30=/tmp/maxwoo/21EF1A6A9139C9FD2A38E59AFB466F9A_238/INPUTFILES/data_132890311.root
INPUTFILE31=/tmp/maxwoo/21EF1A6A9139C9FD2A38E59AFB466F9A_238/INPUTFILES/data_132955581.root
INPUTFILE32=/tmp/maxwoo/21EF1A6A9139C9FD2A38E59AFB466F9A_238/INPUTFILES/data_133079161.root
INPUTFILE33=/tmp/maxwoo/21EF1A6A9139C9FD2A38E59AFB466F9A_238/INPUTFILES/data_133100081.root
INPUTFILE34=/tmp/maxwoo/21EF1A6A9139C9FD2A38E59AFB466F9A_238/INPUTFILES/data_133101201.root
INPUTFILE35=/tmp/maxwoo/21EF1A6A9139C9FD2A38E59AFB466F9A_238/INPUTFILES/data_133101311.root
INPUTFILE36=/tmp/maxwoo/21EF1A6A9139C9FD2A38E59AFB466F9A_238/INPUTFILES/data_133107021.root
LocalInputFileDir=/tmp/maxwoo/21EF1A6A9139C9FD2A38E59AFB466F9A_238/INPUTFILES
NewFILELIST=/tmp/maxwoo/21EF1A6A9139C9FD2A38E59AFB466F9A_238/INPUTFILES/21EF1A6A9139C9FD2A38E59AFB466F9A_238.local.list
+++++++++++++++++++++++++++++++++++++++++++++++
--------------------------------
Simple Unified Meta Scheduler 1.10.50 we are starting in $SCRATCH : /home/tmp/maxwoo/21EF1A6A9139C9FD2A38E59AFB466F9A_238
--------------------------------
total 16
lrwxrwxrwx 1 maxwoo rhstar   61 Jun  2 11:39 check_S.C -> /gpfs/mnt/gpfs01/star/pwg/xiatong/git/strangeness/./check_S.C
lrwxrwxrwx 1 maxwoo rhstar   65 Jun  2 11:39 Check_Sness.C -> /gpfs/mnt/gpfs01/star/pwg/xiatong/git/strangeness/./Check_Sness.C
drwxr-xr-x 2 maxwoo rhstar 4096 Jun  2 11:46 INPUTFILES
drwxr-xr-x 2 maxwoo rhstar 4096 Jun  2 11:39 lib
  *******************************************
  *                                         *
  *        W E L C O M E  to  R O O T       *
  *                                         *
  *   Version   5.34/38     12 March 2018   *
  *                                         *
  *  You are welcome to visit our Web site  *
  *          http://root.cern.ch            *
  *                                         *
  *******************************************

ROOT 5.34/38 (v5-34-38@v5-34-38, Mar 12 2018, 15:49:39 on linux)

CINT/ROOT C/C++ Interpreter version 5.18.00, July 2, 2010
Type ? for help. Commands must be C++ statements.
Enclose multiple statements between { }.
*** Float Point Exception is OFF ***
 *** Start at Date : Thu Jun  2 11:46:53 2022
QAInfo:You are using STAR_LEVEL : dev, ROOT_LEVEL : 5.34.38 and node : rcas6324.rcf.bnl.gov 

Processing check_S.C++("/tmp/maxwoo/21EF1A6A9139C9FD2A38E59AFB466F9A_238/INPUTFILES/21EF1A6A9139C9FD2A38E59AFB466F9A_238.local.list","21EF1A6A9139C9FD2A38E59AFB466F9A_238",1)...
/tmp/maxwoo/21EF1A6A9139C9FD2A38E59AFB466F9A_238/INPUTFILES/data_132197411.root 
/tmp/maxwoo/21EF1A6A9139C9FD2A38E59AFB466F9A_238/INPUTFILES/data_132197421.root 
/tmp/maxwoo/21EF1A6A9139C9FD2A38E59AFB466F9A_238/INPUTFILES/data_132197441.root 
/tmp/maxwoo/21EF1A6A9139C9FD2A38E59AFB466F9A_238/INPUTFILES/data_132197451.root 
/tmp/maxwoo/21EF1A6A9139C9FD2A38E59AFB466F9A_238/INPUTFILES/data_132197461.root 
/tmp/maxwoo/21EF1A6A9139C9FD2A38E59AFB466F9A_238/INPUTFILES/data_132197471.root 
/tmp/maxwoo/21EF1A6A9139C9FD2A38E59AFB466F9A_238/INPUTFILES/data_132197491.root 
/tmp/maxwoo/21EF1A6A9139C9FD2A38E59AFB466F9A_238/INPUTFILES/data_132197501.root 
/tmp/maxwoo/21EF1A6A9139C9FD2A38E59AFB466F9A_238/INPUTFILES/data_132197531.root 
/tmp/maxwoo/21EF1A6A9139C9FD2A38E59AFB466F9A_238/INPUTFILES/data_132197571.root 
/tmp/maxwoo/21EF1A6A9139C9FD2A38E59AFB466F9A_238/INPUTFILES/data_132197611.root 
/tmp/maxwoo/21EF1A6A9139C9FD2A38E59AFB466F9A_238/INPUTFILES/data_132197751.root 
/tmp/maxwoo/21EF1A6A9139C9FD2A38E59AFB466F9A_238/INPUTFILES/data_132197761.root 
/tmp/maxwoo/21EF1A6A9139C9FD2A38E59AFB466F9A_238/INPUTFILES/data_132197791.root 
/tmp/maxwoo/21EF1A6A9139C9FD2A38E59AFB466F9A_238/INPUTFILES/data_132197821.root 
/tmp/maxwoo/21EF1A6A9139C9FD2A38E59AFB466F9A_238/INPUTFILES/data_132199371.root 
/tmp/maxwoo/21EF1A6A9139C9FD2A38E59AFB466F9A_238/INPUTFILES/data_132199381.root 
/tmp/maxwoo/21EF1A6A9139C9FD2A38E59AFB466F9A_238/INPUTFILES/data_132255661.root 
/tmp/maxwoo/21EF1A6A9139C9FD2A38E59AFB466F9A_238/INPUTFILES/data_132255681.root 
/tmp/maxwoo/21EF1A6A9139C9FD2A38E59AFB466F9A_238/INPUTFILES/data_132255691.root 
/tmp/maxwoo/21EF1A6A9139C9FD2A38E59AFB466F9A_238/INPUTFILES/data_132259051.root 
/tmp/maxwoo/21EF1A6A9139C9FD2A38E59AFB466F9A_238/INPUTFILES/data_132355651.root 
/tmp/maxwoo/21EF1A6A9139C9FD2A38E59AFB466F9A_238/INPUTFILES/data_132450331.root 
/tmp/maxwoo/21EF1A6A9139C9FD2A38E59AFB466F9A_238/INPUTFILES/data_132450441.root 
/tmp/maxwoo/21EF1A6A9139C9FD2A38E59AFB466F9A_238/INPUTFILES/data_132450621.root 
/tmp/maxwoo/21EF1A6A9139C9FD2A38E59AFB466F9A_238/INPUTFILES/data_132455641.root 
/tmp/maxwoo/21EF1A6A9139C9FD2A38E59AFB466F9A_238/INPUTFILES/data_132555621.root 
/tmp/maxwoo/21EF1A6A9139C9FD2A38E59AFB466F9A_238/INPUTFILES/data_132680941.root 
/tmp/maxwoo/21EF1A6A9139C9FD2A38E59AFB466F9A_238/INPUTFILES/data_132755591.root 
/tmp/maxwoo/21EF1A6A9139C9FD2A38E59AFB466F9A_238/INPUTFILES/data_132755601.root 
/tmp/maxwoo/21EF1A6A9139C9FD2A38E59AFB466F9A_238/INPUTFILES/data_132890311.root 
/tmp/maxwoo/21EF1A6A9139C9FD2A38E59AFB466F9A_238/INPUTFILES/data_132955581.root 
/tmp/maxwoo/21EF1A6A9139C9FD2A38E59AFB466F9A_238/INPUTFILES/data_133079161.root 
/tmp/maxwoo/21EF1A6A9139C9FD2A38E59AFB466F9A_238/INPUTFILES/data_133100081.root 
/tmp/maxwoo/21EF1A6A9139C9FD2A38E59AFB466F9A_238/INPUTFILES/data_133101201.root 
/tmp/maxwoo/21EF1A6A9139C9FD2A38E59AFB466F9A_238/INPUTFILES/data_133101311.root 
/tmp/maxwoo/21EF1A6A9139C9FD2A38E59AFB466F9A_238/INPUTFILES/data_133107021.root 
Added 37 files
# entries in chain: 36280
Processing entry == 1000 == out of 36280.
Processing entry == 2000 == out of 36280.
Processing entry == 3000 == out of 36280.
Processing entry == 4000 == out of 36280.
Processing entry == 5000 == out of 36280.
Processing entry == 6000 == out of 36280.
Processing entry == 7000 == out of 36280.
Processing entry == 8000 == out of 36280.
Processing entry == 9000 == out of 36280.
Processing entry == 10000 == out of 36280.
Processing entry == 11000 == out of 36280.
Processing entry == 12000 == out of 36280.
Processing entry == 13000 == out of 36280.
Processing entry == 14000 == out of 36280.
Processing entry == 15000 == out of 36280.
Processing entry == 16000 == out of 36280.
Processing entry == 17000 == out of 36280.
Processing entry == 18000 == out of 36280.
Processing entry == 19000 == out of 36280.
Processing entry == 20000 == out of 36280.
Processing entry == 21000 == out of 36280.
Processing entry == 22000 == out of 36280.
Processing entry == 23000 == out of 36280.
Processing entry == 24000 == out of 36280.
Processing entry == 25000 == out of 36280.
Processing entry == 26000 == out of 36280.
Processing entry == 27000 == out of 36280.
Processing entry == 28000 == out of 36280.
Processing entry == 29000 == out of 36280.
Processing entry == 30000 == out of 36280.
Processing entry == 31000 == out of 36280.
Processing entry == 32000 == out of 36280.
Processing entry == 33000 == out of 36280.
Processing entry == 34000 == out of 36280.
Processing entry == 35000 == out of 36280.
Processing entry == 36000 == out of 36280.

This is the end of ROOT -- Goodbye

Cleaning up sandbox file:  /tmp/maxwoo/21EF1A6A9139C9FD2A38E59AFB466F9A_238/check_S.C
Cleaning up sandbox file:  /tmp/maxwoo/21EF1A6A9139C9FD2A38E59AFB466F9A_238/Check_Sness.C
Cleaning up sandbox file:  /tmp/maxwoo/21EF1A6A9139C9FD2A38E59AFB466F9A_238/lib
Cleaning up sandbox file:  /tmp/maxwoo/21EF1A6A9139C9FD2A38E59AFB466F9A_238/.sandboxFiles
Starting copy block
Running copy command:  /bin/cp -fp /tmp/maxwoo/21EF1A6A9139C9FD2A38E59AFB466F9A_238/out_21EF1A6A9139C9FD2A38E59AFB466F9A_238.root /star/data01/pwg/xiatong/git/strangeness/data/
17822 Execution of (/star/data01/pwg/xiatong/git/strangeness/script/sched21EF1A6A9139C9FD2A38E59AFB466F9A_238.csh ) has ended, exiting normally
17822 We END on [Thu Jun  2 12:08:05 EDT 2022]
