We are starting on node: spool0829.sdcc.bnl.gov
HOME is not defined
Using getent method
HOME is now /star/u/maxwoo
57864 We will spawn ourselves (/star/data01/pwg/xiatong/git/strangeness/script/sched21EF1A6A9139C9FD2A38E59AFB466F9A_664.csh )
57864 We BEGIN on [Thu Jun  2 11:27:05 EDT 2022]
[1] 58057
57864 We are waiting for 58057 
57864 Grandchild PID is 58355 - found in 10 x 1 seconds
57864 Establishing first watcher   on    Thu Jun  2 11:27:16 EDT 2022
57864 Process tree is 57864 (main) -> 58057 (child) -> 58355 (grandchild)
F S   UID    PID   PPID  C PRI  NI ADDR SZ WCHAN  TTY        TIME CMD
0 D 100667 58355  58057  0  80   0 - 32311 cxiWai ?          0:00 cp /star/data01/pwg/xiatong/AMPT/14GeV/data_266177761.root /tmp/maxwoo/21EF1A6A9139C9FD2A38E59AFB466F9A_664/INPUTFILES/data_266177761.root
57864 Grandchild PID is 61418 - found in 20 x 2 seconds
57864 Grandchild to watch has changed on Thu Jun  2 11:27:37 EDT 2022
57864 Process tree is 57864 (main) -> 58057 (child) -> 61418 (grandchild)
F S   UID    PID   PPID  C PRI  NI ADDR SZ WCHAN  TTY        TIME CMD
0 D 100667 61418  58057  0  80   0 - 32311 cxiWai ?          0:00 cp /star/data01/pwg/xiatong/AMPT/14GeV/data_266177951.root /tmp/maxwoo/21EF1A6A9139C9FD2A38E59AFB466F9A_664/INPUTFILES/data_266177951.root
57864 Grandchild PID is 64093 - found in 30 x 2 seconds
57864 Grandchild to watch has changed on Thu Jun  2 11:27:58 EDT 2022
57864 Process tree is 57864 (main) -> 58057 (child) -> 64093 (grandchild)
F S   UID    PID   PPID  C PRI  NI ADDR SZ WCHAN  TTY        TIME CMD
0 D 100667 64093  58057  0  80   0 - 32311 cxiWai ?          0:00 cp /star/data01/pwg/xiatong/AMPT/14GeV/data_266178011.root /tmp/maxwoo/21EF1A6A9139C9FD2A38E59AFB466F9A_664/INPUTFILES/data_266178011.root
57864 Grandchild PID is 68532 - found in 40 x 2 seconds
57864 Grandchild to watch has changed on Thu Jun  2 11:28:19 EDT 2022
57864 Process tree is 57864 (main) -> 58057 (child) -> 68532 (grandchild)
F S   UID    PID   PPID  C PRI  NI ADDR SZ WCHAN  TTY        TIME CMD
0 D 100667 68532  58057  0  80   0 - 32311 cxiWai ?          0:00 cp /star/data01/pwg/xiatong/AMPT/14GeV/data_266178321.root /tmp/maxwoo/21EF1A6A9139C9FD2A38E59AFB466F9A_664/INPUTFILES/data_266178321.root
57864 Grandchild PID is 70818 - found in 60 x 2 seconds
57864 Grandchild to watch has changed on Thu Jun  2 11:29:00 EDT 2022
57864 Process tree is 57864 (main) -> 58057 (child) -> 70818 (grandchild)
F S   UID    PID   PPID  C PRI  NI ADDR SZ WCHAN  TTY        TIME CMD
0 D 100667 70818  58057  0  80   0 - 32311 cxiWai ?          0:00 cp /star/data01/pwg/xiatong/AMPT/14GeV/data_266189091.root /tmp/maxwoo/21EF1A6A9139C9FD2A38E59AFB466F9A_664/INPUTFILES/data_266189091.root
57864 Grandchild PID is 73557 - found in 70 x 2 seconds
57864 Grandchild to watch has changed on Thu Jun  2 11:29:21 EDT 2022
57864 Process tree is 57864 (main) -> 58057 (child) -> 73557 (grandchild)
F S   UID    PID   PPID  C PRI  NI ADDR SZ WCHAN  TTY        TIME CMD
0 D 100667 73557  58057  0  80   0 - 32311 cxiWai ?          0:00 cp /star/data01/pwg/xiatong/AMPT/14GeV/data_266237171.root /tmp/maxwoo/21EF1A6A9139C9FD2A38E59AFB466F9A_664/INPUTFILES/data_266237171.root
57864 Grandchild PID is 74338 - found in 80 x 2 seconds
57864 Grandchild to watch has changed on Thu Jun  2 11:29:42 EDT 2022
57864 Process tree is 57864 (main) -> 58057 (child) -> 74338 (grandchild)
F S   UID    PID   PPID  C PRI  NI ADDR SZ WCHAN  TTY        TIME CMD
0 D 100667 74338  58057  0  80   0 - 32311 cxiWai ?          0:00 cp /star/data01/pwg/xiatong/AMPT/14GeV/data_266375411.root /tmp/maxwoo/21EF1A6A9139C9FD2A38E59AFB466F9A_664/INPUTFILES/data_266375411.root
57864 Grandchild PID is 76005 - found in 90 x 2 seconds
57864 Grandchild to watch has changed on Thu Jun  2 11:30:03 EDT 2022
57864 Process tree is 57864 (main) -> 58057 (child) -> 76005 (grandchild)
F S   UID    PID   PPID  C PRI  NI ADDR SZ WCHAN  TTY        TIME CMD
0 D 100667 76005  58057  0  80   0 - 32311 cxiWai ?          0:00 cp /star/data01/pwg/xiatong/AMPT/14GeV/data_266375521.root /tmp/maxwoo/21EF1A6A9139C9FD2A38E59AFB466F9A_664/INPUTFILES/data_266375521.root
57864 Grandchild PID is 79654 - found in 100 x 2 seconds
57864 Grandchild to watch has changed on Thu Jun  2 11:30:24 EDT 2022
57864 Process tree is 57864 (main) -> 58057 (child) -> 79654 (grandchild)
F S   UID    PID   PPID  C PRI  NI ADDR SZ WCHAN  TTY        TIME CMD
0 D 100667 79654  58057  0  80   0 - 32311 cxiWai ?          0:00 cp /star/data01/pwg/xiatong/AMPT/14GeV/data_266415221.root /tmp/maxwoo/21EF1A6A9139C9FD2A38E59AFB466F9A_664/INPUTFILES/data_266415221.root
57864 Grandchild PID is 83256 - found in 120 x 2 seconds
57864 Grandchild to watch has changed on Thu Jun  2 11:31:05 EDT 2022
57864 Process tree is 57864 (main) -> 58057 (child) -> 83256 (grandchild)
F S   UID    PID   PPID  C PRI  NI ADDR SZ WCHAN  TTY        TIME CMD
0 D 100667 83256  58057  0  80   0 - 32311 cxiWai ?          0:00 cp /star/data01/pwg/xiatong/AMPT/14GeV/data_266475161.root /tmp/maxwoo/21EF1A6A9139C9FD2A38E59AFB466F9A_664/INPUTFILES/data_266475161.root
57864 Grandchild PID is 86706 - found in 140 x 2 seconds
57864 Grandchild to watch has changed on Thu Jun  2 11:31:47 EDT 2022
57864 Process tree is 57864 (main) -> 58057 (child) -> 86706 (grandchild)
F S   UID    PID   PPID  C PRI  NI ADDR SZ WCHAN  TTY        TIME CMD
0 D 100667 86706  58057  0  80   0 - 32311 cxiWai ?          0:00 cp /star/data01/pwg/xiatong/AMPT/14GeV/data_266515181.root /tmp/maxwoo/21EF1A6A9139C9FD2A38E59AFB466F9A_664/INPUTFILES/data_266515181.root
57864 Grandchild PID is 88954 - found in 150 x 2 seconds
57864 Grandchild to watch has changed on Thu Jun  2 11:32:07 EDT 2022
57864 Process tree is 57864 (main) -> 58057 (child) -> 88954 (grandchild)
F S   UID    PID   PPID  C PRI  NI ADDR SZ WCHAN  TTY        TIME CMD
0 D 100667 88954  58057  0  80   0 - 32311 cxiWai ?          0:00 cp /star/data01/pwg/xiatong/AMPT/14GeV/data_266575121.root /tmp/maxwoo/21EF1A6A9139C9FD2A38E59AFB466F9A_664/INPUTFILES/data_266575121.root
57864 Grandchild PID is 91288 - found in 160 x 2 seconds
57864 Grandchild to watch has changed on Thu Jun  2 11:32:28 EDT 2022
57864 Process tree is 57864 (main) -> 58057 (child) -> 91288 (grandchild)
F S   UID    PID   PPID  C PRI  NI ADDR SZ WCHAN  TTY        TIME CMD
0 S 100667 91288  58057  0  80   0 -  1272 do_wai ?          0:00 root -b -q check_S.C++("/tmp/maxwoo/21EF1A6A9139C9FD2A38E59AFB466F9A_664/INPUTFILES/21EF1A6A9139C9FD2A38E59AFB466F9A_664.local.list","21EF1A6A9139C9FD2A38E59AFB466F9A_664",1)
57864 Grandchild PID is 198452 - found in 740 x 2 seconds
57864 Grandchild to watch has changed on Thu Jun  2 11:52:44 EDT 2022
57864 Process tree is 57864 (main) -> 58057 (child) -> 198452 (grandchild)
F S   UID    PID   PPID  C PRI  NI ADDR SZ WCHAN  TTY        TIME CMD
0 D 100667 198452 58057  0  80   0 - 30261 cxiWai ?          0:00 /bin/cp -fp /tmp/maxwoo/21EF1A6A9139C9FD2A38E59AFB466F9A_664/out_21EF1A6A9139C9FD2A38E59AFB466F9A_664.root /star/data01/pwg/xiatong/git/strangeness/data/
58057 Stepping into the main SUMS wrapper program with []
.... building sandbox
Running: cp /star/data01/pwg/xiatong/AMPT/14GeV/data_266177661.root /tmp/maxwoo/21EF1A6A9139C9FD2A38E59AFB466F9A_664/INPUTFILES/data_266177661.root
Running: cp /star/data01/pwg/xiatong/AMPT/14GeV/data_266177671.root /tmp/maxwoo/21EF1A6A9139C9FD2A38E59AFB466F9A_664/INPUTFILES/data_266177671.root
Running: cp /star/data01/pwg/xiatong/AMPT/14GeV/data_266177681.root /tmp/maxwoo/21EF1A6A9139C9FD2A38E59AFB466F9A_664/INPUTFILES/data_266177681.root
Running: cp /star/data01/pwg/xiatong/AMPT/14GeV/data_266177691.root /tmp/maxwoo/21EF1A6A9139C9FD2A38E59AFB466F9A_664/INPUTFILES/data_266177691.root
Running: cp /star/data01/pwg/xiatong/AMPT/14GeV/data_266177761.root /tmp/maxwoo/21EF1A6A9139C9FD2A38E59AFB466F9A_664/INPUTFILES/data_266177761.root
Running: cp /star/data01/pwg/xiatong/AMPT/14GeV/data_266177881.root /tmp/maxwoo/21EF1A6A9139C9FD2A38E59AFB466F9A_664/INPUTFILES/data_266177881.root
Running: cp /star/data01/pwg/xiatong/AMPT/14GeV/data_266177891.root /tmp/maxwoo/21EF1A6A9139C9FD2A38E59AFB466F9A_664/INPUTFILES/data_266177891.root
Running: cp /star/data01/pwg/xiatong/AMPT/14GeV/data_266177901.root /tmp/maxwoo/21EF1A6A9139C9FD2A38E59AFB466F9A_664/INPUTFILES/data_266177901.root
Running: cp /star/data01/pwg/xiatong/AMPT/14GeV/data_266177951.root /tmp/maxwoo/21EF1A6A9139C9FD2A38E59AFB466F9A_664/INPUTFILES/data_266177951.root
Running: cp /star/data01/pwg/xiatong/AMPT/14GeV/data_266178011.root /tmp/maxwoo/21EF1A6A9139C9FD2A38E59AFB466F9A_664/INPUTFILES/data_266178011.root
Running: cp /star/data01/pwg/xiatong/AMPT/14GeV/data_266178041.root /tmp/maxwoo/21EF1A6A9139C9FD2A38E59AFB466F9A_664/INPUTFILES/data_266178041.root
Running: cp /star/data01/pwg/xiatong/AMPT/14GeV/data_266178181.root /tmp/maxwoo/21EF1A6A9139C9FD2A38E59AFB466F9A_664/INPUTFILES/data_266178181.root
Running: cp /star/data01/pwg/xiatong/AMPT/14GeV/data_266178271.root /tmp/maxwoo/21EF1A6A9139C9FD2A38E59AFB466F9A_664/INPUTFILES/data_266178271.root
Running: cp /star/data01/pwg/xiatong/AMPT/14GeV/data_266178321.root /tmp/maxwoo/21EF1A6A9139C9FD2A38E59AFB466F9A_664/INPUTFILES/data_266178321.root
Running: cp /star/data01/pwg/xiatong/AMPT/14GeV/data_266178571.root /tmp/maxwoo/21EF1A6A9139C9FD2A38E59AFB466F9A_664/INPUTFILES/data_266178571.root
Running: cp /star/data01/pwg/xiatong/AMPT/14GeV/data_266189091.root /tmp/maxwoo/21EF1A6A9139C9FD2A38E59AFB466F9A_664/INPUTFILES/data_266189091.root
Running: cp /star/data01/pwg/xiatong/AMPT/14GeV/data_266191601.root /tmp/maxwoo/21EF1A6A9139C9FD2A38E59AFB466F9A_664/INPUTFILES/data_266191601.root
Running: cp /star/data01/pwg/xiatong/AMPT/14GeV/data_266195811.root /tmp/maxwoo/21EF1A6A9139C9FD2A38E59AFB466F9A_664/INPUTFILES/data_266195811.root
Running: cp /star/data01/pwg/xiatong/AMPT/14GeV/data_266215241.root /tmp/maxwoo/21EF1A6A9139C9FD2A38E59AFB466F9A_664/INPUTFILES/data_266215241.root
Running: cp /star/data01/pwg/xiatong/AMPT/14GeV/data_266215321.root /tmp/maxwoo/21EF1A6A9139C9FD2A38E59AFB466F9A_664/INPUTFILES/data_266215321.root
Running: cp /star/data01/pwg/xiatong/AMPT/14GeV/data_266219381.root /tmp/maxwoo/21EF1A6A9139C9FD2A38E59AFB466F9A_664/INPUTFILES/data_266219381.root
Running: cp /star/data01/pwg/xiatong/AMPT/14GeV/data_266237171.root /tmp/maxwoo/21EF1A6A9139C9FD2A38E59AFB466F9A_664/INPUTFILES/data_266237171.root
Running: cp /star/data01/pwg/xiatong/AMPT/14GeV/data_266375301.root /tmp/maxwoo/21EF1A6A9139C9FD2A38E59AFB466F9A_664/INPUTFILES/data_266375301.root
Running: cp /star/data01/pwg/xiatong/AMPT/14GeV/data_266375411.root /tmp/maxwoo/21EF1A6A9139C9FD2A38E59AFB466F9A_664/INPUTFILES/data_266375411.root
Running: cp /star/data01/pwg/xiatong/AMPT/14GeV/data_266375461.root /tmp/maxwoo/21EF1A6A9139C9FD2A38E59AFB466F9A_664/INPUTFILES/data_266375461.root
Running: cp /star/data01/pwg/xiatong/AMPT/14GeV/data_266375521.root /tmp/maxwoo/21EF1A6A9139C9FD2A38E59AFB466F9A_664/INPUTFILES/data_266375521.root
Running: cp /star/data01/pwg/xiatong/AMPT/14GeV/data_266415191.root /tmp/maxwoo/21EF1A6A9139C9FD2A38E59AFB466F9A_664/INPUTFILES/data_266415191.root
Running: cp /star/data01/pwg/xiatong/AMPT/14GeV/data_266415201.root /tmp/maxwoo/21EF1A6A9139C9FD2A38E59AFB466F9A_664/INPUTFILES/data_266415201.root
Running: cp /star/data01/pwg/xiatong/AMPT/14GeV/data_266415211.root /tmp/maxwoo/21EF1A6A9139C9FD2A38E59AFB466F9A_664/INPUTFILES/data_266415211.root
Running: cp /star/data01/pwg/xiatong/AMPT/14GeV/data_266415221.root /tmp/maxwoo/21EF1A6A9139C9FD2A38E59AFB466F9A_664/INPUTFILES/data_266415221.root
Running: cp /star/data01/pwg/xiatong/AMPT/14GeV/data_266415301.root /tmp/maxwoo/21EF1A6A9139C9FD2A38E59AFB466F9A_664/INPUTFILES/data_266415301.root
Running: cp /star/data01/pwg/xiatong/AMPT/14GeV/data_266475161.root /tmp/maxwoo/21EF1A6A9139C9FD2A38E59AFB466F9A_664/INPUTFILES/data_266475161.root
Running: cp /star/data01/pwg/xiatong/AMPT/14GeV/data_266475321.root /tmp/maxwoo/21EF1A6A9139C9FD2A38E59AFB466F9A_664/INPUTFILES/data_266475321.root
Running: cp /star/data01/pwg/xiatong/AMPT/14GeV/data_266475341.root /tmp/maxwoo/21EF1A6A9139C9FD2A38E59AFB466F9A_664/INPUTFILES/data_266475341.root
Running: cp /star/data01/pwg/xiatong/AMPT/14GeV/data_266515171.root /tmp/maxwoo/21EF1A6A9139C9FD2A38E59AFB466F9A_664/INPUTFILES/data_266515171.root
Running: cp /star/data01/pwg/xiatong/AMPT/14GeV/data_266515181.root /tmp/maxwoo/21EF1A6A9139C9FD2A38E59AFB466F9A_664/INPUTFILES/data_266515181.root
Running: cp /star/data01/pwg/xiatong/AMPT/14GeV/data_266575121.root /tmp/maxwoo/21EF1A6A9139C9FD2A38E59AFB466F9A_664/INPUTFILES/data_266575121.root
Swapping $FILELIST with: /tmp/maxwoo/21EF1A6A9139C9FD2A38E59AFB466F9A_664/INPUTFILES/21EF1A6A9139C9FD2A38E59AFB466F9A_664.local.list
+++++++++++local copy debug++++++++++++++++++++
newFileList: /tmp/maxwoo/21EF1A6A9139C9FD2A38E59AFB466F9A_664/INPUTFILES/21EF1A6A9139C9FD2A38E59AFB466F9A_664.local.list
++++++++++++++++cat FILELIST+++++++++++++++++++
/tmp/maxwoo/21EF1A6A9139C9FD2A38E59AFB466F9A_664/INPUTFILES/data_266177661.root 
/tmp/maxwoo/21EF1A6A9139C9FD2A38E59AFB466F9A_664/INPUTFILES/data_266177671.root 
/tmp/maxwoo/21EF1A6A9139C9FD2A38E59AFB466F9A_664/INPUTFILES/data_266177681.root 
/tmp/maxwoo/21EF1A6A9139C9FD2A38E59AFB466F9A_664/INPUTFILES/data_266177691.root 
/tmp/maxwoo/21EF1A6A9139C9FD2A38E59AFB466F9A_664/INPUTFILES/data_266177761.root 
/tmp/maxwoo/21EF1A6A9139C9FD2A38E59AFB466F9A_664/INPUTFILES/data_266177881.root 
/tmp/maxwoo/21EF1A6A9139C9FD2A38E59AFB466F9A_664/INPUTFILES/data_266177891.root 
/tmp/maxwoo/21EF1A6A9139C9FD2A38E59AFB466F9A_664/INPUTFILES/data_266177901.root 
/tmp/maxwoo/21EF1A6A9139C9FD2A38E59AFB466F9A_664/INPUTFILES/data_266177951.root 
/tmp/maxwoo/21EF1A6A9139C9FD2A38E59AFB466F9A_664/INPUTFILES/data_266178011.root 
/tmp/maxwoo/21EF1A6A9139C9FD2A38E59AFB466F9A_664/INPUTFILES/data_266178041.root 
/tmp/maxwoo/21EF1A6A9139C9FD2A38E59AFB466F9A_664/INPUTFILES/data_266178181.root 
/tmp/maxwoo/21EF1A6A9139C9FD2A38E59AFB466F9A_664/INPUTFILES/data_266178271.root 
/tmp/maxwoo/21EF1A6A9139C9FD2A38E59AFB466F9A_664/INPUTFILES/data_266178321.root 
/tmp/maxwoo/21EF1A6A9139C9FD2A38E59AFB466F9A_664/INPUTFILES/data_266178571.root 
/tmp/maxwoo/21EF1A6A9139C9FD2A38E59AFB466F9A_664/INPUTFILES/data_266189091.root 
/tmp/maxwoo/21EF1A6A9139C9FD2A38E59AFB466F9A_664/INPUTFILES/data_266191601.root 
/tmp/maxwoo/21EF1A6A9139C9FD2A38E59AFB466F9A_664/INPUTFILES/data_266195811.root 
/tmp/maxwoo/21EF1A6A9139C9FD2A38E59AFB466F9A_664/INPUTFILES/data_266215241.root 
/tmp/maxwoo/21EF1A6A9139C9FD2A38E59AFB466F9A_664/INPUTFILES/data_266215321.root 
/tmp/maxwoo/21EF1A6A9139C9FD2A38E59AFB466F9A_664/INPUTFILES/data_266219381.root 
/tmp/maxwoo/21EF1A6A9139C9FD2A38E59AFB466F9A_664/INPUTFILES/data_266237171.root 
/tmp/maxwoo/21EF1A6A9139C9FD2A38E59AFB466F9A_664/INPUTFILES/data_266375301.root 
/tmp/maxwoo/21EF1A6A9139C9FD2A38E59AFB466F9A_664/INPUTFILES/data_266375411.root 
/tmp/maxwoo/21EF1A6A9139C9FD2A38E59AFB466F9A_664/INPUTFILES/data_266375461.root 
/tmp/maxwoo/21EF1A6A9139C9FD2A38E59AFB466F9A_664/INPUTFILES/data_266375521.root 
/tmp/maxwoo/21EF1A6A9139C9FD2A38E59AFB466F9A_664/INPUTFILES/data_266415191.root 
/tmp/maxwoo/21EF1A6A9139C9FD2A38E59AFB466F9A_664/INPUTFILES/data_266415201.root 
/tmp/maxwoo/21EF1A6A9139C9FD2A38E59AFB466F9A_664/INPUTFILES/data_266415211.root 
/tmp/maxwoo/21EF1A6A9139C9FD2A38E59AFB466F9A_664/INPUTFILES/data_266415221.root 
/tmp/maxwoo/21EF1A6A9139C9FD2A38E59AFB466F9A_664/INPUTFILES/data_266415301.root 
/tmp/maxwoo/21EF1A6A9139C9FD2A38E59AFB466F9A_664/INPUTFILES/data_266475161.root 
/tmp/maxwoo/21EF1A6A9139C9FD2A38E59AFB466F9A_664/INPUTFILES/data_266475321.root 
/tmp/maxwoo/21EF1A6A9139C9FD2A38E59AFB466F9A_664/INPUTFILES/data_266475341.root 
/tmp/maxwoo/21EF1A6A9139C9FD2A38E59AFB466F9A_664/INPUTFILES/data_266515171.root 
/tmp/maxwoo/21EF1A6A9139C9FD2A38E59AFB466F9A_664/INPUTFILES/data_266515181.root 
/tmp/maxwoo/21EF1A6A9139C9FD2A38E59AFB466F9A_664/INPUTFILES/data_266575121.root 
++++++++++++++++++++find.++++++++++++++++++++++
.
./.sandboxFiles
./INPUTFILES
./INPUTFILES/data_266178011.root
./INPUTFILES/data_266177891.root
./INPUTFILES/data_266415201.root
./INPUTFILES/data_266215241.root
./INPUTFILES/data_266178321.root
./INPUTFILES/data_266177951.root
./INPUTFILES/data_266475321.root
./INPUTFILES/data_266189091.root
./INPUTFILES/data_266375301.root
./INPUTFILES/21EF1A6A9139C9FD2A38E59AFB466F9A_664.local.list
./INPUTFILES/data_266215321.root
./INPUTFILES/data_266375411.root
./INPUTFILES/data_266178571.root
./INPUTFILES/data_266575121.root
./INPUTFILES/data_266375521.root
./INPUTFILES/data_266415191.root
./INPUTFILES/data_266177671.root
./INPUTFILES/data_266178041.root
./INPUTFILES/data_266415211.root
./INPUTFILES/data_266177681.root
./INPUTFILES/data_266178271.root
./INPUTFILES/data_266375461.root
./INPUTFILES/data_266177881.root
./INPUTFILES/data_266177661.root
./INPUTFILES/data_266515181.root
./INPUTFILES/data_266178181.root
./INPUTFILES/data_266195811.root
./INPUTFILES/data_266515171.root
./INPUTFILES/data_266177901.root
./INPUTFILES/data_266237171.root
./INPUTFILES/data_266191601.root
./INPUTFILES/data_266475161.root
./INPUTFILES/data_266415301.root
./INPUTFILES/data_266177761.root
./INPUTFILES/data_266177691.root
./INPUTFILES/data_266219381.root
./INPUTFILES/data_266475341.root
./INPUTFILES/data_266415221.root
./Check_Sness.C
./.errror.log
./check_S.C
./lib
./lib/my_particle.h
./lib/NpartNormalizer_cpp_ACLiC_dict_rdict.pcm
./lib/CenMaker.cpp
./lib/CenMaker_cpp.d
./lib/my_event_cpp.so
./lib/my_event_cpp_ACLiC_dict_rdict.pcm
./lib/MixedBuffer_cpp.d
./lib/MixedBuffer.h
./lib/NpartNormalizer_cpp.d
./lib/my_particle_cpp.so
./lib/NpartNormalizer_cpp.so
./lib/my_event.cpp
./lib/MixedBuffer_cpp_ACLiC_dict_rdict.pcm
./lib/NpartNormalizer.cpp
./lib/my_event_cpp.d
./lib/CenMaker_cpp_ACLiC_dict_rdict.pcm
./lib/CenMaker_cpp.so
./lib/MixedBuffer.cpp
./lib/my_event.h
./lib/my_particle_cpp_ACLiC_dict_rdict.pcm
./lib/my_particle.cpp
./lib/MixedBuffer_cpp.so
./lib/NpartNormalizer.h
./lib/CenMaker.h
./lib/my_particle_cpp.d
./.output.log
++++++++++++++++INPUTFILE Var++++++++++++++++++
FILELIST=/tmp/maxwoo/21EF1A6A9139C9FD2A38E59AFB466F9A_664/INPUTFILES/21EF1A6A9139C9FD2A38E59AFB466F9A_664.local.list
INPUTFILECOUNT=37
INPUTFILE0=/tmp/maxwoo/21EF1A6A9139C9FD2A38E59AFB466F9A_664/INPUTFILES/data_266177661.root
INPUTFILE1=/tmp/maxwoo/21EF1A6A9139C9FD2A38E59AFB466F9A_664/INPUTFILES/data_266177671.root
INPUTFILE2=/tmp/maxwoo/21EF1A6A9139C9FD2A38E59AFB466F9A_664/INPUTFILES/data_266177681.root
INPUTFILE3=/tmp/maxwoo/21EF1A6A9139C9FD2A38E59AFB466F9A_664/INPUTFILES/data_266177691.root
INPUTFILE4=/tmp/maxwoo/21EF1A6A9139C9FD2A38E59AFB466F9A_664/INPUTFILES/data_266177761.root
INPUTFILE5=/tmp/maxwoo/21EF1A6A9139C9FD2A38E59AFB466F9A_664/INPUTFILES/data_266177881.root
INPUTFILE6=/tmp/maxwoo/21EF1A6A9139C9FD2A38E59AFB466F9A_664/INPUTFILES/data_266177891.root
INPUTFILE7=/tmp/maxwoo/21EF1A6A9139C9FD2A38E59AFB466F9A_664/INPUTFILES/data_266177901.root
INPUTFILE8=/tmp/maxwoo/21EF1A6A9139C9FD2A38E59AFB466F9A_664/INPUTFILES/data_266177951.root
INPUTFILE9=/tmp/maxwoo/21EF1A6A9139C9FD2A38E59AFB466F9A_664/INPUTFILES/data_266178011.root
INPUTFILE10=/tmp/maxwoo/21EF1A6A9139C9FD2A38E59AFB466F9A_664/INPUTFILES/data_266178041.root
INPUTFILE11=/tmp/maxwoo/21EF1A6A9139C9FD2A38E59AFB466F9A_664/INPUTFILES/data_266178181.root
INPUTFILE12=/tmp/maxwoo/21EF1A6A9139C9FD2A38E59AFB466F9A_664/INPUTFILES/data_266178271.root
INPUTFILE13=/tmp/maxwoo/21EF1A6A9139C9FD2A38E59AFB466F9A_664/INPUTFILES/data_266178321.root
INPUTFILE14=/tmp/maxwoo/21EF1A6A9139C9FD2A38E59AFB466F9A_664/INPUTFILES/data_266178571.root
INPUTFILE15=/tmp/maxwoo/21EF1A6A9139C9FD2A38E59AFB466F9A_664/INPUTFILES/data_266189091.root
INPUTFILE16=/tmp/maxwoo/21EF1A6A9139C9FD2A38E59AFB466F9A_664/INPUTFILES/data_266191601.root
INPUTFILE17=/tmp/maxwoo/21EF1A6A9139C9FD2A38E59AFB466F9A_664/INPUTFILES/data_266195811.root
INPUTFILE18=/tmp/maxwoo/21EF1A6A9139C9FD2A38E59AFB466F9A_664/INPUTFILES/data_266215241.root
INPUTFILE19=/tmp/maxwoo/21EF1A6A9139C9FD2A38E59AFB466F9A_664/INPUTFILES/data_266215321.root
INPUTFILE20=/tmp/maxwoo/21EF1A6A9139C9FD2A38E59AFB466F9A_664/INPUTFILES/data_266219381.root
INPUTFILE21=/tmp/maxwoo/21EF1A6A9139C9FD2A38E59AFB466F9A_664/INPUTFILES/data_266237171.root
INPUTFILE22=/tmp/maxwoo/21EF1A6A9139C9FD2A38E59AFB466F9A_664/INPUTFILES/data_266375301.root
INPUTFILE23=/tmp/maxwoo/21EF1A6A9139C9FD2A38E59AFB466F9A_664/INPUTFILES/data_266375411.root
INPUTFILE24=/tmp/maxwoo/21EF1A6A9139C9FD2A38E59AFB466F9A_664/INPUTFILES/data_266375461.root
INPUTFILE25=/tmp/maxwoo/21EF1A6A9139C9FD2A38E59AFB466F9A_664/INPUTFILES/data_266375521.root
INPUTFILE26=/tmp/maxwoo/21EF1A6A9139C9FD2A38E59AFB466F9A_664/INPUTFILES/data_266415191.root
INPUTFILE27=/tmp/maxwoo/21EF1A6A9139C9FD2A38E59AFB466F9A_664/INPUTFILES/data_266415201.root
INPUTFILE28=/tmp/maxwoo/21EF1A6A9139C9FD2A38E59AFB466F9A_664/INPUTFILES/data_266415211.root
INPUTFILE29=/tmp/maxwoo/21EF1A6A9139C9FD2A38E59AFB466F9A_664/INPUTFILES/data_266415221.root
INPUTFILE30=/tmp/maxwoo/21EF1A6A9139C9FD2A38E59AFB466F9A_664/INPUTFILES/data_266415301.root
INPUTFILE31=/tmp/maxwoo/21EF1A6A9139C9FD2A38E59AFB466F9A_664/INPUTFILES/data_266475161.root
INPUTFILE32=/tmp/maxwoo/21EF1A6A9139C9FD2A38E59AFB466F9A_664/INPUTFILES/data_266475321.root
INPUTFILE33=/tmp/maxwoo/21EF1A6A9139C9FD2A38E59AFB466F9A_664/INPUTFILES/data_266475341.root
INPUTFILE34=/tmp/maxwoo/21EF1A6A9139C9FD2A38E59AFB466F9A_664/INPUTFILES/data_266515171.root
INPUTFILE35=/tmp/maxwoo/21EF1A6A9139C9FD2A38E59AFB466F9A_664/INPUTFILES/data_266515181.root
INPUTFILE36=/tmp/maxwoo/21EF1A6A9139C9FD2A38E59AFB466F9A_664/INPUTFILES/data_266575121.root
LocalInputFileDir=/tmp/maxwoo/21EF1A6A9139C9FD2A38E59AFB466F9A_664/INPUTFILES
NewFILELIST=/tmp/maxwoo/21EF1A6A9139C9FD2A38E59AFB466F9A_664/INPUTFILES/21EF1A6A9139C9FD2A38E59AFB466F9A_664.local.list
+++++++++++++++++++++++++++++++++++++++++++++++
--------------------------------
Simple Unified Meta Scheduler 1.10.50 we are starting in $SCRATCH : /home/tmp/maxwoo/21EF1A6A9139C9FD2A38E59AFB466F9A_664
--------------------------------
total 16
lrwxrwxrwx 1 maxwoo rhstar   61 Jun  2 11:27 check_S.C -> /gpfs/mnt/gpfs01/star/pwg/xiatong/git/strangeness/./check_S.C
lrwxrwxrwx 1 maxwoo rhstar   65 Jun  2 11:27 Check_Sness.C -> /gpfs/mnt/gpfs01/star/pwg/xiatong/git/strangeness/./Check_Sness.C
drwxr-xr-x 2 maxwoo rhstar 4096 Jun  2 11:31 INPUTFILES
drwxr-xr-x 2 maxwoo rhstar 4096 Jun  2 11:27 lib
  *******************************************
  *                                         *
  *        W E L C O M E  to  R O O T       *
  *                                         *
  *   Version   5.34/38     12 March 2018   *
  *                                         *
  *  You are welcome to visit our Web site  *
  *          http://root.cern.ch            *
  *                                         *
  *******************************************

ROOT 5.34/38 (v5-34-38@v5-34-38, Mar 12 2018, 15:49:39 on linux)

CINT/ROOT C/C++ Interpreter version 5.18.00, July 2, 2010
Type ? for help. Commands must be C++ statements.
Enclose multiple statements between { }.
*** Float Point Exception is OFF ***
 *** Start at Date : Thu Jun  2 11:32:22 2022
QAInfo:You are using STAR_LEVEL : dev, ROOT_LEVEL : 5.34.38 and node : spool0829.sdcc.bnl.gov 

Processing check_S.C++("/tmp/maxwoo/21EF1A6A9139C9FD2A38E59AFB466F9A_664/INPUTFILES/21EF1A6A9139C9FD2A38E59AFB466F9A_664.local.list","21EF1A6A9139C9FD2A38E59AFB466F9A_664",1)...
/tmp/maxwoo/21EF1A6A9139C9FD2A38E59AFB466F9A_664/INPUTFILES/data_266177661.root 
/tmp/maxwoo/21EF1A6A9139C9FD2A38E59AFB466F9A_664/INPUTFILES/data_266177671.root 
/tmp/maxwoo/21EF1A6A9139C9FD2A38E59AFB466F9A_664/INPUTFILES/data_266177681.root 
/tmp/maxwoo/21EF1A6A9139C9FD2A38E59AFB466F9A_664/INPUTFILES/data_266177691.root 
/tmp/maxwoo/21EF1A6A9139C9FD2A38E59AFB466F9A_664/INPUTFILES/data_266177761.root 
/tmp/maxwoo/21EF1A6A9139C9FD2A38E59AFB466F9A_664/INPUTFILES/data_266177881.root 
/tmp/maxwoo/21EF1A6A9139C9FD2A38E59AFB466F9A_664/INPUTFILES/data_266177891.root 
/tmp/maxwoo/21EF1A6A9139C9FD2A38E59AFB466F9A_664/INPUTFILES/data_266177901.root 
/tmp/maxwoo/21EF1A6A9139C9FD2A38E59AFB466F9A_664/INPUTFILES/data_266177951.root 
/tmp/maxwoo/21EF1A6A9139C9FD2A38E59AFB466F9A_664/INPUTFILES/data_266178011.root 
/tmp/maxwoo/21EF1A6A9139C9FD2A38E59AFB466F9A_664/INPUTFILES/data_266178041.root 
/tmp/maxwoo/21EF1A6A9139C9FD2A38E59AFB466F9A_664/INPUTFILES/data_266178181.root 
/tmp/maxwoo/21EF1A6A9139C9FD2A38E59AFB466F9A_664/INPUTFILES/data_266178271.root 
/tmp/maxwoo/21EF1A6A9139C9FD2A38E59AFB466F9A_664/INPUTFILES/data_266178321.root 
/tmp/maxwoo/21EF1A6A9139C9FD2A38E59AFB466F9A_664/INPUTFILES/data_266178571.root 
/tmp/maxwoo/21EF1A6A9139C9FD2A38E59AFB466F9A_664/INPUTFILES/data_266189091.root 
/tmp/maxwoo/21EF1A6A9139C9FD2A38E59AFB466F9A_664/INPUTFILES/data_266191601.root 
/tmp/maxwoo/21EF1A6A9139C9FD2A38E59AFB466F9A_664/INPUTFILES/data_266195811.root 
/tmp/maxwoo/21EF1A6A9139C9FD2A38E59AFB466F9A_664/INPUTFILES/data_266215241.root 
/tmp/maxwoo/21EF1A6A9139C9FD2A38E59AFB466F9A_664/INPUTFILES/data_266215321.root 
/tmp/maxwoo/21EF1A6A9139C9FD2A38E59AFB466F9A_664/INPUTFILES/data_266219381.root 
/tmp/maxwoo/21EF1A6A9139C9FD2A38E59AFB466F9A_664/INPUTFILES/data_266237171.root 
/tmp/maxwoo/21EF1A6A9139C9FD2A38E59AFB466F9A_664/INPUTFILES/data_266375301.root 
/tmp/maxwoo/21EF1A6A9139C9FD2A38E59AFB466F9A_664/INPUTFILES/data_266375411.root 
/tmp/maxwoo/21EF1A6A9139C9FD2A38E59AFB466F9A_664/INPUTFILES/data_266375461.root 
/tmp/maxwoo/21EF1A6A9139C9FD2A38E59AFB466F9A_664/INPUTFILES/data_266375521.root 
/tmp/maxwoo/21EF1A6A9139C9FD2A38E59AFB466F9A_664/INPUTFILES/data_266415191.root 
/tmp/maxwoo/21EF1A6A9139C9FD2A38E59AFB466F9A_664/INPUTFILES/data_266415201.root 
/tmp/maxwoo/21EF1A6A9139C9FD2A38E59AFB466F9A_664/INPUTFILES/data_266415211.root 
/tmp/maxwoo/21EF1A6A9139C9FD2A38E59AFB466F9A_664/INPUTFILES/data_266415221.root 
/tmp/maxwoo/21EF1A6A9139C9FD2A38E59AFB466F9A_664/INPUTFILES/data_266415301.root 
/tmp/maxwoo/21EF1A6A9139C9FD2A38E59AFB466F9A_664/INPUTFILES/data_266475161.root 
/tmp/maxwoo/21EF1A6A9139C9FD2A38E59AFB466F9A_664/INPUTFILES/data_266475321.root 
/tmp/maxwoo/21EF1A6A9139C9FD2A38E59AFB466F9A_664/INPUTFILES/data_266475341.root 
/tmp/maxwoo/21EF1A6A9139C9FD2A38E59AFB466F9A_664/INPUTFILES/data_266515171.root 
/tmp/maxwoo/21EF1A6A9139C9FD2A38E59AFB466F9A_664/INPUTFILES/data_266515181.root 
/tmp/maxwoo/21EF1A6A9139C9FD2A38E59AFB466F9A_664/INPUTFILES/data_266575121.root 
Added 37 files
# entries in chain: 37000
Processing entry == 1000 == out of 37000.
Processing entry == 2000 == out of 37000.
Processing entry == 3000 == out of 37000.
Processing entry == 4000 == out of 37000.
Processing entry == 5000 == out of 37000.
Processing entry == 6000 == out of 37000.
Processing entry == 7000 == out of 37000.
Processing entry == 8000 == out of 37000.
Processing entry == 9000 == out of 37000.
Processing entry == 10000 == out of 37000.
Processing entry == 11000 == out of 37000.
Processing entry == 12000 == out of 37000.
Processing entry == 13000 == out of 37000.
Processing entry == 14000 == out of 37000.
Processing entry == 15000 == out of 37000.
Processing entry == 16000 == out of 37000.
Processing entry == 17000 == out of 37000.
Processing entry == 18000 == out of 37000.
Processing entry == 19000 == out of 37000.
Processing entry == 20000 == out of 37000.
Processing entry == 21000 == out of 37000.
Processing entry == 22000 == out of 37000.
Processing entry == 23000 == out of 37000.
Processing entry == 24000 == out of 37000.
Processing entry == 25000 == out of 37000.
Processing entry == 26000 == out of 37000.
Processing entry == 27000 == out of 37000.
Processing entry == 28000 == out of 37000.
Processing entry == 29000 == out of 37000.
Processing entry == 30000 == out of 37000.
Processing entry == 31000 == out of 37000.
Processing entry == 32000 == out of 37000.
Processing entry == 33000 == out of 37000.
Processing entry == 34000 == out of 37000.
Processing entry == 35000 == out of 37000.
Processing entry == 36000 == out of 37000.
Processing entry == 37000 == out of 37000.

This is the end of ROOT -- Goodbye

Cleaning up sandbox file:  /tmp/maxwoo/21EF1A6A9139C9FD2A38E59AFB466F9A_664/check_S.C
Cleaning up sandbox file:  /tmp/maxwoo/21EF1A6A9139C9FD2A38E59AFB466F9A_664/Check_Sness.C
Cleaning up sandbox file:  /tmp/maxwoo/21EF1A6A9139C9FD2A38E59AFB466F9A_664/lib
Cleaning up sandbox file:  /tmp/maxwoo/21EF1A6A9139C9FD2A38E59AFB466F9A_664/.sandboxFiles
Starting copy block
Running copy command:  /bin/cp -fp /tmp/maxwoo/21EF1A6A9139C9FD2A38E59AFB466F9A_664/out_21EF1A6A9139C9FD2A38E59AFB466F9A_664.root /star/data01/pwg/xiatong/git/strangeness/data/
57864 Execution of (/star/data01/pwg/xiatong/git/strangeness/script/sched21EF1A6A9139C9FD2A38E59AFB466F9A_664.csh ) has ended, exiting normally
57864 We END on [Thu Jun  2 11:52:46 EDT 2022]
