We are starting on node: spool0724.sdcc.bnl.gov
HOME is not defined
Using getent method
HOME is now /star/u/maxwoo
152326 We will spawn ourselves (/star/data01/pwg/xiatong/git/strangeness/script/sched21EF1A6A9139C9FD2A38E59AFB466F9A_2623.csh )
152326 We BEGIN on [Thu Jun  2 10:57:40 EDT 2022]
[1] 152515
152326 We are waiting for 152515 
152326 Grandchild PID is 152763 - found in 10 x 1 seconds
152326 Establishing first watcher   on    Thu Jun  2 10:57:50 EDT 2022
152326 Process tree is 152326 (main) -> 152515 (child) -> 152763 (grandchild)
F S   UID    PID   PPID  C PRI  NI ADDR SZ WCHAN  TTY        TIME CMD
0 D 100667 152763 152515  0 80   0 - 32311 cxiWai ?          0:00 cp /star/data01/pwg/xiatong/AMPT/14GeV/data_1577115341.root /tmp/maxwoo/21EF1A6A9139C9FD2A38E59AFB466F9A_2623/INPUTFILES/data_1577115341.root
152326 Grandchild PID is 154077 - found in 20 x 2 seconds
152326 Grandchild to watch has changed on Thu Jun  2 10:58:11 EDT 2022
152326 Process tree is 152326 (main) -> 152515 (child) -> 154077 (grandchild)
F S   UID    PID   PPID  C PRI  NI ADDR SZ WCHAN  TTY        TIME CMD
0 D 100667 154077 152515  0 80   0 - 32311 cxiWai ?          0:00 cp /star/data01/pwg/xiatong/AMPT/14GeV/data_1577170671.root /tmp/maxwoo/21EF1A6A9139C9FD2A38E59AFB466F9A_2623/INPUTFILES/data_1577170671.root
152326 Grandchild PID is 154898 - found in 30 x 2 seconds
152326 Grandchild to watch has changed on Thu Jun  2 10:58:32 EDT 2022
152326 Process tree is 152326 (main) -> 152515 (child) -> 154898 (grandchild)
F S   UID    PID   PPID  C PRI  NI ADDR SZ WCHAN  TTY        TIME CMD
0 D 100667 154898 152515  0 80   0 - 32311 cxiWai ?          0:00 cp /star/data01/pwg/xiatong/AMPT/14GeV/data_1577176411.root /tmp/maxwoo/21EF1A6A9139C9FD2A38E59AFB466F9A_2623/INPUTFILES/data_1577176411.root
152326 Grandchild PID is 156303 - found in 40 x 2 seconds
152326 Grandchild to watch has changed on Thu Jun  2 10:58:53 EDT 2022
152326 Process tree is 152326 (main) -> 152515 (child) -> 156303 (grandchild)
F S   UID    PID   PPID  C PRI  NI ADDR SZ WCHAN  TTY        TIME CMD
0 D 100667 156303 152515  0 80   0 - 32311 cxiWai ?          0:00 cp /star/data01/pwg/xiatong/AMPT/14GeV/data_1578170181.root /tmp/maxwoo/21EF1A6A9139C9FD2A38E59AFB466F9A_2623/INPUTFILES/data_1578170181.root
152326 Grandchild PID is 158025 - found in 50 x 2 seconds
152326 Grandchild to watch has changed on Thu Jun  2 10:59:13 EDT 2022
152326 Process tree is 152326 (main) -> 152515 (child) -> 158025 (grandchild)
F S   UID    PID   PPID  C PRI  NI ADDR SZ WCHAN  TTY        TIME CMD
0 S 100667 158025 152515  0 80   0 -  1272 do_wai ?          0:00 root -b -q check_S.C++("/tmp/maxwoo/21EF1A6A9139C9FD2A38E59AFB466F9A_2623/INPUTFILES/21EF1A6A9139C9FD2A38E59AFB466F9A_2623.local.list","21EF1A6A9139C9FD2A38E59AFB466F9A_2623",1)
152515 Stepping into the main SUMS wrapper program with []
.... building sandbox
Running: cp /star/data01/pwg/xiatong/AMPT/14GeV/data_1577115341.root /tmp/maxwoo/21EF1A6A9139C9FD2A38E59AFB466F9A_2623/INPUTFILES/data_1577115341.root
Running: cp /star/data01/pwg/xiatong/AMPT/14GeV/data_1577115411.root /tmp/maxwoo/21EF1A6A9139C9FD2A38E59AFB466F9A_2623/INPUTFILES/data_1577115411.root
Running: cp /star/data01/pwg/xiatong/AMPT/14GeV/data_1577115581.root /tmp/maxwoo/21EF1A6A9139C9FD2A38E59AFB466F9A_2623/INPUTFILES/data_1577115581.root
Running: cp /star/data01/pwg/xiatong/AMPT/14GeV/data_1577137551.root /tmp/maxwoo/21EF1A6A9139C9FD2A38E59AFB466F9A_2623/INPUTFILES/data_1577137551.root
Running: cp /star/data01/pwg/xiatong/AMPT/14GeV/data_1577170481.root /tmp/maxwoo/21EF1A6A9139C9FD2A38E59AFB466F9A_2623/INPUTFILES/data_1577170481.root
Running: cp /star/data01/pwg/xiatong/AMPT/14GeV/data_1577170491.root /tmp/maxwoo/21EF1A6A9139C9FD2A38E59AFB466F9A_2623/INPUTFILES/data_1577170491.root
Running: cp /star/data01/pwg/xiatong/AMPT/14GeV/data_1577170501.root /tmp/maxwoo/21EF1A6A9139C9FD2A38E59AFB466F9A_2623/INPUTFILES/data_1577170501.root
Running: cp /star/data01/pwg/xiatong/AMPT/14GeV/data_1577170511.root /tmp/maxwoo/21EF1A6A9139C9FD2A38E59AFB466F9A_2623/INPUTFILES/data_1577170511.root
Running: cp /star/data01/pwg/xiatong/AMPT/14GeV/data_1577170651.root /tmp/maxwoo/21EF1A6A9139C9FD2A38E59AFB466F9A_2623/INPUTFILES/data_1577170651.root
Running: cp /star/data01/pwg/xiatong/AMPT/14GeV/data_1577170671.root /tmp/maxwoo/21EF1A6A9139C9FD2A38E59AFB466F9A_2623/INPUTFILES/data_1577170671.root
Running: cp /star/data01/pwg/xiatong/AMPT/14GeV/data_1577170681.root /tmp/maxwoo/21EF1A6A9139C9FD2A38E59AFB466F9A_2623/INPUTFILES/data_1577170681.root
Running: cp /star/data01/pwg/xiatong/AMPT/14GeV/data_1577170741.root /tmp/maxwoo/21EF1A6A9139C9FD2A38E59AFB466F9A_2623/INPUTFILES/data_1577170741.root
Running: cp /star/data01/pwg/xiatong/AMPT/14GeV/data_1577170831.root /tmp/maxwoo/21EF1A6A9139C9FD2A38E59AFB466F9A_2623/INPUTFILES/data_1577170831.root
Running: cp /star/data01/pwg/xiatong/AMPT/14GeV/data_1577170871.root /tmp/maxwoo/21EF1A6A9139C9FD2A38E59AFB466F9A_2623/INPUTFILES/data_1577170871.root
Running: cp /star/data01/pwg/xiatong/AMPT/14GeV/data_1577171021.root /tmp/maxwoo/21EF1A6A9139C9FD2A38E59AFB466F9A_2623/INPUTFILES/data_1577171021.root
Running: cp /star/data01/pwg/xiatong/AMPT/14GeV/data_1577171221.root /tmp/maxwoo/21EF1A6A9139C9FD2A38E59AFB466F9A_2623/INPUTFILES/data_1577171221.root
Running: cp /star/data01/pwg/xiatong/AMPT/14GeV/data_1577171501.root /tmp/maxwoo/21EF1A6A9139C9FD2A38E59AFB466F9A_2623/INPUTFILES/data_1577171501.root
Running: cp /star/data01/pwg/xiatong/AMPT/14GeV/data_1577171541.root /tmp/maxwoo/21EF1A6A9139C9FD2A38E59AFB466F9A_2623/INPUTFILES/data_1577171541.root
Running: cp /star/data01/pwg/xiatong/AMPT/14GeV/data_1577173991.root /tmp/maxwoo/21EF1A6A9139C9FD2A38E59AFB466F9A_2623/INPUTFILES/data_1577173991.root
Running: cp /star/data01/pwg/xiatong/AMPT/14GeV/data_1577174921.root /tmp/maxwoo/21EF1A6A9139C9FD2A38E59AFB466F9A_2623/INPUTFILES/data_1577174921.root
Running: cp /star/data01/pwg/xiatong/AMPT/14GeV/data_1577175941.root /tmp/maxwoo/21EF1A6A9139C9FD2A38E59AFB466F9A_2623/INPUTFILES/data_1577175941.root
Running: cp /star/data01/pwg/xiatong/AMPT/14GeV/data_1577176411.root /tmp/maxwoo/21EF1A6A9139C9FD2A38E59AFB466F9A_2623/INPUTFILES/data_1577176411.root
Running: cp /star/data01/pwg/xiatong/AMPT/14GeV/data_1577176471.root /tmp/maxwoo/21EF1A6A9139C9FD2A38E59AFB466F9A_2623/INPUTFILES/data_1577176471.root
Running: cp /star/data01/pwg/xiatong/AMPT/14GeV/data_1577176491.root /tmp/maxwoo/21EF1A6A9139C9FD2A38E59AFB466F9A_2623/INPUTFILES/data_1577176491.root
Running: cp /star/data01/pwg/xiatong/AMPT/14GeV/data_1578101151.root /tmp/maxwoo/21EF1A6A9139C9FD2A38E59AFB466F9A_2623/INPUTFILES/data_1578101151.root
Running: cp /star/data01/pwg/xiatong/AMPT/14GeV/data_1578114771.root /tmp/maxwoo/21EF1A6A9139C9FD2A38E59AFB466F9A_2623/INPUTFILES/data_1578114771.root
Running: cp /star/data01/pwg/xiatong/AMPT/14GeV/data_1578115571.root /tmp/maxwoo/21EF1A6A9139C9FD2A38E59AFB466F9A_2623/INPUTFILES/data_1578115571.root
Running: cp /star/data01/pwg/xiatong/AMPT/14GeV/data_1578115661.root /tmp/maxwoo/21EF1A6A9139C9FD2A38E59AFB466F9A_2623/INPUTFILES/data_1578115661.root
Running: cp /star/data01/pwg/xiatong/AMPT/14GeV/data_1578115781.root /tmp/maxwoo/21EF1A6A9139C9FD2A38E59AFB466F9A_2623/INPUTFILES/data_1578115781.root
Running: cp /star/data01/pwg/xiatong/AMPT/14GeV/data_1578170131.root /tmp/maxwoo/21EF1A6A9139C9FD2A38E59AFB466F9A_2623/INPUTFILES/data_1578170131.root
Running: cp /star/data01/pwg/xiatong/AMPT/14GeV/data_1578170181.root /tmp/maxwoo/21EF1A6A9139C9FD2A38E59AFB466F9A_2623/INPUTFILES/data_1578170181.root
Running: cp /star/data01/pwg/xiatong/AMPT/14GeV/data_1578170201.root /tmp/maxwoo/21EF1A6A9139C9FD2A38E59AFB466F9A_2623/INPUTFILES/data_1578170201.root
Running: cp /star/data01/pwg/xiatong/AMPT/14GeV/data_1578170231.root /tmp/maxwoo/21EF1A6A9139C9FD2A38E59AFB466F9A_2623/INPUTFILES/data_1578170231.root
Running: cp /star/data01/pwg/xiatong/AMPT/14GeV/data_1578170241.root /tmp/maxwoo/21EF1A6A9139C9FD2A38E59AFB466F9A_2623/INPUTFILES/data_1578170241.root
Running: cp /star/data01/pwg/xiatong/AMPT/14GeV/data_1578170281.root /tmp/maxwoo/21EF1A6A9139C9FD2A38E59AFB466F9A_2623/INPUTFILES/data_1578170281.root
Running: cp /star/data01/pwg/xiatong/AMPT/14GeV/data_1578170311.root /tmp/maxwoo/21EF1A6A9139C9FD2A38E59AFB466F9A_2623/INPUTFILES/data_1578170311.root
Running: cp /star/data01/pwg/xiatong/AMPT/14GeV/data_1578170331.root /tmp/maxwoo/21EF1A6A9139C9FD2A38E59AFB466F9A_2623/INPUTFILES/data_1578170331.root
Swapping $FILELIST with: /tmp/maxwoo/21EF1A6A9139C9FD2A38E59AFB466F9A_2623/INPUTFILES/21EF1A6A9139C9FD2A38E59AFB466F9A_2623.local.list
+++++++++++local copy debug++++++++++++++++++++
newFileList: /tmp/maxwoo/21EF1A6A9139C9FD2A38E59AFB466F9A_2623/INPUTFILES/21EF1A6A9139C9FD2A38E59AFB466F9A_2623.local.list
++++++++++++++++cat FILELIST+++++++++++++++++++
/tmp/maxwoo/21EF1A6A9139C9FD2A38E59AFB466F9A_2623/INPUTFILES/data_1577115341.root 
/tmp/maxwoo/21EF1A6A9139C9FD2A38E59AFB466F9A_2623/INPUTFILES/data_1577115411.root 
/tmp/maxwoo/21EF1A6A9139C9FD2A38E59AFB466F9A_2623/INPUTFILES/data_1577115581.root 
/tmp/maxwoo/21EF1A6A9139C9FD2A38E59AFB466F9A_2623/INPUTFILES/data_1577137551.root 
/tmp/maxwoo/21EF1A6A9139C9FD2A38E59AFB466F9A_2623/INPUTFILES/data_1577170481.root 
/tmp/maxwoo/21EF1A6A9139C9FD2A38E59AFB466F9A_2623/INPUTFILES/data_1577170491.root 
/tmp/maxwoo/21EF1A6A9139C9FD2A38E59AFB466F9A_2623/INPUTFILES/data_1577170501.root 
/tmp/maxwoo/21EF1A6A9139C9FD2A38E59AFB466F9A_2623/INPUTFILES/data_1577170511.root 
/tmp/maxwoo/21EF1A6A9139C9FD2A38E59AFB466F9A_2623/INPUTFILES/data_1577170651.root 
/tmp/maxwoo/21EF1A6A9139C9FD2A38E59AFB466F9A_2623/INPUTFILES/data_1577170671.root 
/tmp/maxwoo/21EF1A6A9139C9FD2A38E59AFB466F9A_2623/INPUTFILES/data_1577170681.root 
/tmp/maxwoo/21EF1A6A9139C9FD2A38E59AFB466F9A_2623/INPUTFILES/data_1577170741.root 
/tmp/maxwoo/21EF1A6A9139C9FD2A38E59AFB466F9A_2623/INPUTFILES/data_1577170831.root 
/tmp/maxwoo/21EF1A6A9139C9FD2A38E59AFB466F9A_2623/INPUTFILES/data_1577170871.root 
/tmp/maxwoo/21EF1A6A9139C9FD2A38E59AFB466F9A_2623/INPUTFILES/data_1577171021.root 
/tmp/maxwoo/21EF1A6A9139C9FD2A38E59AFB466F9A_2623/INPUTFILES/data_1577171221.root 
/tmp/maxwoo/21EF1A6A9139C9FD2A38E59AFB466F9A_2623/INPUTFILES/data_1577171501.root 
/tmp/maxwoo/21EF1A6A9139C9FD2A38E59AFB466F9A_2623/INPUTFILES/data_1577171541.root 
/tmp/maxwoo/21EF1A6A9139C9FD2A38E59AFB466F9A_2623/INPUTFILES/data_1577173991.root 
/tmp/maxwoo/21EF1A6A9139C9FD2A38E59AFB466F9A_2623/INPUTFILES/data_1577174921.root 
/tmp/maxwoo/21EF1A6A9139C9FD2A38E59AFB466F9A_2623/INPUTFILES/data_1577175941.root 
/tmp/maxwoo/21EF1A6A9139C9FD2A38E59AFB466F9A_2623/INPUTFILES/data_1577176411.root 
/tmp/maxwoo/21EF1A6A9139C9FD2A38E59AFB466F9A_2623/INPUTFILES/data_1577176471.root 
/tmp/maxwoo/21EF1A6A9139C9FD2A38E59AFB466F9A_2623/INPUTFILES/data_1577176491.root 
/tmp/maxwoo/21EF1A6A9139C9FD2A38E59AFB466F9A_2623/INPUTFILES/data_1578101151.root 
/tmp/maxwoo/21EF1A6A9139C9FD2A38E59AFB466F9A_2623/INPUTFILES/data_1578114771.root 
/tmp/maxwoo/21EF1A6A9139C9FD2A38E59AFB466F9A_2623/INPUTFILES/data_1578115571.root 
/tmp/maxwoo/21EF1A6A9139C9FD2A38E59AFB466F9A_2623/INPUTFILES/data_1578115661.root 
/tmp/maxwoo/21EF1A6A9139C9FD2A38E59AFB466F9A_2623/INPUTFILES/data_1578115781.root 
/tmp/maxwoo/21EF1A6A9139C9FD2A38E59AFB466F9A_2623/INPUTFILES/data_1578170131.root 
/tmp/maxwoo/21EF1A6A9139C9FD2A38E59AFB466F9A_2623/INPUTFILES/data_1578170181.root 
/tmp/maxwoo/21EF1A6A9139C9FD2A38E59AFB466F9A_2623/INPUTFILES/data_1578170201.root 
/tmp/maxwoo/21EF1A6A9139C9FD2A38E59AFB466F9A_2623/INPUTFILES/data_1578170231.root 
/tmp/maxwoo/21EF1A6A9139C9FD2A38E59AFB466F9A_2623/INPUTFILES/data_1578170241.root 
/tmp/maxwoo/21EF1A6A9139C9FD2A38E59AFB466F9A_2623/INPUTFILES/data_1578170281.root 
/tmp/maxwoo/21EF1A6A9139C9FD2A38E59AFB466F9A_2623/INPUTFILES/data_1578170311.root 
/tmp/maxwoo/21EF1A6A9139C9FD2A38E59AFB466F9A_2623/INPUTFILES/data_1578170331.root 
++++++++++++++++++++find.++++++++++++++++++++++
.
./check_S.C
./lib
./lib/NpartNormalizer_cpp.d
./lib/my_particle.cpp
./lib/my_particle_cpp.so
./lib/NpartNormalizer_cpp_ACLiC_dict_rdict.pcm
./lib/MixedBuffer_cpp.d
./lib/CenMaker_cpp.d
./lib/my_event.cpp
./lib/MixedBuffer_cpp.so
./lib/CenMaker.h
./lib/CenMaker_cpp_ACLiC_dict_rdict.pcm
./lib/my_event_cpp.so
./lib/NpartNormalizer.h
./lib/MixedBuffer.cpp
./lib/my_particle_cpp.d
./lib/my_event_cpp_ACLiC_dict_rdict.pcm
./lib/NpartNormalizer_cpp.so
./lib/my_particle_cpp_ACLiC_dict_rdict.pcm
./lib/MixedBuffer.h
./lib/my_particle.h
./lib/CenMaker_cpp.so
./lib/my_event_cpp.d
./lib/my_event.h
./lib/CenMaker.cpp
./lib/NpartNormalizer.cpp
./lib/MixedBuffer_cpp_ACLiC_dict_rdict.pcm
./Check_Sness.C
./.errror.log
./.output.log
./.sandboxFiles
./INPUTFILES
./INPUTFILES/data_1578115661.root
./INPUTFILES/data_1578170331.root
./INPUTFILES/data_1577171541.root
./INPUTFILES/data_1577170871.root
./INPUTFILES/data_1577171021.root
./INPUTFILES/data_1577170481.root
./INPUTFILES/data_1577170511.root
./INPUTFILES/data_1577175941.root
./INPUTFILES/data_1577176491.root
./INPUTFILES/data_1577170671.root
./INPUTFILES/data_1577170741.root
./INPUTFILES/data_1577173991.root
./INPUTFILES/data_1577137551.root
./INPUTFILES/data_1577176471.root
./INPUTFILES/data_1577170831.root
./INPUTFILES/data_1578115571.root
./INPUTFILES/data_1577170681.root
./INPUTFILES/data_1577171221.root
./INPUTFILES/data_1577176411.root
./INPUTFILES/data_1578170311.root
./INPUTFILES/data_1577170651.root
./INPUTFILES/data_1578114771.root
./INPUTFILES/data_1577115581.root
./INPUTFILES/21EF1A6A9139C9FD2A38E59AFB466F9A_2623.local.list
./INPUTFILES/data_1577171501.root
./INPUTFILES/data_1577170491.root
./INPUTFILES/data_1577170501.root
./INPUTFILES/data_1578115781.root
./INPUTFILES/data_1577115411.root
./INPUTFILES/data_1578170231.root
./INPUTFILES/data_1578170131.root
./INPUTFILES/data_1578170181.root
./INPUTFILES/data_1578101151.root
./INPUTFILES/data_1578170281.root
./INPUTFILES/data_1577115341.root
./INPUTFILES/data_1578170201.root
./INPUTFILES/data_1577174921.root
./INPUTFILES/data_1578170241.root
++++++++++++++++INPUTFILE Var++++++++++++++++++
FILELIST=/tmp/maxwoo/21EF1A6A9139C9FD2A38E59AFB466F9A_2623/INPUTFILES/21EF1A6A9139C9FD2A38E59AFB466F9A_2623.local.list
INPUTFILECOUNT=37
INPUTFILE0=/tmp/maxwoo/21EF1A6A9139C9FD2A38E59AFB466F9A_2623/INPUTFILES/data_1577115341.root
INPUTFILE1=/tmp/maxwoo/21EF1A6A9139C9FD2A38E59AFB466F9A_2623/INPUTFILES/data_1577115411.root
INPUTFILE2=/tmp/maxwoo/21EF1A6A9139C9FD2A38E59AFB466F9A_2623/INPUTFILES/data_1577115581.root
INPUTFILE3=/tmp/maxwoo/21EF1A6A9139C9FD2A38E59AFB466F9A_2623/INPUTFILES/data_1577137551.root
INPUTFILE4=/tmp/maxwoo/21EF1A6A9139C9FD2A38E59AFB466F9A_2623/INPUTFILES/data_1577170481.root
INPUTFILE5=/tmp/maxwoo/21EF1A6A9139C9FD2A38E59AFB466F9A_2623/INPUTFILES/data_1577170491.root
INPUTFILE6=/tmp/maxwoo/21EF1A6A9139C9FD2A38E59AFB466F9A_2623/INPUTFILES/data_1577170501.root
INPUTFILE7=/tmp/maxwoo/21EF1A6A9139C9FD2A38E59AFB466F9A_2623/INPUTFILES/data_1577170511.root
INPUTFILE8=/tmp/maxwoo/21EF1A6A9139C9FD2A38E59AFB466F9A_2623/INPUTFILES/data_1577170651.root
INPUTFILE9=/tmp/maxwoo/21EF1A6A9139C9FD2A38E59AFB466F9A_2623/INPUTFILES/data_1577170671.root
INPUTFILE10=/tmp/maxwoo/21EF1A6A9139C9FD2A38E59AFB466F9A_2623/INPUTFILES/data_1577170681.root
INPUTFILE11=/tmp/maxwoo/21EF1A6A9139C9FD2A38E59AFB466F9A_2623/INPUTFILES/data_1577170741.root
INPUTFILE12=/tmp/maxwoo/21EF1A6A9139C9FD2A38E59AFB466F9A_2623/INPUTFILES/data_1577170831.root
INPUTFILE13=/tmp/maxwoo/21EF1A6A9139C9FD2A38E59AFB466F9A_2623/INPUTFILES/data_1577170871.root
INPUTFILE14=/tmp/maxwoo/21EF1A6A9139C9FD2A38E59AFB466F9A_2623/INPUTFILES/data_1577171021.root
INPUTFILE15=/tmp/maxwoo/21EF1A6A9139C9FD2A38E59AFB466F9A_2623/INPUTFILES/data_1577171221.root
INPUTFILE16=/tmp/maxwoo/21EF1A6A9139C9FD2A38E59AFB466F9A_2623/INPUTFILES/data_1577171501.root
INPUTFILE17=/tmp/maxwoo/21EF1A6A9139C9FD2A38E59AFB466F9A_2623/INPUTFILES/data_1577171541.root
INPUTFILE18=/tmp/maxwoo/21EF1A6A9139C9FD2A38E59AFB466F9A_2623/INPUTFILES/data_1577173991.root
INPUTFILE19=/tmp/maxwoo/21EF1A6A9139C9FD2A38E59AFB466F9A_2623/INPUTFILES/data_1577174921.root
INPUTFILE20=/tmp/maxwoo/21EF1A6A9139C9FD2A38E59AFB466F9A_2623/INPUTFILES/data_1577175941.root
INPUTFILE21=/tmp/maxwoo/21EF1A6A9139C9FD2A38E59AFB466F9A_2623/INPUTFILES/data_1577176411.root
INPUTFILE22=/tmp/maxwoo/21EF1A6A9139C9FD2A38E59AFB466F9A_2623/INPUTFILES/data_1577176471.root
INPUTFILE23=/tmp/maxwoo/21EF1A6A9139C9FD2A38E59AFB466F9A_2623/INPUTFILES/data_1577176491.root
INPUTFILE24=/tmp/maxwoo/21EF1A6A9139C9FD2A38E59AFB466F9A_2623/INPUTFILES/data_1578101151.root
INPUTFILE25=/tmp/maxwoo/21EF1A6A9139C9FD2A38E59AFB466F9A_2623/INPUTFILES/data_1578114771.root
INPUTFILE26=/tmp/maxwoo/21EF1A6A9139C9FD2A38E59AFB466F9A_2623/INPUTFILES/data_1578115571.root
INPUTFILE27=/tmp/maxwoo/21EF1A6A9139C9FD2A38E59AFB466F9A_2623/INPUTFILES/data_1578115661.root
INPUTFILE28=/tmp/maxwoo/21EF1A6A9139C9FD2A38E59AFB466F9A_2623/INPUTFILES/data_1578115781.root
INPUTFILE29=/tmp/maxwoo/21EF1A6A9139C9FD2A38E59AFB466F9A_2623/INPUTFILES/data_1578170131.root
INPUTFILE30=/tmp/maxwoo/21EF1A6A9139C9FD2A38E59AFB466F9A_2623/INPUTFILES/data_1578170181.root
INPUTFILE31=/tmp/maxwoo/21EF1A6A9139C9FD2A38E59AFB466F9A_2623/INPUTFILES/data_1578170201.root
INPUTFILE32=/tmp/maxwoo/21EF1A6A9139C9FD2A38E59AFB466F9A_2623/INPUTFILES/data_1578170231.root
INPUTFILE33=/tmp/maxwoo/21EF1A6A9139C9FD2A38E59AFB466F9A_2623/INPUTFILES/data_1578170241.root
INPUTFILE34=/tmp/maxwoo/21EF1A6A9139C9FD2A38E59AFB466F9A_2623/INPUTFILES/data_1578170281.root
INPUTFILE35=/tmp/maxwoo/21EF1A6A9139C9FD2A38E59AFB466F9A_2623/INPUTFILES/data_1578170311.root
INPUTFILE36=/tmp/maxwoo/21EF1A6A9139C9FD2A38E59AFB466F9A_2623/INPUTFILES/data_1578170331.root
LocalInputFileDir=/tmp/maxwoo/21EF1A6A9139C9FD2A38E59AFB466F9A_2623/INPUTFILES
NewFILELIST=/tmp/maxwoo/21EF1A6A9139C9FD2A38E59AFB466F9A_2623/INPUTFILES/21EF1A6A9139C9FD2A38E59AFB466F9A_2623.local.list
+++++++++++++++++++++++++++++++++++++++++++++++
--------------------------------
Simple Unified Meta Scheduler 1.10.50 we are starting in $SCRATCH : /home/tmp/maxwoo/21EF1A6A9139C9FD2A38E59AFB466F9A_2623
--------------------------------
total 16
lrwxrwxrwx 1 maxwoo rhstar   61 Jun  2 10:57 check_S.C -> /gpfs/mnt/gpfs01/star/pwg/xiatong/git/strangeness/./check_S.C
lrwxrwxrwx 1 maxwoo rhstar   65 Jun  2 10:57 Check_Sness.C -> /gpfs/mnt/gpfs01/star/pwg/xiatong/git/strangeness/./Check_Sness.C
drwxr-xr-x 2 maxwoo rhstar 4096 Jun  2 10:59 INPUTFILES
drwxr-xr-x 2 maxwoo rhstar 4096 Jun  2 10:57 lib
  *******************************************
  *                                         *
  *        W E L C O M E  to  R O O T       *
  *                                         *
  *   Version   5.34/38     12 March 2018   *
  *                                         *
  *  You are welcome to visit our Web site  *
  *          http://root.cern.ch            *
  *                                         *
  *******************************************

ROOT 5.34/38 (v5-34-38@v5-34-38, Mar 12 2018, 15:49:39 on linux)

CINT/ROOT C/C++ Interpreter version 5.18.00, July 2, 2010
Type ? for help. Commands must be C++ statements.
Enclose multiple statements between { }.
*** Float Point Exception is OFF ***
 *** Start at Date : Thu Jun  2 10:59:13 2022
QAInfo:You are using STAR_LEVEL : dev, ROOT_LEVEL : 5.34.38 and node : spool0724.sdcc.bnl.gov 

Processing check_S.C++("/tmp/maxwoo/21EF1A6A9139C9FD2A38E59AFB466F9A_2623/INPUTFILES/21EF1A6A9139C9FD2A38E59AFB466F9A_2623.local.list","21EF1A6A9139C9FD2A38E59AFB466F9A_2623",1)...
/tmp/maxwoo/21EF1A6A9139C9FD2A38E59AFB466F9A_2623/INPUTFILES/data_1577115341.root 
/tmp/maxwoo/21EF1A6A9139C9FD2A38E59AFB466F9A_2623/INPUTFILES/data_1577115411.root 
/tmp/maxwoo/21EF1A6A9139C9FD2A38E59AFB466F9A_2623/INPUTFILES/data_1577115581.root 
/tmp/maxwoo/21EF1A6A9139C9FD2A38E59AFB466F9A_2623/INPUTFILES/data_1577137551.root 
/tmp/maxwoo/21EF1A6A9139C9FD2A38E59AFB466F9A_2623/INPUTFILES/data_1577170481.root 
/tmp/maxwoo/21EF1A6A9139C9FD2A38E59AFB466F9A_2623/INPUTFILES/data_1577170491.root 
/tmp/maxwoo/21EF1A6A9139C9FD2A38E59AFB466F9A_2623/INPUTFILES/data_1577170501.root 
/tmp/maxwoo/21EF1A6A9139C9FD2A38E59AFB466F9A_2623/INPUTFILES/data_1577170511.root 
/tmp/maxwoo/21EF1A6A9139C9FD2A38E59AFB466F9A_2623/INPUTFILES/data_1577170651.root 
/tmp/maxwoo/21EF1A6A9139C9FD2A38E59AFB466F9A_2623/INPUTFILES/data_1577170671.root 
/tmp/maxwoo/21EF1A6A9139C9FD2A38E59AFB466F9A_2623/INPUTFILES/data_1577170681.root 
/tmp/maxwoo/21EF1A6A9139C9FD2A38E59AFB466F9A_2623/INPUTFILES/data_1577170741.root 
/tmp/maxwoo/21EF1A6A9139C9FD2A38E59AFB466F9A_2623/INPUTFILES/data_1577170831.root 
/tmp/maxwoo/21EF1A6A9139C9FD2A38E59AFB466F9A_2623/INPUTFILES/data_1577170871.root 
/tmp/maxwoo/21EF1A6A9139C9FD2A38E59AFB466F9A_2623/INPUTFILES/data_1577171021.root 
/tmp/maxwoo/21EF1A6A9139C9FD2A38E59AFB466F9A_2623/INPUTFILES/data_1577171221.root 
/tmp/maxwoo/21EF1A6A9139C9FD2A38E59AFB466F9A_2623/INPUTFILES/data_1577171501.root 
/tmp/maxwoo/21EF1A6A9139C9FD2A38E59AFB466F9A_2623/INPUTFILES/data_1577171541.root 
/tmp/maxwoo/21EF1A6A9139C9FD2A38E59AFB466F9A_2623/INPUTFILES/data_1577173991.root 
/tmp/maxwoo/21EF1A6A9139C9FD2A38E59AFB466F9A_2623/INPUTFILES/data_1577174921.root 
/tmp/maxwoo/21EF1A6A9139C9FD2A38E59AFB466F9A_2623/INPUTFILES/data_1577175941.root 
/tmp/maxwoo/21EF1A6A9139C9FD2A38E59AFB466F9A_2623/INPUTFILES/data_1577176411.root 
/tmp/maxwoo/21EF1A6A9139C9FD2A38E59AFB466F9A_2623/INPUTFILES/data_1577176471.root 
/tmp/maxwoo/21EF1A6A9139C9FD2A38E59AFB466F9A_2623/INPUTFILES/data_1577176491.root 
/tmp/maxwoo/21EF1A6A9139C9FD2A38E59AFB466F9A_2623/INPUTFILES/data_1578101151.root 
/tmp/maxwoo/21EF1A6A9139C9FD2A38E59AFB466F9A_2623/INPUTFILES/data_1578114771.root 
/tmp/maxwoo/21EF1A6A9139C9FD2A38E59AFB466F9A_2623/INPUTFILES/data_1578115571.root 
/tmp/maxwoo/21EF1A6A9139C9FD2A38E59AFB466F9A_2623/INPUTFILES/data_1578115661.root 
/tmp/maxwoo/21EF1A6A9139C9FD2A38E59AFB466F9A_2623/INPUTFILES/data_1578115781.root 
/tmp/maxwoo/21EF1A6A9139C9FD2A38E59AFB466F9A_2623/INPUTFILES/data_1578170131.root 
/tmp/maxwoo/21EF1A6A9139C9FD2A38E59AFB466F9A_2623/INPUTFILES/data_1578170181.root 
/tmp/maxwoo/21EF1A6A9139C9FD2A38E59AFB466F9A_2623/INPUTFILES/data_1578170201.root 
/tmp/maxwoo/21EF1A6A9139C9FD2A38E59AFB466F9A_2623/INPUTFILES/data_1578170231.root 
/tmp/maxwoo/21EF1A6A9139C9FD2A38E59AFB466F9A_2623/INPUTFILES/data_1578170241.root 
/tmp/maxwoo/21EF1A6A9139C9FD2A38E59AFB466F9A_2623/INPUTFILES/data_1578170281.root 
/tmp/maxwoo/21EF1A6A9139C9FD2A38E59AFB466F9A_2623/INPUTFILES/data_1578170311.root 
/tmp/maxwoo/21EF1A6A9139C9FD2A38E59AFB466F9A_2623/INPUTFILES/data_1578170331.root 
Added 37 files
# entries in chain: 36466
Processing entry == 1000 == out of 36466.
Processing entry == 2000 == out of 36466.
Processing entry == 3000 == out of 36466.
Processing entry == 4000 == out of 36466.
Processing entry == 5000 == out of 36466.
Processing entry == 6000 == out of 36466.
Processing entry == 7000 == out of 36466.
Processing entry == 8000 == out of 36466.
Processing entry == 9000 == out of 36466.
Processing entry == 10000 == out of 36466.
Processing entry == 11000 == out of 36466.
Processing entry == 12000 == out of 36466.
Processing entry == 13000 == out of 36466.
Processing entry == 14000 == out of 36466.
Processing entry == 15000 == out of 36466.
Processing entry == 16000 == out of 36466.
Processing entry == 17000 == out of 36466.
Processing entry == 18000 == out of 36466.
Processing entry == 19000 == out of 36466.
Processing entry == 20000 == out of 36466.
Processing entry == 21000 == out of 36466.
Processing entry == 22000 == out of 36466.
Processing entry == 23000 == out of 36466.
Processing entry == 24000 == out of 36466.
Processing entry == 25000 == out of 36466.
Processing entry == 26000 == out of 36466.
Processing entry == 27000 == out of 36466.
Processing entry == 28000 == out of 36466.
Processing entry == 29000 == out of 36466.
Processing entry == 30000 == out of 36466.
Processing entry == 31000 == out of 36466.
Processing entry == 32000 == out of 36466.
Processing entry == 33000 == out of 36466.
Processing entry == 34000 == out of 36466.
Processing entry == 35000 == out of 36466.
Processing entry == 36000 == out of 36466.

This is the end of ROOT -- Goodbye

Cleaning up sandbox file:  /tmp/maxwoo/21EF1A6A9139C9FD2A38E59AFB466F9A_2623/check_S.C
Cleaning up sandbox file:  /tmp/maxwoo/21EF1A6A9139C9FD2A38E59AFB466F9A_2623/Check_Sness.C
Cleaning up sandbox file:  /tmp/maxwoo/21EF1A6A9139C9FD2A38E59AFB466F9A_2623/lib
Cleaning up sandbox file:  /tmp/maxwoo/21EF1A6A9139C9FD2A38E59AFB466F9A_2623/.sandboxFiles
Starting copy block
Running copy command:  /bin/cp -fp /tmp/maxwoo/21EF1A6A9139C9FD2A38E59AFB466F9A_2623/out_21EF1A6A9139C9FD2A38E59AFB466F9A_2623.root /star/data01/pwg/xiatong/git/strangeness/data/
152326 Execution of (/star/data01/pwg/xiatong/git/strangeness/script/sched21EF1A6A9139C9FD2A38E59AFB466F9A_2623.csh ) has ended, exiting normally
152326 We END on [Thu Jun  2 11:17:53 EDT 2022]
