We are starting on node: spool0704.sdcc.bnl.gov
HOME is not defined
Using getent method
HOME is now /star/u/maxwoo
73219 We will spawn ourselves (/star/data01/pwg/xiatong/git/strangeness/script/sched21EF1A6A9139C9FD2A38E59AFB466F9A_323.csh )
73219 We BEGIN on [Thu Jun  2 11:37:58 EDT 2022]
[1] 73397
73219 We are waiting for 73397 
73219 Grandchild PID is 73910 - found in 10 x 1 seconds
73219 Establishing first watcher   on    Thu Jun  2 11:38:09 EDT 2022
73219 Process tree is 73219 (main) -> 73397 (child) -> 73910 (grandchild)
F S   UID    PID   PPID  C PRI  NI ADDR SZ WCHAN  TTY        TIME CMD
0 D 100667 73910  73397  0  80   0 - 32311 cxiWai ?          0:00 cp /star/data01/pwg/xiatong/AMPT/14GeV/data_157193521.root /tmp/maxwoo/21EF1A6A9139C9FD2A38E59AFB466F9A_323/INPUTFILES/data_157193521.root
73219 Grandchild PID is 74641 - found in 20 x 2 seconds
73219 Grandchild to watch has changed on Thu Jun  2 11:38:29 EDT 2022
73219 Process tree is 73219 (main) -> 73397 (child) -> 74641 (grandchild)
F S   UID    PID   PPID  C PRI  NI ADDR SZ WCHAN  TTY        TIME CMD
0 D 100667 74641  73397  0  80   0 - 32311 cxiWai ?          0:00 cp /star/data01/pwg/xiatong/AMPT/14GeV/data_157193531.root /tmp/maxwoo/21EF1A6A9139C9FD2A38E59AFB466F9A_323/INPUTFILES/data_157193531.root
73219 Grandchild PID is 75349 - found in 30 x 2 seconds
73219 Grandchild to watch has changed on Thu Jun  2 11:38:50 EDT 2022
73219 Process tree is 73219 (main) -> 73397 (child) -> 75349 (grandchild)
F S   UID    PID   PPID  C PRI  NI ADDR SZ WCHAN  TTY        TIME CMD
0 D 100667 75349  73397  0  80   0 - 32311 cxiWai ?          0:00 cp /star/data01/pwg/xiatong/AMPT/14GeV/data_157193541.root /tmp/maxwoo/21EF1A6A9139C9FD2A38E59AFB466F9A_323/INPUTFILES/data_157193541.root
73219 Grandchild PID is 76659 - found in 40 x 2 seconds
73219 Grandchild to watch has changed on Thu Jun  2 11:39:11 EDT 2022
73219 Process tree is 73219 (main) -> 73397 (child) -> 76659 (grandchild)
F S   UID    PID   PPID  C PRI  NI ADDR SZ WCHAN  TTY        TIME CMD
0 D 100667 76659  73397  0  80   0 - 32311 cxiWai ?          0:00 cp /star/data01/pwg/xiatong/AMPT/14GeV/data_157238441.root /tmp/maxwoo/21EF1A6A9139C9FD2A38E59AFB466F9A_323/INPUTFILES/data_157238441.root
73219 Grandchild PID is 77408 - found in 50 x 2 seconds
73219 Grandchild to watch has changed on Thu Jun  2 11:39:31 EDT 2022
73219 Process tree is 73219 (main) -> 73397 (child) -> 77408 (grandchild)
F S   UID    PID   PPID  C PRI  NI ADDR SZ WCHAN  TTY        TIME CMD
0 D 100667 77408  73397  0  80   0 - 32311 cxiWai ?          0:00 cp /star/data01/pwg/xiatong/AMPT/14GeV/data_157238721.root /tmp/maxwoo/21EF1A6A9139C9FD2A38E59AFB466F9A_323/INPUTFILES/data_157238721.root
73219 Grandchild PID is 80232 - found in 70 x 2 seconds
73219 Grandchild to watch has changed on Thu Jun  2 11:40:13 EDT 2022
73219 Process tree is 73219 (main) -> 73397 (child) -> 80232 (grandchild)
F S   UID    PID   PPID  C PRI  NI ADDR SZ WCHAN  TTY        TIME CMD
0 D 100667 80232  73397  0  80   0 - 32311 cxiWai ?          0:00 cp /star/data01/pwg/xiatong/AMPT/14GeV/data_157239161.root /tmp/maxwoo/21EF1A6A9139C9FD2A38E59AFB466F9A_323/INPUTFILES/data_157239161.root
73219 Grandchild PID is 82283 - found in 90 x 2 seconds
73219 Grandchild to watch has changed on Thu Jun  2 11:40:54 EDT 2022
73219 Process tree is 73219 (main) -> 73397 (child) -> 82283 (grandchild)
F S   UID    PID   PPID  C PRI  NI ADDR SZ WCHAN  TTY        TIME CMD
0 D 100667 82283  73397  0  80   0 - 32311 cxiWai ?          0:00 cp /star/data01/pwg/xiatong/AMPT/14GeV/data_157261221.root /tmp/maxwoo/21EF1A6A9139C9FD2A38E59AFB466F9A_323/INPUTFILES/data_157261221.root
73219 Grandchild PID is 83156 - found in 100 x 2 seconds
73219 Grandchild to watch has changed on Thu Jun  2 11:41:15 EDT 2022
73219 Process tree is 73219 (main) -> 73397 (child) -> 83156 (grandchild)
F S   UID    PID   PPID  C PRI  NI ADDR SZ WCHAN  TTY        TIME CMD
0 D 100667 83156  73397  0  80   0 - 32311 cxiWai ?          0:00 cp /star/data01/pwg/xiatong/AMPT/14GeV/data_157338381.root /tmp/maxwoo/21EF1A6A9139C9FD2A38E59AFB466F9A_323/INPUTFILES/data_157338381.root
73219 Grandchild PID is 85900 - found in 130 x 2 seconds
73219 Grandchild to watch has changed on Thu Jun  2 11:42:17 EDT 2022
73219 Process tree is 73219 (main) -> 73397 (child) -> 85900 (grandchild)
F S   UID    PID   PPID  C PRI  NI ADDR SZ WCHAN  TTY        TIME CMD
0 D 100667 85900  73397  0  80   0 - 32311 cxiWai ?          0:00 cp /star/data01/pwg/xiatong/AMPT/14GeV/data_157338401.root /tmp/maxwoo/21EF1A6A9139C9FD2A38E59AFB466F9A_323/INPUTFILES/data_157338401.root
73219 Grandchild PID is 88778 - found in 150 x 2 seconds
73219 Grandchild to watch has changed on Thu Jun  2 11:43:04 EDT 2022
73219 Process tree is 73219 (main) -> 73397 (child) -> 88778 (grandchild)
F S   UID    PID   PPID  C PRI  NI ADDR SZ WCHAN  TTY        TIME CMD
0 D 100667 88778  73397  0  80   0 - 32311 cxiWai ?          0:00 cp /star/data01/pwg/xiatong/AMPT/14GeV/data_157352781.root /tmp/maxwoo/21EF1A6A9139C9FD2A38E59AFB466F9A_323/INPUTFILES/data_157352781.root
73219 Grandchild PID is 90657 - found in 160 x 2 seconds
73219 Grandchild to watch has changed on Thu Jun  2 11:43:32 EDT 2022
73219 Process tree is 73219 (main) -> 73397 (child) -> 90657 (grandchild)
F S   UID    PID   PPID  C PRI  NI ADDR SZ WCHAN  TTY        TIME CMD
0 D 100667 90657  73397  0  80   0 - 32311 cxiWai ?          0:00 cp /star/data01/pwg/xiatong/AMPT/14GeV/data_157438831.root /tmp/maxwoo/21EF1A6A9139C9FD2A38E59AFB466F9A_323/INPUTFILES/data_157438831.root
73219 Grandchild PID is 91717 - found in 170 x 2 seconds
73219 Grandchild to watch has changed on Thu Jun  2 11:43:55 EDT 2022
73219 Process tree is 73219 (main) -> 73397 (child) -> 91717 (grandchild)
F S   UID    PID   PPID  C PRI  NI ADDR SZ WCHAN  TTY        TIME CMD
0 S 100667 91717  73397  0  80   0 -  1272 do_wai ?          0:00 root -b -q check_S.C++("/tmp/maxwoo/21EF1A6A9139C9FD2A38E59AFB466F9A_323/INPUTFILES/21EF1A6A9139C9FD2A38E59AFB466F9A_323.local.list","21EF1A6A9139C9FD2A38E59AFB466F9A_323",1)
73397 Stepping into the main SUMS wrapper program with []
.... building sandbox
Running: cp /star/data01/pwg/xiatong/AMPT/14GeV/data_157193501.root /tmp/maxwoo/21EF1A6A9139C9FD2A38E59AFB466F9A_323/INPUTFILES/data_157193501.root
Running: cp /star/data01/pwg/xiatong/AMPT/14GeV/data_157193511.root /tmp/maxwoo/21EF1A6A9139C9FD2A38E59AFB466F9A_323/INPUTFILES/data_157193511.root
Running: cp /star/data01/pwg/xiatong/AMPT/14GeV/data_157193521.root /tmp/maxwoo/21EF1A6A9139C9FD2A38E59AFB466F9A_323/INPUTFILES/data_157193521.root
Running: cp /star/data01/pwg/xiatong/AMPT/14GeV/data_157193531.root /tmp/maxwoo/21EF1A6A9139C9FD2A38E59AFB466F9A_323/INPUTFILES/data_157193531.root
Running: cp /star/data01/pwg/xiatong/AMPT/14GeV/data_157193541.root /tmp/maxwoo/21EF1A6A9139C9FD2A38E59AFB466F9A_323/INPUTFILES/data_157193541.root
Running: cp /star/data01/pwg/xiatong/AMPT/14GeV/data_157193551.root /tmp/maxwoo/21EF1A6A9139C9FD2A38E59AFB466F9A_323/INPUTFILES/data_157193551.root
Running: cp /star/data01/pwg/xiatong/AMPT/14GeV/data_157193571.root /tmp/maxwoo/21EF1A6A9139C9FD2A38E59AFB466F9A_323/INPUTFILES/data_157193571.root
Running: cp /star/data01/pwg/xiatong/AMPT/14GeV/data_157193971.root /tmp/maxwoo/21EF1A6A9139C9FD2A38E59AFB466F9A_323/INPUTFILES/data_157193971.root
Running: cp /star/data01/pwg/xiatong/AMPT/14GeV/data_157196331.root /tmp/maxwoo/21EF1A6A9139C9FD2A38E59AFB466F9A_323/INPUTFILES/data_157196331.root
Running: cp /star/data01/pwg/xiatong/AMPT/14GeV/data_157197841.root /tmp/maxwoo/21EF1A6A9139C9FD2A38E59AFB466F9A_323/INPUTFILES/data_157197841.root
Running: cp /star/data01/pwg/xiatong/AMPT/14GeV/data_157238371.root /tmp/maxwoo/21EF1A6A9139C9FD2A38E59AFB466F9A_323/INPUTFILES/data_157238371.root
Running: cp /star/data01/pwg/xiatong/AMPT/14GeV/data_157238441.root /tmp/maxwoo/21EF1A6A9139C9FD2A38E59AFB466F9A_323/INPUTFILES/data_157238441.root
Running: cp /star/data01/pwg/xiatong/AMPT/14GeV/data_157238691.root /tmp/maxwoo/21EF1A6A9139C9FD2A38E59AFB466F9A_323/INPUTFILES/data_157238691.root
Running: cp /star/data01/pwg/xiatong/AMPT/14GeV/data_157238721.root /tmp/maxwoo/21EF1A6A9139C9FD2A38E59AFB466F9A_323/INPUTFILES/data_157238721.root
Running: cp /star/data01/pwg/xiatong/AMPT/14GeV/data_157238941.root /tmp/maxwoo/21EF1A6A9139C9FD2A38E59AFB466F9A_323/INPUTFILES/data_157238941.root
Running: cp /star/data01/pwg/xiatong/AMPT/14GeV/data_157239161.root /tmp/maxwoo/21EF1A6A9139C9FD2A38E59AFB466F9A_323/INPUTFILES/data_157239161.root
Running: cp /star/data01/pwg/xiatong/AMPT/14GeV/data_157239181.root /tmp/maxwoo/21EF1A6A9139C9FD2A38E59AFB466F9A_323/INPUTFILES/data_157239181.root
Running: cp /star/data01/pwg/xiatong/AMPT/14GeV/data_157239771.root /tmp/maxwoo/21EF1A6A9139C9FD2A38E59AFB466F9A_323/INPUTFILES/data_157239771.root
Running: cp /star/data01/pwg/xiatong/AMPT/14GeV/data_157252791.root /tmp/maxwoo/21EF1A6A9139C9FD2A38E59AFB466F9A_323/INPUTFILES/data_157252791.root
Running: cp /star/data01/pwg/xiatong/AMPT/14GeV/data_157252801.root /tmp/maxwoo/21EF1A6A9139C9FD2A38E59AFB466F9A_323/INPUTFILES/data_157252801.root
Running: cp /star/data01/pwg/xiatong/AMPT/14GeV/data_157261221.root /tmp/maxwoo/21EF1A6A9139C9FD2A38E59AFB466F9A_323/INPUTFILES/data_157261221.root
Running: cp /star/data01/pwg/xiatong/AMPT/14GeV/data_157338381.root /tmp/maxwoo/21EF1A6A9139C9FD2A38E59AFB466F9A_323/INPUTFILES/data_157338381.root
Running: cp /star/data01/pwg/xiatong/AMPT/14GeV/data_157338401.root /tmp/maxwoo/21EF1A6A9139C9FD2A38E59AFB466F9A_323/INPUTFILES/data_157338401.root
Running: cp /star/data01/pwg/xiatong/AMPT/14GeV/data_157338531.root /tmp/maxwoo/21EF1A6A9139C9FD2A38E59AFB466F9A_323/INPUTFILES/data_157338531.root
Running: cp /star/data01/pwg/xiatong/AMPT/14GeV/data_157338711.root /tmp/maxwoo/21EF1A6A9139C9FD2A38E59AFB466F9A_323/INPUTFILES/data_157338711.root
Running: cp /star/data01/pwg/xiatong/AMPT/14GeV/data_157338861.root /tmp/maxwoo/21EF1A6A9139C9FD2A38E59AFB466F9A_323/INPUTFILES/data_157338861.root
Running: cp /star/data01/pwg/xiatong/AMPT/14GeV/data_157338871.root /tmp/maxwoo/21EF1A6A9139C9FD2A38E59AFB466F9A_323/INPUTFILES/data_157338871.root
Running: cp /star/data01/pwg/xiatong/AMPT/14GeV/data_157339411.root /tmp/maxwoo/21EF1A6A9139C9FD2A38E59AFB466F9A_323/INPUTFILES/data_157339411.root
Running: cp /star/data01/pwg/xiatong/AMPT/14GeV/data_157339741.root /tmp/maxwoo/21EF1A6A9139C9FD2A38E59AFB466F9A_323/INPUTFILES/data_157339741.root
Running: cp /star/data01/pwg/xiatong/AMPT/14GeV/data_157352771.root /tmp/maxwoo/21EF1A6A9139C9FD2A38E59AFB466F9A_323/INPUTFILES/data_157352771.root
Running: cp /star/data01/pwg/xiatong/AMPT/14GeV/data_157352781.root /tmp/maxwoo/21EF1A6A9139C9FD2A38E59AFB466F9A_323/INPUTFILES/data_157352781.root
Running: cp /star/data01/pwg/xiatong/AMPT/14GeV/data_157438781.root /tmp/maxwoo/21EF1A6A9139C9FD2A38E59AFB466F9A_323/INPUTFILES/data_157438781.root
Running: cp /star/data01/pwg/xiatong/AMPT/14GeV/data_157438801.root /tmp/maxwoo/21EF1A6A9139C9FD2A38E59AFB466F9A_323/INPUTFILES/data_157438801.root
Running: cp /star/data01/pwg/xiatong/AMPT/14GeV/data_157438831.root /tmp/maxwoo/21EF1A6A9139C9FD2A38E59AFB466F9A_323/INPUTFILES/data_157438831.root
Running: cp /star/data01/pwg/xiatong/AMPT/14GeV/data_157439451.root /tmp/maxwoo/21EF1A6A9139C9FD2A38E59AFB466F9A_323/INPUTFILES/data_157439451.root
Running: cp /star/data01/pwg/xiatong/AMPT/14GeV/data_157539381.root /tmp/maxwoo/21EF1A6A9139C9FD2A38E59AFB466F9A_323/INPUTFILES/data_157539381.root
Running: cp /star/data01/pwg/xiatong/AMPT/14GeV/data_157539791.root /tmp/maxwoo/21EF1A6A9139C9FD2A38E59AFB466F9A_323/INPUTFILES/data_157539791.root
Swapping $FILELIST with: /tmp/maxwoo/21EF1A6A9139C9FD2A38E59AFB466F9A_323/INPUTFILES/21EF1A6A9139C9FD2A38E59AFB466F9A_323.local.list
+++++++++++local copy debug++++++++++++++++++++
newFileList: /tmp/maxwoo/21EF1A6A9139C9FD2A38E59AFB466F9A_323/INPUTFILES/21EF1A6A9139C9FD2A38E59AFB466F9A_323.local.list
++++++++++++++++cat FILELIST+++++++++++++++++++
/tmp/maxwoo/21EF1A6A9139C9FD2A38E59AFB466F9A_323/INPUTFILES/data_157193501.root 
/tmp/maxwoo/21EF1A6A9139C9FD2A38E59AFB466F9A_323/INPUTFILES/data_157193511.root 
/tmp/maxwoo/21EF1A6A9139C9FD2A38E59AFB466F9A_323/INPUTFILES/data_157193521.root 
/tmp/maxwoo/21EF1A6A9139C9FD2A38E59AFB466F9A_323/INPUTFILES/data_157193531.root 
/tmp/maxwoo/21EF1A6A9139C9FD2A38E59AFB466F9A_323/INPUTFILES/data_157193541.root 
/tmp/maxwoo/21EF1A6A9139C9FD2A38E59AFB466F9A_323/INPUTFILES/data_157193551.root 
/tmp/maxwoo/21EF1A6A9139C9FD2A38E59AFB466F9A_323/INPUTFILES/data_157193571.root 
/tmp/maxwoo/21EF1A6A9139C9FD2A38E59AFB466F9A_323/INPUTFILES/data_157193971.root 
/tmp/maxwoo/21EF1A6A9139C9FD2A38E59AFB466F9A_323/INPUTFILES/data_157196331.root 
/tmp/maxwoo/21EF1A6A9139C9FD2A38E59AFB466F9A_323/INPUTFILES/data_157197841.root 
/tmp/maxwoo/21EF1A6A9139C9FD2A38E59AFB466F9A_323/INPUTFILES/data_157238371.root 
/tmp/maxwoo/21EF1A6A9139C9FD2A38E59AFB466F9A_323/INPUTFILES/data_157238441.root 
/tmp/maxwoo/21EF1A6A9139C9FD2A38E59AFB466F9A_323/INPUTFILES/data_157238691.root 
/tmp/maxwoo/21EF1A6A9139C9FD2A38E59AFB466F9A_323/INPUTFILES/data_157238721.root 
/tmp/maxwoo/21EF1A6A9139C9FD2A38E59AFB466F9A_323/INPUTFILES/data_157238941.root 
/tmp/maxwoo/21EF1A6A9139C9FD2A38E59AFB466F9A_323/INPUTFILES/data_157239161.root 
/tmp/maxwoo/21EF1A6A9139C9FD2A38E59AFB466F9A_323/INPUTFILES/data_157239181.root 
/tmp/maxwoo/21EF1A6A9139C9FD2A38E59AFB466F9A_323/INPUTFILES/data_157239771.root 
/tmp/maxwoo/21EF1A6A9139C9FD2A38E59AFB466F9A_323/INPUTFILES/data_157252791.root 
/tmp/maxwoo/21EF1A6A9139C9FD2A38E59AFB466F9A_323/INPUTFILES/data_157252801.root 
/tmp/maxwoo/21EF1A6A9139C9FD2A38E59AFB466F9A_323/INPUTFILES/data_157261221.root 
/tmp/maxwoo/21EF1A6A9139C9FD2A38E59AFB466F9A_323/INPUTFILES/data_157338381.root 
/tmp/maxwoo/21EF1A6A9139C9FD2A38E59AFB466F9A_323/INPUTFILES/data_157338401.root 
/tmp/maxwoo/21EF1A6A9139C9FD2A38E59AFB466F9A_323/INPUTFILES/data_157338531.root 
/tmp/maxwoo/21EF1A6A9139C9FD2A38E59AFB466F9A_323/INPUTFILES/data_157338711.root 
/tmp/maxwoo/21EF1A6A9139C9FD2A38E59AFB466F9A_323/INPUTFILES/data_157338861.root 
/tmp/maxwoo/21EF1A6A9139C9FD2A38E59AFB466F9A_323/INPUTFILES/data_157338871.root 
/tmp/maxwoo/21EF1A6A9139C9FD2A38E59AFB466F9A_323/INPUTFILES/data_157339411.root 
/tmp/maxwoo/21EF1A6A9139C9FD2A38E59AFB466F9A_323/INPUTFILES/data_157339741.root 
/tmp/maxwoo/21EF1A6A9139C9FD2A38E59AFB466F9A_323/INPUTFILES/data_157352771.root 
/tmp/maxwoo/21EF1A6A9139C9FD2A38E59AFB466F9A_323/INPUTFILES/data_157352781.root 
/tmp/maxwoo/21EF1A6A9139C9FD2A38E59AFB466F9A_323/INPUTFILES/data_157438781.root 
/tmp/maxwoo/21EF1A6A9139C9FD2A38E59AFB466F9A_323/INPUTFILES/data_157438801.root 
/tmp/maxwoo/21EF1A6A9139C9FD2A38E59AFB466F9A_323/INPUTFILES/data_157438831.root 
/tmp/maxwoo/21EF1A6A9139C9FD2A38E59AFB466F9A_323/INPUTFILES/data_157439451.root 
/tmp/maxwoo/21EF1A6A9139C9FD2A38E59AFB466F9A_323/INPUTFILES/data_157539381.root 
/tmp/maxwoo/21EF1A6A9139C9FD2A38E59AFB466F9A_323/INPUTFILES/data_157539791.root 
++++++++++++++++++++find.++++++++++++++++++++++
.
./lib
./lib/NpartNormalizer_cpp_ACLiC_dict_rdict.pcm
./lib/CenMaker.cpp
./lib/my_particle.cpp
./lib/my_particle_cpp.so
./lib/my_event_cpp_ACLiC_dict_rdict.pcm
./lib/my_particle.h
./lib/NpartNormalizer.cpp
./lib/CenMaker.h
./lib/MixedBuffer_cpp.so
./lib/my_event_cpp.d
./lib/my_event_cpp.so
./lib/MixedBuffer_cpp.d
./lib/NpartNormalizer_cpp.d
./lib/CenMaker_cpp.so
./lib/my_event.h
./lib/MixedBuffer.h
./lib/MixedBuffer.cpp
./lib/MixedBuffer_cpp_ACLiC_dict_rdict.pcm
./lib/CenMaker_cpp_ACLiC_dict_rdict.pcm
./lib/NpartNormalizer_cpp.so
./lib/my_particle_cpp_ACLiC_dict_rdict.pcm
./lib/my_event.cpp
./lib/NpartNormalizer.h
./lib/CenMaker_cpp.d
./lib/my_particle_cpp.d
./Check_Sness.C
./.errror.log
./.output.log
./check_S.C
./.sandboxFiles
./INPUTFILES
./INPUTFILES/data_157438801.root
./INPUTFILES/data_157338531.root
./INPUTFILES/data_157539381.root
./INPUTFILES/data_157197841.root
./INPUTFILES/data_157193551.root
./INPUTFILES/data_157539791.root
./INPUTFILES/data_157352771.root
./INPUTFILES/data_157439451.root
./INPUTFILES/data_157239181.root
./INPUTFILES/data_157193571.root
./INPUTFILES/21EF1A6A9139C9FD2A38E59AFB466F9A_323.local.list
./INPUTFILES/data_157338401.root
./INPUTFILES/data_157338711.root
./INPUTFILES/data_157352781.root
./INPUTFILES/data_157238371.root
./INPUTFILES/data_157338871.root
./INPUTFILES/data_157339741.root
./INPUTFILES/data_157252791.root
./INPUTFILES/data_157339411.root
./INPUTFILES/data_157338861.root
./INPUTFILES/data_157252801.root
./INPUTFILES/data_157338381.root
./INPUTFILES/data_157193511.root
./INPUTFILES/data_157261221.root
./INPUTFILES/data_157196331.root
./INPUTFILES/data_157239161.root
./INPUTFILES/data_157238441.root
./INPUTFILES/data_157238941.root
./INPUTFILES/data_157438781.root
./INPUTFILES/data_157193521.root
./INPUTFILES/data_157239771.root
./INPUTFILES/data_157193501.root
./INPUTFILES/data_157238691.root
./INPUTFILES/data_157238721.root
./INPUTFILES/data_157438831.root
./INPUTFILES/data_157193971.root
./INPUTFILES/data_157193541.root
./INPUTFILES/data_157193531.root
++++++++++++++++INPUTFILE Var++++++++++++++++++
FILELIST=/tmp/maxwoo/21EF1A6A9139C9FD2A38E59AFB466F9A_323/INPUTFILES/21EF1A6A9139C9FD2A38E59AFB466F9A_323.local.list
INPUTFILECOUNT=37
INPUTFILE0=/tmp/maxwoo/21EF1A6A9139C9FD2A38E59AFB466F9A_323/INPUTFILES/data_157193501.root
INPUTFILE1=/tmp/maxwoo/21EF1A6A9139C9FD2A38E59AFB466F9A_323/INPUTFILES/data_157193511.root
INPUTFILE2=/tmp/maxwoo/21EF1A6A9139C9FD2A38E59AFB466F9A_323/INPUTFILES/data_157193521.root
INPUTFILE3=/tmp/maxwoo/21EF1A6A9139C9FD2A38E59AFB466F9A_323/INPUTFILES/data_157193531.root
INPUTFILE4=/tmp/maxwoo/21EF1A6A9139C9FD2A38E59AFB466F9A_323/INPUTFILES/data_157193541.root
INPUTFILE5=/tmp/maxwoo/21EF1A6A9139C9FD2A38E59AFB466F9A_323/INPUTFILES/data_157193551.root
INPUTFILE6=/tmp/maxwoo/21EF1A6A9139C9FD2A38E59AFB466F9A_323/INPUTFILES/data_157193571.root
INPUTFILE7=/tmp/maxwoo/21EF1A6A9139C9FD2A38E59AFB466F9A_323/INPUTFILES/data_157193971.root
INPUTFILE8=/tmp/maxwoo/21EF1A6A9139C9FD2A38E59AFB466F9A_323/INPUTFILES/data_157196331.root
INPUTFILE9=/tmp/maxwoo/21EF1A6A9139C9FD2A38E59AFB466F9A_323/INPUTFILES/data_157197841.root
INPUTFILE10=/tmp/maxwoo/21EF1A6A9139C9FD2A38E59AFB466F9A_323/INPUTFILES/data_157238371.root
INPUTFILE11=/tmp/maxwoo/21EF1A6A9139C9FD2A38E59AFB466F9A_323/INPUTFILES/data_157238441.root
INPUTFILE12=/tmp/maxwoo/21EF1A6A9139C9FD2A38E59AFB466F9A_323/INPUTFILES/data_157238691.root
INPUTFILE13=/tmp/maxwoo/21EF1A6A9139C9FD2A38E59AFB466F9A_323/INPUTFILES/data_157238721.root
INPUTFILE14=/tmp/maxwoo/21EF1A6A9139C9FD2A38E59AFB466F9A_323/INPUTFILES/data_157238941.root
INPUTFILE15=/tmp/maxwoo/21EF1A6A9139C9FD2A38E59AFB466F9A_323/INPUTFILES/data_157239161.root
INPUTFILE16=/tmp/maxwoo/21EF1A6A9139C9FD2A38E59AFB466F9A_323/INPUTFILES/data_157239181.root
INPUTFILE17=/tmp/maxwoo/21EF1A6A9139C9FD2A38E59AFB466F9A_323/INPUTFILES/data_157239771.root
INPUTFILE18=/tmp/maxwoo/21EF1A6A9139C9FD2A38E59AFB466F9A_323/INPUTFILES/data_157252791.root
INPUTFILE19=/tmp/maxwoo/21EF1A6A9139C9FD2A38E59AFB466F9A_323/INPUTFILES/data_157252801.root
INPUTFILE20=/tmp/maxwoo/21EF1A6A9139C9FD2A38E59AFB466F9A_323/INPUTFILES/data_157261221.root
INPUTFILE21=/tmp/maxwoo/21EF1A6A9139C9FD2A38E59AFB466F9A_323/INPUTFILES/data_157338381.root
INPUTFILE22=/tmp/maxwoo/21EF1A6A9139C9FD2A38E59AFB466F9A_323/INPUTFILES/data_157338401.root
INPUTFILE23=/tmp/maxwoo/21EF1A6A9139C9FD2A38E59AFB466F9A_323/INPUTFILES/data_157338531.root
INPUTFILE24=/tmp/maxwoo/21EF1A6A9139C9FD2A38E59AFB466F9A_323/INPUTFILES/data_157338711.root
INPUTFILE25=/tmp/maxwoo/21EF1A6A9139C9FD2A38E59AFB466F9A_323/INPUTFILES/data_157338861.root
INPUTFILE26=/tmp/maxwoo/21EF1A6A9139C9FD2A38E59AFB466F9A_323/INPUTFILES/data_157338871.root
INPUTFILE27=/tmp/maxwoo/21EF1A6A9139C9FD2A38E59AFB466F9A_323/INPUTFILES/data_157339411.root
INPUTFILE28=/tmp/maxwoo/21EF1A6A9139C9FD2A38E59AFB466F9A_323/INPUTFILES/data_157339741.root
INPUTFILE29=/tmp/maxwoo/21EF1A6A9139C9FD2A38E59AFB466F9A_323/INPUTFILES/data_157352771.root
INPUTFILE30=/tmp/maxwoo/21EF1A6A9139C9FD2A38E59AFB466F9A_323/INPUTFILES/data_157352781.root
INPUTFILE31=/tmp/maxwoo/21EF1A6A9139C9FD2A38E59AFB466F9A_323/INPUTFILES/data_157438781.root
INPUTFILE32=/tmp/maxwoo/21EF1A6A9139C9FD2A38E59AFB466F9A_323/INPUTFILES/data_157438801.root
INPUTFILE33=/tmp/maxwoo/21EF1A6A9139C9FD2A38E59AFB466F9A_323/INPUTFILES/data_157438831.root
INPUTFILE34=/tmp/maxwoo/21EF1A6A9139C9FD2A38E59AFB466F9A_323/INPUTFILES/data_157439451.root
INPUTFILE35=/tmp/maxwoo/21EF1A6A9139C9FD2A38E59AFB466F9A_323/INPUTFILES/data_157539381.root
INPUTFILE36=/tmp/maxwoo/21EF1A6A9139C9FD2A38E59AFB466F9A_323/INPUTFILES/data_157539791.root
LocalInputFileDir=/tmp/maxwoo/21EF1A6A9139C9FD2A38E59AFB466F9A_323/INPUTFILES
NewFILELIST=/tmp/maxwoo/21EF1A6A9139C9FD2A38E59AFB466F9A_323/INPUTFILES/21EF1A6A9139C9FD2A38E59AFB466F9A_323.local.list
+++++++++++++++++++++++++++++++++++++++++++++++
--------------------------------
Simple Unified Meta Scheduler 1.10.50 we are starting in $SCRATCH : /home/tmp/maxwoo/21EF1A6A9139C9FD2A38E59AFB466F9A_323
--------------------------------
total 16
lrwxrwxrwx 1 maxwoo rhstar   61 Jun  2 11:37 check_S.C -> /gpfs/mnt/gpfs01/star/pwg/xiatong/git/strangeness/./check_S.C
lrwxrwxrwx 1 maxwoo rhstar   65 Jun  2 11:37 Check_Sness.C -> /gpfs/mnt/gpfs01/star/pwg/xiatong/git/strangeness/./Check_Sness.C
drwxr-xr-x 2 maxwoo rhstar 4096 Jun  2 11:43 INPUTFILES
drwxr-xr-x 2 maxwoo rhstar 4096 Jun  2 11:37 lib
  *******************************************
  *                                         *
  *        W E L C O M E  to  R O O T       *
  *                                         *
  *   Version   5.34/38     12 March 2018   *
  *                                         *
  *  You are welcome to visit our Web site  *
  *          http://root.cern.ch            *
  *                                         *
  *******************************************

ROOT 5.34/38 (v5-34-38@v5-34-38, Mar 12 2018, 15:49:39 on linux)

CINT/ROOT C/C++ Interpreter version 5.18.00, July 2, 2010
Type ? for help. Commands must be C++ statements.
Enclose multiple statements between { }.
*** Float Point Exception is OFF ***
 *** Start at Date : Thu Jun  2 11:43:59 2022
QAInfo:You are using STAR_LEVEL : dev, ROOT_LEVEL : 5.34.38 and node : spool0704.sdcc.bnl.gov 

Processing check_S.C++("/tmp/maxwoo/21EF1A6A9139C9FD2A38E59AFB466F9A_323/INPUTFILES/21EF1A6A9139C9FD2A38E59AFB466F9A_323.local.list","21EF1A6A9139C9FD2A38E59AFB466F9A_323",1)...
/tmp/maxwoo/21EF1A6A9139C9FD2A38E59AFB466F9A_323/INPUTFILES/data_157193501.root 
/tmp/maxwoo/21EF1A6A9139C9FD2A38E59AFB466F9A_323/INPUTFILES/data_157193511.root 
/tmp/maxwoo/21EF1A6A9139C9FD2A38E59AFB466F9A_323/INPUTFILES/data_157193521.root 
/tmp/maxwoo/21EF1A6A9139C9FD2A38E59AFB466F9A_323/INPUTFILES/data_157193531.root 
/tmp/maxwoo/21EF1A6A9139C9FD2A38E59AFB466F9A_323/INPUTFILES/data_157193541.root 
/tmp/maxwoo/21EF1A6A9139C9FD2A38E59AFB466F9A_323/INPUTFILES/data_157193551.root 
/tmp/maxwoo/21EF1A6A9139C9FD2A38E59AFB466F9A_323/INPUTFILES/data_157193571.root 
/tmp/maxwoo/21EF1A6A9139C9FD2A38E59AFB466F9A_323/INPUTFILES/data_157193971.root 
/tmp/maxwoo/21EF1A6A9139C9FD2A38E59AFB466F9A_323/INPUTFILES/data_157196331.root 
/tmp/maxwoo/21EF1A6A9139C9FD2A38E59AFB466F9A_323/INPUTFILES/data_157197841.root 
/tmp/maxwoo/21EF1A6A9139C9FD2A38E59AFB466F9A_323/INPUTFILES/data_157238371.root 
/tmp/maxwoo/21EF1A6A9139C9FD2A38E59AFB466F9A_323/INPUTFILES/data_157238441.root 
/tmp/maxwoo/21EF1A6A9139C9FD2A38E59AFB466F9A_323/INPUTFILES/data_157238691.root 
/tmp/maxwoo/21EF1A6A9139C9FD2A38E59AFB466F9A_323/INPUTFILES/data_157238721.root 
/tmp/maxwoo/21EF1A6A9139C9FD2A38E59AFB466F9A_323/INPUTFILES/data_157238941.root 
/tmp/maxwoo/21EF1A6A9139C9FD2A38E59AFB466F9A_323/INPUTFILES/data_157239161.root 
/tmp/maxwoo/21EF1A6A9139C9FD2A38E59AFB466F9A_323/INPUTFILES/data_157239181.root 
/tmp/maxwoo/21EF1A6A9139C9FD2A38E59AFB466F9A_323/INPUTFILES/data_157239771.root 
/tmp/maxwoo/21EF1A6A9139C9FD2A38E59AFB466F9A_323/INPUTFILES/data_157252791.root 
/tmp/maxwoo/21EF1A6A9139C9FD2A38E59AFB466F9A_323/INPUTFILES/data_157252801.root 
/tmp/maxwoo/21EF1A6A9139C9FD2A38E59AFB466F9A_323/INPUTFILES/data_157261221.root 
/tmp/maxwoo/21EF1A6A9139C9FD2A38E59AFB466F9A_323/INPUTFILES/data_157338381.root 
/tmp/maxwoo/21EF1A6A9139C9FD2A38E59AFB466F9A_323/INPUTFILES/data_157338401.root 
/tmp/maxwoo/21EF1A6A9139C9FD2A38E59AFB466F9A_323/INPUTFILES/data_157338531.root 
/tmp/maxwoo/21EF1A6A9139C9FD2A38E59AFB466F9A_323/INPUTFILES/data_157338711.root 
/tmp/maxwoo/21EF1A6A9139C9FD2A38E59AFB466F9A_323/INPUTFILES/data_157338861.root 
/tmp/maxwoo/21EF1A6A9139C9FD2A38E59AFB466F9A_323/INPUTFILES/data_157338871.root 
/tmp/maxwoo/21EF1A6A9139C9FD2A38E59AFB466F9A_323/INPUTFILES/data_157339411.root 
/tmp/maxwoo/21EF1A6A9139C9FD2A38E59AFB466F9A_323/INPUTFILES/data_157339741.root 
/tmp/maxwoo/21EF1A6A9139C9FD2A38E59AFB466F9A_323/INPUTFILES/data_157352771.root 
/tmp/maxwoo/21EF1A6A9139C9FD2A38E59AFB466F9A_323/INPUTFILES/data_157352781.root 
/tmp/maxwoo/21EF1A6A9139C9FD2A38E59AFB466F9A_323/INPUTFILES/data_157438781.root 
/tmp/maxwoo/21EF1A6A9139C9FD2A38E59AFB466F9A_323/INPUTFILES/data_157438801.root 
/tmp/maxwoo/21EF1A6A9139C9FD2A38E59AFB466F9A_323/INPUTFILES/data_157438831.root 
/tmp/maxwoo/21EF1A6A9139C9FD2A38E59AFB466F9A_323/INPUTFILES/data_157439451.root 
/tmp/maxwoo/21EF1A6A9139C9FD2A38E59AFB466F9A_323/INPUTFILES/data_157539381.root 
/tmp/maxwoo/21EF1A6A9139C9FD2A38E59AFB466F9A_323/INPUTFILES/data_157539791.root 
Added 37 files
# entries in chain: 37000
Processing entry == 1000 == out of 37000.
Processing entry == 2000 == out of 37000.
Processing entry == 3000 == out of 37000.
Processing entry == 4000 == out of 37000.
Processing entry == 5000 == out of 37000.
Processing entry == 6000 == out of 37000.
Processing entry == 7000 == out of 37000.
Processing entry == 8000 == out of 37000.
Processing entry == 9000 == out of 37000.
Processing entry == 10000 == out of 37000.
Processing entry == 11000 == out of 37000.
Processing entry == 12000 == out of 37000.
Processing entry == 13000 == out of 37000.
Processing entry == 14000 == out of 37000.
Processing entry == 15000 == out of 37000.
Processing entry == 16000 == out of 37000.
Processing entry == 17000 == out of 37000.
Processing entry == 18000 == out of 37000.
Processing entry == 19000 == out of 37000.
Processing entry == 20000 == out of 37000.
Processing entry == 21000 == out of 37000.
Processing entry == 22000 == out of 37000.
Processing entry == 23000 == out of 37000.
Processing entry == 24000 == out of 37000.
Processing entry == 25000 == out of 37000.
Processing entry == 26000 == out of 37000.
Processing entry == 27000 == out of 37000.
Processing entry == 28000 == out of 37000.
Processing entry == 29000 == out of 37000.
Processing entry == 30000 == out of 37000.
Processing entry == 31000 == out of 37000.
Processing entry == 32000 == out of 37000.
Processing entry == 33000 == out of 37000.
Processing entry == 34000 == out of 37000.
Processing entry == 35000 == out of 37000.
Processing entry == 36000 == out of 37000.
Processing entry == 37000 == out of 37000.

This is the end of ROOT -- Goodbye

Cleaning up sandbox file:  /tmp/maxwoo/21EF1A6A9139C9FD2A38E59AFB466F9A_323/check_S.C
Cleaning up sandbox file:  /tmp/maxwoo/21EF1A6A9139C9FD2A38E59AFB466F9A_323/Check_Sness.C
Cleaning up sandbox file:  /tmp/maxwoo/21EF1A6A9139C9FD2A38E59AFB466F9A_323/lib
Cleaning up sandbox file:  /tmp/maxwoo/21EF1A6A9139C9FD2A38E59AFB466F9A_323/.sandboxFiles
Starting copy block
Running copy command:  /bin/cp -fp /tmp/maxwoo/21EF1A6A9139C9FD2A38E59AFB466F9A_323/out_21EF1A6A9139C9FD2A38E59AFB466F9A_323.root /star/data01/pwg/xiatong/git/strangeness/data/
73219 Execution of (/star/data01/pwg/xiatong/git/strangeness/script/sched21EF1A6A9139C9FD2A38E59AFB466F9A_323.csh ) has ended, exiting normally
73219 We END on [Thu Jun  2 12:02:05 EDT 2022]
