We are starting on node: spool0813.sdcc.bnl.gov
HOME is not defined
Using getent method
HOME is now /star/u/maxwoo
258886 We will spawn ourselves (/star/data01/pwg/xiatong/git/strangeness/script/sched21EF1A6A9139C9FD2A38E59AFB466F9A_2408.csh )
258886 We BEGIN on [Thu Jun  2 10:58:39 EDT 2022]
[1] 259438
258886 We are waiting for 259438 
258886 Grandchild PID is 260674 - found in 10 x 1 seconds
258886 Establishing first watcher   on    Thu Jun  2 10:58:50 EDT 2022
258886 Process tree is 258886 (main) -> 259438 (child) -> 260674 (grandchild)
F S   UID    PID   PPID  C PRI  NI ADDR SZ WCHAN  TTY        TIME CMD
0 D 100667 260674 259438  0 80   0 - 32311 cxiWai ?          0:00 cp /star/data01/pwg/xiatong/AMPT/14GeV/data_1334113931.root /tmp/maxwoo/21EF1A6A9139C9FD2A38E59AFB466F9A_2408/INPUTFILES/data_1334113931.root
258886 Grandchild PID is 272685 - found in 20 x 2 seconds
258886 Grandchild to watch has changed on Thu Jun  2 10:59:11 EDT 2022
258886 Process tree is 258886 (main) -> 259438 (child) -> 272685 (grandchild)
F S   UID    PID   PPID  C PRI  NI ADDR SZ WCHAN  TTY        TIME CMD
0 D 100667 272685 259438  0 80   0 - 32311 cxiWai ?          0:00 cp /star/data01/pwg/xiatong/AMPT/14GeV/data_1334196451.root /tmp/maxwoo/21EF1A6A9139C9FD2A38E59AFB466F9A_2408/INPUTFILES/data_1334196451.root
258886 Grandchild PID is 276063 - found in 30 x 2 seconds
258886 Grandchild to watch has changed on Thu Jun  2 10:59:32 EDT 2022
258886 Process tree is 258886 (main) -> 259438 (child) -> 276063 (grandchild)
F S   UID    PID   PPID  C PRI  NI ADDR SZ WCHAN  TTY        TIME CMD
0 D 100667 276063 259438  0 80   0 - 32311 cxiWai ?          0:00 cp /star/data01/pwg/xiatong/AMPT/14GeV/data_1334196501.root /tmp/maxwoo/21EF1A6A9139C9FD2A38E59AFB466F9A_2408/INPUTFILES/data_1334196501.root
258886 Grandchild PID is 289394 - found in 50 x 2 seconds
258886 Grandchild to watch has changed on Thu Jun  2 11:00:14 EDT 2022
258886 Process tree is 258886 (main) -> 259438 (child) -> 289394 (grandchild)
F S   UID    PID   PPID  C PRI  NI ADDR SZ WCHAN  TTY        TIME CMD
0 D 100667 289394 259438  0 80   0 - 32311 cxiWai ?          0:00 cp /star/data01/pwg/xiatong/AMPT/14GeV/data_1334196561.root /tmp/maxwoo/21EF1A6A9139C9FD2A38E59AFB466F9A_2408/INPUTFILES/data_1334196561.root
258886 Grandchild PID is 292559 - found in 60 x 2 seconds
258886 Grandchild to watch has changed on Thu Jun  2 11:00:35 EDT 2022
258886 Process tree is 258886 (main) -> 259438 (child) -> 292559 (grandchild)
F S   UID    PID   PPID  C PRI  NI ADDR SZ WCHAN  TTY        TIME CMD
0 D 100667 292559 259438  0 80   0 - 32311 cxiWai ?          0:00 cp /star/data01/pwg/xiatong/AMPT/14GeV/data_1334249711.root /tmp/maxwoo/21EF1A6A9139C9FD2A38E59AFB466F9A_2408/INPUTFILES/data_1334249711.root
258886 Grandchild PID is 296151 - found in 70 x 2 seconds
258886 Grandchild to watch has changed on Thu Jun  2 11:00:56 EDT 2022
258886 Process tree is 258886 (main) -> 259438 (child) -> 296151 (grandchild)
F S   UID    PID   PPID  C PRI  NI ADDR SZ WCHAN  TTY        TIME CMD
0 D 100667 296151 259438  0 80   0 - 32311 cxiWai ?          0:00 cp /star/data01/pwg/xiatong/AMPT/14GeV/data_1334349591.root /tmp/maxwoo/21EF1A6A9139C9FD2A38E59AFB466F9A_2408/INPUTFILES/data_1334349591.root
258886 Grandchild PID is 302255 - found in 80 x 2 seconds
258886 Grandchild to watch has changed on Thu Jun  2 11:01:17 EDT 2022
258886 Process tree is 258886 (main) -> 259438 (child) -> 302255 (grandchild)
F S   UID    PID   PPID  C PRI  NI ADDR SZ WCHAN  TTY        TIME CMD
0 D 100667 302255 259438  0 80   0 - 32311 cxiWai ?          0:00 cp /star/data01/pwg/xiatong/AMPT/14GeV/data_1334449561.root /tmp/maxwoo/21EF1A6A9139C9FD2A38E59AFB466F9A_2408/INPUTFILES/data_1334449561.root
258886 Grandchild PID is 304100 - found in 90 x 2 seconds
258886 Grandchild to watch has changed on Thu Jun  2 11:01:38 EDT 2022
258886 Process tree is 258886 (main) -> 259438 (child) -> 304100 (grandchild)
F S   UID    PID   PPID  C PRI  NI ADDR SZ WCHAN  TTY        TIME CMD
0 D 100667 304100 259438  0 80   0 - 32311 cxiWai ?          0:00 cp /star/data01/pwg/xiatong/AMPT/14GeV/data_1334549501.root /tmp/maxwoo/21EF1A6A9139C9FD2A38E59AFB466F9A_2408/INPUTFILES/data_1334549501.root
258886 Grandchild PID is 313445 - found in 110 x 2 seconds
258886 Grandchild to watch has changed on Thu Jun  2 11:02:19 EDT 2022
258886 Process tree is 258886 (main) -> 259438 (child) -> 313445 (grandchild)
F S   UID    PID   PPID  C PRI  NI ADDR SZ WCHAN  TTY        TIME CMD
0 S 100667 313445 259438  0 80   0 -  1272 do_wai ?          0:00 root -b -q check_S.C++("/tmp/maxwoo/21EF1A6A9139C9FD2A38E59AFB466F9A_2408/INPUTFILES/21EF1A6A9139C9FD2A38E59AFB466F9A_2408.local.list","21EF1A6A9139C9FD2A38E59AFB466F9A_2408",1)
259438 Stepping into the main SUMS wrapper program with []
.... building sandbox
Running: cp /star/data01/pwg/xiatong/AMPT/14GeV/data_1334113691.root /tmp/maxwoo/21EF1A6A9139C9FD2A38E59AFB466F9A_2408/INPUTFILES/data_1334113691.root
Running: cp /star/data01/pwg/xiatong/AMPT/14GeV/data_1334113831.root /tmp/maxwoo/21EF1A6A9139C9FD2A38E59AFB466F9A_2408/INPUTFILES/data_1334113831.root
Running: cp /star/data01/pwg/xiatong/AMPT/14GeV/data_1334113931.root /tmp/maxwoo/21EF1A6A9139C9FD2A38E59AFB466F9A_2408/INPUTFILES/data_1334113931.root
Running: cp /star/data01/pwg/xiatong/AMPT/14GeV/data_1334114271.root /tmp/maxwoo/21EF1A6A9139C9FD2A38E59AFB466F9A_2408/INPUTFILES/data_1334114271.root
Running: cp /star/data01/pwg/xiatong/AMPT/14GeV/data_1334114411.root /tmp/maxwoo/21EF1A6A9139C9FD2A38E59AFB466F9A_2408/INPUTFILES/data_1334114411.root
Running: cp /star/data01/pwg/xiatong/AMPT/14GeV/data_1334149651.root /tmp/maxwoo/21EF1A6A9139C9FD2A38E59AFB466F9A_2408/INPUTFILES/data_1334149651.root
Running: cp /star/data01/pwg/xiatong/AMPT/14GeV/data_1334156521.root /tmp/maxwoo/21EF1A6A9139C9FD2A38E59AFB466F9A_2408/INPUTFILES/data_1334156521.root
Running: cp /star/data01/pwg/xiatong/AMPT/14GeV/data_1334196271.root /tmp/maxwoo/21EF1A6A9139C9FD2A38E59AFB466F9A_2408/INPUTFILES/data_1334196271.root
Running: cp /star/data01/pwg/xiatong/AMPT/14GeV/data_1334196301.root /tmp/maxwoo/21EF1A6A9139C9FD2A38E59AFB466F9A_2408/INPUTFILES/data_1334196301.root
Running: cp /star/data01/pwg/xiatong/AMPT/14GeV/data_1334196311.root /tmp/maxwoo/21EF1A6A9139C9FD2A38E59AFB466F9A_2408/INPUTFILES/data_1334196311.root
Running: cp /star/data01/pwg/xiatong/AMPT/14GeV/data_1334196321.root /tmp/maxwoo/21EF1A6A9139C9FD2A38E59AFB466F9A_2408/INPUTFILES/data_1334196321.root
Running: cp /star/data01/pwg/xiatong/AMPT/14GeV/data_1334196401.root /tmp/maxwoo/21EF1A6A9139C9FD2A38E59AFB466F9A_2408/INPUTFILES/data_1334196401.root
Running: cp /star/data01/pwg/xiatong/AMPT/14GeV/data_1334196421.root /tmp/maxwoo/21EF1A6A9139C9FD2A38E59AFB466F9A_2408/INPUTFILES/data_1334196421.root
Running: cp /star/data01/pwg/xiatong/AMPT/14GeV/data_1334196431.root /tmp/maxwoo/21EF1A6A9139C9FD2A38E59AFB466F9A_2408/INPUTFILES/data_1334196431.root
Running: cp /star/data01/pwg/xiatong/AMPT/14GeV/data_1334196451.root /tmp/maxwoo/21EF1A6A9139C9FD2A38E59AFB466F9A_2408/INPUTFILES/data_1334196451.root
Running: cp /star/data01/pwg/xiatong/AMPT/14GeV/data_1334196461.root /tmp/maxwoo/21EF1A6A9139C9FD2A38E59AFB466F9A_2408/INPUTFILES/data_1334196461.root
Running: cp /star/data01/pwg/xiatong/AMPT/14GeV/data_1334196471.root /tmp/maxwoo/21EF1A6A9139C9FD2A38E59AFB466F9A_2408/INPUTFILES/data_1334196471.root
Running: cp /star/data01/pwg/xiatong/AMPT/14GeV/data_1334196481.root /tmp/maxwoo/21EF1A6A9139C9FD2A38E59AFB466F9A_2408/INPUTFILES/data_1334196481.root
Running: cp /star/data01/pwg/xiatong/AMPT/14GeV/data_1334196501.root /tmp/maxwoo/21EF1A6A9139C9FD2A38E59AFB466F9A_2408/INPUTFILES/data_1334196501.root
Running: cp /star/data01/pwg/xiatong/AMPT/14GeV/data_1334196531.root /tmp/maxwoo/21EF1A6A9139C9FD2A38E59AFB466F9A_2408/INPUTFILES/data_1334196531.root
Running: cp /star/data01/pwg/xiatong/AMPT/14GeV/data_1334196541.root /tmp/maxwoo/21EF1A6A9139C9FD2A38E59AFB466F9A_2408/INPUTFILES/data_1334196541.root
Running: cp /star/data01/pwg/xiatong/AMPT/14GeV/data_1334196561.root /tmp/maxwoo/21EF1A6A9139C9FD2A38E59AFB466F9A_2408/INPUTFILES/data_1334196561.root
Running: cp /star/data01/pwg/xiatong/AMPT/14GeV/data_1334249641.root /tmp/maxwoo/21EF1A6A9139C9FD2A38E59AFB466F9A_2408/INPUTFILES/data_1334249641.root
Running: cp /star/data01/pwg/xiatong/AMPT/14GeV/data_1334249711.root /tmp/maxwoo/21EF1A6A9139C9FD2A38E59AFB466F9A_2408/INPUTFILES/data_1334249711.root
Running: cp /star/data01/pwg/xiatong/AMPT/14GeV/data_1334349581.root /tmp/maxwoo/21EF1A6A9139C9FD2A38E59AFB466F9A_2408/INPUTFILES/data_1334349581.root
Running: cp /star/data01/pwg/xiatong/AMPT/14GeV/data_1334349591.root /tmp/maxwoo/21EF1A6A9139C9FD2A38E59AFB466F9A_2408/INPUTFILES/data_1334349591.root
Running: cp /star/data01/pwg/xiatong/AMPT/14GeV/data_1334349601.root /tmp/maxwoo/21EF1A6A9139C9FD2A38E59AFB466F9A_2408/INPUTFILES/data_1334349601.root
Running: cp /star/data01/pwg/xiatong/AMPT/14GeV/data_1334349611.root /tmp/maxwoo/21EF1A6A9139C9FD2A38E59AFB466F9A_2408/INPUTFILES/data_1334349611.root
Running: cp /star/data01/pwg/xiatong/AMPT/14GeV/data_1334349621.root /tmp/maxwoo/21EF1A6A9139C9FD2A38E59AFB466F9A_2408/INPUTFILES/data_1334349621.root
Running: cp /star/data01/pwg/xiatong/AMPT/14GeV/data_1334449561.root /tmp/maxwoo/21EF1A6A9139C9FD2A38E59AFB466F9A_2408/INPUTFILES/data_1334449561.root
Running: cp /star/data01/pwg/xiatong/AMPT/14GeV/data_1334549501.root /tmp/maxwoo/21EF1A6A9139C9FD2A38E59AFB466F9A_2408/INPUTFILES/data_1334549501.root
Running: cp /star/data01/pwg/xiatong/AMPT/14GeV/data_1334549531.root /tmp/maxwoo/21EF1A6A9139C9FD2A38E59AFB466F9A_2408/INPUTFILES/data_1334549531.root
Running: cp /star/data01/pwg/xiatong/AMPT/14GeV/data_1334549541.root /tmp/maxwoo/21EF1A6A9139C9FD2A38E59AFB466F9A_2408/INPUTFILES/data_1334549541.root
Running: cp /star/data01/pwg/xiatong/AMPT/14GeV/data_1334549551.root /tmp/maxwoo/21EF1A6A9139C9FD2A38E59AFB466F9A_2408/INPUTFILES/data_1334549551.root
Running: cp /star/data01/pwg/xiatong/AMPT/14GeV/data_1334649521.root /tmp/maxwoo/21EF1A6A9139C9FD2A38E59AFB466F9A_2408/INPUTFILES/data_1334649521.root
Running: cp /star/data01/pwg/xiatong/AMPT/14GeV/data_1334749481.root /tmp/maxwoo/21EF1A6A9139C9FD2A38E59AFB466F9A_2408/INPUTFILES/data_1334749481.root
Running: cp /star/data01/pwg/xiatong/AMPT/14GeV/data_1334749511.root /tmp/maxwoo/21EF1A6A9139C9FD2A38E59AFB466F9A_2408/INPUTFILES/data_1334749511.root
Swapping $FILELIST with: /tmp/maxwoo/21EF1A6A9139C9FD2A38E59AFB466F9A_2408/INPUTFILES/21EF1A6A9139C9FD2A38E59AFB466F9A_2408.local.list
+++++++++++local copy debug++++++++++++++++++++
newFileList: /tmp/maxwoo/21EF1A6A9139C9FD2A38E59AFB466F9A_2408/INPUTFILES/21EF1A6A9139C9FD2A38E59AFB466F9A_2408.local.list
++++++++++++++++cat FILELIST+++++++++++++++++++
/tmp/maxwoo/21EF1A6A9139C9FD2A38E59AFB466F9A_2408/INPUTFILES/data_1334113691.root 
/tmp/maxwoo/21EF1A6A9139C9FD2A38E59AFB466F9A_2408/INPUTFILES/data_1334113831.root 
/tmp/maxwoo/21EF1A6A9139C9FD2A38E59AFB466F9A_2408/INPUTFILES/data_1334113931.root 
/tmp/maxwoo/21EF1A6A9139C9FD2A38E59AFB466F9A_2408/INPUTFILES/data_1334114271.root 
/tmp/maxwoo/21EF1A6A9139C9FD2A38E59AFB466F9A_2408/INPUTFILES/data_1334114411.root 
/tmp/maxwoo/21EF1A6A9139C9FD2A38E59AFB466F9A_2408/INPUTFILES/data_1334149651.root 
/tmp/maxwoo/21EF1A6A9139C9FD2A38E59AFB466F9A_2408/INPUTFILES/data_1334156521.root 
/tmp/maxwoo/21EF1A6A9139C9FD2A38E59AFB466F9A_2408/INPUTFILES/data_1334196271.root 
/tmp/maxwoo/21EF1A6A9139C9FD2A38E59AFB466F9A_2408/INPUTFILES/data_1334196301.root 
/tmp/maxwoo/21EF1A6A9139C9FD2A38E59AFB466F9A_2408/INPUTFILES/data_1334196311.root 
/tmp/maxwoo/21EF1A6A9139C9FD2A38E59AFB466F9A_2408/INPUTFILES/data_1334196321.root 
/tmp/maxwoo/21EF1A6A9139C9FD2A38E59AFB466F9A_2408/INPUTFILES/data_1334196401.root 
/tmp/maxwoo/21EF1A6A9139C9FD2A38E59AFB466F9A_2408/INPUTFILES/data_1334196421.root 
/tmp/maxwoo/21EF1A6A9139C9FD2A38E59AFB466F9A_2408/INPUTFILES/data_1334196431.root 
/tmp/maxwoo/21EF1A6A9139C9FD2A38E59AFB466F9A_2408/INPUTFILES/data_1334196451.root 
/tmp/maxwoo/21EF1A6A9139C9FD2A38E59AFB466F9A_2408/INPUTFILES/data_1334196461.root 
/tmp/maxwoo/21EF1A6A9139C9FD2A38E59AFB466F9A_2408/INPUTFILES/data_1334196471.root 
/tmp/maxwoo/21EF1A6A9139C9FD2A38E59AFB466F9A_2408/INPUTFILES/data_1334196481.root 
/tmp/maxwoo/21EF1A6A9139C9FD2A38E59AFB466F9A_2408/INPUTFILES/data_1334196501.root 
/tmp/maxwoo/21EF1A6A9139C9FD2A38E59AFB466F9A_2408/INPUTFILES/data_1334196531.root 
/tmp/maxwoo/21EF1A6A9139C9FD2A38E59AFB466F9A_2408/INPUTFILES/data_1334196541.root 
/tmp/maxwoo/21EF1A6A9139C9FD2A38E59AFB466F9A_2408/INPUTFILES/data_1334196561.root 
/tmp/maxwoo/21EF1A6A9139C9FD2A38E59AFB466F9A_2408/INPUTFILES/data_1334249641.root 
/tmp/maxwoo/21EF1A6A9139C9FD2A38E59AFB466F9A_2408/INPUTFILES/data_1334249711.root 
/tmp/maxwoo/21EF1A6A9139C9FD2A38E59AFB466F9A_2408/INPUTFILES/data_1334349581.root 
/tmp/maxwoo/21EF1A6A9139C9FD2A38E59AFB466F9A_2408/INPUTFILES/data_1334349591.root 
/tmp/maxwoo/21EF1A6A9139C9FD2A38E59AFB466F9A_2408/INPUTFILES/data_1334349601.root 
/tmp/maxwoo/21EF1A6A9139C9FD2A38E59AFB466F9A_2408/INPUTFILES/data_1334349611.root 
/tmp/maxwoo/21EF1A6A9139C9FD2A38E59AFB466F9A_2408/INPUTFILES/data_1334349621.root 
/tmp/maxwoo/21EF1A6A9139C9FD2A38E59AFB466F9A_2408/INPUTFILES/data_1334449561.root 
/tmp/maxwoo/21EF1A6A9139C9FD2A38E59AFB466F9A_2408/INPUTFILES/data_1334549501.root 
/tmp/maxwoo/21EF1A6A9139C9FD2A38E59AFB466F9A_2408/INPUTFILES/data_1334549531.root 
/tmp/maxwoo/21EF1A6A9139C9FD2A38E59AFB466F9A_2408/INPUTFILES/data_1334549541.root 
/tmp/maxwoo/21EF1A6A9139C9FD2A38E59AFB466F9A_2408/INPUTFILES/data_1334549551.root 
/tmp/maxwoo/21EF1A6A9139C9FD2A38E59AFB466F9A_2408/INPUTFILES/data_1334649521.root 
/tmp/maxwoo/21EF1A6A9139C9FD2A38E59AFB466F9A_2408/INPUTFILES/data_1334749481.root 
/tmp/maxwoo/21EF1A6A9139C9FD2A38E59AFB466F9A_2408/INPUTFILES/data_1334749511.root 
++++++++++++++++++++find.++++++++++++++++++++++
.
./check_S.C
./lib
./lib/my_particle_cpp.so
./lib/MixedBuffer_cpp.d
./lib/my_particle.h
./lib/CenMaker_cpp.so
./lib/MixedBuffer_cpp_ACLiC_dict_rdict.pcm
./lib/my_particle_cpp.d
./lib/NpartNormalizer_cpp.so
./lib/CenMaker_cpp_ACLiC_dict_rdict.pcm
./lib/my_event_cpp.so
./lib/my_particle.cpp
./lib/NpartNormalizer.h
./lib/MixedBuffer.h
./lib/NpartNormalizer.cpp
./lib/MixedBuffer.cpp
./lib/my_particle_cpp_ACLiC_dict_rdict.pcm
./lib/my_event_cpp.d
./lib/CenMaker.h
./lib/my_event.cpp
./lib/CenMaker.cpp
./lib/MixedBuffer_cpp.so
./lib/NpartNormalizer_cpp.d
./lib/NpartNormalizer_cpp_ACLiC_dict_rdict.pcm
./lib/CenMaker_cpp.d
./lib/my_event_cpp_ACLiC_dict_rdict.pcm
./lib/my_event.h
./.sandboxFiles
./.errror.log
./Check_Sness.C
./.output.log
./INPUTFILES
./INPUTFILES/data_1334113931.root
./INPUTFILES/data_1334349591.root
./INPUTFILES/data_1334196501.root
./INPUTFILES/data_1334113831.root
./INPUTFILES/data_1334114411.root
./INPUTFILES/data_1334196401.root
./INPUTFILES/data_1334114271.root
./INPUTFILES/data_1334349611.root
./INPUTFILES/data_1334749511.root
./INPUTFILES/data_1334449561.root
./INPUTFILES/data_1334196481.root
./INPUTFILES/data_1334249711.root
./INPUTFILES/data_1334196451.root
./INPUTFILES/data_1334549541.root
./INPUTFILES/data_1334196541.root
./INPUTFILES/data_1334349621.root
./INPUTFILES/data_1334196461.root
./INPUTFILES/21EF1A6A9139C9FD2A38E59AFB466F9A_2408.local.list
./INPUTFILES/data_1334549551.root
./INPUTFILES/data_1334196421.root
./INPUTFILES/data_1334349601.root
./INPUTFILES/data_1334749481.root
./INPUTFILES/data_1334196471.root
./INPUTFILES/data_1334249641.root
./INPUTFILES/data_1334549501.root
./INPUTFILES/data_1334196431.root
./INPUTFILES/data_1334649521.root
./INPUTFILES/data_1334196321.root
./INPUTFILES/data_1334196531.root
./INPUTFILES/data_1334113691.root
./INPUTFILES/data_1334156521.root
./INPUTFILES/data_1334196561.root
./INPUTFILES/data_1334196271.root
./INPUTFILES/data_1334149651.root
./INPUTFILES/data_1334349581.root
./INPUTFILES/data_1334196311.root
./INPUTFILES/data_1334196301.root
./INPUTFILES/data_1334549531.root
++++++++++++++++INPUTFILE Var++++++++++++++++++
FILELIST=/tmp/maxwoo/21EF1A6A9139C9FD2A38E59AFB466F9A_2408/INPUTFILES/21EF1A6A9139C9FD2A38E59AFB466F9A_2408.local.list
INPUTFILECOUNT=37
INPUTFILE0=/tmp/maxwoo/21EF1A6A9139C9FD2A38E59AFB466F9A_2408/INPUTFILES/data_1334113691.root
INPUTFILE1=/tmp/maxwoo/21EF1A6A9139C9FD2A38E59AFB466F9A_2408/INPUTFILES/data_1334113831.root
INPUTFILE2=/tmp/maxwoo/21EF1A6A9139C9FD2A38E59AFB466F9A_2408/INPUTFILES/data_1334113931.root
INPUTFILE3=/tmp/maxwoo/21EF1A6A9139C9FD2A38E59AFB466F9A_2408/INPUTFILES/data_1334114271.root
INPUTFILE4=/tmp/maxwoo/21EF1A6A9139C9FD2A38E59AFB466F9A_2408/INPUTFILES/data_1334114411.root
INPUTFILE5=/tmp/maxwoo/21EF1A6A9139C9FD2A38E59AFB466F9A_2408/INPUTFILES/data_1334149651.root
INPUTFILE6=/tmp/maxwoo/21EF1A6A9139C9FD2A38E59AFB466F9A_2408/INPUTFILES/data_1334156521.root
INPUTFILE7=/tmp/maxwoo/21EF1A6A9139C9FD2A38E59AFB466F9A_2408/INPUTFILES/data_1334196271.root
INPUTFILE8=/tmp/maxwoo/21EF1A6A9139C9FD2A38E59AFB466F9A_2408/INPUTFILES/data_1334196301.root
INPUTFILE9=/tmp/maxwoo/21EF1A6A9139C9FD2A38E59AFB466F9A_2408/INPUTFILES/data_1334196311.root
INPUTFILE10=/tmp/maxwoo/21EF1A6A9139C9FD2A38E59AFB466F9A_2408/INPUTFILES/data_1334196321.root
INPUTFILE11=/tmp/maxwoo/21EF1A6A9139C9FD2A38E59AFB466F9A_2408/INPUTFILES/data_1334196401.root
INPUTFILE12=/tmp/maxwoo/21EF1A6A9139C9FD2A38E59AFB466F9A_2408/INPUTFILES/data_1334196421.root
INPUTFILE13=/tmp/maxwoo/21EF1A6A9139C9FD2A38E59AFB466F9A_2408/INPUTFILES/data_1334196431.root
INPUTFILE14=/tmp/maxwoo/21EF1A6A9139C9FD2A38E59AFB466F9A_2408/INPUTFILES/data_1334196451.root
INPUTFILE15=/tmp/maxwoo/21EF1A6A9139C9FD2A38E59AFB466F9A_2408/INPUTFILES/data_1334196461.root
INPUTFILE16=/tmp/maxwoo/21EF1A6A9139C9FD2A38E59AFB466F9A_2408/INPUTFILES/data_1334196471.root
INPUTFILE17=/tmp/maxwoo/21EF1A6A9139C9FD2A38E59AFB466F9A_2408/INPUTFILES/data_1334196481.root
INPUTFILE18=/tmp/maxwoo/21EF1A6A9139C9FD2A38E59AFB466F9A_2408/INPUTFILES/data_1334196501.root
INPUTFILE19=/tmp/maxwoo/21EF1A6A9139C9FD2A38E59AFB466F9A_2408/INPUTFILES/data_1334196531.root
INPUTFILE20=/tmp/maxwoo/21EF1A6A9139C9FD2A38E59AFB466F9A_2408/INPUTFILES/data_1334196541.root
INPUTFILE21=/tmp/maxwoo/21EF1A6A9139C9FD2A38E59AFB466F9A_2408/INPUTFILES/data_1334196561.root
INPUTFILE22=/tmp/maxwoo/21EF1A6A9139C9FD2A38E59AFB466F9A_2408/INPUTFILES/data_1334249641.root
INPUTFILE23=/tmp/maxwoo/21EF1A6A9139C9FD2A38E59AFB466F9A_2408/INPUTFILES/data_1334249711.root
INPUTFILE24=/tmp/maxwoo/21EF1A6A9139C9FD2A38E59AFB466F9A_2408/INPUTFILES/data_1334349581.root
INPUTFILE25=/tmp/maxwoo/21EF1A6A9139C9FD2A38E59AFB466F9A_2408/INPUTFILES/data_1334349591.root
INPUTFILE26=/tmp/maxwoo/21EF1A6A9139C9FD2A38E59AFB466F9A_2408/INPUTFILES/data_1334349601.root
INPUTFILE27=/tmp/maxwoo/21EF1A6A9139C9FD2A38E59AFB466F9A_2408/INPUTFILES/data_1334349611.root
INPUTFILE28=/tmp/maxwoo/21EF1A6A9139C9FD2A38E59AFB466F9A_2408/INPUTFILES/data_1334349621.root
INPUTFILE29=/tmp/maxwoo/21EF1A6A9139C9FD2A38E59AFB466F9A_2408/INPUTFILES/data_1334449561.root
INPUTFILE30=/tmp/maxwoo/21EF1A6A9139C9FD2A38E59AFB466F9A_2408/INPUTFILES/data_1334549501.root
INPUTFILE31=/tmp/maxwoo/21EF1A6A9139C9FD2A38E59AFB466F9A_2408/INPUTFILES/data_1334549531.root
INPUTFILE32=/tmp/maxwoo/21EF1A6A9139C9FD2A38E59AFB466F9A_2408/INPUTFILES/data_1334549541.root
INPUTFILE33=/tmp/maxwoo/21EF1A6A9139C9FD2A38E59AFB466F9A_2408/INPUTFILES/data_1334549551.root
INPUTFILE34=/tmp/maxwoo/21EF1A6A9139C9FD2A38E59AFB466F9A_2408/INPUTFILES/data_1334649521.root
INPUTFILE35=/tmp/maxwoo/21EF1A6A9139C9FD2A38E59AFB466F9A_2408/INPUTFILES/data_1334749481.root
INPUTFILE36=/tmp/maxwoo/21EF1A6A9139C9FD2A38E59AFB466F9A_2408/INPUTFILES/data_1334749511.root
LocalInputFileDir=/tmp/maxwoo/21EF1A6A9139C9FD2A38E59AFB466F9A_2408/INPUTFILES
NewFILELIST=/tmp/maxwoo/21EF1A6A9139C9FD2A38E59AFB466F9A_2408/INPUTFILES/21EF1A6A9139C9FD2A38E59AFB466F9A_2408.local.list
+++++++++++++++++++++++++++++++++++++++++++++++
--------------------------------
Simple Unified Meta Scheduler 1.10.50 we are starting in $SCRATCH : /home/tmp/maxwoo/21EF1A6A9139C9FD2A38E59AFB466F9A_2408
--------------------------------
total 16
lrwxrwxrwx 1 maxwoo rhstar   61 Jun  2 10:58 check_S.C -> /gpfs/mnt/gpfs01/star/pwg/xiatong/git/strangeness/./check_S.C
lrwxrwxrwx 1 maxwoo rhstar   65 Jun  2 10:58 Check_Sness.C -> /gpfs/mnt/gpfs01/star/pwg/xiatong/git/strangeness/./Check_Sness.C
drwxr-xr-x 2 maxwoo rhstar 4096 Jun  2 11:02 INPUTFILES
drwxr-xr-x 2 maxwoo rhstar 4096 Jun  2 10:58 lib
  *******************************************
  *                                         *
  *        W E L C O M E  to  R O O T       *
  *                                         *
  *   Version   5.34/38     12 March 2018   *
  *                                         *
  *  You are welcome to visit our Web site  *
  *          http://root.cern.ch            *
  *                                         *
  *******************************************

ROOT 5.34/38 (v5-34-38@v5-34-38, Mar 12 2018, 15:49:39 on linux)

CINT/ROOT C/C++ Interpreter version 5.18.00, July 2, 2010
Type ? for help. Commands must be C++ statements.
Enclose multiple statements between { }.
*** Float Point Exception is OFF ***
 *** Start at Date : Thu Jun  2 11:02:09 2022
QAInfo:You are using STAR_LEVEL : dev, ROOT_LEVEL : 5.34.38 and node : spool0813.sdcc.bnl.gov 

Processing check_S.C++("/tmp/maxwoo/21EF1A6A9139C9FD2A38E59AFB466F9A_2408/INPUTFILES/21EF1A6A9139C9FD2A38E59AFB466F9A_2408.local.list","21EF1A6A9139C9FD2A38E59AFB466F9A_2408",1)...
/tmp/maxwoo/21EF1A6A9139C9FD2A38E59AFB466F9A_2408/INPUTFILES/data_1334113691.root 
/tmp/maxwoo/21EF1A6A9139C9FD2A38E59AFB466F9A_2408/INPUTFILES/data_1334113831.root 
/tmp/maxwoo/21EF1A6A9139C9FD2A38E59AFB466F9A_2408/INPUTFILES/data_1334113931.root 
/tmp/maxwoo/21EF1A6A9139C9FD2A38E59AFB466F9A_2408/INPUTFILES/data_1334114271.root 
/tmp/maxwoo/21EF1A6A9139C9FD2A38E59AFB466F9A_2408/INPUTFILES/data_1334114411.root 
/tmp/maxwoo/21EF1A6A9139C9FD2A38E59AFB466F9A_2408/INPUTFILES/data_1334149651.root 
/tmp/maxwoo/21EF1A6A9139C9FD2A38E59AFB466F9A_2408/INPUTFILES/data_1334156521.root 
/tmp/maxwoo/21EF1A6A9139C9FD2A38E59AFB466F9A_2408/INPUTFILES/data_1334196271.root 
/tmp/maxwoo/21EF1A6A9139C9FD2A38E59AFB466F9A_2408/INPUTFILES/data_1334196301.root 
/tmp/maxwoo/21EF1A6A9139C9FD2A38E59AFB466F9A_2408/INPUTFILES/data_1334196311.root 
/tmp/maxwoo/21EF1A6A9139C9FD2A38E59AFB466F9A_2408/INPUTFILES/data_1334196321.root 
/tmp/maxwoo/21EF1A6A9139C9FD2A38E59AFB466F9A_2408/INPUTFILES/data_1334196401.root 
/tmp/maxwoo/21EF1A6A9139C9FD2A38E59AFB466F9A_2408/INPUTFILES/data_1334196421.root 
/tmp/maxwoo/21EF1A6A9139C9FD2A38E59AFB466F9A_2408/INPUTFILES/data_1334196431.root 
/tmp/maxwoo/21EF1A6A9139C9FD2A38E59AFB466F9A_2408/INPUTFILES/data_1334196451.root 
/tmp/maxwoo/21EF1A6A9139C9FD2A38E59AFB466F9A_2408/INPUTFILES/data_1334196461.root 
/tmp/maxwoo/21EF1A6A9139C9FD2A38E59AFB466F9A_2408/INPUTFILES/data_1334196471.root 
/tmp/maxwoo/21EF1A6A9139C9FD2A38E59AFB466F9A_2408/INPUTFILES/data_1334196481.root 
/tmp/maxwoo/21EF1A6A9139C9FD2A38E59AFB466F9A_2408/INPUTFILES/data_1334196501.root 
/tmp/maxwoo/21EF1A6A9139C9FD2A38E59AFB466F9A_2408/INPUTFILES/data_1334196531.root 
/tmp/maxwoo/21EF1A6A9139C9FD2A38E59AFB466F9A_2408/INPUTFILES/data_1334196541.root 
/tmp/maxwoo/21EF1A6A9139C9FD2A38E59AFB466F9A_2408/INPUTFILES/data_1334196561.root 
/tmp/maxwoo/21EF1A6A9139C9FD2A38E59AFB466F9A_2408/INPUTFILES/data_1334249641.root 
/tmp/maxwoo/21EF1A6A9139C9FD2A38E59AFB466F9A_2408/INPUTFILES/data_1334249711.root 
/tmp/maxwoo/21EF1A6A9139C9FD2A38E59AFB466F9A_2408/INPUTFILES/data_1334349581.root 
/tmp/maxwoo/21EF1A6A9139C9FD2A38E59AFB466F9A_2408/INPUTFILES/data_1334349591.root 
/tmp/maxwoo/21EF1A6A9139C9FD2A38E59AFB466F9A_2408/INPUTFILES/data_1334349601.root 
/tmp/maxwoo/21EF1A6A9139C9FD2A38E59AFB466F9A_2408/INPUTFILES/data_1334349611.root 
/tmp/maxwoo/21EF1A6A9139C9FD2A38E59AFB466F9A_2408/INPUTFILES/data_1334349621.root 
/tmp/maxwoo/21EF1A6A9139C9FD2A38E59AFB466F9A_2408/INPUTFILES/data_1334449561.root 
/tmp/maxwoo/21EF1A6A9139C9FD2A38E59AFB466F9A_2408/INPUTFILES/data_1334549501.root 
/tmp/maxwoo/21EF1A6A9139C9FD2A38E59AFB466F9A_2408/INPUTFILES/data_1334549531.root 
/tmp/maxwoo/21EF1A6A9139C9FD2A38E59AFB466F9A_2408/INPUTFILES/data_1334549541.root 
/tmp/maxwoo/21EF1A6A9139C9FD2A38E59AFB466F9A_2408/INPUTFILES/data_1334549551.root 
/tmp/maxwoo/21EF1A6A9139C9FD2A38E59AFB466F9A_2408/INPUTFILES/data_1334649521.root 
/tmp/maxwoo/21EF1A6A9139C9FD2A38E59AFB466F9A_2408/INPUTFILES/data_1334749481.root 
/tmp/maxwoo/21EF1A6A9139C9FD2A38E59AFB466F9A_2408/INPUTFILES/data_1334749511.root 
Added 37 files
# entries in chain: 37000
Processing entry == 1000 == out of 37000.
Processing entry == 2000 == out of 37000.
Processing entry == 3000 == out of 37000.
Processing entry == 4000 == out of 37000.
Processing entry == 5000 == out of 37000.
Processing entry == 6000 == out of 37000.
Processing entry == 7000 == out of 37000.
Processing entry == 8000 == out of 37000.
Processing entry == 9000 == out of 37000.
Processing entry == 10000 == out of 37000.
Processing entry == 11000 == out of 37000.
Processing entry == 12000 == out of 37000.
Processing entry == 13000 == out of 37000.
Processing entry == 14000 == out of 37000.
Processing entry == 15000 == out of 37000.
Processing entry == 16000 == out of 37000.
Processing entry == 17000 == out of 37000.
Processing entry == 18000 == out of 37000.
Processing entry == 19000 == out of 37000.
Processing entry == 20000 == out of 37000.
Processing entry == 21000 == out of 37000.
Processing entry == 22000 == out of 37000.
Processing entry == 23000 == out of 37000.
Processing entry == 24000 == out of 37000.
Processing entry == 25000 == out of 37000.
Processing entry == 26000 == out of 37000.
Processing entry == 27000 == out of 37000.
Processing entry == 28000 == out of 37000.
Processing entry == 29000 == out of 37000.
Processing entry == 30000 == out of 37000.
Processing entry == 31000 == out of 37000.
Processing entry == 32000 == out of 37000.
Processing entry == 33000 == out of 37000.
Processing entry == 34000 == out of 37000.
Processing entry == 35000 == out of 37000.
Processing entry == 36000 == out of 37000.
Processing entry == 37000 == out of 37000.

This is the end of ROOT -- Goodbye

Cleaning up sandbox file:  /tmp/maxwoo/21EF1A6A9139C9FD2A38E59AFB466F9A_2408/check_S.C
Cleaning up sandbox file:  /tmp/maxwoo/21EF1A6A9139C9FD2A38E59AFB466F9A_2408/Check_Sness.C
Cleaning up sandbox file:  /tmp/maxwoo/21EF1A6A9139C9FD2A38E59AFB466F9A_2408/lib
Cleaning up sandbox file:  /tmp/maxwoo/21EF1A6A9139C9FD2A38E59AFB466F9A_2408/.sandboxFiles
Starting copy block
Running copy command:  /bin/cp -fp /tmp/maxwoo/21EF1A6A9139C9FD2A38E59AFB466F9A_2408/out_21EF1A6A9139C9FD2A38E59AFB466F9A_2408.root /star/data01/pwg/xiatong/git/strangeness/data/
258886 Execution of (/star/data01/pwg/xiatong/git/strangeness/script/sched21EF1A6A9139C9FD2A38E59AFB466F9A_2408.csh ) has ended, exiting normally
258886 We END on [Thu Jun  2 11:24:02 EDT 2022]
