We are starting on node: rcas2932.rcf.bnl.gov
HOME is not defined
Using getent method
HOME is now /star/u/maxwoo
15414 We will spawn ourselves (/star/data01/pwg/xiatong/git/strangeness/script/sched21EF1A6A9139C9FD2A38E59AFB466F9A_329.csh )
15414 We BEGIN on [Thu Jun  2 11:37:51 EDT 2022]
[1] 15628
15414 We are waiting for 15628 
15414 Grandchild PID is 15817 - found in 10 x 1 seconds
15414 Establishing first watcher   on    Thu Jun  2 11:38:02 EDT 2022
15414 Process tree is 15414 (main) -> 15628 (child) -> 15817 (grandchild)
F S   UID   PID  PPID  C PRI  NI ADDR SZ WCHAN  TTY        TIME CMD
0 D 100667 15817 15628  0 80   0 - 32311 cxiWai ?          0:00 cp /star/data01/pwg/xiatong/AMPT/14GeV/data_159737671.root /tmp/maxwoo/21EF1A6A9139C9FD2A38E59AFB466F9A_329/INPUTFILES/data_159737671.root
15414 Grandchild PID is 18111 - found in 20 x 2 seconds
15414 Grandchild to watch has changed on Thu Jun  2 11:38:23 EDT 2022
15414 Process tree is 15414 (main) -> 15628 (child) -> 18111 (grandchild)
F S   UID   PID  PPID  C PRI  NI ADDR SZ WCHAN  TTY        TIME CMD
0 D 100667 18111 15628  0 80   0 - 32311 cxiWai ?          0:00 cp /star/data01/pwg/xiatong/AMPT/14GeV/data_159837771.root /tmp/maxwoo/21EF1A6A9139C9FD2A38E59AFB466F9A_329/INPUTFILES/data_159837771.root
15414 Grandchild PID is 24666 - found in 30 x 2 seconds
15414 Grandchild to watch has changed on Thu Jun  2 11:38:50 EDT 2022
15414 Process tree is 15414 (main) -> 15628 (child) -> 24666 (grandchild)
F S   UID   PID  PPID  C PRI  NI ADDR SZ WCHAN  TTY        TIME CMD
0 D 100667 24666 15628  0 80   0 - 32311 cxiWai ?          0:00 cp /star/data01/pwg/xiatong/AMPT/14GeV/data_159838081.root /tmp/maxwoo/21EF1A6A9139C9FD2A38E59AFB466F9A_329/INPUTFILES/data_159838081.root
15414 Grandchild PID is 26206 - found in 40 x 2 seconds
15414 Grandchild to watch has changed on Thu Jun  2 11:39:10 EDT 2022
15414 Process tree is 15414 (main) -> 15628 (child) -> 26206 (grandchild)
F S   UID   PID  PPID  C PRI  NI ADDR SZ WCHAN  TTY        TIME CMD
0 D 100667 26206 15628  0 80   0 - 32311 cxiWai ?          0:00 cp /star/data01/pwg/xiatong/AMPT/14GeV/data_159937681.root /tmp/maxwoo/21EF1A6A9139C9FD2A38E59AFB466F9A_329/INPUTFILES/data_159937681.root
15414 Grandchild PID is 28034 - found in 50 x 2 seconds
15414 Grandchild to watch has changed on Thu Jun  2 11:39:31 EDT 2022
15414 Process tree is 15414 (main) -> 15628 (child) -> 28034 (grandchild)
F S   UID   PID  PPID  C PRI  NI ADDR SZ WCHAN  TTY        TIME CMD
0 D 100667 28034 15628  0 80   0 - 32311 cxiWai ?          0:00 cp /star/data01/pwg/xiatong/AMPT/14GeV/data_160100911.root /tmp/maxwoo/21EF1A6A9139C9FD2A38E59AFB466F9A_329/INPUTFILES/data_160100911.root
15414 Grandchild PID is 29889 - found in 60 x 2 seconds
15414 Grandchild to watch has changed on Thu Jun  2 11:39:52 EDT 2022
15414 Process tree is 15414 (main) -> 15628 (child) -> 29889 (grandchild)
F S   UID   PID  PPID  C PRI  NI ADDR SZ WCHAN  TTY        TIME CMD
0 D 100667 29889 15628  0 80   0 - 32311 cxiWai ?          0:00 cp /star/data01/pwg/xiatong/AMPT/14GeV/data_160137241.root /tmp/maxwoo/21EF1A6A9139C9FD2A38E59AFB466F9A_329/INPUTFILES/data_160137241.root
15414 Grandchild PID is 31212 - found in 70 x 2 seconds
15414 Grandchild to watch has changed on Thu Jun  2 11:40:13 EDT 2022
15414 Process tree is 15414 (main) -> 15628 (child) -> 31212 (grandchild)
F S   UID   PID  PPID  C PRI  NI ADDR SZ WCHAN  TTY        TIME CMD
0 D 100667 31212 15628  0 80   0 - 32311 cxiWai ?          0:00 cp /star/data01/pwg/xiatong/AMPT/14GeV/data_160137271.root /tmp/maxwoo/21EF1A6A9139C9FD2A38E59AFB466F9A_329/INPUTFILES/data_160137271.root
15414 Grandchild PID is 31906 - found in 80 x 2 seconds
15414 Grandchild to watch has changed on Thu Jun  2 11:40:33 EDT 2022
15414 Process tree is 15414 (main) -> 15628 (child) -> 31906 (grandchild)
F S   UID   PID  PPID  C PRI  NI ADDR SZ WCHAN  TTY        TIME CMD
0 D 100667 31906 15628  0 80   0 - 32311 cxiWai ?          0:00 cp /star/data01/pwg/xiatong/AMPT/14GeV/data_160137311.root /tmp/maxwoo/21EF1A6A9139C9FD2A38E59AFB466F9A_329/INPUTFILES/data_160137311.root
15414 Grandchild PID is 33473 - found in 100 x 2 seconds
15414 Grandchild to watch has changed on Thu Jun  2 11:41:15 EDT 2022
15414 Process tree is 15414 (main) -> 15628 (child) -> 33473 (grandchild)
F S   UID   PID  PPID  C PRI  NI ADDR SZ WCHAN  TTY        TIME CMD
0 D 100667 33473 15628  0 80   0 - 32311 cxiWai ?          0:00 cp /star/data01/pwg/xiatong/AMPT/14GeV/data_160137781.root /tmp/maxwoo/21EF1A6A9139C9FD2A38E59AFB466F9A_329/INPUTFILES/data_160137781.root
15414 Grandchild PID is 34310 - found in 110 x 2 seconds
15414 Grandchild to watch has changed on Thu Jun  2 11:41:36 EDT 2022
15414 Process tree is 15414 (main) -> 15628 (child) -> 34310 (grandchild)
F S   UID   PID  PPID  C PRI  NI ADDR SZ WCHAN  TTY        TIME CMD
0 S 100667 34310 15628  0 80   0 -  1272 do_wai ?          0:00 root -b -q check_S.C++("/tmp/maxwoo/21EF1A6A9139C9FD2A38E59AFB466F9A_329/INPUTFILES/21EF1A6A9139C9FD2A38E59AFB466F9A_329.local.list","21EF1A6A9139C9FD2A38E59AFB466F9A_329",1)
15628 Stepping into the main SUMS wrapper program with []
.... building sandbox
Running: cp /star/data01/pwg/xiatong/AMPT/14GeV/data_159737671.root /tmp/maxwoo/21EF1A6A9139C9FD2A38E59AFB466F9A_329/INPUTFILES/data_159737671.root
Running: cp /star/data01/pwg/xiatong/AMPT/14GeV/data_159737741.root /tmp/maxwoo/21EF1A6A9139C9FD2A38E59AFB466F9A_329/INPUTFILES/data_159737741.root
Running: cp /star/data01/pwg/xiatong/AMPT/14GeV/data_159737891.root /tmp/maxwoo/21EF1A6A9139C9FD2A38E59AFB466F9A_329/INPUTFILES/data_159737891.root
Running: cp /star/data01/pwg/xiatong/AMPT/14GeV/data_159738181.root /tmp/maxwoo/21EF1A6A9139C9FD2A38E59AFB466F9A_329/INPUTFILES/data_159738181.root
Running: cp /star/data01/pwg/xiatong/AMPT/14GeV/data_159738271.root /tmp/maxwoo/21EF1A6A9139C9FD2A38E59AFB466F9A_329/INPUTFILES/data_159738271.root
Running: cp /star/data01/pwg/xiatong/AMPT/14GeV/data_159752591.root /tmp/maxwoo/21EF1A6A9139C9FD2A38E59AFB466F9A_329/INPUTFILES/data_159752591.root
Running: cp /star/data01/pwg/xiatong/AMPT/14GeV/data_159837281.root /tmp/maxwoo/21EF1A6A9139C9FD2A38E59AFB466F9A_329/INPUTFILES/data_159837281.root
Running: cp /star/data01/pwg/xiatong/AMPT/14GeV/data_159837771.root /tmp/maxwoo/21EF1A6A9139C9FD2A38E59AFB466F9A_329/INPUTFILES/data_159837771.root
Running: cp /star/data01/pwg/xiatong/AMPT/14GeV/data_159837921.root /tmp/maxwoo/21EF1A6A9139C9FD2A38E59AFB466F9A_329/INPUTFILES/data_159837921.root
Running: cp /star/data01/pwg/xiatong/AMPT/14GeV/data_159838081.root /tmp/maxwoo/21EF1A6A9139C9FD2A38E59AFB466F9A_329/INPUTFILES/data_159838081.root
Running: cp /star/data01/pwg/xiatong/AMPT/14GeV/data_159838201.root /tmp/maxwoo/21EF1A6A9139C9FD2A38E59AFB466F9A_329/INPUTFILES/data_159838201.root
Running: cp /star/data01/pwg/xiatong/AMPT/14GeV/data_159838311.root /tmp/maxwoo/21EF1A6A9139C9FD2A38E59AFB466F9A_329/INPUTFILES/data_159838311.root
Running: cp /star/data01/pwg/xiatong/AMPT/14GeV/data_159852581.root /tmp/maxwoo/21EF1A6A9139C9FD2A38E59AFB466F9A_329/INPUTFILES/data_159852581.root
Running: cp /star/data01/pwg/xiatong/AMPT/14GeV/data_159937221.root /tmp/maxwoo/21EF1A6A9139C9FD2A38E59AFB466F9A_329/INPUTFILES/data_159937221.root
Running: cp /star/data01/pwg/xiatong/AMPT/14GeV/data_159937291.root /tmp/maxwoo/21EF1A6A9139C9FD2A38E59AFB466F9A_329/INPUTFILES/data_159937291.root
Running: cp /star/data01/pwg/xiatong/AMPT/14GeV/data_159937321.root /tmp/maxwoo/21EF1A6A9139C9FD2A38E59AFB466F9A_329/INPUTFILES/data_159937321.root
Running: cp /star/data01/pwg/xiatong/AMPT/14GeV/data_159937681.root /tmp/maxwoo/21EF1A6A9139C9FD2A38E59AFB466F9A_329/INPUTFILES/data_159937681.root
Running: cp /star/data01/pwg/xiatong/AMPT/14GeV/data_159952571.root /tmp/maxwoo/21EF1A6A9139C9FD2A38E59AFB466F9A_329/INPUTFILES/data_159952571.root
Running: cp /star/data01/pwg/xiatong/AMPT/14GeV/data_160037251.root /tmp/maxwoo/21EF1A6A9139C9FD2A38E59AFB466F9A_329/INPUTFILES/data_160037251.root
Running: cp /star/data01/pwg/xiatong/AMPT/14GeV/data_160037391.root /tmp/maxwoo/21EF1A6A9139C9FD2A38E59AFB466F9A_329/INPUTFILES/data_160037391.root
Running: cp /star/data01/pwg/xiatong/AMPT/14GeV/data_160037451.root /tmp/maxwoo/21EF1A6A9139C9FD2A38E59AFB466F9A_329/INPUTFILES/data_160037451.root
Running: cp /star/data01/pwg/xiatong/AMPT/14GeV/data_160037691.root /tmp/maxwoo/21EF1A6A9139C9FD2A38E59AFB466F9A_329/INPUTFILES/data_160037691.root
Running: cp /star/data01/pwg/xiatong/AMPT/14GeV/data_160037751.root /tmp/maxwoo/21EF1A6A9139C9FD2A38E59AFB466F9A_329/INPUTFILES/data_160037751.root
Running: cp /star/data01/pwg/xiatong/AMPT/14GeV/data_160038031.root /tmp/maxwoo/21EF1A6A9139C9FD2A38E59AFB466F9A_329/INPUTFILES/data_160038031.root
Running: cp /star/data01/pwg/xiatong/AMPT/14GeV/data_160100911.root /tmp/maxwoo/21EF1A6A9139C9FD2A38E59AFB466F9A_329/INPUTFILES/data_160100911.root
Running: cp /star/data01/pwg/xiatong/AMPT/14GeV/data_160101461.root /tmp/maxwoo/21EF1A6A9139C9FD2A38E59AFB466F9A_329/INPUTFILES/data_160101461.root
Running: cp /star/data01/pwg/xiatong/AMPT/14GeV/data_160101471.root /tmp/maxwoo/21EF1A6A9139C9FD2A38E59AFB466F9A_329/INPUTFILES/data_160101471.root
Running: cp /star/data01/pwg/xiatong/AMPT/14GeV/data_160101571.root /tmp/maxwoo/21EF1A6A9139C9FD2A38E59AFB466F9A_329/INPUTFILES/data_160101571.root
Running: cp /star/data01/pwg/xiatong/AMPT/14GeV/data_160110111.root /tmp/maxwoo/21EF1A6A9139C9FD2A38E59AFB466F9A_329/INPUTFILES/data_160110111.root
Running: cp /star/data01/pwg/xiatong/AMPT/14GeV/data_160119381.root /tmp/maxwoo/21EF1A6A9139C9FD2A38E59AFB466F9A_329/INPUTFILES/data_160119381.root
Running: cp /star/data01/pwg/xiatong/AMPT/14GeV/data_160122951.root /tmp/maxwoo/21EF1A6A9139C9FD2A38E59AFB466F9A_329/INPUTFILES/data_160122951.root
Running: cp /star/data01/pwg/xiatong/AMPT/14GeV/data_160137161.root /tmp/maxwoo/21EF1A6A9139C9FD2A38E59AFB466F9A_329/INPUTFILES/data_160137161.root
Running: cp /star/data01/pwg/xiatong/AMPT/14GeV/data_160137241.root /tmp/maxwoo/21EF1A6A9139C9FD2A38E59AFB466F9A_329/INPUTFILES/data_160137241.root
Running: cp /star/data01/pwg/xiatong/AMPT/14GeV/data_160137271.root /tmp/maxwoo/21EF1A6A9139C9FD2A38E59AFB466F9A_329/INPUTFILES/data_160137271.root
Running: cp /star/data01/pwg/xiatong/AMPT/14GeV/data_160137311.root /tmp/maxwoo/21EF1A6A9139C9FD2A38E59AFB466F9A_329/INPUTFILES/data_160137311.root
Running: cp /star/data01/pwg/xiatong/AMPT/14GeV/data_160137711.root /tmp/maxwoo/21EF1A6A9139C9FD2A38E59AFB466F9A_329/INPUTFILES/data_160137711.root
Running: cp /star/data01/pwg/xiatong/AMPT/14GeV/data_160137781.root /tmp/maxwoo/21EF1A6A9139C9FD2A38E59AFB466F9A_329/INPUTFILES/data_160137781.root
Swapping $FILELIST with: /tmp/maxwoo/21EF1A6A9139C9FD2A38E59AFB466F9A_329/INPUTFILES/21EF1A6A9139C9FD2A38E59AFB466F9A_329.local.list
+++++++++++local copy debug++++++++++++++++++++
newFileList: /tmp/maxwoo/21EF1A6A9139C9FD2A38E59AFB466F9A_329/INPUTFILES/21EF1A6A9139C9FD2A38E59AFB466F9A_329.local.list
++++++++++++++++cat FILELIST+++++++++++++++++++
/tmp/maxwoo/21EF1A6A9139C9FD2A38E59AFB466F9A_329/INPUTFILES/data_159737671.root 
/tmp/maxwoo/21EF1A6A9139C9FD2A38E59AFB466F9A_329/INPUTFILES/data_159737741.root 
/tmp/maxwoo/21EF1A6A9139C9FD2A38E59AFB466F9A_329/INPUTFILES/data_159737891.root 
/tmp/maxwoo/21EF1A6A9139C9FD2A38E59AFB466F9A_329/INPUTFILES/data_159738181.root 
/tmp/maxwoo/21EF1A6A9139C9FD2A38E59AFB466F9A_329/INPUTFILES/data_159738271.root 
/tmp/maxwoo/21EF1A6A9139C9FD2A38E59AFB466F9A_329/INPUTFILES/data_159752591.root 
/tmp/maxwoo/21EF1A6A9139C9FD2A38E59AFB466F9A_329/INPUTFILES/data_159837281.root 
/tmp/maxwoo/21EF1A6A9139C9FD2A38E59AFB466F9A_329/INPUTFILES/data_159837771.root 
/tmp/maxwoo/21EF1A6A9139C9FD2A38E59AFB466F9A_329/INPUTFILES/data_159837921.root 
/tmp/maxwoo/21EF1A6A9139C9FD2A38E59AFB466F9A_329/INPUTFILES/data_159838081.root 
/tmp/maxwoo/21EF1A6A9139C9FD2A38E59AFB466F9A_329/INPUTFILES/data_159838201.root 
/tmp/maxwoo/21EF1A6A9139C9FD2A38E59AFB466F9A_329/INPUTFILES/data_159838311.root 
/tmp/maxwoo/21EF1A6A9139C9FD2A38E59AFB466F9A_329/INPUTFILES/data_159852581.root 
/tmp/maxwoo/21EF1A6A9139C9FD2A38E59AFB466F9A_329/INPUTFILES/data_159937221.root 
/tmp/maxwoo/21EF1A6A9139C9FD2A38E59AFB466F9A_329/INPUTFILES/data_159937291.root 
/tmp/maxwoo/21EF1A6A9139C9FD2A38E59AFB466F9A_329/INPUTFILES/data_159937321.root 
/tmp/maxwoo/21EF1A6A9139C9FD2A38E59AFB466F9A_329/INPUTFILES/data_159937681.root 
/tmp/maxwoo/21EF1A6A9139C9FD2A38E59AFB466F9A_329/INPUTFILES/data_159952571.root 
/tmp/maxwoo/21EF1A6A9139C9FD2A38E59AFB466F9A_329/INPUTFILES/data_160037251.root 
/tmp/maxwoo/21EF1A6A9139C9FD2A38E59AFB466F9A_329/INPUTFILES/data_160037391.root 
/tmp/maxwoo/21EF1A6A9139C9FD2A38E59AFB466F9A_329/INPUTFILES/data_160037451.root 
/tmp/maxwoo/21EF1A6A9139C9FD2A38E59AFB466F9A_329/INPUTFILES/data_160037691.root 
/tmp/maxwoo/21EF1A6A9139C9FD2A38E59AFB466F9A_329/INPUTFILES/data_160037751.root 
/tmp/maxwoo/21EF1A6A9139C9FD2A38E59AFB466F9A_329/INPUTFILES/data_160038031.root 
/tmp/maxwoo/21EF1A6A9139C9FD2A38E59AFB466F9A_329/INPUTFILES/data_160100911.root 
/tmp/maxwoo/21EF1A6A9139C9FD2A38E59AFB466F9A_329/INPUTFILES/data_160101461.root 
/tmp/maxwoo/21EF1A6A9139C9FD2A38E59AFB466F9A_329/INPUTFILES/data_160101471.root 
/tmp/maxwoo/21EF1A6A9139C9FD2A38E59AFB466F9A_329/INPUTFILES/data_160101571.root 
/tmp/maxwoo/21EF1A6A9139C9FD2A38E59AFB466F9A_329/INPUTFILES/data_160110111.root 
/tmp/maxwoo/21EF1A6A9139C9FD2A38E59AFB466F9A_329/INPUTFILES/data_160119381.root 
/tmp/maxwoo/21EF1A6A9139C9FD2A38E59AFB466F9A_329/INPUTFILES/data_160122951.root 
/tmp/maxwoo/21EF1A6A9139C9FD2A38E59AFB466F9A_329/INPUTFILES/data_160137161.root 
/tmp/maxwoo/21EF1A6A9139C9FD2A38E59AFB466F9A_329/INPUTFILES/data_160137241.root 
/tmp/maxwoo/21EF1A6A9139C9FD2A38E59AFB466F9A_329/INPUTFILES/data_160137271.root 
/tmp/maxwoo/21EF1A6A9139C9FD2A38E59AFB466F9A_329/INPUTFILES/data_160137311.root 
/tmp/maxwoo/21EF1A6A9139C9FD2A38E59AFB466F9A_329/INPUTFILES/data_160137711.root 
/tmp/maxwoo/21EF1A6A9139C9FD2A38E59AFB466F9A_329/INPUTFILES/data_160137781.root 
++++++++++++++++++++find.++++++++++++++++++++++
.
./INPUTFILES
./INPUTFILES/data_159837281.root
./INPUTFILES/data_159952571.root
./INPUTFILES/data_159837771.root
./INPUTFILES/data_160137711.root
./INPUTFILES/data_160038031.root
./INPUTFILES/data_160101461.root
./INPUTFILES/data_159838201.root
./INPUTFILES/data_160119381.root
./INPUTFILES/data_159737741.root
./INPUTFILES/data_159838081.root
./INPUTFILES/data_160137781.root
./INPUTFILES/data_160037251.root
./INPUTFILES/data_160101571.root
./INPUTFILES/data_160100911.root
./INPUTFILES/data_160137271.root
./INPUTFILES/data_159937291.root
./INPUTFILES/data_160037691.root
./INPUTFILES/data_160137161.root
./INPUTFILES/data_159937221.root
./INPUTFILES/data_159937321.root
./INPUTFILES/data_159852581.root
./INPUTFILES/data_159737891.root
./INPUTFILES/data_159737671.root
./INPUTFILES/data_160037391.root
./INPUTFILES/data_159738181.root
./INPUTFILES/data_160137241.root
./INPUTFILES/data_160122951.root
./INPUTFILES/data_160137311.root
./INPUTFILES/data_160110111.root
./INPUTFILES/data_159738271.root
./INPUTFILES/data_159937681.root
./INPUTFILES/21EF1A6A9139C9FD2A38E59AFB466F9A_329.local.list
./INPUTFILES/data_159837921.root
./INPUTFILES/data_160037451.root
./INPUTFILES/data_160037751.root
./INPUTFILES/data_159752591.root
./INPUTFILES/data_159838311.root
./INPUTFILES/data_160101471.root
./Check_Sness.C
./.sandboxFiles
./lib
./lib/CenMaker_cpp_ACLiC_dict_rdict.pcm
./lib/CenMaker.cpp
./lib/NpartNormalizer.h
./lib/my_particle_cpp_ACLiC_dict_rdict.pcm
./lib/NpartNormalizer_cpp.d
./lib/my_particle.h
./lib/MixedBuffer_cpp.d
./lib/MixedBuffer.h
./lib/NpartNormalizer_cpp_ACLiC_dict_rdict.pcm
./lib/my_event_cpp.d
./lib/CenMaker_cpp.so
./lib/MixedBuffer.cpp
./lib/my_event_cpp.so
./lib/MixedBuffer_cpp.so
./lib/my_event.h
./lib/MixedBuffer_cpp_ACLiC_dict_rdict.pcm
./lib/NpartNormalizer_cpp.so
./lib/my_particle_cpp.so
./lib/CenMaker_cpp.d
./lib/my_event_cpp_ACLiC_dict_rdict.pcm
./lib/CenMaker.h
./lib/NpartNormalizer.cpp
./lib/my_event.cpp
./lib/my_particle.cpp
./lib/my_particle_cpp.d
./check_S.C
./.output.log
./.errror.log
++++++++++++++++INPUTFILE Var++++++++++++++++++
FILELIST=/tmp/maxwoo/21EF1A6A9139C9FD2A38E59AFB466F9A_329/INPUTFILES/21EF1A6A9139C9FD2A38E59AFB466F9A_329.local.list
INPUTFILECOUNT=37
INPUTFILE0=/tmp/maxwoo/21EF1A6A9139C9FD2A38E59AFB466F9A_329/INPUTFILES/data_159737671.root
INPUTFILE1=/tmp/maxwoo/21EF1A6A9139C9FD2A38E59AFB466F9A_329/INPUTFILES/data_159737741.root
INPUTFILE2=/tmp/maxwoo/21EF1A6A9139C9FD2A38E59AFB466F9A_329/INPUTFILES/data_159737891.root
INPUTFILE3=/tmp/maxwoo/21EF1A6A9139C9FD2A38E59AFB466F9A_329/INPUTFILES/data_159738181.root
INPUTFILE4=/tmp/maxwoo/21EF1A6A9139C9FD2A38E59AFB466F9A_329/INPUTFILES/data_159738271.root
INPUTFILE5=/tmp/maxwoo/21EF1A6A9139C9FD2A38E59AFB466F9A_329/INPUTFILES/data_159752591.root
INPUTFILE6=/tmp/maxwoo/21EF1A6A9139C9FD2A38E59AFB466F9A_329/INPUTFILES/data_159837281.root
INPUTFILE7=/tmp/maxwoo/21EF1A6A9139C9FD2A38E59AFB466F9A_329/INPUTFILES/data_159837771.root
INPUTFILE8=/tmp/maxwoo/21EF1A6A9139C9FD2A38E59AFB466F9A_329/INPUTFILES/data_159837921.root
INPUTFILE9=/tmp/maxwoo/21EF1A6A9139C9FD2A38E59AFB466F9A_329/INPUTFILES/data_159838081.root
INPUTFILE10=/tmp/maxwoo/21EF1A6A9139C9FD2A38E59AFB466F9A_329/INPUTFILES/data_159838201.root
INPUTFILE11=/tmp/maxwoo/21EF1A6A9139C9FD2A38E59AFB466F9A_329/INPUTFILES/data_159838311.root
INPUTFILE12=/tmp/maxwoo/21EF1A6A9139C9FD2A38E59AFB466F9A_329/INPUTFILES/data_159852581.root
INPUTFILE13=/tmp/maxwoo/21EF1A6A9139C9FD2A38E59AFB466F9A_329/INPUTFILES/data_159937221.root
INPUTFILE14=/tmp/maxwoo/21EF1A6A9139C9FD2A38E59AFB466F9A_329/INPUTFILES/data_159937291.root
INPUTFILE15=/tmp/maxwoo/21EF1A6A9139C9FD2A38E59AFB466F9A_329/INPUTFILES/data_159937321.root
INPUTFILE16=/tmp/maxwoo/21EF1A6A9139C9FD2A38E59AFB466F9A_329/INPUTFILES/data_159937681.root
INPUTFILE17=/tmp/maxwoo/21EF1A6A9139C9FD2A38E59AFB466F9A_329/INPUTFILES/data_159952571.root
INPUTFILE18=/tmp/maxwoo/21EF1A6A9139C9FD2A38E59AFB466F9A_329/INPUTFILES/data_160037251.root
INPUTFILE19=/tmp/maxwoo/21EF1A6A9139C9FD2A38E59AFB466F9A_329/INPUTFILES/data_160037391.root
INPUTFILE20=/tmp/maxwoo/21EF1A6A9139C9FD2A38E59AFB466F9A_329/INPUTFILES/data_160037451.root
INPUTFILE21=/tmp/maxwoo/21EF1A6A9139C9FD2A38E59AFB466F9A_329/INPUTFILES/data_160037691.root
INPUTFILE22=/tmp/maxwoo/21EF1A6A9139C9FD2A38E59AFB466F9A_329/INPUTFILES/data_160037751.root
INPUTFILE23=/tmp/maxwoo/21EF1A6A9139C9FD2A38E59AFB466F9A_329/INPUTFILES/data_160038031.root
INPUTFILE24=/tmp/maxwoo/21EF1A6A9139C9FD2A38E59AFB466F9A_329/INPUTFILES/data_160100911.root
INPUTFILE25=/tmp/maxwoo/21EF1A6A9139C9FD2A38E59AFB466F9A_329/INPUTFILES/data_160101461.root
INPUTFILE26=/tmp/maxwoo/21EF1A6A9139C9FD2A38E59AFB466F9A_329/INPUTFILES/data_160101471.root
INPUTFILE27=/tmp/maxwoo/21EF1A6A9139C9FD2A38E59AFB466F9A_329/INPUTFILES/data_160101571.root
INPUTFILE28=/tmp/maxwoo/21EF1A6A9139C9FD2A38E59AFB466F9A_329/INPUTFILES/data_160110111.root
INPUTFILE29=/tmp/maxwoo/21EF1A6A9139C9FD2A38E59AFB466F9A_329/INPUTFILES/data_160119381.root
INPUTFILE30=/tmp/maxwoo/21EF1A6A9139C9FD2A38E59AFB466F9A_329/INPUTFILES/data_160122951.root
INPUTFILE31=/tmp/maxwoo/21EF1A6A9139C9FD2A38E59AFB466F9A_329/INPUTFILES/data_160137161.root
INPUTFILE32=/tmp/maxwoo/21EF1A6A9139C9FD2A38E59AFB466F9A_329/INPUTFILES/data_160137241.root
INPUTFILE33=/tmp/maxwoo/21EF1A6A9139C9FD2A38E59AFB466F9A_329/INPUTFILES/data_160137271.root
INPUTFILE34=/tmp/maxwoo/21EF1A6A9139C9FD2A38E59AFB466F9A_329/INPUTFILES/data_160137311.root
INPUTFILE35=/tmp/maxwoo/21EF1A6A9139C9FD2A38E59AFB466F9A_329/INPUTFILES/data_160137711.root
INPUTFILE36=/tmp/maxwoo/21EF1A6A9139C9FD2A38E59AFB466F9A_329/INPUTFILES/data_160137781.root
LocalInputFileDir=/tmp/maxwoo/21EF1A6A9139C9FD2A38E59AFB466F9A_329/INPUTFILES
NewFILELIST=/tmp/maxwoo/21EF1A6A9139C9FD2A38E59AFB466F9A_329/INPUTFILES/21EF1A6A9139C9FD2A38E59AFB466F9A_329.local.list
+++++++++++++++++++++++++++++++++++++++++++++++
--------------------------------
Simple Unified Meta Scheduler 1.10.50 we are starting in $SCRATCH : /home/tmp/maxwoo/21EF1A6A9139C9FD2A38E59AFB466F9A_329
--------------------------------
total 16
lrwxrwxrwx 1 maxwoo rhstar   61 Jun  2 11:37 check_S.C -> /gpfs/mnt/gpfs01/star/pwg/xiatong/git/strangeness/./check_S.C
lrwxrwxrwx 1 maxwoo rhstar   65 Jun  2 11:37 Check_Sness.C -> /gpfs/mnt/gpfs01/star/pwg/xiatong/git/strangeness/./Check_Sness.C
drwxr-xr-x 2 maxwoo rhstar 4096 Jun  2 11:41 INPUTFILES
drwxr-xr-x 2 maxwoo rhstar 4096 Jun  2 11:37 lib
  *******************************************
  *                                         *
  *        W E L C O M E  to  R O O T       *
  *                                         *
  *   Version   5.34/38     12 March 2018   *
  *                                         *
  *  You are welcome to visit our Web site  *
  *          http://root.cern.ch            *
  *                                         *
  *******************************************

ROOT 5.34/38 (v5-34-38@v5-34-38, Mar 12 2018, 15:49:39 on linux)

CINT/ROOT C/C++ Interpreter version 5.18.00, July 2, 2010
Type ? for help. Commands must be C++ statements.
Enclose multiple statements between { }.
*** Float Point Exception is OFF ***
 *** Start at Date : Thu Jun  2 11:41:17 2022
QAInfo:You are using STAR_LEVEL : dev, ROOT_LEVEL : 5.34.38 and node : rcas2932.rcf.bnl.gov 

Processing check_S.C++("/tmp/maxwoo/21EF1A6A9139C9FD2A38E59AFB466F9A_329/INPUTFILES/21EF1A6A9139C9FD2A38E59AFB466F9A_329.local.list","21EF1A6A9139C9FD2A38E59AFB466F9A_329",1)...
/tmp/maxwoo/21EF1A6A9139C9FD2A38E59AFB466F9A_329/INPUTFILES/data_159737671.root 
/tmp/maxwoo/21EF1A6A9139C9FD2A38E59AFB466F9A_329/INPUTFILES/data_159737741.root 
/tmp/maxwoo/21EF1A6A9139C9FD2A38E59AFB466F9A_329/INPUTFILES/data_159737891.root 
/tmp/maxwoo/21EF1A6A9139C9FD2A38E59AFB466F9A_329/INPUTFILES/data_159738181.root 
/tmp/maxwoo/21EF1A6A9139C9FD2A38E59AFB466F9A_329/INPUTFILES/data_159738271.root 
/tmp/maxwoo/21EF1A6A9139C9FD2A38E59AFB466F9A_329/INPUTFILES/data_159752591.root 
/tmp/maxwoo/21EF1A6A9139C9FD2A38E59AFB466F9A_329/INPUTFILES/data_159837281.root 
/tmp/maxwoo/21EF1A6A9139C9FD2A38E59AFB466F9A_329/INPUTFILES/data_159837771.root 
/tmp/maxwoo/21EF1A6A9139C9FD2A38E59AFB466F9A_329/INPUTFILES/data_159837921.root 
/tmp/maxwoo/21EF1A6A9139C9FD2A38E59AFB466F9A_329/INPUTFILES/data_159838081.root 
/tmp/maxwoo/21EF1A6A9139C9FD2A38E59AFB466F9A_329/INPUTFILES/data_159838201.root 
/tmp/maxwoo/21EF1A6A9139C9FD2A38E59AFB466F9A_329/INPUTFILES/data_159838311.root 
/tmp/maxwoo/21EF1A6A9139C9FD2A38E59AFB466F9A_329/INPUTFILES/data_159852581.root 
/tmp/maxwoo/21EF1A6A9139C9FD2A38E59AFB466F9A_329/INPUTFILES/data_159937221.root 
/tmp/maxwoo/21EF1A6A9139C9FD2A38E59AFB466F9A_329/INPUTFILES/data_159937291.root 
/tmp/maxwoo/21EF1A6A9139C9FD2A38E59AFB466F9A_329/INPUTFILES/data_159937321.root 
/tmp/maxwoo/21EF1A6A9139C9FD2A38E59AFB466F9A_329/INPUTFILES/data_159937681.root 
/tmp/maxwoo/21EF1A6A9139C9FD2A38E59AFB466F9A_329/INPUTFILES/data_159952571.root 
/tmp/maxwoo/21EF1A6A9139C9FD2A38E59AFB466F9A_329/INPUTFILES/data_160037251.root 
/tmp/maxwoo/21EF1A6A9139C9FD2A38E59AFB466F9A_329/INPUTFILES/data_160037391.root 
/tmp/maxwoo/21EF1A6A9139C9FD2A38E59AFB466F9A_329/INPUTFILES/data_160037451.root 
/tmp/maxwoo/21EF1A6A9139C9FD2A38E59AFB466F9A_329/INPUTFILES/data_160037691.root 
/tmp/maxwoo/21EF1A6A9139C9FD2A38E59AFB466F9A_329/INPUTFILES/data_160037751.root 
/tmp/maxwoo/21EF1A6A9139C9FD2A38E59AFB466F9A_329/INPUTFILES/data_160038031.root 
/tmp/maxwoo/21EF1A6A9139C9FD2A38E59AFB466F9A_329/INPUTFILES/data_160100911.root 
/tmp/maxwoo/21EF1A6A9139C9FD2A38E59AFB466F9A_329/INPUTFILES/data_160101461.root 
/tmp/maxwoo/21EF1A6A9139C9FD2A38E59AFB466F9A_329/INPUTFILES/data_160101471.root 
/tmp/maxwoo/21EF1A6A9139C9FD2A38E59AFB466F9A_329/INPUTFILES/data_160101571.root 
/tmp/maxwoo/21EF1A6A9139C9FD2A38E59AFB466F9A_329/INPUTFILES/data_160110111.root 
/tmp/maxwoo/21EF1A6A9139C9FD2A38E59AFB466F9A_329/INPUTFILES/data_160119381.root 
/tmp/maxwoo/21EF1A6A9139C9FD2A38E59AFB466F9A_329/INPUTFILES/data_160122951.root 
/tmp/maxwoo/21EF1A6A9139C9FD2A38E59AFB466F9A_329/INPUTFILES/data_160137161.root 
/tmp/maxwoo/21EF1A6A9139C9FD2A38E59AFB466F9A_329/INPUTFILES/data_160137241.root 
/tmp/maxwoo/21EF1A6A9139C9FD2A38E59AFB466F9A_329/INPUTFILES/data_160137271.root 
/tmp/maxwoo/21EF1A6A9139C9FD2A38E59AFB466F9A_329/INPUTFILES/data_160137311.root 
/tmp/maxwoo/21EF1A6A9139C9FD2A38E59AFB466F9A_329/INPUTFILES/data_160137711.root 
/tmp/maxwoo/21EF1A6A9139C9FD2A38E59AFB466F9A_329/INPUTFILES/data_160137781.root 
Added 37 files
# entries in chain: 37000
Processing entry == 1000 == out of 37000.
Processing entry == 2000 == out of 37000.
Processing entry == 3000 == out of 37000.
Processing entry == 4000 == out of 37000.
Processing entry == 5000 == out of 37000.
Processing entry == 6000 == out of 37000.
Processing entry == 7000 == out of 37000.
Processing entry == 8000 == out of 37000.
Processing entry == 9000 == out of 37000.
Processing entry == 10000 == out of 37000.
Processing entry == 11000 == out of 37000.
Processing entry == 12000 == out of 37000.
Processing entry == 13000 == out of 37000.
Processing entry == 14000 == out of 37000.
Processing entry == 15000 == out of 37000.
Processing entry == 16000 == out of 37000.
Processing entry == 17000 == out of 37000.
Processing entry == 18000 == out of 37000.
Processing entry == 19000 == out of 37000.
Processing entry == 20000 == out of 37000.
Processing entry == 21000 == out of 37000.
Processing entry == 22000 == out of 37000.
Processing entry == 23000 == out of 37000.
Processing entry == 24000 == out of 37000.
Processing entry == 25000 == out of 37000.
Processing entry == 26000 == out of 37000.
Processing entry == 27000 == out of 37000.
Processing entry == 28000 == out of 37000.
Processing entry == 29000 == out of 37000.
Processing entry == 30000 == out of 37000.
Processing entry == 31000 == out of 37000.
Processing entry == 32000 == out of 37000.
Processing entry == 33000 == out of 37000.
Processing entry == 34000 == out of 37000.
Processing entry == 35000 == out of 37000.
Processing entry == 36000 == out of 37000.
Processing entry == 37000 == out of 37000.

This is the end of ROOT -- Goodbye

Cleaning up sandbox file:  /tmp/maxwoo/21EF1A6A9139C9FD2A38E59AFB466F9A_329/check_S.C
Cleaning up sandbox file:  /tmp/maxwoo/21EF1A6A9139C9FD2A38E59AFB466F9A_329/Check_Sness.C
Cleaning up sandbox file:  /tmp/maxwoo/21EF1A6A9139C9FD2A38E59AFB466F9A_329/lib
Cleaning up sandbox file:  /tmp/maxwoo/21EF1A6A9139C9FD2A38E59AFB466F9A_329/.sandboxFiles
Starting copy block
Running copy command:  /bin/cp -fp /tmp/maxwoo/21EF1A6A9139C9FD2A38E59AFB466F9A_329/out_21EF1A6A9139C9FD2A38E59AFB466F9A_329.root /star/data01/pwg/xiatong/git/strangeness/data/
15414 Execution of (/star/data01/pwg/xiatong/git/strangeness/script/sched21EF1A6A9139C9FD2A38E59AFB466F9A_329.csh ) has ended, exiting normally
15414 We END on [Thu Jun  2 12:00:58 EDT 2022]
