We are starting on node: rcrs6248.rcf.bnl.gov
HOME is not defined
Using getent method
HOME is now /star/u/maxwoo
55097 We will spawn ourselves (/star/data01/pwg/xiatong/git/strangeness/script/sched21EF1A6A9139C9FD2A38E59AFB466F9A_972.csh )
55097 We BEGIN on [Thu Jun  2 11:23:33 EDT 2022]
[1] 55291
55097 We are waiting for 55291 
55097 Grandchild PID is 55559 - found in 10 x 1 seconds
55097 Establishing first watcher   on    Thu Jun  2 11:23:44 EDT 2022
55097 Process tree is 55097 (main) -> 55291 (child) -> 55559 (grandchild)
F S   UID   PID  PPID  C PRI  NI ADDR SZ WCHAN  TTY        TIME CMD
0 D 100667 55559 55291  0 80   0 - 32311 cxiWai ?          0:00 cp /star/data01/pwg/xiatong/AMPT/14GeV/data_323247961.root /tmp/maxwoo/21EF1A6A9139C9FD2A38E59AFB466F9A_972/INPUTFILES/data_323247961.root
55097 Grandchild PID is 58605 - found in 20 x 2 seconds
55097 Grandchild to watch has changed on Thu Jun  2 11:24:05 EDT 2022
55097 Process tree is 55097 (main) -> 55291 (child) -> 58605 (grandchild)
F S   UID   PID  PPID  C PRI  NI ADDR SZ WCHAN  TTY        TIME CMD
0 D 100667 58605 55291  0 80   0 - 32311 cxiWai ?          0:00 cp /star/data01/pwg/xiatong/AMPT/14GeV/data_323248181.root /tmp/maxwoo/21EF1A6A9139C9FD2A38E59AFB466F9A_972/INPUTFILES/data_323248181.root
55097 Grandchild PID is 59153 - found in 30 x 2 seconds
55097 Grandchild to watch has changed on Thu Jun  2 11:24:26 EDT 2022
55097 Process tree is 55097 (main) -> 55291 (child) -> 59153 (grandchild)
F S   UID   PID  PPID  C PRI  NI ADDR SZ WCHAN  TTY        TIME CMD
0 D 100667 59153 55291  0 80   0 - 32311 cxiWai ?          0:00 cp /star/data01/pwg/xiatong/AMPT/14GeV/data_323248331.root /tmp/maxwoo/21EF1A6A9139C9FD2A38E59AFB466F9A_972/INPUTFILES/data_323248331.root
55097 Grandchild PID is 61681 - found in 50 x 2 seconds
55097 Grandchild to watch has changed on Thu Jun  2 11:25:08 EDT 2022
55097 Process tree is 55097 (main) -> 55291 (child) -> 61681 (grandchild)
F S   UID   PID  PPID  C PRI  NI ADDR SZ WCHAN  TTY        TIME CMD
0 D 100667 61681 55291  0 80   0 - 32311 cxiWai ?          0:00 cp /star/data01/pwg/xiatong/AMPT/14GeV/data_323248781.root /tmp/maxwoo/21EF1A6A9139C9FD2A38E59AFB466F9A_972/INPUTFILES/data_323248781.root
55097 Grandchild PID is 63318 - found in 70 x 2 seconds
55097 Grandchild to watch has changed on Thu Jun  2 11:25:49 EDT 2022
55097 Process tree is 55097 (main) -> 55291 (child) -> 63318 (grandchild)
F S   UID   PID  PPID  C PRI  NI ADDR SZ WCHAN  TTY        TIME CMD
0 D 100667 63318 55291  0 80   0 - 32311 cxiWai ?          0:00 cp /star/data01/pwg/xiatong/AMPT/14GeV/data_323257431.root /tmp/maxwoo/21EF1A6A9139C9FD2A38E59AFB466F9A_972/INPUTFILES/data_323257431.root
55097 Grandchild PID is 64334 - found in 80 x 2 seconds
55097 Grandchild to watch has changed on Thu Jun  2 11:26:15 EDT 2022
55097 Process tree is 55097 (main) -> 55291 (child) -> 64334 (grandchild)
F S   UID   PID  PPID  C PRI  NI ADDR SZ WCHAN  TTY        TIME CMD
0 D 100667 64334 55291  0 80   0 - 32311 cxiWai ?          0:00 cp /star/data01/pwg/xiatong/AMPT/14GeV/data_323347831.root /tmp/maxwoo/21EF1A6A9139C9FD2A38E59AFB466F9A_972/INPUTFILES/data_323347831.root
55097 Grandchild PID is 64690 - found in 90 x 2 seconds
55097 Grandchild to watch has changed on Thu Jun  2 11:26:36 EDT 2022
55097 Process tree is 55097 (main) -> 55291 (child) -> 64690 (grandchild)
F S   UID   PID  PPID  C PRI  NI ADDR SZ WCHAN  TTY        TIME CMD
0 D 100667 64690 55291  0 80   0 - 32311 cxiWai ?          0:00 cp /star/data01/pwg/xiatong/AMPT/14GeV/data_323347841.root /tmp/maxwoo/21EF1A6A9139C9FD2A38E59AFB466F9A_972/INPUTFILES/data_323347841.root
55097 Grandchild PID is 3152 - found in 100 x 2 seconds
55097 Grandchild to watch has changed on Thu Jun  2 11:26:56 EDT 2022
55097 Process tree is 55097 (main) -> 55291 (child) -> 3152 (grandchild)
F S   UID   PID  PPID  C PRI  NI ADDR SZ WCHAN  TTY        TIME CMD
0 D 100667 3152 55291  0  80   0 - 32311 cxiWai ?          0:00 cp /star/data01/pwg/xiatong/AMPT/14GeV/data_323348061.root /tmp/maxwoo/21EF1A6A9139C9FD2A38E59AFB466F9A_972/INPUTFILES/data_323348061.root
55097 Grandchild PID is 3980 - found in 110 x 2 seconds
55097 Grandchild to watch has changed on Thu Jun  2 11:27:17 EDT 2022
55097 Process tree is 55097 (main) -> 55291 (child) -> 3980 (grandchild)
F S   UID   PID  PPID  C PRI  NI ADDR SZ WCHAN  TTY        TIME CMD
0 D 100667 3980 55291  0  80   0 - 32311 cxiWai ?          0:00 cp /star/data01/pwg/xiatong/AMPT/14GeV/data_323348211.root /tmp/maxwoo/21EF1A6A9139C9FD2A38E59AFB466F9A_972/INPUTFILES/data_323348211.root
55097 Grandchild PID is 5035 - found in 120 x 2 seconds
55097 Grandchild to watch has changed on Thu Jun  2 11:27:38 EDT 2022
55097 Process tree is 55097 (main) -> 55291 (child) -> 5035 (grandchild)
F S   UID   PID  PPID  C PRI  NI ADDR SZ WCHAN  TTY        TIME CMD
0 D 100667 5035 55291  0  80   0 - 32311 cxiWai ?          0:00 cp /star/data01/pwg/xiatong/AMPT/14GeV/data_323348271.root /tmp/maxwoo/21EF1A6A9139C9FD2A38E59AFB466F9A_972/INPUTFILES/data_323348271.root
55097 Grandchild PID is 6213 - found in 130 x 2 seconds
55097 Grandchild to watch has changed on Thu Jun  2 11:27:59 EDT 2022
55097 Process tree is 55097 (main) -> 55291 (child) -> 6213 (grandchild)
F S   UID   PID  PPID  C PRI  NI ADDR SZ WCHAN  TTY        TIME CMD
0 D 100667 6213 55291  0  80   0 - 32311 cxiWai ?          0:00 cp /star/data01/pwg/xiatong/AMPT/14GeV/data_323348321.root /tmp/maxwoo/21EF1A6A9139C9FD2A38E59AFB466F9A_972/INPUTFILES/data_323348321.root
55097 Grandchild PID is 8358 - found in 140 x 2 seconds
55097 Grandchild to watch has changed on Thu Jun  2 11:28:20 EDT 2022
55097 Process tree is 55097 (main) -> 55291 (child) -> 8358 (grandchild)
F S   UID   PID  PPID  C PRI  NI ADDR SZ WCHAN  TTY        TIME CMD
0 D 100667 8358 55291  0  80   0 - 32311 cxiWai ?          0:00 cp /star/data01/pwg/xiatong/AMPT/14GeV/data_323348461.root /tmp/maxwoo/21EF1A6A9139C9FD2A38E59AFB466F9A_972/INPUTFILES/data_323348461.root
55097 Grandchild PID is 9970 - found in 160 x 2 seconds
55097 Grandchild to watch has changed on Thu Jun  2 11:29:01 EDT 2022
55097 Process tree is 55097 (main) -> 55291 (child) -> 9970 (grandchild)
F S   UID   PID  PPID  C PRI  NI ADDR SZ WCHAN  TTY        TIME CMD
0 S 100667 9970 55291  0  80   0 -  1272 do_wai ?          0:00 root -b -q check_S.C++("/tmp/maxwoo/21EF1A6A9139C9FD2A38E59AFB466F9A_972/INPUTFILES/21EF1A6A9139C9FD2A38E59AFB466F9A_972.local.list","21EF1A6A9139C9FD2A38E59AFB466F9A_972",1)
55291 Stepping into the main SUMS wrapper program with []
.... building sandbox
Running: cp /star/data01/pwg/xiatong/AMPT/14GeV/data_323247921.root /tmp/maxwoo/21EF1A6A9139C9FD2A38E59AFB466F9A_972/INPUTFILES/data_323247921.root
Running: cp /star/data01/pwg/xiatong/AMPT/14GeV/data_323247941.root /tmp/maxwoo/21EF1A6A9139C9FD2A38E59AFB466F9A_972/INPUTFILES/data_323247941.root
Running: cp /star/data01/pwg/xiatong/AMPT/14GeV/data_323247951.root /tmp/maxwoo/21EF1A6A9139C9FD2A38E59AFB466F9A_972/INPUTFILES/data_323247951.root
Running: cp /star/data01/pwg/xiatong/AMPT/14GeV/data_323247961.root /tmp/maxwoo/21EF1A6A9139C9FD2A38E59AFB466F9A_972/INPUTFILES/data_323247961.root
Running: cp /star/data01/pwg/xiatong/AMPT/14GeV/data_323248081.root /tmp/maxwoo/21EF1A6A9139C9FD2A38E59AFB466F9A_972/INPUTFILES/data_323248081.root
Running: cp /star/data01/pwg/xiatong/AMPT/14GeV/data_323248091.root /tmp/maxwoo/21EF1A6A9139C9FD2A38E59AFB466F9A_972/INPUTFILES/data_323248091.root
Running: cp /star/data01/pwg/xiatong/AMPT/14GeV/data_323248111.root /tmp/maxwoo/21EF1A6A9139C9FD2A38E59AFB466F9A_972/INPUTFILES/data_323248111.root
Running: cp /star/data01/pwg/xiatong/AMPT/14GeV/data_323248121.root /tmp/maxwoo/21EF1A6A9139C9FD2A38E59AFB466F9A_972/INPUTFILES/data_323248121.root
Running: cp /star/data01/pwg/xiatong/AMPT/14GeV/data_323248131.root /tmp/maxwoo/21EF1A6A9139C9FD2A38E59AFB466F9A_972/INPUTFILES/data_323248131.root
Running: cp /star/data01/pwg/xiatong/AMPT/14GeV/data_323248171.root /tmp/maxwoo/21EF1A6A9139C9FD2A38E59AFB466F9A_972/INPUTFILES/data_323248171.root
Running: cp /star/data01/pwg/xiatong/AMPT/14GeV/data_323248181.root /tmp/maxwoo/21EF1A6A9139C9FD2A38E59AFB466F9A_972/INPUTFILES/data_323248181.root
Running: cp /star/data01/pwg/xiatong/AMPT/14GeV/data_323248221.root /tmp/maxwoo/21EF1A6A9139C9FD2A38E59AFB466F9A_972/INPUTFILES/data_323248221.root
Running: cp /star/data01/pwg/xiatong/AMPT/14GeV/data_323248331.root /tmp/maxwoo/21EF1A6A9139C9FD2A38E59AFB466F9A_972/INPUTFILES/data_323248331.root
Running: cp /star/data01/pwg/xiatong/AMPT/14GeV/data_323248411.root /tmp/maxwoo/21EF1A6A9139C9FD2A38E59AFB466F9A_972/INPUTFILES/data_323248411.root
Running: cp /star/data01/pwg/xiatong/AMPT/14GeV/data_323248471.root /tmp/maxwoo/21EF1A6A9139C9FD2A38E59AFB466F9A_972/INPUTFILES/data_323248471.root
Running: cp /star/data01/pwg/xiatong/AMPT/14GeV/data_323248781.root /tmp/maxwoo/21EF1A6A9139C9FD2A38E59AFB466F9A_972/INPUTFILES/data_323248781.root
Running: cp /star/data01/pwg/xiatong/AMPT/14GeV/data_323257431.root /tmp/maxwoo/21EF1A6A9139C9FD2A38E59AFB466F9A_972/INPUTFILES/data_323257431.root
Running: cp /star/data01/pwg/xiatong/AMPT/14GeV/data_323347681.root /tmp/maxwoo/21EF1A6A9139C9FD2A38E59AFB466F9A_972/INPUTFILES/data_323347681.root
Running: cp /star/data01/pwg/xiatong/AMPT/14GeV/data_323347751.root /tmp/maxwoo/21EF1A6A9139C9FD2A38E59AFB466F9A_972/INPUTFILES/data_323347751.root
Running: cp /star/data01/pwg/xiatong/AMPT/14GeV/data_323347811.root /tmp/maxwoo/21EF1A6A9139C9FD2A38E59AFB466F9A_972/INPUTFILES/data_323347811.root
Running: cp /star/data01/pwg/xiatong/AMPT/14GeV/data_323347831.root /tmp/maxwoo/21EF1A6A9139C9FD2A38E59AFB466F9A_972/INPUTFILES/data_323347831.root
Running: cp /star/data01/pwg/xiatong/AMPT/14GeV/data_323347841.root /tmp/maxwoo/21EF1A6A9139C9FD2A38E59AFB466F9A_972/INPUTFILES/data_323347841.root
Running: cp /star/data01/pwg/xiatong/AMPT/14GeV/data_323347881.root /tmp/maxwoo/21EF1A6A9139C9FD2A38E59AFB466F9A_972/INPUTFILES/data_323347881.root
Running: cp /star/data01/pwg/xiatong/AMPT/14GeV/data_323347901.root /tmp/maxwoo/21EF1A6A9139C9FD2A38E59AFB466F9A_972/INPUTFILES/data_323347901.root
Running: cp /star/data01/pwg/xiatong/AMPT/14GeV/data_323347911.root /tmp/maxwoo/21EF1A6A9139C9FD2A38E59AFB466F9A_972/INPUTFILES/data_323347911.root
Running: cp /star/data01/pwg/xiatong/AMPT/14GeV/data_323348051.root /tmp/maxwoo/21EF1A6A9139C9FD2A38E59AFB466F9A_972/INPUTFILES/data_323348051.root
Running: cp /star/data01/pwg/xiatong/AMPT/14GeV/data_323348061.root /tmp/maxwoo/21EF1A6A9139C9FD2A38E59AFB466F9A_972/INPUTFILES/data_323348061.root
Running: cp /star/data01/pwg/xiatong/AMPT/14GeV/data_323348071.root /tmp/maxwoo/21EF1A6A9139C9FD2A38E59AFB466F9A_972/INPUTFILES/data_323348071.root
Running: cp /star/data01/pwg/xiatong/AMPT/14GeV/data_323348201.root /tmp/maxwoo/21EF1A6A9139C9FD2A38E59AFB466F9A_972/INPUTFILES/data_323348201.root
Running: cp /star/data01/pwg/xiatong/AMPT/14GeV/data_323348211.root /tmp/maxwoo/21EF1A6A9139C9FD2A38E59AFB466F9A_972/INPUTFILES/data_323348211.root
Running: cp /star/data01/pwg/xiatong/AMPT/14GeV/data_323348271.root /tmp/maxwoo/21EF1A6A9139C9FD2A38E59AFB466F9A_972/INPUTFILES/data_323348271.root
Running: cp /star/data01/pwg/xiatong/AMPT/14GeV/data_323348321.root /tmp/maxwoo/21EF1A6A9139C9FD2A38E59AFB466F9A_972/INPUTFILES/data_323348321.root
Running: cp /star/data01/pwg/xiatong/AMPT/14GeV/data_323348361.root /tmp/maxwoo/21EF1A6A9139C9FD2A38E59AFB466F9A_972/INPUTFILES/data_323348361.root
Running: cp /star/data01/pwg/xiatong/AMPT/14GeV/data_323348381.root /tmp/maxwoo/21EF1A6A9139C9FD2A38E59AFB466F9A_972/INPUTFILES/data_323348381.root
Running: cp /star/data01/pwg/xiatong/AMPT/14GeV/data_323348451.root /tmp/maxwoo/21EF1A6A9139C9FD2A38E59AFB466F9A_972/INPUTFILES/data_323348451.root
Running: cp /star/data01/pwg/xiatong/AMPT/14GeV/data_323348461.root /tmp/maxwoo/21EF1A6A9139C9FD2A38E59AFB466F9A_972/INPUTFILES/data_323348461.root
Running: cp /star/data01/pwg/xiatong/AMPT/14GeV/data_323357421.root /tmp/maxwoo/21EF1A6A9139C9FD2A38E59AFB466F9A_972/INPUTFILES/data_323357421.root
Swapping $FILELIST with: /tmp/maxwoo/21EF1A6A9139C9FD2A38E59AFB466F9A_972/INPUTFILES/21EF1A6A9139C9FD2A38E59AFB466F9A_972.local.list
+++++++++++local copy debug++++++++++++++++++++
newFileList: /tmp/maxwoo/21EF1A6A9139C9FD2A38E59AFB466F9A_972/INPUTFILES/21EF1A6A9139C9FD2A38E59AFB466F9A_972.local.list
++++++++++++++++cat FILELIST+++++++++++++++++++
/tmp/maxwoo/21EF1A6A9139C9FD2A38E59AFB466F9A_972/INPUTFILES/data_323247921.root 
/tmp/maxwoo/21EF1A6A9139C9FD2A38E59AFB466F9A_972/INPUTFILES/data_323247941.root 
/tmp/maxwoo/21EF1A6A9139C9FD2A38E59AFB466F9A_972/INPUTFILES/data_323247951.root 
/tmp/maxwoo/21EF1A6A9139C9FD2A38E59AFB466F9A_972/INPUTFILES/data_323247961.root 
/tmp/maxwoo/21EF1A6A9139C9FD2A38E59AFB466F9A_972/INPUTFILES/data_323248081.root 
/tmp/maxwoo/21EF1A6A9139C9FD2A38E59AFB466F9A_972/INPUTFILES/data_323248091.root 
/tmp/maxwoo/21EF1A6A9139C9FD2A38E59AFB466F9A_972/INPUTFILES/data_323248111.root 
/tmp/maxwoo/21EF1A6A9139C9FD2A38E59AFB466F9A_972/INPUTFILES/data_323248121.root 
/tmp/maxwoo/21EF1A6A9139C9FD2A38E59AFB466F9A_972/INPUTFILES/data_323248131.root 
/tmp/maxwoo/21EF1A6A9139C9FD2A38E59AFB466F9A_972/INPUTFILES/data_323248171.root 
/tmp/maxwoo/21EF1A6A9139C9FD2A38E59AFB466F9A_972/INPUTFILES/data_323248181.root 
/tmp/maxwoo/21EF1A6A9139C9FD2A38E59AFB466F9A_972/INPUTFILES/data_323248221.root 
/tmp/maxwoo/21EF1A6A9139C9FD2A38E59AFB466F9A_972/INPUTFILES/data_323248331.root 
/tmp/maxwoo/21EF1A6A9139C9FD2A38E59AFB466F9A_972/INPUTFILES/data_323248411.root 
/tmp/maxwoo/21EF1A6A9139C9FD2A38E59AFB466F9A_972/INPUTFILES/data_323248471.root 
/tmp/maxwoo/21EF1A6A9139C9FD2A38E59AFB466F9A_972/INPUTFILES/data_323248781.root 
/tmp/maxwoo/21EF1A6A9139C9FD2A38E59AFB466F9A_972/INPUTFILES/data_323257431.root 
/tmp/maxwoo/21EF1A6A9139C9FD2A38E59AFB466F9A_972/INPUTFILES/data_323347681.root 
/tmp/maxwoo/21EF1A6A9139C9FD2A38E59AFB466F9A_972/INPUTFILES/data_323347751.root 
/tmp/maxwoo/21EF1A6A9139C9FD2A38E59AFB466F9A_972/INPUTFILES/data_323347811.root 
/tmp/maxwoo/21EF1A6A9139C9FD2A38E59AFB466F9A_972/INPUTFILES/data_323347831.root 
/tmp/maxwoo/21EF1A6A9139C9FD2A38E59AFB466F9A_972/INPUTFILES/data_323347841.root 
/tmp/maxwoo/21EF1A6A9139C9FD2A38E59AFB466F9A_972/INPUTFILES/data_323347881.root 
/tmp/maxwoo/21EF1A6A9139C9FD2A38E59AFB466F9A_972/INPUTFILES/data_323347901.root 
/tmp/maxwoo/21EF1A6A9139C9FD2A38E59AFB466F9A_972/INPUTFILES/data_323347911.root 
/tmp/maxwoo/21EF1A6A9139C9FD2A38E59AFB466F9A_972/INPUTFILES/data_323348051.root 
/tmp/maxwoo/21EF1A6A9139C9FD2A38E59AFB466F9A_972/INPUTFILES/data_323348061.root 
/tmp/maxwoo/21EF1A6A9139C9FD2A38E59AFB466F9A_972/INPUTFILES/data_323348071.root 
/tmp/maxwoo/21EF1A6A9139C9FD2A38E59AFB466F9A_972/INPUTFILES/data_323348201.root 
/tmp/maxwoo/21EF1A6A9139C9FD2A38E59AFB466F9A_972/INPUTFILES/data_323348211.root 
/tmp/maxwoo/21EF1A6A9139C9FD2A38E59AFB466F9A_972/INPUTFILES/data_323348271.root 
/tmp/maxwoo/21EF1A6A9139C9FD2A38E59AFB466F9A_972/INPUTFILES/data_323348321.root 
/tmp/maxwoo/21EF1A6A9139C9FD2A38E59AFB466F9A_972/INPUTFILES/data_323348361.root 
/tmp/maxwoo/21EF1A6A9139C9FD2A38E59AFB466F9A_972/INPUTFILES/data_323348381.root 
/tmp/maxwoo/21EF1A6A9139C9FD2A38E59AFB466F9A_972/INPUTFILES/data_323348451.root 
/tmp/maxwoo/21EF1A6A9139C9FD2A38E59AFB466F9A_972/INPUTFILES/data_323348461.root 
/tmp/maxwoo/21EF1A6A9139C9FD2A38E59AFB466F9A_972/INPUTFILES/data_323357421.root 
++++++++++++++++++++find.++++++++++++++++++++++
.
./.sandboxFiles
./INPUTFILES
./INPUTFILES/data_323347841.root
./INPUTFILES/data_323347751.root
./INPUTFILES/data_323347901.root
./INPUTFILES/data_323248411.root
./INPUTFILES/data_323347831.root
./INPUTFILES/data_323348051.root
./INPUTFILES/data_323248081.root
./INPUTFILES/data_323248471.root
./INPUTFILES/data_323248221.root
./INPUTFILES/data_323247921.root
./INPUTFILES/data_323348071.root
./INPUTFILES/data_323248181.root
./INPUTFILES/data_323247951.root
./INPUTFILES/data_323347681.root
./INPUTFILES/data_323348321.root
./INPUTFILES/data_323248121.root
./INPUTFILES/data_323348361.root
./INPUTFILES/data_323348461.root
./INPUTFILES/data_323347881.root
./INPUTFILES/data_323348271.root
./INPUTFILES/data_323348201.root
./INPUTFILES/data_323348451.root
./INPUTFILES/data_323347811.root
./INPUTFILES/data_323248331.root
./INPUTFILES/data_323257431.root
./INPUTFILES/data_323357421.root
./INPUTFILES/data_323248781.root
./INPUTFILES/data_323248091.root
./INPUTFILES/data_323247941.root
./INPUTFILES/21EF1A6A9139C9FD2A38E59AFB466F9A_972.local.list
./INPUTFILES/data_323348381.root
./INPUTFILES/data_323248111.root
./INPUTFILES/data_323347911.root
./INPUTFILES/data_323348061.root
./INPUTFILES/data_323248131.root
./INPUTFILES/data_323348211.root
./INPUTFILES/data_323248171.root
./INPUTFILES/data_323247961.root
./.errror.log
./check_S.C
./Check_Sness.C
./lib
./lib/NpartNormalizer_cpp_ACLiC_dict_rdict.pcm
./lib/CenMaker_cpp.so
./lib/MixedBuffer_cpp_ACLiC_dict_rdict.pcm
./lib/NpartNormalizer.cpp
./lib/MixedBuffer_cpp.so
./lib/my_event.h
./lib/CenMaker.cpp
./lib/my_particle_cpp.d
./lib/CenMaker_cpp.d
./lib/my_event.cpp
./lib/MixedBuffer.h
./lib/CenMaker.h
./lib/NpartNormalizer.h
./lib/my_event_cpp.d
./lib/my_particle.h
./lib/MixedBuffer.cpp
./lib/my_particle_cpp.so
./lib/NpartNormalizer_cpp.so
./lib/my_event_cpp_ACLiC_dict_rdict.pcm
./lib/my_particle_cpp_ACLiC_dict_rdict.pcm
./lib/my_event_cpp.so
./lib/MixedBuffer_cpp.d
./lib/my_particle.cpp
./lib/CenMaker_cpp_ACLiC_dict_rdict.pcm
./lib/NpartNormalizer_cpp.d
./.output.log
++++++++++++++++INPUTFILE Var++++++++++++++++++
FILELIST=/tmp/maxwoo/21EF1A6A9139C9FD2A38E59AFB466F9A_972/INPUTFILES/21EF1A6A9139C9FD2A38E59AFB466F9A_972.local.list
INPUTFILECOUNT=37
INPUTFILE0=/tmp/maxwoo/21EF1A6A9139C9FD2A38E59AFB466F9A_972/INPUTFILES/data_323247921.root
INPUTFILE1=/tmp/maxwoo/21EF1A6A9139C9FD2A38E59AFB466F9A_972/INPUTFILES/data_323247941.root
INPUTFILE2=/tmp/maxwoo/21EF1A6A9139C9FD2A38E59AFB466F9A_972/INPUTFILES/data_323247951.root
INPUTFILE3=/tmp/maxwoo/21EF1A6A9139C9FD2A38E59AFB466F9A_972/INPUTFILES/data_323247961.root
INPUTFILE4=/tmp/maxwoo/21EF1A6A9139C9FD2A38E59AFB466F9A_972/INPUTFILES/data_323248081.root
INPUTFILE5=/tmp/maxwoo/21EF1A6A9139C9FD2A38E59AFB466F9A_972/INPUTFILES/data_323248091.root
INPUTFILE6=/tmp/maxwoo/21EF1A6A9139C9FD2A38E59AFB466F9A_972/INPUTFILES/data_323248111.root
INPUTFILE7=/tmp/maxwoo/21EF1A6A9139C9FD2A38E59AFB466F9A_972/INPUTFILES/data_323248121.root
INPUTFILE8=/tmp/maxwoo/21EF1A6A9139C9FD2A38E59AFB466F9A_972/INPUTFILES/data_323248131.root
INPUTFILE9=/tmp/maxwoo/21EF1A6A9139C9FD2A38E59AFB466F9A_972/INPUTFILES/data_323248171.root
INPUTFILE10=/tmp/maxwoo/21EF1A6A9139C9FD2A38E59AFB466F9A_972/INPUTFILES/data_323248181.root
INPUTFILE11=/tmp/maxwoo/21EF1A6A9139C9FD2A38E59AFB466F9A_972/INPUTFILES/data_323248221.root
INPUTFILE12=/tmp/maxwoo/21EF1A6A9139C9FD2A38E59AFB466F9A_972/INPUTFILES/data_323248331.root
INPUTFILE13=/tmp/maxwoo/21EF1A6A9139C9FD2A38E59AFB466F9A_972/INPUTFILES/data_323248411.root
INPUTFILE14=/tmp/maxwoo/21EF1A6A9139C9FD2A38E59AFB466F9A_972/INPUTFILES/data_323248471.root
INPUTFILE15=/tmp/maxwoo/21EF1A6A9139C9FD2A38E59AFB466F9A_972/INPUTFILES/data_323248781.root
INPUTFILE16=/tmp/maxwoo/21EF1A6A9139C9FD2A38E59AFB466F9A_972/INPUTFILES/data_323257431.root
INPUTFILE17=/tmp/maxwoo/21EF1A6A9139C9FD2A38E59AFB466F9A_972/INPUTFILES/data_323347681.root
INPUTFILE18=/tmp/maxwoo/21EF1A6A9139C9FD2A38E59AFB466F9A_972/INPUTFILES/data_323347751.root
INPUTFILE19=/tmp/maxwoo/21EF1A6A9139C9FD2A38E59AFB466F9A_972/INPUTFILES/data_323347811.root
INPUTFILE20=/tmp/maxwoo/21EF1A6A9139C9FD2A38E59AFB466F9A_972/INPUTFILES/data_323347831.root
INPUTFILE21=/tmp/maxwoo/21EF1A6A9139C9FD2A38E59AFB466F9A_972/INPUTFILES/data_323347841.root
INPUTFILE22=/tmp/maxwoo/21EF1A6A9139C9FD2A38E59AFB466F9A_972/INPUTFILES/data_323347881.root
INPUTFILE23=/tmp/maxwoo/21EF1A6A9139C9FD2A38E59AFB466F9A_972/INPUTFILES/data_323347901.root
INPUTFILE24=/tmp/maxwoo/21EF1A6A9139C9FD2A38E59AFB466F9A_972/INPUTFILES/data_323347911.root
INPUTFILE25=/tmp/maxwoo/21EF1A6A9139C9FD2A38E59AFB466F9A_972/INPUTFILES/data_323348051.root
INPUTFILE26=/tmp/maxwoo/21EF1A6A9139C9FD2A38E59AFB466F9A_972/INPUTFILES/data_323348061.root
INPUTFILE27=/tmp/maxwoo/21EF1A6A9139C9FD2A38E59AFB466F9A_972/INPUTFILES/data_323348071.root
INPUTFILE28=/tmp/maxwoo/21EF1A6A9139C9FD2A38E59AFB466F9A_972/INPUTFILES/data_323348201.root
INPUTFILE29=/tmp/maxwoo/21EF1A6A9139C9FD2A38E59AFB466F9A_972/INPUTFILES/data_323348211.root
INPUTFILE30=/tmp/maxwoo/21EF1A6A9139C9FD2A38E59AFB466F9A_972/INPUTFILES/data_323348271.root
INPUTFILE31=/tmp/maxwoo/21EF1A6A9139C9FD2A38E59AFB466F9A_972/INPUTFILES/data_323348321.root
INPUTFILE32=/tmp/maxwoo/21EF1A6A9139C9FD2A38E59AFB466F9A_972/INPUTFILES/data_323348361.root
INPUTFILE33=/tmp/maxwoo/21EF1A6A9139C9FD2A38E59AFB466F9A_972/INPUTFILES/data_323348381.root
INPUTFILE34=/tmp/maxwoo/21EF1A6A9139C9FD2A38E59AFB466F9A_972/INPUTFILES/data_323348451.root
INPUTFILE35=/tmp/maxwoo/21EF1A6A9139C9FD2A38E59AFB466F9A_972/INPUTFILES/data_323348461.root
INPUTFILE36=/tmp/maxwoo/21EF1A6A9139C9FD2A38E59AFB466F9A_972/INPUTFILES/data_323357421.root
LocalInputFileDir=/tmp/maxwoo/21EF1A6A9139C9FD2A38E59AFB466F9A_972/INPUTFILES
NewFILELIST=/tmp/maxwoo/21EF1A6A9139C9FD2A38E59AFB466F9A_972/INPUTFILES/21EF1A6A9139C9FD2A38E59AFB466F9A_972.local.list
+++++++++++++++++++++++++++++++++++++++++++++++
--------------------------------
Simple Unified Meta Scheduler 1.10.50 we are starting in $SCRATCH : /home/tmp/maxwoo/21EF1A6A9139C9FD2A38E59AFB466F9A_972
--------------------------------
total 16
lrwxrwxrwx 1 maxwoo rhstar   61 Jun  2 11:23 check_S.C -> /gpfs/mnt/gpfs01/star/pwg/xiatong/git/strangeness/./check_S.C
lrwxrwxrwx 1 maxwoo rhstar   65 Jun  2 11:23 Check_Sness.C -> /gpfs/mnt/gpfs01/star/pwg/xiatong/git/strangeness/./Check_Sness.C
drwxr-xr-x 2 maxwoo rhstar 4096 Jun  2 11:28 INPUTFILES
drwxr-xr-x 2 maxwoo rhstar 4096 Jun  2 11:23 lib
  *******************************************
  *                                         *
  *        W E L C O M E  to  R O O T       *
  *                                         *
  *   Version   5.34/38     12 March 2018   *
  *                                         *
  *  You are welcome to visit our Web site  *
  *          http://root.cern.ch            *
  *                                         *
  *******************************************

ROOT 5.34/38 (v5-34-38@v5-34-38, Mar 12 2018, 15:49:39 on linux)

CINT/ROOT C/C++ Interpreter version 5.18.00, July 2, 2010
Type ? for help. Commands must be C++ statements.
Enclose multiple statements between { }.
*** Float Point Exception is OFF ***
 *** Start at Date : Thu Jun  2 11:28:45 2022
QAInfo:You are using STAR_LEVEL : dev, ROOT_LEVEL : 5.34.38 and node : rcrs6248.rcf.bnl.gov 

Processing check_S.C++("/tmp/maxwoo/21EF1A6A9139C9FD2A38E59AFB466F9A_972/INPUTFILES/21EF1A6A9139C9FD2A38E59AFB466F9A_972.local.list","21EF1A6A9139C9FD2A38E59AFB466F9A_972",1)...
/tmp/maxwoo/21EF1A6A9139C9FD2A38E59AFB466F9A_972/INPUTFILES/data_323247921.root 
/tmp/maxwoo/21EF1A6A9139C9FD2A38E59AFB466F9A_972/INPUTFILES/data_323247941.root 
/tmp/maxwoo/21EF1A6A9139C9FD2A38E59AFB466F9A_972/INPUTFILES/data_323247951.root 
/tmp/maxwoo/21EF1A6A9139C9FD2A38E59AFB466F9A_972/INPUTFILES/data_323247961.root 
/tmp/maxwoo/21EF1A6A9139C9FD2A38E59AFB466F9A_972/INPUTFILES/data_323248081.root 
/tmp/maxwoo/21EF1A6A9139C9FD2A38E59AFB466F9A_972/INPUTFILES/data_323248091.root 
/tmp/maxwoo/21EF1A6A9139C9FD2A38E59AFB466F9A_972/INPUTFILES/data_323248111.root 
/tmp/maxwoo/21EF1A6A9139C9FD2A38E59AFB466F9A_972/INPUTFILES/data_323248121.root 
/tmp/maxwoo/21EF1A6A9139C9FD2A38E59AFB466F9A_972/INPUTFILES/data_323248131.root 
/tmp/maxwoo/21EF1A6A9139C9FD2A38E59AFB466F9A_972/INPUTFILES/data_323248171.root 
/tmp/maxwoo/21EF1A6A9139C9FD2A38E59AFB466F9A_972/INPUTFILES/data_323248181.root 
/tmp/maxwoo/21EF1A6A9139C9FD2A38E59AFB466F9A_972/INPUTFILES/data_323248221.root 
/tmp/maxwoo/21EF1A6A9139C9FD2A38E59AFB466F9A_972/INPUTFILES/data_323248331.root 
/tmp/maxwoo/21EF1A6A9139C9FD2A38E59AFB466F9A_972/INPUTFILES/data_323248411.root 
/tmp/maxwoo/21EF1A6A9139C9FD2A38E59AFB466F9A_972/INPUTFILES/data_323248471.root 
/tmp/maxwoo/21EF1A6A9139C9FD2A38E59AFB466F9A_972/INPUTFILES/data_323248781.root 
/tmp/maxwoo/21EF1A6A9139C9FD2A38E59AFB466F9A_972/INPUTFILES/data_323257431.root 
/tmp/maxwoo/21EF1A6A9139C9FD2A38E59AFB466F9A_972/INPUTFILES/data_323347681.root 
/tmp/maxwoo/21EF1A6A9139C9FD2A38E59AFB466F9A_972/INPUTFILES/data_323347751.root 
/tmp/maxwoo/21EF1A6A9139C9FD2A38E59AFB466F9A_972/INPUTFILES/data_323347811.root 
/tmp/maxwoo/21EF1A6A9139C9FD2A38E59AFB466F9A_972/INPUTFILES/data_323347831.root 
/tmp/maxwoo/21EF1A6A9139C9FD2A38E59AFB466F9A_972/INPUTFILES/data_323347841.root 
/tmp/maxwoo/21EF1A6A9139C9FD2A38E59AFB466F9A_972/INPUTFILES/data_323347881.root 
/tmp/maxwoo/21EF1A6A9139C9FD2A38E59AFB466F9A_972/INPUTFILES/data_323347901.root 
/tmp/maxwoo/21EF1A6A9139C9FD2A38E59AFB466F9A_972/INPUTFILES/data_323347911.root 
/tmp/maxwoo/21EF1A6A9139C9FD2A38E59AFB466F9A_972/INPUTFILES/data_323348051.root 
/tmp/maxwoo/21EF1A6A9139C9FD2A38E59AFB466F9A_972/INPUTFILES/data_323348061.root 
/tmp/maxwoo/21EF1A6A9139C9FD2A38E59AFB466F9A_972/INPUTFILES/data_323348071.root 
/tmp/maxwoo/21EF1A6A9139C9FD2A38E59AFB466F9A_972/INPUTFILES/data_323348201.root 
/tmp/maxwoo/21EF1A6A9139C9FD2A38E59AFB466F9A_972/INPUTFILES/data_323348211.root 
/tmp/maxwoo/21EF1A6A9139C9FD2A38E59AFB466F9A_972/INPUTFILES/data_323348271.root 
/tmp/maxwoo/21EF1A6A9139C9FD2A38E59AFB466F9A_972/INPUTFILES/data_323348321.root 
/tmp/maxwoo/21EF1A6A9139C9FD2A38E59AFB466F9A_972/INPUTFILES/data_323348361.root 
/tmp/maxwoo/21EF1A6A9139C9FD2A38E59AFB466F9A_972/INPUTFILES/data_323348381.root 
/tmp/maxwoo/21EF1A6A9139C9FD2A38E59AFB466F9A_972/INPUTFILES/data_323348451.root 
/tmp/maxwoo/21EF1A6A9139C9FD2A38E59AFB466F9A_972/INPUTFILES/data_323348461.root 
/tmp/maxwoo/21EF1A6A9139C9FD2A38E59AFB466F9A_972/INPUTFILES/data_323357421.root 
Added 37 files
# entries in chain: 36848
Processing entry == 1000 == out of 36848.
Processing entry == 2000 == out of 36848.
Processing entry == 3000 == out of 36848.
Processing entry == 4000 == out of 36848.
Processing entry == 5000 == out of 36848.
Processing entry == 6000 == out of 36848.
Processing entry == 7000 == out of 36848.
Processing entry == 8000 == out of 36848.
Processing entry == 9000 == out of 36848.
Processing entry == 10000 == out of 36848.
Processing entry == 11000 == out of 36848.
Processing entry == 12000 == out of 36848.
Processing entry == 13000 == out of 36848.
Processing entry == 14000 == out of 36848.
Processing entry == 15000 == out of 36848.
Processing entry == 16000 == out of 36848.
Processing entry == 17000 == out of 36848.
Processing entry == 18000 == out of 36848.
Processing entry == 19000 == out of 36848.
Processing entry == 20000 == out of 36848.
Processing entry == 21000 == out of 36848.
Processing entry == 22000 == out of 36848.
Processing entry == 23000 == out of 36848.
Processing entry == 24000 == out of 36848.
Processing entry == 25000 == out of 36848.
Processing entry == 26000 == out of 36848.
Processing entry == 27000 == out of 36848.
Processing entry == 28000 == out of 36848.
Processing entry == 29000 == out of 36848.
Processing entry == 30000 == out of 36848.
Processing entry == 31000 == out of 36848.
Processing entry == 32000 == out of 36848.
Processing entry == 33000 == out of 36848.
Processing entry == 34000 == out of 36848.
Processing entry == 35000 == out of 36848.
Processing entry == 36000 == out of 36848.

This is the end of ROOT -- Goodbye

Cleaning up sandbox file:  /tmp/maxwoo/21EF1A6A9139C9FD2A38E59AFB466F9A_972/check_S.C
Cleaning up sandbox file:  /tmp/maxwoo/21EF1A6A9139C9FD2A38E59AFB466F9A_972/Check_Sness.C
Cleaning up sandbox file:  /tmp/maxwoo/21EF1A6A9139C9FD2A38E59AFB466F9A_972/lib
Cleaning up sandbox file:  /tmp/maxwoo/21EF1A6A9139C9FD2A38E59AFB466F9A_972/.sandboxFiles
Starting copy block
Running copy command:  /bin/cp -fp /tmp/maxwoo/21EF1A6A9139C9FD2A38E59AFB466F9A_972/out_21EF1A6A9139C9FD2A38E59AFB466F9A_972.root /star/data01/pwg/xiatong/git/strangeness/data/
55097 Execution of (/star/data01/pwg/xiatong/git/strangeness/script/sched21EF1A6A9139C9FD2A38E59AFB466F9A_972.csh ) has ended, exiting normally
55097 We END on [Thu Jun  2 11:50:30 EDT 2022]
