We are starting on node: rcrs6036.rcf.bnl.gov
HOME is not defined
Using getent method
HOME is now /star/u/maxwoo
23380 We will spawn ourselves (/star/data01/pwg/xiatong/git/strangeness/script/sched21EF1A6A9139C9FD2A38E59AFB466F9A_1754.csh )
23380 We BEGIN on [Thu Jun  2 11:04:20 EDT 2022]
[1] 23620
23380 We are waiting for 23620 
23380 Grandchild PID is 24104 - found in 10 x 1 seconds
23380 Establishing first watcher   on    Thu Jun  2 11:04:31 EDT 2022
23380 Process tree is 23380 (main) -> 23620 (child) -> 24104 (grandchild)
F S   UID   PID  PPID  C PRI  NI ADDR SZ WCHAN  TTY        TIME CMD
0 D 100667 24104 23620  0 80   0 - 32311 cxiWai ?          0:00 cp /star/data01/pwg/xiatong/AMPT/14GeV/data_715109381.root /tmp/maxwoo/21EF1A6A9139C9FD2A38E59AFB466F9A_1754/INPUTFILES/data_715109381.root
23380 Grandchild PID is 26090 - found in 20 x 2 seconds
23380 Grandchild to watch has changed on Thu Jun  2 11:04:52 EDT 2022
23380 Process tree is 23380 (main) -> 23620 (child) -> 26090 (grandchild)
F S   UID   PID  PPID  C PRI  NI ADDR SZ WCHAN  TTY        TIME CMD
0 D 100667 26090 23620  0 80   0 - 32311 cxiWai ?          0:00 cp /star/data01/pwg/xiatong/AMPT/14GeV/data_715117581.root /tmp/maxwoo/21EF1A6A9139C9FD2A38E59AFB466F9A_1754/INPUTFILES/data_715117581.root
23380 Grandchild PID is 27186 - found in 30 x 2 seconds
23380 Grandchild to watch has changed on Thu Jun  2 11:05:13 EDT 2022
23380 Process tree is 23380 (main) -> 23620 (child) -> 27186 (grandchild)
F S   UID   PID  PPID  C PRI  NI ADDR SZ WCHAN  TTY        TIME CMD
0 D 100667 27186 23620  0 80   0 - 32311 cxiWai ?          0:00 cp /star/data01/pwg/xiatong/AMPT/14GeV/data_715117661.root /tmp/maxwoo/21EF1A6A9139C9FD2A38E59AFB466F9A_1754/INPUTFILES/data_715117661.root
23380 Grandchild PID is 29607 - found in 50 x 2 seconds
23380 Grandchild to watch has changed on Thu Jun  2 11:05:54 EDT 2022
23380 Process tree is 23380 (main) -> 23620 (child) -> 29607 (grandchild)
F S   UID   PID  PPID  C PRI  NI ADDR SZ WCHAN  TTY        TIME CMD
0 D 100667 29607 23620  0 80   0 - 32311 cxiWai ?          0:00 cp /star/data01/pwg/xiatong/AMPT/14GeV/data_715164691.root /tmp/maxwoo/21EF1A6A9139C9FD2A38E59AFB466F9A_1754/INPUTFILES/data_715164691.root
23380 Grandchild PID is 30591 - found in 60 x 2 seconds
23380 Grandchild to watch has changed on Thu Jun  2 11:06:15 EDT 2022
23380 Process tree is 23380 (main) -> 23620 (child) -> 30591 (grandchild)
F S   UID   PID  PPID  C PRI  NI ADDR SZ WCHAN  TTY        TIME CMD
0 D 100667 30591 23620  0 80   0 - 32311 cxiWai ?          0:00 cp /star/data01/pwg/xiatong/AMPT/14GeV/data_715321411.root /tmp/maxwoo/21EF1A6A9139C9FD2A38E59AFB466F9A_1754/INPUTFILES/data_715321411.root
23380 Grandchild PID is 32087 - found in 70 x 2 seconds
23380 Grandchild to watch has changed on Thu Jun  2 11:06:36 EDT 2022
23380 Process tree is 23380 (main) -> 23620 (child) -> 32087 (grandchild)
F S   UID   PID  PPID  C PRI  NI ADDR SZ WCHAN  TTY        TIME CMD
0 D 100667 32087 23620  0 80   0 - 32311 cxiWai ?          0:00 cp /star/data01/pwg/xiatong/AMPT/14GeV/data_716117501.root /tmp/maxwoo/21EF1A6A9139C9FD2A38E59AFB466F9A_1754/INPUTFILES/data_716117501.root
23380 Grandchild PID is 32592 - found in 80 x 2 seconds
23380 Grandchild to watch has changed on Thu Jun  2 11:06:56 EDT 2022
23380 Process tree is 23380 (main) -> 23620 (child) -> 32592 (grandchild)
F S   UID   PID  PPID  C PRI  NI ADDR SZ WCHAN  TTY        TIME CMD
0 S 100667 32592 23620  0 80   0 -  1272 do_wai ?          0:00 root -b -q check_S.C++("/tmp/maxwoo/21EF1A6A9139C9FD2A38E59AFB466F9A_1754/INPUTFILES/21EF1A6A9139C9FD2A38E59AFB466F9A_1754.local.list","21EF1A6A9139C9FD2A38E59AFB466F9A_1754",1)
23620 Stepping into the main SUMS wrapper program with []
.... building sandbox
Running: cp /star/data01/pwg/xiatong/AMPT/14GeV/data_714178931.root /tmp/maxwoo/21EF1A6A9139C9FD2A38E59AFB466F9A_1754/INPUTFILES/data_714178931.root
Running: cp /star/data01/pwg/xiatong/AMPT/14GeV/data_714182621.root /tmp/maxwoo/21EF1A6A9139C9FD2A38E59AFB466F9A_1754/INPUTFILES/data_714182621.root
Running: cp /star/data01/pwg/xiatong/AMPT/14GeV/data_714597411.root /tmp/maxwoo/21EF1A6A9139C9FD2A38E59AFB466F9A_1754/INPUTFILES/data_714597411.root
Running: cp /star/data01/pwg/xiatong/AMPT/14GeV/data_714676461.root /tmp/maxwoo/21EF1A6A9139C9FD2A38E59AFB466F9A_1754/INPUTFILES/data_714676461.root
Running: cp /star/data01/pwg/xiatong/AMPT/14GeV/data_715109381.root /tmp/maxwoo/21EF1A6A9139C9FD2A38E59AFB466F9A_1754/INPUTFILES/data_715109381.root
Running: cp /star/data01/pwg/xiatong/AMPT/14GeV/data_715109391.root /tmp/maxwoo/21EF1A6A9139C9FD2A38E59AFB466F9A_1754/INPUTFILES/data_715109391.root
Running: cp /star/data01/pwg/xiatong/AMPT/14GeV/data_715117451.root /tmp/maxwoo/21EF1A6A9139C9FD2A38E59AFB466F9A_1754/INPUTFILES/data_715117451.root
Running: cp /star/data01/pwg/xiatong/AMPT/14GeV/data_715117481.root /tmp/maxwoo/21EF1A6A9139C9FD2A38E59AFB466F9A_1754/INPUTFILES/data_715117481.root
Running: cp /star/data01/pwg/xiatong/AMPT/14GeV/data_715117491.root /tmp/maxwoo/21EF1A6A9139C9FD2A38E59AFB466F9A_1754/INPUTFILES/data_715117491.root
Running: cp /star/data01/pwg/xiatong/AMPT/14GeV/data_715117511.root /tmp/maxwoo/21EF1A6A9139C9FD2A38E59AFB466F9A_1754/INPUTFILES/data_715117511.root
Running: cp /star/data01/pwg/xiatong/AMPT/14GeV/data_715117521.root /tmp/maxwoo/21EF1A6A9139C9FD2A38E59AFB466F9A_1754/INPUTFILES/data_715117521.root
Running: cp /star/data01/pwg/xiatong/AMPT/14GeV/data_715117551.root /tmp/maxwoo/21EF1A6A9139C9FD2A38E59AFB466F9A_1754/INPUTFILES/data_715117551.root
Running: cp /star/data01/pwg/xiatong/AMPT/14GeV/data_715117561.root /tmp/maxwoo/21EF1A6A9139C9FD2A38E59AFB466F9A_1754/INPUTFILES/data_715117561.root
Running: cp /star/data01/pwg/xiatong/AMPT/14GeV/data_715117581.root /tmp/maxwoo/21EF1A6A9139C9FD2A38E59AFB466F9A_1754/INPUTFILES/data_715117581.root
Running: cp /star/data01/pwg/xiatong/AMPT/14GeV/data_715117601.root /tmp/maxwoo/21EF1A6A9139C9FD2A38E59AFB466F9A_1754/INPUTFILES/data_715117601.root
Running: cp /star/data01/pwg/xiatong/AMPT/14GeV/data_715117631.root /tmp/maxwoo/21EF1A6A9139C9FD2A38E59AFB466F9A_1754/INPUTFILES/data_715117631.root
Running: cp /star/data01/pwg/xiatong/AMPT/14GeV/data_715117641.root /tmp/maxwoo/21EF1A6A9139C9FD2A38E59AFB466F9A_1754/INPUTFILES/data_715117641.root
Running: cp /star/data01/pwg/xiatong/AMPT/14GeV/data_715117661.root /tmp/maxwoo/21EF1A6A9139C9FD2A38E59AFB466F9A_1754/INPUTFILES/data_715117661.root
Running: cp /star/data01/pwg/xiatong/AMPT/14GeV/data_715119471.root /tmp/maxwoo/21EF1A6A9139C9FD2A38E59AFB466F9A_1754/INPUTFILES/data_715119471.root
Running: cp /star/data01/pwg/xiatong/AMPT/14GeV/data_715164691.root /tmp/maxwoo/21EF1A6A9139C9FD2A38E59AFB466F9A_1754/INPUTFILES/data_715164691.root
Running: cp /star/data01/pwg/xiatong/AMPT/14GeV/data_715165351.root /tmp/maxwoo/21EF1A6A9139C9FD2A38E59AFB466F9A_1754/INPUTFILES/data_715165351.root
Running: cp /star/data01/pwg/xiatong/AMPT/14GeV/data_715198471.root /tmp/maxwoo/21EF1A6A9139C9FD2A38E59AFB466F9A_1754/INPUTFILES/data_715198471.root
Running: cp /star/data01/pwg/xiatong/AMPT/14GeV/data_715198511.root /tmp/maxwoo/21EF1A6A9139C9FD2A38E59AFB466F9A_1754/INPUTFILES/data_715198511.root
Running: cp /star/data01/pwg/xiatong/AMPT/14GeV/data_715321411.root /tmp/maxwoo/21EF1A6A9139C9FD2A38E59AFB466F9A_1754/INPUTFILES/data_715321411.root
Running: cp /star/data01/pwg/xiatong/AMPT/14GeV/data_715376451.root /tmp/maxwoo/21EF1A6A9139C9FD2A38E59AFB466F9A_1754/INPUTFILES/data_715376451.root
Running: cp /star/data01/pwg/xiatong/AMPT/14GeV/data_715576441.root /tmp/maxwoo/21EF1A6A9139C9FD2A38E59AFB466F9A_1754/INPUTFILES/data_715576441.root
Running: cp /star/data01/pwg/xiatong/AMPT/14GeV/data_715676431.root /tmp/maxwoo/21EF1A6A9139C9FD2A38E59AFB466F9A_1754/INPUTFILES/data_715676431.root
Running: cp /star/data01/pwg/xiatong/AMPT/14GeV/data_716107881.root /tmp/maxwoo/21EF1A6A9139C9FD2A38E59AFB466F9A_1754/INPUTFILES/data_716107881.root
Running: cp /star/data01/pwg/xiatong/AMPT/14GeV/data_716107891.root /tmp/maxwoo/21EF1A6A9139C9FD2A38E59AFB466F9A_1754/INPUTFILES/data_716107891.root
Running: cp /star/data01/pwg/xiatong/AMPT/14GeV/data_716109031.root /tmp/maxwoo/21EF1A6A9139C9FD2A38E59AFB466F9A_1754/INPUTFILES/data_716109031.root
Running: cp /star/data01/pwg/xiatong/AMPT/14GeV/data_716109371.root /tmp/maxwoo/21EF1A6A9139C9FD2A38E59AFB466F9A_1754/INPUTFILES/data_716109371.root
Running: cp /star/data01/pwg/xiatong/AMPT/14GeV/data_716112441.root /tmp/maxwoo/21EF1A6A9139C9FD2A38E59AFB466F9A_1754/INPUTFILES/data_716112441.root
Running: cp /star/data01/pwg/xiatong/AMPT/14GeV/data_716117281.root /tmp/maxwoo/21EF1A6A9139C9FD2A38E59AFB466F9A_1754/INPUTFILES/data_716117281.root
Running: cp /star/data01/pwg/xiatong/AMPT/14GeV/data_716117291.root /tmp/maxwoo/21EF1A6A9139C9FD2A38E59AFB466F9A_1754/INPUTFILES/data_716117291.root
Running: cp /star/data01/pwg/xiatong/AMPT/14GeV/data_716117311.root /tmp/maxwoo/21EF1A6A9139C9FD2A38E59AFB466F9A_1754/INPUTFILES/data_716117311.root
Running: cp /star/data01/pwg/xiatong/AMPT/14GeV/data_716117461.root /tmp/maxwoo/21EF1A6A9139C9FD2A38E59AFB466F9A_1754/INPUTFILES/data_716117461.root
Running: cp /star/data01/pwg/xiatong/AMPT/14GeV/data_716117501.root /tmp/maxwoo/21EF1A6A9139C9FD2A38E59AFB466F9A_1754/INPUTFILES/data_716117501.root
Swapping $FILELIST with: /tmp/maxwoo/21EF1A6A9139C9FD2A38E59AFB466F9A_1754/INPUTFILES/21EF1A6A9139C9FD2A38E59AFB466F9A_1754.local.list
+++++++++++local copy debug++++++++++++++++++++
newFileList: /tmp/maxwoo/21EF1A6A9139C9FD2A38E59AFB466F9A_1754/INPUTFILES/21EF1A6A9139C9FD2A38E59AFB466F9A_1754.local.list
++++++++++++++++cat FILELIST+++++++++++++++++++
/tmp/maxwoo/21EF1A6A9139C9FD2A38E59AFB466F9A_1754/INPUTFILES/data_714178931.root 
/tmp/maxwoo/21EF1A6A9139C9FD2A38E59AFB466F9A_1754/INPUTFILES/data_714182621.root 
/tmp/maxwoo/21EF1A6A9139C9FD2A38E59AFB466F9A_1754/INPUTFILES/data_714597411.root 
/tmp/maxwoo/21EF1A6A9139C9FD2A38E59AFB466F9A_1754/INPUTFILES/data_714676461.root 
/tmp/maxwoo/21EF1A6A9139C9FD2A38E59AFB466F9A_1754/INPUTFILES/data_715109381.root 
/tmp/maxwoo/21EF1A6A9139C9FD2A38E59AFB466F9A_1754/INPUTFILES/data_715109391.root 
/tmp/maxwoo/21EF1A6A9139C9FD2A38E59AFB466F9A_1754/INPUTFILES/data_715117451.root 
/tmp/maxwoo/21EF1A6A9139C9FD2A38E59AFB466F9A_1754/INPUTFILES/data_715117481.root 
/tmp/maxwoo/21EF1A6A9139C9FD2A38E59AFB466F9A_1754/INPUTFILES/data_715117491.root 
/tmp/maxwoo/21EF1A6A9139C9FD2A38E59AFB466F9A_1754/INPUTFILES/data_715117511.root 
/tmp/maxwoo/21EF1A6A9139C9FD2A38E59AFB466F9A_1754/INPUTFILES/data_715117521.root 
/tmp/maxwoo/21EF1A6A9139C9FD2A38E59AFB466F9A_1754/INPUTFILES/data_715117551.root 
/tmp/maxwoo/21EF1A6A9139C9FD2A38E59AFB466F9A_1754/INPUTFILES/data_715117561.root 
/tmp/maxwoo/21EF1A6A9139C9FD2A38E59AFB466F9A_1754/INPUTFILES/data_715117581.root 
/tmp/maxwoo/21EF1A6A9139C9FD2A38E59AFB466F9A_1754/INPUTFILES/data_715117601.root 
/tmp/maxwoo/21EF1A6A9139C9FD2A38E59AFB466F9A_1754/INPUTFILES/data_715117631.root 
/tmp/maxwoo/21EF1A6A9139C9FD2A38E59AFB466F9A_1754/INPUTFILES/data_715117641.root 
/tmp/maxwoo/21EF1A6A9139C9FD2A38E59AFB466F9A_1754/INPUTFILES/data_715117661.root 
/tmp/maxwoo/21EF1A6A9139C9FD2A38E59AFB466F9A_1754/INPUTFILES/data_715119471.root 
/tmp/maxwoo/21EF1A6A9139C9FD2A38E59AFB466F9A_1754/INPUTFILES/data_715164691.root 
/tmp/maxwoo/21EF1A6A9139C9FD2A38E59AFB466F9A_1754/INPUTFILES/data_715165351.root 
/tmp/maxwoo/21EF1A6A9139C9FD2A38E59AFB466F9A_1754/INPUTFILES/data_715198471.root 
/tmp/maxwoo/21EF1A6A9139C9FD2A38E59AFB466F9A_1754/INPUTFILES/data_715198511.root 
/tmp/maxwoo/21EF1A6A9139C9FD2A38E59AFB466F9A_1754/INPUTFILES/data_715321411.root 
/tmp/maxwoo/21EF1A6A9139C9FD2A38E59AFB466F9A_1754/INPUTFILES/data_715376451.root 
/tmp/maxwoo/21EF1A6A9139C9FD2A38E59AFB466F9A_1754/INPUTFILES/data_715576441.root 
/tmp/maxwoo/21EF1A6A9139C9FD2A38E59AFB466F9A_1754/INPUTFILES/data_715676431.root 
/tmp/maxwoo/21EF1A6A9139C9FD2A38E59AFB466F9A_1754/INPUTFILES/data_716107881.root 
/tmp/maxwoo/21EF1A6A9139C9FD2A38E59AFB466F9A_1754/INPUTFILES/data_716107891.root 
/tmp/maxwoo/21EF1A6A9139C9FD2A38E59AFB466F9A_1754/INPUTFILES/data_716109031.root 
/tmp/maxwoo/21EF1A6A9139C9FD2A38E59AFB466F9A_1754/INPUTFILES/data_716109371.root 
/tmp/maxwoo/21EF1A6A9139C9FD2A38E59AFB466F9A_1754/INPUTFILES/data_716112441.root 
/tmp/maxwoo/21EF1A6A9139C9FD2A38E59AFB466F9A_1754/INPUTFILES/data_716117281.root 
/tmp/maxwoo/21EF1A6A9139C9FD2A38E59AFB466F9A_1754/INPUTFILES/data_716117291.root 
/tmp/maxwoo/21EF1A6A9139C9FD2A38E59AFB466F9A_1754/INPUTFILES/data_716117311.root 
/tmp/maxwoo/21EF1A6A9139C9FD2A38E59AFB466F9A_1754/INPUTFILES/data_716117461.root 
/tmp/maxwoo/21EF1A6A9139C9FD2A38E59AFB466F9A_1754/INPUTFILES/data_716117501.root 
++++++++++++++++++++find.++++++++++++++++++++++
.
./INPUTFILES
./INPUTFILES/data_715117601.root
./INPUTFILES/data_715117451.root
./INPUTFILES/data_715109391.root
./INPUTFILES/data_715198511.root
./INPUTFILES/data_715119471.root
./INPUTFILES/data_715676431.root
./INPUTFILES/data_715117551.root
./INPUTFILES/data_716117291.root
./INPUTFILES/data_715321411.root
./INPUTFILES/data_716109371.root
./INPUTFILES/data_715109381.root
./INPUTFILES/data_714178931.root
./INPUTFILES/data_716112441.root
./INPUTFILES/data_715117561.root
./INPUTFILES/data_715117511.root
./INPUTFILES/data_715117641.root
./INPUTFILES/data_715165351.root
./INPUTFILES/data_714182621.root
./INPUTFILES/data_715576441.root
./INPUTFILES/data_715117661.root
./INPUTFILES/data_716107881.root
./INPUTFILES/data_715117631.root
./INPUTFILES/data_716117281.root
./INPUTFILES/21EF1A6A9139C9FD2A38E59AFB466F9A_1754.local.list
./INPUTFILES/data_715117581.root
./INPUTFILES/data_716117461.root
./INPUTFILES/data_715117491.root
./INPUTFILES/data_714676461.root
./INPUTFILES/data_715198471.root
./INPUTFILES/data_716107891.root
./INPUTFILES/data_716109031.root
./INPUTFILES/data_715164691.root
./INPUTFILES/data_715117521.root
./INPUTFILES/data_716117501.root
./INPUTFILES/data_715117481.root
./INPUTFILES/data_716117311.root
./INPUTFILES/data_714597411.root
./INPUTFILES/data_715376451.root
./check_S.C
./.output.log
./lib
./lib/MixedBuffer.cpp
./lib/CenMaker_cpp.d
./lib/my_event_cpp_ACLiC_dict_rdict.pcm
./lib/MixedBuffer_cpp.d
./lib/my_event.h
./lib/MixedBuffer_cpp.so
./lib/my_event_cpp.so
./lib/MixedBuffer_cpp_ACLiC_dict_rdict.pcm
./lib/NpartNormalizer.cpp
./lib/NpartNormalizer_cpp.d
./lib/NpartNormalizer.h
./lib/CenMaker_cpp_ACLiC_dict_rdict.pcm
./lib/my_particle_cpp_ACLiC_dict_rdict.pcm
./lib/my_event_cpp.d
./lib/my_event.cpp
./lib/CenMaker_cpp.so
./lib/CenMaker.cpp
./lib/my_particle.h
./lib/MixedBuffer.h
./lib/CenMaker.h
./lib/my_particle_cpp.d
./lib/NpartNormalizer_cpp_ACLiC_dict_rdict.pcm
./lib/NpartNormalizer_cpp.so
./lib/my_particle_cpp.so
./lib/my_particle.cpp
./.errror.log
./Check_Sness.C
./.sandboxFiles
++++++++++++++++INPUTFILE Var++++++++++++++++++
FILELIST=/tmp/maxwoo/21EF1A6A9139C9FD2A38E59AFB466F9A_1754/INPUTFILES/21EF1A6A9139C9FD2A38E59AFB466F9A_1754.local.list
INPUTFILECOUNT=37
INPUTFILE0=/tmp/maxwoo/21EF1A6A9139C9FD2A38E59AFB466F9A_1754/INPUTFILES/data_714178931.root
INPUTFILE1=/tmp/maxwoo/21EF1A6A9139C9FD2A38E59AFB466F9A_1754/INPUTFILES/data_714182621.root
INPUTFILE2=/tmp/maxwoo/21EF1A6A9139C9FD2A38E59AFB466F9A_1754/INPUTFILES/data_714597411.root
INPUTFILE3=/tmp/maxwoo/21EF1A6A9139C9FD2A38E59AFB466F9A_1754/INPUTFILES/data_714676461.root
INPUTFILE4=/tmp/maxwoo/21EF1A6A9139C9FD2A38E59AFB466F9A_1754/INPUTFILES/data_715109381.root
INPUTFILE5=/tmp/maxwoo/21EF1A6A9139C9FD2A38E59AFB466F9A_1754/INPUTFILES/data_715109391.root
INPUTFILE6=/tmp/maxwoo/21EF1A6A9139C9FD2A38E59AFB466F9A_1754/INPUTFILES/data_715117451.root
INPUTFILE7=/tmp/maxwoo/21EF1A6A9139C9FD2A38E59AFB466F9A_1754/INPUTFILES/data_715117481.root
INPUTFILE8=/tmp/maxwoo/21EF1A6A9139C9FD2A38E59AFB466F9A_1754/INPUTFILES/data_715117491.root
INPUTFILE9=/tmp/maxwoo/21EF1A6A9139C9FD2A38E59AFB466F9A_1754/INPUTFILES/data_715117511.root
INPUTFILE10=/tmp/maxwoo/21EF1A6A9139C9FD2A38E59AFB466F9A_1754/INPUTFILES/data_715117521.root
INPUTFILE11=/tmp/maxwoo/21EF1A6A9139C9FD2A38E59AFB466F9A_1754/INPUTFILES/data_715117551.root
INPUTFILE12=/tmp/maxwoo/21EF1A6A9139C9FD2A38E59AFB466F9A_1754/INPUTFILES/data_715117561.root
INPUTFILE13=/tmp/maxwoo/21EF1A6A9139C9FD2A38E59AFB466F9A_1754/INPUTFILES/data_715117581.root
INPUTFILE14=/tmp/maxwoo/21EF1A6A9139C9FD2A38E59AFB466F9A_1754/INPUTFILES/data_715117601.root
INPUTFILE15=/tmp/maxwoo/21EF1A6A9139C9FD2A38E59AFB466F9A_1754/INPUTFILES/data_715117631.root
INPUTFILE16=/tmp/maxwoo/21EF1A6A9139C9FD2A38E59AFB466F9A_1754/INPUTFILES/data_715117641.root
INPUTFILE17=/tmp/maxwoo/21EF1A6A9139C9FD2A38E59AFB466F9A_1754/INPUTFILES/data_715117661.root
INPUTFILE18=/tmp/maxwoo/21EF1A6A9139C9FD2A38E59AFB466F9A_1754/INPUTFILES/data_715119471.root
INPUTFILE19=/tmp/maxwoo/21EF1A6A9139C9FD2A38E59AFB466F9A_1754/INPUTFILES/data_715164691.root
INPUTFILE20=/tmp/maxwoo/21EF1A6A9139C9FD2A38E59AFB466F9A_1754/INPUTFILES/data_715165351.root
INPUTFILE21=/tmp/maxwoo/21EF1A6A9139C9FD2A38E59AFB466F9A_1754/INPUTFILES/data_715198471.root
INPUTFILE22=/tmp/maxwoo/21EF1A6A9139C9FD2A38E59AFB466F9A_1754/INPUTFILES/data_715198511.root
INPUTFILE23=/tmp/maxwoo/21EF1A6A9139C9FD2A38E59AFB466F9A_1754/INPUTFILES/data_715321411.root
INPUTFILE24=/tmp/maxwoo/21EF1A6A9139C9FD2A38E59AFB466F9A_1754/INPUTFILES/data_715376451.root
INPUTFILE25=/tmp/maxwoo/21EF1A6A9139C9FD2A38E59AFB466F9A_1754/INPUTFILES/data_715576441.root
INPUTFILE26=/tmp/maxwoo/21EF1A6A9139C9FD2A38E59AFB466F9A_1754/INPUTFILES/data_715676431.root
INPUTFILE27=/tmp/maxwoo/21EF1A6A9139C9FD2A38E59AFB466F9A_1754/INPUTFILES/data_716107881.root
INPUTFILE28=/tmp/maxwoo/21EF1A6A9139C9FD2A38E59AFB466F9A_1754/INPUTFILES/data_716107891.root
INPUTFILE29=/tmp/maxwoo/21EF1A6A9139C9FD2A38E59AFB466F9A_1754/INPUTFILES/data_716109031.root
INPUTFILE30=/tmp/maxwoo/21EF1A6A9139C9FD2A38E59AFB466F9A_1754/INPUTFILES/data_716109371.root
INPUTFILE31=/tmp/maxwoo/21EF1A6A9139C9FD2A38E59AFB466F9A_1754/INPUTFILES/data_716112441.root
INPUTFILE32=/tmp/maxwoo/21EF1A6A9139C9FD2A38E59AFB466F9A_1754/INPUTFILES/data_716117281.root
INPUTFILE33=/tmp/maxwoo/21EF1A6A9139C9FD2A38E59AFB466F9A_1754/INPUTFILES/data_716117291.root
INPUTFILE34=/tmp/maxwoo/21EF1A6A9139C9FD2A38E59AFB466F9A_1754/INPUTFILES/data_716117311.root
INPUTFILE35=/tmp/maxwoo/21EF1A6A9139C9FD2A38E59AFB466F9A_1754/INPUTFILES/data_716117461.root
INPUTFILE36=/tmp/maxwoo/21EF1A6A9139C9FD2A38E59AFB466F9A_1754/INPUTFILES/data_716117501.root
LocalInputFileDir=/tmp/maxwoo/21EF1A6A9139C9FD2A38E59AFB466F9A_1754/INPUTFILES
NewFILELIST=/tmp/maxwoo/21EF1A6A9139C9FD2A38E59AFB466F9A_1754/INPUTFILES/21EF1A6A9139C9FD2A38E59AFB466F9A_1754.local.list
+++++++++++++++++++++++++++++++++++++++++++++++
--------------------------------
Simple Unified Meta Scheduler 1.10.50 we are starting in $SCRATCH : /home/tmp/maxwoo/21EF1A6A9139C9FD2A38E59AFB466F9A_1754
--------------------------------
total 16
lrwxrwxrwx 1 maxwoo rhstar   61 Jun  2 11:04 check_S.C -> /gpfs/mnt/gpfs01/star/pwg/xiatong/git/strangeness/./check_S.C
lrwxrwxrwx 1 maxwoo rhstar   65 Jun  2 11:04 Check_Sness.C -> /gpfs/mnt/gpfs01/star/pwg/xiatong/git/strangeness/./Check_Sness.C
drwxr-xr-x 2 maxwoo rhstar 4096 Jun  2 11:06 INPUTFILES
drwxr-xr-x 2 maxwoo rhstar 4096 Jun  2 11:04 lib
  *******************************************
  *                                         *
  *        W E L C O M E  to  R O O T       *
  *                                         *
  *   Version   5.34/38     12 March 2018   *
  *                                         *
  *  You are welcome to visit our Web site  *
  *          http://root.cern.ch            *
  *                                         *
  *******************************************

ROOT 5.34/38 (v5-34-38@v5-34-38, Mar 12 2018, 15:49:39 on linux)

CINT/ROOT C/C++ Interpreter version 5.18.00, July 2, 2010
Type ? for help. Commands must be C++ statements.
Enclose multiple statements between { }.
*** Float Point Exception is OFF ***
 *** Start at Date : Thu Jun  2 11:06:38 2022
QAInfo:You are using STAR_LEVEL : dev, ROOT_LEVEL : 5.34.38 and node : rcrs6036.rcf.bnl.gov 

Processing check_S.C++("/tmp/maxwoo/21EF1A6A9139C9FD2A38E59AFB466F9A_1754/INPUTFILES/21EF1A6A9139C9FD2A38E59AFB466F9A_1754.local.list","21EF1A6A9139C9FD2A38E59AFB466F9A_1754",1)...
/tmp/maxwoo/21EF1A6A9139C9FD2A38E59AFB466F9A_1754/INPUTFILES/data_714178931.root 
/tmp/maxwoo/21EF1A6A9139C9FD2A38E59AFB466F9A_1754/INPUTFILES/data_714182621.root 
/tmp/maxwoo/21EF1A6A9139C9FD2A38E59AFB466F9A_1754/INPUTFILES/data_714597411.root 
/tmp/maxwoo/21EF1A6A9139C9FD2A38E59AFB466F9A_1754/INPUTFILES/data_714676461.root 
/tmp/maxwoo/21EF1A6A9139C9FD2A38E59AFB466F9A_1754/INPUTFILES/data_715109381.root 
/tmp/maxwoo/21EF1A6A9139C9FD2A38E59AFB466F9A_1754/INPUTFILES/data_715109391.root 
/tmp/maxwoo/21EF1A6A9139C9FD2A38E59AFB466F9A_1754/INPUTFILES/data_715117451.root 
/tmp/maxwoo/21EF1A6A9139C9FD2A38E59AFB466F9A_1754/INPUTFILES/data_715117481.root 
/tmp/maxwoo/21EF1A6A9139C9FD2A38E59AFB466F9A_1754/INPUTFILES/data_715117491.root 
/tmp/maxwoo/21EF1A6A9139C9FD2A38E59AFB466F9A_1754/INPUTFILES/data_715117511.root 
/tmp/maxwoo/21EF1A6A9139C9FD2A38E59AFB466F9A_1754/INPUTFILES/data_715117521.root 
/tmp/maxwoo/21EF1A6A9139C9FD2A38E59AFB466F9A_1754/INPUTFILES/data_715117551.root 
/tmp/maxwoo/21EF1A6A9139C9FD2A38E59AFB466F9A_1754/INPUTFILES/data_715117561.root 
/tmp/maxwoo/21EF1A6A9139C9FD2A38E59AFB466F9A_1754/INPUTFILES/data_715117581.root 
/tmp/maxwoo/21EF1A6A9139C9FD2A38E59AFB466F9A_1754/INPUTFILES/data_715117601.root 
/tmp/maxwoo/21EF1A6A9139C9FD2A38E59AFB466F9A_1754/INPUTFILES/data_715117631.root 
/tmp/maxwoo/21EF1A6A9139C9FD2A38E59AFB466F9A_1754/INPUTFILES/data_715117641.root 
/tmp/maxwoo/21EF1A6A9139C9FD2A38E59AFB466F9A_1754/INPUTFILES/data_715117661.root 
/tmp/maxwoo/21EF1A6A9139C9FD2A38E59AFB466F9A_1754/INPUTFILES/data_715119471.root 
/tmp/maxwoo/21EF1A6A9139C9FD2A38E59AFB466F9A_1754/INPUTFILES/data_715164691.root 
/tmp/maxwoo/21EF1A6A9139C9FD2A38E59AFB466F9A_1754/INPUTFILES/data_715165351.root 
/tmp/maxwoo/21EF1A6A9139C9FD2A38E59AFB466F9A_1754/INPUTFILES/data_715198471.root 
/tmp/maxwoo/21EF1A6A9139C9FD2A38E59AFB466F9A_1754/INPUTFILES/data_715198511.root 
/tmp/maxwoo/21EF1A6A9139C9FD2A38E59AFB466F9A_1754/INPUTFILES/data_715321411.root 
/tmp/maxwoo/21EF1A6A9139C9FD2A38E59AFB466F9A_1754/INPUTFILES/data_715376451.root 
/tmp/maxwoo/21EF1A6A9139C9FD2A38E59AFB466F9A_1754/INPUTFILES/data_715576441.root 
/tmp/maxwoo/21EF1A6A9139C9FD2A38E59AFB466F9A_1754/INPUTFILES/data_715676431.root 
/tmp/maxwoo/21EF1A6A9139C9FD2A38E59AFB466F9A_1754/INPUTFILES/data_716107881.root 
/tmp/maxwoo/21EF1A6A9139C9FD2A38E59AFB466F9A_1754/INPUTFILES/data_716107891.root 
/tmp/maxwoo/21EF1A6A9139C9FD2A38E59AFB466F9A_1754/INPUTFILES/data_716109031.root 
/tmp/maxwoo/21EF1A6A9139C9FD2A38E59AFB466F9A_1754/INPUTFILES/data_716109371.root 
/tmp/maxwoo/21EF1A6A9139C9FD2A38E59AFB466F9A_1754/INPUTFILES/data_716112441.root 
/tmp/maxwoo/21EF1A6A9139C9FD2A38E59AFB466F9A_1754/INPUTFILES/data_716117281.root 
/tmp/maxwoo/21EF1A6A9139C9FD2A38E59AFB466F9A_1754/INPUTFILES/data_716117291.root 
/tmp/maxwoo/21EF1A6A9139C9FD2A38E59AFB466F9A_1754/INPUTFILES/data_716117311.root 
/tmp/maxwoo/21EF1A6A9139C9FD2A38E59AFB466F9A_1754/INPUTFILES/data_716117461.root 
/tmp/maxwoo/21EF1A6A9139C9FD2A38E59AFB466F9A_1754/INPUTFILES/data_716117501.root 
Added 37 files
# entries in chain: 37000
Processing entry == 1000 == out of 37000.
Processing entry == 2000 == out of 37000.
Processing entry == 3000 == out of 37000.
Processing entry == 4000 == out of 37000.
Processing entry == 5000 == out of 37000.
Processing entry == 6000 == out of 37000.
Processing entry == 7000 == out of 37000.
Processing entry == 8000 == out of 37000.
Processing entry == 9000 == out of 37000.
Processing entry == 10000 == out of 37000.
Processing entry == 11000 == out of 37000.
Processing entry == 12000 == out of 37000.
Processing entry == 13000 == out of 37000.
Processing entry == 14000 == out of 37000.
Processing entry == 15000 == out of 37000.
Processing entry == 16000 == out of 37000.
Processing entry == 17000 == out of 37000.
Processing entry == 18000 == out of 37000.
Processing entry == 19000 == out of 37000.
Processing entry == 20000 == out of 37000.
Processing entry == 21000 == out of 37000.
Processing entry == 22000 == out of 37000.
Processing entry == 23000 == out of 37000.
Processing entry == 24000 == out of 37000.
Processing entry == 25000 == out of 37000.
Processing entry == 26000 == out of 37000.
Processing entry == 27000 == out of 37000.
Processing entry == 28000 == out of 37000.
Processing entry == 29000 == out of 37000.
Processing entry == 30000 == out of 37000.
Processing entry == 31000 == out of 37000.
Processing entry == 32000 == out of 37000.
Processing entry == 33000 == out of 37000.
Processing entry == 34000 == out of 37000.
Processing entry == 35000 == out of 37000.
Processing entry == 36000 == out of 37000.
Processing entry == 37000 == out of 37000.

This is the end of ROOT -- Goodbye

Cleaning up sandbox file:  /tmp/maxwoo/21EF1A6A9139C9FD2A38E59AFB466F9A_1754/check_S.C
Cleaning up sandbox file:  /tmp/maxwoo/21EF1A6A9139C9FD2A38E59AFB466F9A_1754/Check_Sness.C
Cleaning up sandbox file:  /tmp/maxwoo/21EF1A6A9139C9FD2A38E59AFB466F9A_1754/lib
Cleaning up sandbox file:  /tmp/maxwoo/21EF1A6A9139C9FD2A38E59AFB466F9A_1754/.sandboxFiles
Starting copy block
Running copy command:  /bin/cp -fp /tmp/maxwoo/21EF1A6A9139C9FD2A38E59AFB466F9A_1754/out_21EF1A6A9139C9FD2A38E59AFB466F9A_1754.root /star/data01/pwg/xiatong/git/strangeness/data/
23380 Execution of (/star/data01/pwg/xiatong/git/strangeness/script/sched21EF1A6A9139C9FD2A38E59AFB466F9A_1754.csh ) has ended, exiting normally
23380 We END on [Thu Jun  2 11:25:46 EDT 2022]
