We are starting on node: spool0118.sdcc.bnl.gov
HOME is not defined
Using getent method
HOME is now /star/u/maxwoo
263172 We will spawn ourselves (/star/data01/pwg/xiatong/git/strangeness/script/sched21EF1A6A9139C9FD2A38E59AFB466F9A_2444.csh )
263172 We BEGIN on [Thu Jun  2 10:58:35 EDT 2022]
[1] 264461
263172 We are waiting for 264461 
263172 Grandchild PID is 273437 - found in 10 x 1 seconds
263172 Establishing first watcher   on    Thu Jun  2 10:58:46 EDT 2022
263172 Process tree is 263172 (main) -> 264461 (child) -> 273437 (grandchild)
F S   UID    PID   PPID  C PRI  NI ADDR SZ WCHAN  TTY        TIME CMD
0 D 100667 273437 264461  0 80   0 - 32311 cxiWai ?          0:00 cp /star/data01/pwg/xiatong/AMPT/14GeV/data_1358841111.root /tmp/maxwoo/21EF1A6A9139C9FD2A38E59AFB466F9A_2444/INPUTFILES/data_1358841111.root
263172 Grandchild PID is 276038 - found in 20 x 2 seconds
263172 Grandchild to watch has changed on Thu Jun  2 10:59:07 EDT 2022
263172 Process tree is 263172 (main) -> 264461 (child) -> 276038 (grandchild)
F S   UID    PID   PPID  C PRI  NI ADDR SZ WCHAN  TTY        TIME CMD
0 D 100667 276038 264461  0 80   0 - 32311 cxiWai ?          0:00 cp /star/data01/pwg/xiatong/AMPT/14GeV/data_1359119451.root /tmp/maxwoo/21EF1A6A9139C9FD2A38E59AFB466F9A_2444/INPUTFILES/data_1359119451.root
263172 Grandchild PID is 279412 - found in 30 x 2 seconds
263172 Grandchild to watch has changed on Thu Jun  2 10:59:28 EDT 2022
263172 Process tree is 263172 (main) -> 264461 (child) -> 279412 (grandchild)
F S   UID    PID   PPID  C PRI  NI ADDR SZ WCHAN  TTY        TIME CMD
0 D 100667 279412 264461  0 80   0 - 32311 cxiWai ?          0:00 cp /star/data01/pwg/xiatong/AMPT/14GeV/data_1359119461.root /tmp/maxwoo/21EF1A6A9139C9FD2A38E59AFB466F9A_2444/INPUTFILES/data_1359119461.root
263172 Grandchild PID is 286534 - found in 40 x 2 seconds
263172 Grandchild to watch has changed on Thu Jun  2 10:59:49 EDT 2022
263172 Process tree is 263172 (main) -> 264461 (child) -> 286534 (grandchild)
F S   UID    PID   PPID  C PRI  NI ADDR SZ WCHAN  TTY        TIME CMD
0 D 100667 286534 264461  0 80   0 - 32311 cxiWai ?          0:00 cp /star/data01/pwg/xiatong/AMPT/14GeV/data_1359119501.root /tmp/maxwoo/21EF1A6A9139C9FD2A38E59AFB466F9A_2444/INPUTFILES/data_1359119501.root
263172 Grandchild PID is 290208 - found in 50 x 2 seconds
263172 Grandchild to watch has changed on Thu Jun  2 11:00:09 EDT 2022
263172 Process tree is 263172 (main) -> 264461 (child) -> 290208 (grandchild)
F S   UID    PID   PPID  C PRI  NI ADDR SZ WCHAN  TTY        TIME CMD
0 D 100667 290208 264461  0 80   0 - 32311 cxiWai ?          0:00 cp /star/data01/pwg/xiatong/AMPT/14GeV/data_1359119541.root /tmp/maxwoo/21EF1A6A9139C9FD2A38E59AFB466F9A_2444/INPUTFILES/data_1359119541.root
263172 Grandchild PID is 298827 - found in 70 x 2 seconds
263172 Grandchild to watch has changed on Thu Jun  2 11:00:51 EDT 2022
263172 Process tree is 263172 (main) -> 264461 (child) -> 298827 (grandchild)
F S   UID    PID   PPID  C PRI  NI ADDR SZ WCHAN  TTY        TIME CMD
0 D 100667 298827 264461  0 80   0 - 32311 cxiWai ?          0:00 cp /star/data01/pwg/xiatong/AMPT/14GeV/data_1359141041.root /tmp/maxwoo/21EF1A6A9139C9FD2A38E59AFB466F9A_2444/INPUTFILES/data_1359141041.root
263172 Grandchild PID is 312884 - found in 90 x 2 seconds
263172 Grandchild to watch has changed on Thu Jun  2 11:01:33 EDT 2022
263172 Process tree is 263172 (main) -> 264461 (child) -> 312884 (grandchild)
F S   UID    PID   PPID  C PRI  NI ADDR SZ WCHAN  TTY        TIME CMD
0 S 100667 312884 264461  0 80   0 -  1272 do_wai ?          0:00 root -b -q check_S.C++("/tmp/maxwoo/21EF1A6A9139C9FD2A38E59AFB466F9A_2444/INPUTFILES/21EF1A6A9139C9FD2A38E59AFB466F9A_2444.local.list","21EF1A6A9139C9FD2A38E59AFB466F9A_2444",1)
264461 Stepping into the main SUMS wrapper program with []
.... building sandbox
Running: cp /star/data01/pwg/xiatong/AMPT/14GeV/data_1358541191.root /tmp/maxwoo/21EF1A6A9139C9FD2A38E59AFB466F9A_2444/INPUTFILES/data_1358541191.root
Running: cp /star/data01/pwg/xiatong/AMPT/14GeV/data_1358641141.root /tmp/maxwoo/21EF1A6A9139C9FD2A38E59AFB466F9A_2444/INPUTFILES/data_1358641141.root
Running: cp /star/data01/pwg/xiatong/AMPT/14GeV/data_1358641151.root /tmp/maxwoo/21EF1A6A9139C9FD2A38E59AFB466F9A_2444/INPUTFILES/data_1358641151.root
Running: cp /star/data01/pwg/xiatong/AMPT/14GeV/data_1358641161.root /tmp/maxwoo/21EF1A6A9139C9FD2A38E59AFB466F9A_2444/INPUTFILES/data_1358641161.root
Running: cp /star/data01/pwg/xiatong/AMPT/14GeV/data_1358641171.root /tmp/maxwoo/21EF1A6A9139C9FD2A38E59AFB466F9A_2444/INPUTFILES/data_1358641171.root
Running: cp /star/data01/pwg/xiatong/AMPT/14GeV/data_1358641181.root /tmp/maxwoo/21EF1A6A9139C9FD2A38E59AFB466F9A_2444/INPUTFILES/data_1358641181.root
Running: cp /star/data01/pwg/xiatong/AMPT/14GeV/data_1358741121.root /tmp/maxwoo/21EF1A6A9139C9FD2A38E59AFB466F9A_2444/INPUTFILES/data_1358741121.root
Running: cp /star/data01/pwg/xiatong/AMPT/14GeV/data_1358741131.root /tmp/maxwoo/21EF1A6A9139C9FD2A38E59AFB466F9A_2444/INPUTFILES/data_1358741131.root
Running: cp /star/data01/pwg/xiatong/AMPT/14GeV/data_1358841081.root /tmp/maxwoo/21EF1A6A9139C9FD2A38E59AFB466F9A_2444/INPUTFILES/data_1358841081.root
Running: cp /star/data01/pwg/xiatong/AMPT/14GeV/data_1358841091.root /tmp/maxwoo/21EF1A6A9139C9FD2A38E59AFB466F9A_2444/INPUTFILES/data_1358841091.root
Running: cp /star/data01/pwg/xiatong/AMPT/14GeV/data_1358841101.root /tmp/maxwoo/21EF1A6A9139C9FD2A38E59AFB466F9A_2444/INPUTFILES/data_1358841101.root
Running: cp /star/data01/pwg/xiatong/AMPT/14GeV/data_1358841111.root /tmp/maxwoo/21EF1A6A9139C9FD2A38E59AFB466F9A_2444/INPUTFILES/data_1358841111.root
Running: cp /star/data01/pwg/xiatong/AMPT/14GeV/data_1358841301.root /tmp/maxwoo/21EF1A6A9139C9FD2A38E59AFB466F9A_2444/INPUTFILES/data_1358841301.root
Running: cp /star/data01/pwg/xiatong/AMPT/14GeV/data_1359041061.root /tmp/maxwoo/21EF1A6A9139C9FD2A38E59AFB466F9A_2444/INPUTFILES/data_1359041061.root
Running: cp /star/data01/pwg/xiatong/AMPT/14GeV/data_1359041071.root /tmp/maxwoo/21EF1A6A9139C9FD2A38E59AFB466F9A_2444/INPUTFILES/data_1359041071.root
Running: cp /star/data01/pwg/xiatong/AMPT/14GeV/data_1359112371.root /tmp/maxwoo/21EF1A6A9139C9FD2A38E59AFB466F9A_2444/INPUTFILES/data_1359112371.root
Running: cp /star/data01/pwg/xiatong/AMPT/14GeV/data_1359112451.root /tmp/maxwoo/21EF1A6A9139C9FD2A38E59AFB466F9A_2444/INPUTFILES/data_1359112451.root
Running: cp /star/data01/pwg/xiatong/AMPT/14GeV/data_1359112921.root /tmp/maxwoo/21EF1A6A9139C9FD2A38E59AFB466F9A_2444/INPUTFILES/data_1359112921.root
Running: cp /star/data01/pwg/xiatong/AMPT/14GeV/data_1359119341.root /tmp/maxwoo/21EF1A6A9139C9FD2A38E59AFB466F9A_2444/INPUTFILES/data_1359119341.root
Running: cp /star/data01/pwg/xiatong/AMPT/14GeV/data_1359119351.root /tmp/maxwoo/21EF1A6A9139C9FD2A38E59AFB466F9A_2444/INPUTFILES/data_1359119351.root
Running: cp /star/data01/pwg/xiatong/AMPT/14GeV/data_1359119381.root /tmp/maxwoo/21EF1A6A9139C9FD2A38E59AFB466F9A_2444/INPUTFILES/data_1359119381.root
Running: cp /star/data01/pwg/xiatong/AMPT/14GeV/data_1359119391.root /tmp/maxwoo/21EF1A6A9139C9FD2A38E59AFB466F9A_2444/INPUTFILES/data_1359119391.root
Running: cp /star/data01/pwg/xiatong/AMPT/14GeV/data_1359119451.root /tmp/maxwoo/21EF1A6A9139C9FD2A38E59AFB466F9A_2444/INPUTFILES/data_1359119451.root
Running: cp /star/data01/pwg/xiatong/AMPT/14GeV/data_1359119461.root /tmp/maxwoo/21EF1A6A9139C9FD2A38E59AFB466F9A_2444/INPUTFILES/data_1359119461.root
Running: cp /star/data01/pwg/xiatong/AMPT/14GeV/data_1359119471.root /tmp/maxwoo/21EF1A6A9139C9FD2A38E59AFB466F9A_2444/INPUTFILES/data_1359119471.root
Running: cp /star/data01/pwg/xiatong/AMPT/14GeV/data_1359119501.root /tmp/maxwoo/21EF1A6A9139C9FD2A38E59AFB466F9A_2444/INPUTFILES/data_1359119501.root
Running: cp /star/data01/pwg/xiatong/AMPT/14GeV/data_1359119541.root /tmp/maxwoo/21EF1A6A9139C9FD2A38E59AFB466F9A_2444/INPUTFILES/data_1359119541.root
Running: cp /star/data01/pwg/xiatong/AMPT/14GeV/data_1359125401.root /tmp/maxwoo/21EF1A6A9139C9FD2A38E59AFB466F9A_2444/INPUTFILES/data_1359125401.root
Running: cp /star/data01/pwg/xiatong/AMPT/14GeV/data_1359140991.root /tmp/maxwoo/21EF1A6A9139C9FD2A38E59AFB466F9A_2444/INPUTFILES/data_1359140991.root
Running: cp /star/data01/pwg/xiatong/AMPT/14GeV/data_1359141011.root /tmp/maxwoo/21EF1A6A9139C9FD2A38E59AFB466F9A_2444/INPUTFILES/data_1359141011.root
Running: cp /star/data01/pwg/xiatong/AMPT/14GeV/data_1359141021.root /tmp/maxwoo/21EF1A6A9139C9FD2A38E59AFB466F9A_2444/INPUTFILES/data_1359141021.root
Running: cp /star/data01/pwg/xiatong/AMPT/14GeV/data_1359141031.root /tmp/maxwoo/21EF1A6A9139C9FD2A38E59AFB466F9A_2444/INPUTFILES/data_1359141031.root
Running: cp /star/data01/pwg/xiatong/AMPT/14GeV/data_1359141041.root /tmp/maxwoo/21EF1A6A9139C9FD2A38E59AFB466F9A_2444/INPUTFILES/data_1359141041.root
Running: cp /star/data01/pwg/xiatong/AMPT/14GeV/data_1359191441.root /tmp/maxwoo/21EF1A6A9139C9FD2A38E59AFB466F9A_2444/INPUTFILES/data_1359191441.root
Running: cp /star/data01/pwg/xiatong/AMPT/14GeV/data_1359193051.root /tmp/maxwoo/21EF1A6A9139C9FD2A38E59AFB466F9A_2444/INPUTFILES/data_1359193051.root
Running: cp /star/data01/pwg/xiatong/AMPT/14GeV/data_1359193061.root /tmp/maxwoo/21EF1A6A9139C9FD2A38E59AFB466F9A_2444/INPUTFILES/data_1359193061.root
Running: cp /star/data01/pwg/xiatong/AMPT/14GeV/data_1359193181.root /tmp/maxwoo/21EF1A6A9139C9FD2A38E59AFB466F9A_2444/INPUTFILES/data_1359193181.root
Swapping $FILELIST with: /tmp/maxwoo/21EF1A6A9139C9FD2A38E59AFB466F9A_2444/INPUTFILES/21EF1A6A9139C9FD2A38E59AFB466F9A_2444.local.list
+++++++++++local copy debug++++++++++++++++++++
newFileList: /tmp/maxwoo/21EF1A6A9139C9FD2A38E59AFB466F9A_2444/INPUTFILES/21EF1A6A9139C9FD2A38E59AFB466F9A_2444.local.list
++++++++++++++++cat FILELIST+++++++++++++++++++
/tmp/maxwoo/21EF1A6A9139C9FD2A38E59AFB466F9A_2444/INPUTFILES/data_1358541191.root 
/tmp/maxwoo/21EF1A6A9139C9FD2A38E59AFB466F9A_2444/INPUTFILES/data_1358641141.root 
/tmp/maxwoo/21EF1A6A9139C9FD2A38E59AFB466F9A_2444/INPUTFILES/data_1358641151.root 
/tmp/maxwoo/21EF1A6A9139C9FD2A38E59AFB466F9A_2444/INPUTFILES/data_1358641161.root 
/tmp/maxwoo/21EF1A6A9139C9FD2A38E59AFB466F9A_2444/INPUTFILES/data_1358641171.root 
/tmp/maxwoo/21EF1A6A9139C9FD2A38E59AFB466F9A_2444/INPUTFILES/data_1358641181.root 
/tmp/maxwoo/21EF1A6A9139C9FD2A38E59AFB466F9A_2444/INPUTFILES/data_1358741121.root 
/tmp/maxwoo/21EF1A6A9139C9FD2A38E59AFB466F9A_2444/INPUTFILES/data_1358741131.root 
/tmp/maxwoo/21EF1A6A9139C9FD2A38E59AFB466F9A_2444/INPUTFILES/data_1358841081.root 
/tmp/maxwoo/21EF1A6A9139C9FD2A38E59AFB466F9A_2444/INPUTFILES/data_1358841091.root 
/tmp/maxwoo/21EF1A6A9139C9FD2A38E59AFB466F9A_2444/INPUTFILES/data_1358841101.root 
/tmp/maxwoo/21EF1A6A9139C9FD2A38E59AFB466F9A_2444/INPUTFILES/data_1358841111.root 
/tmp/maxwoo/21EF1A6A9139C9FD2A38E59AFB466F9A_2444/INPUTFILES/data_1358841301.root 
/tmp/maxwoo/21EF1A6A9139C9FD2A38E59AFB466F9A_2444/INPUTFILES/data_1359041061.root 
/tmp/maxwoo/21EF1A6A9139C9FD2A38E59AFB466F9A_2444/INPUTFILES/data_1359041071.root 
/tmp/maxwoo/21EF1A6A9139C9FD2A38E59AFB466F9A_2444/INPUTFILES/data_1359112371.root 
/tmp/maxwoo/21EF1A6A9139C9FD2A38E59AFB466F9A_2444/INPUTFILES/data_1359112451.root 
/tmp/maxwoo/21EF1A6A9139C9FD2A38E59AFB466F9A_2444/INPUTFILES/data_1359112921.root 
/tmp/maxwoo/21EF1A6A9139C9FD2A38E59AFB466F9A_2444/INPUTFILES/data_1359119341.root 
/tmp/maxwoo/21EF1A6A9139C9FD2A38E59AFB466F9A_2444/INPUTFILES/data_1359119351.root 
/tmp/maxwoo/21EF1A6A9139C9FD2A38E59AFB466F9A_2444/INPUTFILES/data_1359119381.root 
/tmp/maxwoo/21EF1A6A9139C9FD2A38E59AFB466F9A_2444/INPUTFILES/data_1359119391.root 
/tmp/maxwoo/21EF1A6A9139C9FD2A38E59AFB466F9A_2444/INPUTFILES/data_1359119451.root 
/tmp/maxwoo/21EF1A6A9139C9FD2A38E59AFB466F9A_2444/INPUTFILES/data_1359119461.root 
/tmp/maxwoo/21EF1A6A9139C9FD2A38E59AFB466F9A_2444/INPUTFILES/data_1359119471.root 
/tmp/maxwoo/21EF1A6A9139C9FD2A38E59AFB466F9A_2444/INPUTFILES/data_1359119501.root 
/tmp/maxwoo/21EF1A6A9139C9FD2A38E59AFB466F9A_2444/INPUTFILES/data_1359119541.root 
/tmp/maxwoo/21EF1A6A9139C9FD2A38E59AFB466F9A_2444/INPUTFILES/data_1359125401.root 
/tmp/maxwoo/21EF1A6A9139C9FD2A38E59AFB466F9A_2444/INPUTFILES/data_1359140991.root 
/tmp/maxwoo/21EF1A6A9139C9FD2A38E59AFB466F9A_2444/INPUTFILES/data_1359141011.root 
/tmp/maxwoo/21EF1A6A9139C9FD2A38E59AFB466F9A_2444/INPUTFILES/data_1359141021.root 
/tmp/maxwoo/21EF1A6A9139C9FD2A38E59AFB466F9A_2444/INPUTFILES/data_1359141031.root 
/tmp/maxwoo/21EF1A6A9139C9FD2A38E59AFB466F9A_2444/INPUTFILES/data_1359141041.root 
/tmp/maxwoo/21EF1A6A9139C9FD2A38E59AFB466F9A_2444/INPUTFILES/data_1359191441.root 
/tmp/maxwoo/21EF1A6A9139C9FD2A38E59AFB466F9A_2444/INPUTFILES/data_1359193051.root 
/tmp/maxwoo/21EF1A6A9139C9FD2A38E59AFB466F9A_2444/INPUTFILES/data_1359193061.root 
/tmp/maxwoo/21EF1A6A9139C9FD2A38E59AFB466F9A_2444/INPUTFILES/data_1359193181.root 
++++++++++++++++++++find.++++++++++++++++++++++
.
./INPUTFILES
./INPUTFILES/data_1359193181.root
./INPUTFILES/data_1359141041.root
./INPUTFILES/data_1359125401.root
./INPUTFILES/data_1358741131.root
./INPUTFILES/data_1358641141.root
./INPUTFILES/data_1359119341.root
./INPUTFILES/data_1358641181.root
./INPUTFILES/data_1359112921.root
./INPUTFILES/data_1358841111.root
./INPUTFILES/data_1359119391.root
./INPUTFILES/data_1359119381.root
./INPUTFILES/data_1359141021.root
./INPUTFILES/data_1359191441.root
./INPUTFILES/data_1359141011.root
./INPUTFILES/data_1359119471.root
./INPUTFILES/data_1358541191.root
./INPUTFILES/data_1359041071.root
./INPUTFILES/data_1359112371.root
./INPUTFILES/data_1358841091.root
./INPUTFILES/data_1359193061.root
./INPUTFILES/data_1359041061.root
./INPUTFILES/data_1358641161.root
./INPUTFILES/data_1359119451.root
./INPUTFILES/data_1358841301.root
./INPUTFILES/data_1359141031.root
./INPUTFILES/21EF1A6A9139C9FD2A38E59AFB466F9A_2444.local.list
./INPUTFILES/data_1359193051.root
./INPUTFILES/data_1359140991.root
./INPUTFILES/data_1358641171.root
./INPUTFILES/data_1358841101.root
./INPUTFILES/data_1358641151.root
./INPUTFILES/data_1359112451.root
./INPUTFILES/data_1359119541.root
./INPUTFILES/data_1358841081.root
./INPUTFILES/data_1359119461.root
./INPUTFILES/data_1358741121.root
./INPUTFILES/data_1359119501.root
./INPUTFILES/data_1359119351.root
./Check_Sness.C
./lib
./lib/MixedBuffer_cpp.so
./lib/my_particle.cpp
./lib/CenMaker_cpp.so
./lib/NpartNormalizer_cpp.so
./lib/MixedBuffer_cpp_ACLiC_dict_rdict.pcm
./lib/my_event_cpp.d
./lib/CenMaker.cpp
./lib/my_event.cpp
./lib/NpartNormalizer.cpp
./lib/my_particle_cpp.so
./lib/NpartNormalizer_cpp_ACLiC_dict_rdict.pcm
./lib/CenMaker.h
./lib/my_event_cpp.so
./lib/NpartNormalizer_cpp.d
./lib/my_particle.h
./lib/CenMaker_cpp_ACLiC_dict_rdict.pcm
./lib/my_particle_cpp.d
./lib/MixedBuffer.h
./lib/my_event.h
./lib/NpartNormalizer.h
./lib/my_event_cpp_ACLiC_dict_rdict.pcm
./lib/MixedBuffer.cpp
./lib/MixedBuffer_cpp.d
./lib/CenMaker_cpp.d
./lib/my_particle_cpp_ACLiC_dict_rdict.pcm
./.output.log
./check_S.C
./.sandboxFiles
./.errror.log
++++++++++++++++INPUTFILE Var++++++++++++++++++
FILELIST=/tmp/maxwoo/21EF1A6A9139C9FD2A38E59AFB466F9A_2444/INPUTFILES/21EF1A6A9139C9FD2A38E59AFB466F9A_2444.local.list
INPUTFILECOUNT=37
INPUTFILE0=/tmp/maxwoo/21EF1A6A9139C9FD2A38E59AFB466F9A_2444/INPUTFILES/data_1358541191.root
INPUTFILE1=/tmp/maxwoo/21EF1A6A9139C9FD2A38E59AFB466F9A_2444/INPUTFILES/data_1358641141.root
INPUTFILE2=/tmp/maxwoo/21EF1A6A9139C9FD2A38E59AFB466F9A_2444/INPUTFILES/data_1358641151.root
INPUTFILE3=/tmp/maxwoo/21EF1A6A9139C9FD2A38E59AFB466F9A_2444/INPUTFILES/data_1358641161.root
INPUTFILE4=/tmp/maxwoo/21EF1A6A9139C9FD2A38E59AFB466F9A_2444/INPUTFILES/data_1358641171.root
INPUTFILE5=/tmp/maxwoo/21EF1A6A9139C9FD2A38E59AFB466F9A_2444/INPUTFILES/data_1358641181.root
INPUTFILE6=/tmp/maxwoo/21EF1A6A9139C9FD2A38E59AFB466F9A_2444/INPUTFILES/data_1358741121.root
INPUTFILE7=/tmp/maxwoo/21EF1A6A9139C9FD2A38E59AFB466F9A_2444/INPUTFILES/data_1358741131.root
INPUTFILE8=/tmp/maxwoo/21EF1A6A9139C9FD2A38E59AFB466F9A_2444/INPUTFILES/data_1358841081.root
INPUTFILE9=/tmp/maxwoo/21EF1A6A9139C9FD2A38E59AFB466F9A_2444/INPUTFILES/data_1358841091.root
INPUTFILE10=/tmp/maxwoo/21EF1A6A9139C9FD2A38E59AFB466F9A_2444/INPUTFILES/data_1358841101.root
INPUTFILE11=/tmp/maxwoo/21EF1A6A9139C9FD2A38E59AFB466F9A_2444/INPUTFILES/data_1358841111.root
INPUTFILE12=/tmp/maxwoo/21EF1A6A9139C9FD2A38E59AFB466F9A_2444/INPUTFILES/data_1358841301.root
INPUTFILE13=/tmp/maxwoo/21EF1A6A9139C9FD2A38E59AFB466F9A_2444/INPUTFILES/data_1359041061.root
INPUTFILE14=/tmp/maxwoo/21EF1A6A9139C9FD2A38E59AFB466F9A_2444/INPUTFILES/data_1359041071.root
INPUTFILE15=/tmp/maxwoo/21EF1A6A9139C9FD2A38E59AFB466F9A_2444/INPUTFILES/data_1359112371.root
INPUTFILE16=/tmp/maxwoo/21EF1A6A9139C9FD2A38E59AFB466F9A_2444/INPUTFILES/data_1359112451.root
INPUTFILE17=/tmp/maxwoo/21EF1A6A9139C9FD2A38E59AFB466F9A_2444/INPUTFILES/data_1359112921.root
INPUTFILE18=/tmp/maxwoo/21EF1A6A9139C9FD2A38E59AFB466F9A_2444/INPUTFILES/data_1359119341.root
INPUTFILE19=/tmp/maxwoo/21EF1A6A9139C9FD2A38E59AFB466F9A_2444/INPUTFILES/data_1359119351.root
INPUTFILE20=/tmp/maxwoo/21EF1A6A9139C9FD2A38E59AFB466F9A_2444/INPUTFILES/data_1359119381.root
INPUTFILE21=/tmp/maxwoo/21EF1A6A9139C9FD2A38E59AFB466F9A_2444/INPUTFILES/data_1359119391.root
INPUTFILE22=/tmp/maxwoo/21EF1A6A9139C9FD2A38E59AFB466F9A_2444/INPUTFILES/data_1359119451.root
INPUTFILE23=/tmp/maxwoo/21EF1A6A9139C9FD2A38E59AFB466F9A_2444/INPUTFILES/data_1359119461.root
INPUTFILE24=/tmp/maxwoo/21EF1A6A9139C9FD2A38E59AFB466F9A_2444/INPUTFILES/data_1359119471.root
INPUTFILE25=/tmp/maxwoo/21EF1A6A9139C9FD2A38E59AFB466F9A_2444/INPUTFILES/data_1359119501.root
INPUTFILE26=/tmp/maxwoo/21EF1A6A9139C9FD2A38E59AFB466F9A_2444/INPUTFILES/data_1359119541.root
INPUTFILE27=/tmp/maxwoo/21EF1A6A9139C9FD2A38E59AFB466F9A_2444/INPUTFILES/data_1359125401.root
INPUTFILE28=/tmp/maxwoo/21EF1A6A9139C9FD2A38E59AFB466F9A_2444/INPUTFILES/data_1359140991.root
INPUTFILE29=/tmp/maxwoo/21EF1A6A9139C9FD2A38E59AFB466F9A_2444/INPUTFILES/data_1359141011.root
INPUTFILE30=/tmp/maxwoo/21EF1A6A9139C9FD2A38E59AFB466F9A_2444/INPUTFILES/data_1359141021.root
INPUTFILE31=/tmp/maxwoo/21EF1A6A9139C9FD2A38E59AFB466F9A_2444/INPUTFILES/data_1359141031.root
INPUTFILE32=/tmp/maxwoo/21EF1A6A9139C9FD2A38E59AFB466F9A_2444/INPUTFILES/data_1359141041.root
INPUTFILE33=/tmp/maxwoo/21EF1A6A9139C9FD2A38E59AFB466F9A_2444/INPUTFILES/data_1359191441.root
INPUTFILE34=/tmp/maxwoo/21EF1A6A9139C9FD2A38E59AFB466F9A_2444/INPUTFILES/data_1359193051.root
INPUTFILE35=/tmp/maxwoo/21EF1A6A9139C9FD2A38E59AFB466F9A_2444/INPUTFILES/data_1359193061.root
INPUTFILE36=/tmp/maxwoo/21EF1A6A9139C9FD2A38E59AFB466F9A_2444/INPUTFILES/data_1359193181.root
LocalInputFileDir=/tmp/maxwoo/21EF1A6A9139C9FD2A38E59AFB466F9A_2444/INPUTFILES
NewFILELIST=/tmp/maxwoo/21EF1A6A9139C9FD2A38E59AFB466F9A_2444/INPUTFILES/21EF1A6A9139C9FD2A38E59AFB466F9A_2444.local.list
+++++++++++++++++++++++++++++++++++++++++++++++
--------------------------------
Simple Unified Meta Scheduler 1.10.50 we are starting in $SCRATCH : /home/tmp/maxwoo/21EF1A6A9139C9FD2A38E59AFB466F9A_2444
--------------------------------
total 16
lrwxrwxrwx 1 maxwoo rhstar   61 Jun  2 10:58 check_S.C -> /gpfs/mnt/gpfs01/star/pwg/xiatong/git/strangeness/./check_S.C
lrwxrwxrwx 1 maxwoo rhstar   65 Jun  2 10:58 Check_Sness.C -> /gpfs/mnt/gpfs01/star/pwg/xiatong/git/strangeness/./Check_Sness.C
drwxr-xr-x 2 maxwoo rhstar 4096 Jun  2 11:01 INPUTFILES
drwxr-xr-x 2 maxwoo rhstar 4096 Jun  2 10:58 lib
  *******************************************
  *                                         *
  *        W E L C O M E  to  R O O T       *
  *                                         *
  *   Version   5.34/38     12 March 2018   *
  *                                         *
  *  You are welcome to visit our Web site  *
  *          http://root.cern.ch            *
  *                                         *
  *******************************************

ROOT 5.34/38 (v5-34-38@v5-34-38, Mar 12 2018, 15:49:39 on linux)

CINT/ROOT C/C++ Interpreter version 5.18.00, July 2, 2010
Type ? for help. Commands must be C++ statements.
Enclose multiple statements between { }.
*** Float Point Exception is OFF ***
 *** Start at Date : Thu Jun  2 11:01:34 2022
QAInfo:You are using STAR_LEVEL : dev, ROOT_LEVEL : 5.34.38 and node : spool0118.sdcc.bnl.gov 

Processing check_S.C++("/tmp/maxwoo/21EF1A6A9139C9FD2A38E59AFB466F9A_2444/INPUTFILES/21EF1A6A9139C9FD2A38E59AFB466F9A_2444.local.list","21EF1A6A9139C9FD2A38E59AFB466F9A_2444",1)...
/tmp/maxwoo/21EF1A6A9139C9FD2A38E59AFB466F9A_2444/INPUTFILES/data_1358541191.root 
/tmp/maxwoo/21EF1A6A9139C9FD2A38E59AFB466F9A_2444/INPUTFILES/data_1358641141.root 
/tmp/maxwoo/21EF1A6A9139C9FD2A38E59AFB466F9A_2444/INPUTFILES/data_1358641151.root 
/tmp/maxwoo/21EF1A6A9139C9FD2A38E59AFB466F9A_2444/INPUTFILES/data_1358641161.root 
/tmp/maxwoo/21EF1A6A9139C9FD2A38E59AFB466F9A_2444/INPUTFILES/data_1358641171.root 
/tmp/maxwoo/21EF1A6A9139C9FD2A38E59AFB466F9A_2444/INPUTFILES/data_1358641181.root 
/tmp/maxwoo/21EF1A6A9139C9FD2A38E59AFB466F9A_2444/INPUTFILES/data_1358741121.root 
/tmp/maxwoo/21EF1A6A9139C9FD2A38E59AFB466F9A_2444/INPUTFILES/data_1358741131.root 
/tmp/maxwoo/21EF1A6A9139C9FD2A38E59AFB466F9A_2444/INPUTFILES/data_1358841081.root 
/tmp/maxwoo/21EF1A6A9139C9FD2A38E59AFB466F9A_2444/INPUTFILES/data_1358841091.root 
/tmp/maxwoo/21EF1A6A9139C9FD2A38E59AFB466F9A_2444/INPUTFILES/data_1358841101.root 
/tmp/maxwoo/21EF1A6A9139C9FD2A38E59AFB466F9A_2444/INPUTFILES/data_1358841111.root 
/tmp/maxwoo/21EF1A6A9139C9FD2A38E59AFB466F9A_2444/INPUTFILES/data_1358841301.root 
/tmp/maxwoo/21EF1A6A9139C9FD2A38E59AFB466F9A_2444/INPUTFILES/data_1359041061.root 
/tmp/maxwoo/21EF1A6A9139C9FD2A38E59AFB466F9A_2444/INPUTFILES/data_1359041071.root 
/tmp/maxwoo/21EF1A6A9139C9FD2A38E59AFB466F9A_2444/INPUTFILES/data_1359112371.root 
/tmp/maxwoo/21EF1A6A9139C9FD2A38E59AFB466F9A_2444/INPUTFILES/data_1359112451.root 
/tmp/maxwoo/21EF1A6A9139C9FD2A38E59AFB466F9A_2444/INPUTFILES/data_1359112921.root 
/tmp/maxwoo/21EF1A6A9139C9FD2A38E59AFB466F9A_2444/INPUTFILES/data_1359119341.root 
/tmp/maxwoo/21EF1A6A9139C9FD2A38E59AFB466F9A_2444/INPUTFILES/data_1359119351.root 
/tmp/maxwoo/21EF1A6A9139C9FD2A38E59AFB466F9A_2444/INPUTFILES/data_1359119381.root 
/tmp/maxwoo/21EF1A6A9139C9FD2A38E59AFB466F9A_2444/INPUTFILES/data_1359119391.root 
/tmp/maxwoo/21EF1A6A9139C9FD2A38E59AFB466F9A_2444/INPUTFILES/data_1359119451.root 
/tmp/maxwoo/21EF1A6A9139C9FD2A38E59AFB466F9A_2444/INPUTFILES/data_1359119461.root 
/tmp/maxwoo/21EF1A6A9139C9FD2A38E59AFB466F9A_2444/INPUTFILES/data_1359119471.root 
/tmp/maxwoo/21EF1A6A9139C9FD2A38E59AFB466F9A_2444/INPUTFILES/data_1359119501.root 
/tmp/maxwoo/21EF1A6A9139C9FD2A38E59AFB466F9A_2444/INPUTFILES/data_1359119541.root 
/tmp/maxwoo/21EF1A6A9139C9FD2A38E59AFB466F9A_2444/INPUTFILES/data_1359125401.root 
/tmp/maxwoo/21EF1A6A9139C9FD2A38E59AFB466F9A_2444/INPUTFILES/data_1359140991.root 
/tmp/maxwoo/21EF1A6A9139C9FD2A38E59AFB466F9A_2444/INPUTFILES/data_1359141011.root 
/tmp/maxwoo/21EF1A6A9139C9FD2A38E59AFB466F9A_2444/INPUTFILES/data_1359141021.root 
/tmp/maxwoo/21EF1A6A9139C9FD2A38E59AFB466F9A_2444/INPUTFILES/data_1359141031.root 
/tmp/maxwoo/21EF1A6A9139C9FD2A38E59AFB466F9A_2444/INPUTFILES/data_1359141041.root 
/tmp/maxwoo/21EF1A6A9139C9FD2A38E59AFB466F9A_2444/INPUTFILES/data_1359191441.root 
/tmp/maxwoo/21EF1A6A9139C9FD2A38E59AFB466F9A_2444/INPUTFILES/data_1359193051.root 
/tmp/maxwoo/21EF1A6A9139C9FD2A38E59AFB466F9A_2444/INPUTFILES/data_1359193061.root 
/tmp/maxwoo/21EF1A6A9139C9FD2A38E59AFB466F9A_2444/INPUTFILES/data_1359193181.root 
Added 37 files
# entries in chain: 37000
Processing entry == 1000 == out of 37000.
Processing entry == 2000 == out of 37000.
Processing entry == 3000 == out of 37000.
Processing entry == 4000 == out of 37000.
Processing entry == 5000 == out of 37000.
Processing entry == 6000 == out of 37000.
Processing entry == 7000 == out of 37000.
Processing entry == 8000 == out of 37000.
Processing entry == 9000 == out of 37000.
Processing entry == 10000 == out of 37000.
Processing entry == 11000 == out of 37000.
Processing entry == 12000 == out of 37000.
Processing entry == 13000 == out of 37000.
Processing entry == 14000 == out of 37000.
Processing entry == 15000 == out of 37000.
Processing entry == 16000 == out of 37000.
Processing entry == 17000 == out of 37000.
Processing entry == 18000 == out of 37000.
Processing entry == 19000 == out of 37000.
Processing entry == 20000 == out of 37000.
Processing entry == 21000 == out of 37000.
Processing entry == 22000 == out of 37000.
Processing entry == 23000 == out of 37000.
Processing entry == 24000 == out of 37000.
Processing entry == 25000 == out of 37000.
Processing entry == 26000 == out of 37000.
Processing entry == 27000 == out of 37000.
Processing entry == 28000 == out of 37000.
Processing entry == 29000 == out of 37000.
Processing entry == 30000 == out of 37000.
Processing entry == 31000 == out of 37000.
Processing entry == 32000 == out of 37000.
Processing entry == 33000 == out of 37000.
Processing entry == 34000 == out of 37000.
Processing entry == 35000 == out of 37000.
Processing entry == 36000 == out of 37000.
Processing entry == 37000 == out of 37000.

This is the end of ROOT -- Goodbye

Cleaning up sandbox file:  /tmp/maxwoo/21EF1A6A9139C9FD2A38E59AFB466F9A_2444/check_S.C
Cleaning up sandbox file:  /tmp/maxwoo/21EF1A6A9139C9FD2A38E59AFB466F9A_2444/Check_Sness.C
Cleaning up sandbox file:  /tmp/maxwoo/21EF1A6A9139C9FD2A38E59AFB466F9A_2444/lib
Cleaning up sandbox file:  /tmp/maxwoo/21EF1A6A9139C9FD2A38E59AFB466F9A_2444/.sandboxFiles
Starting copy block
Running copy command:  /bin/cp -fp /tmp/maxwoo/21EF1A6A9139C9FD2A38E59AFB466F9A_2444/out_21EF1A6A9139C9FD2A38E59AFB466F9A_2444.root /star/data01/pwg/xiatong/git/strangeness/data/
263172 Execution of (/star/data01/pwg/xiatong/git/strangeness/script/sched21EF1A6A9139C9FD2A38E59AFB466F9A_2444.csh ) has ended, exiting normally
263172 We END on [Thu Jun  2 11:22:37 EDT 2022]
