We are starting on node: rcas2918.rcf.bnl.gov
HOME is not defined
Using getent method
HOME is now /star/u/maxwoo
26587 We will spawn ourselves (/star/data01/pwg/xiatong/git/strangeness/script/sched21EF1A6A9139C9FD2A38E59AFB466F9A_1342.csh )
26587 We BEGIN on [Thu Jun  2 11:19:25 EDT 2022]
[1] 26800
26587 We are waiting for 26800 
26587 Grandchild PID is 27103 - found in 10 x 1 seconds
26587 Establishing first watcher   on    Thu Jun  2 11:19:36 EDT 2022
26587 Process tree is 26587 (main) -> 26800 (child) -> 27103 (grandchild)
F S   UID   PID  PPID  C PRI  NI ADDR SZ WCHAN  TTY        TIME CMD
0 D 100667 27103 26800  0 80   0 - 32311 cxiWai ?          0:00 cp /star/data01/pwg/xiatong/AMPT/14GeV/data_448113981.root /tmp/maxwoo/21EF1A6A9139C9FD2A38E59AFB466F9A_1342/INPUTFILES/data_448113981.root
26587 Grandchild PID is 29016 - found in 20 x 2 seconds
26587 Grandchild to watch has changed on Thu Jun  2 11:19:57 EDT 2022
26587 Process tree is 26587 (main) -> 26800 (child) -> 29016 (grandchild)
F S   UID   PID  PPID  C PRI  NI ADDR SZ WCHAN  TTY        TIME CMD
0 D 100667 29016 26800  0 80   0 - 32311 cxiWai ?          0:00 cp /star/data01/pwg/xiatong/AMPT/14GeV/data_448142331.root /tmp/maxwoo/21EF1A6A9139C9FD2A38E59AFB466F9A_1342/INPUTFILES/data_448142331.root
26587 Grandchild PID is 29821 - found in 30 x 2 seconds
26587 Grandchild to watch has changed on Thu Jun  2 11:20:18 EDT 2022
26587 Process tree is 26587 (main) -> 26800 (child) -> 29821 (grandchild)
F S   UID   PID  PPID  C PRI  NI ADDR SZ WCHAN  TTY        TIME CMD
0 D 100667 29821 26800  0 80   0 - 32311 cxiWai ?          0:00 cp /star/data01/pwg/xiatong/AMPT/14GeV/data_448151921.root /tmp/maxwoo/21EF1A6A9139C9FD2A38E59AFB466F9A_1342/INPUTFILES/data_448151921.root
26587 Grandchild PID is 30689 - found in 40 x 2 seconds
26587 Grandchild to watch has changed on Thu Jun  2 11:20:39 EDT 2022
26587 Process tree is 26587 (main) -> 26800 (child) -> 30689 (grandchild)
F S   UID   PID  PPID  C PRI  NI ADDR SZ WCHAN  TTY        TIME CMD
0 D 100667 30689 26800  0 80   0 - 32311 cxiWai ?          0:00 cp /star/data01/pwg/xiatong/AMPT/14GeV/data_448151941.root /tmp/maxwoo/21EF1A6A9139C9FD2A38E59AFB466F9A_1342/INPUTFILES/data_448151941.root
26587 Grandchild PID is 32795 - found in 50 x 2 seconds
26587 Grandchild to watch has changed on Thu Jun  2 11:21:00 EDT 2022
26587 Process tree is 26587 (main) -> 26800 (child) -> 32795 (grandchild)
F S   UID   PID  PPID  C PRI  NI ADDR SZ WCHAN  TTY        TIME CMD
0 D 100667 32795 26800  0 80   0 - 32311 cxiWai ?          0:00 cp /star/data01/pwg/xiatong/AMPT/14GeV/data_448152011.root /tmp/maxwoo/21EF1A6A9139C9FD2A38E59AFB466F9A_1342/INPUTFILES/data_448152011.root
26587 Grandchild PID is 33243 - found in 60 x 2 seconds
26587 Grandchild to watch has changed on Thu Jun  2 11:21:20 EDT 2022
26587 Process tree is 26587 (main) -> 26800 (child) -> 33243 (grandchild)
F S   UID   PID  PPID  C PRI  NI ADDR SZ WCHAN  TTY        TIME CMD
0 D 100667 33243 26800  0 80   0 - 32311 cxiWai ?          0:00 cp /star/data01/pwg/xiatong/AMPT/14GeV/data_448152101.root /tmp/maxwoo/21EF1A6A9139C9FD2A38E59AFB466F9A_1342/INPUTFILES/data_448152101.root
26587 Grandchild PID is 34885 - found in 70 x 2 seconds
26587 Grandchild to watch has changed on Thu Jun  2 11:21:41 EDT 2022
26587 Process tree is 26587 (main) -> 26800 (child) -> 34885 (grandchild)
F S   UID   PID  PPID  C PRI  NI ADDR SZ WCHAN  TTY        TIME CMD
0 D 100667 34885 26800  0 80   0 - 32311 cxiWai ?          0:00 cp /star/data01/pwg/xiatong/AMPT/14GeV/data_448152151.root /tmp/maxwoo/21EF1A6A9139C9FD2A38E59AFB466F9A_1342/INPUTFILES/data_448152151.root
26587 Grandchild PID is 36291 - found in 80 x 2 seconds
26587 Grandchild to watch has changed on Thu Jun  2 11:22:02 EDT 2022
26587 Process tree is 26587 (main) -> 26800 (child) -> 36291 (grandchild)
F S   UID   PID  PPID  C PRI  NI ADDR SZ WCHAN  TTY        TIME CMD
0 D 100667 36291 26800  0 80   0 - 32311 cxiWai ?          0:00 cp /star/data01/pwg/xiatong/AMPT/14GeV/data_448152281.root /tmp/maxwoo/21EF1A6A9139C9FD2A38E59AFB466F9A_1342/INPUTFILES/data_448152281.root
26587 Grandchild PID is 36928 - found in 90 x 2 seconds
26587 Grandchild to watch has changed on Thu Jun  2 11:22:23 EDT 2022
26587 Process tree is 26587 (main) -> 26800 (child) -> 36928 (grandchild)
F S   UID   PID  PPID  C PRI  NI ADDR SZ WCHAN  TTY        TIME CMD
0 D 100667 36928 26800  0 80   0 - 32311 cxiWai ?          0:00 cp /star/data01/pwg/xiatong/AMPT/14GeV/data_448153041.root /tmp/maxwoo/21EF1A6A9139C9FD2A38E59AFB466F9A_1342/INPUTFILES/data_448153041.root
26587 Grandchild PID is 38675 - found in 100 x 2 seconds
26587 Grandchild to watch has changed on Thu Jun  2 11:22:44 EDT 2022
26587 Process tree is 26587 (main) -> 26800 (child) -> 38675 (grandchild)
F S   UID   PID  PPID  C PRI  NI ADDR SZ WCHAN  TTY        TIME CMD
0 D 100667 38675 26800  0 80   0 - 32311 cxiWai ?          0:00 cp /star/data01/pwg/xiatong/AMPT/14GeV/data_448175451.root /tmp/maxwoo/21EF1A6A9139C9FD2A38E59AFB466F9A_1342/INPUTFILES/data_448175451.root
26587 Grandchild PID is 41113 - found in 120 x 2 seconds
26587 Grandchild to watch has changed on Thu Jun  2 11:23:26 EDT 2022
26587 Process tree is 26587 (main) -> 26800 (child) -> 41113 (grandchild)
F S   UID   PID  PPID  C PRI  NI ADDR SZ WCHAN  TTY        TIME CMD
0 S 100667 41113 26800  0 80   0 -  1272 do_wai ?          0:00 root -b -q check_S.C++("/tmp/maxwoo/21EF1A6A9139C9FD2A38E59AFB466F9A_1342/INPUTFILES/21EF1A6A9139C9FD2A38E59AFB466F9A_1342.local.list","21EF1A6A9139C9FD2A38E59AFB466F9A_1342",1)
26800 Stepping into the main SUMS wrapper program with []
.... building sandbox
Running: cp /star/data01/pwg/xiatong/AMPT/14GeV/data_448078071.root /tmp/maxwoo/21EF1A6A9139C9FD2A38E59AFB466F9A_1342/INPUTFILES/data_448078071.root
Running: cp /star/data01/pwg/xiatong/AMPT/14GeV/data_448083651.root /tmp/maxwoo/21EF1A6A9139C9FD2A38E59AFB466F9A_1342/INPUTFILES/data_448083651.root
Running: cp /star/data01/pwg/xiatong/AMPT/14GeV/data_448108601.root /tmp/maxwoo/21EF1A6A9139C9FD2A38E59AFB466F9A_1342/INPUTFILES/data_448108601.root
Running: cp /star/data01/pwg/xiatong/AMPT/14GeV/data_448110191.root /tmp/maxwoo/21EF1A6A9139C9FD2A38E59AFB466F9A_1342/INPUTFILES/data_448110191.root
Running: cp /star/data01/pwg/xiatong/AMPT/14GeV/data_448113971.root /tmp/maxwoo/21EF1A6A9139C9FD2A38E59AFB466F9A_1342/INPUTFILES/data_448113971.root
Running: cp /star/data01/pwg/xiatong/AMPT/14GeV/data_448113981.root /tmp/maxwoo/21EF1A6A9139C9FD2A38E59AFB466F9A_1342/INPUTFILES/data_448113981.root
Running: cp /star/data01/pwg/xiatong/AMPT/14GeV/data_448113991.root /tmp/maxwoo/21EF1A6A9139C9FD2A38E59AFB466F9A_1342/INPUTFILES/data_448113991.root
Running: cp /star/data01/pwg/xiatong/AMPT/14GeV/data_448117101.root /tmp/maxwoo/21EF1A6A9139C9FD2A38E59AFB466F9A_1342/INPUTFILES/data_448117101.root
Running: cp /star/data01/pwg/xiatong/AMPT/14GeV/data_448124461.root /tmp/maxwoo/21EF1A6A9139C9FD2A38E59AFB466F9A_1342/INPUTFILES/data_448124461.root
Running: cp /star/data01/pwg/xiatong/AMPT/14GeV/data_448129291.root /tmp/maxwoo/21EF1A6A9139C9FD2A38E59AFB466F9A_1342/INPUTFILES/data_448129291.root
Running: cp /star/data01/pwg/xiatong/AMPT/14GeV/data_448131271.root /tmp/maxwoo/21EF1A6A9139C9FD2A38E59AFB466F9A_1342/INPUTFILES/data_448131271.root
Running: cp /star/data01/pwg/xiatong/AMPT/14GeV/data_448134241.root /tmp/maxwoo/21EF1A6A9139C9FD2A38E59AFB466F9A_1342/INPUTFILES/data_448134241.root
Running: cp /star/data01/pwg/xiatong/AMPT/14GeV/data_448134261.root /tmp/maxwoo/21EF1A6A9139C9FD2A38E59AFB466F9A_1342/INPUTFILES/data_448134261.root
Running: cp /star/data01/pwg/xiatong/AMPT/14GeV/data_448136581.root /tmp/maxwoo/21EF1A6A9139C9FD2A38E59AFB466F9A_1342/INPUTFILES/data_448136581.root
Running: cp /star/data01/pwg/xiatong/AMPT/14GeV/data_448142331.root /tmp/maxwoo/21EF1A6A9139C9FD2A38E59AFB466F9A_1342/INPUTFILES/data_448142331.root
Running: cp /star/data01/pwg/xiatong/AMPT/14GeV/data_448142341.root /tmp/maxwoo/21EF1A6A9139C9FD2A38E59AFB466F9A_1342/INPUTFILES/data_448142341.root
Running: cp /star/data01/pwg/xiatong/AMPT/14GeV/data_448151921.root /tmp/maxwoo/21EF1A6A9139C9FD2A38E59AFB466F9A_1342/INPUTFILES/data_448151921.root
Running: cp /star/data01/pwg/xiatong/AMPT/14GeV/data_448151941.root /tmp/maxwoo/21EF1A6A9139C9FD2A38E59AFB466F9A_1342/INPUTFILES/data_448151941.root
Running: cp /star/data01/pwg/xiatong/AMPT/14GeV/data_448151961.root /tmp/maxwoo/21EF1A6A9139C9FD2A38E59AFB466F9A_1342/INPUTFILES/data_448151961.root
Running: cp /star/data01/pwg/xiatong/AMPT/14GeV/data_448151971.root /tmp/maxwoo/21EF1A6A9139C9FD2A38E59AFB466F9A_1342/INPUTFILES/data_448151971.root
Running: cp /star/data01/pwg/xiatong/AMPT/14GeV/data_448152001.root /tmp/maxwoo/21EF1A6A9139C9FD2A38E59AFB466F9A_1342/INPUTFILES/data_448152001.root
Running: cp /star/data01/pwg/xiatong/AMPT/14GeV/data_448152011.root /tmp/maxwoo/21EF1A6A9139C9FD2A38E59AFB466F9A_1342/INPUTFILES/data_448152011.root
Running: cp /star/data01/pwg/xiatong/AMPT/14GeV/data_448152051.root /tmp/maxwoo/21EF1A6A9139C9FD2A38E59AFB466F9A_1342/INPUTFILES/data_448152051.root
Running: cp /star/data01/pwg/xiatong/AMPT/14GeV/data_448152081.root /tmp/maxwoo/21EF1A6A9139C9FD2A38E59AFB466F9A_1342/INPUTFILES/data_448152081.root
Running: cp /star/data01/pwg/xiatong/AMPT/14GeV/data_448152101.root /tmp/maxwoo/21EF1A6A9139C9FD2A38E59AFB466F9A_1342/INPUTFILES/data_448152101.root
Running: cp /star/data01/pwg/xiatong/AMPT/14GeV/data_448152141.root /tmp/maxwoo/21EF1A6A9139C9FD2A38E59AFB466F9A_1342/INPUTFILES/data_448152141.root
Running: cp /star/data01/pwg/xiatong/AMPT/14GeV/data_448152151.root /tmp/maxwoo/21EF1A6A9139C9FD2A38E59AFB466F9A_1342/INPUTFILES/data_448152151.root
Running: cp /star/data01/pwg/xiatong/AMPT/14GeV/data_448152211.root /tmp/maxwoo/21EF1A6A9139C9FD2A38E59AFB466F9A_1342/INPUTFILES/data_448152211.root
Running: cp /star/data01/pwg/xiatong/AMPT/14GeV/data_448152261.root /tmp/maxwoo/21EF1A6A9139C9FD2A38E59AFB466F9A_1342/INPUTFILES/data_448152261.root
Running: cp /star/data01/pwg/xiatong/AMPT/14GeV/data_448152281.root /tmp/maxwoo/21EF1A6A9139C9FD2A38E59AFB466F9A_1342/INPUTFILES/data_448152281.root
Running: cp /star/data01/pwg/xiatong/AMPT/14GeV/data_448152331.root /tmp/maxwoo/21EF1A6A9139C9FD2A38E59AFB466F9A_1342/INPUTFILES/data_448152331.root
Running: cp /star/data01/pwg/xiatong/AMPT/14GeV/data_448152341.root /tmp/maxwoo/21EF1A6A9139C9FD2A38E59AFB466F9A_1342/INPUTFILES/data_448152341.root
Running: cp /star/data01/pwg/xiatong/AMPT/14GeV/data_448152411.root /tmp/maxwoo/21EF1A6A9139C9FD2A38E59AFB466F9A_1342/INPUTFILES/data_448152411.root
Running: cp /star/data01/pwg/xiatong/AMPT/14GeV/data_448152811.root /tmp/maxwoo/21EF1A6A9139C9FD2A38E59AFB466F9A_1342/INPUTFILES/data_448152811.root
Running: cp /star/data01/pwg/xiatong/AMPT/14GeV/data_448153041.root /tmp/maxwoo/21EF1A6A9139C9FD2A38E59AFB466F9A_1342/INPUTFILES/data_448153041.root
Running: cp /star/data01/pwg/xiatong/AMPT/14GeV/data_448175451.root /tmp/maxwoo/21EF1A6A9139C9FD2A38E59AFB466F9A_1342/INPUTFILES/data_448175451.root
Running: cp /star/data01/pwg/xiatong/AMPT/14GeV/data_448181101.root /tmp/maxwoo/21EF1A6A9139C9FD2A38E59AFB466F9A_1342/INPUTFILES/data_448181101.root
Swapping $FILELIST with: /tmp/maxwoo/21EF1A6A9139C9FD2A38E59AFB466F9A_1342/INPUTFILES/21EF1A6A9139C9FD2A38E59AFB466F9A_1342.local.list
+++++++++++local copy debug++++++++++++++++++++
newFileList: /tmp/maxwoo/21EF1A6A9139C9FD2A38E59AFB466F9A_1342/INPUTFILES/21EF1A6A9139C9FD2A38E59AFB466F9A_1342.local.list
++++++++++++++++cat FILELIST+++++++++++++++++++
/tmp/maxwoo/21EF1A6A9139C9FD2A38E59AFB466F9A_1342/INPUTFILES/data_448078071.root 
/tmp/maxwoo/21EF1A6A9139C9FD2A38E59AFB466F9A_1342/INPUTFILES/data_448083651.root 
/tmp/maxwoo/21EF1A6A9139C9FD2A38E59AFB466F9A_1342/INPUTFILES/data_448108601.root 
/tmp/maxwoo/21EF1A6A9139C9FD2A38E59AFB466F9A_1342/INPUTFILES/data_448110191.root 
/tmp/maxwoo/21EF1A6A9139C9FD2A38E59AFB466F9A_1342/INPUTFILES/data_448113971.root 
/tmp/maxwoo/21EF1A6A9139C9FD2A38E59AFB466F9A_1342/INPUTFILES/data_448113981.root 
/tmp/maxwoo/21EF1A6A9139C9FD2A38E59AFB466F9A_1342/INPUTFILES/data_448113991.root 
/tmp/maxwoo/21EF1A6A9139C9FD2A38E59AFB466F9A_1342/INPUTFILES/data_448117101.root 
/tmp/maxwoo/21EF1A6A9139C9FD2A38E59AFB466F9A_1342/INPUTFILES/data_448124461.root 
/tmp/maxwoo/21EF1A6A9139C9FD2A38E59AFB466F9A_1342/INPUTFILES/data_448129291.root 
/tmp/maxwoo/21EF1A6A9139C9FD2A38E59AFB466F9A_1342/INPUTFILES/data_448131271.root 
/tmp/maxwoo/21EF1A6A9139C9FD2A38E59AFB466F9A_1342/INPUTFILES/data_448134241.root 
/tmp/maxwoo/21EF1A6A9139C9FD2A38E59AFB466F9A_1342/INPUTFILES/data_448134261.root 
/tmp/maxwoo/21EF1A6A9139C9FD2A38E59AFB466F9A_1342/INPUTFILES/data_448136581.root 
/tmp/maxwoo/21EF1A6A9139C9FD2A38E59AFB466F9A_1342/INPUTFILES/data_448142331.root 
/tmp/maxwoo/21EF1A6A9139C9FD2A38E59AFB466F9A_1342/INPUTFILES/data_448142341.root 
/tmp/maxwoo/21EF1A6A9139C9FD2A38E59AFB466F9A_1342/INPUTFILES/data_448151921.root 
/tmp/maxwoo/21EF1A6A9139C9FD2A38E59AFB466F9A_1342/INPUTFILES/data_448151941.root 
/tmp/maxwoo/21EF1A6A9139C9FD2A38E59AFB466F9A_1342/INPUTFILES/data_448151961.root 
/tmp/maxwoo/21EF1A6A9139C9FD2A38E59AFB466F9A_1342/INPUTFILES/data_448151971.root 
/tmp/maxwoo/21EF1A6A9139C9FD2A38E59AFB466F9A_1342/INPUTFILES/data_448152001.root 
/tmp/maxwoo/21EF1A6A9139C9FD2A38E59AFB466F9A_1342/INPUTFILES/data_448152011.root 
/tmp/maxwoo/21EF1A6A9139C9FD2A38E59AFB466F9A_1342/INPUTFILES/data_448152051.root 
/tmp/maxwoo/21EF1A6A9139C9FD2A38E59AFB466F9A_1342/INPUTFILES/data_448152081.root 
/tmp/maxwoo/21EF1A6A9139C9FD2A38E59AFB466F9A_1342/INPUTFILES/data_448152101.root 
/tmp/maxwoo/21EF1A6A9139C9FD2A38E59AFB466F9A_1342/INPUTFILES/data_448152141.root 
/tmp/maxwoo/21EF1A6A9139C9FD2A38E59AFB466F9A_1342/INPUTFILES/data_448152151.root 
/tmp/maxwoo/21EF1A6A9139C9FD2A38E59AFB466F9A_1342/INPUTFILES/data_448152211.root 
/tmp/maxwoo/21EF1A6A9139C9FD2A38E59AFB466F9A_1342/INPUTFILES/data_448152261.root 
/tmp/maxwoo/21EF1A6A9139C9FD2A38E59AFB466F9A_1342/INPUTFILES/data_448152281.root 
/tmp/maxwoo/21EF1A6A9139C9FD2A38E59AFB466F9A_1342/INPUTFILES/data_448152331.root 
/tmp/maxwoo/21EF1A6A9139C9FD2A38E59AFB466F9A_1342/INPUTFILES/data_448152341.root 
/tmp/maxwoo/21EF1A6A9139C9FD2A38E59AFB466F9A_1342/INPUTFILES/data_448152411.root 
/tmp/maxwoo/21EF1A6A9139C9FD2A38E59AFB466F9A_1342/INPUTFILES/data_448152811.root 
/tmp/maxwoo/21EF1A6A9139C9FD2A38E59AFB466F9A_1342/INPUTFILES/data_448153041.root 
/tmp/maxwoo/21EF1A6A9139C9FD2A38E59AFB466F9A_1342/INPUTFILES/data_448175451.root 
/tmp/maxwoo/21EF1A6A9139C9FD2A38E59AFB466F9A_1342/INPUTFILES/data_448181101.root 
++++++++++++++++++++find.++++++++++++++++++++++
.
./.output.log
./Check_Sness.C
./.errror.log
./lib
./lib/NpartNormalizer_cpp_ACLiC_dict_rdict.pcm
./lib/CenMaker_cpp.d
./lib/MixedBuffer_cpp_ACLiC_dict_rdict.pcm
./lib/CenMaker_cpp_ACLiC_dict_rdict.pcm
./lib/NpartNormalizer.cpp
./lib/my_event.h
./lib/NpartNormalizer_cpp.so
./lib/MixedBuffer_cpp.so
./lib/my_event_cpp.d
./lib/CenMaker.h
./lib/CenMaker.cpp
./lib/my_event.cpp
./lib/CenMaker_cpp.so
./lib/my_particle_cpp_ACLiC_dict_rdict.pcm
./lib/my_particle.h
./lib/my_event_cpp.so
./lib/my_particle_cpp.so
./lib/MixedBuffer_cpp.d
./lib/MixedBuffer.h
./lib/my_particle.cpp
./lib/my_particle_cpp.d
./lib/MixedBuffer.cpp
./lib/my_event_cpp_ACLiC_dict_rdict.pcm
./lib/NpartNormalizer.h
./lib/NpartNormalizer_cpp.d
./INPUTFILES
./INPUTFILES/data_448152331.root
./INPUTFILES/data_448113981.root
./INPUTFILES/data_448152281.root
./INPUTFILES/data_448110191.root
./INPUTFILES/data_448134241.root
./INPUTFILES/data_448152261.root
./INPUTFILES/data_448152411.root
./INPUTFILES/data_448152151.root
./INPUTFILES/data_448134261.root
./INPUTFILES/data_448153041.root
./INPUTFILES/data_448152001.root
./INPUTFILES/data_448152341.root
./INPUTFILES/data_448129291.root
./INPUTFILES/data_448152211.root
./INPUTFILES/data_448152081.root
./INPUTFILES/data_448083651.root
./INPUTFILES/data_448113991.root
./INPUTFILES/data_448152051.root
./INPUTFILES/data_448113971.root
./INPUTFILES/data_448136581.root
./INPUTFILES/data_448124461.root
./INPUTFILES/data_448152811.root
./INPUTFILES/data_448151961.root
./INPUTFILES/data_448152011.root
./INPUTFILES/data_448131271.root
./INPUTFILES/data_448108601.root
./INPUTFILES/data_448142341.root
./INPUTFILES/21EF1A6A9139C9FD2A38E59AFB466F9A_1342.local.list
./INPUTFILES/data_448151921.root
./INPUTFILES/data_448078071.root
./INPUTFILES/data_448181101.root
./INPUTFILES/data_448142331.root
./INPUTFILES/data_448152101.root
./INPUTFILES/data_448152141.root
./INPUTFILES/data_448117101.root
./INPUTFILES/data_448151941.root
./INPUTFILES/data_448175451.root
./INPUTFILES/data_448151971.root
./.sandboxFiles
./check_S.C
++++++++++++++++INPUTFILE Var++++++++++++++++++
FILELIST=/tmp/maxwoo/21EF1A6A9139C9FD2A38E59AFB466F9A_1342/INPUTFILES/21EF1A6A9139C9FD2A38E59AFB466F9A_1342.local.list
INPUTFILECOUNT=37
INPUTFILE0=/tmp/maxwoo/21EF1A6A9139C9FD2A38E59AFB466F9A_1342/INPUTFILES/data_448078071.root
INPUTFILE1=/tmp/maxwoo/21EF1A6A9139C9FD2A38E59AFB466F9A_1342/INPUTFILES/data_448083651.root
INPUTFILE2=/tmp/maxwoo/21EF1A6A9139C9FD2A38E59AFB466F9A_1342/INPUTFILES/data_448108601.root
INPUTFILE3=/tmp/maxwoo/21EF1A6A9139C9FD2A38E59AFB466F9A_1342/INPUTFILES/data_448110191.root
INPUTFILE4=/tmp/maxwoo/21EF1A6A9139C9FD2A38E59AFB466F9A_1342/INPUTFILES/data_448113971.root
INPUTFILE5=/tmp/maxwoo/21EF1A6A9139C9FD2A38E59AFB466F9A_1342/INPUTFILES/data_448113981.root
INPUTFILE6=/tmp/maxwoo/21EF1A6A9139C9FD2A38E59AFB466F9A_1342/INPUTFILES/data_448113991.root
INPUTFILE7=/tmp/maxwoo/21EF1A6A9139C9FD2A38E59AFB466F9A_1342/INPUTFILES/data_448117101.root
INPUTFILE8=/tmp/maxwoo/21EF1A6A9139C9FD2A38E59AFB466F9A_1342/INPUTFILES/data_448124461.root
INPUTFILE9=/tmp/maxwoo/21EF1A6A9139C9FD2A38E59AFB466F9A_1342/INPUTFILES/data_448129291.root
INPUTFILE10=/tmp/maxwoo/21EF1A6A9139C9FD2A38E59AFB466F9A_1342/INPUTFILES/data_448131271.root
INPUTFILE11=/tmp/maxwoo/21EF1A6A9139C9FD2A38E59AFB466F9A_1342/INPUTFILES/data_448134241.root
INPUTFILE12=/tmp/maxwoo/21EF1A6A9139C9FD2A38E59AFB466F9A_1342/INPUTFILES/data_448134261.root
INPUTFILE13=/tmp/maxwoo/21EF1A6A9139C9FD2A38E59AFB466F9A_1342/INPUTFILES/data_448136581.root
INPUTFILE14=/tmp/maxwoo/21EF1A6A9139C9FD2A38E59AFB466F9A_1342/INPUTFILES/data_448142331.root
INPUTFILE15=/tmp/maxwoo/21EF1A6A9139C9FD2A38E59AFB466F9A_1342/INPUTFILES/data_448142341.root
INPUTFILE16=/tmp/maxwoo/21EF1A6A9139C9FD2A38E59AFB466F9A_1342/INPUTFILES/data_448151921.root
INPUTFILE17=/tmp/maxwoo/21EF1A6A9139C9FD2A38E59AFB466F9A_1342/INPUTFILES/data_448151941.root
INPUTFILE18=/tmp/maxwoo/21EF1A6A9139C9FD2A38E59AFB466F9A_1342/INPUTFILES/data_448151961.root
INPUTFILE19=/tmp/maxwoo/21EF1A6A9139C9FD2A38E59AFB466F9A_1342/INPUTFILES/data_448151971.root
INPUTFILE20=/tmp/maxwoo/21EF1A6A9139C9FD2A38E59AFB466F9A_1342/INPUTFILES/data_448152001.root
INPUTFILE21=/tmp/maxwoo/21EF1A6A9139C9FD2A38E59AFB466F9A_1342/INPUTFILES/data_448152011.root
INPUTFILE22=/tmp/maxwoo/21EF1A6A9139C9FD2A38E59AFB466F9A_1342/INPUTFILES/data_448152051.root
INPUTFILE23=/tmp/maxwoo/21EF1A6A9139C9FD2A38E59AFB466F9A_1342/INPUTFILES/data_448152081.root
INPUTFILE24=/tmp/maxwoo/21EF1A6A9139C9FD2A38E59AFB466F9A_1342/INPUTFILES/data_448152101.root
INPUTFILE25=/tmp/maxwoo/21EF1A6A9139C9FD2A38E59AFB466F9A_1342/INPUTFILES/data_448152141.root
INPUTFILE26=/tmp/maxwoo/21EF1A6A9139C9FD2A38E59AFB466F9A_1342/INPUTFILES/data_448152151.root
INPUTFILE27=/tmp/maxwoo/21EF1A6A9139C9FD2A38E59AFB466F9A_1342/INPUTFILES/data_448152211.root
INPUTFILE28=/tmp/maxwoo/21EF1A6A9139C9FD2A38E59AFB466F9A_1342/INPUTFILES/data_448152261.root
INPUTFILE29=/tmp/maxwoo/21EF1A6A9139C9FD2A38E59AFB466F9A_1342/INPUTFILES/data_448152281.root
INPUTFILE30=/tmp/maxwoo/21EF1A6A9139C9FD2A38E59AFB466F9A_1342/INPUTFILES/data_448152331.root
INPUTFILE31=/tmp/maxwoo/21EF1A6A9139C9FD2A38E59AFB466F9A_1342/INPUTFILES/data_448152341.root
INPUTFILE32=/tmp/maxwoo/21EF1A6A9139C9FD2A38E59AFB466F9A_1342/INPUTFILES/data_448152411.root
INPUTFILE33=/tmp/maxwoo/21EF1A6A9139C9FD2A38E59AFB466F9A_1342/INPUTFILES/data_448152811.root
INPUTFILE34=/tmp/maxwoo/21EF1A6A9139C9FD2A38E59AFB466F9A_1342/INPUTFILES/data_448153041.root
INPUTFILE35=/tmp/maxwoo/21EF1A6A9139C9FD2A38E59AFB466F9A_1342/INPUTFILES/data_448175451.root
INPUTFILE36=/tmp/maxwoo/21EF1A6A9139C9FD2A38E59AFB466F9A_1342/INPUTFILES/data_448181101.root
LocalInputFileDir=/tmp/maxwoo/21EF1A6A9139C9FD2A38E59AFB466F9A_1342/INPUTFILES
NewFILELIST=/tmp/maxwoo/21EF1A6A9139C9FD2A38E59AFB466F9A_1342/INPUTFILES/21EF1A6A9139C9FD2A38E59AFB466F9A_1342.local.list
+++++++++++++++++++++++++++++++++++++++++++++++
--------------------------------
Simple Unified Meta Scheduler 1.10.50 we are starting in $SCRATCH : /home/tmp/maxwoo/21EF1A6A9139C9FD2A38E59AFB466F9A_1342
--------------------------------
total 16
lrwxrwxrwx 1 maxwoo rhstar   61 Jun  2 11:19 check_S.C -> /gpfs/mnt/gpfs01/star/pwg/xiatong/git/strangeness/./check_S.C
lrwxrwxrwx 1 maxwoo rhstar   65 Jun  2 11:19 Check_Sness.C -> /gpfs/mnt/gpfs01/star/pwg/xiatong/git/strangeness/./Check_Sness.C
drwxr-xr-x 2 maxwoo rhstar 4096 Jun  2 11:23 INPUTFILES
drwxr-xr-x 2 maxwoo rhstar 4096 Jun  2 11:19 lib
  *******************************************
  *                                         *
  *        W E L C O M E  to  R O O T       *
  *                                         *
  *   Version   5.34/38     12 March 2018   *
  *                                         *
  *  You are welcome to visit our Web site  *
  *          http://root.cern.ch            *
  *                                         *
  *******************************************

ROOT 5.34/38 (v5-34-38@v5-34-38, Mar 12 2018, 15:49:39 on linux)

CINT/ROOT C/C++ Interpreter version 5.18.00, July 2, 2010
Type ? for help. Commands must be C++ statements.
Enclose multiple statements between { }.
*** Float Point Exception is OFF ***
 *** Start at Date : Thu Jun  2 11:23:10 2022
QAInfo:You are using STAR_LEVEL : dev, ROOT_LEVEL : 5.34.38 and node : rcas2918.rcf.bnl.gov 

Processing check_S.C++("/tmp/maxwoo/21EF1A6A9139C9FD2A38E59AFB466F9A_1342/INPUTFILES/21EF1A6A9139C9FD2A38E59AFB466F9A_1342.local.list","21EF1A6A9139C9FD2A38E59AFB466F9A_1342",1)...
/tmp/maxwoo/21EF1A6A9139C9FD2A38E59AFB466F9A_1342/INPUTFILES/data_448078071.root 
/tmp/maxwoo/21EF1A6A9139C9FD2A38E59AFB466F9A_1342/INPUTFILES/data_448083651.root 
/tmp/maxwoo/21EF1A6A9139C9FD2A38E59AFB466F9A_1342/INPUTFILES/data_448108601.root 
/tmp/maxwoo/21EF1A6A9139C9FD2A38E59AFB466F9A_1342/INPUTFILES/data_448110191.root 
/tmp/maxwoo/21EF1A6A9139C9FD2A38E59AFB466F9A_1342/INPUTFILES/data_448113971.root 
/tmp/maxwoo/21EF1A6A9139C9FD2A38E59AFB466F9A_1342/INPUTFILES/data_448113981.root 
/tmp/maxwoo/21EF1A6A9139C9FD2A38E59AFB466F9A_1342/INPUTFILES/data_448113991.root 
/tmp/maxwoo/21EF1A6A9139C9FD2A38E59AFB466F9A_1342/INPUTFILES/data_448117101.root 
/tmp/maxwoo/21EF1A6A9139C9FD2A38E59AFB466F9A_1342/INPUTFILES/data_448124461.root 
/tmp/maxwoo/21EF1A6A9139C9FD2A38E59AFB466F9A_1342/INPUTFILES/data_448129291.root 
/tmp/maxwoo/21EF1A6A9139C9FD2A38E59AFB466F9A_1342/INPUTFILES/data_448131271.root 
/tmp/maxwoo/21EF1A6A9139C9FD2A38E59AFB466F9A_1342/INPUTFILES/data_448134241.root 
/tmp/maxwoo/21EF1A6A9139C9FD2A38E59AFB466F9A_1342/INPUTFILES/data_448134261.root 
/tmp/maxwoo/21EF1A6A9139C9FD2A38E59AFB466F9A_1342/INPUTFILES/data_448136581.root 
/tmp/maxwoo/21EF1A6A9139C9FD2A38E59AFB466F9A_1342/INPUTFILES/data_448142331.root 
/tmp/maxwoo/21EF1A6A9139C9FD2A38E59AFB466F9A_1342/INPUTFILES/data_448142341.root 
/tmp/maxwoo/21EF1A6A9139C9FD2A38E59AFB466F9A_1342/INPUTFILES/data_448151921.root 
/tmp/maxwoo/21EF1A6A9139C9FD2A38E59AFB466F9A_1342/INPUTFILES/data_448151941.root 
/tmp/maxwoo/21EF1A6A9139C9FD2A38E59AFB466F9A_1342/INPUTFILES/data_448151961.root 
/tmp/maxwoo/21EF1A6A9139C9FD2A38E59AFB466F9A_1342/INPUTFILES/data_448151971.root 
/tmp/maxwoo/21EF1A6A9139C9FD2A38E59AFB466F9A_1342/INPUTFILES/data_448152001.root 
/tmp/maxwoo/21EF1A6A9139C9FD2A38E59AFB466F9A_1342/INPUTFILES/data_448152011.root 
/tmp/maxwoo/21EF1A6A9139C9FD2A38E59AFB466F9A_1342/INPUTFILES/data_448152051.root 
/tmp/maxwoo/21EF1A6A9139C9FD2A38E59AFB466F9A_1342/INPUTFILES/data_448152081.root 
/tmp/maxwoo/21EF1A6A9139C9FD2A38E59AFB466F9A_1342/INPUTFILES/data_448152101.root 
/tmp/maxwoo/21EF1A6A9139C9FD2A38E59AFB466F9A_1342/INPUTFILES/data_448152141.root 
/tmp/maxwoo/21EF1A6A9139C9FD2A38E59AFB466F9A_1342/INPUTFILES/data_448152151.root 
/tmp/maxwoo/21EF1A6A9139C9FD2A38E59AFB466F9A_1342/INPUTFILES/data_448152211.root 
/tmp/maxwoo/21EF1A6A9139C9FD2A38E59AFB466F9A_1342/INPUTFILES/data_448152261.root 
/tmp/maxwoo/21EF1A6A9139C9FD2A38E59AFB466F9A_1342/INPUTFILES/data_448152281.root 
/tmp/maxwoo/21EF1A6A9139C9FD2A38E59AFB466F9A_1342/INPUTFILES/data_448152331.root 
/tmp/maxwoo/21EF1A6A9139C9FD2A38E59AFB466F9A_1342/INPUTFILES/data_448152341.root 
/tmp/maxwoo/21EF1A6A9139C9FD2A38E59AFB466F9A_1342/INPUTFILES/data_448152411.root 
/tmp/maxwoo/21EF1A6A9139C9FD2A38E59AFB466F9A_1342/INPUTFILES/data_448152811.root 
/tmp/maxwoo/21EF1A6A9139C9FD2A38E59AFB466F9A_1342/INPUTFILES/data_448153041.root 
/tmp/maxwoo/21EF1A6A9139C9FD2A38E59AFB466F9A_1342/INPUTFILES/data_448175451.root 
/tmp/maxwoo/21EF1A6A9139C9FD2A38E59AFB466F9A_1342/INPUTFILES/data_448181101.root 
Added 37 files
# entries in chain: 37000
Processing entry == 1000 == out of 37000.
Processing entry == 2000 == out of 37000.
Processing entry == 3000 == out of 37000.
Processing entry == 4000 == out of 37000.
Processing entry == 5000 == out of 37000.
Processing entry == 6000 == out of 37000.
Processing entry == 7000 == out of 37000.
Processing entry == 8000 == out of 37000.
Processing entry == 9000 == out of 37000.
Processing entry == 10000 == out of 37000.
Processing entry == 11000 == out of 37000.
Processing entry == 12000 == out of 37000.
Processing entry == 13000 == out of 37000.
Processing entry == 14000 == out of 37000.
Processing entry == 15000 == out of 37000.
Processing entry == 16000 == out of 37000.
Processing entry == 17000 == out of 37000.
Processing entry == 18000 == out of 37000.
Processing entry == 19000 == out of 37000.
Processing entry == 20000 == out of 37000.
Processing entry == 21000 == out of 37000.
Processing entry == 22000 == out of 37000.
Processing entry == 23000 == out of 37000.
Processing entry == 24000 == out of 37000.
Processing entry == 25000 == out of 37000.
Processing entry == 26000 == out of 37000.
Processing entry == 27000 == out of 37000.
Processing entry == 28000 == out of 37000.
Processing entry == 29000 == out of 37000.
Processing entry == 30000 == out of 37000.
Processing entry == 31000 == out of 37000.
Processing entry == 32000 == out of 37000.
Processing entry == 33000 == out of 37000.
Processing entry == 34000 == out of 37000.
Processing entry == 35000 == out of 37000.
Processing entry == 36000 == out of 37000.
Processing entry == 37000 == out of 37000.

This is the end of ROOT -- Goodbye

Cleaning up sandbox file:  /tmp/maxwoo/21EF1A6A9139C9FD2A38E59AFB466F9A_1342/check_S.C
Cleaning up sandbox file:  /tmp/maxwoo/21EF1A6A9139C9FD2A38E59AFB466F9A_1342/Check_Sness.C
Cleaning up sandbox file:  /tmp/maxwoo/21EF1A6A9139C9FD2A38E59AFB466F9A_1342/lib
Cleaning up sandbox file:  /tmp/maxwoo/21EF1A6A9139C9FD2A38E59AFB466F9A_1342/.sandboxFiles
Starting copy block
Running copy command:  /bin/cp -fp /tmp/maxwoo/21EF1A6A9139C9FD2A38E59AFB466F9A_1342/out_21EF1A6A9139C9FD2A38E59AFB466F9A_1342.root /star/data01/pwg/xiatong/git/strangeness/data/
26587 Execution of (/star/data01/pwg/xiatong/git/strangeness/script/sched21EF1A6A9139C9FD2A38E59AFB466F9A_1342.csh ) has ended, exiting normally
26587 We END on [Thu Jun  2 11:44:51 EDT 2022]
