We are starting on node: spool0532.sdcc.bnl.gov
HOME is not defined
Using getent method
HOME is now /star/u/maxwoo
6458 We will spawn ourselves (/star/data01/pwg/xiatong/git/strangeness/script/sched21EF1A6A9139C9FD2A38E59AFB466F9A_2280.csh )
6458 We BEGIN on [Thu Jun  2 10:59:52 EDT 2022]
[1] 6661
6458 We are waiting for 6661 
6458 Grandchild PID is 6944 - found in 10 x 1 seconds
6458 Establishing first watcher   on    Thu Jun  2 11:00:03 EDT 2022
6458 Process tree is 6458 (main) -> 6661 (child) -> 6944 (grandchild)
F S   UID   PID  PPID  C PRI  NI ADDR SZ WCHAN  TTY        TIME CMD
0 D 100667 6944  6661  0  80   0 - 32311 cxiWai ?          0:00 cp /star/data01/pwg/xiatong/AMPT/14GeV/data_1207387581.root /tmp/maxwoo/21EF1A6A9139C9FD2A38E59AFB466F9A_2280/INPUTFILES/data_1207387581.root
6458 Grandchild PID is 8205 - found in 20 x 2 seconds
6458 Grandchild to watch has changed on Thu Jun  2 11:00:23 EDT 2022
6458 Process tree is 6458 (main) -> 6661 (child) -> 8205 (grandchild)
F S   UID   PID  PPID  C PRI  NI ADDR SZ WCHAN  TTY        TIME CMD
0 D 100667 8205  6661  0  80   0 - 32311 cxiWai ?          0:00 cp /star/data01/pwg/xiatong/AMPT/14GeV/data_1207587521.root /tmp/maxwoo/21EF1A6A9139C9FD2A38E59AFB466F9A_2280/INPUTFILES/data_1207587521.root
6458 Grandchild PID is 10666 - found in 40 x 2 seconds
6458 Grandchild to watch has changed on Thu Jun  2 11:01:05 EDT 2022
6458 Process tree is 6458 (main) -> 6661 (child) -> 10666 (grandchild)
F S   UID   PID  PPID  C PRI  NI ADDR SZ WCHAN  TTY        TIME CMD
0 D 100667 10666 6661  0  80   0 - 32311 cxiWai ?          0:00 cp /star/data01/pwg/xiatong/AMPT/14GeV/data_1207587531.root /tmp/maxwoo/21EF1A6A9139C9FD2A38E59AFB466F9A_2280/INPUTFILES/data_1207587531.root
6458 Grandchild PID is 12895 - found in 50 x 2 seconds
6458 Grandchild to watch has changed on Thu Jun  2 11:01:26 EDT 2022
6458 Process tree is 6458 (main) -> 6661 (child) -> 12895 (grandchild)
F S   UID   PID  PPID  C PRI  NI ADDR SZ WCHAN  TTY        TIME CMD
0 D 100667 12895 6661  0  80   0 - 32311 cxiWai ?          0:00 cp /star/data01/pwg/xiatong/AMPT/14GeV/data_1207987541.root /tmp/maxwoo/21EF1A6A9139C9FD2A38E59AFB466F9A_2280/INPUTFILES/data_1207987541.root
6458 Grandchild PID is 14260 - found in 60 x 2 seconds
6458 Grandchild to watch has changed on Thu Jun  2 11:01:46 EDT 2022
6458 Process tree is 6458 (main) -> 6661 (child) -> 14260 (grandchild)
F S   UID   PID  PPID  C PRI  NI ADDR SZ WCHAN  TTY        TIME CMD
0 D 100667 14260 6661  0  80   0 - 32311 cxiWai ?          0:00 cp /star/data01/pwg/xiatong/AMPT/14GeV/data_1208122711.root /tmp/maxwoo/21EF1A6A9139C9FD2A38E59AFB466F9A_2280/INPUTFILES/data_1208122711.root
6458 Grandchild PID is 15166 - found in 70 x 2 seconds
6458 Grandchild to watch has changed on Thu Jun  2 11:02:07 EDT 2022
6458 Process tree is 6458 (main) -> 6661 (child) -> 15166 (grandchild)
F S   UID   PID  PPID  C PRI  NI ADDR SZ WCHAN  TTY        TIME CMD
0 S 100667 15166 6661  0  80   0 -  1272 do_wai ?          0:00 root -b -q check_S.C++("/tmp/maxwoo/21EF1A6A9139C9FD2A38E59AFB466F9A_2280/INPUTFILES/21EF1A6A9139C9FD2A38E59AFB466F9A_2280.local.list","21EF1A6A9139C9FD2A38E59AFB466F9A_2280",1)
6661 Stepping into the main SUMS wrapper program with []
.... building sandbox
Running: cp /star/data01/pwg/xiatong/AMPT/14GeV/data_1207287661.root /tmp/maxwoo/21EF1A6A9139C9FD2A38E59AFB466F9A_2280/INPUTFILES/data_1207287661.root
Running: cp /star/data01/pwg/xiatong/AMPT/14GeV/data_1207287761.root /tmp/maxwoo/21EF1A6A9139C9FD2A38E59AFB466F9A_2280/INPUTFILES/data_1207287761.root
Running: cp /star/data01/pwg/xiatong/AMPT/14GeV/data_1207387571.root /tmp/maxwoo/21EF1A6A9139C9FD2A38E59AFB466F9A_2280/INPUTFILES/data_1207387571.root
Running: cp /star/data01/pwg/xiatong/AMPT/14GeV/data_1207387581.root /tmp/maxwoo/21EF1A6A9139C9FD2A38E59AFB466F9A_2280/INPUTFILES/data_1207387581.root
Running: cp /star/data01/pwg/xiatong/AMPT/14GeV/data_1207387611.root /tmp/maxwoo/21EF1A6A9139C9FD2A38E59AFB466F9A_2280/INPUTFILES/data_1207387611.root
Running: cp /star/data01/pwg/xiatong/AMPT/14GeV/data_1207387631.root /tmp/maxwoo/21EF1A6A9139C9FD2A38E59AFB466F9A_2280/INPUTFILES/data_1207387631.root
Running: cp /star/data01/pwg/xiatong/AMPT/14GeV/data_1207487551.root /tmp/maxwoo/21EF1A6A9139C9FD2A38E59AFB466F9A_2280/INPUTFILES/data_1207487551.root
Running: cp /star/data01/pwg/xiatong/AMPT/14GeV/data_1207487561.root /tmp/maxwoo/21EF1A6A9139C9FD2A38E59AFB466F9A_2280/INPUTFILES/data_1207487561.root
Running: cp /star/data01/pwg/xiatong/AMPT/14GeV/data_1207587491.root /tmp/maxwoo/21EF1A6A9139C9FD2A38E59AFB466F9A_2280/INPUTFILES/data_1207587491.root
Running: cp /star/data01/pwg/xiatong/AMPT/14GeV/data_1207587501.root /tmp/maxwoo/21EF1A6A9139C9FD2A38E59AFB466F9A_2280/INPUTFILES/data_1207587501.root
Running: cp /star/data01/pwg/xiatong/AMPT/14GeV/data_1207587511.root /tmp/maxwoo/21EF1A6A9139C9FD2A38E59AFB466F9A_2280/INPUTFILES/data_1207587511.root
Running: cp /star/data01/pwg/xiatong/AMPT/14GeV/data_1207587521.root /tmp/maxwoo/21EF1A6A9139C9FD2A38E59AFB466F9A_2280/INPUTFILES/data_1207587521.root
Running: cp /star/data01/pwg/xiatong/AMPT/14GeV/data_1207587531.root /tmp/maxwoo/21EF1A6A9139C9FD2A38E59AFB466F9A_2280/INPUTFILES/data_1207587531.root
Running: cp /star/data01/pwg/xiatong/AMPT/14GeV/data_1207787421.root /tmp/maxwoo/21EF1A6A9139C9FD2A38E59AFB466F9A_2280/INPUTFILES/data_1207787421.root
Running: cp /star/data01/pwg/xiatong/AMPT/14GeV/data_1207787431.root /tmp/maxwoo/21EF1A6A9139C9FD2A38E59AFB466F9A_2280/INPUTFILES/data_1207787431.root
Running: cp /star/data01/pwg/xiatong/AMPT/14GeV/data_1207787441.root /tmp/maxwoo/21EF1A6A9139C9FD2A38E59AFB466F9A_2280/INPUTFILES/data_1207787441.root
Running: cp /star/data01/pwg/xiatong/AMPT/14GeV/data_1207787451.root /tmp/maxwoo/21EF1A6A9139C9FD2A38E59AFB466F9A_2280/INPUTFILES/data_1207787451.root
Running: cp /star/data01/pwg/xiatong/AMPT/14GeV/data_1207887411.root /tmp/maxwoo/21EF1A6A9139C9FD2A38E59AFB466F9A_2280/INPUTFILES/data_1207887411.root
Running: cp /star/data01/pwg/xiatong/AMPT/14GeV/data_1207887591.root /tmp/maxwoo/21EF1A6A9139C9FD2A38E59AFB466F9A_2280/INPUTFILES/data_1207887591.root
Running: cp /star/data01/pwg/xiatong/AMPT/14GeV/data_1207887601.root /tmp/maxwoo/21EF1A6A9139C9FD2A38E59AFB466F9A_2280/INPUTFILES/data_1207887601.root
Running: cp /star/data01/pwg/xiatong/AMPT/14GeV/data_1207887621.root /tmp/maxwoo/21EF1A6A9139C9FD2A38E59AFB466F9A_2280/INPUTFILES/data_1207887621.root
Running: cp /star/data01/pwg/xiatong/AMPT/14GeV/data_1207987341.root /tmp/maxwoo/21EF1A6A9139C9FD2A38E59AFB466F9A_2280/INPUTFILES/data_1207987341.root
Running: cp /star/data01/pwg/xiatong/AMPT/14GeV/data_1207987351.root /tmp/maxwoo/21EF1A6A9139C9FD2A38E59AFB466F9A_2280/INPUTFILES/data_1207987351.root
Running: cp /star/data01/pwg/xiatong/AMPT/14GeV/data_1207987361.root /tmp/maxwoo/21EF1A6A9139C9FD2A38E59AFB466F9A_2280/INPUTFILES/data_1207987361.root
Running: cp /star/data01/pwg/xiatong/AMPT/14GeV/data_1207987371.root /tmp/maxwoo/21EF1A6A9139C9FD2A38E59AFB466F9A_2280/INPUTFILES/data_1207987371.root
Running: cp /star/data01/pwg/xiatong/AMPT/14GeV/data_1207987391.root /tmp/maxwoo/21EF1A6A9139C9FD2A38E59AFB466F9A_2280/INPUTFILES/data_1207987391.root
Running: cp /star/data01/pwg/xiatong/AMPT/14GeV/data_1207987461.root /tmp/maxwoo/21EF1A6A9139C9FD2A38E59AFB466F9A_2280/INPUTFILES/data_1207987461.root
Running: cp /star/data01/pwg/xiatong/AMPT/14GeV/data_1207987471.root /tmp/maxwoo/21EF1A6A9139C9FD2A38E59AFB466F9A_2280/INPUTFILES/data_1207987471.root
Running: cp /star/data01/pwg/xiatong/AMPT/14GeV/data_1207987481.root /tmp/maxwoo/21EF1A6A9139C9FD2A38E59AFB466F9A_2280/INPUTFILES/data_1207987481.root
Running: cp /star/data01/pwg/xiatong/AMPT/14GeV/data_1207987541.root /tmp/maxwoo/21EF1A6A9139C9FD2A38E59AFB466F9A_2280/INPUTFILES/data_1207987541.root
Running: cp /star/data01/pwg/xiatong/AMPT/14GeV/data_1208087321.root /tmp/maxwoo/21EF1A6A9139C9FD2A38E59AFB466F9A_2280/INPUTFILES/data_1208087321.root
Running: cp /star/data01/pwg/xiatong/AMPT/14GeV/data_1208087331.root /tmp/maxwoo/21EF1A6A9139C9FD2A38E59AFB466F9A_2280/INPUTFILES/data_1208087331.root
Running: cp /star/data01/pwg/xiatong/AMPT/14GeV/data_1208087381.root /tmp/maxwoo/21EF1A6A9139C9FD2A38E59AFB466F9A_2280/INPUTFILES/data_1208087381.root
Running: cp /star/data01/pwg/xiatong/AMPT/14GeV/data_1208087401.root /tmp/maxwoo/21EF1A6A9139C9FD2A38E59AFB466F9A_2280/INPUTFILES/data_1208087401.root
Running: cp /star/data01/pwg/xiatong/AMPT/14GeV/data_1208121061.root /tmp/maxwoo/21EF1A6A9139C9FD2A38E59AFB466F9A_2280/INPUTFILES/data_1208121061.root
Running: cp /star/data01/pwg/xiatong/AMPT/14GeV/data_1208122711.root /tmp/maxwoo/21EF1A6A9139C9FD2A38E59AFB466F9A_2280/INPUTFILES/data_1208122711.root
Running: cp /star/data01/pwg/xiatong/AMPT/14GeV/data_1208187301.root /tmp/maxwoo/21EF1A6A9139C9FD2A38E59AFB466F9A_2280/INPUTFILES/data_1208187301.root
Swapping $FILELIST with: /tmp/maxwoo/21EF1A6A9139C9FD2A38E59AFB466F9A_2280/INPUTFILES/21EF1A6A9139C9FD2A38E59AFB466F9A_2280.local.list
+++++++++++local copy debug++++++++++++++++++++
newFileList: /tmp/maxwoo/21EF1A6A9139C9FD2A38E59AFB466F9A_2280/INPUTFILES/21EF1A6A9139C9FD2A38E59AFB466F9A_2280.local.list
++++++++++++++++cat FILELIST+++++++++++++++++++
/tmp/maxwoo/21EF1A6A9139C9FD2A38E59AFB466F9A_2280/INPUTFILES/data_1207287661.root 
/tmp/maxwoo/21EF1A6A9139C9FD2A38E59AFB466F9A_2280/INPUTFILES/data_1207287761.root 
/tmp/maxwoo/21EF1A6A9139C9FD2A38E59AFB466F9A_2280/INPUTFILES/data_1207387571.root 
/tmp/maxwoo/21EF1A6A9139C9FD2A38E59AFB466F9A_2280/INPUTFILES/data_1207387581.root 
/tmp/maxwoo/21EF1A6A9139C9FD2A38E59AFB466F9A_2280/INPUTFILES/data_1207387611.root 
/tmp/maxwoo/21EF1A6A9139C9FD2A38E59AFB466F9A_2280/INPUTFILES/data_1207387631.root 
/tmp/maxwoo/21EF1A6A9139C9FD2A38E59AFB466F9A_2280/INPUTFILES/data_1207487551.root 
/tmp/maxwoo/21EF1A6A9139C9FD2A38E59AFB466F9A_2280/INPUTFILES/data_1207487561.root 
/tmp/maxwoo/21EF1A6A9139C9FD2A38E59AFB466F9A_2280/INPUTFILES/data_1207587491.root 
/tmp/maxwoo/21EF1A6A9139C9FD2A38E59AFB466F9A_2280/INPUTFILES/data_1207587501.root 
/tmp/maxwoo/21EF1A6A9139C9FD2A38E59AFB466F9A_2280/INPUTFILES/data_1207587511.root 
/tmp/maxwoo/21EF1A6A9139C9FD2A38E59AFB466F9A_2280/INPUTFILES/data_1207587521.root 
/tmp/maxwoo/21EF1A6A9139C9FD2A38E59AFB466F9A_2280/INPUTFILES/data_1207587531.root 
/tmp/maxwoo/21EF1A6A9139C9FD2A38E59AFB466F9A_2280/INPUTFILES/data_1207787421.root 
/tmp/maxwoo/21EF1A6A9139C9FD2A38E59AFB466F9A_2280/INPUTFILES/data_1207787431.root 
/tmp/maxwoo/21EF1A6A9139C9FD2A38E59AFB466F9A_2280/INPUTFILES/data_1207787441.root 
/tmp/maxwoo/21EF1A6A9139C9FD2A38E59AFB466F9A_2280/INPUTFILES/data_1207787451.root 
/tmp/maxwoo/21EF1A6A9139C9FD2A38E59AFB466F9A_2280/INPUTFILES/data_1207887411.root 
/tmp/maxwoo/21EF1A6A9139C9FD2A38E59AFB466F9A_2280/INPUTFILES/data_1207887591.root 
/tmp/maxwoo/21EF1A6A9139C9FD2A38E59AFB466F9A_2280/INPUTFILES/data_1207887601.root 
/tmp/maxwoo/21EF1A6A9139C9FD2A38E59AFB466F9A_2280/INPUTFILES/data_1207887621.root 
/tmp/maxwoo/21EF1A6A9139C9FD2A38E59AFB466F9A_2280/INPUTFILES/data_1207987341.root 
/tmp/maxwoo/21EF1A6A9139C9FD2A38E59AFB466F9A_2280/INPUTFILES/data_1207987351.root 
/tmp/maxwoo/21EF1A6A9139C9FD2A38E59AFB466F9A_2280/INPUTFILES/data_1207987361.root 
/tmp/maxwoo/21EF1A6A9139C9FD2A38E59AFB466F9A_2280/INPUTFILES/data_1207987371.root 
/tmp/maxwoo/21EF1A6A9139C9FD2A38E59AFB466F9A_2280/INPUTFILES/data_1207987391.root 
/tmp/maxwoo/21EF1A6A9139C9FD2A38E59AFB466F9A_2280/INPUTFILES/data_1207987461.root 
/tmp/maxwoo/21EF1A6A9139C9FD2A38E59AFB466F9A_2280/INPUTFILES/data_1207987471.root 
/tmp/maxwoo/21EF1A6A9139C9FD2A38E59AFB466F9A_2280/INPUTFILES/data_1207987481.root 
/tmp/maxwoo/21EF1A6A9139C9FD2A38E59AFB466F9A_2280/INPUTFILES/data_1207987541.root 
/tmp/maxwoo/21EF1A6A9139C9FD2A38E59AFB466F9A_2280/INPUTFILES/data_1208087321.root 
/tmp/maxwoo/21EF1A6A9139C9FD2A38E59AFB466F9A_2280/INPUTFILES/data_1208087331.root 
/tmp/maxwoo/21EF1A6A9139C9FD2A38E59AFB466F9A_2280/INPUTFILES/data_1208087381.root 
/tmp/maxwoo/21EF1A6A9139C9FD2A38E59AFB466F9A_2280/INPUTFILES/data_1208087401.root 
/tmp/maxwoo/21EF1A6A9139C9FD2A38E59AFB466F9A_2280/INPUTFILES/data_1208121061.root 
/tmp/maxwoo/21EF1A6A9139C9FD2A38E59AFB466F9A_2280/INPUTFILES/data_1208122711.root 
/tmp/maxwoo/21EF1A6A9139C9FD2A38E59AFB466F9A_2280/INPUTFILES/data_1208187301.root 
++++++++++++++++++++find.++++++++++++++++++++++
.
./.output.log
./lib
./lib/my_event.cpp
./lib/my_event.h
./lib/CenMaker_cpp.so
./lib/CenMaker.h
./lib/MixedBuffer.cpp
./lib/MixedBuffer_cpp.so
./lib/my_event_cpp.d
./lib/my_particle_cpp.so
./lib/NpartNormalizer_cpp_ACLiC_dict_rdict.pcm
./lib/MixedBuffer_cpp_ACLiC_dict_rdict.pcm
./lib/NpartNormalizer.h
./lib/my_event_cpp_ACLiC_dict_rdict.pcm
./lib/MixedBuffer.h
./lib/MixedBuffer_cpp.d
./lib/NpartNormalizer_cpp.so
./lib/my_particle_cpp_ACLiC_dict_rdict.pcm
./lib/NpartNormalizer.cpp
./lib/CenMaker_cpp.d
./lib/my_particle.h
./lib/CenMaker_cpp_ACLiC_dict_rdict.pcm
./lib/my_event_cpp.so
./lib/NpartNormalizer_cpp.d
./lib/my_particle_cpp.d
./lib/CenMaker.cpp
./lib/my_particle.cpp
./Check_Sness.C
./.errror.log
./check_S.C
./.sandboxFiles
./INPUTFILES
./INPUTFILES/data_1207487561.root
./INPUTFILES/data_1207387571.root
./INPUTFILES/data_1207487551.root
./INPUTFILES/data_1207887411.root
./INPUTFILES/data_1207387631.root
./INPUTFILES/data_1207987371.root
./INPUTFILES/data_1207387581.root
./INPUTFILES/21EF1A6A9139C9FD2A38E59AFB466F9A_2280.local.list
./INPUTFILES/data_1208122711.root
./INPUTFILES/data_1207987391.root
./INPUTFILES/data_1208087331.root
./INPUTFILES/data_1208087401.root
./INPUTFILES/data_1207787451.root
./INPUTFILES/data_1207787441.root
./INPUTFILES/data_1207587521.root
./INPUTFILES/data_1207387611.root
./INPUTFILES/data_1207887591.root
./INPUTFILES/data_1207987341.root
./INPUTFILES/data_1207987461.root
./INPUTFILES/data_1208087321.root
./INPUTFILES/data_1207987351.root
./INPUTFILES/data_1208087381.root
./INPUTFILES/data_1207587511.root
./INPUTFILES/data_1208187301.root
./INPUTFILES/data_1207987481.root
./INPUTFILES/data_1207587531.root
./INPUTFILES/data_1207887621.root
./INPUTFILES/data_1207587491.root
./INPUTFILES/data_1207587501.root
./INPUTFILES/data_1207987471.root
./INPUTFILES/data_1207987541.root
./INPUTFILES/data_1207287661.root
./INPUTFILES/data_1207987361.root
./INPUTFILES/data_1207787421.root
./INPUTFILES/data_1207787431.root
./INPUTFILES/data_1207287761.root
./INPUTFILES/data_1207887601.root
./INPUTFILES/data_1208121061.root
++++++++++++++++INPUTFILE Var++++++++++++++++++
FILELIST=/tmp/maxwoo/21EF1A6A9139C9FD2A38E59AFB466F9A_2280/INPUTFILES/21EF1A6A9139C9FD2A38E59AFB466F9A_2280.local.list
INPUTFILECOUNT=37
INPUTFILE0=/tmp/maxwoo/21EF1A6A9139C9FD2A38E59AFB466F9A_2280/INPUTFILES/data_1207287661.root
INPUTFILE1=/tmp/maxwoo/21EF1A6A9139C9FD2A38E59AFB466F9A_2280/INPUTFILES/data_1207287761.root
INPUTFILE2=/tmp/maxwoo/21EF1A6A9139C9FD2A38E59AFB466F9A_2280/INPUTFILES/data_1207387571.root
INPUTFILE3=/tmp/maxwoo/21EF1A6A9139C9FD2A38E59AFB466F9A_2280/INPUTFILES/data_1207387581.root
INPUTFILE4=/tmp/maxwoo/21EF1A6A9139C9FD2A38E59AFB466F9A_2280/INPUTFILES/data_1207387611.root
INPUTFILE5=/tmp/maxwoo/21EF1A6A9139C9FD2A38E59AFB466F9A_2280/INPUTFILES/data_1207387631.root
INPUTFILE6=/tmp/maxwoo/21EF1A6A9139C9FD2A38E59AFB466F9A_2280/INPUTFILES/data_1207487551.root
INPUTFILE7=/tmp/maxwoo/21EF1A6A9139C9FD2A38E59AFB466F9A_2280/INPUTFILES/data_1207487561.root
INPUTFILE8=/tmp/maxwoo/21EF1A6A9139C9FD2A38E59AFB466F9A_2280/INPUTFILES/data_1207587491.root
INPUTFILE9=/tmp/maxwoo/21EF1A6A9139C9FD2A38E59AFB466F9A_2280/INPUTFILES/data_1207587501.root
INPUTFILE10=/tmp/maxwoo/21EF1A6A9139C9FD2A38E59AFB466F9A_2280/INPUTFILES/data_1207587511.root
INPUTFILE11=/tmp/maxwoo/21EF1A6A9139C9FD2A38E59AFB466F9A_2280/INPUTFILES/data_1207587521.root
INPUTFILE12=/tmp/maxwoo/21EF1A6A9139C9FD2A38E59AFB466F9A_2280/INPUTFILES/data_1207587531.root
INPUTFILE13=/tmp/maxwoo/21EF1A6A9139C9FD2A38E59AFB466F9A_2280/INPUTFILES/data_1207787421.root
INPUTFILE14=/tmp/maxwoo/21EF1A6A9139C9FD2A38E59AFB466F9A_2280/INPUTFILES/data_1207787431.root
INPUTFILE15=/tmp/maxwoo/21EF1A6A9139C9FD2A38E59AFB466F9A_2280/INPUTFILES/data_1207787441.root
INPUTFILE16=/tmp/maxwoo/21EF1A6A9139C9FD2A38E59AFB466F9A_2280/INPUTFILES/data_1207787451.root
INPUTFILE17=/tmp/maxwoo/21EF1A6A9139C9FD2A38E59AFB466F9A_2280/INPUTFILES/data_1207887411.root
INPUTFILE18=/tmp/maxwoo/21EF1A6A9139C9FD2A38E59AFB466F9A_2280/INPUTFILES/data_1207887591.root
INPUTFILE19=/tmp/maxwoo/21EF1A6A9139C9FD2A38E59AFB466F9A_2280/INPUTFILES/data_1207887601.root
INPUTFILE20=/tmp/maxwoo/21EF1A6A9139C9FD2A38E59AFB466F9A_2280/INPUTFILES/data_1207887621.root
INPUTFILE21=/tmp/maxwoo/21EF1A6A9139C9FD2A38E59AFB466F9A_2280/INPUTFILES/data_1207987341.root
INPUTFILE22=/tmp/maxwoo/21EF1A6A9139C9FD2A38E59AFB466F9A_2280/INPUTFILES/data_1207987351.root
INPUTFILE23=/tmp/maxwoo/21EF1A6A9139C9FD2A38E59AFB466F9A_2280/INPUTFILES/data_1207987361.root
INPUTFILE24=/tmp/maxwoo/21EF1A6A9139C9FD2A38E59AFB466F9A_2280/INPUTFILES/data_1207987371.root
INPUTFILE25=/tmp/maxwoo/21EF1A6A9139C9FD2A38E59AFB466F9A_2280/INPUTFILES/data_1207987391.root
INPUTFILE26=/tmp/maxwoo/21EF1A6A9139C9FD2A38E59AFB466F9A_2280/INPUTFILES/data_1207987461.root
INPUTFILE27=/tmp/maxwoo/21EF1A6A9139C9FD2A38E59AFB466F9A_2280/INPUTFILES/data_1207987471.root
INPUTFILE28=/tmp/maxwoo/21EF1A6A9139C9FD2A38E59AFB466F9A_2280/INPUTFILES/data_1207987481.root
INPUTFILE29=/tmp/maxwoo/21EF1A6A9139C9FD2A38E59AFB466F9A_2280/INPUTFILES/data_1207987541.root
INPUTFILE30=/tmp/maxwoo/21EF1A6A9139C9FD2A38E59AFB466F9A_2280/INPUTFILES/data_1208087321.root
INPUTFILE31=/tmp/maxwoo/21EF1A6A9139C9FD2A38E59AFB466F9A_2280/INPUTFILES/data_1208087331.root
INPUTFILE32=/tmp/maxwoo/21EF1A6A9139C9FD2A38E59AFB466F9A_2280/INPUTFILES/data_1208087381.root
INPUTFILE33=/tmp/maxwoo/21EF1A6A9139C9FD2A38E59AFB466F9A_2280/INPUTFILES/data_1208087401.root
INPUTFILE34=/tmp/maxwoo/21EF1A6A9139C9FD2A38E59AFB466F9A_2280/INPUTFILES/data_1208121061.root
INPUTFILE35=/tmp/maxwoo/21EF1A6A9139C9FD2A38E59AFB466F9A_2280/INPUTFILES/data_1208122711.root
INPUTFILE36=/tmp/maxwoo/21EF1A6A9139C9FD2A38E59AFB466F9A_2280/INPUTFILES/data_1208187301.root
LocalInputFileDir=/tmp/maxwoo/21EF1A6A9139C9FD2A38E59AFB466F9A_2280/INPUTFILES
NewFILELIST=/tmp/maxwoo/21EF1A6A9139C9FD2A38E59AFB466F9A_2280/INPUTFILES/21EF1A6A9139C9FD2A38E59AFB466F9A_2280.local.list
+++++++++++++++++++++++++++++++++++++++++++++++
--------------------------------
Simple Unified Meta Scheduler 1.10.50 we are starting in $SCRATCH : /home/tmp/maxwoo/21EF1A6A9139C9FD2A38E59AFB466F9A_2280
--------------------------------
total 16
lrwxrwxrwx 1 maxwoo rhstar   61 Jun  2 10:59 check_S.C -> /gpfs/mnt/gpfs01/star/pwg/xiatong/git/strangeness/./check_S.C
lrwxrwxrwx 1 maxwoo rhstar   65 Jun  2 10:59 Check_Sness.C -> /gpfs/mnt/gpfs01/star/pwg/xiatong/git/strangeness/./Check_Sness.C
drwxr-xr-x 2 maxwoo rhstar 4096 Jun  2 11:01 INPUTFILES
drwxr-xr-x 2 maxwoo rhstar 4096 Jun  2 10:59 lib
  *******************************************
  *                                         *
  *        W E L C O M E  to  R O O T       *
  *                                         *
  *   Version   5.34/38     12 March 2018   *
  *                                         *
  *  You are welcome to visit our Web site  *
  *          http://root.cern.ch            *
  *                                         *
  *******************************************

ROOT 5.34/38 (v5-34-38@v5-34-38, Mar 12 2018, 15:49:39 on linux)

CINT/ROOT C/C++ Interpreter version 5.18.00, July 2, 2010
Type ? for help. Commands must be C++ statements.
Enclose multiple statements between { }.
*** Float Point Exception is OFF ***
 *** Start at Date : Thu Jun  2 11:01:54 2022
QAInfo:You are using STAR_LEVEL : dev, ROOT_LEVEL : 5.34.38 and node : spool0532.sdcc.bnl.gov 

Processing check_S.C++("/tmp/maxwoo/21EF1A6A9139C9FD2A38E59AFB466F9A_2280/INPUTFILES/21EF1A6A9139C9FD2A38E59AFB466F9A_2280.local.list","21EF1A6A9139C9FD2A38E59AFB466F9A_2280",1)...
/tmp/maxwoo/21EF1A6A9139C9FD2A38E59AFB466F9A_2280/INPUTFILES/data_1207287661.root 
/tmp/maxwoo/21EF1A6A9139C9FD2A38E59AFB466F9A_2280/INPUTFILES/data_1207287761.root 
/tmp/maxwoo/21EF1A6A9139C9FD2A38E59AFB466F9A_2280/INPUTFILES/data_1207387571.root 
/tmp/maxwoo/21EF1A6A9139C9FD2A38E59AFB466F9A_2280/INPUTFILES/data_1207387581.root 
/tmp/maxwoo/21EF1A6A9139C9FD2A38E59AFB466F9A_2280/INPUTFILES/data_1207387611.root 
/tmp/maxwoo/21EF1A6A9139C9FD2A38E59AFB466F9A_2280/INPUTFILES/data_1207387631.root 
/tmp/maxwoo/21EF1A6A9139C9FD2A38E59AFB466F9A_2280/INPUTFILES/data_1207487551.root 
/tmp/maxwoo/21EF1A6A9139C9FD2A38E59AFB466F9A_2280/INPUTFILES/data_1207487561.root 
/tmp/maxwoo/21EF1A6A9139C9FD2A38E59AFB466F9A_2280/INPUTFILES/data_1207587491.root 
/tmp/maxwoo/21EF1A6A9139C9FD2A38E59AFB466F9A_2280/INPUTFILES/data_1207587501.root 
/tmp/maxwoo/21EF1A6A9139C9FD2A38E59AFB466F9A_2280/INPUTFILES/data_1207587511.root 
/tmp/maxwoo/21EF1A6A9139C9FD2A38E59AFB466F9A_2280/INPUTFILES/data_1207587521.root 
/tmp/maxwoo/21EF1A6A9139C9FD2A38E59AFB466F9A_2280/INPUTFILES/data_1207587531.root 
/tmp/maxwoo/21EF1A6A9139C9FD2A38E59AFB466F9A_2280/INPUTFILES/data_1207787421.root 
/tmp/maxwoo/21EF1A6A9139C9FD2A38E59AFB466F9A_2280/INPUTFILES/data_1207787431.root 
/tmp/maxwoo/21EF1A6A9139C9FD2A38E59AFB466F9A_2280/INPUTFILES/data_1207787441.root 
/tmp/maxwoo/21EF1A6A9139C9FD2A38E59AFB466F9A_2280/INPUTFILES/data_1207787451.root 
/tmp/maxwoo/21EF1A6A9139C9FD2A38E59AFB466F9A_2280/INPUTFILES/data_1207887411.root 
/tmp/maxwoo/21EF1A6A9139C9FD2A38E59AFB466F9A_2280/INPUTFILES/data_1207887591.root 
/tmp/maxwoo/21EF1A6A9139C9FD2A38E59AFB466F9A_2280/INPUTFILES/data_1207887601.root 
/tmp/maxwoo/21EF1A6A9139C9FD2A38E59AFB466F9A_2280/INPUTFILES/data_1207887621.root 
/tmp/maxwoo/21EF1A6A9139C9FD2A38E59AFB466F9A_2280/INPUTFILES/data_1207987341.root 
/tmp/maxwoo/21EF1A6A9139C9FD2A38E59AFB466F9A_2280/INPUTFILES/data_1207987351.root 
/tmp/maxwoo/21EF1A6A9139C9FD2A38E59AFB466F9A_2280/INPUTFILES/data_1207987361.root 
/tmp/maxwoo/21EF1A6A9139C9FD2A38E59AFB466F9A_2280/INPUTFILES/data_1207987371.root 
/tmp/maxwoo/21EF1A6A9139C9FD2A38E59AFB466F9A_2280/INPUTFILES/data_1207987391.root 
/tmp/maxwoo/21EF1A6A9139C9FD2A38E59AFB466F9A_2280/INPUTFILES/data_1207987461.root 
/tmp/maxwoo/21EF1A6A9139C9FD2A38E59AFB466F9A_2280/INPUTFILES/data_1207987471.root 
/tmp/maxwoo/21EF1A6A9139C9FD2A38E59AFB466F9A_2280/INPUTFILES/data_1207987481.root 
/tmp/maxwoo/21EF1A6A9139C9FD2A38E59AFB466F9A_2280/INPUTFILES/data_1207987541.root 
/tmp/maxwoo/21EF1A6A9139C9FD2A38E59AFB466F9A_2280/INPUTFILES/data_1208087321.root 
/tmp/maxwoo/21EF1A6A9139C9FD2A38E59AFB466F9A_2280/INPUTFILES/data_1208087331.root 
/tmp/maxwoo/21EF1A6A9139C9FD2A38E59AFB466F9A_2280/INPUTFILES/data_1208087381.root 
/tmp/maxwoo/21EF1A6A9139C9FD2A38E59AFB466F9A_2280/INPUTFILES/data_1208087401.root 
/tmp/maxwoo/21EF1A6A9139C9FD2A38E59AFB466F9A_2280/INPUTFILES/data_1208121061.root 
/tmp/maxwoo/21EF1A6A9139C9FD2A38E59AFB466F9A_2280/INPUTFILES/data_1208122711.root 
/tmp/maxwoo/21EF1A6A9139C9FD2A38E59AFB466F9A_2280/INPUTFILES/data_1208187301.root 
Added 37 files
# entries in chain: 35856
Processing entry == 1000 == out of 35856.
Processing entry == 2000 == out of 35856.
Processing entry == 3000 == out of 35856.
Processing entry == 4000 == out of 35856.
Processing entry == 5000 == out of 35856.
Processing entry == 6000 == out of 35856.
Processing entry == 7000 == out of 35856.
Processing entry == 8000 == out of 35856.
Processing entry == 9000 == out of 35856.
Processing entry == 10000 == out of 35856.
Processing entry == 11000 == out of 35856.
Processing entry == 12000 == out of 35856.
Processing entry == 13000 == out of 35856.
Processing entry == 14000 == out of 35856.
Processing entry == 15000 == out of 35856.
Processing entry == 16000 == out of 35856.
Processing entry == 17000 == out of 35856.
Processing entry == 18000 == out of 35856.
Processing entry == 19000 == out of 35856.
Processing entry == 20000 == out of 35856.
Processing entry == 21000 == out of 35856.
Processing entry == 22000 == out of 35856.
Processing entry == 23000 == out of 35856.
Processing entry == 24000 == out of 35856.
Processing entry == 25000 == out of 35856.
Processing entry == 26000 == out of 35856.
Processing entry == 27000 == out of 35856.
Processing entry == 28000 == out of 35856.
Processing entry == 29000 == out of 35856.
Processing entry == 30000 == out of 35856.
Processing entry == 31000 == out of 35856.
Processing entry == 32000 == out of 35856.
Processing entry == 33000 == out of 35856.
Processing entry == 34000 == out of 35856.
Processing entry == 35000 == out of 35856.

This is the end of ROOT -- Goodbye

Cleaning up sandbox file:  /tmp/maxwoo/21EF1A6A9139C9FD2A38E59AFB466F9A_2280/check_S.C
Cleaning up sandbox file:  /tmp/maxwoo/21EF1A6A9139C9FD2A38E59AFB466F9A_2280/Check_Sness.C
Cleaning up sandbox file:  /tmp/maxwoo/21EF1A6A9139C9FD2A38E59AFB466F9A_2280/lib
Cleaning up sandbox file:  /tmp/maxwoo/21EF1A6A9139C9FD2A38E59AFB466F9A_2280/.sandboxFiles
Starting copy block
Running copy command:  /bin/cp -fp /tmp/maxwoo/21EF1A6A9139C9FD2A38E59AFB466F9A_2280/out_21EF1A6A9139C9FD2A38E59AFB466F9A_2280.root /star/data01/pwg/xiatong/git/strangeness/data/
6458 Execution of (/star/data01/pwg/xiatong/git/strangeness/script/sched21EF1A6A9139C9FD2A38E59AFB466F9A_2280.csh ) has ended, exiting normally
6458 We END on [Thu Jun  2 11:22:12 EDT 2022]
