We are starting on node: rcas2007.rcf.bnl.gov
HOME is not defined
Using getent method
HOME is now /star/u/maxwoo
139768 We will spawn ourselves (/star/data01/pwg/xiatong/git/strangeness/script/sched21EF1A6A9139C9FD2A38E59AFB466F9A_2008.csh )
139768 We BEGIN on [Thu Jun  2 11:02:33 EDT 2022]
[1] 139970
139768 We are waiting for 139970 
139768 Grandchild PID is 140299 - found in 10 x 1 seconds
139768 Establishing first watcher   on    Thu Jun  2 11:02:44 EDT 2022
139768 Process tree is 139768 (main) -> 139970 (child) -> 140299 (grandchild)
F S   UID    PID   PPID  C PRI  NI ADDR SZ WCHAN  TTY        TIME CMD
0 D 100667 140299 139970  0 80   0 - 32311 cxiWai ?          0:00 cp /star/data01/pwg/xiatong/AMPT/14GeV/data_898194051.root /tmp/maxwoo/21EF1A6A9139C9FD2A38E59AFB466F9A_2008/INPUTFILES/data_898194051.root
139768 Grandchild PID is 143071 - found in 20 x 2 seconds
139768 Grandchild to watch has changed on Thu Jun  2 11:03:18 EDT 2022
139768 Process tree is 139768 (main) -> 139970 (child) -> 143071 (grandchild)
F S   UID    PID   PPID  C PRI  NI ADDR SZ WCHAN  TTY        TIME CMD
139768 Grandchild PID is 146326 - found in 40 x 2 seconds
139768 Grandchild to watch has changed on Thu Jun  2 11:04:00 EDT 2022
139768 Process tree is 139768 (main) -> 139970 (child) -> 146326 (grandchild)
F S   UID    PID   PPID  C PRI  NI ADDR SZ WCHAN  TTY        TIME CMD
0 D 100667 146326 139970  0 80   0 - 32311 cxiWai ?          0:00 cp /star/data01/pwg/xiatong/AMPT/14GeV/data_899087411.root /tmp/maxwoo/21EF1A6A9139C9FD2A38E59AFB466F9A_2008/INPUTFILES/data_899087411.root
139768 Grandchild PID is 149556 - found in 50 x 2 seconds
139768 Grandchild to watch has changed on Thu Jun  2 11:04:20 EDT 2022
139768 Process tree is 139768 (main) -> 139970 (child) -> 149556 (grandchild)
F S   UID    PID   PPID  C PRI  NI ADDR SZ WCHAN  TTY        TIME CMD
139768 Grandchild PID is 150210 - found in 60 x 2 seconds
139768 Grandchild to watch has changed on Thu Jun  2 11:04:41 EDT 2022
139768 Process tree is 139768 (main) -> 139970 (child) -> 150210 (grandchild)
F S   UID    PID   PPID  C PRI  NI ADDR SZ WCHAN  TTY        TIME CMD
0 S 100667 150210 139970  0 80   0 -  1272 do_wai ?          0:00 root -b -q check_S.C++("/tmp/maxwoo/21EF1A6A9139C9FD2A38E59AFB466F9A_2008/INPUTFILES/21EF1A6A9139C9FD2A38E59AFB466F9A_2008.local.list","21EF1A6A9139C9FD2A38E59AFB466F9A_2008",1)
139970 Stepping into the main SUMS wrapper program with []
.... building sandbox
Running: cp /star/data01/pwg/xiatong/AMPT/14GeV/data_898159301.root /tmp/maxwoo/21EF1A6A9139C9FD2A38E59AFB466F9A_2008/INPUTFILES/data_898159301.root
Running: cp /star/data01/pwg/xiatong/AMPT/14GeV/data_898174231.root /tmp/maxwoo/21EF1A6A9139C9FD2A38E59AFB466F9A_2008/INPUTFILES/data_898174231.root
Running: cp /star/data01/pwg/xiatong/AMPT/14GeV/data_898187581.root /tmp/maxwoo/21EF1A6A9139C9FD2A38E59AFB466F9A_2008/INPUTFILES/data_898187581.root
Running: cp /star/data01/pwg/xiatong/AMPT/14GeV/data_898187601.root /tmp/maxwoo/21EF1A6A9139C9FD2A38E59AFB466F9A_2008/INPUTFILES/data_898187601.root
Running: cp /star/data01/pwg/xiatong/AMPT/14GeV/data_898187611.root /tmp/maxwoo/21EF1A6A9139C9FD2A38E59AFB466F9A_2008/INPUTFILES/data_898187611.root
Running: cp /star/data01/pwg/xiatong/AMPT/14GeV/data_898194051.root /tmp/maxwoo/21EF1A6A9139C9FD2A38E59AFB466F9A_2008/INPUTFILES/data_898194051.root
Running: cp /star/data01/pwg/xiatong/AMPT/14GeV/data_898198721.root /tmp/maxwoo/21EF1A6A9139C9FD2A38E59AFB466F9A_2008/INPUTFILES/data_898198721.root
Running: cp /star/data01/pwg/xiatong/AMPT/14GeV/data_898287531.root /tmp/maxwoo/21EF1A6A9139C9FD2A38E59AFB466F9A_2008/INPUTFILES/data_898287531.root
Running: cp /star/data01/pwg/xiatong/AMPT/14GeV/data_898287551.root /tmp/maxwoo/21EF1A6A9139C9FD2A38E59AFB466F9A_2008/INPUTFILES/data_898287551.root
Running: cp /star/data01/pwg/xiatong/AMPT/14GeV/data_898287571.root /tmp/maxwoo/21EF1A6A9139C9FD2A38E59AFB466F9A_2008/INPUTFILES/data_898287571.root
Running: cp /star/data01/pwg/xiatong/AMPT/14GeV/data_898287591.root /tmp/maxwoo/21EF1A6A9139C9FD2A38E59AFB466F9A_2008/INPUTFILES/data_898287591.root
Running: cp /star/data01/pwg/xiatong/AMPT/14GeV/data_898387541.root /tmp/maxwoo/21EF1A6A9139C9FD2A38E59AFB466F9A_2008/INPUTFILES/data_898387541.root
Running: cp /star/data01/pwg/xiatong/AMPT/14GeV/data_898387561.root /tmp/maxwoo/21EF1A6A9139C9FD2A38E59AFB466F9A_2008/INPUTFILES/data_898387561.root
Running: cp /star/data01/pwg/xiatong/AMPT/14GeV/data_898487501.root /tmp/maxwoo/21EF1A6A9139C9FD2A38E59AFB466F9A_2008/INPUTFILES/data_898487501.root
Running: cp /star/data01/pwg/xiatong/AMPT/14GeV/data_898487521.root /tmp/maxwoo/21EF1A6A9139C9FD2A38E59AFB466F9A_2008/INPUTFILES/data_898487521.root
Running: cp /star/data01/pwg/xiatong/AMPT/14GeV/data_898587481.root /tmp/maxwoo/21EF1A6A9139C9FD2A38E59AFB466F9A_2008/INPUTFILES/data_898587481.root
Running: cp /star/data01/pwg/xiatong/AMPT/14GeV/data_898687461.root /tmp/maxwoo/21EF1A6A9139C9FD2A38E59AFB466F9A_2008/INPUTFILES/data_898687461.root
Running: cp /star/data01/pwg/xiatong/AMPT/14GeV/data_898687471.root /tmp/maxwoo/21EF1A6A9139C9FD2A38E59AFB466F9A_2008/INPUTFILES/data_898687471.root
Running: cp /star/data01/pwg/xiatong/AMPT/14GeV/data_898687491.root /tmp/maxwoo/21EF1A6A9139C9FD2A38E59AFB466F9A_2008/INPUTFILES/data_898687491.root
Running: cp /star/data01/pwg/xiatong/AMPT/14GeV/data_898787441.root /tmp/maxwoo/21EF1A6A9139C9FD2A38E59AFB466F9A_2008/INPUTFILES/data_898787441.root
Running: cp /star/data01/pwg/xiatong/AMPT/14GeV/data_898887421.root /tmp/maxwoo/21EF1A6A9139C9FD2A38E59AFB466F9A_2008/INPUTFILES/data_898887421.root
Running: cp /star/data01/pwg/xiatong/AMPT/14GeV/data_898887431.root /tmp/maxwoo/21EF1A6A9139C9FD2A38E59AFB466F9A_2008/INPUTFILES/data_898887431.root
Running: cp /star/data01/pwg/xiatong/AMPT/14GeV/data_898987451.root /tmp/maxwoo/21EF1A6A9139C9FD2A38E59AFB466F9A_2008/INPUTFILES/data_898987451.root
Running: cp /star/data01/pwg/xiatong/AMPT/14GeV/data_899087411.root /tmp/maxwoo/21EF1A6A9139C9FD2A38E59AFB466F9A_2008/INPUTFILES/data_899087411.root
Running: cp /star/data01/pwg/xiatong/AMPT/14GeV/data_899102191.root /tmp/maxwoo/21EF1A6A9139C9FD2A38E59AFB466F9A_2008/INPUTFILES/data_899102191.root
Running: cp /star/data01/pwg/xiatong/AMPT/14GeV/data_899107241.root /tmp/maxwoo/21EF1A6A9139C9FD2A38E59AFB466F9A_2008/INPUTFILES/data_899107241.root
Running: cp /star/data01/pwg/xiatong/AMPT/14GeV/data_899111631.root /tmp/maxwoo/21EF1A6A9139C9FD2A38E59AFB466F9A_2008/INPUTFILES/data_899111631.root
Running: cp /star/data01/pwg/xiatong/AMPT/14GeV/data_899114301.root /tmp/maxwoo/21EF1A6A9139C9FD2A38E59AFB466F9A_2008/INPUTFILES/data_899114301.root
Running: cp /star/data01/pwg/xiatong/AMPT/14GeV/data_899123881.root /tmp/maxwoo/21EF1A6A9139C9FD2A38E59AFB466F9A_2008/INPUTFILES/data_899123881.root
Running: cp /star/data01/pwg/xiatong/AMPT/14GeV/data_899123891.root /tmp/maxwoo/21EF1A6A9139C9FD2A38E59AFB466F9A_2008/INPUTFILES/data_899123891.root
Running: cp /star/data01/pwg/xiatong/AMPT/14GeV/data_899132691.root /tmp/maxwoo/21EF1A6A9139C9FD2A38E59AFB466F9A_2008/INPUTFILES/data_899132691.root
Running: cp /star/data01/pwg/xiatong/AMPT/14GeV/data_899144281.root /tmp/maxwoo/21EF1A6A9139C9FD2A38E59AFB466F9A_2008/INPUTFILES/data_899144281.root
Running: cp /star/data01/pwg/xiatong/AMPT/14GeV/data_899144631.root /tmp/maxwoo/21EF1A6A9139C9FD2A38E59AFB466F9A_2008/INPUTFILES/data_899144631.root
Running: cp /star/data01/pwg/xiatong/AMPT/14GeV/data_899155131.root /tmp/maxwoo/21EF1A6A9139C9FD2A38E59AFB466F9A_2008/INPUTFILES/data_899155131.root
Running: cp /star/data01/pwg/xiatong/AMPT/14GeV/data_899155281.root /tmp/maxwoo/21EF1A6A9139C9FD2A38E59AFB466F9A_2008/INPUTFILES/data_899155281.root
Running: cp /star/data01/pwg/xiatong/AMPT/14GeV/data_899155291.root /tmp/maxwoo/21EF1A6A9139C9FD2A38E59AFB466F9A_2008/INPUTFILES/data_899155291.root
Running: cp /star/data01/pwg/xiatong/AMPT/14GeV/data_899155311.root /tmp/maxwoo/21EF1A6A9139C9FD2A38E59AFB466F9A_2008/INPUTFILES/data_899155311.root
Swapping $FILELIST with: /tmp/maxwoo/21EF1A6A9139C9FD2A38E59AFB466F9A_2008/INPUTFILES/21EF1A6A9139C9FD2A38E59AFB466F9A_2008.local.list
+++++++++++local copy debug++++++++++++++++++++
newFileList: /tmp/maxwoo/21EF1A6A9139C9FD2A38E59AFB466F9A_2008/INPUTFILES/21EF1A6A9139C9FD2A38E59AFB466F9A_2008.local.list
++++++++++++++++cat FILELIST+++++++++++++++++++
/tmp/maxwoo/21EF1A6A9139C9FD2A38E59AFB466F9A_2008/INPUTFILES/data_898159301.root 
/tmp/maxwoo/21EF1A6A9139C9FD2A38E59AFB466F9A_2008/INPUTFILES/data_898174231.root 
/tmp/maxwoo/21EF1A6A9139C9FD2A38E59AFB466F9A_2008/INPUTFILES/data_898187581.root 
/tmp/maxwoo/21EF1A6A9139C9FD2A38E59AFB466F9A_2008/INPUTFILES/data_898187601.root 
/tmp/maxwoo/21EF1A6A9139C9FD2A38E59AFB466F9A_2008/INPUTFILES/data_898187611.root 
/tmp/maxwoo/21EF1A6A9139C9FD2A38E59AFB466F9A_2008/INPUTFILES/data_898194051.root 
/tmp/maxwoo/21EF1A6A9139C9FD2A38E59AFB466F9A_2008/INPUTFILES/data_898198721.root 
/tmp/maxwoo/21EF1A6A9139C9FD2A38E59AFB466F9A_2008/INPUTFILES/data_898287531.root 
/tmp/maxwoo/21EF1A6A9139C9FD2A38E59AFB466F9A_2008/INPUTFILES/data_898287551.root 
/tmp/maxwoo/21EF1A6A9139C9FD2A38E59AFB466F9A_2008/INPUTFILES/data_898287571.root 
/tmp/maxwoo/21EF1A6A9139C9FD2A38E59AFB466F9A_2008/INPUTFILES/data_898287591.root 
/tmp/maxwoo/21EF1A6A9139C9FD2A38E59AFB466F9A_2008/INPUTFILES/data_898387541.root 
/tmp/maxwoo/21EF1A6A9139C9FD2A38E59AFB466F9A_2008/INPUTFILES/data_898387561.root 
/tmp/maxwoo/21EF1A6A9139C9FD2A38E59AFB466F9A_2008/INPUTFILES/data_898487501.root 
/tmp/maxwoo/21EF1A6A9139C9FD2A38E59AFB466F9A_2008/INPUTFILES/data_898487521.root 
/tmp/maxwoo/21EF1A6A9139C9FD2A38E59AFB466F9A_2008/INPUTFILES/data_898587481.root 
/tmp/maxwoo/21EF1A6A9139C9FD2A38E59AFB466F9A_2008/INPUTFILES/data_898687461.root 
/tmp/maxwoo/21EF1A6A9139C9FD2A38E59AFB466F9A_2008/INPUTFILES/data_898687471.root 
/tmp/maxwoo/21EF1A6A9139C9FD2A38E59AFB466F9A_2008/INPUTFILES/data_898687491.root 
/tmp/maxwoo/21EF1A6A9139C9FD2A38E59AFB466F9A_2008/INPUTFILES/data_898787441.root 
/tmp/maxwoo/21EF1A6A9139C9FD2A38E59AFB466F9A_2008/INPUTFILES/data_898887421.root 
/tmp/maxwoo/21EF1A6A9139C9FD2A38E59AFB466F9A_2008/INPUTFILES/data_898887431.root 
/tmp/maxwoo/21EF1A6A9139C9FD2A38E59AFB466F9A_2008/INPUTFILES/data_898987451.root 
/tmp/maxwoo/21EF1A6A9139C9FD2A38E59AFB466F9A_2008/INPUTFILES/data_899087411.root 
/tmp/maxwoo/21EF1A6A9139C9FD2A38E59AFB466F9A_2008/INPUTFILES/data_899102191.root 
/tmp/maxwoo/21EF1A6A9139C9FD2A38E59AFB466F9A_2008/INPUTFILES/data_899107241.root 
/tmp/maxwoo/21EF1A6A9139C9FD2A38E59AFB466F9A_2008/INPUTFILES/data_899111631.root 
/tmp/maxwoo/21EF1A6A9139C9FD2A38E59AFB466F9A_2008/INPUTFILES/data_899114301.root 
/tmp/maxwoo/21EF1A6A9139C9FD2A38E59AFB466F9A_2008/INPUTFILES/data_899123881.root 
/tmp/maxwoo/21EF1A6A9139C9FD2A38E59AFB466F9A_2008/INPUTFILES/data_899123891.root 
/tmp/maxwoo/21EF1A6A9139C9FD2A38E59AFB466F9A_2008/INPUTFILES/data_899132691.root 
/tmp/maxwoo/21EF1A6A9139C9FD2A38E59AFB466F9A_2008/INPUTFILES/data_899144281.root 
/tmp/maxwoo/21EF1A6A9139C9FD2A38E59AFB466F9A_2008/INPUTFILES/data_899144631.root 
/tmp/maxwoo/21EF1A6A9139C9FD2A38E59AFB466F9A_2008/INPUTFILES/data_899155131.root 
/tmp/maxwoo/21EF1A6A9139C9FD2A38E59AFB466F9A_2008/INPUTFILES/data_899155281.root 
/tmp/maxwoo/21EF1A6A9139C9FD2A38E59AFB466F9A_2008/INPUTFILES/data_899155291.root 
/tmp/maxwoo/21EF1A6A9139C9FD2A38E59AFB466F9A_2008/INPUTFILES/data_899155311.root 
++++++++++++++++++++find.++++++++++++++++++++++
.
./lib
./lib/NpartNormalizer_cpp.so
./lib/CenMaker_cpp_ACLiC_dict_rdict.pcm
./lib/CenMaker_cpp.so
./lib/MixedBuffer.cpp
./lib/my_event_cpp.d
./lib/CenMaker.h
./lib/MixedBuffer_cpp.d
./lib/MixedBuffer_cpp.so
./lib/NpartNormalizer.h
./lib/MixedBuffer.h
./lib/CenMaker_cpp.d
./lib/my_event.cpp
./lib/MixedBuffer_cpp_ACLiC_dict_rdict.pcm
./lib/my_particle_cpp.so
./lib/my_event_cpp_ACLiC_dict_rdict.pcm
./lib/my_particle.cpp
./lib/NpartNormalizer.cpp
./lib/my_event_cpp.so
./lib/my_particle_cpp_ACLiC_dict_rdict.pcm
./lib/CenMaker.cpp
./lib/my_particle_cpp.d
./lib/my_event.h
./lib/my_particle.h
./lib/NpartNormalizer_cpp_ACLiC_dict_rdict.pcm
./lib/NpartNormalizer_cpp.d
./INPUTFILES
./INPUTFILES/data_898187601.root
./INPUTFILES/data_898187581.root
./INPUTFILES/data_898887421.root
./INPUTFILES/data_899155311.root
./INPUTFILES/data_898287571.root
./INPUTFILES/data_899144281.root
./INPUTFILES/data_899123891.root
./INPUTFILES/data_898287551.root
./INPUTFILES/data_898198721.root
./INPUTFILES/data_899114301.root
./INPUTFILES/21EF1A6A9139C9FD2A38E59AFB466F9A_2008.local.list
./INPUTFILES/data_899155131.root
./INPUTFILES/data_898687471.root
./INPUTFILES/data_899132691.root
./INPUTFILES/data_898487521.root
./INPUTFILES/data_899155291.root
./INPUTFILES/data_899107241.root
./INPUTFILES/data_899111631.root
./INPUTFILES/data_898187611.root
./INPUTFILES/data_898687491.root
./INPUTFILES/data_898587481.root
./INPUTFILES/data_898687461.root
./INPUTFILES/data_898487501.root
./INPUTFILES/data_898387561.root
./INPUTFILES/data_899087411.root
./INPUTFILES/data_898174231.root
./INPUTFILES/data_898287591.root
./INPUTFILES/data_898787441.root
./INPUTFILES/data_899144631.root
./INPUTFILES/data_898987451.root
./INPUTFILES/data_898159301.root
./INPUTFILES/data_898387541.root
./INPUTFILES/data_898194051.root
./INPUTFILES/data_898287531.root
./INPUTFILES/data_899123881.root
./INPUTFILES/data_899102191.root
./INPUTFILES/data_898887431.root
./INPUTFILES/data_899155281.root
./.output.log
./check_S.C
./.errror.log
./.sandboxFiles
./Check_Sness.C
++++++++++++++++INPUTFILE Var++++++++++++++++++
FILELIST=/tmp/maxwoo/21EF1A6A9139C9FD2A38E59AFB466F9A_2008/INPUTFILES/21EF1A6A9139C9FD2A38E59AFB466F9A_2008.local.list
INPUTFILECOUNT=37
INPUTFILE0=/tmp/maxwoo/21EF1A6A9139C9FD2A38E59AFB466F9A_2008/INPUTFILES/data_898159301.root
INPUTFILE1=/tmp/maxwoo/21EF1A6A9139C9FD2A38E59AFB466F9A_2008/INPUTFILES/data_898174231.root
INPUTFILE2=/tmp/maxwoo/21EF1A6A9139C9FD2A38E59AFB466F9A_2008/INPUTFILES/data_898187581.root
INPUTFILE3=/tmp/maxwoo/21EF1A6A9139C9FD2A38E59AFB466F9A_2008/INPUTFILES/data_898187601.root
INPUTFILE4=/tmp/maxwoo/21EF1A6A9139C9FD2A38E59AFB466F9A_2008/INPUTFILES/data_898187611.root
INPUTFILE5=/tmp/maxwoo/21EF1A6A9139C9FD2A38E59AFB466F9A_2008/INPUTFILES/data_898194051.root
INPUTFILE6=/tmp/maxwoo/21EF1A6A9139C9FD2A38E59AFB466F9A_2008/INPUTFILES/data_898198721.root
INPUTFILE7=/tmp/maxwoo/21EF1A6A9139C9FD2A38E59AFB466F9A_2008/INPUTFILES/data_898287531.root
INPUTFILE8=/tmp/maxwoo/21EF1A6A9139C9FD2A38E59AFB466F9A_2008/INPUTFILES/data_898287551.root
INPUTFILE9=/tmp/maxwoo/21EF1A6A9139C9FD2A38E59AFB466F9A_2008/INPUTFILES/data_898287571.root
INPUTFILE10=/tmp/maxwoo/21EF1A6A9139C9FD2A38E59AFB466F9A_2008/INPUTFILES/data_898287591.root
INPUTFILE11=/tmp/maxwoo/21EF1A6A9139C9FD2A38E59AFB466F9A_2008/INPUTFILES/data_898387541.root
INPUTFILE12=/tmp/maxwoo/21EF1A6A9139C9FD2A38E59AFB466F9A_2008/INPUTFILES/data_898387561.root
INPUTFILE13=/tmp/maxwoo/21EF1A6A9139C9FD2A38E59AFB466F9A_2008/INPUTFILES/data_898487501.root
INPUTFILE14=/tmp/maxwoo/21EF1A6A9139C9FD2A38E59AFB466F9A_2008/INPUTFILES/data_898487521.root
INPUTFILE15=/tmp/maxwoo/21EF1A6A9139C9FD2A38E59AFB466F9A_2008/INPUTFILES/data_898587481.root
INPUTFILE16=/tmp/maxwoo/21EF1A6A9139C9FD2A38E59AFB466F9A_2008/INPUTFILES/data_898687461.root
INPUTFILE17=/tmp/maxwoo/21EF1A6A9139C9FD2A38E59AFB466F9A_2008/INPUTFILES/data_898687471.root
INPUTFILE18=/tmp/maxwoo/21EF1A6A9139C9FD2A38E59AFB466F9A_2008/INPUTFILES/data_898687491.root
INPUTFILE19=/tmp/maxwoo/21EF1A6A9139C9FD2A38E59AFB466F9A_2008/INPUTFILES/data_898787441.root
INPUTFILE20=/tmp/maxwoo/21EF1A6A9139C9FD2A38E59AFB466F9A_2008/INPUTFILES/data_898887421.root
INPUTFILE21=/tmp/maxwoo/21EF1A6A9139C9FD2A38E59AFB466F9A_2008/INPUTFILES/data_898887431.root
INPUTFILE22=/tmp/maxwoo/21EF1A6A9139C9FD2A38E59AFB466F9A_2008/INPUTFILES/data_898987451.root
INPUTFILE23=/tmp/maxwoo/21EF1A6A9139C9FD2A38E59AFB466F9A_2008/INPUTFILES/data_899087411.root
INPUTFILE24=/tmp/maxwoo/21EF1A6A9139C9FD2A38E59AFB466F9A_2008/INPUTFILES/data_899102191.root
INPUTFILE25=/tmp/maxwoo/21EF1A6A9139C9FD2A38E59AFB466F9A_2008/INPUTFILES/data_899107241.root
INPUTFILE26=/tmp/maxwoo/21EF1A6A9139C9FD2A38E59AFB466F9A_2008/INPUTFILES/data_899111631.root
INPUTFILE27=/tmp/maxwoo/21EF1A6A9139C9FD2A38E59AFB466F9A_2008/INPUTFILES/data_899114301.root
INPUTFILE28=/tmp/maxwoo/21EF1A6A9139C9FD2A38E59AFB466F9A_2008/INPUTFILES/data_899123881.root
INPUTFILE29=/tmp/maxwoo/21EF1A6A9139C9FD2A38E59AFB466F9A_2008/INPUTFILES/data_899123891.root
INPUTFILE30=/tmp/maxwoo/21EF1A6A9139C9FD2A38E59AFB466F9A_2008/INPUTFILES/data_899132691.root
INPUTFILE31=/tmp/maxwoo/21EF1A6A9139C9FD2A38E59AFB466F9A_2008/INPUTFILES/data_899144281.root
INPUTFILE32=/tmp/maxwoo/21EF1A6A9139C9FD2A38E59AFB466F9A_2008/INPUTFILES/data_899144631.root
INPUTFILE33=/tmp/maxwoo/21EF1A6A9139C9FD2A38E59AFB466F9A_2008/INPUTFILES/data_899155131.root
INPUTFILE34=/tmp/maxwoo/21EF1A6A9139C9FD2A38E59AFB466F9A_2008/INPUTFILES/data_899155281.root
INPUTFILE35=/tmp/maxwoo/21EF1A6A9139C9FD2A38E59AFB466F9A_2008/INPUTFILES/data_899155291.root
INPUTFILE36=/tmp/maxwoo/21EF1A6A9139C9FD2A38E59AFB466F9A_2008/INPUTFILES/data_899155311.root
LocalInputFileDir=/tmp/maxwoo/21EF1A6A9139C9FD2A38E59AFB466F9A_2008/INPUTFILES
NewFILELIST=/tmp/maxwoo/21EF1A6A9139C9FD2A38E59AFB466F9A_2008/INPUTFILES/21EF1A6A9139C9FD2A38E59AFB466F9A_2008.local.list
+++++++++++++++++++++++++++++++++++++++++++++++
--------------------------------
Simple Unified Meta Scheduler 1.10.50 we are starting in $SCRATCH : /home/tmp/maxwoo/21EF1A6A9139C9FD2A38E59AFB466F9A_2008
--------------------------------
total 16
lrwxrwxrwx 1 maxwoo rhstar   61 Jun  2 11:02 check_S.C -> /gpfs/mnt/gpfs01/star/pwg/xiatong/git/strangeness/./check_S.C
lrwxrwxrwx 1 maxwoo rhstar   65 Jun  2 11:02 Check_Sness.C -> /gpfs/mnt/gpfs01/star/pwg/xiatong/git/strangeness/./Check_Sness.C
drwxr-xr-x 2 maxwoo rhstar 4096 Jun  2 11:04 INPUTFILES
drwxr-xr-x 2 maxwoo rhstar 4096 Jun  2 11:02 lib
  *******************************************
  *                                         *
  *        W E L C O M E  to  R O O T       *
  *                                         *
  *   Version   5.34/38     12 March 2018   *
  *                                         *
  *  You are welcome to visit our Web site  *
  *          http://root.cern.ch            *
  *                                         *
  *******************************************

ROOT 5.34/38 (v5-34-38@v5-34-38, Mar 12 2018, 15:49:39 on linux)

CINT/ROOT C/C++ Interpreter version 5.18.00, July 2, 2010
Type ? for help. Commands must be C++ statements.
Enclose multiple statements between { }.
*** Float Point Exception is OFF ***
 *** Start at Date : Thu Jun  2 11:04:22 2022
QAInfo:You are using STAR_LEVEL : dev, ROOT_LEVEL : 5.34.38 and node : rcas2007.rcf.bnl.gov 

Processing check_S.C++("/tmp/maxwoo/21EF1A6A9139C9FD2A38E59AFB466F9A_2008/INPUTFILES/21EF1A6A9139C9FD2A38E59AFB466F9A_2008.local.list","21EF1A6A9139C9FD2A38E59AFB466F9A_2008",1)...
/tmp/maxwoo/21EF1A6A9139C9FD2A38E59AFB466F9A_2008/INPUTFILES/data_898159301.root 
/tmp/maxwoo/21EF1A6A9139C9FD2A38E59AFB466F9A_2008/INPUTFILES/data_898174231.root 
/tmp/maxwoo/21EF1A6A9139C9FD2A38E59AFB466F9A_2008/INPUTFILES/data_898187581.root 
/tmp/maxwoo/21EF1A6A9139C9FD2A38E59AFB466F9A_2008/INPUTFILES/data_898187601.root 
/tmp/maxwoo/21EF1A6A9139C9FD2A38E59AFB466F9A_2008/INPUTFILES/data_898187611.root 
/tmp/maxwoo/21EF1A6A9139C9FD2A38E59AFB466F9A_2008/INPUTFILES/data_898194051.root 
/tmp/maxwoo/21EF1A6A9139C9FD2A38E59AFB466F9A_2008/INPUTFILES/data_898198721.root 
/tmp/maxwoo/21EF1A6A9139C9FD2A38E59AFB466F9A_2008/INPUTFILES/data_898287531.root 
/tmp/maxwoo/21EF1A6A9139C9FD2A38E59AFB466F9A_2008/INPUTFILES/data_898287551.root 
/tmp/maxwoo/21EF1A6A9139C9FD2A38E59AFB466F9A_2008/INPUTFILES/data_898287571.root 
/tmp/maxwoo/21EF1A6A9139C9FD2A38E59AFB466F9A_2008/INPUTFILES/data_898287591.root 
/tmp/maxwoo/21EF1A6A9139C9FD2A38E59AFB466F9A_2008/INPUTFILES/data_898387541.root 
/tmp/maxwoo/21EF1A6A9139C9FD2A38E59AFB466F9A_2008/INPUTFILES/data_898387561.root 
/tmp/maxwoo/21EF1A6A9139C9FD2A38E59AFB466F9A_2008/INPUTFILES/data_898487501.root 
/tmp/maxwoo/21EF1A6A9139C9FD2A38E59AFB466F9A_2008/INPUTFILES/data_898487521.root 
/tmp/maxwoo/21EF1A6A9139C9FD2A38E59AFB466F9A_2008/INPUTFILES/data_898587481.root 
/tmp/maxwoo/21EF1A6A9139C9FD2A38E59AFB466F9A_2008/INPUTFILES/data_898687461.root 
/tmp/maxwoo/21EF1A6A9139C9FD2A38E59AFB466F9A_2008/INPUTFILES/data_898687471.root 
/tmp/maxwoo/21EF1A6A9139C9FD2A38E59AFB466F9A_2008/INPUTFILES/data_898687491.root 
/tmp/maxwoo/21EF1A6A9139C9FD2A38E59AFB466F9A_2008/INPUTFILES/data_898787441.root 
/tmp/maxwoo/21EF1A6A9139C9FD2A38E59AFB466F9A_2008/INPUTFILES/data_898887421.root 
/tmp/maxwoo/21EF1A6A9139C9FD2A38E59AFB466F9A_2008/INPUTFILES/data_898887431.root 
/tmp/maxwoo/21EF1A6A9139C9FD2A38E59AFB466F9A_2008/INPUTFILES/data_898987451.root 
/tmp/maxwoo/21EF1A6A9139C9FD2A38E59AFB466F9A_2008/INPUTFILES/data_899087411.root 
/tmp/maxwoo/21EF1A6A9139C9FD2A38E59AFB466F9A_2008/INPUTFILES/data_899102191.root 
/tmp/maxwoo/21EF1A6A9139C9FD2A38E59AFB466F9A_2008/INPUTFILES/data_899107241.root 
/tmp/maxwoo/21EF1A6A9139C9FD2A38E59AFB466F9A_2008/INPUTFILES/data_899111631.root 
/tmp/maxwoo/21EF1A6A9139C9FD2A38E59AFB466F9A_2008/INPUTFILES/data_899114301.root 
/tmp/maxwoo/21EF1A6A9139C9FD2A38E59AFB466F9A_2008/INPUTFILES/data_899123881.root 
/tmp/maxwoo/21EF1A6A9139C9FD2A38E59AFB466F9A_2008/INPUTFILES/data_899123891.root 
/tmp/maxwoo/21EF1A6A9139C9FD2A38E59AFB466F9A_2008/INPUTFILES/data_899132691.root 
/tmp/maxwoo/21EF1A6A9139C9FD2A38E59AFB466F9A_2008/INPUTFILES/data_899144281.root 
/tmp/maxwoo/21EF1A6A9139C9FD2A38E59AFB466F9A_2008/INPUTFILES/data_899144631.root 
/tmp/maxwoo/21EF1A6A9139C9FD2A38E59AFB466F9A_2008/INPUTFILES/data_899155131.root 
/tmp/maxwoo/21EF1A6A9139C9FD2A38E59AFB466F9A_2008/INPUTFILES/data_899155281.root 
/tmp/maxwoo/21EF1A6A9139C9FD2A38E59AFB466F9A_2008/INPUTFILES/data_899155291.root 
/tmp/maxwoo/21EF1A6A9139C9FD2A38E59AFB466F9A_2008/INPUTFILES/data_899155311.root 
Added 37 files
# entries in chain: 37000
Processing entry == 1000 == out of 37000.
Processing entry == 2000 == out of 37000.
Processing entry == 3000 == out of 37000.
Processing entry == 4000 == out of 37000.
Processing entry == 5000 == out of 37000.
Processing entry == 6000 == out of 37000.
Processing entry == 7000 == out of 37000.
Processing entry == 8000 == out of 37000.
Processing entry == 9000 == out of 37000.
Processing entry == 10000 == out of 37000.
Processing entry == 11000 == out of 37000.
Processing entry == 12000 == out of 37000.
Processing entry == 13000 == out of 37000.
Processing entry == 14000 == out of 37000.
Processing entry == 15000 == out of 37000.
Processing entry == 16000 == out of 37000.
Processing entry == 17000 == out of 37000.
Processing entry == 18000 == out of 37000.
Processing entry == 19000 == out of 37000.
Processing entry == 20000 == out of 37000.
Processing entry == 21000 == out of 37000.
Processing entry == 22000 == out of 37000.
Processing entry == 23000 == out of 37000.
Processing entry == 24000 == out of 37000.
Processing entry == 25000 == out of 37000.
Processing entry == 26000 == out of 37000.
Processing entry == 27000 == out of 37000.
Processing entry == 28000 == out of 37000.
Processing entry == 29000 == out of 37000.
Processing entry == 30000 == out of 37000.
Processing entry == 31000 == out of 37000.
Processing entry == 32000 == out of 37000.
Processing entry == 33000 == out of 37000.
Processing entry == 34000 == out of 37000.
Processing entry == 35000 == out of 37000.
Processing entry == 36000 == out of 37000.
Processing entry == 37000 == out of 37000.

This is the end of ROOT -- Goodbye

Cleaning up sandbox file:  /tmp/maxwoo/21EF1A6A9139C9FD2A38E59AFB466F9A_2008/check_S.C
Cleaning up sandbox file:  /tmp/maxwoo/21EF1A6A9139C9FD2A38E59AFB466F9A_2008/Check_Sness.C
Cleaning up sandbox file:  /tmp/maxwoo/21EF1A6A9139C9FD2A38E59AFB466F9A_2008/lib
Cleaning up sandbox file:  /tmp/maxwoo/21EF1A6A9139C9FD2A38E59AFB466F9A_2008/.sandboxFiles
Starting copy block
Running copy command:  /bin/cp -fp /tmp/maxwoo/21EF1A6A9139C9FD2A38E59AFB466F9A_2008/out_21EF1A6A9139C9FD2A38E59AFB466F9A_2008.root /star/data01/pwg/xiatong/git/strangeness/data/
139768 Execution of (/star/data01/pwg/xiatong/git/strangeness/script/sched21EF1A6A9139C9FD2A38E59AFB466F9A_2008.csh ) has ended, exiting normally
139768 We END on [Thu Jun  2 11:21:59 EDT 2022]
