We are starting on node: spool0131.sdcc.bnl.gov
HOME is not defined
Using getent method
HOME is now /star/u/maxwoo
16878 We will spawn ourselves (/star/data01/pwg/xiatong/git/strangeness/script/sched21EF1A6A9139C9FD2A38E59AFB466F9A_2490.csh )
16878 We BEGIN on [Thu Jun  2 10:58:54 EDT 2022]
[1] 17409
16878 We are waiting for 17409 
16878 Grandchild PID is 24154 - found in 10 x 1 seconds
16878 Establishing first watcher   on    Thu Jun  2 10:59:05 EDT 2022
16878 Process tree is 16878 (main) -> 17409 (child) -> 24154 (grandchild)
F S   UID    PID   PPID  C PRI  NI ADDR SZ WCHAN  TTY        TIME CMD
0 D 100667 24154  17409  0  80   0 - 32311 cxiWai ?          0:00 cp /star/data01/pwg/xiatong/AMPT/14GeV/data_1388330131.root /tmp/maxwoo/21EF1A6A9139C9FD2A38E59AFB466F9A_2490/INPUTFILES/data_1388330131.root
16878 Grandchild PID is 26384 - found in 20 x 2 seconds
16878 Grandchild to watch has changed on Thu Jun  2 10:59:26 EDT 2022
16878 Process tree is 16878 (main) -> 17409 (child) -> 26384 (grandchild)
F S   UID    PID   PPID  C PRI  NI ADDR SZ WCHAN  TTY        TIME CMD
0 D 100667 26384  17409  0  80   0 - 32311 cxiWai ?          0:00 cp /star/data01/pwg/xiatong/AMPT/14GeV/data_1388630111.root /tmp/maxwoo/21EF1A6A9139C9FD2A38E59AFB466F9A_2490/INPUTFILES/data_1388630111.root
16878 Grandchild PID is 35296 - found in 40 x 2 seconds
16878 Grandchild to watch has changed on Thu Jun  2 11:00:08 EDT 2022
16878 Process tree is 16878 (main) -> 17409 (child) -> 35296 (grandchild)
F S   UID    PID   PPID  C PRI  NI ADDR SZ WCHAN  TTY        TIME CMD
0 D 100667 35296  17409  0  80   0 - 32311 cxiWai ?          0:00 cp /star/data01/pwg/xiatong/AMPT/14GeV/data_1389129851.root /tmp/maxwoo/21EF1A6A9139C9FD2A38E59AFB466F9A_2490/INPUTFILES/data_1389129851.root
16878 Grandchild PID is 36795 - found in 50 x 2 seconds
16878 Grandchild to watch has changed on Thu Jun  2 11:00:29 EDT 2022
16878 Process tree is 16878 (main) -> 17409 (child) -> 36795 (grandchild)
F S   UID    PID   PPID  C PRI  NI ADDR SZ WCHAN  TTY        TIME CMD
0 S 100667 36795  17409  0  80   0 -  1272 do_wai ?          0:00 root -b -q check_S.C++("/tmp/maxwoo/21EF1A6A9139C9FD2A38E59AFB466F9A_2490/INPUTFILES/21EF1A6A9139C9FD2A38E59AFB466F9A_2490.local.list","21EF1A6A9139C9FD2A38E59AFB466F9A_2490",1)
17409 Stepping into the main SUMS wrapper program with []
.... building sandbox
Running: cp /star/data01/pwg/xiatong/AMPT/14GeV/data_1388130221.root /tmp/maxwoo/21EF1A6A9139C9FD2A38E59AFB466F9A_2490/INPUTFILES/data_1388130221.root
Running: cp /star/data01/pwg/xiatong/AMPT/14GeV/data_1388189521.root /tmp/maxwoo/21EF1A6A9139C9FD2A38E59AFB466F9A_2490/INPUTFILES/data_1388189521.root
Running: cp /star/data01/pwg/xiatong/AMPT/14GeV/data_1388230151.root /tmp/maxwoo/21EF1A6A9139C9FD2A38E59AFB466F9A_2490/INPUTFILES/data_1388230151.root
Running: cp /star/data01/pwg/xiatong/AMPT/14GeV/data_1388230171.root /tmp/maxwoo/21EF1A6A9139C9FD2A38E59AFB466F9A_2490/INPUTFILES/data_1388230171.root
Running: cp /star/data01/pwg/xiatong/AMPT/14GeV/data_1388230231.root /tmp/maxwoo/21EF1A6A9139C9FD2A38E59AFB466F9A_2490/INPUTFILES/data_1388230231.root
Running: cp /star/data01/pwg/xiatong/AMPT/14GeV/data_1388330131.root /tmp/maxwoo/21EF1A6A9139C9FD2A38E59AFB466F9A_2490/INPUTFILES/data_1388330131.root
Running: cp /star/data01/pwg/xiatong/AMPT/14GeV/data_1388330141.root /tmp/maxwoo/21EF1A6A9139C9FD2A38E59AFB466F9A_2490/INPUTFILES/data_1388330141.root
Running: cp /star/data01/pwg/xiatong/AMPT/14GeV/data_1388430121.root /tmp/maxwoo/21EF1A6A9139C9FD2A38E59AFB466F9A_2490/INPUTFILES/data_1388430121.root
Running: cp /star/data01/pwg/xiatong/AMPT/14GeV/data_1388630061.root /tmp/maxwoo/21EF1A6A9139C9FD2A38E59AFB466F9A_2490/INPUTFILES/data_1388630061.root
Running: cp /star/data01/pwg/xiatong/AMPT/14GeV/data_1388630081.root /tmp/maxwoo/21EF1A6A9139C9FD2A38E59AFB466F9A_2490/INPUTFILES/data_1388630081.root
Running: cp /star/data01/pwg/xiatong/AMPT/14GeV/data_1388630091.root /tmp/maxwoo/21EF1A6A9139C9FD2A38E59AFB466F9A_2490/INPUTFILES/data_1388630091.root
Running: cp /star/data01/pwg/xiatong/AMPT/14GeV/data_1388630111.root /tmp/maxwoo/21EF1A6A9139C9FD2A38E59AFB466F9A_2490/INPUTFILES/data_1388630111.root
Running: cp /star/data01/pwg/xiatong/AMPT/14GeV/data_1388730041.root /tmp/maxwoo/21EF1A6A9139C9FD2A38E59AFB466F9A_2490/INPUTFILES/data_1388730041.root
Running: cp /star/data01/pwg/xiatong/AMPT/14GeV/data_1388730051.root /tmp/maxwoo/21EF1A6A9139C9FD2A38E59AFB466F9A_2490/INPUTFILES/data_1388730051.root
Running: cp /star/data01/pwg/xiatong/AMPT/14GeV/data_1388730071.root /tmp/maxwoo/21EF1A6A9139C9FD2A38E59AFB466F9A_2490/INPUTFILES/data_1388730071.root
Running: cp /star/data01/pwg/xiatong/AMPT/14GeV/data_1388730101.root /tmp/maxwoo/21EF1A6A9139C9FD2A38E59AFB466F9A_2490/INPUTFILES/data_1388730101.root
Running: cp /star/data01/pwg/xiatong/AMPT/14GeV/data_1388829991.root /tmp/maxwoo/21EF1A6A9139C9FD2A38E59AFB466F9A_2490/INPUTFILES/data_1388829991.root
Running: cp /star/data01/pwg/xiatong/AMPT/14GeV/data_1388830001.root /tmp/maxwoo/21EF1A6A9139C9FD2A38E59AFB466F9A_2490/INPUTFILES/data_1388830001.root
Running: cp /star/data01/pwg/xiatong/AMPT/14GeV/data_1388830011.root /tmp/maxwoo/21EF1A6A9139C9FD2A38E59AFB466F9A_2490/INPUTFILES/data_1388830011.root
Running: cp /star/data01/pwg/xiatong/AMPT/14GeV/data_1388830021.root /tmp/maxwoo/21EF1A6A9139C9FD2A38E59AFB466F9A_2490/INPUTFILES/data_1388830021.root
Running: cp /star/data01/pwg/xiatong/AMPT/14GeV/data_1388830031.root /tmp/maxwoo/21EF1A6A9139C9FD2A38E59AFB466F9A_2490/INPUTFILES/data_1388830031.root
Running: cp /star/data01/pwg/xiatong/AMPT/14GeV/data_1388830291.root /tmp/maxwoo/21EF1A6A9139C9FD2A38E59AFB466F9A_2490/INPUTFILES/data_1388830291.root
Running: cp /star/data01/pwg/xiatong/AMPT/14GeV/data_1388929921.root /tmp/maxwoo/21EF1A6A9139C9FD2A38E59AFB466F9A_2490/INPUTFILES/data_1388929921.root
Running: cp /star/data01/pwg/xiatong/AMPT/14GeV/data_1388929951.root /tmp/maxwoo/21EF1A6A9139C9FD2A38E59AFB466F9A_2490/INPUTFILES/data_1388929951.root
Running: cp /star/data01/pwg/xiatong/AMPT/14GeV/data_1388929961.root /tmp/maxwoo/21EF1A6A9139C9FD2A38E59AFB466F9A_2490/INPUTFILES/data_1388929961.root
Running: cp /star/data01/pwg/xiatong/AMPT/14GeV/data_1388929971.root /tmp/maxwoo/21EF1A6A9139C9FD2A38E59AFB466F9A_2490/INPUTFILES/data_1388929971.root
Running: cp /star/data01/pwg/xiatong/AMPT/14GeV/data_1388929981.root /tmp/maxwoo/21EF1A6A9139C9FD2A38E59AFB466F9A_2490/INPUTFILES/data_1388929981.root
Running: cp /star/data01/pwg/xiatong/AMPT/14GeV/data_1389029901.root /tmp/maxwoo/21EF1A6A9139C9FD2A38E59AFB466F9A_2490/INPUTFILES/data_1389029901.root
Running: cp /star/data01/pwg/xiatong/AMPT/14GeV/data_1389029941.root /tmp/maxwoo/21EF1A6A9139C9FD2A38E59AFB466F9A_2490/INPUTFILES/data_1389029941.root
Running: cp /star/data01/pwg/xiatong/AMPT/14GeV/data_1389110751.root /tmp/maxwoo/21EF1A6A9139C9FD2A38E59AFB466F9A_2490/INPUTFILES/data_1389110751.root
Running: cp /star/data01/pwg/xiatong/AMPT/14GeV/data_1389125381.root /tmp/maxwoo/21EF1A6A9139C9FD2A38E59AFB466F9A_2490/INPUTFILES/data_1389125381.root
Running: cp /star/data01/pwg/xiatong/AMPT/14GeV/data_1389129851.root /tmp/maxwoo/21EF1A6A9139C9FD2A38E59AFB466F9A_2490/INPUTFILES/data_1389129851.root
Running: cp /star/data01/pwg/xiatong/AMPT/14GeV/data_1389129861.root /tmp/maxwoo/21EF1A6A9139C9FD2A38E59AFB466F9A_2490/INPUTFILES/data_1389129861.root
Running: cp /star/data01/pwg/xiatong/AMPT/14GeV/data_1389129871.root /tmp/maxwoo/21EF1A6A9139C9FD2A38E59AFB466F9A_2490/INPUTFILES/data_1389129871.root
Running: cp /star/data01/pwg/xiatong/AMPT/14GeV/data_1389129881.root /tmp/maxwoo/21EF1A6A9139C9FD2A38E59AFB466F9A_2490/INPUTFILES/data_1389129881.root
Running: cp /star/data01/pwg/xiatong/AMPT/14GeV/data_1389129911.root /tmp/maxwoo/21EF1A6A9139C9FD2A38E59AFB466F9A_2490/INPUTFILES/data_1389129911.root
Running: cp /star/data01/pwg/xiatong/AMPT/14GeV/data_1389129931.root /tmp/maxwoo/21EF1A6A9139C9FD2A38E59AFB466F9A_2490/INPUTFILES/data_1389129931.root
Swapping $FILELIST with: /tmp/maxwoo/21EF1A6A9139C9FD2A38E59AFB466F9A_2490/INPUTFILES/21EF1A6A9139C9FD2A38E59AFB466F9A_2490.local.list
+++++++++++local copy debug++++++++++++++++++++
newFileList: /tmp/maxwoo/21EF1A6A9139C9FD2A38E59AFB466F9A_2490/INPUTFILES/21EF1A6A9139C9FD2A38E59AFB466F9A_2490.local.list
++++++++++++++++cat FILELIST+++++++++++++++++++
/tmp/maxwoo/21EF1A6A9139C9FD2A38E59AFB466F9A_2490/INPUTFILES/data_1388130221.root 
/tmp/maxwoo/21EF1A6A9139C9FD2A38E59AFB466F9A_2490/INPUTFILES/data_1388189521.root 
/tmp/maxwoo/21EF1A6A9139C9FD2A38E59AFB466F9A_2490/INPUTFILES/data_1388230151.root 
/tmp/maxwoo/21EF1A6A9139C9FD2A38E59AFB466F9A_2490/INPUTFILES/data_1388230171.root 
/tmp/maxwoo/21EF1A6A9139C9FD2A38E59AFB466F9A_2490/INPUTFILES/data_1388230231.root 
/tmp/maxwoo/21EF1A6A9139C9FD2A38E59AFB466F9A_2490/INPUTFILES/data_1388330131.root 
/tmp/maxwoo/21EF1A6A9139C9FD2A38E59AFB466F9A_2490/INPUTFILES/data_1388330141.root 
/tmp/maxwoo/21EF1A6A9139C9FD2A38E59AFB466F9A_2490/INPUTFILES/data_1388430121.root 
/tmp/maxwoo/21EF1A6A9139C9FD2A38E59AFB466F9A_2490/INPUTFILES/data_1388630061.root 
/tmp/maxwoo/21EF1A6A9139C9FD2A38E59AFB466F9A_2490/INPUTFILES/data_1388630081.root 
/tmp/maxwoo/21EF1A6A9139C9FD2A38E59AFB466F9A_2490/INPUTFILES/data_1388630091.root 
/tmp/maxwoo/21EF1A6A9139C9FD2A38E59AFB466F9A_2490/INPUTFILES/data_1388630111.root 
/tmp/maxwoo/21EF1A6A9139C9FD2A38E59AFB466F9A_2490/INPUTFILES/data_1388730041.root 
/tmp/maxwoo/21EF1A6A9139C9FD2A38E59AFB466F9A_2490/INPUTFILES/data_1388730051.root 
/tmp/maxwoo/21EF1A6A9139C9FD2A38E59AFB466F9A_2490/INPUTFILES/data_1388730071.root 
/tmp/maxwoo/21EF1A6A9139C9FD2A38E59AFB466F9A_2490/INPUTFILES/data_1388730101.root 
/tmp/maxwoo/21EF1A6A9139C9FD2A38E59AFB466F9A_2490/INPUTFILES/data_1388829991.root 
/tmp/maxwoo/21EF1A6A9139C9FD2A38E59AFB466F9A_2490/INPUTFILES/data_1388830001.root 
/tmp/maxwoo/21EF1A6A9139C9FD2A38E59AFB466F9A_2490/INPUTFILES/data_1388830011.root 
/tmp/maxwoo/21EF1A6A9139C9FD2A38E59AFB466F9A_2490/INPUTFILES/data_1388830021.root 
/tmp/maxwoo/21EF1A6A9139C9FD2A38E59AFB466F9A_2490/INPUTFILES/data_1388830031.root 
/tmp/maxwoo/21EF1A6A9139C9FD2A38E59AFB466F9A_2490/INPUTFILES/data_1388830291.root 
/tmp/maxwoo/21EF1A6A9139C9FD2A38E59AFB466F9A_2490/INPUTFILES/data_1388929921.root 
/tmp/maxwoo/21EF1A6A9139C9FD2A38E59AFB466F9A_2490/INPUTFILES/data_1388929951.root 
/tmp/maxwoo/21EF1A6A9139C9FD2A38E59AFB466F9A_2490/INPUTFILES/data_1388929961.root 
/tmp/maxwoo/21EF1A6A9139C9FD2A38E59AFB466F9A_2490/INPUTFILES/data_1388929971.root 
/tmp/maxwoo/21EF1A6A9139C9FD2A38E59AFB466F9A_2490/INPUTFILES/data_1388929981.root 
/tmp/maxwoo/21EF1A6A9139C9FD2A38E59AFB466F9A_2490/INPUTFILES/data_1389029901.root 
/tmp/maxwoo/21EF1A6A9139C9FD2A38E59AFB466F9A_2490/INPUTFILES/data_1389029941.root 
/tmp/maxwoo/21EF1A6A9139C9FD2A38E59AFB466F9A_2490/INPUTFILES/data_1389110751.root 
/tmp/maxwoo/21EF1A6A9139C9FD2A38E59AFB466F9A_2490/INPUTFILES/data_1389125381.root 
/tmp/maxwoo/21EF1A6A9139C9FD2A38E59AFB466F9A_2490/INPUTFILES/data_1389129851.root 
/tmp/maxwoo/21EF1A6A9139C9FD2A38E59AFB466F9A_2490/INPUTFILES/data_1389129861.root 
/tmp/maxwoo/21EF1A6A9139C9FD2A38E59AFB466F9A_2490/INPUTFILES/data_1389129871.root 
/tmp/maxwoo/21EF1A6A9139C9FD2A38E59AFB466F9A_2490/INPUTFILES/data_1389129881.root 
/tmp/maxwoo/21EF1A6A9139C9FD2A38E59AFB466F9A_2490/INPUTFILES/data_1389129911.root 
/tmp/maxwoo/21EF1A6A9139C9FD2A38E59AFB466F9A_2490/INPUTFILES/data_1389129931.root 
++++++++++++++++++++find.++++++++++++++++++++++
.
./check_S.C
./.sandboxFiles
./Check_Sness.C
./.output.log
./INPUTFILES
./INPUTFILES/data_1389129911.root
./INPUTFILES/data_1388630091.root
./INPUTFILES/data_1389110751.root
./INPUTFILES/data_1388830291.root
./INPUTFILES/data_1388330141.root
./INPUTFILES/data_1388630081.root
./INPUTFILES/data_1388730051.root
./INPUTFILES/data_1389029941.root
./INPUTFILES/data_1388730041.root
./INPUTFILES/data_1389125381.root
./INPUTFILES/data_1388430121.root
./INPUTFILES/data_1389129861.root
./INPUTFILES/21EF1A6A9139C9FD2A38E59AFB466F9A_2490.local.list
./INPUTFILES/data_1388830031.root
./INPUTFILES/data_1388929961.root
./INPUTFILES/data_1389129871.root
./INPUTFILES/data_1389129851.root
./INPUTFILES/data_1389129931.root
./INPUTFILES/data_1389029901.root
./INPUTFILES/data_1388830001.root
./INPUTFILES/data_1388630111.root
./INPUTFILES/data_1388929951.root
./INPUTFILES/data_1388330131.root
./INPUTFILES/data_1388929921.root
./INPUTFILES/data_1388829991.root
./INPUTFILES/data_1388830021.root
./INPUTFILES/data_1389129881.root
./INPUTFILES/data_1388630061.root
./INPUTFILES/data_1388230171.root
./INPUTFILES/data_1388929981.root
./INPUTFILES/data_1388730101.root
./INPUTFILES/data_1388730071.root
./INPUTFILES/data_1388189521.root
./INPUTFILES/data_1388230151.root
./INPUTFILES/data_1388230231.root
./INPUTFILES/data_1388830011.root
./INPUTFILES/data_1388130221.root
./INPUTFILES/data_1388929971.root
./.errror.log
./lib
./lib/my_particle_cpp.d
./lib/MixedBuffer.cpp
./lib/MixedBuffer_cpp.so
./lib/NpartNormalizer_cpp.d
./lib/my_event.h
./lib/MixedBuffer_cpp_ACLiC_dict_rdict.pcm
./lib/my_particle.cpp
./lib/MixedBuffer_cpp.d
./lib/my_particle_cpp.so
./lib/my_event_cpp.d
./lib/CenMaker.h
./lib/my_event_cpp_ACLiC_dict_rdict.pcm
./lib/CenMaker_cpp.so
./lib/NpartNormalizer.cpp
./lib/my_particle.h
./lib/NpartNormalizer_cpp_ACLiC_dict_rdict.pcm
./lib/NpartNormalizer_cpp.so
./lib/my_event_cpp.so
./lib/CenMaker_cpp_ACLiC_dict_rdict.pcm
./lib/MixedBuffer.h
./lib/NpartNormalizer.h
./lib/my_particle_cpp_ACLiC_dict_rdict.pcm
./lib/CenMaker_cpp.d
./lib/my_event.cpp
./lib/CenMaker.cpp
++++++++++++++++INPUTFILE Var++++++++++++++++++
FILELIST=/tmp/maxwoo/21EF1A6A9139C9FD2A38E59AFB466F9A_2490/INPUTFILES/21EF1A6A9139C9FD2A38E59AFB466F9A_2490.local.list
INPUTFILECOUNT=37
INPUTFILE0=/tmp/maxwoo/21EF1A6A9139C9FD2A38E59AFB466F9A_2490/INPUTFILES/data_1388130221.root
INPUTFILE1=/tmp/maxwoo/21EF1A6A9139C9FD2A38E59AFB466F9A_2490/INPUTFILES/data_1388189521.root
INPUTFILE2=/tmp/maxwoo/21EF1A6A9139C9FD2A38E59AFB466F9A_2490/INPUTFILES/data_1388230151.root
INPUTFILE3=/tmp/maxwoo/21EF1A6A9139C9FD2A38E59AFB466F9A_2490/INPUTFILES/data_1388230171.root
INPUTFILE4=/tmp/maxwoo/21EF1A6A9139C9FD2A38E59AFB466F9A_2490/INPUTFILES/data_1388230231.root
INPUTFILE5=/tmp/maxwoo/21EF1A6A9139C9FD2A38E59AFB466F9A_2490/INPUTFILES/data_1388330131.root
INPUTFILE6=/tmp/maxwoo/21EF1A6A9139C9FD2A38E59AFB466F9A_2490/INPUTFILES/data_1388330141.root
INPUTFILE7=/tmp/maxwoo/21EF1A6A9139C9FD2A38E59AFB466F9A_2490/INPUTFILES/data_1388430121.root
INPUTFILE8=/tmp/maxwoo/21EF1A6A9139C9FD2A38E59AFB466F9A_2490/INPUTFILES/data_1388630061.root
INPUTFILE9=/tmp/maxwoo/21EF1A6A9139C9FD2A38E59AFB466F9A_2490/INPUTFILES/data_1388630081.root
INPUTFILE10=/tmp/maxwoo/21EF1A6A9139C9FD2A38E59AFB466F9A_2490/INPUTFILES/data_1388630091.root
INPUTFILE11=/tmp/maxwoo/21EF1A6A9139C9FD2A38E59AFB466F9A_2490/INPUTFILES/data_1388630111.root
INPUTFILE12=/tmp/maxwoo/21EF1A6A9139C9FD2A38E59AFB466F9A_2490/INPUTFILES/data_1388730041.root
INPUTFILE13=/tmp/maxwoo/21EF1A6A9139C9FD2A38E59AFB466F9A_2490/INPUTFILES/data_1388730051.root
INPUTFILE14=/tmp/maxwoo/21EF1A6A9139C9FD2A38E59AFB466F9A_2490/INPUTFILES/data_1388730071.root
INPUTFILE15=/tmp/maxwoo/21EF1A6A9139C9FD2A38E59AFB466F9A_2490/INPUTFILES/data_1388730101.root
INPUTFILE16=/tmp/maxwoo/21EF1A6A9139C9FD2A38E59AFB466F9A_2490/INPUTFILES/data_1388829991.root
INPUTFILE17=/tmp/maxwoo/21EF1A6A9139C9FD2A38E59AFB466F9A_2490/INPUTFILES/data_1388830001.root
INPUTFILE18=/tmp/maxwoo/21EF1A6A9139C9FD2A38E59AFB466F9A_2490/INPUTFILES/data_1388830011.root
INPUTFILE19=/tmp/maxwoo/21EF1A6A9139C9FD2A38E59AFB466F9A_2490/INPUTFILES/data_1388830021.root
INPUTFILE20=/tmp/maxwoo/21EF1A6A9139C9FD2A38E59AFB466F9A_2490/INPUTFILES/data_1388830031.root
INPUTFILE21=/tmp/maxwoo/21EF1A6A9139C9FD2A38E59AFB466F9A_2490/INPUTFILES/data_1388830291.root
INPUTFILE22=/tmp/maxwoo/21EF1A6A9139C9FD2A38E59AFB466F9A_2490/INPUTFILES/data_1388929921.root
INPUTFILE23=/tmp/maxwoo/21EF1A6A9139C9FD2A38E59AFB466F9A_2490/INPUTFILES/data_1388929951.root
INPUTFILE24=/tmp/maxwoo/21EF1A6A9139C9FD2A38E59AFB466F9A_2490/INPUTFILES/data_1388929961.root
INPUTFILE25=/tmp/maxwoo/21EF1A6A9139C9FD2A38E59AFB466F9A_2490/INPUTFILES/data_1388929971.root
INPUTFILE26=/tmp/maxwoo/21EF1A6A9139C9FD2A38E59AFB466F9A_2490/INPUTFILES/data_1388929981.root
INPUTFILE27=/tmp/maxwoo/21EF1A6A9139C9FD2A38E59AFB466F9A_2490/INPUTFILES/data_1389029901.root
INPUTFILE28=/tmp/maxwoo/21EF1A6A9139C9FD2A38E59AFB466F9A_2490/INPUTFILES/data_1389029941.root
INPUTFILE29=/tmp/maxwoo/21EF1A6A9139C9FD2A38E59AFB466F9A_2490/INPUTFILES/data_1389110751.root
INPUTFILE30=/tmp/maxwoo/21EF1A6A9139C9FD2A38E59AFB466F9A_2490/INPUTFILES/data_1389125381.root
INPUTFILE31=/tmp/maxwoo/21EF1A6A9139C9FD2A38E59AFB466F9A_2490/INPUTFILES/data_1389129851.root
INPUTFILE32=/tmp/maxwoo/21EF1A6A9139C9FD2A38E59AFB466F9A_2490/INPUTFILES/data_1389129861.root
INPUTFILE33=/tmp/maxwoo/21EF1A6A9139C9FD2A38E59AFB466F9A_2490/INPUTFILES/data_1389129871.root
INPUTFILE34=/tmp/maxwoo/21EF1A6A9139C9FD2A38E59AFB466F9A_2490/INPUTFILES/data_1389129881.root
INPUTFILE35=/tmp/maxwoo/21EF1A6A9139C9FD2A38E59AFB466F9A_2490/INPUTFILES/data_1389129911.root
INPUTFILE36=/tmp/maxwoo/21EF1A6A9139C9FD2A38E59AFB466F9A_2490/INPUTFILES/data_1389129931.root
LocalInputFileDir=/tmp/maxwoo/21EF1A6A9139C9FD2A38E59AFB466F9A_2490/INPUTFILES
NewFILELIST=/tmp/maxwoo/21EF1A6A9139C9FD2A38E59AFB466F9A_2490/INPUTFILES/21EF1A6A9139C9FD2A38E59AFB466F9A_2490.local.list
+++++++++++++++++++++++++++++++++++++++++++++++
--------------------------------
Simple Unified Meta Scheduler 1.10.50 we are starting in $SCRATCH : /home/tmp/maxwoo/21EF1A6A9139C9FD2A38E59AFB466F9A_2490
--------------------------------
total 16
lrwxrwxrwx 1 maxwoo rhstar   61 Jun  2 10:58 check_S.C -> /gpfs/mnt/gpfs01/star/pwg/xiatong/git/strangeness/./check_S.C
lrwxrwxrwx 1 maxwoo rhstar   65 Jun  2 10:58 Check_Sness.C -> /gpfs/mnt/gpfs01/star/pwg/xiatong/git/strangeness/./Check_Sness.C
drwxr-xr-x 2 maxwoo rhstar 4096 Jun  2 11:00 INPUTFILES
drwxr-xr-x 2 maxwoo rhstar 4096 Jun  2 10:58 lib
  *******************************************
  *                                         *
  *        W E L C O M E  to  R O O T       *
  *                                         *
  *   Version   5.34/38     12 March 2018   *
  *                                         *
  *  You are welcome to visit our Web site  *
  *          http://root.cern.ch            *
  *                                         *
  *******************************************

ROOT 5.34/38 (v5-34-38@v5-34-38, Mar 12 2018, 15:49:39 on linux)

CINT/ROOT C/C++ Interpreter version 5.18.00, July 2, 2010
Type ? for help. Commands must be C++ statements.
Enclose multiple statements between { }.
*** Float Point Exception is OFF ***
 *** Start at Date : Thu Jun  2 11:00:15 2022
QAInfo:You are using STAR_LEVEL : dev, ROOT_LEVEL : 5.34.38 and node : spool0131.sdcc.bnl.gov 

Processing check_S.C++("/tmp/maxwoo/21EF1A6A9139C9FD2A38E59AFB466F9A_2490/INPUTFILES/21EF1A6A9139C9FD2A38E59AFB466F9A_2490.local.list","21EF1A6A9139C9FD2A38E59AFB466F9A_2490",1)...
/tmp/maxwoo/21EF1A6A9139C9FD2A38E59AFB466F9A_2490/INPUTFILES/data_1388130221.root 
/tmp/maxwoo/21EF1A6A9139C9FD2A38E59AFB466F9A_2490/INPUTFILES/data_1388189521.root 
/tmp/maxwoo/21EF1A6A9139C9FD2A38E59AFB466F9A_2490/INPUTFILES/data_1388230151.root 
/tmp/maxwoo/21EF1A6A9139C9FD2A38E59AFB466F9A_2490/INPUTFILES/data_1388230171.root 
/tmp/maxwoo/21EF1A6A9139C9FD2A38E59AFB466F9A_2490/INPUTFILES/data_1388230231.root 
/tmp/maxwoo/21EF1A6A9139C9FD2A38E59AFB466F9A_2490/INPUTFILES/data_1388330131.root 
/tmp/maxwoo/21EF1A6A9139C9FD2A38E59AFB466F9A_2490/INPUTFILES/data_1388330141.root 
/tmp/maxwoo/21EF1A6A9139C9FD2A38E59AFB466F9A_2490/INPUTFILES/data_1388430121.root 
/tmp/maxwoo/21EF1A6A9139C9FD2A38E59AFB466F9A_2490/INPUTFILES/data_1388630061.root 
/tmp/maxwoo/21EF1A6A9139C9FD2A38E59AFB466F9A_2490/INPUTFILES/data_1388630081.root 
/tmp/maxwoo/21EF1A6A9139C9FD2A38E59AFB466F9A_2490/INPUTFILES/data_1388630091.root 
/tmp/maxwoo/21EF1A6A9139C9FD2A38E59AFB466F9A_2490/INPUTFILES/data_1388630111.root 
/tmp/maxwoo/21EF1A6A9139C9FD2A38E59AFB466F9A_2490/INPUTFILES/data_1388730041.root 
/tmp/maxwoo/21EF1A6A9139C9FD2A38E59AFB466F9A_2490/INPUTFILES/data_1388730051.root 
/tmp/maxwoo/21EF1A6A9139C9FD2A38E59AFB466F9A_2490/INPUTFILES/data_1388730071.root 
/tmp/maxwoo/21EF1A6A9139C9FD2A38E59AFB466F9A_2490/INPUTFILES/data_1388730101.root 
/tmp/maxwoo/21EF1A6A9139C9FD2A38E59AFB466F9A_2490/INPUTFILES/data_1388829991.root 
/tmp/maxwoo/21EF1A6A9139C9FD2A38E59AFB466F9A_2490/INPUTFILES/data_1388830001.root 
/tmp/maxwoo/21EF1A6A9139C9FD2A38E59AFB466F9A_2490/INPUTFILES/data_1388830011.root 
/tmp/maxwoo/21EF1A6A9139C9FD2A38E59AFB466F9A_2490/INPUTFILES/data_1388830021.root 
/tmp/maxwoo/21EF1A6A9139C9FD2A38E59AFB466F9A_2490/INPUTFILES/data_1388830031.root 
/tmp/maxwoo/21EF1A6A9139C9FD2A38E59AFB466F9A_2490/INPUTFILES/data_1388830291.root 
/tmp/maxwoo/21EF1A6A9139C9FD2A38E59AFB466F9A_2490/INPUTFILES/data_1388929921.root 
/tmp/maxwoo/21EF1A6A9139C9FD2A38E59AFB466F9A_2490/INPUTFILES/data_1388929951.root 
/tmp/maxwoo/21EF1A6A9139C9FD2A38E59AFB466F9A_2490/INPUTFILES/data_1388929961.root 
/tmp/maxwoo/21EF1A6A9139C9FD2A38E59AFB466F9A_2490/INPUTFILES/data_1388929971.root 
/tmp/maxwoo/21EF1A6A9139C9FD2A38E59AFB466F9A_2490/INPUTFILES/data_1388929981.root 
/tmp/maxwoo/21EF1A6A9139C9FD2A38E59AFB466F9A_2490/INPUTFILES/data_1389029901.root 
/tmp/maxwoo/21EF1A6A9139C9FD2A38E59AFB466F9A_2490/INPUTFILES/data_1389029941.root 
/tmp/maxwoo/21EF1A6A9139C9FD2A38E59AFB466F9A_2490/INPUTFILES/data_1389110751.root 
/tmp/maxwoo/21EF1A6A9139C9FD2A38E59AFB466F9A_2490/INPUTFILES/data_1389125381.root 
/tmp/maxwoo/21EF1A6A9139C9FD2A38E59AFB466F9A_2490/INPUTFILES/data_1389129851.root 
/tmp/maxwoo/21EF1A6A9139C9FD2A38E59AFB466F9A_2490/INPUTFILES/data_1389129861.root 
/tmp/maxwoo/21EF1A6A9139C9FD2A38E59AFB466F9A_2490/INPUTFILES/data_1389129871.root 
/tmp/maxwoo/21EF1A6A9139C9FD2A38E59AFB466F9A_2490/INPUTFILES/data_1389129881.root 
/tmp/maxwoo/21EF1A6A9139C9FD2A38E59AFB466F9A_2490/INPUTFILES/data_1389129911.root 
/tmp/maxwoo/21EF1A6A9139C9FD2A38E59AFB466F9A_2490/INPUTFILES/data_1389129931.root 
Added 37 files
# entries in chain: 36632
Processing entry == 1000 == out of 36632.
Processing entry == 2000 == out of 36632.
Processing entry == 3000 == out of 36632.
Processing entry == 4000 == out of 36632.
Processing entry == 5000 == out of 36632.
Processing entry == 6000 == out of 36632.
Processing entry == 7000 == out of 36632.
Processing entry == 8000 == out of 36632.
Processing entry == 9000 == out of 36632.
Processing entry == 10000 == out of 36632.
Processing entry == 11000 == out of 36632.
Processing entry == 12000 == out of 36632.
Processing entry == 13000 == out of 36632.
Processing entry == 14000 == out of 36632.
Processing entry == 15000 == out of 36632.
Processing entry == 16000 == out of 36632.
Processing entry == 17000 == out of 36632.
Processing entry == 18000 == out of 36632.
Processing entry == 19000 == out of 36632.
Processing entry == 20000 == out of 36632.
Processing entry == 21000 == out of 36632.
Processing entry == 22000 == out of 36632.
Processing entry == 23000 == out of 36632.
Processing entry == 24000 == out of 36632.
Processing entry == 25000 == out of 36632.
Processing entry == 26000 == out of 36632.
Processing entry == 27000 == out of 36632.
Processing entry == 28000 == out of 36632.
Processing entry == 29000 == out of 36632.
Processing entry == 30000 == out of 36632.
Processing entry == 31000 == out of 36632.
Processing entry == 32000 == out of 36632.
Processing entry == 33000 == out of 36632.
Processing entry == 34000 == out of 36632.
Processing entry == 35000 == out of 36632.
Processing entry == 36000 == out of 36632.

This is the end of ROOT -- Goodbye

Cleaning up sandbox file:  /tmp/maxwoo/21EF1A6A9139C9FD2A38E59AFB466F9A_2490/check_S.C
Cleaning up sandbox file:  /tmp/maxwoo/21EF1A6A9139C9FD2A38E59AFB466F9A_2490/Check_Sness.C
Cleaning up sandbox file:  /tmp/maxwoo/21EF1A6A9139C9FD2A38E59AFB466F9A_2490/lib
Cleaning up sandbox file:  /tmp/maxwoo/21EF1A6A9139C9FD2A38E59AFB466F9A_2490/.sandboxFiles
Starting copy block
Running copy command:  /bin/cp -fp /tmp/maxwoo/21EF1A6A9139C9FD2A38E59AFB466F9A_2490/out_21EF1A6A9139C9FD2A38E59AFB466F9A_2490.root /star/data01/pwg/xiatong/git/strangeness/data/
16878 Execution of (/star/data01/pwg/xiatong/git/strangeness/script/sched21EF1A6A9139C9FD2A38E59AFB466F9A_2490.csh ) has ended, exiting normally
16878 We END on [Thu Jun  2 11:21:37 EDT 2022]
