We are starting on node: spool0756.sdcc.bnl.gov
HOME is not defined
Using getent method
HOME is now /star/u/maxwoo
75831 We will spawn ourselves (/star/data01/pwg/xiatong/git/strangeness/script/sched21EF1A6A9139C9FD2A38E59AFB466F9A_1085.csh )
75831 We BEGIN on [Thu Jun  2 11:22:56 EDT 2022]
[1] 76176
75831 We are waiting for 76176 
75831 Grandchild PID is 77026 - found in 10 x 1 seconds
75831 Establishing first watcher   on    Thu Jun  2 11:23:07 EDT 2022
75831 Process tree is 75831 (main) -> 76176 (child) -> 77026 (grandchild)
F S   UID    PID   PPID  C PRI  NI ADDR SZ WCHAN  TTY        TIME CMD
0 D 100667 77026  76176  0  80   0 - 32311 cxiWai ?          0:00 cp /star/data01/pwg/xiatong/AMPT/14GeV/data_365104191.root /tmp/maxwoo/21EF1A6A9139C9FD2A38E59AFB466F9A_1085/INPUTFILES/data_365104191.root
75831 Grandchild PID is 78699 - found in 20 x 2 seconds
75831 Grandchild to watch has changed on Thu Jun  2 11:23:27 EDT 2022
75831 Process tree is 75831 (main) -> 76176 (child) -> 78699 (grandchild)
F S   UID    PID   PPID  C PRI  NI ADDR SZ WCHAN  TTY        TIME CMD
0 D 100667 78699  76176  0  80   0 - 32311 cxiWai ?          0:00 cp /star/data01/pwg/xiatong/AMPT/14GeV/data_365113471.root /tmp/maxwoo/21EF1A6A9139C9FD2A38E59AFB466F9A_1085/INPUTFILES/data_365113471.root
75831 Grandchild PID is 81832 - found in 30 x 2 seconds
75831 Grandchild to watch has changed on Thu Jun  2 11:23:48 EDT 2022
75831 Process tree is 75831 (main) -> 76176 (child) -> 81832 (grandchild)
F S   UID    PID   PPID  C PRI  NI ADDR SZ WCHAN  TTY        TIME CMD
0 D 100667 81832  76176  0  80   0 - 32311 cxiWai ?          0:00 cp /star/data01/pwg/xiatong/AMPT/14GeV/data_365115501.root /tmp/maxwoo/21EF1A6A9139C9FD2A38E59AFB466F9A_1085/INPUTFILES/data_365115501.root
75831 Grandchild PID is 82970 - found in 40 x 2 seconds
75831 Grandchild to watch has changed on Thu Jun  2 11:24:08 EDT 2022
75831 Process tree is 75831 (main) -> 76176 (child) -> 82970 (grandchild)
F S   UID    PID   PPID  C PRI  NI ADDR SZ WCHAN  TTY        TIME CMD
0 D 100667 82970  76176  0  80   0 - 32311 cxiWai ?          0:00 cp /star/data01/pwg/xiatong/AMPT/14GeV/data_365128301.root /tmp/maxwoo/21EF1A6A9139C9FD2A38E59AFB466F9A_1085/INPUTFILES/data_365128301.root
75831 Grandchild PID is 84758 - found in 60 x 2 seconds
75831 Grandchild to watch has changed on Thu Jun  2 11:24:50 EDT 2022
75831 Process tree is 75831 (main) -> 76176 (child) -> 84758 (grandchild)
F S   UID    PID   PPID  C PRI  NI ADDR SZ WCHAN  TTY        TIME CMD
0 D 100667 84758  76176  0  80   0 - 32311 cxiWai ?          0:00 cp /star/data01/pwg/xiatong/AMPT/14GeV/data_365143031.root /tmp/maxwoo/21EF1A6A9139C9FD2A38E59AFB466F9A_1085/INPUTFILES/data_365143031.root
75831 Grandchild PID is 86594 - found in 70 x 2 seconds
75831 Grandchild to watch has changed on Thu Jun  2 11:25:10 EDT 2022
75831 Process tree is 75831 (main) -> 76176 (child) -> 86594 (grandchild)
F S   UID    PID   PPID  C PRI  NI ADDR SZ WCHAN  TTY        TIME CMD
0 D 100667 86594  76176  0  80   0 - 32311 cxiWai ?          0:00 cp /star/data01/pwg/xiatong/AMPT/14GeV/data_365163581.root /tmp/maxwoo/21EF1A6A9139C9FD2A38E59AFB466F9A_1085/INPUTFILES/data_365163581.root
75831 Grandchild PID is 87825 - found in 90 x 2 seconds
75831 Grandchild to watch has changed on Thu Jun  2 11:25:51 EDT 2022
75831 Process tree is 75831 (main) -> 76176 (child) -> 87825 (grandchild)
F S   UID    PID   PPID  C PRI  NI ADDR SZ WCHAN  TTY        TIME CMD
0 D 100667 87825  76176  0  80   0 - 32311 cxiWai ?          0:00 cp /star/data01/pwg/xiatong/AMPT/14GeV/data_365163591.root /tmp/maxwoo/21EF1A6A9139C9FD2A38E59AFB466F9A_1085/INPUTFILES/data_365163591.root
75831 Grandchild PID is 89385 - found in 100 x 2 seconds
75831 Grandchild to watch has changed on Thu Jun  2 11:26:12 EDT 2022
75831 Process tree is 75831 (main) -> 76176 (child) -> 89385 (grandchild)
F S   UID    PID   PPID  C PRI  NI ADDR SZ WCHAN  TTY        TIME CMD
0 D 100667 89385  76176  0  80   0 - 32311 cxiWai ?          0:00 cp /star/data01/pwg/xiatong/AMPT/14GeV/data_365163621.root /tmp/maxwoo/21EF1A6A9139C9FD2A38E59AFB466F9A_1085/INPUTFILES/data_365163621.root
75831 Grandchild PID is 91750 - found in 120 x 2 seconds
75831 Grandchild to watch has changed on Thu Jun  2 11:26:53 EDT 2022
75831 Process tree is 75831 (main) -> 76176 (child) -> 91750 (grandchild)
F S   UID    PID   PPID  C PRI  NI ADDR SZ WCHAN  TTY        TIME CMD
0 D 100667 91750  76176  0  80   0 - 32311 cxiWai ?          0:00 cp /star/data01/pwg/xiatong/AMPT/14GeV/data_365163651.root /tmp/maxwoo/21EF1A6A9139C9FD2A38E59AFB466F9A_1085/INPUTFILES/data_365163651.root
75831 Grandchild PID is 96310 - found in 140 x 2 seconds
75831 Grandchild to watch has changed on Thu Jun  2 11:27:34 EDT 2022
75831 Process tree is 75831 (main) -> 76176 (child) -> 96310 (grandchild)
F S   UID    PID   PPID  C PRI  NI ADDR SZ WCHAN  TTY        TIME CMD
0 D 100667 96310  76176  0  80   0 - 32311 cxiWai ?          0:00 cp /star/data01/pwg/xiatong/AMPT/14GeV/data_365163691.root /tmp/maxwoo/21EF1A6A9139C9FD2A38E59AFB466F9A_1085/INPUTFILES/data_365163691.root
75831 Grandchild PID is 98382 - found in 150 x 2 seconds
75831 Grandchild to watch has changed on Thu Jun  2 11:27:55 EDT 2022
75831 Process tree is 75831 (main) -> 76176 (child) -> 98382 (grandchild)
F S   UID    PID   PPID  C PRI  NI ADDR SZ WCHAN  TTY        TIME CMD
0 S 100667 98382  76176  0  80   0 -  1272 do_wai ?          0:00 root -b -q check_S.C++("/tmp/maxwoo/21EF1A6A9139C9FD2A38E59AFB466F9A_1085/INPUTFILES/21EF1A6A9139C9FD2A38E59AFB466F9A_1085.local.list","21EF1A6A9139C9FD2A38E59AFB466F9A_1085",1)
76176 Stepping into the main SUMS wrapper program with []
.... building sandbox
Running: cp /star/data01/pwg/xiatong/AMPT/14GeV/data_365100481.root /tmp/maxwoo/21EF1A6A9139C9FD2A38E59AFB466F9A_1085/INPUTFILES/data_365100481.root
Running: cp /star/data01/pwg/xiatong/AMPT/14GeV/data_365100491.root /tmp/maxwoo/21EF1A6A9139C9FD2A38E59AFB466F9A_1085/INPUTFILES/data_365100491.root
Running: cp /star/data01/pwg/xiatong/AMPT/14GeV/data_365104191.root /tmp/maxwoo/21EF1A6A9139C9FD2A38E59AFB466F9A_1085/INPUTFILES/data_365104191.root
Running: cp /star/data01/pwg/xiatong/AMPT/14GeV/data_365104201.root /tmp/maxwoo/21EF1A6A9139C9FD2A38E59AFB466F9A_1085/INPUTFILES/data_365104201.root
Running: cp /star/data01/pwg/xiatong/AMPT/14GeV/data_365113471.root /tmp/maxwoo/21EF1A6A9139C9FD2A38E59AFB466F9A_1085/INPUTFILES/data_365113471.root
Running: cp /star/data01/pwg/xiatong/AMPT/14GeV/data_365115501.root /tmp/maxwoo/21EF1A6A9139C9FD2A38E59AFB466F9A_1085/INPUTFILES/data_365115501.root
Running: cp /star/data01/pwg/xiatong/AMPT/14GeV/data_365128071.root /tmp/maxwoo/21EF1A6A9139C9FD2A38E59AFB466F9A_1085/INPUTFILES/data_365128071.root
Running: cp /star/data01/pwg/xiatong/AMPT/14GeV/data_365128301.root /tmp/maxwoo/21EF1A6A9139C9FD2A38E59AFB466F9A_1085/INPUTFILES/data_365128301.root
Running: cp /star/data01/pwg/xiatong/AMPT/14GeV/data_365128371.root /tmp/maxwoo/21EF1A6A9139C9FD2A38E59AFB466F9A_1085/INPUTFILES/data_365128371.root
Running: cp /star/data01/pwg/xiatong/AMPT/14GeV/data_365132281.root /tmp/maxwoo/21EF1A6A9139C9FD2A38E59AFB466F9A_1085/INPUTFILES/data_365132281.root
Running: cp /star/data01/pwg/xiatong/AMPT/14GeV/data_365140231.root /tmp/maxwoo/21EF1A6A9139C9FD2A38E59AFB466F9A_1085/INPUTFILES/data_365140231.root
Running: cp /star/data01/pwg/xiatong/AMPT/14GeV/data_365143031.root /tmp/maxwoo/21EF1A6A9139C9FD2A38E59AFB466F9A_1085/INPUTFILES/data_365143031.root
Running: cp /star/data01/pwg/xiatong/AMPT/14GeV/data_365143041.root /tmp/maxwoo/21EF1A6A9139C9FD2A38E59AFB466F9A_1085/INPUTFILES/data_365143041.root
Running: cp /star/data01/pwg/xiatong/AMPT/14GeV/data_365145391.root /tmp/maxwoo/21EF1A6A9139C9FD2A38E59AFB466F9A_1085/INPUTFILES/data_365145391.root
Running: cp /star/data01/pwg/xiatong/AMPT/14GeV/data_365162841.root /tmp/maxwoo/21EF1A6A9139C9FD2A38E59AFB466F9A_1085/INPUTFILES/data_365162841.root
Running: cp /star/data01/pwg/xiatong/AMPT/14GeV/data_365163161.root /tmp/maxwoo/21EF1A6A9139C9FD2A38E59AFB466F9A_1085/INPUTFILES/data_365163161.root
Running: cp /star/data01/pwg/xiatong/AMPT/14GeV/data_365163531.root /tmp/maxwoo/21EF1A6A9139C9FD2A38E59AFB466F9A_1085/INPUTFILES/data_365163531.root
Running: cp /star/data01/pwg/xiatong/AMPT/14GeV/data_365163541.root /tmp/maxwoo/21EF1A6A9139C9FD2A38E59AFB466F9A_1085/INPUTFILES/data_365163541.root
Running: cp /star/data01/pwg/xiatong/AMPT/14GeV/data_365163561.root /tmp/maxwoo/21EF1A6A9139C9FD2A38E59AFB466F9A_1085/INPUTFILES/data_365163561.root
Running: cp /star/data01/pwg/xiatong/AMPT/14GeV/data_365163571.root /tmp/maxwoo/21EF1A6A9139C9FD2A38E59AFB466F9A_1085/INPUTFILES/data_365163571.root
Running: cp /star/data01/pwg/xiatong/AMPT/14GeV/data_365163581.root /tmp/maxwoo/21EF1A6A9139C9FD2A38E59AFB466F9A_1085/INPUTFILES/data_365163581.root
Running: cp /star/data01/pwg/xiatong/AMPT/14GeV/data_365163591.root /tmp/maxwoo/21EF1A6A9139C9FD2A38E59AFB466F9A_1085/INPUTFILES/data_365163591.root
Running: cp /star/data01/pwg/xiatong/AMPT/14GeV/data_365163601.root /tmp/maxwoo/21EF1A6A9139C9FD2A38E59AFB466F9A_1085/INPUTFILES/data_365163601.root
Running: cp /star/data01/pwg/xiatong/AMPT/14GeV/data_365163611.root /tmp/maxwoo/21EF1A6A9139C9FD2A38E59AFB466F9A_1085/INPUTFILES/data_365163611.root
Running: cp /star/data01/pwg/xiatong/AMPT/14GeV/data_365163621.root /tmp/maxwoo/21EF1A6A9139C9FD2A38E59AFB466F9A_1085/INPUTFILES/data_365163621.root
Running: cp /star/data01/pwg/xiatong/AMPT/14GeV/data_365163631.root /tmp/maxwoo/21EF1A6A9139C9FD2A38E59AFB466F9A_1085/INPUTFILES/data_365163631.root
Running: cp /star/data01/pwg/xiatong/AMPT/14GeV/data_365163641.root /tmp/maxwoo/21EF1A6A9139C9FD2A38E59AFB466F9A_1085/INPUTFILES/data_365163641.root
Running: cp /star/data01/pwg/xiatong/AMPT/14GeV/data_365163651.root /tmp/maxwoo/21EF1A6A9139C9FD2A38E59AFB466F9A_1085/INPUTFILES/data_365163651.root
Running: cp /star/data01/pwg/xiatong/AMPT/14GeV/data_365163661.root /tmp/maxwoo/21EF1A6A9139C9FD2A38E59AFB466F9A_1085/INPUTFILES/data_365163661.root
Running: cp /star/data01/pwg/xiatong/AMPT/14GeV/data_365163671.root /tmp/maxwoo/21EF1A6A9139C9FD2A38E59AFB466F9A_1085/INPUTFILES/data_365163671.root
Running: cp /star/data01/pwg/xiatong/AMPT/14GeV/data_365163681.root /tmp/maxwoo/21EF1A6A9139C9FD2A38E59AFB466F9A_1085/INPUTFILES/data_365163681.root
Running: cp /star/data01/pwg/xiatong/AMPT/14GeV/data_365163691.root /tmp/maxwoo/21EF1A6A9139C9FD2A38E59AFB466F9A_1085/INPUTFILES/data_365163691.root
Running: cp /star/data01/pwg/xiatong/AMPT/14GeV/data_365163731.root /tmp/maxwoo/21EF1A6A9139C9FD2A38E59AFB466F9A_1085/INPUTFILES/data_365163731.root
Running: cp /star/data01/pwg/xiatong/AMPT/14GeV/data_365164061.root /tmp/maxwoo/21EF1A6A9139C9FD2A38E59AFB466F9A_1085/INPUTFILES/data_365164061.root
Running: cp /star/data01/pwg/xiatong/AMPT/14GeV/data_365164071.root /tmp/maxwoo/21EF1A6A9139C9FD2A38E59AFB466F9A_1085/INPUTFILES/data_365164071.root
Running: cp /star/data01/pwg/xiatong/AMPT/14GeV/data_365169191.root /tmp/maxwoo/21EF1A6A9139C9FD2A38E59AFB466F9A_1085/INPUTFILES/data_365169191.root
Running: cp /star/data01/pwg/xiatong/AMPT/14GeV/data_365170071.root /tmp/maxwoo/21EF1A6A9139C9FD2A38E59AFB466F9A_1085/INPUTFILES/data_365170071.root
Swapping $FILELIST with: /tmp/maxwoo/21EF1A6A9139C9FD2A38E59AFB466F9A_1085/INPUTFILES/21EF1A6A9139C9FD2A38E59AFB466F9A_1085.local.list
+++++++++++local copy debug++++++++++++++++++++
newFileList: /tmp/maxwoo/21EF1A6A9139C9FD2A38E59AFB466F9A_1085/INPUTFILES/21EF1A6A9139C9FD2A38E59AFB466F9A_1085.local.list
++++++++++++++++cat FILELIST+++++++++++++++++++
/tmp/maxwoo/21EF1A6A9139C9FD2A38E59AFB466F9A_1085/INPUTFILES/data_365100481.root 
/tmp/maxwoo/21EF1A6A9139C9FD2A38E59AFB466F9A_1085/INPUTFILES/data_365100491.root 
/tmp/maxwoo/21EF1A6A9139C9FD2A38E59AFB466F9A_1085/INPUTFILES/data_365104191.root 
/tmp/maxwoo/21EF1A6A9139C9FD2A38E59AFB466F9A_1085/INPUTFILES/data_365104201.root 
/tmp/maxwoo/21EF1A6A9139C9FD2A38E59AFB466F9A_1085/INPUTFILES/data_365113471.root 
/tmp/maxwoo/21EF1A6A9139C9FD2A38E59AFB466F9A_1085/INPUTFILES/data_365115501.root 
/tmp/maxwoo/21EF1A6A9139C9FD2A38E59AFB466F9A_1085/INPUTFILES/data_365128071.root 
/tmp/maxwoo/21EF1A6A9139C9FD2A38E59AFB466F9A_1085/INPUTFILES/data_365128301.root 
/tmp/maxwoo/21EF1A6A9139C9FD2A38E59AFB466F9A_1085/INPUTFILES/data_365128371.root 
/tmp/maxwoo/21EF1A6A9139C9FD2A38E59AFB466F9A_1085/INPUTFILES/data_365132281.root 
/tmp/maxwoo/21EF1A6A9139C9FD2A38E59AFB466F9A_1085/INPUTFILES/data_365140231.root 
/tmp/maxwoo/21EF1A6A9139C9FD2A38E59AFB466F9A_1085/INPUTFILES/data_365143031.root 
/tmp/maxwoo/21EF1A6A9139C9FD2A38E59AFB466F9A_1085/INPUTFILES/data_365143041.root 
/tmp/maxwoo/21EF1A6A9139C9FD2A38E59AFB466F9A_1085/INPUTFILES/data_365145391.root 
/tmp/maxwoo/21EF1A6A9139C9FD2A38E59AFB466F9A_1085/INPUTFILES/data_365162841.root 
/tmp/maxwoo/21EF1A6A9139C9FD2A38E59AFB466F9A_1085/INPUTFILES/data_365163161.root 
/tmp/maxwoo/21EF1A6A9139C9FD2A38E59AFB466F9A_1085/INPUTFILES/data_365163531.root 
/tmp/maxwoo/21EF1A6A9139C9FD2A38E59AFB466F9A_1085/INPUTFILES/data_365163541.root 
/tmp/maxwoo/21EF1A6A9139C9FD2A38E59AFB466F9A_1085/INPUTFILES/data_365163561.root 
/tmp/maxwoo/21EF1A6A9139C9FD2A38E59AFB466F9A_1085/INPUTFILES/data_365163571.root 
/tmp/maxwoo/21EF1A6A9139C9FD2A38E59AFB466F9A_1085/INPUTFILES/data_365163581.root 
/tmp/maxwoo/21EF1A6A9139C9FD2A38E59AFB466F9A_1085/INPUTFILES/data_365163591.root 
/tmp/maxwoo/21EF1A6A9139C9FD2A38E59AFB466F9A_1085/INPUTFILES/data_365163601.root 
/tmp/maxwoo/21EF1A6A9139C9FD2A38E59AFB466F9A_1085/INPUTFILES/data_365163611.root 
/tmp/maxwoo/21EF1A6A9139C9FD2A38E59AFB466F9A_1085/INPUTFILES/data_365163621.root 
/tmp/maxwoo/21EF1A6A9139C9FD2A38E59AFB466F9A_1085/INPUTFILES/data_365163631.root 
/tmp/maxwoo/21EF1A6A9139C9FD2A38E59AFB466F9A_1085/INPUTFILES/data_365163641.root 
/tmp/maxwoo/21EF1A6A9139C9FD2A38E59AFB466F9A_1085/INPUTFILES/data_365163651.root 
/tmp/maxwoo/21EF1A6A9139C9FD2A38E59AFB466F9A_1085/INPUTFILES/data_365163661.root 
/tmp/maxwoo/21EF1A6A9139C9FD2A38E59AFB466F9A_1085/INPUTFILES/data_365163671.root 
/tmp/maxwoo/21EF1A6A9139C9FD2A38E59AFB466F9A_1085/INPUTFILES/data_365163681.root 
/tmp/maxwoo/21EF1A6A9139C9FD2A38E59AFB466F9A_1085/INPUTFILES/data_365163691.root 
/tmp/maxwoo/21EF1A6A9139C9FD2A38E59AFB466F9A_1085/INPUTFILES/data_365163731.root 
/tmp/maxwoo/21EF1A6A9139C9FD2A38E59AFB466F9A_1085/INPUTFILES/data_365164061.root 
/tmp/maxwoo/21EF1A6A9139C9FD2A38E59AFB466F9A_1085/INPUTFILES/data_365164071.root 
/tmp/maxwoo/21EF1A6A9139C9FD2A38E59AFB466F9A_1085/INPUTFILES/data_365169191.root 
/tmp/maxwoo/21EF1A6A9139C9FD2A38E59AFB466F9A_1085/INPUTFILES/data_365170071.root 
++++++++++++++++++++find.++++++++++++++++++++++
.
./Check_Sness.C
./.sandboxFiles
./lib
./lib/my_particle_cpp.so
./lib/MixedBuffer.cpp
./lib/NpartNormalizer_cpp_ACLiC_dict_rdict.pcm
./lib/my_event.cpp
./lib/MixedBuffer_cpp.d
./lib/CenMaker_cpp_ACLiC_dict_rdict.pcm
./lib/my_event.h
./lib/my_particle_cpp.d
./lib/CenMaker_cpp.so
./lib/NpartNormalizer.cpp
./lib/my_particle.cpp
./lib/my_event_cpp.d
./lib/CenMaker.cpp
./lib/my_particle.h
./lib/NpartNormalizer_cpp.d
./lib/NpartNormalizer_cpp.so
./lib/MixedBuffer.h
./lib/NpartNormalizer.h
./lib/CenMaker.h
./lib/my_event_cpp.so
./lib/my_particle_cpp_ACLiC_dict_rdict.pcm
./lib/MixedBuffer_cpp_ACLiC_dict_rdict.pcm
./lib/MixedBuffer_cpp.so
./lib/CenMaker_cpp.d
./lib/my_event_cpp_ACLiC_dict_rdict.pcm
./INPUTFILES
./INPUTFILES/data_365163571.root
./INPUTFILES/data_365132281.root
./INPUTFILES/data_365163611.root
./INPUTFILES/data_365163681.root
./INPUTFILES/data_365164061.root
./INPUTFILES/data_365163651.root
./INPUTFILES/data_365163591.root
./INPUTFILES/data_365113471.root
./INPUTFILES/data_365128371.root
./INPUTFILES/data_365163531.root
./INPUTFILES/data_365163581.root
./INPUTFILES/data_365163161.root
./INPUTFILES/data_365170071.root
./INPUTFILES/data_365128071.root
./INPUTFILES/data_365162841.root
./INPUTFILES/data_365169191.root
./INPUTFILES/data_365145391.root
./INPUTFILES/data_365163671.root
./INPUTFILES/data_365143031.root
./INPUTFILES/data_365115501.root
./INPUTFILES/data_365163631.root
./INPUTFILES/data_365163621.root
./INPUTFILES/data_365163561.root
./INPUTFILES/data_365104201.root
./INPUTFILES/21EF1A6A9139C9FD2A38E59AFB466F9A_1085.local.list
./INPUTFILES/data_365163601.root
./INPUTFILES/data_365164071.root
./INPUTFILES/data_365163661.root
./INPUTFILES/data_365140231.root
./INPUTFILES/data_365163691.root
./INPUTFILES/data_365128301.root
./INPUTFILES/data_365163641.root
./INPUTFILES/data_365100491.root
./INPUTFILES/data_365100481.root
./INPUTFILES/data_365104191.root
./INPUTFILES/data_365163541.root
./INPUTFILES/data_365143041.root
./INPUTFILES/data_365163731.root
./.errror.log
./check_S.C
./.output.log
++++++++++++++++INPUTFILE Var++++++++++++++++++
FILELIST=/tmp/maxwoo/21EF1A6A9139C9FD2A38E59AFB466F9A_1085/INPUTFILES/21EF1A6A9139C9FD2A38E59AFB466F9A_1085.local.list
INPUTFILECOUNT=37
INPUTFILE0=/tmp/maxwoo/21EF1A6A9139C9FD2A38E59AFB466F9A_1085/INPUTFILES/data_365100481.root
INPUTFILE1=/tmp/maxwoo/21EF1A6A9139C9FD2A38E59AFB466F9A_1085/INPUTFILES/data_365100491.root
INPUTFILE2=/tmp/maxwoo/21EF1A6A9139C9FD2A38E59AFB466F9A_1085/INPUTFILES/data_365104191.root
INPUTFILE3=/tmp/maxwoo/21EF1A6A9139C9FD2A38E59AFB466F9A_1085/INPUTFILES/data_365104201.root
INPUTFILE4=/tmp/maxwoo/21EF1A6A9139C9FD2A38E59AFB466F9A_1085/INPUTFILES/data_365113471.root
INPUTFILE5=/tmp/maxwoo/21EF1A6A9139C9FD2A38E59AFB466F9A_1085/INPUTFILES/data_365115501.root
INPUTFILE6=/tmp/maxwoo/21EF1A6A9139C9FD2A38E59AFB466F9A_1085/INPUTFILES/data_365128071.root
INPUTFILE7=/tmp/maxwoo/21EF1A6A9139C9FD2A38E59AFB466F9A_1085/INPUTFILES/data_365128301.root
INPUTFILE8=/tmp/maxwoo/21EF1A6A9139C9FD2A38E59AFB466F9A_1085/INPUTFILES/data_365128371.root
INPUTFILE9=/tmp/maxwoo/21EF1A6A9139C9FD2A38E59AFB466F9A_1085/INPUTFILES/data_365132281.root
INPUTFILE10=/tmp/maxwoo/21EF1A6A9139C9FD2A38E59AFB466F9A_1085/INPUTFILES/data_365140231.root
INPUTFILE11=/tmp/maxwoo/21EF1A6A9139C9FD2A38E59AFB466F9A_1085/INPUTFILES/data_365143031.root
INPUTFILE12=/tmp/maxwoo/21EF1A6A9139C9FD2A38E59AFB466F9A_1085/INPUTFILES/data_365143041.root
INPUTFILE13=/tmp/maxwoo/21EF1A6A9139C9FD2A38E59AFB466F9A_1085/INPUTFILES/data_365145391.root
INPUTFILE14=/tmp/maxwoo/21EF1A6A9139C9FD2A38E59AFB466F9A_1085/INPUTFILES/data_365162841.root
INPUTFILE15=/tmp/maxwoo/21EF1A6A9139C9FD2A38E59AFB466F9A_1085/INPUTFILES/data_365163161.root
INPUTFILE16=/tmp/maxwoo/21EF1A6A9139C9FD2A38E59AFB466F9A_1085/INPUTFILES/data_365163531.root
INPUTFILE17=/tmp/maxwoo/21EF1A6A9139C9FD2A38E59AFB466F9A_1085/INPUTFILES/data_365163541.root
INPUTFILE18=/tmp/maxwoo/21EF1A6A9139C9FD2A38E59AFB466F9A_1085/INPUTFILES/data_365163561.root
INPUTFILE19=/tmp/maxwoo/21EF1A6A9139C9FD2A38E59AFB466F9A_1085/INPUTFILES/data_365163571.root
INPUTFILE20=/tmp/maxwoo/21EF1A6A9139C9FD2A38E59AFB466F9A_1085/INPUTFILES/data_365163581.root
INPUTFILE21=/tmp/maxwoo/21EF1A6A9139C9FD2A38E59AFB466F9A_1085/INPUTFILES/data_365163591.root
INPUTFILE22=/tmp/maxwoo/21EF1A6A9139C9FD2A38E59AFB466F9A_1085/INPUTFILES/data_365163601.root
INPUTFILE23=/tmp/maxwoo/21EF1A6A9139C9FD2A38E59AFB466F9A_1085/INPUTFILES/data_365163611.root
INPUTFILE24=/tmp/maxwoo/21EF1A6A9139C9FD2A38E59AFB466F9A_1085/INPUTFILES/data_365163621.root
INPUTFILE25=/tmp/maxwoo/21EF1A6A9139C9FD2A38E59AFB466F9A_1085/INPUTFILES/data_365163631.root
INPUTFILE26=/tmp/maxwoo/21EF1A6A9139C9FD2A38E59AFB466F9A_1085/INPUTFILES/data_365163641.root
INPUTFILE27=/tmp/maxwoo/21EF1A6A9139C9FD2A38E59AFB466F9A_1085/INPUTFILES/data_365163651.root
INPUTFILE28=/tmp/maxwoo/21EF1A6A9139C9FD2A38E59AFB466F9A_1085/INPUTFILES/data_365163661.root
INPUTFILE29=/tmp/maxwoo/21EF1A6A9139C9FD2A38E59AFB466F9A_1085/INPUTFILES/data_365163671.root
INPUTFILE30=/tmp/maxwoo/21EF1A6A9139C9FD2A38E59AFB466F9A_1085/INPUTFILES/data_365163681.root
INPUTFILE31=/tmp/maxwoo/21EF1A6A9139C9FD2A38E59AFB466F9A_1085/INPUTFILES/data_365163691.root
INPUTFILE32=/tmp/maxwoo/21EF1A6A9139C9FD2A38E59AFB466F9A_1085/INPUTFILES/data_365163731.root
INPUTFILE33=/tmp/maxwoo/21EF1A6A9139C9FD2A38E59AFB466F9A_1085/INPUTFILES/data_365164061.root
INPUTFILE34=/tmp/maxwoo/21EF1A6A9139C9FD2A38E59AFB466F9A_1085/INPUTFILES/data_365164071.root
INPUTFILE35=/tmp/maxwoo/21EF1A6A9139C9FD2A38E59AFB466F9A_1085/INPUTFILES/data_365169191.root
INPUTFILE36=/tmp/maxwoo/21EF1A6A9139C9FD2A38E59AFB466F9A_1085/INPUTFILES/data_365170071.root
LocalInputFileDir=/tmp/maxwoo/21EF1A6A9139C9FD2A38E59AFB466F9A_1085/INPUTFILES
NewFILELIST=/tmp/maxwoo/21EF1A6A9139C9FD2A38E59AFB466F9A_1085/INPUTFILES/21EF1A6A9139C9FD2A38E59AFB466F9A_1085.local.list
+++++++++++++++++++++++++++++++++++++++++++++++
--------------------------------
Simple Unified Meta Scheduler 1.10.50 we are starting in $SCRATCH : /home/tmp/maxwoo/21EF1A6A9139C9FD2A38E59AFB466F9A_1085
--------------------------------
total 16
lrwxrwxrwx 1 maxwoo rhstar   61 Jun  2 11:22 check_S.C -> /gpfs/mnt/gpfs01/star/pwg/xiatong/git/strangeness/./check_S.C
lrwxrwxrwx 1 maxwoo rhstar   65 Jun  2 11:22 Check_Sness.C -> /gpfs/mnt/gpfs01/star/pwg/xiatong/git/strangeness/./Check_Sness.C
drwxr-xr-x 2 maxwoo rhstar 4096 Jun  2 11:27 INPUTFILES
drwxr-xr-x 2 maxwoo rhstar 4096 Jun  2 11:22 lib
  *******************************************
  *                                         *
  *        W E L C O M E  to  R O O T       *
  *                                         *
  *   Version   5.34/38     12 March 2018   *
  *                                         *
  *  You are welcome to visit our Web site  *
  *          http://root.cern.ch            *
  *                                         *
  *******************************************

ROOT 5.34/38 (v5-34-38@v5-34-38, Mar 12 2018, 15:49:39 on linux)

CINT/ROOT C/C++ Interpreter version 5.18.00, July 2, 2010
Type ? for help. Commands must be C++ statements.
Enclose multiple statements between { }.
*** Float Point Exception is OFF ***
 *** Start at Date : Thu Jun  2 11:27:47 2022
QAInfo:You are using STAR_LEVEL : dev, ROOT_LEVEL : 5.34.38 and node : spool0756.sdcc.bnl.gov 

Processing check_S.C++("/tmp/maxwoo/21EF1A6A9139C9FD2A38E59AFB466F9A_1085/INPUTFILES/21EF1A6A9139C9FD2A38E59AFB466F9A_1085.local.list","21EF1A6A9139C9FD2A38E59AFB466F9A_1085",1)...
/tmp/maxwoo/21EF1A6A9139C9FD2A38E59AFB466F9A_1085/INPUTFILES/data_365100481.root 
/tmp/maxwoo/21EF1A6A9139C9FD2A38E59AFB466F9A_1085/INPUTFILES/data_365100491.root 
/tmp/maxwoo/21EF1A6A9139C9FD2A38E59AFB466F9A_1085/INPUTFILES/data_365104191.root 
/tmp/maxwoo/21EF1A6A9139C9FD2A38E59AFB466F9A_1085/INPUTFILES/data_365104201.root 
/tmp/maxwoo/21EF1A6A9139C9FD2A38E59AFB466F9A_1085/INPUTFILES/data_365113471.root 
/tmp/maxwoo/21EF1A6A9139C9FD2A38E59AFB466F9A_1085/INPUTFILES/data_365115501.root 
/tmp/maxwoo/21EF1A6A9139C9FD2A38E59AFB466F9A_1085/INPUTFILES/data_365128071.root 
/tmp/maxwoo/21EF1A6A9139C9FD2A38E59AFB466F9A_1085/INPUTFILES/data_365128301.root 
/tmp/maxwoo/21EF1A6A9139C9FD2A38E59AFB466F9A_1085/INPUTFILES/data_365128371.root 
/tmp/maxwoo/21EF1A6A9139C9FD2A38E59AFB466F9A_1085/INPUTFILES/data_365132281.root 
/tmp/maxwoo/21EF1A6A9139C9FD2A38E59AFB466F9A_1085/INPUTFILES/data_365140231.root 
/tmp/maxwoo/21EF1A6A9139C9FD2A38E59AFB466F9A_1085/INPUTFILES/data_365143031.root 
/tmp/maxwoo/21EF1A6A9139C9FD2A38E59AFB466F9A_1085/INPUTFILES/data_365143041.root 
/tmp/maxwoo/21EF1A6A9139C9FD2A38E59AFB466F9A_1085/INPUTFILES/data_365145391.root 
/tmp/maxwoo/21EF1A6A9139C9FD2A38E59AFB466F9A_1085/INPUTFILES/data_365162841.root 
/tmp/maxwoo/21EF1A6A9139C9FD2A38E59AFB466F9A_1085/INPUTFILES/data_365163161.root 
/tmp/maxwoo/21EF1A6A9139C9FD2A38E59AFB466F9A_1085/INPUTFILES/data_365163531.root 
/tmp/maxwoo/21EF1A6A9139C9FD2A38E59AFB466F9A_1085/INPUTFILES/data_365163541.root 
/tmp/maxwoo/21EF1A6A9139C9FD2A38E59AFB466F9A_1085/INPUTFILES/data_365163561.root 
/tmp/maxwoo/21EF1A6A9139C9FD2A38E59AFB466F9A_1085/INPUTFILES/data_365163571.root 
/tmp/maxwoo/21EF1A6A9139C9FD2A38E59AFB466F9A_1085/INPUTFILES/data_365163581.root 
/tmp/maxwoo/21EF1A6A9139C9FD2A38E59AFB466F9A_1085/INPUTFILES/data_365163591.root 
/tmp/maxwoo/21EF1A6A9139C9FD2A38E59AFB466F9A_1085/INPUTFILES/data_365163601.root 
/tmp/maxwoo/21EF1A6A9139C9FD2A38E59AFB466F9A_1085/INPUTFILES/data_365163611.root 
/tmp/maxwoo/21EF1A6A9139C9FD2A38E59AFB466F9A_1085/INPUTFILES/data_365163621.root 
/tmp/maxwoo/21EF1A6A9139C9FD2A38E59AFB466F9A_1085/INPUTFILES/data_365163631.root 
/tmp/maxwoo/21EF1A6A9139C9FD2A38E59AFB466F9A_1085/INPUTFILES/data_365163641.root 
/tmp/maxwoo/21EF1A6A9139C9FD2A38E59AFB466F9A_1085/INPUTFILES/data_365163651.root 
/tmp/maxwoo/21EF1A6A9139C9FD2A38E59AFB466F9A_1085/INPUTFILES/data_365163661.root 
/tmp/maxwoo/21EF1A6A9139C9FD2A38E59AFB466F9A_1085/INPUTFILES/data_365163671.root 
/tmp/maxwoo/21EF1A6A9139C9FD2A38E59AFB466F9A_1085/INPUTFILES/data_365163681.root 
/tmp/maxwoo/21EF1A6A9139C9FD2A38E59AFB466F9A_1085/INPUTFILES/data_365163691.root 
/tmp/maxwoo/21EF1A6A9139C9FD2A38E59AFB466F9A_1085/INPUTFILES/data_365163731.root 
/tmp/maxwoo/21EF1A6A9139C9FD2A38E59AFB466F9A_1085/INPUTFILES/data_365164061.root 
/tmp/maxwoo/21EF1A6A9139C9FD2A38E59AFB466F9A_1085/INPUTFILES/data_365164071.root 
/tmp/maxwoo/21EF1A6A9139C9FD2A38E59AFB466F9A_1085/INPUTFILES/data_365169191.root 
/tmp/maxwoo/21EF1A6A9139C9FD2A38E59AFB466F9A_1085/INPUTFILES/data_365170071.root 
Added 37 files
# entries in chain: 36128
Processing entry == 1000 == out of 36128.
Processing entry == 2000 == out of 36128.
Processing entry == 3000 == out of 36128.
Processing entry == 4000 == out of 36128.
Processing entry == 5000 == out of 36128.
Processing entry == 6000 == out of 36128.
Processing entry == 7000 == out of 36128.
Processing entry == 8000 == out of 36128.
Processing entry == 9000 == out of 36128.
Processing entry == 10000 == out of 36128.
Processing entry == 11000 == out of 36128.
Processing entry == 12000 == out of 36128.
Processing entry == 13000 == out of 36128.
Processing entry == 14000 == out of 36128.
Processing entry == 15000 == out of 36128.
Processing entry == 16000 == out of 36128.
Processing entry == 17000 == out of 36128.
Processing entry == 18000 == out of 36128.
Processing entry == 19000 == out of 36128.
Processing entry == 20000 == out of 36128.
Processing entry == 21000 == out of 36128.
Processing entry == 22000 == out of 36128.
Processing entry == 23000 == out of 36128.
Processing entry == 24000 == out of 36128.
Processing entry == 25000 == out of 36128.
Processing entry == 26000 == out of 36128.
Processing entry == 27000 == out of 36128.
Processing entry == 28000 == out of 36128.
Processing entry == 29000 == out of 36128.
Processing entry == 30000 == out of 36128.
Processing entry == 31000 == out of 36128.
Processing entry == 32000 == out of 36128.
Processing entry == 33000 == out of 36128.
Processing entry == 34000 == out of 36128.
Processing entry == 35000 == out of 36128.
Processing entry == 36000 == out of 36128.

This is the end of ROOT -- Goodbye

Cleaning up sandbox file:  /tmp/maxwoo/21EF1A6A9139C9FD2A38E59AFB466F9A_1085/check_S.C
Cleaning up sandbox file:  /tmp/maxwoo/21EF1A6A9139C9FD2A38E59AFB466F9A_1085/Check_Sness.C
Cleaning up sandbox file:  /tmp/maxwoo/21EF1A6A9139C9FD2A38E59AFB466F9A_1085/lib
Cleaning up sandbox file:  /tmp/maxwoo/21EF1A6A9139C9FD2A38E59AFB466F9A_1085/.sandboxFiles
Starting copy block
Running copy command:  /bin/cp -fp /tmp/maxwoo/21EF1A6A9139C9FD2A38E59AFB466F9A_1085/out_21EF1A6A9139C9FD2A38E59AFB466F9A_1085.root /star/data01/pwg/xiatong/git/strangeness/data/
75831 Execution of (/star/data01/pwg/xiatong/git/strangeness/script/sched21EF1A6A9139C9FD2A38E59AFB466F9A_1085.csh ) has ended, exiting normally
75831 We END on [Thu Jun  2 11:44:04 EDT 2022]
