We are starting on node: spool0595.sdcc.bnl.gov
HOME is not defined
Using getent method
HOME is now /star/u/maxwoo
40202 We will spawn ourselves (/star/data01/pwg/xiatong/git/strangeness/script/sched21EF1A6A9139C9FD2A38E59AFB466F9A_2776.csh )
40202 We BEGIN on [Thu Jun  2 10:51:30 EDT 2022]
[1] 40677
40202 We are waiting for 40677 
40202 Grandchild PID is 42060 - found in 10 x 1 seconds
40202 Establishing first watcher   on    Thu Jun  2 10:51:41 EDT 2022
40202 Process tree is 40202 (main) -> 40677 (child) -> 42060 (grandchild)
F S   UID   PID  PPID  C PRI  NI ADDR SZ WCHAN  TTY        TIME CMD
0 D 100667 42060 40677  0 80   0 - 30261 cxiWai ?          0:00 cp /star/data01/pwg/xiatong/AMPT/14GeV/data_1953141011.root /tmp/maxwoo/21EF1A6A9139C9FD2A38E59AFB466F9A_2776/INPUTFILES/data_1953141011.root
40202 Grandchild PID is 44740 - found in 20 x 2 seconds
40202 Grandchild to watch has changed on Thu Jun  2 10:52:02 EDT 2022
40202 Process tree is 40202 (main) -> 40677 (child) -> 44740 (grandchild)
F S   UID   PID  PPID  C PRI  NI ADDR SZ WCHAN  TTY        TIME CMD
0 D 100667 44740 40677  0 80   0 - 32311 cxiWai ?          0:00 cp /star/data01/pwg/xiatong/AMPT/14GeV/data_1955493421.root /tmp/maxwoo/21EF1A6A9139C9FD2A38E59AFB466F9A_2776/INPUTFILES/data_1955493421.root
40202 Grandchild PID is 46653 - found in 30 x 2 seconds
40202 Grandchild to watch has changed on Thu Jun  2 10:52:23 EDT 2022
40202 Process tree is 40202 (main) -> 40677 (child) -> 46653 (grandchild)
F S   UID   PID  PPID  C PRI  NI ADDR SZ WCHAN  TTY        TIME CMD
0 D 100667 46653 40677  0 80   0 - 32311 cxiWai ?          0:00 cp /star/data01/pwg/xiatong/AMPT/14GeV/data_1956124261.root /tmp/maxwoo/21EF1A6A9139C9FD2A38E59AFB466F9A_2776/INPUTFILES/data_1956124261.root
40202 Grandchild PID is 50744 - found in 50 x 2 seconds
40202 Grandchild to watch has changed on Thu Jun  2 10:53:05 EDT 2022
40202 Process tree is 40202 (main) -> 40677 (child) -> 50744 (grandchild)
F S   UID   PID  PPID  C PRI  NI ADDR SZ WCHAN  TTY        TIME CMD
0 D 100667 50744 40677  0 80   0 - 30261 cxiWai ?          0:00 cp /star/data01/pwg/xiatong/AMPT/14GeV/data_1956124791.root /tmp/maxwoo/21EF1A6A9139C9FD2A38E59AFB466F9A_2776/INPUTFILES/data_1956124791.root
40202 Grandchild PID is 52124 - found in 60 x 2 seconds
40202 Grandchild to watch has changed on Thu Jun  2 10:53:26 EDT 2022
40202 Process tree is 40202 (main) -> 40677 (child) -> 52124 (grandchild)
F S   UID   PID  PPID  C PRI  NI ADDR SZ WCHAN  TTY        TIME CMD
0 S 100667 52124 40677  0 80   0 -  1272 do_wai ?          0:00 root -b -q check_S.C++("/tmp/maxwoo/21EF1A6A9139C9FD2A38E59AFB466F9A_2776/INPUTFILES/21EF1A6A9139C9FD2A38E59AFB466F9A_2776.local.list","21EF1A6A9139C9FD2A38E59AFB466F9A_2776",1)
40202 Grandchild PID is 14431 - found in 580 x 2 seconds
40202 Grandchild to watch has changed on Thu Jun  2 11:14:41 EDT 2022
40202 Process tree is 40202 (main) -> 40677 (child) -> 14431 (grandchild)
F S   UID   PID  PPID  C PRI  NI ADDR SZ WCHAN  TTY        TIME CMD
40677 Stepping into the main SUMS wrapper program with []
.... building sandbox
Running: cp /star/data01/pwg/xiatong/AMPT/14GeV/data_1952693141.root /tmp/maxwoo/21EF1A6A9139C9FD2A38E59AFB466F9A_2776/INPUTFILES/data_1952693141.root
Running: cp /star/data01/pwg/xiatong/AMPT/14GeV/data_1953124181.root /tmp/maxwoo/21EF1A6A9139C9FD2A38E59AFB466F9A_2776/INPUTFILES/data_1953124181.root
Running: cp /star/data01/pwg/xiatong/AMPT/14GeV/data_1953124611.root /tmp/maxwoo/21EF1A6A9139C9FD2A38E59AFB466F9A_2776/INPUTFILES/data_1953124611.root
Running: cp /star/data01/pwg/xiatong/AMPT/14GeV/data_1953125171.root /tmp/maxwoo/21EF1A6A9139C9FD2A38E59AFB466F9A_2776/INPUTFILES/data_1953125171.root
Running: cp /star/data01/pwg/xiatong/AMPT/14GeV/data_1953125431.root /tmp/maxwoo/21EF1A6A9139C9FD2A38E59AFB466F9A_2776/INPUTFILES/data_1953125431.root
Running: cp /star/data01/pwg/xiatong/AMPT/14GeV/data_1953126651.root /tmp/maxwoo/21EF1A6A9139C9FD2A38E59AFB466F9A_2776/INPUTFILES/data_1953126651.root
Running: cp /star/data01/pwg/xiatong/AMPT/14GeV/data_1953138341.root /tmp/maxwoo/21EF1A6A9139C9FD2A38E59AFB466F9A_2776/INPUTFILES/data_1953138341.root
Running: cp /star/data01/pwg/xiatong/AMPT/14GeV/data_1953139411.root /tmp/maxwoo/21EF1A6A9139C9FD2A38E59AFB466F9A_2776/INPUTFILES/data_1953139411.root
Running: cp /star/data01/pwg/xiatong/AMPT/14GeV/data_1953140971.root /tmp/maxwoo/21EF1A6A9139C9FD2A38E59AFB466F9A_2776/INPUTFILES/data_1953140971.root
Running: cp /star/data01/pwg/xiatong/AMPT/14GeV/data_1953141011.root /tmp/maxwoo/21EF1A6A9139C9FD2A38E59AFB466F9A_2776/INPUTFILES/data_1953141011.root
Running: cp /star/data01/pwg/xiatong/AMPT/14GeV/data_1953141021.root /tmp/maxwoo/21EF1A6A9139C9FD2A38E59AFB466F9A_2776/INPUTFILES/data_1953141021.root
Running: cp /star/data01/pwg/xiatong/AMPT/14GeV/data_1953393341.root /tmp/maxwoo/21EF1A6A9139C9FD2A38E59AFB466F9A_2776/INPUTFILES/data_1953393341.root
Running: cp /star/data01/pwg/xiatong/AMPT/14GeV/data_1954124401.root /tmp/maxwoo/21EF1A6A9139C9FD2A38E59AFB466F9A_2776/INPUTFILES/data_1954124401.root
Running: cp /star/data01/pwg/xiatong/AMPT/14GeV/data_1954182341.root /tmp/maxwoo/21EF1A6A9139C9FD2A38E59AFB466F9A_2776/INPUTFILES/data_1954182341.root
Running: cp /star/data01/pwg/xiatong/AMPT/14GeV/data_1954393321.root /tmp/maxwoo/21EF1A6A9139C9FD2A38E59AFB466F9A_2776/INPUTFILES/data_1954393321.root
Running: cp /star/data01/pwg/xiatong/AMPT/14GeV/data_1955124201.root /tmp/maxwoo/21EF1A6A9139C9FD2A38E59AFB466F9A_2776/INPUTFILES/data_1955124201.root
Running: cp /star/data01/pwg/xiatong/AMPT/14GeV/data_1955124221.root /tmp/maxwoo/21EF1A6A9139C9FD2A38E59AFB466F9A_2776/INPUTFILES/data_1955124221.root
Running: cp /star/data01/pwg/xiatong/AMPT/14GeV/data_1955124271.root /tmp/maxwoo/21EF1A6A9139C9FD2A38E59AFB466F9A_2776/INPUTFILES/data_1955124271.root
Running: cp /star/data01/pwg/xiatong/AMPT/14GeV/data_1955124651.root /tmp/maxwoo/21EF1A6A9139C9FD2A38E59AFB466F9A_2776/INPUTFILES/data_1955124651.root
Running: cp /star/data01/pwg/xiatong/AMPT/14GeV/data_1955124801.root /tmp/maxwoo/21EF1A6A9139C9FD2A38E59AFB466F9A_2776/INPUTFILES/data_1955124801.root
Running: cp /star/data01/pwg/xiatong/AMPT/14GeV/data_1955125021.root /tmp/maxwoo/21EF1A6A9139C9FD2A38E59AFB466F9A_2776/INPUTFILES/data_1955125021.root
Running: cp /star/data01/pwg/xiatong/AMPT/14GeV/data_1955125451.root /tmp/maxwoo/21EF1A6A9139C9FD2A38E59AFB466F9A_2776/INPUTFILES/data_1955125451.root
Running: cp /star/data01/pwg/xiatong/AMPT/14GeV/data_1955128611.root /tmp/maxwoo/21EF1A6A9139C9FD2A38E59AFB466F9A_2776/INPUTFILES/data_1955128611.root
Running: cp /star/data01/pwg/xiatong/AMPT/14GeV/data_1955493421.root /tmp/maxwoo/21EF1A6A9139C9FD2A38E59AFB466F9A_2776/INPUTFILES/data_1955493421.root
Running: cp /star/data01/pwg/xiatong/AMPT/14GeV/data_1955793351.root /tmp/maxwoo/21EF1A6A9139C9FD2A38E59AFB466F9A_2776/INPUTFILES/data_1955793351.root
Running: cp /star/data01/pwg/xiatong/AMPT/14GeV/data_1956124191.root /tmp/maxwoo/21EF1A6A9139C9FD2A38E59AFB466F9A_2776/INPUTFILES/data_1956124191.root
Running: cp /star/data01/pwg/xiatong/AMPT/14GeV/data_1956124261.root /tmp/maxwoo/21EF1A6A9139C9FD2A38E59AFB466F9A_2776/INPUTFILES/data_1956124261.root
Running: cp /star/data01/pwg/xiatong/AMPT/14GeV/data_1956124341.root /tmp/maxwoo/21EF1A6A9139C9FD2A38E59AFB466F9A_2776/INPUTFILES/data_1956124341.root
Running: cp /star/data01/pwg/xiatong/AMPT/14GeV/data_1956124621.root /tmp/maxwoo/21EF1A6A9139C9FD2A38E59AFB466F9A_2776/INPUTFILES/data_1956124621.root
Running: cp /star/data01/pwg/xiatong/AMPT/14GeV/data_1956124791.root /tmp/maxwoo/21EF1A6A9139C9FD2A38E59AFB466F9A_2776/INPUTFILES/data_1956124791.root
Running: cp /star/data01/pwg/xiatong/AMPT/14GeV/data_1956127191.root /tmp/maxwoo/21EF1A6A9139C9FD2A38E59AFB466F9A_2776/INPUTFILES/data_1956127191.root
Running: cp /star/data01/pwg/xiatong/AMPT/14GeV/data_1956129021.root /tmp/maxwoo/21EF1A6A9139C9FD2A38E59AFB466F9A_2776/INPUTFILES/data_1956129021.root
Running: cp /star/data01/pwg/xiatong/AMPT/14GeV/data_1956196791.root /tmp/maxwoo/21EF1A6A9139C9FD2A38E59AFB466F9A_2776/INPUTFILES/data_1956196791.root
Running: cp /star/data01/pwg/xiatong/AMPT/14GeV/data_1956698841.root /tmp/maxwoo/21EF1A6A9139C9FD2A38E59AFB466F9A_2776/INPUTFILES/data_1956698841.root
Running: cp /star/data01/pwg/xiatong/AMPT/14GeV/data_1956898871.root /tmp/maxwoo/21EF1A6A9139C9FD2A38E59AFB466F9A_2776/INPUTFILES/data_1956898871.root
Running: cp /star/data01/pwg/xiatong/AMPT/14GeV/data_1956899761.root /tmp/maxwoo/21EF1A6A9139C9FD2A38E59AFB466F9A_2776/INPUTFILES/data_1956899761.root
Running: cp /star/data01/pwg/xiatong/AMPT/14GeV/data_1957123801.root /tmp/maxwoo/21EF1A6A9139C9FD2A38E59AFB466F9A_2776/INPUTFILES/data_1957123801.root
Swapping $FILELIST with: /tmp/maxwoo/21EF1A6A9139C9FD2A38E59AFB466F9A_2776/INPUTFILES/21EF1A6A9139C9FD2A38E59AFB466F9A_2776.local.list
+++++++++++local copy debug++++++++++++++++++++
newFileList: /tmp/maxwoo/21EF1A6A9139C9FD2A38E59AFB466F9A_2776/INPUTFILES/21EF1A6A9139C9FD2A38E59AFB466F9A_2776.local.list
++++++++++++++++cat FILELIST+++++++++++++++++++
/tmp/maxwoo/21EF1A6A9139C9FD2A38E59AFB466F9A_2776/INPUTFILES/data_1952693141.root 
/tmp/maxwoo/21EF1A6A9139C9FD2A38E59AFB466F9A_2776/INPUTFILES/data_1953124181.root 
/tmp/maxwoo/21EF1A6A9139C9FD2A38E59AFB466F9A_2776/INPUTFILES/data_1953124611.root 
/tmp/maxwoo/21EF1A6A9139C9FD2A38E59AFB466F9A_2776/INPUTFILES/data_1953125171.root 
/tmp/maxwoo/21EF1A6A9139C9FD2A38E59AFB466F9A_2776/INPUTFILES/data_1953125431.root 
/tmp/maxwoo/21EF1A6A9139C9FD2A38E59AFB466F9A_2776/INPUTFILES/data_1953126651.root 
/tmp/maxwoo/21EF1A6A9139C9FD2A38E59AFB466F9A_2776/INPUTFILES/data_1953138341.root 
/tmp/maxwoo/21EF1A6A9139C9FD2A38E59AFB466F9A_2776/INPUTFILES/data_1953139411.root 
/tmp/maxwoo/21EF1A6A9139C9FD2A38E59AFB466F9A_2776/INPUTFILES/data_1953140971.root 
/tmp/maxwoo/21EF1A6A9139C9FD2A38E59AFB466F9A_2776/INPUTFILES/data_1953141011.root 
/tmp/maxwoo/21EF1A6A9139C9FD2A38E59AFB466F9A_2776/INPUTFILES/data_1953141021.root 
/tmp/maxwoo/21EF1A6A9139C9FD2A38E59AFB466F9A_2776/INPUTFILES/data_1953393341.root 
/tmp/maxwoo/21EF1A6A9139C9FD2A38E59AFB466F9A_2776/INPUTFILES/data_1954124401.root 
/tmp/maxwoo/21EF1A6A9139C9FD2A38E59AFB466F9A_2776/INPUTFILES/data_1954182341.root 
/tmp/maxwoo/21EF1A6A9139C9FD2A38E59AFB466F9A_2776/INPUTFILES/data_1954393321.root 
/tmp/maxwoo/21EF1A6A9139C9FD2A38E59AFB466F9A_2776/INPUTFILES/data_1955124201.root 
/tmp/maxwoo/21EF1A6A9139C9FD2A38E59AFB466F9A_2776/INPUTFILES/data_1955124221.root 
/tmp/maxwoo/21EF1A6A9139C9FD2A38E59AFB466F9A_2776/INPUTFILES/data_1955124271.root 
/tmp/maxwoo/21EF1A6A9139C9FD2A38E59AFB466F9A_2776/INPUTFILES/data_1955124651.root 
/tmp/maxwoo/21EF1A6A9139C9FD2A38E59AFB466F9A_2776/INPUTFILES/data_1955124801.root 
/tmp/maxwoo/21EF1A6A9139C9FD2A38E59AFB466F9A_2776/INPUTFILES/data_1955125021.root 
/tmp/maxwoo/21EF1A6A9139C9FD2A38E59AFB466F9A_2776/INPUTFILES/data_1955125451.root 
/tmp/maxwoo/21EF1A6A9139C9FD2A38E59AFB466F9A_2776/INPUTFILES/data_1955128611.root 
/tmp/maxwoo/21EF1A6A9139C9FD2A38E59AFB466F9A_2776/INPUTFILES/data_1955493421.root 
/tmp/maxwoo/21EF1A6A9139C9FD2A38E59AFB466F9A_2776/INPUTFILES/data_1955793351.root 
/tmp/maxwoo/21EF1A6A9139C9FD2A38E59AFB466F9A_2776/INPUTFILES/data_1956124191.root 
/tmp/maxwoo/21EF1A6A9139C9FD2A38E59AFB466F9A_2776/INPUTFILES/data_1956124261.root 
/tmp/maxwoo/21EF1A6A9139C9FD2A38E59AFB466F9A_2776/INPUTFILES/data_1956124341.root 
/tmp/maxwoo/21EF1A6A9139C9FD2A38E59AFB466F9A_2776/INPUTFILES/data_1956124621.root 
/tmp/maxwoo/21EF1A6A9139C9FD2A38E59AFB466F9A_2776/INPUTFILES/data_1956124791.root 
/tmp/maxwoo/21EF1A6A9139C9FD2A38E59AFB466F9A_2776/INPUTFILES/data_1956127191.root 
/tmp/maxwoo/21EF1A6A9139C9FD2A38E59AFB466F9A_2776/INPUTFILES/data_1956129021.root 
/tmp/maxwoo/21EF1A6A9139C9FD2A38E59AFB466F9A_2776/INPUTFILES/data_1956196791.root 
/tmp/maxwoo/21EF1A6A9139C9FD2A38E59AFB466F9A_2776/INPUTFILES/data_1956698841.root 
/tmp/maxwoo/21EF1A6A9139C9FD2A38E59AFB466F9A_2776/INPUTFILES/data_1956898871.root 
/tmp/maxwoo/21EF1A6A9139C9FD2A38E59AFB466F9A_2776/INPUTFILES/data_1956899761.root 
/tmp/maxwoo/21EF1A6A9139C9FD2A38E59AFB466F9A_2776/INPUTFILES/data_1957123801.root 
++++++++++++++++++++find.++++++++++++++++++++++
.
./Check_Sness.C
./.errror.log
./lib
./lib/my_particle_cpp.so
./lib/my_particle.cpp
./lib/MixedBuffer.h
./lib/MixedBuffer.cpp
./lib/NpartNormalizer.cpp
./lib/my_particle_cpp.d
./lib/NpartNormalizer.h
./lib/my_particle.h
./lib/NpartNormalizer_cpp_ACLiC_dict_rdict.pcm
./lib/CenMaker_cpp.so
./lib/MixedBuffer_cpp_ACLiC_dict_rdict.pcm
./lib/my_event_cpp.d
./lib/my_event.cpp
./lib/MixedBuffer_cpp.so
./lib/my_particle_cpp_ACLiC_dict_rdict.pcm
./lib/NpartNormalizer_cpp.so
./lib/MixedBuffer_cpp.d
./lib/CenMaker.h
./lib/CenMaker.cpp
./lib/my_event_cpp.so
./lib/CenMaker_cpp_ACLiC_dict_rdict.pcm
./lib/NpartNormalizer_cpp.d
./lib/my_event_cpp_ACLiC_dict_rdict.pcm
./lib/my_event.h
./lib/CenMaker_cpp.d
./INPUTFILES
./INPUTFILES/data_1956124261.root
./INPUTFILES/data_1955124201.root
./INPUTFILES/data_1953393341.root
./INPUTFILES/data_1956698841.root
./INPUTFILES/data_1953126651.root
./INPUTFILES/data_1956899761.root
./INPUTFILES/data_1956124191.root
./INPUTFILES/data_1957123801.root
./INPUTFILES/data_1955125451.root
./INPUTFILES/data_1953125431.root
./INPUTFILES/data_1952693141.root
./INPUTFILES/data_1953124181.root
./INPUTFILES/data_1956196791.root
./INPUTFILES/data_1955793351.root
./INPUTFILES/data_1956127191.root
./INPUTFILES/data_1955128611.root
./INPUTFILES/data_1956124791.root
./INPUTFILES/data_1953141021.root
./INPUTFILES/data_1955124221.root
./INPUTFILES/data_1955124801.root
./INPUTFILES/data_1956124621.root
./INPUTFILES/data_1955125021.root
./INPUTFILES/data_1953140971.root
./INPUTFILES/21EF1A6A9139C9FD2A38E59AFB466F9A_2776.local.list
./INPUTFILES/data_1953124611.root
./INPUTFILES/data_1956129021.root
./INPUTFILES/data_1955124651.root
./INPUTFILES/data_1953141011.root
./INPUTFILES/data_1955124271.root
./INPUTFILES/data_1954182341.root
./INPUTFILES/data_1956124341.root
./INPUTFILES/data_1953139411.root
./INPUTFILES/data_1955493421.root
./INPUTFILES/data_1956898871.root
./INPUTFILES/data_1954124401.root
./INPUTFILES/data_1953125171.root
./INPUTFILES/data_1954393321.root
./INPUTFILES/data_1953138341.root
./check_S.C
./.output.log
./.sandboxFiles
++++++++++++++++INPUTFILE Var++++++++++++++++++
FILELIST=/tmp/maxwoo/21EF1A6A9139C9FD2A38E59AFB466F9A_2776/INPUTFILES/21EF1A6A9139C9FD2A38E59AFB466F9A_2776.local.list
INPUTFILECOUNT=37
INPUTFILE0=/tmp/maxwoo/21EF1A6A9139C9FD2A38E59AFB466F9A_2776/INPUTFILES/data_1952693141.root
INPUTFILE1=/tmp/maxwoo/21EF1A6A9139C9FD2A38E59AFB466F9A_2776/INPUTFILES/data_1953124181.root
INPUTFILE2=/tmp/maxwoo/21EF1A6A9139C9FD2A38E59AFB466F9A_2776/INPUTFILES/data_1953124611.root
INPUTFILE3=/tmp/maxwoo/21EF1A6A9139C9FD2A38E59AFB466F9A_2776/INPUTFILES/data_1953125171.root
INPUTFILE4=/tmp/maxwoo/21EF1A6A9139C9FD2A38E59AFB466F9A_2776/INPUTFILES/data_1953125431.root
INPUTFILE5=/tmp/maxwoo/21EF1A6A9139C9FD2A38E59AFB466F9A_2776/INPUTFILES/data_1953126651.root
INPUTFILE6=/tmp/maxwoo/21EF1A6A9139C9FD2A38E59AFB466F9A_2776/INPUTFILES/data_1953138341.root
INPUTFILE7=/tmp/maxwoo/21EF1A6A9139C9FD2A38E59AFB466F9A_2776/INPUTFILES/data_1953139411.root
INPUTFILE8=/tmp/maxwoo/21EF1A6A9139C9FD2A38E59AFB466F9A_2776/INPUTFILES/data_1953140971.root
INPUTFILE9=/tmp/maxwoo/21EF1A6A9139C9FD2A38E59AFB466F9A_2776/INPUTFILES/data_1953141011.root
INPUTFILE10=/tmp/maxwoo/21EF1A6A9139C9FD2A38E59AFB466F9A_2776/INPUTFILES/data_1953141021.root
INPUTFILE11=/tmp/maxwoo/21EF1A6A9139C9FD2A38E59AFB466F9A_2776/INPUTFILES/data_1953393341.root
INPUTFILE12=/tmp/maxwoo/21EF1A6A9139C9FD2A38E59AFB466F9A_2776/INPUTFILES/data_1954124401.root
INPUTFILE13=/tmp/maxwoo/21EF1A6A9139C9FD2A38E59AFB466F9A_2776/INPUTFILES/data_1954182341.root
INPUTFILE14=/tmp/maxwoo/21EF1A6A9139C9FD2A38E59AFB466F9A_2776/INPUTFILES/data_1954393321.root
INPUTFILE15=/tmp/maxwoo/21EF1A6A9139C9FD2A38E59AFB466F9A_2776/INPUTFILES/data_1955124201.root
INPUTFILE16=/tmp/maxwoo/21EF1A6A9139C9FD2A38E59AFB466F9A_2776/INPUTFILES/data_1955124221.root
INPUTFILE17=/tmp/maxwoo/21EF1A6A9139C9FD2A38E59AFB466F9A_2776/INPUTFILES/data_1955124271.root
INPUTFILE18=/tmp/maxwoo/21EF1A6A9139C9FD2A38E59AFB466F9A_2776/INPUTFILES/data_1955124651.root
INPUTFILE19=/tmp/maxwoo/21EF1A6A9139C9FD2A38E59AFB466F9A_2776/INPUTFILES/data_1955124801.root
INPUTFILE20=/tmp/maxwoo/21EF1A6A9139C9FD2A38E59AFB466F9A_2776/INPUTFILES/data_1955125021.root
INPUTFILE21=/tmp/maxwoo/21EF1A6A9139C9FD2A38E59AFB466F9A_2776/INPUTFILES/data_1955125451.root
INPUTFILE22=/tmp/maxwoo/21EF1A6A9139C9FD2A38E59AFB466F9A_2776/INPUTFILES/data_1955128611.root
INPUTFILE23=/tmp/maxwoo/21EF1A6A9139C9FD2A38E59AFB466F9A_2776/INPUTFILES/data_1955493421.root
INPUTFILE24=/tmp/maxwoo/21EF1A6A9139C9FD2A38E59AFB466F9A_2776/INPUTFILES/data_1955793351.root
INPUTFILE25=/tmp/maxwoo/21EF1A6A9139C9FD2A38E59AFB466F9A_2776/INPUTFILES/data_1956124191.root
INPUTFILE26=/tmp/maxwoo/21EF1A6A9139C9FD2A38E59AFB466F9A_2776/INPUTFILES/data_1956124261.root
INPUTFILE27=/tmp/maxwoo/21EF1A6A9139C9FD2A38E59AFB466F9A_2776/INPUTFILES/data_1956124341.root
INPUTFILE28=/tmp/maxwoo/21EF1A6A9139C9FD2A38E59AFB466F9A_2776/INPUTFILES/data_1956124621.root
INPUTFILE29=/tmp/maxwoo/21EF1A6A9139C9FD2A38E59AFB466F9A_2776/INPUTFILES/data_1956124791.root
INPUTFILE30=/tmp/maxwoo/21EF1A6A9139C9FD2A38E59AFB466F9A_2776/INPUTFILES/data_1956127191.root
INPUTFILE31=/tmp/maxwoo/21EF1A6A9139C9FD2A38E59AFB466F9A_2776/INPUTFILES/data_1956129021.root
INPUTFILE32=/tmp/maxwoo/21EF1A6A9139C9FD2A38E59AFB466F9A_2776/INPUTFILES/data_1956196791.root
INPUTFILE33=/tmp/maxwoo/21EF1A6A9139C9FD2A38E59AFB466F9A_2776/INPUTFILES/data_1956698841.root
INPUTFILE34=/tmp/maxwoo/21EF1A6A9139C9FD2A38E59AFB466F9A_2776/INPUTFILES/data_1956898871.root
INPUTFILE35=/tmp/maxwoo/21EF1A6A9139C9FD2A38E59AFB466F9A_2776/INPUTFILES/data_1956899761.root
INPUTFILE36=/tmp/maxwoo/21EF1A6A9139C9FD2A38E59AFB466F9A_2776/INPUTFILES/data_1957123801.root
LocalInputFileDir=/tmp/maxwoo/21EF1A6A9139C9FD2A38E59AFB466F9A_2776/INPUTFILES
NewFILELIST=/tmp/maxwoo/21EF1A6A9139C9FD2A38E59AFB466F9A_2776/INPUTFILES/21EF1A6A9139C9FD2A38E59AFB466F9A_2776.local.list
+++++++++++++++++++++++++++++++++++++++++++++++
--------------------------------
Simple Unified Meta Scheduler 1.10.50 we are starting in $SCRATCH : /home/tmp/maxwoo/21EF1A6A9139C9FD2A38E59AFB466F9A_2776
--------------------------------
total 16
lrwxrwxrwx 1 maxwoo rhstar   61 Jun  2 10:51 check_S.C -> /gpfs/mnt/gpfs01/star/pwg/xiatong/git/strangeness/./check_S.C
lrwxrwxrwx 1 maxwoo rhstar   65 Jun  2 10:51 Check_Sness.C -> /gpfs/mnt/gpfs01/star/pwg/xiatong/git/strangeness/./Check_Sness.C
drwxr-xr-x 2 maxwoo rhstar 4096 Jun  2 10:53 INPUTFILES
drwxr-xr-x 2 maxwoo rhstar 4096 Jun  2 10:51 lib
  *******************************************
  *                                         *
  *        W E L C O M E  to  R O O T       *
  *                                         *
  *   Version   5.34/38     12 March 2018   *
  *                                         *
  *  You are welcome to visit our Web site  *
  *          http://root.cern.ch            *
  *                                         *
  *******************************************

ROOT 5.34/38 (v5-34-38@v5-34-38, Mar 12 2018, 15:49:39 on linux)

CINT/ROOT C/C++ Interpreter version 5.18.00, July 2, 2010
Type ? for help. Commands must be C++ statements.
Enclose multiple statements between { }.
*** Float Point Exception is OFF ***
 *** Start at Date : Thu Jun  2 10:53:17 2022
QAInfo:You are using STAR_LEVEL : dev, ROOT_LEVEL : 5.34.38 and node : spool0595.sdcc.bnl.gov 

Processing check_S.C++("/tmp/maxwoo/21EF1A6A9139C9FD2A38E59AFB466F9A_2776/INPUTFILES/21EF1A6A9139C9FD2A38E59AFB466F9A_2776.local.list","21EF1A6A9139C9FD2A38E59AFB466F9A_2776",1)...
/tmp/maxwoo/21EF1A6A9139C9FD2A38E59AFB466F9A_2776/INPUTFILES/data_1952693141.root 
/tmp/maxwoo/21EF1A6A9139C9FD2A38E59AFB466F9A_2776/INPUTFILES/data_1953124181.root 
/tmp/maxwoo/21EF1A6A9139C9FD2A38E59AFB466F9A_2776/INPUTFILES/data_1953124611.root 
/tmp/maxwoo/21EF1A6A9139C9FD2A38E59AFB466F9A_2776/INPUTFILES/data_1953125171.root 
/tmp/maxwoo/21EF1A6A9139C9FD2A38E59AFB466F9A_2776/INPUTFILES/data_1953125431.root 
/tmp/maxwoo/21EF1A6A9139C9FD2A38E59AFB466F9A_2776/INPUTFILES/data_1953126651.root 
/tmp/maxwoo/21EF1A6A9139C9FD2A38E59AFB466F9A_2776/INPUTFILES/data_1953138341.root 
/tmp/maxwoo/21EF1A6A9139C9FD2A38E59AFB466F9A_2776/INPUTFILES/data_1953139411.root 
/tmp/maxwoo/21EF1A6A9139C9FD2A38E59AFB466F9A_2776/INPUTFILES/data_1953140971.root 
/tmp/maxwoo/21EF1A6A9139C9FD2A38E59AFB466F9A_2776/INPUTFILES/data_1953141011.root 
/tmp/maxwoo/21EF1A6A9139C9FD2A38E59AFB466F9A_2776/INPUTFILES/data_1953141021.root 
/tmp/maxwoo/21EF1A6A9139C9FD2A38E59AFB466F9A_2776/INPUTFILES/data_1953393341.root 
/tmp/maxwoo/21EF1A6A9139C9FD2A38E59AFB466F9A_2776/INPUTFILES/data_1954124401.root 
/tmp/maxwoo/21EF1A6A9139C9FD2A38E59AFB466F9A_2776/INPUTFILES/data_1954182341.root 
/tmp/maxwoo/21EF1A6A9139C9FD2A38E59AFB466F9A_2776/INPUTFILES/data_1954393321.root 
/tmp/maxwoo/21EF1A6A9139C9FD2A38E59AFB466F9A_2776/INPUTFILES/data_1955124201.root 
/tmp/maxwoo/21EF1A6A9139C9FD2A38E59AFB466F9A_2776/INPUTFILES/data_1955124221.root 
/tmp/maxwoo/21EF1A6A9139C9FD2A38E59AFB466F9A_2776/INPUTFILES/data_1955124271.root 
/tmp/maxwoo/21EF1A6A9139C9FD2A38E59AFB466F9A_2776/INPUTFILES/data_1955124651.root 
/tmp/maxwoo/21EF1A6A9139C9FD2A38E59AFB466F9A_2776/INPUTFILES/data_1955124801.root 
/tmp/maxwoo/21EF1A6A9139C9FD2A38E59AFB466F9A_2776/INPUTFILES/data_1955125021.root 
/tmp/maxwoo/21EF1A6A9139C9FD2A38E59AFB466F9A_2776/INPUTFILES/data_1955125451.root 
/tmp/maxwoo/21EF1A6A9139C9FD2A38E59AFB466F9A_2776/INPUTFILES/data_1955128611.root 
/tmp/maxwoo/21EF1A6A9139C9FD2A38E59AFB466F9A_2776/INPUTFILES/data_1955493421.root 
/tmp/maxwoo/21EF1A6A9139C9FD2A38E59AFB466F9A_2776/INPUTFILES/data_1955793351.root 
/tmp/maxwoo/21EF1A6A9139C9FD2A38E59AFB466F9A_2776/INPUTFILES/data_1956124191.root 
/tmp/maxwoo/21EF1A6A9139C9FD2A38E59AFB466F9A_2776/INPUTFILES/data_1956124261.root 
/tmp/maxwoo/21EF1A6A9139C9FD2A38E59AFB466F9A_2776/INPUTFILES/data_1956124341.root 
/tmp/maxwoo/21EF1A6A9139C9FD2A38E59AFB466F9A_2776/INPUTFILES/data_1956124621.root 
/tmp/maxwoo/21EF1A6A9139C9FD2A38E59AFB466F9A_2776/INPUTFILES/data_1956124791.root 
/tmp/maxwoo/21EF1A6A9139C9FD2A38E59AFB466F9A_2776/INPUTFILES/data_1956127191.root 
/tmp/maxwoo/21EF1A6A9139C9FD2A38E59AFB466F9A_2776/INPUTFILES/data_1956129021.root 
/tmp/maxwoo/21EF1A6A9139C9FD2A38E59AFB466F9A_2776/INPUTFILES/data_1956196791.root 
/tmp/maxwoo/21EF1A6A9139C9FD2A38E59AFB466F9A_2776/INPUTFILES/data_1956698841.root 
/tmp/maxwoo/21EF1A6A9139C9FD2A38E59AFB466F9A_2776/INPUTFILES/data_1956898871.root 
/tmp/maxwoo/21EF1A6A9139C9FD2A38E59AFB466F9A_2776/INPUTFILES/data_1956899761.root 
/tmp/maxwoo/21EF1A6A9139C9FD2A38E59AFB466F9A_2776/INPUTFILES/data_1957123801.root 
Added 37 files
# entries in chain: 36340
Processing entry == 1000 == out of 36340.
Processing entry == 2000 == out of 36340.
Processing entry == 3000 == out of 36340.
Processing entry == 4000 == out of 36340.
Processing entry == 5000 == out of 36340.
Processing entry == 6000 == out of 36340.
Processing entry == 7000 == out of 36340.
Processing entry == 8000 == out of 36340.
Processing entry == 9000 == out of 36340.
Processing entry == 10000 == out of 36340.
Processing entry == 11000 == out of 36340.
Processing entry == 12000 == out of 36340.
Processing entry == 13000 == out of 36340.
Processing entry == 14000 == out of 36340.
Processing entry == 15000 == out of 36340.
Processing entry == 16000 == out of 36340.
Processing entry == 17000 == out of 36340.
Processing entry == 18000 == out of 36340.
Processing entry == 19000 == out of 36340.
Processing entry == 20000 == out of 36340.
Processing entry == 21000 == out of 36340.
Processing entry == 22000 == out of 36340.
Processing entry == 23000 == out of 36340.
Processing entry == 24000 == out of 36340.
Processing entry == 25000 == out of 36340.
Processing entry == 26000 == out of 36340.
Processing entry == 27000 == out of 36340.
Processing entry == 28000 == out of 36340.
Processing entry == 29000 == out of 36340.
Processing entry == 30000 == out of 36340.
Processing entry == 31000 == out of 36340.
Processing entry == 32000 == out of 36340.
Processing entry == 33000 == out of 36340.
Processing entry == 34000 == out of 36340.
Processing entry == 35000 == out of 36340.
Processing entry == 36000 == out of 36340.

This is the end of ROOT -- Goodbye

Cleaning up sandbox file:  /tmp/maxwoo/21EF1A6A9139C9FD2A38E59AFB466F9A_2776/check_S.C
Cleaning up sandbox file:  /tmp/maxwoo/21EF1A6A9139C9FD2A38E59AFB466F9A_2776/Check_Sness.C
Cleaning up sandbox file:  /tmp/maxwoo/21EF1A6A9139C9FD2A38E59AFB466F9A_2776/lib
Cleaning up sandbox file:  /tmp/maxwoo/21EF1A6A9139C9FD2A38E59AFB466F9A_2776/.sandboxFiles
Starting copy block
Running copy command:  /bin/cp -fp /tmp/maxwoo/21EF1A6A9139C9FD2A38E59AFB466F9A_2776/out_21EF1A6A9139C9FD2A38E59AFB466F9A_2776.root /star/data01/pwg/xiatong/git/strangeness/data/
40202 Execution of (/star/data01/pwg/xiatong/git/strangeness/script/sched21EF1A6A9139C9FD2A38E59AFB466F9A_2776.csh ) has ended, exiting normally
40202 We END on [Thu Jun  2 11:15:37 EDT 2022]
