We are starting on node: spool0710.sdcc.bnl.gov
HOME is not defined
Using getent method
HOME is now /star/u/maxwoo
172205 We will spawn ourselves (/star/data01/pwg/xiatong/git/strangeness/script/sched21EF1A6A9139C9FD2A38E59AFB466F9A_2560.csh )
172205 We BEGIN on [Thu Jun  2 10:58:04 EDT 2022]
[1] 172384
172205 We are waiting for 172384 
172205 Grandchild PID is 173387 - found in 10 x 1 seconds
172205 Establishing first watcher   on    Thu Jun  2 10:58:15 EDT 2022
172205 Process tree is 172205 (main) -> 172384 (child) -> 173387 (grandchild)
F S   UID    PID   PPID  C PRI  NI ADDR SZ WCHAN  TTY        TIME CMD
0 D 100667 173387 172384  0 80   0 - 32311 cxiWai ?          0:00 cp /star/data01/pwg/xiatong/AMPT/14GeV/data_1438115991.root /tmp/maxwoo/21EF1A6A9139C9FD2A38E59AFB466F9A_2560/INPUTFILES/data_1438115991.root
172205 Grandchild PID is 175734 - found in 20 x 2 seconds
172205 Grandchild to watch has changed on Thu Jun  2 10:58:35 EDT 2022
172205 Process tree is 172205 (main) -> 172384 (child) -> 175734 (grandchild)
F S   UID    PID   PPID  C PRI  NI ADDR SZ WCHAN  TTY        TIME CMD
0 D 100667 175734 172384  0 80   0 - 32311 cxiWai ?          0:00 cp /star/data01/pwg/xiatong/AMPT/14GeV/data_1438213191.root /tmp/maxwoo/21EF1A6A9139C9FD2A38E59AFB466F9A_2560/INPUTFILES/data_1438213191.root
172205 Grandchild PID is 177159 - found in 30 x 2 seconds
172205 Grandchild to watch has changed on Thu Jun  2 10:58:56 EDT 2022
172205 Process tree is 172205 (main) -> 172384 (child) -> 177159 (grandchild)
F S   UID    PID   PPID  C PRI  NI ADDR SZ WCHAN  TTY        TIME CMD
0 D 100667 177159 172384  0 80   0 - 32311 cxiWai ?          0:00 cp /star/data01/pwg/xiatong/AMPT/14GeV/data_1438513181.root /tmp/maxwoo/21EF1A6A9139C9FD2A38E59AFB466F9A_2560/INPUTFILES/data_1438513181.root
172205 Grandchild PID is 178134 - found in 40 x 2 seconds
172205 Grandchild to watch has changed on Thu Jun  2 10:59:17 EDT 2022
172205 Process tree is 172205 (main) -> 172384 (child) -> 178134 (grandchild)
F S   UID    PID   PPID  C PRI  NI ADDR SZ WCHAN  TTY        TIME CMD
0 D 100667 178134 172384  0 80   0 - 32311 cxiWai ?          0:00 cp /star/data01/pwg/xiatong/AMPT/14GeV/data_1438813011.root /tmp/maxwoo/21EF1A6A9139C9FD2A38E59AFB466F9A_2560/INPUTFILES/data_1438813011.root
172205 Grandchild PID is 179390 - found in 50 x 2 seconds
172205 Grandchild to watch has changed on Thu Jun  2 10:59:37 EDT 2022
172205 Process tree is 172205 (main) -> 172384 (child) -> 179390 (grandchild)
F S   UID    PID   PPID  C PRI  NI ADDR SZ WCHAN  TTY        TIME CMD
0 D 100667 179390 172384  0 80   0 - 32311 cxiWai ?          0:00 cp /star/data01/pwg/xiatong/AMPT/14GeV/data_1439107841.root /tmp/maxwoo/21EF1A6A9139C9FD2A38E59AFB466F9A_2560/INPUTFILES/data_1439107841.root
172205 Grandchild PID is 179749 - found in 60 x 2 seconds
172205 Grandchild to watch has changed on Thu Jun  2 10:59:58 EDT 2022
172205 Process tree is 172205 (main) -> 172384 (child) -> 179749 (grandchild)
F S   UID    PID   PPID  C PRI  NI ADDR SZ WCHAN  TTY        TIME CMD
0 S 100667 179749 172384  0 80   0 -  1272 do_wai ?          0:00 root -b -q check_S.C++("/tmp/maxwoo/21EF1A6A9139C9FD2A38E59AFB466F9A_2560/INPUTFILES/21EF1A6A9139C9FD2A38E59AFB466F9A_2560.local.list","21EF1A6A9139C9FD2A38E59AFB466F9A_2560",1)
172384 Stepping into the main SUMS wrapper program with []
.... building sandbox
Running: cp /star/data01/pwg/xiatong/AMPT/14GeV/data_1438115991.root /tmp/maxwoo/21EF1A6A9139C9FD2A38E59AFB466F9A_2560/INPUTFILES/data_1438115991.root
Running: cp /star/data01/pwg/xiatong/AMPT/14GeV/data_1438116051.root /tmp/maxwoo/21EF1A6A9139C9FD2A38E59AFB466F9A_2560/INPUTFILES/data_1438116051.root
Running: cp /star/data01/pwg/xiatong/AMPT/14GeV/data_1438116061.root /tmp/maxwoo/21EF1A6A9139C9FD2A38E59AFB466F9A_2560/INPUTFILES/data_1438116061.root
Running: cp /star/data01/pwg/xiatong/AMPT/14GeV/data_1438116071.root /tmp/maxwoo/21EF1A6A9139C9FD2A38E59AFB466F9A_2560/INPUTFILES/data_1438116071.root
Running: cp /star/data01/pwg/xiatong/AMPT/14GeV/data_1438116121.root /tmp/maxwoo/21EF1A6A9139C9FD2A38E59AFB466F9A_2560/INPUTFILES/data_1438116121.root
Running: cp /star/data01/pwg/xiatong/AMPT/14GeV/data_1438116331.root /tmp/maxwoo/21EF1A6A9139C9FD2A38E59AFB466F9A_2560/INPUTFILES/data_1438116331.root
Running: cp /star/data01/pwg/xiatong/AMPT/14GeV/data_1438116361.root /tmp/maxwoo/21EF1A6A9139C9FD2A38E59AFB466F9A_2560/INPUTFILES/data_1438116361.root
Running: cp /star/data01/pwg/xiatong/AMPT/14GeV/data_1438213191.root /tmp/maxwoo/21EF1A6A9139C9FD2A38E59AFB466F9A_2560/INPUTFILES/data_1438213191.root
Running: cp /star/data01/pwg/xiatong/AMPT/14GeV/data_1438213211.root /tmp/maxwoo/21EF1A6A9139C9FD2A38E59AFB466F9A_2560/INPUTFILES/data_1438213211.root
Running: cp /star/data01/pwg/xiatong/AMPT/14GeV/data_1438213231.root /tmp/maxwoo/21EF1A6A9139C9FD2A38E59AFB466F9A_2560/INPUTFILES/data_1438213231.root
Running: cp /star/data01/pwg/xiatong/AMPT/14GeV/data_1438313141.root /tmp/maxwoo/21EF1A6A9139C9FD2A38E59AFB466F9A_2560/INPUTFILES/data_1438313141.root
Running: cp /star/data01/pwg/xiatong/AMPT/14GeV/data_1438313171.root /tmp/maxwoo/21EF1A6A9139C9FD2A38E59AFB466F9A_2560/INPUTFILES/data_1438313171.root
Running: cp /star/data01/pwg/xiatong/AMPT/14GeV/data_1438313241.root /tmp/maxwoo/21EF1A6A9139C9FD2A38E59AFB466F9A_2560/INPUTFILES/data_1438313241.root
Running: cp /star/data01/pwg/xiatong/AMPT/14GeV/data_1438413091.root /tmp/maxwoo/21EF1A6A9139C9FD2A38E59AFB466F9A_2560/INPUTFILES/data_1438413091.root
Running: cp /star/data01/pwg/xiatong/AMPT/14GeV/data_1438413111.root /tmp/maxwoo/21EF1A6A9139C9FD2A38E59AFB466F9A_2560/INPUTFILES/data_1438413111.root
Running: cp /star/data01/pwg/xiatong/AMPT/14GeV/data_1438413121.root /tmp/maxwoo/21EF1A6A9139C9FD2A38E59AFB466F9A_2560/INPUTFILES/data_1438413121.root
Running: cp /star/data01/pwg/xiatong/AMPT/14GeV/data_1438413161.root /tmp/maxwoo/21EF1A6A9139C9FD2A38E59AFB466F9A_2560/INPUTFILES/data_1438413161.root
Running: cp /star/data01/pwg/xiatong/AMPT/14GeV/data_1438413201.root /tmp/maxwoo/21EF1A6A9139C9FD2A38E59AFB466F9A_2560/INPUTFILES/data_1438413201.root
Running: cp /star/data01/pwg/xiatong/AMPT/14GeV/data_1438413221.root /tmp/maxwoo/21EF1A6A9139C9FD2A38E59AFB466F9A_2560/INPUTFILES/data_1438413221.root
Running: cp /star/data01/pwg/xiatong/AMPT/14GeV/data_1438513081.root /tmp/maxwoo/21EF1A6A9139C9FD2A38E59AFB466F9A_2560/INPUTFILES/data_1438513081.root
Running: cp /star/data01/pwg/xiatong/AMPT/14GeV/data_1438513151.root /tmp/maxwoo/21EF1A6A9139C9FD2A38E59AFB466F9A_2560/INPUTFILES/data_1438513151.root
Running: cp /star/data01/pwg/xiatong/AMPT/14GeV/data_1438513181.root /tmp/maxwoo/21EF1A6A9139C9FD2A38E59AFB466F9A_2560/INPUTFILES/data_1438513181.root
Running: cp /star/data01/pwg/xiatong/AMPT/14GeV/data_1438613051.root /tmp/maxwoo/21EF1A6A9139C9FD2A38E59AFB466F9A_2560/INPUTFILES/data_1438613051.root
Running: cp /star/data01/pwg/xiatong/AMPT/14GeV/data_1438613071.root /tmp/maxwoo/21EF1A6A9139C9FD2A38E59AFB466F9A_2560/INPUTFILES/data_1438613071.root
Running: cp /star/data01/pwg/xiatong/AMPT/14GeV/data_1438712991.root /tmp/maxwoo/21EF1A6A9139C9FD2A38E59AFB466F9A_2560/INPUTFILES/data_1438712991.root
Running: cp /star/data01/pwg/xiatong/AMPT/14GeV/data_1438713001.root /tmp/maxwoo/21EF1A6A9139C9FD2A38E59AFB466F9A_2560/INPUTFILES/data_1438713001.root
Running: cp /star/data01/pwg/xiatong/AMPT/14GeV/data_1438713021.root /tmp/maxwoo/21EF1A6A9139C9FD2A38E59AFB466F9A_2560/INPUTFILES/data_1438713021.root
Running: cp /star/data01/pwg/xiatong/AMPT/14GeV/data_1438713031.root /tmp/maxwoo/21EF1A6A9139C9FD2A38E59AFB466F9A_2560/INPUTFILES/data_1438713031.root
Running: cp /star/data01/pwg/xiatong/AMPT/14GeV/data_1438812971.root /tmp/maxwoo/21EF1A6A9139C9FD2A38E59AFB466F9A_2560/INPUTFILES/data_1438812971.root
Running: cp /star/data01/pwg/xiatong/AMPT/14GeV/data_1438813011.root /tmp/maxwoo/21EF1A6A9139C9FD2A38E59AFB466F9A_2560/INPUTFILES/data_1438813011.root
Running: cp /star/data01/pwg/xiatong/AMPT/14GeV/data_1438813131.root /tmp/maxwoo/21EF1A6A9139C9FD2A38E59AFB466F9A_2560/INPUTFILES/data_1438813131.root
Running: cp /star/data01/pwg/xiatong/AMPT/14GeV/data_1438912941.root /tmp/maxwoo/21EF1A6A9139C9FD2A38E59AFB466F9A_2560/INPUTFILES/data_1438912941.root
Running: cp /star/data01/pwg/xiatong/AMPT/14GeV/data_1438912951.root /tmp/maxwoo/21EF1A6A9139C9FD2A38E59AFB466F9A_2560/INPUTFILES/data_1438912951.root
Running: cp /star/data01/pwg/xiatong/AMPT/14GeV/data_1439012931.root /tmp/maxwoo/21EF1A6A9139C9FD2A38E59AFB466F9A_2560/INPUTFILES/data_1439012931.root
Running: cp /star/data01/pwg/xiatong/AMPT/14GeV/data_1439013041.root /tmp/maxwoo/21EF1A6A9139C9FD2A38E59AFB466F9A_2560/INPUTFILES/data_1439013041.root
Running: cp /star/data01/pwg/xiatong/AMPT/14GeV/data_1439107831.root /tmp/maxwoo/21EF1A6A9139C9FD2A38E59AFB466F9A_2560/INPUTFILES/data_1439107831.root
Running: cp /star/data01/pwg/xiatong/AMPT/14GeV/data_1439107841.root /tmp/maxwoo/21EF1A6A9139C9FD2A38E59AFB466F9A_2560/INPUTFILES/data_1439107841.root
Swapping $FILELIST with: /tmp/maxwoo/21EF1A6A9139C9FD2A38E59AFB466F9A_2560/INPUTFILES/21EF1A6A9139C9FD2A38E59AFB466F9A_2560.local.list
+++++++++++local copy debug++++++++++++++++++++
newFileList: /tmp/maxwoo/21EF1A6A9139C9FD2A38E59AFB466F9A_2560/INPUTFILES/21EF1A6A9139C9FD2A38E59AFB466F9A_2560.local.list
++++++++++++++++cat FILELIST+++++++++++++++++++
/tmp/maxwoo/21EF1A6A9139C9FD2A38E59AFB466F9A_2560/INPUTFILES/data_1438115991.root 
/tmp/maxwoo/21EF1A6A9139C9FD2A38E59AFB466F9A_2560/INPUTFILES/data_1438116051.root 
/tmp/maxwoo/21EF1A6A9139C9FD2A38E59AFB466F9A_2560/INPUTFILES/data_1438116061.root 
/tmp/maxwoo/21EF1A6A9139C9FD2A38E59AFB466F9A_2560/INPUTFILES/data_1438116071.root 
/tmp/maxwoo/21EF1A6A9139C9FD2A38E59AFB466F9A_2560/INPUTFILES/data_1438116121.root 
/tmp/maxwoo/21EF1A6A9139C9FD2A38E59AFB466F9A_2560/INPUTFILES/data_1438116331.root 
/tmp/maxwoo/21EF1A6A9139C9FD2A38E59AFB466F9A_2560/INPUTFILES/data_1438116361.root 
/tmp/maxwoo/21EF1A6A9139C9FD2A38E59AFB466F9A_2560/INPUTFILES/data_1438213191.root 
/tmp/maxwoo/21EF1A6A9139C9FD2A38E59AFB466F9A_2560/INPUTFILES/data_1438213211.root 
/tmp/maxwoo/21EF1A6A9139C9FD2A38E59AFB466F9A_2560/INPUTFILES/data_1438213231.root 
/tmp/maxwoo/21EF1A6A9139C9FD2A38E59AFB466F9A_2560/INPUTFILES/data_1438313141.root 
/tmp/maxwoo/21EF1A6A9139C9FD2A38E59AFB466F9A_2560/INPUTFILES/data_1438313171.root 
/tmp/maxwoo/21EF1A6A9139C9FD2A38E59AFB466F9A_2560/INPUTFILES/data_1438313241.root 
/tmp/maxwoo/21EF1A6A9139C9FD2A38E59AFB466F9A_2560/INPUTFILES/data_1438413091.root 
/tmp/maxwoo/21EF1A6A9139C9FD2A38E59AFB466F9A_2560/INPUTFILES/data_1438413111.root 
/tmp/maxwoo/21EF1A6A9139C9FD2A38E59AFB466F9A_2560/INPUTFILES/data_1438413121.root 
/tmp/maxwoo/21EF1A6A9139C9FD2A38E59AFB466F9A_2560/INPUTFILES/data_1438413161.root 
/tmp/maxwoo/21EF1A6A9139C9FD2A38E59AFB466F9A_2560/INPUTFILES/data_1438413201.root 
/tmp/maxwoo/21EF1A6A9139C9FD2A38E59AFB466F9A_2560/INPUTFILES/data_1438413221.root 
/tmp/maxwoo/21EF1A6A9139C9FD2A38E59AFB466F9A_2560/INPUTFILES/data_1438513081.root 
/tmp/maxwoo/21EF1A6A9139C9FD2A38E59AFB466F9A_2560/INPUTFILES/data_1438513151.root 
/tmp/maxwoo/21EF1A6A9139C9FD2A38E59AFB466F9A_2560/INPUTFILES/data_1438513181.root 
/tmp/maxwoo/21EF1A6A9139C9FD2A38E59AFB466F9A_2560/INPUTFILES/data_1438613051.root 
/tmp/maxwoo/21EF1A6A9139C9FD2A38E59AFB466F9A_2560/INPUTFILES/data_1438613071.root 
/tmp/maxwoo/21EF1A6A9139C9FD2A38E59AFB466F9A_2560/INPUTFILES/data_1438712991.root 
/tmp/maxwoo/21EF1A6A9139C9FD2A38E59AFB466F9A_2560/INPUTFILES/data_1438713001.root 
/tmp/maxwoo/21EF1A6A9139C9FD2A38E59AFB466F9A_2560/INPUTFILES/data_1438713021.root 
/tmp/maxwoo/21EF1A6A9139C9FD2A38E59AFB466F9A_2560/INPUTFILES/data_1438713031.root 
/tmp/maxwoo/21EF1A6A9139C9FD2A38E59AFB466F9A_2560/INPUTFILES/data_1438812971.root 
/tmp/maxwoo/21EF1A6A9139C9FD2A38E59AFB466F9A_2560/INPUTFILES/data_1438813011.root 
/tmp/maxwoo/21EF1A6A9139C9FD2A38E59AFB466F9A_2560/INPUTFILES/data_1438813131.root 
/tmp/maxwoo/21EF1A6A9139C9FD2A38E59AFB466F9A_2560/INPUTFILES/data_1438912941.root 
/tmp/maxwoo/21EF1A6A9139C9FD2A38E59AFB466F9A_2560/INPUTFILES/data_1438912951.root 
/tmp/maxwoo/21EF1A6A9139C9FD2A38E59AFB466F9A_2560/INPUTFILES/data_1439012931.root 
/tmp/maxwoo/21EF1A6A9139C9FD2A38E59AFB466F9A_2560/INPUTFILES/data_1439013041.root 
/tmp/maxwoo/21EF1A6A9139C9FD2A38E59AFB466F9A_2560/INPUTFILES/data_1439107831.root 
/tmp/maxwoo/21EF1A6A9139C9FD2A38E59AFB466F9A_2560/INPUTFILES/data_1439107841.root 
++++++++++++++++++++find.++++++++++++++++++++++
.
./INPUTFILES
./INPUTFILES/data_1438413121.root
./INPUTFILES/data_1438313241.root
./INPUTFILES/data_1438213231.root
./INPUTFILES/data_1438413091.root
./INPUTFILES/data_1438713021.root
./INPUTFILES/data_1438613071.root
./INPUTFILES/data_1438213211.root
./INPUTFILES/data_1438116071.root
./INPUTFILES/data_1438213191.root
./INPUTFILES/data_1438813011.root
./INPUTFILES/data_1438313171.root
./INPUTFILES/data_1438413111.root
./INPUTFILES/data_1438513081.root
./INPUTFILES/data_1438513151.root
./INPUTFILES/data_1439107841.root
./INPUTFILES/data_1438712991.root
./INPUTFILES/data_1438912941.root
./INPUTFILES/data_1438413201.root
./INPUTFILES/data_1439012931.root
./INPUTFILES/data_1439107831.root
./INPUTFILES/data_1438313141.root
./INPUTFILES/data_1438413161.root
./INPUTFILES/data_1438116121.root
./INPUTFILES/data_1438812971.root
./INPUTFILES/data_1438613051.root
./INPUTFILES/21EF1A6A9139C9FD2A38E59AFB466F9A_2560.local.list
./INPUTFILES/data_1438116051.root
./INPUTFILES/data_1438115991.root
./INPUTFILES/data_1438912951.root
./INPUTFILES/data_1438713031.root
./INPUTFILES/data_1438513181.root
./INPUTFILES/data_1438116361.root
./INPUTFILES/data_1438813131.root
./INPUTFILES/data_1438116331.root
./INPUTFILES/data_1439013041.root
./INPUTFILES/data_1438116061.root
./INPUTFILES/data_1438413221.root
./INPUTFILES/data_1438713001.root
./.sandboxFiles
./lib
./lib/my_particle_cpp_ACLiC_dict_rdict.pcm
./lib/CenMaker.cpp
./lib/CenMaker.h
./lib/my_particle.h
./lib/my_particle_cpp.d
./lib/MixedBuffer_cpp.so
./lib/MixedBuffer.cpp
./lib/my_event_cpp.so
./lib/CenMaker_cpp.d
./lib/MixedBuffer.h
./lib/NpartNormalizer.h
./lib/my_event_cpp_ACLiC_dict_rdict.pcm
./lib/CenMaker_cpp_ACLiC_dict_rdict.pcm
./lib/NpartNormalizer_cpp.so
./lib/my_particle_cpp.so
./lib/NpartNormalizer_cpp.d
./lib/my_event.h
./lib/MixedBuffer_cpp_ACLiC_dict_rdict.pcm
./lib/CenMaker_cpp.so
./lib/MixedBuffer_cpp.d
./lib/my_particle.cpp
./lib/my_event_cpp.d
./lib/NpartNormalizer.cpp
./lib/my_event.cpp
./lib/NpartNormalizer_cpp_ACLiC_dict_rdict.pcm
./Check_Sness.C
./.output.log
./.errror.log
./check_S.C
++++++++++++++++INPUTFILE Var++++++++++++++++++
FILELIST=/tmp/maxwoo/21EF1A6A9139C9FD2A38E59AFB466F9A_2560/INPUTFILES/21EF1A6A9139C9FD2A38E59AFB466F9A_2560.local.list
INPUTFILECOUNT=37
INPUTFILE0=/tmp/maxwoo/21EF1A6A9139C9FD2A38E59AFB466F9A_2560/INPUTFILES/data_1438115991.root
INPUTFILE1=/tmp/maxwoo/21EF1A6A9139C9FD2A38E59AFB466F9A_2560/INPUTFILES/data_1438116051.root
INPUTFILE2=/tmp/maxwoo/21EF1A6A9139C9FD2A38E59AFB466F9A_2560/INPUTFILES/data_1438116061.root
INPUTFILE3=/tmp/maxwoo/21EF1A6A9139C9FD2A38E59AFB466F9A_2560/INPUTFILES/data_1438116071.root
INPUTFILE4=/tmp/maxwoo/21EF1A6A9139C9FD2A38E59AFB466F9A_2560/INPUTFILES/data_1438116121.root
INPUTFILE5=/tmp/maxwoo/21EF1A6A9139C9FD2A38E59AFB466F9A_2560/INPUTFILES/data_1438116331.root
INPUTFILE6=/tmp/maxwoo/21EF1A6A9139C9FD2A38E59AFB466F9A_2560/INPUTFILES/data_1438116361.root
INPUTFILE7=/tmp/maxwoo/21EF1A6A9139C9FD2A38E59AFB466F9A_2560/INPUTFILES/data_1438213191.root
INPUTFILE8=/tmp/maxwoo/21EF1A6A9139C9FD2A38E59AFB466F9A_2560/INPUTFILES/data_1438213211.root
INPUTFILE9=/tmp/maxwoo/21EF1A6A9139C9FD2A38E59AFB466F9A_2560/INPUTFILES/data_1438213231.root
INPUTFILE10=/tmp/maxwoo/21EF1A6A9139C9FD2A38E59AFB466F9A_2560/INPUTFILES/data_1438313141.root
INPUTFILE11=/tmp/maxwoo/21EF1A6A9139C9FD2A38E59AFB466F9A_2560/INPUTFILES/data_1438313171.root
INPUTFILE12=/tmp/maxwoo/21EF1A6A9139C9FD2A38E59AFB466F9A_2560/INPUTFILES/data_1438313241.root
INPUTFILE13=/tmp/maxwoo/21EF1A6A9139C9FD2A38E59AFB466F9A_2560/INPUTFILES/data_1438413091.root
INPUTFILE14=/tmp/maxwoo/21EF1A6A9139C9FD2A38E59AFB466F9A_2560/INPUTFILES/data_1438413111.root
INPUTFILE15=/tmp/maxwoo/21EF1A6A9139C9FD2A38E59AFB466F9A_2560/INPUTFILES/data_1438413121.root
INPUTFILE16=/tmp/maxwoo/21EF1A6A9139C9FD2A38E59AFB466F9A_2560/INPUTFILES/data_1438413161.root
INPUTFILE17=/tmp/maxwoo/21EF1A6A9139C9FD2A38E59AFB466F9A_2560/INPUTFILES/data_1438413201.root
INPUTFILE18=/tmp/maxwoo/21EF1A6A9139C9FD2A38E59AFB466F9A_2560/INPUTFILES/data_1438413221.root
INPUTFILE19=/tmp/maxwoo/21EF1A6A9139C9FD2A38E59AFB466F9A_2560/INPUTFILES/data_1438513081.root
INPUTFILE20=/tmp/maxwoo/21EF1A6A9139C9FD2A38E59AFB466F9A_2560/INPUTFILES/data_1438513151.root
INPUTFILE21=/tmp/maxwoo/21EF1A6A9139C9FD2A38E59AFB466F9A_2560/INPUTFILES/data_1438513181.root
INPUTFILE22=/tmp/maxwoo/21EF1A6A9139C9FD2A38E59AFB466F9A_2560/INPUTFILES/data_1438613051.root
INPUTFILE23=/tmp/maxwoo/21EF1A6A9139C9FD2A38E59AFB466F9A_2560/INPUTFILES/data_1438613071.root
INPUTFILE24=/tmp/maxwoo/21EF1A6A9139C9FD2A38E59AFB466F9A_2560/INPUTFILES/data_1438712991.root
INPUTFILE25=/tmp/maxwoo/21EF1A6A9139C9FD2A38E59AFB466F9A_2560/INPUTFILES/data_1438713001.root
INPUTFILE26=/tmp/maxwoo/21EF1A6A9139C9FD2A38E59AFB466F9A_2560/INPUTFILES/data_1438713021.root
INPUTFILE27=/tmp/maxwoo/21EF1A6A9139C9FD2A38E59AFB466F9A_2560/INPUTFILES/data_1438713031.root
INPUTFILE28=/tmp/maxwoo/21EF1A6A9139C9FD2A38E59AFB466F9A_2560/INPUTFILES/data_1438812971.root
INPUTFILE29=/tmp/maxwoo/21EF1A6A9139C9FD2A38E59AFB466F9A_2560/INPUTFILES/data_1438813011.root
INPUTFILE30=/tmp/maxwoo/21EF1A6A9139C9FD2A38E59AFB466F9A_2560/INPUTFILES/data_1438813131.root
INPUTFILE31=/tmp/maxwoo/21EF1A6A9139C9FD2A38E59AFB466F9A_2560/INPUTFILES/data_1438912941.root
INPUTFILE32=/tmp/maxwoo/21EF1A6A9139C9FD2A38E59AFB466F9A_2560/INPUTFILES/data_1438912951.root
INPUTFILE33=/tmp/maxwoo/21EF1A6A9139C9FD2A38E59AFB466F9A_2560/INPUTFILES/data_1439012931.root
INPUTFILE34=/tmp/maxwoo/21EF1A6A9139C9FD2A38E59AFB466F9A_2560/INPUTFILES/data_1439013041.root
INPUTFILE35=/tmp/maxwoo/21EF1A6A9139C9FD2A38E59AFB466F9A_2560/INPUTFILES/data_1439107831.root
INPUTFILE36=/tmp/maxwoo/21EF1A6A9139C9FD2A38E59AFB466F9A_2560/INPUTFILES/data_1439107841.root
LocalInputFileDir=/tmp/maxwoo/21EF1A6A9139C9FD2A38E59AFB466F9A_2560/INPUTFILES
NewFILELIST=/tmp/maxwoo/21EF1A6A9139C9FD2A38E59AFB466F9A_2560/INPUTFILES/21EF1A6A9139C9FD2A38E59AFB466F9A_2560.local.list
+++++++++++++++++++++++++++++++++++++++++++++++
--------------------------------
Simple Unified Meta Scheduler 1.10.50 we are starting in $SCRATCH : /home/tmp/maxwoo/21EF1A6A9139C9FD2A38E59AFB466F9A_2560
--------------------------------
total 16
lrwxrwxrwx 1 maxwoo rhstar   61 Jun  2 10:58 check_S.C -> /gpfs/mnt/gpfs01/star/pwg/xiatong/git/strangeness/./check_S.C
lrwxrwxrwx 1 maxwoo rhstar   65 Jun  2 10:58 Check_Sness.C -> /gpfs/mnt/gpfs01/star/pwg/xiatong/git/strangeness/./Check_Sness.C
drwxr-xr-x 2 maxwoo rhstar 4096 Jun  2 10:59 INPUTFILES
drwxr-xr-x 2 maxwoo rhstar 4096 Jun  2 10:58 lib
  *******************************************
  *                                         *
  *        W E L C O M E  to  R O O T       *
  *                                         *
  *   Version   5.34/38     12 March 2018   *
  *                                         *
  *  You are welcome to visit our Web site  *
  *          http://root.cern.ch            *
  *                                         *
  *******************************************

ROOT 5.34/38 (v5-34-38@v5-34-38, Mar 12 2018, 15:49:39 on linux)

CINT/ROOT C/C++ Interpreter version 5.18.00, July 2, 2010
Type ? for help. Commands must be C++ statements.
Enclose multiple statements between { }.
*** Float Point Exception is OFF ***
 *** Start at Date : Thu Jun  2 10:59:38 2022
QAInfo:You are using STAR_LEVEL : dev, ROOT_LEVEL : 5.34.38 and node : spool0710.sdcc.bnl.gov 

Processing check_S.C++("/tmp/maxwoo/21EF1A6A9139C9FD2A38E59AFB466F9A_2560/INPUTFILES/21EF1A6A9139C9FD2A38E59AFB466F9A_2560.local.list","21EF1A6A9139C9FD2A38E59AFB466F9A_2560",1)...
/tmp/maxwoo/21EF1A6A9139C9FD2A38E59AFB466F9A_2560/INPUTFILES/data_1438115991.root 
/tmp/maxwoo/21EF1A6A9139C9FD2A38E59AFB466F9A_2560/INPUTFILES/data_1438116051.root 
/tmp/maxwoo/21EF1A6A9139C9FD2A38E59AFB466F9A_2560/INPUTFILES/data_1438116061.root 
/tmp/maxwoo/21EF1A6A9139C9FD2A38E59AFB466F9A_2560/INPUTFILES/data_1438116071.root 
/tmp/maxwoo/21EF1A6A9139C9FD2A38E59AFB466F9A_2560/INPUTFILES/data_1438116121.root 
/tmp/maxwoo/21EF1A6A9139C9FD2A38E59AFB466F9A_2560/INPUTFILES/data_1438116331.root 
/tmp/maxwoo/21EF1A6A9139C9FD2A38E59AFB466F9A_2560/INPUTFILES/data_1438116361.root 
/tmp/maxwoo/21EF1A6A9139C9FD2A38E59AFB466F9A_2560/INPUTFILES/data_1438213191.root 
/tmp/maxwoo/21EF1A6A9139C9FD2A38E59AFB466F9A_2560/INPUTFILES/data_1438213211.root 
/tmp/maxwoo/21EF1A6A9139C9FD2A38E59AFB466F9A_2560/INPUTFILES/data_1438213231.root 
/tmp/maxwoo/21EF1A6A9139C9FD2A38E59AFB466F9A_2560/INPUTFILES/data_1438313141.root 
/tmp/maxwoo/21EF1A6A9139C9FD2A38E59AFB466F9A_2560/INPUTFILES/data_1438313171.root 
/tmp/maxwoo/21EF1A6A9139C9FD2A38E59AFB466F9A_2560/INPUTFILES/data_1438313241.root 
/tmp/maxwoo/21EF1A6A9139C9FD2A38E59AFB466F9A_2560/INPUTFILES/data_1438413091.root 
/tmp/maxwoo/21EF1A6A9139C9FD2A38E59AFB466F9A_2560/INPUTFILES/data_1438413111.root 
/tmp/maxwoo/21EF1A6A9139C9FD2A38E59AFB466F9A_2560/INPUTFILES/data_1438413121.root 
/tmp/maxwoo/21EF1A6A9139C9FD2A38E59AFB466F9A_2560/INPUTFILES/data_1438413161.root 
/tmp/maxwoo/21EF1A6A9139C9FD2A38E59AFB466F9A_2560/INPUTFILES/data_1438413201.root 
/tmp/maxwoo/21EF1A6A9139C9FD2A38E59AFB466F9A_2560/INPUTFILES/data_1438413221.root 
/tmp/maxwoo/21EF1A6A9139C9FD2A38E59AFB466F9A_2560/INPUTFILES/data_1438513081.root 
/tmp/maxwoo/21EF1A6A9139C9FD2A38E59AFB466F9A_2560/INPUTFILES/data_1438513151.root 
/tmp/maxwoo/21EF1A6A9139C9FD2A38E59AFB466F9A_2560/INPUTFILES/data_1438513181.root 
/tmp/maxwoo/21EF1A6A9139C9FD2A38E59AFB466F9A_2560/INPUTFILES/data_1438613051.root 
/tmp/maxwoo/21EF1A6A9139C9FD2A38E59AFB466F9A_2560/INPUTFILES/data_1438613071.root 
/tmp/maxwoo/21EF1A6A9139C9FD2A38E59AFB466F9A_2560/INPUTFILES/data_1438712991.root 
/tmp/maxwoo/21EF1A6A9139C9FD2A38E59AFB466F9A_2560/INPUTFILES/data_1438713001.root 
/tmp/maxwoo/21EF1A6A9139C9FD2A38E59AFB466F9A_2560/INPUTFILES/data_1438713021.root 
/tmp/maxwoo/21EF1A6A9139C9FD2A38E59AFB466F9A_2560/INPUTFILES/data_1438713031.root 
/tmp/maxwoo/21EF1A6A9139C9FD2A38E59AFB466F9A_2560/INPUTFILES/data_1438812971.root 
/tmp/maxwoo/21EF1A6A9139C9FD2A38E59AFB466F9A_2560/INPUTFILES/data_1438813011.root 
/tmp/maxwoo/21EF1A6A9139C9FD2A38E59AFB466F9A_2560/INPUTFILES/data_1438813131.root 
/tmp/maxwoo/21EF1A6A9139C9FD2A38E59AFB466F9A_2560/INPUTFILES/data_1438912941.root 
/tmp/maxwoo/21EF1A6A9139C9FD2A38E59AFB466F9A_2560/INPUTFILES/data_1438912951.root 
/tmp/maxwoo/21EF1A6A9139C9FD2A38E59AFB466F9A_2560/INPUTFILES/data_1439012931.root 
/tmp/maxwoo/21EF1A6A9139C9FD2A38E59AFB466F9A_2560/INPUTFILES/data_1439013041.root 
/tmp/maxwoo/21EF1A6A9139C9FD2A38E59AFB466F9A_2560/INPUTFILES/data_1439107831.root 
/tmp/maxwoo/21EF1A6A9139C9FD2A38E59AFB466F9A_2560/INPUTFILES/data_1439107841.root 
Added 37 files
# entries in chain: 36000
Processing entry == 1000 == out of 36000.
Processing entry == 2000 == out of 36000.
Processing entry == 3000 == out of 36000.
Processing entry == 4000 == out of 36000.
Processing entry == 5000 == out of 36000.
Processing entry == 6000 == out of 36000.
Processing entry == 7000 == out of 36000.
Processing entry == 8000 == out of 36000.
Processing entry == 9000 == out of 36000.
Processing entry == 10000 == out of 36000.
Processing entry == 11000 == out of 36000.
Processing entry == 12000 == out of 36000.
Processing entry == 13000 == out of 36000.
Processing entry == 14000 == out of 36000.
Processing entry == 15000 == out of 36000.
Processing entry == 16000 == out of 36000.
Processing entry == 17000 == out of 36000.
Processing entry == 18000 == out of 36000.
Processing entry == 19000 == out of 36000.
Processing entry == 20000 == out of 36000.
Processing entry == 21000 == out of 36000.
Processing entry == 22000 == out of 36000.
Processing entry == 23000 == out of 36000.
Processing entry == 24000 == out of 36000.
Processing entry == 25000 == out of 36000.
Processing entry == 26000 == out of 36000.
Processing entry == 27000 == out of 36000.
Processing entry == 28000 == out of 36000.
Processing entry == 29000 == out of 36000.
Processing entry == 30000 == out of 36000.
Processing entry == 31000 == out of 36000.
Processing entry == 32000 == out of 36000.
Processing entry == 33000 == out of 36000.
Processing entry == 34000 == out of 36000.
Processing entry == 35000 == out of 36000.
Processing entry == 36000 == out of 36000.

This is the end of ROOT -- Goodbye

Cleaning up sandbox file:  /tmp/maxwoo/21EF1A6A9139C9FD2A38E59AFB466F9A_2560/check_S.C
Cleaning up sandbox file:  /tmp/maxwoo/21EF1A6A9139C9FD2A38E59AFB466F9A_2560/Check_Sness.C
Cleaning up sandbox file:  /tmp/maxwoo/21EF1A6A9139C9FD2A38E59AFB466F9A_2560/lib
Cleaning up sandbox file:  /tmp/maxwoo/21EF1A6A9139C9FD2A38E59AFB466F9A_2560/.sandboxFiles
Starting copy block
Running copy command:  /bin/cp -fp /tmp/maxwoo/21EF1A6A9139C9FD2A38E59AFB466F9A_2560/out_21EF1A6A9139C9FD2A38E59AFB466F9A_2560.root /star/data01/pwg/xiatong/git/strangeness/data/
172205 Execution of (/star/data01/pwg/xiatong/git/strangeness/script/sched21EF1A6A9139C9FD2A38E59AFB466F9A_2560.csh ) has ended, exiting normally
172205 We END on [Thu Jun  2 11:17:09 EDT 2022]
