We are starting on node: spool0549.sdcc.bnl.gov
HOME is not defined
Using getent method
HOME is now /star/u/maxwoo
2910 We will spawn ourselves (/star/data01/pwg/xiatong/git/strangeness/script/sched21EF1A6A9139C9FD2A38E59AFB466F9A_2733.csh )
2910 We BEGIN on [Thu Jun  2 10:54:06 EDT 2022]
[1] 3133
2910 We are waiting for 3133 
2910 Grandchild PID is 3486 - found in 10 x 1 seconds
2910 Establishing first watcher   on    Thu Jun  2 10:54:17 EDT 2022
2910 Process tree is 2910 (main) -> 3133 (child) -> 3486 (grandchild)
F S   UID   PID  PPID  C PRI  NI ADDR SZ WCHAN  TTY        TIME CMD
0 D 100667 3486  3133  0  80   0 - 32311 cxiWai ?          0:00 cp /star/data01/pwg/xiatong/AMPT/14GeV/data_1893133671.root /tmp/maxwoo/21EF1A6A9139C9FD2A38E59AFB466F9A_2733/INPUTFILES/data_1893133671.root
2910 Grandchild PID is 4876 - found in 20 x 2 seconds
2910 Grandchild to watch has changed on Thu Jun  2 10:54:38 EDT 2022
2910 Process tree is 2910 (main) -> 3133 (child) -> 4876 (grandchild)
F S   UID   PID  PPID  C PRI  NI ADDR SZ WCHAN  TTY        TIME CMD
0 D 100667 4876  3133  0  80   0 - 32311 cxiWai ?          0:00 cp /star/data01/pwg/xiatong/AMPT/14GeV/data_1893136431.root /tmp/maxwoo/21EF1A6A9139C9FD2A38E59AFB466F9A_2733/INPUTFILES/data_1893136431.root
2910 Grandchild PID is 5909 - found in 30 x 2 seconds
2910 Grandchild to watch has changed on Thu Jun  2 10:54:59 EDT 2022
2910 Process tree is 2910 (main) -> 3133 (child) -> 5909 (grandchild)
F S   UID   PID  PPID  C PRI  NI ADDR SZ WCHAN  TTY        TIME CMD
0 D 100667 5909  3133  0  80   0 - 32311 cxiWai ?          0:00 cp /star/data01/pwg/xiatong/AMPT/14GeV/data_1893136601.root /tmp/maxwoo/21EF1A6A9139C9FD2A38E59AFB466F9A_2733/INPUTFILES/data_1893136601.root
2910 Grandchild PID is 7407 - found in 40 x 2 seconds
2910 Grandchild to watch has changed on Thu Jun  2 10:55:20 EDT 2022
2910 Process tree is 2910 (main) -> 3133 (child) -> 7407 (grandchild)
F S   UID   PID  PPID  C PRI  NI ADDR SZ WCHAN  TTY        TIME CMD
0 D 100667 7407  3133  0  80   0 - 32311 cxiWai ?          0:00 cp /star/data01/pwg/xiatong/AMPT/14GeV/data_1893136631.root /tmp/maxwoo/21EF1A6A9139C9FD2A38E59AFB466F9A_2733/INPUTFILES/data_1893136631.root
2910 Grandchild PID is 8729 - found in 50 x 2 seconds
2910 Grandchild to watch has changed on Thu Jun  2 10:55:40 EDT 2022
2910 Process tree is 2910 (main) -> 3133 (child) -> 8729 (grandchild)
F S   UID   PID  PPID  C PRI  NI ADDR SZ WCHAN  TTY        TIME CMD
0 D 100667 8729  3133  0  80   0 - 32311 cxiWai ?          0:00 cp /star/data01/pwg/xiatong/AMPT/14GeV/data_1894136151.root /tmp/maxwoo/21EF1A6A9139C9FD2A38E59AFB466F9A_2733/INPUTFILES/data_1894136151.root
2910 Grandchild PID is 9229 - found in 60 x 2 seconds
2910 Grandchild to watch has changed on Thu Jun  2 10:56:01 EDT 2022
2910 Process tree is 2910 (main) -> 3133 (child) -> 9229 (grandchild)
F S   UID   PID  PPID  C PRI  NI ADDR SZ WCHAN  TTY        TIME CMD
0 D 100667 9229  3133  0  80   0 - 32311 cxiWai ?          0:00 cp /star/data01/pwg/xiatong/AMPT/14GeV/data_1894136401.root /tmp/maxwoo/21EF1A6A9139C9FD2A38E59AFB466F9A_2733/INPUTFILES/data_1894136401.root
2910 Grandchild PID is 11561 - found in 80 x 2 seconds
2910 Grandchild to watch has changed on Thu Jun  2 10:56:43 EDT 2022
2910 Process tree is 2910 (main) -> 3133 (child) -> 11561 (grandchild)
F S   UID   PID  PPID  C PRI  NI ADDR SZ WCHAN  TTY        TIME CMD
0 S 100667 11561 3133  0  80   0 -  1272 do_wai ?          0:00 root -b -q check_S.C++("/tmp/maxwoo/21EF1A6A9139C9FD2A38E59AFB466F9A_2733/INPUTFILES/21EF1A6A9139C9FD2A38E59AFB466F9A_2733.local.list","21EF1A6A9139C9FD2A38E59AFB466F9A_2733",1)
3133 Stepping into the main SUMS wrapper program with []
.... building sandbox
Running: cp /star/data01/pwg/xiatong/AMPT/14GeV/data_1892137071.root /tmp/maxwoo/21EF1A6A9139C9FD2A38E59AFB466F9A_2733/INPUTFILES/data_1892137071.root
Running: cp /star/data01/pwg/xiatong/AMPT/14GeV/data_1892137711.root /tmp/maxwoo/21EF1A6A9139C9FD2A38E59AFB466F9A_2733/INPUTFILES/data_1892137711.root
Running: cp /star/data01/pwg/xiatong/AMPT/14GeV/data_1892139011.root /tmp/maxwoo/21EF1A6A9139C9FD2A38E59AFB466F9A_2733/INPUTFILES/data_1892139011.root
Running: cp /star/data01/pwg/xiatong/AMPT/14GeV/data_1892197101.root /tmp/maxwoo/21EF1A6A9139C9FD2A38E59AFB466F9A_2733/INPUTFILES/data_1892197101.root
Running: cp /star/data01/pwg/xiatong/AMPT/14GeV/data_1893133671.root /tmp/maxwoo/21EF1A6A9139C9FD2A38E59AFB466F9A_2733/INPUTFILES/data_1893133671.root
Running: cp /star/data01/pwg/xiatong/AMPT/14GeV/data_1893133721.root /tmp/maxwoo/21EF1A6A9139C9FD2A38E59AFB466F9A_2733/INPUTFILES/data_1893133721.root
Running: cp /star/data01/pwg/xiatong/AMPT/14GeV/data_1893133831.root /tmp/maxwoo/21EF1A6A9139C9FD2A38E59AFB466F9A_2733/INPUTFILES/data_1893133831.root
Running: cp /star/data01/pwg/xiatong/AMPT/14GeV/data_1893133901.root /tmp/maxwoo/21EF1A6A9139C9FD2A38E59AFB466F9A_2733/INPUTFILES/data_1893133901.root
Running: cp /star/data01/pwg/xiatong/AMPT/14GeV/data_1893134111.root /tmp/maxwoo/21EF1A6A9139C9FD2A38E59AFB466F9A_2733/INPUTFILES/data_1893134111.root
Running: cp /star/data01/pwg/xiatong/AMPT/14GeV/data_1893136431.root /tmp/maxwoo/21EF1A6A9139C9FD2A38E59AFB466F9A_2733/INPUTFILES/data_1893136431.root
Running: cp /star/data01/pwg/xiatong/AMPT/14GeV/data_1893136481.root /tmp/maxwoo/21EF1A6A9139C9FD2A38E59AFB466F9A_2733/INPUTFILES/data_1893136481.root
Running: cp /star/data01/pwg/xiatong/AMPT/14GeV/data_1893136501.root /tmp/maxwoo/21EF1A6A9139C9FD2A38E59AFB466F9A_2733/INPUTFILES/data_1893136501.root
Running: cp /star/data01/pwg/xiatong/AMPT/14GeV/data_1893136541.root /tmp/maxwoo/21EF1A6A9139C9FD2A38E59AFB466F9A_2733/INPUTFILES/data_1893136541.root
Running: cp /star/data01/pwg/xiatong/AMPT/14GeV/data_1893136581.root /tmp/maxwoo/21EF1A6A9139C9FD2A38E59AFB466F9A_2733/INPUTFILES/data_1893136581.root
Running: cp /star/data01/pwg/xiatong/AMPT/14GeV/data_1893136601.root /tmp/maxwoo/21EF1A6A9139C9FD2A38E59AFB466F9A_2733/INPUTFILES/data_1893136601.root
Running: cp /star/data01/pwg/xiatong/AMPT/14GeV/data_1893136631.root /tmp/maxwoo/21EF1A6A9139C9FD2A38E59AFB466F9A_2733/INPUTFILES/data_1893136631.root
Running: cp /star/data01/pwg/xiatong/AMPT/14GeV/data_1893136641.root /tmp/maxwoo/21EF1A6A9139C9FD2A38E59AFB466F9A_2733/INPUTFILES/data_1893136641.root
Running: cp /star/data01/pwg/xiatong/AMPT/14GeV/data_1893136651.root /tmp/maxwoo/21EF1A6A9139C9FD2A38E59AFB466F9A_2733/INPUTFILES/data_1893136651.root
Running: cp /star/data01/pwg/xiatong/AMPT/14GeV/data_1893136661.root /tmp/maxwoo/21EF1A6A9139C9FD2A38E59AFB466F9A_2733/INPUTFILES/data_1893136661.root
Running: cp /star/data01/pwg/xiatong/AMPT/14GeV/data_1893136701.root /tmp/maxwoo/21EF1A6A9139C9FD2A38E59AFB466F9A_2733/INPUTFILES/data_1893136701.root
Running: cp /star/data01/pwg/xiatong/AMPT/14GeV/data_1893136711.root /tmp/maxwoo/21EF1A6A9139C9FD2A38E59AFB466F9A_2733/INPUTFILES/data_1893136711.root
Running: cp /star/data01/pwg/xiatong/AMPT/14GeV/data_1893136721.root /tmp/maxwoo/21EF1A6A9139C9FD2A38E59AFB466F9A_2733/INPUTFILES/data_1893136721.root
Running: cp /star/data01/pwg/xiatong/AMPT/14GeV/data_1893137681.root /tmp/maxwoo/21EF1A6A9139C9FD2A38E59AFB466F9A_2733/INPUTFILES/data_1893137681.root
Running: cp /star/data01/pwg/xiatong/AMPT/14GeV/data_1894133481.root /tmp/maxwoo/21EF1A6A9139C9FD2A38E59AFB466F9A_2733/INPUTFILES/data_1894133481.root
Running: cp /star/data01/pwg/xiatong/AMPT/14GeV/data_1894133581.root /tmp/maxwoo/21EF1A6A9139C9FD2A38E59AFB466F9A_2733/INPUTFILES/data_1894133581.root
Running: cp /star/data01/pwg/xiatong/AMPT/14GeV/data_1894134021.root /tmp/maxwoo/21EF1A6A9139C9FD2A38E59AFB466F9A_2733/INPUTFILES/data_1894134021.root
Running: cp /star/data01/pwg/xiatong/AMPT/14GeV/data_1894135801.root /tmp/maxwoo/21EF1A6A9139C9FD2A38E59AFB466F9A_2733/INPUTFILES/data_1894135801.root
Running: cp /star/data01/pwg/xiatong/AMPT/14GeV/data_1894135911.root /tmp/maxwoo/21EF1A6A9139C9FD2A38E59AFB466F9A_2733/INPUTFILES/data_1894135911.root
Running: cp /star/data01/pwg/xiatong/AMPT/14GeV/data_1894135921.root /tmp/maxwoo/21EF1A6A9139C9FD2A38E59AFB466F9A_2733/INPUTFILES/data_1894135921.root
Running: cp /star/data01/pwg/xiatong/AMPT/14GeV/data_1894136021.root /tmp/maxwoo/21EF1A6A9139C9FD2A38E59AFB466F9A_2733/INPUTFILES/data_1894136021.root
Running: cp /star/data01/pwg/xiatong/AMPT/14GeV/data_1894136121.root /tmp/maxwoo/21EF1A6A9139C9FD2A38E59AFB466F9A_2733/INPUTFILES/data_1894136121.root
Running: cp /star/data01/pwg/xiatong/AMPT/14GeV/data_1894136151.root /tmp/maxwoo/21EF1A6A9139C9FD2A38E59AFB466F9A_2733/INPUTFILES/data_1894136151.root
Running: cp /star/data01/pwg/xiatong/AMPT/14GeV/data_1894136311.root /tmp/maxwoo/21EF1A6A9139C9FD2A38E59AFB466F9A_2733/INPUTFILES/data_1894136311.root
Running: cp /star/data01/pwg/xiatong/AMPT/14GeV/data_1894136341.root /tmp/maxwoo/21EF1A6A9139C9FD2A38E59AFB466F9A_2733/INPUTFILES/data_1894136341.root
Running: cp /star/data01/pwg/xiatong/AMPT/14GeV/data_1894136381.root /tmp/maxwoo/21EF1A6A9139C9FD2A38E59AFB466F9A_2733/INPUTFILES/data_1894136381.root
Running: cp /star/data01/pwg/xiatong/AMPT/14GeV/data_1894136391.root /tmp/maxwoo/21EF1A6A9139C9FD2A38E59AFB466F9A_2733/INPUTFILES/data_1894136391.root
Running: cp /star/data01/pwg/xiatong/AMPT/14GeV/data_1894136401.root /tmp/maxwoo/21EF1A6A9139C9FD2A38E59AFB466F9A_2733/INPUTFILES/data_1894136401.root
Swapping $FILELIST with: /tmp/maxwoo/21EF1A6A9139C9FD2A38E59AFB466F9A_2733/INPUTFILES/21EF1A6A9139C9FD2A38E59AFB466F9A_2733.local.list
+++++++++++local copy debug++++++++++++++++++++
newFileList: /tmp/maxwoo/21EF1A6A9139C9FD2A38E59AFB466F9A_2733/INPUTFILES/21EF1A6A9139C9FD2A38E59AFB466F9A_2733.local.list
++++++++++++++++cat FILELIST+++++++++++++++++++
/tmp/maxwoo/21EF1A6A9139C9FD2A38E59AFB466F9A_2733/INPUTFILES/data_1892137071.root 
/tmp/maxwoo/21EF1A6A9139C9FD2A38E59AFB466F9A_2733/INPUTFILES/data_1892137711.root 
/tmp/maxwoo/21EF1A6A9139C9FD2A38E59AFB466F9A_2733/INPUTFILES/data_1892139011.root 
/tmp/maxwoo/21EF1A6A9139C9FD2A38E59AFB466F9A_2733/INPUTFILES/data_1892197101.root 
/tmp/maxwoo/21EF1A6A9139C9FD2A38E59AFB466F9A_2733/INPUTFILES/data_1893133671.root 
/tmp/maxwoo/21EF1A6A9139C9FD2A38E59AFB466F9A_2733/INPUTFILES/data_1893133721.root 
/tmp/maxwoo/21EF1A6A9139C9FD2A38E59AFB466F9A_2733/INPUTFILES/data_1893133831.root 
/tmp/maxwoo/21EF1A6A9139C9FD2A38E59AFB466F9A_2733/INPUTFILES/data_1893133901.root 
/tmp/maxwoo/21EF1A6A9139C9FD2A38E59AFB466F9A_2733/INPUTFILES/data_1893134111.root 
/tmp/maxwoo/21EF1A6A9139C9FD2A38E59AFB466F9A_2733/INPUTFILES/data_1893136431.root 
/tmp/maxwoo/21EF1A6A9139C9FD2A38E59AFB466F9A_2733/INPUTFILES/data_1893136481.root 
/tmp/maxwoo/21EF1A6A9139C9FD2A38E59AFB466F9A_2733/INPUTFILES/data_1893136501.root 
/tmp/maxwoo/21EF1A6A9139C9FD2A38E59AFB466F9A_2733/INPUTFILES/data_1893136541.root 
/tmp/maxwoo/21EF1A6A9139C9FD2A38E59AFB466F9A_2733/INPUTFILES/data_1893136581.root 
/tmp/maxwoo/21EF1A6A9139C9FD2A38E59AFB466F9A_2733/INPUTFILES/data_1893136601.root 
/tmp/maxwoo/21EF1A6A9139C9FD2A38E59AFB466F9A_2733/INPUTFILES/data_1893136631.root 
/tmp/maxwoo/21EF1A6A9139C9FD2A38E59AFB466F9A_2733/INPUTFILES/data_1893136641.root 
/tmp/maxwoo/21EF1A6A9139C9FD2A38E59AFB466F9A_2733/INPUTFILES/data_1893136651.root 
/tmp/maxwoo/21EF1A6A9139C9FD2A38E59AFB466F9A_2733/INPUTFILES/data_1893136661.root 
/tmp/maxwoo/21EF1A6A9139C9FD2A38E59AFB466F9A_2733/INPUTFILES/data_1893136701.root 
/tmp/maxwoo/21EF1A6A9139C9FD2A38E59AFB466F9A_2733/INPUTFILES/data_1893136711.root 
/tmp/maxwoo/21EF1A6A9139C9FD2A38E59AFB466F9A_2733/INPUTFILES/data_1893136721.root 
/tmp/maxwoo/21EF1A6A9139C9FD2A38E59AFB466F9A_2733/INPUTFILES/data_1893137681.root 
/tmp/maxwoo/21EF1A6A9139C9FD2A38E59AFB466F9A_2733/INPUTFILES/data_1894133481.root 
/tmp/maxwoo/21EF1A6A9139C9FD2A38E59AFB466F9A_2733/INPUTFILES/data_1894133581.root 
/tmp/maxwoo/21EF1A6A9139C9FD2A38E59AFB466F9A_2733/INPUTFILES/data_1894134021.root 
/tmp/maxwoo/21EF1A6A9139C9FD2A38E59AFB466F9A_2733/INPUTFILES/data_1894135801.root 
/tmp/maxwoo/21EF1A6A9139C9FD2A38E59AFB466F9A_2733/INPUTFILES/data_1894135911.root 
/tmp/maxwoo/21EF1A6A9139C9FD2A38E59AFB466F9A_2733/INPUTFILES/data_1894135921.root 
/tmp/maxwoo/21EF1A6A9139C9FD2A38E59AFB466F9A_2733/INPUTFILES/data_1894136021.root 
/tmp/maxwoo/21EF1A6A9139C9FD2A38E59AFB466F9A_2733/INPUTFILES/data_1894136121.root 
/tmp/maxwoo/21EF1A6A9139C9FD2A38E59AFB466F9A_2733/INPUTFILES/data_1894136151.root 
/tmp/maxwoo/21EF1A6A9139C9FD2A38E59AFB466F9A_2733/INPUTFILES/data_1894136311.root 
/tmp/maxwoo/21EF1A6A9139C9FD2A38E59AFB466F9A_2733/INPUTFILES/data_1894136341.root 
/tmp/maxwoo/21EF1A6A9139C9FD2A38E59AFB466F9A_2733/INPUTFILES/data_1894136381.root 
/tmp/maxwoo/21EF1A6A9139C9FD2A38E59AFB466F9A_2733/INPUTFILES/data_1894136391.root 
/tmp/maxwoo/21EF1A6A9139C9FD2A38E59AFB466F9A_2733/INPUTFILES/data_1894136401.root 
++++++++++++++++++++find.++++++++++++++++++++++
.
./Check_Sness.C
./check_S.C
./.errror.log
./.sandboxFiles
./lib
./lib/my_event_cpp.so
./lib/MixedBuffer_cpp.so
./lib/CenMaker_cpp_ACLiC_dict_rdict.pcm
./lib/my_particle.cpp
./lib/my_particle_cpp_ACLiC_dict_rdict.pcm
./lib/my_event_cpp_ACLiC_dict_rdict.pcm
./lib/MixedBuffer_cpp_ACLiC_dict_rdict.pcm
./lib/my_event_cpp.d
./lib/CenMaker_cpp.so
./lib/MixedBuffer.h
./lib/my_event.cpp
./lib/NpartNormalizer_cpp.so
./lib/my_particle_cpp.d
./lib/my_particle_cpp.so
./lib/CenMaker_cpp.d
./lib/CenMaker.cpp
./lib/NpartNormalizer_cpp_ACLiC_dict_rdict.pcm
./lib/NpartNormalizer.cpp
./lib/NpartNormalizer_cpp.d
./lib/CenMaker.h
./lib/NpartNormalizer.h
./lib/MixedBuffer_cpp.d
./lib/MixedBuffer.cpp
./lib/my_event.h
./lib/my_particle.h
./.output.log
./INPUTFILES
./INPUTFILES/data_1893136601.root
./INPUTFILES/data_1893136481.root
./INPUTFILES/data_1894136381.root
./INPUTFILES/data_1894136391.root
./INPUTFILES/data_1893133831.root
./INPUTFILES/data_1894136341.root
./INPUTFILES/data_1892139011.root
./INPUTFILES/data_1893136641.root
./INPUTFILES/data_1893136711.root
./INPUTFILES/data_1893136541.root
./INPUTFILES/data_1892137711.root
./INPUTFILES/data_1893136661.root
./INPUTFILES/data_1894136401.root
./INPUTFILES/data_1894136121.root
./INPUTFILES/data_1893136701.root
./INPUTFILES/data_1894133481.root
./INPUTFILES/21EF1A6A9139C9FD2A38E59AFB466F9A_2733.local.list
./INPUTFILES/data_1893133901.root
./INPUTFILES/data_1892137071.root
./INPUTFILES/data_1894135911.root
./INPUTFILES/data_1894136021.root
./INPUTFILES/data_1893133721.root
./INPUTFILES/data_1894136151.root
./INPUTFILES/data_1894136311.root
./INPUTFILES/data_1893134111.root
./INPUTFILES/data_1893136721.root
./INPUTFILES/data_1893137681.root
./INPUTFILES/data_1893136651.root
./INPUTFILES/data_1894134021.root
./INPUTFILES/data_1893136631.root
./INPUTFILES/data_1894135921.root
./INPUTFILES/data_1892197101.root
./INPUTFILES/data_1894135801.root
./INPUTFILES/data_1893136581.root
./INPUTFILES/data_1893133671.root
./INPUTFILES/data_1893136501.root
./INPUTFILES/data_1894133581.root
./INPUTFILES/data_1893136431.root
++++++++++++++++INPUTFILE Var++++++++++++++++++
FILELIST=/tmp/maxwoo/21EF1A6A9139C9FD2A38E59AFB466F9A_2733/INPUTFILES/21EF1A6A9139C9FD2A38E59AFB466F9A_2733.local.list
INPUTFILECOUNT=37
INPUTFILE0=/tmp/maxwoo/21EF1A6A9139C9FD2A38E59AFB466F9A_2733/INPUTFILES/data_1892137071.root
INPUTFILE1=/tmp/maxwoo/21EF1A6A9139C9FD2A38E59AFB466F9A_2733/INPUTFILES/data_1892137711.root
INPUTFILE2=/tmp/maxwoo/21EF1A6A9139C9FD2A38E59AFB466F9A_2733/INPUTFILES/data_1892139011.root
INPUTFILE3=/tmp/maxwoo/21EF1A6A9139C9FD2A38E59AFB466F9A_2733/INPUTFILES/data_1892197101.root
INPUTFILE4=/tmp/maxwoo/21EF1A6A9139C9FD2A38E59AFB466F9A_2733/INPUTFILES/data_1893133671.root
INPUTFILE5=/tmp/maxwoo/21EF1A6A9139C9FD2A38E59AFB466F9A_2733/INPUTFILES/data_1893133721.root
INPUTFILE6=/tmp/maxwoo/21EF1A6A9139C9FD2A38E59AFB466F9A_2733/INPUTFILES/data_1893133831.root
INPUTFILE7=/tmp/maxwoo/21EF1A6A9139C9FD2A38E59AFB466F9A_2733/INPUTFILES/data_1893133901.root
INPUTFILE8=/tmp/maxwoo/21EF1A6A9139C9FD2A38E59AFB466F9A_2733/INPUTFILES/data_1893134111.root
INPUTFILE9=/tmp/maxwoo/21EF1A6A9139C9FD2A38E59AFB466F9A_2733/INPUTFILES/data_1893136431.root
INPUTFILE10=/tmp/maxwoo/21EF1A6A9139C9FD2A38E59AFB466F9A_2733/INPUTFILES/data_1893136481.root
INPUTFILE11=/tmp/maxwoo/21EF1A6A9139C9FD2A38E59AFB466F9A_2733/INPUTFILES/data_1893136501.root
INPUTFILE12=/tmp/maxwoo/21EF1A6A9139C9FD2A38E59AFB466F9A_2733/INPUTFILES/data_1893136541.root
INPUTFILE13=/tmp/maxwoo/21EF1A6A9139C9FD2A38E59AFB466F9A_2733/INPUTFILES/data_1893136581.root
INPUTFILE14=/tmp/maxwoo/21EF1A6A9139C9FD2A38E59AFB466F9A_2733/INPUTFILES/data_1893136601.root
INPUTFILE15=/tmp/maxwoo/21EF1A6A9139C9FD2A38E59AFB466F9A_2733/INPUTFILES/data_1893136631.root
INPUTFILE16=/tmp/maxwoo/21EF1A6A9139C9FD2A38E59AFB466F9A_2733/INPUTFILES/data_1893136641.root
INPUTFILE17=/tmp/maxwoo/21EF1A6A9139C9FD2A38E59AFB466F9A_2733/INPUTFILES/data_1893136651.root
INPUTFILE18=/tmp/maxwoo/21EF1A6A9139C9FD2A38E59AFB466F9A_2733/INPUTFILES/data_1893136661.root
INPUTFILE19=/tmp/maxwoo/21EF1A6A9139C9FD2A38E59AFB466F9A_2733/INPUTFILES/data_1893136701.root
INPUTFILE20=/tmp/maxwoo/21EF1A6A9139C9FD2A38E59AFB466F9A_2733/INPUTFILES/data_1893136711.root
INPUTFILE21=/tmp/maxwoo/21EF1A6A9139C9FD2A38E59AFB466F9A_2733/INPUTFILES/data_1893136721.root
INPUTFILE22=/tmp/maxwoo/21EF1A6A9139C9FD2A38E59AFB466F9A_2733/INPUTFILES/data_1893137681.root
INPUTFILE23=/tmp/maxwoo/21EF1A6A9139C9FD2A38E59AFB466F9A_2733/INPUTFILES/data_1894133481.root
INPUTFILE24=/tmp/maxwoo/21EF1A6A9139C9FD2A38E59AFB466F9A_2733/INPUTFILES/data_1894133581.root
INPUTFILE25=/tmp/maxwoo/21EF1A6A9139C9FD2A38E59AFB466F9A_2733/INPUTFILES/data_1894134021.root
INPUTFILE26=/tmp/maxwoo/21EF1A6A9139C9FD2A38E59AFB466F9A_2733/INPUTFILES/data_1894135801.root
INPUTFILE27=/tmp/maxwoo/21EF1A6A9139C9FD2A38E59AFB466F9A_2733/INPUTFILES/data_1894135911.root
INPUTFILE28=/tmp/maxwoo/21EF1A6A9139C9FD2A38E59AFB466F9A_2733/INPUTFILES/data_1894135921.root
INPUTFILE29=/tmp/maxwoo/21EF1A6A9139C9FD2A38E59AFB466F9A_2733/INPUTFILES/data_1894136021.root
INPUTFILE30=/tmp/maxwoo/21EF1A6A9139C9FD2A38E59AFB466F9A_2733/INPUTFILES/data_1894136121.root
INPUTFILE31=/tmp/maxwoo/21EF1A6A9139C9FD2A38E59AFB466F9A_2733/INPUTFILES/data_1894136151.root
INPUTFILE32=/tmp/maxwoo/21EF1A6A9139C9FD2A38E59AFB466F9A_2733/INPUTFILES/data_1894136311.root
INPUTFILE33=/tmp/maxwoo/21EF1A6A9139C9FD2A38E59AFB466F9A_2733/INPUTFILES/data_1894136341.root
INPUTFILE34=/tmp/maxwoo/21EF1A6A9139C9FD2A38E59AFB466F9A_2733/INPUTFILES/data_1894136381.root
INPUTFILE35=/tmp/maxwoo/21EF1A6A9139C9FD2A38E59AFB466F9A_2733/INPUTFILES/data_1894136391.root
INPUTFILE36=/tmp/maxwoo/21EF1A6A9139C9FD2A38E59AFB466F9A_2733/INPUTFILES/data_1894136401.root
LocalInputFileDir=/tmp/maxwoo/21EF1A6A9139C9FD2A38E59AFB466F9A_2733/INPUTFILES
NewFILELIST=/tmp/maxwoo/21EF1A6A9139C9FD2A38E59AFB466F9A_2733/INPUTFILES/21EF1A6A9139C9FD2A38E59AFB466F9A_2733.local.list
+++++++++++++++++++++++++++++++++++++++++++++++
--------------------------------
Simple Unified Meta Scheduler 1.10.50 we are starting in $SCRATCH : /home/tmp/maxwoo/21EF1A6A9139C9FD2A38E59AFB466F9A_2733
--------------------------------
total 16
lrwxrwxrwx 1 maxwoo rhstar   61 Jun  2 10:54 check_S.C -> /gpfs/mnt/gpfs01/star/pwg/xiatong/git/strangeness/./check_S.C
lrwxrwxrwx 1 maxwoo rhstar   65 Jun  2 10:54 Check_Sness.C -> /gpfs/mnt/gpfs01/star/pwg/xiatong/git/strangeness/./Check_Sness.C
drwxr-xr-x 2 maxwoo rhstar 4096 Jun  2 10:55 INPUTFILES
drwxr-xr-x 2 maxwoo rhstar 4096 Jun  2 10:54 lib
  *******************************************
  *                                         *
  *        W E L C O M E  to  R O O T       *
  *                                         *
  *   Version   5.34/38     12 March 2018   *
  *                                         *
  *  You are welcome to visit our Web site  *
  *          http://root.cern.ch            *
  *                                         *
  *******************************************

ROOT 5.34/38 (v5-34-38@v5-34-38, Mar 12 2018, 15:49:39 on linux)

CINT/ROOT C/C++ Interpreter version 5.18.00, July 2, 2010
Type ? for help. Commands must be C++ statements.
Enclose multiple statements between { }.
*** Float Point Exception is OFF ***
 *** Start at Date : Thu Jun  2 10:56:23 2022
QAInfo:You are using STAR_LEVEL : dev, ROOT_LEVEL : 5.34.38 and node : spool0549.sdcc.bnl.gov 

Processing check_S.C++("/tmp/maxwoo/21EF1A6A9139C9FD2A38E59AFB466F9A_2733/INPUTFILES/21EF1A6A9139C9FD2A38E59AFB466F9A_2733.local.list","21EF1A6A9139C9FD2A38E59AFB466F9A_2733",1)...
/tmp/maxwoo/21EF1A6A9139C9FD2A38E59AFB466F9A_2733/INPUTFILES/data_1892137071.root 
/tmp/maxwoo/21EF1A6A9139C9FD2A38E59AFB466F9A_2733/INPUTFILES/data_1892137711.root 
/tmp/maxwoo/21EF1A6A9139C9FD2A38E59AFB466F9A_2733/INPUTFILES/data_1892139011.root 
/tmp/maxwoo/21EF1A6A9139C9FD2A38E59AFB466F9A_2733/INPUTFILES/data_1892197101.root 
/tmp/maxwoo/21EF1A6A9139C9FD2A38E59AFB466F9A_2733/INPUTFILES/data_1893133671.root 
/tmp/maxwoo/21EF1A6A9139C9FD2A38E59AFB466F9A_2733/INPUTFILES/data_1893133721.root 
/tmp/maxwoo/21EF1A6A9139C9FD2A38E59AFB466F9A_2733/INPUTFILES/data_1893133831.root 
/tmp/maxwoo/21EF1A6A9139C9FD2A38E59AFB466F9A_2733/INPUTFILES/data_1893133901.root 
/tmp/maxwoo/21EF1A6A9139C9FD2A38E59AFB466F9A_2733/INPUTFILES/data_1893134111.root 
/tmp/maxwoo/21EF1A6A9139C9FD2A38E59AFB466F9A_2733/INPUTFILES/data_1893136431.root 
/tmp/maxwoo/21EF1A6A9139C9FD2A38E59AFB466F9A_2733/INPUTFILES/data_1893136481.root 
/tmp/maxwoo/21EF1A6A9139C9FD2A38E59AFB466F9A_2733/INPUTFILES/data_1893136501.root 
/tmp/maxwoo/21EF1A6A9139C9FD2A38E59AFB466F9A_2733/INPUTFILES/data_1893136541.root 
/tmp/maxwoo/21EF1A6A9139C9FD2A38E59AFB466F9A_2733/INPUTFILES/data_1893136581.root 
/tmp/maxwoo/21EF1A6A9139C9FD2A38E59AFB466F9A_2733/INPUTFILES/data_1893136601.root 
/tmp/maxwoo/21EF1A6A9139C9FD2A38E59AFB466F9A_2733/INPUTFILES/data_1893136631.root 
/tmp/maxwoo/21EF1A6A9139C9FD2A38E59AFB466F9A_2733/INPUTFILES/data_1893136641.root 
/tmp/maxwoo/21EF1A6A9139C9FD2A38E59AFB466F9A_2733/INPUTFILES/data_1893136651.root 
/tmp/maxwoo/21EF1A6A9139C9FD2A38E59AFB466F9A_2733/INPUTFILES/data_1893136661.root 
/tmp/maxwoo/21EF1A6A9139C9FD2A38E59AFB466F9A_2733/INPUTFILES/data_1893136701.root 
/tmp/maxwoo/21EF1A6A9139C9FD2A38E59AFB466F9A_2733/INPUTFILES/data_1893136711.root 
/tmp/maxwoo/21EF1A6A9139C9FD2A38E59AFB466F9A_2733/INPUTFILES/data_1893136721.root 
/tmp/maxwoo/21EF1A6A9139C9FD2A38E59AFB466F9A_2733/INPUTFILES/data_1893137681.root 
/tmp/maxwoo/21EF1A6A9139C9FD2A38E59AFB466F9A_2733/INPUTFILES/data_1894133481.root 
/tmp/maxwoo/21EF1A6A9139C9FD2A38E59AFB466F9A_2733/INPUTFILES/data_1894133581.root 
/tmp/maxwoo/21EF1A6A9139C9FD2A38E59AFB466F9A_2733/INPUTFILES/data_1894134021.root 
/tmp/maxwoo/21EF1A6A9139C9FD2A38E59AFB466F9A_2733/INPUTFILES/data_1894135801.root 
/tmp/maxwoo/21EF1A6A9139C9FD2A38E59AFB466F9A_2733/INPUTFILES/data_1894135911.root 
/tmp/maxwoo/21EF1A6A9139C9FD2A38E59AFB466F9A_2733/INPUTFILES/data_1894135921.root 
/tmp/maxwoo/21EF1A6A9139C9FD2A38E59AFB466F9A_2733/INPUTFILES/data_1894136021.root 
/tmp/maxwoo/21EF1A6A9139C9FD2A38E59AFB466F9A_2733/INPUTFILES/data_1894136121.root 
/tmp/maxwoo/21EF1A6A9139C9FD2A38E59AFB466F9A_2733/INPUTFILES/data_1894136151.root 
/tmp/maxwoo/21EF1A6A9139C9FD2A38E59AFB466F9A_2733/INPUTFILES/data_1894136311.root 
/tmp/maxwoo/21EF1A6A9139C9FD2A38E59AFB466F9A_2733/INPUTFILES/data_1894136341.root 
/tmp/maxwoo/21EF1A6A9139C9FD2A38E59AFB466F9A_2733/INPUTFILES/data_1894136381.root 
/tmp/maxwoo/21EF1A6A9139C9FD2A38E59AFB466F9A_2733/INPUTFILES/data_1894136391.root 
/tmp/maxwoo/21EF1A6A9139C9FD2A38E59AFB466F9A_2733/INPUTFILES/data_1894136401.root 
Added 37 files
# entries in chain: 37000
Processing entry == 1000 == out of 37000.
Processing entry == 2000 == out of 37000.
Processing entry == 3000 == out of 37000.
Processing entry == 4000 == out of 37000.
Processing entry == 5000 == out of 37000.
Processing entry == 6000 == out of 37000.
Processing entry == 7000 == out of 37000.
Processing entry == 8000 == out of 37000.
Processing entry == 9000 == out of 37000.
Processing entry == 10000 == out of 37000.
Processing entry == 11000 == out of 37000.
Processing entry == 12000 == out of 37000.
Processing entry == 13000 == out of 37000.
Processing entry == 14000 == out of 37000.
Processing entry == 15000 == out of 37000.
Processing entry == 16000 == out of 37000.
Processing entry == 17000 == out of 37000.
Processing entry == 18000 == out of 37000.
Processing entry == 19000 == out of 37000.
Processing entry == 20000 == out of 37000.
Processing entry == 21000 == out of 37000.
Processing entry == 22000 == out of 37000.
Processing entry == 23000 == out of 37000.
Processing entry == 24000 == out of 37000.
Processing entry == 25000 == out of 37000.
Processing entry == 26000 == out of 37000.
Processing entry == 27000 == out of 37000.
Processing entry == 28000 == out of 37000.
Processing entry == 29000 == out of 37000.
Processing entry == 30000 == out of 37000.
Processing entry == 31000 == out of 37000.
Processing entry == 32000 == out of 37000.
Processing entry == 33000 == out of 37000.
Processing entry == 34000 == out of 37000.
Processing entry == 35000 == out of 37000.
Processing entry == 36000 == out of 37000.
Processing entry == 37000 == out of 37000.

This is the end of ROOT -- Goodbye

Cleaning up sandbox file:  /tmp/maxwoo/21EF1A6A9139C9FD2A38E59AFB466F9A_2733/check_S.C
Cleaning up sandbox file:  /tmp/maxwoo/21EF1A6A9139C9FD2A38E59AFB466F9A_2733/Check_Sness.C
Cleaning up sandbox file:  /tmp/maxwoo/21EF1A6A9139C9FD2A38E59AFB466F9A_2733/lib
Cleaning up sandbox file:  /tmp/maxwoo/21EF1A6A9139C9FD2A38E59AFB466F9A_2733/.sandboxFiles
Starting copy block
Running copy command:  /bin/cp -fp /tmp/maxwoo/21EF1A6A9139C9FD2A38E59AFB466F9A_2733/out_21EF1A6A9139C9FD2A38E59AFB466F9A_2733.root /star/data01/pwg/xiatong/git/strangeness/data/
2910 Execution of (/star/data01/pwg/xiatong/git/strangeness/script/sched21EF1A6A9139C9FD2A38E59AFB466F9A_2733.csh ) has ended, exiting normally
2910 We END on [Thu Jun  2 11:18:53 EDT 2022]
