We are starting on node: spool0739.sdcc.bnl.gov
HOME is not defined
Using getent method
HOME is now /star/u/maxwoo
113349 We will spawn ourselves (/star/data01/pwg/xiatong/git/strangeness/script/sched21EF1A6A9139C9FD2A38E59AFB466F9A_75.csh )
113349 We BEGIN on [Thu Jun  2 11:42:53 EDT 2022]
[1] 113916
113349 We are waiting for 113916 
113349 Grandchild PID is 114567 - found in 10 x 1 seconds
113349 Establishing first watcher   on    Thu Jun  2 11:43:04 EDT 2022
113349 Process tree is 113349 (main) -> 113916 (child) -> 114567 (grandchild)
F S   UID    PID   PPID  C PRI  NI ADDR SZ WCHAN  TTY        TIME CMD
0 D 100667 114567 113916  0 80   0 - 32311 cxiWai ?          0:00 cp /star/data01/pwg/xiatong/AMPT/14GeV/data_049150781.root /tmp/maxwoo/21EF1A6A9139C9FD2A38E59AFB466F9A_75/INPUTFILES/data_049150781.root
113349 Grandchild PID is 117250 - found in 30 x 2 seconds
113349 Grandchild to watch has changed on Thu Jun  2 11:43:54 EDT 2022
113349 Process tree is 113349 (main) -> 113916 (child) -> 117250 (grandchild)
F S   UID    PID   PPID  C PRI  NI ADDR SZ WCHAN  TTY        TIME CMD
0 D 100667 117250 113916  0 80   0 - 32311 cxiWai ?          0:00 cp /star/data01/pwg/xiatong/AMPT/14GeV/data_049150831.root /tmp/maxwoo/21EF1A6A9139C9FD2A38E59AFB466F9A_75/INPUTFILES/data_049150831.root
113349 Grandchild PID is 119026 - found in 40 x 2 seconds
113349 Grandchild to watch has changed on Thu Jun  2 11:44:24 EDT 2022
113349 Process tree is 113349 (main) -> 113916 (child) -> 119026 (grandchild)
F S   UID    PID   PPID  C PRI  NI ADDR SZ WCHAN  TTY        TIME CMD
0 D 100667 119026 113916  0 80   0 - 32311 cxiWai ?          0:00 cp /star/data01/pwg/xiatong/AMPT/14GeV/data_049150851.root /tmp/maxwoo/21EF1A6A9139C9FD2A38E59AFB466F9A_75/INPUTFILES/data_049150851.root
113349 Grandchild PID is 120664 - found in 50 x 2 seconds
113349 Grandchild to watch has changed on Thu Jun  2 11:44:45 EDT 2022
113349 Process tree is 113349 (main) -> 113916 (child) -> 120664 (grandchild)
F S   UID    PID   PPID  C PRI  NI ADDR SZ WCHAN  TTY        TIME CMD
0 D 100667 120664 113916  0 80   0 - 32311 cxiWai ?          0:00 cp /star/data01/pwg/xiatong/AMPT/14GeV/data_049150911.root /tmp/maxwoo/21EF1A6A9139C9FD2A38E59AFB466F9A_75/INPUTFILES/data_049150911.root
113349 Grandchild PID is 123605 - found in 80 x 2 seconds
113349 Grandchild to watch has changed on Thu Jun  2 11:45:48 EDT 2022
113349 Process tree is 113349 (main) -> 113916 (child) -> 123605 (grandchild)
F S   UID    PID   PPID  C PRI  NI ADDR SZ WCHAN  TTY        TIME CMD
0 D 100667 123605 113916  0 80   0 - 32311 cxiWai ?          0:00 cp /star/data01/pwg/xiatong/AMPT/14GeV/data_049151081.root /tmp/maxwoo/21EF1A6A9139C9FD2A38E59AFB466F9A_75/INPUTFILES/data_049151081.root
113349 Grandchild PID is 126145 - found in 90 x 2 seconds
113349 Grandchild to watch has changed on Thu Jun  2 11:46:09 EDT 2022
113349 Process tree is 113349 (main) -> 113916 (child) -> 126145 (grandchild)
F S   UID    PID   PPID  C PRI  NI ADDR SZ WCHAN  TTY        TIME CMD
0 D 100667 126145 113916  0 80   0 - 32311 cxiWai ?          0:00 cp /star/data01/pwg/xiatong/AMPT/14GeV/data_049173721.root /tmp/maxwoo/21EF1A6A9139C9FD2A38E59AFB466F9A_75/INPUTFILES/data_049173721.root
113349 Grandchild PID is 130172 - found in 100 x 2 seconds
113349 Grandchild to watch has changed on Thu Jun  2 11:46:30 EDT 2022
113349 Process tree is 113349 (main) -> 113916 (child) -> 130172 (grandchild)
F S   UID    PID   PPID  C PRI  NI ADDR SZ WCHAN  TTY        TIME CMD
0 D 100667 130172 113916  0 80   0 - 32311 cxiWai ?          0:00 cp /star/data01/pwg/xiatong/AMPT/14GeV/data_049194531.root /tmp/maxwoo/21EF1A6A9139C9FD2A38E59AFB466F9A_75/INPUTFILES/data_049194531.root
113349 Grandchild PID is 131918 - found in 120 x 2 seconds
113349 Grandchild to watch has changed on Thu Jun  2 11:47:11 EDT 2022
113349 Process tree is 113349 (main) -> 113916 (child) -> 131918 (grandchild)
F S   UID    PID   PPID  C PRI  NI ADDR SZ WCHAN  TTY        TIME CMD
0 D 100667 131918 113916  0 80   0 - 32311 cxiWai ?          0:00 cp /star/data01/pwg/xiatong/AMPT/14GeV/data_049194591.root /tmp/maxwoo/21EF1A6A9139C9FD2A38E59AFB466F9A_75/INPUTFILES/data_049194591.root
113349 Grandchild PID is 133066 - found in 130 x 2 seconds
113349 Grandchild to watch has changed on Thu Jun  2 11:47:32 EDT 2022
113349 Process tree is 113349 (main) -> 113916 (child) -> 133066 (grandchild)
F S   UID    PID   PPID  C PRI  NI ADDR SZ WCHAN  TTY        TIME CMD
0 D 100667 133066 113916  0 80   0 - 32311 cxiWai ?          0:00 cp /star/data01/pwg/xiatong/AMPT/14GeV/data_049195061.root /tmp/maxwoo/21EF1A6A9139C9FD2A38E59AFB466F9A_75/INPUTFILES/data_049195061.root
113349 Grandchild PID is 135034 - found in 140 x 2 seconds
113349 Grandchild to watch has changed on Thu Jun  2 11:47:52 EDT 2022
113349 Process tree is 113349 (main) -> 113916 (child) -> 135034 (grandchild)
F S   UID    PID   PPID  C PRI  NI ADDR SZ WCHAN  TTY        TIME CMD
113349 Grandchild PID is 135100 - found in 150 x 2 seconds
113349 Grandchild to watch has changed on Thu Jun  2 11:48:13 EDT 2022
113349 Process tree is 113349 (main) -> 113916 (child) -> 135100 (grandchild)
F S   UID    PID   PPID  C PRI  NI ADDR SZ WCHAN  TTY        TIME CMD
0 D 100667 135100 113916  0 80   0 - 32311 cxiWai ?          0:00 cp /star/data01/pwg/xiatong/AMPT/14GeV/data_049565211.root /tmp/maxwoo/21EF1A6A9139C9FD2A38E59AFB466F9A_75/INPUTFILES/data_049565211.root
113349 Grandchild PID is 136326 - found in 160 x 2 seconds
113349 Grandchild to watch has changed on Thu Jun  2 11:48:34 EDT 2022
113349 Process tree is 113349 (main) -> 113916 (child) -> 136326 (grandchild)
F S   UID    PID   PPID  C PRI  NI ADDR SZ WCHAN  TTY        TIME CMD
0 S 100667 136326 113916  0 80   0 -  1272 do_wai ?          0:00 root -b -q check_S.C++("/tmp/maxwoo/21EF1A6A9139C9FD2A38E59AFB466F9A_75/INPUTFILES/21EF1A6A9139C9FD2A38E59AFB466F9A_75.local.list","21EF1A6A9139C9FD2A38E59AFB466F9A_75",1)
113916 Stepping into the main SUMS wrapper program with []
.... building sandbox
Running: cp /star/data01/pwg/xiatong/AMPT/14GeV/data_049121331.root /tmp/maxwoo/21EF1A6A9139C9FD2A38E59AFB466F9A_75/INPUTFILES/data_049121331.root
Running: cp /star/data01/pwg/xiatong/AMPT/14GeV/data_049136811.root /tmp/maxwoo/21EF1A6A9139C9FD2A38E59AFB466F9A_75/INPUTFILES/data_049136811.root
Running: cp /star/data01/pwg/xiatong/AMPT/14GeV/data_049150731.root /tmp/maxwoo/21EF1A6A9139C9FD2A38E59AFB466F9A_75/INPUTFILES/data_049150731.root
Running: cp /star/data01/pwg/xiatong/AMPT/14GeV/data_049150741.root /tmp/maxwoo/21EF1A6A9139C9FD2A38E59AFB466F9A_75/INPUTFILES/data_049150741.root
Running: cp /star/data01/pwg/xiatong/AMPT/14GeV/data_049150761.root /tmp/maxwoo/21EF1A6A9139C9FD2A38E59AFB466F9A_75/INPUTFILES/data_049150761.root
Running: cp /star/data01/pwg/xiatong/AMPT/14GeV/data_049150771.root /tmp/maxwoo/21EF1A6A9139C9FD2A38E59AFB466F9A_75/INPUTFILES/data_049150771.root
Running: cp /star/data01/pwg/xiatong/AMPT/14GeV/data_049150781.root /tmp/maxwoo/21EF1A6A9139C9FD2A38E59AFB466F9A_75/INPUTFILES/data_049150781.root
Running: cp /star/data01/pwg/xiatong/AMPT/14GeV/data_049150791.root /tmp/maxwoo/21EF1A6A9139C9FD2A38E59AFB466F9A_75/INPUTFILES/data_049150791.root
Running: cp /star/data01/pwg/xiatong/AMPT/14GeV/data_049150801.root /tmp/maxwoo/21EF1A6A9139C9FD2A38E59AFB466F9A_75/INPUTFILES/data_049150801.root
Running: cp /star/data01/pwg/xiatong/AMPT/14GeV/data_049150811.root /tmp/maxwoo/21EF1A6A9139C9FD2A38E59AFB466F9A_75/INPUTFILES/data_049150811.root
Running: cp /star/data01/pwg/xiatong/AMPT/14GeV/data_049150831.root /tmp/maxwoo/21EF1A6A9139C9FD2A38E59AFB466F9A_75/INPUTFILES/data_049150831.root
Running: cp /star/data01/pwg/xiatong/AMPT/14GeV/data_049150841.root /tmp/maxwoo/21EF1A6A9139C9FD2A38E59AFB466F9A_75/INPUTFILES/data_049150841.root
Running: cp /star/data01/pwg/xiatong/AMPT/14GeV/data_049150851.root /tmp/maxwoo/21EF1A6A9139C9FD2A38E59AFB466F9A_75/INPUTFILES/data_049150851.root
Running: cp /star/data01/pwg/xiatong/AMPT/14GeV/data_049150861.root /tmp/maxwoo/21EF1A6A9139C9FD2A38E59AFB466F9A_75/INPUTFILES/data_049150861.root
Running: cp /star/data01/pwg/xiatong/AMPT/14GeV/data_049150891.root /tmp/maxwoo/21EF1A6A9139C9FD2A38E59AFB466F9A_75/INPUTFILES/data_049150891.root
Running: cp /star/data01/pwg/xiatong/AMPT/14GeV/data_049150911.root /tmp/maxwoo/21EF1A6A9139C9FD2A38E59AFB466F9A_75/INPUTFILES/data_049150911.root
Running: cp /star/data01/pwg/xiatong/AMPT/14GeV/data_049151001.root /tmp/maxwoo/21EF1A6A9139C9FD2A38E59AFB466F9A_75/INPUTFILES/data_049151001.root
Running: cp /star/data01/pwg/xiatong/AMPT/14GeV/data_049151081.root /tmp/maxwoo/21EF1A6A9139C9FD2A38E59AFB466F9A_75/INPUTFILES/data_049151081.root
Running: cp /star/data01/pwg/xiatong/AMPT/14GeV/data_049169941.root /tmp/maxwoo/21EF1A6A9139C9FD2A38E59AFB466F9A_75/INPUTFILES/data_049169941.root
Running: cp /star/data01/pwg/xiatong/AMPT/14GeV/data_049173721.root /tmp/maxwoo/21EF1A6A9139C9FD2A38E59AFB466F9A_75/INPUTFILES/data_049173721.root
Running: cp /star/data01/pwg/xiatong/AMPT/14GeV/data_049177581.root /tmp/maxwoo/21EF1A6A9139C9FD2A38E59AFB466F9A_75/INPUTFILES/data_049177581.root
Running: cp /star/data01/pwg/xiatong/AMPT/14GeV/data_049194531.root /tmp/maxwoo/21EF1A6A9139C9FD2A38E59AFB466F9A_75/INPUTFILES/data_049194531.root
Running: cp /star/data01/pwg/xiatong/AMPT/14GeV/data_049194581.root /tmp/maxwoo/21EF1A6A9139C9FD2A38E59AFB466F9A_75/INPUTFILES/data_049194581.root
Running: cp /star/data01/pwg/xiatong/AMPT/14GeV/data_049194591.root /tmp/maxwoo/21EF1A6A9139C9FD2A38E59AFB466F9A_75/INPUTFILES/data_049194591.root
Running: cp /star/data01/pwg/xiatong/AMPT/14GeV/data_049194651.root /tmp/maxwoo/21EF1A6A9139C9FD2A38E59AFB466F9A_75/INPUTFILES/data_049194651.root
Running: cp /star/data01/pwg/xiatong/AMPT/14GeV/data_049194791.root /tmp/maxwoo/21EF1A6A9139C9FD2A38E59AFB466F9A_75/INPUTFILES/data_049194791.root
Running: cp /star/data01/pwg/xiatong/AMPT/14GeV/data_049194851.root /tmp/maxwoo/21EF1A6A9139C9FD2A38E59AFB466F9A_75/INPUTFILES/data_049194851.root
Running: cp /star/data01/pwg/xiatong/AMPT/14GeV/data_049194951.root /tmp/maxwoo/21EF1A6A9139C9FD2A38E59AFB466F9A_75/INPUTFILES/data_049194951.root
Running: cp /star/data01/pwg/xiatong/AMPT/14GeV/data_049195061.root /tmp/maxwoo/21EF1A6A9139C9FD2A38E59AFB466F9A_75/INPUTFILES/data_049195061.root
Running: cp /star/data01/pwg/xiatong/AMPT/14GeV/data_049195221.root /tmp/maxwoo/21EF1A6A9139C9FD2A38E59AFB466F9A_75/INPUTFILES/data_049195221.root
Running: cp /star/data01/pwg/xiatong/AMPT/14GeV/data_049265251.root /tmp/maxwoo/21EF1A6A9139C9FD2A38E59AFB466F9A_75/INPUTFILES/data_049265251.root
Running: cp /star/data01/pwg/xiatong/AMPT/14GeV/data_049465231.root /tmp/maxwoo/21EF1A6A9139C9FD2A38E59AFB466F9A_75/INPUTFILES/data_049465231.root
Running: cp /star/data01/pwg/xiatong/AMPT/14GeV/data_049465241.root /tmp/maxwoo/21EF1A6A9139C9FD2A38E59AFB466F9A_75/INPUTFILES/data_049465241.root
Running: cp /star/data01/pwg/xiatong/AMPT/14GeV/data_049565211.root /tmp/maxwoo/21EF1A6A9139C9FD2A38E59AFB466F9A_75/INPUTFILES/data_049565211.root
Running: cp /star/data01/pwg/xiatong/AMPT/14GeV/data_049565221.root /tmp/maxwoo/21EF1A6A9139C9FD2A38E59AFB466F9A_75/INPUTFILES/data_049565221.root
Running: cp /star/data01/pwg/xiatong/AMPT/14GeV/data_049765181.root /tmp/maxwoo/21EF1A6A9139C9FD2A38E59AFB466F9A_75/INPUTFILES/data_049765181.root
Running: cp /star/data01/pwg/xiatong/AMPT/14GeV/data_049865191.root /tmp/maxwoo/21EF1A6A9139C9FD2A38E59AFB466F9A_75/INPUTFILES/data_049865191.root
Swapping $FILELIST with: /tmp/maxwoo/21EF1A6A9139C9FD2A38E59AFB466F9A_75/INPUTFILES/21EF1A6A9139C9FD2A38E59AFB466F9A_75.local.list
+++++++++++local copy debug++++++++++++++++++++
newFileList: /tmp/maxwoo/21EF1A6A9139C9FD2A38E59AFB466F9A_75/INPUTFILES/21EF1A6A9139C9FD2A38E59AFB466F9A_75.local.list
++++++++++++++++cat FILELIST+++++++++++++++++++
/tmp/maxwoo/21EF1A6A9139C9FD2A38E59AFB466F9A_75/INPUTFILES/data_049121331.root 
/tmp/maxwoo/21EF1A6A9139C9FD2A38E59AFB466F9A_75/INPUTFILES/data_049136811.root 
/tmp/maxwoo/21EF1A6A9139C9FD2A38E59AFB466F9A_75/INPUTFILES/data_049150731.root 
/tmp/maxwoo/21EF1A6A9139C9FD2A38E59AFB466F9A_75/INPUTFILES/data_049150741.root 
/tmp/maxwoo/21EF1A6A9139C9FD2A38E59AFB466F9A_75/INPUTFILES/data_049150761.root 
/tmp/maxwoo/21EF1A6A9139C9FD2A38E59AFB466F9A_75/INPUTFILES/data_049150771.root 
/tmp/maxwoo/21EF1A6A9139C9FD2A38E59AFB466F9A_75/INPUTFILES/data_049150781.root 
/tmp/maxwoo/21EF1A6A9139C9FD2A38E59AFB466F9A_75/INPUTFILES/data_049150791.root 
/tmp/maxwoo/21EF1A6A9139C9FD2A38E59AFB466F9A_75/INPUTFILES/data_049150801.root 
/tmp/maxwoo/21EF1A6A9139C9FD2A38E59AFB466F9A_75/INPUTFILES/data_049150811.root 
/tmp/maxwoo/21EF1A6A9139C9FD2A38E59AFB466F9A_75/INPUTFILES/data_049150831.root 
/tmp/maxwoo/21EF1A6A9139C9FD2A38E59AFB466F9A_75/INPUTFILES/data_049150841.root 
/tmp/maxwoo/21EF1A6A9139C9FD2A38E59AFB466F9A_75/INPUTFILES/data_049150851.root 
/tmp/maxwoo/21EF1A6A9139C9FD2A38E59AFB466F9A_75/INPUTFILES/data_049150861.root 
/tmp/maxwoo/21EF1A6A9139C9FD2A38E59AFB466F9A_75/INPUTFILES/data_049150891.root 
/tmp/maxwoo/21EF1A6A9139C9FD2A38E59AFB466F9A_75/INPUTFILES/data_049150911.root 
/tmp/maxwoo/21EF1A6A9139C9FD2A38E59AFB466F9A_75/INPUTFILES/data_049151001.root 
/tmp/maxwoo/21EF1A6A9139C9FD2A38E59AFB466F9A_75/INPUTFILES/data_049151081.root 
/tmp/maxwoo/21EF1A6A9139C9FD2A38E59AFB466F9A_75/INPUTFILES/data_049169941.root 
/tmp/maxwoo/21EF1A6A9139C9FD2A38E59AFB466F9A_75/INPUTFILES/data_049173721.root 
/tmp/maxwoo/21EF1A6A9139C9FD2A38E59AFB466F9A_75/INPUTFILES/data_049177581.root 
/tmp/maxwoo/21EF1A6A9139C9FD2A38E59AFB466F9A_75/INPUTFILES/data_049194531.root 
/tmp/maxwoo/21EF1A6A9139C9FD2A38E59AFB466F9A_75/INPUTFILES/data_049194581.root 
/tmp/maxwoo/21EF1A6A9139C9FD2A38E59AFB466F9A_75/INPUTFILES/data_049194591.root 
/tmp/maxwoo/21EF1A6A9139C9FD2A38E59AFB466F9A_75/INPUTFILES/data_049194651.root 
/tmp/maxwoo/21EF1A6A9139C9FD2A38E59AFB466F9A_75/INPUTFILES/data_049194791.root 
/tmp/maxwoo/21EF1A6A9139C9FD2A38E59AFB466F9A_75/INPUTFILES/data_049194851.root 
/tmp/maxwoo/21EF1A6A9139C9FD2A38E59AFB466F9A_75/INPUTFILES/data_049194951.root 
/tmp/maxwoo/21EF1A6A9139C9FD2A38E59AFB466F9A_75/INPUTFILES/data_049195061.root 
/tmp/maxwoo/21EF1A6A9139C9FD2A38E59AFB466F9A_75/INPUTFILES/data_049195221.root 
/tmp/maxwoo/21EF1A6A9139C9FD2A38E59AFB466F9A_75/INPUTFILES/data_049265251.root 
/tmp/maxwoo/21EF1A6A9139C9FD2A38E59AFB466F9A_75/INPUTFILES/data_049465231.root 
/tmp/maxwoo/21EF1A6A9139C9FD2A38E59AFB466F9A_75/INPUTFILES/data_049465241.root 
/tmp/maxwoo/21EF1A6A9139C9FD2A38E59AFB466F9A_75/INPUTFILES/data_049565211.root 
/tmp/maxwoo/21EF1A6A9139C9FD2A38E59AFB466F9A_75/INPUTFILES/data_049565221.root 
/tmp/maxwoo/21EF1A6A9139C9FD2A38E59AFB466F9A_75/INPUTFILES/data_049765181.root 
/tmp/maxwoo/21EF1A6A9139C9FD2A38E59AFB466F9A_75/INPUTFILES/data_049865191.root 
++++++++++++++++++++find.++++++++++++++++++++++
.
./.output.log
./.errror.log
./.sandboxFiles
./Check_Sness.C
./check_S.C
./INPUTFILES
./INPUTFILES/data_049150831.root
./INPUTFILES/data_049150861.root
./INPUTFILES/data_049265251.root
./INPUTFILES/21EF1A6A9139C9FD2A38E59AFB466F9A_75.local.list
./INPUTFILES/data_049150761.root
./INPUTFILES/data_049195221.root
./INPUTFILES/data_049151001.root
./INPUTFILES/data_049169941.root
./INPUTFILES/data_049150811.root
./INPUTFILES/data_049150851.root
./INPUTFILES/data_049150781.root
./INPUTFILES/data_049194791.root
./INPUTFILES/data_049865191.root
./INPUTFILES/data_049195061.root
./INPUTFILES/data_049150731.root
./INPUTFILES/data_049194591.root
./INPUTFILES/data_049121331.root
./INPUTFILES/data_049194531.root
./INPUTFILES/data_049150801.root
./INPUTFILES/data_049150771.root
./INPUTFILES/data_049177581.root
./INPUTFILES/data_049194651.root
./INPUTFILES/data_049150911.root
./INPUTFILES/data_049565211.root
./INPUTFILES/data_049173721.root
./INPUTFILES/data_049565221.root
./INPUTFILES/data_049150741.root
./INPUTFILES/data_049150891.root
./INPUTFILES/data_049765181.root
./INPUTFILES/data_049194951.root
./INPUTFILES/data_049136811.root
./INPUTFILES/data_049465241.root
./INPUTFILES/data_049150841.root
./INPUTFILES/data_049194851.root
./INPUTFILES/data_049194581.root
./INPUTFILES/data_049151081.root
./INPUTFILES/data_049465231.root
./INPUTFILES/data_049150791.root
./lib
./lib/my_particle.cpp
./lib/my_particle_cpp.so
./lib/MixedBuffer.h
./lib/CenMaker.h
./lib/CenMaker_cpp_ACLiC_dict_rdict.pcm
./lib/MixedBuffer_cpp.d
./lib/MixedBuffer_cpp.so
./lib/CenMaker_cpp.d
./lib/my_event.cpp
./lib/NpartNormalizer_cpp.so
./lib/my_event_cpp.d
./lib/my_particle_cpp_ACLiC_dict_rdict.pcm
./lib/NpartNormalizer.cpp
./lib/my_particle_cpp.d
./lib/my_event_cpp.so
./lib/NpartNormalizer.h
./lib/CenMaker.cpp
./lib/MixedBuffer_cpp_ACLiC_dict_rdict.pcm
./lib/CenMaker_cpp.so
./lib/my_particle.h
./lib/NpartNormalizer_cpp.d
./lib/my_event_cpp_ACLiC_dict_rdict.pcm
./lib/my_event.h
./lib/NpartNormalizer_cpp_ACLiC_dict_rdict.pcm
./lib/MixedBuffer.cpp
++++++++++++++++INPUTFILE Var++++++++++++++++++
FILELIST=/tmp/maxwoo/21EF1A6A9139C9FD2A38E59AFB466F9A_75/INPUTFILES/21EF1A6A9139C9FD2A38E59AFB466F9A_75.local.list
INPUTFILECOUNT=37
INPUTFILE0=/tmp/maxwoo/21EF1A6A9139C9FD2A38E59AFB466F9A_75/INPUTFILES/data_049121331.root
INPUTFILE1=/tmp/maxwoo/21EF1A6A9139C9FD2A38E59AFB466F9A_75/INPUTFILES/data_049136811.root
INPUTFILE2=/tmp/maxwoo/21EF1A6A9139C9FD2A38E59AFB466F9A_75/INPUTFILES/data_049150731.root
INPUTFILE3=/tmp/maxwoo/21EF1A6A9139C9FD2A38E59AFB466F9A_75/INPUTFILES/data_049150741.root
INPUTFILE4=/tmp/maxwoo/21EF1A6A9139C9FD2A38E59AFB466F9A_75/INPUTFILES/data_049150761.root
INPUTFILE5=/tmp/maxwoo/21EF1A6A9139C9FD2A38E59AFB466F9A_75/INPUTFILES/data_049150771.root
INPUTFILE6=/tmp/maxwoo/21EF1A6A9139C9FD2A38E59AFB466F9A_75/INPUTFILES/data_049150781.root
INPUTFILE7=/tmp/maxwoo/21EF1A6A9139C9FD2A38E59AFB466F9A_75/INPUTFILES/data_049150791.root
INPUTFILE8=/tmp/maxwoo/21EF1A6A9139C9FD2A38E59AFB466F9A_75/INPUTFILES/data_049150801.root
INPUTFILE9=/tmp/maxwoo/21EF1A6A9139C9FD2A38E59AFB466F9A_75/INPUTFILES/data_049150811.root
INPUTFILE10=/tmp/maxwoo/21EF1A6A9139C9FD2A38E59AFB466F9A_75/INPUTFILES/data_049150831.root
INPUTFILE11=/tmp/maxwoo/21EF1A6A9139C9FD2A38E59AFB466F9A_75/INPUTFILES/data_049150841.root
INPUTFILE12=/tmp/maxwoo/21EF1A6A9139C9FD2A38E59AFB466F9A_75/INPUTFILES/data_049150851.root
INPUTFILE13=/tmp/maxwoo/21EF1A6A9139C9FD2A38E59AFB466F9A_75/INPUTFILES/data_049150861.root
INPUTFILE14=/tmp/maxwoo/21EF1A6A9139C9FD2A38E59AFB466F9A_75/INPUTFILES/data_049150891.root
INPUTFILE15=/tmp/maxwoo/21EF1A6A9139C9FD2A38E59AFB466F9A_75/INPUTFILES/data_049150911.root
INPUTFILE16=/tmp/maxwoo/21EF1A6A9139C9FD2A38E59AFB466F9A_75/INPUTFILES/data_049151001.root
INPUTFILE17=/tmp/maxwoo/21EF1A6A9139C9FD2A38E59AFB466F9A_75/INPUTFILES/data_049151081.root
INPUTFILE18=/tmp/maxwoo/21EF1A6A9139C9FD2A38E59AFB466F9A_75/INPUTFILES/data_049169941.root
INPUTFILE19=/tmp/maxwoo/21EF1A6A9139C9FD2A38E59AFB466F9A_75/INPUTFILES/data_049173721.root
INPUTFILE20=/tmp/maxwoo/21EF1A6A9139C9FD2A38E59AFB466F9A_75/INPUTFILES/data_049177581.root
INPUTFILE21=/tmp/maxwoo/21EF1A6A9139C9FD2A38E59AFB466F9A_75/INPUTFILES/data_049194531.root
INPUTFILE22=/tmp/maxwoo/21EF1A6A9139C9FD2A38E59AFB466F9A_75/INPUTFILES/data_049194581.root
INPUTFILE23=/tmp/maxwoo/21EF1A6A9139C9FD2A38E59AFB466F9A_75/INPUTFILES/data_049194591.root
INPUTFILE24=/tmp/maxwoo/21EF1A6A9139C9FD2A38E59AFB466F9A_75/INPUTFILES/data_049194651.root
INPUTFILE25=/tmp/maxwoo/21EF1A6A9139C9FD2A38E59AFB466F9A_75/INPUTFILES/data_049194791.root
INPUTFILE26=/tmp/maxwoo/21EF1A6A9139C9FD2A38E59AFB466F9A_75/INPUTFILES/data_049194851.root
INPUTFILE27=/tmp/maxwoo/21EF1A6A9139C9FD2A38E59AFB466F9A_75/INPUTFILES/data_049194951.root
INPUTFILE28=/tmp/maxwoo/21EF1A6A9139C9FD2A38E59AFB466F9A_75/INPUTFILES/data_049195061.root
INPUTFILE29=/tmp/maxwoo/21EF1A6A9139C9FD2A38E59AFB466F9A_75/INPUTFILES/data_049195221.root
INPUTFILE30=/tmp/maxwoo/21EF1A6A9139C9FD2A38E59AFB466F9A_75/INPUTFILES/data_049265251.root
INPUTFILE31=/tmp/maxwoo/21EF1A6A9139C9FD2A38E59AFB466F9A_75/INPUTFILES/data_049465231.root
INPUTFILE32=/tmp/maxwoo/21EF1A6A9139C9FD2A38E59AFB466F9A_75/INPUTFILES/data_049465241.root
INPUTFILE33=/tmp/maxwoo/21EF1A6A9139C9FD2A38E59AFB466F9A_75/INPUTFILES/data_049565211.root
INPUTFILE34=/tmp/maxwoo/21EF1A6A9139C9FD2A38E59AFB466F9A_75/INPUTFILES/data_049565221.root
INPUTFILE35=/tmp/maxwoo/21EF1A6A9139C9FD2A38E59AFB466F9A_75/INPUTFILES/data_049765181.root
INPUTFILE36=/tmp/maxwoo/21EF1A6A9139C9FD2A38E59AFB466F9A_75/INPUTFILES/data_049865191.root
LocalInputFileDir=/tmp/maxwoo/21EF1A6A9139C9FD2A38E59AFB466F9A_75/INPUTFILES
NewFILELIST=/tmp/maxwoo/21EF1A6A9139C9FD2A38E59AFB466F9A_75/INPUTFILES/21EF1A6A9139C9FD2A38E59AFB466F9A_75.local.list
+++++++++++++++++++++++++++++++++++++++++++++++
--------------------------------
Simple Unified Meta Scheduler 1.10.50 we are starting in $SCRATCH : /home/tmp/maxwoo/21EF1A6A9139C9FD2A38E59AFB466F9A_75
--------------------------------
total 16
lrwxrwxrwx 1 maxwoo rhstar   61 Jun  2 11:42 check_S.C -> /gpfs/mnt/gpfs01/star/pwg/xiatong/git/strangeness/./check_S.C
lrwxrwxrwx 1 maxwoo rhstar   65 Jun  2 11:42 Check_Sness.C -> /gpfs/mnt/gpfs01/star/pwg/xiatong/git/strangeness/./Check_Sness.C
drwxr-xr-x 2 maxwoo rhstar 4096 Jun  2 11:48 INPUTFILES
drwxr-xr-x 2 maxwoo rhstar 4096 Jun  2 11:42 lib
  *******************************************
  *                                         *
  *        W E L C O M E  to  R O O T       *
  *                                         *
  *   Version   5.34/38     12 March 2018   *
  *                                         *
  *  You are welcome to visit our Web site  *
  *          http://root.cern.ch            *
  *                                         *
  *******************************************

ROOT 5.34/38 (v5-34-38@v5-34-38, Mar 12 2018, 15:49:39 on linux)

CINT/ROOT C/C++ Interpreter version 5.18.00, July 2, 2010
Type ? for help. Commands must be C++ statements.
Enclose multiple statements between { }.
*** Float Point Exception is OFF ***
 *** Start at Date : Thu Jun  2 11:48:18 2022
QAInfo:You are using STAR_LEVEL : dev, ROOT_LEVEL : 5.34.38 and node : spool0739.sdcc.bnl.gov 

Processing check_S.C++("/tmp/maxwoo/21EF1A6A9139C9FD2A38E59AFB466F9A_75/INPUTFILES/21EF1A6A9139C9FD2A38E59AFB466F9A_75.local.list","21EF1A6A9139C9FD2A38E59AFB466F9A_75",1)...
/tmp/maxwoo/21EF1A6A9139C9FD2A38E59AFB466F9A_75/INPUTFILES/data_049121331.root 
/tmp/maxwoo/21EF1A6A9139C9FD2A38E59AFB466F9A_75/INPUTFILES/data_049136811.root 
/tmp/maxwoo/21EF1A6A9139C9FD2A38E59AFB466F9A_75/INPUTFILES/data_049150731.root 
/tmp/maxwoo/21EF1A6A9139C9FD2A38E59AFB466F9A_75/INPUTFILES/data_049150741.root 
/tmp/maxwoo/21EF1A6A9139C9FD2A38E59AFB466F9A_75/INPUTFILES/data_049150761.root 
/tmp/maxwoo/21EF1A6A9139C9FD2A38E59AFB466F9A_75/INPUTFILES/data_049150771.root 
/tmp/maxwoo/21EF1A6A9139C9FD2A38E59AFB466F9A_75/INPUTFILES/data_049150781.root 
/tmp/maxwoo/21EF1A6A9139C9FD2A38E59AFB466F9A_75/INPUTFILES/data_049150791.root 
/tmp/maxwoo/21EF1A6A9139C9FD2A38E59AFB466F9A_75/INPUTFILES/data_049150801.root 
/tmp/maxwoo/21EF1A6A9139C9FD2A38E59AFB466F9A_75/INPUTFILES/data_049150811.root 
/tmp/maxwoo/21EF1A6A9139C9FD2A38E59AFB466F9A_75/INPUTFILES/data_049150831.root 
/tmp/maxwoo/21EF1A6A9139C9FD2A38E59AFB466F9A_75/INPUTFILES/data_049150841.root 
/tmp/maxwoo/21EF1A6A9139C9FD2A38E59AFB466F9A_75/INPUTFILES/data_049150851.root 
/tmp/maxwoo/21EF1A6A9139C9FD2A38E59AFB466F9A_75/INPUTFILES/data_049150861.root 
/tmp/maxwoo/21EF1A6A9139C9FD2A38E59AFB466F9A_75/INPUTFILES/data_049150891.root 
/tmp/maxwoo/21EF1A6A9139C9FD2A38E59AFB466F9A_75/INPUTFILES/data_049150911.root 
/tmp/maxwoo/21EF1A6A9139C9FD2A38E59AFB466F9A_75/INPUTFILES/data_049151001.root 
/tmp/maxwoo/21EF1A6A9139C9FD2A38E59AFB466F9A_75/INPUTFILES/data_049151081.root 
/tmp/maxwoo/21EF1A6A9139C9FD2A38E59AFB466F9A_75/INPUTFILES/data_049169941.root 
/tmp/maxwoo/21EF1A6A9139C9FD2A38E59AFB466F9A_75/INPUTFILES/data_049173721.root 
/tmp/maxwoo/21EF1A6A9139C9FD2A38E59AFB466F9A_75/INPUTFILES/data_049177581.root 
/tmp/maxwoo/21EF1A6A9139C9FD2A38E59AFB466F9A_75/INPUTFILES/data_049194531.root 
/tmp/maxwoo/21EF1A6A9139C9FD2A38E59AFB466F9A_75/INPUTFILES/data_049194581.root 
/tmp/maxwoo/21EF1A6A9139C9FD2A38E59AFB466F9A_75/INPUTFILES/data_049194591.root 
/tmp/maxwoo/21EF1A6A9139C9FD2A38E59AFB466F9A_75/INPUTFILES/data_049194651.root 
/tmp/maxwoo/21EF1A6A9139C9FD2A38E59AFB466F9A_75/INPUTFILES/data_049194791.root 
/tmp/maxwoo/21EF1A6A9139C9FD2A38E59AFB466F9A_75/INPUTFILES/data_049194851.root 
/tmp/maxwoo/21EF1A6A9139C9FD2A38E59AFB466F9A_75/INPUTFILES/data_049194951.root 
/tmp/maxwoo/21EF1A6A9139C9FD2A38E59AFB466F9A_75/INPUTFILES/data_049195061.root 
/tmp/maxwoo/21EF1A6A9139C9FD2A38E59AFB466F9A_75/INPUTFILES/data_049195221.root 
/tmp/maxwoo/21EF1A6A9139C9FD2A38E59AFB466F9A_75/INPUTFILES/data_049265251.root 
/tmp/maxwoo/21EF1A6A9139C9FD2A38E59AFB466F9A_75/INPUTFILES/data_049465231.root 
/tmp/maxwoo/21EF1A6A9139C9FD2A38E59AFB466F9A_75/INPUTFILES/data_049465241.root 
/tmp/maxwoo/21EF1A6A9139C9FD2A38E59AFB466F9A_75/INPUTFILES/data_049565211.root 
/tmp/maxwoo/21EF1A6A9139C9FD2A38E59AFB466F9A_75/INPUTFILES/data_049565221.root 
/tmp/maxwoo/21EF1A6A9139C9FD2A38E59AFB466F9A_75/INPUTFILES/data_049765181.root 
/tmp/maxwoo/21EF1A6A9139C9FD2A38E59AFB466F9A_75/INPUTFILES/data_049865191.root 
Added 37 files
# entries in chain: 36880
Processing entry == 1000 == out of 36880.
Processing entry == 2000 == out of 36880.
Processing entry == 3000 == out of 36880.
Processing entry == 4000 == out of 36880.
Processing entry == 5000 == out of 36880.
Processing entry == 6000 == out of 36880.
Processing entry == 7000 == out of 36880.
Processing entry == 8000 == out of 36880.
Processing entry == 9000 == out of 36880.
Processing entry == 10000 == out of 36880.
Processing entry == 11000 == out of 36880.
Processing entry == 12000 == out of 36880.
Processing entry == 13000 == out of 36880.
Processing entry == 14000 == out of 36880.
Processing entry == 15000 == out of 36880.
Processing entry == 16000 == out of 36880.
Processing entry == 17000 == out of 36880.
Processing entry == 18000 == out of 36880.
Processing entry == 19000 == out of 36880.
Processing entry == 20000 == out of 36880.
Processing entry == 21000 == out of 36880.
Processing entry == 22000 == out of 36880.
Processing entry == 23000 == out of 36880.
Processing entry == 24000 == out of 36880.
Processing entry == 25000 == out of 36880.
Processing entry == 26000 == out of 36880.
Processing entry == 27000 == out of 36880.
Processing entry == 28000 == out of 36880.
Processing entry == 29000 == out of 36880.
Processing entry == 30000 == out of 36880.
Processing entry == 31000 == out of 36880.
Processing entry == 32000 == out of 36880.
Processing entry == 33000 == out of 36880.
Processing entry == 34000 == out of 36880.
Processing entry == 35000 == out of 36880.
Processing entry == 36000 == out of 36880.

This is the end of ROOT -- Goodbye

Cleaning up sandbox file:  /tmp/maxwoo/21EF1A6A9139C9FD2A38E59AFB466F9A_75/check_S.C
Cleaning up sandbox file:  /tmp/maxwoo/21EF1A6A9139C9FD2A38E59AFB466F9A_75/Check_Sness.C
Cleaning up sandbox file:  /tmp/maxwoo/21EF1A6A9139C9FD2A38E59AFB466F9A_75/lib
Cleaning up sandbox file:  /tmp/maxwoo/21EF1A6A9139C9FD2A38E59AFB466F9A_75/.sandboxFiles
Starting copy block
Running copy command:  /bin/cp -fp /tmp/maxwoo/21EF1A6A9139C9FD2A38E59AFB466F9A_75/out_21EF1A6A9139C9FD2A38E59AFB466F9A_75.root /star/data01/pwg/xiatong/git/strangeness/data/
113349 Execution of (/star/data01/pwg/xiatong/git/strangeness/script/sched21EF1A6A9139C9FD2A38E59AFB466F9A_75.csh ) has ended, exiting normally
113349 We END on [Thu Jun  2 12:05:30 EDT 2022]
