We are starting on node: rcas2010.rcf.bnl.gov
HOME is not defined
Using getent method
HOME is now /star/u/maxwoo
57990 We will spawn ourselves (/star/data01/pwg/xiatong/git/strangeness/script/sched21EF1A6A9139C9FD2A38E59AFB466F9A_2085.csh )
57990 We BEGIN on [Thu Jun  2 11:00:44 EDT 2022]
[1] 58371
57990 We are waiting for 58371 
57990 Grandchild PID is 58997 - found in 10 x 1 seconds
57990 Establishing first watcher   on    Thu Jun  2 11:00:54 EDT 2022
57990 Process tree is 57990 (main) -> 58371 (child) -> 58997 (grandchild)
F S   UID    PID   PPID  C PRI  NI ADDR SZ WCHAN  TTY        TIME CMD
0 D 100667 58997  58371  0  80   0 - 32311 cxiWai ?          0:00 cp /star/data01/pwg/xiatong/AMPT/14GeV/data_981272741.root /tmp/maxwoo/21EF1A6A9139C9FD2A38E59AFB466F9A_2085/INPUTFILES/data_981272741.root
57990 Grandchild PID is 60545 - found in 20 x 2 seconds
57990 Grandchild to watch has changed on Thu Jun  2 11:01:16 EDT 2022
57990 Process tree is 57990 (main) -> 58371 (child) -> 60545 (grandchild)
F S   UID    PID   PPID  C PRI  NI ADDR SZ WCHAN  TTY        TIME CMD
0 D 100667 60545  58371  0  80   0 - 32311 cxiWai ?          0:00 cp /star/data01/pwg/xiatong/AMPT/14GeV/data_981672681.root /tmp/maxwoo/21EF1A6A9139C9FD2A38E59AFB466F9A_2085/INPUTFILES/data_981672681.root
57990 Grandchild PID is 63457 - found in 30 x 2 seconds
57990 Grandchild to watch has changed on Thu Jun  2 11:01:37 EDT 2022
57990 Process tree is 57990 (main) -> 58371 (child) -> 63457 (grandchild)
F S   UID    PID   PPID  C PRI  NI ADDR SZ WCHAN  TTY        TIME CMD
0 D 100667 63457  58371  0  80   0 - 32311 cxiWai ?          0:00 cp /star/data01/pwg/xiatong/AMPT/14GeV/data_982072581.root /tmp/maxwoo/21EF1A6A9139C9FD2A38E59AFB466F9A_2085/INPUTFILES/data_982072581.root
57990 Grandchild PID is 65161 - found in 40 x 2 seconds
57990 Grandchild to watch has changed on Thu Jun  2 11:01:58 EDT 2022
57990 Process tree is 57990 (main) -> 58371 (child) -> 65161 (grandchild)
F S   UID    PID   PPID  C PRI  NI ADDR SZ WCHAN  TTY        TIME CMD
0 D 100667 65161  58371  0  80   0 - 32311 cxiWai ?          0:00 cp /star/data01/pwg/xiatong/AMPT/14GeV/data_982102041.root /tmp/maxwoo/21EF1A6A9139C9FD2A38E59AFB466F9A_2085/INPUTFILES/data_982102041.root
57990 Grandchild PID is 66979 - found in 50 x 2 seconds
57990 Grandchild to watch has changed on Thu Jun  2 11:02:18 EDT 2022
57990 Process tree is 57990 (main) -> 58371 (child) -> 66979 (grandchild)
F S   UID    PID   PPID  C PRI  NI ADDR SZ WCHAN  TTY        TIME CMD
0 D 100667 66979  58371  0  80   0 - 32311 cxiWai ?          0:00 cp /star/data01/pwg/xiatong/AMPT/14GeV/data_982106921.root /tmp/maxwoo/21EF1A6A9139C9FD2A38E59AFB466F9A_2085/INPUTFILES/data_982106921.root
57990 Grandchild PID is 69262 - found in 60 x 2 seconds
57990 Grandchild to watch has changed on Thu Jun  2 11:02:39 EDT 2022
57990 Process tree is 57990 (main) -> 58371 (child) -> 69262 (grandchild)
F S   UID    PID   PPID  C PRI  NI ADDR SZ WCHAN  TTY        TIME CMD
0 D 100667 69262  58371  0  80   0 - 32311 cxiWai ?          0:00 cp /star/data01/pwg/xiatong/AMPT/14GeV/data_982130321.root /tmp/maxwoo/21EF1A6A9139C9FD2A38E59AFB466F9A_2085/INPUTFILES/data_982130321.root
57990 Grandchild PID is 70797 - found in 70 x 2 seconds
57990 Grandchild to watch has changed on Thu Jun  2 11:03:00 EDT 2022
57990 Process tree is 57990 (main) -> 58371 (child) -> 70797 (grandchild)
F S   UID    PID   PPID  C PRI  NI ADDR SZ WCHAN  TTY        TIME CMD
0 D 100667 70797  58371  0  80   0 - 32311 cxiWai ?          0:00 cp /star/data01/pwg/xiatong/AMPT/14GeV/data_982174031.root /tmp/maxwoo/21EF1A6A9139C9FD2A38E59AFB466F9A_2085/INPUTFILES/data_982174031.root
57990 Grandchild PID is 71047 - found in 80 x 2 seconds
57990 Grandchild to watch has changed on Thu Jun  2 11:03:20 EDT 2022
57990 Process tree is 57990 (main) -> 58371 (child) -> 71047 (grandchild)
F S   UID    PID   PPID  C PRI  NI ADDR SZ WCHAN  TTY        TIME CMD
0 D 100667 71047  58371  0  80   0 - 32311 cxiWai ?          0:00 cp /star/data01/pwg/xiatong/AMPT/14GeV/data_982177861.root /tmp/maxwoo/21EF1A6A9139C9FD2A38E59AFB466F9A_2085/INPUTFILES/data_982177861.root
57990 Grandchild PID is 72598 - found in 90 x 2 seconds
57990 Grandchild to watch has changed on Thu Jun  2 11:03:41 EDT 2022
57990 Process tree is 57990 (main) -> 58371 (child) -> 72598 (grandchild)
F S   UID    PID   PPID  C PRI  NI ADDR SZ WCHAN  TTY        TIME CMD
0 D 100667 72598  58371  0  80   0 - 32311 cxiWai ?          0:00 cp /star/data01/pwg/xiatong/AMPT/14GeV/data_982272541.root /tmp/maxwoo/21EF1A6A9139C9FD2A38E59AFB466F9A_2085/INPUTFILES/data_982272541.root
57990 Grandchild PID is 75289 - found in 100 x 2 seconds
57990 Grandchild to watch has changed on Thu Jun  2 11:04:02 EDT 2022
57990 Process tree is 57990 (main) -> 58371 (child) -> 75289 (grandchild)
F S   UID    PID   PPID  C PRI  NI ADDR SZ WCHAN  TTY        TIME CMD
0 D 100667 75289  58371  0  80   0 - 32311 cxiWai ?          0:00 cp /star/data01/pwg/xiatong/AMPT/14GeV/data_982372481.root /tmp/maxwoo/21EF1A6A9139C9FD2A38E59AFB466F9A_2085/INPUTFILES/data_982372481.root
57990 Grandchild PID is 79916 - found in 120 x 2 seconds
57990 Grandchild to watch has changed on Thu Jun  2 11:04:43 EDT 2022
57990 Process tree is 57990 (main) -> 58371 (child) -> 79916 (grandchild)
F S   UID    PID   PPID  C PRI  NI ADDR SZ WCHAN  TTY        TIME CMD
0 S 100667 79916  58371  0  80   0 -  1272 do_wai ?          0:00 root -b -q check_S.C++("/tmp/maxwoo/21EF1A6A9139C9FD2A38E59AFB466F9A_2085/INPUTFILES/21EF1A6A9139C9FD2A38E59AFB466F9A_2085.local.list","21EF1A6A9139C9FD2A38E59AFB466F9A_2085",1)
58371 Stepping into the main SUMS wrapper program with []
.... building sandbox
Running: cp /star/data01/pwg/xiatong/AMPT/14GeV/data_981199371.root /tmp/maxwoo/21EF1A6A9139C9FD2A38E59AFB466F9A_2085/INPUTFILES/data_981199371.root
Running: cp /star/data01/pwg/xiatong/AMPT/14GeV/data_981272741.root /tmp/maxwoo/21EF1A6A9139C9FD2A38E59AFB466F9A_2085/INPUTFILES/data_981272741.root
Running: cp /star/data01/pwg/xiatong/AMPT/14GeV/data_981372711.root /tmp/maxwoo/21EF1A6A9139C9FD2A38E59AFB466F9A_2085/INPUTFILES/data_981372711.root
Running: cp /star/data01/pwg/xiatong/AMPT/14GeV/data_981372731.root /tmp/maxwoo/21EF1A6A9139C9FD2A38E59AFB466F9A_2085/INPUTFILES/data_981372731.root
Running: cp /star/data01/pwg/xiatong/AMPT/14GeV/data_981572671.root /tmp/maxwoo/21EF1A6A9139C9FD2A38E59AFB466F9A_2085/INPUTFILES/data_981572671.root
Running: cp /star/data01/pwg/xiatong/AMPT/14GeV/data_981572691.root /tmp/maxwoo/21EF1A6A9139C9FD2A38E59AFB466F9A_2085/INPUTFILES/data_981572691.root
Running: cp /star/data01/pwg/xiatong/AMPT/14GeV/data_981672661.root /tmp/maxwoo/21EF1A6A9139C9FD2A38E59AFB466F9A_2085/INPUTFILES/data_981672661.root
Running: cp /star/data01/pwg/xiatong/AMPT/14GeV/data_981672681.root /tmp/maxwoo/21EF1A6A9139C9FD2A38E59AFB466F9A_2085/INPUTFILES/data_981672681.root
Running: cp /star/data01/pwg/xiatong/AMPT/14GeV/data_981772641.root /tmp/maxwoo/21EF1A6A9139C9FD2A38E59AFB466F9A_2085/INPUTFILES/data_981772641.root
Running: cp /star/data01/pwg/xiatong/AMPT/14GeV/data_981772651.root /tmp/maxwoo/21EF1A6A9139C9FD2A38E59AFB466F9A_2085/INPUTFILES/data_981772651.root
Running: cp /star/data01/pwg/xiatong/AMPT/14GeV/data_981872611.root /tmp/maxwoo/21EF1A6A9139C9FD2A38E59AFB466F9A_2085/INPUTFILES/data_981872611.root
Running: cp /star/data01/pwg/xiatong/AMPT/14GeV/data_981872621.root /tmp/maxwoo/21EF1A6A9139C9FD2A38E59AFB466F9A_2085/INPUTFILES/data_981872621.root
Running: cp /star/data01/pwg/xiatong/AMPT/14GeV/data_981872631.root /tmp/maxwoo/21EF1A6A9139C9FD2A38E59AFB466F9A_2085/INPUTFILES/data_981872631.root
Running: cp /star/data01/pwg/xiatong/AMPT/14GeV/data_981972591.root /tmp/maxwoo/21EF1A6A9139C9FD2A38E59AFB466F9A_2085/INPUTFILES/data_981972591.root
Running: cp /star/data01/pwg/xiatong/AMPT/14GeV/data_982072571.root /tmp/maxwoo/21EF1A6A9139C9FD2A38E59AFB466F9A_2085/INPUTFILES/data_982072571.root
Running: cp /star/data01/pwg/xiatong/AMPT/14GeV/data_982072581.root /tmp/maxwoo/21EF1A6A9139C9FD2A38E59AFB466F9A_2085/INPUTFILES/data_982072581.root
Running: cp /star/data01/pwg/xiatong/AMPT/14GeV/data_982072601.root /tmp/maxwoo/21EF1A6A9139C9FD2A38E59AFB466F9A_2085/INPUTFILES/data_982072601.root
Running: cp /star/data01/pwg/xiatong/AMPT/14GeV/data_982101781.root /tmp/maxwoo/21EF1A6A9139C9FD2A38E59AFB466F9A_2085/INPUTFILES/data_982101781.root
Running: cp /star/data01/pwg/xiatong/AMPT/14GeV/data_982102041.root /tmp/maxwoo/21EF1A6A9139C9FD2A38E59AFB466F9A_2085/INPUTFILES/data_982102041.root
Running: cp /star/data01/pwg/xiatong/AMPT/14GeV/data_982104751.root /tmp/maxwoo/21EF1A6A9139C9FD2A38E59AFB466F9A_2085/INPUTFILES/data_982104751.root
Running: cp /star/data01/pwg/xiatong/AMPT/14GeV/data_982105271.root /tmp/maxwoo/21EF1A6A9139C9FD2A38E59AFB466F9A_2085/INPUTFILES/data_982105271.root
Running: cp /star/data01/pwg/xiatong/AMPT/14GeV/data_982106921.root /tmp/maxwoo/21EF1A6A9139C9FD2A38E59AFB466F9A_2085/INPUTFILES/data_982106921.root
Running: cp /star/data01/pwg/xiatong/AMPT/14GeV/data_982122451.root /tmp/maxwoo/21EF1A6A9139C9FD2A38E59AFB466F9A_2085/INPUTFILES/data_982122451.root
Running: cp /star/data01/pwg/xiatong/AMPT/14GeV/data_982123031.root /tmp/maxwoo/21EF1A6A9139C9FD2A38E59AFB466F9A_2085/INPUTFILES/data_982123031.root
Running: cp /star/data01/pwg/xiatong/AMPT/14GeV/data_982130321.root /tmp/maxwoo/21EF1A6A9139C9FD2A38E59AFB466F9A_2085/INPUTFILES/data_982130321.root
Running: cp /star/data01/pwg/xiatong/AMPT/14GeV/data_982130331.root /tmp/maxwoo/21EF1A6A9139C9FD2A38E59AFB466F9A_2085/INPUTFILES/data_982130331.root
Running: cp /star/data01/pwg/xiatong/AMPT/14GeV/data_982152991.root /tmp/maxwoo/21EF1A6A9139C9FD2A38E59AFB466F9A_2085/INPUTFILES/data_982152991.root
Running: cp /star/data01/pwg/xiatong/AMPT/14GeV/data_982170201.root /tmp/maxwoo/21EF1A6A9139C9FD2A38E59AFB466F9A_2085/INPUTFILES/data_982170201.root
Running: cp /star/data01/pwg/xiatong/AMPT/14GeV/data_982174031.root /tmp/maxwoo/21EF1A6A9139C9FD2A38E59AFB466F9A_2085/INPUTFILES/data_982174031.root
Running: cp /star/data01/pwg/xiatong/AMPT/14GeV/data_982177851.root /tmp/maxwoo/21EF1A6A9139C9FD2A38E59AFB466F9A_2085/INPUTFILES/data_982177851.root
Running: cp /star/data01/pwg/xiatong/AMPT/14GeV/data_982177861.root /tmp/maxwoo/21EF1A6A9139C9FD2A38E59AFB466F9A_2085/INPUTFILES/data_982177861.root
Running: cp /star/data01/pwg/xiatong/AMPT/14GeV/data_982177871.root /tmp/maxwoo/21EF1A6A9139C9FD2A38E59AFB466F9A_2085/INPUTFILES/data_982177871.root
Running: cp /star/data01/pwg/xiatong/AMPT/14GeV/data_982272511.root /tmp/maxwoo/21EF1A6A9139C9FD2A38E59AFB466F9A_2085/INPUTFILES/data_982272511.root
Running: cp /star/data01/pwg/xiatong/AMPT/14GeV/data_982272541.root /tmp/maxwoo/21EF1A6A9139C9FD2A38E59AFB466F9A_2085/INPUTFILES/data_982272541.root
Running: cp /star/data01/pwg/xiatong/AMPT/14GeV/data_982272551.root /tmp/maxwoo/21EF1A6A9139C9FD2A38E59AFB466F9A_2085/INPUTFILES/data_982272551.root
Running: cp /star/data01/pwg/xiatong/AMPT/14GeV/data_982272561.root /tmp/maxwoo/21EF1A6A9139C9FD2A38E59AFB466F9A_2085/INPUTFILES/data_982272561.root
Running: cp /star/data01/pwg/xiatong/AMPT/14GeV/data_982372481.root /tmp/maxwoo/21EF1A6A9139C9FD2A38E59AFB466F9A_2085/INPUTFILES/data_982372481.root
Swapping $FILELIST with: /tmp/maxwoo/21EF1A6A9139C9FD2A38E59AFB466F9A_2085/INPUTFILES/21EF1A6A9139C9FD2A38E59AFB466F9A_2085.local.list
+++++++++++local copy debug++++++++++++++++++++
newFileList: /tmp/maxwoo/21EF1A6A9139C9FD2A38E59AFB466F9A_2085/INPUTFILES/21EF1A6A9139C9FD2A38E59AFB466F9A_2085.local.list
++++++++++++++++cat FILELIST+++++++++++++++++++
/tmp/maxwoo/21EF1A6A9139C9FD2A38E59AFB466F9A_2085/INPUTFILES/data_981199371.root 
/tmp/maxwoo/21EF1A6A9139C9FD2A38E59AFB466F9A_2085/INPUTFILES/data_981272741.root 
/tmp/maxwoo/21EF1A6A9139C9FD2A38E59AFB466F9A_2085/INPUTFILES/data_981372711.root 
/tmp/maxwoo/21EF1A6A9139C9FD2A38E59AFB466F9A_2085/INPUTFILES/data_981372731.root 
/tmp/maxwoo/21EF1A6A9139C9FD2A38E59AFB466F9A_2085/INPUTFILES/data_981572671.root 
/tmp/maxwoo/21EF1A6A9139C9FD2A38E59AFB466F9A_2085/INPUTFILES/data_981572691.root 
/tmp/maxwoo/21EF1A6A9139C9FD2A38E59AFB466F9A_2085/INPUTFILES/data_981672661.root 
/tmp/maxwoo/21EF1A6A9139C9FD2A38E59AFB466F9A_2085/INPUTFILES/data_981672681.root 
/tmp/maxwoo/21EF1A6A9139C9FD2A38E59AFB466F9A_2085/INPUTFILES/data_981772641.root 
/tmp/maxwoo/21EF1A6A9139C9FD2A38E59AFB466F9A_2085/INPUTFILES/data_981772651.root 
/tmp/maxwoo/21EF1A6A9139C9FD2A38E59AFB466F9A_2085/INPUTFILES/data_981872611.root 
/tmp/maxwoo/21EF1A6A9139C9FD2A38E59AFB466F9A_2085/INPUTFILES/data_981872621.root 
/tmp/maxwoo/21EF1A6A9139C9FD2A38E59AFB466F9A_2085/INPUTFILES/data_981872631.root 
/tmp/maxwoo/21EF1A6A9139C9FD2A38E59AFB466F9A_2085/INPUTFILES/data_981972591.root 
/tmp/maxwoo/21EF1A6A9139C9FD2A38E59AFB466F9A_2085/INPUTFILES/data_982072571.root 
/tmp/maxwoo/21EF1A6A9139C9FD2A38E59AFB466F9A_2085/INPUTFILES/data_982072581.root 
/tmp/maxwoo/21EF1A6A9139C9FD2A38E59AFB466F9A_2085/INPUTFILES/data_982072601.root 
/tmp/maxwoo/21EF1A6A9139C9FD2A38E59AFB466F9A_2085/INPUTFILES/data_982101781.root 
/tmp/maxwoo/21EF1A6A9139C9FD2A38E59AFB466F9A_2085/INPUTFILES/data_982102041.root 
/tmp/maxwoo/21EF1A6A9139C9FD2A38E59AFB466F9A_2085/INPUTFILES/data_982104751.root 
/tmp/maxwoo/21EF1A6A9139C9FD2A38E59AFB466F9A_2085/INPUTFILES/data_982105271.root 
/tmp/maxwoo/21EF1A6A9139C9FD2A38E59AFB466F9A_2085/INPUTFILES/data_982106921.root 
/tmp/maxwoo/21EF1A6A9139C9FD2A38E59AFB466F9A_2085/INPUTFILES/data_982122451.root 
/tmp/maxwoo/21EF1A6A9139C9FD2A38E59AFB466F9A_2085/INPUTFILES/data_982123031.root 
/tmp/maxwoo/21EF1A6A9139C9FD2A38E59AFB466F9A_2085/INPUTFILES/data_982130321.root 
/tmp/maxwoo/21EF1A6A9139C9FD2A38E59AFB466F9A_2085/INPUTFILES/data_982130331.root 
/tmp/maxwoo/21EF1A6A9139C9FD2A38E59AFB466F9A_2085/INPUTFILES/data_982152991.root 
/tmp/maxwoo/21EF1A6A9139C9FD2A38E59AFB466F9A_2085/INPUTFILES/data_982170201.root 
/tmp/maxwoo/21EF1A6A9139C9FD2A38E59AFB466F9A_2085/INPUTFILES/data_982174031.root 
/tmp/maxwoo/21EF1A6A9139C9FD2A38E59AFB466F9A_2085/INPUTFILES/data_982177851.root 
/tmp/maxwoo/21EF1A6A9139C9FD2A38E59AFB466F9A_2085/INPUTFILES/data_982177861.root 
/tmp/maxwoo/21EF1A6A9139C9FD2A38E59AFB466F9A_2085/INPUTFILES/data_982177871.root 
/tmp/maxwoo/21EF1A6A9139C9FD2A38E59AFB466F9A_2085/INPUTFILES/data_982272511.root 
/tmp/maxwoo/21EF1A6A9139C9FD2A38E59AFB466F9A_2085/INPUTFILES/data_982272541.root 
/tmp/maxwoo/21EF1A6A9139C9FD2A38E59AFB466F9A_2085/INPUTFILES/data_982272551.root 
/tmp/maxwoo/21EF1A6A9139C9FD2A38E59AFB466F9A_2085/INPUTFILES/data_982272561.root 
/tmp/maxwoo/21EF1A6A9139C9FD2A38E59AFB466F9A_2085/INPUTFILES/data_982372481.root 
++++++++++++++++++++find.++++++++++++++++++++++
.
./INPUTFILES
./INPUTFILES/data_981772651.root
./INPUTFILES/21EF1A6A9139C9FD2A38E59AFB466F9A_2085.local.list
./INPUTFILES/data_982101781.root
./INPUTFILES/data_982072581.root
./INPUTFILES/data_982106921.root
./INPUTFILES/data_982122451.root
./INPUTFILES/data_982072601.root
./INPUTFILES/data_981199371.root
./INPUTFILES/data_982130331.root
./INPUTFILES/data_982177861.root
./INPUTFILES/data_982102041.root
./INPUTFILES/data_981672681.root
./INPUTFILES/data_982152991.root
./INPUTFILES/data_982177851.root
./INPUTFILES/data_982372481.root
./INPUTFILES/data_981572671.root
./INPUTFILES/data_982272551.root
./INPUTFILES/data_982272561.root
./INPUTFILES/data_982105271.root
./INPUTFILES/data_982123031.root
./INPUTFILES/data_981772641.root
./INPUTFILES/data_981572691.root
./INPUTFILES/data_982174031.root
./INPUTFILES/data_982272541.root
./INPUTFILES/data_982272511.root
./INPUTFILES/data_981372711.root
./INPUTFILES/data_981872611.root
./INPUTFILES/data_982104751.root
./INPUTFILES/data_981372731.root
./INPUTFILES/data_981272741.root
./INPUTFILES/data_982170201.root
./INPUTFILES/data_981872621.root
./INPUTFILES/data_981672661.root
./INPUTFILES/data_981972591.root
./INPUTFILES/data_982130321.root
./INPUTFILES/data_982072571.root
./INPUTFILES/data_981872631.root
./INPUTFILES/data_982177871.root
./lib
./lib/CenMaker_cpp.d
./lib/my_event_cpp_ACLiC_dict_rdict.pcm
./lib/my_particle.h
./lib/my_event.cpp
./lib/my_particle_cpp.so
./lib/my_event_cpp.so
./lib/MixedBuffer.cpp
./lib/MixedBuffer_cpp.so
./lib/my_event.h
./lib/CenMaker.cpp
./lib/MixedBuffer_cpp.d
./lib/MixedBuffer.h
./lib/NpartNormalizer.h
./lib/CenMaker_cpp.so
./lib/NpartNormalizer_cpp.so
./lib/NpartNormalizer.cpp
./lib/CenMaker.h
./lib/MixedBuffer_cpp_ACLiC_dict_rdict.pcm
./lib/NpartNormalizer_cpp.d
./lib/my_particle.cpp
./lib/my_event_cpp.d
./lib/my_particle_cpp.d
./lib/my_particle_cpp_ACLiC_dict_rdict.pcm
./lib/CenMaker_cpp_ACLiC_dict_rdict.pcm
./lib/NpartNormalizer_cpp_ACLiC_dict_rdict.pcm
./check_S.C
./.errror.log
./.output.log
./.sandboxFiles
./Check_Sness.C
++++++++++++++++INPUTFILE Var++++++++++++++++++
FILELIST=/tmp/maxwoo/21EF1A6A9139C9FD2A38E59AFB466F9A_2085/INPUTFILES/21EF1A6A9139C9FD2A38E59AFB466F9A_2085.local.list
INPUTFILECOUNT=37
INPUTFILE0=/tmp/maxwoo/21EF1A6A9139C9FD2A38E59AFB466F9A_2085/INPUTFILES/data_981199371.root
INPUTFILE1=/tmp/maxwoo/21EF1A6A9139C9FD2A38E59AFB466F9A_2085/INPUTFILES/data_981272741.root
INPUTFILE2=/tmp/maxwoo/21EF1A6A9139C9FD2A38E59AFB466F9A_2085/INPUTFILES/data_981372711.root
INPUTFILE3=/tmp/maxwoo/21EF1A6A9139C9FD2A38E59AFB466F9A_2085/INPUTFILES/data_981372731.root
INPUTFILE4=/tmp/maxwoo/21EF1A6A9139C9FD2A38E59AFB466F9A_2085/INPUTFILES/data_981572671.root
INPUTFILE5=/tmp/maxwoo/21EF1A6A9139C9FD2A38E59AFB466F9A_2085/INPUTFILES/data_981572691.root
INPUTFILE6=/tmp/maxwoo/21EF1A6A9139C9FD2A38E59AFB466F9A_2085/INPUTFILES/data_981672661.root
INPUTFILE7=/tmp/maxwoo/21EF1A6A9139C9FD2A38E59AFB466F9A_2085/INPUTFILES/data_981672681.root
INPUTFILE8=/tmp/maxwoo/21EF1A6A9139C9FD2A38E59AFB466F9A_2085/INPUTFILES/data_981772641.root
INPUTFILE9=/tmp/maxwoo/21EF1A6A9139C9FD2A38E59AFB466F9A_2085/INPUTFILES/data_981772651.root
INPUTFILE10=/tmp/maxwoo/21EF1A6A9139C9FD2A38E59AFB466F9A_2085/INPUTFILES/data_981872611.root
INPUTFILE11=/tmp/maxwoo/21EF1A6A9139C9FD2A38E59AFB466F9A_2085/INPUTFILES/data_981872621.root
INPUTFILE12=/tmp/maxwoo/21EF1A6A9139C9FD2A38E59AFB466F9A_2085/INPUTFILES/data_981872631.root
INPUTFILE13=/tmp/maxwoo/21EF1A6A9139C9FD2A38E59AFB466F9A_2085/INPUTFILES/data_981972591.root
INPUTFILE14=/tmp/maxwoo/21EF1A6A9139C9FD2A38E59AFB466F9A_2085/INPUTFILES/data_982072571.root
INPUTFILE15=/tmp/maxwoo/21EF1A6A9139C9FD2A38E59AFB466F9A_2085/INPUTFILES/data_982072581.root
INPUTFILE16=/tmp/maxwoo/21EF1A6A9139C9FD2A38E59AFB466F9A_2085/INPUTFILES/data_982072601.root
INPUTFILE17=/tmp/maxwoo/21EF1A6A9139C9FD2A38E59AFB466F9A_2085/INPUTFILES/data_982101781.root
INPUTFILE18=/tmp/maxwoo/21EF1A6A9139C9FD2A38E59AFB466F9A_2085/INPUTFILES/data_982102041.root
INPUTFILE19=/tmp/maxwoo/21EF1A6A9139C9FD2A38E59AFB466F9A_2085/INPUTFILES/data_982104751.root
INPUTFILE20=/tmp/maxwoo/21EF1A6A9139C9FD2A38E59AFB466F9A_2085/INPUTFILES/data_982105271.root
INPUTFILE21=/tmp/maxwoo/21EF1A6A9139C9FD2A38E59AFB466F9A_2085/INPUTFILES/data_982106921.root
INPUTFILE22=/tmp/maxwoo/21EF1A6A9139C9FD2A38E59AFB466F9A_2085/INPUTFILES/data_982122451.root
INPUTFILE23=/tmp/maxwoo/21EF1A6A9139C9FD2A38E59AFB466F9A_2085/INPUTFILES/data_982123031.root
INPUTFILE24=/tmp/maxwoo/21EF1A6A9139C9FD2A38E59AFB466F9A_2085/INPUTFILES/data_982130321.root
INPUTFILE25=/tmp/maxwoo/21EF1A6A9139C9FD2A38E59AFB466F9A_2085/INPUTFILES/data_982130331.root
INPUTFILE26=/tmp/maxwoo/21EF1A6A9139C9FD2A38E59AFB466F9A_2085/INPUTFILES/data_982152991.root
INPUTFILE27=/tmp/maxwoo/21EF1A6A9139C9FD2A38E59AFB466F9A_2085/INPUTFILES/data_982170201.root
INPUTFILE28=/tmp/maxwoo/21EF1A6A9139C9FD2A38E59AFB466F9A_2085/INPUTFILES/data_982174031.root
INPUTFILE29=/tmp/maxwoo/21EF1A6A9139C9FD2A38E59AFB466F9A_2085/INPUTFILES/data_982177851.root
INPUTFILE30=/tmp/maxwoo/21EF1A6A9139C9FD2A38E59AFB466F9A_2085/INPUTFILES/data_982177861.root
INPUTFILE31=/tmp/maxwoo/21EF1A6A9139C9FD2A38E59AFB466F9A_2085/INPUTFILES/data_982177871.root
INPUTFILE32=/tmp/maxwoo/21EF1A6A9139C9FD2A38E59AFB466F9A_2085/INPUTFILES/data_982272511.root
INPUTFILE33=/tmp/maxwoo/21EF1A6A9139C9FD2A38E59AFB466F9A_2085/INPUTFILES/data_982272541.root
INPUTFILE34=/tmp/maxwoo/21EF1A6A9139C9FD2A38E59AFB466F9A_2085/INPUTFILES/data_982272551.root
INPUTFILE35=/tmp/maxwoo/21EF1A6A9139C9FD2A38E59AFB466F9A_2085/INPUTFILES/data_982272561.root
INPUTFILE36=/tmp/maxwoo/21EF1A6A9139C9FD2A38E59AFB466F9A_2085/INPUTFILES/data_982372481.root
LocalInputFileDir=/tmp/maxwoo/21EF1A6A9139C9FD2A38E59AFB466F9A_2085/INPUTFILES
NewFILELIST=/tmp/maxwoo/21EF1A6A9139C9FD2A38E59AFB466F9A_2085/INPUTFILES/21EF1A6A9139C9FD2A38E59AFB466F9A_2085.local.list
+++++++++++++++++++++++++++++++++++++++++++++++
--------------------------------
Simple Unified Meta Scheduler 1.10.50 we are starting in $SCRATCH : /home/tmp/maxwoo/21EF1A6A9139C9FD2A38E59AFB466F9A_2085
--------------------------------
total 16
lrwxrwxrwx 1 maxwoo rhstar   61 Jun  2 11:00 check_S.C -> /gpfs/mnt/gpfs01/star/pwg/xiatong/git/strangeness/./check_S.C
lrwxrwxrwx 1 maxwoo rhstar   65 Jun  2 11:00 Check_Sness.C -> /gpfs/mnt/gpfs01/star/pwg/xiatong/git/strangeness/./Check_Sness.C
drwxr-xr-x 2 maxwoo rhstar 4096 Jun  2 11:03 INPUTFILES
drwxr-xr-x 2 maxwoo rhstar 4096 Jun  2 11:00 lib
  *******************************************
  *                                         *
  *        W E L C O M E  to  R O O T       *
  *                                         *
  *   Version   5.34/38     12 March 2018   *
  *                                         *
  *  You are welcome to visit our Web site  *
  *          http://root.cern.ch            *
  *                                         *
  *******************************************

ROOT 5.34/38 (v5-34-38@v5-34-38, Mar 12 2018, 15:49:39 on linux)

CINT/ROOT C/C++ Interpreter version 5.18.00, July 2, 2010
Type ? for help. Commands must be C++ statements.
Enclose multiple statements between { }.
*** Float Point Exception is OFF ***
 *** Start at Date : Thu Jun  2 11:04:40 2022
QAInfo:You are using STAR_LEVEL : dev, ROOT_LEVEL : 5.34.38 and node : rcas2010.rcf.bnl.gov 

Processing check_S.C++("/tmp/maxwoo/21EF1A6A9139C9FD2A38E59AFB466F9A_2085/INPUTFILES/21EF1A6A9139C9FD2A38E59AFB466F9A_2085.local.list","21EF1A6A9139C9FD2A38E59AFB466F9A_2085",1)...
/tmp/maxwoo/21EF1A6A9139C9FD2A38E59AFB466F9A_2085/INPUTFILES/data_981199371.root 
/tmp/maxwoo/21EF1A6A9139C9FD2A38E59AFB466F9A_2085/INPUTFILES/data_981272741.root 
/tmp/maxwoo/21EF1A6A9139C9FD2A38E59AFB466F9A_2085/INPUTFILES/data_981372711.root 
/tmp/maxwoo/21EF1A6A9139C9FD2A38E59AFB466F9A_2085/INPUTFILES/data_981372731.root 
/tmp/maxwoo/21EF1A6A9139C9FD2A38E59AFB466F9A_2085/INPUTFILES/data_981572671.root 
/tmp/maxwoo/21EF1A6A9139C9FD2A38E59AFB466F9A_2085/INPUTFILES/data_981572691.root 
/tmp/maxwoo/21EF1A6A9139C9FD2A38E59AFB466F9A_2085/INPUTFILES/data_981672661.root 
/tmp/maxwoo/21EF1A6A9139C9FD2A38E59AFB466F9A_2085/INPUTFILES/data_981672681.root 
/tmp/maxwoo/21EF1A6A9139C9FD2A38E59AFB466F9A_2085/INPUTFILES/data_981772641.root 
/tmp/maxwoo/21EF1A6A9139C9FD2A38E59AFB466F9A_2085/INPUTFILES/data_981772651.root 
/tmp/maxwoo/21EF1A6A9139C9FD2A38E59AFB466F9A_2085/INPUTFILES/data_981872611.root 
/tmp/maxwoo/21EF1A6A9139C9FD2A38E59AFB466F9A_2085/INPUTFILES/data_981872621.root 
/tmp/maxwoo/21EF1A6A9139C9FD2A38E59AFB466F9A_2085/INPUTFILES/data_981872631.root 
/tmp/maxwoo/21EF1A6A9139C9FD2A38E59AFB466F9A_2085/INPUTFILES/data_981972591.root 
/tmp/maxwoo/21EF1A6A9139C9FD2A38E59AFB466F9A_2085/INPUTFILES/data_982072571.root 
/tmp/maxwoo/21EF1A6A9139C9FD2A38E59AFB466F9A_2085/INPUTFILES/data_982072581.root 
/tmp/maxwoo/21EF1A6A9139C9FD2A38E59AFB466F9A_2085/INPUTFILES/data_982072601.root 
/tmp/maxwoo/21EF1A6A9139C9FD2A38E59AFB466F9A_2085/INPUTFILES/data_982101781.root 
/tmp/maxwoo/21EF1A6A9139C9FD2A38E59AFB466F9A_2085/INPUTFILES/data_982102041.root 
/tmp/maxwoo/21EF1A6A9139C9FD2A38E59AFB466F9A_2085/INPUTFILES/data_982104751.root 
/tmp/maxwoo/21EF1A6A9139C9FD2A38E59AFB466F9A_2085/INPUTFILES/data_982105271.root 
/tmp/maxwoo/21EF1A6A9139C9FD2A38E59AFB466F9A_2085/INPUTFILES/data_982106921.root 
/tmp/maxwoo/21EF1A6A9139C9FD2A38E59AFB466F9A_2085/INPUTFILES/data_982122451.root 
/tmp/maxwoo/21EF1A6A9139C9FD2A38E59AFB466F9A_2085/INPUTFILES/data_982123031.root 
/tmp/maxwoo/21EF1A6A9139C9FD2A38E59AFB466F9A_2085/INPUTFILES/data_982130321.root 
/tmp/maxwoo/21EF1A6A9139C9FD2A38E59AFB466F9A_2085/INPUTFILES/data_982130331.root 
/tmp/maxwoo/21EF1A6A9139C9FD2A38E59AFB466F9A_2085/INPUTFILES/data_982152991.root 
/tmp/maxwoo/21EF1A6A9139C9FD2A38E59AFB466F9A_2085/INPUTFILES/data_982170201.root 
/tmp/maxwoo/21EF1A6A9139C9FD2A38E59AFB466F9A_2085/INPUTFILES/data_982174031.root 
/tmp/maxwoo/21EF1A6A9139C9FD2A38E59AFB466F9A_2085/INPUTFILES/data_982177851.root 
/tmp/maxwoo/21EF1A6A9139C9FD2A38E59AFB466F9A_2085/INPUTFILES/data_982177861.root 
/tmp/maxwoo/21EF1A6A9139C9FD2A38E59AFB466F9A_2085/INPUTFILES/data_982177871.root 
/tmp/maxwoo/21EF1A6A9139C9FD2A38E59AFB466F9A_2085/INPUTFILES/data_982272511.root 
/tmp/maxwoo/21EF1A6A9139C9FD2A38E59AFB466F9A_2085/INPUTFILES/data_982272541.root 
/tmp/maxwoo/21EF1A6A9139C9FD2A38E59AFB466F9A_2085/INPUTFILES/data_982272551.root 
/tmp/maxwoo/21EF1A6A9139C9FD2A38E59AFB466F9A_2085/INPUTFILES/data_982272561.root 
/tmp/maxwoo/21EF1A6A9139C9FD2A38E59AFB466F9A_2085/INPUTFILES/data_982372481.root 
Added 37 files
# entries in chain: 36855
Processing entry == 1000 == out of 36855.
Processing entry == 2000 == out of 36855.
Processing entry == 3000 == out of 36855.
Processing entry == 4000 == out of 36855.
Processing entry == 5000 == out of 36855.
Processing entry == 6000 == out of 36855.
Processing entry == 7000 == out of 36855.
Processing entry == 8000 == out of 36855.
Processing entry == 9000 == out of 36855.
Processing entry == 10000 == out of 36855.
Processing entry == 11000 == out of 36855.
Processing entry == 12000 == out of 36855.
Processing entry == 13000 == out of 36855.
Processing entry == 14000 == out of 36855.
Processing entry == 15000 == out of 36855.
Processing entry == 16000 == out of 36855.
Processing entry == 17000 == out of 36855.
Processing entry == 18000 == out of 36855.
Processing entry == 19000 == out of 36855.
Processing entry == 20000 == out of 36855.
Processing entry == 21000 == out of 36855.
Processing entry == 22000 == out of 36855.
Processing entry == 23000 == out of 36855.
Processing entry == 24000 == out of 36855.
Processing entry == 25000 == out of 36855.
Processing entry == 26000 == out of 36855.
Processing entry == 27000 == out of 36855.
Processing entry == 28000 == out of 36855.
Processing entry == 29000 == out of 36855.
Processing entry == 30000 == out of 36855.
Processing entry == 31000 == out of 36855.
Processing entry == 32000 == out of 36855.
Processing entry == 33000 == out of 36855.
Processing entry == 34000 == out of 36855.
Processing entry == 35000 == out of 36855.
Processing entry == 36000 == out of 36855.

This is the end of ROOT -- Goodbye

Cleaning up sandbox file:  /tmp/maxwoo/21EF1A6A9139C9FD2A38E59AFB466F9A_2085/check_S.C
Cleaning up sandbox file:  /tmp/maxwoo/21EF1A6A9139C9FD2A38E59AFB466F9A_2085/Check_Sness.C
Cleaning up sandbox file:  /tmp/maxwoo/21EF1A6A9139C9FD2A38E59AFB466F9A_2085/lib
Cleaning up sandbox file:  /tmp/maxwoo/21EF1A6A9139C9FD2A38E59AFB466F9A_2085/.sandboxFiles
Starting copy block
Running copy command:  /bin/cp -fp /tmp/maxwoo/21EF1A6A9139C9FD2A38E59AFB466F9A_2085/out_21EF1A6A9139C9FD2A38E59AFB466F9A_2085.root /star/data01/pwg/xiatong/git/strangeness/data/
57990 Execution of (/star/data01/pwg/xiatong/git/strangeness/script/sched21EF1A6A9139C9FD2A38E59AFB466F9A_2085.csh ) has ended, exiting normally
57990 We END on [Thu Jun  2 11:21:40 EDT 2022]
