We are starting on node: rcas2008.rcf.bnl.gov
HOME is not defined
Using getent method
HOME is now /star/u/maxwoo
97863 We will spawn ourselves (/star/data01/pwg/xiatong/git/strangeness/script/sched21EF1A6A9139C9FD2A38E59AFB466F9A_2613.csh )
97863 We BEGIN on [Thu Jun  2 10:58:02 EDT 2022]
[1] 98052
97863 We are waiting for 98052 
97863 Grandchild PID is 98521 - found in 10 x 1 seconds
97863 Establishing first watcher   on    Thu Jun  2 10:58:13 EDT 2022
97863 Process tree is 97863 (main) -> 98052 (child) -> 98521 (grandchild)
F S   UID    PID   PPID  C PRI  NI ADDR SZ WCHAN  TTY        TIME CMD
0 D 100667 98521  98052  0  80   0 - 32311 cxiWai ?          0:00 cp /star/data01/pwg/xiatong/AMPT/14GeV/data_1565172631.root /tmp/maxwoo/21EF1A6A9139C9FD2A38E59AFB466F9A_2613/INPUTFILES/data_1565172631.root
97863 Grandchild PID is 99456 - found in 20 x 2 seconds
97863 Grandchild to watch has changed on Thu Jun  2 10:58:34 EDT 2022
97863 Process tree is 97863 (main) -> 98052 (child) -> 99456 (grandchild)
F S   UID    PID   PPID  C PRI  NI ADDR SZ WCHAN  TTY        TIME CMD
0 D 100667 99456  98052  0  80   0 - 32311 cxiWai ?          0:00 cp /star/data01/pwg/xiatong/AMPT/14GeV/data_1565173601.root /tmp/maxwoo/21EF1A6A9139C9FD2A38E59AFB466F9A_2613/INPUTFILES/data_1565173601.root
97863 Grandchild PID is 101510 - found in 30 x 2 seconds
97863 Grandchild to watch has changed on Thu Jun  2 10:58:55 EDT 2022
97863 Process tree is 97863 (main) -> 98052 (child) -> 101510 (grandchild)
F S   UID    PID   PPID  C PRI  NI ADDR SZ WCHAN  TTY        TIME CMD
0 D 100667 101510 98052  0  80   0 - 32311 cxiWai ?          0:00 cp /star/data01/pwg/xiatong/AMPT/14GeV/data_1565174791.root /tmp/maxwoo/21EF1A6A9139C9FD2A38E59AFB466F9A_2613/INPUTFILES/data_1565174791.root
97863 Grandchild PID is 102271 - found in 40 x 2 seconds
97863 Grandchild to watch has changed on Thu Jun  2 10:59:16 EDT 2022
97863 Process tree is 97863 (main) -> 98052 (child) -> 102271 (grandchild)
F S   UID    PID   PPID  C PRI  NI ADDR SZ WCHAN  TTY        TIME CMD
0 D 100667 102271 98052  0  80   0 - 32311 cxiWai ?          0:00 cp /star/data01/pwg/xiatong/AMPT/14GeV/data_1565175311.root /tmp/maxwoo/21EF1A6A9139C9FD2A38E59AFB466F9A_2613/INPUTFILES/data_1565175311.root
97863 Grandchild PID is 104989 - found in 60 x 2 seconds
97863 Grandchild to watch has changed on Thu Jun  2 10:59:57 EDT 2022
97863 Process tree is 97863 (main) -> 98052 (child) -> 104989 (grandchild)
F S   UID    PID   PPID  C PRI  NI ADDR SZ WCHAN  TTY        TIME CMD
0 D 100667 104989 98052  0  80   0 - 32311 cxiWai ?          0:00 cp /star/data01/pwg/xiatong/AMPT/14GeV/data_1565175591.root /tmp/maxwoo/21EF1A6A9139C9FD2A38E59AFB466F9A_2613/INPUTFILES/data_1565175591.root
97863 Grandchild PID is 106048 - found in 70 x 2 seconds
97863 Grandchild to watch has changed on Thu Jun  2 11:00:18 EDT 2022
97863 Process tree is 97863 (main) -> 98052 (child) -> 106048 (grandchild)
F S   UID    PID   PPID  C PRI  NI ADDR SZ WCHAN  TTY        TIME CMD
0 D 100667 106048 98052  0  80   0 - 32311 cxiWai ?          0:00 cp /star/data01/pwg/xiatong/AMPT/14GeV/data_1566101501.root /tmp/maxwoo/21EF1A6A9139C9FD2A38E59AFB466F9A_2613/INPUTFILES/data_1566101501.root
97863 Grandchild PID is 108329 - found in 80 x 2 seconds
97863 Grandchild to watch has changed on Thu Jun  2 11:00:39 EDT 2022
97863 Process tree is 97863 (main) -> 98052 (child) -> 108329 (grandchild)
F S   UID    PID   PPID  C PRI  NI ADDR SZ WCHAN  TTY        TIME CMD
0 D 100667 108329 98052  0  80   0 - 32311 cxiWai ?          0:00 cp /star/data01/pwg/xiatong/AMPT/14GeV/data_1566172281.root /tmp/maxwoo/21EF1A6A9139C9FD2A38E59AFB466F9A_2613/INPUTFILES/data_1566172281.root
97863 Grandchild PID is 112403 - found in 100 x 2 seconds
97863 Grandchild to watch has changed on Thu Jun  2 11:01:21 EDT 2022
97863 Process tree is 97863 (main) -> 98052 (child) -> 112403 (grandchild)
F S   UID    PID   PPID  C PRI  NI ADDR SZ WCHAN  TTY        TIME CMD
0 D 100667 112403 98052  0  80   0 - 32311 cxiWai ?          0:00 cp /star/data01/pwg/xiatong/AMPT/14GeV/data_1566172891.root /tmp/maxwoo/21EF1A6A9139C9FD2A38E59AFB466F9A_2613/INPUTFILES/data_1566172891.root
97863 Grandchild PID is 113254 - found in 110 x 2 seconds
97863 Grandchild to watch has changed on Thu Jun  2 11:01:41 EDT 2022
97863 Process tree is 97863 (main) -> 98052 (child) -> 113254 (grandchild)
F S   UID    PID   PPID  C PRI  NI ADDR SZ WCHAN  TTY        TIME CMD
0 S 100667 113254 98052  0  80   0 -  1272 do_wai ?          0:00 root -b -q check_S.C++("/tmp/maxwoo/21EF1A6A9139C9FD2A38E59AFB466F9A_2613/INPUTFILES/21EF1A6A9139C9FD2A38E59AFB466F9A_2613.local.list","21EF1A6A9139C9FD2A38E59AFB466F9A_2613",1)
98052 Stepping into the main SUMS wrapper program with []
.... building sandbox
Running: cp /star/data01/pwg/xiatong/AMPT/14GeV/data_1565172601.root /tmp/maxwoo/21EF1A6A9139C9FD2A38E59AFB466F9A_2613/INPUTFILES/data_1565172601.root
Running: cp /star/data01/pwg/xiatong/AMPT/14GeV/data_1565172621.root /tmp/maxwoo/21EF1A6A9139C9FD2A38E59AFB466F9A_2613/INPUTFILES/data_1565172621.root
Running: cp /star/data01/pwg/xiatong/AMPT/14GeV/data_1565172631.root /tmp/maxwoo/21EF1A6A9139C9FD2A38E59AFB466F9A_2613/INPUTFILES/data_1565172631.root
Running: cp /star/data01/pwg/xiatong/AMPT/14GeV/data_1565172721.root /tmp/maxwoo/21EF1A6A9139C9FD2A38E59AFB466F9A_2613/INPUTFILES/data_1565172721.root
Running: cp /star/data01/pwg/xiatong/AMPT/14GeV/data_1565172731.root /tmp/maxwoo/21EF1A6A9139C9FD2A38E59AFB466F9A_2613/INPUTFILES/data_1565172731.root
Running: cp /star/data01/pwg/xiatong/AMPT/14GeV/data_1565173411.root /tmp/maxwoo/21EF1A6A9139C9FD2A38E59AFB466F9A_2613/INPUTFILES/data_1565173411.root
Running: cp /star/data01/pwg/xiatong/AMPT/14GeV/data_1565173601.root /tmp/maxwoo/21EF1A6A9139C9FD2A38E59AFB466F9A_2613/INPUTFILES/data_1565173601.root
Running: cp /star/data01/pwg/xiatong/AMPT/14GeV/data_1565173661.root /tmp/maxwoo/21EF1A6A9139C9FD2A38E59AFB466F9A_2613/INPUTFILES/data_1565173661.root
Running: cp /star/data01/pwg/xiatong/AMPT/14GeV/data_1565173791.root /tmp/maxwoo/21EF1A6A9139C9FD2A38E59AFB466F9A_2613/INPUTFILES/data_1565173791.root
Running: cp /star/data01/pwg/xiatong/AMPT/14GeV/data_1565173861.root /tmp/maxwoo/21EF1A6A9139C9FD2A38E59AFB466F9A_2613/INPUTFILES/data_1565173861.root
Running: cp /star/data01/pwg/xiatong/AMPT/14GeV/data_1565174791.root /tmp/maxwoo/21EF1A6A9139C9FD2A38E59AFB466F9A_2613/INPUTFILES/data_1565174791.root
Running: cp /star/data01/pwg/xiatong/AMPT/14GeV/data_1565175061.root /tmp/maxwoo/21EF1A6A9139C9FD2A38E59AFB466F9A_2613/INPUTFILES/data_1565175061.root
Running: cp /star/data01/pwg/xiatong/AMPT/14GeV/data_1565175311.root /tmp/maxwoo/21EF1A6A9139C9FD2A38E59AFB466F9A_2613/INPUTFILES/data_1565175311.root
Running: cp /star/data01/pwg/xiatong/AMPT/14GeV/data_1565175531.root /tmp/maxwoo/21EF1A6A9139C9FD2A38E59AFB466F9A_2613/INPUTFILES/data_1565175531.root
Running: cp /star/data01/pwg/xiatong/AMPT/14GeV/data_1565175591.root /tmp/maxwoo/21EF1A6A9139C9FD2A38E59AFB466F9A_2613/INPUTFILES/data_1565175591.root
Running: cp /star/data01/pwg/xiatong/AMPT/14GeV/data_1565175821.root /tmp/maxwoo/21EF1A6A9139C9FD2A38E59AFB466F9A_2613/INPUTFILES/data_1565175821.root
Running: cp /star/data01/pwg/xiatong/AMPT/14GeV/data_1565176081.root /tmp/maxwoo/21EF1A6A9139C9FD2A38E59AFB466F9A_2613/INPUTFILES/data_1565176081.root
Running: cp /star/data01/pwg/xiatong/AMPT/14GeV/data_1565444451.root /tmp/maxwoo/21EF1A6A9139C9FD2A38E59AFB466F9A_2613/INPUTFILES/data_1565444451.root
Running: cp /star/data01/pwg/xiatong/AMPT/14GeV/data_1566101491.root /tmp/maxwoo/21EF1A6A9139C9FD2A38E59AFB466F9A_2613/INPUTFILES/data_1566101491.root
Running: cp /star/data01/pwg/xiatong/AMPT/14GeV/data_1566101501.root /tmp/maxwoo/21EF1A6A9139C9FD2A38E59AFB466F9A_2613/INPUTFILES/data_1566101501.root
Running: cp /star/data01/pwg/xiatong/AMPT/14GeV/data_1566101511.root /tmp/maxwoo/21EF1A6A9139C9FD2A38E59AFB466F9A_2613/INPUTFILES/data_1566101511.root
Running: cp /star/data01/pwg/xiatong/AMPT/14GeV/data_1566101521.root /tmp/maxwoo/21EF1A6A9139C9FD2A38E59AFB466F9A_2613/INPUTFILES/data_1566101521.root
Running: cp /star/data01/pwg/xiatong/AMPT/14GeV/data_1566101531.root /tmp/maxwoo/21EF1A6A9139C9FD2A38E59AFB466F9A_2613/INPUTFILES/data_1566101531.root
Running: cp /star/data01/pwg/xiatong/AMPT/14GeV/data_1566101611.root /tmp/maxwoo/21EF1A6A9139C9FD2A38E59AFB466F9A_2613/INPUTFILES/data_1566101611.root
Running: cp /star/data01/pwg/xiatong/AMPT/14GeV/data_1566172141.root /tmp/maxwoo/21EF1A6A9139C9FD2A38E59AFB466F9A_2613/INPUTFILES/data_1566172141.root
Running: cp /star/data01/pwg/xiatong/AMPT/14GeV/data_1566172181.root /tmp/maxwoo/21EF1A6A9139C9FD2A38E59AFB466F9A_2613/INPUTFILES/data_1566172181.root
Running: cp /star/data01/pwg/xiatong/AMPT/14GeV/data_1566172281.root /tmp/maxwoo/21EF1A6A9139C9FD2A38E59AFB466F9A_2613/INPUTFILES/data_1566172281.root
Running: cp /star/data01/pwg/xiatong/AMPT/14GeV/data_1566172311.root /tmp/maxwoo/21EF1A6A9139C9FD2A38E59AFB466F9A_2613/INPUTFILES/data_1566172311.root
Running: cp /star/data01/pwg/xiatong/AMPT/14GeV/data_1566172331.root /tmp/maxwoo/21EF1A6A9139C9FD2A38E59AFB466F9A_2613/INPUTFILES/data_1566172331.root
Running: cp /star/data01/pwg/xiatong/AMPT/14GeV/data_1566172341.root /tmp/maxwoo/21EF1A6A9139C9FD2A38E59AFB466F9A_2613/INPUTFILES/data_1566172341.root
Running: cp /star/data01/pwg/xiatong/AMPT/14GeV/data_1566172381.root /tmp/maxwoo/21EF1A6A9139C9FD2A38E59AFB466F9A_2613/INPUTFILES/data_1566172381.root
Running: cp /star/data01/pwg/xiatong/AMPT/14GeV/data_1566172391.root /tmp/maxwoo/21EF1A6A9139C9FD2A38E59AFB466F9A_2613/INPUTFILES/data_1566172391.root
Running: cp /star/data01/pwg/xiatong/AMPT/14GeV/data_1566172401.root /tmp/maxwoo/21EF1A6A9139C9FD2A38E59AFB466F9A_2613/INPUTFILES/data_1566172401.root
Running: cp /star/data01/pwg/xiatong/AMPT/14GeV/data_1566172451.root /tmp/maxwoo/21EF1A6A9139C9FD2A38E59AFB466F9A_2613/INPUTFILES/data_1566172451.root
Running: cp /star/data01/pwg/xiatong/AMPT/14GeV/data_1566172521.root /tmp/maxwoo/21EF1A6A9139C9FD2A38E59AFB466F9A_2613/INPUTFILES/data_1566172521.root
Running: cp /star/data01/pwg/xiatong/AMPT/14GeV/data_1566172891.root /tmp/maxwoo/21EF1A6A9139C9FD2A38E59AFB466F9A_2613/INPUTFILES/data_1566172891.root
Running: cp /star/data01/pwg/xiatong/AMPT/14GeV/data_1566173121.root /tmp/maxwoo/21EF1A6A9139C9FD2A38E59AFB466F9A_2613/INPUTFILES/data_1566173121.root
Swapping $FILELIST with: /tmp/maxwoo/21EF1A6A9139C9FD2A38E59AFB466F9A_2613/INPUTFILES/21EF1A6A9139C9FD2A38E59AFB466F9A_2613.local.list
+++++++++++local copy debug++++++++++++++++++++
newFileList: /tmp/maxwoo/21EF1A6A9139C9FD2A38E59AFB466F9A_2613/INPUTFILES/21EF1A6A9139C9FD2A38E59AFB466F9A_2613.local.list
++++++++++++++++cat FILELIST+++++++++++++++++++
/tmp/maxwoo/21EF1A6A9139C9FD2A38E59AFB466F9A_2613/INPUTFILES/data_1565172601.root 
/tmp/maxwoo/21EF1A6A9139C9FD2A38E59AFB466F9A_2613/INPUTFILES/data_1565172621.root 
/tmp/maxwoo/21EF1A6A9139C9FD2A38E59AFB466F9A_2613/INPUTFILES/data_1565172631.root 
/tmp/maxwoo/21EF1A6A9139C9FD2A38E59AFB466F9A_2613/INPUTFILES/data_1565172721.root 
/tmp/maxwoo/21EF1A6A9139C9FD2A38E59AFB466F9A_2613/INPUTFILES/data_1565172731.root 
/tmp/maxwoo/21EF1A6A9139C9FD2A38E59AFB466F9A_2613/INPUTFILES/data_1565173411.root 
/tmp/maxwoo/21EF1A6A9139C9FD2A38E59AFB466F9A_2613/INPUTFILES/data_1565173601.root 
/tmp/maxwoo/21EF1A6A9139C9FD2A38E59AFB466F9A_2613/INPUTFILES/data_1565173661.root 
/tmp/maxwoo/21EF1A6A9139C9FD2A38E59AFB466F9A_2613/INPUTFILES/data_1565173791.root 
/tmp/maxwoo/21EF1A6A9139C9FD2A38E59AFB466F9A_2613/INPUTFILES/data_1565173861.root 
/tmp/maxwoo/21EF1A6A9139C9FD2A38E59AFB466F9A_2613/INPUTFILES/data_1565174791.root 
/tmp/maxwoo/21EF1A6A9139C9FD2A38E59AFB466F9A_2613/INPUTFILES/data_1565175061.root 
/tmp/maxwoo/21EF1A6A9139C9FD2A38E59AFB466F9A_2613/INPUTFILES/data_1565175311.root 
/tmp/maxwoo/21EF1A6A9139C9FD2A38E59AFB466F9A_2613/INPUTFILES/data_1565175531.root 
/tmp/maxwoo/21EF1A6A9139C9FD2A38E59AFB466F9A_2613/INPUTFILES/data_1565175591.root 
/tmp/maxwoo/21EF1A6A9139C9FD2A38E59AFB466F9A_2613/INPUTFILES/data_1565175821.root 
/tmp/maxwoo/21EF1A6A9139C9FD2A38E59AFB466F9A_2613/INPUTFILES/data_1565176081.root 
/tmp/maxwoo/21EF1A6A9139C9FD2A38E59AFB466F9A_2613/INPUTFILES/data_1565444451.root 
/tmp/maxwoo/21EF1A6A9139C9FD2A38E59AFB466F9A_2613/INPUTFILES/data_1566101491.root 
/tmp/maxwoo/21EF1A6A9139C9FD2A38E59AFB466F9A_2613/INPUTFILES/data_1566101501.root 
/tmp/maxwoo/21EF1A6A9139C9FD2A38E59AFB466F9A_2613/INPUTFILES/data_1566101511.root 
/tmp/maxwoo/21EF1A6A9139C9FD2A38E59AFB466F9A_2613/INPUTFILES/data_1566101521.root 
/tmp/maxwoo/21EF1A6A9139C9FD2A38E59AFB466F9A_2613/INPUTFILES/data_1566101531.root 
/tmp/maxwoo/21EF1A6A9139C9FD2A38E59AFB466F9A_2613/INPUTFILES/data_1566101611.root 
/tmp/maxwoo/21EF1A6A9139C9FD2A38E59AFB466F9A_2613/INPUTFILES/data_1566172141.root 
/tmp/maxwoo/21EF1A6A9139C9FD2A38E59AFB466F9A_2613/INPUTFILES/data_1566172181.root 
/tmp/maxwoo/21EF1A6A9139C9FD2A38E59AFB466F9A_2613/INPUTFILES/data_1566172281.root 
/tmp/maxwoo/21EF1A6A9139C9FD2A38E59AFB466F9A_2613/INPUTFILES/data_1566172311.root 
/tmp/maxwoo/21EF1A6A9139C9FD2A38E59AFB466F9A_2613/INPUTFILES/data_1566172331.root 
/tmp/maxwoo/21EF1A6A9139C9FD2A38E59AFB466F9A_2613/INPUTFILES/data_1566172341.root 
/tmp/maxwoo/21EF1A6A9139C9FD2A38E59AFB466F9A_2613/INPUTFILES/data_1566172381.root 
/tmp/maxwoo/21EF1A6A9139C9FD2A38E59AFB466F9A_2613/INPUTFILES/data_1566172391.root 
/tmp/maxwoo/21EF1A6A9139C9FD2A38E59AFB466F9A_2613/INPUTFILES/data_1566172401.root 
/tmp/maxwoo/21EF1A6A9139C9FD2A38E59AFB466F9A_2613/INPUTFILES/data_1566172451.root 
/tmp/maxwoo/21EF1A6A9139C9FD2A38E59AFB466F9A_2613/INPUTFILES/data_1566172521.root 
/tmp/maxwoo/21EF1A6A9139C9FD2A38E59AFB466F9A_2613/INPUTFILES/data_1566172891.root 
/tmp/maxwoo/21EF1A6A9139C9FD2A38E59AFB466F9A_2613/INPUTFILES/data_1566173121.root 
++++++++++++++++++++find.++++++++++++++++++++++
.
./check_S.C
./lib
./lib/my_particle_cpp.d
./lib/my_particle.h
./lib/CenMaker.h
./lib/MixedBuffer_cpp_ACLiC_dict_rdict.pcm
./lib/my_event_cpp_ACLiC_dict_rdict.pcm
./lib/NpartNormalizer_cpp.so
./lib/NpartNormalizer_cpp_ACLiC_dict_rdict.pcm
./lib/CenMaker_cpp.d
./lib/NpartNormalizer.h
./lib/my_particle_cpp.so
./lib/MixedBuffer.h
./lib/my_particle.cpp
./lib/CenMaker_cpp_ACLiC_dict_rdict.pcm
./lib/CenMaker_cpp.so
./lib/my_event.h
./lib/my_event_cpp.so
./lib/MixedBuffer_cpp.d
./lib/my_particle_cpp_ACLiC_dict_rdict.pcm
./lib/NpartNormalizer_cpp.d
./lib/CenMaker.cpp
./lib/MixedBuffer_cpp.so
./lib/my_event.cpp
./lib/MixedBuffer.cpp
./lib/NpartNormalizer.cpp
./lib/my_event_cpp.d
./.errror.log
./INPUTFILES
./INPUTFILES/data_1566101611.root
./INPUTFILES/data_1565173411.root
./INPUTFILES/data_1566101491.root
./INPUTFILES/data_1565173661.root
./INPUTFILES/data_1565174791.root
./INPUTFILES/data_1565173601.root
./INPUTFILES/21EF1A6A9139C9FD2A38E59AFB466F9A_2613.local.list
./INPUTFILES/data_1566172141.root
./INPUTFILES/data_1565176081.root
./INPUTFILES/data_1565173861.root
./INPUTFILES/data_1566172891.root
./INPUTFILES/data_1565173791.root
./INPUTFILES/data_1566172311.root
./INPUTFILES/data_1566173121.root
./INPUTFILES/data_1565172631.root
./INPUTFILES/data_1566172451.root
./INPUTFILES/data_1566101501.root
./INPUTFILES/data_1565175591.root
./INPUTFILES/data_1565175061.root
./INPUTFILES/data_1566172401.root
./INPUTFILES/data_1565172621.root
./INPUTFILES/data_1566172341.root
./INPUTFILES/data_1566172181.root
./INPUTFILES/data_1566101531.root
./INPUTFILES/data_1566172381.root
./INPUTFILES/data_1565172731.root
./INPUTFILES/data_1566101511.root
./INPUTFILES/data_1566101521.root
./INPUTFILES/data_1566172521.root
./INPUTFILES/data_1565444451.root
./INPUTFILES/data_1565175821.root
./INPUTFILES/data_1566172331.root
./INPUTFILES/data_1565172601.root
./INPUTFILES/data_1565175531.root
./INPUTFILES/data_1565172721.root
./INPUTFILES/data_1566172391.root
./INPUTFILES/data_1566172281.root
./INPUTFILES/data_1565175311.root
./.output.log
./.sandboxFiles
./Check_Sness.C
++++++++++++++++INPUTFILE Var++++++++++++++++++
FILELIST=/tmp/maxwoo/21EF1A6A9139C9FD2A38E59AFB466F9A_2613/INPUTFILES/21EF1A6A9139C9FD2A38E59AFB466F9A_2613.local.list
INPUTFILECOUNT=37
INPUTFILE0=/tmp/maxwoo/21EF1A6A9139C9FD2A38E59AFB466F9A_2613/INPUTFILES/data_1565172601.root
INPUTFILE1=/tmp/maxwoo/21EF1A6A9139C9FD2A38E59AFB466F9A_2613/INPUTFILES/data_1565172621.root
INPUTFILE2=/tmp/maxwoo/21EF1A6A9139C9FD2A38E59AFB466F9A_2613/INPUTFILES/data_1565172631.root
INPUTFILE3=/tmp/maxwoo/21EF1A6A9139C9FD2A38E59AFB466F9A_2613/INPUTFILES/data_1565172721.root
INPUTFILE4=/tmp/maxwoo/21EF1A6A9139C9FD2A38E59AFB466F9A_2613/INPUTFILES/data_1565172731.root
INPUTFILE5=/tmp/maxwoo/21EF1A6A9139C9FD2A38E59AFB466F9A_2613/INPUTFILES/data_1565173411.root
INPUTFILE6=/tmp/maxwoo/21EF1A6A9139C9FD2A38E59AFB466F9A_2613/INPUTFILES/data_1565173601.root
INPUTFILE7=/tmp/maxwoo/21EF1A6A9139C9FD2A38E59AFB466F9A_2613/INPUTFILES/data_1565173661.root
INPUTFILE8=/tmp/maxwoo/21EF1A6A9139C9FD2A38E59AFB466F9A_2613/INPUTFILES/data_1565173791.root
INPUTFILE9=/tmp/maxwoo/21EF1A6A9139C9FD2A38E59AFB466F9A_2613/INPUTFILES/data_1565173861.root
INPUTFILE10=/tmp/maxwoo/21EF1A6A9139C9FD2A38E59AFB466F9A_2613/INPUTFILES/data_1565174791.root
INPUTFILE11=/tmp/maxwoo/21EF1A6A9139C9FD2A38E59AFB466F9A_2613/INPUTFILES/data_1565175061.root
INPUTFILE12=/tmp/maxwoo/21EF1A6A9139C9FD2A38E59AFB466F9A_2613/INPUTFILES/data_1565175311.root
INPUTFILE13=/tmp/maxwoo/21EF1A6A9139C9FD2A38E59AFB466F9A_2613/INPUTFILES/data_1565175531.root
INPUTFILE14=/tmp/maxwoo/21EF1A6A9139C9FD2A38E59AFB466F9A_2613/INPUTFILES/data_1565175591.root
INPUTFILE15=/tmp/maxwoo/21EF1A6A9139C9FD2A38E59AFB466F9A_2613/INPUTFILES/data_1565175821.root
INPUTFILE16=/tmp/maxwoo/21EF1A6A9139C9FD2A38E59AFB466F9A_2613/INPUTFILES/data_1565176081.root
INPUTFILE17=/tmp/maxwoo/21EF1A6A9139C9FD2A38E59AFB466F9A_2613/INPUTFILES/data_1565444451.root
INPUTFILE18=/tmp/maxwoo/21EF1A6A9139C9FD2A38E59AFB466F9A_2613/INPUTFILES/data_1566101491.root
INPUTFILE19=/tmp/maxwoo/21EF1A6A9139C9FD2A38E59AFB466F9A_2613/INPUTFILES/data_1566101501.root
INPUTFILE20=/tmp/maxwoo/21EF1A6A9139C9FD2A38E59AFB466F9A_2613/INPUTFILES/data_1566101511.root
INPUTFILE21=/tmp/maxwoo/21EF1A6A9139C9FD2A38E59AFB466F9A_2613/INPUTFILES/data_1566101521.root
INPUTFILE22=/tmp/maxwoo/21EF1A6A9139C9FD2A38E59AFB466F9A_2613/INPUTFILES/data_1566101531.root
INPUTFILE23=/tmp/maxwoo/21EF1A6A9139C9FD2A38E59AFB466F9A_2613/INPUTFILES/data_1566101611.root
INPUTFILE24=/tmp/maxwoo/21EF1A6A9139C9FD2A38E59AFB466F9A_2613/INPUTFILES/data_1566172141.root
INPUTFILE25=/tmp/maxwoo/21EF1A6A9139C9FD2A38E59AFB466F9A_2613/INPUTFILES/data_1566172181.root
INPUTFILE26=/tmp/maxwoo/21EF1A6A9139C9FD2A38E59AFB466F9A_2613/INPUTFILES/data_1566172281.root
INPUTFILE27=/tmp/maxwoo/21EF1A6A9139C9FD2A38E59AFB466F9A_2613/INPUTFILES/data_1566172311.root
INPUTFILE28=/tmp/maxwoo/21EF1A6A9139C9FD2A38E59AFB466F9A_2613/INPUTFILES/data_1566172331.root
INPUTFILE29=/tmp/maxwoo/21EF1A6A9139C9FD2A38E59AFB466F9A_2613/INPUTFILES/data_1566172341.root
INPUTFILE30=/tmp/maxwoo/21EF1A6A9139C9FD2A38E59AFB466F9A_2613/INPUTFILES/data_1566172381.root
INPUTFILE31=/tmp/maxwoo/21EF1A6A9139C9FD2A38E59AFB466F9A_2613/INPUTFILES/data_1566172391.root
INPUTFILE32=/tmp/maxwoo/21EF1A6A9139C9FD2A38E59AFB466F9A_2613/INPUTFILES/data_1566172401.root
INPUTFILE33=/tmp/maxwoo/21EF1A6A9139C9FD2A38E59AFB466F9A_2613/INPUTFILES/data_1566172451.root
INPUTFILE34=/tmp/maxwoo/21EF1A6A9139C9FD2A38E59AFB466F9A_2613/INPUTFILES/data_1566172521.root
INPUTFILE35=/tmp/maxwoo/21EF1A6A9139C9FD2A38E59AFB466F9A_2613/INPUTFILES/data_1566172891.root
INPUTFILE36=/tmp/maxwoo/21EF1A6A9139C9FD2A38E59AFB466F9A_2613/INPUTFILES/data_1566173121.root
LocalInputFileDir=/tmp/maxwoo/21EF1A6A9139C9FD2A38E59AFB466F9A_2613/INPUTFILES
NewFILELIST=/tmp/maxwoo/21EF1A6A9139C9FD2A38E59AFB466F9A_2613/INPUTFILES/21EF1A6A9139C9FD2A38E59AFB466F9A_2613.local.list
+++++++++++++++++++++++++++++++++++++++++++++++
--------------------------------
Simple Unified Meta Scheduler 1.10.50 we are starting in $SCRATCH : /home/tmp/maxwoo/21EF1A6A9139C9FD2A38E59AFB466F9A_2613
--------------------------------
total 16
lrwxrwxrwx 1 maxwoo rhstar   61 Jun  2 10:58 check_S.C -> /gpfs/mnt/gpfs01/star/pwg/xiatong/git/strangeness/./check_S.C
lrwxrwxrwx 1 maxwoo rhstar   65 Jun  2 10:58 Check_Sness.C -> /gpfs/mnt/gpfs01/star/pwg/xiatong/git/strangeness/./Check_Sness.C
drwxr-xr-x 2 maxwoo rhstar 4096 Jun  2 11:01 INPUTFILES
drwxr-xr-x 2 maxwoo rhstar 4096 Jun  2 10:58 lib
  *******************************************
  *                                         *
  *        W E L C O M E  to  R O O T       *
  *                                         *
  *   Version   5.34/38     12 March 2018   *
  *                                         *
  *  You are welcome to visit our Web site  *
  *          http://root.cern.ch            *
  *                                         *
  *******************************************

ROOT 5.34/38 (v5-34-38@v5-34-38, Mar 12 2018, 15:49:39 on linux)

CINT/ROOT C/C++ Interpreter version 5.18.00, July 2, 2010
Type ? for help. Commands must be C++ statements.
Enclose multiple statements between { }.
*** Float Point Exception is OFF ***
 *** Start at Date : Thu Jun  2 11:01:28 2022
QAInfo:You are using STAR_LEVEL : dev, ROOT_LEVEL : 5.34.38 and node : rcas2008.rcf.bnl.gov 

Processing check_S.C++("/tmp/maxwoo/21EF1A6A9139C9FD2A38E59AFB466F9A_2613/INPUTFILES/21EF1A6A9139C9FD2A38E59AFB466F9A_2613.local.list","21EF1A6A9139C9FD2A38E59AFB466F9A_2613",1)...
/tmp/maxwoo/21EF1A6A9139C9FD2A38E59AFB466F9A_2613/INPUTFILES/data_1565172601.root 
/tmp/maxwoo/21EF1A6A9139C9FD2A38E59AFB466F9A_2613/INPUTFILES/data_1565172621.root 
/tmp/maxwoo/21EF1A6A9139C9FD2A38E59AFB466F9A_2613/INPUTFILES/data_1565172631.root 
/tmp/maxwoo/21EF1A6A9139C9FD2A38E59AFB466F9A_2613/INPUTFILES/data_1565172721.root 
/tmp/maxwoo/21EF1A6A9139C9FD2A38E59AFB466F9A_2613/INPUTFILES/data_1565172731.root 
/tmp/maxwoo/21EF1A6A9139C9FD2A38E59AFB466F9A_2613/INPUTFILES/data_1565173411.root 
/tmp/maxwoo/21EF1A6A9139C9FD2A38E59AFB466F9A_2613/INPUTFILES/data_1565173601.root 
/tmp/maxwoo/21EF1A6A9139C9FD2A38E59AFB466F9A_2613/INPUTFILES/data_1565173661.root 
/tmp/maxwoo/21EF1A6A9139C9FD2A38E59AFB466F9A_2613/INPUTFILES/data_1565173791.root 
/tmp/maxwoo/21EF1A6A9139C9FD2A38E59AFB466F9A_2613/INPUTFILES/data_1565173861.root 
/tmp/maxwoo/21EF1A6A9139C9FD2A38E59AFB466F9A_2613/INPUTFILES/data_1565174791.root 
/tmp/maxwoo/21EF1A6A9139C9FD2A38E59AFB466F9A_2613/INPUTFILES/data_1565175061.root 
/tmp/maxwoo/21EF1A6A9139C9FD2A38E59AFB466F9A_2613/INPUTFILES/data_1565175311.root 
/tmp/maxwoo/21EF1A6A9139C9FD2A38E59AFB466F9A_2613/INPUTFILES/data_1565175531.root 
/tmp/maxwoo/21EF1A6A9139C9FD2A38E59AFB466F9A_2613/INPUTFILES/data_1565175591.root 
/tmp/maxwoo/21EF1A6A9139C9FD2A38E59AFB466F9A_2613/INPUTFILES/data_1565175821.root 
/tmp/maxwoo/21EF1A6A9139C9FD2A38E59AFB466F9A_2613/INPUTFILES/data_1565176081.root 
/tmp/maxwoo/21EF1A6A9139C9FD2A38E59AFB466F9A_2613/INPUTFILES/data_1565444451.root 
/tmp/maxwoo/21EF1A6A9139C9FD2A38E59AFB466F9A_2613/INPUTFILES/data_1566101491.root 
/tmp/maxwoo/21EF1A6A9139C9FD2A38E59AFB466F9A_2613/INPUTFILES/data_1566101501.root 
/tmp/maxwoo/21EF1A6A9139C9FD2A38E59AFB466F9A_2613/INPUTFILES/data_1566101511.root 
/tmp/maxwoo/21EF1A6A9139C9FD2A38E59AFB466F9A_2613/INPUTFILES/data_1566101521.root 
/tmp/maxwoo/21EF1A6A9139C9FD2A38E59AFB466F9A_2613/INPUTFILES/data_1566101531.root 
/tmp/maxwoo/21EF1A6A9139C9FD2A38E59AFB466F9A_2613/INPUTFILES/data_1566101611.root 
/tmp/maxwoo/21EF1A6A9139C9FD2A38E59AFB466F9A_2613/INPUTFILES/data_1566172141.root 
/tmp/maxwoo/21EF1A6A9139C9FD2A38E59AFB466F9A_2613/INPUTFILES/data_1566172181.root 
/tmp/maxwoo/21EF1A6A9139C9FD2A38E59AFB466F9A_2613/INPUTFILES/data_1566172281.root 
/tmp/maxwoo/21EF1A6A9139C9FD2A38E59AFB466F9A_2613/INPUTFILES/data_1566172311.root 
/tmp/maxwoo/21EF1A6A9139C9FD2A38E59AFB466F9A_2613/INPUTFILES/data_1566172331.root 
/tmp/maxwoo/21EF1A6A9139C9FD2A38E59AFB466F9A_2613/INPUTFILES/data_1566172341.root 
/tmp/maxwoo/21EF1A6A9139C9FD2A38E59AFB466F9A_2613/INPUTFILES/data_1566172381.root 
/tmp/maxwoo/21EF1A6A9139C9FD2A38E59AFB466F9A_2613/INPUTFILES/data_1566172391.root 
/tmp/maxwoo/21EF1A6A9139C9FD2A38E59AFB466F9A_2613/INPUTFILES/data_1566172401.root 
/tmp/maxwoo/21EF1A6A9139C9FD2A38E59AFB466F9A_2613/INPUTFILES/data_1566172451.root 
/tmp/maxwoo/21EF1A6A9139C9FD2A38E59AFB466F9A_2613/INPUTFILES/data_1566172521.root 
/tmp/maxwoo/21EF1A6A9139C9FD2A38E59AFB466F9A_2613/INPUTFILES/data_1566172891.root 
/tmp/maxwoo/21EF1A6A9139C9FD2A38E59AFB466F9A_2613/INPUTFILES/data_1566173121.root 
Added 37 files
# entries in chain: 37000
Processing entry == 1000 == out of 37000.
Processing entry == 2000 == out of 37000.
Processing entry == 3000 == out of 37000.
Processing entry == 4000 == out of 37000.
Processing entry == 5000 == out of 37000.
Processing entry == 6000 == out of 37000.
Processing entry == 7000 == out of 37000.
Processing entry == 8000 == out of 37000.
Processing entry == 9000 == out of 37000.
Processing entry == 10000 == out of 37000.
Processing entry == 11000 == out of 37000.
Processing entry == 12000 == out of 37000.
Processing entry == 13000 == out of 37000.
Processing entry == 14000 == out of 37000.
Processing entry == 15000 == out of 37000.
Processing entry == 16000 == out of 37000.
Processing entry == 17000 == out of 37000.
Processing entry == 18000 == out of 37000.
Processing entry == 19000 == out of 37000.
Processing entry == 20000 == out of 37000.
Processing entry == 21000 == out of 37000.
Processing entry == 22000 == out of 37000.
Processing entry == 23000 == out of 37000.
Processing entry == 24000 == out of 37000.
Processing entry == 25000 == out of 37000.
Processing entry == 26000 == out of 37000.
Processing entry == 27000 == out of 37000.
Processing entry == 28000 == out of 37000.
Processing entry == 29000 == out of 37000.
Processing entry == 30000 == out of 37000.
Processing entry == 31000 == out of 37000.
Processing entry == 32000 == out of 37000.
Processing entry == 33000 == out of 37000.
Processing entry == 34000 == out of 37000.
Processing entry == 35000 == out of 37000.
Processing entry == 36000 == out of 37000.
Processing entry == 37000 == out of 37000.

This is the end of ROOT -- Goodbye

Cleaning up sandbox file:  /tmp/maxwoo/21EF1A6A9139C9FD2A38E59AFB466F9A_2613/check_S.C
Cleaning up sandbox file:  /tmp/maxwoo/21EF1A6A9139C9FD2A38E59AFB466F9A_2613/Check_Sness.C
Cleaning up sandbox file:  /tmp/maxwoo/21EF1A6A9139C9FD2A38E59AFB466F9A_2613/lib
Cleaning up sandbox file:  /tmp/maxwoo/21EF1A6A9139C9FD2A38E59AFB466F9A_2613/.sandboxFiles
Starting copy block
Running copy command:  /bin/cp -fp /tmp/maxwoo/21EF1A6A9139C9FD2A38E59AFB466F9A_2613/out_21EF1A6A9139C9FD2A38E59AFB466F9A_2613.root /star/data01/pwg/xiatong/git/strangeness/data/
97863 Execution of (/star/data01/pwg/xiatong/git/strangeness/script/sched21EF1A6A9139C9FD2A38E59AFB466F9A_2613.csh ) has ended, exiting normally
97863 We END on [Thu Jun  2 11:20:46 EDT 2022]
