We are starting on node: spool0822.sdcc.bnl.gov
HOME is not defined
Using getent method
HOME is now /star/u/maxwoo
268403 We will spawn ourselves (/star/data01/pwg/xiatong/git/strangeness/script/sched21EF1A6A9139C9FD2A38E59AFB466F9A_2344.csh )
268403 We BEGIN on [Thu Jun  2 10:59:04 EDT 2022]
[1] 270465
268403 We are waiting for 270465 
268403 Grandchild PID is 270634 - found in 0 x 1 seconds
268403 Establishing first watcher   on    Thu Jun  2 10:59:05 EDT 2022
268403 Process tree is 268403 (main) -> 270465 (child) -> 270634 (grandchild)
F S   UID    PID   PPID  C PRI  NI ADDR SZ WCHAN  TTY        TIME CMD
268403 Grandchild PID is 275586 - found in 10 x 2 seconds
268403 Grandchild to watch has changed on Thu Jun  2 10:59:25 EDT 2022
268403 Process tree is 268403 (main) -> 270465 (child) -> 275586 (grandchild)
F S   UID    PID   PPID  C PRI  NI ADDR SZ WCHAN  TTY        TIME CMD
0 D 100667 275586 270465  0 80   0 - 32311 cxiWai ?          0:00 cp /star/data01/pwg/xiatong/AMPT/14GeV/data_1279117121.root /tmp/maxwoo/21EF1A6A9139C9FD2A38E59AFB466F9A_2344/INPUTFILES/data_1279117121.root
268403 Grandchild PID is 277318 - found in 20 x 2 seconds
268403 Grandchild to watch has changed on Thu Jun  2 10:59:46 EDT 2022
268403 Process tree is 268403 (main) -> 270465 (child) -> 277318 (grandchild)
F S   UID    PID   PPID  C PRI  NI ADDR SZ WCHAN  TTY        TIME CMD
0 D 100667 277318 270465  0 80   0 - 32311 cxiWai ?          0:00 cp /star/data01/pwg/xiatong/AMPT/14GeV/data_1279117351.root /tmp/maxwoo/21EF1A6A9139C9FD2A38E59AFB466F9A_2344/INPUTFILES/data_1279117351.root
268403 Grandchild PID is 280956 - found in 30 x 2 seconds
268403 Grandchild to watch has changed on Thu Jun  2 11:00:07 EDT 2022
268403 Process tree is 268403 (main) -> 270465 (child) -> 280956 (grandchild)
F S   UID    PID   PPID  C PRI  NI ADDR SZ WCHAN  TTY        TIME CMD
0 D 100667 280956 270465  0 80   0 - 32311 cxiWai ?          0:00 cp /star/data01/pwg/xiatong/AMPT/14GeV/data_1279368091.root /tmp/maxwoo/21EF1A6A9139C9FD2A38E59AFB466F9A_2344/INPUTFILES/data_1279368091.root
268403 Grandchild PID is 284278 - found in 40 x 2 seconds
268403 Grandchild to watch has changed on Thu Jun  2 11:00:28 EDT 2022
268403 Process tree is 268403 (main) -> 270465 (child) -> 284278 (grandchild)
F S   UID    PID   PPID  C PRI  NI ADDR SZ WCHAN  TTY        TIME CMD
0 D 100667 284278 270465  0 80   0 - 32311 cxiWai ?          0:00 cp /star/data01/pwg/xiatong/AMPT/14GeV/data_1279668011.root /tmp/maxwoo/21EF1A6A9139C9FD2A38E59AFB466F9A_2344/INPUTFILES/data_1279668011.root
268403 Grandchild PID is 291315 - found in 60 x 2 seconds
268403 Grandchild to watch has changed on Thu Jun  2 11:01:10 EDT 2022
268403 Process tree is 268403 (main) -> 270465 (child) -> 291315 (grandchild)
F S   UID    PID   PPID  C PRI  NI ADDR SZ WCHAN  TTY        TIME CMD
0 D 100667 291315 270465  0 80   0 - 32311 cxiWai ?          0:00 cp /star/data01/pwg/xiatong/AMPT/14GeV/data_1279767981.root /tmp/maxwoo/21EF1A6A9139C9FD2A38E59AFB466F9A_2344/INPUTFILES/data_1279767981.root
268403 Grandchild PID is 297353 - found in 80 x 2 seconds
268403 Grandchild to watch has changed on Thu Jun  2 11:01:51 EDT 2022
268403 Process tree is 268403 (main) -> 270465 (child) -> 297353 (grandchild)
F S   UID    PID   PPID  C PRI  NI ADDR SZ WCHAN  TTY        TIME CMD
0 S 100667 297353 270465  0 80   0 -  1272 do_wai ?          0:00 root -b -q check_S.C++("/tmp/maxwoo/21EF1A6A9139C9FD2A38E59AFB466F9A_2344/INPUTFILES/21EF1A6A9139C9FD2A38E59AFB466F9A_2344.local.list","21EF1A6A9139C9FD2A38E59AFB466F9A_2344",1)
270465 Stepping into the main SUMS wrapper program with []
.... building sandbox
Running: cp /star/data01/pwg/xiatong/AMPT/14GeV/data_1278968251.root /tmp/maxwoo/21EF1A6A9139C9FD2A38E59AFB466F9A_2344/INPUTFILES/data_1278968251.root
Running: cp /star/data01/pwg/xiatong/AMPT/14GeV/data_1279068181.root /tmp/maxwoo/21EF1A6A9139C9FD2A38E59AFB466F9A_2344/INPUTFILES/data_1279068181.root
Running: cp /star/data01/pwg/xiatong/AMPT/14GeV/data_1279068191.root /tmp/maxwoo/21EF1A6A9139C9FD2A38E59AFB466F9A_2344/INPUTFILES/data_1279068191.root
Running: cp /star/data01/pwg/xiatong/AMPT/14GeV/data_1279068201.root /tmp/maxwoo/21EF1A6A9139C9FD2A38E59AFB466F9A_2344/INPUTFILES/data_1279068201.root
Running: cp /star/data01/pwg/xiatong/AMPT/14GeV/data_1279116551.root /tmp/maxwoo/21EF1A6A9139C9FD2A38E59AFB466F9A_2344/INPUTFILES/data_1279116551.root
Running: cp /star/data01/pwg/xiatong/AMPT/14GeV/data_1279116691.root /tmp/maxwoo/21EF1A6A9139C9FD2A38E59AFB466F9A_2344/INPUTFILES/data_1279116691.root
Running: cp /star/data01/pwg/xiatong/AMPT/14GeV/data_1279116971.root /tmp/maxwoo/21EF1A6A9139C9FD2A38E59AFB466F9A_2344/INPUTFILES/data_1279116971.root
Running: cp /star/data01/pwg/xiatong/AMPT/14GeV/data_1279117031.root /tmp/maxwoo/21EF1A6A9139C9FD2A38E59AFB466F9A_2344/INPUTFILES/data_1279117031.root
Running: cp /star/data01/pwg/xiatong/AMPT/14GeV/data_1279117121.root /tmp/maxwoo/21EF1A6A9139C9FD2A38E59AFB466F9A_2344/INPUTFILES/data_1279117121.root
Running: cp /star/data01/pwg/xiatong/AMPT/14GeV/data_1279117171.root /tmp/maxwoo/21EF1A6A9139C9FD2A38E59AFB466F9A_2344/INPUTFILES/data_1279117171.root
Running: cp /star/data01/pwg/xiatong/AMPT/14GeV/data_1279117321.root /tmp/maxwoo/21EF1A6A9139C9FD2A38E59AFB466F9A_2344/INPUTFILES/data_1279117321.root
Running: cp /star/data01/pwg/xiatong/AMPT/14GeV/data_1279117351.root /tmp/maxwoo/21EF1A6A9139C9FD2A38E59AFB466F9A_2344/INPUTFILES/data_1279117351.root
Running: cp /star/data01/pwg/xiatong/AMPT/14GeV/data_1279117531.root /tmp/maxwoo/21EF1A6A9139C9FD2A38E59AFB466F9A_2344/INPUTFILES/data_1279117531.root
Running: cp /star/data01/pwg/xiatong/AMPT/14GeV/data_1279168131.root /tmp/maxwoo/21EF1A6A9139C9FD2A38E59AFB466F9A_2344/INPUTFILES/data_1279168131.root
Running: cp /star/data01/pwg/xiatong/AMPT/14GeV/data_1279168161.root /tmp/maxwoo/21EF1A6A9139C9FD2A38E59AFB466F9A_2344/INPUTFILES/data_1279168161.root
Running: cp /star/data01/pwg/xiatong/AMPT/14GeV/data_1279168171.root /tmp/maxwoo/21EF1A6A9139C9FD2A38E59AFB466F9A_2344/INPUTFILES/data_1279168171.root
Running: cp /star/data01/pwg/xiatong/AMPT/14GeV/data_1279268111.root /tmp/maxwoo/21EF1A6A9139C9FD2A38E59AFB466F9A_2344/INPUTFILES/data_1279268111.root
Running: cp /star/data01/pwg/xiatong/AMPT/14GeV/data_1279268141.root /tmp/maxwoo/21EF1A6A9139C9FD2A38E59AFB466F9A_2344/INPUTFILES/data_1279268141.root
Running: cp /star/data01/pwg/xiatong/AMPT/14GeV/data_1279268151.root /tmp/maxwoo/21EF1A6A9139C9FD2A38E59AFB466F9A_2344/INPUTFILES/data_1279268151.root
Running: cp /star/data01/pwg/xiatong/AMPT/14GeV/data_1279368091.root /tmp/maxwoo/21EF1A6A9139C9FD2A38E59AFB466F9A_2344/INPUTFILES/data_1279368091.root
Running: cp /star/data01/pwg/xiatong/AMPT/14GeV/data_1279368101.root /tmp/maxwoo/21EF1A6A9139C9FD2A38E59AFB466F9A_2344/INPUTFILES/data_1279368101.root
Running: cp /star/data01/pwg/xiatong/AMPT/14GeV/data_1279368121.root /tmp/maxwoo/21EF1A6A9139C9FD2A38E59AFB466F9A_2344/INPUTFILES/data_1279368121.root
Running: cp /star/data01/pwg/xiatong/AMPT/14GeV/data_1279468081.root /tmp/maxwoo/21EF1A6A9139C9FD2A38E59AFB466F9A_2344/INPUTFILES/data_1279468081.root
Running: cp /star/data01/pwg/xiatong/AMPT/14GeV/data_1279468211.root /tmp/maxwoo/21EF1A6A9139C9FD2A38E59AFB466F9A_2344/INPUTFILES/data_1279468211.root
Running: cp /star/data01/pwg/xiatong/AMPT/14GeV/data_1279568041.root /tmp/maxwoo/21EF1A6A9139C9FD2A38E59AFB466F9A_2344/INPUTFILES/data_1279568041.root
Running: cp /star/data01/pwg/xiatong/AMPT/14GeV/data_1279568061.root /tmp/maxwoo/21EF1A6A9139C9FD2A38E59AFB466F9A_2344/INPUTFILES/data_1279568061.root
Running: cp /star/data01/pwg/xiatong/AMPT/14GeV/data_1279568071.root /tmp/maxwoo/21EF1A6A9139C9FD2A38E59AFB466F9A_2344/INPUTFILES/data_1279568071.root
Running: cp /star/data01/pwg/xiatong/AMPT/14GeV/data_1279668001.root /tmp/maxwoo/21EF1A6A9139C9FD2A38E59AFB466F9A_2344/INPUTFILES/data_1279668001.root
Running: cp /star/data01/pwg/xiatong/AMPT/14GeV/data_1279668011.root /tmp/maxwoo/21EF1A6A9139C9FD2A38E59AFB466F9A_2344/INPUTFILES/data_1279668011.root
Running: cp /star/data01/pwg/xiatong/AMPT/14GeV/data_1279668031.root /tmp/maxwoo/21EF1A6A9139C9FD2A38E59AFB466F9A_2344/INPUTFILES/data_1279668031.root
Running: cp /star/data01/pwg/xiatong/AMPT/14GeV/data_1279668051.root /tmp/maxwoo/21EF1A6A9139C9FD2A38E59AFB466F9A_2344/INPUTFILES/data_1279668051.root
Running: cp /star/data01/pwg/xiatong/AMPT/14GeV/data_1279767981.root /tmp/maxwoo/21EF1A6A9139C9FD2A38E59AFB466F9A_2344/INPUTFILES/data_1279767981.root
Running: cp /star/data01/pwg/xiatong/AMPT/14GeV/data_1279768021.root /tmp/maxwoo/21EF1A6A9139C9FD2A38E59AFB466F9A_2344/INPUTFILES/data_1279768021.root
Running: cp /star/data01/pwg/xiatong/AMPT/14GeV/data_1279867971.root /tmp/maxwoo/21EF1A6A9139C9FD2A38E59AFB466F9A_2344/INPUTFILES/data_1279867971.root
Running: cp /star/data01/pwg/xiatong/AMPT/14GeV/data_1279967951.root /tmp/maxwoo/21EF1A6A9139C9FD2A38E59AFB466F9A_2344/INPUTFILES/data_1279967951.root
Running: cp /star/data01/pwg/xiatong/AMPT/14GeV/data_1279967961.root /tmp/maxwoo/21EF1A6A9139C9FD2A38E59AFB466F9A_2344/INPUTFILES/data_1279967961.root
Running: cp /star/data01/pwg/xiatong/AMPT/14GeV/data_1279967991.root /tmp/maxwoo/21EF1A6A9139C9FD2A38E59AFB466F9A_2344/INPUTFILES/data_1279967991.root
Swapping $FILELIST with: /tmp/maxwoo/21EF1A6A9139C9FD2A38E59AFB466F9A_2344/INPUTFILES/21EF1A6A9139C9FD2A38E59AFB466F9A_2344.local.list
+++++++++++local copy debug++++++++++++++++++++
newFileList: /tmp/maxwoo/21EF1A6A9139C9FD2A38E59AFB466F9A_2344/INPUTFILES/21EF1A6A9139C9FD2A38E59AFB466F9A_2344.local.list
++++++++++++++++cat FILELIST+++++++++++++++++++
/tmp/maxwoo/21EF1A6A9139C9FD2A38E59AFB466F9A_2344/INPUTFILES/data_1278968251.root 
/tmp/maxwoo/21EF1A6A9139C9FD2A38E59AFB466F9A_2344/INPUTFILES/data_1279068181.root 
/tmp/maxwoo/21EF1A6A9139C9FD2A38E59AFB466F9A_2344/INPUTFILES/data_1279068191.root 
/tmp/maxwoo/21EF1A6A9139C9FD2A38E59AFB466F9A_2344/INPUTFILES/data_1279068201.root 
/tmp/maxwoo/21EF1A6A9139C9FD2A38E59AFB466F9A_2344/INPUTFILES/data_1279116551.root 
/tmp/maxwoo/21EF1A6A9139C9FD2A38E59AFB466F9A_2344/INPUTFILES/data_1279116691.root 
/tmp/maxwoo/21EF1A6A9139C9FD2A38E59AFB466F9A_2344/INPUTFILES/data_1279116971.root 
/tmp/maxwoo/21EF1A6A9139C9FD2A38E59AFB466F9A_2344/INPUTFILES/data_1279117031.root 
/tmp/maxwoo/21EF1A6A9139C9FD2A38E59AFB466F9A_2344/INPUTFILES/data_1279117121.root 
/tmp/maxwoo/21EF1A6A9139C9FD2A38E59AFB466F9A_2344/INPUTFILES/data_1279117171.root 
/tmp/maxwoo/21EF1A6A9139C9FD2A38E59AFB466F9A_2344/INPUTFILES/data_1279117321.root 
/tmp/maxwoo/21EF1A6A9139C9FD2A38E59AFB466F9A_2344/INPUTFILES/data_1279117351.root 
/tmp/maxwoo/21EF1A6A9139C9FD2A38E59AFB466F9A_2344/INPUTFILES/data_1279117531.root 
/tmp/maxwoo/21EF1A6A9139C9FD2A38E59AFB466F9A_2344/INPUTFILES/data_1279168131.root 
/tmp/maxwoo/21EF1A6A9139C9FD2A38E59AFB466F9A_2344/INPUTFILES/data_1279168161.root 
/tmp/maxwoo/21EF1A6A9139C9FD2A38E59AFB466F9A_2344/INPUTFILES/data_1279168171.root 
/tmp/maxwoo/21EF1A6A9139C9FD2A38E59AFB466F9A_2344/INPUTFILES/data_1279268111.root 
/tmp/maxwoo/21EF1A6A9139C9FD2A38E59AFB466F9A_2344/INPUTFILES/data_1279268141.root 
/tmp/maxwoo/21EF1A6A9139C9FD2A38E59AFB466F9A_2344/INPUTFILES/data_1279268151.root 
/tmp/maxwoo/21EF1A6A9139C9FD2A38E59AFB466F9A_2344/INPUTFILES/data_1279368091.root 
/tmp/maxwoo/21EF1A6A9139C9FD2A38E59AFB466F9A_2344/INPUTFILES/data_1279368101.root 
/tmp/maxwoo/21EF1A6A9139C9FD2A38E59AFB466F9A_2344/INPUTFILES/data_1279368121.root 
/tmp/maxwoo/21EF1A6A9139C9FD2A38E59AFB466F9A_2344/INPUTFILES/data_1279468081.root 
/tmp/maxwoo/21EF1A6A9139C9FD2A38E59AFB466F9A_2344/INPUTFILES/data_1279468211.root 
/tmp/maxwoo/21EF1A6A9139C9FD2A38E59AFB466F9A_2344/INPUTFILES/data_1279568041.root 
/tmp/maxwoo/21EF1A6A9139C9FD2A38E59AFB466F9A_2344/INPUTFILES/data_1279568061.root 
/tmp/maxwoo/21EF1A6A9139C9FD2A38E59AFB466F9A_2344/INPUTFILES/data_1279568071.root 
/tmp/maxwoo/21EF1A6A9139C9FD2A38E59AFB466F9A_2344/INPUTFILES/data_1279668001.root 
/tmp/maxwoo/21EF1A6A9139C9FD2A38E59AFB466F9A_2344/INPUTFILES/data_1279668011.root 
/tmp/maxwoo/21EF1A6A9139C9FD2A38E59AFB466F9A_2344/INPUTFILES/data_1279668031.root 
/tmp/maxwoo/21EF1A6A9139C9FD2A38E59AFB466F9A_2344/INPUTFILES/data_1279668051.root 
/tmp/maxwoo/21EF1A6A9139C9FD2A38E59AFB466F9A_2344/INPUTFILES/data_1279767981.root 
/tmp/maxwoo/21EF1A6A9139C9FD2A38E59AFB466F9A_2344/INPUTFILES/data_1279768021.root 
/tmp/maxwoo/21EF1A6A9139C9FD2A38E59AFB466F9A_2344/INPUTFILES/data_1279867971.root 
/tmp/maxwoo/21EF1A6A9139C9FD2A38E59AFB466F9A_2344/INPUTFILES/data_1279967951.root 
/tmp/maxwoo/21EF1A6A9139C9FD2A38E59AFB466F9A_2344/INPUTFILES/data_1279967961.root 
/tmp/maxwoo/21EF1A6A9139C9FD2A38E59AFB466F9A_2344/INPUTFILES/data_1279967991.root 
++++++++++++++++++++find.++++++++++++++++++++++
.
./lib
./lib/my_particle_cpp.so
./lib/MixedBuffer_cpp.d
./lib/my_event.h
./lib/my_event_cpp_ACLiC_dict_rdict.pcm
./lib/MixedBuffer.cpp
./lib/CenMaker_cpp.d
./lib/MixedBuffer.h
./lib/CenMaker.h
./lib/CenMaker_cpp_ACLiC_dict_rdict.pcm
./lib/MixedBuffer_cpp_ACLiC_dict_rdict.pcm
./lib/my_event.cpp
./lib/CenMaker.cpp
./lib/NpartNormalizer_cpp_ACLiC_dict_rdict.pcm
./lib/my_particle.cpp
./lib/NpartNormalizer_cpp.d
./lib/my_event_cpp.so
./lib/my_particle.h
./lib/NpartNormalizer_cpp.so
./lib/MixedBuffer_cpp.so
./lib/CenMaker_cpp.so
./lib/my_particle_cpp_ACLiC_dict_rdict.pcm
./lib/NpartNormalizer.h
./lib/my_event_cpp.d
./lib/my_particle_cpp.d
./lib/NpartNormalizer.cpp
./.sandboxFiles
./.errror.log
./check_S.C
./INPUTFILES
./INPUTFILES/data_1279116551.root
./INPUTFILES/data_1279168171.root
./INPUTFILES/data_1279668051.root
./INPUTFILES/data_1279117351.root
./INPUTFILES/data_1279168161.root
./INPUTFILES/data_1278968251.root
./INPUTFILES/data_1279268111.root
./INPUTFILES/data_1279117531.root
./INPUTFILES/data_1279116971.root
./INPUTFILES/data_1279068181.root
./INPUTFILES/data_1279967951.root
./INPUTFILES/data_1279568071.root
./INPUTFILES/data_1279268141.root
./INPUTFILES/data_1279368121.root
./INPUTFILES/data_1279668001.root
./INPUTFILES/data_1279117031.root
./INPUTFILES/data_1279068191.root
./INPUTFILES/data_1279368101.root
./INPUTFILES/data_1279768021.root
./INPUTFILES/data_1279468211.root
./INPUTFILES/data_1279368091.root
./INPUTFILES/data_1279117121.root
./INPUTFILES/21EF1A6A9139C9FD2A38E59AFB466F9A_2344.local.list
./INPUTFILES/data_1279568041.root
./INPUTFILES/data_1279117171.root
./INPUTFILES/data_1279867971.root
./INPUTFILES/data_1279967991.root
./INPUTFILES/data_1279668011.root
./INPUTFILES/data_1279568061.root
./INPUTFILES/data_1279767981.root
./INPUTFILES/data_1279268151.root
./INPUTFILES/data_1279168131.root
./INPUTFILES/data_1279068201.root
./INPUTFILES/data_1279468081.root
./INPUTFILES/data_1279116691.root
./INPUTFILES/data_1279967961.root
./INPUTFILES/data_1279668031.root
./INPUTFILES/data_1279117321.root
./.output.log
./Check_Sness.C
++++++++++++++++INPUTFILE Var++++++++++++++++++
FILELIST=/tmp/maxwoo/21EF1A6A9139C9FD2A38E59AFB466F9A_2344/INPUTFILES/21EF1A6A9139C9FD2A38E59AFB466F9A_2344.local.list
INPUTFILECOUNT=37
INPUTFILE0=/tmp/maxwoo/21EF1A6A9139C9FD2A38E59AFB466F9A_2344/INPUTFILES/data_1278968251.root
INPUTFILE1=/tmp/maxwoo/21EF1A6A9139C9FD2A38E59AFB466F9A_2344/INPUTFILES/data_1279068181.root
INPUTFILE2=/tmp/maxwoo/21EF1A6A9139C9FD2A38E59AFB466F9A_2344/INPUTFILES/data_1279068191.root
INPUTFILE3=/tmp/maxwoo/21EF1A6A9139C9FD2A38E59AFB466F9A_2344/INPUTFILES/data_1279068201.root
INPUTFILE4=/tmp/maxwoo/21EF1A6A9139C9FD2A38E59AFB466F9A_2344/INPUTFILES/data_1279116551.root
INPUTFILE5=/tmp/maxwoo/21EF1A6A9139C9FD2A38E59AFB466F9A_2344/INPUTFILES/data_1279116691.root
INPUTFILE6=/tmp/maxwoo/21EF1A6A9139C9FD2A38E59AFB466F9A_2344/INPUTFILES/data_1279116971.root
INPUTFILE7=/tmp/maxwoo/21EF1A6A9139C9FD2A38E59AFB466F9A_2344/INPUTFILES/data_1279117031.root
INPUTFILE8=/tmp/maxwoo/21EF1A6A9139C9FD2A38E59AFB466F9A_2344/INPUTFILES/data_1279117121.root
INPUTFILE9=/tmp/maxwoo/21EF1A6A9139C9FD2A38E59AFB466F9A_2344/INPUTFILES/data_1279117171.root
INPUTFILE10=/tmp/maxwoo/21EF1A6A9139C9FD2A38E59AFB466F9A_2344/INPUTFILES/data_1279117321.root
INPUTFILE11=/tmp/maxwoo/21EF1A6A9139C9FD2A38E59AFB466F9A_2344/INPUTFILES/data_1279117351.root
INPUTFILE12=/tmp/maxwoo/21EF1A6A9139C9FD2A38E59AFB466F9A_2344/INPUTFILES/data_1279117531.root
INPUTFILE13=/tmp/maxwoo/21EF1A6A9139C9FD2A38E59AFB466F9A_2344/INPUTFILES/data_1279168131.root
INPUTFILE14=/tmp/maxwoo/21EF1A6A9139C9FD2A38E59AFB466F9A_2344/INPUTFILES/data_1279168161.root
INPUTFILE15=/tmp/maxwoo/21EF1A6A9139C9FD2A38E59AFB466F9A_2344/INPUTFILES/data_1279168171.root
INPUTFILE16=/tmp/maxwoo/21EF1A6A9139C9FD2A38E59AFB466F9A_2344/INPUTFILES/data_1279268111.root
INPUTFILE17=/tmp/maxwoo/21EF1A6A9139C9FD2A38E59AFB466F9A_2344/INPUTFILES/data_1279268141.root
INPUTFILE18=/tmp/maxwoo/21EF1A6A9139C9FD2A38E59AFB466F9A_2344/INPUTFILES/data_1279268151.root
INPUTFILE19=/tmp/maxwoo/21EF1A6A9139C9FD2A38E59AFB466F9A_2344/INPUTFILES/data_1279368091.root
INPUTFILE20=/tmp/maxwoo/21EF1A6A9139C9FD2A38E59AFB466F9A_2344/INPUTFILES/data_1279368101.root
INPUTFILE21=/tmp/maxwoo/21EF1A6A9139C9FD2A38E59AFB466F9A_2344/INPUTFILES/data_1279368121.root
INPUTFILE22=/tmp/maxwoo/21EF1A6A9139C9FD2A38E59AFB466F9A_2344/INPUTFILES/data_1279468081.root
INPUTFILE23=/tmp/maxwoo/21EF1A6A9139C9FD2A38E59AFB466F9A_2344/INPUTFILES/data_1279468211.root
INPUTFILE24=/tmp/maxwoo/21EF1A6A9139C9FD2A38E59AFB466F9A_2344/INPUTFILES/data_1279568041.root
INPUTFILE25=/tmp/maxwoo/21EF1A6A9139C9FD2A38E59AFB466F9A_2344/INPUTFILES/data_1279568061.root
INPUTFILE26=/tmp/maxwoo/21EF1A6A9139C9FD2A38E59AFB466F9A_2344/INPUTFILES/data_1279568071.root
INPUTFILE27=/tmp/maxwoo/21EF1A6A9139C9FD2A38E59AFB466F9A_2344/INPUTFILES/data_1279668001.root
INPUTFILE28=/tmp/maxwoo/21EF1A6A9139C9FD2A38E59AFB466F9A_2344/INPUTFILES/data_1279668011.root
INPUTFILE29=/tmp/maxwoo/21EF1A6A9139C9FD2A38E59AFB466F9A_2344/INPUTFILES/data_1279668031.root
INPUTFILE30=/tmp/maxwoo/21EF1A6A9139C9FD2A38E59AFB466F9A_2344/INPUTFILES/data_1279668051.root
INPUTFILE31=/tmp/maxwoo/21EF1A6A9139C9FD2A38E59AFB466F9A_2344/INPUTFILES/data_1279767981.root
INPUTFILE32=/tmp/maxwoo/21EF1A6A9139C9FD2A38E59AFB466F9A_2344/INPUTFILES/data_1279768021.root
INPUTFILE33=/tmp/maxwoo/21EF1A6A9139C9FD2A38E59AFB466F9A_2344/INPUTFILES/data_1279867971.root
INPUTFILE34=/tmp/maxwoo/21EF1A6A9139C9FD2A38E59AFB466F9A_2344/INPUTFILES/data_1279967951.root
INPUTFILE35=/tmp/maxwoo/21EF1A6A9139C9FD2A38E59AFB466F9A_2344/INPUTFILES/data_1279967961.root
INPUTFILE36=/tmp/maxwoo/21EF1A6A9139C9FD2A38E59AFB466F9A_2344/INPUTFILES/data_1279967991.root
LocalInputFileDir=/tmp/maxwoo/21EF1A6A9139C9FD2A38E59AFB466F9A_2344/INPUTFILES
NewFILELIST=/tmp/maxwoo/21EF1A6A9139C9FD2A38E59AFB466F9A_2344/INPUTFILES/21EF1A6A9139C9FD2A38E59AFB466F9A_2344.local.list
+++++++++++++++++++++++++++++++++++++++++++++++
--------------------------------
Simple Unified Meta Scheduler 1.10.50 we are starting in $SCRATCH : /home/tmp/maxwoo/21EF1A6A9139C9FD2A38E59AFB466F9A_2344
--------------------------------
total 16
lrwxrwxrwx 1 maxwoo rhstar   61 Jun  2 10:59 check_S.C -> /gpfs/mnt/gpfs01/star/pwg/xiatong/git/strangeness/./check_S.C
lrwxrwxrwx 1 maxwoo rhstar   65 Jun  2 10:59 Check_Sness.C -> /gpfs/mnt/gpfs01/star/pwg/xiatong/git/strangeness/./Check_Sness.C
drwxr-xr-x 2 maxwoo rhstar 4096 Jun  2 11:01 INPUTFILES
drwxr-xr-x 2 maxwoo rhstar 4096 Jun  2 10:59 lib
  *******************************************
  *                                         *
  *        W E L C O M E  to  R O O T       *
  *                                         *
  *   Version   5.34/38     12 March 2018   *
  *                                         *
  *  You are welcome to visit our Web site  *
  *          http://root.cern.ch            *
  *                                         *
  *******************************************

ROOT 5.34/38 (v5-34-38@v5-34-38, Mar 12 2018, 15:49:39 on linux)

CINT/ROOT C/C++ Interpreter version 5.18.00, July 2, 2010
Type ? for help. Commands must be C++ statements.
Enclose multiple statements between { }.
*** Float Point Exception is OFF ***
 *** Start at Date : Thu Jun  2 11:01:45 2022
QAInfo:You are using STAR_LEVEL : dev, ROOT_LEVEL : 5.34.38 and node : spool0822.sdcc.bnl.gov 

Processing check_S.C++("/tmp/maxwoo/21EF1A6A9139C9FD2A38E59AFB466F9A_2344/INPUTFILES/21EF1A6A9139C9FD2A38E59AFB466F9A_2344.local.list","21EF1A6A9139C9FD2A38E59AFB466F9A_2344",1)...
/tmp/maxwoo/21EF1A6A9139C9FD2A38E59AFB466F9A_2344/INPUTFILES/data_1278968251.root 
/tmp/maxwoo/21EF1A6A9139C9FD2A38E59AFB466F9A_2344/INPUTFILES/data_1279068181.root 
/tmp/maxwoo/21EF1A6A9139C9FD2A38E59AFB466F9A_2344/INPUTFILES/data_1279068191.root 
/tmp/maxwoo/21EF1A6A9139C9FD2A38E59AFB466F9A_2344/INPUTFILES/data_1279068201.root 
/tmp/maxwoo/21EF1A6A9139C9FD2A38E59AFB466F9A_2344/INPUTFILES/data_1279116551.root 
/tmp/maxwoo/21EF1A6A9139C9FD2A38E59AFB466F9A_2344/INPUTFILES/data_1279116691.root 
/tmp/maxwoo/21EF1A6A9139C9FD2A38E59AFB466F9A_2344/INPUTFILES/data_1279116971.root 
/tmp/maxwoo/21EF1A6A9139C9FD2A38E59AFB466F9A_2344/INPUTFILES/data_1279117031.root 
/tmp/maxwoo/21EF1A6A9139C9FD2A38E59AFB466F9A_2344/INPUTFILES/data_1279117121.root 
/tmp/maxwoo/21EF1A6A9139C9FD2A38E59AFB466F9A_2344/INPUTFILES/data_1279117171.root 
/tmp/maxwoo/21EF1A6A9139C9FD2A38E59AFB466F9A_2344/INPUTFILES/data_1279117321.root 
/tmp/maxwoo/21EF1A6A9139C9FD2A38E59AFB466F9A_2344/INPUTFILES/data_1279117351.root 
/tmp/maxwoo/21EF1A6A9139C9FD2A38E59AFB466F9A_2344/INPUTFILES/data_1279117531.root 
/tmp/maxwoo/21EF1A6A9139C9FD2A38E59AFB466F9A_2344/INPUTFILES/data_1279168131.root 
/tmp/maxwoo/21EF1A6A9139C9FD2A38E59AFB466F9A_2344/INPUTFILES/data_1279168161.root 
/tmp/maxwoo/21EF1A6A9139C9FD2A38E59AFB466F9A_2344/INPUTFILES/data_1279168171.root 
/tmp/maxwoo/21EF1A6A9139C9FD2A38E59AFB466F9A_2344/INPUTFILES/data_1279268111.root 
/tmp/maxwoo/21EF1A6A9139C9FD2A38E59AFB466F9A_2344/INPUTFILES/data_1279268141.root 
/tmp/maxwoo/21EF1A6A9139C9FD2A38E59AFB466F9A_2344/INPUTFILES/data_1279268151.root 
/tmp/maxwoo/21EF1A6A9139C9FD2A38E59AFB466F9A_2344/INPUTFILES/data_1279368091.root 
/tmp/maxwoo/21EF1A6A9139C9FD2A38E59AFB466F9A_2344/INPUTFILES/data_1279368101.root 
/tmp/maxwoo/21EF1A6A9139C9FD2A38E59AFB466F9A_2344/INPUTFILES/data_1279368121.root 
/tmp/maxwoo/21EF1A6A9139C9FD2A38E59AFB466F9A_2344/INPUTFILES/data_1279468081.root 
/tmp/maxwoo/21EF1A6A9139C9FD2A38E59AFB466F9A_2344/INPUTFILES/data_1279468211.root 
/tmp/maxwoo/21EF1A6A9139C9FD2A38E59AFB466F9A_2344/INPUTFILES/data_1279568041.root 
/tmp/maxwoo/21EF1A6A9139C9FD2A38E59AFB466F9A_2344/INPUTFILES/data_1279568061.root 
/tmp/maxwoo/21EF1A6A9139C9FD2A38E59AFB466F9A_2344/INPUTFILES/data_1279568071.root 
/tmp/maxwoo/21EF1A6A9139C9FD2A38E59AFB466F9A_2344/INPUTFILES/data_1279668001.root 
/tmp/maxwoo/21EF1A6A9139C9FD2A38E59AFB466F9A_2344/INPUTFILES/data_1279668011.root 
/tmp/maxwoo/21EF1A6A9139C9FD2A38E59AFB466F9A_2344/INPUTFILES/data_1279668031.root 
/tmp/maxwoo/21EF1A6A9139C9FD2A38E59AFB466F9A_2344/INPUTFILES/data_1279668051.root 
/tmp/maxwoo/21EF1A6A9139C9FD2A38E59AFB466F9A_2344/INPUTFILES/data_1279767981.root 
/tmp/maxwoo/21EF1A6A9139C9FD2A38E59AFB466F9A_2344/INPUTFILES/data_1279768021.root 
/tmp/maxwoo/21EF1A6A9139C9FD2A38E59AFB466F9A_2344/INPUTFILES/data_1279867971.root 
/tmp/maxwoo/21EF1A6A9139C9FD2A38E59AFB466F9A_2344/INPUTFILES/data_1279967951.root 
/tmp/maxwoo/21EF1A6A9139C9FD2A38E59AFB466F9A_2344/INPUTFILES/data_1279967961.root 
/tmp/maxwoo/21EF1A6A9139C9FD2A38E59AFB466F9A_2344/INPUTFILES/data_1279967991.root 
Added 37 files
# entries in chain: 37000
Processing entry == 1000 == out of 37000.
Processing entry == 2000 == out of 37000.
Processing entry == 3000 == out of 37000.
Processing entry == 4000 == out of 37000.
Processing entry == 5000 == out of 37000.
Processing entry == 6000 == out of 37000.
Processing entry == 7000 == out of 37000.
Processing entry == 8000 == out of 37000.
Processing entry == 9000 == out of 37000.
Processing entry == 10000 == out of 37000.
Processing entry == 11000 == out of 37000.
Processing entry == 12000 == out of 37000.
Processing entry == 13000 == out of 37000.
Processing entry == 14000 == out of 37000.
Processing entry == 15000 == out of 37000.
Processing entry == 16000 == out of 37000.
Processing entry == 17000 == out of 37000.
Processing entry == 18000 == out of 37000.
Processing entry == 19000 == out of 37000.
Processing entry == 20000 == out of 37000.
Processing entry == 21000 == out of 37000.
Processing entry == 22000 == out of 37000.
Processing entry == 23000 == out of 37000.
Processing entry == 24000 == out of 37000.
Processing entry == 25000 == out of 37000.
Processing entry == 26000 == out of 37000.
Processing entry == 27000 == out of 37000.
Processing entry == 28000 == out of 37000.
Processing entry == 29000 == out of 37000.
Processing entry == 30000 == out of 37000.
Processing entry == 31000 == out of 37000.
Processing entry == 32000 == out of 37000.
Processing entry == 33000 == out of 37000.
Processing entry == 34000 == out of 37000.
Processing entry == 35000 == out of 37000.
Processing entry == 36000 == out of 37000.
Processing entry == 37000 == out of 37000.

This is the end of ROOT -- Goodbye

Cleaning up sandbox file:  /tmp/maxwoo/21EF1A6A9139C9FD2A38E59AFB466F9A_2344/check_S.C
Cleaning up sandbox file:  /tmp/maxwoo/21EF1A6A9139C9FD2A38E59AFB466F9A_2344/Check_Sness.C
Cleaning up sandbox file:  /tmp/maxwoo/21EF1A6A9139C9FD2A38E59AFB466F9A_2344/lib
Cleaning up sandbox file:  /tmp/maxwoo/21EF1A6A9139C9FD2A38E59AFB466F9A_2344/.sandboxFiles
Starting copy block
Running copy command:  /bin/cp -fp /tmp/maxwoo/21EF1A6A9139C9FD2A38E59AFB466F9A_2344/out_21EF1A6A9139C9FD2A38E59AFB466F9A_2344.root /star/data01/pwg/xiatong/git/strangeness/data/
268403 Execution of (/star/data01/pwg/xiatong/git/strangeness/script/sched21EF1A6A9139C9FD2A38E59AFB466F9A_2344.csh ) has ended, exiting normally
268403 We END on [Thu Jun  2 11:19:25 EDT 2022]
