We are starting on node: spool0762.sdcc.bnl.gov
HOME is not defined
Using getent method
HOME is now /star/u/maxwoo
86015 We will spawn ourselves (/star/data01/pwg/xiatong/git/strangeness/script/sched21EF1A6A9139C9FD2A38E59AFB466F9A_1335.csh )
86015 We BEGIN on [Thu Jun  2 11:19:33 EDT 2022]
[1] 86212
86015 We are waiting for 86212 
86015 Grandchild PID is 86725 - found in 10 x 1 seconds
86015 Establishing first watcher   on    Thu Jun  2 11:19:43 EDT 2022
86015 Process tree is 86015 (main) -> 86212 (child) -> 86725 (grandchild)
F S   UID    PID   PPID  C PRI  NI ADDR SZ WCHAN  TTY        TIME CMD
0 D 100667 86725  86212  0  80   0 - 32311 cxiWai ?          0:00 cp /star/data01/pwg/xiatong/AMPT/14GeV/data_444152601.root /tmp/maxwoo/21EF1A6A9139C9FD2A38E59AFB466F9A_1335/INPUTFILES/data_444152601.root
86015 Grandchild PID is 87469 - found in 20 x 2 seconds
86015 Grandchild to watch has changed on Thu Jun  2 11:20:04 EDT 2022
86015 Process tree is 86015 (main) -> 86212 (child) -> 87469 (grandchild)
F S   UID    PID   PPID  C PRI  NI ADDR SZ WCHAN  TTY        TIME CMD
0 D 100667 87469  86212  0  80   0 - 32311 cxiWai ?          0:00 cp /star/data01/pwg/xiatong/AMPT/14GeV/data_444152611.root /tmp/maxwoo/21EF1A6A9139C9FD2A38E59AFB466F9A_1335/INPUTFILES/data_444152611.root
86015 Grandchild PID is 88728 - found in 30 x 2 seconds
86015 Grandchild to watch has changed on Thu Jun  2 11:20:24 EDT 2022
86015 Process tree is 86015 (main) -> 86212 (child) -> 88728 (grandchild)
F S   UID    PID   PPID  C PRI  NI ADDR SZ WCHAN  TTY        TIME CMD
0 D 100667 88728  86212  0  80   0 - 32311 cxiWai ?          0:00 cp /star/data01/pwg/xiatong/AMPT/14GeV/data_444152751.root /tmp/maxwoo/21EF1A6A9139C9FD2A38E59AFB466F9A_1335/INPUTFILES/data_444152751.root
86015 Grandchild PID is 89442 - found in 40 x 2 seconds
86015 Grandchild to watch has changed on Thu Jun  2 11:20:45 EDT 2022
86015 Process tree is 86015 (main) -> 86212 (child) -> 89442 (grandchild)
F S   UID    PID   PPID  C PRI  NI ADDR SZ WCHAN  TTY        TIME CMD
0 D 100667 89442  86212  0  80   0 - 32311 cxiWai ?          0:00 cp /star/data01/pwg/xiatong/AMPT/14GeV/data_444152831.root /tmp/maxwoo/21EF1A6A9139C9FD2A38E59AFB466F9A_1335/INPUTFILES/data_444152831.root
86015 Grandchild PID is 90393 - found in 50 x 2 seconds
86015 Grandchild to watch has changed on Thu Jun  2 11:21:06 EDT 2022
86015 Process tree is 86015 (main) -> 86212 (child) -> 90393 (grandchild)
F S   UID    PID   PPID  C PRI  NI ADDR SZ WCHAN  TTY        TIME CMD
0 D 100667 90393  86212  0  80   0 - 32311 cxiWai ?          0:00 cp /star/data01/pwg/xiatong/AMPT/14GeV/data_444160861.root /tmp/maxwoo/21EF1A6A9139C9FD2A38E59AFB466F9A_1335/INPUTFILES/data_444160861.root
86015 Grandchild PID is 91305 - found in 60 x 2 seconds
86015 Grandchild to watch has changed on Thu Jun  2 11:21:26 EDT 2022
86015 Process tree is 86015 (main) -> 86212 (child) -> 91305 (grandchild)
F S   UID    PID   PPID  C PRI  NI ADDR SZ WCHAN  TTY        TIME CMD
0 D 100667 91305  86212  0  80   0 - 32311 cxiWai ?          0:00 cp /star/data01/pwg/xiatong/AMPT/14GeV/data_444168671.root /tmp/maxwoo/21EF1A6A9139C9FD2A38E59AFB466F9A_1335/INPUTFILES/data_444168671.root
86015 Grandchild PID is 93075 - found in 70 x 2 seconds
86015 Grandchild to watch has changed on Thu Jun  2 11:21:47 EDT 2022
86015 Process tree is 86015 (main) -> 86212 (child) -> 93075 (grandchild)
F S   UID    PID   PPID  C PRI  NI ADDR SZ WCHAN  TTY        TIME CMD
0 D 100667 93075  86212  0  80   0 - 32311 cxiWai ?          0:00 cp /star/data01/pwg/xiatong/AMPT/14GeV/data_444172411.root /tmp/maxwoo/21EF1A6A9139C9FD2A38E59AFB466F9A_1335/INPUTFILES/data_444172411.root
86015 Grandchild PID is 96297 - found in 90 x 2 seconds
86015 Grandchild to watch has changed on Thu Jun  2 11:22:28 EDT 2022
86015 Process tree is 86015 (main) -> 86212 (child) -> 96297 (grandchild)
F S   UID    PID   PPID  C PRI  NI ADDR SZ WCHAN  TTY        TIME CMD
0 D 100667 96297  86212  0  80   0 - 32311 cxiWai ?          0:00 cp /star/data01/pwg/xiatong/AMPT/14GeV/data_444192551.root /tmp/maxwoo/21EF1A6A9139C9FD2A38E59AFB466F9A_1335/INPUTFILES/data_444192551.root
86015 Grandchild PID is 99568 - found in 110 x 2 seconds
86015 Grandchild to watch has changed on Thu Jun  2 11:23:09 EDT 2022
86015 Process tree is 86015 (main) -> 86212 (child) -> 99568 (grandchild)
F S   UID    PID   PPID  C PRI  NI ADDR SZ WCHAN  TTY        TIME CMD
0 S 100667 99568  86212  0  80   0 -  1272 do_wai ?          0:00 root -b -q check_S.C++("/tmp/maxwoo/21EF1A6A9139C9FD2A38E59AFB466F9A_1335/INPUTFILES/21EF1A6A9139C9FD2A38E59AFB466F9A_1335.local.list","21EF1A6A9139C9FD2A38E59AFB466F9A_1335",1)
86212 Stepping into the main SUMS wrapper program with []
.... building sandbox
Running: cp /star/data01/pwg/xiatong/AMPT/14GeV/data_444151061.root /tmp/maxwoo/21EF1A6A9139C9FD2A38E59AFB466F9A_1335/INPUTFILES/data_444151061.root
Running: cp /star/data01/pwg/xiatong/AMPT/14GeV/data_444152511.root /tmp/maxwoo/21EF1A6A9139C9FD2A38E59AFB466F9A_1335/INPUTFILES/data_444152511.root
Running: cp /star/data01/pwg/xiatong/AMPT/14GeV/data_444152531.root /tmp/maxwoo/21EF1A6A9139C9FD2A38E59AFB466F9A_1335/INPUTFILES/data_444152531.root
Running: cp /star/data01/pwg/xiatong/AMPT/14GeV/data_444152561.root /tmp/maxwoo/21EF1A6A9139C9FD2A38E59AFB466F9A_1335/INPUTFILES/data_444152561.root
Running: cp /star/data01/pwg/xiatong/AMPT/14GeV/data_444152581.root /tmp/maxwoo/21EF1A6A9139C9FD2A38E59AFB466F9A_1335/INPUTFILES/data_444152581.root
Running: cp /star/data01/pwg/xiatong/AMPT/14GeV/data_444152601.root /tmp/maxwoo/21EF1A6A9139C9FD2A38E59AFB466F9A_1335/INPUTFILES/data_444152601.root
Running: cp /star/data01/pwg/xiatong/AMPT/14GeV/data_444152611.root /tmp/maxwoo/21EF1A6A9139C9FD2A38E59AFB466F9A_1335/INPUTFILES/data_444152611.root
Running: cp /star/data01/pwg/xiatong/AMPT/14GeV/data_444152651.root /tmp/maxwoo/21EF1A6A9139C9FD2A38E59AFB466F9A_1335/INPUTFILES/data_444152651.root
Running: cp /star/data01/pwg/xiatong/AMPT/14GeV/data_444152661.root /tmp/maxwoo/21EF1A6A9139C9FD2A38E59AFB466F9A_1335/INPUTFILES/data_444152661.root
Running: cp /star/data01/pwg/xiatong/AMPT/14GeV/data_444152681.root /tmp/maxwoo/21EF1A6A9139C9FD2A38E59AFB466F9A_1335/INPUTFILES/data_444152681.root
Running: cp /star/data01/pwg/xiatong/AMPT/14GeV/data_444152691.root /tmp/maxwoo/21EF1A6A9139C9FD2A38E59AFB466F9A_1335/INPUTFILES/data_444152691.root
Running: cp /star/data01/pwg/xiatong/AMPT/14GeV/data_444152741.root /tmp/maxwoo/21EF1A6A9139C9FD2A38E59AFB466F9A_1335/INPUTFILES/data_444152741.root
Running: cp /star/data01/pwg/xiatong/AMPT/14GeV/data_444152751.root /tmp/maxwoo/21EF1A6A9139C9FD2A38E59AFB466F9A_1335/INPUTFILES/data_444152751.root
Running: cp /star/data01/pwg/xiatong/AMPT/14GeV/data_444152791.root /tmp/maxwoo/21EF1A6A9139C9FD2A38E59AFB466F9A_1335/INPUTFILES/data_444152791.root
Running: cp /star/data01/pwg/xiatong/AMPT/14GeV/data_444152831.root /tmp/maxwoo/21EF1A6A9139C9FD2A38E59AFB466F9A_1335/INPUTFILES/data_444152831.root
Running: cp /star/data01/pwg/xiatong/AMPT/14GeV/data_444153441.root /tmp/maxwoo/21EF1A6A9139C9FD2A38E59AFB466F9A_1335/INPUTFILES/data_444153441.root
Running: cp /star/data01/pwg/xiatong/AMPT/14GeV/data_444155661.root /tmp/maxwoo/21EF1A6A9139C9FD2A38E59AFB466F9A_1335/INPUTFILES/data_444155661.root
Running: cp /star/data01/pwg/xiatong/AMPT/14GeV/data_444156131.root /tmp/maxwoo/21EF1A6A9139C9FD2A38E59AFB466F9A_1335/INPUTFILES/data_444156131.root
Running: cp /star/data01/pwg/xiatong/AMPT/14GeV/data_444157271.root /tmp/maxwoo/21EF1A6A9139C9FD2A38E59AFB466F9A_1335/INPUTFILES/data_444157271.root
Running: cp /star/data01/pwg/xiatong/AMPT/14GeV/data_444159171.root /tmp/maxwoo/21EF1A6A9139C9FD2A38E59AFB466F9A_1335/INPUTFILES/data_444159171.root
Running: cp /star/data01/pwg/xiatong/AMPT/14GeV/data_444160571.root /tmp/maxwoo/21EF1A6A9139C9FD2A38E59AFB466F9A_1335/INPUTFILES/data_444160571.root
Running: cp /star/data01/pwg/xiatong/AMPT/14GeV/data_444160861.root /tmp/maxwoo/21EF1A6A9139C9FD2A38E59AFB466F9A_1335/INPUTFILES/data_444160861.root
Running: cp /star/data01/pwg/xiatong/AMPT/14GeV/data_444165641.root /tmp/maxwoo/21EF1A6A9139C9FD2A38E59AFB466F9A_1335/INPUTFILES/data_444165641.root
Running: cp /star/data01/pwg/xiatong/AMPT/14GeV/data_444165651.root /tmp/maxwoo/21EF1A6A9139C9FD2A38E59AFB466F9A_1335/INPUTFILES/data_444165651.root
Running: cp /star/data01/pwg/xiatong/AMPT/14GeV/data_444167111.root /tmp/maxwoo/21EF1A6A9139C9FD2A38E59AFB466F9A_1335/INPUTFILES/data_444167111.root
Running: cp /star/data01/pwg/xiatong/AMPT/14GeV/data_444168661.root /tmp/maxwoo/21EF1A6A9139C9FD2A38E59AFB466F9A_1335/INPUTFILES/data_444168661.root
Running: cp /star/data01/pwg/xiatong/AMPT/14GeV/data_444168671.root /tmp/maxwoo/21EF1A6A9139C9FD2A38E59AFB466F9A_1335/INPUTFILES/data_444168671.root
Running: cp /star/data01/pwg/xiatong/AMPT/14GeV/data_444172411.root /tmp/maxwoo/21EF1A6A9139C9FD2A38E59AFB466F9A_1335/INPUTFILES/data_444172411.root
Running: cp /star/data01/pwg/xiatong/AMPT/14GeV/data_444181361.root /tmp/maxwoo/21EF1A6A9139C9FD2A38E59AFB466F9A_1335/INPUTFILES/data_444181361.root
Running: cp /star/data01/pwg/xiatong/AMPT/14GeV/data_444182501.root /tmp/maxwoo/21EF1A6A9139C9FD2A38E59AFB466F9A_1335/INPUTFILES/data_444182501.root
Running: cp /star/data01/pwg/xiatong/AMPT/14GeV/data_444192531.root /tmp/maxwoo/21EF1A6A9139C9FD2A38E59AFB466F9A_1335/INPUTFILES/data_444192531.root
Running: cp /star/data01/pwg/xiatong/AMPT/14GeV/data_444192551.root /tmp/maxwoo/21EF1A6A9139C9FD2A38E59AFB466F9A_1335/INPUTFILES/data_444192551.root
Running: cp /star/data01/pwg/xiatong/AMPT/14GeV/data_444192561.root /tmp/maxwoo/21EF1A6A9139C9FD2A38E59AFB466F9A_1335/INPUTFILES/data_444192561.root
Running: cp /star/data01/pwg/xiatong/AMPT/14GeV/data_444192581.root /tmp/maxwoo/21EF1A6A9139C9FD2A38E59AFB466F9A_1335/INPUTFILES/data_444192581.root
Running: cp /star/data01/pwg/xiatong/AMPT/14GeV/data_444192591.root /tmp/maxwoo/21EF1A6A9139C9FD2A38E59AFB466F9A_1335/INPUTFILES/data_444192591.root
Running: cp /star/data01/pwg/xiatong/AMPT/14GeV/data_444192671.root /tmp/maxwoo/21EF1A6A9139C9FD2A38E59AFB466F9A_1335/INPUTFILES/data_444192671.root
Running: cp /star/data01/pwg/xiatong/AMPT/14GeV/data_444192701.root /tmp/maxwoo/21EF1A6A9139C9FD2A38E59AFB466F9A_1335/INPUTFILES/data_444192701.root
Swapping $FILELIST with: /tmp/maxwoo/21EF1A6A9139C9FD2A38E59AFB466F9A_1335/INPUTFILES/21EF1A6A9139C9FD2A38E59AFB466F9A_1335.local.list
+++++++++++local copy debug++++++++++++++++++++
newFileList: /tmp/maxwoo/21EF1A6A9139C9FD2A38E59AFB466F9A_1335/INPUTFILES/21EF1A6A9139C9FD2A38E59AFB466F9A_1335.local.list
++++++++++++++++cat FILELIST+++++++++++++++++++
/tmp/maxwoo/21EF1A6A9139C9FD2A38E59AFB466F9A_1335/INPUTFILES/data_444151061.root 
/tmp/maxwoo/21EF1A6A9139C9FD2A38E59AFB466F9A_1335/INPUTFILES/data_444152511.root 
/tmp/maxwoo/21EF1A6A9139C9FD2A38E59AFB466F9A_1335/INPUTFILES/data_444152531.root 
/tmp/maxwoo/21EF1A6A9139C9FD2A38E59AFB466F9A_1335/INPUTFILES/data_444152561.root 
/tmp/maxwoo/21EF1A6A9139C9FD2A38E59AFB466F9A_1335/INPUTFILES/data_444152581.root 
/tmp/maxwoo/21EF1A6A9139C9FD2A38E59AFB466F9A_1335/INPUTFILES/data_444152601.root 
/tmp/maxwoo/21EF1A6A9139C9FD2A38E59AFB466F9A_1335/INPUTFILES/data_444152611.root 
/tmp/maxwoo/21EF1A6A9139C9FD2A38E59AFB466F9A_1335/INPUTFILES/data_444152651.root 
/tmp/maxwoo/21EF1A6A9139C9FD2A38E59AFB466F9A_1335/INPUTFILES/data_444152661.root 
/tmp/maxwoo/21EF1A6A9139C9FD2A38E59AFB466F9A_1335/INPUTFILES/data_444152681.root 
/tmp/maxwoo/21EF1A6A9139C9FD2A38E59AFB466F9A_1335/INPUTFILES/data_444152691.root 
/tmp/maxwoo/21EF1A6A9139C9FD2A38E59AFB466F9A_1335/INPUTFILES/data_444152741.root 
/tmp/maxwoo/21EF1A6A9139C9FD2A38E59AFB466F9A_1335/INPUTFILES/data_444152751.root 
/tmp/maxwoo/21EF1A6A9139C9FD2A38E59AFB466F9A_1335/INPUTFILES/data_444152791.root 
/tmp/maxwoo/21EF1A6A9139C9FD2A38E59AFB466F9A_1335/INPUTFILES/data_444152831.root 
/tmp/maxwoo/21EF1A6A9139C9FD2A38E59AFB466F9A_1335/INPUTFILES/data_444153441.root 
/tmp/maxwoo/21EF1A6A9139C9FD2A38E59AFB466F9A_1335/INPUTFILES/data_444155661.root 
/tmp/maxwoo/21EF1A6A9139C9FD2A38E59AFB466F9A_1335/INPUTFILES/data_444156131.root 
/tmp/maxwoo/21EF1A6A9139C9FD2A38E59AFB466F9A_1335/INPUTFILES/data_444157271.root 
/tmp/maxwoo/21EF1A6A9139C9FD2A38E59AFB466F9A_1335/INPUTFILES/data_444159171.root 
/tmp/maxwoo/21EF1A6A9139C9FD2A38E59AFB466F9A_1335/INPUTFILES/data_444160571.root 
/tmp/maxwoo/21EF1A6A9139C9FD2A38E59AFB466F9A_1335/INPUTFILES/data_444160861.root 
/tmp/maxwoo/21EF1A6A9139C9FD2A38E59AFB466F9A_1335/INPUTFILES/data_444165641.root 
/tmp/maxwoo/21EF1A6A9139C9FD2A38E59AFB466F9A_1335/INPUTFILES/data_444165651.root 
/tmp/maxwoo/21EF1A6A9139C9FD2A38E59AFB466F9A_1335/INPUTFILES/data_444167111.root 
/tmp/maxwoo/21EF1A6A9139C9FD2A38E59AFB466F9A_1335/INPUTFILES/data_444168661.root 
/tmp/maxwoo/21EF1A6A9139C9FD2A38E59AFB466F9A_1335/INPUTFILES/data_444168671.root 
/tmp/maxwoo/21EF1A6A9139C9FD2A38E59AFB466F9A_1335/INPUTFILES/data_444172411.root 
/tmp/maxwoo/21EF1A6A9139C9FD2A38E59AFB466F9A_1335/INPUTFILES/data_444181361.root 
/tmp/maxwoo/21EF1A6A9139C9FD2A38E59AFB466F9A_1335/INPUTFILES/data_444182501.root 
/tmp/maxwoo/21EF1A6A9139C9FD2A38E59AFB466F9A_1335/INPUTFILES/data_444192531.root 
/tmp/maxwoo/21EF1A6A9139C9FD2A38E59AFB466F9A_1335/INPUTFILES/data_444192551.root 
/tmp/maxwoo/21EF1A6A9139C9FD2A38E59AFB466F9A_1335/INPUTFILES/data_444192561.root 
/tmp/maxwoo/21EF1A6A9139C9FD2A38E59AFB466F9A_1335/INPUTFILES/data_444192581.root 
/tmp/maxwoo/21EF1A6A9139C9FD2A38E59AFB466F9A_1335/INPUTFILES/data_444192591.root 
/tmp/maxwoo/21EF1A6A9139C9FD2A38E59AFB466F9A_1335/INPUTFILES/data_444192671.root 
/tmp/maxwoo/21EF1A6A9139C9FD2A38E59AFB466F9A_1335/INPUTFILES/data_444192701.root 
++++++++++++++++++++find.++++++++++++++++++++++
.
./.output.log
./lib
./lib/MixedBuffer_cpp.d
./lib/CenMaker_cpp.so
./lib/my_particle_cpp.d
./lib/NpartNormalizer_cpp.d
./lib/my_particle_cpp.so
./lib/NpartNormalizer_cpp_ACLiC_dict_rdict.pcm
./lib/CenMaker_cpp_ACLiC_dict_rdict.pcm
./lib/NpartNormalizer_cpp.so
./lib/my_event_cpp.d
./lib/MixedBuffer_cpp_ACLiC_dict_rdict.pcm
./lib/NpartNormalizer.cpp
./lib/CenMaker.h
./lib/my_event_cpp_ACLiC_dict_rdict.pcm
./lib/MixedBuffer.cpp
./lib/my_event.h
./lib/MixedBuffer_cpp.so
./lib/my_particle.h
./lib/my_event.cpp
./lib/MixedBuffer.h
./lib/NpartNormalizer.h
./lib/my_particle_cpp_ACLiC_dict_rdict.pcm
./lib/CenMaker_cpp.d
./lib/CenMaker.cpp
./lib/my_event_cpp.so
./lib/my_particle.cpp
./INPUTFILES
./INPUTFILES/data_444192551.root
./INPUTFILES/data_444192591.root
./INPUTFILES/data_444165641.root
./INPUTFILES/data_444152791.root
./INPUTFILES/data_444182501.root
./INPUTFILES/data_444152601.root
./INPUTFILES/data_444152751.root
./INPUTFILES/data_444192701.root
./INPUTFILES/data_444192561.root
./INPUTFILES/data_444192581.root
./INPUTFILES/data_444152681.root
./INPUTFILES/data_444152531.root
./INPUTFILES/data_444152651.root
./INPUTFILES/data_444157271.root
./INPUTFILES/data_444192531.root
./INPUTFILES/data_444172411.root
./INPUTFILES/data_444181361.root
./INPUTFILES/data_444165651.root
./INPUTFILES/data_444152831.root
./INPUTFILES/data_444151061.root
./INPUTFILES/data_444160861.root
./INPUTFILES/data_444152611.root
./INPUTFILES/data_444156131.root
./INPUTFILES/data_444152581.root
./INPUTFILES/data_444159171.root
./INPUTFILES/data_444160571.root
./INPUTFILES/21EF1A6A9139C9FD2A38E59AFB466F9A_1335.local.list
./INPUTFILES/data_444168671.root
./INPUTFILES/data_444152691.root
./INPUTFILES/data_444152511.root
./INPUTFILES/data_444152741.root
./INPUTFILES/data_444167111.root
./INPUTFILES/data_444168661.root
./INPUTFILES/data_444152561.root
./INPUTFILES/data_444152661.root
./INPUTFILES/data_444155661.root
./INPUTFILES/data_444153441.root
./INPUTFILES/data_444192671.root
./check_S.C
./Check_Sness.C
./.errror.log
./.sandboxFiles
++++++++++++++++INPUTFILE Var++++++++++++++++++
FILELIST=/tmp/maxwoo/21EF1A6A9139C9FD2A38E59AFB466F9A_1335/INPUTFILES/21EF1A6A9139C9FD2A38E59AFB466F9A_1335.local.list
INPUTFILECOUNT=37
INPUTFILE0=/tmp/maxwoo/21EF1A6A9139C9FD2A38E59AFB466F9A_1335/INPUTFILES/data_444151061.root
INPUTFILE1=/tmp/maxwoo/21EF1A6A9139C9FD2A38E59AFB466F9A_1335/INPUTFILES/data_444152511.root
INPUTFILE2=/tmp/maxwoo/21EF1A6A9139C9FD2A38E59AFB466F9A_1335/INPUTFILES/data_444152531.root
INPUTFILE3=/tmp/maxwoo/21EF1A6A9139C9FD2A38E59AFB466F9A_1335/INPUTFILES/data_444152561.root
INPUTFILE4=/tmp/maxwoo/21EF1A6A9139C9FD2A38E59AFB466F9A_1335/INPUTFILES/data_444152581.root
INPUTFILE5=/tmp/maxwoo/21EF1A6A9139C9FD2A38E59AFB466F9A_1335/INPUTFILES/data_444152601.root
INPUTFILE6=/tmp/maxwoo/21EF1A6A9139C9FD2A38E59AFB466F9A_1335/INPUTFILES/data_444152611.root
INPUTFILE7=/tmp/maxwoo/21EF1A6A9139C9FD2A38E59AFB466F9A_1335/INPUTFILES/data_444152651.root
INPUTFILE8=/tmp/maxwoo/21EF1A6A9139C9FD2A38E59AFB466F9A_1335/INPUTFILES/data_444152661.root
INPUTFILE9=/tmp/maxwoo/21EF1A6A9139C9FD2A38E59AFB466F9A_1335/INPUTFILES/data_444152681.root
INPUTFILE10=/tmp/maxwoo/21EF1A6A9139C9FD2A38E59AFB466F9A_1335/INPUTFILES/data_444152691.root
INPUTFILE11=/tmp/maxwoo/21EF1A6A9139C9FD2A38E59AFB466F9A_1335/INPUTFILES/data_444152741.root
INPUTFILE12=/tmp/maxwoo/21EF1A6A9139C9FD2A38E59AFB466F9A_1335/INPUTFILES/data_444152751.root
INPUTFILE13=/tmp/maxwoo/21EF1A6A9139C9FD2A38E59AFB466F9A_1335/INPUTFILES/data_444152791.root
INPUTFILE14=/tmp/maxwoo/21EF1A6A9139C9FD2A38E59AFB466F9A_1335/INPUTFILES/data_444152831.root
INPUTFILE15=/tmp/maxwoo/21EF1A6A9139C9FD2A38E59AFB466F9A_1335/INPUTFILES/data_444153441.root
INPUTFILE16=/tmp/maxwoo/21EF1A6A9139C9FD2A38E59AFB466F9A_1335/INPUTFILES/data_444155661.root
INPUTFILE17=/tmp/maxwoo/21EF1A6A9139C9FD2A38E59AFB466F9A_1335/INPUTFILES/data_444156131.root
INPUTFILE18=/tmp/maxwoo/21EF1A6A9139C9FD2A38E59AFB466F9A_1335/INPUTFILES/data_444157271.root
INPUTFILE19=/tmp/maxwoo/21EF1A6A9139C9FD2A38E59AFB466F9A_1335/INPUTFILES/data_444159171.root
INPUTFILE20=/tmp/maxwoo/21EF1A6A9139C9FD2A38E59AFB466F9A_1335/INPUTFILES/data_444160571.root
INPUTFILE21=/tmp/maxwoo/21EF1A6A9139C9FD2A38E59AFB466F9A_1335/INPUTFILES/data_444160861.root
INPUTFILE22=/tmp/maxwoo/21EF1A6A9139C9FD2A38E59AFB466F9A_1335/INPUTFILES/data_444165641.root
INPUTFILE23=/tmp/maxwoo/21EF1A6A9139C9FD2A38E59AFB466F9A_1335/INPUTFILES/data_444165651.root
INPUTFILE24=/tmp/maxwoo/21EF1A6A9139C9FD2A38E59AFB466F9A_1335/INPUTFILES/data_444167111.root
INPUTFILE25=/tmp/maxwoo/21EF1A6A9139C9FD2A38E59AFB466F9A_1335/INPUTFILES/data_444168661.root
INPUTFILE26=/tmp/maxwoo/21EF1A6A9139C9FD2A38E59AFB466F9A_1335/INPUTFILES/data_444168671.root
INPUTFILE27=/tmp/maxwoo/21EF1A6A9139C9FD2A38E59AFB466F9A_1335/INPUTFILES/data_444172411.root
INPUTFILE28=/tmp/maxwoo/21EF1A6A9139C9FD2A38E59AFB466F9A_1335/INPUTFILES/data_444181361.root
INPUTFILE29=/tmp/maxwoo/21EF1A6A9139C9FD2A38E59AFB466F9A_1335/INPUTFILES/data_444182501.root
INPUTFILE30=/tmp/maxwoo/21EF1A6A9139C9FD2A38E59AFB466F9A_1335/INPUTFILES/data_444192531.root
INPUTFILE31=/tmp/maxwoo/21EF1A6A9139C9FD2A38E59AFB466F9A_1335/INPUTFILES/data_444192551.root
INPUTFILE32=/tmp/maxwoo/21EF1A6A9139C9FD2A38E59AFB466F9A_1335/INPUTFILES/data_444192561.root
INPUTFILE33=/tmp/maxwoo/21EF1A6A9139C9FD2A38E59AFB466F9A_1335/INPUTFILES/data_444192581.root
INPUTFILE34=/tmp/maxwoo/21EF1A6A9139C9FD2A38E59AFB466F9A_1335/INPUTFILES/data_444192591.root
INPUTFILE35=/tmp/maxwoo/21EF1A6A9139C9FD2A38E59AFB466F9A_1335/INPUTFILES/data_444192671.root
INPUTFILE36=/tmp/maxwoo/21EF1A6A9139C9FD2A38E59AFB466F9A_1335/INPUTFILES/data_444192701.root
LocalInputFileDir=/tmp/maxwoo/21EF1A6A9139C9FD2A38E59AFB466F9A_1335/INPUTFILES
NewFILELIST=/tmp/maxwoo/21EF1A6A9139C9FD2A38E59AFB466F9A_1335/INPUTFILES/21EF1A6A9139C9FD2A38E59AFB466F9A_1335.local.list
+++++++++++++++++++++++++++++++++++++++++++++++
--------------------------------
Simple Unified Meta Scheduler 1.10.50 we are starting in $SCRATCH : /home/tmp/maxwoo/21EF1A6A9139C9FD2A38E59AFB466F9A_1335
--------------------------------
total 16
lrwxrwxrwx 1 maxwoo rhstar   61 Jun  2 11:19 check_S.C -> /gpfs/mnt/gpfs01/star/pwg/xiatong/git/strangeness/./check_S.C
lrwxrwxrwx 1 maxwoo rhstar   65 Jun  2 11:19 Check_Sness.C -> /gpfs/mnt/gpfs01/star/pwg/xiatong/git/strangeness/./Check_Sness.C
drwxr-xr-x 2 maxwoo rhstar 4096 Jun  2 11:23 INPUTFILES
drwxr-xr-x 2 maxwoo rhstar 4096 Jun  2 11:19 lib
  *******************************************
  *                                         *
  *        W E L C O M E  to  R O O T       *
  *                                         *
  *   Version   5.34/38     12 March 2018   *
  *                                         *
  *  You are welcome to visit our Web site  *
  *          http://root.cern.ch            *
  *                                         *
  *******************************************

ROOT 5.34/38 (v5-34-38@v5-34-38, Mar 12 2018, 15:49:39 on linux)

CINT/ROOT C/C++ Interpreter version 5.18.00, July 2, 2010
Type ? for help. Commands must be C++ statements.
Enclose multiple statements between { }.
*** Float Point Exception is OFF ***
 *** Start at Date : Thu Jun  2 11:23:03 2022
QAInfo:You are using STAR_LEVEL : dev, ROOT_LEVEL : 5.34.38 and node : spool0762.sdcc.bnl.gov 

Processing check_S.C++("/tmp/maxwoo/21EF1A6A9139C9FD2A38E59AFB466F9A_1335/INPUTFILES/21EF1A6A9139C9FD2A38E59AFB466F9A_1335.local.list","21EF1A6A9139C9FD2A38E59AFB466F9A_1335",1)...
/tmp/maxwoo/21EF1A6A9139C9FD2A38E59AFB466F9A_1335/INPUTFILES/data_444151061.root 
/tmp/maxwoo/21EF1A6A9139C9FD2A38E59AFB466F9A_1335/INPUTFILES/data_444152511.root 
/tmp/maxwoo/21EF1A6A9139C9FD2A38E59AFB466F9A_1335/INPUTFILES/data_444152531.root 
/tmp/maxwoo/21EF1A6A9139C9FD2A38E59AFB466F9A_1335/INPUTFILES/data_444152561.root 
/tmp/maxwoo/21EF1A6A9139C9FD2A38E59AFB466F9A_1335/INPUTFILES/data_444152581.root 
/tmp/maxwoo/21EF1A6A9139C9FD2A38E59AFB466F9A_1335/INPUTFILES/data_444152601.root 
/tmp/maxwoo/21EF1A6A9139C9FD2A38E59AFB466F9A_1335/INPUTFILES/data_444152611.root 
/tmp/maxwoo/21EF1A6A9139C9FD2A38E59AFB466F9A_1335/INPUTFILES/data_444152651.root 
/tmp/maxwoo/21EF1A6A9139C9FD2A38E59AFB466F9A_1335/INPUTFILES/data_444152661.root 
/tmp/maxwoo/21EF1A6A9139C9FD2A38E59AFB466F9A_1335/INPUTFILES/data_444152681.root 
/tmp/maxwoo/21EF1A6A9139C9FD2A38E59AFB466F9A_1335/INPUTFILES/data_444152691.root 
/tmp/maxwoo/21EF1A6A9139C9FD2A38E59AFB466F9A_1335/INPUTFILES/data_444152741.root 
/tmp/maxwoo/21EF1A6A9139C9FD2A38E59AFB466F9A_1335/INPUTFILES/data_444152751.root 
/tmp/maxwoo/21EF1A6A9139C9FD2A38E59AFB466F9A_1335/INPUTFILES/data_444152791.root 
/tmp/maxwoo/21EF1A6A9139C9FD2A38E59AFB466F9A_1335/INPUTFILES/data_444152831.root 
/tmp/maxwoo/21EF1A6A9139C9FD2A38E59AFB466F9A_1335/INPUTFILES/data_444153441.root 
/tmp/maxwoo/21EF1A6A9139C9FD2A38E59AFB466F9A_1335/INPUTFILES/data_444155661.root 
/tmp/maxwoo/21EF1A6A9139C9FD2A38E59AFB466F9A_1335/INPUTFILES/data_444156131.root 
/tmp/maxwoo/21EF1A6A9139C9FD2A38E59AFB466F9A_1335/INPUTFILES/data_444157271.root 
/tmp/maxwoo/21EF1A6A9139C9FD2A38E59AFB466F9A_1335/INPUTFILES/data_444159171.root 
/tmp/maxwoo/21EF1A6A9139C9FD2A38E59AFB466F9A_1335/INPUTFILES/data_444160571.root 
/tmp/maxwoo/21EF1A6A9139C9FD2A38E59AFB466F9A_1335/INPUTFILES/data_444160861.root 
/tmp/maxwoo/21EF1A6A9139C9FD2A38E59AFB466F9A_1335/INPUTFILES/data_444165641.root 
/tmp/maxwoo/21EF1A6A9139C9FD2A38E59AFB466F9A_1335/INPUTFILES/data_444165651.root 
/tmp/maxwoo/21EF1A6A9139C9FD2A38E59AFB466F9A_1335/INPUTFILES/data_444167111.root 
/tmp/maxwoo/21EF1A6A9139C9FD2A38E59AFB466F9A_1335/INPUTFILES/data_444168661.root 
/tmp/maxwoo/21EF1A6A9139C9FD2A38E59AFB466F9A_1335/INPUTFILES/data_444168671.root 
/tmp/maxwoo/21EF1A6A9139C9FD2A38E59AFB466F9A_1335/INPUTFILES/data_444172411.root 
/tmp/maxwoo/21EF1A6A9139C9FD2A38E59AFB466F9A_1335/INPUTFILES/data_444181361.root 
/tmp/maxwoo/21EF1A6A9139C9FD2A38E59AFB466F9A_1335/INPUTFILES/data_444182501.root 
/tmp/maxwoo/21EF1A6A9139C9FD2A38E59AFB466F9A_1335/INPUTFILES/data_444192531.root 
/tmp/maxwoo/21EF1A6A9139C9FD2A38E59AFB466F9A_1335/INPUTFILES/data_444192551.root 
/tmp/maxwoo/21EF1A6A9139C9FD2A38E59AFB466F9A_1335/INPUTFILES/data_444192561.root 
/tmp/maxwoo/21EF1A6A9139C9FD2A38E59AFB466F9A_1335/INPUTFILES/data_444192581.root 
/tmp/maxwoo/21EF1A6A9139C9FD2A38E59AFB466F9A_1335/INPUTFILES/data_444192591.root 
/tmp/maxwoo/21EF1A6A9139C9FD2A38E59AFB466F9A_1335/INPUTFILES/data_444192671.root 
/tmp/maxwoo/21EF1A6A9139C9FD2A38E59AFB466F9A_1335/INPUTFILES/data_444192701.root 
Added 37 files
# entries in chain: 37000
Processing entry == 1000 == out of 37000.
Processing entry == 2000 == out of 37000.
Processing entry == 3000 == out of 37000.
Processing entry == 4000 == out of 37000.
Processing entry == 5000 == out of 37000.
Processing entry == 6000 == out of 37000.
Processing entry == 7000 == out of 37000.
Processing entry == 8000 == out of 37000.
Processing entry == 9000 == out of 37000.
Processing entry == 10000 == out of 37000.
Processing entry == 11000 == out of 37000.
Processing entry == 12000 == out of 37000.
Processing entry == 13000 == out of 37000.
Processing entry == 14000 == out of 37000.
Processing entry == 15000 == out of 37000.
Processing entry == 16000 == out of 37000.
Processing entry == 17000 == out of 37000.
Processing entry == 18000 == out of 37000.
Processing entry == 19000 == out of 37000.
Processing entry == 20000 == out of 37000.
Processing entry == 21000 == out of 37000.
Processing entry == 22000 == out of 37000.
Processing entry == 23000 == out of 37000.
Processing entry == 24000 == out of 37000.
Processing entry == 25000 == out of 37000.
Processing entry == 26000 == out of 37000.
Processing entry == 27000 == out of 37000.
Processing entry == 28000 == out of 37000.
Processing entry == 29000 == out of 37000.
Processing entry == 30000 == out of 37000.
Processing entry == 31000 == out of 37000.
Processing entry == 32000 == out of 37000.
Processing entry == 33000 == out of 37000.
Processing entry == 34000 == out of 37000.
Processing entry == 35000 == out of 37000.
Processing entry == 36000 == out of 37000.
Processing entry == 37000 == out of 37000.

This is the end of ROOT -- Goodbye

Cleaning up sandbox file:  /tmp/maxwoo/21EF1A6A9139C9FD2A38E59AFB466F9A_1335/check_S.C
Cleaning up sandbox file:  /tmp/maxwoo/21EF1A6A9139C9FD2A38E59AFB466F9A_1335/Check_Sness.C
Cleaning up sandbox file:  /tmp/maxwoo/21EF1A6A9139C9FD2A38E59AFB466F9A_1335/lib
Cleaning up sandbox file:  /tmp/maxwoo/21EF1A6A9139C9FD2A38E59AFB466F9A_1335/.sandboxFiles
Starting copy block
Running copy command:  /bin/cp -fp /tmp/maxwoo/21EF1A6A9139C9FD2A38E59AFB466F9A_1335/out_21EF1A6A9139C9FD2A38E59AFB466F9A_1335.root /star/data01/pwg/xiatong/git/strangeness/data/
86015 Execution of (/star/data01/pwg/xiatong/git/strangeness/script/sched21EF1A6A9139C9FD2A38E59AFB466F9A_1335.csh ) has ended, exiting normally
86015 We END on [Thu Jun  2 11:39:11 EDT 2022]
