We are starting on node: spar0401.usatlas.bnl.gov
HOME is not defined
Using getent method
HOME is now /star/u/maxwoo
903 We will spawn ourselves (/star/data01/pwg/xiatong/git/strangeness/script/sched21EF1A6A9139C9FD2A38E59AFB466F9A_1390.csh )
903 We BEGIN on [Thu Jun  2 11:18:11 EDT 2022]
[1] 1101
903 We are waiting for 1101 
903 Grandchild PID is 1329 - found in 10 x 1 seconds
903 Establishing first watcher   on    Thu Jun  2 11:18:22 EDT 2022
903 Process tree is 903 (main) -> 1101 (child) -> 1329 (grandchild)
F S   UID    PID   PPID  C PRI  NI ADDR SZ WCHAN  TTY        TIME CMD
0 D 100667  1329   1101  0  80   0 - 32311 cxiWai ?          0:00 cp /star/data01/pwg/xiatong/AMPT/14GeV/data_471248341.root /tmp/maxwoo/21EF1A6A9139C9FD2A38E59AFB466F9A_1390/INPUTFILES/data_471248341.root
903 Grandchild PID is 2182 - found in 20 x 2 seconds
903 Grandchild to watch has changed on Thu Jun  2 11:18:42 EDT 2022
903 Process tree is 903 (main) -> 1101 (child) -> 2182 (grandchild)
F S   UID    PID   PPID  C PRI  NI ADDR SZ WCHAN  TTY        TIME CMD
0 D 100667  2182   1101  0  80   0 - 32311 cxiWai ?          0:00 cp /star/data01/pwg/xiatong/AMPT/14GeV/data_471282131.root /tmp/maxwoo/21EF1A6A9139C9FD2A38E59AFB466F9A_1390/INPUTFILES/data_471282131.root
903 Grandchild PID is 3266 - found in 30 x 2 seconds
903 Grandchild to watch has changed on Thu Jun  2 11:19:03 EDT 2022
903 Process tree is 903 (main) -> 1101 (child) -> 3266 (grandchild)
F S   UID    PID   PPID  C PRI  NI ADDR SZ WCHAN  TTY        TIME CMD
0 D 100667  3266   1101  0  80   0 - 32311 cxiWai ?          0:00 cp /star/data01/pwg/xiatong/AMPT/14GeV/data_471648301.root /tmp/maxwoo/21EF1A6A9139C9FD2A38E59AFB466F9A_1390/INPUTFILES/data_471648301.root
903 Grandchild PID is 4418 - found in 40 x 2 seconds
903 Grandchild to watch has changed on Thu Jun  2 11:19:27 EDT 2022
903 Process tree is 903 (main) -> 1101 (child) -> 4418 (grandchild)
F S   UID    PID   PPID  C PRI  NI ADDR SZ WCHAN  TTY        TIME CMD
0 R 100667  4418   1101  0  80   0 - 32311 -      ?          0:00 cp /star/data01/pwg/xiatong/AMPT/14GeV/data_471948261.root /tmp/maxwoo/21EF1A6A9139C9FD2A38E59AFB466F9A_1390/INPUTFILES/data_471948261.root
903 Grandchild PID is 4456 - found in 50 x 2 seconds
903 Grandchild to watch has changed on Thu Jun  2 11:19:47 EDT 2022
903 Process tree is 903 (main) -> 1101 (child) -> 4456 (grandchild)
F S   UID    PID   PPID  C PRI  NI ADDR SZ WCHAN  TTY        TIME CMD
0 D 100667  4456   1101  0  80   0 - 32311 cxiWai ?          0:00 cp /star/data01/pwg/xiatong/AMPT/14GeV/data_471948271.root /tmp/maxwoo/21EF1A6A9139C9FD2A38E59AFB466F9A_1390/INPUTFILES/data_471948271.root
903 Grandchild PID is 6013 - found in 60 x 2 seconds
903 Grandchild to watch has changed on Thu Jun  2 11:20:08 EDT 2022
903 Process tree is 903 (main) -> 1101 (child) -> 6013 (grandchild)
F S   UID    PID   PPID  C PRI  NI ADDR SZ WCHAN  TTY        TIME CMD
0 D 100667  6013   1101  0  80   0 - 32311 cxiWai ?          0:00 cp /star/data01/pwg/xiatong/AMPT/14GeV/data_472113671.root /tmp/maxwoo/21EF1A6A9139C9FD2A38E59AFB466F9A_1390/INPUTFILES/data_472113671.root
903 Grandchild PID is 7587 - found in 70 x 2 seconds
903 Grandchild to watch has changed on Thu Jun  2 11:20:29 EDT 2022
903 Process tree is 903 (main) -> 1101 (child) -> 7587 (grandchild)
F S   UID    PID   PPID  C PRI  NI ADDR SZ WCHAN  TTY        TIME CMD
0 D 100667  7587   1101  0  80   0 - 32311 cxiWai ?          0:00 cp /star/data01/pwg/xiatong/AMPT/14GeV/data_472149211.root /tmp/maxwoo/21EF1A6A9139C9FD2A38E59AFB466F9A_1390/INPUTFILES/data_472149211.root
903 Grandchild PID is 8435 - found in 80 x 2 seconds
903 Grandchild to watch has changed on Thu Jun  2 11:20:50 EDT 2022
903 Process tree is 903 (main) -> 1101 (child) -> 8435 (grandchild)
F S   UID    PID   PPID  C PRI  NI ADDR SZ WCHAN  TTY        TIME CMD
0 D 100667  8435   1101  0  80   0 - 32311 cxiWai ?          0:00 cp /star/data01/pwg/xiatong/AMPT/14GeV/data_472149451.root /tmp/maxwoo/21EF1A6A9139C9FD2A38E59AFB466F9A_1390/INPUTFILES/data_472149451.root
903 Grandchild PID is 9383 - found in 90 x 2 seconds
903 Grandchild to watch has changed on Thu Jun  2 11:21:15 EDT 2022
903 Process tree is 903 (main) -> 1101 (child) -> 9383 (grandchild)
F S   UID    PID   PPID  C PRI  NI ADDR SZ WCHAN  TTY        TIME CMD
0 D 100667  9383   1101  0  80   0 - 32311 cxiWai ?          0:00 cp /star/data01/pwg/xiatong/AMPT/14GeV/data_472155351.root /tmp/maxwoo/21EF1A6A9139C9FD2A38E59AFB466F9A_1390/INPUTFILES/data_472155351.root
903 Grandchild PID is 10293 - found in 100 x 2 seconds
903 Grandchild to watch has changed on Thu Jun  2 11:21:36 EDT 2022
903 Process tree is 903 (main) -> 1101 (child) -> 10293 (grandchild)
F S   UID    PID   PPID  C PRI  NI ADDR SZ WCHAN  TTY        TIME CMD
0 D 100667 10293   1101  0  80   0 - 32311 cxiWai ?          0:00 cp /star/data01/pwg/xiatong/AMPT/14GeV/data_472181891.root /tmp/maxwoo/21EF1A6A9139C9FD2A38E59AFB466F9A_1390/INPUTFILES/data_472181891.root
903 Grandchild PID is 10917 - found in 110 x 2 seconds
903 Grandchild to watch has changed on Thu Jun  2 11:21:57 EDT 2022
903 Process tree is 903 (main) -> 1101 (child) -> 10917 (grandchild)
F S   UID    PID   PPID  C PRI  NI ADDR SZ WCHAN  TTY        TIME CMD
0 D 100667 10917   1101  0  80   0 - 32311 cxiWai ?          0:00 cp /star/data01/pwg/xiatong/AMPT/14GeV/data_472182101.root /tmp/maxwoo/21EF1A6A9139C9FD2A38E59AFB466F9A_1390/INPUTFILES/data_472182101.root
903 Grandchild PID is 11664 - found in 120 x 2 seconds
903 Grandchild to watch has changed on Thu Jun  2 11:22:18 EDT 2022
903 Process tree is 903 (main) -> 1101 (child) -> 11664 (grandchild)
F S   UID    PID   PPID  C PRI  NI ADDR SZ WCHAN  TTY        TIME CMD
0 S 100667 11664   1101  0  80   0 -  1272 do_wai ?          0:00 root -b -q check_S.C++("/tmp/maxwoo/21EF1A6A9139C9FD2A38E59AFB466F9A_1390/INPUTFILES/21EF1A6A9139C9FD2A38E59AFB466F9A_1390.local.list","21EF1A6A9139C9FD2A38E59AFB466F9A_1390",1)
903 Grandchild PID is 58885 - found in 620 x 2 seconds
903 Grandchild to watch has changed on Thu Jun  2 11:39:35 EDT 2022
903 Process tree is 903 (main) -> 1101 (child) -> 58885 (grandchild)
F S   UID    PID   PPID  C PRI  NI ADDR SZ WCHAN  TTY        TIME CMD
0 D 100667 58885   1101  0  80   0 - 30261 cxiWai ?          0:00 /bin/cp -fp /tmp/maxwoo/21EF1A6A9139C9FD2A38E59AFB466F9A_1390/out_21EF1A6A9139C9FD2A38E59AFB466F9A_1390.root /star/data01/pwg/xiatong/git/strangeness/data/
1101 Stepping into the main SUMS wrapper program with []
.... building sandbox
Running: cp /star/data01/pwg/xiatong/AMPT/14GeV/data_471248331.root /tmp/maxwoo/21EF1A6A9139C9FD2A38E59AFB466F9A_1390/INPUTFILES/data_471248331.root
Running: cp /star/data01/pwg/xiatong/AMPT/14GeV/data_471248341.root /tmp/maxwoo/21EF1A6A9139C9FD2A38E59AFB466F9A_1390/INPUTFILES/data_471248341.root
Running: cp /star/data01/pwg/xiatong/AMPT/14GeV/data_471282131.root /tmp/maxwoo/21EF1A6A9139C9FD2A38E59AFB466F9A_1390/INPUTFILES/data_471282131.root
Running: cp /star/data01/pwg/xiatong/AMPT/14GeV/data_471320721.root /tmp/maxwoo/21EF1A6A9139C9FD2A38E59AFB466F9A_1390/INPUTFILES/data_471320721.root
Running: cp /star/data01/pwg/xiatong/AMPT/14GeV/data_471520711.root /tmp/maxwoo/21EF1A6A9139C9FD2A38E59AFB466F9A_1390/INPUTFILES/data_471520711.root
Running: cp /star/data01/pwg/xiatong/AMPT/14GeV/data_471548311.root /tmp/maxwoo/21EF1A6A9139C9FD2A38E59AFB466F9A_1390/INPUTFILES/data_471548311.root
Running: cp /star/data01/pwg/xiatong/AMPT/14GeV/data_471548321.root /tmp/maxwoo/21EF1A6A9139C9FD2A38E59AFB466F9A_1390/INPUTFILES/data_471548321.root
Running: cp /star/data01/pwg/xiatong/AMPT/14GeV/data_471648291.root /tmp/maxwoo/21EF1A6A9139C9FD2A38E59AFB466F9A_1390/INPUTFILES/data_471648291.root
Running: cp /star/data01/pwg/xiatong/AMPT/14GeV/data_471648301.root /tmp/maxwoo/21EF1A6A9139C9FD2A38E59AFB466F9A_1390/INPUTFILES/data_471648301.root
Running: cp /star/data01/pwg/xiatong/AMPT/14GeV/data_471720681.root /tmp/maxwoo/21EF1A6A9139C9FD2A38E59AFB466F9A_1390/INPUTFILES/data_471720681.root
Running: cp /star/data01/pwg/xiatong/AMPT/14GeV/data_471720701.root /tmp/maxwoo/21EF1A6A9139C9FD2A38E59AFB466F9A_1390/INPUTFILES/data_471720701.root
Running: cp /star/data01/pwg/xiatong/AMPT/14GeV/data_471920671.root /tmp/maxwoo/21EF1A6A9139C9FD2A38E59AFB466F9A_1390/INPUTFILES/data_471920671.root
Running: cp /star/data01/pwg/xiatong/AMPT/14GeV/data_471920691.root /tmp/maxwoo/21EF1A6A9139C9FD2A38E59AFB466F9A_1390/INPUTFILES/data_471920691.root
Running: cp /star/data01/pwg/xiatong/AMPT/14GeV/data_471948261.root /tmp/maxwoo/21EF1A6A9139C9FD2A38E59AFB466F9A_1390/INPUTFILES/data_471948261.root
Running: cp /star/data01/pwg/xiatong/AMPT/14GeV/data_471948271.root /tmp/maxwoo/21EF1A6A9139C9FD2A38E59AFB466F9A_1390/INPUTFILES/data_471948271.root
Running: cp /star/data01/pwg/xiatong/AMPT/14GeV/data_471948281.root /tmp/maxwoo/21EF1A6A9139C9FD2A38E59AFB466F9A_1390/INPUTFILES/data_471948281.root
Running: cp /star/data01/pwg/xiatong/AMPT/14GeV/data_472020651.root /tmp/maxwoo/21EF1A6A9139C9FD2A38E59AFB466F9A_1390/INPUTFILES/data_472020651.root
Running: cp /star/data01/pwg/xiatong/AMPT/14GeV/data_472082121.root /tmp/maxwoo/21EF1A6A9139C9FD2A38E59AFB466F9A_1390/INPUTFILES/data_472082121.root
Running: cp /star/data01/pwg/xiatong/AMPT/14GeV/data_472113661.root /tmp/maxwoo/21EF1A6A9139C9FD2A38E59AFB466F9A_1390/INPUTFILES/data_472113661.root
Running: cp /star/data01/pwg/xiatong/AMPT/14GeV/data_472113671.root /tmp/maxwoo/21EF1A6A9139C9FD2A38E59AFB466F9A_1390/INPUTFILES/data_472113671.root
Running: cp /star/data01/pwg/xiatong/AMPT/14GeV/data_472120661.root /tmp/maxwoo/21EF1A6A9139C9FD2A38E59AFB466F9A_1390/INPUTFILES/data_472120661.root
Running: cp /star/data01/pwg/xiatong/AMPT/14GeV/data_472122431.root /tmp/maxwoo/21EF1A6A9139C9FD2A38E59AFB466F9A_1390/INPUTFILES/data_472122431.root
Running: cp /star/data01/pwg/xiatong/AMPT/14GeV/data_472123961.root /tmp/maxwoo/21EF1A6A9139C9FD2A38E59AFB466F9A_1390/INPUTFILES/data_472123961.root
Running: cp /star/data01/pwg/xiatong/AMPT/14GeV/data_472134771.root /tmp/maxwoo/21EF1A6A9139C9FD2A38E59AFB466F9A_1390/INPUTFILES/data_472134771.root
Running: cp /star/data01/pwg/xiatong/AMPT/14GeV/data_472148871.root /tmp/maxwoo/21EF1A6A9139C9FD2A38E59AFB466F9A_1390/INPUTFILES/data_472148871.root
Running: cp /star/data01/pwg/xiatong/AMPT/14GeV/data_472148981.root /tmp/maxwoo/21EF1A6A9139C9FD2A38E59AFB466F9A_1390/INPUTFILES/data_472148981.root
Running: cp /star/data01/pwg/xiatong/AMPT/14GeV/data_472149191.root /tmp/maxwoo/21EF1A6A9139C9FD2A38E59AFB466F9A_1390/INPUTFILES/data_472149191.root
Running: cp /star/data01/pwg/xiatong/AMPT/14GeV/data_472149211.root /tmp/maxwoo/21EF1A6A9139C9FD2A38E59AFB466F9A_1390/INPUTFILES/data_472149211.root
Running: cp /star/data01/pwg/xiatong/AMPT/14GeV/data_472149231.root /tmp/maxwoo/21EF1A6A9139C9FD2A38E59AFB466F9A_1390/INPUTFILES/data_472149231.root
Running: cp /star/data01/pwg/xiatong/AMPT/14GeV/data_472149441.root /tmp/maxwoo/21EF1A6A9139C9FD2A38E59AFB466F9A_1390/INPUTFILES/data_472149441.root
Running: cp /star/data01/pwg/xiatong/AMPT/14GeV/data_472149451.root /tmp/maxwoo/21EF1A6A9139C9FD2A38E59AFB466F9A_1390/INPUTFILES/data_472149451.root
Running: cp /star/data01/pwg/xiatong/AMPT/14GeV/data_472149501.root /tmp/maxwoo/21EF1A6A9139C9FD2A38E59AFB466F9A_1390/INPUTFILES/data_472149501.root
Running: cp /star/data01/pwg/xiatong/AMPT/14GeV/data_472149741.root /tmp/maxwoo/21EF1A6A9139C9FD2A38E59AFB466F9A_1390/INPUTFILES/data_472149741.root
Running: cp /star/data01/pwg/xiatong/AMPT/14GeV/data_472155351.root /tmp/maxwoo/21EF1A6A9139C9FD2A38E59AFB466F9A_1390/INPUTFILES/data_472155351.root
Running: cp /star/data01/pwg/xiatong/AMPT/14GeV/data_472176051.root /tmp/maxwoo/21EF1A6A9139C9FD2A38E59AFB466F9A_1390/INPUTFILES/data_472176051.root
Running: cp /star/data01/pwg/xiatong/AMPT/14GeV/data_472181891.root /tmp/maxwoo/21EF1A6A9139C9FD2A38E59AFB466F9A_1390/INPUTFILES/data_472181891.root
Running: cp /star/data01/pwg/xiatong/AMPT/14GeV/data_472182101.root /tmp/maxwoo/21EF1A6A9139C9FD2A38E59AFB466F9A_1390/INPUTFILES/data_472182101.root
Swapping $FILELIST with: /tmp/maxwoo/21EF1A6A9139C9FD2A38E59AFB466F9A_1390/INPUTFILES/21EF1A6A9139C9FD2A38E59AFB466F9A_1390.local.list
+++++++++++local copy debug++++++++++++++++++++
newFileList: /tmp/maxwoo/21EF1A6A9139C9FD2A38E59AFB466F9A_1390/INPUTFILES/21EF1A6A9139C9FD2A38E59AFB466F9A_1390.local.list
++++++++++++++++cat FILELIST+++++++++++++++++++
/tmp/maxwoo/21EF1A6A9139C9FD2A38E59AFB466F9A_1390/INPUTFILES/data_471248331.root 
/tmp/maxwoo/21EF1A6A9139C9FD2A38E59AFB466F9A_1390/INPUTFILES/data_471248341.root 
/tmp/maxwoo/21EF1A6A9139C9FD2A38E59AFB466F9A_1390/INPUTFILES/data_471282131.root 
/tmp/maxwoo/21EF1A6A9139C9FD2A38E59AFB466F9A_1390/INPUTFILES/data_471320721.root 
/tmp/maxwoo/21EF1A6A9139C9FD2A38E59AFB466F9A_1390/INPUTFILES/data_471520711.root 
/tmp/maxwoo/21EF1A6A9139C9FD2A38E59AFB466F9A_1390/INPUTFILES/data_471548311.root 
/tmp/maxwoo/21EF1A6A9139C9FD2A38E59AFB466F9A_1390/INPUTFILES/data_471548321.root 
/tmp/maxwoo/21EF1A6A9139C9FD2A38E59AFB466F9A_1390/INPUTFILES/data_471648291.root 
/tmp/maxwoo/21EF1A6A9139C9FD2A38E59AFB466F9A_1390/INPUTFILES/data_471648301.root 
/tmp/maxwoo/21EF1A6A9139C9FD2A38E59AFB466F9A_1390/INPUTFILES/data_471720681.root 
/tmp/maxwoo/21EF1A6A9139C9FD2A38E59AFB466F9A_1390/INPUTFILES/data_471720701.root 
/tmp/maxwoo/21EF1A6A9139C9FD2A38E59AFB466F9A_1390/INPUTFILES/data_471920671.root 
/tmp/maxwoo/21EF1A6A9139C9FD2A38E59AFB466F9A_1390/INPUTFILES/data_471920691.root 
/tmp/maxwoo/21EF1A6A9139C9FD2A38E59AFB466F9A_1390/INPUTFILES/data_471948261.root 
/tmp/maxwoo/21EF1A6A9139C9FD2A38E59AFB466F9A_1390/INPUTFILES/data_471948271.root 
/tmp/maxwoo/21EF1A6A9139C9FD2A38E59AFB466F9A_1390/INPUTFILES/data_471948281.root 
/tmp/maxwoo/21EF1A6A9139C9FD2A38E59AFB466F9A_1390/INPUTFILES/data_472020651.root 
/tmp/maxwoo/21EF1A6A9139C9FD2A38E59AFB466F9A_1390/INPUTFILES/data_472082121.root 
/tmp/maxwoo/21EF1A6A9139C9FD2A38E59AFB466F9A_1390/INPUTFILES/data_472113661.root 
/tmp/maxwoo/21EF1A6A9139C9FD2A38E59AFB466F9A_1390/INPUTFILES/data_472113671.root 
/tmp/maxwoo/21EF1A6A9139C9FD2A38E59AFB466F9A_1390/INPUTFILES/data_472120661.root 
/tmp/maxwoo/21EF1A6A9139C9FD2A38E59AFB466F9A_1390/INPUTFILES/data_472122431.root 
/tmp/maxwoo/21EF1A6A9139C9FD2A38E59AFB466F9A_1390/INPUTFILES/data_472123961.root 
/tmp/maxwoo/21EF1A6A9139C9FD2A38E59AFB466F9A_1390/INPUTFILES/data_472134771.root 
/tmp/maxwoo/21EF1A6A9139C9FD2A38E59AFB466F9A_1390/INPUTFILES/data_472148871.root 
/tmp/maxwoo/21EF1A6A9139C9FD2A38E59AFB466F9A_1390/INPUTFILES/data_472148981.root 
/tmp/maxwoo/21EF1A6A9139C9FD2A38E59AFB466F9A_1390/INPUTFILES/data_472149191.root 
/tmp/maxwoo/21EF1A6A9139C9FD2A38E59AFB466F9A_1390/INPUTFILES/data_472149211.root 
/tmp/maxwoo/21EF1A6A9139C9FD2A38E59AFB466F9A_1390/INPUTFILES/data_472149231.root 
/tmp/maxwoo/21EF1A6A9139C9FD2A38E59AFB466F9A_1390/INPUTFILES/data_472149441.root 
/tmp/maxwoo/21EF1A6A9139C9FD2A38E59AFB466F9A_1390/INPUTFILES/data_472149451.root 
/tmp/maxwoo/21EF1A6A9139C9FD2A38E59AFB466F9A_1390/INPUTFILES/data_472149501.root 
/tmp/maxwoo/21EF1A6A9139C9FD2A38E59AFB466F9A_1390/INPUTFILES/data_472149741.root 
/tmp/maxwoo/21EF1A6A9139C9FD2A38E59AFB466F9A_1390/INPUTFILES/data_472155351.root 
/tmp/maxwoo/21EF1A6A9139C9FD2A38E59AFB466F9A_1390/INPUTFILES/data_472176051.root 
/tmp/maxwoo/21EF1A6A9139C9FD2A38E59AFB466F9A_1390/INPUTFILES/data_472181891.root 
/tmp/maxwoo/21EF1A6A9139C9FD2A38E59AFB466F9A_1390/INPUTFILES/data_472182101.root 
++++++++++++++++++++find.++++++++++++++++++++++
.
./.output.log
./.errror.log
./Check_Sness.C
./INPUTFILES
./INPUTFILES/data_471648291.root
./INPUTFILES/data_471248341.root
./INPUTFILES/data_471948261.root
./INPUTFILES/data_472149191.root
./INPUTFILES/data_472149741.root
./INPUTFILES/21EF1A6A9139C9FD2A38E59AFB466F9A_1390.local.list
./INPUTFILES/data_472122431.root
./INPUTFILES/data_472082121.root
./INPUTFILES/data_472113671.root
./INPUTFILES/data_472176051.root
./INPUTFILES/data_472155351.root
./INPUTFILES/data_472149231.root
./INPUTFILES/data_472123961.root
./INPUTFILES/data_472181891.root
./INPUTFILES/data_472182101.root
./INPUTFILES/data_472120661.root
./INPUTFILES/data_471948281.root
./INPUTFILES/data_471648301.root
./INPUTFILES/data_472149501.root
./INPUTFILES/data_471720681.root
./INPUTFILES/data_471920671.root
./INPUTFILES/data_472113661.root
./INPUTFILES/data_471920691.root
./INPUTFILES/data_472134771.root
./INPUTFILES/data_471520711.root
./INPUTFILES/data_472148871.root
./INPUTFILES/data_471282131.root
./INPUTFILES/data_471248331.root
./INPUTFILES/data_471948271.root
./INPUTFILES/data_471548311.root
./INPUTFILES/data_472148981.root
./INPUTFILES/data_471320721.root
./INPUTFILES/data_472149211.root
./INPUTFILES/data_471720701.root
./INPUTFILES/data_472149451.root
./INPUTFILES/data_471548321.root
./INPUTFILES/data_472149441.root
./INPUTFILES/data_472020651.root
./lib
./lib/NpartNormalizer_cpp.so
./lib/my_particle_cpp.so
./lib/MixedBuffer_cpp.so
./lib/my_event.h
./lib/my_particle.cpp
./lib/NpartNormalizer_cpp.d
./lib/MixedBuffer.h
./lib/CenMaker_cpp.so
./lib/CenMaker_cpp.d
./lib/CenMaker.h
./lib/MixedBuffer.cpp
./lib/MixedBuffer_cpp.d
./lib/CenMaker.cpp
./lib/my_particle_cpp.d
./lib/my_event_cpp.so
./lib/NpartNormalizer_cpp_ACLiC_dict_rdict.pcm
./lib/CenMaker_cpp_ACLiC_dict_rdict.pcm
./lib/my_event_cpp.d
./lib/NpartNormalizer.cpp
./lib/my_event_cpp_ACLiC_dict_rdict.pcm
./lib/my_particle_cpp_ACLiC_dict_rdict.pcm
./lib/my_event.cpp
./lib/NpartNormalizer.h
./lib/MixedBuffer_cpp_ACLiC_dict_rdict.pcm
./lib/my_particle.h
./check_S.C
./.sandboxFiles
++++++++++++++++INPUTFILE Var++++++++++++++++++
FILELIST=/tmp/maxwoo/21EF1A6A9139C9FD2A38E59AFB466F9A_1390/INPUTFILES/21EF1A6A9139C9FD2A38E59AFB466F9A_1390.local.list
INPUTFILECOUNT=37
INPUTFILE0=/tmp/maxwoo/21EF1A6A9139C9FD2A38E59AFB466F9A_1390/INPUTFILES/data_471248331.root
INPUTFILE1=/tmp/maxwoo/21EF1A6A9139C9FD2A38E59AFB466F9A_1390/INPUTFILES/data_471248341.root
INPUTFILE2=/tmp/maxwoo/21EF1A6A9139C9FD2A38E59AFB466F9A_1390/INPUTFILES/data_471282131.root
INPUTFILE3=/tmp/maxwoo/21EF1A6A9139C9FD2A38E59AFB466F9A_1390/INPUTFILES/data_471320721.root
INPUTFILE4=/tmp/maxwoo/21EF1A6A9139C9FD2A38E59AFB466F9A_1390/INPUTFILES/data_471520711.root
INPUTFILE5=/tmp/maxwoo/21EF1A6A9139C9FD2A38E59AFB466F9A_1390/INPUTFILES/data_471548311.root
INPUTFILE6=/tmp/maxwoo/21EF1A6A9139C9FD2A38E59AFB466F9A_1390/INPUTFILES/data_471548321.root
INPUTFILE7=/tmp/maxwoo/21EF1A6A9139C9FD2A38E59AFB466F9A_1390/INPUTFILES/data_471648291.root
INPUTFILE8=/tmp/maxwoo/21EF1A6A9139C9FD2A38E59AFB466F9A_1390/INPUTFILES/data_471648301.root
INPUTFILE9=/tmp/maxwoo/21EF1A6A9139C9FD2A38E59AFB466F9A_1390/INPUTFILES/data_471720681.root
INPUTFILE10=/tmp/maxwoo/21EF1A6A9139C9FD2A38E59AFB466F9A_1390/INPUTFILES/data_471720701.root
INPUTFILE11=/tmp/maxwoo/21EF1A6A9139C9FD2A38E59AFB466F9A_1390/INPUTFILES/data_471920671.root
INPUTFILE12=/tmp/maxwoo/21EF1A6A9139C9FD2A38E59AFB466F9A_1390/INPUTFILES/data_471920691.root
INPUTFILE13=/tmp/maxwoo/21EF1A6A9139C9FD2A38E59AFB466F9A_1390/INPUTFILES/data_471948261.root
INPUTFILE14=/tmp/maxwoo/21EF1A6A9139C9FD2A38E59AFB466F9A_1390/INPUTFILES/data_471948271.root
INPUTFILE15=/tmp/maxwoo/21EF1A6A9139C9FD2A38E59AFB466F9A_1390/INPUTFILES/data_471948281.root
INPUTFILE16=/tmp/maxwoo/21EF1A6A9139C9FD2A38E59AFB466F9A_1390/INPUTFILES/data_472020651.root
INPUTFILE17=/tmp/maxwoo/21EF1A6A9139C9FD2A38E59AFB466F9A_1390/INPUTFILES/data_472082121.root
INPUTFILE18=/tmp/maxwoo/21EF1A6A9139C9FD2A38E59AFB466F9A_1390/INPUTFILES/data_472113661.root
INPUTFILE19=/tmp/maxwoo/21EF1A6A9139C9FD2A38E59AFB466F9A_1390/INPUTFILES/data_472113671.root
INPUTFILE20=/tmp/maxwoo/21EF1A6A9139C9FD2A38E59AFB466F9A_1390/INPUTFILES/data_472120661.root
INPUTFILE21=/tmp/maxwoo/21EF1A6A9139C9FD2A38E59AFB466F9A_1390/INPUTFILES/data_472122431.root
INPUTFILE22=/tmp/maxwoo/21EF1A6A9139C9FD2A38E59AFB466F9A_1390/INPUTFILES/data_472123961.root
INPUTFILE23=/tmp/maxwoo/21EF1A6A9139C9FD2A38E59AFB466F9A_1390/INPUTFILES/data_472134771.root
INPUTFILE24=/tmp/maxwoo/21EF1A6A9139C9FD2A38E59AFB466F9A_1390/INPUTFILES/data_472148871.root
INPUTFILE25=/tmp/maxwoo/21EF1A6A9139C9FD2A38E59AFB466F9A_1390/INPUTFILES/data_472148981.root
INPUTFILE26=/tmp/maxwoo/21EF1A6A9139C9FD2A38E59AFB466F9A_1390/INPUTFILES/data_472149191.root
INPUTFILE27=/tmp/maxwoo/21EF1A6A9139C9FD2A38E59AFB466F9A_1390/INPUTFILES/data_472149211.root
INPUTFILE28=/tmp/maxwoo/21EF1A6A9139C9FD2A38E59AFB466F9A_1390/INPUTFILES/data_472149231.root
INPUTFILE29=/tmp/maxwoo/21EF1A6A9139C9FD2A38E59AFB466F9A_1390/INPUTFILES/data_472149441.root
INPUTFILE30=/tmp/maxwoo/21EF1A6A9139C9FD2A38E59AFB466F9A_1390/INPUTFILES/data_472149451.root
INPUTFILE31=/tmp/maxwoo/21EF1A6A9139C9FD2A38E59AFB466F9A_1390/INPUTFILES/data_472149501.root
INPUTFILE32=/tmp/maxwoo/21EF1A6A9139C9FD2A38E59AFB466F9A_1390/INPUTFILES/data_472149741.root
INPUTFILE33=/tmp/maxwoo/21EF1A6A9139C9FD2A38E59AFB466F9A_1390/INPUTFILES/data_472155351.root
INPUTFILE34=/tmp/maxwoo/21EF1A6A9139C9FD2A38E59AFB466F9A_1390/INPUTFILES/data_472176051.root
INPUTFILE35=/tmp/maxwoo/21EF1A6A9139C9FD2A38E59AFB466F9A_1390/INPUTFILES/data_472181891.root
INPUTFILE36=/tmp/maxwoo/21EF1A6A9139C9FD2A38E59AFB466F9A_1390/INPUTFILES/data_472182101.root
LocalInputFileDir=/tmp/maxwoo/21EF1A6A9139C9FD2A38E59AFB466F9A_1390/INPUTFILES
NewFILELIST=/tmp/maxwoo/21EF1A6A9139C9FD2A38E59AFB466F9A_1390/INPUTFILES/21EF1A6A9139C9FD2A38E59AFB466F9A_1390.local.list
+++++++++++++++++++++++++++++++++++++++++++++++
--------------------------------
Simple Unified Meta Scheduler 1.10.50 we are starting in $SCRATCH : /home/tmp/maxwoo/21EF1A6A9139C9FD2A38E59AFB466F9A_1390
--------------------------------
total 16
lrwxrwxrwx 1 maxwoo rhstar   61 Jun  2 11:18 check_S.C -> /gpfs/mnt/gpfs01/star/pwg/xiatong/git/strangeness/./check_S.C
lrwxrwxrwx 1 maxwoo rhstar   65 Jun  2 11:18 Check_Sness.C -> /gpfs/mnt/gpfs01/star/pwg/xiatong/git/strangeness/./Check_Sness.C
drwxr-xr-x 2 maxwoo rhstar 4096 Jun  2 11:21 INPUTFILES
drwxr-xr-x 2 maxwoo rhstar 4096 Jun  2 11:18 lib
  *******************************************
  *                                         *
  *        W E L C O M E  to  R O O T       *
  *                                         *
  *   Version   5.34/38     12 March 2018   *
  *                                         *
  *  You are welcome to visit our Web site  *
  *          http://root.cern.ch            *
  *                                         *
  *******************************************

ROOT 5.34/38 (v5-34-38@v5-34-38, Mar 12 2018, 15:49:39 on linux)

CINT/ROOT C/C++ Interpreter version 5.18.00, July 2, 2010
Type ? for help. Commands must be C++ statements.
Enclose multiple statements between { }.
*** Float Point Exception is OFF ***
 *** Start at Date : Thu Jun  2 11:22:05 2022
QAInfo:You are using STAR_LEVEL : dev, ROOT_LEVEL : 5.34.38 and node : spar0401.usatlas.bnl.gov 

Processing check_S.C++("/tmp/maxwoo/21EF1A6A9139C9FD2A38E59AFB466F9A_1390/INPUTFILES/21EF1A6A9139C9FD2A38E59AFB466F9A_1390.local.list","21EF1A6A9139C9FD2A38E59AFB466F9A_1390",1)...
/tmp/maxwoo/21EF1A6A9139C9FD2A38E59AFB466F9A_1390/INPUTFILES/data_471248331.root 
/tmp/maxwoo/21EF1A6A9139C9FD2A38E59AFB466F9A_1390/INPUTFILES/data_471248341.root 
/tmp/maxwoo/21EF1A6A9139C9FD2A38E59AFB466F9A_1390/INPUTFILES/data_471282131.root 
/tmp/maxwoo/21EF1A6A9139C9FD2A38E59AFB466F9A_1390/INPUTFILES/data_471320721.root 
/tmp/maxwoo/21EF1A6A9139C9FD2A38E59AFB466F9A_1390/INPUTFILES/data_471520711.root 
/tmp/maxwoo/21EF1A6A9139C9FD2A38E59AFB466F9A_1390/INPUTFILES/data_471548311.root 
/tmp/maxwoo/21EF1A6A9139C9FD2A38E59AFB466F9A_1390/INPUTFILES/data_471548321.root 
/tmp/maxwoo/21EF1A6A9139C9FD2A38E59AFB466F9A_1390/INPUTFILES/data_471648291.root 
/tmp/maxwoo/21EF1A6A9139C9FD2A38E59AFB466F9A_1390/INPUTFILES/data_471648301.root 
/tmp/maxwoo/21EF1A6A9139C9FD2A38E59AFB466F9A_1390/INPUTFILES/data_471720681.root 
/tmp/maxwoo/21EF1A6A9139C9FD2A38E59AFB466F9A_1390/INPUTFILES/data_471720701.root 
/tmp/maxwoo/21EF1A6A9139C9FD2A38E59AFB466F9A_1390/INPUTFILES/data_471920671.root 
/tmp/maxwoo/21EF1A6A9139C9FD2A38E59AFB466F9A_1390/INPUTFILES/data_471920691.root 
/tmp/maxwoo/21EF1A6A9139C9FD2A38E59AFB466F9A_1390/INPUTFILES/data_471948261.root 
/tmp/maxwoo/21EF1A6A9139C9FD2A38E59AFB466F9A_1390/INPUTFILES/data_471948271.root 
/tmp/maxwoo/21EF1A6A9139C9FD2A38E59AFB466F9A_1390/INPUTFILES/data_471948281.root 
/tmp/maxwoo/21EF1A6A9139C9FD2A38E59AFB466F9A_1390/INPUTFILES/data_472020651.root 
/tmp/maxwoo/21EF1A6A9139C9FD2A38E59AFB466F9A_1390/INPUTFILES/data_472082121.root 
/tmp/maxwoo/21EF1A6A9139C9FD2A38E59AFB466F9A_1390/INPUTFILES/data_472113661.root 
/tmp/maxwoo/21EF1A6A9139C9FD2A38E59AFB466F9A_1390/INPUTFILES/data_472113671.root 
/tmp/maxwoo/21EF1A6A9139C9FD2A38E59AFB466F9A_1390/INPUTFILES/data_472120661.root 
/tmp/maxwoo/21EF1A6A9139C9FD2A38E59AFB466F9A_1390/INPUTFILES/data_472122431.root 
/tmp/maxwoo/21EF1A6A9139C9FD2A38E59AFB466F9A_1390/INPUTFILES/data_472123961.root 
/tmp/maxwoo/21EF1A6A9139C9FD2A38E59AFB466F9A_1390/INPUTFILES/data_472134771.root 
/tmp/maxwoo/21EF1A6A9139C9FD2A38E59AFB466F9A_1390/INPUTFILES/data_472148871.root 
/tmp/maxwoo/21EF1A6A9139C9FD2A38E59AFB466F9A_1390/INPUTFILES/data_472148981.root 
/tmp/maxwoo/21EF1A6A9139C9FD2A38E59AFB466F9A_1390/INPUTFILES/data_472149191.root 
/tmp/maxwoo/21EF1A6A9139C9FD2A38E59AFB466F9A_1390/INPUTFILES/data_472149211.root 
/tmp/maxwoo/21EF1A6A9139C9FD2A38E59AFB466F9A_1390/INPUTFILES/data_472149231.root 
/tmp/maxwoo/21EF1A6A9139C9FD2A38E59AFB466F9A_1390/INPUTFILES/data_472149441.root 
/tmp/maxwoo/21EF1A6A9139C9FD2A38E59AFB466F9A_1390/INPUTFILES/data_472149451.root 
/tmp/maxwoo/21EF1A6A9139C9FD2A38E59AFB466F9A_1390/INPUTFILES/data_472149501.root 
/tmp/maxwoo/21EF1A6A9139C9FD2A38E59AFB466F9A_1390/INPUTFILES/data_472149741.root 
/tmp/maxwoo/21EF1A6A9139C9FD2A38E59AFB466F9A_1390/INPUTFILES/data_472155351.root 
/tmp/maxwoo/21EF1A6A9139C9FD2A38E59AFB466F9A_1390/INPUTFILES/data_472176051.root 
/tmp/maxwoo/21EF1A6A9139C9FD2A38E59AFB466F9A_1390/INPUTFILES/data_472181891.root 
/tmp/maxwoo/21EF1A6A9139C9FD2A38E59AFB466F9A_1390/INPUTFILES/data_472182101.root 
Added 37 files
# entries in chain: 37000
Processing entry == 1000 == out of 37000.
Processing entry == 2000 == out of 37000.
Processing entry == 3000 == out of 37000.
Processing entry == 4000 == out of 37000.
Processing entry == 5000 == out of 37000.
Processing entry == 6000 == out of 37000.
Processing entry == 7000 == out of 37000.
Processing entry == 8000 == out of 37000.
Processing entry == 9000 == out of 37000.
Processing entry == 10000 == out of 37000.
Processing entry == 11000 == out of 37000.
Processing entry == 12000 == out of 37000.
Processing entry == 13000 == out of 37000.
Processing entry == 14000 == out of 37000.
Processing entry == 15000 == out of 37000.
Processing entry == 16000 == out of 37000.
Processing entry == 17000 == out of 37000.
Processing entry == 18000 == out of 37000.
Processing entry == 19000 == out of 37000.
Processing entry == 20000 == out of 37000.
Processing entry == 21000 == out of 37000.
Processing entry == 22000 == out of 37000.
Processing entry == 23000 == out of 37000.
Processing entry == 24000 == out of 37000.
Processing entry == 25000 == out of 37000.
Processing entry == 26000 == out of 37000.
Processing entry == 27000 == out of 37000.
Processing entry == 28000 == out of 37000.
Processing entry == 29000 == out of 37000.
Processing entry == 30000 == out of 37000.
Processing entry == 31000 == out of 37000.
Processing entry == 32000 == out of 37000.
Processing entry == 33000 == out of 37000.
Processing entry == 34000 == out of 37000.
Processing entry == 35000 == out of 37000.
Processing entry == 36000 == out of 37000.
Processing entry == 37000 == out of 37000.

This is the end of ROOT -- Goodbye

Cleaning up sandbox file:  /tmp/maxwoo/21EF1A6A9139C9FD2A38E59AFB466F9A_1390/check_S.C
Cleaning up sandbox file:  /tmp/maxwoo/21EF1A6A9139C9FD2A38E59AFB466F9A_1390/Check_Sness.C
Cleaning up sandbox file:  /tmp/maxwoo/21EF1A6A9139C9FD2A38E59AFB466F9A_1390/lib
Cleaning up sandbox file:  /tmp/maxwoo/21EF1A6A9139C9FD2A38E59AFB466F9A_1390/.sandboxFiles
Starting copy block
Running copy command:  /bin/cp -fp /tmp/maxwoo/21EF1A6A9139C9FD2A38E59AFB466F9A_1390/out_21EF1A6A9139C9FD2A38E59AFB466F9A_1390.root /star/data01/pwg/xiatong/git/strangeness/data/
903 Execution of (/star/data01/pwg/xiatong/git/strangeness/script/sched21EF1A6A9139C9FD2A38E59AFB466F9A_1390.csh ) has ended, exiting normally
903 We END on [Thu Jun  2 11:39:39 EDT 2022]
