We are starting on node: spool0545.sdcc.bnl.gov
HOME is not defined
Using getent method
HOME is now /star/u/maxwoo
40644 We will spawn ourselves (/star/data01/pwg/xiatong/git/strangeness/script/sched21EF1A6A9139C9FD2A38E59AFB466F9A_1376.csh )
40644 We BEGIN on [Thu Jun  2 11:18:29 EDT 2022]
[1] 40871
40644 We are waiting for 40871 
40644 Grandchild PID is 412 - found in 10 x 1 seconds
40644 Establishing first watcher   on    Thu Jun  2 11:18:40 EDT 2022
40644 Process tree is 40644 (main) -> 40871 (child) -> 412 (grandchild)
F S   UID   PID  PPID  C PRI  NI ADDR SZ WCHAN  TTY        TIME CMD
0 D 100667  412 40871  0  80   0 - 32311 cxiWai ?          0:00 cp /star/data01/pwg/xiatong/AMPT/14GeV/data_463150101.root /tmp/maxwoo/21EF1A6A9139C9FD2A38E59AFB466F9A_1376/INPUTFILES/data_463150101.root
40644 Grandchild PID is 2226 - found in 20 x 2 seconds
40644 Grandchild to watch has changed on Thu Jun  2 11:19:01 EDT 2022
40644 Process tree is 40644 (main) -> 40871 (child) -> 2226 (grandchild)
F S   UID   PID  PPID  C PRI  NI ADDR SZ WCHAN  TTY        TIME CMD
0 D 100667 2226 40871  0  80   0 - 32311 cxiWai ?          0:00 cp /star/data01/pwg/xiatong/AMPT/14GeV/data_463181291.root /tmp/maxwoo/21EF1A6A9139C9FD2A38E59AFB466F9A_1376/INPUTFILES/data_463181291.root
40644 Grandchild PID is 3098 - found in 30 x 2 seconds
40644 Grandchild to watch has changed on Thu Jun  2 11:19:22 EDT 2022
40644 Process tree is 40644 (main) -> 40871 (child) -> 3098 (grandchild)
F S   UID   PID  PPID  C PRI  NI ADDR SZ WCHAN  TTY        TIME CMD
0 D 100667 3098 40871  0  80   0 - 32311 cxiWai ?          0:00 cp /star/data01/pwg/xiatong/AMPT/14GeV/data_463181341.root /tmp/maxwoo/21EF1A6A9139C9FD2A38E59AFB466F9A_1376/INPUTFILES/data_463181341.root
40644 Grandchild PID is 4573 - found in 40 x 2 seconds
40644 Grandchild to watch has changed on Thu Jun  2 11:19:42 EDT 2022
40644 Process tree is 40644 (main) -> 40871 (child) -> 4573 (grandchild)
F S   UID   PID  PPID  C PRI  NI ADDR SZ WCHAN  TTY        TIME CMD
0 D 100667 4573 40871  0  80   0 - 32311 cxiWai ?          0:00 cp /star/data01/pwg/xiatong/AMPT/14GeV/data_463181601.root /tmp/maxwoo/21EF1A6A9139C9FD2A38E59AFB466F9A_1376/INPUTFILES/data_463181601.root
40644 Grandchild PID is 7593 - found in 60 x 2 seconds
40644 Grandchild to watch has changed on Thu Jun  2 11:20:25 EDT 2022
40644 Process tree is 40644 (main) -> 40871 (child) -> 7593 (grandchild)
F S   UID   PID  PPID  C PRI  NI ADDR SZ WCHAN  TTY        TIME CMD
0 D 100667 7593 40871  0  80   0 - 32311 cxiWai ?          0:00 cp /star/data01/pwg/xiatong/AMPT/14GeV/data_463191251.root /tmp/maxwoo/21EF1A6A9139C9FD2A38E59AFB466F9A_1376/INPUTFILES/data_463191251.root
40644 Grandchild PID is 8750 - found in 70 x 2 seconds
40644 Grandchild to watch has changed on Thu Jun  2 11:20:47 EDT 2022
40644 Process tree is 40644 (main) -> 40871 (child) -> 8750 (grandchild)
F S   UID   PID  PPID  C PRI  NI ADDR SZ WCHAN  TTY        TIME CMD
0 D 100667 8750 40871  0  80   0 - 32311 cxiWai ?          0:00 cp /star/data01/pwg/xiatong/AMPT/14GeV/data_463249231.root /tmp/maxwoo/21EF1A6A9139C9FD2A38E59AFB466F9A_1376/INPUTFILES/data_463249231.root
40644 Grandchild PID is 9946 - found in 80 x 2 seconds
40644 Grandchild to watch has changed on Thu Jun  2 11:21:08 EDT 2022
40644 Process tree is 40644 (main) -> 40871 (child) -> 9946 (grandchild)
F S   UID   PID  PPID  C PRI  NI ADDR SZ WCHAN  TTY        TIME CMD
0 S 100667 9946 40871  0  80   0 -  1272 do_wai ?          0:00 root -b -q check_S.C++("/tmp/maxwoo/21EF1A6A9139C9FD2A38E59AFB466F9A_1376/INPUTFILES/21EF1A6A9139C9FD2A38E59AFB466F9A_1376.local.list","21EF1A6A9139C9FD2A38E59AFB466F9A_1376",1)
40871 Stepping into the main SUMS wrapper program with []
.... building sandbox
Running: cp /star/data01/pwg/xiatong/AMPT/14GeV/data_463150001.root /tmp/maxwoo/21EF1A6A9139C9FD2A38E59AFB466F9A_1376/INPUTFILES/data_463150001.root
Running: cp /star/data01/pwg/xiatong/AMPT/14GeV/data_463150101.root /tmp/maxwoo/21EF1A6A9139C9FD2A38E59AFB466F9A_1376/INPUTFILES/data_463150101.root
Running: cp /star/data01/pwg/xiatong/AMPT/14GeV/data_463150121.root /tmp/maxwoo/21EF1A6A9139C9FD2A38E59AFB466F9A_1376/INPUTFILES/data_463150121.root
Running: cp /star/data01/pwg/xiatong/AMPT/14GeV/data_463150131.root /tmp/maxwoo/21EF1A6A9139C9FD2A38E59AFB466F9A_1376/INPUTFILES/data_463150131.root
Running: cp /star/data01/pwg/xiatong/AMPT/14GeV/data_463150141.root /tmp/maxwoo/21EF1A6A9139C9FD2A38E59AFB466F9A_1376/INPUTFILES/data_463150141.root
Running: cp /star/data01/pwg/xiatong/AMPT/14GeV/data_463150171.root /tmp/maxwoo/21EF1A6A9139C9FD2A38E59AFB466F9A_1376/INPUTFILES/data_463150171.root
Running: cp /star/data01/pwg/xiatong/AMPT/14GeV/data_463150181.root /tmp/maxwoo/21EF1A6A9139C9FD2A38E59AFB466F9A_1376/INPUTFILES/data_463150181.root
Running: cp /star/data01/pwg/xiatong/AMPT/14GeV/data_463150321.root /tmp/maxwoo/21EF1A6A9139C9FD2A38E59AFB466F9A_1376/INPUTFILES/data_463150321.root
Running: cp /star/data01/pwg/xiatong/AMPT/14GeV/data_463150941.root /tmp/maxwoo/21EF1A6A9139C9FD2A38E59AFB466F9A_1376/INPUTFILES/data_463150941.root
Running: cp /star/data01/pwg/xiatong/AMPT/14GeV/data_463159581.root /tmp/maxwoo/21EF1A6A9139C9FD2A38E59AFB466F9A_1376/INPUTFILES/data_463159581.root
Running: cp /star/data01/pwg/xiatong/AMPT/14GeV/data_463165561.root /tmp/maxwoo/21EF1A6A9139C9FD2A38E59AFB466F9A_1376/INPUTFILES/data_463165561.root
Running: cp /star/data01/pwg/xiatong/AMPT/14GeV/data_463165581.root /tmp/maxwoo/21EF1A6A9139C9FD2A38E59AFB466F9A_1376/INPUTFILES/data_463165581.root
Running: cp /star/data01/pwg/xiatong/AMPT/14GeV/data_463172321.root /tmp/maxwoo/21EF1A6A9139C9FD2A38E59AFB466F9A_1376/INPUTFILES/data_463172321.root
Running: cp /star/data01/pwg/xiatong/AMPT/14GeV/data_463181281.root /tmp/maxwoo/21EF1A6A9139C9FD2A38E59AFB466F9A_1376/INPUTFILES/data_463181281.root
Running: cp /star/data01/pwg/xiatong/AMPT/14GeV/data_463181291.root /tmp/maxwoo/21EF1A6A9139C9FD2A38E59AFB466F9A_1376/INPUTFILES/data_463181291.root
Running: cp /star/data01/pwg/xiatong/AMPT/14GeV/data_463181331.root /tmp/maxwoo/21EF1A6A9139C9FD2A38E59AFB466F9A_1376/INPUTFILES/data_463181331.root
Running: cp /star/data01/pwg/xiatong/AMPT/14GeV/data_463181341.root /tmp/maxwoo/21EF1A6A9139C9FD2A38E59AFB466F9A_1376/INPUTFILES/data_463181341.root
Running: cp /star/data01/pwg/xiatong/AMPT/14GeV/data_463181391.root /tmp/maxwoo/21EF1A6A9139C9FD2A38E59AFB466F9A_1376/INPUTFILES/data_463181391.root
Running: cp /star/data01/pwg/xiatong/AMPT/14GeV/data_463181491.root /tmp/maxwoo/21EF1A6A9139C9FD2A38E59AFB466F9A_1376/INPUTFILES/data_463181491.root
Running: cp /star/data01/pwg/xiatong/AMPT/14GeV/data_463181501.root /tmp/maxwoo/21EF1A6A9139C9FD2A38E59AFB466F9A_1376/INPUTFILES/data_463181501.root
Running: cp /star/data01/pwg/xiatong/AMPT/14GeV/data_463181541.root /tmp/maxwoo/21EF1A6A9139C9FD2A38E59AFB466F9A_1376/INPUTFILES/data_463181541.root
Running: cp /star/data01/pwg/xiatong/AMPT/14GeV/data_463181561.root /tmp/maxwoo/21EF1A6A9139C9FD2A38E59AFB466F9A_1376/INPUTFILES/data_463181561.root
Running: cp /star/data01/pwg/xiatong/AMPT/14GeV/data_463181581.root /tmp/maxwoo/21EF1A6A9139C9FD2A38E59AFB466F9A_1376/INPUTFILES/data_463181581.root
Running: cp /star/data01/pwg/xiatong/AMPT/14GeV/data_463181601.root /tmp/maxwoo/21EF1A6A9139C9FD2A38E59AFB466F9A_1376/INPUTFILES/data_463181601.root
Running: cp /star/data01/pwg/xiatong/AMPT/14GeV/data_463181621.root /tmp/maxwoo/21EF1A6A9139C9FD2A38E59AFB466F9A_1376/INPUTFILES/data_463181621.root
Running: cp /star/data01/pwg/xiatong/AMPT/14GeV/data_463182011.root /tmp/maxwoo/21EF1A6A9139C9FD2A38E59AFB466F9A_1376/INPUTFILES/data_463182011.root
Running: cp /star/data01/pwg/xiatong/AMPT/14GeV/data_463182041.root /tmp/maxwoo/21EF1A6A9139C9FD2A38E59AFB466F9A_1376/INPUTFILES/data_463182041.root
Running: cp /star/data01/pwg/xiatong/AMPT/14GeV/data_463191251.root /tmp/maxwoo/21EF1A6A9139C9FD2A38E59AFB466F9A_1376/INPUTFILES/data_463191251.root
Running: cp /star/data01/pwg/xiatong/AMPT/14GeV/data_463191331.root /tmp/maxwoo/21EF1A6A9139C9FD2A38E59AFB466F9A_1376/INPUTFILES/data_463191331.root
Running: cp /star/data01/pwg/xiatong/AMPT/14GeV/data_463196841.root /tmp/maxwoo/21EF1A6A9139C9FD2A38E59AFB466F9A_1376/INPUTFILES/data_463196841.root
Running: cp /star/data01/pwg/xiatong/AMPT/14GeV/data_463197161.root /tmp/maxwoo/21EF1A6A9139C9FD2A38E59AFB466F9A_1376/INPUTFILES/data_463197161.root
Running: cp /star/data01/pwg/xiatong/AMPT/14GeV/data_463221041.root /tmp/maxwoo/21EF1A6A9139C9FD2A38E59AFB466F9A_1376/INPUTFILES/data_463221041.root
Running: cp /star/data01/pwg/xiatong/AMPT/14GeV/data_463249211.root /tmp/maxwoo/21EF1A6A9139C9FD2A38E59AFB466F9A_1376/INPUTFILES/data_463249211.root
Running: cp /star/data01/pwg/xiatong/AMPT/14GeV/data_463249231.root /tmp/maxwoo/21EF1A6A9139C9FD2A38E59AFB466F9A_1376/INPUTFILES/data_463249231.root
Running: cp /star/data01/pwg/xiatong/AMPT/14GeV/data_463249241.root /tmp/maxwoo/21EF1A6A9139C9FD2A38E59AFB466F9A_1376/INPUTFILES/data_463249241.root
Running: cp /star/data01/pwg/xiatong/AMPT/14GeV/data_463283701.root /tmp/maxwoo/21EF1A6A9139C9FD2A38E59AFB466F9A_1376/INPUTFILES/data_463283701.root
Running: cp /star/data01/pwg/xiatong/AMPT/14GeV/data_463321031.root /tmp/maxwoo/21EF1A6A9139C9FD2A38E59AFB466F9A_1376/INPUTFILES/data_463321031.root
Swapping $FILELIST with: /tmp/maxwoo/21EF1A6A9139C9FD2A38E59AFB466F9A_1376/INPUTFILES/21EF1A6A9139C9FD2A38E59AFB466F9A_1376.local.list
+++++++++++local copy debug++++++++++++++++++++
newFileList: /tmp/maxwoo/21EF1A6A9139C9FD2A38E59AFB466F9A_1376/INPUTFILES/21EF1A6A9139C9FD2A38E59AFB466F9A_1376.local.list
++++++++++++++++cat FILELIST+++++++++++++++++++
/tmp/maxwoo/21EF1A6A9139C9FD2A38E59AFB466F9A_1376/INPUTFILES/data_463150001.root 
/tmp/maxwoo/21EF1A6A9139C9FD2A38E59AFB466F9A_1376/INPUTFILES/data_463150101.root 
/tmp/maxwoo/21EF1A6A9139C9FD2A38E59AFB466F9A_1376/INPUTFILES/data_463150121.root 
/tmp/maxwoo/21EF1A6A9139C9FD2A38E59AFB466F9A_1376/INPUTFILES/data_463150131.root 
/tmp/maxwoo/21EF1A6A9139C9FD2A38E59AFB466F9A_1376/INPUTFILES/data_463150141.root 
/tmp/maxwoo/21EF1A6A9139C9FD2A38E59AFB466F9A_1376/INPUTFILES/data_463150171.root 
/tmp/maxwoo/21EF1A6A9139C9FD2A38E59AFB466F9A_1376/INPUTFILES/data_463150181.root 
/tmp/maxwoo/21EF1A6A9139C9FD2A38E59AFB466F9A_1376/INPUTFILES/data_463150321.root 
/tmp/maxwoo/21EF1A6A9139C9FD2A38E59AFB466F9A_1376/INPUTFILES/data_463150941.root 
/tmp/maxwoo/21EF1A6A9139C9FD2A38E59AFB466F9A_1376/INPUTFILES/data_463159581.root 
/tmp/maxwoo/21EF1A6A9139C9FD2A38E59AFB466F9A_1376/INPUTFILES/data_463165561.root 
/tmp/maxwoo/21EF1A6A9139C9FD2A38E59AFB466F9A_1376/INPUTFILES/data_463165581.root 
/tmp/maxwoo/21EF1A6A9139C9FD2A38E59AFB466F9A_1376/INPUTFILES/data_463172321.root 
/tmp/maxwoo/21EF1A6A9139C9FD2A38E59AFB466F9A_1376/INPUTFILES/data_463181281.root 
/tmp/maxwoo/21EF1A6A9139C9FD2A38E59AFB466F9A_1376/INPUTFILES/data_463181291.root 
/tmp/maxwoo/21EF1A6A9139C9FD2A38E59AFB466F9A_1376/INPUTFILES/data_463181331.root 
/tmp/maxwoo/21EF1A6A9139C9FD2A38E59AFB466F9A_1376/INPUTFILES/data_463181341.root 
/tmp/maxwoo/21EF1A6A9139C9FD2A38E59AFB466F9A_1376/INPUTFILES/data_463181391.root 
/tmp/maxwoo/21EF1A6A9139C9FD2A38E59AFB466F9A_1376/INPUTFILES/data_463181491.root 
/tmp/maxwoo/21EF1A6A9139C9FD2A38E59AFB466F9A_1376/INPUTFILES/data_463181501.root 
/tmp/maxwoo/21EF1A6A9139C9FD2A38E59AFB466F9A_1376/INPUTFILES/data_463181541.root 
/tmp/maxwoo/21EF1A6A9139C9FD2A38E59AFB466F9A_1376/INPUTFILES/data_463181561.root 
/tmp/maxwoo/21EF1A6A9139C9FD2A38E59AFB466F9A_1376/INPUTFILES/data_463181581.root 
/tmp/maxwoo/21EF1A6A9139C9FD2A38E59AFB466F9A_1376/INPUTFILES/data_463181601.root 
/tmp/maxwoo/21EF1A6A9139C9FD2A38E59AFB466F9A_1376/INPUTFILES/data_463181621.root 
/tmp/maxwoo/21EF1A6A9139C9FD2A38E59AFB466F9A_1376/INPUTFILES/data_463182011.root 
/tmp/maxwoo/21EF1A6A9139C9FD2A38E59AFB466F9A_1376/INPUTFILES/data_463182041.root 
/tmp/maxwoo/21EF1A6A9139C9FD2A38E59AFB466F9A_1376/INPUTFILES/data_463191251.root 
/tmp/maxwoo/21EF1A6A9139C9FD2A38E59AFB466F9A_1376/INPUTFILES/data_463191331.root 
/tmp/maxwoo/21EF1A6A9139C9FD2A38E59AFB466F9A_1376/INPUTFILES/data_463196841.root 
/tmp/maxwoo/21EF1A6A9139C9FD2A38E59AFB466F9A_1376/INPUTFILES/data_463197161.root 
/tmp/maxwoo/21EF1A6A9139C9FD2A38E59AFB466F9A_1376/INPUTFILES/data_463221041.root 
/tmp/maxwoo/21EF1A6A9139C9FD2A38E59AFB466F9A_1376/INPUTFILES/data_463249211.root 
/tmp/maxwoo/21EF1A6A9139C9FD2A38E59AFB466F9A_1376/INPUTFILES/data_463249231.root 
/tmp/maxwoo/21EF1A6A9139C9FD2A38E59AFB466F9A_1376/INPUTFILES/data_463249241.root 
/tmp/maxwoo/21EF1A6A9139C9FD2A38E59AFB466F9A_1376/INPUTFILES/data_463283701.root 
/tmp/maxwoo/21EF1A6A9139C9FD2A38E59AFB466F9A_1376/INPUTFILES/data_463321031.root 
++++++++++++++++++++find.++++++++++++++++++++++
.
./Check_Sness.C
./check_S.C
./.sandboxFiles
./lib
./lib/CenMaker.h
./lib/NpartNormalizer.cpp
./lib/my_particle_cpp.d
./lib/NpartNormalizer_cpp.d
./lib/NpartNormalizer_cpp_ACLiC_dict_rdict.pcm
./lib/my_event_cpp.d
./lib/CenMaker_cpp_ACLiC_dict_rdict.pcm
./lib/MixedBuffer.h
./lib/my_event_cpp_ACLiC_dict_rdict.pcm
./lib/my_particle.cpp
./lib/CenMaker.cpp
./lib/my_particle.h
./lib/my_event.cpp
./lib/my_particle_cpp.so
./lib/NpartNormalizer_cpp.so
./lib/my_event.h
./lib/NpartNormalizer.h
./lib/my_particle_cpp_ACLiC_dict_rdict.pcm
./lib/MixedBuffer_cpp.so
./lib/my_event_cpp.so
./lib/CenMaker_cpp.so
./lib/MixedBuffer_cpp.d
./lib/MixedBuffer_cpp_ACLiC_dict_rdict.pcm
./lib/CenMaker_cpp.d
./lib/MixedBuffer.cpp
./.errror.log
./INPUTFILES
./INPUTFILES/data_463283701.root
./INPUTFILES/data_463181281.root
./INPUTFILES/data_463181541.root
./INPUTFILES/data_463150121.root
./INPUTFILES/data_463181491.root
./INPUTFILES/data_463181621.root
./INPUTFILES/data_463191251.root
./INPUTFILES/data_463181601.root
./INPUTFILES/data_463196841.root
./INPUTFILES/data_463182011.root
./INPUTFILES/data_463159581.root
./INPUTFILES/data_463249241.root
./INPUTFILES/data_463197161.root
./INPUTFILES/data_463165561.root
./INPUTFILES/data_463249211.root
./INPUTFILES/data_463150941.root
./INPUTFILES/data_463249231.root
./INPUTFILES/data_463321031.root
./INPUTFILES/data_463150001.root
./INPUTFILES/data_463150181.root
./INPUTFILES/data_463191331.root
./INPUTFILES/data_463181501.root
./INPUTFILES/data_463221041.root
./INPUTFILES/data_463165581.root
./INPUTFILES/data_463182041.root
./INPUTFILES/data_463150101.root
./INPUTFILES/data_463150131.root
./INPUTFILES/data_463181391.root
./INPUTFILES/data_463172321.root
./INPUTFILES/21EF1A6A9139C9FD2A38E59AFB466F9A_1376.local.list
./INPUTFILES/data_463181331.root
./INPUTFILES/data_463150141.root
./INPUTFILES/data_463181341.root
./INPUTFILES/data_463150171.root
./INPUTFILES/data_463181291.root
./INPUTFILES/data_463181581.root
./INPUTFILES/data_463150321.root
./INPUTFILES/data_463181561.root
./.output.log
++++++++++++++++INPUTFILE Var++++++++++++++++++
FILELIST=/tmp/maxwoo/21EF1A6A9139C9FD2A38E59AFB466F9A_1376/INPUTFILES/21EF1A6A9139C9FD2A38E59AFB466F9A_1376.local.list
INPUTFILECOUNT=37
INPUTFILE0=/tmp/maxwoo/21EF1A6A9139C9FD2A38E59AFB466F9A_1376/INPUTFILES/data_463150001.root
INPUTFILE1=/tmp/maxwoo/21EF1A6A9139C9FD2A38E59AFB466F9A_1376/INPUTFILES/data_463150101.root
INPUTFILE2=/tmp/maxwoo/21EF1A6A9139C9FD2A38E59AFB466F9A_1376/INPUTFILES/data_463150121.root
INPUTFILE3=/tmp/maxwoo/21EF1A6A9139C9FD2A38E59AFB466F9A_1376/INPUTFILES/data_463150131.root
INPUTFILE4=/tmp/maxwoo/21EF1A6A9139C9FD2A38E59AFB466F9A_1376/INPUTFILES/data_463150141.root
INPUTFILE5=/tmp/maxwoo/21EF1A6A9139C9FD2A38E59AFB466F9A_1376/INPUTFILES/data_463150171.root
INPUTFILE6=/tmp/maxwoo/21EF1A6A9139C9FD2A38E59AFB466F9A_1376/INPUTFILES/data_463150181.root
INPUTFILE7=/tmp/maxwoo/21EF1A6A9139C9FD2A38E59AFB466F9A_1376/INPUTFILES/data_463150321.root
INPUTFILE8=/tmp/maxwoo/21EF1A6A9139C9FD2A38E59AFB466F9A_1376/INPUTFILES/data_463150941.root
INPUTFILE9=/tmp/maxwoo/21EF1A6A9139C9FD2A38E59AFB466F9A_1376/INPUTFILES/data_463159581.root
INPUTFILE10=/tmp/maxwoo/21EF1A6A9139C9FD2A38E59AFB466F9A_1376/INPUTFILES/data_463165561.root
INPUTFILE11=/tmp/maxwoo/21EF1A6A9139C9FD2A38E59AFB466F9A_1376/INPUTFILES/data_463165581.root
INPUTFILE12=/tmp/maxwoo/21EF1A6A9139C9FD2A38E59AFB466F9A_1376/INPUTFILES/data_463172321.root
INPUTFILE13=/tmp/maxwoo/21EF1A6A9139C9FD2A38E59AFB466F9A_1376/INPUTFILES/data_463181281.root
INPUTFILE14=/tmp/maxwoo/21EF1A6A9139C9FD2A38E59AFB466F9A_1376/INPUTFILES/data_463181291.root
INPUTFILE15=/tmp/maxwoo/21EF1A6A9139C9FD2A38E59AFB466F9A_1376/INPUTFILES/data_463181331.root
INPUTFILE16=/tmp/maxwoo/21EF1A6A9139C9FD2A38E59AFB466F9A_1376/INPUTFILES/data_463181341.root
INPUTFILE17=/tmp/maxwoo/21EF1A6A9139C9FD2A38E59AFB466F9A_1376/INPUTFILES/data_463181391.root
INPUTFILE18=/tmp/maxwoo/21EF1A6A9139C9FD2A38E59AFB466F9A_1376/INPUTFILES/data_463181491.root
INPUTFILE19=/tmp/maxwoo/21EF1A6A9139C9FD2A38E59AFB466F9A_1376/INPUTFILES/data_463181501.root
INPUTFILE20=/tmp/maxwoo/21EF1A6A9139C9FD2A38E59AFB466F9A_1376/INPUTFILES/data_463181541.root
INPUTFILE21=/tmp/maxwoo/21EF1A6A9139C9FD2A38E59AFB466F9A_1376/INPUTFILES/data_463181561.root
INPUTFILE22=/tmp/maxwoo/21EF1A6A9139C9FD2A38E59AFB466F9A_1376/INPUTFILES/data_463181581.root
INPUTFILE23=/tmp/maxwoo/21EF1A6A9139C9FD2A38E59AFB466F9A_1376/INPUTFILES/data_463181601.root
INPUTFILE24=/tmp/maxwoo/21EF1A6A9139C9FD2A38E59AFB466F9A_1376/INPUTFILES/data_463181621.root
INPUTFILE25=/tmp/maxwoo/21EF1A6A9139C9FD2A38E59AFB466F9A_1376/INPUTFILES/data_463182011.root
INPUTFILE26=/tmp/maxwoo/21EF1A6A9139C9FD2A38E59AFB466F9A_1376/INPUTFILES/data_463182041.root
INPUTFILE27=/tmp/maxwoo/21EF1A6A9139C9FD2A38E59AFB466F9A_1376/INPUTFILES/data_463191251.root
INPUTFILE28=/tmp/maxwoo/21EF1A6A9139C9FD2A38E59AFB466F9A_1376/INPUTFILES/data_463191331.root
INPUTFILE29=/tmp/maxwoo/21EF1A6A9139C9FD2A38E59AFB466F9A_1376/INPUTFILES/data_463196841.root
INPUTFILE30=/tmp/maxwoo/21EF1A6A9139C9FD2A38E59AFB466F9A_1376/INPUTFILES/data_463197161.root
INPUTFILE31=/tmp/maxwoo/21EF1A6A9139C9FD2A38E59AFB466F9A_1376/INPUTFILES/data_463221041.root
INPUTFILE32=/tmp/maxwoo/21EF1A6A9139C9FD2A38E59AFB466F9A_1376/INPUTFILES/data_463249211.root
INPUTFILE33=/tmp/maxwoo/21EF1A6A9139C9FD2A38E59AFB466F9A_1376/INPUTFILES/data_463249231.root
INPUTFILE34=/tmp/maxwoo/21EF1A6A9139C9FD2A38E59AFB466F9A_1376/INPUTFILES/data_463249241.root
INPUTFILE35=/tmp/maxwoo/21EF1A6A9139C9FD2A38E59AFB466F9A_1376/INPUTFILES/data_463283701.root
INPUTFILE36=/tmp/maxwoo/21EF1A6A9139C9FD2A38E59AFB466F9A_1376/INPUTFILES/data_463321031.root
LocalInputFileDir=/tmp/maxwoo/21EF1A6A9139C9FD2A38E59AFB466F9A_1376/INPUTFILES
NewFILELIST=/tmp/maxwoo/21EF1A6A9139C9FD2A38E59AFB466F9A_1376/INPUTFILES/21EF1A6A9139C9FD2A38E59AFB466F9A_1376.local.list
+++++++++++++++++++++++++++++++++++++++++++++++
--------------------------------
Simple Unified Meta Scheduler 1.10.50 we are starting in $SCRATCH : /home/tmp/maxwoo/21EF1A6A9139C9FD2A38E59AFB466F9A_1376
--------------------------------
total 16
lrwxrwxrwx 1 maxwoo rhstar   61 Jun  2 11:18 check_S.C -> /gpfs/mnt/gpfs01/star/pwg/xiatong/git/strangeness/./check_S.C
lrwxrwxrwx 1 maxwoo rhstar   65 Jun  2 11:18 Check_Sness.C -> /gpfs/mnt/gpfs01/star/pwg/xiatong/git/strangeness/./Check_Sness.C
drwxr-xr-x 2 maxwoo rhstar 4096 Jun  2 11:20 INPUTFILES
drwxr-xr-x 2 maxwoo rhstar 4096 Jun  2 11:18 lib
  *******************************************
  *                                         *
  *        W E L C O M E  to  R O O T       *
  *                                         *
  *   Version   5.34/38     12 March 2018   *
  *                                         *
  *  You are welcome to visit our Web site  *
  *          http://root.cern.ch            *
  *                                         *
  *******************************************

ROOT 5.34/38 (v5-34-38@v5-34-38, Mar 12 2018, 15:49:39 on linux)

CINT/ROOT C/C++ Interpreter version 5.18.00, July 2, 2010
Type ? for help. Commands must be C++ statements.
Enclose multiple statements between { }.
*** Float Point Exception is OFF ***
 *** Start at Date : Thu Jun  2 11:21:01 2022
QAInfo:You are using STAR_LEVEL : dev, ROOT_LEVEL : 5.34.38 and node : spool0545.sdcc.bnl.gov 

Processing check_S.C++("/tmp/maxwoo/21EF1A6A9139C9FD2A38E59AFB466F9A_1376/INPUTFILES/21EF1A6A9139C9FD2A38E59AFB466F9A_1376.local.list","21EF1A6A9139C9FD2A38E59AFB466F9A_1376",1)...
/tmp/maxwoo/21EF1A6A9139C9FD2A38E59AFB466F9A_1376/INPUTFILES/data_463150001.root 
/tmp/maxwoo/21EF1A6A9139C9FD2A38E59AFB466F9A_1376/INPUTFILES/data_463150101.root 
/tmp/maxwoo/21EF1A6A9139C9FD2A38E59AFB466F9A_1376/INPUTFILES/data_463150121.root 
/tmp/maxwoo/21EF1A6A9139C9FD2A38E59AFB466F9A_1376/INPUTFILES/data_463150131.root 
/tmp/maxwoo/21EF1A6A9139C9FD2A38E59AFB466F9A_1376/INPUTFILES/data_463150141.root 
/tmp/maxwoo/21EF1A6A9139C9FD2A38E59AFB466F9A_1376/INPUTFILES/data_463150171.root 
/tmp/maxwoo/21EF1A6A9139C9FD2A38E59AFB466F9A_1376/INPUTFILES/data_463150181.root 
/tmp/maxwoo/21EF1A6A9139C9FD2A38E59AFB466F9A_1376/INPUTFILES/data_463150321.root 
/tmp/maxwoo/21EF1A6A9139C9FD2A38E59AFB466F9A_1376/INPUTFILES/data_463150941.root 
/tmp/maxwoo/21EF1A6A9139C9FD2A38E59AFB466F9A_1376/INPUTFILES/data_463159581.root 
/tmp/maxwoo/21EF1A6A9139C9FD2A38E59AFB466F9A_1376/INPUTFILES/data_463165561.root 
/tmp/maxwoo/21EF1A6A9139C9FD2A38E59AFB466F9A_1376/INPUTFILES/data_463165581.root 
/tmp/maxwoo/21EF1A6A9139C9FD2A38E59AFB466F9A_1376/INPUTFILES/data_463172321.root 
/tmp/maxwoo/21EF1A6A9139C9FD2A38E59AFB466F9A_1376/INPUTFILES/data_463181281.root 
/tmp/maxwoo/21EF1A6A9139C9FD2A38E59AFB466F9A_1376/INPUTFILES/data_463181291.root 
/tmp/maxwoo/21EF1A6A9139C9FD2A38E59AFB466F9A_1376/INPUTFILES/data_463181331.root 
/tmp/maxwoo/21EF1A6A9139C9FD2A38E59AFB466F9A_1376/INPUTFILES/data_463181341.root 
/tmp/maxwoo/21EF1A6A9139C9FD2A38E59AFB466F9A_1376/INPUTFILES/data_463181391.root 
/tmp/maxwoo/21EF1A6A9139C9FD2A38E59AFB466F9A_1376/INPUTFILES/data_463181491.root 
/tmp/maxwoo/21EF1A6A9139C9FD2A38E59AFB466F9A_1376/INPUTFILES/data_463181501.root 
/tmp/maxwoo/21EF1A6A9139C9FD2A38E59AFB466F9A_1376/INPUTFILES/data_463181541.root 
/tmp/maxwoo/21EF1A6A9139C9FD2A38E59AFB466F9A_1376/INPUTFILES/data_463181561.root 
/tmp/maxwoo/21EF1A6A9139C9FD2A38E59AFB466F9A_1376/INPUTFILES/data_463181581.root 
/tmp/maxwoo/21EF1A6A9139C9FD2A38E59AFB466F9A_1376/INPUTFILES/data_463181601.root 
/tmp/maxwoo/21EF1A6A9139C9FD2A38E59AFB466F9A_1376/INPUTFILES/data_463181621.root 
/tmp/maxwoo/21EF1A6A9139C9FD2A38E59AFB466F9A_1376/INPUTFILES/data_463182011.root 
/tmp/maxwoo/21EF1A6A9139C9FD2A38E59AFB466F9A_1376/INPUTFILES/data_463182041.root 
/tmp/maxwoo/21EF1A6A9139C9FD2A38E59AFB466F9A_1376/INPUTFILES/data_463191251.root 
/tmp/maxwoo/21EF1A6A9139C9FD2A38E59AFB466F9A_1376/INPUTFILES/data_463191331.root 
/tmp/maxwoo/21EF1A6A9139C9FD2A38E59AFB466F9A_1376/INPUTFILES/data_463196841.root 
/tmp/maxwoo/21EF1A6A9139C9FD2A38E59AFB466F9A_1376/INPUTFILES/data_463197161.root 
/tmp/maxwoo/21EF1A6A9139C9FD2A38E59AFB466F9A_1376/INPUTFILES/data_463221041.root 
/tmp/maxwoo/21EF1A6A9139C9FD2A38E59AFB466F9A_1376/INPUTFILES/data_463249211.root 
/tmp/maxwoo/21EF1A6A9139C9FD2A38E59AFB466F9A_1376/INPUTFILES/data_463249231.root 
/tmp/maxwoo/21EF1A6A9139C9FD2A38E59AFB466F9A_1376/INPUTFILES/data_463249241.root 
/tmp/maxwoo/21EF1A6A9139C9FD2A38E59AFB466F9A_1376/INPUTFILES/data_463283701.root 
/tmp/maxwoo/21EF1A6A9139C9FD2A38E59AFB466F9A_1376/INPUTFILES/data_463321031.root 
Added 37 files
# entries in chain: 37000
Processing entry == 1000 == out of 37000.
Processing entry == 2000 == out of 37000.
Processing entry == 3000 == out of 37000.
Processing entry == 4000 == out of 37000.
Processing entry == 5000 == out of 37000.
Processing entry == 6000 == out of 37000.
Processing entry == 7000 == out of 37000.
Processing entry == 8000 == out of 37000.
Processing entry == 9000 == out of 37000.
Processing entry == 10000 == out of 37000.
Processing entry == 11000 == out of 37000.
Processing entry == 12000 == out of 37000.
Processing entry == 13000 == out of 37000.
Processing entry == 14000 == out of 37000.
Processing entry == 15000 == out of 37000.
Processing entry == 16000 == out of 37000.
Processing entry == 17000 == out of 37000.
Processing entry == 18000 == out of 37000.
Processing entry == 19000 == out of 37000.
Processing entry == 20000 == out of 37000.
Processing entry == 21000 == out of 37000.
Processing entry == 22000 == out of 37000.
Processing entry == 23000 == out of 37000.
Processing entry == 24000 == out of 37000.
Processing entry == 25000 == out of 37000.
Processing entry == 26000 == out of 37000.
Processing entry == 27000 == out of 37000.
Processing entry == 28000 == out of 37000.
Processing entry == 29000 == out of 37000.
Processing entry == 30000 == out of 37000.
Processing entry == 31000 == out of 37000.
Processing entry == 32000 == out of 37000.
Processing entry == 33000 == out of 37000.
Processing entry == 34000 == out of 37000.
Processing entry == 35000 == out of 37000.
Processing entry == 36000 == out of 37000.
Processing entry == 37000 == out of 37000.

This is the end of ROOT -- Goodbye

Cleaning up sandbox file:  /tmp/maxwoo/21EF1A6A9139C9FD2A38E59AFB466F9A_1376/check_S.C
Cleaning up sandbox file:  /tmp/maxwoo/21EF1A6A9139C9FD2A38E59AFB466F9A_1376/Check_Sness.C
Cleaning up sandbox file:  /tmp/maxwoo/21EF1A6A9139C9FD2A38E59AFB466F9A_1376/lib
Cleaning up sandbox file:  /tmp/maxwoo/21EF1A6A9139C9FD2A38E59AFB466F9A_1376/.sandboxFiles
Starting copy block
Running copy command:  /bin/cp -fp /tmp/maxwoo/21EF1A6A9139C9FD2A38E59AFB466F9A_1376/out_21EF1A6A9139C9FD2A38E59AFB466F9A_1376.root /star/data01/pwg/xiatong/git/strangeness/data/
40644 Execution of (/star/data01/pwg/xiatong/git/strangeness/script/sched21EF1A6A9139C9FD2A38E59AFB466F9A_1376.csh ) has ended, exiting normally
40644 We END on [Thu Jun  2 11:42:44 EDT 2022]
