We are starting on node: rcas2962.rcf.bnl.gov
HOME is not defined
Using getent method
HOME is now /star/u/maxwoo
26037 We will spawn ourselves (/star/data01/pwg/xiatong/git/strangeness/script/sched21EF1A6A9139C9FD2A38E59AFB466F9A_1521.csh )
26037 We BEGIN on [Thu Jun  2 11:15:28 EDT 2022]
[1] 26275
26037 We are waiting for 26275 
26037 Grandchild PID is 26876 - found in 10 x 1 seconds
26037 Establishing first watcher   on    Thu Jun  2 11:15:38 EDT 2022
26037 Process tree is 26037 (main) -> 26275 (child) -> 26876 (grandchild)
F S   UID   PID  PPID  C PRI  NI ADDR SZ WCHAN  TTY        TIME CMD
0 D 100667 26876 26275  0 80   0 - 32311 cxiWai ?          0:00 cp /star/data01/pwg/xiatong/AMPT/14GeV/data_541273291.root /tmp/maxwoo/21EF1A6A9139C9FD2A38E59AFB466F9A_1521/INPUTFILES/data_541273291.root
26037 Grandchild PID is 28189 - found in 30 x 2 seconds
26037 Grandchild to watch has changed on Thu Jun  2 11:16:20 EDT 2022
26037 Process tree is 26037 (main) -> 26275 (child) -> 28189 (grandchild)
F S   UID   PID  PPID  C PRI  NI ADDR SZ WCHAN  TTY        TIME CMD
0 D 100667 28189 26275  0 80   0 - 32311 cxiWai ?          0:00 cp /star/data01/pwg/xiatong/AMPT/14GeV/data_541283241.root /tmp/maxwoo/21EF1A6A9139C9FD2A38E59AFB466F9A_1521/INPUTFILES/data_541283241.root
26037 Grandchild PID is 32019 - found in 50 x 2 seconds
26037 Grandchild to watch has changed on Thu Jun  2 11:17:01 EDT 2022
26037 Process tree is 26037 (main) -> 26275 (child) -> 32019 (grandchild)
F S   UID   PID  PPID  C PRI  NI ADDR SZ WCHAN  TTY        TIME CMD
0 D 100667 32019 26275  0 80   0 - 32311 cxiWai ?          0:00 cp /star/data01/pwg/xiatong/AMPT/14GeV/data_541292691.root /tmp/maxwoo/21EF1A6A9139C9FD2A38E59AFB466F9A_1521/INPUTFILES/data_541292691.root
26037 Grandchild PID is 34060 - found in 60 x 2 seconds
26037 Grandchild to watch has changed on Thu Jun  2 11:17:22 EDT 2022
26037 Process tree is 26037 (main) -> 26275 (child) -> 34060 (grandchild)
F S   UID   PID  PPID  C PRI  NI ADDR SZ WCHAN  TTY        TIME CMD
0 D 100667 34060 26275  0 80   0 - 32311 cxiWai ?          0:00 cp /star/data01/pwg/xiatong/AMPT/14GeV/data_541322811.root /tmp/maxwoo/21EF1A6A9139C9FD2A38E59AFB466F9A_1521/INPUTFILES/data_541322811.root
26037 Grandchild PID is 35410 - found in 70 x 2 seconds
26037 Grandchild to watch has changed on Thu Jun  2 11:17:43 EDT 2022
26037 Process tree is 26037 (main) -> 26275 (child) -> 35410 (grandchild)
F S   UID   PID  PPID  C PRI  NI ADDR SZ WCHAN  TTY        TIME CMD
0 S 100667 35410 26275  0 80   0 -  1272 do_wai ?          0:00 root -b -q check_S.C++("/tmp/maxwoo/21EF1A6A9139C9FD2A38E59AFB466F9A_1521/INPUTFILES/21EF1A6A9139C9FD2A38E59AFB466F9A_1521.local.list","21EF1A6A9139C9FD2A38E59AFB466F9A_1521",1)
26275 Stepping into the main SUMS wrapper program with []
.... building sandbox
Running: cp /star/data01/pwg/xiatong/AMPT/14GeV/data_541243471.root /tmp/maxwoo/21EF1A6A9139C9FD2A38E59AFB466F9A_1521/INPUTFILES/data_541243471.root
Running: cp /star/data01/pwg/xiatong/AMPT/14GeV/data_541253421.root /tmp/maxwoo/21EF1A6A9139C9FD2A38E59AFB466F9A_1521/INPUTFILES/data_541253421.root
Running: cp /star/data01/pwg/xiatong/AMPT/14GeV/data_541273291.root /tmp/maxwoo/21EF1A6A9139C9FD2A38E59AFB466F9A_1521/INPUTFILES/data_541273291.root
Running: cp /star/data01/pwg/xiatong/AMPT/14GeV/data_541273311.root /tmp/maxwoo/21EF1A6A9139C9FD2A38E59AFB466F9A_1521/INPUTFILES/data_541273311.root
Running: cp /star/data01/pwg/xiatong/AMPT/14GeV/data_541273321.root /tmp/maxwoo/21EF1A6A9139C9FD2A38E59AFB466F9A_1521/INPUTFILES/data_541273321.root
Running: cp /star/data01/pwg/xiatong/AMPT/14GeV/data_541273331.root /tmp/maxwoo/21EF1A6A9139C9FD2A38E59AFB466F9A_1521/INPUTFILES/data_541273331.root
Running: cp /star/data01/pwg/xiatong/AMPT/14GeV/data_541273341.root /tmp/maxwoo/21EF1A6A9139C9FD2A38E59AFB466F9A_1521/INPUTFILES/data_541273341.root
Running: cp /star/data01/pwg/xiatong/AMPT/14GeV/data_541283241.root /tmp/maxwoo/21EF1A6A9139C9FD2A38E59AFB466F9A_1521/INPUTFILES/data_541283241.root
Running: cp /star/data01/pwg/xiatong/AMPT/14GeV/data_541283251.root /tmp/maxwoo/21EF1A6A9139C9FD2A38E59AFB466F9A_1521/INPUTFILES/data_541283251.root
Running: cp /star/data01/pwg/xiatong/AMPT/14GeV/data_541283261.root /tmp/maxwoo/21EF1A6A9139C9FD2A38E59AFB466F9A_1521/INPUTFILES/data_541283261.root
Running: cp /star/data01/pwg/xiatong/AMPT/14GeV/data_541283271.root /tmp/maxwoo/21EF1A6A9139C9FD2A38E59AFB466F9A_1521/INPUTFILES/data_541283271.root
Running: cp /star/data01/pwg/xiatong/AMPT/14GeV/data_541283281.root /tmp/maxwoo/21EF1A6A9139C9FD2A38E59AFB466F9A_1521/INPUTFILES/data_541283281.root
Running: cp /star/data01/pwg/xiatong/AMPT/14GeV/data_541283301.root /tmp/maxwoo/21EF1A6A9139C9FD2A38E59AFB466F9A_1521/INPUTFILES/data_541283301.root
Running: cp /star/data01/pwg/xiatong/AMPT/14GeV/data_541292691.root /tmp/maxwoo/21EF1A6A9139C9FD2A38E59AFB466F9A_1521/INPUTFILES/data_541292691.root
Running: cp /star/data01/pwg/xiatong/AMPT/14GeV/data_541293161.root /tmp/maxwoo/21EF1A6A9139C9FD2A38E59AFB466F9A_1521/INPUTFILES/data_541293161.root
Running: cp /star/data01/pwg/xiatong/AMPT/14GeV/data_541293181.root /tmp/maxwoo/21EF1A6A9139C9FD2A38E59AFB466F9A_1521/INPUTFILES/data_541293181.root
Running: cp /star/data01/pwg/xiatong/AMPT/14GeV/data_541293221.root /tmp/maxwoo/21EF1A6A9139C9FD2A38E59AFB466F9A_1521/INPUTFILES/data_541293221.root
Running: cp /star/data01/pwg/xiatong/AMPT/14GeV/data_541302901.root /tmp/maxwoo/21EF1A6A9139C9FD2A38E59AFB466F9A_1521/INPUTFILES/data_541302901.root
Running: cp /star/data01/pwg/xiatong/AMPT/14GeV/data_541303051.root /tmp/maxwoo/21EF1A6A9139C9FD2A38E59AFB466F9A_1521/INPUTFILES/data_541303051.root
Running: cp /star/data01/pwg/xiatong/AMPT/14GeV/data_541303111.root /tmp/maxwoo/21EF1A6A9139C9FD2A38E59AFB466F9A_1521/INPUTFILES/data_541303111.root
Running: cp /star/data01/pwg/xiatong/AMPT/14GeV/data_541312841.root /tmp/maxwoo/21EF1A6A9139C9FD2A38E59AFB466F9A_1521/INPUTFILES/data_541312841.root
Running: cp /star/data01/pwg/xiatong/AMPT/14GeV/data_541312851.root /tmp/maxwoo/21EF1A6A9139C9FD2A38E59AFB466F9A_1521/INPUTFILES/data_541312851.root
Running: cp /star/data01/pwg/xiatong/AMPT/14GeV/data_541312861.root /tmp/maxwoo/21EF1A6A9139C9FD2A38E59AFB466F9A_1521/INPUTFILES/data_541312861.root
Running: cp /star/data01/pwg/xiatong/AMPT/14GeV/data_541312871.root /tmp/maxwoo/21EF1A6A9139C9FD2A38E59AFB466F9A_1521/INPUTFILES/data_541312871.root
Running: cp /star/data01/pwg/xiatong/AMPT/14GeV/data_541312881.root /tmp/maxwoo/21EF1A6A9139C9FD2A38E59AFB466F9A_1521/INPUTFILES/data_541312881.root
Running: cp /star/data01/pwg/xiatong/AMPT/14GeV/data_541312891.root /tmp/maxwoo/21EF1A6A9139C9FD2A38E59AFB466F9A_1521/INPUTFILES/data_541312891.root
Running: cp /star/data01/pwg/xiatong/AMPT/14GeV/data_541313701.root /tmp/maxwoo/21EF1A6A9139C9FD2A38E59AFB466F9A_1521/INPUTFILES/data_541313701.root
Running: cp /star/data01/pwg/xiatong/AMPT/14GeV/data_541322751.root /tmp/maxwoo/21EF1A6A9139C9FD2A38E59AFB466F9A_1521/INPUTFILES/data_541322751.root
Running: cp /star/data01/pwg/xiatong/AMPT/14GeV/data_541322761.root /tmp/maxwoo/21EF1A6A9139C9FD2A38E59AFB466F9A_1521/INPUTFILES/data_541322761.root
Running: cp /star/data01/pwg/xiatong/AMPT/14GeV/data_541322801.root /tmp/maxwoo/21EF1A6A9139C9FD2A38E59AFB466F9A_1521/INPUTFILES/data_541322801.root
Running: cp /star/data01/pwg/xiatong/AMPT/14GeV/data_541322811.root /tmp/maxwoo/21EF1A6A9139C9FD2A38E59AFB466F9A_1521/INPUTFILES/data_541322811.root
Running: cp /star/data01/pwg/xiatong/AMPT/14GeV/data_541322821.root /tmp/maxwoo/21EF1A6A9139C9FD2A38E59AFB466F9A_1521/INPUTFILES/data_541322821.root
Running: cp /star/data01/pwg/xiatong/AMPT/14GeV/data_541322831.root /tmp/maxwoo/21EF1A6A9139C9FD2A38E59AFB466F9A_1521/INPUTFILES/data_541322831.root
Running: cp /star/data01/pwg/xiatong/AMPT/14GeV/data_541323071.root /tmp/maxwoo/21EF1A6A9139C9FD2A38E59AFB466F9A_1521/INPUTFILES/data_541323071.root
Running: cp /star/data01/pwg/xiatong/AMPT/14GeV/data_541332641.root /tmp/maxwoo/21EF1A6A9139C9FD2A38E59AFB466F9A_1521/INPUTFILES/data_541332641.root
Running: cp /star/data01/pwg/xiatong/AMPT/14GeV/data_541332651.root /tmp/maxwoo/21EF1A6A9139C9FD2A38E59AFB466F9A_1521/INPUTFILES/data_541332651.root
Running: cp /star/data01/pwg/xiatong/AMPT/14GeV/data_541332711.root /tmp/maxwoo/21EF1A6A9139C9FD2A38E59AFB466F9A_1521/INPUTFILES/data_541332711.root
Swapping $FILELIST with: /tmp/maxwoo/21EF1A6A9139C9FD2A38E59AFB466F9A_1521/INPUTFILES/21EF1A6A9139C9FD2A38E59AFB466F9A_1521.local.list
+++++++++++local copy debug++++++++++++++++++++
newFileList: /tmp/maxwoo/21EF1A6A9139C9FD2A38E59AFB466F9A_1521/INPUTFILES/21EF1A6A9139C9FD2A38E59AFB466F9A_1521.local.list
++++++++++++++++cat FILELIST+++++++++++++++++++
/tmp/maxwoo/21EF1A6A9139C9FD2A38E59AFB466F9A_1521/INPUTFILES/data_541243471.root 
/tmp/maxwoo/21EF1A6A9139C9FD2A38E59AFB466F9A_1521/INPUTFILES/data_541253421.root 
/tmp/maxwoo/21EF1A6A9139C9FD2A38E59AFB466F9A_1521/INPUTFILES/data_541273291.root 
/tmp/maxwoo/21EF1A6A9139C9FD2A38E59AFB466F9A_1521/INPUTFILES/data_541273311.root 
/tmp/maxwoo/21EF1A6A9139C9FD2A38E59AFB466F9A_1521/INPUTFILES/data_541273321.root 
/tmp/maxwoo/21EF1A6A9139C9FD2A38E59AFB466F9A_1521/INPUTFILES/data_541273331.root 
/tmp/maxwoo/21EF1A6A9139C9FD2A38E59AFB466F9A_1521/INPUTFILES/data_541273341.root 
/tmp/maxwoo/21EF1A6A9139C9FD2A38E59AFB466F9A_1521/INPUTFILES/data_541283241.root 
/tmp/maxwoo/21EF1A6A9139C9FD2A38E59AFB466F9A_1521/INPUTFILES/data_541283251.root 
/tmp/maxwoo/21EF1A6A9139C9FD2A38E59AFB466F9A_1521/INPUTFILES/data_541283261.root 
/tmp/maxwoo/21EF1A6A9139C9FD2A38E59AFB466F9A_1521/INPUTFILES/data_541283271.root 
/tmp/maxwoo/21EF1A6A9139C9FD2A38E59AFB466F9A_1521/INPUTFILES/data_541283281.root 
/tmp/maxwoo/21EF1A6A9139C9FD2A38E59AFB466F9A_1521/INPUTFILES/data_541283301.root 
/tmp/maxwoo/21EF1A6A9139C9FD2A38E59AFB466F9A_1521/INPUTFILES/data_541292691.root 
/tmp/maxwoo/21EF1A6A9139C9FD2A38E59AFB466F9A_1521/INPUTFILES/data_541293161.root 
/tmp/maxwoo/21EF1A6A9139C9FD2A38E59AFB466F9A_1521/INPUTFILES/data_541293181.root 
/tmp/maxwoo/21EF1A6A9139C9FD2A38E59AFB466F9A_1521/INPUTFILES/data_541293221.root 
/tmp/maxwoo/21EF1A6A9139C9FD2A38E59AFB466F9A_1521/INPUTFILES/data_541302901.root 
/tmp/maxwoo/21EF1A6A9139C9FD2A38E59AFB466F9A_1521/INPUTFILES/data_541303051.root 
/tmp/maxwoo/21EF1A6A9139C9FD2A38E59AFB466F9A_1521/INPUTFILES/data_541303111.root 
/tmp/maxwoo/21EF1A6A9139C9FD2A38E59AFB466F9A_1521/INPUTFILES/data_541312841.root 
/tmp/maxwoo/21EF1A6A9139C9FD2A38E59AFB466F9A_1521/INPUTFILES/data_541312851.root 
/tmp/maxwoo/21EF1A6A9139C9FD2A38E59AFB466F9A_1521/INPUTFILES/data_541312861.root 
/tmp/maxwoo/21EF1A6A9139C9FD2A38E59AFB466F9A_1521/INPUTFILES/data_541312871.root 
/tmp/maxwoo/21EF1A6A9139C9FD2A38E59AFB466F9A_1521/INPUTFILES/data_541312881.root 
/tmp/maxwoo/21EF1A6A9139C9FD2A38E59AFB466F9A_1521/INPUTFILES/data_541312891.root 
/tmp/maxwoo/21EF1A6A9139C9FD2A38E59AFB466F9A_1521/INPUTFILES/data_541313701.root 
/tmp/maxwoo/21EF1A6A9139C9FD2A38E59AFB466F9A_1521/INPUTFILES/data_541322751.root 
/tmp/maxwoo/21EF1A6A9139C9FD2A38E59AFB466F9A_1521/INPUTFILES/data_541322761.root 
/tmp/maxwoo/21EF1A6A9139C9FD2A38E59AFB466F9A_1521/INPUTFILES/data_541322801.root 
/tmp/maxwoo/21EF1A6A9139C9FD2A38E59AFB466F9A_1521/INPUTFILES/data_541322811.root 
/tmp/maxwoo/21EF1A6A9139C9FD2A38E59AFB466F9A_1521/INPUTFILES/data_541322821.root 
/tmp/maxwoo/21EF1A6A9139C9FD2A38E59AFB466F9A_1521/INPUTFILES/data_541322831.root 
/tmp/maxwoo/21EF1A6A9139C9FD2A38E59AFB466F9A_1521/INPUTFILES/data_541323071.root 
/tmp/maxwoo/21EF1A6A9139C9FD2A38E59AFB466F9A_1521/INPUTFILES/data_541332641.root 
/tmp/maxwoo/21EF1A6A9139C9FD2A38E59AFB466F9A_1521/INPUTFILES/data_541332651.root 
/tmp/maxwoo/21EF1A6A9139C9FD2A38E59AFB466F9A_1521/INPUTFILES/data_541332711.root 
++++++++++++++++++++find.++++++++++++++++++++++
.
./lib
./lib/my_event_cpp_ACLiC_dict_rdict.pcm
./lib/MixedBuffer.h
./lib/NpartNormalizer_cpp_ACLiC_dict_rdict.pcm
./lib/MixedBuffer_cpp.so
./lib/my_particle_cpp.d
./lib/MixedBuffer_cpp_ACLiC_dict_rdict.pcm
./lib/MixedBuffer_cpp.d
./lib/CenMaker_cpp_ACLiC_dict_rdict.pcm
./lib/my_event.h
./lib/my_particle.h
./lib/my_particle_cpp_ACLiC_dict_rdict.pcm
./lib/CenMaker_cpp.d
./lib/CenMaker.cpp
./lib/my_event_cpp.d
./lib/NpartNormalizer_cpp.so
./lib/my_event.cpp
./lib/my_particle.cpp
./lib/CenMaker.h
./lib/NpartNormalizer.cpp
./lib/my_event_cpp.so
./lib/MixedBuffer.cpp
./lib/CenMaker_cpp.so
./lib/NpartNormalizer.h
./lib/NpartNormalizer_cpp.d
./lib/my_particle_cpp.so
./.output.log
./.sandboxFiles
./Check_Sness.C
./check_S.C
./.errror.log
./INPUTFILES
./INPUTFILES/data_541313701.root
./INPUTFILES/data_541293221.root
./INPUTFILES/data_541283251.root
./INPUTFILES/data_541243471.root
./INPUTFILES/data_541323071.root
./INPUTFILES/data_541312871.root
./INPUTFILES/data_541293181.root
./INPUTFILES/data_541283241.root
./INPUTFILES/data_541303051.root
./INPUTFILES/data_541253421.root
./INPUTFILES/data_541303111.root
./INPUTFILES/data_541283301.root
./INPUTFILES/data_541273321.root
./INPUTFILES/data_541322751.root
./INPUTFILES/data_541292691.root
./INPUTFILES/data_541312851.root
./INPUTFILES/data_541283261.root
./INPUTFILES/data_541273311.root
./INPUTFILES/data_541312891.root
./INPUTFILES/data_541273341.root
./INPUTFILES/data_541273331.root
./INPUTFILES/21EF1A6A9139C9FD2A38E59AFB466F9A_1521.local.list
./INPUTFILES/data_541322761.root
./INPUTFILES/data_541293161.root
./INPUTFILES/data_541283281.root
./INPUTFILES/data_541332651.root
./INPUTFILES/data_541322811.root
./INPUTFILES/data_541283271.root
./INPUTFILES/data_541312881.root
./INPUTFILES/data_541332711.root
./INPUTFILES/data_541332641.root
./INPUTFILES/data_541322821.root
./INPUTFILES/data_541322801.root
./INPUTFILES/data_541273291.root
./INPUTFILES/data_541312861.root
./INPUTFILES/data_541302901.root
./INPUTFILES/data_541312841.root
./INPUTFILES/data_541322831.root
++++++++++++++++INPUTFILE Var++++++++++++++++++
FILELIST=/tmp/maxwoo/21EF1A6A9139C9FD2A38E59AFB466F9A_1521/INPUTFILES/21EF1A6A9139C9FD2A38E59AFB466F9A_1521.local.list
INPUTFILECOUNT=37
INPUTFILE0=/tmp/maxwoo/21EF1A6A9139C9FD2A38E59AFB466F9A_1521/INPUTFILES/data_541243471.root
INPUTFILE1=/tmp/maxwoo/21EF1A6A9139C9FD2A38E59AFB466F9A_1521/INPUTFILES/data_541253421.root
INPUTFILE2=/tmp/maxwoo/21EF1A6A9139C9FD2A38E59AFB466F9A_1521/INPUTFILES/data_541273291.root
INPUTFILE3=/tmp/maxwoo/21EF1A6A9139C9FD2A38E59AFB466F9A_1521/INPUTFILES/data_541273311.root
INPUTFILE4=/tmp/maxwoo/21EF1A6A9139C9FD2A38E59AFB466F9A_1521/INPUTFILES/data_541273321.root
INPUTFILE5=/tmp/maxwoo/21EF1A6A9139C9FD2A38E59AFB466F9A_1521/INPUTFILES/data_541273331.root
INPUTFILE6=/tmp/maxwoo/21EF1A6A9139C9FD2A38E59AFB466F9A_1521/INPUTFILES/data_541273341.root
INPUTFILE7=/tmp/maxwoo/21EF1A6A9139C9FD2A38E59AFB466F9A_1521/INPUTFILES/data_541283241.root
INPUTFILE8=/tmp/maxwoo/21EF1A6A9139C9FD2A38E59AFB466F9A_1521/INPUTFILES/data_541283251.root
INPUTFILE9=/tmp/maxwoo/21EF1A6A9139C9FD2A38E59AFB466F9A_1521/INPUTFILES/data_541283261.root
INPUTFILE10=/tmp/maxwoo/21EF1A6A9139C9FD2A38E59AFB466F9A_1521/INPUTFILES/data_541283271.root
INPUTFILE11=/tmp/maxwoo/21EF1A6A9139C9FD2A38E59AFB466F9A_1521/INPUTFILES/data_541283281.root
INPUTFILE12=/tmp/maxwoo/21EF1A6A9139C9FD2A38E59AFB466F9A_1521/INPUTFILES/data_541283301.root
INPUTFILE13=/tmp/maxwoo/21EF1A6A9139C9FD2A38E59AFB466F9A_1521/INPUTFILES/data_541292691.root
INPUTFILE14=/tmp/maxwoo/21EF1A6A9139C9FD2A38E59AFB466F9A_1521/INPUTFILES/data_541293161.root
INPUTFILE15=/tmp/maxwoo/21EF1A6A9139C9FD2A38E59AFB466F9A_1521/INPUTFILES/data_541293181.root
INPUTFILE16=/tmp/maxwoo/21EF1A6A9139C9FD2A38E59AFB466F9A_1521/INPUTFILES/data_541293221.root
INPUTFILE17=/tmp/maxwoo/21EF1A6A9139C9FD2A38E59AFB466F9A_1521/INPUTFILES/data_541302901.root
INPUTFILE18=/tmp/maxwoo/21EF1A6A9139C9FD2A38E59AFB466F9A_1521/INPUTFILES/data_541303051.root
INPUTFILE19=/tmp/maxwoo/21EF1A6A9139C9FD2A38E59AFB466F9A_1521/INPUTFILES/data_541303111.root
INPUTFILE20=/tmp/maxwoo/21EF1A6A9139C9FD2A38E59AFB466F9A_1521/INPUTFILES/data_541312841.root
INPUTFILE21=/tmp/maxwoo/21EF1A6A9139C9FD2A38E59AFB466F9A_1521/INPUTFILES/data_541312851.root
INPUTFILE22=/tmp/maxwoo/21EF1A6A9139C9FD2A38E59AFB466F9A_1521/INPUTFILES/data_541312861.root
INPUTFILE23=/tmp/maxwoo/21EF1A6A9139C9FD2A38E59AFB466F9A_1521/INPUTFILES/data_541312871.root
INPUTFILE24=/tmp/maxwoo/21EF1A6A9139C9FD2A38E59AFB466F9A_1521/INPUTFILES/data_541312881.root
INPUTFILE25=/tmp/maxwoo/21EF1A6A9139C9FD2A38E59AFB466F9A_1521/INPUTFILES/data_541312891.root
INPUTFILE26=/tmp/maxwoo/21EF1A6A9139C9FD2A38E59AFB466F9A_1521/INPUTFILES/data_541313701.root
INPUTFILE27=/tmp/maxwoo/21EF1A6A9139C9FD2A38E59AFB466F9A_1521/INPUTFILES/data_541322751.root
INPUTFILE28=/tmp/maxwoo/21EF1A6A9139C9FD2A38E59AFB466F9A_1521/INPUTFILES/data_541322761.root
INPUTFILE29=/tmp/maxwoo/21EF1A6A9139C9FD2A38E59AFB466F9A_1521/INPUTFILES/data_541322801.root
INPUTFILE30=/tmp/maxwoo/21EF1A6A9139C9FD2A38E59AFB466F9A_1521/INPUTFILES/data_541322811.root
INPUTFILE31=/tmp/maxwoo/21EF1A6A9139C9FD2A38E59AFB466F9A_1521/INPUTFILES/data_541322821.root
INPUTFILE32=/tmp/maxwoo/21EF1A6A9139C9FD2A38E59AFB466F9A_1521/INPUTFILES/data_541322831.root
INPUTFILE33=/tmp/maxwoo/21EF1A6A9139C9FD2A38E59AFB466F9A_1521/INPUTFILES/data_541323071.root
INPUTFILE34=/tmp/maxwoo/21EF1A6A9139C9FD2A38E59AFB466F9A_1521/INPUTFILES/data_541332641.root
INPUTFILE35=/tmp/maxwoo/21EF1A6A9139C9FD2A38E59AFB466F9A_1521/INPUTFILES/data_541332651.root
INPUTFILE36=/tmp/maxwoo/21EF1A6A9139C9FD2A38E59AFB466F9A_1521/INPUTFILES/data_541332711.root
LocalInputFileDir=/tmp/maxwoo/21EF1A6A9139C9FD2A38E59AFB466F9A_1521/INPUTFILES
NewFILELIST=/tmp/maxwoo/21EF1A6A9139C9FD2A38E59AFB466F9A_1521/INPUTFILES/21EF1A6A9139C9FD2A38E59AFB466F9A_1521.local.list
+++++++++++++++++++++++++++++++++++++++++++++++
--------------------------------
Simple Unified Meta Scheduler 1.10.50 we are starting in $SCRATCH : /home/tmp/maxwoo/21EF1A6A9139C9FD2A38E59AFB466F9A_1521
--------------------------------
total 16
lrwxrwxrwx 1 maxwoo rhstar   61 Jun  2 11:15 check_S.C -> /gpfs/mnt/gpfs01/star/pwg/xiatong/git/strangeness/./check_S.C
lrwxrwxrwx 1 maxwoo rhstar   65 Jun  2 11:15 Check_Sness.C -> /gpfs/mnt/gpfs01/star/pwg/xiatong/git/strangeness/./Check_Sness.C
drwxr-xr-x 2 maxwoo rhstar 4096 Jun  2 11:17 INPUTFILES
drwxr-xr-x 2 maxwoo rhstar 4096 Jun  2 11:15 lib
  *******************************************
  *                                         *
  *        W E L C O M E  to  R O O T       *
  *                                         *
  *   Version   5.34/38     12 March 2018   *
  *                                         *
  *  You are welcome to visit our Web site  *
  *          http://root.cern.ch            *
  *                                         *
  *******************************************

ROOT 5.34/38 (v5-34-38@v5-34-38, Mar 12 2018, 15:49:39 on linux)

CINT/ROOT C/C++ Interpreter version 5.18.00, July 2, 2010
Type ? for help. Commands must be C++ statements.
Enclose multiple statements between { }.
*** Float Point Exception is OFF ***
 *** Start at Date : Thu Jun  2 11:17:29 2022
QAInfo:You are using STAR_LEVEL : dev, ROOT_LEVEL : 5.34.38 and node : rcas2962.rcf.bnl.gov 

Processing check_S.C++("/tmp/maxwoo/21EF1A6A9139C9FD2A38E59AFB466F9A_1521/INPUTFILES/21EF1A6A9139C9FD2A38E59AFB466F9A_1521.local.list","21EF1A6A9139C9FD2A38E59AFB466F9A_1521",1)...
/tmp/maxwoo/21EF1A6A9139C9FD2A38E59AFB466F9A_1521/INPUTFILES/data_541243471.root 
/tmp/maxwoo/21EF1A6A9139C9FD2A38E59AFB466F9A_1521/INPUTFILES/data_541253421.root 
/tmp/maxwoo/21EF1A6A9139C9FD2A38E59AFB466F9A_1521/INPUTFILES/data_541273291.root 
/tmp/maxwoo/21EF1A6A9139C9FD2A38E59AFB466F9A_1521/INPUTFILES/data_541273311.root 
/tmp/maxwoo/21EF1A6A9139C9FD2A38E59AFB466F9A_1521/INPUTFILES/data_541273321.root 
/tmp/maxwoo/21EF1A6A9139C9FD2A38E59AFB466F9A_1521/INPUTFILES/data_541273331.root 
/tmp/maxwoo/21EF1A6A9139C9FD2A38E59AFB466F9A_1521/INPUTFILES/data_541273341.root 
/tmp/maxwoo/21EF1A6A9139C9FD2A38E59AFB466F9A_1521/INPUTFILES/data_541283241.root 
/tmp/maxwoo/21EF1A6A9139C9FD2A38E59AFB466F9A_1521/INPUTFILES/data_541283251.root 
/tmp/maxwoo/21EF1A6A9139C9FD2A38E59AFB466F9A_1521/INPUTFILES/data_541283261.root 
/tmp/maxwoo/21EF1A6A9139C9FD2A38E59AFB466F9A_1521/INPUTFILES/data_541283271.root 
/tmp/maxwoo/21EF1A6A9139C9FD2A38E59AFB466F9A_1521/INPUTFILES/data_541283281.root 
/tmp/maxwoo/21EF1A6A9139C9FD2A38E59AFB466F9A_1521/INPUTFILES/data_541283301.root 
/tmp/maxwoo/21EF1A6A9139C9FD2A38E59AFB466F9A_1521/INPUTFILES/data_541292691.root 
/tmp/maxwoo/21EF1A6A9139C9FD2A38E59AFB466F9A_1521/INPUTFILES/data_541293161.root 
/tmp/maxwoo/21EF1A6A9139C9FD2A38E59AFB466F9A_1521/INPUTFILES/data_541293181.root 
/tmp/maxwoo/21EF1A6A9139C9FD2A38E59AFB466F9A_1521/INPUTFILES/data_541293221.root 
/tmp/maxwoo/21EF1A6A9139C9FD2A38E59AFB466F9A_1521/INPUTFILES/data_541302901.root 
/tmp/maxwoo/21EF1A6A9139C9FD2A38E59AFB466F9A_1521/INPUTFILES/data_541303051.root 
/tmp/maxwoo/21EF1A6A9139C9FD2A38E59AFB466F9A_1521/INPUTFILES/data_541303111.root 
/tmp/maxwoo/21EF1A6A9139C9FD2A38E59AFB466F9A_1521/INPUTFILES/data_541312841.root 
/tmp/maxwoo/21EF1A6A9139C9FD2A38E59AFB466F9A_1521/INPUTFILES/data_541312851.root 
/tmp/maxwoo/21EF1A6A9139C9FD2A38E59AFB466F9A_1521/INPUTFILES/data_541312861.root 
/tmp/maxwoo/21EF1A6A9139C9FD2A38E59AFB466F9A_1521/INPUTFILES/data_541312871.root 
/tmp/maxwoo/21EF1A6A9139C9FD2A38E59AFB466F9A_1521/INPUTFILES/data_541312881.root 
/tmp/maxwoo/21EF1A6A9139C9FD2A38E59AFB466F9A_1521/INPUTFILES/data_541312891.root 
/tmp/maxwoo/21EF1A6A9139C9FD2A38E59AFB466F9A_1521/INPUTFILES/data_541313701.root 
/tmp/maxwoo/21EF1A6A9139C9FD2A38E59AFB466F9A_1521/INPUTFILES/data_541322751.root 
/tmp/maxwoo/21EF1A6A9139C9FD2A38E59AFB466F9A_1521/INPUTFILES/data_541322761.root 
/tmp/maxwoo/21EF1A6A9139C9FD2A38E59AFB466F9A_1521/INPUTFILES/data_541322801.root 
/tmp/maxwoo/21EF1A6A9139C9FD2A38E59AFB466F9A_1521/INPUTFILES/data_541322811.root 
/tmp/maxwoo/21EF1A6A9139C9FD2A38E59AFB466F9A_1521/INPUTFILES/data_541322821.root 
/tmp/maxwoo/21EF1A6A9139C9FD2A38E59AFB466F9A_1521/INPUTFILES/data_541322831.root 
/tmp/maxwoo/21EF1A6A9139C9FD2A38E59AFB466F9A_1521/INPUTFILES/data_541323071.root 
/tmp/maxwoo/21EF1A6A9139C9FD2A38E59AFB466F9A_1521/INPUTFILES/data_541332641.root 
/tmp/maxwoo/21EF1A6A9139C9FD2A38E59AFB466F9A_1521/INPUTFILES/data_541332651.root 
/tmp/maxwoo/21EF1A6A9139C9FD2A38E59AFB466F9A_1521/INPUTFILES/data_541332711.root 
Added 37 files
# entries in chain: 37000
Processing entry == 1000 == out of 37000.
Processing entry == 2000 == out of 37000.
Processing entry == 3000 == out of 37000.
Processing entry == 4000 == out of 37000.
Processing entry == 5000 == out of 37000.
Processing entry == 6000 == out of 37000.
Processing entry == 7000 == out of 37000.
Processing entry == 8000 == out of 37000.
Processing entry == 9000 == out of 37000.
Processing entry == 10000 == out of 37000.
Processing entry == 11000 == out of 37000.
Processing entry == 12000 == out of 37000.
Processing entry == 13000 == out of 37000.
Processing entry == 14000 == out of 37000.
Processing entry == 15000 == out of 37000.
Processing entry == 16000 == out of 37000.
Processing entry == 17000 == out of 37000.
Processing entry == 18000 == out of 37000.
Processing entry == 19000 == out of 37000.
Processing entry == 20000 == out of 37000.
Processing entry == 21000 == out of 37000.
Processing entry == 22000 == out of 37000.
Processing entry == 23000 == out of 37000.
Processing entry == 24000 == out of 37000.
Processing entry == 25000 == out of 37000.
Processing entry == 26000 == out of 37000.
Processing entry == 27000 == out of 37000.
Processing entry == 28000 == out of 37000.
Processing entry == 29000 == out of 37000.
Processing entry == 30000 == out of 37000.
Processing entry == 31000 == out of 37000.
Processing entry == 32000 == out of 37000.
Processing entry == 33000 == out of 37000.
Processing entry == 34000 == out of 37000.
Processing entry == 35000 == out of 37000.
Processing entry == 36000 == out of 37000.
Processing entry == 37000 == out of 37000.

This is the end of ROOT -- Goodbye

Cleaning up sandbox file:  /tmp/maxwoo/21EF1A6A9139C9FD2A38E59AFB466F9A_1521/check_S.C
Cleaning up sandbox file:  /tmp/maxwoo/21EF1A6A9139C9FD2A38E59AFB466F9A_1521/Check_Sness.C
Cleaning up sandbox file:  /tmp/maxwoo/21EF1A6A9139C9FD2A38E59AFB466F9A_1521/lib
Cleaning up sandbox file:  /tmp/maxwoo/21EF1A6A9139C9FD2A38E59AFB466F9A_1521/.sandboxFiles
Starting copy block
Running copy command:  /bin/cp -fp /tmp/maxwoo/21EF1A6A9139C9FD2A38E59AFB466F9A_1521/out_21EF1A6A9139C9FD2A38E59AFB466F9A_1521.root /star/data01/pwg/xiatong/git/strangeness/data/
26037 Execution of (/star/data01/pwg/xiatong/git/strangeness/script/sched21EF1A6A9139C9FD2A38E59AFB466F9A_1521.csh ) has ended, exiting normally
26037 We END on [Thu Jun  2 11:37:33 EDT 2022]
