We are starting on node: spool0810.sdcc.bnl.gov
HOME is not defined
Using getent method
HOME is now /star/u/maxwoo
1582 We will spawn ourselves (/star/data01/pwg/xiatong/git/strangeness/script/sched21EF1A6A9139C9FD2A38E59AFB466F9A_1231.csh )
1582 We BEGIN on [Thu Jun  2 11:21:10 EDT 2022]
[1] 1806
1582 We are waiting for 1806 
1582 Grandchild PID is 2324 - found in 10 x 1 seconds
1582 Establishing first watcher   on    Thu Jun  2 11:21:21 EDT 2022
1582 Process tree is 1582 (main) -> 1806 (child) -> 2324 (grandchild)
F S   UID    PID   PPID  C PRI  NI ADDR SZ WCHAN  TTY        TIME CMD
1582 Grandchild PID is 8706 - found in 20 x 2 seconds
1582 Grandchild to watch has changed on Thu Jun  2 11:21:57 EDT 2022
1582 Process tree is 1582 (main) -> 1806 (child) -> 8706 (grandchild)
F S   UID    PID   PPID  C PRI  NI ADDR SZ WCHAN  TTY        TIME CMD
0 D 100667  8706   1806  0  80   0 - 32311 cxiWai ?          0:00 cp /star/data01/pwg/xiatong/AMPT/14GeV/data_402094091.root /tmp/maxwoo/21EF1A6A9139C9FD2A38E59AFB466F9A_1231/INPUTFILES/data_402094091.root
1582 Grandchild PID is 12932 - found in 30 x 2 seconds
1582 Grandchild to watch has changed on Thu Jun  2 11:22:18 EDT 2022
1582 Process tree is 1582 (main) -> 1806 (child) -> 12932 (grandchild)
F S   UID    PID   PPID  C PRI  NI ADDR SZ WCHAN  TTY        TIME CMD
0 D 100667 12932   1806  0  80   0 - 32311 cxiWai ?          0:00 cp /star/data01/pwg/xiatong/AMPT/14GeV/data_402106421.root /tmp/maxwoo/21EF1A6A9139C9FD2A38E59AFB466F9A_1231/INPUTFILES/data_402106421.root
1582 Grandchild PID is 20673 - found in 50 x 2 seconds
1582 Grandchild to watch has changed on Thu Jun  2 11:23:00 EDT 2022
1582 Process tree is 1582 (main) -> 1806 (child) -> 20673 (grandchild)
F S   UID    PID   PPID  C PRI  NI ADDR SZ WCHAN  TTY        TIME CMD
0 D 100667 20673   1806  0  80   0 - 32311 cxiWai ?          0:00 cp /star/data01/pwg/xiatong/AMPT/14GeV/data_402114761.root /tmp/maxwoo/21EF1A6A9139C9FD2A38E59AFB466F9A_1231/INPUTFILES/data_402114761.root
1582 Grandchild PID is 23797 - found in 60 x 2 seconds
1582 Grandchild to watch has changed on Thu Jun  2 11:23:21 EDT 2022
1582 Process tree is 1582 (main) -> 1806 (child) -> 23797 (grandchild)
F S   UID    PID   PPID  C PRI  NI ADDR SZ WCHAN  TTY        TIME CMD
0 D 100667 23797   1806  0  80   0 - 32311 cxiWai ?          0:00 cp /star/data01/pwg/xiatong/AMPT/14GeV/data_402126491.root /tmp/maxwoo/21EF1A6A9139C9FD2A38E59AFB466F9A_1231/INPUTFILES/data_402126491.root
1582 Grandchild PID is 27315 - found in 70 x 2 seconds
1582 Grandchild to watch has changed on Thu Jun  2 11:23:41 EDT 2022
1582 Process tree is 1582 (main) -> 1806 (child) -> 27315 (grandchild)
F S   UID    PID   PPID  C PRI  NI ADDR SZ WCHAN  TTY        TIME CMD
0 D 100667 27315   1806  0  80   0 - 32311 cxiWai ?          0:00 cp /star/data01/pwg/xiatong/AMPT/14GeV/data_402133661.root /tmp/maxwoo/21EF1A6A9139C9FD2A38E59AFB466F9A_1231/INPUTFILES/data_402133661.root
1582 Grandchild PID is 30748 - found in 80 x 2 seconds
1582 Grandchild to watch has changed on Thu Jun  2 11:24:02 EDT 2022
1582 Process tree is 1582 (main) -> 1806 (child) -> 30748 (grandchild)
F S   UID    PID   PPID  C PRI  NI ADDR SZ WCHAN  TTY        TIME CMD
0 D 100667 30748   1806  0  80   0 - 32311 cxiWai ?          0:00 cp /star/data01/pwg/xiatong/AMPT/14GeV/data_402142711.root /tmp/maxwoo/21EF1A6A9139C9FD2A38E59AFB466F9A_1231/INPUTFILES/data_402142711.root
1582 Grandchild PID is 36326 - found in 100 x 2 seconds
1582 Grandchild to watch has changed on Thu Jun  2 11:24:44 EDT 2022
1582 Process tree is 1582 (main) -> 1806 (child) -> 36326 (grandchild)
F S   UID    PID   PPID  C PRI  NI ADDR SZ WCHAN  TTY        TIME CMD
0 D 100667 36326   1806  0  80   0 - 32311 cxiWai ?          0:00 cp /star/data01/pwg/xiatong/AMPT/14GeV/data_402142751.root /tmp/maxwoo/21EF1A6A9139C9FD2A38E59AFB466F9A_1231/INPUTFILES/data_402142751.root
1582 Grandchild PID is 40839 - found in 110 x 2 seconds
1582 Grandchild to watch has changed on Thu Jun  2 11:25:05 EDT 2022
1582 Process tree is 1582 (main) -> 1806 (child) -> 40839 (grandchild)
F S   UID    PID   PPID  C PRI  NI ADDR SZ WCHAN  TTY        TIME CMD
0 D 100667 40839   1806  0  80   0 - 32311 cxiWai ?          0:00 cp /star/data01/pwg/xiatong/AMPT/14GeV/data_402158641.root /tmp/maxwoo/21EF1A6A9139C9FD2A38E59AFB466F9A_1231/INPUTFILES/data_402158641.root
1582 Grandchild PID is 42778 - found in 120 x 2 seconds
1582 Grandchild to watch has changed on Thu Jun  2 11:25:26 EDT 2022
1582 Process tree is 1582 (main) -> 1806 (child) -> 42778 (grandchild)
F S   UID    PID   PPID  C PRI  NI ADDR SZ WCHAN  TTY        TIME CMD
0 S 100667 42778   1806  0  80   0 -  1272 do_wai ?          0:00 root -b -q check_S.C++("/tmp/maxwoo/21EF1A6A9139C9FD2A38E59AFB466F9A_1231/INPUTFILES/21EF1A6A9139C9FD2A38E59AFB466F9A_1231.local.list","21EF1A6A9139C9FD2A38E59AFB466F9A_1231",1)
1806 Stepping into the main SUMS wrapper program with []
.... building sandbox
Running: cp /star/data01/pwg/xiatong/AMPT/14GeV/data_401954711.root /tmp/maxwoo/21EF1A6A9139C9FD2A38E59AFB466F9A_1231/INPUTFILES/data_401954711.root
Running: cp /star/data01/pwg/xiatong/AMPT/14GeV/data_401986221.root /tmp/maxwoo/21EF1A6A9139C9FD2A38E59AFB466F9A_1231/INPUTFILES/data_401986221.root
Running: cp /star/data01/pwg/xiatong/AMPT/14GeV/data_402023001.root /tmp/maxwoo/21EF1A6A9139C9FD2A38E59AFB466F9A_1231/INPUTFILES/data_402023001.root
Running: cp /star/data01/pwg/xiatong/AMPT/14GeV/data_402024051.root /tmp/maxwoo/21EF1A6A9139C9FD2A38E59AFB466F9A_1231/INPUTFILES/data_402024051.root
Running: cp /star/data01/pwg/xiatong/AMPT/14GeV/data_402029081.root /tmp/maxwoo/21EF1A6A9139C9FD2A38E59AFB466F9A_1231/INPUTFILES/data_402029081.root
Running: cp /star/data01/pwg/xiatong/AMPT/14GeV/data_402054721.root /tmp/maxwoo/21EF1A6A9139C9FD2A38E59AFB466F9A_1231/INPUTFILES/data_402054721.root
Running: cp /star/data01/pwg/xiatong/AMPT/14GeV/data_402094091.root /tmp/maxwoo/21EF1A6A9139C9FD2A38E59AFB466F9A_1231/INPUTFILES/data_402094091.root
Running: cp /star/data01/pwg/xiatong/AMPT/14GeV/data_402106421.root /tmp/maxwoo/21EF1A6A9139C9FD2A38E59AFB466F9A_1231/INPUTFILES/data_402106421.root
Running: cp /star/data01/pwg/xiatong/AMPT/14GeV/data_402108491.root /tmp/maxwoo/21EF1A6A9139C9FD2A38E59AFB466F9A_1231/INPUTFILES/data_402108491.root
Running: cp /star/data01/pwg/xiatong/AMPT/14GeV/data_402108841.root /tmp/maxwoo/21EF1A6A9139C9FD2A38E59AFB466F9A_1231/INPUTFILES/data_402108841.root
Running: cp /star/data01/pwg/xiatong/AMPT/14GeV/data_402114731.root /tmp/maxwoo/21EF1A6A9139C9FD2A38E59AFB466F9A_1231/INPUTFILES/data_402114731.root
Running: cp /star/data01/pwg/xiatong/AMPT/14GeV/data_402114761.root /tmp/maxwoo/21EF1A6A9139C9FD2A38E59AFB466F9A_1231/INPUTFILES/data_402114761.root
Running: cp /star/data01/pwg/xiatong/AMPT/14GeV/data_402114771.root /tmp/maxwoo/21EF1A6A9139C9FD2A38E59AFB466F9A_1231/INPUTFILES/data_402114771.root
Running: cp /star/data01/pwg/xiatong/AMPT/14GeV/data_402115731.root /tmp/maxwoo/21EF1A6A9139C9FD2A38E59AFB466F9A_1231/INPUTFILES/data_402115731.root
Running: cp /star/data01/pwg/xiatong/AMPT/14GeV/data_402123971.root /tmp/maxwoo/21EF1A6A9139C9FD2A38E59AFB466F9A_1231/INPUTFILES/data_402123971.root
Running: cp /star/data01/pwg/xiatong/AMPT/14GeV/data_402125601.root /tmp/maxwoo/21EF1A6A9139C9FD2A38E59AFB466F9A_1231/INPUTFILES/data_402125601.root
Running: cp /star/data01/pwg/xiatong/AMPT/14GeV/data_402126491.root /tmp/maxwoo/21EF1A6A9139C9FD2A38E59AFB466F9A_1231/INPUTFILES/data_402126491.root
Running: cp /star/data01/pwg/xiatong/AMPT/14GeV/data_402129031.root /tmp/maxwoo/21EF1A6A9139C9FD2A38E59AFB466F9A_1231/INPUTFILES/data_402129031.root
Running: cp /star/data01/pwg/xiatong/AMPT/14GeV/data_402129551.root /tmp/maxwoo/21EF1A6A9139C9FD2A38E59AFB466F9A_1231/INPUTFILES/data_402129551.root
Running: cp /star/data01/pwg/xiatong/AMPT/14GeV/data_402131941.root /tmp/maxwoo/21EF1A6A9139C9FD2A38E59AFB466F9A_1231/INPUTFILES/data_402131941.root
Running: cp /star/data01/pwg/xiatong/AMPT/14GeV/data_402131951.root /tmp/maxwoo/21EF1A6A9139C9FD2A38E59AFB466F9A_1231/INPUTFILES/data_402131951.root
Running: cp /star/data01/pwg/xiatong/AMPT/14GeV/data_402131961.root /tmp/maxwoo/21EF1A6A9139C9FD2A38E59AFB466F9A_1231/INPUTFILES/data_402131961.root
Running: cp /star/data01/pwg/xiatong/AMPT/14GeV/data_402133661.root /tmp/maxwoo/21EF1A6A9139C9FD2A38E59AFB466F9A_1231/INPUTFILES/data_402133661.root
Running: cp /star/data01/pwg/xiatong/AMPT/14GeV/data_402138821.root /tmp/maxwoo/21EF1A6A9139C9FD2A38E59AFB466F9A_1231/INPUTFILES/data_402138821.root
Running: cp /star/data01/pwg/xiatong/AMPT/14GeV/data_402142711.root /tmp/maxwoo/21EF1A6A9139C9FD2A38E59AFB466F9A_1231/INPUTFILES/data_402142711.root
Running: cp /star/data01/pwg/xiatong/AMPT/14GeV/data_402142731.root /tmp/maxwoo/21EF1A6A9139C9FD2A38E59AFB466F9A_1231/INPUTFILES/data_402142731.root
Running: cp /star/data01/pwg/xiatong/AMPT/14GeV/data_402142751.root /tmp/maxwoo/21EF1A6A9139C9FD2A38E59AFB466F9A_1231/INPUTFILES/data_402142751.root
Running: cp /star/data01/pwg/xiatong/AMPT/14GeV/data_402144801.root /tmp/maxwoo/21EF1A6A9139C9FD2A38E59AFB466F9A_1231/INPUTFILES/data_402144801.root
Running: cp /star/data01/pwg/xiatong/AMPT/14GeV/data_402154691.root /tmp/maxwoo/21EF1A6A9139C9FD2A38E59AFB466F9A_1231/INPUTFILES/data_402154691.root
Running: cp /star/data01/pwg/xiatong/AMPT/14GeV/data_402158571.root /tmp/maxwoo/21EF1A6A9139C9FD2A38E59AFB466F9A_1231/INPUTFILES/data_402158571.root
Running: cp /star/data01/pwg/xiatong/AMPT/14GeV/data_402158581.root /tmp/maxwoo/21EF1A6A9139C9FD2A38E59AFB466F9A_1231/INPUTFILES/data_402158581.root
Running: cp /star/data01/pwg/xiatong/AMPT/14GeV/data_402158611.root /tmp/maxwoo/21EF1A6A9139C9FD2A38E59AFB466F9A_1231/INPUTFILES/data_402158611.root
Running: cp /star/data01/pwg/xiatong/AMPT/14GeV/data_402158621.root /tmp/maxwoo/21EF1A6A9139C9FD2A38E59AFB466F9A_1231/INPUTFILES/data_402158621.root
Running: cp /star/data01/pwg/xiatong/AMPT/14GeV/data_402158641.root /tmp/maxwoo/21EF1A6A9139C9FD2A38E59AFB466F9A_1231/INPUTFILES/data_402158641.root
Running: cp /star/data01/pwg/xiatong/AMPT/14GeV/data_402158651.root /tmp/maxwoo/21EF1A6A9139C9FD2A38E59AFB466F9A_1231/INPUTFILES/data_402158651.root
Running: cp /star/data01/pwg/xiatong/AMPT/14GeV/data_402158671.root /tmp/maxwoo/21EF1A6A9139C9FD2A38E59AFB466F9A_1231/INPUTFILES/data_402158671.root
Running: cp /star/data01/pwg/xiatong/AMPT/14GeV/data_402158681.root /tmp/maxwoo/21EF1A6A9139C9FD2A38E59AFB466F9A_1231/INPUTFILES/data_402158681.root
Swapping $FILELIST with: /tmp/maxwoo/21EF1A6A9139C9FD2A38E59AFB466F9A_1231/INPUTFILES/21EF1A6A9139C9FD2A38E59AFB466F9A_1231.local.list
+++++++++++local copy debug++++++++++++++++++++
newFileList: /tmp/maxwoo/21EF1A6A9139C9FD2A38E59AFB466F9A_1231/INPUTFILES/21EF1A6A9139C9FD2A38E59AFB466F9A_1231.local.list
++++++++++++++++cat FILELIST+++++++++++++++++++
/tmp/maxwoo/21EF1A6A9139C9FD2A38E59AFB466F9A_1231/INPUTFILES/data_401954711.root 
/tmp/maxwoo/21EF1A6A9139C9FD2A38E59AFB466F9A_1231/INPUTFILES/data_401986221.root 
/tmp/maxwoo/21EF1A6A9139C9FD2A38E59AFB466F9A_1231/INPUTFILES/data_402023001.root 
/tmp/maxwoo/21EF1A6A9139C9FD2A38E59AFB466F9A_1231/INPUTFILES/data_402024051.root 
/tmp/maxwoo/21EF1A6A9139C9FD2A38E59AFB466F9A_1231/INPUTFILES/data_402029081.root 
/tmp/maxwoo/21EF1A6A9139C9FD2A38E59AFB466F9A_1231/INPUTFILES/data_402054721.root 
/tmp/maxwoo/21EF1A6A9139C9FD2A38E59AFB466F9A_1231/INPUTFILES/data_402094091.root 
/tmp/maxwoo/21EF1A6A9139C9FD2A38E59AFB466F9A_1231/INPUTFILES/data_402106421.root 
/tmp/maxwoo/21EF1A6A9139C9FD2A38E59AFB466F9A_1231/INPUTFILES/data_402108491.root 
/tmp/maxwoo/21EF1A6A9139C9FD2A38E59AFB466F9A_1231/INPUTFILES/data_402108841.root 
/tmp/maxwoo/21EF1A6A9139C9FD2A38E59AFB466F9A_1231/INPUTFILES/data_402114731.root 
/tmp/maxwoo/21EF1A6A9139C9FD2A38E59AFB466F9A_1231/INPUTFILES/data_402114761.root 
/tmp/maxwoo/21EF1A6A9139C9FD2A38E59AFB466F9A_1231/INPUTFILES/data_402114771.root 
/tmp/maxwoo/21EF1A6A9139C9FD2A38E59AFB466F9A_1231/INPUTFILES/data_402115731.root 
/tmp/maxwoo/21EF1A6A9139C9FD2A38E59AFB466F9A_1231/INPUTFILES/data_402123971.root 
/tmp/maxwoo/21EF1A6A9139C9FD2A38E59AFB466F9A_1231/INPUTFILES/data_402125601.root 
/tmp/maxwoo/21EF1A6A9139C9FD2A38E59AFB466F9A_1231/INPUTFILES/data_402126491.root 
/tmp/maxwoo/21EF1A6A9139C9FD2A38E59AFB466F9A_1231/INPUTFILES/data_402129031.root 
/tmp/maxwoo/21EF1A6A9139C9FD2A38E59AFB466F9A_1231/INPUTFILES/data_402129551.root 
/tmp/maxwoo/21EF1A6A9139C9FD2A38E59AFB466F9A_1231/INPUTFILES/data_402131941.root 
/tmp/maxwoo/21EF1A6A9139C9FD2A38E59AFB466F9A_1231/INPUTFILES/data_402131951.root 
/tmp/maxwoo/21EF1A6A9139C9FD2A38E59AFB466F9A_1231/INPUTFILES/data_402131961.root 
/tmp/maxwoo/21EF1A6A9139C9FD2A38E59AFB466F9A_1231/INPUTFILES/data_402133661.root 
/tmp/maxwoo/21EF1A6A9139C9FD2A38E59AFB466F9A_1231/INPUTFILES/data_402138821.root 
/tmp/maxwoo/21EF1A6A9139C9FD2A38E59AFB466F9A_1231/INPUTFILES/data_402142711.root 
/tmp/maxwoo/21EF1A6A9139C9FD2A38E59AFB466F9A_1231/INPUTFILES/data_402142731.root 
/tmp/maxwoo/21EF1A6A9139C9FD2A38E59AFB466F9A_1231/INPUTFILES/data_402142751.root 
/tmp/maxwoo/21EF1A6A9139C9FD2A38E59AFB466F9A_1231/INPUTFILES/data_402144801.root 
/tmp/maxwoo/21EF1A6A9139C9FD2A38E59AFB466F9A_1231/INPUTFILES/data_402154691.root 
/tmp/maxwoo/21EF1A6A9139C9FD2A38E59AFB466F9A_1231/INPUTFILES/data_402158571.root 
/tmp/maxwoo/21EF1A6A9139C9FD2A38E59AFB466F9A_1231/INPUTFILES/data_402158581.root 
/tmp/maxwoo/21EF1A6A9139C9FD2A38E59AFB466F9A_1231/INPUTFILES/data_402158611.root 
/tmp/maxwoo/21EF1A6A9139C9FD2A38E59AFB466F9A_1231/INPUTFILES/data_402158621.root 
/tmp/maxwoo/21EF1A6A9139C9FD2A38E59AFB466F9A_1231/INPUTFILES/data_402158641.root 
/tmp/maxwoo/21EF1A6A9139C9FD2A38E59AFB466F9A_1231/INPUTFILES/data_402158651.root 
/tmp/maxwoo/21EF1A6A9139C9FD2A38E59AFB466F9A_1231/INPUTFILES/data_402158671.root 
/tmp/maxwoo/21EF1A6A9139C9FD2A38E59AFB466F9A_1231/INPUTFILES/data_402158681.root 
++++++++++++++++++++find.++++++++++++++++++++++
.
./Check_Sness.C
./INPUTFILES
./INPUTFILES/data_402114731.root
./INPUTFILES/data_402131961.root
./INPUTFILES/data_402129031.root
./INPUTFILES/data_402094091.root
./INPUTFILES/data_402125601.root
./INPUTFILES/data_402158611.root
./INPUTFILES/21EF1A6A9139C9FD2A38E59AFB466F9A_1231.local.list
./INPUTFILES/data_402158651.root
./INPUTFILES/data_402114761.root
./INPUTFILES/data_402158681.root
./INPUTFILES/data_402158671.root
./INPUTFILES/data_402024051.root
./INPUTFILES/data_402142711.root
./INPUTFILES/data_402129551.root
./INPUTFILES/data_402142751.root
./INPUTFILES/data_402114771.root
./INPUTFILES/data_402158641.root
./INPUTFILES/data_401986221.root
./INPUTFILES/data_402144801.root
./INPUTFILES/data_402023001.root
./INPUTFILES/data_402126491.root
./INPUTFILES/data_402106421.root
./INPUTFILES/data_402115731.root
./INPUTFILES/data_402158581.root
./INPUTFILES/data_402158621.root
./INPUTFILES/data_402131941.root
./INPUTFILES/data_402154691.root
./INPUTFILES/data_402131951.root
./INPUTFILES/data_402108491.root
./INPUTFILES/data_402138821.root
./INPUTFILES/data_402133661.root
./INPUTFILES/data_402142731.root
./INPUTFILES/data_402123971.root
./INPUTFILES/data_402054721.root
./INPUTFILES/data_401954711.root
./INPUTFILES/data_402029081.root
./INPUTFILES/data_402158571.root
./INPUTFILES/data_402108841.root
./check_S.C
./.sandboxFiles
./.errror.log
./lib
./lib/CenMaker_cpp.d
./lib/my_particle_cpp_ACLiC_dict_rdict.pcm
./lib/my_particle.cpp
./lib/CenMaker_cpp_ACLiC_dict_rdict.pcm
./lib/NpartNormalizer.h
./lib/NpartNormalizer.cpp
./lib/MixedBuffer.cpp
./lib/NpartNormalizer_cpp.so
./lib/my_particle_cpp.d
./lib/MixedBuffer.h
./lib/CenMaker.h
./lib/NpartNormalizer_cpp.d
./lib/MixedBuffer_cpp_ACLiC_dict_rdict.pcm
./lib/my_event_cpp.so
./lib/my_event_cpp.d
./lib/my_event.cpp
./lib/MixedBuffer_cpp.d
./lib/NpartNormalizer_cpp_ACLiC_dict_rdict.pcm
./lib/MixedBuffer_cpp.so
./lib/CenMaker.cpp
./lib/CenMaker_cpp.so
./lib/my_particle.h
./lib/my_particle_cpp.so
./lib/my_event_cpp_ACLiC_dict_rdict.pcm
./lib/my_event.h
./.output.log
++++++++++++++++INPUTFILE Var++++++++++++++++++
FILELIST=/tmp/maxwoo/21EF1A6A9139C9FD2A38E59AFB466F9A_1231/INPUTFILES/21EF1A6A9139C9FD2A38E59AFB466F9A_1231.local.list
INPUTFILECOUNT=37
INPUTFILE0=/tmp/maxwoo/21EF1A6A9139C9FD2A38E59AFB466F9A_1231/INPUTFILES/data_401954711.root
INPUTFILE1=/tmp/maxwoo/21EF1A6A9139C9FD2A38E59AFB466F9A_1231/INPUTFILES/data_401986221.root
INPUTFILE2=/tmp/maxwoo/21EF1A6A9139C9FD2A38E59AFB466F9A_1231/INPUTFILES/data_402023001.root
INPUTFILE3=/tmp/maxwoo/21EF1A6A9139C9FD2A38E59AFB466F9A_1231/INPUTFILES/data_402024051.root
INPUTFILE4=/tmp/maxwoo/21EF1A6A9139C9FD2A38E59AFB466F9A_1231/INPUTFILES/data_402029081.root
INPUTFILE5=/tmp/maxwoo/21EF1A6A9139C9FD2A38E59AFB466F9A_1231/INPUTFILES/data_402054721.root
INPUTFILE6=/tmp/maxwoo/21EF1A6A9139C9FD2A38E59AFB466F9A_1231/INPUTFILES/data_402094091.root
INPUTFILE7=/tmp/maxwoo/21EF1A6A9139C9FD2A38E59AFB466F9A_1231/INPUTFILES/data_402106421.root
INPUTFILE8=/tmp/maxwoo/21EF1A6A9139C9FD2A38E59AFB466F9A_1231/INPUTFILES/data_402108491.root
INPUTFILE9=/tmp/maxwoo/21EF1A6A9139C9FD2A38E59AFB466F9A_1231/INPUTFILES/data_402108841.root
INPUTFILE10=/tmp/maxwoo/21EF1A6A9139C9FD2A38E59AFB466F9A_1231/INPUTFILES/data_402114731.root
INPUTFILE11=/tmp/maxwoo/21EF1A6A9139C9FD2A38E59AFB466F9A_1231/INPUTFILES/data_402114761.root
INPUTFILE12=/tmp/maxwoo/21EF1A6A9139C9FD2A38E59AFB466F9A_1231/INPUTFILES/data_402114771.root
INPUTFILE13=/tmp/maxwoo/21EF1A6A9139C9FD2A38E59AFB466F9A_1231/INPUTFILES/data_402115731.root
INPUTFILE14=/tmp/maxwoo/21EF1A6A9139C9FD2A38E59AFB466F9A_1231/INPUTFILES/data_402123971.root
INPUTFILE15=/tmp/maxwoo/21EF1A6A9139C9FD2A38E59AFB466F9A_1231/INPUTFILES/data_402125601.root
INPUTFILE16=/tmp/maxwoo/21EF1A6A9139C9FD2A38E59AFB466F9A_1231/INPUTFILES/data_402126491.root
INPUTFILE17=/tmp/maxwoo/21EF1A6A9139C9FD2A38E59AFB466F9A_1231/INPUTFILES/data_402129031.root
INPUTFILE18=/tmp/maxwoo/21EF1A6A9139C9FD2A38E59AFB466F9A_1231/INPUTFILES/data_402129551.root
INPUTFILE19=/tmp/maxwoo/21EF1A6A9139C9FD2A38E59AFB466F9A_1231/INPUTFILES/data_402131941.root
INPUTFILE20=/tmp/maxwoo/21EF1A6A9139C9FD2A38E59AFB466F9A_1231/INPUTFILES/data_402131951.root
INPUTFILE21=/tmp/maxwoo/21EF1A6A9139C9FD2A38E59AFB466F9A_1231/INPUTFILES/data_402131961.root
INPUTFILE22=/tmp/maxwoo/21EF1A6A9139C9FD2A38E59AFB466F9A_1231/INPUTFILES/data_402133661.root
INPUTFILE23=/tmp/maxwoo/21EF1A6A9139C9FD2A38E59AFB466F9A_1231/INPUTFILES/data_402138821.root
INPUTFILE24=/tmp/maxwoo/21EF1A6A9139C9FD2A38E59AFB466F9A_1231/INPUTFILES/data_402142711.root
INPUTFILE25=/tmp/maxwoo/21EF1A6A9139C9FD2A38E59AFB466F9A_1231/INPUTFILES/data_402142731.root
INPUTFILE26=/tmp/maxwoo/21EF1A6A9139C9FD2A38E59AFB466F9A_1231/INPUTFILES/data_402142751.root
INPUTFILE27=/tmp/maxwoo/21EF1A6A9139C9FD2A38E59AFB466F9A_1231/INPUTFILES/data_402144801.root
INPUTFILE28=/tmp/maxwoo/21EF1A6A9139C9FD2A38E59AFB466F9A_1231/INPUTFILES/data_402154691.root
INPUTFILE29=/tmp/maxwoo/21EF1A6A9139C9FD2A38E59AFB466F9A_1231/INPUTFILES/data_402158571.root
INPUTFILE30=/tmp/maxwoo/21EF1A6A9139C9FD2A38E59AFB466F9A_1231/INPUTFILES/data_402158581.root
INPUTFILE31=/tmp/maxwoo/21EF1A6A9139C9FD2A38E59AFB466F9A_1231/INPUTFILES/data_402158611.root
INPUTFILE32=/tmp/maxwoo/21EF1A6A9139C9FD2A38E59AFB466F9A_1231/INPUTFILES/data_402158621.root
INPUTFILE33=/tmp/maxwoo/21EF1A6A9139C9FD2A38E59AFB466F9A_1231/INPUTFILES/data_402158641.root
INPUTFILE34=/tmp/maxwoo/21EF1A6A9139C9FD2A38E59AFB466F9A_1231/INPUTFILES/data_402158651.root
INPUTFILE35=/tmp/maxwoo/21EF1A6A9139C9FD2A38E59AFB466F9A_1231/INPUTFILES/data_402158671.root
INPUTFILE36=/tmp/maxwoo/21EF1A6A9139C9FD2A38E59AFB466F9A_1231/INPUTFILES/data_402158681.root
LocalInputFileDir=/tmp/maxwoo/21EF1A6A9139C9FD2A38E59AFB466F9A_1231/INPUTFILES
NewFILELIST=/tmp/maxwoo/21EF1A6A9139C9FD2A38E59AFB466F9A_1231/INPUTFILES/21EF1A6A9139C9FD2A38E59AFB466F9A_1231.local.list
+++++++++++++++++++++++++++++++++++++++++++++++
--------------------------------
Simple Unified Meta Scheduler 1.10.50 we are starting in $SCRATCH : /home/tmp/maxwoo/21EF1A6A9139C9FD2A38E59AFB466F9A_1231
--------------------------------
total 16
lrwxrwxrwx 1 maxwoo rhstar   61 Jun  2 11:21 check_S.C -> /gpfs/mnt/gpfs01/star/pwg/xiatong/git/strangeness/./check_S.C
lrwxrwxrwx 1 maxwoo rhstar   65 Jun  2 11:21 Check_Sness.C -> /gpfs/mnt/gpfs01/star/pwg/xiatong/git/strangeness/./Check_Sness.C
drwxr-xr-x 2 maxwoo rhstar 4096 Jun  2 11:25 INPUTFILES
drwxr-xr-x 2 maxwoo rhstar 4096 Jun  2 11:21 lib
  *******************************************
  *                                         *
  *        W E L C O M E  to  R O O T       *
  *                                         *
  *   Version   5.34/38     12 March 2018   *
  *                                         *
  *  You are welcome to visit our Web site  *
  *          http://root.cern.ch            *
  *                                         *
  *******************************************

ROOT 5.34/38 (v5-34-38@v5-34-38, Mar 12 2018, 15:49:39 on linux)

CINT/ROOT C/C++ Interpreter version 5.18.00, July 2, 2010
Type ? for help. Commands must be C++ statements.
Enclose multiple statements between { }.
*** Float Point Exception is OFF ***
 *** Start at Date : Thu Jun  2 11:25:17 2022
QAInfo:You are using STAR_LEVEL : dev, ROOT_LEVEL : 5.34.38 and node : spool0810.sdcc.bnl.gov 

Processing check_S.C++("/tmp/maxwoo/21EF1A6A9139C9FD2A38E59AFB466F9A_1231/INPUTFILES/21EF1A6A9139C9FD2A38E59AFB466F9A_1231.local.list","21EF1A6A9139C9FD2A38E59AFB466F9A_1231",1)...
/tmp/maxwoo/21EF1A6A9139C9FD2A38E59AFB466F9A_1231/INPUTFILES/data_401954711.root 
/tmp/maxwoo/21EF1A6A9139C9FD2A38E59AFB466F9A_1231/INPUTFILES/data_401986221.root 
/tmp/maxwoo/21EF1A6A9139C9FD2A38E59AFB466F9A_1231/INPUTFILES/data_402023001.root 
/tmp/maxwoo/21EF1A6A9139C9FD2A38E59AFB466F9A_1231/INPUTFILES/data_402024051.root 
/tmp/maxwoo/21EF1A6A9139C9FD2A38E59AFB466F9A_1231/INPUTFILES/data_402029081.root 
/tmp/maxwoo/21EF1A6A9139C9FD2A38E59AFB466F9A_1231/INPUTFILES/data_402054721.root 
/tmp/maxwoo/21EF1A6A9139C9FD2A38E59AFB466F9A_1231/INPUTFILES/data_402094091.root 
/tmp/maxwoo/21EF1A6A9139C9FD2A38E59AFB466F9A_1231/INPUTFILES/data_402106421.root 
/tmp/maxwoo/21EF1A6A9139C9FD2A38E59AFB466F9A_1231/INPUTFILES/data_402108491.root 
/tmp/maxwoo/21EF1A6A9139C9FD2A38E59AFB466F9A_1231/INPUTFILES/data_402108841.root 
/tmp/maxwoo/21EF1A6A9139C9FD2A38E59AFB466F9A_1231/INPUTFILES/data_402114731.root 
/tmp/maxwoo/21EF1A6A9139C9FD2A38E59AFB466F9A_1231/INPUTFILES/data_402114761.root 
/tmp/maxwoo/21EF1A6A9139C9FD2A38E59AFB466F9A_1231/INPUTFILES/data_402114771.root 
/tmp/maxwoo/21EF1A6A9139C9FD2A38E59AFB466F9A_1231/INPUTFILES/data_402115731.root 
/tmp/maxwoo/21EF1A6A9139C9FD2A38E59AFB466F9A_1231/INPUTFILES/data_402123971.root 
/tmp/maxwoo/21EF1A6A9139C9FD2A38E59AFB466F9A_1231/INPUTFILES/data_402125601.root 
/tmp/maxwoo/21EF1A6A9139C9FD2A38E59AFB466F9A_1231/INPUTFILES/data_402126491.root 
/tmp/maxwoo/21EF1A6A9139C9FD2A38E59AFB466F9A_1231/INPUTFILES/data_402129031.root 
/tmp/maxwoo/21EF1A6A9139C9FD2A38E59AFB466F9A_1231/INPUTFILES/data_402129551.root 
/tmp/maxwoo/21EF1A6A9139C9FD2A38E59AFB466F9A_1231/INPUTFILES/data_402131941.root 
/tmp/maxwoo/21EF1A6A9139C9FD2A38E59AFB466F9A_1231/INPUTFILES/data_402131951.root 
/tmp/maxwoo/21EF1A6A9139C9FD2A38E59AFB466F9A_1231/INPUTFILES/data_402131961.root 
/tmp/maxwoo/21EF1A6A9139C9FD2A38E59AFB466F9A_1231/INPUTFILES/data_402133661.root 
/tmp/maxwoo/21EF1A6A9139C9FD2A38E59AFB466F9A_1231/INPUTFILES/data_402138821.root 
/tmp/maxwoo/21EF1A6A9139C9FD2A38E59AFB466F9A_1231/INPUTFILES/data_402142711.root 
/tmp/maxwoo/21EF1A6A9139C9FD2A38E59AFB466F9A_1231/INPUTFILES/data_402142731.root 
/tmp/maxwoo/21EF1A6A9139C9FD2A38E59AFB466F9A_1231/INPUTFILES/data_402142751.root 
/tmp/maxwoo/21EF1A6A9139C9FD2A38E59AFB466F9A_1231/INPUTFILES/data_402144801.root 
/tmp/maxwoo/21EF1A6A9139C9FD2A38E59AFB466F9A_1231/INPUTFILES/data_402154691.root 
/tmp/maxwoo/21EF1A6A9139C9FD2A38E59AFB466F9A_1231/INPUTFILES/data_402158571.root 
/tmp/maxwoo/21EF1A6A9139C9FD2A38E59AFB466F9A_1231/INPUTFILES/data_402158581.root 
/tmp/maxwoo/21EF1A6A9139C9FD2A38E59AFB466F9A_1231/INPUTFILES/data_402158611.root 
/tmp/maxwoo/21EF1A6A9139C9FD2A38E59AFB466F9A_1231/INPUTFILES/data_402158621.root 
/tmp/maxwoo/21EF1A6A9139C9FD2A38E59AFB466F9A_1231/INPUTFILES/data_402158641.root 
/tmp/maxwoo/21EF1A6A9139C9FD2A38E59AFB466F9A_1231/INPUTFILES/data_402158651.root 
/tmp/maxwoo/21EF1A6A9139C9FD2A38E59AFB466F9A_1231/INPUTFILES/data_402158671.root 
/tmp/maxwoo/21EF1A6A9139C9FD2A38E59AFB466F9A_1231/INPUTFILES/data_402158681.root 
Added 37 files
# entries in chain: 37000
Processing entry == 1000 == out of 37000.
Processing entry == 2000 == out of 37000.
Processing entry == 3000 == out of 37000.
Processing entry == 4000 == out of 37000.
Processing entry == 5000 == out of 37000.
Processing entry == 6000 == out of 37000.
Processing entry == 7000 == out of 37000.
Processing entry == 8000 == out of 37000.
Processing entry == 9000 == out of 37000.
Processing entry == 10000 == out of 37000.
Processing entry == 11000 == out of 37000.
Processing entry == 12000 == out of 37000.
Processing entry == 13000 == out of 37000.
Processing entry == 14000 == out of 37000.
Processing entry == 15000 == out of 37000.
Processing entry == 16000 == out of 37000.
Processing entry == 17000 == out of 37000.
Processing entry == 18000 == out of 37000.
Processing entry == 19000 == out of 37000.
Processing entry == 20000 == out of 37000.
Processing entry == 21000 == out of 37000.
Processing entry == 22000 == out of 37000.
Processing entry == 23000 == out of 37000.
Processing entry == 24000 == out of 37000.
Processing entry == 25000 == out of 37000.
Processing entry == 26000 == out of 37000.
Processing entry == 27000 == out of 37000.
Processing entry == 28000 == out of 37000.
Processing entry == 29000 == out of 37000.
Processing entry == 30000 == out of 37000.
Processing entry == 31000 == out of 37000.
Processing entry == 32000 == out of 37000.
Processing entry == 33000 == out of 37000.
Processing entry == 34000 == out of 37000.
Processing entry == 35000 == out of 37000.
Processing entry == 36000 == out of 37000.
Processing entry == 37000 == out of 37000.

This is the end of ROOT -- Goodbye

Cleaning up sandbox file:  /tmp/maxwoo/21EF1A6A9139C9FD2A38E59AFB466F9A_1231/check_S.C
Cleaning up sandbox file:  /tmp/maxwoo/21EF1A6A9139C9FD2A38E59AFB466F9A_1231/Check_Sness.C
Cleaning up sandbox file:  /tmp/maxwoo/21EF1A6A9139C9FD2A38E59AFB466F9A_1231/lib
Cleaning up sandbox file:  /tmp/maxwoo/21EF1A6A9139C9FD2A38E59AFB466F9A_1231/.sandboxFiles
Starting copy block
Running copy command:  /bin/cp -fp /tmp/maxwoo/21EF1A6A9139C9FD2A38E59AFB466F9A_1231/out_21EF1A6A9139C9FD2A38E59AFB466F9A_1231.root /star/data01/pwg/xiatong/git/strangeness/data/
1582 Execution of (/star/data01/pwg/xiatong/git/strangeness/script/sched21EF1A6A9139C9FD2A38E59AFB466F9A_1231.csh ) has ended, exiting normally
1582 We END on [Thu Jun  2 11:45:20 EDT 2022]
