We are starting on node: spool0545.sdcc.bnl.gov
HOME is not defined
Using getent method
HOME is now /star/u/maxwoo
3537 We will spawn ourselves (/star/data01/pwg/xiatong/git/strangeness/script/sched21EF1A6A9139C9FD2A38E59AFB466F9A_1341.csh )
3537 We BEGIN on [Thu Jun  2 11:19:27 EDT 2022]
[1] 3748
3537 We are waiting for 3748 
3537 Grandchild PID is 4313 - found in 10 x 1 seconds
3537 Establishing first watcher   on    Thu Jun  2 11:19:38 EDT 2022
3537 Process tree is 3537 (main) -> 3748 (child) -> 4313 (grandchild)
F S   UID   PID  PPID  C PRI  NI ADDR SZ WCHAN  TTY        TIME CMD
0 D 100667 4313  3748  0  80   0 - 32311 cxiWai ?          0:00 cp /star/data01/pwg/xiatong/AMPT/14GeV/data_447192101.root /tmp/maxwoo/21EF1A6A9139C9FD2A38E59AFB466F9A_1341/INPUTFILES/data_447192101.root
3537 Grandchild PID is 6042 - found in 20 x 2 seconds
3537 Grandchild to watch has changed on Thu Jun  2 11:19:59 EDT 2022
3537 Process tree is 3537 (main) -> 3748 (child) -> 6042 (grandchild)
F S   UID   PID  PPID  C PRI  NI ADDR SZ WCHAN  TTY        TIME CMD
0 D 100667 6042  3748  0  80   0 - 32311 cxiWai ?          0:00 cp /star/data01/pwg/xiatong/AMPT/14GeV/data_447192231.root /tmp/maxwoo/21EF1A6A9139C9FD2A38E59AFB466F9A_1341/INPUTFILES/data_447192231.root
3537 Grandchild PID is 7257 - found in 30 x 2 seconds
3537 Grandchild to watch has changed on Thu Jun  2 11:20:19 EDT 2022
3537 Process tree is 3537 (main) -> 3748 (child) -> 7257 (grandchild)
F S   UID   PID  PPID  C PRI  NI ADDR SZ WCHAN  TTY        TIME CMD
0 D 100667 7257  3748  0  80   0 - 32311 cxiWai ?          0:00 cp /star/data01/pwg/xiatong/AMPT/14GeV/data_447198051.root /tmp/maxwoo/21EF1A6A9139C9FD2A38E59AFB466F9A_1341/INPUTFILES/data_447198051.root
3537 Grandchild PID is 8598 - found in 40 x 2 seconds
3537 Grandchild to watch has changed on Thu Jun  2 11:20:41 EDT 2022
3537 Process tree is 3537 (main) -> 3748 (child) -> 8598 (grandchild)
F S   UID   PID  PPID  C PRI  NI ADDR SZ WCHAN  TTY        TIME CMD
0 D 100667 8598  3748  0  80   0 - 32311 cxiWai ?          0:00 cp /star/data01/pwg/xiatong/AMPT/14GeV/data_447283691.root /tmp/maxwoo/21EF1A6A9139C9FD2A38E59AFB466F9A_1341/INPUTFILES/data_447283691.root
3537 Grandchild PID is 9503 - found in 50 x 2 seconds
3537 Grandchild to watch has changed on Thu Jun  2 11:21:02 EDT 2022
3537 Process tree is 3537 (main) -> 3748 (child) -> 9503 (grandchild)
F S   UID   PID  PPID  C PRI  NI ADDR SZ WCHAN  TTY        TIME CMD
0 D 100667 9503  3748  0  80   0 - 32311 cxiWai ?          0:00 cp /star/data01/pwg/xiatong/AMPT/14GeV/data_447450741.root /tmp/maxwoo/21EF1A6A9139C9FD2A38E59AFB466F9A_1341/INPUTFILES/data_447450741.root
3537 Grandchild PID is 11013 - found in 60 x 2 seconds
3537 Grandchild to watch has changed on Thu Jun  2 11:21:23 EDT 2022
3537 Process tree is 3537 (main) -> 3748 (child) -> 11013 (grandchild)
F S   UID   PID  PPID  C PRI  NI ADDR SZ WCHAN  TTY        TIME CMD
0 D 100667 11013 3748  0  80   0 - 32311 cxiWai ?          0:00 cp /star/data01/pwg/xiatong/AMPT/14GeV/data_447683671.root /tmp/maxwoo/21EF1A6A9139C9FD2A38E59AFB466F9A_1341/INPUTFILES/data_447683671.root
3537 Grandchild PID is 11824 - found in 70 x 2 seconds
3537 Grandchild to watch has changed on Thu Jun  2 11:21:44 EDT 2022
3537 Process tree is 3537 (main) -> 3748 (child) -> 11824 (grandchild)
F S   UID   PID  PPID  C PRI  NI ADDR SZ WCHAN  TTY        TIME CMD
0 D 100667 11824 3748  0  80   0 - 32311 cxiWai ?          0:00 cp /star/data01/pwg/xiatong/AMPT/14GeV/data_447783661.root /tmp/maxwoo/21EF1A6A9139C9FD2A38E59AFB466F9A_1341/INPUTFILES/data_447783661.root
3537 Grandchild PID is 12852 - found in 80 x 2 seconds
3537 Grandchild to watch has changed on Thu Jun  2 11:22:05 EDT 2022
3537 Process tree is 3537 (main) -> 3748 (child) -> 12852 (grandchild)
F S   UID   PID  PPID  C PRI  NI ADDR SZ WCHAN  TTY        TIME CMD
0 D 100667 12852 3748  0  80   0 - 32311 cxiWai ?          0:00 cp /star/data01/pwg/xiatong/AMPT/14GeV/data_448014981.root /tmp/maxwoo/21EF1A6A9139C9FD2A38E59AFB466F9A_1341/INPUTFILES/data_448014981.root
3537 Grandchild PID is 13757 - found in 90 x 2 seconds
3537 Grandchild to watch has changed on Thu Jun  2 11:22:25 EDT 2022
3537 Process tree is 3537 (main) -> 3748 (child) -> 13757 (grandchild)
F S   UID   PID  PPID  C PRI  NI ADDR SZ WCHAN  TTY        TIME CMD
0 S 100667 13757 3748  0  80   0 -  1272 do_wai ?          0:00 root -b -q check_S.C++("/tmp/maxwoo/21EF1A6A9139C9FD2A38E59AFB466F9A_1341/INPUTFILES/21EF1A6A9139C9FD2A38E59AFB466F9A_1341.local.list","21EF1A6A9139C9FD2A38E59AFB466F9A_1341",1)
3748 Stepping into the main SUMS wrapper program with []
.... building sandbox
Running: cp /star/data01/pwg/xiatong/AMPT/14GeV/data_447192051.root /tmp/maxwoo/21EF1A6A9139C9FD2A38E59AFB466F9A_1341/INPUTFILES/data_447192051.root
Running: cp /star/data01/pwg/xiatong/AMPT/14GeV/data_447192081.root /tmp/maxwoo/21EF1A6A9139C9FD2A38E59AFB466F9A_1341/INPUTFILES/data_447192081.root
Running: cp /star/data01/pwg/xiatong/AMPT/14GeV/data_447192101.root /tmp/maxwoo/21EF1A6A9139C9FD2A38E59AFB466F9A_1341/INPUTFILES/data_447192101.root
Running: cp /star/data01/pwg/xiatong/AMPT/14GeV/data_447192131.root /tmp/maxwoo/21EF1A6A9139C9FD2A38E59AFB466F9A_1341/INPUTFILES/data_447192131.root
Running: cp /star/data01/pwg/xiatong/AMPT/14GeV/data_447192171.root /tmp/maxwoo/21EF1A6A9139C9FD2A38E59AFB466F9A_1341/INPUTFILES/data_447192171.root
Running: cp /star/data01/pwg/xiatong/AMPT/14GeV/data_447192231.root /tmp/maxwoo/21EF1A6A9139C9FD2A38E59AFB466F9A_1341/INPUTFILES/data_447192231.root
Running: cp /star/data01/pwg/xiatong/AMPT/14GeV/data_447192251.root /tmp/maxwoo/21EF1A6A9139C9FD2A38E59AFB466F9A_1341/INPUTFILES/data_447192251.root
Running: cp /star/data01/pwg/xiatong/AMPT/14GeV/data_447192281.root /tmp/maxwoo/21EF1A6A9139C9FD2A38E59AFB466F9A_1341/INPUTFILES/data_447192281.root
Running: cp /star/data01/pwg/xiatong/AMPT/14GeV/data_447192291.root /tmp/maxwoo/21EF1A6A9139C9FD2A38E59AFB466F9A_1341/INPUTFILES/data_447192291.root
Running: cp /star/data01/pwg/xiatong/AMPT/14GeV/data_447192421.root /tmp/maxwoo/21EF1A6A9139C9FD2A38E59AFB466F9A_1341/INPUTFILES/data_447192421.root
Running: cp /star/data01/pwg/xiatong/AMPT/14GeV/data_447192641.root /tmp/maxwoo/21EF1A6A9139C9FD2A38E59AFB466F9A_1341/INPUTFILES/data_447192641.root
Running: cp /star/data01/pwg/xiatong/AMPT/14GeV/data_447198051.root /tmp/maxwoo/21EF1A6A9139C9FD2A38E59AFB466F9A_1341/INPUTFILES/data_447198051.root
Running: cp /star/data01/pwg/xiatong/AMPT/14GeV/data_447250771.root /tmp/maxwoo/21EF1A6A9139C9FD2A38E59AFB466F9A_1341/INPUTFILES/data_447250771.root
Running: cp /star/data01/pwg/xiatong/AMPT/14GeV/data_447250781.root /tmp/maxwoo/21EF1A6A9139C9FD2A38E59AFB466F9A_1341/INPUTFILES/data_447250781.root
Running: cp /star/data01/pwg/xiatong/AMPT/14GeV/data_447283681.root /tmp/maxwoo/21EF1A6A9139C9FD2A38E59AFB466F9A_1341/INPUTFILES/data_447283681.root
Running: cp /star/data01/pwg/xiatong/AMPT/14GeV/data_447283691.root /tmp/maxwoo/21EF1A6A9139C9FD2A38E59AFB466F9A_1341/INPUTFILES/data_447283691.root
Running: cp /star/data01/pwg/xiatong/AMPT/14GeV/data_447311141.root /tmp/maxwoo/21EF1A6A9139C9FD2A38E59AFB466F9A_1341/INPUTFILES/data_447311141.root
Running: cp /star/data01/pwg/xiatong/AMPT/14GeV/data_447320021.root /tmp/maxwoo/21EF1A6A9139C9FD2A38E59AFB466F9A_1341/INPUTFILES/data_447320021.root
Running: cp /star/data01/pwg/xiatong/AMPT/14GeV/data_447321361.root /tmp/maxwoo/21EF1A6A9139C9FD2A38E59AFB466F9A_1341/INPUTFILES/data_447321361.root
Running: cp /star/data01/pwg/xiatong/AMPT/14GeV/data_447350761.root /tmp/maxwoo/21EF1A6A9139C9FD2A38E59AFB466F9A_1341/INPUTFILES/data_447350761.root
Running: cp /star/data01/pwg/xiatong/AMPT/14GeV/data_447423951.root /tmp/maxwoo/21EF1A6A9139C9FD2A38E59AFB466F9A_1341/INPUTFILES/data_447423951.root
Running: cp /star/data01/pwg/xiatong/AMPT/14GeV/data_447432521.root /tmp/maxwoo/21EF1A6A9139C9FD2A38E59AFB466F9A_1341/INPUTFILES/data_447432521.root
Running: cp /star/data01/pwg/xiatong/AMPT/14GeV/data_447450741.root /tmp/maxwoo/21EF1A6A9139C9FD2A38E59AFB466F9A_1341/INPUTFILES/data_447450741.root
Running: cp /star/data01/pwg/xiatong/AMPT/14GeV/data_447550731.root /tmp/maxwoo/21EF1A6A9139C9FD2A38E59AFB466F9A_1341/INPUTFILES/data_447550731.root
Running: cp /star/data01/pwg/xiatong/AMPT/14GeV/data_447683671.root /tmp/maxwoo/21EF1A6A9139C9FD2A38E59AFB466F9A_1341/INPUTFILES/data_447683671.root
Running: cp /star/data01/pwg/xiatong/AMPT/14GeV/data_447713161.root /tmp/maxwoo/21EF1A6A9139C9FD2A38E59AFB466F9A_1341/INPUTFILES/data_447713161.root
Running: cp /star/data01/pwg/xiatong/AMPT/14GeV/data_447727501.root /tmp/maxwoo/21EF1A6A9139C9FD2A38E59AFB466F9A_1341/INPUTFILES/data_447727501.root
Running: cp /star/data01/pwg/xiatong/AMPT/14GeV/data_447750721.root /tmp/maxwoo/21EF1A6A9139C9FD2A38E59AFB466F9A_1341/INPUTFILES/data_447750721.root
Running: cp /star/data01/pwg/xiatong/AMPT/14GeV/data_447768141.root /tmp/maxwoo/21EF1A6A9139C9FD2A38E59AFB466F9A_1341/INPUTFILES/data_447768141.root
Running: cp /star/data01/pwg/xiatong/AMPT/14GeV/data_447783661.root /tmp/maxwoo/21EF1A6A9139C9FD2A38E59AFB466F9A_1341/INPUTFILES/data_447783661.root
Running: cp /star/data01/pwg/xiatong/AMPT/14GeV/data_447910181.root /tmp/maxwoo/21EF1A6A9139C9FD2A38E59AFB466F9A_1341/INPUTFILES/data_447910181.root
Running: cp /star/data01/pwg/xiatong/AMPT/14GeV/data_447915441.root /tmp/maxwoo/21EF1A6A9139C9FD2A38E59AFB466F9A_1341/INPUTFILES/data_447915441.root
Running: cp /star/data01/pwg/xiatong/AMPT/14GeV/data_447916651.root /tmp/maxwoo/21EF1A6A9139C9FD2A38E59AFB466F9A_1341/INPUTFILES/data_447916651.root
Running: cp /star/data01/pwg/xiatong/AMPT/14GeV/data_447919771.root /tmp/maxwoo/21EF1A6A9139C9FD2A38E59AFB466F9A_1341/INPUTFILES/data_447919771.root
Running: cp /star/data01/pwg/xiatong/AMPT/14GeV/data_448014981.root /tmp/maxwoo/21EF1A6A9139C9FD2A38E59AFB466F9A_1341/INPUTFILES/data_448014981.root
Running: cp /star/data01/pwg/xiatong/AMPT/14GeV/data_448030731.root /tmp/maxwoo/21EF1A6A9139C9FD2A38E59AFB466F9A_1341/INPUTFILES/data_448030731.root
Running: cp /star/data01/pwg/xiatong/AMPT/14GeV/data_448033131.root /tmp/maxwoo/21EF1A6A9139C9FD2A38E59AFB466F9A_1341/INPUTFILES/data_448033131.root
Swapping $FILELIST with: /tmp/maxwoo/21EF1A6A9139C9FD2A38E59AFB466F9A_1341/INPUTFILES/21EF1A6A9139C9FD2A38E59AFB466F9A_1341.local.list
+++++++++++local copy debug++++++++++++++++++++
newFileList: /tmp/maxwoo/21EF1A6A9139C9FD2A38E59AFB466F9A_1341/INPUTFILES/21EF1A6A9139C9FD2A38E59AFB466F9A_1341.local.list
++++++++++++++++cat FILELIST+++++++++++++++++++
/tmp/maxwoo/21EF1A6A9139C9FD2A38E59AFB466F9A_1341/INPUTFILES/data_447192051.root 
/tmp/maxwoo/21EF1A6A9139C9FD2A38E59AFB466F9A_1341/INPUTFILES/data_447192081.root 
/tmp/maxwoo/21EF1A6A9139C9FD2A38E59AFB466F9A_1341/INPUTFILES/data_447192101.root 
/tmp/maxwoo/21EF1A6A9139C9FD2A38E59AFB466F9A_1341/INPUTFILES/data_447192131.root 
/tmp/maxwoo/21EF1A6A9139C9FD2A38E59AFB466F9A_1341/INPUTFILES/data_447192171.root 
/tmp/maxwoo/21EF1A6A9139C9FD2A38E59AFB466F9A_1341/INPUTFILES/data_447192231.root 
/tmp/maxwoo/21EF1A6A9139C9FD2A38E59AFB466F9A_1341/INPUTFILES/data_447192251.root 
/tmp/maxwoo/21EF1A6A9139C9FD2A38E59AFB466F9A_1341/INPUTFILES/data_447192281.root 
/tmp/maxwoo/21EF1A6A9139C9FD2A38E59AFB466F9A_1341/INPUTFILES/data_447192291.root 
/tmp/maxwoo/21EF1A6A9139C9FD2A38E59AFB466F9A_1341/INPUTFILES/data_447192421.root 
/tmp/maxwoo/21EF1A6A9139C9FD2A38E59AFB466F9A_1341/INPUTFILES/data_447192641.root 
/tmp/maxwoo/21EF1A6A9139C9FD2A38E59AFB466F9A_1341/INPUTFILES/data_447198051.root 
/tmp/maxwoo/21EF1A6A9139C9FD2A38E59AFB466F9A_1341/INPUTFILES/data_447250771.root 
/tmp/maxwoo/21EF1A6A9139C9FD2A38E59AFB466F9A_1341/INPUTFILES/data_447250781.root 
/tmp/maxwoo/21EF1A6A9139C9FD2A38E59AFB466F9A_1341/INPUTFILES/data_447283681.root 
/tmp/maxwoo/21EF1A6A9139C9FD2A38E59AFB466F9A_1341/INPUTFILES/data_447283691.root 
/tmp/maxwoo/21EF1A6A9139C9FD2A38E59AFB466F9A_1341/INPUTFILES/data_447311141.root 
/tmp/maxwoo/21EF1A6A9139C9FD2A38E59AFB466F9A_1341/INPUTFILES/data_447320021.root 
/tmp/maxwoo/21EF1A6A9139C9FD2A38E59AFB466F9A_1341/INPUTFILES/data_447321361.root 
/tmp/maxwoo/21EF1A6A9139C9FD2A38E59AFB466F9A_1341/INPUTFILES/data_447350761.root 
/tmp/maxwoo/21EF1A6A9139C9FD2A38E59AFB466F9A_1341/INPUTFILES/data_447423951.root 
/tmp/maxwoo/21EF1A6A9139C9FD2A38E59AFB466F9A_1341/INPUTFILES/data_447432521.root 
/tmp/maxwoo/21EF1A6A9139C9FD2A38E59AFB466F9A_1341/INPUTFILES/data_447450741.root 
/tmp/maxwoo/21EF1A6A9139C9FD2A38E59AFB466F9A_1341/INPUTFILES/data_447550731.root 
/tmp/maxwoo/21EF1A6A9139C9FD2A38E59AFB466F9A_1341/INPUTFILES/data_447683671.root 
/tmp/maxwoo/21EF1A6A9139C9FD2A38E59AFB466F9A_1341/INPUTFILES/data_447713161.root 
/tmp/maxwoo/21EF1A6A9139C9FD2A38E59AFB466F9A_1341/INPUTFILES/data_447727501.root 
/tmp/maxwoo/21EF1A6A9139C9FD2A38E59AFB466F9A_1341/INPUTFILES/data_447750721.root 
/tmp/maxwoo/21EF1A6A9139C9FD2A38E59AFB466F9A_1341/INPUTFILES/data_447768141.root 
/tmp/maxwoo/21EF1A6A9139C9FD2A38E59AFB466F9A_1341/INPUTFILES/data_447783661.root 
/tmp/maxwoo/21EF1A6A9139C9FD2A38E59AFB466F9A_1341/INPUTFILES/data_447910181.root 
/tmp/maxwoo/21EF1A6A9139C9FD2A38E59AFB466F9A_1341/INPUTFILES/data_447915441.root 
/tmp/maxwoo/21EF1A6A9139C9FD2A38E59AFB466F9A_1341/INPUTFILES/data_447916651.root 
/tmp/maxwoo/21EF1A6A9139C9FD2A38E59AFB466F9A_1341/INPUTFILES/data_447919771.root 
/tmp/maxwoo/21EF1A6A9139C9FD2A38E59AFB466F9A_1341/INPUTFILES/data_448014981.root 
/tmp/maxwoo/21EF1A6A9139C9FD2A38E59AFB466F9A_1341/INPUTFILES/data_448030731.root 
/tmp/maxwoo/21EF1A6A9139C9FD2A38E59AFB466F9A_1341/INPUTFILES/data_448033131.root 
++++++++++++++++++++find.++++++++++++++++++++++
.
./Check_Sness.C
./check_S.C
./.sandboxFiles
./lib
./lib/CenMaker.h
./lib/NpartNormalizer.cpp
./lib/my_particle_cpp.d
./lib/NpartNormalizer_cpp.d
./lib/NpartNormalizer_cpp_ACLiC_dict_rdict.pcm
./lib/my_event_cpp.d
./lib/CenMaker_cpp_ACLiC_dict_rdict.pcm
./lib/MixedBuffer.h
./lib/my_event_cpp_ACLiC_dict_rdict.pcm
./lib/my_particle.cpp
./lib/CenMaker.cpp
./lib/my_particle.h
./lib/my_event.cpp
./lib/my_particle_cpp.so
./lib/NpartNormalizer_cpp.so
./lib/my_event.h
./lib/NpartNormalizer.h
./lib/my_particle_cpp_ACLiC_dict_rdict.pcm
./lib/MixedBuffer_cpp.so
./lib/my_event_cpp.so
./lib/CenMaker_cpp.so
./lib/MixedBuffer_cpp.d
./lib/MixedBuffer_cpp_ACLiC_dict_rdict.pcm
./lib/CenMaker_cpp.d
./lib/MixedBuffer.cpp
./.errror.log
./INPUTFILES
./INPUTFILES/data_447192251.root
./INPUTFILES/data_447713161.root
./INPUTFILES/data_447192131.root
./INPUTFILES/data_447192231.root
./INPUTFILES/data_448030731.root
./INPUTFILES/data_447283681.root
./INPUTFILES/data_448033131.root
./INPUTFILES/data_448014981.root
./INPUTFILES/data_447915441.root
./INPUTFILES/data_447768141.root
./INPUTFILES/data_447192641.root
./INPUTFILES/data_447683671.root
./INPUTFILES/data_447250781.root
./INPUTFILES/data_447320021.root
./INPUTFILES/data_447432521.root
./INPUTFILES/data_447350761.root
./INPUTFILES/data_447192101.root
./INPUTFILES/data_447192281.root
./INPUTFILES/data_447450741.root
./INPUTFILES/data_447727501.root
./INPUTFILES/data_447192291.root
./INPUTFILES/data_447550731.root
./INPUTFILES/data_447919771.root
./INPUTFILES/data_447192081.root
./INPUTFILES/data_447783661.root
./INPUTFILES/data_447192051.root
./INPUTFILES/data_447192421.root
./INPUTFILES/data_447192171.root
./INPUTFILES/data_447321361.root
./INPUTFILES/data_447750721.root
./INPUTFILES/data_447283691.root
./INPUTFILES/data_447910181.root
./INPUTFILES/21EF1A6A9139C9FD2A38E59AFB466F9A_1341.local.list
./INPUTFILES/data_447311141.root
./INPUTFILES/data_447198051.root
./INPUTFILES/data_447423951.root
./INPUTFILES/data_447250771.root
./INPUTFILES/data_447916651.root
./.output.log
++++++++++++++++INPUTFILE Var++++++++++++++++++
FILELIST=/tmp/maxwoo/21EF1A6A9139C9FD2A38E59AFB466F9A_1341/INPUTFILES/21EF1A6A9139C9FD2A38E59AFB466F9A_1341.local.list
INPUTFILECOUNT=37
INPUTFILE0=/tmp/maxwoo/21EF1A6A9139C9FD2A38E59AFB466F9A_1341/INPUTFILES/data_447192051.root
INPUTFILE1=/tmp/maxwoo/21EF1A6A9139C9FD2A38E59AFB466F9A_1341/INPUTFILES/data_447192081.root
INPUTFILE2=/tmp/maxwoo/21EF1A6A9139C9FD2A38E59AFB466F9A_1341/INPUTFILES/data_447192101.root
INPUTFILE3=/tmp/maxwoo/21EF1A6A9139C9FD2A38E59AFB466F9A_1341/INPUTFILES/data_447192131.root
INPUTFILE4=/tmp/maxwoo/21EF1A6A9139C9FD2A38E59AFB466F9A_1341/INPUTFILES/data_447192171.root
INPUTFILE5=/tmp/maxwoo/21EF1A6A9139C9FD2A38E59AFB466F9A_1341/INPUTFILES/data_447192231.root
INPUTFILE6=/tmp/maxwoo/21EF1A6A9139C9FD2A38E59AFB466F9A_1341/INPUTFILES/data_447192251.root
INPUTFILE7=/tmp/maxwoo/21EF1A6A9139C9FD2A38E59AFB466F9A_1341/INPUTFILES/data_447192281.root
INPUTFILE8=/tmp/maxwoo/21EF1A6A9139C9FD2A38E59AFB466F9A_1341/INPUTFILES/data_447192291.root
INPUTFILE9=/tmp/maxwoo/21EF1A6A9139C9FD2A38E59AFB466F9A_1341/INPUTFILES/data_447192421.root
INPUTFILE10=/tmp/maxwoo/21EF1A6A9139C9FD2A38E59AFB466F9A_1341/INPUTFILES/data_447192641.root
INPUTFILE11=/tmp/maxwoo/21EF1A6A9139C9FD2A38E59AFB466F9A_1341/INPUTFILES/data_447198051.root
INPUTFILE12=/tmp/maxwoo/21EF1A6A9139C9FD2A38E59AFB466F9A_1341/INPUTFILES/data_447250771.root
INPUTFILE13=/tmp/maxwoo/21EF1A6A9139C9FD2A38E59AFB466F9A_1341/INPUTFILES/data_447250781.root
INPUTFILE14=/tmp/maxwoo/21EF1A6A9139C9FD2A38E59AFB466F9A_1341/INPUTFILES/data_447283681.root
INPUTFILE15=/tmp/maxwoo/21EF1A6A9139C9FD2A38E59AFB466F9A_1341/INPUTFILES/data_447283691.root
INPUTFILE16=/tmp/maxwoo/21EF1A6A9139C9FD2A38E59AFB466F9A_1341/INPUTFILES/data_447311141.root
INPUTFILE17=/tmp/maxwoo/21EF1A6A9139C9FD2A38E59AFB466F9A_1341/INPUTFILES/data_447320021.root
INPUTFILE18=/tmp/maxwoo/21EF1A6A9139C9FD2A38E59AFB466F9A_1341/INPUTFILES/data_447321361.root
INPUTFILE19=/tmp/maxwoo/21EF1A6A9139C9FD2A38E59AFB466F9A_1341/INPUTFILES/data_447350761.root
INPUTFILE20=/tmp/maxwoo/21EF1A6A9139C9FD2A38E59AFB466F9A_1341/INPUTFILES/data_447423951.root
INPUTFILE21=/tmp/maxwoo/21EF1A6A9139C9FD2A38E59AFB466F9A_1341/INPUTFILES/data_447432521.root
INPUTFILE22=/tmp/maxwoo/21EF1A6A9139C9FD2A38E59AFB466F9A_1341/INPUTFILES/data_447450741.root
INPUTFILE23=/tmp/maxwoo/21EF1A6A9139C9FD2A38E59AFB466F9A_1341/INPUTFILES/data_447550731.root
INPUTFILE24=/tmp/maxwoo/21EF1A6A9139C9FD2A38E59AFB466F9A_1341/INPUTFILES/data_447683671.root
INPUTFILE25=/tmp/maxwoo/21EF1A6A9139C9FD2A38E59AFB466F9A_1341/INPUTFILES/data_447713161.root
INPUTFILE26=/tmp/maxwoo/21EF1A6A9139C9FD2A38E59AFB466F9A_1341/INPUTFILES/data_447727501.root
INPUTFILE27=/tmp/maxwoo/21EF1A6A9139C9FD2A38E59AFB466F9A_1341/INPUTFILES/data_447750721.root
INPUTFILE28=/tmp/maxwoo/21EF1A6A9139C9FD2A38E59AFB466F9A_1341/INPUTFILES/data_447768141.root
INPUTFILE29=/tmp/maxwoo/21EF1A6A9139C9FD2A38E59AFB466F9A_1341/INPUTFILES/data_447783661.root
INPUTFILE30=/tmp/maxwoo/21EF1A6A9139C9FD2A38E59AFB466F9A_1341/INPUTFILES/data_447910181.root
INPUTFILE31=/tmp/maxwoo/21EF1A6A9139C9FD2A38E59AFB466F9A_1341/INPUTFILES/data_447915441.root
INPUTFILE32=/tmp/maxwoo/21EF1A6A9139C9FD2A38E59AFB466F9A_1341/INPUTFILES/data_447916651.root
INPUTFILE33=/tmp/maxwoo/21EF1A6A9139C9FD2A38E59AFB466F9A_1341/INPUTFILES/data_447919771.root
INPUTFILE34=/tmp/maxwoo/21EF1A6A9139C9FD2A38E59AFB466F9A_1341/INPUTFILES/data_448014981.root
INPUTFILE35=/tmp/maxwoo/21EF1A6A9139C9FD2A38E59AFB466F9A_1341/INPUTFILES/data_448030731.root
INPUTFILE36=/tmp/maxwoo/21EF1A6A9139C9FD2A38E59AFB466F9A_1341/INPUTFILES/data_448033131.root
LocalInputFileDir=/tmp/maxwoo/21EF1A6A9139C9FD2A38E59AFB466F9A_1341/INPUTFILES
NewFILELIST=/tmp/maxwoo/21EF1A6A9139C9FD2A38E59AFB466F9A_1341/INPUTFILES/21EF1A6A9139C9FD2A38E59AFB466F9A_1341.local.list
+++++++++++++++++++++++++++++++++++++++++++++++
--------------------------------
Simple Unified Meta Scheduler 1.10.50 we are starting in $SCRATCH : /home/tmp/maxwoo/21EF1A6A9139C9FD2A38E59AFB466F9A_1341
--------------------------------
total 16
lrwxrwxrwx 1 maxwoo rhstar   61 Jun  2 11:19 check_S.C -> /gpfs/mnt/gpfs01/star/pwg/xiatong/git/strangeness/./check_S.C
lrwxrwxrwx 1 maxwoo rhstar   65 Jun  2 11:19 Check_Sness.C -> /gpfs/mnt/gpfs01/star/pwg/xiatong/git/strangeness/./Check_Sness.C
drwxr-xr-x 2 maxwoo rhstar 4096 Jun  2 11:22 INPUTFILES
drwxr-xr-x 2 maxwoo rhstar 4096 Jun  2 11:19 lib
  *******************************************
  *                                         *
  *        W E L C O M E  to  R O O T       *
  *                                         *
  *   Version   5.34/38     12 March 2018   *
  *                                         *
  *  You are welcome to visit our Web site  *
  *          http://root.cern.ch            *
  *                                         *
  *******************************************

ROOT 5.34/38 (v5-34-38@v5-34-38, Mar 12 2018, 15:49:39 on linux)

CINT/ROOT C/C++ Interpreter version 5.18.00, July 2, 2010
Type ? for help. Commands must be C++ statements.
Enclose multiple statements between { }.
*** Float Point Exception is OFF ***
 *** Start at Date : Thu Jun  2 11:22:15 2022
QAInfo:You are using STAR_LEVEL : dev, ROOT_LEVEL : 5.34.38 and node : spool0545.sdcc.bnl.gov 

Processing check_S.C++("/tmp/maxwoo/21EF1A6A9139C9FD2A38E59AFB466F9A_1341/INPUTFILES/21EF1A6A9139C9FD2A38E59AFB466F9A_1341.local.list","21EF1A6A9139C9FD2A38E59AFB466F9A_1341",1)...
/tmp/maxwoo/21EF1A6A9139C9FD2A38E59AFB466F9A_1341/INPUTFILES/data_447192051.root 
/tmp/maxwoo/21EF1A6A9139C9FD2A38E59AFB466F9A_1341/INPUTFILES/data_447192081.root 
/tmp/maxwoo/21EF1A6A9139C9FD2A38E59AFB466F9A_1341/INPUTFILES/data_447192101.root 
/tmp/maxwoo/21EF1A6A9139C9FD2A38E59AFB466F9A_1341/INPUTFILES/data_447192131.root 
/tmp/maxwoo/21EF1A6A9139C9FD2A38E59AFB466F9A_1341/INPUTFILES/data_447192171.root 
/tmp/maxwoo/21EF1A6A9139C9FD2A38E59AFB466F9A_1341/INPUTFILES/data_447192231.root 
/tmp/maxwoo/21EF1A6A9139C9FD2A38E59AFB466F9A_1341/INPUTFILES/data_447192251.root 
/tmp/maxwoo/21EF1A6A9139C9FD2A38E59AFB466F9A_1341/INPUTFILES/data_447192281.root 
/tmp/maxwoo/21EF1A6A9139C9FD2A38E59AFB466F9A_1341/INPUTFILES/data_447192291.root 
/tmp/maxwoo/21EF1A6A9139C9FD2A38E59AFB466F9A_1341/INPUTFILES/data_447192421.root 
/tmp/maxwoo/21EF1A6A9139C9FD2A38E59AFB466F9A_1341/INPUTFILES/data_447192641.root 
/tmp/maxwoo/21EF1A6A9139C9FD2A38E59AFB466F9A_1341/INPUTFILES/data_447198051.root 
/tmp/maxwoo/21EF1A6A9139C9FD2A38E59AFB466F9A_1341/INPUTFILES/data_447250771.root 
/tmp/maxwoo/21EF1A6A9139C9FD2A38E59AFB466F9A_1341/INPUTFILES/data_447250781.root 
/tmp/maxwoo/21EF1A6A9139C9FD2A38E59AFB466F9A_1341/INPUTFILES/data_447283681.root 
/tmp/maxwoo/21EF1A6A9139C9FD2A38E59AFB466F9A_1341/INPUTFILES/data_447283691.root 
/tmp/maxwoo/21EF1A6A9139C9FD2A38E59AFB466F9A_1341/INPUTFILES/data_447311141.root 
/tmp/maxwoo/21EF1A6A9139C9FD2A38E59AFB466F9A_1341/INPUTFILES/data_447320021.root 
/tmp/maxwoo/21EF1A6A9139C9FD2A38E59AFB466F9A_1341/INPUTFILES/data_447321361.root 
/tmp/maxwoo/21EF1A6A9139C9FD2A38E59AFB466F9A_1341/INPUTFILES/data_447350761.root 
/tmp/maxwoo/21EF1A6A9139C9FD2A38E59AFB466F9A_1341/INPUTFILES/data_447423951.root 
/tmp/maxwoo/21EF1A6A9139C9FD2A38E59AFB466F9A_1341/INPUTFILES/data_447432521.root 
/tmp/maxwoo/21EF1A6A9139C9FD2A38E59AFB466F9A_1341/INPUTFILES/data_447450741.root 
/tmp/maxwoo/21EF1A6A9139C9FD2A38E59AFB466F9A_1341/INPUTFILES/data_447550731.root 
/tmp/maxwoo/21EF1A6A9139C9FD2A38E59AFB466F9A_1341/INPUTFILES/data_447683671.root 
/tmp/maxwoo/21EF1A6A9139C9FD2A38E59AFB466F9A_1341/INPUTFILES/data_447713161.root 
/tmp/maxwoo/21EF1A6A9139C9FD2A38E59AFB466F9A_1341/INPUTFILES/data_447727501.root 
/tmp/maxwoo/21EF1A6A9139C9FD2A38E59AFB466F9A_1341/INPUTFILES/data_447750721.root 
/tmp/maxwoo/21EF1A6A9139C9FD2A38E59AFB466F9A_1341/INPUTFILES/data_447768141.root 
/tmp/maxwoo/21EF1A6A9139C9FD2A38E59AFB466F9A_1341/INPUTFILES/data_447783661.root 
/tmp/maxwoo/21EF1A6A9139C9FD2A38E59AFB466F9A_1341/INPUTFILES/data_447910181.root 
/tmp/maxwoo/21EF1A6A9139C9FD2A38E59AFB466F9A_1341/INPUTFILES/data_447915441.root 
/tmp/maxwoo/21EF1A6A9139C9FD2A38E59AFB466F9A_1341/INPUTFILES/data_447916651.root 
/tmp/maxwoo/21EF1A6A9139C9FD2A38E59AFB466F9A_1341/INPUTFILES/data_447919771.root 
/tmp/maxwoo/21EF1A6A9139C9FD2A38E59AFB466F9A_1341/INPUTFILES/data_448014981.root 
/tmp/maxwoo/21EF1A6A9139C9FD2A38E59AFB466F9A_1341/INPUTFILES/data_448030731.root 
/tmp/maxwoo/21EF1A6A9139C9FD2A38E59AFB466F9A_1341/INPUTFILES/data_448033131.root 
Added 37 files
# entries in chain: 36841
Processing entry == 1000 == out of 36841.
Processing entry == 2000 == out of 36841.
Processing entry == 3000 == out of 36841.
Processing entry == 4000 == out of 36841.
Processing entry == 5000 == out of 36841.
Processing entry == 6000 == out of 36841.
Processing entry == 7000 == out of 36841.
Processing entry == 8000 == out of 36841.
Processing entry == 9000 == out of 36841.
Processing entry == 10000 == out of 36841.
Processing entry == 11000 == out of 36841.
Processing entry == 12000 == out of 36841.
Processing entry == 13000 == out of 36841.
Processing entry == 14000 == out of 36841.
Processing entry == 15000 == out of 36841.
Processing entry == 16000 == out of 36841.
Processing entry == 17000 == out of 36841.
Processing entry == 18000 == out of 36841.
Processing entry == 19000 == out of 36841.
Processing entry == 20000 == out of 36841.
Processing entry == 21000 == out of 36841.
Processing entry == 22000 == out of 36841.
Processing entry == 23000 == out of 36841.
Processing entry == 24000 == out of 36841.
Processing entry == 25000 == out of 36841.
Processing entry == 26000 == out of 36841.
Processing entry == 27000 == out of 36841.
Processing entry == 28000 == out of 36841.
Processing entry == 29000 == out of 36841.
Processing entry == 30000 == out of 36841.
Processing entry == 31000 == out of 36841.
Processing entry == 32000 == out of 36841.
Processing entry == 33000 == out of 36841.
Processing entry == 34000 == out of 36841.
Processing entry == 35000 == out of 36841.
Processing entry == 36000 == out of 36841.

This is the end of ROOT -- Goodbye

Cleaning up sandbox file:  /tmp/maxwoo/21EF1A6A9139C9FD2A38E59AFB466F9A_1341/check_S.C
Cleaning up sandbox file:  /tmp/maxwoo/21EF1A6A9139C9FD2A38E59AFB466F9A_1341/Check_Sness.C
Cleaning up sandbox file:  /tmp/maxwoo/21EF1A6A9139C9FD2A38E59AFB466F9A_1341/lib
Cleaning up sandbox file:  /tmp/maxwoo/21EF1A6A9139C9FD2A38E59AFB466F9A_1341/.sandboxFiles
Starting copy block
Running copy command:  /bin/cp -fp /tmp/maxwoo/21EF1A6A9139C9FD2A38E59AFB466F9A_1341/out_21EF1A6A9139C9FD2A38E59AFB466F9A_1341.root /star/data01/pwg/xiatong/git/strangeness/data/
3537 Execution of (/star/data01/pwg/xiatong/git/strangeness/script/sched21EF1A6A9139C9FD2A38E59AFB466F9A_1341.csh ) has ended, exiting normally
3537 We END on [Thu Jun  2 11:44:29 EDT 2022]
