We are starting on node: rcas2404.rcf.bnl.gov
HOME is not defined
Using getent method
HOME is now /star/u/maxwoo
4812 We will spawn ourselves (/star/data01/pwg/xiatong/git/strangeness/script/sched21EF1A6A9139C9FD2A38E59AFB466F9A_33.csh )
4812 We BEGIN on [Thu Jun  2 11:43:26 EDT 2022]
[1] 5040
4812 We are waiting for 5040 
4812 Grandchild PID is 5057 - found in 0 x 1 seconds
4812 Establishing first watcher   on    Thu Jun  2 11:43:26 EDT 2022
4812 Process tree is 4812 (main) -> 5040 (child) -> 5057 (grandchild)
F S   UID   PID  PPID  C PRI  NI ADDR SZ WCHAN  TTY        TIME CMD
4812 Grandchild PID is 5550 - found in 10 x 2 seconds
4812 Grandchild to watch has changed on Thu Jun  2 11:43:47 EDT 2022
4812 Process tree is 4812 (main) -> 5040 (child) -> 5550 (grandchild)
F S   UID   PID  PPID  C PRI  NI ADDR SZ WCHAN  TTY        TIME CMD
0 D 100667 5550  5040  0  80   0 - 32311 cxiWai ?          0:00 cp /star/data01/pwg/xiatong/AMPT/14GeV/data_005803941.root /tmp/maxwoo/21EF1A6A9139C9FD2A38E59AFB466F9A_33/INPUTFILES/data_005803941.root
4812 Grandchild PID is 7010 - found in 30 x 2 seconds
4812 Grandchild to watch has changed on Thu Jun  2 11:44:30 EDT 2022
4812 Process tree is 4812 (main) -> 5040 (child) -> 7010 (grandchild)
F S   UID   PID  PPID  C PRI  NI ADDR SZ WCHAN  TTY        TIME CMD
0 D 100667 7010  5040  0  80   0 - 32311 cxiWai ?          0:00 cp /star/data01/pwg/xiatong/AMPT/14GeV/data_005813921.root /tmp/maxwoo/21EF1A6A9139C9FD2A38E59AFB466F9A_33/INPUTFILES/data_005813921.root
4812 Grandchild PID is 7895 - found in 40 x 2 seconds
4812 Grandchild to watch has changed on Thu Jun  2 11:44:51 EDT 2022
4812 Process tree is 4812 (main) -> 5040 (child) -> 7895 (grandchild)
F S   UID   PID  PPID  C PRI  NI ADDR SZ WCHAN  TTY        TIME CMD
0 D 100667 7895  5040  0  80   0 - 32311 cxiWai ?          0:00 cp /star/data01/pwg/xiatong/AMPT/14GeV/data_005823881.root /tmp/maxwoo/21EF1A6A9139C9FD2A38E59AFB466F9A_33/INPUTFILES/data_005823881.root
4812 Grandchild PID is 9332 - found in 50 x 2 seconds
4812 Grandchild to watch has changed on Thu Jun  2 11:45:13 EDT 2022
4812 Process tree is 4812 (main) -> 5040 (child) -> 9332 (grandchild)
F S   UID   PID  PPID  C PRI  NI ADDR SZ WCHAN  TTY        TIME CMD
0 D 100667 9332  5040  0  80   0 - 32311 cxiWai ?          0:00 cp /star/data01/pwg/xiatong/AMPT/14GeV/data_005843931.root /tmp/maxwoo/21EF1A6A9139C9FD2A38E59AFB466F9A_33/INPUTFILES/data_005843931.root
4812 Grandchild PID is 9412 - found in 60 x 2 seconds
4812 Grandchild to watch has changed on Thu Jun  2 11:45:35 EDT 2022
4812 Process tree is 4812 (main) -> 5040 (child) -> 9412 (grandchild)
F S   UID   PID  PPID  C PRI  NI ADDR SZ WCHAN  TTY        TIME CMD
0 D 100667 9412  5040  0  80   0 - 32311 cxiWai ?          0:00 cp /star/data01/pwg/xiatong/AMPT/14GeV/data_005903831.root /tmp/maxwoo/21EF1A6A9139C9FD2A38E59AFB466F9A_33/INPUTFILES/data_005903831.root
4812 Grandchild PID is 10224 - found in 70 x 2 seconds
4812 Grandchild to watch has changed on Thu Jun  2 11:45:56 EDT 2022
4812 Process tree is 4812 (main) -> 5040 (child) -> 10224 (grandchild)
F S   UID   PID  PPID  C PRI  NI ADDR SZ WCHAN  TTY        TIME CMD
0 D 100667 10224 5040  0  80   0 - 32311 cxiWai ?          0:00 cp /star/data01/pwg/xiatong/AMPT/14GeV/data_005933821.root /tmp/maxwoo/21EF1A6A9139C9FD2A38E59AFB466F9A_33/INPUTFILES/data_005933821.root
4812 Grandchild PID is 14325 - found in 90 x 2 seconds
4812 Grandchild to watch has changed on Thu Jun  2 11:46:38 EDT 2022
4812 Process tree is 4812 (main) -> 5040 (child) -> 14325 (grandchild)
F S   UID   PID  PPID  C PRI  NI ADDR SZ WCHAN  TTY        TIME CMD
0 D 100667 14325 5040  0  80   0 - 32311 cxiWai ?          0:00 cp /star/data01/pwg/xiatong/AMPT/14GeV/data_005943891.root /tmp/maxwoo/21EF1A6A9139C9FD2A38E59AFB466F9A_33/INPUTFILES/data_005943891.root
4812 Grandchild PID is 14534 - found in 100 x 2 seconds
4812 Grandchild to watch has changed on Thu Jun  2 11:46:59 EDT 2022
4812 Process tree is 4812 (main) -> 5040 (child) -> 14534 (grandchild)
F S   UID   PID  PPID  C PRI  NI ADDR SZ WCHAN  TTY        TIME CMD
0 D 100667 14534 5040  0  80   0 - 32311 cxiWai ?          0:00 cp /star/data01/pwg/xiatong/AMPT/14GeV/data_005963791.root /tmp/maxwoo/21EF1A6A9139C9FD2A38E59AFB466F9A_33/INPUTFILES/data_005963791.root
4812 Grandchild PID is 15893 - found in 110 x 2 seconds
4812 Grandchild to watch has changed on Thu Jun  2 11:47:20 EDT 2022
4812 Process tree is 4812 (main) -> 5040 (child) -> 15893 (grandchild)
F S   UID   PID  PPID  C PRI  NI ADDR SZ WCHAN  TTY        TIME CMD
0 D 100667 15893 5040  0  80   0 - 32311 cxiWai ?          0:00 cp /star/data01/pwg/xiatong/AMPT/14GeV/data_006013751.root /tmp/maxwoo/21EF1A6A9139C9FD2A38E59AFB466F9A_33/INPUTFILES/data_006013751.root
4812 Grandchild PID is 16625 - found in 120 x 2 seconds
4812 Grandchild to watch has changed on Thu Jun  2 11:47:41 EDT 2022
4812 Process tree is 4812 (main) -> 5040 (child) -> 16625 (grandchild)
F S   UID   PID  PPID  C PRI  NI ADDR SZ WCHAN  TTY        TIME CMD
0 S 100667 16625 5040  0  80   0 -  1272 do_wai ?          0:00 root -b -q check_S.C++("/tmp/maxwoo/21EF1A6A9139C9FD2A38E59AFB466F9A_33/INPUTFILES/21EF1A6A9139C9FD2A38E59AFB466F9A_33.local.list","21EF1A6A9139C9FD2A38E59AFB466F9A_33",1)
5040 Stepping into the main SUMS wrapper program with []
.... building sandbox
Running: cp /star/data01/pwg/xiatong/AMPT/14GeV/data_005769771.root /tmp/maxwoo/21EF1A6A9139C9FD2A38E59AFB466F9A_33/INPUTFILES/data_005769771.root
Running: cp /star/data01/pwg/xiatong/AMPT/14GeV/data_005769781.root /tmp/maxwoo/21EF1A6A9139C9FD2A38E59AFB466F9A_33/INPUTFILES/data_005769781.root
Running: cp /star/data01/pwg/xiatong/AMPT/14GeV/data_005773971.root /tmp/maxwoo/21EF1A6A9139C9FD2A38E59AFB466F9A_33/INPUTFILES/data_005773971.root
Running: cp /star/data01/pwg/xiatong/AMPT/14GeV/data_005783951.root /tmp/maxwoo/21EF1A6A9139C9FD2A38E59AFB466F9A_33/INPUTFILES/data_005783951.root
Running: cp /star/data01/pwg/xiatong/AMPT/14GeV/data_005793911.root /tmp/maxwoo/21EF1A6A9139C9FD2A38E59AFB466F9A_33/INPUTFILES/data_005793911.root
Running: cp /star/data01/pwg/xiatong/AMPT/14GeV/data_005793961.root /tmp/maxwoo/21EF1A6A9139C9FD2A38E59AFB466F9A_33/INPUTFILES/data_005793961.root
Running: cp /star/data01/pwg/xiatong/AMPT/14GeV/data_005803901.root /tmp/maxwoo/21EF1A6A9139C9FD2A38E59AFB466F9A_33/INPUTFILES/data_005803901.root
Running: cp /star/data01/pwg/xiatong/AMPT/14GeV/data_005803941.root /tmp/maxwoo/21EF1A6A9139C9FD2A38E59AFB466F9A_33/INPUTFILES/data_005803941.root
Running: cp /star/data01/pwg/xiatong/AMPT/14GeV/data_005813921.root /tmp/maxwoo/21EF1A6A9139C9FD2A38E59AFB466F9A_33/INPUTFILES/data_005813921.root
Running: cp /star/data01/pwg/xiatong/AMPT/14GeV/data_005823871.root /tmp/maxwoo/21EF1A6A9139C9FD2A38E59AFB466F9A_33/INPUTFILES/data_005823871.root
Running: cp /star/data01/pwg/xiatong/AMPT/14GeV/data_005823881.root /tmp/maxwoo/21EF1A6A9139C9FD2A38E59AFB466F9A_33/INPUTFILES/data_005823881.root
Running: cp /star/data01/pwg/xiatong/AMPT/14GeV/data_005833861.root /tmp/maxwoo/21EF1A6A9139C9FD2A38E59AFB466F9A_33/INPUTFILES/data_005833861.root
Running: cp /star/data01/pwg/xiatong/AMPT/14GeV/data_005843931.root /tmp/maxwoo/21EF1A6A9139C9FD2A38E59AFB466F9A_33/INPUTFILES/data_005843931.root
Running: cp /star/data01/pwg/xiatong/AMPT/14GeV/data_005853851.root /tmp/maxwoo/21EF1A6A9139C9FD2A38E59AFB466F9A_33/INPUTFILES/data_005853851.root
Running: cp /star/data01/pwg/xiatong/AMPT/14GeV/data_005883841.root /tmp/maxwoo/21EF1A6A9139C9FD2A38E59AFB466F9A_33/INPUTFILES/data_005883841.root
Running: cp /star/data01/pwg/xiatong/AMPT/14GeV/data_005903831.root /tmp/maxwoo/21EF1A6A9139C9FD2A38E59AFB466F9A_33/INPUTFILES/data_005903831.root
Running: cp /star/data01/pwg/xiatong/AMPT/14GeV/data_005933821.root /tmp/maxwoo/21EF1A6A9139C9FD2A38E59AFB466F9A_33/INPUTFILES/data_005933821.root
Running: cp /star/data01/pwg/xiatong/AMPT/14GeV/data_005943811.root /tmp/maxwoo/21EF1A6A9139C9FD2A38E59AFB466F9A_33/INPUTFILES/data_005943811.root
Running: cp /star/data01/pwg/xiatong/AMPT/14GeV/data_005943891.root /tmp/maxwoo/21EF1A6A9139C9FD2A38E59AFB466F9A_33/INPUTFILES/data_005943891.root
Running: cp /star/data01/pwg/xiatong/AMPT/14GeV/data_005963791.root /tmp/maxwoo/21EF1A6A9139C9FD2A38E59AFB466F9A_33/INPUTFILES/data_005963791.root
Running: cp /star/data01/pwg/xiatong/AMPT/14GeV/data_005963801.root /tmp/maxwoo/21EF1A6A9139C9FD2A38E59AFB466F9A_33/INPUTFILES/data_005963801.root
Running: cp /star/data01/pwg/xiatong/AMPT/14GeV/data_005973781.root /tmp/maxwoo/21EF1A6A9139C9FD2A38E59AFB466F9A_33/INPUTFILES/data_005973781.root
Running: cp /star/data01/pwg/xiatong/AMPT/14GeV/data_005993771.root /tmp/maxwoo/21EF1A6A9139C9FD2A38E59AFB466F9A_33/INPUTFILES/data_005993771.root
Running: cp /star/data01/pwg/xiatong/AMPT/14GeV/data_006003761.root /tmp/maxwoo/21EF1A6A9139C9FD2A38E59AFB466F9A_33/INPUTFILES/data_006003761.root
Running: cp /star/data01/pwg/xiatong/AMPT/14GeV/data_006013741.root /tmp/maxwoo/21EF1A6A9139C9FD2A38E59AFB466F9A_33/INPUTFILES/data_006013741.root
Running: cp /star/data01/pwg/xiatong/AMPT/14GeV/data_006013751.root /tmp/maxwoo/21EF1A6A9139C9FD2A38E59AFB466F9A_33/INPUTFILES/data_006013751.root
Running: cp /star/data01/pwg/xiatong/AMPT/14GeV/data_006033701.root /tmp/maxwoo/21EF1A6A9139C9FD2A38E59AFB466F9A_33/INPUTFILES/data_006033701.root
Running: cp /star/data01/pwg/xiatong/AMPT/14GeV/data_006033711.root /tmp/maxwoo/21EF1A6A9139C9FD2A38E59AFB466F9A_33/INPUTFILES/data_006033711.root
Running: cp /star/data01/pwg/xiatong/AMPT/14GeV/data_006043731.root /tmp/maxwoo/21EF1A6A9139C9FD2A38E59AFB466F9A_33/INPUTFILES/data_006043731.root
Running: cp /star/data01/pwg/xiatong/AMPT/14GeV/data_006053691.root /tmp/maxwoo/21EF1A6A9139C9FD2A38E59AFB466F9A_33/INPUTFILES/data_006053691.root
Running: cp /star/data01/pwg/xiatong/AMPT/14GeV/data_006053721.root /tmp/maxwoo/21EF1A6A9139C9FD2A38E59AFB466F9A_33/INPUTFILES/data_006053721.root
Running: cp /star/data01/pwg/xiatong/AMPT/14GeV/data_006069741.root /tmp/maxwoo/21EF1A6A9139C9FD2A38E59AFB466F9A_33/INPUTFILES/data_006069741.root
Running: cp /star/data01/pwg/xiatong/AMPT/14GeV/data_006073681.root /tmp/maxwoo/21EF1A6A9139C9FD2A38E59AFB466F9A_33/INPUTFILES/data_006073681.root
Running: cp /star/data01/pwg/xiatong/AMPT/14GeV/data_006093661.root /tmp/maxwoo/21EF1A6A9139C9FD2A38E59AFB466F9A_33/INPUTFILES/data_006093661.root
Running: cp /star/data01/pwg/xiatong/AMPT/14GeV/data_006093671.root /tmp/maxwoo/21EF1A6A9139C9FD2A38E59AFB466F9A_33/INPUTFILES/data_006093671.root
Running: cp /star/data01/pwg/xiatong/AMPT/14GeV/data_006104411.root /tmp/maxwoo/21EF1A6A9139C9FD2A38E59AFB466F9A_33/INPUTFILES/data_006104411.root
Running: cp /star/data01/pwg/xiatong/AMPT/14GeV/data_006113651.root /tmp/maxwoo/21EF1A6A9139C9FD2A38E59AFB466F9A_33/INPUTFILES/data_006113651.root
Swapping $FILELIST with: /tmp/maxwoo/21EF1A6A9139C9FD2A38E59AFB466F9A_33/INPUTFILES/21EF1A6A9139C9FD2A38E59AFB466F9A_33.local.list
+++++++++++local copy debug++++++++++++++++++++
newFileList: /tmp/maxwoo/21EF1A6A9139C9FD2A38E59AFB466F9A_33/INPUTFILES/21EF1A6A9139C9FD2A38E59AFB466F9A_33.local.list
++++++++++++++++cat FILELIST+++++++++++++++++++
/tmp/maxwoo/21EF1A6A9139C9FD2A38E59AFB466F9A_33/INPUTFILES/data_005769771.root 
/tmp/maxwoo/21EF1A6A9139C9FD2A38E59AFB466F9A_33/INPUTFILES/data_005769781.root 
/tmp/maxwoo/21EF1A6A9139C9FD2A38E59AFB466F9A_33/INPUTFILES/data_005773971.root 
/tmp/maxwoo/21EF1A6A9139C9FD2A38E59AFB466F9A_33/INPUTFILES/data_005783951.root 
/tmp/maxwoo/21EF1A6A9139C9FD2A38E59AFB466F9A_33/INPUTFILES/data_005793911.root 
/tmp/maxwoo/21EF1A6A9139C9FD2A38E59AFB466F9A_33/INPUTFILES/data_005793961.root 
/tmp/maxwoo/21EF1A6A9139C9FD2A38E59AFB466F9A_33/INPUTFILES/data_005803901.root 
/tmp/maxwoo/21EF1A6A9139C9FD2A38E59AFB466F9A_33/INPUTFILES/data_005803941.root 
/tmp/maxwoo/21EF1A6A9139C9FD2A38E59AFB466F9A_33/INPUTFILES/data_005813921.root 
/tmp/maxwoo/21EF1A6A9139C9FD2A38E59AFB466F9A_33/INPUTFILES/data_005823871.root 
/tmp/maxwoo/21EF1A6A9139C9FD2A38E59AFB466F9A_33/INPUTFILES/data_005823881.root 
/tmp/maxwoo/21EF1A6A9139C9FD2A38E59AFB466F9A_33/INPUTFILES/data_005833861.root 
/tmp/maxwoo/21EF1A6A9139C9FD2A38E59AFB466F9A_33/INPUTFILES/data_005843931.root 
/tmp/maxwoo/21EF1A6A9139C9FD2A38E59AFB466F9A_33/INPUTFILES/data_005853851.root 
/tmp/maxwoo/21EF1A6A9139C9FD2A38E59AFB466F9A_33/INPUTFILES/data_005883841.root 
/tmp/maxwoo/21EF1A6A9139C9FD2A38E59AFB466F9A_33/INPUTFILES/data_005903831.root 
/tmp/maxwoo/21EF1A6A9139C9FD2A38E59AFB466F9A_33/INPUTFILES/data_005933821.root 
/tmp/maxwoo/21EF1A6A9139C9FD2A38E59AFB466F9A_33/INPUTFILES/data_005943811.root 
/tmp/maxwoo/21EF1A6A9139C9FD2A38E59AFB466F9A_33/INPUTFILES/data_005943891.root 
/tmp/maxwoo/21EF1A6A9139C9FD2A38E59AFB466F9A_33/INPUTFILES/data_005963791.root 
/tmp/maxwoo/21EF1A6A9139C9FD2A38E59AFB466F9A_33/INPUTFILES/data_005963801.root 
/tmp/maxwoo/21EF1A6A9139C9FD2A38E59AFB466F9A_33/INPUTFILES/data_005973781.root 
/tmp/maxwoo/21EF1A6A9139C9FD2A38E59AFB466F9A_33/INPUTFILES/data_005993771.root 
/tmp/maxwoo/21EF1A6A9139C9FD2A38E59AFB466F9A_33/INPUTFILES/data_006003761.root 
/tmp/maxwoo/21EF1A6A9139C9FD2A38E59AFB466F9A_33/INPUTFILES/data_006013741.root 
/tmp/maxwoo/21EF1A6A9139C9FD2A38E59AFB466F9A_33/INPUTFILES/data_006013751.root 
/tmp/maxwoo/21EF1A6A9139C9FD2A38E59AFB466F9A_33/INPUTFILES/data_006033701.root 
/tmp/maxwoo/21EF1A6A9139C9FD2A38E59AFB466F9A_33/INPUTFILES/data_006033711.root 
/tmp/maxwoo/21EF1A6A9139C9FD2A38E59AFB466F9A_33/INPUTFILES/data_006043731.root 
/tmp/maxwoo/21EF1A6A9139C9FD2A38E59AFB466F9A_33/INPUTFILES/data_006053691.root 
/tmp/maxwoo/21EF1A6A9139C9FD2A38E59AFB466F9A_33/INPUTFILES/data_006053721.root 
/tmp/maxwoo/21EF1A6A9139C9FD2A38E59AFB466F9A_33/INPUTFILES/data_006069741.root 
/tmp/maxwoo/21EF1A6A9139C9FD2A38E59AFB466F9A_33/INPUTFILES/data_006073681.root 
/tmp/maxwoo/21EF1A6A9139C9FD2A38E59AFB466F9A_33/INPUTFILES/data_006093661.root 
/tmp/maxwoo/21EF1A6A9139C9FD2A38E59AFB466F9A_33/INPUTFILES/data_006093671.root 
/tmp/maxwoo/21EF1A6A9139C9FD2A38E59AFB466F9A_33/INPUTFILES/data_006104411.root 
/tmp/maxwoo/21EF1A6A9139C9FD2A38E59AFB466F9A_33/INPUTFILES/data_006113651.root 
++++++++++++++++++++find.++++++++++++++++++++++
.
./.sandboxFiles
./INPUTFILES
./INPUTFILES/data_005769771.root
./INPUTFILES/data_005853851.root
./INPUTFILES/data_006043731.root
./INPUTFILES/data_006053691.root
./INPUTFILES/data_005783951.root
./INPUTFILES/data_005813921.root
./INPUTFILES/21EF1A6A9139C9FD2A38E59AFB466F9A_33.local.list
./INPUTFILES/data_005973781.root
./INPUTFILES/data_006033711.root
./INPUTFILES/data_006093671.root
./INPUTFILES/data_005943891.root
./INPUTFILES/data_005933821.root
./INPUTFILES/data_005993771.root
./INPUTFILES/data_006073681.root
./INPUTFILES/data_006113651.root
./INPUTFILES/data_005903831.root
./INPUTFILES/data_006104411.root
./INPUTFILES/data_005883841.root
./INPUTFILES/data_006013741.root
./INPUTFILES/data_006069741.root
./INPUTFILES/data_005833861.root
./INPUTFILES/data_006053721.root
./INPUTFILES/data_006033701.root
./INPUTFILES/data_005803901.root
./INPUTFILES/data_005843931.root
./INPUTFILES/data_005963791.root
./INPUTFILES/data_005793911.root
./INPUTFILES/data_005823871.root
./INPUTFILES/data_006013751.root
./INPUTFILES/data_005963801.root
./INPUTFILES/data_005803941.root
./INPUTFILES/data_005773971.root
./INPUTFILES/data_005793961.root
./INPUTFILES/data_006003761.root
./INPUTFILES/data_005769781.root
./INPUTFILES/data_005823881.root
./INPUTFILES/data_006093661.root
./INPUTFILES/data_005943811.root
./Check_Sness.C
./.errror.log
./.output.log
./check_S.C
./lib
./lib/my_event.h
./lib/CenMaker.h
./lib/NpartNormalizer.cpp
./lib/NpartNormalizer_cpp.so
./lib/NpartNormalizer_cpp.d
./lib/CenMaker_cpp.so
./lib/NpartNormalizer.h
./lib/my_event_cpp.so
./lib/NpartNormalizer_cpp_ACLiC_dict_rdict.pcm
./lib/my_particle_cpp_ACLiC_dict_rdict.pcm
./lib/my_event_cpp.d
./lib/MixedBuffer.h
./lib/my_particle.cpp
./lib/CenMaker_cpp_ACLiC_dict_rdict.pcm
./lib/my_event.cpp
./lib/my_particle_cpp.so
./lib/my_particle.h
./lib/MixedBuffer_cpp.d
./lib/MixedBuffer_cpp_ACLiC_dict_rdict.pcm
./lib/MixedBuffer_cpp.so
./lib/CenMaker.cpp
./lib/CenMaker_cpp.d
./lib/MixedBuffer.cpp
./lib/my_particle_cpp.d
./lib/my_event_cpp_ACLiC_dict_rdict.pcm
++++++++++++++++INPUTFILE Var++++++++++++++++++
FILELIST=/tmp/maxwoo/21EF1A6A9139C9FD2A38E59AFB466F9A_33/INPUTFILES/21EF1A6A9139C9FD2A38E59AFB466F9A_33.local.list
INPUTFILECOUNT=37
INPUTFILE0=/tmp/maxwoo/21EF1A6A9139C9FD2A38E59AFB466F9A_33/INPUTFILES/data_005769771.root
INPUTFILE1=/tmp/maxwoo/21EF1A6A9139C9FD2A38E59AFB466F9A_33/INPUTFILES/data_005769781.root
INPUTFILE2=/tmp/maxwoo/21EF1A6A9139C9FD2A38E59AFB466F9A_33/INPUTFILES/data_005773971.root
INPUTFILE3=/tmp/maxwoo/21EF1A6A9139C9FD2A38E59AFB466F9A_33/INPUTFILES/data_005783951.root
INPUTFILE4=/tmp/maxwoo/21EF1A6A9139C9FD2A38E59AFB466F9A_33/INPUTFILES/data_005793911.root
INPUTFILE5=/tmp/maxwoo/21EF1A6A9139C9FD2A38E59AFB466F9A_33/INPUTFILES/data_005793961.root
INPUTFILE6=/tmp/maxwoo/21EF1A6A9139C9FD2A38E59AFB466F9A_33/INPUTFILES/data_005803901.root
INPUTFILE7=/tmp/maxwoo/21EF1A6A9139C9FD2A38E59AFB466F9A_33/INPUTFILES/data_005803941.root
INPUTFILE8=/tmp/maxwoo/21EF1A6A9139C9FD2A38E59AFB466F9A_33/INPUTFILES/data_005813921.root
INPUTFILE9=/tmp/maxwoo/21EF1A6A9139C9FD2A38E59AFB466F9A_33/INPUTFILES/data_005823871.root
INPUTFILE10=/tmp/maxwoo/21EF1A6A9139C9FD2A38E59AFB466F9A_33/INPUTFILES/data_005823881.root
INPUTFILE11=/tmp/maxwoo/21EF1A6A9139C9FD2A38E59AFB466F9A_33/INPUTFILES/data_005833861.root
INPUTFILE12=/tmp/maxwoo/21EF1A6A9139C9FD2A38E59AFB466F9A_33/INPUTFILES/data_005843931.root
INPUTFILE13=/tmp/maxwoo/21EF1A6A9139C9FD2A38E59AFB466F9A_33/INPUTFILES/data_005853851.root
INPUTFILE14=/tmp/maxwoo/21EF1A6A9139C9FD2A38E59AFB466F9A_33/INPUTFILES/data_005883841.root
INPUTFILE15=/tmp/maxwoo/21EF1A6A9139C9FD2A38E59AFB466F9A_33/INPUTFILES/data_005903831.root
INPUTFILE16=/tmp/maxwoo/21EF1A6A9139C9FD2A38E59AFB466F9A_33/INPUTFILES/data_005933821.root
INPUTFILE17=/tmp/maxwoo/21EF1A6A9139C9FD2A38E59AFB466F9A_33/INPUTFILES/data_005943811.root
INPUTFILE18=/tmp/maxwoo/21EF1A6A9139C9FD2A38E59AFB466F9A_33/INPUTFILES/data_005943891.root
INPUTFILE19=/tmp/maxwoo/21EF1A6A9139C9FD2A38E59AFB466F9A_33/INPUTFILES/data_005963791.root
INPUTFILE20=/tmp/maxwoo/21EF1A6A9139C9FD2A38E59AFB466F9A_33/INPUTFILES/data_005963801.root
INPUTFILE21=/tmp/maxwoo/21EF1A6A9139C9FD2A38E59AFB466F9A_33/INPUTFILES/data_005973781.root
INPUTFILE22=/tmp/maxwoo/21EF1A6A9139C9FD2A38E59AFB466F9A_33/INPUTFILES/data_005993771.root
INPUTFILE23=/tmp/maxwoo/21EF1A6A9139C9FD2A38E59AFB466F9A_33/INPUTFILES/data_006003761.root
INPUTFILE24=/tmp/maxwoo/21EF1A6A9139C9FD2A38E59AFB466F9A_33/INPUTFILES/data_006013741.root
INPUTFILE25=/tmp/maxwoo/21EF1A6A9139C9FD2A38E59AFB466F9A_33/INPUTFILES/data_006013751.root
INPUTFILE26=/tmp/maxwoo/21EF1A6A9139C9FD2A38E59AFB466F9A_33/INPUTFILES/data_006033701.root
INPUTFILE27=/tmp/maxwoo/21EF1A6A9139C9FD2A38E59AFB466F9A_33/INPUTFILES/data_006033711.root
INPUTFILE28=/tmp/maxwoo/21EF1A6A9139C9FD2A38E59AFB466F9A_33/INPUTFILES/data_006043731.root
INPUTFILE29=/tmp/maxwoo/21EF1A6A9139C9FD2A38E59AFB466F9A_33/INPUTFILES/data_006053691.root
INPUTFILE30=/tmp/maxwoo/21EF1A6A9139C9FD2A38E59AFB466F9A_33/INPUTFILES/data_006053721.root
INPUTFILE31=/tmp/maxwoo/21EF1A6A9139C9FD2A38E59AFB466F9A_33/INPUTFILES/data_006069741.root
INPUTFILE32=/tmp/maxwoo/21EF1A6A9139C9FD2A38E59AFB466F9A_33/INPUTFILES/data_006073681.root
INPUTFILE33=/tmp/maxwoo/21EF1A6A9139C9FD2A38E59AFB466F9A_33/INPUTFILES/data_006093661.root
INPUTFILE34=/tmp/maxwoo/21EF1A6A9139C9FD2A38E59AFB466F9A_33/INPUTFILES/data_006093671.root
INPUTFILE35=/tmp/maxwoo/21EF1A6A9139C9FD2A38E59AFB466F9A_33/INPUTFILES/data_006104411.root
INPUTFILE36=/tmp/maxwoo/21EF1A6A9139C9FD2A38E59AFB466F9A_33/INPUTFILES/data_006113651.root
LocalInputFileDir=/tmp/maxwoo/21EF1A6A9139C9FD2A38E59AFB466F9A_33/INPUTFILES
NewFILELIST=/tmp/maxwoo/21EF1A6A9139C9FD2A38E59AFB466F9A_33/INPUTFILES/21EF1A6A9139C9FD2A38E59AFB466F9A_33.local.list
+++++++++++++++++++++++++++++++++++++++++++++++
--------------------------------
Simple Unified Meta Scheduler 1.10.50 we are starting in $SCRATCH : /home/tmp/maxwoo/21EF1A6A9139C9FD2A38E59AFB466F9A_33
--------------------------------
total 16
lrwxrwxrwx 1 maxwoo rhstar   61 Jun  2 11:43 check_S.C -> /gpfs/mnt/gpfs01/star/pwg/xiatong/git/strangeness/./check_S.C
lrwxrwxrwx 1 maxwoo rhstar   65 Jun  2 11:43 Check_Sness.C -> /gpfs/mnt/gpfs01/star/pwg/xiatong/git/strangeness/./Check_Sness.C
drwxr-xr-x 2 maxwoo rhstar 4096 Jun  2 11:47 INPUTFILES
drwxr-xr-x 2 maxwoo rhstar 4096 Jun  2 11:43 lib
  *******************************************
  *                                         *
  *        W E L C O M E  to  R O O T       *
  *                                         *
  *   Version   5.34/38     12 March 2018   *
  *                                         *
  *  You are welcome to visit our Web site  *
  *          http://root.cern.ch            *
  *                                         *
  *******************************************

ROOT 5.34/38 (v5-34-38@v5-34-38, Mar 12 2018, 15:49:39 on linux)

CINT/ROOT C/C++ Interpreter version 5.18.00, July 2, 2010
Type ? for help. Commands must be C++ statements.
Enclose multiple statements between { }.
*** Float Point Exception is OFF ***
 *** Start at Date : Thu Jun  2 11:47:26 2022
QAInfo:You are using STAR_LEVEL : dev, ROOT_LEVEL : 5.34.38 and node : rcas2404.rcf.bnl.gov 

Processing check_S.C++("/tmp/maxwoo/21EF1A6A9139C9FD2A38E59AFB466F9A_33/INPUTFILES/21EF1A6A9139C9FD2A38E59AFB466F9A_33.local.list","21EF1A6A9139C9FD2A38E59AFB466F9A_33",1)...
/tmp/maxwoo/21EF1A6A9139C9FD2A38E59AFB466F9A_33/INPUTFILES/data_005769771.root 
/tmp/maxwoo/21EF1A6A9139C9FD2A38E59AFB466F9A_33/INPUTFILES/data_005769781.root 
/tmp/maxwoo/21EF1A6A9139C9FD2A38E59AFB466F9A_33/INPUTFILES/data_005773971.root 
/tmp/maxwoo/21EF1A6A9139C9FD2A38E59AFB466F9A_33/INPUTFILES/data_005783951.root 
/tmp/maxwoo/21EF1A6A9139C9FD2A38E59AFB466F9A_33/INPUTFILES/data_005793911.root 
/tmp/maxwoo/21EF1A6A9139C9FD2A38E59AFB466F9A_33/INPUTFILES/data_005793961.root 
/tmp/maxwoo/21EF1A6A9139C9FD2A38E59AFB466F9A_33/INPUTFILES/data_005803901.root 
/tmp/maxwoo/21EF1A6A9139C9FD2A38E59AFB466F9A_33/INPUTFILES/data_005803941.root 
/tmp/maxwoo/21EF1A6A9139C9FD2A38E59AFB466F9A_33/INPUTFILES/data_005813921.root 
/tmp/maxwoo/21EF1A6A9139C9FD2A38E59AFB466F9A_33/INPUTFILES/data_005823871.root 
/tmp/maxwoo/21EF1A6A9139C9FD2A38E59AFB466F9A_33/INPUTFILES/data_005823881.root 
/tmp/maxwoo/21EF1A6A9139C9FD2A38E59AFB466F9A_33/INPUTFILES/data_005833861.root 
/tmp/maxwoo/21EF1A6A9139C9FD2A38E59AFB466F9A_33/INPUTFILES/data_005843931.root 
/tmp/maxwoo/21EF1A6A9139C9FD2A38E59AFB466F9A_33/INPUTFILES/data_005853851.root 
/tmp/maxwoo/21EF1A6A9139C9FD2A38E59AFB466F9A_33/INPUTFILES/data_005883841.root 
/tmp/maxwoo/21EF1A6A9139C9FD2A38E59AFB466F9A_33/INPUTFILES/data_005903831.root 
/tmp/maxwoo/21EF1A6A9139C9FD2A38E59AFB466F9A_33/INPUTFILES/data_005933821.root 
/tmp/maxwoo/21EF1A6A9139C9FD2A38E59AFB466F9A_33/INPUTFILES/data_005943811.root 
/tmp/maxwoo/21EF1A6A9139C9FD2A38E59AFB466F9A_33/INPUTFILES/data_005943891.root 
/tmp/maxwoo/21EF1A6A9139C9FD2A38E59AFB466F9A_33/INPUTFILES/data_005963791.root 
/tmp/maxwoo/21EF1A6A9139C9FD2A38E59AFB466F9A_33/INPUTFILES/data_005963801.root 
/tmp/maxwoo/21EF1A6A9139C9FD2A38E59AFB466F9A_33/INPUTFILES/data_005973781.root 
/tmp/maxwoo/21EF1A6A9139C9FD2A38E59AFB466F9A_33/INPUTFILES/data_005993771.root 
/tmp/maxwoo/21EF1A6A9139C9FD2A38E59AFB466F9A_33/INPUTFILES/data_006003761.root 
/tmp/maxwoo/21EF1A6A9139C9FD2A38E59AFB466F9A_33/INPUTFILES/data_006013741.root 
/tmp/maxwoo/21EF1A6A9139C9FD2A38E59AFB466F9A_33/INPUTFILES/data_006013751.root 
/tmp/maxwoo/21EF1A6A9139C9FD2A38E59AFB466F9A_33/INPUTFILES/data_006033701.root 
/tmp/maxwoo/21EF1A6A9139C9FD2A38E59AFB466F9A_33/INPUTFILES/data_006033711.root 
/tmp/maxwoo/21EF1A6A9139C9FD2A38E59AFB466F9A_33/INPUTFILES/data_006043731.root 
/tmp/maxwoo/21EF1A6A9139C9FD2A38E59AFB466F9A_33/INPUTFILES/data_006053691.root 
/tmp/maxwoo/21EF1A6A9139C9FD2A38E59AFB466F9A_33/INPUTFILES/data_006053721.root 
/tmp/maxwoo/21EF1A6A9139C9FD2A38E59AFB466F9A_33/INPUTFILES/data_006069741.root 
/tmp/maxwoo/21EF1A6A9139C9FD2A38E59AFB466F9A_33/INPUTFILES/data_006073681.root 
/tmp/maxwoo/21EF1A6A9139C9FD2A38E59AFB466F9A_33/INPUTFILES/data_006093661.root 
/tmp/maxwoo/21EF1A6A9139C9FD2A38E59AFB466F9A_33/INPUTFILES/data_006093671.root 
/tmp/maxwoo/21EF1A6A9139C9FD2A38E59AFB466F9A_33/INPUTFILES/data_006104411.root 
/tmp/maxwoo/21EF1A6A9139C9FD2A38E59AFB466F9A_33/INPUTFILES/data_006113651.root 
Added 37 files
# entries in chain: 37000
Processing entry == 1000 == out of 37000.
Processing entry == 2000 == out of 37000.
Processing entry == 3000 == out of 37000.
Processing entry == 4000 == out of 37000.
Processing entry == 5000 == out of 37000.
Processing entry == 6000 == out of 37000.
Processing entry == 7000 == out of 37000.
Processing entry == 8000 == out of 37000.
Processing entry == 9000 == out of 37000.
Processing entry == 10000 == out of 37000.
Processing entry == 11000 == out of 37000.
Processing entry == 12000 == out of 37000.
Processing entry == 13000 == out of 37000.
Processing entry == 14000 == out of 37000.
Processing entry == 15000 == out of 37000.
Processing entry == 16000 == out of 37000.
Processing entry == 17000 == out of 37000.
Processing entry == 18000 == out of 37000.
Processing entry == 19000 == out of 37000.
Processing entry == 20000 == out of 37000.
Processing entry == 21000 == out of 37000.
Processing entry == 22000 == out of 37000.
Processing entry == 23000 == out of 37000.
Processing entry == 24000 == out of 37000.
Processing entry == 25000 == out of 37000.
Processing entry == 26000 == out of 37000.
Processing entry == 27000 == out of 37000.
Processing entry == 28000 == out of 37000.
Processing entry == 29000 == out of 37000.
Processing entry == 30000 == out of 37000.
Processing entry == 31000 == out of 37000.
Processing entry == 32000 == out of 37000.
Processing entry == 33000 == out of 37000.
Processing entry == 34000 == out of 37000.
Processing entry == 35000 == out of 37000.
Processing entry == 36000 == out of 37000.
Processing entry == 37000 == out of 37000.

This is the end of ROOT -- Goodbye

Cleaning up sandbox file:  /tmp/maxwoo/21EF1A6A9139C9FD2A38E59AFB466F9A_33/check_S.C
Cleaning up sandbox file:  /tmp/maxwoo/21EF1A6A9139C9FD2A38E59AFB466F9A_33/Check_Sness.C
Cleaning up sandbox file:  /tmp/maxwoo/21EF1A6A9139C9FD2A38E59AFB466F9A_33/lib
Cleaning up sandbox file:  /tmp/maxwoo/21EF1A6A9139C9FD2A38E59AFB466F9A_33/.sandboxFiles
Starting copy block
Running copy command:  /bin/cp -fp /tmp/maxwoo/21EF1A6A9139C9FD2A38E59AFB466F9A_33/out_21EF1A6A9139C9FD2A38E59AFB466F9A_33.root /star/data01/pwg/xiatong/git/strangeness/data/
4812 Execution of (/star/data01/pwg/xiatong/git/strangeness/script/sched21EF1A6A9139C9FD2A38E59AFB466F9A_33.csh ) has ended, exiting normally
4812 We END on [Thu Jun  2 12:17:25 EDT 2022]
