We are starting on node: rcas2027.rcf.bnl.gov
HOME is not defined
Using getent method
HOME is now /star/u/maxwoo
65658 We will spawn ourselves (/star/data01/pwg/xiatong/git/strangeness/script/sched2E38F6EDCDCAFB069B4A272BC9AF210D_2734.csh )
65658 We BEGIN on [Mon May 23 05:10:36 EDT 2022]
[1] 65950
65658 We are waiting for 65950 
65950 Stepping into the main SUMS wrapper program with []
Archive:  /star/data01/pwg/xiatong/git/strangeness/package.zip
  inflating: /tmp/maxwoo/2E38F6EDCDCAFB069B4A272BC9AF210D_2734/Check_Cf.C  
  inflating: /tmp/maxwoo/2E38F6EDCDCAFB069B4A272BC9AF210D_2734/check.C  
   creating: /tmp/maxwoo/2E38F6EDCDCAFB069B4A272BC9AF210D_2734/lib/
  inflating: /tmp/maxwoo/2E38F6EDCDCAFB069B4A272BC9AF210D_2734/lib/CenMaker.cpp  
  inflating: /tmp/maxwoo/2E38F6EDCDCAFB069B4A272BC9AF210D_2734/lib/CenMaker_cpp_ACLiC_dict_rdict.pcm  
  inflating: /tmp/maxwoo/2E38F6EDCDCAFB069B4A272BC9AF210D_2734/lib/CenMaker_cpp.d  
  inflating: /tmp/maxwoo/2E38F6EDCDCAFB069B4A272BC9AF210D_2734/lib/CenMaker_cpp.so  
  inflating: /tmp/maxwoo/2E38F6EDCDCAFB069B4A272BC9AF210D_2734/lib/CenMaker.h  
  inflating: /tmp/maxwoo/2E38F6EDCDCAFB069B4A272BC9AF210D_2734/lib/MixedBuffer.cpp  
  inflating: /tmp/maxwoo/2E38F6EDCDCAFB069B4A272BC9AF210D_2734/lib/MixedBuffer_cpp_ACLiC_dict_rdict.pcm  
  inflating: /tmp/maxwoo/2E38F6EDCDCAFB069B4A272BC9AF210D_2734/lib/MixedBuffer_cpp.d  
  inflating: /tmp/maxwoo/2E38F6EDCDCAFB069B4A272BC9AF210D_2734/lib/MixedBuffer_cpp.so  
  inflating: /tmp/maxwoo/2E38F6EDCDCAFB069B4A272BC9AF210D_2734/lib/MixedBuffer.h  
  inflating: /tmp/maxwoo/2E38F6EDCDCAFB069B4A272BC9AF210D_2734/lib/my_event.cpp  
  inflating: /tmp/maxwoo/2E38F6EDCDCAFB069B4A272BC9AF210D_2734/lib/my_event_cpp_ACLiC_dict_rdict.pcm  
  inflating: /tmp/maxwoo/2E38F6EDCDCAFB069B4A272BC9AF210D_2734/lib/my_event_cpp.d  
  inflating: /tmp/maxwoo/2E38F6EDCDCAFB069B4A272BC9AF210D_2734/lib/my_event_cpp.so  
  inflating: /tmp/maxwoo/2E38F6EDCDCAFB069B4A272BC9AF210D_2734/lib/my_event.h  
  inflating: /tmp/maxwoo/2E38F6EDCDCAFB069B4A272BC9AF210D_2734/lib/my_particle.cpp  
  inflating: /tmp/maxwoo/2E38F6EDCDCAFB069B4A272BC9AF210D_2734/lib/my_particle_cpp_ACLiC_dict_rdict.pcm  
  inflating: /tmp/maxwoo/2E38F6EDCDCAFB069B4A272BC9AF210D_2734/lib/my_particle_cpp.d  
  inflating: /tmp/maxwoo/2E38F6EDCDCAFB069B4A272BC9AF210D_2734/lib/my_particle_cpp.so  
  inflating: /tmp/maxwoo/2E38F6EDCDCAFB069B4A272BC9AF210D_2734/lib/my_particle.h  
  inflating: /tmp/maxwoo/2E38F6EDCDCAFB069B4A272BC9AF210D_2734/lib/NpartNormalizer.cpp  
  inflating: /tmp/maxwoo/2E38F6EDCDCAFB069B4A272BC9AF210D_2734/lib/NpartNormalizer_cpp_ACLiC_dict_rdict.pcm  
  inflating: /tmp/maxwoo/2E38F6EDCDCAFB069B4A272BC9AF210D_2734/lib/NpartNormalizer_cpp.d  
  inflating: /tmp/maxwoo/2E38F6EDCDCAFB069B4A272BC9AF210D_2734/lib/NpartNormalizer_cpp.so  
  inflating: /tmp/maxwoo/2E38F6EDCDCAFB069B4A272BC9AF210D_2734/lib/NpartNormalizer.h  
Running: cp /star/data01/pwg/xiatong/AMPT/14GeV/data_1894136441.root /tmp/maxwoo/2E38F6EDCDCAFB069B4A272BC9AF210D_2734/INPUTFILES/data_1894136441.root
Running: cp /star/data01/pwg/xiatong/AMPT/14GeV/data_1894136451.root /tmp/maxwoo/2E38F6EDCDCAFB069B4A272BC9AF210D_2734/INPUTFILES/data_1894136451.root
Running: cp /star/data01/pwg/xiatong/AMPT/14GeV/data_1894137321.root /tmp/maxwoo/2E38F6EDCDCAFB069B4A272BC9AF210D_2734/INPUTFILES/data_1894137321.root
Running: cp /star/data01/pwg/xiatong/AMPT/14GeV/data_1894137391.root /tmp/maxwoo/2E38F6EDCDCAFB069B4A272BC9AF210D_2734/INPUTFILES/data_1894137391.root
Running: cp /star/data01/pwg/xiatong/AMPT/14GeV/data_1894137451.root /tmp/maxwoo/2E38F6EDCDCAFB069B4A272BC9AF210D_2734/INPUTFILES/data_1894137451.root
Running: cp /star/data01/pwg/xiatong/AMPT/14GeV/data_1894137521.root /tmp/maxwoo/2E38F6EDCDCAFB069B4A272BC9AF210D_2734/INPUTFILES/data_1894137521.root
Running: cp /star/data01/pwg/xiatong/AMPT/14GeV/data_1894137551.root /tmp/maxwoo/2E38F6EDCDCAFB069B4A272BC9AF210D_2734/INPUTFILES/data_1894137551.root
Running: cp /star/data01/pwg/xiatong/AMPT/14GeV/data_1894137621.root /tmp/maxwoo/2E38F6EDCDCAFB069B4A272BC9AF210D_2734/INPUTFILES/data_1894137621.root
Running: cp /star/data01/pwg/xiatong/AMPT/14GeV/data_1895133261.root /tmp/maxwoo/2E38F6EDCDCAFB069B4A272BC9AF210D_2734/INPUTFILES/data_1895133261.root
Running: cp /star/data01/pwg/xiatong/AMPT/14GeV/data_1895133281.root /tmp/maxwoo/2E38F6EDCDCAFB069B4A272BC9AF210D_2734/INPUTFILES/data_1895133281.root
Running: cp /star/data01/pwg/xiatong/AMPT/14GeV/data_1895133411.root /tmp/maxwoo/2E38F6EDCDCAFB069B4A272BC9AF210D_2734/INPUTFILES/data_1895133411.root
Running: cp /star/data01/pwg/xiatong/AMPT/14GeV/data_1895134671.root /tmp/maxwoo/2E38F6EDCDCAFB069B4A272BC9AF210D_2734/INPUTFILES/data_1895134671.root
Running: cp /star/data01/pwg/xiatong/AMPT/14GeV/data_1895134921.root /tmp/maxwoo/2E38F6EDCDCAFB069B4A272BC9AF210D_2734/INPUTFILES/data_1895134921.root
Running: cp /star/data01/pwg/xiatong/AMPT/14GeV/data_1895135321.root /tmp/maxwoo/2E38F6EDCDCAFB069B4A272BC9AF210D_2734/INPUTFILES/data_1895135321.root
Running: cp /star/data01/pwg/xiatong/AMPT/14GeV/data_1895135691.root /tmp/maxwoo/2E38F6EDCDCAFB069B4A272BC9AF210D_2734/INPUTFILES/data_1895135691.root
Running: cp /star/data01/pwg/xiatong/AMPT/14GeV/data_1895135711.root /tmp/maxwoo/2E38F6EDCDCAFB069B4A272BC9AF210D_2734/INPUTFILES/data_1895135711.root
Running: cp /star/data01/pwg/xiatong/AMPT/14GeV/data_1895135721.root /tmp/maxwoo/2E38F6EDCDCAFB069B4A272BC9AF210D_2734/INPUTFILES/data_1895135721.root
Running: cp /star/data01/pwg/xiatong/AMPT/14GeV/data_1895135741.root /tmp/maxwoo/2E38F6EDCDCAFB069B4A272BC9AF210D_2734/INPUTFILES/data_1895135741.root
Running: cp /star/data01/pwg/xiatong/AMPT/14GeV/data_1895135951.root /tmp/maxwoo/2E38F6EDCDCAFB069B4A272BC9AF210D_2734/INPUTFILES/data_1895135951.root
Running: cp /star/data01/pwg/xiatong/AMPT/14GeV/data_1895136201.root /tmp/maxwoo/2E38F6EDCDCAFB069B4A272BC9AF210D_2734/INPUTFILES/data_1895136201.root
Running: cp /star/data01/pwg/xiatong/AMPT/14GeV/data_1895136271.root /tmp/maxwoo/2E38F6EDCDCAFB069B4A272BC9AF210D_2734/INPUTFILES/data_1895136271.root
Running: cp /star/data01/pwg/xiatong/AMPT/14GeV/data_1895136331.root /tmp/maxwoo/2E38F6EDCDCAFB069B4A272BC9AF210D_2734/INPUTFILES/data_1895136331.root
Running: cp /star/data01/pwg/xiatong/AMPT/14GeV/data_1895138921.root /tmp/maxwoo/2E38F6EDCDCAFB069B4A272BC9AF210D_2734/INPUTFILES/data_1895138921.root
Running: cp /star/data01/pwg/xiatong/AMPT/14GeV/data_1895138931.root /tmp/maxwoo/2E38F6EDCDCAFB069B4A272BC9AF210D_2734/INPUTFILES/data_1895138931.root
Running: cp /star/data01/pwg/xiatong/AMPT/14GeV/data_1895143781.root /tmp/maxwoo/2E38F6EDCDCAFB069B4A272BC9AF210D_2734/INPUTFILES/data_1895143781.root
Running: cp /star/data01/pwg/xiatong/AMPT/14GeV/data_1896124861.root /tmp/maxwoo/2E38F6EDCDCAFB069B4A272BC9AF210D_2734/INPUTFILES/data_1896124861.root
Running: cp /star/data01/pwg/xiatong/AMPT/14GeV/data_1896124871.root /tmp/maxwoo/2E38F6EDCDCAFB069B4A272BC9AF210D_2734/INPUTFILES/data_1896124871.root
Running: cp /star/data01/pwg/xiatong/AMPT/14GeV/data_1896124881.root /tmp/maxwoo/2E38F6EDCDCAFB069B4A272BC9AF210D_2734/INPUTFILES/data_1896124881.root
Running: cp /star/data01/pwg/xiatong/AMPT/14GeV/data_1896124891.root /tmp/maxwoo/2E38F6EDCDCAFB069B4A272BC9AF210D_2734/INPUTFILES/data_1896124891.root
Running: cp /star/data01/pwg/xiatong/AMPT/14GeV/data_1896132921.root /tmp/maxwoo/2E38F6EDCDCAFB069B4A272BC9AF210D_2734/INPUTFILES/data_1896132921.root
Running: cp /star/data01/pwg/xiatong/AMPT/14GeV/data_1896133191.root /tmp/maxwoo/2E38F6EDCDCAFB069B4A272BC9AF210D_2734/INPUTFILES/data_1896133191.root
Running: cp /star/data01/pwg/xiatong/AMPT/14GeV/data_1896133211.root /tmp/maxwoo/2E38F6EDCDCAFB069B4A272BC9AF210D_2734/INPUTFILES/data_1896133211.root
Running: cp /star/data01/pwg/xiatong/AMPT/14GeV/data_1896133231.root /tmp/maxwoo/2E38F6EDCDCAFB069B4A272BC9AF210D_2734/INPUTFILES/data_1896133231.root
Running: cp /star/data01/pwg/xiatong/AMPT/14GeV/data_1896134101.root /tmp/maxwoo/2E38F6EDCDCAFB069B4A272BC9AF210D_2734/INPUTFILES/data_1896134101.root
Running: cp /star/data01/pwg/xiatong/AMPT/14GeV/data_1896134281.root /tmp/maxwoo/2E38F6EDCDCAFB069B4A272BC9AF210D_2734/INPUTFILES/data_1896134281.root
Running: cp /star/data01/pwg/xiatong/AMPT/14GeV/data_1896134451.root /tmp/maxwoo/2E38F6EDCDCAFB069B4A272BC9AF210D_2734/INPUTFILES/data_1896134451.root
Running: cp /star/data01/pwg/xiatong/AMPT/14GeV/data_1896135391.root /tmp/maxwoo/2E38F6EDCDCAFB069B4A272BC9AF210D_2734/INPUTFILES/data_1896135391.root
Swapping $FILELIST with: /tmp/maxwoo/2E38F6EDCDCAFB069B4A272BC9AF210D_2734/INPUTFILES/2E38F6EDCDCAFB069B4A272BC9AF210D_2734.local.list
+++++++++++local copy debug++++++++++++++++++++
newFileList: /tmp/maxwoo/2E38F6EDCDCAFB069B4A272BC9AF210D_2734/INPUTFILES/2E38F6EDCDCAFB069B4A272BC9AF210D_2734.local.list
++++++++++++++++cat FILELIST+++++++++++++++++++
/tmp/maxwoo/2E38F6EDCDCAFB069B4A272BC9AF210D_2734/INPUTFILES/data_1894136441.root 
/tmp/maxwoo/2E38F6EDCDCAFB069B4A272BC9AF210D_2734/INPUTFILES/data_1894136451.root 
/tmp/maxwoo/2E38F6EDCDCAFB069B4A272BC9AF210D_2734/INPUTFILES/data_1894137321.root 
/tmp/maxwoo/2E38F6EDCDCAFB069B4A272BC9AF210D_2734/INPUTFILES/data_1894137391.root 
/tmp/maxwoo/2E38F6EDCDCAFB069B4A272BC9AF210D_2734/INPUTFILES/data_1894137451.root 
/tmp/maxwoo/2E38F6EDCDCAFB069B4A272BC9AF210D_2734/INPUTFILES/data_1894137521.root 
/tmp/maxwoo/2E38F6EDCDCAFB069B4A272BC9AF210D_2734/INPUTFILES/data_1894137551.root 
/tmp/maxwoo/2E38F6EDCDCAFB069B4A272BC9AF210D_2734/INPUTFILES/data_1894137621.root 
/tmp/maxwoo/2E38F6EDCDCAFB069B4A272BC9AF210D_2734/INPUTFILES/data_1895133261.root 
/tmp/maxwoo/2E38F6EDCDCAFB069B4A272BC9AF210D_2734/INPUTFILES/data_1895133281.root 
/tmp/maxwoo/2E38F6EDCDCAFB069B4A272BC9AF210D_2734/INPUTFILES/data_1895133411.root 
/tmp/maxwoo/2E38F6EDCDCAFB069B4A272BC9AF210D_2734/INPUTFILES/data_1895134671.root 
/tmp/maxwoo/2E38F6EDCDCAFB069B4A272BC9AF210D_2734/INPUTFILES/data_1895134921.root 
/tmp/maxwoo/2E38F6EDCDCAFB069B4A272BC9AF210D_2734/INPUTFILES/data_1895135321.root 
/tmp/maxwoo/2E38F6EDCDCAFB069B4A272BC9AF210D_2734/INPUTFILES/data_1895135691.root 
/tmp/maxwoo/2E38F6EDCDCAFB069B4A272BC9AF210D_2734/INPUTFILES/data_1895135711.root 
/tmp/maxwoo/2E38F6EDCDCAFB069B4A272BC9AF210D_2734/INPUTFILES/data_1895135721.root 
/tmp/maxwoo/2E38F6EDCDCAFB069B4A272BC9AF210D_2734/INPUTFILES/data_1895135741.root 
/tmp/maxwoo/2E38F6EDCDCAFB069B4A272BC9AF210D_2734/INPUTFILES/data_1895135951.root 
/tmp/maxwoo/2E38F6EDCDCAFB069B4A272BC9AF210D_2734/INPUTFILES/data_1895136201.root 
/tmp/maxwoo/2E38F6EDCDCAFB069B4A272BC9AF210D_2734/INPUTFILES/data_1895136271.root 
/tmp/maxwoo/2E38F6EDCDCAFB069B4A272BC9AF210D_2734/INPUTFILES/data_1895136331.root 
/tmp/maxwoo/2E38F6EDCDCAFB069B4A272BC9AF210D_2734/INPUTFILES/data_1895138921.root 
/tmp/maxwoo/2E38F6EDCDCAFB069B4A272BC9AF210D_2734/INPUTFILES/data_1895138931.root 
/tmp/maxwoo/2E38F6EDCDCAFB069B4A272BC9AF210D_2734/INPUTFILES/data_1895143781.root 
/tmp/maxwoo/2E38F6EDCDCAFB069B4A272BC9AF210D_2734/INPUTFILES/data_1896124861.root 
/tmp/maxwoo/2E38F6EDCDCAFB069B4A272BC9AF210D_2734/INPUTFILES/data_1896124871.root 
/tmp/maxwoo/2E38F6EDCDCAFB069B4A272BC9AF210D_2734/INPUTFILES/data_1896124881.root 
/tmp/maxwoo/2E38F6EDCDCAFB069B4A272BC9AF210D_2734/INPUTFILES/data_1896124891.root 
/tmp/maxwoo/2E38F6EDCDCAFB069B4A272BC9AF210D_2734/INPUTFILES/data_1896132921.root 
/tmp/maxwoo/2E38F6EDCDCAFB069B4A272BC9AF210D_2734/INPUTFILES/data_1896133191.root 
/tmp/maxwoo/2E38F6EDCDCAFB069B4A272BC9AF210D_2734/INPUTFILES/data_1896133211.root 
/tmp/maxwoo/2E38F6EDCDCAFB069B4A272BC9AF210D_2734/INPUTFILES/data_1896133231.root 
/tmp/maxwoo/2E38F6EDCDCAFB069B4A272BC9AF210D_2734/INPUTFILES/data_1896134101.root 
/tmp/maxwoo/2E38F6EDCDCAFB069B4A272BC9AF210D_2734/INPUTFILES/data_1896134281.root 
/tmp/maxwoo/2E38F6EDCDCAFB069B4A272BC9AF210D_2734/INPUTFILES/data_1896134451.root 
/tmp/maxwoo/2E38F6EDCDCAFB069B4A272BC9AF210D_2734/INPUTFILES/data_1896135391.root 
++++++++++++++++++++find.++++++++++++++++++++++
.
./.errror.log
./.output.log
./Check_Cf.C
./check.C
./lib
./lib/CenMaker.cpp
./lib/CenMaker_cpp_ACLiC_dict_rdict.pcm
./lib/CenMaker_cpp.d
./lib/CenMaker_cpp.so
./lib/CenMaker.h
./lib/MixedBuffer.cpp
./lib/MixedBuffer_cpp_ACLiC_dict_rdict.pcm
./lib/MixedBuffer_cpp.d
./lib/MixedBuffer_cpp.so
./lib/MixedBuffer.h
./lib/my_event.cpp
./lib/my_event_cpp_ACLiC_dict_rdict.pcm
./lib/my_event_cpp.d
./lib/my_event_cpp.so
./lib/my_event.h
./lib/my_particle.cpp
./lib/my_particle_cpp_ACLiC_dict_rdict.pcm
./lib/my_particle_cpp.d
./lib/my_particle_cpp.so
./lib/my_particle.h
./lib/NpartNormalizer.cpp
./lib/NpartNormalizer_cpp_ACLiC_dict_rdict.pcm
./lib/NpartNormalizer_cpp.d
./lib/NpartNormalizer_cpp.so
./lib/NpartNormalizer.h
./.sandboxFiles
./INPUTFILES
./INPUTFILES/2E38F6EDCDCAFB069B4A272BC9AF210D_2734.local.list
./INPUTFILES/data_1894136441.root
./INPUTFILES/data_1894136451.root
./INPUTFILES/data_1894137321.root
./INPUTFILES/data_1894137391.root
./INPUTFILES/data_1894137451.root
./INPUTFILES/data_1894137521.root
./INPUTFILES/data_1894137551.root
./INPUTFILES/data_1894137621.root
./INPUTFILES/data_1895133261.root
./INPUTFILES/data_1895133281.root
./INPUTFILES/data_1895133411.root
./INPUTFILES/data_1895134671.root
./INPUTFILES/data_1895134921.root
./INPUTFILES/data_1895135321.root
./INPUTFILES/data_1895135691.root
./INPUTFILES/data_1895135711.root
./INPUTFILES/data_1895135721.root
./INPUTFILES/data_1895135741.root
./INPUTFILES/data_1895135951.root
./INPUTFILES/data_1895136201.root
./INPUTFILES/data_1895136271.root
./INPUTFILES/data_1895136331.root
./INPUTFILES/data_1895138921.root
./INPUTFILES/data_1895138931.root
./INPUTFILES/data_1895143781.root
./INPUTFILES/data_1896124861.root
./INPUTFILES/data_1896124871.root
./INPUTFILES/data_1896124881.root
./INPUTFILES/data_1896124891.root
./INPUTFILES/data_1896132921.root
./INPUTFILES/data_1896133191.root
./INPUTFILES/data_1896133211.root
./INPUTFILES/data_1896133231.root
./INPUTFILES/data_1896134101.root
./INPUTFILES/data_1896134281.root
./INPUTFILES/data_1896134451.root
./INPUTFILES/data_1896135391.root
++++++++++++++++INPUTFILE Var++++++++++++++++++
FILELIST=/tmp/maxwoo/2E38F6EDCDCAFB069B4A272BC9AF210D_2734/INPUTFILES/2E38F6EDCDCAFB069B4A272BC9AF210D_2734.local.list
INPUTFILECOUNT=37
INPUTFILE0=/tmp/maxwoo/2E38F6EDCDCAFB069B4A272BC9AF210D_2734/INPUTFILES/data_1894136441.root
INPUTFILE1=/tmp/maxwoo/2E38F6EDCDCAFB069B4A272BC9AF210D_2734/INPUTFILES/data_1894136451.root
INPUTFILE2=/tmp/maxwoo/2E38F6EDCDCAFB069B4A272BC9AF210D_2734/INPUTFILES/data_1894137321.root
INPUTFILE3=/tmp/maxwoo/2E38F6EDCDCAFB069B4A272BC9AF210D_2734/INPUTFILES/data_1894137391.root
INPUTFILE4=/tmp/maxwoo/2E38F6EDCDCAFB069B4A272BC9AF210D_2734/INPUTFILES/data_1894137451.root
INPUTFILE5=/tmp/maxwoo/2E38F6EDCDCAFB069B4A272BC9AF210D_2734/INPUTFILES/data_1894137521.root
INPUTFILE6=/tmp/maxwoo/2E38F6EDCDCAFB069B4A272BC9AF210D_2734/INPUTFILES/data_1894137551.root
INPUTFILE7=/tmp/maxwoo/2E38F6EDCDCAFB069B4A272BC9AF210D_2734/INPUTFILES/data_1894137621.root
INPUTFILE8=/tmp/maxwoo/2E38F6EDCDCAFB069B4A272BC9AF210D_2734/INPUTFILES/data_1895133261.root
INPUTFILE9=/tmp/maxwoo/2E38F6EDCDCAFB069B4A272BC9AF210D_2734/INPUTFILES/data_1895133281.root
INPUTFILE10=/tmp/maxwoo/2E38F6EDCDCAFB069B4A272BC9AF210D_2734/INPUTFILES/data_1895133411.root
INPUTFILE11=/tmp/maxwoo/2E38F6EDCDCAFB069B4A272BC9AF210D_2734/INPUTFILES/data_1895134671.root
INPUTFILE12=/tmp/maxwoo/2E38F6EDCDCAFB069B4A272BC9AF210D_2734/INPUTFILES/data_1895134921.root
INPUTFILE13=/tmp/maxwoo/2E38F6EDCDCAFB069B4A272BC9AF210D_2734/INPUTFILES/data_1895135321.root
INPUTFILE14=/tmp/maxwoo/2E38F6EDCDCAFB069B4A272BC9AF210D_2734/INPUTFILES/data_1895135691.root
INPUTFILE15=/tmp/maxwoo/2E38F6EDCDCAFB069B4A272BC9AF210D_2734/INPUTFILES/data_1895135711.root
INPUTFILE16=/tmp/maxwoo/2E38F6EDCDCAFB069B4A272BC9AF210D_2734/INPUTFILES/data_1895135721.root
INPUTFILE17=/tmp/maxwoo/2E38F6EDCDCAFB069B4A272BC9AF210D_2734/INPUTFILES/data_1895135741.root
INPUTFILE18=/tmp/maxwoo/2E38F6EDCDCAFB069B4A272BC9AF210D_2734/INPUTFILES/data_1895135951.root
INPUTFILE19=/tmp/maxwoo/2E38F6EDCDCAFB069B4A272BC9AF210D_2734/INPUTFILES/data_1895136201.root
INPUTFILE20=/tmp/maxwoo/2E38F6EDCDCAFB069B4A272BC9AF210D_2734/INPUTFILES/data_1895136271.root
INPUTFILE21=/tmp/maxwoo/2E38F6EDCDCAFB069B4A272BC9AF210D_2734/INPUTFILES/data_1895136331.root
INPUTFILE22=/tmp/maxwoo/2E38F6EDCDCAFB069B4A272BC9AF210D_2734/INPUTFILES/data_1895138921.root
INPUTFILE23=/tmp/maxwoo/2E38F6EDCDCAFB069B4A272BC9AF210D_2734/INPUTFILES/data_1895138931.root
INPUTFILE24=/tmp/maxwoo/2E38F6EDCDCAFB069B4A272BC9AF210D_2734/INPUTFILES/data_1895143781.root
INPUTFILE25=/tmp/maxwoo/2E38F6EDCDCAFB069B4A272BC9AF210D_2734/INPUTFILES/data_1896124861.root
INPUTFILE26=/tmp/maxwoo/2E38F6EDCDCAFB069B4A272BC9AF210D_2734/INPUTFILES/data_1896124871.root
INPUTFILE27=/tmp/maxwoo/2E38F6EDCDCAFB069B4A272BC9AF210D_2734/INPUTFILES/data_1896124881.root
INPUTFILE28=/tmp/maxwoo/2E38F6EDCDCAFB069B4A272BC9AF210D_2734/INPUTFILES/data_1896124891.root
INPUTFILE29=/tmp/maxwoo/2E38F6EDCDCAFB069B4A272BC9AF210D_2734/INPUTFILES/data_1896132921.root
INPUTFILE30=/tmp/maxwoo/2E38F6EDCDCAFB069B4A272BC9AF210D_2734/INPUTFILES/data_1896133191.root
INPUTFILE31=/tmp/maxwoo/2E38F6EDCDCAFB069B4A272BC9AF210D_2734/INPUTFILES/data_1896133211.root
INPUTFILE32=/tmp/maxwoo/2E38F6EDCDCAFB069B4A272BC9AF210D_2734/INPUTFILES/data_1896133231.root
INPUTFILE33=/tmp/maxwoo/2E38F6EDCDCAFB069B4A272BC9AF210D_2734/INPUTFILES/data_1896134101.root
INPUTFILE34=/tmp/maxwoo/2E38F6EDCDCAFB069B4A272BC9AF210D_2734/INPUTFILES/data_1896134281.root
INPUTFILE35=/tmp/maxwoo/2E38F6EDCDCAFB069B4A272BC9AF210D_2734/INPUTFILES/data_1896134451.root
INPUTFILE36=/tmp/maxwoo/2E38F6EDCDCAFB069B4A272BC9AF210D_2734/INPUTFILES/data_1896135391.root
LocalInputFileDir=/tmp/maxwoo/2E38F6EDCDCAFB069B4A272BC9AF210D_2734/INPUTFILES
NewFILELIST=/tmp/maxwoo/2E38F6EDCDCAFB069B4A272BC9AF210D_2734/INPUTFILES/2E38F6EDCDCAFB069B4A272BC9AF210D_2734.local.list
+++++++++++++++++++++++++++++++++++++++++++++++
--------------------------------
Simple Unified Meta Scheduler 1.10.50 we are starting in $SCRATCH : /home/tmp/maxwoo/2E38F6EDCDCAFB069B4A272BC9AF210D_2734
--------------------------------
total 44
-rw-r--r-- 1 maxwoo rhstar   656 Apr  4 01:57 check.C
-rw-r--r-- 1 maxwoo rhstar 29351 May 22 02:49 Check_Cf.C
drwxr-xr-x 2 maxwoo rhstar  4096 May 23 05:10 INPUTFILES
drwxr-xr-x 2 maxwoo rhstar  4096 May 22 03:09 lib
  *******************************************
  *                                         *
  *        W E L C O M E  to  R O O T       *
  *                                         *
  *   Version   5.34/38     12 March 2018   *
  *                                         *
  *  You are welcome to visit our Web site  *
  *          http://root.cern.ch            *
  *                                         *
  *******************************************

ROOT 5.34/38 (v5-34-38@v5-34-38, Mar 12 2018, 15:49:39 on linux)

CINT/ROOT C/C++ Interpreter version 5.18.00, July 2, 2010
Type ? for help. Commands must be C++ statements.
Enclose multiple statements between { }.
*** Float Point Exception is OFF ***
 *** Start at Date : Mon May 23 05:10:46 2022
QAInfo:You are using STAR_LEVEL : dev, ROOT_LEVEL : 5.34.38 and node : rcas2027.rcf.bnl.gov 

Processing check.C++("/tmp/maxwoo/2E38F6EDCDCAFB069B4A272BC9AF210D_2734/INPUTFILES/2E38F6EDCDCAFB069B4A272BC9AF210D_2734.local.list","2E38F6EDCDCAFB069B4A272BC9AF210D_2734",1)...

This is the end of ROOT -- Goodbye

Cleaning up sandbox file:  /tmp/maxwoo/2E38F6EDCDCAFB069B4A272BC9AF210D_2734/check.C
Cleaning up sandbox file:  /tmp/maxwoo/2E38F6EDCDCAFB069B4A272BC9AF210D_2734/Check_Cf.C
Cleaning up sandbox file:  /tmp/maxwoo/2E38F6EDCDCAFB069B4A272BC9AF210D_2734/lib
Cleaning up sandbox file:  /tmp/maxwoo/2E38F6EDCDCAFB069B4A272BC9AF210D_2734/.sandboxFiles
Error: Scheduler could not find any files in $SCRATCH matching your <output> tag fromScratch value: *.root 
65658 Execution of (/star/data01/pwg/xiatong/git/strangeness/script/sched2E38F6EDCDCAFB069B4A272BC9AF210D_2734.csh ) has ended, exiting normally
65658 We END on [Mon May 23 05:10:48 EDT 2022]
