We are starting on node: rcas2025.rcf.bnl.gov
HOME is not defined
Using getent method
HOME is now /star/u/maxwoo
379389 We will spawn ourselves (/star/data01/pwg/xiatong/git/strangeness/script/sched2E38F6EDCDCAFB069B4A272BC9AF210D_2722.csh )
379389 We BEGIN on [Mon May 23 05:10:57 EDT 2022]
[1] 379559
379389 We are waiting for 379559 
379559 Stepping into the main SUMS wrapper program with []
Archive:  /star/data01/pwg/xiatong/git/strangeness/package.zip
  inflating: /tmp/maxwoo/2E38F6EDCDCAFB069B4A272BC9AF210D_2722/Check_Cf.C  
  inflating: /tmp/maxwoo/2E38F6EDCDCAFB069B4A272BC9AF210D_2722/check.C  
   creating: /tmp/maxwoo/2E38F6EDCDCAFB069B4A272BC9AF210D_2722/lib/
  inflating: /tmp/maxwoo/2E38F6EDCDCAFB069B4A272BC9AF210D_2722/lib/CenMaker.cpp  
  inflating: /tmp/maxwoo/2E38F6EDCDCAFB069B4A272BC9AF210D_2722/lib/CenMaker_cpp_ACLiC_dict_rdict.pcm  
  inflating: /tmp/maxwoo/2E38F6EDCDCAFB069B4A272BC9AF210D_2722/lib/CenMaker_cpp.d  
  inflating: /tmp/maxwoo/2E38F6EDCDCAFB069B4A272BC9AF210D_2722/lib/CenMaker_cpp.so  
  inflating: /tmp/maxwoo/2E38F6EDCDCAFB069B4A272BC9AF210D_2722/lib/CenMaker.h  
  inflating: /tmp/maxwoo/2E38F6EDCDCAFB069B4A272BC9AF210D_2722/lib/MixedBuffer.cpp  
  inflating: /tmp/maxwoo/2E38F6EDCDCAFB069B4A272BC9AF210D_2722/lib/MixedBuffer_cpp_ACLiC_dict_rdict.pcm  
  inflating: /tmp/maxwoo/2E38F6EDCDCAFB069B4A272BC9AF210D_2722/lib/MixedBuffer_cpp.d  
  inflating: /tmp/maxwoo/2E38F6EDCDCAFB069B4A272BC9AF210D_2722/lib/MixedBuffer_cpp.so  
  inflating: /tmp/maxwoo/2E38F6EDCDCAFB069B4A272BC9AF210D_2722/lib/MixedBuffer.h  
  inflating: /tmp/maxwoo/2E38F6EDCDCAFB069B4A272BC9AF210D_2722/lib/my_event.cpp  
  inflating: /tmp/maxwoo/2E38F6EDCDCAFB069B4A272BC9AF210D_2722/lib/my_event_cpp_ACLiC_dict_rdict.pcm  
  inflating: /tmp/maxwoo/2E38F6EDCDCAFB069B4A272BC9AF210D_2722/lib/my_event_cpp.d  
  inflating: /tmp/maxwoo/2E38F6EDCDCAFB069B4A272BC9AF210D_2722/lib/my_event_cpp.so  
  inflating: /tmp/maxwoo/2E38F6EDCDCAFB069B4A272BC9AF210D_2722/lib/my_event.h  
  inflating: /tmp/maxwoo/2E38F6EDCDCAFB069B4A272BC9AF210D_2722/lib/my_particle.cpp  
  inflating: /tmp/maxwoo/2E38F6EDCDCAFB069B4A272BC9AF210D_2722/lib/my_particle_cpp_ACLiC_dict_rdict.pcm  
  inflating: /tmp/maxwoo/2E38F6EDCDCAFB069B4A272BC9AF210D_2722/lib/my_particle_cpp.d  
  inflating: /tmp/maxwoo/2E38F6EDCDCAFB069B4A272BC9AF210D_2722/lib/my_particle_cpp.so  
  inflating: /tmp/maxwoo/2E38F6EDCDCAFB069B4A272BC9AF210D_2722/lib/my_particle.h  
  inflating: /tmp/maxwoo/2E38F6EDCDCAFB069B4A272BC9AF210D_2722/lib/NpartNormalizer.cpp  
  inflating: /tmp/maxwoo/2E38F6EDCDCAFB069B4A272BC9AF210D_2722/lib/NpartNormalizer_cpp_ACLiC_dict_rdict.pcm  
  inflating: /tmp/maxwoo/2E38F6EDCDCAFB069B4A272BC9AF210D_2722/lib/NpartNormalizer_cpp.d  
  inflating: /tmp/maxwoo/2E38F6EDCDCAFB069B4A272BC9AF210D_2722/lib/NpartNormalizer_cpp.so  
  inflating: /tmp/maxwoo/2E38F6EDCDCAFB069B4A272BC9AF210D_2722/lib/NpartNormalizer.h  
Running: cp /star/data01/pwg/xiatong/AMPT/14GeV/data_1865141331.root /tmp/maxwoo/2E38F6EDCDCAFB069B4A272BC9AF210D_2722/INPUTFILES/data_1865141331.root
Running: cp /star/data01/pwg/xiatong/AMPT/14GeV/data_1865141391.root /tmp/maxwoo/2E38F6EDCDCAFB069B4A272BC9AF210D_2722/INPUTFILES/data_1865141391.root
Running: cp /star/data01/pwg/xiatong/AMPT/14GeV/data_1866138051.root /tmp/maxwoo/2E38F6EDCDCAFB069B4A272BC9AF210D_2722/INPUTFILES/data_1866138051.root
Running: cp /star/data01/pwg/xiatong/AMPT/14GeV/data_1866138191.root /tmp/maxwoo/2E38F6EDCDCAFB069B4A272BC9AF210D_2722/INPUTFILES/data_1866138191.root
Running: cp /star/data01/pwg/xiatong/AMPT/14GeV/data_1866138351.root /tmp/maxwoo/2E38F6EDCDCAFB069B4A272BC9AF210D_2722/INPUTFILES/data_1866138351.root
Running: cp /star/data01/pwg/xiatong/AMPT/14GeV/data_1866138451.root /tmp/maxwoo/2E38F6EDCDCAFB069B4A272BC9AF210D_2722/INPUTFILES/data_1866138451.root
Running: cp /star/data01/pwg/xiatong/AMPT/14GeV/data_1866139101.root /tmp/maxwoo/2E38F6EDCDCAFB069B4A272BC9AF210D_2722/INPUTFILES/data_1866139101.root
Running: cp /star/data01/pwg/xiatong/AMPT/14GeV/data_1866139581.root /tmp/maxwoo/2E38F6EDCDCAFB069B4A272BC9AF210D_2722/INPUTFILES/data_1866139581.root
Running: cp /star/data01/pwg/xiatong/AMPT/14GeV/data_1866139591.root /tmp/maxwoo/2E38F6EDCDCAFB069B4A272BC9AF210D_2722/INPUTFILES/data_1866139591.root
Running: cp /star/data01/pwg/xiatong/AMPT/14GeV/data_1866139601.root /tmp/maxwoo/2E38F6EDCDCAFB069B4A272BC9AF210D_2722/INPUTFILES/data_1866139601.root
Running: cp /star/data01/pwg/xiatong/AMPT/14GeV/data_1866140861.root /tmp/maxwoo/2E38F6EDCDCAFB069B4A272BC9AF210D_2722/INPUTFILES/data_1866140861.root
Running: cp /star/data01/pwg/xiatong/AMPT/14GeV/data_1866140931.root /tmp/maxwoo/2E38F6EDCDCAFB069B4A272BC9AF210D_2722/INPUTFILES/data_1866140931.root
Running: cp /star/data01/pwg/xiatong/AMPT/14GeV/data_1866140991.root /tmp/maxwoo/2E38F6EDCDCAFB069B4A272BC9AF210D_2722/INPUTFILES/data_1866140991.root
Running: cp /star/data01/pwg/xiatong/AMPT/14GeV/data_1866141061.root /tmp/maxwoo/2E38F6EDCDCAFB069B4A272BC9AF210D_2722/INPUTFILES/data_1866141061.root
Running: cp /star/data01/pwg/xiatong/AMPT/14GeV/data_1866143271.root /tmp/maxwoo/2E38F6EDCDCAFB069B4A272BC9AF210D_2722/INPUTFILES/data_1866143271.root
Running: cp /star/data01/pwg/xiatong/AMPT/14GeV/data_1866147571.root /tmp/maxwoo/2E38F6EDCDCAFB069B4A272BC9AF210D_2722/INPUTFILES/data_1866147571.root
Running: cp /star/data01/pwg/xiatong/AMPT/14GeV/data_1867124951.root /tmp/maxwoo/2E38F6EDCDCAFB069B4A272BC9AF210D_2722/INPUTFILES/data_1867124951.root
Running: cp /star/data01/pwg/xiatong/AMPT/14GeV/data_1867138021.root /tmp/maxwoo/2E38F6EDCDCAFB069B4A272BC9AF210D_2722/INPUTFILES/data_1867138021.root
Running: cp /star/data01/pwg/xiatong/AMPT/14GeV/data_1867138041.root /tmp/maxwoo/2E38F6EDCDCAFB069B4A272BC9AF210D_2722/INPUTFILES/data_1867138041.root
Running: cp /star/data01/pwg/xiatong/AMPT/14GeV/data_1867138061.root /tmp/maxwoo/2E38F6EDCDCAFB069B4A272BC9AF210D_2722/INPUTFILES/data_1867138061.root
Running: cp /star/data01/pwg/xiatong/AMPT/14GeV/data_1867138071.root /tmp/maxwoo/2E38F6EDCDCAFB069B4A272BC9AF210D_2722/INPUTFILES/data_1867138071.root
Running: cp /star/data01/pwg/xiatong/AMPT/14GeV/data_1867138081.root /tmp/maxwoo/2E38F6EDCDCAFB069B4A272BC9AF210D_2722/INPUTFILES/data_1867138081.root
Running: cp /star/data01/pwg/xiatong/AMPT/14GeV/data_1867138091.root /tmp/maxwoo/2E38F6EDCDCAFB069B4A272BC9AF210D_2722/INPUTFILES/data_1867138091.root
Running: cp /star/data01/pwg/xiatong/AMPT/14GeV/data_1867138101.root /tmp/maxwoo/2E38F6EDCDCAFB069B4A272BC9AF210D_2722/INPUTFILES/data_1867138101.root
Running: cp /star/data01/pwg/xiatong/AMPT/14GeV/data_1867138111.root /tmp/maxwoo/2E38F6EDCDCAFB069B4A272BC9AF210D_2722/INPUTFILES/data_1867138111.root
Running: cp /star/data01/pwg/xiatong/AMPT/14GeV/data_1867138121.root /tmp/maxwoo/2E38F6EDCDCAFB069B4A272BC9AF210D_2722/INPUTFILES/data_1867138121.root
Running: cp /star/data01/pwg/xiatong/AMPT/14GeV/data_1867138131.root /tmp/maxwoo/2E38F6EDCDCAFB069B4A272BC9AF210D_2722/INPUTFILES/data_1867138131.root
Running: cp /star/data01/pwg/xiatong/AMPT/14GeV/data_1867138161.root /tmp/maxwoo/2E38F6EDCDCAFB069B4A272BC9AF210D_2722/INPUTFILES/data_1867138161.root
Running: cp /star/data01/pwg/xiatong/AMPT/14GeV/data_1867138211.root /tmp/maxwoo/2E38F6EDCDCAFB069B4A272BC9AF210D_2722/INPUTFILES/data_1867138211.root
Running: cp /star/data01/pwg/xiatong/AMPT/14GeV/data_1867138241.root /tmp/maxwoo/2E38F6EDCDCAFB069B4A272BC9AF210D_2722/INPUTFILES/data_1867138241.root
Running: cp /star/data01/pwg/xiatong/AMPT/14GeV/data_1867138391.root /tmp/maxwoo/2E38F6EDCDCAFB069B4A272BC9AF210D_2722/INPUTFILES/data_1867138391.root
Running: cp /star/data01/pwg/xiatong/AMPT/14GeV/data_1867138491.root /tmp/maxwoo/2E38F6EDCDCAFB069B4A272BC9AF210D_2722/INPUTFILES/data_1867138491.root
Running: cp /star/data01/pwg/xiatong/AMPT/14GeV/data_1867139241.root /tmp/maxwoo/2E38F6EDCDCAFB069B4A272BC9AF210D_2722/INPUTFILES/data_1867139241.root
Running: cp /star/data01/pwg/xiatong/AMPT/14GeV/data_1867139561.root /tmp/maxwoo/2E38F6EDCDCAFB069B4A272BC9AF210D_2722/INPUTFILES/data_1867139561.root
Running: cp /star/data01/pwg/xiatong/AMPT/14GeV/data_1867139571.root /tmp/maxwoo/2E38F6EDCDCAFB069B4A272BC9AF210D_2722/INPUTFILES/data_1867139571.root
Running: cp /star/data01/pwg/xiatong/AMPT/14GeV/data_1867139861.root /tmp/maxwoo/2E38F6EDCDCAFB069B4A272BC9AF210D_2722/INPUTFILES/data_1867139861.root
Running: cp /star/data01/pwg/xiatong/AMPT/14GeV/data_1867140741.root /tmp/maxwoo/2E38F6EDCDCAFB069B4A272BC9AF210D_2722/INPUTFILES/data_1867140741.root
Swapping $FILELIST with: /tmp/maxwoo/2E38F6EDCDCAFB069B4A272BC9AF210D_2722/INPUTFILES/2E38F6EDCDCAFB069B4A272BC9AF210D_2722.local.list
+++++++++++local copy debug++++++++++++++++++++
newFileList: /tmp/maxwoo/2E38F6EDCDCAFB069B4A272BC9AF210D_2722/INPUTFILES/2E38F6EDCDCAFB069B4A272BC9AF210D_2722.local.list
++++++++++++++++cat FILELIST+++++++++++++++++++
/tmp/maxwoo/2E38F6EDCDCAFB069B4A272BC9AF210D_2722/INPUTFILES/data_1865141331.root 
/tmp/maxwoo/2E38F6EDCDCAFB069B4A272BC9AF210D_2722/INPUTFILES/data_1865141391.root 
/tmp/maxwoo/2E38F6EDCDCAFB069B4A272BC9AF210D_2722/INPUTFILES/data_1866138051.root 
/tmp/maxwoo/2E38F6EDCDCAFB069B4A272BC9AF210D_2722/INPUTFILES/data_1866138191.root 
/tmp/maxwoo/2E38F6EDCDCAFB069B4A272BC9AF210D_2722/INPUTFILES/data_1866138351.root 
/tmp/maxwoo/2E38F6EDCDCAFB069B4A272BC9AF210D_2722/INPUTFILES/data_1866138451.root 
/tmp/maxwoo/2E38F6EDCDCAFB069B4A272BC9AF210D_2722/INPUTFILES/data_1866139101.root 
/tmp/maxwoo/2E38F6EDCDCAFB069B4A272BC9AF210D_2722/INPUTFILES/data_1866139581.root 
/tmp/maxwoo/2E38F6EDCDCAFB069B4A272BC9AF210D_2722/INPUTFILES/data_1866139591.root 
/tmp/maxwoo/2E38F6EDCDCAFB069B4A272BC9AF210D_2722/INPUTFILES/data_1866139601.root 
/tmp/maxwoo/2E38F6EDCDCAFB069B4A272BC9AF210D_2722/INPUTFILES/data_1866140861.root 
/tmp/maxwoo/2E38F6EDCDCAFB069B4A272BC9AF210D_2722/INPUTFILES/data_1866140931.root 
/tmp/maxwoo/2E38F6EDCDCAFB069B4A272BC9AF210D_2722/INPUTFILES/data_1866140991.root 
/tmp/maxwoo/2E38F6EDCDCAFB069B4A272BC9AF210D_2722/INPUTFILES/data_1866141061.root 
/tmp/maxwoo/2E38F6EDCDCAFB069B4A272BC9AF210D_2722/INPUTFILES/data_1866143271.root 
/tmp/maxwoo/2E38F6EDCDCAFB069B4A272BC9AF210D_2722/INPUTFILES/data_1866147571.root 
/tmp/maxwoo/2E38F6EDCDCAFB069B4A272BC9AF210D_2722/INPUTFILES/data_1867124951.root 
/tmp/maxwoo/2E38F6EDCDCAFB069B4A272BC9AF210D_2722/INPUTFILES/data_1867138021.root 
/tmp/maxwoo/2E38F6EDCDCAFB069B4A272BC9AF210D_2722/INPUTFILES/data_1867138041.root 
/tmp/maxwoo/2E38F6EDCDCAFB069B4A272BC9AF210D_2722/INPUTFILES/data_1867138061.root 
/tmp/maxwoo/2E38F6EDCDCAFB069B4A272BC9AF210D_2722/INPUTFILES/data_1867138071.root 
/tmp/maxwoo/2E38F6EDCDCAFB069B4A272BC9AF210D_2722/INPUTFILES/data_1867138081.root 
/tmp/maxwoo/2E38F6EDCDCAFB069B4A272BC9AF210D_2722/INPUTFILES/data_1867138091.root 
/tmp/maxwoo/2E38F6EDCDCAFB069B4A272BC9AF210D_2722/INPUTFILES/data_1867138101.root 
/tmp/maxwoo/2E38F6EDCDCAFB069B4A272BC9AF210D_2722/INPUTFILES/data_1867138111.root 
/tmp/maxwoo/2E38F6EDCDCAFB069B4A272BC9AF210D_2722/INPUTFILES/data_1867138121.root 
/tmp/maxwoo/2E38F6EDCDCAFB069B4A272BC9AF210D_2722/INPUTFILES/data_1867138131.root 
/tmp/maxwoo/2E38F6EDCDCAFB069B4A272BC9AF210D_2722/INPUTFILES/data_1867138161.root 
/tmp/maxwoo/2E38F6EDCDCAFB069B4A272BC9AF210D_2722/INPUTFILES/data_1867138211.root 
/tmp/maxwoo/2E38F6EDCDCAFB069B4A272BC9AF210D_2722/INPUTFILES/data_1867138241.root 
/tmp/maxwoo/2E38F6EDCDCAFB069B4A272BC9AF210D_2722/INPUTFILES/data_1867138391.root 
/tmp/maxwoo/2E38F6EDCDCAFB069B4A272BC9AF210D_2722/INPUTFILES/data_1867138491.root 
/tmp/maxwoo/2E38F6EDCDCAFB069B4A272BC9AF210D_2722/INPUTFILES/data_1867139241.root 
/tmp/maxwoo/2E38F6EDCDCAFB069B4A272BC9AF210D_2722/INPUTFILES/data_1867139561.root 
/tmp/maxwoo/2E38F6EDCDCAFB069B4A272BC9AF210D_2722/INPUTFILES/data_1867139571.root 
/tmp/maxwoo/2E38F6EDCDCAFB069B4A272BC9AF210D_2722/INPUTFILES/data_1867139861.root 
/tmp/maxwoo/2E38F6EDCDCAFB069B4A272BC9AF210D_2722/INPUTFILES/data_1867140741.root 
++++++++++++++++++++find.++++++++++++++++++++++
.
./.errror.log
./.output.log
./Check_Cf.C
./check.C
./lib
./lib/CenMaker.cpp
./lib/CenMaker_cpp_ACLiC_dict_rdict.pcm
./lib/CenMaker_cpp.d
./lib/CenMaker_cpp.so
./lib/CenMaker.h
./lib/MixedBuffer.cpp
./lib/MixedBuffer_cpp_ACLiC_dict_rdict.pcm
./lib/MixedBuffer_cpp.d
./lib/MixedBuffer_cpp.so
./lib/MixedBuffer.h
./lib/my_event.cpp
./lib/my_event_cpp_ACLiC_dict_rdict.pcm
./lib/my_event_cpp.d
./lib/my_event_cpp.so
./lib/my_event.h
./lib/my_particle.cpp
./lib/my_particle_cpp_ACLiC_dict_rdict.pcm
./lib/my_particle_cpp.d
./lib/my_particle_cpp.so
./lib/my_particle.h
./lib/NpartNormalizer.cpp
./lib/NpartNormalizer_cpp_ACLiC_dict_rdict.pcm
./lib/NpartNormalizer_cpp.d
./lib/NpartNormalizer_cpp.so
./lib/NpartNormalizer.h
./.sandboxFiles
./INPUTFILES
./INPUTFILES/2E38F6EDCDCAFB069B4A272BC9AF210D_2722.local.list
./INPUTFILES/data_1865141331.root
./INPUTFILES/data_1865141391.root
./INPUTFILES/data_1866138051.root
./INPUTFILES/data_1866138191.root
./INPUTFILES/data_1866138351.root
./INPUTFILES/data_1866138451.root
./INPUTFILES/data_1866139101.root
./INPUTFILES/data_1866139581.root
./INPUTFILES/data_1866139591.root
./INPUTFILES/data_1866139601.root
./INPUTFILES/data_1866140861.root
./INPUTFILES/data_1866140931.root
./INPUTFILES/data_1866140991.root
./INPUTFILES/data_1866141061.root
./INPUTFILES/data_1866143271.root
./INPUTFILES/data_1866147571.root
./INPUTFILES/data_1867124951.root
./INPUTFILES/data_1867138021.root
./INPUTFILES/data_1867138041.root
./INPUTFILES/data_1867138061.root
./INPUTFILES/data_1867138071.root
./INPUTFILES/data_1867138081.root
./INPUTFILES/data_1867138091.root
./INPUTFILES/data_1867138101.root
./INPUTFILES/data_1867138111.root
./INPUTFILES/data_1867138121.root
./INPUTFILES/data_1867138131.root
./INPUTFILES/data_1867138161.root
./INPUTFILES/data_1867138211.root
./INPUTFILES/data_1867138241.root
./INPUTFILES/data_1867138391.root
./INPUTFILES/data_1867138491.root
./INPUTFILES/data_1867139241.root
./INPUTFILES/data_1867139561.root
./INPUTFILES/data_1867139571.root
./INPUTFILES/data_1867139861.root
./INPUTFILES/data_1867140741.root
++++++++++++++++INPUTFILE Var++++++++++++++++++
FILELIST=/tmp/maxwoo/2E38F6EDCDCAFB069B4A272BC9AF210D_2722/INPUTFILES/2E38F6EDCDCAFB069B4A272BC9AF210D_2722.local.list
INPUTFILECOUNT=37
INPUTFILE0=/tmp/maxwoo/2E38F6EDCDCAFB069B4A272BC9AF210D_2722/INPUTFILES/data_1865141331.root
INPUTFILE1=/tmp/maxwoo/2E38F6EDCDCAFB069B4A272BC9AF210D_2722/INPUTFILES/data_1865141391.root
INPUTFILE2=/tmp/maxwoo/2E38F6EDCDCAFB069B4A272BC9AF210D_2722/INPUTFILES/data_1866138051.root
INPUTFILE3=/tmp/maxwoo/2E38F6EDCDCAFB069B4A272BC9AF210D_2722/INPUTFILES/data_1866138191.root
INPUTFILE4=/tmp/maxwoo/2E38F6EDCDCAFB069B4A272BC9AF210D_2722/INPUTFILES/data_1866138351.root
INPUTFILE5=/tmp/maxwoo/2E38F6EDCDCAFB069B4A272BC9AF210D_2722/INPUTFILES/data_1866138451.root
INPUTFILE6=/tmp/maxwoo/2E38F6EDCDCAFB069B4A272BC9AF210D_2722/INPUTFILES/data_1866139101.root
INPUTFILE7=/tmp/maxwoo/2E38F6EDCDCAFB069B4A272BC9AF210D_2722/INPUTFILES/data_1866139581.root
INPUTFILE8=/tmp/maxwoo/2E38F6EDCDCAFB069B4A272BC9AF210D_2722/INPUTFILES/data_1866139591.root
INPUTFILE9=/tmp/maxwoo/2E38F6EDCDCAFB069B4A272BC9AF210D_2722/INPUTFILES/data_1866139601.root
INPUTFILE10=/tmp/maxwoo/2E38F6EDCDCAFB069B4A272BC9AF210D_2722/INPUTFILES/data_1866140861.root
INPUTFILE11=/tmp/maxwoo/2E38F6EDCDCAFB069B4A272BC9AF210D_2722/INPUTFILES/data_1866140931.root
INPUTFILE12=/tmp/maxwoo/2E38F6EDCDCAFB069B4A272BC9AF210D_2722/INPUTFILES/data_1866140991.root
INPUTFILE13=/tmp/maxwoo/2E38F6EDCDCAFB069B4A272BC9AF210D_2722/INPUTFILES/data_1866141061.root
INPUTFILE14=/tmp/maxwoo/2E38F6EDCDCAFB069B4A272BC9AF210D_2722/INPUTFILES/data_1866143271.root
INPUTFILE15=/tmp/maxwoo/2E38F6EDCDCAFB069B4A272BC9AF210D_2722/INPUTFILES/data_1866147571.root
INPUTFILE16=/tmp/maxwoo/2E38F6EDCDCAFB069B4A272BC9AF210D_2722/INPUTFILES/data_1867124951.root
INPUTFILE17=/tmp/maxwoo/2E38F6EDCDCAFB069B4A272BC9AF210D_2722/INPUTFILES/data_1867138021.root
INPUTFILE18=/tmp/maxwoo/2E38F6EDCDCAFB069B4A272BC9AF210D_2722/INPUTFILES/data_1867138041.root
INPUTFILE19=/tmp/maxwoo/2E38F6EDCDCAFB069B4A272BC9AF210D_2722/INPUTFILES/data_1867138061.root
INPUTFILE20=/tmp/maxwoo/2E38F6EDCDCAFB069B4A272BC9AF210D_2722/INPUTFILES/data_1867138071.root
INPUTFILE21=/tmp/maxwoo/2E38F6EDCDCAFB069B4A272BC9AF210D_2722/INPUTFILES/data_1867138081.root
INPUTFILE22=/tmp/maxwoo/2E38F6EDCDCAFB069B4A272BC9AF210D_2722/INPUTFILES/data_1867138091.root
INPUTFILE23=/tmp/maxwoo/2E38F6EDCDCAFB069B4A272BC9AF210D_2722/INPUTFILES/data_1867138101.root
INPUTFILE24=/tmp/maxwoo/2E38F6EDCDCAFB069B4A272BC9AF210D_2722/INPUTFILES/data_1867138111.root
INPUTFILE25=/tmp/maxwoo/2E38F6EDCDCAFB069B4A272BC9AF210D_2722/INPUTFILES/data_1867138121.root
INPUTFILE26=/tmp/maxwoo/2E38F6EDCDCAFB069B4A272BC9AF210D_2722/INPUTFILES/data_1867138131.root
INPUTFILE27=/tmp/maxwoo/2E38F6EDCDCAFB069B4A272BC9AF210D_2722/INPUTFILES/data_1867138161.root
INPUTFILE28=/tmp/maxwoo/2E38F6EDCDCAFB069B4A272BC9AF210D_2722/INPUTFILES/data_1867138211.root
INPUTFILE29=/tmp/maxwoo/2E38F6EDCDCAFB069B4A272BC9AF210D_2722/INPUTFILES/data_1867138241.root
INPUTFILE30=/tmp/maxwoo/2E38F6EDCDCAFB069B4A272BC9AF210D_2722/INPUTFILES/data_1867138391.root
INPUTFILE31=/tmp/maxwoo/2E38F6EDCDCAFB069B4A272BC9AF210D_2722/INPUTFILES/data_1867138491.root
INPUTFILE32=/tmp/maxwoo/2E38F6EDCDCAFB069B4A272BC9AF210D_2722/INPUTFILES/data_1867139241.root
INPUTFILE33=/tmp/maxwoo/2E38F6EDCDCAFB069B4A272BC9AF210D_2722/INPUTFILES/data_1867139561.root
INPUTFILE34=/tmp/maxwoo/2E38F6EDCDCAFB069B4A272BC9AF210D_2722/INPUTFILES/data_1867139571.root
INPUTFILE35=/tmp/maxwoo/2E38F6EDCDCAFB069B4A272BC9AF210D_2722/INPUTFILES/data_1867139861.root
INPUTFILE36=/tmp/maxwoo/2E38F6EDCDCAFB069B4A272BC9AF210D_2722/INPUTFILES/data_1867140741.root
LocalInputFileDir=/tmp/maxwoo/2E38F6EDCDCAFB069B4A272BC9AF210D_2722/INPUTFILES
NewFILELIST=/tmp/maxwoo/2E38F6EDCDCAFB069B4A272BC9AF210D_2722/INPUTFILES/2E38F6EDCDCAFB069B4A272BC9AF210D_2722.local.list
+++++++++++++++++++++++++++++++++++++++++++++++
--------------------------------
Simple Unified Meta Scheduler 1.10.50 we are starting in $SCRATCH : /home/tmp/maxwoo/2E38F6EDCDCAFB069B4A272BC9AF210D_2722
--------------------------------
total 44
-rw-r--r-- 1 maxwoo rhstar   656 Apr  4 01:57 check.C
-rw-r--r-- 1 maxwoo rhstar 29351 May 22 02:49 Check_Cf.C
drwxr-xr-x 2 maxwoo rhstar  4096 May 23 05:11 INPUTFILES
drwxr-xr-x 2 maxwoo rhstar  4096 May 22 03:09 lib
  *******************************************
  *                                         *
  *        W E L C O M E  to  R O O T       *
  *                                         *
  *   Version   5.34/38     12 March 2018   *
  *                                         *
  *  You are welcome to visit our Web site  *
  *          http://root.cern.ch            *
  *                                         *
  *******************************************

ROOT 5.34/38 (v5-34-38@v5-34-38, Mar 12 2018, 15:49:39 on linux)

CINT/ROOT C/C++ Interpreter version 5.18.00, July 2, 2010
Type ? for help. Commands must be C++ statements.
Enclose multiple statements between { }.
*** Float Point Exception is OFF ***
 *** Start at Date : Mon May 23 05:11:09 2022
QAInfo:You are using STAR_LEVEL : dev, ROOT_LEVEL : 5.34.38 and node : rcas2025.rcf.bnl.gov 

Processing check.C++("/tmp/maxwoo/2E38F6EDCDCAFB069B4A272BC9AF210D_2722/INPUTFILES/2E38F6EDCDCAFB069B4A272BC9AF210D_2722.local.list","2E38F6EDCDCAFB069B4A272BC9AF210D_2722",1)...

This is the end of ROOT -- Goodbye

Cleaning up sandbox file:  /tmp/maxwoo/2E38F6EDCDCAFB069B4A272BC9AF210D_2722/check.C
Cleaning up sandbox file:  /tmp/maxwoo/2E38F6EDCDCAFB069B4A272BC9AF210D_2722/Check_Cf.C
Cleaning up sandbox file:  /tmp/maxwoo/2E38F6EDCDCAFB069B4A272BC9AF210D_2722/lib
Cleaning up sandbox file:  /tmp/maxwoo/2E38F6EDCDCAFB069B4A272BC9AF210D_2722/.sandboxFiles
Error: Scheduler could not find any files in $SCRATCH matching your <output> tag fromScratch value: *.root 
379389 Execution of (/star/data01/pwg/xiatong/git/strangeness/script/sched2E38F6EDCDCAFB069B4A272BC9AF210D_2722.csh ) has ended, exiting normally
379389 We END on [Mon May 23 05:11:10 EDT 2022]
