We are starting on node: rcas2029.rcf.bnl.gov
HOME is not defined
Using getent method
HOME is now /star/u/maxwoo
22846 We will spawn ourselves (/star/data01/pwg/xiatong/git/strangeness/script/sched5FA1B5AA0AE33B130B3DEAFCFA470335_271.csh )
22846 We BEGIN on [Sun May 22 08:48:30 EDT 2022]
[1] 23177
22846 We are waiting for 23177 
23177 Stepping into the main SUMS wrapper program with []
Archive:  /star/data01/pwg/xiatong/git/strangeness/package.zip
  inflating: /tmp/maxwoo/5FA1B5AA0AE33B130B3DEAFCFA470335_271/Check_Cf.C  
  inflating: /tmp/maxwoo/5FA1B5AA0AE33B130B3DEAFCFA470335_271/check.C  
   creating: /tmp/maxwoo/5FA1B5AA0AE33B130B3DEAFCFA470335_271/lib/
  inflating: /tmp/maxwoo/5FA1B5AA0AE33B130B3DEAFCFA470335_271/lib/CenMaker.cpp  
  inflating: /tmp/maxwoo/5FA1B5AA0AE33B130B3DEAFCFA470335_271/lib/CenMaker_cpp_ACLiC_dict_rdict.pcm  
  inflating: /tmp/maxwoo/5FA1B5AA0AE33B130B3DEAFCFA470335_271/lib/CenMaker_cpp.d  
  inflating: /tmp/maxwoo/5FA1B5AA0AE33B130B3DEAFCFA470335_271/lib/CenMaker_cpp.so  
  inflating: /tmp/maxwoo/5FA1B5AA0AE33B130B3DEAFCFA470335_271/lib/CenMaker.h  
  inflating: /tmp/maxwoo/5FA1B5AA0AE33B130B3DEAFCFA470335_271/lib/MixedBuffer.cpp  
  inflating: /tmp/maxwoo/5FA1B5AA0AE33B130B3DEAFCFA470335_271/lib/MixedBuffer_cpp_ACLiC_dict_rdict.pcm  
  inflating: /tmp/maxwoo/5FA1B5AA0AE33B130B3DEAFCFA470335_271/lib/MixedBuffer_cpp.d  
  inflating: /tmp/maxwoo/5FA1B5AA0AE33B130B3DEAFCFA470335_271/lib/MixedBuffer_cpp.so  
  inflating: /tmp/maxwoo/5FA1B5AA0AE33B130B3DEAFCFA470335_271/lib/MixedBuffer.h  
  inflating: /tmp/maxwoo/5FA1B5AA0AE33B130B3DEAFCFA470335_271/lib/my_event.cpp  
  inflating: /tmp/maxwoo/5FA1B5AA0AE33B130B3DEAFCFA470335_271/lib/my_event_cpp_ACLiC_dict_rdict.pcm  
  inflating: /tmp/maxwoo/5FA1B5AA0AE33B130B3DEAFCFA470335_271/lib/my_event_cpp.d  
  inflating: /tmp/maxwoo/5FA1B5AA0AE33B130B3DEAFCFA470335_271/lib/my_event_cpp.so  
  inflating: /tmp/maxwoo/5FA1B5AA0AE33B130B3DEAFCFA470335_271/lib/my_event.h  
  inflating: /tmp/maxwoo/5FA1B5AA0AE33B130B3DEAFCFA470335_271/lib/my_particle.cpp  
  inflating: /tmp/maxwoo/5FA1B5AA0AE33B130B3DEAFCFA470335_271/lib/my_particle_cpp_ACLiC_dict_rdict.pcm  
  inflating: /tmp/maxwoo/5FA1B5AA0AE33B130B3DEAFCFA470335_271/lib/my_particle_cpp.d  
  inflating: /tmp/maxwoo/5FA1B5AA0AE33B130B3DEAFCFA470335_271/lib/my_particle_cpp.so  
  inflating: /tmp/maxwoo/5FA1B5AA0AE33B130B3DEAFCFA470335_271/lib/my_particle.h  
  inflating: /tmp/maxwoo/5FA1B5AA0AE33B130B3DEAFCFA470335_271/lib/NpartNormalizer.cpp  
  inflating: /tmp/maxwoo/5FA1B5AA0AE33B130B3DEAFCFA470335_271/lib/NpartNormalizer_cpp_ACLiC_dict_rdict.pcm  
  inflating: /tmp/maxwoo/5FA1B5AA0AE33B130B3DEAFCFA470335_271/lib/NpartNormalizer_cpp.d  
  inflating: /tmp/maxwoo/5FA1B5AA0AE33B130B3DEAFCFA470335_271/lib/NpartNormalizer_cpp.so  
  inflating: /tmp/maxwoo/5FA1B5AA0AE33B130B3DEAFCFA470335_271/lib/NpartNormalizer.h  
Running: cp /star/data01/pwg/xiatong/AMPT/14GeV/data_145268761.root /tmp/maxwoo/5FA1B5AA0AE33B130B3DEAFCFA470335_271/INPUTFILES/data_145268761.root
Running: cp /star/data01/pwg/xiatong/AMPT/14GeV/data_145278561.root /tmp/maxwoo/5FA1B5AA0AE33B130B3DEAFCFA470335_271/INPUTFILES/data_145278561.root
Running: cp /star/data01/pwg/xiatong/AMPT/14GeV/data_145278571.root /tmp/maxwoo/5FA1B5AA0AE33B130B3DEAFCFA470335_271/INPUTFILES/data_145278571.root
Running: cp /star/data01/pwg/xiatong/AMPT/14GeV/data_145278581.root /tmp/maxwoo/5FA1B5AA0AE33B130B3DEAFCFA470335_271/INPUTFILES/data_145278581.root
Running: cp /star/data01/pwg/xiatong/AMPT/14GeV/data_145278591.root /tmp/maxwoo/5FA1B5AA0AE33B130B3DEAFCFA470335_271/INPUTFILES/data_145278591.root
Running: cp /star/data01/pwg/xiatong/AMPT/14GeV/data_145288521.root /tmp/maxwoo/5FA1B5AA0AE33B130B3DEAFCFA470335_271/INPUTFILES/data_145288521.root
Running: cp /star/data01/pwg/xiatong/AMPT/14GeV/data_145288531.root /tmp/maxwoo/5FA1B5AA0AE33B130B3DEAFCFA470335_271/INPUTFILES/data_145288531.root
Running: cp /star/data01/pwg/xiatong/AMPT/14GeV/data_145288551.root /tmp/maxwoo/5FA1B5AA0AE33B130B3DEAFCFA470335_271/INPUTFILES/data_145288551.root
Running: cp /star/data01/pwg/xiatong/AMPT/14GeV/data_145291901.root /tmp/maxwoo/5FA1B5AA0AE33B130B3DEAFCFA470335_271/INPUTFILES/data_145291901.root
Running: cp /star/data01/pwg/xiatong/AMPT/14GeV/data_145298461.root /tmp/maxwoo/5FA1B5AA0AE33B130B3DEAFCFA470335_271/INPUTFILES/data_145298461.root
Running: cp /star/data01/pwg/xiatong/AMPT/14GeV/data_145298471.root /tmp/maxwoo/5FA1B5AA0AE33B130B3DEAFCFA470335_271/INPUTFILES/data_145298471.root
Running: cp /star/data01/pwg/xiatong/AMPT/14GeV/data_145298481.root /tmp/maxwoo/5FA1B5AA0AE33B130B3DEAFCFA470335_271/INPUTFILES/data_145298481.root
Running: cp /star/data01/pwg/xiatong/AMPT/14GeV/data_145298491.root /tmp/maxwoo/5FA1B5AA0AE33B130B3DEAFCFA470335_271/INPUTFILES/data_145298491.root
Running: cp /star/data01/pwg/xiatong/AMPT/14GeV/data_145298501.root /tmp/maxwoo/5FA1B5AA0AE33B130B3DEAFCFA470335_271/INPUTFILES/data_145298501.root
Running: cp /star/data01/pwg/xiatong/AMPT/14GeV/data_145298511.root /tmp/maxwoo/5FA1B5AA0AE33B130B3DEAFCFA470335_271/INPUTFILES/data_145298511.root
Running: cp /star/data01/pwg/xiatong/AMPT/14GeV/data_145298541.root /tmp/maxwoo/5FA1B5AA0AE33B130B3DEAFCFA470335_271/INPUTFILES/data_145298541.root
Running: cp /star/data01/pwg/xiatong/AMPT/14GeV/data_145308401.root /tmp/maxwoo/5FA1B5AA0AE33B130B3DEAFCFA470335_271/INPUTFILES/data_145308401.root
Running: cp /star/data01/pwg/xiatong/AMPT/14GeV/data_145308411.root /tmp/maxwoo/5FA1B5AA0AE33B130B3DEAFCFA470335_271/INPUTFILES/data_145308411.root
Running: cp /star/data01/pwg/xiatong/AMPT/14GeV/data_145308421.root /tmp/maxwoo/5FA1B5AA0AE33B130B3DEAFCFA470335_271/INPUTFILES/data_145308421.root
Running: cp /star/data01/pwg/xiatong/AMPT/14GeV/data_145308431.root /tmp/maxwoo/5FA1B5AA0AE33B130B3DEAFCFA470335_271/INPUTFILES/data_145308431.root
Running: cp /star/data01/pwg/xiatong/AMPT/14GeV/data_145308441.root /tmp/maxwoo/5FA1B5AA0AE33B130B3DEAFCFA470335_271/INPUTFILES/data_145308441.root
Running: cp /star/data01/pwg/xiatong/AMPT/14GeV/data_145318331.root /tmp/maxwoo/5FA1B5AA0AE33B130B3DEAFCFA470335_271/INPUTFILES/data_145318331.root
Running: cp /star/data01/pwg/xiatong/AMPT/14GeV/data_145318351.root /tmp/maxwoo/5FA1B5AA0AE33B130B3DEAFCFA470335_271/INPUTFILES/data_145318351.root
Running: cp /star/data01/pwg/xiatong/AMPT/14GeV/data_145318361.root /tmp/maxwoo/5FA1B5AA0AE33B130B3DEAFCFA470335_271/INPUTFILES/data_145318361.root
Running: cp /star/data01/pwg/xiatong/AMPT/14GeV/data_145318371.root /tmp/maxwoo/5FA1B5AA0AE33B130B3DEAFCFA470335_271/INPUTFILES/data_145318371.root
Running: cp /star/data01/pwg/xiatong/AMPT/14GeV/data_145318381.root /tmp/maxwoo/5FA1B5AA0AE33B130B3DEAFCFA470335_271/INPUTFILES/data_145318381.root
Running: cp /star/data01/pwg/xiatong/AMPT/14GeV/data_145318391.root /tmp/maxwoo/5FA1B5AA0AE33B130B3DEAFCFA470335_271/INPUTFILES/data_145318391.root
Running: cp /star/data01/pwg/xiatong/AMPT/14GeV/data_145318451.root /tmp/maxwoo/5FA1B5AA0AE33B130B3DEAFCFA470335_271/INPUTFILES/data_145318451.root
Running: cp /star/data01/pwg/xiatong/AMPT/14GeV/data_145328311.root /tmp/maxwoo/5FA1B5AA0AE33B130B3DEAFCFA470335_271/INPUTFILES/data_145328311.root
Running: cp /star/data01/pwg/xiatong/AMPT/14GeV/data_145328321.root /tmp/maxwoo/5FA1B5AA0AE33B130B3DEAFCFA470335_271/INPUTFILES/data_145328321.root
Running: cp /star/data01/pwg/xiatong/AMPT/14GeV/data_145328341.root /tmp/maxwoo/5FA1B5AA0AE33B130B3DEAFCFA470335_271/INPUTFILES/data_145328341.root
Running: cp /star/data01/pwg/xiatong/AMPT/14GeV/data_145338291.root /tmp/maxwoo/5FA1B5AA0AE33B130B3DEAFCFA470335_271/INPUTFILES/data_145338291.root
Running: cp /star/data01/pwg/xiatong/AMPT/14GeV/data_145344841.root /tmp/maxwoo/5FA1B5AA0AE33B130B3DEAFCFA470335_271/INPUTFILES/data_145344841.root
Running: cp /star/data01/pwg/xiatong/AMPT/14GeV/data_145345201.root /tmp/maxwoo/5FA1B5AA0AE33B130B3DEAFCFA470335_271/INPUTFILES/data_145345201.root
Running: cp /star/data01/pwg/xiatong/AMPT/14GeV/data_145345211.root /tmp/maxwoo/5FA1B5AA0AE33B130B3DEAFCFA470335_271/INPUTFILES/data_145345211.root
Running: cp /star/data01/pwg/xiatong/AMPT/14GeV/data_145345251.root /tmp/maxwoo/5FA1B5AA0AE33B130B3DEAFCFA470335_271/INPUTFILES/data_145345251.root
Running: cp /star/data01/pwg/xiatong/AMPT/14GeV/data_145345261.root /tmp/maxwoo/5FA1B5AA0AE33B130B3DEAFCFA470335_271/INPUTFILES/data_145345261.root
Swapping $FILELIST with: /tmp/maxwoo/5FA1B5AA0AE33B130B3DEAFCFA470335_271/INPUTFILES/5FA1B5AA0AE33B130B3DEAFCFA470335_271.local.list
+++++++++++local copy debug++++++++++++++++++++
newFileList: /tmp/maxwoo/5FA1B5AA0AE33B130B3DEAFCFA470335_271/INPUTFILES/5FA1B5AA0AE33B130B3DEAFCFA470335_271.local.list
++++++++++++++++cat FILELIST+++++++++++++++++++
/tmp/maxwoo/5FA1B5AA0AE33B130B3DEAFCFA470335_271/INPUTFILES/data_145268761.root 
/tmp/maxwoo/5FA1B5AA0AE33B130B3DEAFCFA470335_271/INPUTFILES/data_145278561.root 
/tmp/maxwoo/5FA1B5AA0AE33B130B3DEAFCFA470335_271/INPUTFILES/data_145278571.root 
/tmp/maxwoo/5FA1B5AA0AE33B130B3DEAFCFA470335_271/INPUTFILES/data_145278581.root 
/tmp/maxwoo/5FA1B5AA0AE33B130B3DEAFCFA470335_271/INPUTFILES/data_145278591.root 
/tmp/maxwoo/5FA1B5AA0AE33B130B3DEAFCFA470335_271/INPUTFILES/data_145288521.root 
/tmp/maxwoo/5FA1B5AA0AE33B130B3DEAFCFA470335_271/INPUTFILES/data_145288531.root 
/tmp/maxwoo/5FA1B5AA0AE33B130B3DEAFCFA470335_271/INPUTFILES/data_145288551.root 
/tmp/maxwoo/5FA1B5AA0AE33B130B3DEAFCFA470335_271/INPUTFILES/data_145291901.root 
/tmp/maxwoo/5FA1B5AA0AE33B130B3DEAFCFA470335_271/INPUTFILES/data_145298461.root 
/tmp/maxwoo/5FA1B5AA0AE33B130B3DEAFCFA470335_271/INPUTFILES/data_145298471.root 
/tmp/maxwoo/5FA1B5AA0AE33B130B3DEAFCFA470335_271/INPUTFILES/data_145298481.root 
/tmp/maxwoo/5FA1B5AA0AE33B130B3DEAFCFA470335_271/INPUTFILES/data_145298491.root 
/tmp/maxwoo/5FA1B5AA0AE33B130B3DEAFCFA470335_271/INPUTFILES/data_145298501.root 
/tmp/maxwoo/5FA1B5AA0AE33B130B3DEAFCFA470335_271/INPUTFILES/data_145298511.root 
/tmp/maxwoo/5FA1B5AA0AE33B130B3DEAFCFA470335_271/INPUTFILES/data_145298541.root 
/tmp/maxwoo/5FA1B5AA0AE33B130B3DEAFCFA470335_271/INPUTFILES/data_145308401.root 
/tmp/maxwoo/5FA1B5AA0AE33B130B3DEAFCFA470335_271/INPUTFILES/data_145308411.root 
/tmp/maxwoo/5FA1B5AA0AE33B130B3DEAFCFA470335_271/INPUTFILES/data_145308421.root 
/tmp/maxwoo/5FA1B5AA0AE33B130B3DEAFCFA470335_271/INPUTFILES/data_145308431.root 
/tmp/maxwoo/5FA1B5AA0AE33B130B3DEAFCFA470335_271/INPUTFILES/data_145308441.root 
/tmp/maxwoo/5FA1B5AA0AE33B130B3DEAFCFA470335_271/INPUTFILES/data_145318331.root 
/tmp/maxwoo/5FA1B5AA0AE33B130B3DEAFCFA470335_271/INPUTFILES/data_145318351.root 
/tmp/maxwoo/5FA1B5AA0AE33B130B3DEAFCFA470335_271/INPUTFILES/data_145318361.root 
/tmp/maxwoo/5FA1B5AA0AE33B130B3DEAFCFA470335_271/INPUTFILES/data_145318371.root 
/tmp/maxwoo/5FA1B5AA0AE33B130B3DEAFCFA470335_271/INPUTFILES/data_145318381.root 
/tmp/maxwoo/5FA1B5AA0AE33B130B3DEAFCFA470335_271/INPUTFILES/data_145318391.root 
/tmp/maxwoo/5FA1B5AA0AE33B130B3DEAFCFA470335_271/INPUTFILES/data_145318451.root 
/tmp/maxwoo/5FA1B5AA0AE33B130B3DEAFCFA470335_271/INPUTFILES/data_145328311.root 
/tmp/maxwoo/5FA1B5AA0AE33B130B3DEAFCFA470335_271/INPUTFILES/data_145328321.root 
/tmp/maxwoo/5FA1B5AA0AE33B130B3DEAFCFA470335_271/INPUTFILES/data_145328341.root 
/tmp/maxwoo/5FA1B5AA0AE33B130B3DEAFCFA470335_271/INPUTFILES/data_145338291.root 
/tmp/maxwoo/5FA1B5AA0AE33B130B3DEAFCFA470335_271/INPUTFILES/data_145344841.root 
/tmp/maxwoo/5FA1B5AA0AE33B130B3DEAFCFA470335_271/INPUTFILES/data_145345201.root 
/tmp/maxwoo/5FA1B5AA0AE33B130B3DEAFCFA470335_271/INPUTFILES/data_145345211.root 
/tmp/maxwoo/5FA1B5AA0AE33B130B3DEAFCFA470335_271/INPUTFILES/data_145345251.root 
/tmp/maxwoo/5FA1B5AA0AE33B130B3DEAFCFA470335_271/INPUTFILES/data_145345261.root 
++++++++++++++++++++find.++++++++++++++++++++++
.
./.errror.log
./.output.log
./Check_Cf.C
./check.C
./lib
./lib/CenMaker.cpp
./lib/CenMaker_cpp_ACLiC_dict_rdict.pcm
./lib/CenMaker_cpp.d
./lib/CenMaker_cpp.so
./lib/CenMaker.h
./lib/MixedBuffer.cpp
./lib/MixedBuffer_cpp_ACLiC_dict_rdict.pcm
./lib/MixedBuffer_cpp.d
./lib/MixedBuffer_cpp.so
./lib/MixedBuffer.h
./lib/my_event.cpp
./lib/my_event_cpp_ACLiC_dict_rdict.pcm
./lib/my_event_cpp.d
./lib/my_event_cpp.so
./lib/my_event.h
./lib/my_particle.cpp
./lib/my_particle_cpp_ACLiC_dict_rdict.pcm
./lib/my_particle_cpp.d
./lib/my_particle_cpp.so
./lib/my_particle.h
./lib/NpartNormalizer.cpp
./lib/NpartNormalizer_cpp_ACLiC_dict_rdict.pcm
./lib/NpartNormalizer_cpp.d
./lib/NpartNormalizer_cpp.so
./lib/NpartNormalizer.h
./.sandboxFiles
./INPUTFILES
./INPUTFILES/5FA1B5AA0AE33B130B3DEAFCFA470335_271.local.list
./INPUTFILES/data_145268761.root
./INPUTFILES/data_145278561.root
./INPUTFILES/data_145278571.root
./INPUTFILES/data_145278581.root
./INPUTFILES/data_145278591.root
./INPUTFILES/data_145288521.root
./INPUTFILES/data_145288531.root
./INPUTFILES/data_145288551.root
./INPUTFILES/data_145291901.root
./INPUTFILES/data_145298461.root
./INPUTFILES/data_145298471.root
./INPUTFILES/data_145298481.root
./INPUTFILES/data_145298491.root
./INPUTFILES/data_145298501.root
./INPUTFILES/data_145298511.root
./INPUTFILES/data_145298541.root
./INPUTFILES/data_145308401.root
./INPUTFILES/data_145308411.root
./INPUTFILES/data_145308421.root
./INPUTFILES/data_145308431.root
./INPUTFILES/data_145308441.root
./INPUTFILES/data_145318331.root
./INPUTFILES/data_145318351.root
./INPUTFILES/data_145318361.root
./INPUTFILES/data_145318371.root
./INPUTFILES/data_145318381.root
./INPUTFILES/data_145318391.root
./INPUTFILES/data_145318451.root
./INPUTFILES/data_145328311.root
./INPUTFILES/data_145328321.root
./INPUTFILES/data_145328341.root
./INPUTFILES/data_145338291.root
./INPUTFILES/data_145344841.root
./INPUTFILES/data_145345201.root
./INPUTFILES/data_145345211.root
./INPUTFILES/data_145345251.root
./INPUTFILES/data_145345261.root
++++++++++++++++INPUTFILE Var++++++++++++++++++
FILELIST=/tmp/maxwoo/5FA1B5AA0AE33B130B3DEAFCFA470335_271/INPUTFILES/5FA1B5AA0AE33B130B3DEAFCFA470335_271.local.list
INPUTFILECOUNT=37
INPUTFILE0=/tmp/maxwoo/5FA1B5AA0AE33B130B3DEAFCFA470335_271/INPUTFILES/data_145268761.root
INPUTFILE1=/tmp/maxwoo/5FA1B5AA0AE33B130B3DEAFCFA470335_271/INPUTFILES/data_145278561.root
INPUTFILE2=/tmp/maxwoo/5FA1B5AA0AE33B130B3DEAFCFA470335_271/INPUTFILES/data_145278571.root
INPUTFILE3=/tmp/maxwoo/5FA1B5AA0AE33B130B3DEAFCFA470335_271/INPUTFILES/data_145278581.root
INPUTFILE4=/tmp/maxwoo/5FA1B5AA0AE33B130B3DEAFCFA470335_271/INPUTFILES/data_145278591.root
INPUTFILE5=/tmp/maxwoo/5FA1B5AA0AE33B130B3DEAFCFA470335_271/INPUTFILES/data_145288521.root
INPUTFILE6=/tmp/maxwoo/5FA1B5AA0AE33B130B3DEAFCFA470335_271/INPUTFILES/data_145288531.root
INPUTFILE7=/tmp/maxwoo/5FA1B5AA0AE33B130B3DEAFCFA470335_271/INPUTFILES/data_145288551.root
INPUTFILE8=/tmp/maxwoo/5FA1B5AA0AE33B130B3DEAFCFA470335_271/INPUTFILES/data_145291901.root
INPUTFILE9=/tmp/maxwoo/5FA1B5AA0AE33B130B3DEAFCFA470335_271/INPUTFILES/data_145298461.root
INPUTFILE10=/tmp/maxwoo/5FA1B5AA0AE33B130B3DEAFCFA470335_271/INPUTFILES/data_145298471.root
INPUTFILE11=/tmp/maxwoo/5FA1B5AA0AE33B130B3DEAFCFA470335_271/INPUTFILES/data_145298481.root
INPUTFILE12=/tmp/maxwoo/5FA1B5AA0AE33B130B3DEAFCFA470335_271/INPUTFILES/data_145298491.root
INPUTFILE13=/tmp/maxwoo/5FA1B5AA0AE33B130B3DEAFCFA470335_271/INPUTFILES/data_145298501.root
INPUTFILE14=/tmp/maxwoo/5FA1B5AA0AE33B130B3DEAFCFA470335_271/INPUTFILES/data_145298511.root
INPUTFILE15=/tmp/maxwoo/5FA1B5AA0AE33B130B3DEAFCFA470335_271/INPUTFILES/data_145298541.root
INPUTFILE16=/tmp/maxwoo/5FA1B5AA0AE33B130B3DEAFCFA470335_271/INPUTFILES/data_145308401.root
INPUTFILE17=/tmp/maxwoo/5FA1B5AA0AE33B130B3DEAFCFA470335_271/INPUTFILES/data_145308411.root
INPUTFILE18=/tmp/maxwoo/5FA1B5AA0AE33B130B3DEAFCFA470335_271/INPUTFILES/data_145308421.root
INPUTFILE19=/tmp/maxwoo/5FA1B5AA0AE33B130B3DEAFCFA470335_271/INPUTFILES/data_145308431.root
INPUTFILE20=/tmp/maxwoo/5FA1B5AA0AE33B130B3DEAFCFA470335_271/INPUTFILES/data_145308441.root
INPUTFILE21=/tmp/maxwoo/5FA1B5AA0AE33B130B3DEAFCFA470335_271/INPUTFILES/data_145318331.root
INPUTFILE22=/tmp/maxwoo/5FA1B5AA0AE33B130B3DEAFCFA470335_271/INPUTFILES/data_145318351.root
INPUTFILE23=/tmp/maxwoo/5FA1B5AA0AE33B130B3DEAFCFA470335_271/INPUTFILES/data_145318361.root
INPUTFILE24=/tmp/maxwoo/5FA1B5AA0AE33B130B3DEAFCFA470335_271/INPUTFILES/data_145318371.root
INPUTFILE25=/tmp/maxwoo/5FA1B5AA0AE33B130B3DEAFCFA470335_271/INPUTFILES/data_145318381.root
INPUTFILE26=/tmp/maxwoo/5FA1B5AA0AE33B130B3DEAFCFA470335_271/INPUTFILES/data_145318391.root
INPUTFILE27=/tmp/maxwoo/5FA1B5AA0AE33B130B3DEAFCFA470335_271/INPUTFILES/data_145318451.root
INPUTFILE28=/tmp/maxwoo/5FA1B5AA0AE33B130B3DEAFCFA470335_271/INPUTFILES/data_145328311.root
INPUTFILE29=/tmp/maxwoo/5FA1B5AA0AE33B130B3DEAFCFA470335_271/INPUTFILES/data_145328321.root
INPUTFILE30=/tmp/maxwoo/5FA1B5AA0AE33B130B3DEAFCFA470335_271/INPUTFILES/data_145328341.root
INPUTFILE31=/tmp/maxwoo/5FA1B5AA0AE33B130B3DEAFCFA470335_271/INPUTFILES/data_145338291.root
INPUTFILE32=/tmp/maxwoo/5FA1B5AA0AE33B130B3DEAFCFA470335_271/INPUTFILES/data_145344841.root
INPUTFILE33=/tmp/maxwoo/5FA1B5AA0AE33B130B3DEAFCFA470335_271/INPUTFILES/data_145345201.root
INPUTFILE34=/tmp/maxwoo/5FA1B5AA0AE33B130B3DEAFCFA470335_271/INPUTFILES/data_145345211.root
INPUTFILE35=/tmp/maxwoo/5FA1B5AA0AE33B130B3DEAFCFA470335_271/INPUTFILES/data_145345251.root
INPUTFILE36=/tmp/maxwoo/5FA1B5AA0AE33B130B3DEAFCFA470335_271/INPUTFILES/data_145345261.root
LocalInputFileDir=/tmp/maxwoo/5FA1B5AA0AE33B130B3DEAFCFA470335_271/INPUTFILES
NewFILELIST=/tmp/maxwoo/5FA1B5AA0AE33B130B3DEAFCFA470335_271/INPUTFILES/5FA1B5AA0AE33B130B3DEAFCFA470335_271.local.list
+++++++++++++++++++++++++++++++++++++++++++++++
--------------------------------
Simple Unified Meta Scheduler 1.10.50 we are starting in $SCRATCH : /home/tmp/maxwoo/5FA1B5AA0AE33B130B3DEAFCFA470335_271
--------------------------------
total 44
-rw-r--r-- 1 maxwoo rhstar   656 Apr  4 01:57 check.C
-rw-r--r-- 1 maxwoo rhstar 29351 May 22 02:49 Check_Cf.C
drwxr-xr-x 2 maxwoo rhstar  4096 May 22 08:48 INPUTFILES
drwxr-xr-x 2 maxwoo rhstar  4096 May 22 03:09 lib
  *******************************************
  *                                         *
  *        W E L C O M E  to  R O O T       *
  *                                         *
  *   Version   5.34/38     12 March 2018   *
  *                                         *
  *  You are welcome to visit our Web site  *
  *          http://root.cern.ch            *
  *                                         *
  *******************************************

ROOT 5.34/38 (v5-34-38@v5-34-38, Mar 12 2018, 15:49:39 on linux)

CINT/ROOT C/C++ Interpreter version 5.18.00, July 2, 2010
Type ? for help. Commands must be C++ statements.
Enclose multiple statements between { }.
*** Float Point Exception is OFF ***
 *** Start at Date : Sun May 22 08:48:39 2022
QAInfo:You are using STAR_LEVEL : dev, ROOT_LEVEL : 5.34.38 and node : rcas2029.rcf.bnl.gov 

Processing check.C++("/tmp/maxwoo/5FA1B5AA0AE33B130B3DEAFCFA470335_271/INPUTFILES/5FA1B5AA0AE33B130B3DEAFCFA470335_271.local.list","5FA1B5AA0AE33B130B3DEAFCFA470335_271",1)...

This is the end of ROOT -- Goodbye

Cleaning up sandbox file:  /tmp/maxwoo/5FA1B5AA0AE33B130B3DEAFCFA470335_271/check.C
Cleaning up sandbox file:  /tmp/maxwoo/5FA1B5AA0AE33B130B3DEAFCFA470335_271/Check_Cf.C
Cleaning up sandbox file:  /tmp/maxwoo/5FA1B5AA0AE33B130B3DEAFCFA470335_271/lib
Cleaning up sandbox file:  /tmp/maxwoo/5FA1B5AA0AE33B130B3DEAFCFA470335_271/.sandboxFiles
Error: Scheduler could not find any files in $SCRATCH matching your <output> tag fromScratch value: *.root 
22846 Execution of (/star/data01/pwg/xiatong/git/strangeness/script/sched5FA1B5AA0AE33B130B3DEAFCFA470335_271.csh ) has ended, exiting normally
22846 We END on [Sun May 22 08:48:42 EDT 2022]
