We are starting on node: rcas2021.rcf.bnl.gov
HOME is not defined
Using getent method
HOME is now /star/u/maxwoo
232864 We will spawn ourselves (/star/data01/pwg/xiatong/git/strangeness/script/sched5FA1B5AA0AE33B130B3DEAFCFA470335_981.csh )
232864 We BEGIN on [Sun May 22 08:35:41 EDT 2022]
[1] 233224
232864 We are waiting for 233224 
233224 Stepping into the main SUMS wrapper program with []
Archive:  /star/data01/pwg/xiatong/git/strangeness/package.zip
  inflating: /tmp/maxwoo/5FA1B5AA0AE33B130B3DEAFCFA470335_981/Check_Cf.C  
  inflating: /tmp/maxwoo/5FA1B5AA0AE33B130B3DEAFCFA470335_981/check.C  
   creating: /tmp/maxwoo/5FA1B5AA0AE33B130B3DEAFCFA470335_981/lib/
  inflating: /tmp/maxwoo/5FA1B5AA0AE33B130B3DEAFCFA470335_981/lib/CenMaker.cpp  
  inflating: /tmp/maxwoo/5FA1B5AA0AE33B130B3DEAFCFA470335_981/lib/CenMaker_cpp_ACLiC_dict_rdict.pcm  
  inflating: /tmp/maxwoo/5FA1B5AA0AE33B130B3DEAFCFA470335_981/lib/CenMaker_cpp.d  
  inflating: /tmp/maxwoo/5FA1B5AA0AE33B130B3DEAFCFA470335_981/lib/CenMaker_cpp.so  
  inflating: /tmp/maxwoo/5FA1B5AA0AE33B130B3DEAFCFA470335_981/lib/CenMaker.h  
  inflating: /tmp/maxwoo/5FA1B5AA0AE33B130B3DEAFCFA470335_981/lib/MixedBuffer.cpp  
  inflating: /tmp/maxwoo/5FA1B5AA0AE33B130B3DEAFCFA470335_981/lib/MixedBuffer_cpp_ACLiC_dict_rdict.pcm  
  inflating: /tmp/maxwoo/5FA1B5AA0AE33B130B3DEAFCFA470335_981/lib/MixedBuffer_cpp.d  
  inflating: /tmp/maxwoo/5FA1B5AA0AE33B130B3DEAFCFA470335_981/lib/MixedBuffer_cpp.so  
  inflating: /tmp/maxwoo/5FA1B5AA0AE33B130B3DEAFCFA470335_981/lib/MixedBuffer.h  
  inflating: /tmp/maxwoo/5FA1B5AA0AE33B130B3DEAFCFA470335_981/lib/my_event.cpp  
  inflating: /tmp/maxwoo/5FA1B5AA0AE33B130B3DEAFCFA470335_981/lib/my_event_cpp_ACLiC_dict_rdict.pcm  
  inflating: /tmp/maxwoo/5FA1B5AA0AE33B130B3DEAFCFA470335_981/lib/my_event_cpp.d  
  inflating: /tmp/maxwoo/5FA1B5AA0AE33B130B3DEAFCFA470335_981/lib/my_event_cpp.so  
  inflating: /tmp/maxwoo/5FA1B5AA0AE33B130B3DEAFCFA470335_981/lib/my_event.h  
  inflating: /tmp/maxwoo/5FA1B5AA0AE33B130B3DEAFCFA470335_981/lib/my_particle.cpp  
  inflating: /tmp/maxwoo/5FA1B5AA0AE33B130B3DEAFCFA470335_981/lib/my_particle_cpp_ACLiC_dict_rdict.pcm  
  inflating: /tmp/maxwoo/5FA1B5AA0AE33B130B3DEAFCFA470335_981/lib/my_particle_cpp.d  
  inflating: /tmp/maxwoo/5FA1B5AA0AE33B130B3DEAFCFA470335_981/lib/my_particle_cpp.so  
  inflating: /tmp/maxwoo/5FA1B5AA0AE33B130B3DEAFCFA470335_981/lib/my_particle.h  
  inflating: /tmp/maxwoo/5FA1B5AA0AE33B130B3DEAFCFA470335_981/lib/NpartNormalizer.cpp  
  inflating: /tmp/maxwoo/5FA1B5AA0AE33B130B3DEAFCFA470335_981/lib/NpartNormalizer_cpp_ACLiC_dict_rdict.pcm  
  inflating: /tmp/maxwoo/5FA1B5AA0AE33B130B3DEAFCFA470335_981/lib/NpartNormalizer_cpp.d  
  inflating: /tmp/maxwoo/5FA1B5AA0AE33B130B3DEAFCFA470335_981/lib/NpartNormalizer_cpp.so  
  inflating: /tmp/maxwoo/5FA1B5AA0AE33B130B3DEAFCFA470335_981/lib/NpartNormalizer.h  
Running: cp /star/data01/pwg/xiatong/AMPT/14GeV/data_325845481.root /tmp/maxwoo/5FA1B5AA0AE33B130B3DEAFCFA470335_981/INPUTFILES/data_325845481.root
Running: cp /star/data01/pwg/xiatong/AMPT/14GeV/data_325845491.root /tmp/maxwoo/5FA1B5AA0AE33B130B3DEAFCFA470335_981/INPUTFILES/data_325845491.root
Running: cp /star/data01/pwg/xiatong/AMPT/14GeV/data_325845501.root /tmp/maxwoo/5FA1B5AA0AE33B130B3DEAFCFA470335_981/INPUTFILES/data_325845501.root
Running: cp /star/data01/pwg/xiatong/AMPT/14GeV/data_325845511.root /tmp/maxwoo/5FA1B5AA0AE33B130B3DEAFCFA470335_981/INPUTFILES/data_325845511.root
Running: cp /star/data01/pwg/xiatong/AMPT/14GeV/data_325845521.root /tmp/maxwoo/5FA1B5AA0AE33B130B3DEAFCFA470335_981/INPUTFILES/data_325845521.root
Running: cp /star/data01/pwg/xiatong/AMPT/14GeV/data_325845531.root /tmp/maxwoo/5FA1B5AA0AE33B130B3DEAFCFA470335_981/INPUTFILES/data_325845531.root
Running: cp /star/data01/pwg/xiatong/AMPT/14GeV/data_325845541.root /tmp/maxwoo/5FA1B5AA0AE33B130B3DEAFCFA470335_981/INPUTFILES/data_325845541.root
Running: cp /star/data01/pwg/xiatong/AMPT/14GeV/data_325846841.root /tmp/maxwoo/5FA1B5AA0AE33B130B3DEAFCFA470335_981/INPUTFILES/data_325846841.root
Running: cp /star/data01/pwg/xiatong/AMPT/14GeV/data_325846851.root /tmp/maxwoo/5FA1B5AA0AE33B130B3DEAFCFA470335_981/INPUTFILES/data_325846851.root
Running: cp /star/data01/pwg/xiatong/AMPT/14GeV/data_325945431.root /tmp/maxwoo/5FA1B5AA0AE33B130B3DEAFCFA470335_981/INPUTFILES/data_325945431.root
Running: cp /star/data01/pwg/xiatong/AMPT/14GeV/data_325945441.root /tmp/maxwoo/5FA1B5AA0AE33B130B3DEAFCFA470335_981/INPUTFILES/data_325945441.root
Running: cp /star/data01/pwg/xiatong/AMPT/14GeV/data_325945451.root /tmp/maxwoo/5FA1B5AA0AE33B130B3DEAFCFA470335_981/INPUTFILES/data_325945451.root
Running: cp /star/data01/pwg/xiatong/AMPT/14GeV/data_325945461.root /tmp/maxwoo/5FA1B5AA0AE33B130B3DEAFCFA470335_981/INPUTFILES/data_325945461.root
Running: cp /star/data01/pwg/xiatong/AMPT/14GeV/data_325945471.root /tmp/maxwoo/5FA1B5AA0AE33B130B3DEAFCFA470335_981/INPUTFILES/data_325945471.root
Running: cp /star/data01/pwg/xiatong/AMPT/14GeV/data_325946791.root /tmp/maxwoo/5FA1B5AA0AE33B130B3DEAFCFA470335_981/INPUTFILES/data_325946791.root
Running: cp /star/data01/pwg/xiatong/AMPT/14GeV/data_325946821.root /tmp/maxwoo/5FA1B5AA0AE33B130B3DEAFCFA470335_981/INPUTFILES/data_325946821.root
Running: cp /star/data01/pwg/xiatong/AMPT/14GeV/data_325946831.root /tmp/maxwoo/5FA1B5AA0AE33B130B3DEAFCFA470335_981/INPUTFILES/data_325946831.root
Running: cp /star/data01/pwg/xiatong/AMPT/14GeV/data_326045361.root /tmp/maxwoo/5FA1B5AA0AE33B130B3DEAFCFA470335_981/INPUTFILES/data_326045361.root
Running: cp /star/data01/pwg/xiatong/AMPT/14GeV/data_326045371.root /tmp/maxwoo/5FA1B5AA0AE33B130B3DEAFCFA470335_981/INPUTFILES/data_326045371.root
Running: cp /star/data01/pwg/xiatong/AMPT/14GeV/data_326045381.root /tmp/maxwoo/5FA1B5AA0AE33B130B3DEAFCFA470335_981/INPUTFILES/data_326045381.root
Running: cp /star/data01/pwg/xiatong/AMPT/14GeV/data_326045391.root /tmp/maxwoo/5FA1B5AA0AE33B130B3DEAFCFA470335_981/INPUTFILES/data_326045391.root
Running: cp /star/data01/pwg/xiatong/AMPT/14GeV/data_326045401.root /tmp/maxwoo/5FA1B5AA0AE33B130B3DEAFCFA470335_981/INPUTFILES/data_326045401.root
Running: cp /star/data01/pwg/xiatong/AMPT/14GeV/data_326045411.root /tmp/maxwoo/5FA1B5AA0AE33B130B3DEAFCFA470335_981/INPUTFILES/data_326045411.root
Running: cp /star/data01/pwg/xiatong/AMPT/14GeV/data_326045421.root /tmp/maxwoo/5FA1B5AA0AE33B130B3DEAFCFA470335_981/INPUTFILES/data_326045421.root
Running: cp /star/data01/pwg/xiatong/AMPT/14GeV/data_326045761.root /tmp/maxwoo/5FA1B5AA0AE33B130B3DEAFCFA470335_981/INPUTFILES/data_326045761.root
Running: cp /star/data01/pwg/xiatong/AMPT/14GeV/data_326046701.root /tmp/maxwoo/5FA1B5AA0AE33B130B3DEAFCFA470335_981/INPUTFILES/data_326046701.root
Running: cp /star/data01/pwg/xiatong/AMPT/14GeV/data_326046711.root /tmp/maxwoo/5FA1B5AA0AE33B130B3DEAFCFA470335_981/INPUTFILES/data_326046711.root
Running: cp /star/data01/pwg/xiatong/AMPT/14GeV/data_326046741.root /tmp/maxwoo/5FA1B5AA0AE33B130B3DEAFCFA470335_981/INPUTFILES/data_326046741.root
Running: cp /star/data01/pwg/xiatong/AMPT/14GeV/data_326046751.root /tmp/maxwoo/5FA1B5AA0AE33B130B3DEAFCFA470335_981/INPUTFILES/data_326046751.root
Running: cp /star/data01/pwg/xiatong/AMPT/14GeV/data_326046761.root /tmp/maxwoo/5FA1B5AA0AE33B130B3DEAFCFA470335_981/INPUTFILES/data_326046761.root
Running: cp /star/data01/pwg/xiatong/AMPT/14GeV/data_326046771.root /tmp/maxwoo/5FA1B5AA0AE33B130B3DEAFCFA470335_981/INPUTFILES/data_326046771.root
Running: cp /star/data01/pwg/xiatong/AMPT/14GeV/data_326046891.root /tmp/maxwoo/5FA1B5AA0AE33B130B3DEAFCFA470335_981/INPUTFILES/data_326046891.root
Running: cp /star/data01/pwg/xiatong/AMPT/14GeV/data_326047311.root /tmp/maxwoo/5FA1B5AA0AE33B130B3DEAFCFA470335_981/INPUTFILES/data_326047311.root
Running: cp /star/data01/pwg/xiatong/AMPT/14GeV/data_326116191.root /tmp/maxwoo/5FA1B5AA0AE33B130B3DEAFCFA470335_981/INPUTFILES/data_326116191.root
Running: cp /star/data01/pwg/xiatong/AMPT/14GeV/data_326125441.root /tmp/maxwoo/5FA1B5AA0AE33B130B3DEAFCFA470335_981/INPUTFILES/data_326125441.root
Running: cp /star/data01/pwg/xiatong/AMPT/14GeV/data_326132781.root /tmp/maxwoo/5FA1B5AA0AE33B130B3DEAFCFA470335_981/INPUTFILES/data_326132781.root
Running: cp /star/data01/pwg/xiatong/AMPT/14GeV/data_326145291.root /tmp/maxwoo/5FA1B5AA0AE33B130B3DEAFCFA470335_981/INPUTFILES/data_326145291.root
Swapping $FILELIST with: /tmp/maxwoo/5FA1B5AA0AE33B130B3DEAFCFA470335_981/INPUTFILES/5FA1B5AA0AE33B130B3DEAFCFA470335_981.local.list
+++++++++++local copy debug++++++++++++++++++++
newFileList: /tmp/maxwoo/5FA1B5AA0AE33B130B3DEAFCFA470335_981/INPUTFILES/5FA1B5AA0AE33B130B3DEAFCFA470335_981.local.list
++++++++++++++++cat FILELIST+++++++++++++++++++
/tmp/maxwoo/5FA1B5AA0AE33B130B3DEAFCFA470335_981/INPUTFILES/data_325845481.root 
/tmp/maxwoo/5FA1B5AA0AE33B130B3DEAFCFA470335_981/INPUTFILES/data_325845491.root 
/tmp/maxwoo/5FA1B5AA0AE33B130B3DEAFCFA470335_981/INPUTFILES/data_325845501.root 
/tmp/maxwoo/5FA1B5AA0AE33B130B3DEAFCFA470335_981/INPUTFILES/data_325845511.root 
/tmp/maxwoo/5FA1B5AA0AE33B130B3DEAFCFA470335_981/INPUTFILES/data_325845521.root 
/tmp/maxwoo/5FA1B5AA0AE33B130B3DEAFCFA470335_981/INPUTFILES/data_325845531.root 
/tmp/maxwoo/5FA1B5AA0AE33B130B3DEAFCFA470335_981/INPUTFILES/data_325845541.root 
/tmp/maxwoo/5FA1B5AA0AE33B130B3DEAFCFA470335_981/INPUTFILES/data_325846841.root 
/tmp/maxwoo/5FA1B5AA0AE33B130B3DEAFCFA470335_981/INPUTFILES/data_325846851.root 
/tmp/maxwoo/5FA1B5AA0AE33B130B3DEAFCFA470335_981/INPUTFILES/data_325945431.root 
/tmp/maxwoo/5FA1B5AA0AE33B130B3DEAFCFA470335_981/INPUTFILES/data_325945441.root 
/tmp/maxwoo/5FA1B5AA0AE33B130B3DEAFCFA470335_981/INPUTFILES/data_325945451.root 
/tmp/maxwoo/5FA1B5AA0AE33B130B3DEAFCFA470335_981/INPUTFILES/data_325945461.root 
/tmp/maxwoo/5FA1B5AA0AE33B130B3DEAFCFA470335_981/INPUTFILES/data_325945471.root 
/tmp/maxwoo/5FA1B5AA0AE33B130B3DEAFCFA470335_981/INPUTFILES/data_325946791.root 
/tmp/maxwoo/5FA1B5AA0AE33B130B3DEAFCFA470335_981/INPUTFILES/data_325946821.root 
/tmp/maxwoo/5FA1B5AA0AE33B130B3DEAFCFA470335_981/INPUTFILES/data_325946831.root 
/tmp/maxwoo/5FA1B5AA0AE33B130B3DEAFCFA470335_981/INPUTFILES/data_326045361.root 
/tmp/maxwoo/5FA1B5AA0AE33B130B3DEAFCFA470335_981/INPUTFILES/data_326045371.root 
/tmp/maxwoo/5FA1B5AA0AE33B130B3DEAFCFA470335_981/INPUTFILES/data_326045381.root 
/tmp/maxwoo/5FA1B5AA0AE33B130B3DEAFCFA470335_981/INPUTFILES/data_326045391.root 
/tmp/maxwoo/5FA1B5AA0AE33B130B3DEAFCFA470335_981/INPUTFILES/data_326045401.root 
/tmp/maxwoo/5FA1B5AA0AE33B130B3DEAFCFA470335_981/INPUTFILES/data_326045411.root 
/tmp/maxwoo/5FA1B5AA0AE33B130B3DEAFCFA470335_981/INPUTFILES/data_326045421.root 
/tmp/maxwoo/5FA1B5AA0AE33B130B3DEAFCFA470335_981/INPUTFILES/data_326045761.root 
/tmp/maxwoo/5FA1B5AA0AE33B130B3DEAFCFA470335_981/INPUTFILES/data_326046701.root 
/tmp/maxwoo/5FA1B5AA0AE33B130B3DEAFCFA470335_981/INPUTFILES/data_326046711.root 
/tmp/maxwoo/5FA1B5AA0AE33B130B3DEAFCFA470335_981/INPUTFILES/data_326046741.root 
/tmp/maxwoo/5FA1B5AA0AE33B130B3DEAFCFA470335_981/INPUTFILES/data_326046751.root 
/tmp/maxwoo/5FA1B5AA0AE33B130B3DEAFCFA470335_981/INPUTFILES/data_326046761.root 
/tmp/maxwoo/5FA1B5AA0AE33B130B3DEAFCFA470335_981/INPUTFILES/data_326046771.root 
/tmp/maxwoo/5FA1B5AA0AE33B130B3DEAFCFA470335_981/INPUTFILES/data_326046891.root 
/tmp/maxwoo/5FA1B5AA0AE33B130B3DEAFCFA470335_981/INPUTFILES/data_326047311.root 
/tmp/maxwoo/5FA1B5AA0AE33B130B3DEAFCFA470335_981/INPUTFILES/data_326116191.root 
/tmp/maxwoo/5FA1B5AA0AE33B130B3DEAFCFA470335_981/INPUTFILES/data_326125441.root 
/tmp/maxwoo/5FA1B5AA0AE33B130B3DEAFCFA470335_981/INPUTFILES/data_326132781.root 
/tmp/maxwoo/5FA1B5AA0AE33B130B3DEAFCFA470335_981/INPUTFILES/data_326145291.root 
++++++++++++++++++++find.++++++++++++++++++++++
.
./.errror.log
./.output.log
./Check_Cf.C
./check.C
./lib
./lib/CenMaker.cpp
./lib/CenMaker_cpp_ACLiC_dict_rdict.pcm
./lib/CenMaker_cpp.d
./lib/CenMaker_cpp.so
./lib/CenMaker.h
./lib/MixedBuffer.cpp
./lib/MixedBuffer_cpp_ACLiC_dict_rdict.pcm
./lib/MixedBuffer_cpp.d
./lib/MixedBuffer_cpp.so
./lib/MixedBuffer.h
./lib/my_event.cpp
./lib/my_event_cpp_ACLiC_dict_rdict.pcm
./lib/my_event_cpp.d
./lib/my_event_cpp.so
./lib/my_event.h
./lib/my_particle.cpp
./lib/my_particle_cpp_ACLiC_dict_rdict.pcm
./lib/my_particle_cpp.d
./lib/my_particle_cpp.so
./lib/my_particle.h
./lib/NpartNormalizer.cpp
./lib/NpartNormalizer_cpp_ACLiC_dict_rdict.pcm
./lib/NpartNormalizer_cpp.d
./lib/NpartNormalizer_cpp.so
./lib/NpartNormalizer.h
./.sandboxFiles
./INPUTFILES
./INPUTFILES/5FA1B5AA0AE33B130B3DEAFCFA470335_981.local.list
./INPUTFILES/data_325845481.root
./INPUTFILES/data_325845491.root
./INPUTFILES/data_325845501.root
./INPUTFILES/data_325845511.root
./INPUTFILES/data_325845521.root
./INPUTFILES/data_325845531.root
./INPUTFILES/data_325845541.root
./INPUTFILES/data_325846841.root
./INPUTFILES/data_325846851.root
./INPUTFILES/data_325945431.root
./INPUTFILES/data_325945441.root
./INPUTFILES/data_325945451.root
./INPUTFILES/data_325945461.root
./INPUTFILES/data_325945471.root
./INPUTFILES/data_325946791.root
./INPUTFILES/data_325946821.root
./INPUTFILES/data_325946831.root
./INPUTFILES/data_326045361.root
./INPUTFILES/data_326045371.root
./INPUTFILES/data_326045381.root
./INPUTFILES/data_326045391.root
./INPUTFILES/data_326045401.root
./INPUTFILES/data_326045411.root
./INPUTFILES/data_326045421.root
./INPUTFILES/data_326045761.root
./INPUTFILES/data_326046701.root
./INPUTFILES/data_326046711.root
./INPUTFILES/data_326046741.root
./INPUTFILES/data_326046751.root
./INPUTFILES/data_326046761.root
./INPUTFILES/data_326046771.root
./INPUTFILES/data_326046891.root
./INPUTFILES/data_326047311.root
./INPUTFILES/data_326116191.root
./INPUTFILES/data_326125441.root
./INPUTFILES/data_326132781.root
./INPUTFILES/data_326145291.root
++++++++++++++++INPUTFILE Var++++++++++++++++++
FILELIST=/tmp/maxwoo/5FA1B5AA0AE33B130B3DEAFCFA470335_981/INPUTFILES/5FA1B5AA0AE33B130B3DEAFCFA470335_981.local.list
INPUTFILECOUNT=37
INPUTFILE0=/tmp/maxwoo/5FA1B5AA0AE33B130B3DEAFCFA470335_981/INPUTFILES/data_325845481.root
INPUTFILE1=/tmp/maxwoo/5FA1B5AA0AE33B130B3DEAFCFA470335_981/INPUTFILES/data_325845491.root
INPUTFILE2=/tmp/maxwoo/5FA1B5AA0AE33B130B3DEAFCFA470335_981/INPUTFILES/data_325845501.root
INPUTFILE3=/tmp/maxwoo/5FA1B5AA0AE33B130B3DEAFCFA470335_981/INPUTFILES/data_325845511.root
INPUTFILE4=/tmp/maxwoo/5FA1B5AA0AE33B130B3DEAFCFA470335_981/INPUTFILES/data_325845521.root
INPUTFILE5=/tmp/maxwoo/5FA1B5AA0AE33B130B3DEAFCFA470335_981/INPUTFILES/data_325845531.root
INPUTFILE6=/tmp/maxwoo/5FA1B5AA0AE33B130B3DEAFCFA470335_981/INPUTFILES/data_325845541.root
INPUTFILE7=/tmp/maxwoo/5FA1B5AA0AE33B130B3DEAFCFA470335_981/INPUTFILES/data_325846841.root
INPUTFILE8=/tmp/maxwoo/5FA1B5AA0AE33B130B3DEAFCFA470335_981/INPUTFILES/data_325846851.root
INPUTFILE9=/tmp/maxwoo/5FA1B5AA0AE33B130B3DEAFCFA470335_981/INPUTFILES/data_325945431.root
INPUTFILE10=/tmp/maxwoo/5FA1B5AA0AE33B130B3DEAFCFA470335_981/INPUTFILES/data_325945441.root
INPUTFILE11=/tmp/maxwoo/5FA1B5AA0AE33B130B3DEAFCFA470335_981/INPUTFILES/data_325945451.root
INPUTFILE12=/tmp/maxwoo/5FA1B5AA0AE33B130B3DEAFCFA470335_981/INPUTFILES/data_325945461.root
INPUTFILE13=/tmp/maxwoo/5FA1B5AA0AE33B130B3DEAFCFA470335_981/INPUTFILES/data_325945471.root
INPUTFILE14=/tmp/maxwoo/5FA1B5AA0AE33B130B3DEAFCFA470335_981/INPUTFILES/data_325946791.root
INPUTFILE15=/tmp/maxwoo/5FA1B5AA0AE33B130B3DEAFCFA470335_981/INPUTFILES/data_325946821.root
INPUTFILE16=/tmp/maxwoo/5FA1B5AA0AE33B130B3DEAFCFA470335_981/INPUTFILES/data_325946831.root
INPUTFILE17=/tmp/maxwoo/5FA1B5AA0AE33B130B3DEAFCFA470335_981/INPUTFILES/data_326045361.root
INPUTFILE18=/tmp/maxwoo/5FA1B5AA0AE33B130B3DEAFCFA470335_981/INPUTFILES/data_326045371.root
INPUTFILE19=/tmp/maxwoo/5FA1B5AA0AE33B130B3DEAFCFA470335_981/INPUTFILES/data_326045381.root
INPUTFILE20=/tmp/maxwoo/5FA1B5AA0AE33B130B3DEAFCFA470335_981/INPUTFILES/data_326045391.root
INPUTFILE21=/tmp/maxwoo/5FA1B5AA0AE33B130B3DEAFCFA470335_981/INPUTFILES/data_326045401.root
INPUTFILE22=/tmp/maxwoo/5FA1B5AA0AE33B130B3DEAFCFA470335_981/INPUTFILES/data_326045411.root
INPUTFILE23=/tmp/maxwoo/5FA1B5AA0AE33B130B3DEAFCFA470335_981/INPUTFILES/data_326045421.root
INPUTFILE24=/tmp/maxwoo/5FA1B5AA0AE33B130B3DEAFCFA470335_981/INPUTFILES/data_326045761.root
INPUTFILE25=/tmp/maxwoo/5FA1B5AA0AE33B130B3DEAFCFA470335_981/INPUTFILES/data_326046701.root
INPUTFILE26=/tmp/maxwoo/5FA1B5AA0AE33B130B3DEAFCFA470335_981/INPUTFILES/data_326046711.root
INPUTFILE27=/tmp/maxwoo/5FA1B5AA0AE33B130B3DEAFCFA470335_981/INPUTFILES/data_326046741.root
INPUTFILE28=/tmp/maxwoo/5FA1B5AA0AE33B130B3DEAFCFA470335_981/INPUTFILES/data_326046751.root
INPUTFILE29=/tmp/maxwoo/5FA1B5AA0AE33B130B3DEAFCFA470335_981/INPUTFILES/data_326046761.root
INPUTFILE30=/tmp/maxwoo/5FA1B5AA0AE33B130B3DEAFCFA470335_981/INPUTFILES/data_326046771.root
INPUTFILE31=/tmp/maxwoo/5FA1B5AA0AE33B130B3DEAFCFA470335_981/INPUTFILES/data_326046891.root
INPUTFILE32=/tmp/maxwoo/5FA1B5AA0AE33B130B3DEAFCFA470335_981/INPUTFILES/data_326047311.root
INPUTFILE33=/tmp/maxwoo/5FA1B5AA0AE33B130B3DEAFCFA470335_981/INPUTFILES/data_326116191.root
INPUTFILE34=/tmp/maxwoo/5FA1B5AA0AE33B130B3DEAFCFA470335_981/INPUTFILES/data_326125441.root
INPUTFILE35=/tmp/maxwoo/5FA1B5AA0AE33B130B3DEAFCFA470335_981/INPUTFILES/data_326132781.root
INPUTFILE36=/tmp/maxwoo/5FA1B5AA0AE33B130B3DEAFCFA470335_981/INPUTFILES/data_326145291.root
LocalInputFileDir=/tmp/maxwoo/5FA1B5AA0AE33B130B3DEAFCFA470335_981/INPUTFILES
NewFILELIST=/tmp/maxwoo/5FA1B5AA0AE33B130B3DEAFCFA470335_981/INPUTFILES/5FA1B5AA0AE33B130B3DEAFCFA470335_981.local.list
+++++++++++++++++++++++++++++++++++++++++++++++
--------------------------------
Simple Unified Meta Scheduler 1.10.50 we are starting in $SCRATCH : /home/tmp/maxwoo/5FA1B5AA0AE33B130B3DEAFCFA470335_981
--------------------------------
total 44
-rw-r--r-- 1 maxwoo rhstar   656 Apr  4 01:57 check.C
-rw-r--r-- 1 maxwoo rhstar 29351 May 22 02:49 Check_Cf.C
drwxr-xr-x 2 maxwoo rhstar  4096 May 22 08:35 INPUTFILES
drwxr-xr-x 2 maxwoo rhstar  4096 May 22 03:09 lib
  *******************************************
  *                                         *
  *        W E L C O M E  to  R O O T       *
  *                                         *
  *   Version   5.34/38     12 March 2018   *
  *                                         *
  *  You are welcome to visit our Web site  *
  *          http://root.cern.ch            *
  *                                         *
  *******************************************

ROOT 5.34/38 (v5-34-38@v5-34-38, Mar 12 2018, 15:49:39 on linux)

CINT/ROOT C/C++ Interpreter version 5.18.00, July 2, 2010
Type ? for help. Commands must be C++ statements.
Enclose multiple statements between { }.
*** Float Point Exception is OFF ***
 *** Start at Date : Sun May 22 08:35:46 2022
QAInfo:You are using STAR_LEVEL : dev, ROOT_LEVEL : 5.34.38 and node : rcas2021.rcf.bnl.gov 

Processing check.C++("/tmp/maxwoo/5FA1B5AA0AE33B130B3DEAFCFA470335_981/INPUTFILES/5FA1B5AA0AE33B130B3DEAFCFA470335_981.local.list","5FA1B5AA0AE33B130B3DEAFCFA470335_981",1)...

This is the end of ROOT -- Goodbye

Cleaning up sandbox file:  /tmp/maxwoo/5FA1B5AA0AE33B130B3DEAFCFA470335_981/check.C
Cleaning up sandbox file:  /tmp/maxwoo/5FA1B5AA0AE33B130B3DEAFCFA470335_981/Check_Cf.C
Cleaning up sandbox file:  /tmp/maxwoo/5FA1B5AA0AE33B130B3DEAFCFA470335_981/lib
Cleaning up sandbox file:  /tmp/maxwoo/5FA1B5AA0AE33B130B3DEAFCFA470335_981/.sandboxFiles
Error: Scheduler could not find any files in $SCRATCH matching your <output> tag fromScratch value: *.root 
232864 Execution of (/star/data01/pwg/xiatong/git/strangeness/script/sched5FA1B5AA0AE33B130B3DEAFCFA470335_981.csh ) has ended, exiting normally
232864 We END on [Sun May 22 08:35:48 EDT 2022]
