We are starting on node: rcas2027.rcf.bnl.gov
HOME is not defined
Using getent method
HOME is now /star/u/maxwoo
380137 We will spawn ourselves (/star/data01/pwg/xiatong/git/strangeness/script/sched5FA1B5AA0AE33B130B3DEAFCFA470335_562.csh )
380137 We BEGIN on [Sun May 22 08:45:28 EDT 2022]
[1] 380547
380137 We are waiting for 380547 
380547 Stepping into the main SUMS wrapper program with []
Archive:  /star/data01/pwg/xiatong/git/strangeness/package.zip
  inflating: /tmp/maxwoo/5FA1B5AA0AE33B130B3DEAFCFA470335_562/Check_Cf.C  
  inflating: /tmp/maxwoo/5FA1B5AA0AE33B130B3DEAFCFA470335_562/check.C  
   creating: /tmp/maxwoo/5FA1B5AA0AE33B130B3DEAFCFA470335_562/lib/
  inflating: /tmp/maxwoo/5FA1B5AA0AE33B130B3DEAFCFA470335_562/lib/CenMaker.cpp  
  inflating: /tmp/maxwoo/5FA1B5AA0AE33B130B3DEAFCFA470335_562/lib/CenMaker_cpp_ACLiC_dict_rdict.pcm  
  inflating: /tmp/maxwoo/5FA1B5AA0AE33B130B3DEAFCFA470335_562/lib/CenMaker_cpp.d  
  inflating: /tmp/maxwoo/5FA1B5AA0AE33B130B3DEAFCFA470335_562/lib/CenMaker_cpp.so  
  inflating: /tmp/maxwoo/5FA1B5AA0AE33B130B3DEAFCFA470335_562/lib/CenMaker.h  
  inflating: /tmp/maxwoo/5FA1B5AA0AE33B130B3DEAFCFA470335_562/lib/MixedBuffer.cpp  
  inflating: /tmp/maxwoo/5FA1B5AA0AE33B130B3DEAFCFA470335_562/lib/MixedBuffer_cpp_ACLiC_dict_rdict.pcm  
  inflating: /tmp/maxwoo/5FA1B5AA0AE33B130B3DEAFCFA470335_562/lib/MixedBuffer_cpp.d  
  inflating: /tmp/maxwoo/5FA1B5AA0AE33B130B3DEAFCFA470335_562/lib/MixedBuffer_cpp.so  
  inflating: /tmp/maxwoo/5FA1B5AA0AE33B130B3DEAFCFA470335_562/lib/MixedBuffer.h  
  inflating: /tmp/maxwoo/5FA1B5AA0AE33B130B3DEAFCFA470335_562/lib/my_event.cpp  
  inflating: /tmp/maxwoo/5FA1B5AA0AE33B130B3DEAFCFA470335_562/lib/my_event_cpp_ACLiC_dict_rdict.pcm  
  inflating: /tmp/maxwoo/5FA1B5AA0AE33B130B3DEAFCFA470335_562/lib/my_event_cpp.d  
  inflating: /tmp/maxwoo/5FA1B5AA0AE33B130B3DEAFCFA470335_562/lib/my_event_cpp.so  
  inflating: /tmp/maxwoo/5FA1B5AA0AE33B130B3DEAFCFA470335_562/lib/my_event.h  
  inflating: /tmp/maxwoo/5FA1B5AA0AE33B130B3DEAFCFA470335_562/lib/my_particle.cpp  
  inflating: /tmp/maxwoo/5FA1B5AA0AE33B130B3DEAFCFA470335_562/lib/my_particle_cpp_ACLiC_dict_rdict.pcm  
  inflating: /tmp/maxwoo/5FA1B5AA0AE33B130B3DEAFCFA470335_562/lib/my_particle_cpp.d  
  inflating: /tmp/maxwoo/5FA1B5AA0AE33B130B3DEAFCFA470335_562/lib/my_particle_cpp.so  
  inflating: /tmp/maxwoo/5FA1B5AA0AE33B130B3DEAFCFA470335_562/lib/my_particle.h  
  inflating: /tmp/maxwoo/5FA1B5AA0AE33B130B3DEAFCFA470335_562/lib/NpartNormalizer.cpp  
  inflating: /tmp/maxwoo/5FA1B5AA0AE33B130B3DEAFCFA470335_562/lib/NpartNormalizer_cpp_ACLiC_dict_rdict.pcm  
  inflating: /tmp/maxwoo/5FA1B5AA0AE33B130B3DEAFCFA470335_562/lib/NpartNormalizer_cpp.d  
  inflating: /tmp/maxwoo/5FA1B5AA0AE33B130B3DEAFCFA470335_562/lib/NpartNormalizer_cpp.so  
  inflating: /tmp/maxwoo/5FA1B5AA0AE33B130B3DEAFCFA470335_562/lib/NpartNormalizer.h  
Running: cp /star/data01/pwg/xiatong/AMPT/14GeV/data_233025051.root /tmp/maxwoo/5FA1B5AA0AE33B130B3DEAFCFA470335_562/INPUTFILES/data_233025051.root
Running: cp /star/data01/pwg/xiatong/AMPT/14GeV/data_233041021.root /tmp/maxwoo/5FA1B5AA0AE33B130B3DEAFCFA470335_562/INPUTFILES/data_233041021.root
Running: cp /star/data01/pwg/xiatong/AMPT/14GeV/data_233054971.root /tmp/maxwoo/5FA1B5AA0AE33B130B3DEAFCFA470335_562/INPUTFILES/data_233054971.root
Running: cp /star/data01/pwg/xiatong/AMPT/14GeV/data_233054981.root /tmp/maxwoo/5FA1B5AA0AE33B130B3DEAFCFA470335_562/INPUTFILES/data_233054981.root
Running: cp /star/data01/pwg/xiatong/AMPT/14GeV/data_233055021.root /tmp/maxwoo/5FA1B5AA0AE33B130B3DEAFCFA470335_562/INPUTFILES/data_233055021.root
Running: cp /star/data01/pwg/xiatong/AMPT/14GeV/data_233055031.root /tmp/maxwoo/5FA1B5AA0AE33B130B3DEAFCFA470335_562/INPUTFILES/data_233055031.root
Running: cp /star/data01/pwg/xiatong/AMPT/14GeV/data_233055041.root /tmp/maxwoo/5FA1B5AA0AE33B130B3DEAFCFA470335_562/INPUTFILES/data_233055041.root
Running: cp /star/data01/pwg/xiatong/AMPT/14GeV/data_233064931.root /tmp/maxwoo/5FA1B5AA0AE33B130B3DEAFCFA470335_562/INPUTFILES/data_233064931.root
Running: cp /star/data01/pwg/xiatong/AMPT/14GeV/data_233064941.root /tmp/maxwoo/5FA1B5AA0AE33B130B3DEAFCFA470335_562/INPUTFILES/data_233064941.root
Running: cp /star/data01/pwg/xiatong/AMPT/14GeV/data_233064951.root /tmp/maxwoo/5FA1B5AA0AE33B130B3DEAFCFA470335_562/INPUTFILES/data_233064951.root
Running: cp /star/data01/pwg/xiatong/AMPT/14GeV/data_233064991.root /tmp/maxwoo/5FA1B5AA0AE33B130B3DEAFCFA470335_562/INPUTFILES/data_233064991.root
Running: cp /star/data01/pwg/xiatong/AMPT/14GeV/data_233065001.root /tmp/maxwoo/5FA1B5AA0AE33B130B3DEAFCFA470335_562/INPUTFILES/data_233065001.root
Running: cp /star/data01/pwg/xiatong/AMPT/14GeV/data_233065011.root /tmp/maxwoo/5FA1B5AA0AE33B130B3DEAFCFA470335_562/INPUTFILES/data_233065011.root
Running: cp /star/data01/pwg/xiatong/AMPT/14GeV/data_233074911.root /tmp/maxwoo/5FA1B5AA0AE33B130B3DEAFCFA470335_562/INPUTFILES/data_233074911.root
Running: cp /star/data01/pwg/xiatong/AMPT/14GeV/data_233074921.root /tmp/maxwoo/5FA1B5AA0AE33B130B3DEAFCFA470335_562/INPUTFILES/data_233074921.root
Running: cp /star/data01/pwg/xiatong/AMPT/14GeV/data_233074961.root /tmp/maxwoo/5FA1B5AA0AE33B130B3DEAFCFA470335_562/INPUTFILES/data_233074961.root
Running: cp /star/data01/pwg/xiatong/AMPT/14GeV/data_233084871.root /tmp/maxwoo/5FA1B5AA0AE33B130B3DEAFCFA470335_562/INPUTFILES/data_233084871.root
Running: cp /star/data01/pwg/xiatong/AMPT/14GeV/data_233084881.root /tmp/maxwoo/5FA1B5AA0AE33B130B3DEAFCFA470335_562/INPUTFILES/data_233084881.root
Running: cp /star/data01/pwg/xiatong/AMPT/14GeV/data_233084891.root /tmp/maxwoo/5FA1B5AA0AE33B130B3DEAFCFA470335_562/INPUTFILES/data_233084891.root
Running: cp /star/data01/pwg/xiatong/AMPT/14GeV/data_233085071.root /tmp/maxwoo/5FA1B5AA0AE33B130B3DEAFCFA470335_562/INPUTFILES/data_233085071.root
Running: cp /star/data01/pwg/xiatong/AMPT/14GeV/data_233087151.root /tmp/maxwoo/5FA1B5AA0AE33B130B3DEAFCFA470335_562/INPUTFILES/data_233087151.root
Running: cp /star/data01/pwg/xiatong/AMPT/14GeV/data_233087161.root /tmp/maxwoo/5FA1B5AA0AE33B130B3DEAFCFA470335_562/INPUTFILES/data_233087161.root
Running: cp /star/data01/pwg/xiatong/AMPT/14GeV/data_233094861.root /tmp/maxwoo/5FA1B5AA0AE33B130B3DEAFCFA470335_562/INPUTFILES/data_233094861.root
Running: cp /star/data01/pwg/xiatong/AMPT/14GeV/data_233100131.root /tmp/maxwoo/5FA1B5AA0AE33B130B3DEAFCFA470335_562/INPUTFILES/data_233100131.root
Running: cp /star/data01/pwg/xiatong/AMPT/14GeV/data_233100321.root /tmp/maxwoo/5FA1B5AA0AE33B130B3DEAFCFA470335_562/INPUTFILES/data_233100321.root
Running: cp /star/data01/pwg/xiatong/AMPT/14GeV/data_233100331.root /tmp/maxwoo/5FA1B5AA0AE33B130B3DEAFCFA470335_562/INPUTFILES/data_233100331.root
Running: cp /star/data01/pwg/xiatong/AMPT/14GeV/data_233104591.root /tmp/maxwoo/5FA1B5AA0AE33B130B3DEAFCFA470335_562/INPUTFILES/data_233104591.root
Running: cp /star/data01/pwg/xiatong/AMPT/14GeV/data_233104831.root /tmp/maxwoo/5FA1B5AA0AE33B130B3DEAFCFA470335_562/INPUTFILES/data_233104831.root
Running: cp /star/data01/pwg/xiatong/AMPT/14GeV/data_233104851.root /tmp/maxwoo/5FA1B5AA0AE33B130B3DEAFCFA470335_562/INPUTFILES/data_233104851.root
Running: cp /star/data01/pwg/xiatong/AMPT/14GeV/data_233104901.root /tmp/maxwoo/5FA1B5AA0AE33B130B3DEAFCFA470335_562/INPUTFILES/data_233104901.root
Running: cp /star/data01/pwg/xiatong/AMPT/14GeV/data_233107981.root /tmp/maxwoo/5FA1B5AA0AE33B130B3DEAFCFA470335_562/INPUTFILES/data_233107981.root
Running: cp /star/data01/pwg/xiatong/AMPT/14GeV/data_233109751.root /tmp/maxwoo/5FA1B5AA0AE33B130B3DEAFCFA470335_562/INPUTFILES/data_233109751.root
Running: cp /star/data01/pwg/xiatong/AMPT/14GeV/data_233109831.root /tmp/maxwoo/5FA1B5AA0AE33B130B3DEAFCFA470335_562/INPUTFILES/data_233109831.root
Running: cp /star/data01/pwg/xiatong/AMPT/14GeV/data_233114811.root /tmp/maxwoo/5FA1B5AA0AE33B130B3DEAFCFA470335_562/INPUTFILES/data_233114811.root
Running: cp /star/data01/pwg/xiatong/AMPT/14GeV/data_233117851.root /tmp/maxwoo/5FA1B5AA0AE33B130B3DEAFCFA470335_562/INPUTFILES/data_233117851.root
Running: cp /star/data01/pwg/xiatong/AMPT/14GeV/data_233117861.root /tmp/maxwoo/5FA1B5AA0AE33B130B3DEAFCFA470335_562/INPUTFILES/data_233117861.root
Running: cp /star/data01/pwg/xiatong/AMPT/14GeV/data_233122791.root /tmp/maxwoo/5FA1B5AA0AE33B130B3DEAFCFA470335_562/INPUTFILES/data_233122791.root
Swapping $FILELIST with: /tmp/maxwoo/5FA1B5AA0AE33B130B3DEAFCFA470335_562/INPUTFILES/5FA1B5AA0AE33B130B3DEAFCFA470335_562.local.list
+++++++++++local copy debug++++++++++++++++++++
newFileList: /tmp/maxwoo/5FA1B5AA0AE33B130B3DEAFCFA470335_562/INPUTFILES/5FA1B5AA0AE33B130B3DEAFCFA470335_562.local.list
++++++++++++++++cat FILELIST+++++++++++++++++++
/tmp/maxwoo/5FA1B5AA0AE33B130B3DEAFCFA470335_562/INPUTFILES/data_233025051.root 
/tmp/maxwoo/5FA1B5AA0AE33B130B3DEAFCFA470335_562/INPUTFILES/data_233041021.root 
/tmp/maxwoo/5FA1B5AA0AE33B130B3DEAFCFA470335_562/INPUTFILES/data_233054971.root 
/tmp/maxwoo/5FA1B5AA0AE33B130B3DEAFCFA470335_562/INPUTFILES/data_233054981.root 
/tmp/maxwoo/5FA1B5AA0AE33B130B3DEAFCFA470335_562/INPUTFILES/data_233055021.root 
/tmp/maxwoo/5FA1B5AA0AE33B130B3DEAFCFA470335_562/INPUTFILES/data_233055031.root 
/tmp/maxwoo/5FA1B5AA0AE33B130B3DEAFCFA470335_562/INPUTFILES/data_233055041.root 
/tmp/maxwoo/5FA1B5AA0AE33B130B3DEAFCFA470335_562/INPUTFILES/data_233064931.root 
/tmp/maxwoo/5FA1B5AA0AE33B130B3DEAFCFA470335_562/INPUTFILES/data_233064941.root 
/tmp/maxwoo/5FA1B5AA0AE33B130B3DEAFCFA470335_562/INPUTFILES/data_233064951.root 
/tmp/maxwoo/5FA1B5AA0AE33B130B3DEAFCFA470335_562/INPUTFILES/data_233064991.root 
/tmp/maxwoo/5FA1B5AA0AE33B130B3DEAFCFA470335_562/INPUTFILES/data_233065001.root 
/tmp/maxwoo/5FA1B5AA0AE33B130B3DEAFCFA470335_562/INPUTFILES/data_233065011.root 
/tmp/maxwoo/5FA1B5AA0AE33B130B3DEAFCFA470335_562/INPUTFILES/data_233074911.root 
/tmp/maxwoo/5FA1B5AA0AE33B130B3DEAFCFA470335_562/INPUTFILES/data_233074921.root 
/tmp/maxwoo/5FA1B5AA0AE33B130B3DEAFCFA470335_562/INPUTFILES/data_233074961.root 
/tmp/maxwoo/5FA1B5AA0AE33B130B3DEAFCFA470335_562/INPUTFILES/data_233084871.root 
/tmp/maxwoo/5FA1B5AA0AE33B130B3DEAFCFA470335_562/INPUTFILES/data_233084881.root 
/tmp/maxwoo/5FA1B5AA0AE33B130B3DEAFCFA470335_562/INPUTFILES/data_233084891.root 
/tmp/maxwoo/5FA1B5AA0AE33B130B3DEAFCFA470335_562/INPUTFILES/data_233085071.root 
/tmp/maxwoo/5FA1B5AA0AE33B130B3DEAFCFA470335_562/INPUTFILES/data_233087151.root 
/tmp/maxwoo/5FA1B5AA0AE33B130B3DEAFCFA470335_562/INPUTFILES/data_233087161.root 
/tmp/maxwoo/5FA1B5AA0AE33B130B3DEAFCFA470335_562/INPUTFILES/data_233094861.root 
/tmp/maxwoo/5FA1B5AA0AE33B130B3DEAFCFA470335_562/INPUTFILES/data_233100131.root 
/tmp/maxwoo/5FA1B5AA0AE33B130B3DEAFCFA470335_562/INPUTFILES/data_233100321.root 
/tmp/maxwoo/5FA1B5AA0AE33B130B3DEAFCFA470335_562/INPUTFILES/data_233100331.root 
/tmp/maxwoo/5FA1B5AA0AE33B130B3DEAFCFA470335_562/INPUTFILES/data_233104591.root 
/tmp/maxwoo/5FA1B5AA0AE33B130B3DEAFCFA470335_562/INPUTFILES/data_233104831.root 
/tmp/maxwoo/5FA1B5AA0AE33B130B3DEAFCFA470335_562/INPUTFILES/data_233104851.root 
/tmp/maxwoo/5FA1B5AA0AE33B130B3DEAFCFA470335_562/INPUTFILES/data_233104901.root 
/tmp/maxwoo/5FA1B5AA0AE33B130B3DEAFCFA470335_562/INPUTFILES/data_233107981.root 
/tmp/maxwoo/5FA1B5AA0AE33B130B3DEAFCFA470335_562/INPUTFILES/data_233109751.root 
/tmp/maxwoo/5FA1B5AA0AE33B130B3DEAFCFA470335_562/INPUTFILES/data_233109831.root 
/tmp/maxwoo/5FA1B5AA0AE33B130B3DEAFCFA470335_562/INPUTFILES/data_233114811.root 
/tmp/maxwoo/5FA1B5AA0AE33B130B3DEAFCFA470335_562/INPUTFILES/data_233117851.root 
/tmp/maxwoo/5FA1B5AA0AE33B130B3DEAFCFA470335_562/INPUTFILES/data_233117861.root 
/tmp/maxwoo/5FA1B5AA0AE33B130B3DEAFCFA470335_562/INPUTFILES/data_233122791.root 
++++++++++++++++++++find.++++++++++++++++++++++
.
./.errror.log
./.output.log
./Check_Cf.C
./check.C
./lib
./lib/CenMaker.cpp
./lib/CenMaker_cpp_ACLiC_dict_rdict.pcm
./lib/CenMaker_cpp.d
./lib/CenMaker_cpp.so
./lib/CenMaker.h
./lib/MixedBuffer.cpp
./lib/MixedBuffer_cpp_ACLiC_dict_rdict.pcm
./lib/MixedBuffer_cpp.d
./lib/MixedBuffer_cpp.so
./lib/MixedBuffer.h
./lib/my_event.cpp
./lib/my_event_cpp_ACLiC_dict_rdict.pcm
./lib/my_event_cpp.d
./lib/my_event_cpp.so
./lib/my_event.h
./lib/my_particle.cpp
./lib/my_particle_cpp_ACLiC_dict_rdict.pcm
./lib/my_particle_cpp.d
./lib/my_particle_cpp.so
./lib/my_particle.h
./lib/NpartNormalizer.cpp
./lib/NpartNormalizer_cpp_ACLiC_dict_rdict.pcm
./lib/NpartNormalizer_cpp.d
./lib/NpartNormalizer_cpp.so
./lib/NpartNormalizer.h
./.sandboxFiles
./INPUTFILES
./INPUTFILES/5FA1B5AA0AE33B130B3DEAFCFA470335_562.local.list
./INPUTFILES/data_233025051.root
./INPUTFILES/data_233041021.root
./INPUTFILES/data_233054971.root
./INPUTFILES/data_233054981.root
./INPUTFILES/data_233055021.root
./INPUTFILES/data_233055031.root
./INPUTFILES/data_233055041.root
./INPUTFILES/data_233064931.root
./INPUTFILES/data_233064941.root
./INPUTFILES/data_233064951.root
./INPUTFILES/data_233064991.root
./INPUTFILES/data_233065001.root
./INPUTFILES/data_233065011.root
./INPUTFILES/data_233074911.root
./INPUTFILES/data_233074921.root
./INPUTFILES/data_233074961.root
./INPUTFILES/data_233084871.root
./INPUTFILES/data_233084881.root
./INPUTFILES/data_233084891.root
./INPUTFILES/data_233085071.root
./INPUTFILES/data_233087151.root
./INPUTFILES/data_233087161.root
./INPUTFILES/data_233094861.root
./INPUTFILES/data_233100131.root
./INPUTFILES/data_233100321.root
./INPUTFILES/data_233100331.root
./INPUTFILES/data_233104591.root
./INPUTFILES/data_233104831.root
./INPUTFILES/data_233104851.root
./INPUTFILES/data_233104901.root
./INPUTFILES/data_233107981.root
./INPUTFILES/data_233109751.root
./INPUTFILES/data_233109831.root
./INPUTFILES/data_233114811.root
./INPUTFILES/data_233117851.root
./INPUTFILES/data_233117861.root
./INPUTFILES/data_233122791.root
++++++++++++++++INPUTFILE Var++++++++++++++++++
FILELIST=/tmp/maxwoo/5FA1B5AA0AE33B130B3DEAFCFA470335_562/INPUTFILES/5FA1B5AA0AE33B130B3DEAFCFA470335_562.local.list
INPUTFILECOUNT=37
INPUTFILE0=/tmp/maxwoo/5FA1B5AA0AE33B130B3DEAFCFA470335_562/INPUTFILES/data_233025051.root
INPUTFILE1=/tmp/maxwoo/5FA1B5AA0AE33B130B3DEAFCFA470335_562/INPUTFILES/data_233041021.root
INPUTFILE2=/tmp/maxwoo/5FA1B5AA0AE33B130B3DEAFCFA470335_562/INPUTFILES/data_233054971.root
INPUTFILE3=/tmp/maxwoo/5FA1B5AA0AE33B130B3DEAFCFA470335_562/INPUTFILES/data_233054981.root
INPUTFILE4=/tmp/maxwoo/5FA1B5AA0AE33B130B3DEAFCFA470335_562/INPUTFILES/data_233055021.root
INPUTFILE5=/tmp/maxwoo/5FA1B5AA0AE33B130B3DEAFCFA470335_562/INPUTFILES/data_233055031.root
INPUTFILE6=/tmp/maxwoo/5FA1B5AA0AE33B130B3DEAFCFA470335_562/INPUTFILES/data_233055041.root
INPUTFILE7=/tmp/maxwoo/5FA1B5AA0AE33B130B3DEAFCFA470335_562/INPUTFILES/data_233064931.root
INPUTFILE8=/tmp/maxwoo/5FA1B5AA0AE33B130B3DEAFCFA470335_562/INPUTFILES/data_233064941.root
INPUTFILE9=/tmp/maxwoo/5FA1B5AA0AE33B130B3DEAFCFA470335_562/INPUTFILES/data_233064951.root
INPUTFILE10=/tmp/maxwoo/5FA1B5AA0AE33B130B3DEAFCFA470335_562/INPUTFILES/data_233064991.root
INPUTFILE11=/tmp/maxwoo/5FA1B5AA0AE33B130B3DEAFCFA470335_562/INPUTFILES/data_233065001.root
INPUTFILE12=/tmp/maxwoo/5FA1B5AA0AE33B130B3DEAFCFA470335_562/INPUTFILES/data_233065011.root
INPUTFILE13=/tmp/maxwoo/5FA1B5AA0AE33B130B3DEAFCFA470335_562/INPUTFILES/data_233074911.root
INPUTFILE14=/tmp/maxwoo/5FA1B5AA0AE33B130B3DEAFCFA470335_562/INPUTFILES/data_233074921.root
INPUTFILE15=/tmp/maxwoo/5FA1B5AA0AE33B130B3DEAFCFA470335_562/INPUTFILES/data_233074961.root
INPUTFILE16=/tmp/maxwoo/5FA1B5AA0AE33B130B3DEAFCFA470335_562/INPUTFILES/data_233084871.root
INPUTFILE17=/tmp/maxwoo/5FA1B5AA0AE33B130B3DEAFCFA470335_562/INPUTFILES/data_233084881.root
INPUTFILE18=/tmp/maxwoo/5FA1B5AA0AE33B130B3DEAFCFA470335_562/INPUTFILES/data_233084891.root
INPUTFILE19=/tmp/maxwoo/5FA1B5AA0AE33B130B3DEAFCFA470335_562/INPUTFILES/data_233085071.root
INPUTFILE20=/tmp/maxwoo/5FA1B5AA0AE33B130B3DEAFCFA470335_562/INPUTFILES/data_233087151.root
INPUTFILE21=/tmp/maxwoo/5FA1B5AA0AE33B130B3DEAFCFA470335_562/INPUTFILES/data_233087161.root
INPUTFILE22=/tmp/maxwoo/5FA1B5AA0AE33B130B3DEAFCFA470335_562/INPUTFILES/data_233094861.root
INPUTFILE23=/tmp/maxwoo/5FA1B5AA0AE33B130B3DEAFCFA470335_562/INPUTFILES/data_233100131.root
INPUTFILE24=/tmp/maxwoo/5FA1B5AA0AE33B130B3DEAFCFA470335_562/INPUTFILES/data_233100321.root
INPUTFILE25=/tmp/maxwoo/5FA1B5AA0AE33B130B3DEAFCFA470335_562/INPUTFILES/data_233100331.root
INPUTFILE26=/tmp/maxwoo/5FA1B5AA0AE33B130B3DEAFCFA470335_562/INPUTFILES/data_233104591.root
INPUTFILE27=/tmp/maxwoo/5FA1B5AA0AE33B130B3DEAFCFA470335_562/INPUTFILES/data_233104831.root
INPUTFILE28=/tmp/maxwoo/5FA1B5AA0AE33B130B3DEAFCFA470335_562/INPUTFILES/data_233104851.root
INPUTFILE29=/tmp/maxwoo/5FA1B5AA0AE33B130B3DEAFCFA470335_562/INPUTFILES/data_233104901.root
INPUTFILE30=/tmp/maxwoo/5FA1B5AA0AE33B130B3DEAFCFA470335_562/INPUTFILES/data_233107981.root
INPUTFILE31=/tmp/maxwoo/5FA1B5AA0AE33B130B3DEAFCFA470335_562/INPUTFILES/data_233109751.root
INPUTFILE32=/tmp/maxwoo/5FA1B5AA0AE33B130B3DEAFCFA470335_562/INPUTFILES/data_233109831.root
INPUTFILE33=/tmp/maxwoo/5FA1B5AA0AE33B130B3DEAFCFA470335_562/INPUTFILES/data_233114811.root
INPUTFILE34=/tmp/maxwoo/5FA1B5AA0AE33B130B3DEAFCFA470335_562/INPUTFILES/data_233117851.root
INPUTFILE35=/tmp/maxwoo/5FA1B5AA0AE33B130B3DEAFCFA470335_562/INPUTFILES/data_233117861.root
INPUTFILE36=/tmp/maxwoo/5FA1B5AA0AE33B130B3DEAFCFA470335_562/INPUTFILES/data_233122791.root
LocalInputFileDir=/tmp/maxwoo/5FA1B5AA0AE33B130B3DEAFCFA470335_562/INPUTFILES
NewFILELIST=/tmp/maxwoo/5FA1B5AA0AE33B130B3DEAFCFA470335_562/INPUTFILES/5FA1B5AA0AE33B130B3DEAFCFA470335_562.local.list
+++++++++++++++++++++++++++++++++++++++++++++++
--------------------------------
Simple Unified Meta Scheduler 1.10.50 we are starting in $SCRATCH : /home/tmp/maxwoo/5FA1B5AA0AE33B130B3DEAFCFA470335_562
--------------------------------
total 44
-rw-r--r-- 1 maxwoo rhstar   656 Apr  4 01:57 check.C
-rw-r--r-- 1 maxwoo rhstar 29351 May 22 02:49 Check_Cf.C
drwxr-xr-x 2 maxwoo rhstar  4096 May 22 08:45 INPUTFILES
drwxr-xr-x 2 maxwoo rhstar  4096 May 22 03:09 lib
  *******************************************
  *                                         *
  *        W E L C O M E  to  R O O T       *
  *                                         *
  *   Version   5.34/38     12 March 2018   *
  *                                         *
  *  You are welcome to visit our Web site  *
  *          http://root.cern.ch            *
  *                                         *
  *******************************************

ROOT 5.34/38 (v5-34-38@v5-34-38, Mar 12 2018, 15:49:39 on linux)

CINT/ROOT C/C++ Interpreter version 5.18.00, July 2, 2010
Type ? for help. Commands must be C++ statements.
Enclose multiple statements between { }.
*** Float Point Exception is OFF ***
 *** Start at Date : Sun May 22 08:45:33 2022
QAInfo:You are using STAR_LEVEL : dev, ROOT_LEVEL : 5.34.38 and node : rcas2027.rcf.bnl.gov 

Processing check.C++("/tmp/maxwoo/5FA1B5AA0AE33B130B3DEAFCFA470335_562/INPUTFILES/5FA1B5AA0AE33B130B3DEAFCFA470335_562.local.list","5FA1B5AA0AE33B130B3DEAFCFA470335_562",1)...

This is the end of ROOT -- Goodbye

Cleaning up sandbox file:  /tmp/maxwoo/5FA1B5AA0AE33B130B3DEAFCFA470335_562/check.C
Cleaning up sandbox file:  /tmp/maxwoo/5FA1B5AA0AE33B130B3DEAFCFA470335_562/Check_Cf.C
Cleaning up sandbox file:  /tmp/maxwoo/5FA1B5AA0AE33B130B3DEAFCFA470335_562/lib
Cleaning up sandbox file:  /tmp/maxwoo/5FA1B5AA0AE33B130B3DEAFCFA470335_562/.sandboxFiles
Error: Scheduler could not find any files in $SCRATCH matching your <output> tag fromScratch value: *.root 
380137 Execution of (/star/data01/pwg/xiatong/git/strangeness/script/sched5FA1B5AA0AE33B130B3DEAFCFA470335_562.csh ) has ended, exiting normally
380137 We END on [Sun May 22 08:45:35 EDT 2022]
