We are starting on node: rcas2017.rcf.bnl.gov
HOME is not defined
Using getent method
HOME is now /star/u/maxwoo
187182 We will spawn ourselves (/star/data01/pwg/xiatong/git/strangeness/script/sched5FA1B5AA0AE33B130B3DEAFCFA470335_270.csh )
187182 We BEGIN on [Sun May 22 08:48:30 EDT 2022]
[1] 187388
187182 We are waiting for 187388 
187388 Stepping into the main SUMS wrapper program with []
Archive:  /star/data01/pwg/xiatong/git/strangeness/package.zip
  inflating: /tmp/maxwoo/5FA1B5AA0AE33B130B3DEAFCFA470335_270/Check_Cf.C  
  inflating: /tmp/maxwoo/5FA1B5AA0AE33B130B3DEAFCFA470335_270/check.C  
   creating: /tmp/maxwoo/5FA1B5AA0AE33B130B3DEAFCFA470335_270/lib/
  inflating: /tmp/maxwoo/5FA1B5AA0AE33B130B3DEAFCFA470335_270/lib/CenMaker.cpp  
  inflating: /tmp/maxwoo/5FA1B5AA0AE33B130B3DEAFCFA470335_270/lib/CenMaker_cpp_ACLiC_dict_rdict.pcm  
  inflating: /tmp/maxwoo/5FA1B5AA0AE33B130B3DEAFCFA470335_270/lib/CenMaker_cpp.d  
  inflating: /tmp/maxwoo/5FA1B5AA0AE33B130B3DEAFCFA470335_270/lib/CenMaker_cpp.so  
  inflating: /tmp/maxwoo/5FA1B5AA0AE33B130B3DEAFCFA470335_270/lib/CenMaker.h  
  inflating: /tmp/maxwoo/5FA1B5AA0AE33B130B3DEAFCFA470335_270/lib/MixedBuffer.cpp  
  inflating: /tmp/maxwoo/5FA1B5AA0AE33B130B3DEAFCFA470335_270/lib/MixedBuffer_cpp_ACLiC_dict_rdict.pcm  
  inflating: /tmp/maxwoo/5FA1B5AA0AE33B130B3DEAFCFA470335_270/lib/MixedBuffer_cpp.d  
  inflating: /tmp/maxwoo/5FA1B5AA0AE33B130B3DEAFCFA470335_270/lib/MixedBuffer_cpp.so  
  inflating: /tmp/maxwoo/5FA1B5AA0AE33B130B3DEAFCFA470335_270/lib/MixedBuffer.h  
  inflating: /tmp/maxwoo/5FA1B5AA0AE33B130B3DEAFCFA470335_270/lib/my_event.cpp  
  inflating: /tmp/maxwoo/5FA1B5AA0AE33B130B3DEAFCFA470335_270/lib/my_event_cpp_ACLiC_dict_rdict.pcm  
  inflating: /tmp/maxwoo/5FA1B5AA0AE33B130B3DEAFCFA470335_270/lib/my_event_cpp.d  
  inflating: /tmp/maxwoo/5FA1B5AA0AE33B130B3DEAFCFA470335_270/lib/my_event_cpp.so  
  inflating: /tmp/maxwoo/5FA1B5AA0AE33B130B3DEAFCFA470335_270/lib/my_event.h  
  inflating: /tmp/maxwoo/5FA1B5AA0AE33B130B3DEAFCFA470335_270/lib/my_particle.cpp  
  inflating: /tmp/maxwoo/5FA1B5AA0AE33B130B3DEAFCFA470335_270/lib/my_particle_cpp_ACLiC_dict_rdict.pcm  
  inflating: /tmp/maxwoo/5FA1B5AA0AE33B130B3DEAFCFA470335_270/lib/my_particle_cpp.d  
  inflating: /tmp/maxwoo/5FA1B5AA0AE33B130B3DEAFCFA470335_270/lib/my_particle_cpp.so  
  inflating: /tmp/maxwoo/5FA1B5AA0AE33B130B3DEAFCFA470335_270/lib/my_particle.h  
  inflating: /tmp/maxwoo/5FA1B5AA0AE33B130B3DEAFCFA470335_270/lib/NpartNormalizer.cpp  
  inflating: /tmp/maxwoo/5FA1B5AA0AE33B130B3DEAFCFA470335_270/lib/NpartNormalizer_cpp_ACLiC_dict_rdict.pcm  
  inflating: /tmp/maxwoo/5FA1B5AA0AE33B130B3DEAFCFA470335_270/lib/NpartNormalizer_cpp.d  
  inflating: /tmp/maxwoo/5FA1B5AA0AE33B130B3DEAFCFA470335_270/lib/NpartNormalizer_cpp.so  
  inflating: /tmp/maxwoo/5FA1B5AA0AE33B130B3DEAFCFA470335_270/lib/NpartNormalizer.h  
Running: cp /star/data01/pwg/xiatong/AMPT/14GeV/data_145168921.root /tmp/maxwoo/5FA1B5AA0AE33B130B3DEAFCFA470335_270/INPUTFILES/data_145168921.root
Running: cp /star/data01/pwg/xiatong/AMPT/14GeV/data_145176121.root /tmp/maxwoo/5FA1B5AA0AE33B130B3DEAFCFA470335_270/INPUTFILES/data_145176121.root
Running: cp /star/data01/pwg/xiatong/AMPT/14GeV/data_145177121.root /tmp/maxwoo/5FA1B5AA0AE33B130B3DEAFCFA470335_270/INPUTFILES/data_145177121.root
Running: cp /star/data01/pwg/xiatong/AMPT/14GeV/data_145177141.root /tmp/maxwoo/5FA1B5AA0AE33B130B3DEAFCFA470335_270/INPUTFILES/data_145177141.root
Running: cp /star/data01/pwg/xiatong/AMPT/14GeV/data_145178881.root /tmp/maxwoo/5FA1B5AA0AE33B130B3DEAFCFA470335_270/INPUTFILES/data_145178881.root
Running: cp /star/data01/pwg/xiatong/AMPT/14GeV/data_145178891.root /tmp/maxwoo/5FA1B5AA0AE33B130B3DEAFCFA470335_270/INPUTFILES/data_145178891.root
Running: cp /star/data01/pwg/xiatong/AMPT/14GeV/data_145181901.root /tmp/maxwoo/5FA1B5AA0AE33B130B3DEAFCFA470335_270/INPUTFILES/data_145181901.root
Running: cp /star/data01/pwg/xiatong/AMPT/14GeV/data_145188831.root /tmp/maxwoo/5FA1B5AA0AE33B130B3DEAFCFA470335_270/INPUTFILES/data_145188831.root
Running: cp /star/data01/pwg/xiatong/AMPT/14GeV/data_145188851.root /tmp/maxwoo/5FA1B5AA0AE33B130B3DEAFCFA470335_270/INPUTFILES/data_145188851.root
Running: cp /star/data01/pwg/xiatong/AMPT/14GeV/data_145188861.root /tmp/maxwoo/5FA1B5AA0AE33B130B3DEAFCFA470335_270/INPUTFILES/data_145188861.root
Running: cp /star/data01/pwg/xiatong/AMPT/14GeV/data_145188871.root /tmp/maxwoo/5FA1B5AA0AE33B130B3DEAFCFA470335_270/INPUTFILES/data_145188871.root
Running: cp /star/data01/pwg/xiatong/AMPT/14GeV/data_145195181.root /tmp/maxwoo/5FA1B5AA0AE33B130B3DEAFCFA470335_270/INPUTFILES/data_145195181.root
Running: cp /star/data01/pwg/xiatong/AMPT/14GeV/data_145198801.root /tmp/maxwoo/5FA1B5AA0AE33B130B3DEAFCFA470335_270/INPUTFILES/data_145198801.root
Running: cp /star/data01/pwg/xiatong/AMPT/14GeV/data_145198811.root /tmp/maxwoo/5FA1B5AA0AE33B130B3DEAFCFA470335_270/INPUTFILES/data_145198811.root
Running: cp /star/data01/pwg/xiatong/AMPT/14GeV/data_145198821.root /tmp/maxwoo/5FA1B5AA0AE33B130B3DEAFCFA470335_270/INPUTFILES/data_145198821.root
Running: cp /star/data01/pwg/xiatong/AMPT/14GeV/data_145208781.root /tmp/maxwoo/5FA1B5AA0AE33B130B3DEAFCFA470335_270/INPUTFILES/data_145208781.root
Running: cp /star/data01/pwg/xiatong/AMPT/14GeV/data_145218721.root /tmp/maxwoo/5FA1B5AA0AE33B130B3DEAFCFA470335_270/INPUTFILES/data_145218721.root
Running: cp /star/data01/pwg/xiatong/AMPT/14GeV/data_145218731.root /tmp/maxwoo/5FA1B5AA0AE33B130B3DEAFCFA470335_270/INPUTFILES/data_145218731.root
Running: cp /star/data01/pwg/xiatong/AMPT/14GeV/data_145218751.root /tmp/maxwoo/5FA1B5AA0AE33B130B3DEAFCFA470335_270/INPUTFILES/data_145218751.root
Running: cp /star/data01/pwg/xiatong/AMPT/14GeV/data_145218791.root /tmp/maxwoo/5FA1B5AA0AE33B130B3DEAFCFA470335_270/INPUTFILES/data_145218791.root
Running: cp /star/data01/pwg/xiatong/AMPT/14GeV/data_145228701.root /tmp/maxwoo/5FA1B5AA0AE33B130B3DEAFCFA470335_270/INPUTFILES/data_145228701.root
Running: cp /star/data01/pwg/xiatong/AMPT/14GeV/data_145228711.root /tmp/maxwoo/5FA1B5AA0AE33B130B3DEAFCFA470335_270/INPUTFILES/data_145228711.root
Running: cp /star/data01/pwg/xiatong/AMPT/14GeV/data_145228741.root /tmp/maxwoo/5FA1B5AA0AE33B130B3DEAFCFA470335_270/INPUTFILES/data_145228741.root
Running: cp /star/data01/pwg/xiatong/AMPT/14GeV/data_145238681.root /tmp/maxwoo/5FA1B5AA0AE33B130B3DEAFCFA470335_270/INPUTFILES/data_145238681.root
Running: cp /star/data01/pwg/xiatong/AMPT/14GeV/data_145245301.root /tmp/maxwoo/5FA1B5AA0AE33B130B3DEAFCFA470335_270/INPUTFILES/data_145245301.root
Running: cp /star/data01/pwg/xiatong/AMPT/14GeV/data_145245461.root /tmp/maxwoo/5FA1B5AA0AE33B130B3DEAFCFA470335_270/INPUTFILES/data_145245461.root
Running: cp /star/data01/pwg/xiatong/AMPT/14GeV/data_145245521.root /tmp/maxwoo/5FA1B5AA0AE33B130B3DEAFCFA470335_270/INPUTFILES/data_145245521.root
Running: cp /star/data01/pwg/xiatong/AMPT/14GeV/data_145245921.root /tmp/maxwoo/5FA1B5AA0AE33B130B3DEAFCFA470335_270/INPUTFILES/data_145245921.root
Running: cp /star/data01/pwg/xiatong/AMPT/14GeV/data_145247551.root /tmp/maxwoo/5FA1B5AA0AE33B130B3DEAFCFA470335_270/INPUTFILES/data_145247551.root
Running: cp /star/data01/pwg/xiatong/AMPT/14GeV/data_145248661.root /tmp/maxwoo/5FA1B5AA0AE33B130B3DEAFCFA470335_270/INPUTFILES/data_145248661.root
Running: cp /star/data01/pwg/xiatong/AMPT/14GeV/data_145248671.root /tmp/maxwoo/5FA1B5AA0AE33B130B3DEAFCFA470335_270/INPUTFILES/data_145248671.root
Running: cp /star/data01/pwg/xiatong/AMPT/14GeV/data_145258621.root /tmp/maxwoo/5FA1B5AA0AE33B130B3DEAFCFA470335_270/INPUTFILES/data_145258621.root
Running: cp /star/data01/pwg/xiatong/AMPT/14GeV/data_145258631.root /tmp/maxwoo/5FA1B5AA0AE33B130B3DEAFCFA470335_270/INPUTFILES/data_145258631.root
Running: cp /star/data01/pwg/xiatong/AMPT/14GeV/data_145258651.root /tmp/maxwoo/5FA1B5AA0AE33B130B3DEAFCFA470335_270/INPUTFILES/data_145258651.root
Running: cp /star/data01/pwg/xiatong/AMPT/14GeV/data_145268601.root /tmp/maxwoo/5FA1B5AA0AE33B130B3DEAFCFA470335_270/INPUTFILES/data_145268601.root
Running: cp /star/data01/pwg/xiatong/AMPT/14GeV/data_145268611.root /tmp/maxwoo/5FA1B5AA0AE33B130B3DEAFCFA470335_270/INPUTFILES/data_145268611.root
Running: cp /star/data01/pwg/xiatong/AMPT/14GeV/data_145268641.root /tmp/maxwoo/5FA1B5AA0AE33B130B3DEAFCFA470335_270/INPUTFILES/data_145268641.root
Swapping $FILELIST with: /tmp/maxwoo/5FA1B5AA0AE33B130B3DEAFCFA470335_270/INPUTFILES/5FA1B5AA0AE33B130B3DEAFCFA470335_270.local.list
+++++++++++local copy debug++++++++++++++++++++
newFileList: /tmp/maxwoo/5FA1B5AA0AE33B130B3DEAFCFA470335_270/INPUTFILES/5FA1B5AA0AE33B130B3DEAFCFA470335_270.local.list
++++++++++++++++cat FILELIST+++++++++++++++++++
/tmp/maxwoo/5FA1B5AA0AE33B130B3DEAFCFA470335_270/INPUTFILES/data_145168921.root 
/tmp/maxwoo/5FA1B5AA0AE33B130B3DEAFCFA470335_270/INPUTFILES/data_145176121.root 
/tmp/maxwoo/5FA1B5AA0AE33B130B3DEAFCFA470335_270/INPUTFILES/data_145177121.root 
/tmp/maxwoo/5FA1B5AA0AE33B130B3DEAFCFA470335_270/INPUTFILES/data_145177141.root 
/tmp/maxwoo/5FA1B5AA0AE33B130B3DEAFCFA470335_270/INPUTFILES/data_145178881.root 
/tmp/maxwoo/5FA1B5AA0AE33B130B3DEAFCFA470335_270/INPUTFILES/data_145178891.root 
/tmp/maxwoo/5FA1B5AA0AE33B130B3DEAFCFA470335_270/INPUTFILES/data_145181901.root 
/tmp/maxwoo/5FA1B5AA0AE33B130B3DEAFCFA470335_270/INPUTFILES/data_145188831.root 
/tmp/maxwoo/5FA1B5AA0AE33B130B3DEAFCFA470335_270/INPUTFILES/data_145188851.root 
/tmp/maxwoo/5FA1B5AA0AE33B130B3DEAFCFA470335_270/INPUTFILES/data_145188861.root 
/tmp/maxwoo/5FA1B5AA0AE33B130B3DEAFCFA470335_270/INPUTFILES/data_145188871.root 
/tmp/maxwoo/5FA1B5AA0AE33B130B3DEAFCFA470335_270/INPUTFILES/data_145195181.root 
/tmp/maxwoo/5FA1B5AA0AE33B130B3DEAFCFA470335_270/INPUTFILES/data_145198801.root 
/tmp/maxwoo/5FA1B5AA0AE33B130B3DEAFCFA470335_270/INPUTFILES/data_145198811.root 
/tmp/maxwoo/5FA1B5AA0AE33B130B3DEAFCFA470335_270/INPUTFILES/data_145198821.root 
/tmp/maxwoo/5FA1B5AA0AE33B130B3DEAFCFA470335_270/INPUTFILES/data_145208781.root 
/tmp/maxwoo/5FA1B5AA0AE33B130B3DEAFCFA470335_270/INPUTFILES/data_145218721.root 
/tmp/maxwoo/5FA1B5AA0AE33B130B3DEAFCFA470335_270/INPUTFILES/data_145218731.root 
/tmp/maxwoo/5FA1B5AA0AE33B130B3DEAFCFA470335_270/INPUTFILES/data_145218751.root 
/tmp/maxwoo/5FA1B5AA0AE33B130B3DEAFCFA470335_270/INPUTFILES/data_145218791.root 
/tmp/maxwoo/5FA1B5AA0AE33B130B3DEAFCFA470335_270/INPUTFILES/data_145228701.root 
/tmp/maxwoo/5FA1B5AA0AE33B130B3DEAFCFA470335_270/INPUTFILES/data_145228711.root 
/tmp/maxwoo/5FA1B5AA0AE33B130B3DEAFCFA470335_270/INPUTFILES/data_145228741.root 
/tmp/maxwoo/5FA1B5AA0AE33B130B3DEAFCFA470335_270/INPUTFILES/data_145238681.root 
/tmp/maxwoo/5FA1B5AA0AE33B130B3DEAFCFA470335_270/INPUTFILES/data_145245301.root 
/tmp/maxwoo/5FA1B5AA0AE33B130B3DEAFCFA470335_270/INPUTFILES/data_145245461.root 
/tmp/maxwoo/5FA1B5AA0AE33B130B3DEAFCFA470335_270/INPUTFILES/data_145245521.root 
/tmp/maxwoo/5FA1B5AA0AE33B130B3DEAFCFA470335_270/INPUTFILES/data_145245921.root 
/tmp/maxwoo/5FA1B5AA0AE33B130B3DEAFCFA470335_270/INPUTFILES/data_145247551.root 
/tmp/maxwoo/5FA1B5AA0AE33B130B3DEAFCFA470335_270/INPUTFILES/data_145248661.root 
/tmp/maxwoo/5FA1B5AA0AE33B130B3DEAFCFA470335_270/INPUTFILES/data_145248671.root 
/tmp/maxwoo/5FA1B5AA0AE33B130B3DEAFCFA470335_270/INPUTFILES/data_145258621.root 
/tmp/maxwoo/5FA1B5AA0AE33B130B3DEAFCFA470335_270/INPUTFILES/data_145258631.root 
/tmp/maxwoo/5FA1B5AA0AE33B130B3DEAFCFA470335_270/INPUTFILES/data_145258651.root 
/tmp/maxwoo/5FA1B5AA0AE33B130B3DEAFCFA470335_270/INPUTFILES/data_145268601.root 
/tmp/maxwoo/5FA1B5AA0AE33B130B3DEAFCFA470335_270/INPUTFILES/data_145268611.root 
/tmp/maxwoo/5FA1B5AA0AE33B130B3DEAFCFA470335_270/INPUTFILES/data_145268641.root 
++++++++++++++++++++find.++++++++++++++++++++++
.
./.errror.log
./.output.log
./Check_Cf.C
./check.C
./lib
./lib/CenMaker.cpp
./lib/CenMaker_cpp_ACLiC_dict_rdict.pcm
./lib/CenMaker_cpp.d
./lib/CenMaker_cpp.so
./lib/CenMaker.h
./lib/MixedBuffer.cpp
./lib/MixedBuffer_cpp_ACLiC_dict_rdict.pcm
./lib/MixedBuffer_cpp.d
./lib/MixedBuffer_cpp.so
./lib/MixedBuffer.h
./lib/my_event.cpp
./lib/my_event_cpp_ACLiC_dict_rdict.pcm
./lib/my_event_cpp.d
./lib/my_event_cpp.so
./lib/my_event.h
./lib/my_particle.cpp
./lib/my_particle_cpp_ACLiC_dict_rdict.pcm
./lib/my_particle_cpp.d
./lib/my_particle_cpp.so
./lib/my_particle.h
./lib/NpartNormalizer.cpp
./lib/NpartNormalizer_cpp_ACLiC_dict_rdict.pcm
./lib/NpartNormalizer_cpp.d
./lib/NpartNormalizer_cpp.so
./lib/NpartNormalizer.h
./.sandboxFiles
./INPUTFILES
./INPUTFILES/5FA1B5AA0AE33B130B3DEAFCFA470335_270.local.list
./INPUTFILES/data_145168921.root
./INPUTFILES/data_145176121.root
./INPUTFILES/data_145177121.root
./INPUTFILES/data_145177141.root
./INPUTFILES/data_145178881.root
./INPUTFILES/data_145178891.root
./INPUTFILES/data_145181901.root
./INPUTFILES/data_145188831.root
./INPUTFILES/data_145188851.root
./INPUTFILES/data_145188861.root
./INPUTFILES/data_145188871.root
./INPUTFILES/data_145195181.root
./INPUTFILES/data_145198801.root
./INPUTFILES/data_145198811.root
./INPUTFILES/data_145198821.root
./INPUTFILES/data_145208781.root
./INPUTFILES/data_145218721.root
./INPUTFILES/data_145218731.root
./INPUTFILES/data_145218751.root
./INPUTFILES/data_145218791.root
./INPUTFILES/data_145228701.root
./INPUTFILES/data_145228711.root
./INPUTFILES/data_145228741.root
./INPUTFILES/data_145238681.root
./INPUTFILES/data_145245301.root
./INPUTFILES/data_145245461.root
./INPUTFILES/data_145245521.root
./INPUTFILES/data_145245921.root
./INPUTFILES/data_145247551.root
./INPUTFILES/data_145248661.root
./INPUTFILES/data_145248671.root
./INPUTFILES/data_145258621.root
./INPUTFILES/data_145258631.root
./INPUTFILES/data_145258651.root
./INPUTFILES/data_145268601.root
./INPUTFILES/data_145268611.root
./INPUTFILES/data_145268641.root
++++++++++++++++INPUTFILE Var++++++++++++++++++
FILELIST=/tmp/maxwoo/5FA1B5AA0AE33B130B3DEAFCFA470335_270/INPUTFILES/5FA1B5AA0AE33B130B3DEAFCFA470335_270.local.list
INPUTFILECOUNT=37
INPUTFILE0=/tmp/maxwoo/5FA1B5AA0AE33B130B3DEAFCFA470335_270/INPUTFILES/data_145168921.root
INPUTFILE1=/tmp/maxwoo/5FA1B5AA0AE33B130B3DEAFCFA470335_270/INPUTFILES/data_145176121.root
INPUTFILE2=/tmp/maxwoo/5FA1B5AA0AE33B130B3DEAFCFA470335_270/INPUTFILES/data_145177121.root
INPUTFILE3=/tmp/maxwoo/5FA1B5AA0AE33B130B3DEAFCFA470335_270/INPUTFILES/data_145177141.root
INPUTFILE4=/tmp/maxwoo/5FA1B5AA0AE33B130B3DEAFCFA470335_270/INPUTFILES/data_145178881.root
INPUTFILE5=/tmp/maxwoo/5FA1B5AA0AE33B130B3DEAFCFA470335_270/INPUTFILES/data_145178891.root
INPUTFILE6=/tmp/maxwoo/5FA1B5AA0AE33B130B3DEAFCFA470335_270/INPUTFILES/data_145181901.root
INPUTFILE7=/tmp/maxwoo/5FA1B5AA0AE33B130B3DEAFCFA470335_270/INPUTFILES/data_145188831.root
INPUTFILE8=/tmp/maxwoo/5FA1B5AA0AE33B130B3DEAFCFA470335_270/INPUTFILES/data_145188851.root
INPUTFILE9=/tmp/maxwoo/5FA1B5AA0AE33B130B3DEAFCFA470335_270/INPUTFILES/data_145188861.root
INPUTFILE10=/tmp/maxwoo/5FA1B5AA0AE33B130B3DEAFCFA470335_270/INPUTFILES/data_145188871.root
INPUTFILE11=/tmp/maxwoo/5FA1B5AA0AE33B130B3DEAFCFA470335_270/INPUTFILES/data_145195181.root
INPUTFILE12=/tmp/maxwoo/5FA1B5AA0AE33B130B3DEAFCFA470335_270/INPUTFILES/data_145198801.root
INPUTFILE13=/tmp/maxwoo/5FA1B5AA0AE33B130B3DEAFCFA470335_270/INPUTFILES/data_145198811.root
INPUTFILE14=/tmp/maxwoo/5FA1B5AA0AE33B130B3DEAFCFA470335_270/INPUTFILES/data_145198821.root
INPUTFILE15=/tmp/maxwoo/5FA1B5AA0AE33B130B3DEAFCFA470335_270/INPUTFILES/data_145208781.root
INPUTFILE16=/tmp/maxwoo/5FA1B5AA0AE33B130B3DEAFCFA470335_270/INPUTFILES/data_145218721.root
INPUTFILE17=/tmp/maxwoo/5FA1B5AA0AE33B130B3DEAFCFA470335_270/INPUTFILES/data_145218731.root
INPUTFILE18=/tmp/maxwoo/5FA1B5AA0AE33B130B3DEAFCFA470335_270/INPUTFILES/data_145218751.root
INPUTFILE19=/tmp/maxwoo/5FA1B5AA0AE33B130B3DEAFCFA470335_270/INPUTFILES/data_145218791.root
INPUTFILE20=/tmp/maxwoo/5FA1B5AA0AE33B130B3DEAFCFA470335_270/INPUTFILES/data_145228701.root
INPUTFILE21=/tmp/maxwoo/5FA1B5AA0AE33B130B3DEAFCFA470335_270/INPUTFILES/data_145228711.root
INPUTFILE22=/tmp/maxwoo/5FA1B5AA0AE33B130B3DEAFCFA470335_270/INPUTFILES/data_145228741.root
INPUTFILE23=/tmp/maxwoo/5FA1B5AA0AE33B130B3DEAFCFA470335_270/INPUTFILES/data_145238681.root
INPUTFILE24=/tmp/maxwoo/5FA1B5AA0AE33B130B3DEAFCFA470335_270/INPUTFILES/data_145245301.root
INPUTFILE25=/tmp/maxwoo/5FA1B5AA0AE33B130B3DEAFCFA470335_270/INPUTFILES/data_145245461.root
INPUTFILE26=/tmp/maxwoo/5FA1B5AA0AE33B130B3DEAFCFA470335_270/INPUTFILES/data_145245521.root
INPUTFILE27=/tmp/maxwoo/5FA1B5AA0AE33B130B3DEAFCFA470335_270/INPUTFILES/data_145245921.root
INPUTFILE28=/tmp/maxwoo/5FA1B5AA0AE33B130B3DEAFCFA470335_270/INPUTFILES/data_145247551.root
INPUTFILE29=/tmp/maxwoo/5FA1B5AA0AE33B130B3DEAFCFA470335_270/INPUTFILES/data_145248661.root
INPUTFILE30=/tmp/maxwoo/5FA1B5AA0AE33B130B3DEAFCFA470335_270/INPUTFILES/data_145248671.root
INPUTFILE31=/tmp/maxwoo/5FA1B5AA0AE33B130B3DEAFCFA470335_270/INPUTFILES/data_145258621.root
INPUTFILE32=/tmp/maxwoo/5FA1B5AA0AE33B130B3DEAFCFA470335_270/INPUTFILES/data_145258631.root
INPUTFILE33=/tmp/maxwoo/5FA1B5AA0AE33B130B3DEAFCFA470335_270/INPUTFILES/data_145258651.root
INPUTFILE34=/tmp/maxwoo/5FA1B5AA0AE33B130B3DEAFCFA470335_270/INPUTFILES/data_145268601.root
INPUTFILE35=/tmp/maxwoo/5FA1B5AA0AE33B130B3DEAFCFA470335_270/INPUTFILES/data_145268611.root
INPUTFILE36=/tmp/maxwoo/5FA1B5AA0AE33B130B3DEAFCFA470335_270/INPUTFILES/data_145268641.root
LocalInputFileDir=/tmp/maxwoo/5FA1B5AA0AE33B130B3DEAFCFA470335_270/INPUTFILES
NewFILELIST=/tmp/maxwoo/5FA1B5AA0AE33B130B3DEAFCFA470335_270/INPUTFILES/5FA1B5AA0AE33B130B3DEAFCFA470335_270.local.list
+++++++++++++++++++++++++++++++++++++++++++++++
--------------------------------
Simple Unified Meta Scheduler 1.10.50 we are starting in $SCRATCH : /home/tmp/maxwoo/5FA1B5AA0AE33B130B3DEAFCFA470335_270
--------------------------------
total 44
-rw-r--r-- 1 maxwoo rhstar   656 Apr  4 01:57 check.C
-rw-r--r-- 1 maxwoo rhstar 29351 May 22 02:49 Check_Cf.C
drwxr-xr-x 2 maxwoo rhstar  4096 May 22 08:48 INPUTFILES
drwxr-xr-x 2 maxwoo rhstar  4096 May 22 03:09 lib
  *******************************************
  *                                         *
  *        W E L C O M E  to  R O O T       *
  *                                         *
  *   Version   5.34/38     12 March 2018   *
  *                                         *
  *  You are welcome to visit our Web site  *
  *          http://root.cern.ch            *
  *                                         *
  *******************************************

ROOT 5.34/38 (v5-34-38@v5-34-38, Mar 12 2018, 15:49:39 on linux)

CINT/ROOT C/C++ Interpreter version 5.18.00, July 2, 2010
Type ? for help. Commands must be C++ statements.
Enclose multiple statements between { }.
*** Float Point Exception is OFF ***
 *** Start at Date : Sun May 22 08:48:37 2022
QAInfo:You are using STAR_LEVEL : dev, ROOT_LEVEL : 5.34.38 and node : rcas2017.rcf.bnl.gov 

Processing check.C++("/tmp/maxwoo/5FA1B5AA0AE33B130B3DEAFCFA470335_270/INPUTFILES/5FA1B5AA0AE33B130B3DEAFCFA470335_270.local.list","5FA1B5AA0AE33B130B3DEAFCFA470335_270",1)...

This is the end of ROOT -- Goodbye

Cleaning up sandbox file:  /tmp/maxwoo/5FA1B5AA0AE33B130B3DEAFCFA470335_270/check.C
Cleaning up sandbox file:  /tmp/maxwoo/5FA1B5AA0AE33B130B3DEAFCFA470335_270/Check_Cf.C
Cleaning up sandbox file:  /tmp/maxwoo/5FA1B5AA0AE33B130B3DEAFCFA470335_270/lib
Cleaning up sandbox file:  /tmp/maxwoo/5FA1B5AA0AE33B130B3DEAFCFA470335_270/.sandboxFiles
Error: Scheduler could not find any files in $SCRATCH matching your <output> tag fromScratch value: *.root 
187182 Execution of (/star/data01/pwg/xiatong/git/strangeness/script/sched5FA1B5AA0AE33B130B3DEAFCFA470335_270.csh ) has ended, exiting normally
187182 We END on [Sun May 22 08:48:39 EDT 2022]
