We are starting on node: rcas2024.rcf.bnl.gov
HOME is not defined
Using getent method
HOME is now /star/u/maxwoo
258323 We will spawn ourselves (/star/data01/pwg/xiatong/git/strangeness/script/sched5FA1B5AA0AE33B130B3DEAFCFA470335_2564.csh )
258323 We BEGIN on [Sun May 22 07:58:25 EDT 2022]
[1] 258511
258323 We are waiting for 258511 
258323 Grandchild PID is 259984 - found in 10 x 1 seconds
258323 Establishing first watcher   on    Sun May 22 07:58:37 EDT 2022
258323 Process tree is 258323 (main) -> 258511 (child) -> 259984 (grandchild)
F S   UID    PID   PPID  C PRI  NI ADDR SZ WCHAN  TTY        TIME CMD
0 S 100667 259984 258511 16 80   0 - 45593 do_wai ?          0:00 root4star -b -q check.C++("/tmp/maxwoo/5FA1B5AA0AE33B130B3DEAFCFA470335_2564/INPUTFILES/5FA1B5AA0AE33B130B3DEAFCFA470335_2564.local.list","5FA1B5AA0AE33B130B3DEAFCFA470335_2564",1)
258511 Stepping into the main SUMS wrapper program with []
Archive:  /star/data01/pwg/xiatong/git/strangeness/package.zip
  inflating: /tmp/maxwoo/5FA1B5AA0AE33B130B3DEAFCFA470335_2564/Check_Cf.C  
  inflating: /tmp/maxwoo/5FA1B5AA0AE33B130B3DEAFCFA470335_2564/check.C  
   creating: /tmp/maxwoo/5FA1B5AA0AE33B130B3DEAFCFA470335_2564/lib/
  inflating: /tmp/maxwoo/5FA1B5AA0AE33B130B3DEAFCFA470335_2564/lib/CenMaker.cpp  
  inflating: /tmp/maxwoo/5FA1B5AA0AE33B130B3DEAFCFA470335_2564/lib/CenMaker_cpp_ACLiC_dict_rdict.pcm  
  inflating: /tmp/maxwoo/5FA1B5AA0AE33B130B3DEAFCFA470335_2564/lib/CenMaker_cpp.d  
  inflating: /tmp/maxwoo/5FA1B5AA0AE33B130B3DEAFCFA470335_2564/lib/CenMaker_cpp.so  
  inflating: /tmp/maxwoo/5FA1B5AA0AE33B130B3DEAFCFA470335_2564/lib/CenMaker.h  
  inflating: /tmp/maxwoo/5FA1B5AA0AE33B130B3DEAFCFA470335_2564/lib/MixedBuffer.cpp  
  inflating: /tmp/maxwoo/5FA1B5AA0AE33B130B3DEAFCFA470335_2564/lib/MixedBuffer_cpp_ACLiC_dict_rdict.pcm  
  inflating: /tmp/maxwoo/5FA1B5AA0AE33B130B3DEAFCFA470335_2564/lib/MixedBuffer_cpp.d  
  inflating: /tmp/maxwoo/5FA1B5AA0AE33B130B3DEAFCFA470335_2564/lib/MixedBuffer_cpp.so  
  inflating: /tmp/maxwoo/5FA1B5AA0AE33B130B3DEAFCFA470335_2564/lib/MixedBuffer.h  
  inflating: /tmp/maxwoo/5FA1B5AA0AE33B130B3DEAFCFA470335_2564/lib/my_event.cpp  
  inflating: /tmp/maxwoo/5FA1B5AA0AE33B130B3DEAFCFA470335_2564/lib/my_event_cpp_ACLiC_dict_rdict.pcm  
  inflating: /tmp/maxwoo/5FA1B5AA0AE33B130B3DEAFCFA470335_2564/lib/my_event_cpp.d  
  inflating: /tmp/maxwoo/5FA1B5AA0AE33B130B3DEAFCFA470335_2564/lib/my_event_cpp.so  
  inflating: /tmp/maxwoo/5FA1B5AA0AE33B130B3DEAFCFA470335_2564/lib/my_event.h  
  inflating: /tmp/maxwoo/5FA1B5AA0AE33B130B3DEAFCFA470335_2564/lib/my_particle.cpp  
  inflating: /tmp/maxwoo/5FA1B5AA0AE33B130B3DEAFCFA470335_2564/lib/my_particle_cpp_ACLiC_dict_rdict.pcm  
  inflating: /tmp/maxwoo/5FA1B5AA0AE33B130B3DEAFCFA470335_2564/lib/my_particle_cpp.d  
  inflating: /tmp/maxwoo/5FA1B5AA0AE33B130B3DEAFCFA470335_2564/lib/my_particle_cpp.so  
  inflating: /tmp/maxwoo/5FA1B5AA0AE33B130B3DEAFCFA470335_2564/lib/my_particle.h  
  inflating: /tmp/maxwoo/5FA1B5AA0AE33B130B3DEAFCFA470335_2564/lib/NpartNormalizer.cpp  
  inflating: /tmp/maxwoo/5FA1B5AA0AE33B130B3DEAFCFA470335_2564/lib/NpartNormalizer_cpp_ACLiC_dict_rdict.pcm  
  inflating: /tmp/maxwoo/5FA1B5AA0AE33B130B3DEAFCFA470335_2564/lib/NpartNormalizer_cpp.d  
  inflating: /tmp/maxwoo/5FA1B5AA0AE33B130B3DEAFCFA470335_2564/lib/NpartNormalizer_cpp.so  
  inflating: /tmp/maxwoo/5FA1B5AA0AE33B130B3DEAFCFA470335_2564/lib/NpartNormalizer.h  
Running: cp /star/data01/pwg/xiatong/AMPT/14GeV/data_1441184361.root /tmp/maxwoo/5FA1B5AA0AE33B130B3DEAFCFA470335_2564/INPUTFILES/data_1441184361.root
Running: cp /star/data01/pwg/xiatong/AMPT/14GeV/data_1441184771.root /tmp/maxwoo/5FA1B5AA0AE33B130B3DEAFCFA470335_2564/INPUTFILES/data_1441184771.root
Running: cp /star/data01/pwg/xiatong/AMPT/14GeV/data_1441187181.root /tmp/maxwoo/5FA1B5AA0AE33B130B3DEAFCFA470335_2564/INPUTFILES/data_1441187181.root
Running: cp /star/data01/pwg/xiatong/AMPT/14GeV/data_1441212071.root /tmp/maxwoo/5FA1B5AA0AE33B130B3DEAFCFA470335_2564/INPUTFILES/data_1441212071.root
Running: cp /star/data01/pwg/xiatong/AMPT/14GeV/data_1441212081.root /tmp/maxwoo/5FA1B5AA0AE33B130B3DEAFCFA470335_2564/INPUTFILES/data_1441212081.root
Running: cp /star/data01/pwg/xiatong/AMPT/14GeV/data_1441312031.root /tmp/maxwoo/5FA1B5AA0AE33B130B3DEAFCFA470335_2564/INPUTFILES/data_1441312031.root
Running: cp /star/data01/pwg/xiatong/AMPT/14GeV/data_1441312041.root /tmp/maxwoo/5FA1B5AA0AE33B130B3DEAFCFA470335_2564/INPUTFILES/data_1441312041.root
Running: cp /star/data01/pwg/xiatong/AMPT/14GeV/data_1441312051.root /tmp/maxwoo/5FA1B5AA0AE33B130B3DEAFCFA470335_2564/INPUTFILES/data_1441312051.root
Running: cp /star/data01/pwg/xiatong/AMPT/14GeV/data_1441312111.root /tmp/maxwoo/5FA1B5AA0AE33B130B3DEAFCFA470335_2564/INPUTFILES/data_1441312111.root
Running: cp /star/data01/pwg/xiatong/AMPT/14GeV/data_1441411961.root /tmp/maxwoo/5FA1B5AA0AE33B130B3DEAFCFA470335_2564/INPUTFILES/data_1441411961.root
Running: cp /star/data01/pwg/xiatong/AMPT/14GeV/data_1441411971.root /tmp/maxwoo/5FA1B5AA0AE33B130B3DEAFCFA470335_2564/INPUTFILES/data_1441411971.root
Running: cp /star/data01/pwg/xiatong/AMPT/14GeV/data_1441411981.root /tmp/maxwoo/5FA1B5AA0AE33B130B3DEAFCFA470335_2564/INPUTFILES/data_1441411981.root
Running: cp /star/data01/pwg/xiatong/AMPT/14GeV/data_1441411991.root /tmp/maxwoo/5FA1B5AA0AE33B130B3DEAFCFA470335_2564/INPUTFILES/data_1441411991.root
Running: cp /star/data01/pwg/xiatong/AMPT/14GeV/data_1441412001.root /tmp/maxwoo/5FA1B5AA0AE33B130B3DEAFCFA470335_2564/INPUTFILES/data_1441412001.root
Running: cp /star/data01/pwg/xiatong/AMPT/14GeV/data_1441511941.root /tmp/maxwoo/5FA1B5AA0AE33B130B3DEAFCFA470335_2564/INPUTFILES/data_1441511941.root
Running: cp /star/data01/pwg/xiatong/AMPT/14GeV/data_1441511951.root /tmp/maxwoo/5FA1B5AA0AE33B130B3DEAFCFA470335_2564/INPUTFILES/data_1441511951.root
Running: cp /star/data01/pwg/xiatong/AMPT/14GeV/data_1441512011.root /tmp/maxwoo/5FA1B5AA0AE33B130B3DEAFCFA470335_2564/INPUTFILES/data_1441512011.root
Running: cp /star/data01/pwg/xiatong/AMPT/14GeV/data_1441611891.root /tmp/maxwoo/5FA1B5AA0AE33B130B3DEAFCFA470335_2564/INPUTFILES/data_1441611891.root
Running: cp /star/data01/pwg/xiatong/AMPT/14GeV/data_1441611901.root /tmp/maxwoo/5FA1B5AA0AE33B130B3DEAFCFA470335_2564/INPUTFILES/data_1441611901.root
Running: cp /star/data01/pwg/xiatong/AMPT/14GeV/data_1441611911.root /tmp/maxwoo/5FA1B5AA0AE33B130B3DEAFCFA470335_2564/INPUTFILES/data_1441611911.root
Running: cp /star/data01/pwg/xiatong/AMPT/14GeV/data_1441611921.root /tmp/maxwoo/5FA1B5AA0AE33B130B3DEAFCFA470335_2564/INPUTFILES/data_1441611921.root
Running: cp /star/data01/pwg/xiatong/AMPT/14GeV/data_1441611931.root /tmp/maxwoo/5FA1B5AA0AE33B130B3DEAFCFA470335_2564/INPUTFILES/data_1441611931.root
Running: cp /star/data01/pwg/xiatong/AMPT/14GeV/data_1441711881.root /tmp/maxwoo/5FA1B5AA0AE33B130B3DEAFCFA470335_2564/INPUTFILES/data_1441711881.root
Running: cp /star/data01/pwg/xiatong/AMPT/14GeV/data_1441811841.root /tmp/maxwoo/5FA1B5AA0AE33B130B3DEAFCFA470335_2564/INPUTFILES/data_1441811841.root
Running: cp /star/data01/pwg/xiatong/AMPT/14GeV/data_1441811871.root /tmp/maxwoo/5FA1B5AA0AE33B130B3DEAFCFA470335_2564/INPUTFILES/data_1441811871.root
Running: cp /star/data01/pwg/xiatong/AMPT/14GeV/data_1441812021.root /tmp/maxwoo/5FA1B5AA0AE33B130B3DEAFCFA470335_2564/INPUTFILES/data_1441812021.root
Running: cp /star/data01/pwg/xiatong/AMPT/14GeV/data_1441911851.root /tmp/maxwoo/5FA1B5AA0AE33B130B3DEAFCFA470335_2564/INPUTFILES/data_1441911851.root
Running: cp /star/data01/pwg/xiatong/AMPT/14GeV/data_1441911861.root /tmp/maxwoo/5FA1B5AA0AE33B130B3DEAFCFA470335_2564/INPUTFILES/data_1441911861.root
Running: cp /star/data01/pwg/xiatong/AMPT/14GeV/data_1442011801.root /tmp/maxwoo/5FA1B5AA0AE33B130B3DEAFCFA470335_2564/INPUTFILES/data_1442011801.root
Running: cp /star/data01/pwg/xiatong/AMPT/14GeV/data_1442011821.root /tmp/maxwoo/5FA1B5AA0AE33B130B3DEAFCFA470335_2564/INPUTFILES/data_1442011821.root
Running: cp /star/data01/pwg/xiatong/AMPT/14GeV/data_1442011831.root /tmp/maxwoo/5FA1B5AA0AE33B130B3DEAFCFA470335_2564/INPUTFILES/data_1442011831.root
Running: cp /star/data01/pwg/xiatong/AMPT/14GeV/data_1442107781.root /tmp/maxwoo/5FA1B5AA0AE33B130B3DEAFCFA470335_2564/INPUTFILES/data_1442107781.root
Running: cp /star/data01/pwg/xiatong/AMPT/14GeV/data_1442107791.root /tmp/maxwoo/5FA1B5AA0AE33B130B3DEAFCFA470335_2564/INPUTFILES/data_1442107791.root
Running: cp /star/data01/pwg/xiatong/AMPT/14GeV/data_1442107801.root /tmp/maxwoo/5FA1B5AA0AE33B130B3DEAFCFA470335_2564/INPUTFILES/data_1442107801.root
Running: cp /star/data01/pwg/xiatong/AMPT/14GeV/data_1442111761.root /tmp/maxwoo/5FA1B5AA0AE33B130B3DEAFCFA470335_2564/INPUTFILES/data_1442111761.root
Running: cp /star/data01/pwg/xiatong/AMPT/14GeV/data_1442111781.root /tmp/maxwoo/5FA1B5AA0AE33B130B3DEAFCFA470335_2564/INPUTFILES/data_1442111781.root
Running: cp /star/data01/pwg/xiatong/AMPT/14GeV/data_1442111791.root /tmp/maxwoo/5FA1B5AA0AE33B130B3DEAFCFA470335_2564/INPUTFILES/data_1442111791.root
Swapping $FILELIST with: /tmp/maxwoo/5FA1B5AA0AE33B130B3DEAFCFA470335_2564/INPUTFILES/5FA1B5AA0AE33B130B3DEAFCFA470335_2564.local.list
+++++++++++local copy debug++++++++++++++++++++
newFileList: /tmp/maxwoo/5FA1B5AA0AE33B130B3DEAFCFA470335_2564/INPUTFILES/5FA1B5AA0AE33B130B3DEAFCFA470335_2564.local.list
++++++++++++++++cat FILELIST+++++++++++++++++++
/tmp/maxwoo/5FA1B5AA0AE33B130B3DEAFCFA470335_2564/INPUTFILES/data_1441184361.root 
/tmp/maxwoo/5FA1B5AA0AE33B130B3DEAFCFA470335_2564/INPUTFILES/data_1441184771.root 
/tmp/maxwoo/5FA1B5AA0AE33B130B3DEAFCFA470335_2564/INPUTFILES/data_1441187181.root 
/tmp/maxwoo/5FA1B5AA0AE33B130B3DEAFCFA470335_2564/INPUTFILES/data_1441212071.root 
/tmp/maxwoo/5FA1B5AA0AE33B130B3DEAFCFA470335_2564/INPUTFILES/data_1441212081.root 
/tmp/maxwoo/5FA1B5AA0AE33B130B3DEAFCFA470335_2564/INPUTFILES/data_1441312031.root 
/tmp/maxwoo/5FA1B5AA0AE33B130B3DEAFCFA470335_2564/INPUTFILES/data_1441312041.root 
/tmp/maxwoo/5FA1B5AA0AE33B130B3DEAFCFA470335_2564/INPUTFILES/data_1441312051.root 
/tmp/maxwoo/5FA1B5AA0AE33B130B3DEAFCFA470335_2564/INPUTFILES/data_1441312111.root 
/tmp/maxwoo/5FA1B5AA0AE33B130B3DEAFCFA470335_2564/INPUTFILES/data_1441411961.root 
/tmp/maxwoo/5FA1B5AA0AE33B130B3DEAFCFA470335_2564/INPUTFILES/data_1441411971.root 
/tmp/maxwoo/5FA1B5AA0AE33B130B3DEAFCFA470335_2564/INPUTFILES/data_1441411981.root 
/tmp/maxwoo/5FA1B5AA0AE33B130B3DEAFCFA470335_2564/INPUTFILES/data_1441411991.root 
/tmp/maxwoo/5FA1B5AA0AE33B130B3DEAFCFA470335_2564/INPUTFILES/data_1441412001.root 
/tmp/maxwoo/5FA1B5AA0AE33B130B3DEAFCFA470335_2564/INPUTFILES/data_1441511941.root 
/tmp/maxwoo/5FA1B5AA0AE33B130B3DEAFCFA470335_2564/INPUTFILES/data_1441511951.root 
/tmp/maxwoo/5FA1B5AA0AE33B130B3DEAFCFA470335_2564/INPUTFILES/data_1441512011.root 
/tmp/maxwoo/5FA1B5AA0AE33B130B3DEAFCFA470335_2564/INPUTFILES/data_1441611891.root 
/tmp/maxwoo/5FA1B5AA0AE33B130B3DEAFCFA470335_2564/INPUTFILES/data_1441611901.root 
/tmp/maxwoo/5FA1B5AA0AE33B130B3DEAFCFA470335_2564/INPUTFILES/data_1441611911.root 
/tmp/maxwoo/5FA1B5AA0AE33B130B3DEAFCFA470335_2564/INPUTFILES/data_1441611921.root 
/tmp/maxwoo/5FA1B5AA0AE33B130B3DEAFCFA470335_2564/INPUTFILES/data_1441611931.root 
/tmp/maxwoo/5FA1B5AA0AE33B130B3DEAFCFA470335_2564/INPUTFILES/data_1441711881.root 
/tmp/maxwoo/5FA1B5AA0AE33B130B3DEAFCFA470335_2564/INPUTFILES/data_1441811841.root 
/tmp/maxwoo/5FA1B5AA0AE33B130B3DEAFCFA470335_2564/INPUTFILES/data_1441811871.root 
/tmp/maxwoo/5FA1B5AA0AE33B130B3DEAFCFA470335_2564/INPUTFILES/data_1441812021.root 
/tmp/maxwoo/5FA1B5AA0AE33B130B3DEAFCFA470335_2564/INPUTFILES/data_1441911851.root 
/tmp/maxwoo/5FA1B5AA0AE33B130B3DEAFCFA470335_2564/INPUTFILES/data_1441911861.root 
/tmp/maxwoo/5FA1B5AA0AE33B130B3DEAFCFA470335_2564/INPUTFILES/data_1442011801.root 
/tmp/maxwoo/5FA1B5AA0AE33B130B3DEAFCFA470335_2564/INPUTFILES/data_1442011821.root 
/tmp/maxwoo/5FA1B5AA0AE33B130B3DEAFCFA470335_2564/INPUTFILES/data_1442011831.root 
/tmp/maxwoo/5FA1B5AA0AE33B130B3DEAFCFA470335_2564/INPUTFILES/data_1442107781.root 
/tmp/maxwoo/5FA1B5AA0AE33B130B3DEAFCFA470335_2564/INPUTFILES/data_1442107791.root 
/tmp/maxwoo/5FA1B5AA0AE33B130B3DEAFCFA470335_2564/INPUTFILES/data_1442107801.root 
/tmp/maxwoo/5FA1B5AA0AE33B130B3DEAFCFA470335_2564/INPUTFILES/data_1442111761.root 
/tmp/maxwoo/5FA1B5AA0AE33B130B3DEAFCFA470335_2564/INPUTFILES/data_1442111781.root 
/tmp/maxwoo/5FA1B5AA0AE33B130B3DEAFCFA470335_2564/INPUTFILES/data_1442111791.root 
++++++++++++++++++++find.++++++++++++++++++++++
.
./.errror.log
./.output.log
./Check_Cf.C
./check.C
./lib
./lib/CenMaker.cpp
./lib/CenMaker_cpp_ACLiC_dict_rdict.pcm
./lib/CenMaker_cpp.d
./lib/CenMaker_cpp.so
./lib/CenMaker.h
./lib/MixedBuffer.cpp
./lib/MixedBuffer_cpp_ACLiC_dict_rdict.pcm
./lib/MixedBuffer_cpp.d
./lib/MixedBuffer_cpp.so
./lib/MixedBuffer.h
./lib/my_event.cpp
./lib/my_event_cpp_ACLiC_dict_rdict.pcm
./lib/my_event_cpp.d
./lib/my_event_cpp.so
./lib/my_event.h
./lib/my_particle.cpp
./lib/my_particle_cpp_ACLiC_dict_rdict.pcm
./lib/my_particle_cpp.d
./lib/my_particle_cpp.so
./lib/my_particle.h
./lib/NpartNormalizer.cpp
./lib/NpartNormalizer_cpp_ACLiC_dict_rdict.pcm
./lib/NpartNormalizer_cpp.d
./lib/NpartNormalizer_cpp.so
./lib/NpartNormalizer.h
./.sandboxFiles
./INPUTFILES
./INPUTFILES/5FA1B5AA0AE33B130B3DEAFCFA470335_2564.local.list
./INPUTFILES/data_1441184361.root
./INPUTFILES/data_1441184771.root
./INPUTFILES/data_1441187181.root
./INPUTFILES/data_1441212071.root
./INPUTFILES/data_1441212081.root
./INPUTFILES/data_1441312031.root
./INPUTFILES/data_1441312041.root
./INPUTFILES/data_1441312051.root
./INPUTFILES/data_1441312111.root
./INPUTFILES/data_1441411961.root
./INPUTFILES/data_1441411971.root
./INPUTFILES/data_1441411981.root
./INPUTFILES/data_1441411991.root
./INPUTFILES/data_1441412001.root
./INPUTFILES/data_1441511941.root
./INPUTFILES/data_1441511951.root
./INPUTFILES/data_1441512011.root
./INPUTFILES/data_1441611891.root
./INPUTFILES/data_1441611901.root
./INPUTFILES/data_1441611911.root
./INPUTFILES/data_1441611921.root
./INPUTFILES/data_1441611931.root
./INPUTFILES/data_1441711881.root
./INPUTFILES/data_1441811841.root
./INPUTFILES/data_1441811871.root
./INPUTFILES/data_1441812021.root
./INPUTFILES/data_1441911851.root
./INPUTFILES/data_1441911861.root
./INPUTFILES/data_1442011801.root
./INPUTFILES/data_1442011821.root
./INPUTFILES/data_1442011831.root
./INPUTFILES/data_1442107781.root
./INPUTFILES/data_1442107791.root
./INPUTFILES/data_1442107801.root
./INPUTFILES/data_1442111761.root
./INPUTFILES/data_1442111781.root
./INPUTFILES/data_1442111791.root
++++++++++++++++INPUTFILE Var++++++++++++++++++
FILELIST=/tmp/maxwoo/5FA1B5AA0AE33B130B3DEAFCFA470335_2564/INPUTFILES/5FA1B5AA0AE33B130B3DEAFCFA470335_2564.local.list
INPUTFILECOUNT=37
INPUTFILE0=/tmp/maxwoo/5FA1B5AA0AE33B130B3DEAFCFA470335_2564/INPUTFILES/data_1441184361.root
INPUTFILE1=/tmp/maxwoo/5FA1B5AA0AE33B130B3DEAFCFA470335_2564/INPUTFILES/data_1441184771.root
INPUTFILE2=/tmp/maxwoo/5FA1B5AA0AE33B130B3DEAFCFA470335_2564/INPUTFILES/data_1441187181.root
INPUTFILE3=/tmp/maxwoo/5FA1B5AA0AE33B130B3DEAFCFA470335_2564/INPUTFILES/data_1441212071.root
INPUTFILE4=/tmp/maxwoo/5FA1B5AA0AE33B130B3DEAFCFA470335_2564/INPUTFILES/data_1441212081.root
INPUTFILE5=/tmp/maxwoo/5FA1B5AA0AE33B130B3DEAFCFA470335_2564/INPUTFILES/data_1441312031.root
INPUTFILE6=/tmp/maxwoo/5FA1B5AA0AE33B130B3DEAFCFA470335_2564/INPUTFILES/data_1441312041.root
INPUTFILE7=/tmp/maxwoo/5FA1B5AA0AE33B130B3DEAFCFA470335_2564/INPUTFILES/data_1441312051.root
INPUTFILE8=/tmp/maxwoo/5FA1B5AA0AE33B130B3DEAFCFA470335_2564/INPUTFILES/data_1441312111.root
INPUTFILE9=/tmp/maxwoo/5FA1B5AA0AE33B130B3DEAFCFA470335_2564/INPUTFILES/data_1441411961.root
INPUTFILE10=/tmp/maxwoo/5FA1B5AA0AE33B130B3DEAFCFA470335_2564/INPUTFILES/data_1441411971.root
INPUTFILE11=/tmp/maxwoo/5FA1B5AA0AE33B130B3DEAFCFA470335_2564/INPUTFILES/data_1441411981.root
INPUTFILE12=/tmp/maxwoo/5FA1B5AA0AE33B130B3DEAFCFA470335_2564/INPUTFILES/data_1441411991.root
INPUTFILE13=/tmp/maxwoo/5FA1B5AA0AE33B130B3DEAFCFA470335_2564/INPUTFILES/data_1441412001.root
INPUTFILE14=/tmp/maxwoo/5FA1B5AA0AE33B130B3DEAFCFA470335_2564/INPUTFILES/data_1441511941.root
INPUTFILE15=/tmp/maxwoo/5FA1B5AA0AE33B130B3DEAFCFA470335_2564/INPUTFILES/data_1441511951.root
INPUTFILE16=/tmp/maxwoo/5FA1B5AA0AE33B130B3DEAFCFA470335_2564/INPUTFILES/data_1441512011.root
INPUTFILE17=/tmp/maxwoo/5FA1B5AA0AE33B130B3DEAFCFA470335_2564/INPUTFILES/data_1441611891.root
INPUTFILE18=/tmp/maxwoo/5FA1B5AA0AE33B130B3DEAFCFA470335_2564/INPUTFILES/data_1441611901.root
INPUTFILE19=/tmp/maxwoo/5FA1B5AA0AE33B130B3DEAFCFA470335_2564/INPUTFILES/data_1441611911.root
INPUTFILE20=/tmp/maxwoo/5FA1B5AA0AE33B130B3DEAFCFA470335_2564/INPUTFILES/data_1441611921.root
INPUTFILE21=/tmp/maxwoo/5FA1B5AA0AE33B130B3DEAFCFA470335_2564/INPUTFILES/data_1441611931.root
INPUTFILE22=/tmp/maxwoo/5FA1B5AA0AE33B130B3DEAFCFA470335_2564/INPUTFILES/data_1441711881.root
INPUTFILE23=/tmp/maxwoo/5FA1B5AA0AE33B130B3DEAFCFA470335_2564/INPUTFILES/data_1441811841.root
INPUTFILE24=/tmp/maxwoo/5FA1B5AA0AE33B130B3DEAFCFA470335_2564/INPUTFILES/data_1441811871.root
INPUTFILE25=/tmp/maxwoo/5FA1B5AA0AE33B130B3DEAFCFA470335_2564/INPUTFILES/data_1441812021.root
INPUTFILE26=/tmp/maxwoo/5FA1B5AA0AE33B130B3DEAFCFA470335_2564/INPUTFILES/data_1441911851.root
INPUTFILE27=/tmp/maxwoo/5FA1B5AA0AE33B130B3DEAFCFA470335_2564/INPUTFILES/data_1441911861.root
INPUTFILE28=/tmp/maxwoo/5FA1B5AA0AE33B130B3DEAFCFA470335_2564/INPUTFILES/data_1442011801.root
INPUTFILE29=/tmp/maxwoo/5FA1B5AA0AE33B130B3DEAFCFA470335_2564/INPUTFILES/data_1442011821.root
INPUTFILE30=/tmp/maxwoo/5FA1B5AA0AE33B130B3DEAFCFA470335_2564/INPUTFILES/data_1442011831.root
INPUTFILE31=/tmp/maxwoo/5FA1B5AA0AE33B130B3DEAFCFA470335_2564/INPUTFILES/data_1442107781.root
INPUTFILE32=/tmp/maxwoo/5FA1B5AA0AE33B130B3DEAFCFA470335_2564/INPUTFILES/data_1442107791.root
INPUTFILE33=/tmp/maxwoo/5FA1B5AA0AE33B130B3DEAFCFA470335_2564/INPUTFILES/data_1442107801.root
INPUTFILE34=/tmp/maxwoo/5FA1B5AA0AE33B130B3DEAFCFA470335_2564/INPUTFILES/data_1442111761.root
INPUTFILE35=/tmp/maxwoo/5FA1B5AA0AE33B130B3DEAFCFA470335_2564/INPUTFILES/data_1442111781.root
INPUTFILE36=/tmp/maxwoo/5FA1B5AA0AE33B130B3DEAFCFA470335_2564/INPUTFILES/data_1442111791.root
LocalInputFileDir=/tmp/maxwoo/5FA1B5AA0AE33B130B3DEAFCFA470335_2564/INPUTFILES
NewFILELIST=/tmp/maxwoo/5FA1B5AA0AE33B130B3DEAFCFA470335_2564/INPUTFILES/5FA1B5AA0AE33B130B3DEAFCFA470335_2564.local.list
+++++++++++++++++++++++++++++++++++++++++++++++
--------------------------------
Simple Unified Meta Scheduler 1.10.50 we are starting in $SCRATCH : /home/tmp/maxwoo/5FA1B5AA0AE33B130B3DEAFCFA470335_2564
--------------------------------
total 44
-rw-r--r-- 1 maxwoo rhstar   656 Apr  4 01:57 check.C
-rw-r--r-- 1 maxwoo rhstar 29351 May 22 02:49 Check_Cf.C
drwxr-xr-x 2 maxwoo rhstar  4096 May 22 07:58 INPUTFILES
drwxr-xr-x 2 maxwoo rhstar  4096 May 22 03:09 lib
  *******************************************
  *                                         *
  *        W E L C O M E  to  R O O T       *
  *                                         *
  *   Version   5.34/38     12 March 2018   *
  *                                         *
  *  You are welcome to visit our Web site  *
  *          http://root.cern.ch            *
  *                                         *
  *******************************************

ROOT 5.34/38 (v5-34-38@v5-34-38, Mar 12 2018, 15:49:39 on linux)

CINT/ROOT C/C++ Interpreter version 5.18.00, July 2, 2010
Type ? for help. Commands must be C++ statements.
Enclose multiple statements between { }.
*** Float Point Exception is OFF ***
 *** Start at Date : Sun May 22 07:58:36 2022
QAInfo:You are using STAR_LEVEL : dev, ROOT_LEVEL : 5.34.38 and node : rcas2024.rcf.bnl.gov 

Processing check.C++("/tmp/maxwoo/5FA1B5AA0AE33B130B3DEAFCFA470335_2564/INPUTFILES/5FA1B5AA0AE33B130B3DEAFCFA470335_2564.local.list","5FA1B5AA0AE33B130B3DEAFCFA470335_2564",1)...

This is the end of ROOT -- Goodbye

Cleaning up sandbox file:  /tmp/maxwoo/5FA1B5AA0AE33B130B3DEAFCFA470335_2564/check.C
Cleaning up sandbox file:  /tmp/maxwoo/5FA1B5AA0AE33B130B3DEAFCFA470335_2564/Check_Cf.C
Cleaning up sandbox file:  /tmp/maxwoo/5FA1B5AA0AE33B130B3DEAFCFA470335_2564/lib
Cleaning up sandbox file:  /tmp/maxwoo/5FA1B5AA0AE33B130B3DEAFCFA470335_2564/.sandboxFiles
Error: Scheduler could not find any files in $SCRATCH matching your <output> tag fromScratch value: *.root 
258323 Execution of (/star/data01/pwg/xiatong/git/strangeness/script/sched5FA1B5AA0AE33B130B3DEAFCFA470335_2564.csh ) has ended, exiting normally
258323 We END on [Sun May 22 07:58:39 EDT 2022]
