We are starting on node: rcas2027.rcf.bnl.gov
HOME is not defined
Using getent method
HOME is now /star/u/maxwoo
139654 We will spawn ourselves (/star/data01/pwg/xiatong/git/strangeness/script/sched5FA1B5AA0AE33B130B3DEAFCFA470335_2037.csh )
139654 We BEGIN on [Sun May 22 08:09:09 EDT 2022]
[1] 140073
139654 We are waiting for 140073 
139654 Grandchild PID is 140121 - found in 0 x 1 seconds
139654 Establishing first watcher   on    Sun May 22 08:09:09 EDT 2022
139654 Process tree is 139654 (main) -> 140073 (child) -> 140121 (grandchild)
F S   UID    PID   PPID  C PRI  NI ADDR SZ WCHAN  TTY        TIME CMD
0 S 100667 140121 140073  0 80   0 - 28373 pipe_w ?          0:00 awk {printf($1"\n")}
140073 Stepping into the main SUMS wrapper program with []
Archive:  /star/data01/pwg/xiatong/git/strangeness/package.zip
  inflating: /tmp/maxwoo/5FA1B5AA0AE33B130B3DEAFCFA470335_2037/Check_Cf.C  
  inflating: /tmp/maxwoo/5FA1B5AA0AE33B130B3DEAFCFA470335_2037/check.C  
   creating: /tmp/maxwoo/5FA1B5AA0AE33B130B3DEAFCFA470335_2037/lib/
  inflating: /tmp/maxwoo/5FA1B5AA0AE33B130B3DEAFCFA470335_2037/lib/CenMaker.cpp  
  inflating: /tmp/maxwoo/5FA1B5AA0AE33B130B3DEAFCFA470335_2037/lib/CenMaker_cpp_ACLiC_dict_rdict.pcm  
  inflating: /tmp/maxwoo/5FA1B5AA0AE33B130B3DEAFCFA470335_2037/lib/CenMaker_cpp.d  
  inflating: /tmp/maxwoo/5FA1B5AA0AE33B130B3DEAFCFA470335_2037/lib/CenMaker_cpp.so  
  inflating: /tmp/maxwoo/5FA1B5AA0AE33B130B3DEAFCFA470335_2037/lib/CenMaker.h  
  inflating: /tmp/maxwoo/5FA1B5AA0AE33B130B3DEAFCFA470335_2037/lib/MixedBuffer.cpp  
  inflating: /tmp/maxwoo/5FA1B5AA0AE33B130B3DEAFCFA470335_2037/lib/MixedBuffer_cpp_ACLiC_dict_rdict.pcm  
  inflating: /tmp/maxwoo/5FA1B5AA0AE33B130B3DEAFCFA470335_2037/lib/MixedBuffer_cpp.d  
  inflating: /tmp/maxwoo/5FA1B5AA0AE33B130B3DEAFCFA470335_2037/lib/MixedBuffer_cpp.so  
  inflating: /tmp/maxwoo/5FA1B5AA0AE33B130B3DEAFCFA470335_2037/lib/MixedBuffer.h  
  inflating: /tmp/maxwoo/5FA1B5AA0AE33B130B3DEAFCFA470335_2037/lib/my_event.cpp  
  inflating: /tmp/maxwoo/5FA1B5AA0AE33B130B3DEAFCFA470335_2037/lib/my_event_cpp_ACLiC_dict_rdict.pcm  
  inflating: /tmp/maxwoo/5FA1B5AA0AE33B130B3DEAFCFA470335_2037/lib/my_event_cpp.d  
  inflating: /tmp/maxwoo/5FA1B5AA0AE33B130B3DEAFCFA470335_2037/lib/my_event_cpp.so  
  inflating: /tmp/maxwoo/5FA1B5AA0AE33B130B3DEAFCFA470335_2037/lib/my_event.h  
  inflating: /tmp/maxwoo/5FA1B5AA0AE33B130B3DEAFCFA470335_2037/lib/my_particle.cpp  
  inflating: /tmp/maxwoo/5FA1B5AA0AE33B130B3DEAFCFA470335_2037/lib/my_particle_cpp_ACLiC_dict_rdict.pcm  
  inflating: /tmp/maxwoo/5FA1B5AA0AE33B130B3DEAFCFA470335_2037/lib/my_particle_cpp.d  
  inflating: /tmp/maxwoo/5FA1B5AA0AE33B130B3DEAFCFA470335_2037/lib/my_particle_cpp.so  
  inflating: /tmp/maxwoo/5FA1B5AA0AE33B130B3DEAFCFA470335_2037/lib/my_particle.h  
  inflating: /tmp/maxwoo/5FA1B5AA0AE33B130B3DEAFCFA470335_2037/lib/NpartNormalizer.cpp  
  inflating: /tmp/maxwoo/5FA1B5AA0AE33B130B3DEAFCFA470335_2037/lib/NpartNormalizer_cpp_ACLiC_dict_rdict.pcm  
  inflating: /tmp/maxwoo/5FA1B5AA0AE33B130B3DEAFCFA470335_2037/lib/NpartNormalizer_cpp.d  
  inflating: /tmp/maxwoo/5FA1B5AA0AE33B130B3DEAFCFA470335_2037/lib/NpartNormalizer_cpp.so  
  inflating: /tmp/maxwoo/5FA1B5AA0AE33B130B3DEAFCFA470335_2037/lib/NpartNormalizer.h  
Running: cp /star/data01/pwg/xiatong/AMPT/14GeV/data_925682651.root /tmp/maxwoo/5FA1B5AA0AE33B130B3DEAFCFA470335_2037/INPUTFILES/data_925682651.root
Running: cp /star/data01/pwg/xiatong/AMPT/14GeV/data_925682661.root /tmp/maxwoo/5FA1B5AA0AE33B130B3DEAFCFA470335_2037/INPUTFILES/data_925682661.root
Running: cp /star/data01/pwg/xiatong/AMPT/14GeV/data_925782611.root /tmp/maxwoo/5FA1B5AA0AE33B130B3DEAFCFA470335_2037/INPUTFILES/data_925782611.root
Running: cp /star/data01/pwg/xiatong/AMPT/14GeV/data_925782641.root /tmp/maxwoo/5FA1B5AA0AE33B130B3DEAFCFA470335_2037/INPUTFILES/data_925782641.root
Running: cp /star/data01/pwg/xiatong/AMPT/14GeV/data_925882581.root /tmp/maxwoo/5FA1B5AA0AE33B130B3DEAFCFA470335_2037/INPUTFILES/data_925882581.root
Running: cp /star/data01/pwg/xiatong/AMPT/14GeV/data_925882591.root /tmp/maxwoo/5FA1B5AA0AE33B130B3DEAFCFA470335_2037/INPUTFILES/data_925882591.root
Running: cp /star/data01/pwg/xiatong/AMPT/14GeV/data_925982571.root /tmp/maxwoo/5FA1B5AA0AE33B130B3DEAFCFA470335_2037/INPUTFILES/data_925982571.root
Running: cp /star/data01/pwg/xiatong/AMPT/14GeV/data_925982601.root /tmp/maxwoo/5FA1B5AA0AE33B130B3DEAFCFA470335_2037/INPUTFILES/data_925982601.root
Running: cp /star/data01/pwg/xiatong/AMPT/14GeV/data_925982621.root /tmp/maxwoo/5FA1B5AA0AE33B130B3DEAFCFA470335_2037/INPUTFILES/data_925982621.root
Running: cp /star/data01/pwg/xiatong/AMPT/14GeV/data_925982631.root /tmp/maxwoo/5FA1B5AA0AE33B130B3DEAFCFA470335_2037/INPUTFILES/data_925982631.root
Running: cp /star/data01/pwg/xiatong/AMPT/14GeV/data_926082561.root /tmp/maxwoo/5FA1B5AA0AE33B130B3DEAFCFA470335_2037/INPUTFILES/data_926082561.root
Running: cp /star/data01/pwg/xiatong/AMPT/14GeV/data_926102071.root /tmp/maxwoo/5FA1B5AA0AE33B130B3DEAFCFA470335_2037/INPUTFILES/data_926102071.root
Running: cp /star/data01/pwg/xiatong/AMPT/14GeV/data_926105701.root /tmp/maxwoo/5FA1B5AA0AE33B130B3DEAFCFA470335_2037/INPUTFILES/data_926105701.root
Running: cp /star/data01/pwg/xiatong/AMPT/14GeV/data_926107471.root /tmp/maxwoo/5FA1B5AA0AE33B130B3DEAFCFA470335_2037/INPUTFILES/data_926107471.root
Running: cp /star/data01/pwg/xiatong/AMPT/14GeV/data_926111481.root /tmp/maxwoo/5FA1B5AA0AE33B130B3DEAFCFA470335_2037/INPUTFILES/data_926111481.root
Running: cp /star/data01/pwg/xiatong/AMPT/14GeV/data_926123431.root /tmp/maxwoo/5FA1B5AA0AE33B130B3DEAFCFA470335_2037/INPUTFILES/data_926123431.root
Running: cp /star/data01/pwg/xiatong/AMPT/14GeV/data_926123451.root /tmp/maxwoo/5FA1B5AA0AE33B130B3DEAFCFA470335_2037/INPUTFILES/data_926123451.root
Running: cp /star/data01/pwg/xiatong/AMPT/14GeV/data_926123461.root /tmp/maxwoo/5FA1B5AA0AE33B130B3DEAFCFA470335_2037/INPUTFILES/data_926123461.root
Running: cp /star/data01/pwg/xiatong/AMPT/14GeV/data_926123681.root /tmp/maxwoo/5FA1B5AA0AE33B130B3DEAFCFA470335_2037/INPUTFILES/data_926123681.root
Running: cp /star/data01/pwg/xiatong/AMPT/14GeV/data_926144991.root /tmp/maxwoo/5FA1B5AA0AE33B130B3DEAFCFA470335_2037/INPUTFILES/data_926144991.root
Running: cp /star/data01/pwg/xiatong/AMPT/14GeV/data_926146741.root /tmp/maxwoo/5FA1B5AA0AE33B130B3DEAFCFA470335_2037/INPUTFILES/data_926146741.root
Running: cp /star/data01/pwg/xiatong/AMPT/14GeV/data_926153311.root /tmp/maxwoo/5FA1B5AA0AE33B130B3DEAFCFA470335_2037/INPUTFILES/data_926153311.root
Running: cp /star/data01/pwg/xiatong/AMPT/14GeV/data_926153371.root /tmp/maxwoo/5FA1B5AA0AE33B130B3DEAFCFA470335_2037/INPUTFILES/data_926153371.root
Running: cp /star/data01/pwg/xiatong/AMPT/14GeV/data_926156911.root /tmp/maxwoo/5FA1B5AA0AE33B130B3DEAFCFA470335_2037/INPUTFILES/data_926156911.root
Running: cp /star/data01/pwg/xiatong/AMPT/14GeV/data_926157131.root /tmp/maxwoo/5FA1B5AA0AE33B130B3DEAFCFA470335_2037/INPUTFILES/data_926157131.root
Running: cp /star/data01/pwg/xiatong/AMPT/14GeV/data_926158731.root /tmp/maxwoo/5FA1B5AA0AE33B130B3DEAFCFA470335_2037/INPUTFILES/data_926158731.root
Running: cp /star/data01/pwg/xiatong/AMPT/14GeV/data_926163961.root /tmp/maxwoo/5FA1B5AA0AE33B130B3DEAFCFA470335_2037/INPUTFILES/data_926163961.root
Running: cp /star/data01/pwg/xiatong/AMPT/14GeV/data_926182551.root /tmp/maxwoo/5FA1B5AA0AE33B130B3DEAFCFA470335_2037/INPUTFILES/data_926182551.root
Running: cp /star/data01/pwg/xiatong/AMPT/14GeV/data_926183031.root /tmp/maxwoo/5FA1B5AA0AE33B130B3DEAFCFA470335_2037/INPUTFILES/data_926183031.root
Running: cp /star/data01/pwg/xiatong/AMPT/14GeV/data_926196301.root /tmp/maxwoo/5FA1B5AA0AE33B130B3DEAFCFA470335_2037/INPUTFILES/data_926196301.root
Running: cp /star/data01/pwg/xiatong/AMPT/14GeV/data_926197941.root /tmp/maxwoo/5FA1B5AA0AE33B130B3DEAFCFA470335_2037/INPUTFILES/data_926197941.root
Running: cp /star/data01/pwg/xiatong/AMPT/14GeV/data_926282511.root /tmp/maxwoo/5FA1B5AA0AE33B130B3DEAFCFA470335_2037/INPUTFILES/data_926282511.root
Running: cp /star/data01/pwg/xiatong/AMPT/14GeV/data_926282521.root /tmp/maxwoo/5FA1B5AA0AE33B130B3DEAFCFA470335_2037/INPUTFILES/data_926282521.root
Running: cp /star/data01/pwg/xiatong/AMPT/14GeV/data_926282531.root /tmp/maxwoo/5FA1B5AA0AE33B130B3DEAFCFA470335_2037/INPUTFILES/data_926282531.root
Running: cp /star/data01/pwg/xiatong/AMPT/14GeV/data_926282541.root /tmp/maxwoo/5FA1B5AA0AE33B130B3DEAFCFA470335_2037/INPUTFILES/data_926282541.root
Running: cp /star/data01/pwg/xiatong/AMPT/14GeV/data_926382491.root /tmp/maxwoo/5FA1B5AA0AE33B130B3DEAFCFA470335_2037/INPUTFILES/data_926382491.root
Running: cp /star/data01/pwg/xiatong/AMPT/14GeV/data_926382501.root /tmp/maxwoo/5FA1B5AA0AE33B130B3DEAFCFA470335_2037/INPUTFILES/data_926382501.root
Swapping $FILELIST with: /tmp/maxwoo/5FA1B5AA0AE33B130B3DEAFCFA470335_2037/INPUTFILES/5FA1B5AA0AE33B130B3DEAFCFA470335_2037.local.list
+++++++++++local copy debug++++++++++++++++++++
newFileList: /tmp/maxwoo/5FA1B5AA0AE33B130B3DEAFCFA470335_2037/INPUTFILES/5FA1B5AA0AE33B130B3DEAFCFA470335_2037.local.list
++++++++++++++++cat FILELIST+++++++++++++++++++
/tmp/maxwoo/5FA1B5AA0AE33B130B3DEAFCFA470335_2037/INPUTFILES/data_925682651.root 
/tmp/maxwoo/5FA1B5AA0AE33B130B3DEAFCFA470335_2037/INPUTFILES/data_925682661.root 
/tmp/maxwoo/5FA1B5AA0AE33B130B3DEAFCFA470335_2037/INPUTFILES/data_925782611.root 
/tmp/maxwoo/5FA1B5AA0AE33B130B3DEAFCFA470335_2037/INPUTFILES/data_925782641.root 
/tmp/maxwoo/5FA1B5AA0AE33B130B3DEAFCFA470335_2037/INPUTFILES/data_925882581.root 
/tmp/maxwoo/5FA1B5AA0AE33B130B3DEAFCFA470335_2037/INPUTFILES/data_925882591.root 
/tmp/maxwoo/5FA1B5AA0AE33B130B3DEAFCFA470335_2037/INPUTFILES/data_925982571.root 
/tmp/maxwoo/5FA1B5AA0AE33B130B3DEAFCFA470335_2037/INPUTFILES/data_925982601.root 
/tmp/maxwoo/5FA1B5AA0AE33B130B3DEAFCFA470335_2037/INPUTFILES/data_925982621.root 
/tmp/maxwoo/5FA1B5AA0AE33B130B3DEAFCFA470335_2037/INPUTFILES/data_925982631.root 
/tmp/maxwoo/5FA1B5AA0AE33B130B3DEAFCFA470335_2037/INPUTFILES/data_926082561.root 
/tmp/maxwoo/5FA1B5AA0AE33B130B3DEAFCFA470335_2037/INPUTFILES/data_926102071.root 
/tmp/maxwoo/5FA1B5AA0AE33B130B3DEAFCFA470335_2037/INPUTFILES/data_926105701.root 
/tmp/maxwoo/5FA1B5AA0AE33B130B3DEAFCFA470335_2037/INPUTFILES/data_926107471.root 
/tmp/maxwoo/5FA1B5AA0AE33B130B3DEAFCFA470335_2037/INPUTFILES/data_926111481.root 
/tmp/maxwoo/5FA1B5AA0AE33B130B3DEAFCFA470335_2037/INPUTFILES/data_926123431.root 
/tmp/maxwoo/5FA1B5AA0AE33B130B3DEAFCFA470335_2037/INPUTFILES/data_926123451.root 
/tmp/maxwoo/5FA1B5AA0AE33B130B3DEAFCFA470335_2037/INPUTFILES/data_926123461.root 
/tmp/maxwoo/5FA1B5AA0AE33B130B3DEAFCFA470335_2037/INPUTFILES/data_926123681.root 
/tmp/maxwoo/5FA1B5AA0AE33B130B3DEAFCFA470335_2037/INPUTFILES/data_926144991.root 
/tmp/maxwoo/5FA1B5AA0AE33B130B3DEAFCFA470335_2037/INPUTFILES/data_926146741.root 
/tmp/maxwoo/5FA1B5AA0AE33B130B3DEAFCFA470335_2037/INPUTFILES/data_926153311.root 
/tmp/maxwoo/5FA1B5AA0AE33B130B3DEAFCFA470335_2037/INPUTFILES/data_926153371.root 
/tmp/maxwoo/5FA1B5AA0AE33B130B3DEAFCFA470335_2037/INPUTFILES/data_926156911.root 
/tmp/maxwoo/5FA1B5AA0AE33B130B3DEAFCFA470335_2037/INPUTFILES/data_926157131.root 
/tmp/maxwoo/5FA1B5AA0AE33B130B3DEAFCFA470335_2037/INPUTFILES/data_926158731.root 
/tmp/maxwoo/5FA1B5AA0AE33B130B3DEAFCFA470335_2037/INPUTFILES/data_926163961.root 
/tmp/maxwoo/5FA1B5AA0AE33B130B3DEAFCFA470335_2037/INPUTFILES/data_926182551.root 
/tmp/maxwoo/5FA1B5AA0AE33B130B3DEAFCFA470335_2037/INPUTFILES/data_926183031.root 
/tmp/maxwoo/5FA1B5AA0AE33B130B3DEAFCFA470335_2037/INPUTFILES/data_926196301.root 
/tmp/maxwoo/5FA1B5AA0AE33B130B3DEAFCFA470335_2037/INPUTFILES/data_926197941.root 
/tmp/maxwoo/5FA1B5AA0AE33B130B3DEAFCFA470335_2037/INPUTFILES/data_926282511.root 
/tmp/maxwoo/5FA1B5AA0AE33B130B3DEAFCFA470335_2037/INPUTFILES/data_926282521.root 
/tmp/maxwoo/5FA1B5AA0AE33B130B3DEAFCFA470335_2037/INPUTFILES/data_926282531.root 
/tmp/maxwoo/5FA1B5AA0AE33B130B3DEAFCFA470335_2037/INPUTFILES/data_926282541.root 
/tmp/maxwoo/5FA1B5AA0AE33B130B3DEAFCFA470335_2037/INPUTFILES/data_926382491.root 
/tmp/maxwoo/5FA1B5AA0AE33B130B3DEAFCFA470335_2037/INPUTFILES/data_926382501.root 
++++++++++++++++++++find.++++++++++++++++++++++
.
./.errror.log
./.output.log
./Check_Cf.C
./check.C
./lib
./lib/CenMaker.cpp
./lib/CenMaker_cpp_ACLiC_dict_rdict.pcm
./lib/CenMaker_cpp.d
./lib/CenMaker_cpp.so
./lib/CenMaker.h
./lib/MixedBuffer.cpp
./lib/MixedBuffer_cpp_ACLiC_dict_rdict.pcm
./lib/MixedBuffer_cpp.d
./lib/MixedBuffer_cpp.so
./lib/MixedBuffer.h
./lib/my_event.cpp
./lib/my_event_cpp_ACLiC_dict_rdict.pcm
./lib/my_event_cpp.d
./lib/my_event_cpp.so
./lib/my_event.h
./lib/my_particle.cpp
./lib/my_particle_cpp_ACLiC_dict_rdict.pcm
./lib/my_particle_cpp.d
./lib/my_particle_cpp.so
./lib/my_particle.h
./lib/NpartNormalizer.cpp
./lib/NpartNormalizer_cpp_ACLiC_dict_rdict.pcm
./lib/NpartNormalizer_cpp.d
./lib/NpartNormalizer_cpp.so
./lib/NpartNormalizer.h
./.sandboxFiles
./INPUTFILES
./INPUTFILES/5FA1B5AA0AE33B130B3DEAFCFA470335_2037.local.list
./INPUTFILES/data_925682651.root
./INPUTFILES/data_925682661.root
./INPUTFILES/data_925782611.root
./INPUTFILES/data_925782641.root
./INPUTFILES/data_925882581.root
./INPUTFILES/data_925882591.root
./INPUTFILES/data_925982571.root
./INPUTFILES/data_925982601.root
./INPUTFILES/data_925982621.root
./INPUTFILES/data_925982631.root
./INPUTFILES/data_926082561.root
./INPUTFILES/data_926102071.root
./INPUTFILES/data_926105701.root
./INPUTFILES/data_926107471.root
./INPUTFILES/data_926111481.root
./INPUTFILES/data_926123431.root
./INPUTFILES/data_926123451.root
./INPUTFILES/data_926123461.root
./INPUTFILES/data_926123681.root
./INPUTFILES/data_926144991.root
./INPUTFILES/data_926146741.root
./INPUTFILES/data_926153311.root
./INPUTFILES/data_926153371.root
./INPUTFILES/data_926156911.root
./INPUTFILES/data_926157131.root
./INPUTFILES/data_926158731.root
./INPUTFILES/data_926163961.root
./INPUTFILES/data_926182551.root
./INPUTFILES/data_926183031.root
./INPUTFILES/data_926196301.root
./INPUTFILES/data_926197941.root
./INPUTFILES/data_926282511.root
./INPUTFILES/data_926282521.root
./INPUTFILES/data_926282531.root
./INPUTFILES/data_926282541.root
./INPUTFILES/data_926382491.root
./INPUTFILES/data_926382501.root
++++++++++++++++INPUTFILE Var++++++++++++++++++
FILELIST=/tmp/maxwoo/5FA1B5AA0AE33B130B3DEAFCFA470335_2037/INPUTFILES/5FA1B5AA0AE33B130B3DEAFCFA470335_2037.local.list
INPUTFILECOUNT=37
INPUTFILE0=/tmp/maxwoo/5FA1B5AA0AE33B130B3DEAFCFA470335_2037/INPUTFILES/data_925682651.root
INPUTFILE1=/tmp/maxwoo/5FA1B5AA0AE33B130B3DEAFCFA470335_2037/INPUTFILES/data_925682661.root
INPUTFILE2=/tmp/maxwoo/5FA1B5AA0AE33B130B3DEAFCFA470335_2037/INPUTFILES/data_925782611.root
INPUTFILE3=/tmp/maxwoo/5FA1B5AA0AE33B130B3DEAFCFA470335_2037/INPUTFILES/data_925782641.root
INPUTFILE4=/tmp/maxwoo/5FA1B5AA0AE33B130B3DEAFCFA470335_2037/INPUTFILES/data_925882581.root
INPUTFILE5=/tmp/maxwoo/5FA1B5AA0AE33B130B3DEAFCFA470335_2037/INPUTFILES/data_925882591.root
INPUTFILE6=/tmp/maxwoo/5FA1B5AA0AE33B130B3DEAFCFA470335_2037/INPUTFILES/data_925982571.root
INPUTFILE7=/tmp/maxwoo/5FA1B5AA0AE33B130B3DEAFCFA470335_2037/INPUTFILES/data_925982601.root
INPUTFILE8=/tmp/maxwoo/5FA1B5AA0AE33B130B3DEAFCFA470335_2037/INPUTFILES/data_925982621.root
INPUTFILE9=/tmp/maxwoo/5FA1B5AA0AE33B130B3DEAFCFA470335_2037/INPUTFILES/data_925982631.root
INPUTFILE10=/tmp/maxwoo/5FA1B5AA0AE33B130B3DEAFCFA470335_2037/INPUTFILES/data_926082561.root
INPUTFILE11=/tmp/maxwoo/5FA1B5AA0AE33B130B3DEAFCFA470335_2037/INPUTFILES/data_926102071.root
INPUTFILE12=/tmp/maxwoo/5FA1B5AA0AE33B130B3DEAFCFA470335_2037/INPUTFILES/data_926105701.root
INPUTFILE13=/tmp/maxwoo/5FA1B5AA0AE33B130B3DEAFCFA470335_2037/INPUTFILES/data_926107471.root
INPUTFILE14=/tmp/maxwoo/5FA1B5AA0AE33B130B3DEAFCFA470335_2037/INPUTFILES/data_926111481.root
INPUTFILE15=/tmp/maxwoo/5FA1B5AA0AE33B130B3DEAFCFA470335_2037/INPUTFILES/data_926123431.root
INPUTFILE16=/tmp/maxwoo/5FA1B5AA0AE33B130B3DEAFCFA470335_2037/INPUTFILES/data_926123451.root
INPUTFILE17=/tmp/maxwoo/5FA1B5AA0AE33B130B3DEAFCFA470335_2037/INPUTFILES/data_926123461.root
INPUTFILE18=/tmp/maxwoo/5FA1B5AA0AE33B130B3DEAFCFA470335_2037/INPUTFILES/data_926123681.root
INPUTFILE19=/tmp/maxwoo/5FA1B5AA0AE33B130B3DEAFCFA470335_2037/INPUTFILES/data_926144991.root
INPUTFILE20=/tmp/maxwoo/5FA1B5AA0AE33B130B3DEAFCFA470335_2037/INPUTFILES/data_926146741.root
INPUTFILE21=/tmp/maxwoo/5FA1B5AA0AE33B130B3DEAFCFA470335_2037/INPUTFILES/data_926153311.root
INPUTFILE22=/tmp/maxwoo/5FA1B5AA0AE33B130B3DEAFCFA470335_2037/INPUTFILES/data_926153371.root
INPUTFILE23=/tmp/maxwoo/5FA1B5AA0AE33B130B3DEAFCFA470335_2037/INPUTFILES/data_926156911.root
INPUTFILE24=/tmp/maxwoo/5FA1B5AA0AE33B130B3DEAFCFA470335_2037/INPUTFILES/data_926157131.root
INPUTFILE25=/tmp/maxwoo/5FA1B5AA0AE33B130B3DEAFCFA470335_2037/INPUTFILES/data_926158731.root
INPUTFILE26=/tmp/maxwoo/5FA1B5AA0AE33B130B3DEAFCFA470335_2037/INPUTFILES/data_926163961.root
INPUTFILE27=/tmp/maxwoo/5FA1B5AA0AE33B130B3DEAFCFA470335_2037/INPUTFILES/data_926182551.root
INPUTFILE28=/tmp/maxwoo/5FA1B5AA0AE33B130B3DEAFCFA470335_2037/INPUTFILES/data_926183031.root
INPUTFILE29=/tmp/maxwoo/5FA1B5AA0AE33B130B3DEAFCFA470335_2037/INPUTFILES/data_926196301.root
INPUTFILE30=/tmp/maxwoo/5FA1B5AA0AE33B130B3DEAFCFA470335_2037/INPUTFILES/data_926197941.root
INPUTFILE31=/tmp/maxwoo/5FA1B5AA0AE33B130B3DEAFCFA470335_2037/INPUTFILES/data_926282511.root
INPUTFILE32=/tmp/maxwoo/5FA1B5AA0AE33B130B3DEAFCFA470335_2037/INPUTFILES/data_926282521.root
INPUTFILE33=/tmp/maxwoo/5FA1B5AA0AE33B130B3DEAFCFA470335_2037/INPUTFILES/data_926282531.root
INPUTFILE34=/tmp/maxwoo/5FA1B5AA0AE33B130B3DEAFCFA470335_2037/INPUTFILES/data_926282541.root
INPUTFILE35=/tmp/maxwoo/5FA1B5AA0AE33B130B3DEAFCFA470335_2037/INPUTFILES/data_926382491.root
INPUTFILE36=/tmp/maxwoo/5FA1B5AA0AE33B130B3DEAFCFA470335_2037/INPUTFILES/data_926382501.root
LocalInputFileDir=/tmp/maxwoo/5FA1B5AA0AE33B130B3DEAFCFA470335_2037/INPUTFILES
NewFILELIST=/tmp/maxwoo/5FA1B5AA0AE33B130B3DEAFCFA470335_2037/INPUTFILES/5FA1B5AA0AE33B130B3DEAFCFA470335_2037.local.list
+++++++++++++++++++++++++++++++++++++++++++++++
--------------------------------
Simple Unified Meta Scheduler 1.10.50 we are starting in $SCRATCH : /home/tmp/maxwoo/5FA1B5AA0AE33B130B3DEAFCFA470335_2037
--------------------------------
total 44
-rw-r--r-- 1 maxwoo rhstar   656 Apr  4 01:57 check.C
-rw-r--r-- 1 maxwoo rhstar 29351 May 22 02:49 Check_Cf.C
drwxr-xr-x 2 maxwoo rhstar  4096 May 22 08:09 INPUTFILES
drwxr-xr-x 2 maxwoo rhstar  4096 May 22 03:09 lib
  *******************************************
  *                                         *
  *        W E L C O M E  to  R O O T       *
  *                                         *
  *   Version   5.34/38     12 March 2018   *
  *                                         *
  *  You are welcome to visit our Web site  *
  *          http://root.cern.ch            *
  *                                         *
  *******************************************

ROOT 5.34/38 (v5-34-38@v5-34-38, Mar 12 2018, 15:49:39 on linux)

CINT/ROOT C/C++ Interpreter version 5.18.00, July 2, 2010
Type ? for help. Commands must be C++ statements.
Enclose multiple statements between { }.
*** Float Point Exception is OFF ***
 *** Start at Date : Sun May 22 08:09:17 2022
QAInfo:You are using STAR_LEVEL : dev, ROOT_LEVEL : 5.34.38 and node : rcas2027.rcf.bnl.gov 

Processing check.C++("/tmp/maxwoo/5FA1B5AA0AE33B130B3DEAFCFA470335_2037/INPUTFILES/5FA1B5AA0AE33B130B3DEAFCFA470335_2037.local.list","5FA1B5AA0AE33B130B3DEAFCFA470335_2037",1)...

This is the end of ROOT -- Goodbye

Cleaning up sandbox file:  /tmp/maxwoo/5FA1B5AA0AE33B130B3DEAFCFA470335_2037/check.C
Cleaning up sandbox file:  /tmp/maxwoo/5FA1B5AA0AE33B130B3DEAFCFA470335_2037/Check_Cf.C
Cleaning up sandbox file:  /tmp/maxwoo/5FA1B5AA0AE33B130B3DEAFCFA470335_2037/lib
Cleaning up sandbox file:  /tmp/maxwoo/5FA1B5AA0AE33B130B3DEAFCFA470335_2037/.sandboxFiles
Error: Scheduler could not find any files in $SCRATCH matching your <output> tag fromScratch value: *.root 
139654 Execution of (/star/data01/pwg/xiatong/git/strangeness/script/sched5FA1B5AA0AE33B130B3DEAFCFA470335_2037.csh ) has ended, exiting normally
139654 We END on [Sun May 22 08:09:20 EDT 2022]
