We are starting on node: rcas6083.rcf.bnl.gov
HOME is not defined
Using getent method
HOME is now /star/u/maxwoo
421898 We will spawn ourselves (/star/data01/pwg/xiatong/git/strangeness/script/sched5FA1B5AA0AE33B130B3DEAFCFA470335_2552.csh )
421898 We BEGIN on [Sun May 22 07:59:44 EDT 2022]
[1] 422103
421898 We are waiting for 422103 
422103 Stepping into the main SUMS wrapper program with []
Archive:  /star/data01/pwg/xiatong/git/strangeness/package.zip
  inflating: /tmp/maxwoo/5FA1B5AA0AE33B130B3DEAFCFA470335_2552/Check_Cf.C  
  inflating: /tmp/maxwoo/5FA1B5AA0AE33B130B3DEAFCFA470335_2552/check.C  
   creating: /tmp/maxwoo/5FA1B5AA0AE33B130B3DEAFCFA470335_2552/lib/
  inflating: /tmp/maxwoo/5FA1B5AA0AE33B130B3DEAFCFA470335_2552/lib/CenMaker.cpp  
  inflating: /tmp/maxwoo/5FA1B5AA0AE33B130B3DEAFCFA470335_2552/lib/CenMaker_cpp_ACLiC_dict_rdict.pcm  
  inflating: /tmp/maxwoo/5FA1B5AA0AE33B130B3DEAFCFA470335_2552/lib/CenMaker_cpp.d  
  inflating: /tmp/maxwoo/5FA1B5AA0AE33B130B3DEAFCFA470335_2552/lib/CenMaker_cpp.so  
  inflating: /tmp/maxwoo/5FA1B5AA0AE33B130B3DEAFCFA470335_2552/lib/CenMaker.h  
  inflating: /tmp/maxwoo/5FA1B5AA0AE33B130B3DEAFCFA470335_2552/lib/MixedBuffer.cpp  
  inflating: /tmp/maxwoo/5FA1B5AA0AE33B130B3DEAFCFA470335_2552/lib/MixedBuffer_cpp_ACLiC_dict_rdict.pcm  
  inflating: /tmp/maxwoo/5FA1B5AA0AE33B130B3DEAFCFA470335_2552/lib/MixedBuffer_cpp.d  
  inflating: /tmp/maxwoo/5FA1B5AA0AE33B130B3DEAFCFA470335_2552/lib/MixedBuffer_cpp.so  
  inflating: /tmp/maxwoo/5FA1B5AA0AE33B130B3DEAFCFA470335_2552/lib/MixedBuffer.h  
  inflating: /tmp/maxwoo/5FA1B5AA0AE33B130B3DEAFCFA470335_2552/lib/my_event.cpp  
  inflating: /tmp/maxwoo/5FA1B5AA0AE33B130B3DEAFCFA470335_2552/lib/my_event_cpp_ACLiC_dict_rdict.pcm  
  inflating: /tmp/maxwoo/5FA1B5AA0AE33B130B3DEAFCFA470335_2552/lib/my_event_cpp.d  
  inflating: /tmp/maxwoo/5FA1B5AA0AE33B130B3DEAFCFA470335_2552/lib/my_event_cpp.so  
  inflating: /tmp/maxwoo/5FA1B5AA0AE33B130B3DEAFCFA470335_2552/lib/my_event.h  
  inflating: /tmp/maxwoo/5FA1B5AA0AE33B130B3DEAFCFA470335_2552/lib/my_particle.cpp  
  inflating: /tmp/maxwoo/5FA1B5AA0AE33B130B3DEAFCFA470335_2552/lib/my_particle_cpp_ACLiC_dict_rdict.pcm  
  inflating: /tmp/maxwoo/5FA1B5AA0AE33B130B3DEAFCFA470335_2552/lib/my_particle_cpp.d  
  inflating: /tmp/maxwoo/5FA1B5AA0AE33B130B3DEAFCFA470335_2552/lib/my_particle_cpp.so  
  inflating: /tmp/maxwoo/5FA1B5AA0AE33B130B3DEAFCFA470335_2552/lib/my_particle.h  
  inflating: /tmp/maxwoo/5FA1B5AA0AE33B130B3DEAFCFA470335_2552/lib/NpartNormalizer.cpp  
  inflating: /tmp/maxwoo/5FA1B5AA0AE33B130B3DEAFCFA470335_2552/lib/NpartNormalizer_cpp_ACLiC_dict_rdict.pcm  
  inflating: /tmp/maxwoo/5FA1B5AA0AE33B130B3DEAFCFA470335_2552/lib/NpartNormalizer_cpp.d  
  inflating: /tmp/maxwoo/5FA1B5AA0AE33B130B3DEAFCFA470335_2552/lib/NpartNormalizer_cpp.so  
  inflating: /tmp/maxwoo/5FA1B5AA0AE33B130B3DEAFCFA470335_2552/lib/NpartNormalizer.h  
Running: cp /star/data01/pwg/xiatong/AMPT/14GeV/data_1433181871.root /tmp/maxwoo/5FA1B5AA0AE33B130B3DEAFCFA470335_2552/INPUTFILES/data_1433181871.root
Running: cp /star/data01/pwg/xiatong/AMPT/14GeV/data_1433182001.root /tmp/maxwoo/5FA1B5AA0AE33B130B3DEAFCFA470335_2552/INPUTFILES/data_1433182001.root
Running: cp /star/data01/pwg/xiatong/AMPT/14GeV/data_1433184571.root /tmp/maxwoo/5FA1B5AA0AE33B130B3DEAFCFA470335_2552/INPUTFILES/data_1433184571.root
Running: cp /star/data01/pwg/xiatong/AMPT/14GeV/data_1433186961.root /tmp/maxwoo/5FA1B5AA0AE33B130B3DEAFCFA470335_2552/INPUTFILES/data_1433186961.root
Running: cp /star/data01/pwg/xiatong/AMPT/14GeV/data_1433187361.root /tmp/maxwoo/5FA1B5AA0AE33B130B3DEAFCFA470335_2552/INPUTFILES/data_1433187361.root
Running: cp /star/data01/pwg/xiatong/AMPT/14GeV/data_1433198781.root /tmp/maxwoo/5FA1B5AA0AE33B130B3DEAFCFA470335_2552/INPUTFILES/data_1433198781.root
Running: cp /star/data01/pwg/xiatong/AMPT/14GeV/data_1433214901.root /tmp/maxwoo/5FA1B5AA0AE33B130B3DEAFCFA470335_2552/INPUTFILES/data_1433214901.root
Running: cp /star/data01/pwg/xiatong/AMPT/14GeV/data_1433214921.root /tmp/maxwoo/5FA1B5AA0AE33B130B3DEAFCFA470335_2552/INPUTFILES/data_1433214921.root
Running: cp /star/data01/pwg/xiatong/AMPT/14GeV/data_1433214941.root /tmp/maxwoo/5FA1B5AA0AE33B130B3DEAFCFA470335_2552/INPUTFILES/data_1433214941.root
Running: cp /star/data01/pwg/xiatong/AMPT/14GeV/data_1433214951.root /tmp/maxwoo/5FA1B5AA0AE33B130B3DEAFCFA470335_2552/INPUTFILES/data_1433214951.root
Running: cp /star/data01/pwg/xiatong/AMPT/14GeV/data_1433214961.root /tmp/maxwoo/5FA1B5AA0AE33B130B3DEAFCFA470335_2552/INPUTFILES/data_1433214961.root
Running: cp /star/data01/pwg/xiatong/AMPT/14GeV/data_1433314861.root /tmp/maxwoo/5FA1B5AA0AE33B130B3DEAFCFA470335_2552/INPUTFILES/data_1433314861.root
Running: cp /star/data01/pwg/xiatong/AMPT/14GeV/data_1433314871.root /tmp/maxwoo/5FA1B5AA0AE33B130B3DEAFCFA470335_2552/INPUTFILES/data_1433314871.root
Running: cp /star/data01/pwg/xiatong/AMPT/14GeV/data_1433314881.root /tmp/maxwoo/5FA1B5AA0AE33B130B3DEAFCFA470335_2552/INPUTFILES/data_1433314881.root
Running: cp /star/data01/pwg/xiatong/AMPT/14GeV/data_1433314891.root /tmp/maxwoo/5FA1B5AA0AE33B130B3DEAFCFA470335_2552/INPUTFILES/data_1433314891.root
Running: cp /star/data01/pwg/xiatong/AMPT/14GeV/data_1433314911.root /tmp/maxwoo/5FA1B5AA0AE33B130B3DEAFCFA470335_2552/INPUTFILES/data_1433314911.root
Running: cp /star/data01/pwg/xiatong/AMPT/14GeV/data_1433314931.root /tmp/maxwoo/5FA1B5AA0AE33B130B3DEAFCFA470335_2552/INPUTFILES/data_1433314931.root
Running: cp /star/data01/pwg/xiatong/AMPT/14GeV/data_1433315021.root /tmp/maxwoo/5FA1B5AA0AE33B130B3DEAFCFA470335_2552/INPUTFILES/data_1433315021.root
Running: cp /star/data01/pwg/xiatong/AMPT/14GeV/data_1433315031.root /tmp/maxwoo/5FA1B5AA0AE33B130B3DEAFCFA470335_2552/INPUTFILES/data_1433315031.root
Running: cp /star/data01/pwg/xiatong/AMPT/14GeV/data_1433315101.root /tmp/maxwoo/5FA1B5AA0AE33B130B3DEAFCFA470335_2552/INPUTFILES/data_1433315101.root
Running: cp /star/data01/pwg/xiatong/AMPT/14GeV/data_1433414791.root /tmp/maxwoo/5FA1B5AA0AE33B130B3DEAFCFA470335_2552/INPUTFILES/data_1433414791.root
Running: cp /star/data01/pwg/xiatong/AMPT/14GeV/data_1433414811.root /tmp/maxwoo/5FA1B5AA0AE33B130B3DEAFCFA470335_2552/INPUTFILES/data_1433414811.root
Running: cp /star/data01/pwg/xiatong/AMPT/14GeV/data_1433414851.root /tmp/maxwoo/5FA1B5AA0AE33B130B3DEAFCFA470335_2552/INPUTFILES/data_1433414851.root
Running: cp /star/data01/pwg/xiatong/AMPT/14GeV/data_1433514801.root /tmp/maxwoo/5FA1B5AA0AE33B130B3DEAFCFA470335_2552/INPUTFILES/data_1433514801.root
Running: cp /star/data01/pwg/xiatong/AMPT/14GeV/data_1433514821.root /tmp/maxwoo/5FA1B5AA0AE33B130B3DEAFCFA470335_2552/INPUTFILES/data_1433514821.root
Running: cp /star/data01/pwg/xiatong/AMPT/14GeV/data_1433514831.root /tmp/maxwoo/5FA1B5AA0AE33B130B3DEAFCFA470335_2552/INPUTFILES/data_1433514831.root
Running: cp /star/data01/pwg/xiatong/AMPT/14GeV/data_1433515111.root /tmp/maxwoo/5FA1B5AA0AE33B130B3DEAFCFA470335_2552/INPUTFILES/data_1433515111.root
Running: cp /star/data01/pwg/xiatong/AMPT/14GeV/data_1433614761.root /tmp/maxwoo/5FA1B5AA0AE33B130B3DEAFCFA470335_2552/INPUTFILES/data_1433614761.root
Running: cp /star/data01/pwg/xiatong/AMPT/14GeV/data_1433714731.root /tmp/maxwoo/5FA1B5AA0AE33B130B3DEAFCFA470335_2552/INPUTFILES/data_1433714731.root
Running: cp /star/data01/pwg/xiatong/AMPT/14GeV/data_1433714741.root /tmp/maxwoo/5FA1B5AA0AE33B130B3DEAFCFA470335_2552/INPUTFILES/data_1433714741.root
Running: cp /star/data01/pwg/xiatong/AMPT/14GeV/data_1433714751.root /tmp/maxwoo/5FA1B5AA0AE33B130B3DEAFCFA470335_2552/INPUTFILES/data_1433714751.root
Running: cp /star/data01/pwg/xiatong/AMPT/14GeV/data_1433814671.root /tmp/maxwoo/5FA1B5AA0AE33B130B3DEAFCFA470335_2552/INPUTFILES/data_1433814671.root
Running: cp /star/data01/pwg/xiatong/AMPT/14GeV/data_1433814681.root /tmp/maxwoo/5FA1B5AA0AE33B130B3DEAFCFA470335_2552/INPUTFILES/data_1433814681.root
Running: cp /star/data01/pwg/xiatong/AMPT/14GeV/data_1433814691.root /tmp/maxwoo/5FA1B5AA0AE33B130B3DEAFCFA470335_2552/INPUTFILES/data_1433814691.root
Running: cp /star/data01/pwg/xiatong/AMPT/14GeV/data_1433814701.root /tmp/maxwoo/5FA1B5AA0AE33B130B3DEAFCFA470335_2552/INPUTFILES/data_1433814701.root
Running: cp /star/data01/pwg/xiatong/AMPT/14GeV/data_1433814711.root /tmp/maxwoo/5FA1B5AA0AE33B130B3DEAFCFA470335_2552/INPUTFILES/data_1433814711.root
Running: cp /star/data01/pwg/xiatong/AMPT/14GeV/data_1433914651.root /tmp/maxwoo/5FA1B5AA0AE33B130B3DEAFCFA470335_2552/INPUTFILES/data_1433914651.root
Swapping $FILELIST with: /tmp/maxwoo/5FA1B5AA0AE33B130B3DEAFCFA470335_2552/INPUTFILES/5FA1B5AA0AE33B130B3DEAFCFA470335_2552.local.list
+++++++++++local copy debug++++++++++++++++++++
newFileList: /tmp/maxwoo/5FA1B5AA0AE33B130B3DEAFCFA470335_2552/INPUTFILES/5FA1B5AA0AE33B130B3DEAFCFA470335_2552.local.list
++++++++++++++++cat FILELIST+++++++++++++++++++
/tmp/maxwoo/5FA1B5AA0AE33B130B3DEAFCFA470335_2552/INPUTFILES/data_1433181871.root 
/tmp/maxwoo/5FA1B5AA0AE33B130B3DEAFCFA470335_2552/INPUTFILES/data_1433182001.root 
/tmp/maxwoo/5FA1B5AA0AE33B130B3DEAFCFA470335_2552/INPUTFILES/data_1433184571.root 
/tmp/maxwoo/5FA1B5AA0AE33B130B3DEAFCFA470335_2552/INPUTFILES/data_1433186961.root 
/tmp/maxwoo/5FA1B5AA0AE33B130B3DEAFCFA470335_2552/INPUTFILES/data_1433187361.root 
/tmp/maxwoo/5FA1B5AA0AE33B130B3DEAFCFA470335_2552/INPUTFILES/data_1433198781.root 
/tmp/maxwoo/5FA1B5AA0AE33B130B3DEAFCFA470335_2552/INPUTFILES/data_1433214901.root 
/tmp/maxwoo/5FA1B5AA0AE33B130B3DEAFCFA470335_2552/INPUTFILES/data_1433214921.root 
/tmp/maxwoo/5FA1B5AA0AE33B130B3DEAFCFA470335_2552/INPUTFILES/data_1433214941.root 
/tmp/maxwoo/5FA1B5AA0AE33B130B3DEAFCFA470335_2552/INPUTFILES/data_1433214951.root 
/tmp/maxwoo/5FA1B5AA0AE33B130B3DEAFCFA470335_2552/INPUTFILES/data_1433214961.root 
/tmp/maxwoo/5FA1B5AA0AE33B130B3DEAFCFA470335_2552/INPUTFILES/data_1433314861.root 
/tmp/maxwoo/5FA1B5AA0AE33B130B3DEAFCFA470335_2552/INPUTFILES/data_1433314871.root 
/tmp/maxwoo/5FA1B5AA0AE33B130B3DEAFCFA470335_2552/INPUTFILES/data_1433314881.root 
/tmp/maxwoo/5FA1B5AA0AE33B130B3DEAFCFA470335_2552/INPUTFILES/data_1433314891.root 
/tmp/maxwoo/5FA1B5AA0AE33B130B3DEAFCFA470335_2552/INPUTFILES/data_1433314911.root 
/tmp/maxwoo/5FA1B5AA0AE33B130B3DEAFCFA470335_2552/INPUTFILES/data_1433314931.root 
/tmp/maxwoo/5FA1B5AA0AE33B130B3DEAFCFA470335_2552/INPUTFILES/data_1433315021.root 
/tmp/maxwoo/5FA1B5AA0AE33B130B3DEAFCFA470335_2552/INPUTFILES/data_1433315031.root 
/tmp/maxwoo/5FA1B5AA0AE33B130B3DEAFCFA470335_2552/INPUTFILES/data_1433315101.root 
/tmp/maxwoo/5FA1B5AA0AE33B130B3DEAFCFA470335_2552/INPUTFILES/data_1433414791.root 
/tmp/maxwoo/5FA1B5AA0AE33B130B3DEAFCFA470335_2552/INPUTFILES/data_1433414811.root 
/tmp/maxwoo/5FA1B5AA0AE33B130B3DEAFCFA470335_2552/INPUTFILES/data_1433414851.root 
/tmp/maxwoo/5FA1B5AA0AE33B130B3DEAFCFA470335_2552/INPUTFILES/data_1433514801.root 
/tmp/maxwoo/5FA1B5AA0AE33B130B3DEAFCFA470335_2552/INPUTFILES/data_1433514821.root 
/tmp/maxwoo/5FA1B5AA0AE33B130B3DEAFCFA470335_2552/INPUTFILES/data_1433514831.root 
/tmp/maxwoo/5FA1B5AA0AE33B130B3DEAFCFA470335_2552/INPUTFILES/data_1433515111.root 
/tmp/maxwoo/5FA1B5AA0AE33B130B3DEAFCFA470335_2552/INPUTFILES/data_1433614761.root 
/tmp/maxwoo/5FA1B5AA0AE33B130B3DEAFCFA470335_2552/INPUTFILES/data_1433714731.root 
/tmp/maxwoo/5FA1B5AA0AE33B130B3DEAFCFA470335_2552/INPUTFILES/data_1433714741.root 
/tmp/maxwoo/5FA1B5AA0AE33B130B3DEAFCFA470335_2552/INPUTFILES/data_1433714751.root 
/tmp/maxwoo/5FA1B5AA0AE33B130B3DEAFCFA470335_2552/INPUTFILES/data_1433814671.root 
/tmp/maxwoo/5FA1B5AA0AE33B130B3DEAFCFA470335_2552/INPUTFILES/data_1433814681.root 
/tmp/maxwoo/5FA1B5AA0AE33B130B3DEAFCFA470335_2552/INPUTFILES/data_1433814691.root 
/tmp/maxwoo/5FA1B5AA0AE33B130B3DEAFCFA470335_2552/INPUTFILES/data_1433814701.root 
/tmp/maxwoo/5FA1B5AA0AE33B130B3DEAFCFA470335_2552/INPUTFILES/data_1433814711.root 
/tmp/maxwoo/5FA1B5AA0AE33B130B3DEAFCFA470335_2552/INPUTFILES/data_1433914651.root 
++++++++++++++++++++find.++++++++++++++++++++++
.
./.errror.log
./.output.log
./Check_Cf.C
./check.C
./lib
./lib/CenMaker.cpp
./lib/CenMaker_cpp_ACLiC_dict_rdict.pcm
./lib/CenMaker_cpp.d
./lib/CenMaker_cpp.so
./lib/CenMaker.h
./lib/MixedBuffer.cpp
./lib/MixedBuffer_cpp_ACLiC_dict_rdict.pcm
./lib/MixedBuffer_cpp.d
./lib/MixedBuffer_cpp.so
./lib/MixedBuffer.h
./lib/my_event.cpp
./lib/my_event_cpp_ACLiC_dict_rdict.pcm
./lib/my_event_cpp.d
./lib/my_event_cpp.so
./lib/my_event.h
./lib/my_particle.cpp
./lib/my_particle_cpp_ACLiC_dict_rdict.pcm
./lib/my_particle_cpp.d
./lib/my_particle_cpp.so
./lib/my_particle.h
./lib/NpartNormalizer.cpp
./lib/NpartNormalizer_cpp_ACLiC_dict_rdict.pcm
./lib/NpartNormalizer_cpp.d
./lib/NpartNormalizer_cpp.so
./lib/NpartNormalizer.h
./.sandboxFiles
./INPUTFILES
./INPUTFILES/5FA1B5AA0AE33B130B3DEAFCFA470335_2552.local.list
./INPUTFILES/data_1433181871.root
./INPUTFILES/data_1433182001.root
./INPUTFILES/data_1433184571.root
./INPUTFILES/data_1433186961.root
./INPUTFILES/data_1433187361.root
./INPUTFILES/data_1433198781.root
./INPUTFILES/data_1433214901.root
./INPUTFILES/data_1433214921.root
./INPUTFILES/data_1433214941.root
./INPUTFILES/data_1433214951.root
./INPUTFILES/data_1433214961.root
./INPUTFILES/data_1433314861.root
./INPUTFILES/data_1433314871.root
./INPUTFILES/data_1433314881.root
./INPUTFILES/data_1433314891.root
./INPUTFILES/data_1433314911.root
./INPUTFILES/data_1433314931.root
./INPUTFILES/data_1433315021.root
./INPUTFILES/data_1433315031.root
./INPUTFILES/data_1433315101.root
./INPUTFILES/data_1433414791.root
./INPUTFILES/data_1433414811.root
./INPUTFILES/data_1433414851.root
./INPUTFILES/data_1433514801.root
./INPUTFILES/data_1433514821.root
./INPUTFILES/data_1433514831.root
./INPUTFILES/data_1433515111.root
./INPUTFILES/data_1433614761.root
./INPUTFILES/data_1433714731.root
./INPUTFILES/data_1433714741.root
./INPUTFILES/data_1433714751.root
./INPUTFILES/data_1433814671.root
./INPUTFILES/data_1433814681.root
./INPUTFILES/data_1433814691.root
./INPUTFILES/data_1433814701.root
./INPUTFILES/data_1433814711.root
./INPUTFILES/data_1433914651.root
++++++++++++++++INPUTFILE Var++++++++++++++++++
FILELIST=/tmp/maxwoo/5FA1B5AA0AE33B130B3DEAFCFA470335_2552/INPUTFILES/5FA1B5AA0AE33B130B3DEAFCFA470335_2552.local.list
INPUTFILECOUNT=37
INPUTFILE0=/tmp/maxwoo/5FA1B5AA0AE33B130B3DEAFCFA470335_2552/INPUTFILES/data_1433181871.root
INPUTFILE1=/tmp/maxwoo/5FA1B5AA0AE33B130B3DEAFCFA470335_2552/INPUTFILES/data_1433182001.root
INPUTFILE2=/tmp/maxwoo/5FA1B5AA0AE33B130B3DEAFCFA470335_2552/INPUTFILES/data_1433184571.root
INPUTFILE3=/tmp/maxwoo/5FA1B5AA0AE33B130B3DEAFCFA470335_2552/INPUTFILES/data_1433186961.root
INPUTFILE4=/tmp/maxwoo/5FA1B5AA0AE33B130B3DEAFCFA470335_2552/INPUTFILES/data_1433187361.root
INPUTFILE5=/tmp/maxwoo/5FA1B5AA0AE33B130B3DEAFCFA470335_2552/INPUTFILES/data_1433198781.root
INPUTFILE6=/tmp/maxwoo/5FA1B5AA0AE33B130B3DEAFCFA470335_2552/INPUTFILES/data_1433214901.root
INPUTFILE7=/tmp/maxwoo/5FA1B5AA0AE33B130B3DEAFCFA470335_2552/INPUTFILES/data_1433214921.root
INPUTFILE8=/tmp/maxwoo/5FA1B5AA0AE33B130B3DEAFCFA470335_2552/INPUTFILES/data_1433214941.root
INPUTFILE9=/tmp/maxwoo/5FA1B5AA0AE33B130B3DEAFCFA470335_2552/INPUTFILES/data_1433214951.root
INPUTFILE10=/tmp/maxwoo/5FA1B5AA0AE33B130B3DEAFCFA470335_2552/INPUTFILES/data_1433214961.root
INPUTFILE11=/tmp/maxwoo/5FA1B5AA0AE33B130B3DEAFCFA470335_2552/INPUTFILES/data_1433314861.root
INPUTFILE12=/tmp/maxwoo/5FA1B5AA0AE33B130B3DEAFCFA470335_2552/INPUTFILES/data_1433314871.root
INPUTFILE13=/tmp/maxwoo/5FA1B5AA0AE33B130B3DEAFCFA470335_2552/INPUTFILES/data_1433314881.root
INPUTFILE14=/tmp/maxwoo/5FA1B5AA0AE33B130B3DEAFCFA470335_2552/INPUTFILES/data_1433314891.root
INPUTFILE15=/tmp/maxwoo/5FA1B5AA0AE33B130B3DEAFCFA470335_2552/INPUTFILES/data_1433314911.root
INPUTFILE16=/tmp/maxwoo/5FA1B5AA0AE33B130B3DEAFCFA470335_2552/INPUTFILES/data_1433314931.root
INPUTFILE17=/tmp/maxwoo/5FA1B5AA0AE33B130B3DEAFCFA470335_2552/INPUTFILES/data_1433315021.root
INPUTFILE18=/tmp/maxwoo/5FA1B5AA0AE33B130B3DEAFCFA470335_2552/INPUTFILES/data_1433315031.root
INPUTFILE19=/tmp/maxwoo/5FA1B5AA0AE33B130B3DEAFCFA470335_2552/INPUTFILES/data_1433315101.root
INPUTFILE20=/tmp/maxwoo/5FA1B5AA0AE33B130B3DEAFCFA470335_2552/INPUTFILES/data_1433414791.root
INPUTFILE21=/tmp/maxwoo/5FA1B5AA0AE33B130B3DEAFCFA470335_2552/INPUTFILES/data_1433414811.root
INPUTFILE22=/tmp/maxwoo/5FA1B5AA0AE33B130B3DEAFCFA470335_2552/INPUTFILES/data_1433414851.root
INPUTFILE23=/tmp/maxwoo/5FA1B5AA0AE33B130B3DEAFCFA470335_2552/INPUTFILES/data_1433514801.root
INPUTFILE24=/tmp/maxwoo/5FA1B5AA0AE33B130B3DEAFCFA470335_2552/INPUTFILES/data_1433514821.root
INPUTFILE25=/tmp/maxwoo/5FA1B5AA0AE33B130B3DEAFCFA470335_2552/INPUTFILES/data_1433514831.root
INPUTFILE26=/tmp/maxwoo/5FA1B5AA0AE33B130B3DEAFCFA470335_2552/INPUTFILES/data_1433515111.root
INPUTFILE27=/tmp/maxwoo/5FA1B5AA0AE33B130B3DEAFCFA470335_2552/INPUTFILES/data_1433614761.root
INPUTFILE28=/tmp/maxwoo/5FA1B5AA0AE33B130B3DEAFCFA470335_2552/INPUTFILES/data_1433714731.root
INPUTFILE29=/tmp/maxwoo/5FA1B5AA0AE33B130B3DEAFCFA470335_2552/INPUTFILES/data_1433714741.root
INPUTFILE30=/tmp/maxwoo/5FA1B5AA0AE33B130B3DEAFCFA470335_2552/INPUTFILES/data_1433714751.root
INPUTFILE31=/tmp/maxwoo/5FA1B5AA0AE33B130B3DEAFCFA470335_2552/INPUTFILES/data_1433814671.root
INPUTFILE32=/tmp/maxwoo/5FA1B5AA0AE33B130B3DEAFCFA470335_2552/INPUTFILES/data_1433814681.root
INPUTFILE33=/tmp/maxwoo/5FA1B5AA0AE33B130B3DEAFCFA470335_2552/INPUTFILES/data_1433814691.root
INPUTFILE34=/tmp/maxwoo/5FA1B5AA0AE33B130B3DEAFCFA470335_2552/INPUTFILES/data_1433814701.root
INPUTFILE35=/tmp/maxwoo/5FA1B5AA0AE33B130B3DEAFCFA470335_2552/INPUTFILES/data_1433814711.root
INPUTFILE36=/tmp/maxwoo/5FA1B5AA0AE33B130B3DEAFCFA470335_2552/INPUTFILES/data_1433914651.root
LocalInputFileDir=/tmp/maxwoo/5FA1B5AA0AE33B130B3DEAFCFA470335_2552/INPUTFILES
NewFILELIST=/tmp/maxwoo/5FA1B5AA0AE33B130B3DEAFCFA470335_2552/INPUTFILES/5FA1B5AA0AE33B130B3DEAFCFA470335_2552.local.list
+++++++++++++++++++++++++++++++++++++++++++++++
--------------------------------
Simple Unified Meta Scheduler 1.10.50 we are starting in $SCRATCH : /home/tmp/maxwoo/5FA1B5AA0AE33B130B3DEAFCFA470335_2552
--------------------------------
total 44
-rw-r--r-- 1 maxwoo rhstar   656 Apr  4 01:57 check.C
-rw-r--r-- 1 maxwoo rhstar 29351 May 22 02:49 Check_Cf.C
drwxr-xr-x 2 maxwoo rhstar  4096 May 22 07:59 INPUTFILES
drwxr-xr-x 2 maxwoo rhstar  4096 May 22 03:09 lib
  *******************************************
  *                                         *
  *        W E L C O M E  to  R O O T       *
  *                                         *
  *   Version   5.34/38     12 March 2018   *
  *                                         *
  *  You are welcome to visit our Web site  *
  *          http://root.cern.ch            *
  *                                         *
  *******************************************

ROOT 5.34/38 (v5-34-38@v5-34-38, Mar 12 2018, 15:49:39 on linux)

CINT/ROOT C/C++ Interpreter version 5.18.00, July 2, 2010
Type ? for help. Commands must be C++ statements.
Enclose multiple statements between { }.
*** Float Point Exception is OFF ***
 *** Start at Date : Sun May 22 08:00:00 2022
QAInfo:You are using STAR_LEVEL : dev, ROOT_LEVEL : 5.34.38 and node : rcas6083.rcf.bnl.gov 

Processing check.C++("/tmp/maxwoo/5FA1B5AA0AE33B130B3DEAFCFA470335_2552/INPUTFILES/5FA1B5AA0AE33B130B3DEAFCFA470335_2552.local.list","5FA1B5AA0AE33B130B3DEAFCFA470335_2552",1)...

This is the end of ROOT -- Goodbye

Cleaning up sandbox file:  /tmp/maxwoo/5FA1B5AA0AE33B130B3DEAFCFA470335_2552/check.C
Cleaning up sandbox file:  /tmp/maxwoo/5FA1B5AA0AE33B130B3DEAFCFA470335_2552/Check_Cf.C
Cleaning up sandbox file:  /tmp/maxwoo/5FA1B5AA0AE33B130B3DEAFCFA470335_2552/lib
Cleaning up sandbox file:  /tmp/maxwoo/5FA1B5AA0AE33B130B3DEAFCFA470335_2552/.sandboxFiles
Error: Scheduler could not find any files in $SCRATCH matching your <output> tag fromScratch value: *.root 
421898 Execution of (/star/data01/pwg/xiatong/git/strangeness/script/sched5FA1B5AA0AE33B130B3DEAFCFA470335_2552.csh ) has ended, exiting normally
421898 We END on [Sun May 22 08:00:02 EDT 2022]
