We are starting on node: rcas2023.rcf.bnl.gov
HOME is not defined
Using getent method
HOME is now /star/u/maxwoo
331762 We will spawn ourselves (/star/data01/pwg/xiatong/git/strangeness/script/sched5FA1B5AA0AE33B130B3DEAFCFA470335_348.csh )
331762 We BEGIN on [Sun May 22 08:48:29 EDT 2022]
[1] 331963
331762 We are waiting for 331963 
331963 Stepping into the main SUMS wrapper program with []
Archive:  /star/data01/pwg/xiatong/git/strangeness/package.zip
  inflating: /tmp/maxwoo/5FA1B5AA0AE33B130B3DEAFCFA470335_348/Check_Cf.C  
  inflating: /tmp/maxwoo/5FA1B5AA0AE33B130B3DEAFCFA470335_348/check.C  
   creating: /tmp/maxwoo/5FA1B5AA0AE33B130B3DEAFCFA470335_348/lib/
  inflating: /tmp/maxwoo/5FA1B5AA0AE33B130B3DEAFCFA470335_348/lib/CenMaker.cpp  
  inflating: /tmp/maxwoo/5FA1B5AA0AE33B130B3DEAFCFA470335_348/lib/CenMaker_cpp_ACLiC_dict_rdict.pcm  
  inflating: /tmp/maxwoo/5FA1B5AA0AE33B130B3DEAFCFA470335_348/lib/CenMaker_cpp.d  
  inflating: /tmp/maxwoo/5FA1B5AA0AE33B130B3DEAFCFA470335_348/lib/CenMaker_cpp.so  
  inflating: /tmp/maxwoo/5FA1B5AA0AE33B130B3DEAFCFA470335_348/lib/CenMaker.h  
  inflating: /tmp/maxwoo/5FA1B5AA0AE33B130B3DEAFCFA470335_348/lib/MixedBuffer.cpp  
  inflating: /tmp/maxwoo/5FA1B5AA0AE33B130B3DEAFCFA470335_348/lib/MixedBuffer_cpp_ACLiC_dict_rdict.pcm  
  inflating: /tmp/maxwoo/5FA1B5AA0AE33B130B3DEAFCFA470335_348/lib/MixedBuffer_cpp.d  
  inflating: /tmp/maxwoo/5FA1B5AA0AE33B130B3DEAFCFA470335_348/lib/MixedBuffer_cpp.so  
  inflating: /tmp/maxwoo/5FA1B5AA0AE33B130B3DEAFCFA470335_348/lib/MixedBuffer.h  
  inflating: /tmp/maxwoo/5FA1B5AA0AE33B130B3DEAFCFA470335_348/lib/my_event.cpp  
  inflating: /tmp/maxwoo/5FA1B5AA0AE33B130B3DEAFCFA470335_348/lib/my_event_cpp_ACLiC_dict_rdict.pcm  
  inflating: /tmp/maxwoo/5FA1B5AA0AE33B130B3DEAFCFA470335_348/lib/my_event_cpp.d  
  inflating: /tmp/maxwoo/5FA1B5AA0AE33B130B3DEAFCFA470335_348/lib/my_event_cpp.so  
  inflating: /tmp/maxwoo/5FA1B5AA0AE33B130B3DEAFCFA470335_348/lib/my_event.h  
  inflating: /tmp/maxwoo/5FA1B5AA0AE33B130B3DEAFCFA470335_348/lib/my_particle.cpp  
  inflating: /tmp/maxwoo/5FA1B5AA0AE33B130B3DEAFCFA470335_348/lib/my_particle_cpp_ACLiC_dict_rdict.pcm  
  inflating: /tmp/maxwoo/5FA1B5AA0AE33B130B3DEAFCFA470335_348/lib/my_particle_cpp.d  
  inflating: /tmp/maxwoo/5FA1B5AA0AE33B130B3DEAFCFA470335_348/lib/my_particle_cpp.so  
  inflating: /tmp/maxwoo/5FA1B5AA0AE33B130B3DEAFCFA470335_348/lib/my_particle.h  
  inflating: /tmp/maxwoo/5FA1B5AA0AE33B130B3DEAFCFA470335_348/lib/NpartNormalizer.cpp  
  inflating: /tmp/maxwoo/5FA1B5AA0AE33B130B3DEAFCFA470335_348/lib/NpartNormalizer_cpp_ACLiC_dict_rdict.pcm  
  inflating: /tmp/maxwoo/5FA1B5AA0AE33B130B3DEAFCFA470335_348/lib/NpartNormalizer_cpp.d  
  inflating: /tmp/maxwoo/5FA1B5AA0AE33B130B3DEAFCFA470335_348/lib/NpartNormalizer_cpp.so  
  inflating: /tmp/maxwoo/5FA1B5AA0AE33B130B3DEAFCFA470335_348/lib/NpartNormalizer.h  
Running: cp /star/data01/pwg/xiatong/AMPT/14GeV/data_167351981.root /tmp/maxwoo/5FA1B5AA0AE33B130B3DEAFCFA470335_348/INPUTFILES/data_167351981.root
Running: cp /star/data01/pwg/xiatong/AMPT/14GeV/data_167428951.root /tmp/maxwoo/5FA1B5AA0AE33B130B3DEAFCFA470335_348/INPUTFILES/data_167428951.root
Running: cp /star/data01/pwg/xiatong/AMPT/14GeV/data_167428971.root /tmp/maxwoo/5FA1B5AA0AE33B130B3DEAFCFA470335_348/INPUTFILES/data_167428971.root
Running: cp /star/data01/pwg/xiatong/AMPT/14GeV/data_167428981.root /tmp/maxwoo/5FA1B5AA0AE33B130B3DEAFCFA470335_348/INPUTFILES/data_167428981.root
Running: cp /star/data01/pwg/xiatong/AMPT/14GeV/data_167429041.root /tmp/maxwoo/5FA1B5AA0AE33B130B3DEAFCFA470335_348/INPUTFILES/data_167429041.root
Running: cp /star/data01/pwg/xiatong/AMPT/14GeV/data_167429051.root /tmp/maxwoo/5FA1B5AA0AE33B130B3DEAFCFA470335_348/INPUTFILES/data_167429051.root
Running: cp /star/data01/pwg/xiatong/AMPT/14GeV/data_167429071.root /tmp/maxwoo/5FA1B5AA0AE33B130B3DEAFCFA470335_348/INPUTFILES/data_167429071.root
Running: cp /star/data01/pwg/xiatong/AMPT/14GeV/data_167429331.root /tmp/maxwoo/5FA1B5AA0AE33B130B3DEAFCFA470335_348/INPUTFILES/data_167429331.root
Running: cp /star/data01/pwg/xiatong/AMPT/14GeV/data_167429501.root /tmp/maxwoo/5FA1B5AA0AE33B130B3DEAFCFA470335_348/INPUTFILES/data_167429501.root
Running: cp /star/data01/pwg/xiatong/AMPT/14GeV/data_167429601.root /tmp/maxwoo/5FA1B5AA0AE33B130B3DEAFCFA470335_348/INPUTFILES/data_167429601.root
Running: cp /star/data01/pwg/xiatong/AMPT/14GeV/data_167429991.root /tmp/maxwoo/5FA1B5AA0AE33B130B3DEAFCFA470335_348/INPUTFILES/data_167429991.root
Running: cp /star/data01/pwg/xiatong/AMPT/14GeV/data_167430161.root /tmp/maxwoo/5FA1B5AA0AE33B130B3DEAFCFA470335_348/INPUTFILES/data_167430161.root
Running: cp /star/data01/pwg/xiatong/AMPT/14GeV/data_167430471.root /tmp/maxwoo/5FA1B5AA0AE33B130B3DEAFCFA470335_348/INPUTFILES/data_167430471.root
Running: cp /star/data01/pwg/xiatong/AMPT/14GeV/data_167433091.root /tmp/maxwoo/5FA1B5AA0AE33B130B3DEAFCFA470335_348/INPUTFILES/data_167433091.root
Running: cp /star/data01/pwg/xiatong/AMPT/14GeV/data_167433231.root /tmp/maxwoo/5FA1B5AA0AE33B130B3DEAFCFA470335_348/INPUTFILES/data_167433231.root
Running: cp /star/data01/pwg/xiatong/AMPT/14GeV/data_167433351.root /tmp/maxwoo/5FA1B5AA0AE33B130B3DEAFCFA470335_348/INPUTFILES/data_167433351.root
Running: cp /star/data01/pwg/xiatong/AMPT/14GeV/data_167433401.root /tmp/maxwoo/5FA1B5AA0AE33B130B3DEAFCFA470335_348/INPUTFILES/data_167433401.root
Running: cp /star/data01/pwg/xiatong/AMPT/14GeV/data_167433441.root /tmp/maxwoo/5FA1B5AA0AE33B130B3DEAFCFA470335_348/INPUTFILES/data_167433441.root
Running: cp /star/data01/pwg/xiatong/AMPT/14GeV/data_167433481.root /tmp/maxwoo/5FA1B5AA0AE33B130B3DEAFCFA470335_348/INPUTFILES/data_167433481.root
Running: cp /star/data01/pwg/xiatong/AMPT/14GeV/data_167433491.root /tmp/maxwoo/5FA1B5AA0AE33B130B3DEAFCFA470335_348/INPUTFILES/data_167433491.root
Running: cp /star/data01/pwg/xiatong/AMPT/14GeV/data_167433501.root /tmp/maxwoo/5FA1B5AA0AE33B130B3DEAFCFA470335_348/INPUTFILES/data_167433501.root
Running: cp /star/data01/pwg/xiatong/AMPT/14GeV/data_167433521.root /tmp/maxwoo/5FA1B5AA0AE33B130B3DEAFCFA470335_348/INPUTFILES/data_167433521.root
Running: cp /star/data01/pwg/xiatong/AMPT/14GeV/data_167433621.root /tmp/maxwoo/5FA1B5AA0AE33B130B3DEAFCFA470335_348/INPUTFILES/data_167433621.root
Running: cp /star/data01/pwg/xiatong/AMPT/14GeV/data_167528931.root /tmp/maxwoo/5FA1B5AA0AE33B130B3DEAFCFA470335_348/INPUTFILES/data_167528931.root
Running: cp /star/data01/pwg/xiatong/AMPT/14GeV/data_167528941.root /tmp/maxwoo/5FA1B5AA0AE33B130B3DEAFCFA470335_348/INPUTFILES/data_167528941.root
Running: cp /star/data01/pwg/xiatong/AMPT/14GeV/data_167528961.root /tmp/maxwoo/5FA1B5AA0AE33B130B3DEAFCFA470335_348/INPUTFILES/data_167528961.root
Running: cp /star/data01/pwg/xiatong/AMPT/14GeV/data_167529361.root /tmp/maxwoo/5FA1B5AA0AE33B130B3DEAFCFA470335_348/INPUTFILES/data_167529361.root
Running: cp /star/data01/pwg/xiatong/AMPT/14GeV/data_167530751.root /tmp/maxwoo/5FA1B5AA0AE33B130B3DEAFCFA470335_348/INPUTFILES/data_167530751.root
Running: cp /star/data01/pwg/xiatong/AMPT/14GeV/data_167533471.root /tmp/maxwoo/5FA1B5AA0AE33B130B3DEAFCFA470335_348/INPUTFILES/data_167533471.root
Running: cp /star/data01/pwg/xiatong/AMPT/14GeV/data_167533861.root /tmp/maxwoo/5FA1B5AA0AE33B130B3DEAFCFA470335_348/INPUTFILES/data_167533861.root
Running: cp /star/data01/pwg/xiatong/AMPT/14GeV/data_167533891.root /tmp/maxwoo/5FA1B5AA0AE33B130B3DEAFCFA470335_348/INPUTFILES/data_167533891.root
Running: cp /star/data01/pwg/xiatong/AMPT/14GeV/data_167533941.root /tmp/maxwoo/5FA1B5AA0AE33B130B3DEAFCFA470335_348/INPUTFILES/data_167533941.root
Running: cp /star/data01/pwg/xiatong/AMPT/14GeV/data_167533961.root /tmp/maxwoo/5FA1B5AA0AE33B130B3DEAFCFA470335_348/INPUTFILES/data_167533961.root
Running: cp /star/data01/pwg/xiatong/AMPT/14GeV/data_167551971.root /tmp/maxwoo/5FA1B5AA0AE33B130B3DEAFCFA470335_348/INPUTFILES/data_167551971.root
Running: cp /star/data01/pwg/xiatong/AMPT/14GeV/data_167628531.root /tmp/maxwoo/5FA1B5AA0AE33B130B3DEAFCFA470335_348/INPUTFILES/data_167628531.root
Running: cp /star/data01/pwg/xiatong/AMPT/14GeV/data_167628601.root /tmp/maxwoo/5FA1B5AA0AE33B130B3DEAFCFA470335_348/INPUTFILES/data_167628601.root
Running: cp /star/data01/pwg/xiatong/AMPT/14GeV/data_167628681.root /tmp/maxwoo/5FA1B5AA0AE33B130B3DEAFCFA470335_348/INPUTFILES/data_167628681.root
Swapping $FILELIST with: /tmp/maxwoo/5FA1B5AA0AE33B130B3DEAFCFA470335_348/INPUTFILES/5FA1B5AA0AE33B130B3DEAFCFA470335_348.local.list
+++++++++++local copy debug++++++++++++++++++++
newFileList: /tmp/maxwoo/5FA1B5AA0AE33B130B3DEAFCFA470335_348/INPUTFILES/5FA1B5AA0AE33B130B3DEAFCFA470335_348.local.list
++++++++++++++++cat FILELIST+++++++++++++++++++
/tmp/maxwoo/5FA1B5AA0AE33B130B3DEAFCFA470335_348/INPUTFILES/data_167351981.root 
/tmp/maxwoo/5FA1B5AA0AE33B130B3DEAFCFA470335_348/INPUTFILES/data_167428951.root 
/tmp/maxwoo/5FA1B5AA0AE33B130B3DEAFCFA470335_348/INPUTFILES/data_167428971.root 
/tmp/maxwoo/5FA1B5AA0AE33B130B3DEAFCFA470335_348/INPUTFILES/data_167428981.root 
/tmp/maxwoo/5FA1B5AA0AE33B130B3DEAFCFA470335_348/INPUTFILES/data_167429041.root 
/tmp/maxwoo/5FA1B5AA0AE33B130B3DEAFCFA470335_348/INPUTFILES/data_167429051.root 
/tmp/maxwoo/5FA1B5AA0AE33B130B3DEAFCFA470335_348/INPUTFILES/data_167429071.root 
/tmp/maxwoo/5FA1B5AA0AE33B130B3DEAFCFA470335_348/INPUTFILES/data_167429331.root 
/tmp/maxwoo/5FA1B5AA0AE33B130B3DEAFCFA470335_348/INPUTFILES/data_167429501.root 
/tmp/maxwoo/5FA1B5AA0AE33B130B3DEAFCFA470335_348/INPUTFILES/data_167429601.root 
/tmp/maxwoo/5FA1B5AA0AE33B130B3DEAFCFA470335_348/INPUTFILES/data_167429991.root 
/tmp/maxwoo/5FA1B5AA0AE33B130B3DEAFCFA470335_348/INPUTFILES/data_167430161.root 
/tmp/maxwoo/5FA1B5AA0AE33B130B3DEAFCFA470335_348/INPUTFILES/data_167430471.root 
/tmp/maxwoo/5FA1B5AA0AE33B130B3DEAFCFA470335_348/INPUTFILES/data_167433091.root 
/tmp/maxwoo/5FA1B5AA0AE33B130B3DEAFCFA470335_348/INPUTFILES/data_167433231.root 
/tmp/maxwoo/5FA1B5AA0AE33B130B3DEAFCFA470335_348/INPUTFILES/data_167433351.root 
/tmp/maxwoo/5FA1B5AA0AE33B130B3DEAFCFA470335_348/INPUTFILES/data_167433401.root 
/tmp/maxwoo/5FA1B5AA0AE33B130B3DEAFCFA470335_348/INPUTFILES/data_167433441.root 
/tmp/maxwoo/5FA1B5AA0AE33B130B3DEAFCFA470335_348/INPUTFILES/data_167433481.root 
/tmp/maxwoo/5FA1B5AA0AE33B130B3DEAFCFA470335_348/INPUTFILES/data_167433491.root 
/tmp/maxwoo/5FA1B5AA0AE33B130B3DEAFCFA470335_348/INPUTFILES/data_167433501.root 
/tmp/maxwoo/5FA1B5AA0AE33B130B3DEAFCFA470335_348/INPUTFILES/data_167433521.root 
/tmp/maxwoo/5FA1B5AA0AE33B130B3DEAFCFA470335_348/INPUTFILES/data_167433621.root 
/tmp/maxwoo/5FA1B5AA0AE33B130B3DEAFCFA470335_348/INPUTFILES/data_167528931.root 
/tmp/maxwoo/5FA1B5AA0AE33B130B3DEAFCFA470335_348/INPUTFILES/data_167528941.root 
/tmp/maxwoo/5FA1B5AA0AE33B130B3DEAFCFA470335_348/INPUTFILES/data_167528961.root 
/tmp/maxwoo/5FA1B5AA0AE33B130B3DEAFCFA470335_348/INPUTFILES/data_167529361.root 
/tmp/maxwoo/5FA1B5AA0AE33B130B3DEAFCFA470335_348/INPUTFILES/data_167530751.root 
/tmp/maxwoo/5FA1B5AA0AE33B130B3DEAFCFA470335_348/INPUTFILES/data_167533471.root 
/tmp/maxwoo/5FA1B5AA0AE33B130B3DEAFCFA470335_348/INPUTFILES/data_167533861.root 
/tmp/maxwoo/5FA1B5AA0AE33B130B3DEAFCFA470335_348/INPUTFILES/data_167533891.root 
/tmp/maxwoo/5FA1B5AA0AE33B130B3DEAFCFA470335_348/INPUTFILES/data_167533941.root 
/tmp/maxwoo/5FA1B5AA0AE33B130B3DEAFCFA470335_348/INPUTFILES/data_167533961.root 
/tmp/maxwoo/5FA1B5AA0AE33B130B3DEAFCFA470335_348/INPUTFILES/data_167551971.root 
/tmp/maxwoo/5FA1B5AA0AE33B130B3DEAFCFA470335_348/INPUTFILES/data_167628531.root 
/tmp/maxwoo/5FA1B5AA0AE33B130B3DEAFCFA470335_348/INPUTFILES/data_167628601.root 
/tmp/maxwoo/5FA1B5AA0AE33B130B3DEAFCFA470335_348/INPUTFILES/data_167628681.root 
++++++++++++++++++++find.++++++++++++++++++++++
.
./.errror.log
./.output.log
./Check_Cf.C
./check.C
./lib
./lib/CenMaker.cpp
./lib/CenMaker_cpp_ACLiC_dict_rdict.pcm
./lib/CenMaker_cpp.d
./lib/CenMaker_cpp.so
./lib/CenMaker.h
./lib/MixedBuffer.cpp
./lib/MixedBuffer_cpp_ACLiC_dict_rdict.pcm
./lib/MixedBuffer_cpp.d
./lib/MixedBuffer_cpp.so
./lib/MixedBuffer.h
./lib/my_event.cpp
./lib/my_event_cpp_ACLiC_dict_rdict.pcm
./lib/my_event_cpp.d
./lib/my_event_cpp.so
./lib/my_event.h
./lib/my_particle.cpp
./lib/my_particle_cpp_ACLiC_dict_rdict.pcm
./lib/my_particle_cpp.d
./lib/my_particle_cpp.so
./lib/my_particle.h
./lib/NpartNormalizer.cpp
./lib/NpartNormalizer_cpp_ACLiC_dict_rdict.pcm
./lib/NpartNormalizer_cpp.d
./lib/NpartNormalizer_cpp.so
./lib/NpartNormalizer.h
./.sandboxFiles
./INPUTFILES
./INPUTFILES/5FA1B5AA0AE33B130B3DEAFCFA470335_348.local.list
./INPUTFILES/data_167351981.root
./INPUTFILES/data_167428951.root
./INPUTFILES/data_167428971.root
./INPUTFILES/data_167428981.root
./INPUTFILES/data_167429041.root
./INPUTFILES/data_167429051.root
./INPUTFILES/data_167429071.root
./INPUTFILES/data_167429331.root
./INPUTFILES/data_167429501.root
./INPUTFILES/data_167429601.root
./INPUTFILES/data_167429991.root
./INPUTFILES/data_167430161.root
./INPUTFILES/data_167430471.root
./INPUTFILES/data_167433091.root
./INPUTFILES/data_167433231.root
./INPUTFILES/data_167433351.root
./INPUTFILES/data_167433401.root
./INPUTFILES/data_167433441.root
./INPUTFILES/data_167433481.root
./INPUTFILES/data_167433491.root
./INPUTFILES/data_167433501.root
./INPUTFILES/data_167433521.root
./INPUTFILES/data_167433621.root
./INPUTFILES/data_167528931.root
./INPUTFILES/data_167528941.root
./INPUTFILES/data_167528961.root
./INPUTFILES/data_167529361.root
./INPUTFILES/data_167530751.root
./INPUTFILES/data_167533471.root
./INPUTFILES/data_167533861.root
./INPUTFILES/data_167533891.root
./INPUTFILES/data_167533941.root
./INPUTFILES/data_167533961.root
./INPUTFILES/data_167551971.root
./INPUTFILES/data_167628531.root
./INPUTFILES/data_167628601.root
./INPUTFILES/data_167628681.root
++++++++++++++++INPUTFILE Var++++++++++++++++++
FILELIST=/tmp/maxwoo/5FA1B5AA0AE33B130B3DEAFCFA470335_348/INPUTFILES/5FA1B5AA0AE33B130B3DEAFCFA470335_348.local.list
INPUTFILECOUNT=37
INPUTFILE0=/tmp/maxwoo/5FA1B5AA0AE33B130B3DEAFCFA470335_348/INPUTFILES/data_167351981.root
INPUTFILE1=/tmp/maxwoo/5FA1B5AA0AE33B130B3DEAFCFA470335_348/INPUTFILES/data_167428951.root
INPUTFILE2=/tmp/maxwoo/5FA1B5AA0AE33B130B3DEAFCFA470335_348/INPUTFILES/data_167428971.root
INPUTFILE3=/tmp/maxwoo/5FA1B5AA0AE33B130B3DEAFCFA470335_348/INPUTFILES/data_167428981.root
INPUTFILE4=/tmp/maxwoo/5FA1B5AA0AE33B130B3DEAFCFA470335_348/INPUTFILES/data_167429041.root
INPUTFILE5=/tmp/maxwoo/5FA1B5AA0AE33B130B3DEAFCFA470335_348/INPUTFILES/data_167429051.root
INPUTFILE6=/tmp/maxwoo/5FA1B5AA0AE33B130B3DEAFCFA470335_348/INPUTFILES/data_167429071.root
INPUTFILE7=/tmp/maxwoo/5FA1B5AA0AE33B130B3DEAFCFA470335_348/INPUTFILES/data_167429331.root
INPUTFILE8=/tmp/maxwoo/5FA1B5AA0AE33B130B3DEAFCFA470335_348/INPUTFILES/data_167429501.root
INPUTFILE9=/tmp/maxwoo/5FA1B5AA0AE33B130B3DEAFCFA470335_348/INPUTFILES/data_167429601.root
INPUTFILE10=/tmp/maxwoo/5FA1B5AA0AE33B130B3DEAFCFA470335_348/INPUTFILES/data_167429991.root
INPUTFILE11=/tmp/maxwoo/5FA1B5AA0AE33B130B3DEAFCFA470335_348/INPUTFILES/data_167430161.root
INPUTFILE12=/tmp/maxwoo/5FA1B5AA0AE33B130B3DEAFCFA470335_348/INPUTFILES/data_167430471.root
INPUTFILE13=/tmp/maxwoo/5FA1B5AA0AE33B130B3DEAFCFA470335_348/INPUTFILES/data_167433091.root
INPUTFILE14=/tmp/maxwoo/5FA1B5AA0AE33B130B3DEAFCFA470335_348/INPUTFILES/data_167433231.root
INPUTFILE15=/tmp/maxwoo/5FA1B5AA0AE33B130B3DEAFCFA470335_348/INPUTFILES/data_167433351.root
INPUTFILE16=/tmp/maxwoo/5FA1B5AA0AE33B130B3DEAFCFA470335_348/INPUTFILES/data_167433401.root
INPUTFILE17=/tmp/maxwoo/5FA1B5AA0AE33B130B3DEAFCFA470335_348/INPUTFILES/data_167433441.root
INPUTFILE18=/tmp/maxwoo/5FA1B5AA0AE33B130B3DEAFCFA470335_348/INPUTFILES/data_167433481.root
INPUTFILE19=/tmp/maxwoo/5FA1B5AA0AE33B130B3DEAFCFA470335_348/INPUTFILES/data_167433491.root
INPUTFILE20=/tmp/maxwoo/5FA1B5AA0AE33B130B3DEAFCFA470335_348/INPUTFILES/data_167433501.root
INPUTFILE21=/tmp/maxwoo/5FA1B5AA0AE33B130B3DEAFCFA470335_348/INPUTFILES/data_167433521.root
INPUTFILE22=/tmp/maxwoo/5FA1B5AA0AE33B130B3DEAFCFA470335_348/INPUTFILES/data_167433621.root
INPUTFILE23=/tmp/maxwoo/5FA1B5AA0AE33B130B3DEAFCFA470335_348/INPUTFILES/data_167528931.root
INPUTFILE24=/tmp/maxwoo/5FA1B5AA0AE33B130B3DEAFCFA470335_348/INPUTFILES/data_167528941.root
INPUTFILE25=/tmp/maxwoo/5FA1B5AA0AE33B130B3DEAFCFA470335_348/INPUTFILES/data_167528961.root
INPUTFILE26=/tmp/maxwoo/5FA1B5AA0AE33B130B3DEAFCFA470335_348/INPUTFILES/data_167529361.root
INPUTFILE27=/tmp/maxwoo/5FA1B5AA0AE33B130B3DEAFCFA470335_348/INPUTFILES/data_167530751.root
INPUTFILE28=/tmp/maxwoo/5FA1B5AA0AE33B130B3DEAFCFA470335_348/INPUTFILES/data_167533471.root
INPUTFILE29=/tmp/maxwoo/5FA1B5AA0AE33B130B3DEAFCFA470335_348/INPUTFILES/data_167533861.root
INPUTFILE30=/tmp/maxwoo/5FA1B5AA0AE33B130B3DEAFCFA470335_348/INPUTFILES/data_167533891.root
INPUTFILE31=/tmp/maxwoo/5FA1B5AA0AE33B130B3DEAFCFA470335_348/INPUTFILES/data_167533941.root
INPUTFILE32=/tmp/maxwoo/5FA1B5AA0AE33B130B3DEAFCFA470335_348/INPUTFILES/data_167533961.root
INPUTFILE33=/tmp/maxwoo/5FA1B5AA0AE33B130B3DEAFCFA470335_348/INPUTFILES/data_167551971.root
INPUTFILE34=/tmp/maxwoo/5FA1B5AA0AE33B130B3DEAFCFA470335_348/INPUTFILES/data_167628531.root
INPUTFILE35=/tmp/maxwoo/5FA1B5AA0AE33B130B3DEAFCFA470335_348/INPUTFILES/data_167628601.root
INPUTFILE36=/tmp/maxwoo/5FA1B5AA0AE33B130B3DEAFCFA470335_348/INPUTFILES/data_167628681.root
LocalInputFileDir=/tmp/maxwoo/5FA1B5AA0AE33B130B3DEAFCFA470335_348/INPUTFILES
NewFILELIST=/tmp/maxwoo/5FA1B5AA0AE33B130B3DEAFCFA470335_348/INPUTFILES/5FA1B5AA0AE33B130B3DEAFCFA470335_348.local.list
+++++++++++++++++++++++++++++++++++++++++++++++
--------------------------------
Simple Unified Meta Scheduler 1.10.50 we are starting in $SCRATCH : /home/tmp/maxwoo/5FA1B5AA0AE33B130B3DEAFCFA470335_348
--------------------------------
total 44
-rw-r--r-- 1 maxwoo rhstar   656 Apr  4 01:57 check.C
-rw-r--r-- 1 maxwoo rhstar 29351 May 22 02:49 Check_Cf.C
drwxr-xr-x 2 maxwoo rhstar  4096 May 22 08:48 INPUTFILES
drwxr-xr-x 2 maxwoo rhstar  4096 May 22 03:09 lib
  *******************************************
  *                                         *
  *        W E L C O M E  to  R O O T       *
  *                                         *
  *   Version   5.34/38     12 March 2018   *
  *                                         *
  *  You are welcome to visit our Web site  *
  *          http://root.cern.ch            *
  *                                         *
  *******************************************

ROOT 5.34/38 (v5-34-38@v5-34-38, Mar 12 2018, 15:49:39 on linux)

CINT/ROOT C/C++ Interpreter version 5.18.00, July 2, 2010
Type ? for help. Commands must be C++ statements.
Enclose multiple statements between { }.
*** Float Point Exception is OFF ***
 *** Start at Date : Sun May 22 08:48:37 2022
QAInfo:You are using STAR_LEVEL : dev, ROOT_LEVEL : 5.34.38 and node : rcas2023.rcf.bnl.gov 

Processing check.C++("/tmp/maxwoo/5FA1B5AA0AE33B130B3DEAFCFA470335_348/INPUTFILES/5FA1B5AA0AE33B130B3DEAFCFA470335_348.local.list","5FA1B5AA0AE33B130B3DEAFCFA470335_348",1)...

This is the end of ROOT -- Goodbye

Cleaning up sandbox file:  /tmp/maxwoo/5FA1B5AA0AE33B130B3DEAFCFA470335_348/check.C
Cleaning up sandbox file:  /tmp/maxwoo/5FA1B5AA0AE33B130B3DEAFCFA470335_348/Check_Cf.C
Cleaning up sandbox file:  /tmp/maxwoo/5FA1B5AA0AE33B130B3DEAFCFA470335_348/lib
Cleaning up sandbox file:  /tmp/maxwoo/5FA1B5AA0AE33B130B3DEAFCFA470335_348/.sandboxFiles
Error: Scheduler could not find any files in $SCRATCH matching your <output> tag fromScratch value: *.root 
331762 Execution of (/star/data01/pwg/xiatong/git/strangeness/script/sched5FA1B5AA0AE33B130B3DEAFCFA470335_348.csh ) has ended, exiting normally
331762 We END on [Sun May 22 08:48:41 EDT 2022]
