We are starting on node: rcas2025.rcf.bnl.gov
HOME is not defined
Using getent method
HOME is now /star/u/maxwoo
438510 We will spawn ourselves (/star/data01/pwg/xiatong/git/strangeness/script/schedE724C5E71F5126BD08321C1635A2D446_541.csh )
438510 We BEGIN on [Sun May 15 06:01:40 EDT 2022]
[1] 438817
438510 We are waiting for 438817 
438817 Stepping into the main SUMS wrapper program with []
Archive:  /star/data01/pwg/xiatong/git/strangeness/package.zip
  inflating: /tmp/maxwoo/E724C5E71F5126BD08321C1635A2D446_541/Check_Cf.C  
  inflating: /tmp/maxwoo/E724C5E71F5126BD08321C1635A2D446_541/check.C  
   creating: /tmp/maxwoo/E724C5E71F5126BD08321C1635A2D446_541/lib/
  inflating: /tmp/maxwoo/E724C5E71F5126BD08321C1635A2D446_541/lib/CenMaker.cpp  
  inflating: /tmp/maxwoo/E724C5E71F5126BD08321C1635A2D446_541/lib/CenMaker_cpp_ACLiC_dict_rdict.pcm  
  inflating: /tmp/maxwoo/E724C5E71F5126BD08321C1635A2D446_541/lib/CenMaker_cpp.d  
  inflating: /tmp/maxwoo/E724C5E71F5126BD08321C1635A2D446_541/lib/CenMaker_cpp.so  
  inflating: /tmp/maxwoo/E724C5E71F5126BD08321C1635A2D446_541/lib/CenMaker.h  
  inflating: /tmp/maxwoo/E724C5E71F5126BD08321C1635A2D446_541/lib/MixedBuffer.cpp  
  inflating: /tmp/maxwoo/E724C5E71F5126BD08321C1635A2D446_541/lib/MixedBuffer_cpp_ACLiC_dict_rdict.pcm  
  inflating: /tmp/maxwoo/E724C5E71F5126BD08321C1635A2D446_541/lib/MixedBuffer_cpp.d  
  inflating: /tmp/maxwoo/E724C5E71F5126BD08321C1635A2D446_541/lib/MixedBuffer_cpp.so  
  inflating: /tmp/maxwoo/E724C5E71F5126BD08321C1635A2D446_541/lib/MixedBuffer.h  
  inflating: /tmp/maxwoo/E724C5E71F5126BD08321C1635A2D446_541/lib/my_event.cpp  
  inflating: /tmp/maxwoo/E724C5E71F5126BD08321C1635A2D446_541/lib/my_event_cpp_ACLiC_dict_rdict.pcm  
  inflating: /tmp/maxwoo/E724C5E71F5126BD08321C1635A2D446_541/lib/my_event_cpp.d  
  inflating: /tmp/maxwoo/E724C5E71F5126BD08321C1635A2D446_541/lib/my_event_cpp.so  
  inflating: /tmp/maxwoo/E724C5E71F5126BD08321C1635A2D446_541/lib/my_event.h  
  inflating: /tmp/maxwoo/E724C5E71F5126BD08321C1635A2D446_541/lib/my_particle.cpp  
  inflating: /tmp/maxwoo/E724C5E71F5126BD08321C1635A2D446_541/lib/my_particle_cpp_ACLiC_dict_rdict.pcm  
  inflating: /tmp/maxwoo/E724C5E71F5126BD08321C1635A2D446_541/lib/my_particle_cpp.d  
  inflating: /tmp/maxwoo/E724C5E71F5126BD08321C1635A2D446_541/lib/my_particle_cpp.so  
  inflating: /tmp/maxwoo/E724C5E71F5126BD08321C1635A2D446_541/lib/my_particle.h  
  inflating: /tmp/maxwoo/E724C5E71F5126BD08321C1635A2D446_541/lib/NpartNormalizer.cpp  
  inflating: /tmp/maxwoo/E724C5E71F5126BD08321C1635A2D446_541/lib/NpartNormalizer_cpp_ACLiC_dict_rdict.pcm  
  inflating: /tmp/maxwoo/E724C5E71F5126BD08321C1635A2D446_541/lib/NpartNormalizer_cpp.d  
  inflating: /tmp/maxwoo/E724C5E71F5126BD08321C1635A2D446_541/lib/NpartNormalizer_cpp.so  
  inflating: /tmp/maxwoo/E724C5E71F5126BD08321C1635A2D446_541/lib/NpartNormalizer.h  
Running: cp /star/data01/pwg/xiatong/AMPT/14GeV/data_229388781.root /tmp/maxwoo/E724C5E71F5126BD08321C1635A2D446_541/INPUTFILES/data_229388781.root
Running: cp /star/data01/pwg/xiatong/AMPT/14GeV/data_229390781.root /tmp/maxwoo/E724C5E71F5126BD08321C1635A2D446_541/INPUTFILES/data_229390781.root
Running: cp /star/data01/pwg/xiatong/AMPT/14GeV/data_229488431.root /tmp/maxwoo/E724C5E71F5126BD08321C1635A2D446_541/INPUTFILES/data_229488431.root
Running: cp /star/data01/pwg/xiatong/AMPT/14GeV/data_229488471.root /tmp/maxwoo/E724C5E71F5126BD08321C1635A2D446_541/INPUTFILES/data_229488471.root
Running: cp /star/data01/pwg/xiatong/AMPT/14GeV/data_229488501.root /tmp/maxwoo/E724C5E71F5126BD08321C1635A2D446_541/INPUTFILES/data_229488501.root
Running: cp /star/data01/pwg/xiatong/AMPT/14GeV/data_229488791.root /tmp/maxwoo/E724C5E71F5126BD08321C1635A2D446_541/INPUTFILES/data_229488791.root
Running: cp /star/data01/pwg/xiatong/AMPT/14GeV/data_229588241.root /tmp/maxwoo/E724C5E71F5126BD08321C1635A2D446_541/INPUTFILES/data_229588241.root
Running: cp /star/data01/pwg/xiatong/AMPT/14GeV/data_229588381.root /tmp/maxwoo/E724C5E71F5126BD08321C1635A2D446_541/INPUTFILES/data_229588381.root
Running: cp /star/data01/pwg/xiatong/AMPT/14GeV/data_229588401.root /tmp/maxwoo/E724C5E71F5126BD08321C1635A2D446_541/INPUTFILES/data_229588401.root
Running: cp /star/data01/pwg/xiatong/AMPT/14GeV/data_229588451.root /tmp/maxwoo/E724C5E71F5126BD08321C1635A2D446_541/INPUTFILES/data_229588451.root
Running: cp /star/data01/pwg/xiatong/AMPT/14GeV/data_229588481.root /tmp/maxwoo/E724C5E71F5126BD08321C1635A2D446_541/INPUTFILES/data_229588481.root
Running: cp /star/data01/pwg/xiatong/AMPT/14GeV/data_229619221.root /tmp/maxwoo/E724C5E71F5126BD08321C1635A2D446_541/INPUTFILES/data_229619221.root
Running: cp /star/data01/pwg/xiatong/AMPT/14GeV/data_229736631.root /tmp/maxwoo/E724C5E71F5126BD08321C1635A2D446_541/INPUTFILES/data_229736631.root
Running: cp /star/data01/pwg/xiatong/AMPT/14GeV/data_229744971.root /tmp/maxwoo/E724C5E71F5126BD08321C1635A2D446_541/INPUTFILES/data_229744971.root
Running: cp /star/data01/pwg/xiatong/AMPT/14GeV/data_229788421.root /tmp/maxwoo/E724C5E71F5126BD08321C1635A2D446_541/INPUTFILES/data_229788421.root
Running: cp /star/data01/pwg/xiatong/AMPT/14GeV/data_229819211.root /tmp/maxwoo/E724C5E71F5126BD08321C1635A2D446_541/INPUTFILES/data_229819211.root
Running: cp /star/data01/pwg/xiatong/AMPT/14GeV/data_229819231.root /tmp/maxwoo/E724C5E71F5126BD08321C1635A2D446_541/INPUTFILES/data_229819231.root
Running: cp /star/data01/pwg/xiatong/AMPT/14GeV/data_229888441.root /tmp/maxwoo/E724C5E71F5126BD08321C1635A2D446_541/INPUTFILES/data_229888441.root
Running: cp /star/data01/pwg/xiatong/AMPT/14GeV/data_229920071.root /tmp/maxwoo/E724C5E71F5126BD08321C1635A2D446_541/INPUTFILES/data_229920071.root
Running: cp /star/data01/pwg/xiatong/AMPT/14GeV/data_229944951.root /tmp/maxwoo/E724C5E71F5126BD08321C1635A2D446_541/INPUTFILES/data_229944951.root
Running: cp /star/data01/pwg/xiatong/AMPT/14GeV/data_229945001.root /tmp/maxwoo/E724C5E71F5126BD08321C1635A2D446_541/INPUTFILES/data_229945001.root
Running: cp /star/data01/pwg/xiatong/AMPT/14GeV/data_229945021.root /tmp/maxwoo/E724C5E71F5126BD08321C1635A2D446_541/INPUTFILES/data_229945021.root
Running: cp /star/data01/pwg/xiatong/AMPT/14GeV/data_229976861.root /tmp/maxwoo/E724C5E71F5126BD08321C1635A2D446_541/INPUTFILES/data_229976861.root
Running: cp /star/data01/pwg/xiatong/AMPT/14GeV/data_230035691.root /tmp/maxwoo/E724C5E71F5126BD08321C1635A2D446_541/INPUTFILES/data_230035691.root
Running: cp /star/data01/pwg/xiatong/AMPT/14GeV/data_230037011.root /tmp/maxwoo/E724C5E71F5126BD08321C1635A2D446_541/INPUTFILES/data_230037011.root
Running: cp /star/data01/pwg/xiatong/AMPT/14GeV/data_230044881.root /tmp/maxwoo/E724C5E71F5126BD08321C1635A2D446_541/INPUTFILES/data_230044881.root
Running: cp /star/data01/pwg/xiatong/AMPT/14GeV/data_230044911.root /tmp/maxwoo/E724C5E71F5126BD08321C1635A2D446_541/INPUTFILES/data_230044911.root
Running: cp /star/data01/pwg/xiatong/AMPT/14GeV/data_230045041.root /tmp/maxwoo/E724C5E71F5126BD08321C1635A2D446_541/INPUTFILES/data_230045041.root
Running: cp /star/data01/pwg/xiatong/AMPT/14GeV/data_230045051.root /tmp/maxwoo/E724C5E71F5126BD08321C1635A2D446_541/INPUTFILES/data_230045051.root
Running: cp /star/data01/pwg/xiatong/AMPT/14GeV/data_230045081.root /tmp/maxwoo/E724C5E71F5126BD08321C1635A2D446_541/INPUTFILES/data_230045081.root
Running: cp /star/data01/pwg/xiatong/AMPT/14GeV/data_230088391.root /tmp/maxwoo/E724C5E71F5126BD08321C1635A2D446_541/INPUTFILES/data_230088391.root
Running: cp /star/data01/pwg/xiatong/AMPT/14GeV/data_230088411.root /tmp/maxwoo/E724C5E71F5126BD08321C1635A2D446_541/INPUTFILES/data_230088411.root
Running: cp /star/data01/pwg/xiatong/AMPT/14GeV/data_230106841.root /tmp/maxwoo/E724C5E71F5126BD08321C1635A2D446_541/INPUTFILES/data_230106841.root
Running: cp /star/data01/pwg/xiatong/AMPT/14GeV/data_230117881.root /tmp/maxwoo/E724C5E71F5126BD08321C1635A2D446_541/INPUTFILES/data_230117881.root
Running: cp /star/data01/pwg/xiatong/AMPT/14GeV/data_230117891.root /tmp/maxwoo/E724C5E71F5126BD08321C1635A2D446_541/INPUTFILES/data_230117891.root
Running: cp /star/data01/pwg/xiatong/AMPT/14GeV/data_230119191.root /tmp/maxwoo/E724C5E71F5126BD08321C1635A2D446_541/INPUTFILES/data_230119191.root
Running: cp /star/data01/pwg/xiatong/AMPT/14GeV/data_230119921.root /tmp/maxwoo/E724C5E71F5126BD08321C1635A2D446_541/INPUTFILES/data_230119921.root
Swapping $FILELIST with: /tmp/maxwoo/E724C5E71F5126BD08321C1635A2D446_541/INPUTFILES/E724C5E71F5126BD08321C1635A2D446_541.local.list
+++++++++++local copy debug++++++++++++++++++++
newFileList: /tmp/maxwoo/E724C5E71F5126BD08321C1635A2D446_541/INPUTFILES/E724C5E71F5126BD08321C1635A2D446_541.local.list
++++++++++++++++cat FILELIST+++++++++++++++++++
/tmp/maxwoo/E724C5E71F5126BD08321C1635A2D446_541/INPUTFILES/data_229388781.root 
/tmp/maxwoo/E724C5E71F5126BD08321C1635A2D446_541/INPUTFILES/data_229390781.root 
/tmp/maxwoo/E724C5E71F5126BD08321C1635A2D446_541/INPUTFILES/data_229488431.root 
/tmp/maxwoo/E724C5E71F5126BD08321C1635A2D446_541/INPUTFILES/data_229488471.root 
/tmp/maxwoo/E724C5E71F5126BD08321C1635A2D446_541/INPUTFILES/data_229488501.root 
/tmp/maxwoo/E724C5E71F5126BD08321C1635A2D446_541/INPUTFILES/data_229488791.root 
/tmp/maxwoo/E724C5E71F5126BD08321C1635A2D446_541/INPUTFILES/data_229588241.root 
/tmp/maxwoo/E724C5E71F5126BD08321C1635A2D446_541/INPUTFILES/data_229588381.root 
/tmp/maxwoo/E724C5E71F5126BD08321C1635A2D446_541/INPUTFILES/data_229588401.root 
/tmp/maxwoo/E724C5E71F5126BD08321C1635A2D446_541/INPUTFILES/data_229588451.root 
/tmp/maxwoo/E724C5E71F5126BD08321C1635A2D446_541/INPUTFILES/data_229588481.root 
/tmp/maxwoo/E724C5E71F5126BD08321C1635A2D446_541/INPUTFILES/data_229619221.root 
/tmp/maxwoo/E724C5E71F5126BD08321C1635A2D446_541/INPUTFILES/data_229736631.root 
/tmp/maxwoo/E724C5E71F5126BD08321C1635A2D446_541/INPUTFILES/data_229744971.root 
/tmp/maxwoo/E724C5E71F5126BD08321C1635A2D446_541/INPUTFILES/data_229788421.root 
/tmp/maxwoo/E724C5E71F5126BD08321C1635A2D446_541/INPUTFILES/data_229819211.root 
/tmp/maxwoo/E724C5E71F5126BD08321C1635A2D446_541/INPUTFILES/data_229819231.root 
/tmp/maxwoo/E724C5E71F5126BD08321C1635A2D446_541/INPUTFILES/data_229888441.root 
/tmp/maxwoo/E724C5E71F5126BD08321C1635A2D446_541/INPUTFILES/data_229920071.root 
/tmp/maxwoo/E724C5E71F5126BD08321C1635A2D446_541/INPUTFILES/data_229944951.root 
/tmp/maxwoo/E724C5E71F5126BD08321C1635A2D446_541/INPUTFILES/data_229945001.root 
/tmp/maxwoo/E724C5E71F5126BD08321C1635A2D446_541/INPUTFILES/data_229945021.root 
/tmp/maxwoo/E724C5E71F5126BD08321C1635A2D446_541/INPUTFILES/data_229976861.root 
/tmp/maxwoo/E724C5E71F5126BD08321C1635A2D446_541/INPUTFILES/data_230035691.root 
/tmp/maxwoo/E724C5E71F5126BD08321C1635A2D446_541/INPUTFILES/data_230037011.root 
/tmp/maxwoo/E724C5E71F5126BD08321C1635A2D446_541/INPUTFILES/data_230044881.root 
/tmp/maxwoo/E724C5E71F5126BD08321C1635A2D446_541/INPUTFILES/data_230044911.root 
/tmp/maxwoo/E724C5E71F5126BD08321C1635A2D446_541/INPUTFILES/data_230045041.root 
/tmp/maxwoo/E724C5E71F5126BD08321C1635A2D446_541/INPUTFILES/data_230045051.root 
/tmp/maxwoo/E724C5E71F5126BD08321C1635A2D446_541/INPUTFILES/data_230045081.root 
/tmp/maxwoo/E724C5E71F5126BD08321C1635A2D446_541/INPUTFILES/data_230088391.root 
/tmp/maxwoo/E724C5E71F5126BD08321C1635A2D446_541/INPUTFILES/data_230088411.root 
/tmp/maxwoo/E724C5E71F5126BD08321C1635A2D446_541/INPUTFILES/data_230106841.root 
/tmp/maxwoo/E724C5E71F5126BD08321C1635A2D446_541/INPUTFILES/data_230117881.root 
/tmp/maxwoo/E724C5E71F5126BD08321C1635A2D446_541/INPUTFILES/data_230117891.root 
/tmp/maxwoo/E724C5E71F5126BD08321C1635A2D446_541/INPUTFILES/data_230119191.root 
/tmp/maxwoo/E724C5E71F5126BD08321C1635A2D446_541/INPUTFILES/data_230119921.root 
++++++++++++++++++++find.++++++++++++++++++++++
.
./.errror.log
./.output.log
./Check_Cf.C
./check.C
./lib
./lib/CenMaker.cpp
./lib/CenMaker_cpp_ACLiC_dict_rdict.pcm
./lib/CenMaker_cpp.d
./lib/CenMaker_cpp.so
./lib/CenMaker.h
./lib/MixedBuffer.cpp
./lib/MixedBuffer_cpp_ACLiC_dict_rdict.pcm
./lib/MixedBuffer_cpp.d
./lib/MixedBuffer_cpp.so
./lib/MixedBuffer.h
./lib/my_event.cpp
./lib/my_event_cpp_ACLiC_dict_rdict.pcm
./lib/my_event_cpp.d
./lib/my_event_cpp.so
./lib/my_event.h
./lib/my_particle.cpp
./lib/my_particle_cpp_ACLiC_dict_rdict.pcm
./lib/my_particle_cpp.d
./lib/my_particle_cpp.so
./lib/my_particle.h
./lib/NpartNormalizer.cpp
./lib/NpartNormalizer_cpp_ACLiC_dict_rdict.pcm
./lib/NpartNormalizer_cpp.d
./lib/NpartNormalizer_cpp.so
./lib/NpartNormalizer.h
./.sandboxFiles
./INPUTFILES
./INPUTFILES/E724C5E71F5126BD08321C1635A2D446_541.local.list
./INPUTFILES/data_229388781.root
./INPUTFILES/data_229390781.root
./INPUTFILES/data_229488431.root
./INPUTFILES/data_229488471.root
./INPUTFILES/data_229488501.root
./INPUTFILES/data_229488791.root
./INPUTFILES/data_229588241.root
./INPUTFILES/data_229588381.root
./INPUTFILES/data_229588401.root
./INPUTFILES/data_229588451.root
./INPUTFILES/data_229588481.root
./INPUTFILES/data_229619221.root
./INPUTFILES/data_229736631.root
./INPUTFILES/data_229744971.root
./INPUTFILES/data_229788421.root
./INPUTFILES/data_229819211.root
./INPUTFILES/data_229819231.root
./INPUTFILES/data_229888441.root
./INPUTFILES/data_229920071.root
./INPUTFILES/data_229944951.root
./INPUTFILES/data_229945001.root
./INPUTFILES/data_229945021.root
./INPUTFILES/data_229976861.root
./INPUTFILES/data_230035691.root
./INPUTFILES/data_230037011.root
./INPUTFILES/data_230044881.root
./INPUTFILES/data_230044911.root
./INPUTFILES/data_230045041.root
./INPUTFILES/data_230045051.root
./INPUTFILES/data_230045081.root
./INPUTFILES/data_230088391.root
./INPUTFILES/data_230088411.root
./INPUTFILES/data_230106841.root
./INPUTFILES/data_230117881.root
./INPUTFILES/data_230117891.root
./INPUTFILES/data_230119191.root
./INPUTFILES/data_230119921.root
++++++++++++++++INPUTFILE Var++++++++++++++++++
FILELIST=/tmp/maxwoo/E724C5E71F5126BD08321C1635A2D446_541/INPUTFILES/E724C5E71F5126BD08321C1635A2D446_541.local.list
INPUTFILECOUNT=37
INPUTFILE0=/tmp/maxwoo/E724C5E71F5126BD08321C1635A2D446_541/INPUTFILES/data_229388781.root
INPUTFILE1=/tmp/maxwoo/E724C5E71F5126BD08321C1635A2D446_541/INPUTFILES/data_229390781.root
INPUTFILE2=/tmp/maxwoo/E724C5E71F5126BD08321C1635A2D446_541/INPUTFILES/data_229488431.root
INPUTFILE3=/tmp/maxwoo/E724C5E71F5126BD08321C1635A2D446_541/INPUTFILES/data_229488471.root
INPUTFILE4=/tmp/maxwoo/E724C5E71F5126BD08321C1635A2D446_541/INPUTFILES/data_229488501.root
INPUTFILE5=/tmp/maxwoo/E724C5E71F5126BD08321C1635A2D446_541/INPUTFILES/data_229488791.root
INPUTFILE6=/tmp/maxwoo/E724C5E71F5126BD08321C1635A2D446_541/INPUTFILES/data_229588241.root
INPUTFILE7=/tmp/maxwoo/E724C5E71F5126BD08321C1635A2D446_541/INPUTFILES/data_229588381.root
INPUTFILE8=/tmp/maxwoo/E724C5E71F5126BD08321C1635A2D446_541/INPUTFILES/data_229588401.root
INPUTFILE9=/tmp/maxwoo/E724C5E71F5126BD08321C1635A2D446_541/INPUTFILES/data_229588451.root
INPUTFILE10=/tmp/maxwoo/E724C5E71F5126BD08321C1635A2D446_541/INPUTFILES/data_229588481.root
INPUTFILE11=/tmp/maxwoo/E724C5E71F5126BD08321C1635A2D446_541/INPUTFILES/data_229619221.root
INPUTFILE12=/tmp/maxwoo/E724C5E71F5126BD08321C1635A2D446_541/INPUTFILES/data_229736631.root
INPUTFILE13=/tmp/maxwoo/E724C5E71F5126BD08321C1635A2D446_541/INPUTFILES/data_229744971.root
INPUTFILE14=/tmp/maxwoo/E724C5E71F5126BD08321C1635A2D446_541/INPUTFILES/data_229788421.root
INPUTFILE15=/tmp/maxwoo/E724C5E71F5126BD08321C1635A2D446_541/INPUTFILES/data_229819211.root
INPUTFILE16=/tmp/maxwoo/E724C5E71F5126BD08321C1635A2D446_541/INPUTFILES/data_229819231.root
INPUTFILE17=/tmp/maxwoo/E724C5E71F5126BD08321C1635A2D446_541/INPUTFILES/data_229888441.root
INPUTFILE18=/tmp/maxwoo/E724C5E71F5126BD08321C1635A2D446_541/INPUTFILES/data_229920071.root
INPUTFILE19=/tmp/maxwoo/E724C5E71F5126BD08321C1635A2D446_541/INPUTFILES/data_229944951.root
INPUTFILE20=/tmp/maxwoo/E724C5E71F5126BD08321C1635A2D446_541/INPUTFILES/data_229945001.root
INPUTFILE21=/tmp/maxwoo/E724C5E71F5126BD08321C1635A2D446_541/INPUTFILES/data_229945021.root
INPUTFILE22=/tmp/maxwoo/E724C5E71F5126BD08321C1635A2D446_541/INPUTFILES/data_229976861.root
INPUTFILE23=/tmp/maxwoo/E724C5E71F5126BD08321C1635A2D446_541/INPUTFILES/data_230035691.root
INPUTFILE24=/tmp/maxwoo/E724C5E71F5126BD08321C1635A2D446_541/INPUTFILES/data_230037011.root
INPUTFILE25=/tmp/maxwoo/E724C5E71F5126BD08321C1635A2D446_541/INPUTFILES/data_230044881.root
INPUTFILE26=/tmp/maxwoo/E724C5E71F5126BD08321C1635A2D446_541/INPUTFILES/data_230044911.root
INPUTFILE27=/tmp/maxwoo/E724C5E71F5126BD08321C1635A2D446_541/INPUTFILES/data_230045041.root
INPUTFILE28=/tmp/maxwoo/E724C5E71F5126BD08321C1635A2D446_541/INPUTFILES/data_230045051.root
INPUTFILE29=/tmp/maxwoo/E724C5E71F5126BD08321C1635A2D446_541/INPUTFILES/data_230045081.root
INPUTFILE30=/tmp/maxwoo/E724C5E71F5126BD08321C1635A2D446_541/INPUTFILES/data_230088391.root
INPUTFILE31=/tmp/maxwoo/E724C5E71F5126BD08321C1635A2D446_541/INPUTFILES/data_230088411.root
INPUTFILE32=/tmp/maxwoo/E724C5E71F5126BD08321C1635A2D446_541/INPUTFILES/data_230106841.root
INPUTFILE33=/tmp/maxwoo/E724C5E71F5126BD08321C1635A2D446_541/INPUTFILES/data_230117881.root
INPUTFILE34=/tmp/maxwoo/E724C5E71F5126BD08321C1635A2D446_541/INPUTFILES/data_230117891.root
INPUTFILE35=/tmp/maxwoo/E724C5E71F5126BD08321C1635A2D446_541/INPUTFILES/data_230119191.root
INPUTFILE36=/tmp/maxwoo/E724C5E71F5126BD08321C1635A2D446_541/INPUTFILES/data_230119921.root
LocalInputFileDir=/tmp/maxwoo/E724C5E71F5126BD08321C1635A2D446_541/INPUTFILES
NewFILELIST=/tmp/maxwoo/E724C5E71F5126BD08321C1635A2D446_541/INPUTFILES/E724C5E71F5126BD08321C1635A2D446_541.local.list
+++++++++++++++++++++++++++++++++++++++++++++++
--------------------------------
Simple Unified Meta Scheduler 1.10.50 we are starting in $SCRATCH : /home/tmp/maxwoo/E724C5E71F5126BD08321C1635A2D446_541
--------------------------------
total 44
-rw-r--r-- 1 maxwoo rhstar   656 Apr  4 01:57 check.C
-rw-r--r-- 1 maxwoo rhstar 29310 May 13 23:42 Check_Cf.C
drwxr-xr-x 2 maxwoo rhstar  4096 May 15 06:01 INPUTFILES
drwxr-xr-x 2 maxwoo rhstar  4096 May 15 02:48 lib
  *******************************************
  *                                         *
  *        W E L C O M E  to  R O O T       *
  *                                         *
  *   Version   5.34/38     12 March 2018   *
  *                                         *
  *  You are welcome to visit our Web site  *
  *          http://root.cern.ch            *
  *                                         *
  *******************************************

ROOT 5.34/38 (v5-34-38@v5-34-38, Mar 12 2018, 15:49:39 on linux)

CINT/ROOT C/C++ Interpreter version 5.18.00, July 2, 2010
Type ? for help. Commands must be C++ statements.
Enclose multiple statements between { }.
*** Float Point Exception is OFF ***
 *** Start at Date : Sun May 15 06:01:45 2022
QAInfo:You are using STAR_LEVEL : dev, ROOT_LEVEL : 5.34.38 and node : rcas2025.rcf.bnl.gov 

Processing check.C++("/tmp/maxwoo/E724C5E71F5126BD08321C1635A2D446_541/INPUTFILES/E724C5E71F5126BD08321C1635A2D446_541.local.list","E724C5E71F5126BD08321C1635A2D446_541",1)...

This is the end of ROOT -- Goodbye

Cleaning up sandbox file:  /tmp/maxwoo/E724C5E71F5126BD08321C1635A2D446_541/check.C
Cleaning up sandbox file:  /tmp/maxwoo/E724C5E71F5126BD08321C1635A2D446_541/Check_Cf.C
Cleaning up sandbox file:  /tmp/maxwoo/E724C5E71F5126BD08321C1635A2D446_541/lib
Cleaning up sandbox file:  /tmp/maxwoo/E724C5E71F5126BD08321C1635A2D446_541/.sandboxFiles
Error: Scheduler could not find any files in $SCRATCH matching your <output> tag fromScratch value: *.root 
438510 Execution of (/star/data01/pwg/xiatong/git/strangeness/script/schedE724C5E71F5126BD08321C1635A2D446_541.csh ) has ended, exiting normally
438510 We END on [Sun May 15 06:01:47 EDT 2022]
