We are starting on node: rcas2021.rcf.bnl.gov
HOME is not defined
Using getent method
HOME is now /star/u/maxwoo
298838 We will spawn ourselves (/star/data01/pwg/xiatong/git/strangeness/script/schedE724C5E71F5126BD08321C1635A2D446_1817.csh )
298838 We BEGIN on [Sun May 15 05:50:40 EDT 2022]
[1] 299142
298838 We are waiting for 299142 
298838 Grandchild PID is 299261 - found in 0 x 1 seconds
298838 Establishing first watcher   on    Sun May 15 05:50:41 EDT 2022
298838 Process tree is 298838 (main) -> 299142 (child) -> 299261 (grandchild)
F S   UID    PID   PPID  C PRI  NI ADDR SZ WCHAN  TTY        TIME CMD
299142 Stepping into the main SUMS wrapper program with []
Archive:  /star/data01/pwg/xiatong/git/strangeness/package.zip
  inflating: /tmp/maxwoo/E724C5E71F5126BD08321C1635A2D446_1817/Check_Cf.C  
  inflating: /tmp/maxwoo/E724C5E71F5126BD08321C1635A2D446_1817/check.C  
   creating: /tmp/maxwoo/E724C5E71F5126BD08321C1635A2D446_1817/lib/
  inflating: /tmp/maxwoo/E724C5E71F5126BD08321C1635A2D446_1817/lib/CenMaker.cpp  
  inflating: /tmp/maxwoo/E724C5E71F5126BD08321C1635A2D446_1817/lib/CenMaker_cpp_ACLiC_dict_rdict.pcm  
  inflating: /tmp/maxwoo/E724C5E71F5126BD08321C1635A2D446_1817/lib/CenMaker_cpp.d  
  inflating: /tmp/maxwoo/E724C5E71F5126BD08321C1635A2D446_1817/lib/CenMaker_cpp.so  
  inflating: /tmp/maxwoo/E724C5E71F5126BD08321C1635A2D446_1817/lib/CenMaker.h  
  inflating: /tmp/maxwoo/E724C5E71F5126BD08321C1635A2D446_1817/lib/MixedBuffer.cpp  
  inflating: /tmp/maxwoo/E724C5E71F5126BD08321C1635A2D446_1817/lib/MixedBuffer_cpp_ACLiC_dict_rdict.pcm  
  inflating: /tmp/maxwoo/E724C5E71F5126BD08321C1635A2D446_1817/lib/MixedBuffer_cpp.d  
  inflating: /tmp/maxwoo/E724C5E71F5126BD08321C1635A2D446_1817/lib/MixedBuffer_cpp.so  
  inflating: /tmp/maxwoo/E724C5E71F5126BD08321C1635A2D446_1817/lib/MixedBuffer.h  
  inflating: /tmp/maxwoo/E724C5E71F5126BD08321C1635A2D446_1817/lib/my_event.cpp  
  inflating: /tmp/maxwoo/E724C5E71F5126BD08321C1635A2D446_1817/lib/my_event_cpp_ACLiC_dict_rdict.pcm  
  inflating: /tmp/maxwoo/E724C5E71F5126BD08321C1635A2D446_1817/lib/my_event_cpp.d  
  inflating: /tmp/maxwoo/E724C5E71F5126BD08321C1635A2D446_1817/lib/my_event_cpp.so  
  inflating: /tmp/maxwoo/E724C5E71F5126BD08321C1635A2D446_1817/lib/my_event.h  
  inflating: /tmp/maxwoo/E724C5E71F5126BD08321C1635A2D446_1817/lib/my_particle.cpp  
  inflating: /tmp/maxwoo/E724C5E71F5126BD08321C1635A2D446_1817/lib/my_particle_cpp_ACLiC_dict_rdict.pcm  
  inflating: /tmp/maxwoo/E724C5E71F5126BD08321C1635A2D446_1817/lib/my_particle_cpp.d  
  inflating: /tmp/maxwoo/E724C5E71F5126BD08321C1635A2D446_1817/lib/my_particle_cpp.so  
  inflating: /tmp/maxwoo/E724C5E71F5126BD08321C1635A2D446_1817/lib/my_particle.h  
  inflating: /tmp/maxwoo/E724C5E71F5126BD08321C1635A2D446_1817/lib/NpartNormalizer.cpp  
  inflating: /tmp/maxwoo/E724C5E71F5126BD08321C1635A2D446_1817/lib/NpartNormalizer_cpp_ACLiC_dict_rdict.pcm  
  inflating: /tmp/maxwoo/E724C5E71F5126BD08321C1635A2D446_1817/lib/NpartNormalizer_cpp.d  
  inflating: /tmp/maxwoo/E724C5E71F5126BD08321C1635A2D446_1817/lib/NpartNormalizer_cpp.so  
  inflating: /tmp/maxwoo/E724C5E71F5126BD08321C1635A2D446_1817/lib/NpartNormalizer.h  
Running: cp /star/data01/pwg/xiatong/AMPT/14GeV/data_761170691.root /tmp/maxwoo/E724C5E71F5126BD08321C1635A2D446_1817/INPUTFILES/data_761170691.root
Running: cp /star/data01/pwg/xiatong/AMPT/14GeV/data_761170721.root /tmp/maxwoo/E724C5E71F5126BD08321C1635A2D446_1817/INPUTFILES/data_761170721.root
Running: cp /star/data01/pwg/xiatong/AMPT/14GeV/data_761170761.root /tmp/maxwoo/E724C5E71F5126BD08321C1635A2D446_1817/INPUTFILES/data_761170761.root
Running: cp /star/data01/pwg/xiatong/AMPT/14GeV/data_761170841.root /tmp/maxwoo/E724C5E71F5126BD08321C1635A2D446_1817/INPUTFILES/data_761170841.root
Running: cp /star/data01/pwg/xiatong/AMPT/14GeV/data_761170851.root /tmp/maxwoo/E724C5E71F5126BD08321C1635A2D446_1817/INPUTFILES/data_761170851.root
Running: cp /star/data01/pwg/xiatong/AMPT/14GeV/data_761170861.root /tmp/maxwoo/E724C5E71F5126BD08321C1635A2D446_1817/INPUTFILES/data_761170861.root
Running: cp /star/data01/pwg/xiatong/AMPT/14GeV/data_761170871.root /tmp/maxwoo/E724C5E71F5126BD08321C1635A2D446_1817/INPUTFILES/data_761170871.root
Running: cp /star/data01/pwg/xiatong/AMPT/14GeV/data_761171011.root /tmp/maxwoo/E724C5E71F5126BD08321C1635A2D446_1817/INPUTFILES/data_761171011.root
Running: cp /star/data01/pwg/xiatong/AMPT/14GeV/data_761171121.root /tmp/maxwoo/E724C5E71F5126BD08321C1635A2D446_1817/INPUTFILES/data_761171121.root
Running: cp /star/data01/pwg/xiatong/AMPT/14GeV/data_761189971.root /tmp/maxwoo/E724C5E71F5126BD08321C1635A2D446_1817/INPUTFILES/data_761189971.root
Running: cp /star/data01/pwg/xiatong/AMPT/14GeV/data_761190071.root /tmp/maxwoo/E724C5E71F5126BD08321C1635A2D446_1817/INPUTFILES/data_761190071.root
Running: cp /star/data01/pwg/xiatong/AMPT/14GeV/data_761190141.root /tmp/maxwoo/E724C5E71F5126BD08321C1635A2D446_1817/INPUTFILES/data_761190141.root
Running: cp /star/data01/pwg/xiatong/AMPT/14GeV/data_761190151.root /tmp/maxwoo/E724C5E71F5126BD08321C1635A2D446_1817/INPUTFILES/data_761190151.root
Running: cp /star/data01/pwg/xiatong/AMPT/14GeV/data_761190161.root /tmp/maxwoo/E724C5E71F5126BD08321C1635A2D446_1817/INPUTFILES/data_761190161.root
Running: cp /star/data01/pwg/xiatong/AMPT/14GeV/data_761190231.root /tmp/maxwoo/E724C5E71F5126BD08321C1635A2D446_1817/INPUTFILES/data_761190231.root
Running: cp /star/data01/pwg/xiatong/AMPT/14GeV/data_761196491.root /tmp/maxwoo/E724C5E71F5126BD08321C1635A2D446_1817/INPUTFILES/data_761196491.root
Running: cp /star/data01/pwg/xiatong/AMPT/14GeV/data_761196501.root /tmp/maxwoo/E724C5E71F5126BD08321C1635A2D446_1817/INPUTFILES/data_761196501.root
Running: cp /star/data01/pwg/xiatong/AMPT/14GeV/data_761222211.root /tmp/maxwoo/E724C5E71F5126BD08321C1635A2D446_1817/INPUTFILES/data_761222211.root
Running: cp /star/data01/pwg/xiatong/AMPT/14GeV/data_761275091.root /tmp/maxwoo/E724C5E71F5126BD08321C1635A2D446_1817/INPUTFILES/data_761275091.root
Running: cp /star/data01/pwg/xiatong/AMPT/14GeV/data_761575081.root /tmp/maxwoo/E724C5E71F5126BD08321C1635A2D446_1817/INPUTFILES/data_761575081.root
Running: cp /star/data01/pwg/xiatong/AMPT/14GeV/data_761775071.root /tmp/maxwoo/E724C5E71F5126BD08321C1635A2D446_1817/INPUTFILES/data_761775071.root
Running: cp /star/data01/pwg/xiatong/AMPT/14GeV/data_761923081.root /tmp/maxwoo/E724C5E71F5126BD08321C1635A2D446_1817/INPUTFILES/data_761923081.root
Running: cp /star/data01/pwg/xiatong/AMPT/14GeV/data_762108421.root /tmp/maxwoo/E724C5E71F5126BD08321C1635A2D446_1817/INPUTFILES/data_762108421.root
Running: cp /star/data01/pwg/xiatong/AMPT/14GeV/data_762110941.root /tmp/maxwoo/E724C5E71F5126BD08321C1635A2D446_1817/INPUTFILES/data_762110941.root
Running: cp /star/data01/pwg/xiatong/AMPT/14GeV/data_762111011.root /tmp/maxwoo/E724C5E71F5126BD08321C1635A2D446_1817/INPUTFILES/data_762111011.root
Running: cp /star/data01/pwg/xiatong/AMPT/14GeV/data_762111281.root /tmp/maxwoo/E724C5E71F5126BD08321C1635A2D446_1817/INPUTFILES/data_762111281.root
Running: cp /star/data01/pwg/xiatong/AMPT/14GeV/data_762111291.root /tmp/maxwoo/E724C5E71F5126BD08321C1635A2D446_1817/INPUTFILES/data_762111291.root
Running: cp /star/data01/pwg/xiatong/AMPT/14GeV/data_762111301.root /tmp/maxwoo/E724C5E71F5126BD08321C1635A2D446_1817/INPUTFILES/data_762111301.root
Running: cp /star/data01/pwg/xiatong/AMPT/14GeV/data_762111331.root /tmp/maxwoo/E724C5E71F5126BD08321C1635A2D446_1817/INPUTFILES/data_762111331.root
Running: cp /star/data01/pwg/xiatong/AMPT/14GeV/data_762126191.root /tmp/maxwoo/E724C5E71F5126BD08321C1635A2D446_1817/INPUTFILES/data_762126191.root
Running: cp /star/data01/pwg/xiatong/AMPT/14GeV/data_762132411.root /tmp/maxwoo/E724C5E71F5126BD08321C1635A2D446_1817/INPUTFILES/data_762132411.root
Running: cp /star/data01/pwg/xiatong/AMPT/14GeV/data_762145071.root /tmp/maxwoo/E724C5E71F5126BD08321C1635A2D446_1817/INPUTFILES/data_762145071.root
Running: cp /star/data01/pwg/xiatong/AMPT/14GeV/data_762147321.root /tmp/maxwoo/E724C5E71F5126BD08321C1635A2D446_1817/INPUTFILES/data_762147321.root
Running: cp /star/data01/pwg/xiatong/AMPT/14GeV/data_762147331.root /tmp/maxwoo/E724C5E71F5126BD08321C1635A2D446_1817/INPUTFILES/data_762147331.root
Running: cp /star/data01/pwg/xiatong/AMPT/14GeV/data_762147341.root /tmp/maxwoo/E724C5E71F5126BD08321C1635A2D446_1817/INPUTFILES/data_762147341.root
Running: cp /star/data01/pwg/xiatong/AMPT/14GeV/data_762147351.root /tmp/maxwoo/E724C5E71F5126BD08321C1635A2D446_1817/INPUTFILES/data_762147351.root
Running: cp /star/data01/pwg/xiatong/AMPT/14GeV/data_762147361.root /tmp/maxwoo/E724C5E71F5126BD08321C1635A2D446_1817/INPUTFILES/data_762147361.root
Swapping $FILELIST with: /tmp/maxwoo/E724C5E71F5126BD08321C1635A2D446_1817/INPUTFILES/E724C5E71F5126BD08321C1635A2D446_1817.local.list
+++++++++++local copy debug++++++++++++++++++++
newFileList: /tmp/maxwoo/E724C5E71F5126BD08321C1635A2D446_1817/INPUTFILES/E724C5E71F5126BD08321C1635A2D446_1817.local.list
++++++++++++++++cat FILELIST+++++++++++++++++++
/tmp/maxwoo/E724C5E71F5126BD08321C1635A2D446_1817/INPUTFILES/data_761170691.root 
/tmp/maxwoo/E724C5E71F5126BD08321C1635A2D446_1817/INPUTFILES/data_761170721.root 
/tmp/maxwoo/E724C5E71F5126BD08321C1635A2D446_1817/INPUTFILES/data_761170761.root 
/tmp/maxwoo/E724C5E71F5126BD08321C1635A2D446_1817/INPUTFILES/data_761170841.root 
/tmp/maxwoo/E724C5E71F5126BD08321C1635A2D446_1817/INPUTFILES/data_761170851.root 
/tmp/maxwoo/E724C5E71F5126BD08321C1635A2D446_1817/INPUTFILES/data_761170861.root 
/tmp/maxwoo/E724C5E71F5126BD08321C1635A2D446_1817/INPUTFILES/data_761170871.root 
/tmp/maxwoo/E724C5E71F5126BD08321C1635A2D446_1817/INPUTFILES/data_761171011.root 
/tmp/maxwoo/E724C5E71F5126BD08321C1635A2D446_1817/INPUTFILES/data_761171121.root 
/tmp/maxwoo/E724C5E71F5126BD08321C1635A2D446_1817/INPUTFILES/data_761189971.root 
/tmp/maxwoo/E724C5E71F5126BD08321C1635A2D446_1817/INPUTFILES/data_761190071.root 
/tmp/maxwoo/E724C5E71F5126BD08321C1635A2D446_1817/INPUTFILES/data_761190141.root 
/tmp/maxwoo/E724C5E71F5126BD08321C1635A2D446_1817/INPUTFILES/data_761190151.root 
/tmp/maxwoo/E724C5E71F5126BD08321C1635A2D446_1817/INPUTFILES/data_761190161.root 
/tmp/maxwoo/E724C5E71F5126BD08321C1635A2D446_1817/INPUTFILES/data_761190231.root 
/tmp/maxwoo/E724C5E71F5126BD08321C1635A2D446_1817/INPUTFILES/data_761196491.root 
/tmp/maxwoo/E724C5E71F5126BD08321C1635A2D446_1817/INPUTFILES/data_761196501.root 
/tmp/maxwoo/E724C5E71F5126BD08321C1635A2D446_1817/INPUTFILES/data_761222211.root 
/tmp/maxwoo/E724C5E71F5126BD08321C1635A2D446_1817/INPUTFILES/data_761275091.root 
/tmp/maxwoo/E724C5E71F5126BD08321C1635A2D446_1817/INPUTFILES/data_761575081.root 
/tmp/maxwoo/E724C5E71F5126BD08321C1635A2D446_1817/INPUTFILES/data_761775071.root 
/tmp/maxwoo/E724C5E71F5126BD08321C1635A2D446_1817/INPUTFILES/data_761923081.root 
/tmp/maxwoo/E724C5E71F5126BD08321C1635A2D446_1817/INPUTFILES/data_762108421.root 
/tmp/maxwoo/E724C5E71F5126BD08321C1635A2D446_1817/INPUTFILES/data_762110941.root 
/tmp/maxwoo/E724C5E71F5126BD08321C1635A2D446_1817/INPUTFILES/data_762111011.root 
/tmp/maxwoo/E724C5E71F5126BD08321C1635A2D446_1817/INPUTFILES/data_762111281.root 
/tmp/maxwoo/E724C5E71F5126BD08321C1635A2D446_1817/INPUTFILES/data_762111291.root 
/tmp/maxwoo/E724C5E71F5126BD08321C1635A2D446_1817/INPUTFILES/data_762111301.root 
/tmp/maxwoo/E724C5E71F5126BD08321C1635A2D446_1817/INPUTFILES/data_762111331.root 
/tmp/maxwoo/E724C5E71F5126BD08321C1635A2D446_1817/INPUTFILES/data_762126191.root 
/tmp/maxwoo/E724C5E71F5126BD08321C1635A2D446_1817/INPUTFILES/data_762132411.root 
/tmp/maxwoo/E724C5E71F5126BD08321C1635A2D446_1817/INPUTFILES/data_762145071.root 
/tmp/maxwoo/E724C5E71F5126BD08321C1635A2D446_1817/INPUTFILES/data_762147321.root 
/tmp/maxwoo/E724C5E71F5126BD08321C1635A2D446_1817/INPUTFILES/data_762147331.root 
/tmp/maxwoo/E724C5E71F5126BD08321C1635A2D446_1817/INPUTFILES/data_762147341.root 
/tmp/maxwoo/E724C5E71F5126BD08321C1635A2D446_1817/INPUTFILES/data_762147351.root 
/tmp/maxwoo/E724C5E71F5126BD08321C1635A2D446_1817/INPUTFILES/data_762147361.root 
++++++++++++++++++++find.++++++++++++++++++++++
.
./.errror.log
./.output.log
./Check_Cf.C
./check.C
./lib
./lib/CenMaker.cpp
./lib/CenMaker_cpp_ACLiC_dict_rdict.pcm
./lib/CenMaker_cpp.d
./lib/CenMaker_cpp.so
./lib/CenMaker.h
./lib/MixedBuffer.cpp
./lib/MixedBuffer_cpp_ACLiC_dict_rdict.pcm
./lib/MixedBuffer_cpp.d
./lib/MixedBuffer_cpp.so
./lib/MixedBuffer.h
./lib/my_event.cpp
./lib/my_event_cpp_ACLiC_dict_rdict.pcm
./lib/my_event_cpp.d
./lib/my_event_cpp.so
./lib/my_event.h
./lib/my_particle.cpp
./lib/my_particle_cpp_ACLiC_dict_rdict.pcm
./lib/my_particle_cpp.d
./lib/my_particle_cpp.so
./lib/my_particle.h
./lib/NpartNormalizer.cpp
./lib/NpartNormalizer_cpp_ACLiC_dict_rdict.pcm
./lib/NpartNormalizer_cpp.d
./lib/NpartNormalizer_cpp.so
./lib/NpartNormalizer.h
./.sandboxFiles
./INPUTFILES
./INPUTFILES/E724C5E71F5126BD08321C1635A2D446_1817.local.list
./INPUTFILES/data_761170691.root
./INPUTFILES/data_761170721.root
./INPUTFILES/data_761170761.root
./INPUTFILES/data_761170841.root
./INPUTFILES/data_761170851.root
./INPUTFILES/data_761170861.root
./INPUTFILES/data_761170871.root
./INPUTFILES/data_761171011.root
./INPUTFILES/data_761171121.root
./INPUTFILES/data_761189971.root
./INPUTFILES/data_761190071.root
./INPUTFILES/data_761190141.root
./INPUTFILES/data_761190151.root
./INPUTFILES/data_761190161.root
./INPUTFILES/data_761190231.root
./INPUTFILES/data_761196491.root
./INPUTFILES/data_761196501.root
./INPUTFILES/data_761222211.root
./INPUTFILES/data_761275091.root
./INPUTFILES/data_761575081.root
./INPUTFILES/data_761775071.root
./INPUTFILES/data_761923081.root
./INPUTFILES/data_762108421.root
./INPUTFILES/data_762110941.root
./INPUTFILES/data_762111011.root
./INPUTFILES/data_762111281.root
./INPUTFILES/data_762111291.root
./INPUTFILES/data_762111301.root
./INPUTFILES/data_762111331.root
./INPUTFILES/data_762126191.root
./INPUTFILES/data_762132411.root
./INPUTFILES/data_762145071.root
./INPUTFILES/data_762147321.root
./INPUTFILES/data_762147331.root
./INPUTFILES/data_762147341.root
./INPUTFILES/data_762147351.root
./INPUTFILES/data_762147361.root
++++++++++++++++INPUTFILE Var++++++++++++++++++
FILELIST=/tmp/maxwoo/E724C5E71F5126BD08321C1635A2D446_1817/INPUTFILES/E724C5E71F5126BD08321C1635A2D446_1817.local.list
INPUTFILECOUNT=37
INPUTFILE0=/tmp/maxwoo/E724C5E71F5126BD08321C1635A2D446_1817/INPUTFILES/data_761170691.root
INPUTFILE1=/tmp/maxwoo/E724C5E71F5126BD08321C1635A2D446_1817/INPUTFILES/data_761170721.root
INPUTFILE2=/tmp/maxwoo/E724C5E71F5126BD08321C1635A2D446_1817/INPUTFILES/data_761170761.root
INPUTFILE3=/tmp/maxwoo/E724C5E71F5126BD08321C1635A2D446_1817/INPUTFILES/data_761170841.root
INPUTFILE4=/tmp/maxwoo/E724C5E71F5126BD08321C1635A2D446_1817/INPUTFILES/data_761170851.root
INPUTFILE5=/tmp/maxwoo/E724C5E71F5126BD08321C1635A2D446_1817/INPUTFILES/data_761170861.root
INPUTFILE6=/tmp/maxwoo/E724C5E71F5126BD08321C1635A2D446_1817/INPUTFILES/data_761170871.root
INPUTFILE7=/tmp/maxwoo/E724C5E71F5126BD08321C1635A2D446_1817/INPUTFILES/data_761171011.root
INPUTFILE8=/tmp/maxwoo/E724C5E71F5126BD08321C1635A2D446_1817/INPUTFILES/data_761171121.root
INPUTFILE9=/tmp/maxwoo/E724C5E71F5126BD08321C1635A2D446_1817/INPUTFILES/data_761189971.root
INPUTFILE10=/tmp/maxwoo/E724C5E71F5126BD08321C1635A2D446_1817/INPUTFILES/data_761190071.root
INPUTFILE11=/tmp/maxwoo/E724C5E71F5126BD08321C1635A2D446_1817/INPUTFILES/data_761190141.root
INPUTFILE12=/tmp/maxwoo/E724C5E71F5126BD08321C1635A2D446_1817/INPUTFILES/data_761190151.root
INPUTFILE13=/tmp/maxwoo/E724C5E71F5126BD08321C1635A2D446_1817/INPUTFILES/data_761190161.root
INPUTFILE14=/tmp/maxwoo/E724C5E71F5126BD08321C1635A2D446_1817/INPUTFILES/data_761190231.root
INPUTFILE15=/tmp/maxwoo/E724C5E71F5126BD08321C1635A2D446_1817/INPUTFILES/data_761196491.root
INPUTFILE16=/tmp/maxwoo/E724C5E71F5126BD08321C1635A2D446_1817/INPUTFILES/data_761196501.root
INPUTFILE17=/tmp/maxwoo/E724C5E71F5126BD08321C1635A2D446_1817/INPUTFILES/data_761222211.root
INPUTFILE18=/tmp/maxwoo/E724C5E71F5126BD08321C1635A2D446_1817/INPUTFILES/data_761275091.root
INPUTFILE19=/tmp/maxwoo/E724C5E71F5126BD08321C1635A2D446_1817/INPUTFILES/data_761575081.root
INPUTFILE20=/tmp/maxwoo/E724C5E71F5126BD08321C1635A2D446_1817/INPUTFILES/data_761775071.root
INPUTFILE21=/tmp/maxwoo/E724C5E71F5126BD08321C1635A2D446_1817/INPUTFILES/data_761923081.root
INPUTFILE22=/tmp/maxwoo/E724C5E71F5126BD08321C1635A2D446_1817/INPUTFILES/data_762108421.root
INPUTFILE23=/tmp/maxwoo/E724C5E71F5126BD08321C1635A2D446_1817/INPUTFILES/data_762110941.root
INPUTFILE24=/tmp/maxwoo/E724C5E71F5126BD08321C1635A2D446_1817/INPUTFILES/data_762111011.root
INPUTFILE25=/tmp/maxwoo/E724C5E71F5126BD08321C1635A2D446_1817/INPUTFILES/data_762111281.root
INPUTFILE26=/tmp/maxwoo/E724C5E71F5126BD08321C1635A2D446_1817/INPUTFILES/data_762111291.root
INPUTFILE27=/tmp/maxwoo/E724C5E71F5126BD08321C1635A2D446_1817/INPUTFILES/data_762111301.root
INPUTFILE28=/tmp/maxwoo/E724C5E71F5126BD08321C1635A2D446_1817/INPUTFILES/data_762111331.root
INPUTFILE29=/tmp/maxwoo/E724C5E71F5126BD08321C1635A2D446_1817/INPUTFILES/data_762126191.root
INPUTFILE30=/tmp/maxwoo/E724C5E71F5126BD08321C1635A2D446_1817/INPUTFILES/data_762132411.root
INPUTFILE31=/tmp/maxwoo/E724C5E71F5126BD08321C1635A2D446_1817/INPUTFILES/data_762145071.root
INPUTFILE32=/tmp/maxwoo/E724C5E71F5126BD08321C1635A2D446_1817/INPUTFILES/data_762147321.root
INPUTFILE33=/tmp/maxwoo/E724C5E71F5126BD08321C1635A2D446_1817/INPUTFILES/data_762147331.root
INPUTFILE34=/tmp/maxwoo/E724C5E71F5126BD08321C1635A2D446_1817/INPUTFILES/data_762147341.root
INPUTFILE35=/tmp/maxwoo/E724C5E71F5126BD08321C1635A2D446_1817/INPUTFILES/data_762147351.root
INPUTFILE36=/tmp/maxwoo/E724C5E71F5126BD08321C1635A2D446_1817/INPUTFILES/data_762147361.root
LocalInputFileDir=/tmp/maxwoo/E724C5E71F5126BD08321C1635A2D446_1817/INPUTFILES
NewFILELIST=/tmp/maxwoo/E724C5E71F5126BD08321C1635A2D446_1817/INPUTFILES/E724C5E71F5126BD08321C1635A2D446_1817.local.list
+++++++++++++++++++++++++++++++++++++++++++++++
--------------------------------
Simple Unified Meta Scheduler 1.10.50 we are starting in $SCRATCH : /home/tmp/maxwoo/E724C5E71F5126BD08321C1635A2D446_1817
--------------------------------
total 44
-rw-r--r-- 1 maxwoo rhstar   656 Apr  4 01:57 check.C
-rw-r--r-- 1 maxwoo rhstar 29310 May 13 23:42 Check_Cf.C
drwxr-xr-x 2 maxwoo rhstar  4096 May 15 05:50 INPUTFILES
drwxr-xr-x 2 maxwoo rhstar  4096 May 15 02:48 lib
  *******************************************
  *                                         *
  *        W E L C O M E  to  R O O T       *
  *                                         *
  *   Version   5.34/38     12 March 2018   *
  *                                         *
  *  You are welcome to visit our Web site  *
  *          http://root.cern.ch            *
  *                                         *
  *******************************************

ROOT 5.34/38 (v5-34-38@v5-34-38, Mar 12 2018, 15:49:39 on linux)

CINT/ROOT C/C++ Interpreter version 5.18.00, July 2, 2010
Type ? for help. Commands must be C++ statements.
Enclose multiple statements between { }.
*** Float Point Exception is OFF ***
 *** Start at Date : Sun May 15 05:50:46 2022
QAInfo:You are using STAR_LEVEL : dev, ROOT_LEVEL : 5.34.38 and node : rcas2021.rcf.bnl.gov 

Processing check.C++("/tmp/maxwoo/E724C5E71F5126BD08321C1635A2D446_1817/INPUTFILES/E724C5E71F5126BD08321C1635A2D446_1817.local.list","E724C5E71F5126BD08321C1635A2D446_1817",1)...

This is the end of ROOT -- Goodbye

Cleaning up sandbox file:  /tmp/maxwoo/E724C5E71F5126BD08321C1635A2D446_1817/check.C
Cleaning up sandbox file:  /tmp/maxwoo/E724C5E71F5126BD08321C1635A2D446_1817/Check_Cf.C
Cleaning up sandbox file:  /tmp/maxwoo/E724C5E71F5126BD08321C1635A2D446_1817/lib
Cleaning up sandbox file:  /tmp/maxwoo/E724C5E71F5126BD08321C1635A2D446_1817/.sandboxFiles
Error: Scheduler could not find any files in $SCRATCH matching your <output> tag fromScratch value: *.root 
298838 Execution of (/star/data01/pwg/xiatong/git/strangeness/script/schedE724C5E71F5126BD08321C1635A2D446_1817.csh ) has ended, exiting normally
298838 We END on [Sun May 15 05:50:47 EDT 2022]
