We are starting on node: rcas2024.rcf.bnl.gov
HOME is not defined
Using getent method
HOME is now /star/u/maxwoo
210301 We will spawn ourselves (/star/data01/pwg/xiatong/git/strangeness/script/schedE724C5E71F5126BD08321C1635A2D446_462.csh )
210301 We BEGIN on [Sun May 15 06:04:40 EDT 2022]
[1] 210491
210301 We are waiting for 210491 
210491 Stepping into the main SUMS wrapper program with []
Archive:  /star/data01/pwg/xiatong/git/strangeness/package.zip
  inflating: /tmp/maxwoo/E724C5E71F5126BD08321C1635A2D446_462/Check_Cf.C  
  inflating: /tmp/maxwoo/E724C5E71F5126BD08321C1635A2D446_462/check.C  
   creating: /tmp/maxwoo/E724C5E71F5126BD08321C1635A2D446_462/lib/
  inflating: /tmp/maxwoo/E724C5E71F5126BD08321C1635A2D446_462/lib/CenMaker.cpp  
  inflating: /tmp/maxwoo/E724C5E71F5126BD08321C1635A2D446_462/lib/CenMaker_cpp_ACLiC_dict_rdict.pcm  
  inflating: /tmp/maxwoo/E724C5E71F5126BD08321C1635A2D446_462/lib/CenMaker_cpp.d  
  inflating: /tmp/maxwoo/E724C5E71F5126BD08321C1635A2D446_462/lib/CenMaker_cpp.so  
  inflating: /tmp/maxwoo/E724C5E71F5126BD08321C1635A2D446_462/lib/CenMaker.h  
  inflating: /tmp/maxwoo/E724C5E71F5126BD08321C1635A2D446_462/lib/MixedBuffer.cpp  
  inflating: /tmp/maxwoo/E724C5E71F5126BD08321C1635A2D446_462/lib/MixedBuffer_cpp_ACLiC_dict_rdict.pcm  
  inflating: /tmp/maxwoo/E724C5E71F5126BD08321C1635A2D446_462/lib/MixedBuffer_cpp.d  
  inflating: /tmp/maxwoo/E724C5E71F5126BD08321C1635A2D446_462/lib/MixedBuffer_cpp.so  
  inflating: /tmp/maxwoo/E724C5E71F5126BD08321C1635A2D446_462/lib/MixedBuffer.h  
  inflating: /tmp/maxwoo/E724C5E71F5126BD08321C1635A2D446_462/lib/my_event.cpp  
  inflating: /tmp/maxwoo/E724C5E71F5126BD08321C1635A2D446_462/lib/my_event_cpp_ACLiC_dict_rdict.pcm  
  inflating: /tmp/maxwoo/E724C5E71F5126BD08321C1635A2D446_462/lib/my_event_cpp.d  
  inflating: /tmp/maxwoo/E724C5E71F5126BD08321C1635A2D446_462/lib/my_event_cpp.so  
  inflating: /tmp/maxwoo/E724C5E71F5126BD08321C1635A2D446_462/lib/my_event.h  
  inflating: /tmp/maxwoo/E724C5E71F5126BD08321C1635A2D446_462/lib/my_particle.cpp  
  inflating: /tmp/maxwoo/E724C5E71F5126BD08321C1635A2D446_462/lib/my_particle_cpp_ACLiC_dict_rdict.pcm  
  inflating: /tmp/maxwoo/E724C5E71F5126BD08321C1635A2D446_462/lib/my_particle_cpp.d  
  inflating: /tmp/maxwoo/E724C5E71F5126BD08321C1635A2D446_462/lib/my_particle_cpp.so  
  inflating: /tmp/maxwoo/E724C5E71F5126BD08321C1635A2D446_462/lib/my_particle.h  
  inflating: /tmp/maxwoo/E724C5E71F5126BD08321C1635A2D446_462/lib/NpartNormalizer.cpp  
  inflating: /tmp/maxwoo/E724C5E71F5126BD08321C1635A2D446_462/lib/NpartNormalizer_cpp_ACLiC_dict_rdict.pcm  
  inflating: /tmp/maxwoo/E724C5E71F5126BD08321C1635A2D446_462/lib/NpartNormalizer_cpp.d  
  inflating: /tmp/maxwoo/E724C5E71F5126BD08321C1635A2D446_462/lib/NpartNormalizer_cpp.so  
  inflating: /tmp/maxwoo/E724C5E71F5126BD08321C1635A2D446_462/lib/NpartNormalizer.h  
Running: cp /star/data01/pwg/xiatong/AMPT/14GeV/data_200148611.root /tmp/maxwoo/E724C5E71F5126BD08321C1635A2D446_462/INPUTFILES/data_200148611.root
Running: cp /star/data01/pwg/xiatong/AMPT/14GeV/data_200149521.root /tmp/maxwoo/E724C5E71F5126BD08321C1635A2D446_462/INPUTFILES/data_200149521.root
Running: cp /star/data01/pwg/xiatong/AMPT/14GeV/data_200162241.root /tmp/maxwoo/E724C5E71F5126BD08321C1635A2D446_462/INPUTFILES/data_200162241.root
Running: cp /star/data01/pwg/xiatong/AMPT/14GeV/data_200163301.root /tmp/maxwoo/E724C5E71F5126BD08321C1635A2D446_462/INPUTFILES/data_200163301.root
Running: cp /star/data01/pwg/xiatong/AMPT/14GeV/data_200166451.root /tmp/maxwoo/E724C5E71F5126BD08321C1635A2D446_462/INPUTFILES/data_200166451.root
Running: cp /star/data01/pwg/xiatong/AMPT/14GeV/data_200166461.root /tmp/maxwoo/E724C5E71F5126BD08321C1635A2D446_462/INPUTFILES/data_200166461.root
Running: cp /star/data01/pwg/xiatong/AMPT/14GeV/data_200186691.root /tmp/maxwoo/E724C5E71F5126BD08321C1635A2D446_462/INPUTFILES/data_200186691.root
Running: cp /star/data01/pwg/xiatong/AMPT/14GeV/data_200186701.root /tmp/maxwoo/E724C5E71F5126BD08321C1635A2D446_462/INPUTFILES/data_200186701.root
Running: cp /star/data01/pwg/xiatong/AMPT/14GeV/data_200186711.root /tmp/maxwoo/E724C5E71F5126BD08321C1635A2D446_462/INPUTFILES/data_200186711.root
Running: cp /star/data01/pwg/xiatong/AMPT/14GeV/data_200186731.root /tmp/maxwoo/E724C5E71F5126BD08321C1635A2D446_462/INPUTFILES/data_200186731.root
Running: cp /star/data01/pwg/xiatong/AMPT/14GeV/data_200186751.root /tmp/maxwoo/E724C5E71F5126BD08321C1635A2D446_462/INPUTFILES/data_200186751.root
Running: cp /star/data01/pwg/xiatong/AMPT/14GeV/data_200186781.root /tmp/maxwoo/E724C5E71F5126BD08321C1635A2D446_462/INPUTFILES/data_200186781.root
Running: cp /star/data01/pwg/xiatong/AMPT/14GeV/data_200186801.root /tmp/maxwoo/E724C5E71F5126BD08321C1635A2D446_462/INPUTFILES/data_200186801.root
Running: cp /star/data01/pwg/xiatong/AMPT/14GeV/data_200186811.root /tmp/maxwoo/E724C5E71F5126BD08321C1635A2D446_462/INPUTFILES/data_200186811.root
Running: cp /star/data01/pwg/xiatong/AMPT/14GeV/data_200186841.root /tmp/maxwoo/E724C5E71F5126BD08321C1635A2D446_462/INPUTFILES/data_200186841.root
Running: cp /star/data01/pwg/xiatong/AMPT/14GeV/data_200186851.root /tmp/maxwoo/E724C5E71F5126BD08321C1635A2D446_462/INPUTFILES/data_200186851.root
Running: cp /star/data01/pwg/xiatong/AMPT/14GeV/data_200186861.root /tmp/maxwoo/E724C5E71F5126BD08321C1635A2D446_462/INPUTFILES/data_200186861.root
Running: cp /star/data01/pwg/xiatong/AMPT/14GeV/data_200186871.root /tmp/maxwoo/E724C5E71F5126BD08321C1635A2D446_462/INPUTFILES/data_200186871.root
Running: cp /star/data01/pwg/xiatong/AMPT/14GeV/data_200186881.root /tmp/maxwoo/E724C5E71F5126BD08321C1635A2D446_462/INPUTFILES/data_200186881.root
Running: cp /star/data01/pwg/xiatong/AMPT/14GeV/data_200186891.root /tmp/maxwoo/E724C5E71F5126BD08321C1635A2D446_462/INPUTFILES/data_200186891.root
Running: cp /star/data01/pwg/xiatong/AMPT/14GeV/data_200186971.root /tmp/maxwoo/E724C5E71F5126BD08321C1635A2D446_462/INPUTFILES/data_200186971.root
Running: cp /star/data01/pwg/xiatong/AMPT/14GeV/data_200186981.root /tmp/maxwoo/E724C5E71F5126BD08321C1635A2D446_462/INPUTFILES/data_200186981.root
Running: cp /star/data01/pwg/xiatong/AMPT/14GeV/data_200186991.root /tmp/maxwoo/E724C5E71F5126BD08321C1635A2D446_462/INPUTFILES/data_200186991.root
Running: cp /star/data01/pwg/xiatong/AMPT/14GeV/data_200187131.root /tmp/maxwoo/E724C5E71F5126BD08321C1635A2D446_462/INPUTFILES/data_200187131.root
Running: cp /star/data01/pwg/xiatong/AMPT/14GeV/data_200187261.root /tmp/maxwoo/E724C5E71F5126BD08321C1635A2D446_462/INPUTFILES/data_200187261.root
Running: cp /star/data01/pwg/xiatong/AMPT/14GeV/data_200191841.root /tmp/maxwoo/E724C5E71F5126BD08321C1635A2D446_462/INPUTFILES/data_200191841.root
Running: cp /star/data01/pwg/xiatong/AMPT/14GeV/data_200191851.root /tmp/maxwoo/E724C5E71F5126BD08321C1635A2D446_462/INPUTFILES/data_200191851.root
Running: cp /star/data01/pwg/xiatong/AMPT/14GeV/data_200191861.root /tmp/maxwoo/E724C5E71F5126BD08321C1635A2D446_462/INPUTFILES/data_200191861.root
Running: cp /star/data01/pwg/xiatong/AMPT/14GeV/data_200191991.root /tmp/maxwoo/E724C5E71F5126BD08321C1635A2D446_462/INPUTFILES/data_200191991.root
Running: cp /star/data01/pwg/xiatong/AMPT/14GeV/data_200192011.root /tmp/maxwoo/E724C5E71F5126BD08321C1635A2D446_462/INPUTFILES/data_200192011.root
Running: cp /star/data01/pwg/xiatong/AMPT/14GeV/data_200192021.root /tmp/maxwoo/E724C5E71F5126BD08321C1635A2D446_462/INPUTFILES/data_200192021.root
Running: cp /star/data01/pwg/xiatong/AMPT/14GeV/data_200192111.root /tmp/maxwoo/E724C5E71F5126BD08321C1635A2D446_462/INPUTFILES/data_200192111.root
Running: cp /star/data01/pwg/xiatong/AMPT/14GeV/data_200192161.root /tmp/maxwoo/E724C5E71F5126BD08321C1635A2D446_462/INPUTFILES/data_200192161.root
Running: cp /star/data01/pwg/xiatong/AMPT/14GeV/data_200192171.root /tmp/maxwoo/E724C5E71F5126BD08321C1635A2D446_462/INPUTFILES/data_200192171.root
Running: cp /star/data01/pwg/xiatong/AMPT/14GeV/data_200192181.root /tmp/maxwoo/E724C5E71F5126BD08321C1635A2D446_462/INPUTFILES/data_200192181.root
Running: cp /star/data01/pwg/xiatong/AMPT/14GeV/data_200192211.root /tmp/maxwoo/E724C5E71F5126BD08321C1635A2D446_462/INPUTFILES/data_200192211.root
Running: cp /star/data01/pwg/xiatong/AMPT/14GeV/data_200192231.root /tmp/maxwoo/E724C5E71F5126BD08321C1635A2D446_462/INPUTFILES/data_200192231.root
Swapping $FILELIST with: /tmp/maxwoo/E724C5E71F5126BD08321C1635A2D446_462/INPUTFILES/E724C5E71F5126BD08321C1635A2D446_462.local.list
+++++++++++local copy debug++++++++++++++++++++
newFileList: /tmp/maxwoo/E724C5E71F5126BD08321C1635A2D446_462/INPUTFILES/E724C5E71F5126BD08321C1635A2D446_462.local.list
++++++++++++++++cat FILELIST+++++++++++++++++++
/tmp/maxwoo/E724C5E71F5126BD08321C1635A2D446_462/INPUTFILES/data_200148611.root 
/tmp/maxwoo/E724C5E71F5126BD08321C1635A2D446_462/INPUTFILES/data_200149521.root 
/tmp/maxwoo/E724C5E71F5126BD08321C1635A2D446_462/INPUTFILES/data_200162241.root 
/tmp/maxwoo/E724C5E71F5126BD08321C1635A2D446_462/INPUTFILES/data_200163301.root 
/tmp/maxwoo/E724C5E71F5126BD08321C1635A2D446_462/INPUTFILES/data_200166451.root 
/tmp/maxwoo/E724C5E71F5126BD08321C1635A2D446_462/INPUTFILES/data_200166461.root 
/tmp/maxwoo/E724C5E71F5126BD08321C1635A2D446_462/INPUTFILES/data_200186691.root 
/tmp/maxwoo/E724C5E71F5126BD08321C1635A2D446_462/INPUTFILES/data_200186701.root 
/tmp/maxwoo/E724C5E71F5126BD08321C1635A2D446_462/INPUTFILES/data_200186711.root 
/tmp/maxwoo/E724C5E71F5126BD08321C1635A2D446_462/INPUTFILES/data_200186731.root 
/tmp/maxwoo/E724C5E71F5126BD08321C1635A2D446_462/INPUTFILES/data_200186751.root 
/tmp/maxwoo/E724C5E71F5126BD08321C1635A2D446_462/INPUTFILES/data_200186781.root 
/tmp/maxwoo/E724C5E71F5126BD08321C1635A2D446_462/INPUTFILES/data_200186801.root 
/tmp/maxwoo/E724C5E71F5126BD08321C1635A2D446_462/INPUTFILES/data_200186811.root 
/tmp/maxwoo/E724C5E71F5126BD08321C1635A2D446_462/INPUTFILES/data_200186841.root 
/tmp/maxwoo/E724C5E71F5126BD08321C1635A2D446_462/INPUTFILES/data_200186851.root 
/tmp/maxwoo/E724C5E71F5126BD08321C1635A2D446_462/INPUTFILES/data_200186861.root 
/tmp/maxwoo/E724C5E71F5126BD08321C1635A2D446_462/INPUTFILES/data_200186871.root 
/tmp/maxwoo/E724C5E71F5126BD08321C1635A2D446_462/INPUTFILES/data_200186881.root 
/tmp/maxwoo/E724C5E71F5126BD08321C1635A2D446_462/INPUTFILES/data_200186891.root 
/tmp/maxwoo/E724C5E71F5126BD08321C1635A2D446_462/INPUTFILES/data_200186971.root 
/tmp/maxwoo/E724C5E71F5126BD08321C1635A2D446_462/INPUTFILES/data_200186981.root 
/tmp/maxwoo/E724C5E71F5126BD08321C1635A2D446_462/INPUTFILES/data_200186991.root 
/tmp/maxwoo/E724C5E71F5126BD08321C1635A2D446_462/INPUTFILES/data_200187131.root 
/tmp/maxwoo/E724C5E71F5126BD08321C1635A2D446_462/INPUTFILES/data_200187261.root 
/tmp/maxwoo/E724C5E71F5126BD08321C1635A2D446_462/INPUTFILES/data_200191841.root 
/tmp/maxwoo/E724C5E71F5126BD08321C1635A2D446_462/INPUTFILES/data_200191851.root 
/tmp/maxwoo/E724C5E71F5126BD08321C1635A2D446_462/INPUTFILES/data_200191861.root 
/tmp/maxwoo/E724C5E71F5126BD08321C1635A2D446_462/INPUTFILES/data_200191991.root 
/tmp/maxwoo/E724C5E71F5126BD08321C1635A2D446_462/INPUTFILES/data_200192011.root 
/tmp/maxwoo/E724C5E71F5126BD08321C1635A2D446_462/INPUTFILES/data_200192021.root 
/tmp/maxwoo/E724C5E71F5126BD08321C1635A2D446_462/INPUTFILES/data_200192111.root 
/tmp/maxwoo/E724C5E71F5126BD08321C1635A2D446_462/INPUTFILES/data_200192161.root 
/tmp/maxwoo/E724C5E71F5126BD08321C1635A2D446_462/INPUTFILES/data_200192171.root 
/tmp/maxwoo/E724C5E71F5126BD08321C1635A2D446_462/INPUTFILES/data_200192181.root 
/tmp/maxwoo/E724C5E71F5126BD08321C1635A2D446_462/INPUTFILES/data_200192211.root 
/tmp/maxwoo/E724C5E71F5126BD08321C1635A2D446_462/INPUTFILES/data_200192231.root 
++++++++++++++++++++find.++++++++++++++++++++++
.
./.errror.log
./.output.log
./Check_Cf.C
./check.C
./lib
./lib/CenMaker.cpp
./lib/CenMaker_cpp_ACLiC_dict_rdict.pcm
./lib/CenMaker_cpp.d
./lib/CenMaker_cpp.so
./lib/CenMaker.h
./lib/MixedBuffer.cpp
./lib/MixedBuffer_cpp_ACLiC_dict_rdict.pcm
./lib/MixedBuffer_cpp.d
./lib/MixedBuffer_cpp.so
./lib/MixedBuffer.h
./lib/my_event.cpp
./lib/my_event_cpp_ACLiC_dict_rdict.pcm
./lib/my_event_cpp.d
./lib/my_event_cpp.so
./lib/my_event.h
./lib/my_particle.cpp
./lib/my_particle_cpp_ACLiC_dict_rdict.pcm
./lib/my_particle_cpp.d
./lib/my_particle_cpp.so
./lib/my_particle.h
./lib/NpartNormalizer.cpp
./lib/NpartNormalizer_cpp_ACLiC_dict_rdict.pcm
./lib/NpartNormalizer_cpp.d
./lib/NpartNormalizer_cpp.so
./lib/NpartNormalizer.h
./.sandboxFiles
./INPUTFILES
./INPUTFILES/E724C5E71F5126BD08321C1635A2D446_462.local.list
./INPUTFILES/data_200148611.root
./INPUTFILES/data_200149521.root
./INPUTFILES/data_200162241.root
./INPUTFILES/data_200163301.root
./INPUTFILES/data_200166451.root
./INPUTFILES/data_200166461.root
./INPUTFILES/data_200186691.root
./INPUTFILES/data_200186701.root
./INPUTFILES/data_200186711.root
./INPUTFILES/data_200186731.root
./INPUTFILES/data_200186751.root
./INPUTFILES/data_200186781.root
./INPUTFILES/data_200186801.root
./INPUTFILES/data_200186811.root
./INPUTFILES/data_200186841.root
./INPUTFILES/data_200186851.root
./INPUTFILES/data_200186861.root
./INPUTFILES/data_200186871.root
./INPUTFILES/data_200186881.root
./INPUTFILES/data_200186891.root
./INPUTFILES/data_200186971.root
./INPUTFILES/data_200186981.root
./INPUTFILES/data_200186991.root
./INPUTFILES/data_200187131.root
./INPUTFILES/data_200187261.root
./INPUTFILES/data_200191841.root
./INPUTFILES/data_200191851.root
./INPUTFILES/data_200191861.root
./INPUTFILES/data_200191991.root
./INPUTFILES/data_200192011.root
./INPUTFILES/data_200192021.root
./INPUTFILES/data_200192111.root
./INPUTFILES/data_200192161.root
./INPUTFILES/data_200192171.root
./INPUTFILES/data_200192181.root
./INPUTFILES/data_200192211.root
./INPUTFILES/data_200192231.root
++++++++++++++++INPUTFILE Var++++++++++++++++++
FILELIST=/tmp/maxwoo/E724C5E71F5126BD08321C1635A2D446_462/INPUTFILES/E724C5E71F5126BD08321C1635A2D446_462.local.list
INPUTFILECOUNT=37
INPUTFILE0=/tmp/maxwoo/E724C5E71F5126BD08321C1635A2D446_462/INPUTFILES/data_200148611.root
INPUTFILE1=/tmp/maxwoo/E724C5E71F5126BD08321C1635A2D446_462/INPUTFILES/data_200149521.root
INPUTFILE2=/tmp/maxwoo/E724C5E71F5126BD08321C1635A2D446_462/INPUTFILES/data_200162241.root
INPUTFILE3=/tmp/maxwoo/E724C5E71F5126BD08321C1635A2D446_462/INPUTFILES/data_200163301.root
INPUTFILE4=/tmp/maxwoo/E724C5E71F5126BD08321C1635A2D446_462/INPUTFILES/data_200166451.root
INPUTFILE5=/tmp/maxwoo/E724C5E71F5126BD08321C1635A2D446_462/INPUTFILES/data_200166461.root
INPUTFILE6=/tmp/maxwoo/E724C5E71F5126BD08321C1635A2D446_462/INPUTFILES/data_200186691.root
INPUTFILE7=/tmp/maxwoo/E724C5E71F5126BD08321C1635A2D446_462/INPUTFILES/data_200186701.root
INPUTFILE8=/tmp/maxwoo/E724C5E71F5126BD08321C1635A2D446_462/INPUTFILES/data_200186711.root
INPUTFILE9=/tmp/maxwoo/E724C5E71F5126BD08321C1635A2D446_462/INPUTFILES/data_200186731.root
INPUTFILE10=/tmp/maxwoo/E724C5E71F5126BD08321C1635A2D446_462/INPUTFILES/data_200186751.root
INPUTFILE11=/tmp/maxwoo/E724C5E71F5126BD08321C1635A2D446_462/INPUTFILES/data_200186781.root
INPUTFILE12=/tmp/maxwoo/E724C5E71F5126BD08321C1635A2D446_462/INPUTFILES/data_200186801.root
INPUTFILE13=/tmp/maxwoo/E724C5E71F5126BD08321C1635A2D446_462/INPUTFILES/data_200186811.root
INPUTFILE14=/tmp/maxwoo/E724C5E71F5126BD08321C1635A2D446_462/INPUTFILES/data_200186841.root
INPUTFILE15=/tmp/maxwoo/E724C5E71F5126BD08321C1635A2D446_462/INPUTFILES/data_200186851.root
INPUTFILE16=/tmp/maxwoo/E724C5E71F5126BD08321C1635A2D446_462/INPUTFILES/data_200186861.root
INPUTFILE17=/tmp/maxwoo/E724C5E71F5126BD08321C1635A2D446_462/INPUTFILES/data_200186871.root
INPUTFILE18=/tmp/maxwoo/E724C5E71F5126BD08321C1635A2D446_462/INPUTFILES/data_200186881.root
INPUTFILE19=/tmp/maxwoo/E724C5E71F5126BD08321C1635A2D446_462/INPUTFILES/data_200186891.root
INPUTFILE20=/tmp/maxwoo/E724C5E71F5126BD08321C1635A2D446_462/INPUTFILES/data_200186971.root
INPUTFILE21=/tmp/maxwoo/E724C5E71F5126BD08321C1635A2D446_462/INPUTFILES/data_200186981.root
INPUTFILE22=/tmp/maxwoo/E724C5E71F5126BD08321C1635A2D446_462/INPUTFILES/data_200186991.root
INPUTFILE23=/tmp/maxwoo/E724C5E71F5126BD08321C1635A2D446_462/INPUTFILES/data_200187131.root
INPUTFILE24=/tmp/maxwoo/E724C5E71F5126BD08321C1635A2D446_462/INPUTFILES/data_200187261.root
INPUTFILE25=/tmp/maxwoo/E724C5E71F5126BD08321C1635A2D446_462/INPUTFILES/data_200191841.root
INPUTFILE26=/tmp/maxwoo/E724C5E71F5126BD08321C1635A2D446_462/INPUTFILES/data_200191851.root
INPUTFILE27=/tmp/maxwoo/E724C5E71F5126BD08321C1635A2D446_462/INPUTFILES/data_200191861.root
INPUTFILE28=/tmp/maxwoo/E724C5E71F5126BD08321C1635A2D446_462/INPUTFILES/data_200191991.root
INPUTFILE29=/tmp/maxwoo/E724C5E71F5126BD08321C1635A2D446_462/INPUTFILES/data_200192011.root
INPUTFILE30=/tmp/maxwoo/E724C5E71F5126BD08321C1635A2D446_462/INPUTFILES/data_200192021.root
INPUTFILE31=/tmp/maxwoo/E724C5E71F5126BD08321C1635A2D446_462/INPUTFILES/data_200192111.root
INPUTFILE32=/tmp/maxwoo/E724C5E71F5126BD08321C1635A2D446_462/INPUTFILES/data_200192161.root
INPUTFILE33=/tmp/maxwoo/E724C5E71F5126BD08321C1635A2D446_462/INPUTFILES/data_200192171.root
INPUTFILE34=/tmp/maxwoo/E724C5E71F5126BD08321C1635A2D446_462/INPUTFILES/data_200192181.root
INPUTFILE35=/tmp/maxwoo/E724C5E71F5126BD08321C1635A2D446_462/INPUTFILES/data_200192211.root
INPUTFILE36=/tmp/maxwoo/E724C5E71F5126BD08321C1635A2D446_462/INPUTFILES/data_200192231.root
LocalInputFileDir=/tmp/maxwoo/E724C5E71F5126BD08321C1635A2D446_462/INPUTFILES
NewFILELIST=/tmp/maxwoo/E724C5E71F5126BD08321C1635A2D446_462/INPUTFILES/E724C5E71F5126BD08321C1635A2D446_462.local.list
+++++++++++++++++++++++++++++++++++++++++++++++
--------------------------------
Simple Unified Meta Scheduler 1.10.50 we are starting in $SCRATCH : /home/tmp/maxwoo/E724C5E71F5126BD08321C1635A2D446_462
--------------------------------
total 44
-rw-r--r-- 1 maxwoo rhstar   656 Apr  4 01:57 check.C
-rw-r--r-- 1 maxwoo rhstar 29310 May 13 23:42 Check_Cf.C
drwxr-xr-x 2 maxwoo rhstar  4096 May 15 06:04 INPUTFILES
drwxr-xr-x 2 maxwoo rhstar  4096 May 15 02:48 lib
  *******************************************
  *                                         *
  *        W E L C O M E  to  R O O T       *
  *                                         *
  *   Version   5.34/38     12 March 2018   *
  *                                         *
  *  You are welcome to visit our Web site  *
  *          http://root.cern.ch            *
  *                                         *
  *******************************************

ROOT 5.34/38 (v5-34-38@v5-34-38, Mar 12 2018, 15:49:39 on linux)

CINT/ROOT C/C++ Interpreter version 5.18.00, July 2, 2010
Type ? for help. Commands must be C++ statements.
Enclose multiple statements between { }.
*** Float Point Exception is OFF ***
 *** Start at Date : Sun May 15 06:04:44 2022
QAInfo:You are using STAR_LEVEL : dev, ROOT_LEVEL : 5.34.38 and node : rcas2024.rcf.bnl.gov 

Processing check.C++("/tmp/maxwoo/E724C5E71F5126BD08321C1635A2D446_462/INPUTFILES/E724C5E71F5126BD08321C1635A2D446_462.local.list","E724C5E71F5126BD08321C1635A2D446_462",1)...

This is the end of ROOT -- Goodbye

Cleaning up sandbox file:  /tmp/maxwoo/E724C5E71F5126BD08321C1635A2D446_462/check.C
Cleaning up sandbox file:  /tmp/maxwoo/E724C5E71F5126BD08321C1635A2D446_462/Check_Cf.C
Cleaning up sandbox file:  /tmp/maxwoo/E724C5E71F5126BD08321C1635A2D446_462/lib
Cleaning up sandbox file:  /tmp/maxwoo/E724C5E71F5126BD08321C1635A2D446_462/.sandboxFiles
Error: Scheduler could not find any files in $SCRATCH matching your <output> tag fromScratch value: *.root 
210301 Execution of (/star/data01/pwg/xiatong/git/strangeness/script/schedE724C5E71F5126BD08321C1635A2D446_462.csh ) has ended, exiting normally
210301 We END on [Sun May 15 06:04:46 EDT 2022]
