We are starting on node: rcas2021.rcf.bnl.gov
HOME is not defined
Using getent method
HOME is now /star/u/maxwoo
372112 We will spawn ourselves (/star/data01/pwg/xiatong/git/strangeness/script/schedE724C5E71F5126BD08321C1635A2D446_940.csh )
372112 We BEGIN on [Sun May 15 05:58:00 EDT 2022]
[1] 372295
372112 We are waiting for 372295 
372295 Stepping into the main SUMS wrapper program with []
Archive:  /star/data01/pwg/xiatong/git/strangeness/package.zip
  inflating: /tmp/maxwoo/E724C5E71F5126BD08321C1635A2D446_940/Check_Cf.C  
  inflating: /tmp/maxwoo/E724C5E71F5126BD08321C1635A2D446_940/check.C  
   creating: /tmp/maxwoo/E724C5E71F5126BD08321C1635A2D446_940/lib/
  inflating: /tmp/maxwoo/E724C5E71F5126BD08321C1635A2D446_940/lib/CenMaker.cpp  
  inflating: /tmp/maxwoo/E724C5E71F5126BD08321C1635A2D446_940/lib/CenMaker_cpp_ACLiC_dict_rdict.pcm  
  inflating: /tmp/maxwoo/E724C5E71F5126BD08321C1635A2D446_940/lib/CenMaker_cpp.d  
  inflating: /tmp/maxwoo/E724C5E71F5126BD08321C1635A2D446_940/lib/CenMaker_cpp.so  
  inflating: /tmp/maxwoo/E724C5E71F5126BD08321C1635A2D446_940/lib/CenMaker.h  
  inflating: /tmp/maxwoo/E724C5E71F5126BD08321C1635A2D446_940/lib/MixedBuffer.cpp  
  inflating: /tmp/maxwoo/E724C5E71F5126BD08321C1635A2D446_940/lib/MixedBuffer_cpp_ACLiC_dict_rdict.pcm  
  inflating: /tmp/maxwoo/E724C5E71F5126BD08321C1635A2D446_940/lib/MixedBuffer_cpp.d  
  inflating: /tmp/maxwoo/E724C5E71F5126BD08321C1635A2D446_940/lib/MixedBuffer_cpp.so  
  inflating: /tmp/maxwoo/E724C5E71F5126BD08321C1635A2D446_940/lib/MixedBuffer.h  
  inflating: /tmp/maxwoo/E724C5E71F5126BD08321C1635A2D446_940/lib/my_event.cpp  
  inflating: /tmp/maxwoo/E724C5E71F5126BD08321C1635A2D446_940/lib/my_event_cpp_ACLiC_dict_rdict.pcm  
  inflating: /tmp/maxwoo/E724C5E71F5126BD08321C1635A2D446_940/lib/my_event_cpp.d  
  inflating: /tmp/maxwoo/E724C5E71F5126BD08321C1635A2D446_940/lib/my_event_cpp.so  
  inflating: /tmp/maxwoo/E724C5E71F5126BD08321C1635A2D446_940/lib/my_event.h  
  inflating: /tmp/maxwoo/E724C5E71F5126BD08321C1635A2D446_940/lib/my_particle.cpp  
  inflating: /tmp/maxwoo/E724C5E71F5126BD08321C1635A2D446_940/lib/my_particle_cpp_ACLiC_dict_rdict.pcm  
  inflating: /tmp/maxwoo/E724C5E71F5126BD08321C1635A2D446_940/lib/my_particle_cpp.d  
  inflating: /tmp/maxwoo/E724C5E71F5126BD08321C1635A2D446_940/lib/my_particle_cpp.so  
  inflating: /tmp/maxwoo/E724C5E71F5126BD08321C1635A2D446_940/lib/my_particle.h  
  inflating: /tmp/maxwoo/E724C5E71F5126BD08321C1635A2D446_940/lib/NpartNormalizer.cpp  
  inflating: /tmp/maxwoo/E724C5E71F5126BD08321C1635A2D446_940/lib/NpartNormalizer_cpp_ACLiC_dict_rdict.pcm  
  inflating: /tmp/maxwoo/E724C5E71F5126BD08321C1635A2D446_940/lib/NpartNormalizer_cpp.d  
  inflating: /tmp/maxwoo/E724C5E71F5126BD08321C1635A2D446_940/lib/NpartNormalizer_cpp.so  
  inflating: /tmp/maxwoo/E724C5E71F5126BD08321C1635A2D446_940/lib/NpartNormalizer.h  
Running: cp /star/data01/pwg/xiatong/AMPT/14GeV/data_315152111.root /tmp/maxwoo/E724C5E71F5126BD08321C1635A2D446_940/INPUTFILES/data_315152111.root
Running: cp /star/data01/pwg/xiatong/AMPT/14GeV/data_315152121.root /tmp/maxwoo/E724C5E71F5126BD08321C1635A2D446_940/INPUTFILES/data_315152121.root
Running: cp /star/data01/pwg/xiatong/AMPT/14GeV/data_315152141.root /tmp/maxwoo/E724C5E71F5126BD08321C1635A2D446_940/INPUTFILES/data_315152141.root
Running: cp /star/data01/pwg/xiatong/AMPT/14GeV/data_315152151.root /tmp/maxwoo/E724C5E71F5126BD08321C1635A2D446_940/INPUTFILES/data_315152151.root
Running: cp /star/data01/pwg/xiatong/AMPT/14GeV/data_315152171.root /tmp/maxwoo/E724C5E71F5126BD08321C1635A2D446_940/INPUTFILES/data_315152171.root
Running: cp /star/data01/pwg/xiatong/AMPT/14GeV/data_315152181.root /tmp/maxwoo/E724C5E71F5126BD08321C1635A2D446_940/INPUTFILES/data_315152181.root
Running: cp /star/data01/pwg/xiatong/AMPT/14GeV/data_315152191.root /tmp/maxwoo/E724C5E71F5126BD08321C1635A2D446_940/INPUTFILES/data_315152191.root
Running: cp /star/data01/pwg/xiatong/AMPT/14GeV/data_315152201.root /tmp/maxwoo/E724C5E71F5126BD08321C1635A2D446_940/INPUTFILES/data_315152201.root
Running: cp /star/data01/pwg/xiatong/AMPT/14GeV/data_315152211.root /tmp/maxwoo/E724C5E71F5126BD08321C1635A2D446_940/INPUTFILES/data_315152211.root
Running: cp /star/data01/pwg/xiatong/AMPT/14GeV/data_315152231.root /tmp/maxwoo/E724C5E71F5126BD08321C1635A2D446_940/INPUTFILES/data_315152231.root
Running: cp /star/data01/pwg/xiatong/AMPT/14GeV/data_315152241.root /tmp/maxwoo/E724C5E71F5126BD08321C1635A2D446_940/INPUTFILES/data_315152241.root
Running: cp /star/data01/pwg/xiatong/AMPT/14GeV/data_315152251.root /tmp/maxwoo/E724C5E71F5126BD08321C1635A2D446_940/INPUTFILES/data_315152251.root
Running: cp /star/data01/pwg/xiatong/AMPT/14GeV/data_315152271.root /tmp/maxwoo/E724C5E71F5126BD08321C1635A2D446_940/INPUTFILES/data_315152271.root
Running: cp /star/data01/pwg/xiatong/AMPT/14GeV/data_315152291.root /tmp/maxwoo/E724C5E71F5126BD08321C1635A2D446_940/INPUTFILES/data_315152291.root
Running: cp /star/data01/pwg/xiatong/AMPT/14GeV/data_315152331.root /tmp/maxwoo/E724C5E71F5126BD08321C1635A2D446_940/INPUTFILES/data_315152331.root
Running: cp /star/data01/pwg/xiatong/AMPT/14GeV/data_315152341.root /tmp/maxwoo/E724C5E71F5126BD08321C1635A2D446_940/INPUTFILES/data_315152341.root
Running: cp /star/data01/pwg/xiatong/AMPT/14GeV/data_315152351.root /tmp/maxwoo/E724C5E71F5126BD08321C1635A2D446_940/INPUTFILES/data_315152351.root
Running: cp /star/data01/pwg/xiatong/AMPT/14GeV/data_315152361.root /tmp/maxwoo/E724C5E71F5126BD08321C1635A2D446_940/INPUTFILES/data_315152361.root
Running: cp /star/data01/pwg/xiatong/AMPT/14GeV/data_315152401.root /tmp/maxwoo/E724C5E71F5126BD08321C1635A2D446_940/INPUTFILES/data_315152401.root
Running: cp /star/data01/pwg/xiatong/AMPT/14GeV/data_315152431.root /tmp/maxwoo/E724C5E71F5126BD08321C1635A2D446_940/INPUTFILES/data_315152431.root
Running: cp /star/data01/pwg/xiatong/AMPT/14GeV/data_315152441.root /tmp/maxwoo/E724C5E71F5126BD08321C1635A2D446_940/INPUTFILES/data_315152441.root
Running: cp /star/data01/pwg/xiatong/AMPT/14GeV/data_315152471.root /tmp/maxwoo/E724C5E71F5126BD08321C1635A2D446_940/INPUTFILES/data_315152471.root
Running: cp /star/data01/pwg/xiatong/AMPT/14GeV/data_315166051.root /tmp/maxwoo/E724C5E71F5126BD08321C1635A2D446_940/INPUTFILES/data_315166051.root
Running: cp /star/data01/pwg/xiatong/AMPT/14GeV/data_315166061.root /tmp/maxwoo/E724C5E71F5126BD08321C1635A2D446_940/INPUTFILES/data_315166061.root
Running: cp /star/data01/pwg/xiatong/AMPT/14GeV/data_315170801.root /tmp/maxwoo/E724C5E71F5126BD08321C1635A2D446_940/INPUTFILES/data_315170801.root
Running: cp /star/data01/pwg/xiatong/AMPT/14GeV/data_315170821.root /tmp/maxwoo/E724C5E71F5126BD08321C1635A2D446_940/INPUTFILES/data_315170821.root
Running: cp /star/data01/pwg/xiatong/AMPT/14GeV/data_315170861.root /tmp/maxwoo/E724C5E71F5126BD08321C1635A2D446_940/INPUTFILES/data_315170861.root
Running: cp /star/data01/pwg/xiatong/AMPT/14GeV/data_315170881.root /tmp/maxwoo/E724C5E71F5126BD08321C1635A2D446_940/INPUTFILES/data_315170881.root
Running: cp /star/data01/pwg/xiatong/AMPT/14GeV/data_315170891.root /tmp/maxwoo/E724C5E71F5126BD08321C1635A2D446_940/INPUTFILES/data_315170891.root
Running: cp /star/data01/pwg/xiatong/AMPT/14GeV/data_315170911.root /tmp/maxwoo/E724C5E71F5126BD08321C1635A2D446_940/INPUTFILES/data_315170911.root
Running: cp /star/data01/pwg/xiatong/AMPT/14GeV/data_315170931.root /tmp/maxwoo/E724C5E71F5126BD08321C1635A2D446_940/INPUTFILES/data_315170931.root
Running: cp /star/data01/pwg/xiatong/AMPT/14GeV/data_315170961.root /tmp/maxwoo/E724C5E71F5126BD08321C1635A2D446_940/INPUTFILES/data_315170961.root
Running: cp /star/data01/pwg/xiatong/AMPT/14GeV/data_315170971.root /tmp/maxwoo/E724C5E71F5126BD08321C1635A2D446_940/INPUTFILES/data_315170971.root
Running: cp /star/data01/pwg/xiatong/AMPT/14GeV/data_315170991.root /tmp/maxwoo/E724C5E71F5126BD08321C1635A2D446_940/INPUTFILES/data_315170991.root
Running: cp /star/data01/pwg/xiatong/AMPT/14GeV/data_315171041.root /tmp/maxwoo/E724C5E71F5126BD08321C1635A2D446_940/INPUTFILES/data_315171041.root
Running: cp /star/data01/pwg/xiatong/AMPT/14GeV/data_315171051.root /tmp/maxwoo/E724C5E71F5126BD08321C1635A2D446_940/INPUTFILES/data_315171051.root
Running: cp /star/data01/pwg/xiatong/AMPT/14GeV/data_315171061.root /tmp/maxwoo/E724C5E71F5126BD08321C1635A2D446_940/INPUTFILES/data_315171061.root
Swapping $FILELIST with: /tmp/maxwoo/E724C5E71F5126BD08321C1635A2D446_940/INPUTFILES/E724C5E71F5126BD08321C1635A2D446_940.local.list
+++++++++++local copy debug++++++++++++++++++++
newFileList: /tmp/maxwoo/E724C5E71F5126BD08321C1635A2D446_940/INPUTFILES/E724C5E71F5126BD08321C1635A2D446_940.local.list
++++++++++++++++cat FILELIST+++++++++++++++++++
/tmp/maxwoo/E724C5E71F5126BD08321C1635A2D446_940/INPUTFILES/data_315152111.root 
/tmp/maxwoo/E724C5E71F5126BD08321C1635A2D446_940/INPUTFILES/data_315152121.root 
/tmp/maxwoo/E724C5E71F5126BD08321C1635A2D446_940/INPUTFILES/data_315152141.root 
/tmp/maxwoo/E724C5E71F5126BD08321C1635A2D446_940/INPUTFILES/data_315152151.root 
/tmp/maxwoo/E724C5E71F5126BD08321C1635A2D446_940/INPUTFILES/data_315152171.root 
/tmp/maxwoo/E724C5E71F5126BD08321C1635A2D446_940/INPUTFILES/data_315152181.root 
/tmp/maxwoo/E724C5E71F5126BD08321C1635A2D446_940/INPUTFILES/data_315152191.root 
/tmp/maxwoo/E724C5E71F5126BD08321C1635A2D446_940/INPUTFILES/data_315152201.root 
/tmp/maxwoo/E724C5E71F5126BD08321C1635A2D446_940/INPUTFILES/data_315152211.root 
/tmp/maxwoo/E724C5E71F5126BD08321C1635A2D446_940/INPUTFILES/data_315152231.root 
/tmp/maxwoo/E724C5E71F5126BD08321C1635A2D446_940/INPUTFILES/data_315152241.root 
/tmp/maxwoo/E724C5E71F5126BD08321C1635A2D446_940/INPUTFILES/data_315152251.root 
/tmp/maxwoo/E724C5E71F5126BD08321C1635A2D446_940/INPUTFILES/data_315152271.root 
/tmp/maxwoo/E724C5E71F5126BD08321C1635A2D446_940/INPUTFILES/data_315152291.root 
/tmp/maxwoo/E724C5E71F5126BD08321C1635A2D446_940/INPUTFILES/data_315152331.root 
/tmp/maxwoo/E724C5E71F5126BD08321C1635A2D446_940/INPUTFILES/data_315152341.root 
/tmp/maxwoo/E724C5E71F5126BD08321C1635A2D446_940/INPUTFILES/data_315152351.root 
/tmp/maxwoo/E724C5E71F5126BD08321C1635A2D446_940/INPUTFILES/data_315152361.root 
/tmp/maxwoo/E724C5E71F5126BD08321C1635A2D446_940/INPUTFILES/data_315152401.root 
/tmp/maxwoo/E724C5E71F5126BD08321C1635A2D446_940/INPUTFILES/data_315152431.root 
/tmp/maxwoo/E724C5E71F5126BD08321C1635A2D446_940/INPUTFILES/data_315152441.root 
/tmp/maxwoo/E724C5E71F5126BD08321C1635A2D446_940/INPUTFILES/data_315152471.root 
/tmp/maxwoo/E724C5E71F5126BD08321C1635A2D446_940/INPUTFILES/data_315166051.root 
/tmp/maxwoo/E724C5E71F5126BD08321C1635A2D446_940/INPUTFILES/data_315166061.root 
/tmp/maxwoo/E724C5E71F5126BD08321C1635A2D446_940/INPUTFILES/data_315170801.root 
/tmp/maxwoo/E724C5E71F5126BD08321C1635A2D446_940/INPUTFILES/data_315170821.root 
/tmp/maxwoo/E724C5E71F5126BD08321C1635A2D446_940/INPUTFILES/data_315170861.root 
/tmp/maxwoo/E724C5E71F5126BD08321C1635A2D446_940/INPUTFILES/data_315170881.root 
/tmp/maxwoo/E724C5E71F5126BD08321C1635A2D446_940/INPUTFILES/data_315170891.root 
/tmp/maxwoo/E724C5E71F5126BD08321C1635A2D446_940/INPUTFILES/data_315170911.root 
/tmp/maxwoo/E724C5E71F5126BD08321C1635A2D446_940/INPUTFILES/data_315170931.root 
/tmp/maxwoo/E724C5E71F5126BD08321C1635A2D446_940/INPUTFILES/data_315170961.root 
/tmp/maxwoo/E724C5E71F5126BD08321C1635A2D446_940/INPUTFILES/data_315170971.root 
/tmp/maxwoo/E724C5E71F5126BD08321C1635A2D446_940/INPUTFILES/data_315170991.root 
/tmp/maxwoo/E724C5E71F5126BD08321C1635A2D446_940/INPUTFILES/data_315171041.root 
/tmp/maxwoo/E724C5E71F5126BD08321C1635A2D446_940/INPUTFILES/data_315171051.root 
/tmp/maxwoo/E724C5E71F5126BD08321C1635A2D446_940/INPUTFILES/data_315171061.root 
++++++++++++++++++++find.++++++++++++++++++++++
.
./.errror.log
./.output.log
./Check_Cf.C
./check.C
./lib
./lib/CenMaker.cpp
./lib/CenMaker_cpp_ACLiC_dict_rdict.pcm
./lib/CenMaker_cpp.d
./lib/CenMaker_cpp.so
./lib/CenMaker.h
./lib/MixedBuffer.cpp
./lib/MixedBuffer_cpp_ACLiC_dict_rdict.pcm
./lib/MixedBuffer_cpp.d
./lib/MixedBuffer_cpp.so
./lib/MixedBuffer.h
./lib/my_event.cpp
./lib/my_event_cpp_ACLiC_dict_rdict.pcm
./lib/my_event_cpp.d
./lib/my_event_cpp.so
./lib/my_event.h
./lib/my_particle.cpp
./lib/my_particle_cpp_ACLiC_dict_rdict.pcm
./lib/my_particle_cpp.d
./lib/my_particle_cpp.so
./lib/my_particle.h
./lib/NpartNormalizer.cpp
./lib/NpartNormalizer_cpp_ACLiC_dict_rdict.pcm
./lib/NpartNormalizer_cpp.d
./lib/NpartNormalizer_cpp.so
./lib/NpartNormalizer.h
./.sandboxFiles
./INPUTFILES
./INPUTFILES/E724C5E71F5126BD08321C1635A2D446_940.local.list
./INPUTFILES/data_315152111.root
./INPUTFILES/data_315152121.root
./INPUTFILES/data_315152141.root
./INPUTFILES/data_315152151.root
./INPUTFILES/data_315152171.root
./INPUTFILES/data_315152181.root
./INPUTFILES/data_315152191.root
./INPUTFILES/data_315152201.root
./INPUTFILES/data_315152211.root
./INPUTFILES/data_315152231.root
./INPUTFILES/data_315152241.root
./INPUTFILES/data_315152251.root
./INPUTFILES/data_315152271.root
./INPUTFILES/data_315152291.root
./INPUTFILES/data_315152331.root
./INPUTFILES/data_315152341.root
./INPUTFILES/data_315152351.root
./INPUTFILES/data_315152361.root
./INPUTFILES/data_315152401.root
./INPUTFILES/data_315152431.root
./INPUTFILES/data_315152441.root
./INPUTFILES/data_315152471.root
./INPUTFILES/data_315166051.root
./INPUTFILES/data_315166061.root
./INPUTFILES/data_315170801.root
./INPUTFILES/data_315170821.root
./INPUTFILES/data_315170861.root
./INPUTFILES/data_315170881.root
./INPUTFILES/data_315170891.root
./INPUTFILES/data_315170911.root
./INPUTFILES/data_315170931.root
./INPUTFILES/data_315170961.root
./INPUTFILES/data_315170971.root
./INPUTFILES/data_315170991.root
./INPUTFILES/data_315171041.root
./INPUTFILES/data_315171051.root
./INPUTFILES/data_315171061.root
++++++++++++++++INPUTFILE Var++++++++++++++++++
FILELIST=/tmp/maxwoo/E724C5E71F5126BD08321C1635A2D446_940/INPUTFILES/E724C5E71F5126BD08321C1635A2D446_940.local.list
INPUTFILECOUNT=37
INPUTFILE0=/tmp/maxwoo/E724C5E71F5126BD08321C1635A2D446_940/INPUTFILES/data_315152111.root
INPUTFILE1=/tmp/maxwoo/E724C5E71F5126BD08321C1635A2D446_940/INPUTFILES/data_315152121.root
INPUTFILE2=/tmp/maxwoo/E724C5E71F5126BD08321C1635A2D446_940/INPUTFILES/data_315152141.root
INPUTFILE3=/tmp/maxwoo/E724C5E71F5126BD08321C1635A2D446_940/INPUTFILES/data_315152151.root
INPUTFILE4=/tmp/maxwoo/E724C5E71F5126BD08321C1635A2D446_940/INPUTFILES/data_315152171.root
INPUTFILE5=/tmp/maxwoo/E724C5E71F5126BD08321C1635A2D446_940/INPUTFILES/data_315152181.root
INPUTFILE6=/tmp/maxwoo/E724C5E71F5126BD08321C1635A2D446_940/INPUTFILES/data_315152191.root
INPUTFILE7=/tmp/maxwoo/E724C5E71F5126BD08321C1635A2D446_940/INPUTFILES/data_315152201.root
INPUTFILE8=/tmp/maxwoo/E724C5E71F5126BD08321C1635A2D446_940/INPUTFILES/data_315152211.root
INPUTFILE9=/tmp/maxwoo/E724C5E71F5126BD08321C1635A2D446_940/INPUTFILES/data_315152231.root
INPUTFILE10=/tmp/maxwoo/E724C5E71F5126BD08321C1635A2D446_940/INPUTFILES/data_315152241.root
INPUTFILE11=/tmp/maxwoo/E724C5E71F5126BD08321C1635A2D446_940/INPUTFILES/data_315152251.root
INPUTFILE12=/tmp/maxwoo/E724C5E71F5126BD08321C1635A2D446_940/INPUTFILES/data_315152271.root
INPUTFILE13=/tmp/maxwoo/E724C5E71F5126BD08321C1635A2D446_940/INPUTFILES/data_315152291.root
INPUTFILE14=/tmp/maxwoo/E724C5E71F5126BD08321C1635A2D446_940/INPUTFILES/data_315152331.root
INPUTFILE15=/tmp/maxwoo/E724C5E71F5126BD08321C1635A2D446_940/INPUTFILES/data_315152341.root
INPUTFILE16=/tmp/maxwoo/E724C5E71F5126BD08321C1635A2D446_940/INPUTFILES/data_315152351.root
INPUTFILE17=/tmp/maxwoo/E724C5E71F5126BD08321C1635A2D446_940/INPUTFILES/data_315152361.root
INPUTFILE18=/tmp/maxwoo/E724C5E71F5126BD08321C1635A2D446_940/INPUTFILES/data_315152401.root
INPUTFILE19=/tmp/maxwoo/E724C5E71F5126BD08321C1635A2D446_940/INPUTFILES/data_315152431.root
INPUTFILE20=/tmp/maxwoo/E724C5E71F5126BD08321C1635A2D446_940/INPUTFILES/data_315152441.root
INPUTFILE21=/tmp/maxwoo/E724C5E71F5126BD08321C1635A2D446_940/INPUTFILES/data_315152471.root
INPUTFILE22=/tmp/maxwoo/E724C5E71F5126BD08321C1635A2D446_940/INPUTFILES/data_315166051.root
INPUTFILE23=/tmp/maxwoo/E724C5E71F5126BD08321C1635A2D446_940/INPUTFILES/data_315166061.root
INPUTFILE24=/tmp/maxwoo/E724C5E71F5126BD08321C1635A2D446_940/INPUTFILES/data_315170801.root
INPUTFILE25=/tmp/maxwoo/E724C5E71F5126BD08321C1635A2D446_940/INPUTFILES/data_315170821.root
INPUTFILE26=/tmp/maxwoo/E724C5E71F5126BD08321C1635A2D446_940/INPUTFILES/data_315170861.root
INPUTFILE27=/tmp/maxwoo/E724C5E71F5126BD08321C1635A2D446_940/INPUTFILES/data_315170881.root
INPUTFILE28=/tmp/maxwoo/E724C5E71F5126BD08321C1635A2D446_940/INPUTFILES/data_315170891.root
INPUTFILE29=/tmp/maxwoo/E724C5E71F5126BD08321C1635A2D446_940/INPUTFILES/data_315170911.root
INPUTFILE30=/tmp/maxwoo/E724C5E71F5126BD08321C1635A2D446_940/INPUTFILES/data_315170931.root
INPUTFILE31=/tmp/maxwoo/E724C5E71F5126BD08321C1635A2D446_940/INPUTFILES/data_315170961.root
INPUTFILE32=/tmp/maxwoo/E724C5E71F5126BD08321C1635A2D446_940/INPUTFILES/data_315170971.root
INPUTFILE33=/tmp/maxwoo/E724C5E71F5126BD08321C1635A2D446_940/INPUTFILES/data_315170991.root
INPUTFILE34=/tmp/maxwoo/E724C5E71F5126BD08321C1635A2D446_940/INPUTFILES/data_315171041.root
INPUTFILE35=/tmp/maxwoo/E724C5E71F5126BD08321C1635A2D446_940/INPUTFILES/data_315171051.root
INPUTFILE36=/tmp/maxwoo/E724C5E71F5126BD08321C1635A2D446_940/INPUTFILES/data_315171061.root
LocalInputFileDir=/tmp/maxwoo/E724C5E71F5126BD08321C1635A2D446_940/INPUTFILES
NewFILELIST=/tmp/maxwoo/E724C5E71F5126BD08321C1635A2D446_940/INPUTFILES/E724C5E71F5126BD08321C1635A2D446_940.local.list
+++++++++++++++++++++++++++++++++++++++++++++++
--------------------------------
Simple Unified Meta Scheduler 1.10.50 we are starting in $SCRATCH : /home/tmp/maxwoo/E724C5E71F5126BD08321C1635A2D446_940
--------------------------------
total 44
-rw-r--r-- 1 maxwoo rhstar   656 Apr  4 01:57 check.C
-rw-r--r-- 1 maxwoo rhstar 29310 May 13 23:42 Check_Cf.C
drwxr-xr-x 2 maxwoo rhstar  4096 May 15 05:58 INPUTFILES
drwxr-xr-x 2 maxwoo rhstar  4096 May 15 02:48 lib
  *******************************************
  *                                         *
  *        W E L C O M E  to  R O O T       *
  *                                         *
  *   Version   5.34/38     12 March 2018   *
  *                                         *
  *  You are welcome to visit our Web site  *
  *          http://root.cern.ch            *
  *                                         *
  *******************************************

ROOT 5.34/38 (v5-34-38@v5-34-38, Mar 12 2018, 15:49:39 on linux)

CINT/ROOT C/C++ Interpreter version 5.18.00, July 2, 2010
Type ? for help. Commands must be C++ statements.
Enclose multiple statements between { }.
*** Float Point Exception is OFF ***
 *** Start at Date : Sun May 15 05:58:05 2022
QAInfo:You are using STAR_LEVEL : dev, ROOT_LEVEL : 5.34.38 and node : rcas2021.rcf.bnl.gov 

Processing check.C++("/tmp/maxwoo/E724C5E71F5126BD08321C1635A2D446_940/INPUTFILES/E724C5E71F5126BD08321C1635A2D446_940.local.list","E724C5E71F5126BD08321C1635A2D446_940",1)...

This is the end of ROOT -- Goodbye

Cleaning up sandbox file:  /tmp/maxwoo/E724C5E71F5126BD08321C1635A2D446_940/check.C
Cleaning up sandbox file:  /tmp/maxwoo/E724C5E71F5126BD08321C1635A2D446_940/Check_Cf.C
Cleaning up sandbox file:  /tmp/maxwoo/E724C5E71F5126BD08321C1635A2D446_940/lib
Cleaning up sandbox file:  /tmp/maxwoo/E724C5E71F5126BD08321C1635A2D446_940/.sandboxFiles
Error: Scheduler could not find any files in $SCRATCH matching your <output> tag fromScratch value: *.root 
372112 Execution of (/star/data01/pwg/xiatong/git/strangeness/script/schedE724C5E71F5126BD08321C1635A2D446_940.csh ) has ended, exiting normally
372112 We END on [Sun May 15 05:58:07 EDT 2022]
