We are starting on node: rcas2024.rcf.bnl.gov
HOME is not defined
Using getent method
HOME is now /star/u/maxwoo
211477 We will spawn ourselves (/star/data01/pwg/xiatong/git/strangeness/script/schedE724C5E71F5126BD08321C1635A2D446_277.csh )
211477 We BEGIN on [Sun May 15 06:04:48 EDT 2022]
[1] 211645
211477 We are waiting for 211645 
211645 Stepping into the main SUMS wrapper program with []
Archive:  /star/data01/pwg/xiatong/git/strangeness/package.zip
  inflating: /tmp/maxwoo/E724C5E71F5126BD08321C1635A2D446_277/Check_Cf.C  
  inflating: /tmp/maxwoo/E724C5E71F5126BD08321C1635A2D446_277/check.C  
   creating: /tmp/maxwoo/E724C5E71F5126BD08321C1635A2D446_277/lib/
  inflating: /tmp/maxwoo/E724C5E71F5126BD08321C1635A2D446_277/lib/CenMaker.cpp  
  inflating: /tmp/maxwoo/E724C5E71F5126BD08321C1635A2D446_277/lib/CenMaker_cpp_ACLiC_dict_rdict.pcm  
  inflating: /tmp/maxwoo/E724C5E71F5126BD08321C1635A2D446_277/lib/CenMaker_cpp.d  
  inflating: /tmp/maxwoo/E724C5E71F5126BD08321C1635A2D446_277/lib/CenMaker_cpp.so  
  inflating: /tmp/maxwoo/E724C5E71F5126BD08321C1635A2D446_277/lib/CenMaker.h  
  inflating: /tmp/maxwoo/E724C5E71F5126BD08321C1635A2D446_277/lib/MixedBuffer.cpp  
  inflating: /tmp/maxwoo/E724C5E71F5126BD08321C1635A2D446_277/lib/MixedBuffer_cpp_ACLiC_dict_rdict.pcm  
  inflating: /tmp/maxwoo/E724C5E71F5126BD08321C1635A2D446_277/lib/MixedBuffer_cpp.d  
  inflating: /tmp/maxwoo/E724C5E71F5126BD08321C1635A2D446_277/lib/MixedBuffer_cpp.so  
  inflating: /tmp/maxwoo/E724C5E71F5126BD08321C1635A2D446_277/lib/MixedBuffer.h  
  inflating: /tmp/maxwoo/E724C5E71F5126BD08321C1635A2D446_277/lib/my_event.cpp  
  inflating: /tmp/maxwoo/E724C5E71F5126BD08321C1635A2D446_277/lib/my_event_cpp_ACLiC_dict_rdict.pcm  
  inflating: /tmp/maxwoo/E724C5E71F5126BD08321C1635A2D446_277/lib/my_event_cpp.d  
  inflating: /tmp/maxwoo/E724C5E71F5126BD08321C1635A2D446_277/lib/my_event_cpp.so  
  inflating: /tmp/maxwoo/E724C5E71F5126BD08321C1635A2D446_277/lib/my_event.h  
  inflating: /tmp/maxwoo/E724C5E71F5126BD08321C1635A2D446_277/lib/my_particle.cpp  
  inflating: /tmp/maxwoo/E724C5E71F5126BD08321C1635A2D446_277/lib/my_particle_cpp_ACLiC_dict_rdict.pcm  
  inflating: /tmp/maxwoo/E724C5E71F5126BD08321C1635A2D446_277/lib/my_particle_cpp.d  
  inflating: /tmp/maxwoo/E724C5E71F5126BD08321C1635A2D446_277/lib/my_particle_cpp.so  
  inflating: /tmp/maxwoo/E724C5E71F5126BD08321C1635A2D446_277/lib/my_particle.h  
  inflating: /tmp/maxwoo/E724C5E71F5126BD08321C1635A2D446_277/lib/NpartNormalizer.cpp  
  inflating: /tmp/maxwoo/E724C5E71F5126BD08321C1635A2D446_277/lib/NpartNormalizer_cpp_ACLiC_dict_rdict.pcm  
  inflating: /tmp/maxwoo/E724C5E71F5126BD08321C1635A2D446_277/lib/NpartNormalizer_cpp.d  
  inflating: /tmp/maxwoo/E724C5E71F5126BD08321C1635A2D446_277/lib/NpartNormalizer_cpp.so  
  inflating: /tmp/maxwoo/E724C5E71F5126BD08321C1635A2D446_277/lib/NpartNormalizer.h  
Running: cp /star/data01/pwg/xiatong/AMPT/14GeV/data_145746931.root /tmp/maxwoo/E724C5E71F5126BD08321C1635A2D446_277/INPUTFILES/data_145746931.root
Running: cp /star/data01/pwg/xiatong/AMPT/14GeV/data_145746941.root /tmp/maxwoo/E724C5E71F5126BD08321C1635A2D446_277/INPUTFILES/data_145746941.root
Running: cp /star/data01/pwg/xiatong/AMPT/14GeV/data_145746961.root /tmp/maxwoo/E724C5E71F5126BD08321C1635A2D446_277/INPUTFILES/data_145746961.root
Running: cp /star/data01/pwg/xiatong/AMPT/14GeV/data_145746971.root /tmp/maxwoo/E724C5E71F5126BD08321C1635A2D446_277/INPUTFILES/data_145746971.root
Running: cp /star/data01/pwg/xiatong/AMPT/14GeV/data_145756861.root /tmp/maxwoo/E724C5E71F5126BD08321C1635A2D446_277/INPUTFILES/data_145756861.root
Running: cp /star/data01/pwg/xiatong/AMPT/14GeV/data_145756871.root /tmp/maxwoo/E724C5E71F5126BD08321C1635A2D446_277/INPUTFILES/data_145756871.root
Running: cp /star/data01/pwg/xiatong/AMPT/14GeV/data_145756881.root /tmp/maxwoo/E724C5E71F5126BD08321C1635A2D446_277/INPUTFILES/data_145756881.root
Running: cp /star/data01/pwg/xiatong/AMPT/14GeV/data_145756891.root /tmp/maxwoo/E724C5E71F5126BD08321C1635A2D446_277/INPUTFILES/data_145756891.root
Running: cp /star/data01/pwg/xiatong/AMPT/14GeV/data_145756911.root /tmp/maxwoo/E724C5E71F5126BD08321C1635A2D446_277/INPUTFILES/data_145756911.root
Running: cp /star/data01/pwg/xiatong/AMPT/14GeV/data_145756921.root /tmp/maxwoo/E724C5E71F5126BD08321C1635A2D446_277/INPUTFILES/data_145756921.root
Running: cp /star/data01/pwg/xiatong/AMPT/14GeV/data_145776841.root /tmp/maxwoo/E724C5E71F5126BD08321C1635A2D446_277/INPUTFILES/data_145776841.root
Running: cp /star/data01/pwg/xiatong/AMPT/14GeV/data_145776851.root /tmp/maxwoo/E724C5E71F5126BD08321C1635A2D446_277/INPUTFILES/data_145776851.root
Running: cp /star/data01/pwg/xiatong/AMPT/14GeV/data_145786771.root /tmp/maxwoo/E724C5E71F5126BD08321C1635A2D446_277/INPUTFILES/data_145786771.root
Running: cp /star/data01/pwg/xiatong/AMPT/14GeV/data_145786801.root /tmp/maxwoo/E724C5E71F5126BD08321C1635A2D446_277/INPUTFILES/data_145786801.root
Running: cp /star/data01/pwg/xiatong/AMPT/14GeV/data_145786811.root /tmp/maxwoo/E724C5E71F5126BD08321C1635A2D446_277/INPUTFILES/data_145786811.root
Running: cp /star/data01/pwg/xiatong/AMPT/14GeV/data_145786821.root /tmp/maxwoo/E724C5E71F5126BD08321C1635A2D446_277/INPUTFILES/data_145786821.root
Running: cp /star/data01/pwg/xiatong/AMPT/14GeV/data_145796761.root /tmp/maxwoo/E724C5E71F5126BD08321C1635A2D446_277/INPUTFILES/data_145796761.root
Running: cp /star/data01/pwg/xiatong/AMPT/14GeV/data_145796781.root /tmp/maxwoo/E724C5E71F5126BD08321C1635A2D446_277/INPUTFILES/data_145796781.root
Running: cp /star/data01/pwg/xiatong/AMPT/14GeV/data_145796791.root /tmp/maxwoo/E724C5E71F5126BD08321C1635A2D446_277/INPUTFILES/data_145796791.root
Running: cp /star/data01/pwg/xiatong/AMPT/14GeV/data_145796831.root /tmp/maxwoo/E724C5E71F5126BD08321C1635A2D446_277/INPUTFILES/data_145796831.root
Running: cp /star/data01/pwg/xiatong/AMPT/14GeV/data_145806751.root /tmp/maxwoo/E724C5E71F5126BD08321C1635A2D446_277/INPUTFILES/data_145806751.root
Running: cp /star/data01/pwg/xiatong/AMPT/14GeV/data_145816741.root /tmp/maxwoo/E724C5E71F5126BD08321C1635A2D446_277/INPUTFILES/data_145816741.root
Running: cp /star/data01/pwg/xiatong/AMPT/14GeV/data_145826701.root /tmp/maxwoo/E724C5E71F5126BD08321C1635A2D446_277/INPUTFILES/data_145826701.root
Running: cp /star/data01/pwg/xiatong/AMPT/14GeV/data_145826721.root /tmp/maxwoo/E724C5E71F5126BD08321C1635A2D446_277/INPUTFILES/data_145826721.root
Running: cp /star/data01/pwg/xiatong/AMPT/14GeV/data_145836711.root /tmp/maxwoo/E724C5E71F5126BD08321C1635A2D446_277/INPUTFILES/data_145836711.root
Running: cp /star/data01/pwg/xiatong/AMPT/14GeV/data_145844251.root /tmp/maxwoo/E724C5E71F5126BD08321C1635A2D446_277/INPUTFILES/data_145844251.root
Running: cp /star/data01/pwg/xiatong/AMPT/14GeV/data_145844281.root /tmp/maxwoo/E724C5E71F5126BD08321C1635A2D446_277/INPUTFILES/data_145844281.root
Running: cp /star/data01/pwg/xiatong/AMPT/14GeV/data_145844291.root /tmp/maxwoo/E724C5E71F5126BD08321C1635A2D446_277/INPUTFILES/data_145844291.root
Running: cp /star/data01/pwg/xiatong/AMPT/14GeV/data_145844301.root /tmp/maxwoo/E724C5E71F5126BD08321C1635A2D446_277/INPUTFILES/data_145844301.root
Running: cp /star/data01/pwg/xiatong/AMPT/14GeV/data_145844311.root /tmp/maxwoo/E724C5E71F5126BD08321C1635A2D446_277/INPUTFILES/data_145844311.root
Running: cp /star/data01/pwg/xiatong/AMPT/14GeV/data_145844321.root /tmp/maxwoo/E724C5E71F5126BD08321C1635A2D446_277/INPUTFILES/data_145844321.root
Running: cp /star/data01/pwg/xiatong/AMPT/14GeV/data_145844341.root /tmp/maxwoo/E724C5E71F5126BD08321C1635A2D446_277/INPUTFILES/data_145844341.root
Running: cp /star/data01/pwg/xiatong/AMPT/14GeV/data_145844351.root /tmp/maxwoo/E724C5E71F5126BD08321C1635A2D446_277/INPUTFILES/data_145844351.root
Running: cp /star/data01/pwg/xiatong/AMPT/14GeV/data_145844361.root /tmp/maxwoo/E724C5E71F5126BD08321C1635A2D446_277/INPUTFILES/data_145844361.root
Running: cp /star/data01/pwg/xiatong/AMPT/14GeV/data_145844621.root /tmp/maxwoo/E724C5E71F5126BD08321C1635A2D446_277/INPUTFILES/data_145844621.root
Running: cp /star/data01/pwg/xiatong/AMPT/14GeV/data_145844711.root /tmp/maxwoo/E724C5E71F5126BD08321C1635A2D446_277/INPUTFILES/data_145844711.root
Running: cp /star/data01/pwg/xiatong/AMPT/14GeV/data_145844751.root /tmp/maxwoo/E724C5E71F5126BD08321C1635A2D446_277/INPUTFILES/data_145844751.root
Swapping $FILELIST with: /tmp/maxwoo/E724C5E71F5126BD08321C1635A2D446_277/INPUTFILES/E724C5E71F5126BD08321C1635A2D446_277.local.list
+++++++++++local copy debug++++++++++++++++++++
newFileList: /tmp/maxwoo/E724C5E71F5126BD08321C1635A2D446_277/INPUTFILES/E724C5E71F5126BD08321C1635A2D446_277.local.list
++++++++++++++++cat FILELIST+++++++++++++++++++
/tmp/maxwoo/E724C5E71F5126BD08321C1635A2D446_277/INPUTFILES/data_145746931.root 
/tmp/maxwoo/E724C5E71F5126BD08321C1635A2D446_277/INPUTFILES/data_145746941.root 
/tmp/maxwoo/E724C5E71F5126BD08321C1635A2D446_277/INPUTFILES/data_145746961.root 
/tmp/maxwoo/E724C5E71F5126BD08321C1635A2D446_277/INPUTFILES/data_145746971.root 
/tmp/maxwoo/E724C5E71F5126BD08321C1635A2D446_277/INPUTFILES/data_145756861.root 
/tmp/maxwoo/E724C5E71F5126BD08321C1635A2D446_277/INPUTFILES/data_145756871.root 
/tmp/maxwoo/E724C5E71F5126BD08321C1635A2D446_277/INPUTFILES/data_145756881.root 
/tmp/maxwoo/E724C5E71F5126BD08321C1635A2D446_277/INPUTFILES/data_145756891.root 
/tmp/maxwoo/E724C5E71F5126BD08321C1635A2D446_277/INPUTFILES/data_145756911.root 
/tmp/maxwoo/E724C5E71F5126BD08321C1635A2D446_277/INPUTFILES/data_145756921.root 
/tmp/maxwoo/E724C5E71F5126BD08321C1635A2D446_277/INPUTFILES/data_145776841.root 
/tmp/maxwoo/E724C5E71F5126BD08321C1635A2D446_277/INPUTFILES/data_145776851.root 
/tmp/maxwoo/E724C5E71F5126BD08321C1635A2D446_277/INPUTFILES/data_145786771.root 
/tmp/maxwoo/E724C5E71F5126BD08321C1635A2D446_277/INPUTFILES/data_145786801.root 
/tmp/maxwoo/E724C5E71F5126BD08321C1635A2D446_277/INPUTFILES/data_145786811.root 
/tmp/maxwoo/E724C5E71F5126BD08321C1635A2D446_277/INPUTFILES/data_145786821.root 
/tmp/maxwoo/E724C5E71F5126BD08321C1635A2D446_277/INPUTFILES/data_145796761.root 
/tmp/maxwoo/E724C5E71F5126BD08321C1635A2D446_277/INPUTFILES/data_145796781.root 
/tmp/maxwoo/E724C5E71F5126BD08321C1635A2D446_277/INPUTFILES/data_145796791.root 
/tmp/maxwoo/E724C5E71F5126BD08321C1635A2D446_277/INPUTFILES/data_145796831.root 
/tmp/maxwoo/E724C5E71F5126BD08321C1635A2D446_277/INPUTFILES/data_145806751.root 
/tmp/maxwoo/E724C5E71F5126BD08321C1635A2D446_277/INPUTFILES/data_145816741.root 
/tmp/maxwoo/E724C5E71F5126BD08321C1635A2D446_277/INPUTFILES/data_145826701.root 
/tmp/maxwoo/E724C5E71F5126BD08321C1635A2D446_277/INPUTFILES/data_145826721.root 
/tmp/maxwoo/E724C5E71F5126BD08321C1635A2D446_277/INPUTFILES/data_145836711.root 
/tmp/maxwoo/E724C5E71F5126BD08321C1635A2D446_277/INPUTFILES/data_145844251.root 
/tmp/maxwoo/E724C5E71F5126BD08321C1635A2D446_277/INPUTFILES/data_145844281.root 
/tmp/maxwoo/E724C5E71F5126BD08321C1635A2D446_277/INPUTFILES/data_145844291.root 
/tmp/maxwoo/E724C5E71F5126BD08321C1635A2D446_277/INPUTFILES/data_145844301.root 
/tmp/maxwoo/E724C5E71F5126BD08321C1635A2D446_277/INPUTFILES/data_145844311.root 
/tmp/maxwoo/E724C5E71F5126BD08321C1635A2D446_277/INPUTFILES/data_145844321.root 
/tmp/maxwoo/E724C5E71F5126BD08321C1635A2D446_277/INPUTFILES/data_145844341.root 
/tmp/maxwoo/E724C5E71F5126BD08321C1635A2D446_277/INPUTFILES/data_145844351.root 
/tmp/maxwoo/E724C5E71F5126BD08321C1635A2D446_277/INPUTFILES/data_145844361.root 
/tmp/maxwoo/E724C5E71F5126BD08321C1635A2D446_277/INPUTFILES/data_145844621.root 
/tmp/maxwoo/E724C5E71F5126BD08321C1635A2D446_277/INPUTFILES/data_145844711.root 
/tmp/maxwoo/E724C5E71F5126BD08321C1635A2D446_277/INPUTFILES/data_145844751.root 
++++++++++++++++++++find.++++++++++++++++++++++
.
./.errror.log
./.output.log
./Check_Cf.C
./check.C
./lib
./lib/CenMaker.cpp
./lib/CenMaker_cpp_ACLiC_dict_rdict.pcm
./lib/CenMaker_cpp.d
./lib/CenMaker_cpp.so
./lib/CenMaker.h
./lib/MixedBuffer.cpp
./lib/MixedBuffer_cpp_ACLiC_dict_rdict.pcm
./lib/MixedBuffer_cpp.d
./lib/MixedBuffer_cpp.so
./lib/MixedBuffer.h
./lib/my_event.cpp
./lib/my_event_cpp_ACLiC_dict_rdict.pcm
./lib/my_event_cpp.d
./lib/my_event_cpp.so
./lib/my_event.h
./lib/my_particle.cpp
./lib/my_particle_cpp_ACLiC_dict_rdict.pcm
./lib/my_particle_cpp.d
./lib/my_particle_cpp.so
./lib/my_particle.h
./lib/NpartNormalizer.cpp
./lib/NpartNormalizer_cpp_ACLiC_dict_rdict.pcm
./lib/NpartNormalizer_cpp.d
./lib/NpartNormalizer_cpp.so
./lib/NpartNormalizer.h
./.sandboxFiles
./INPUTFILES
./INPUTFILES/E724C5E71F5126BD08321C1635A2D446_277.local.list
./INPUTFILES/data_145746931.root
./INPUTFILES/data_145746941.root
./INPUTFILES/data_145746961.root
./INPUTFILES/data_145746971.root
./INPUTFILES/data_145756861.root
./INPUTFILES/data_145756871.root
./INPUTFILES/data_145756881.root
./INPUTFILES/data_145756891.root
./INPUTFILES/data_145756911.root
./INPUTFILES/data_145756921.root
./INPUTFILES/data_145776841.root
./INPUTFILES/data_145776851.root
./INPUTFILES/data_145786771.root
./INPUTFILES/data_145786801.root
./INPUTFILES/data_145786811.root
./INPUTFILES/data_145786821.root
./INPUTFILES/data_145796761.root
./INPUTFILES/data_145796781.root
./INPUTFILES/data_145796791.root
./INPUTFILES/data_145796831.root
./INPUTFILES/data_145806751.root
./INPUTFILES/data_145816741.root
./INPUTFILES/data_145826701.root
./INPUTFILES/data_145826721.root
./INPUTFILES/data_145836711.root
./INPUTFILES/data_145844251.root
./INPUTFILES/data_145844281.root
./INPUTFILES/data_145844291.root
./INPUTFILES/data_145844301.root
./INPUTFILES/data_145844311.root
./INPUTFILES/data_145844321.root
./INPUTFILES/data_145844341.root
./INPUTFILES/data_145844351.root
./INPUTFILES/data_145844361.root
./INPUTFILES/data_145844621.root
./INPUTFILES/data_145844711.root
./INPUTFILES/data_145844751.root
++++++++++++++++INPUTFILE Var++++++++++++++++++
FILELIST=/tmp/maxwoo/E724C5E71F5126BD08321C1635A2D446_277/INPUTFILES/E724C5E71F5126BD08321C1635A2D446_277.local.list
INPUTFILECOUNT=37
INPUTFILE0=/tmp/maxwoo/E724C5E71F5126BD08321C1635A2D446_277/INPUTFILES/data_145746931.root
INPUTFILE1=/tmp/maxwoo/E724C5E71F5126BD08321C1635A2D446_277/INPUTFILES/data_145746941.root
INPUTFILE2=/tmp/maxwoo/E724C5E71F5126BD08321C1635A2D446_277/INPUTFILES/data_145746961.root
INPUTFILE3=/tmp/maxwoo/E724C5E71F5126BD08321C1635A2D446_277/INPUTFILES/data_145746971.root
INPUTFILE4=/tmp/maxwoo/E724C5E71F5126BD08321C1635A2D446_277/INPUTFILES/data_145756861.root
INPUTFILE5=/tmp/maxwoo/E724C5E71F5126BD08321C1635A2D446_277/INPUTFILES/data_145756871.root
INPUTFILE6=/tmp/maxwoo/E724C5E71F5126BD08321C1635A2D446_277/INPUTFILES/data_145756881.root
INPUTFILE7=/tmp/maxwoo/E724C5E71F5126BD08321C1635A2D446_277/INPUTFILES/data_145756891.root
INPUTFILE8=/tmp/maxwoo/E724C5E71F5126BD08321C1635A2D446_277/INPUTFILES/data_145756911.root
INPUTFILE9=/tmp/maxwoo/E724C5E71F5126BD08321C1635A2D446_277/INPUTFILES/data_145756921.root
INPUTFILE10=/tmp/maxwoo/E724C5E71F5126BD08321C1635A2D446_277/INPUTFILES/data_145776841.root
INPUTFILE11=/tmp/maxwoo/E724C5E71F5126BD08321C1635A2D446_277/INPUTFILES/data_145776851.root
INPUTFILE12=/tmp/maxwoo/E724C5E71F5126BD08321C1635A2D446_277/INPUTFILES/data_145786771.root
INPUTFILE13=/tmp/maxwoo/E724C5E71F5126BD08321C1635A2D446_277/INPUTFILES/data_145786801.root
INPUTFILE14=/tmp/maxwoo/E724C5E71F5126BD08321C1635A2D446_277/INPUTFILES/data_145786811.root
INPUTFILE15=/tmp/maxwoo/E724C5E71F5126BD08321C1635A2D446_277/INPUTFILES/data_145786821.root
INPUTFILE16=/tmp/maxwoo/E724C5E71F5126BD08321C1635A2D446_277/INPUTFILES/data_145796761.root
INPUTFILE17=/tmp/maxwoo/E724C5E71F5126BD08321C1635A2D446_277/INPUTFILES/data_145796781.root
INPUTFILE18=/tmp/maxwoo/E724C5E71F5126BD08321C1635A2D446_277/INPUTFILES/data_145796791.root
INPUTFILE19=/tmp/maxwoo/E724C5E71F5126BD08321C1635A2D446_277/INPUTFILES/data_145796831.root
INPUTFILE20=/tmp/maxwoo/E724C5E71F5126BD08321C1635A2D446_277/INPUTFILES/data_145806751.root
INPUTFILE21=/tmp/maxwoo/E724C5E71F5126BD08321C1635A2D446_277/INPUTFILES/data_145816741.root
INPUTFILE22=/tmp/maxwoo/E724C5E71F5126BD08321C1635A2D446_277/INPUTFILES/data_145826701.root
INPUTFILE23=/tmp/maxwoo/E724C5E71F5126BD08321C1635A2D446_277/INPUTFILES/data_145826721.root
INPUTFILE24=/tmp/maxwoo/E724C5E71F5126BD08321C1635A2D446_277/INPUTFILES/data_145836711.root
INPUTFILE25=/tmp/maxwoo/E724C5E71F5126BD08321C1635A2D446_277/INPUTFILES/data_145844251.root
INPUTFILE26=/tmp/maxwoo/E724C5E71F5126BD08321C1635A2D446_277/INPUTFILES/data_145844281.root
INPUTFILE27=/tmp/maxwoo/E724C5E71F5126BD08321C1635A2D446_277/INPUTFILES/data_145844291.root
INPUTFILE28=/tmp/maxwoo/E724C5E71F5126BD08321C1635A2D446_277/INPUTFILES/data_145844301.root
INPUTFILE29=/tmp/maxwoo/E724C5E71F5126BD08321C1635A2D446_277/INPUTFILES/data_145844311.root
INPUTFILE30=/tmp/maxwoo/E724C5E71F5126BD08321C1635A2D446_277/INPUTFILES/data_145844321.root
INPUTFILE31=/tmp/maxwoo/E724C5E71F5126BD08321C1635A2D446_277/INPUTFILES/data_145844341.root
INPUTFILE32=/tmp/maxwoo/E724C5E71F5126BD08321C1635A2D446_277/INPUTFILES/data_145844351.root
INPUTFILE33=/tmp/maxwoo/E724C5E71F5126BD08321C1635A2D446_277/INPUTFILES/data_145844361.root
INPUTFILE34=/tmp/maxwoo/E724C5E71F5126BD08321C1635A2D446_277/INPUTFILES/data_145844621.root
INPUTFILE35=/tmp/maxwoo/E724C5E71F5126BD08321C1635A2D446_277/INPUTFILES/data_145844711.root
INPUTFILE36=/tmp/maxwoo/E724C5E71F5126BD08321C1635A2D446_277/INPUTFILES/data_145844751.root
LocalInputFileDir=/tmp/maxwoo/E724C5E71F5126BD08321C1635A2D446_277/INPUTFILES
NewFILELIST=/tmp/maxwoo/E724C5E71F5126BD08321C1635A2D446_277/INPUTFILES/E724C5E71F5126BD08321C1635A2D446_277.local.list
+++++++++++++++++++++++++++++++++++++++++++++++
--------------------------------
Simple Unified Meta Scheduler 1.10.50 we are starting in $SCRATCH : /home/tmp/maxwoo/E724C5E71F5126BD08321C1635A2D446_277
--------------------------------
total 44
-rw-r--r-- 1 maxwoo rhstar   656 Apr  4 01:57 check.C
-rw-r--r-- 1 maxwoo rhstar 29310 May 13 23:42 Check_Cf.C
drwxr-xr-x 2 maxwoo rhstar  4096 May 15 06:04 INPUTFILES
drwxr-xr-x 2 maxwoo rhstar  4096 May 15 02:48 lib
  *******************************************
  *                                         *
  *        W E L C O M E  to  R O O T       *
  *                                         *
  *   Version   5.34/38     12 March 2018   *
  *                                         *
  *  You are welcome to visit our Web site  *
  *          http://root.cern.ch            *
  *                                         *
  *******************************************

ROOT 5.34/38 (v5-34-38@v5-34-38, Mar 12 2018, 15:49:39 on linux)

CINT/ROOT C/C++ Interpreter version 5.18.00, July 2, 2010
Type ? for help. Commands must be C++ statements.
Enclose multiple statements between { }.
*** Float Point Exception is OFF ***
 *** Start at Date : Sun May 15 06:04:52 2022
QAInfo:You are using STAR_LEVEL : dev, ROOT_LEVEL : 5.34.38 and node : rcas2024.rcf.bnl.gov 

Processing check.C++("/tmp/maxwoo/E724C5E71F5126BD08321C1635A2D446_277/INPUTFILES/E724C5E71F5126BD08321C1635A2D446_277.local.list","E724C5E71F5126BD08321C1635A2D446_277",1)...

This is the end of ROOT -- Goodbye

Cleaning up sandbox file:  /tmp/maxwoo/E724C5E71F5126BD08321C1635A2D446_277/check.C
Cleaning up sandbox file:  /tmp/maxwoo/E724C5E71F5126BD08321C1635A2D446_277/Check_Cf.C
Cleaning up sandbox file:  /tmp/maxwoo/E724C5E71F5126BD08321C1635A2D446_277/lib
Cleaning up sandbox file:  /tmp/maxwoo/E724C5E71F5126BD08321C1635A2D446_277/.sandboxFiles
Error: Scheduler could not find any files in $SCRATCH matching your <output> tag fromScratch value: *.root 
211477 Execution of (/star/data01/pwg/xiatong/git/strangeness/script/schedE724C5E71F5126BD08321C1635A2D446_277.csh ) has ended, exiting normally
211477 We END on [Sun May 15 06:04:53 EDT 2022]
