We are starting on node: rcas2015.rcf.bnl.gov
HOME is not defined
Using getent method
HOME is now /star/u/maxwoo
115347 We will spawn ourselves (/star/data01/pwg/xiatong/git/strangeness/script/schedE724C5E71F5126BD08321C1635A2D446_1341.csh )
115347 We BEGIN on [Sun May 15 05:51:36 EDT 2022]
[1] 115553
115347 We are waiting for 115553 
115553 Stepping into the main SUMS wrapper program with []
Archive:  /star/data01/pwg/xiatong/git/strangeness/package.zip
  inflating: /tmp/maxwoo/E724C5E71F5126BD08321C1635A2D446_1341/Check_Cf.C  
  inflating: /tmp/maxwoo/E724C5E71F5126BD08321C1635A2D446_1341/check.C  
   creating: /tmp/maxwoo/E724C5E71F5126BD08321C1635A2D446_1341/lib/
  inflating: /tmp/maxwoo/E724C5E71F5126BD08321C1635A2D446_1341/lib/CenMaker.cpp  
  inflating: /tmp/maxwoo/E724C5E71F5126BD08321C1635A2D446_1341/lib/CenMaker_cpp_ACLiC_dict_rdict.pcm  
  inflating: /tmp/maxwoo/E724C5E71F5126BD08321C1635A2D446_1341/lib/CenMaker_cpp.d  
  inflating: /tmp/maxwoo/E724C5E71F5126BD08321C1635A2D446_1341/lib/CenMaker_cpp.so  
  inflating: /tmp/maxwoo/E724C5E71F5126BD08321C1635A2D446_1341/lib/CenMaker.h  
  inflating: /tmp/maxwoo/E724C5E71F5126BD08321C1635A2D446_1341/lib/MixedBuffer.cpp  
  inflating: /tmp/maxwoo/E724C5E71F5126BD08321C1635A2D446_1341/lib/MixedBuffer_cpp_ACLiC_dict_rdict.pcm  
  inflating: /tmp/maxwoo/E724C5E71F5126BD08321C1635A2D446_1341/lib/MixedBuffer_cpp.d  
  inflating: /tmp/maxwoo/E724C5E71F5126BD08321C1635A2D446_1341/lib/MixedBuffer_cpp.so  
  inflating: /tmp/maxwoo/E724C5E71F5126BD08321C1635A2D446_1341/lib/MixedBuffer.h  
  inflating: /tmp/maxwoo/E724C5E71F5126BD08321C1635A2D446_1341/lib/my_event.cpp  
  inflating: /tmp/maxwoo/E724C5E71F5126BD08321C1635A2D446_1341/lib/my_event_cpp_ACLiC_dict_rdict.pcm  
  inflating: /tmp/maxwoo/E724C5E71F5126BD08321C1635A2D446_1341/lib/my_event_cpp.d  
  inflating: /tmp/maxwoo/E724C5E71F5126BD08321C1635A2D446_1341/lib/my_event_cpp.so  
  inflating: /tmp/maxwoo/E724C5E71F5126BD08321C1635A2D446_1341/lib/my_event.h  
  inflating: /tmp/maxwoo/E724C5E71F5126BD08321C1635A2D446_1341/lib/my_particle.cpp  
  inflating: /tmp/maxwoo/E724C5E71F5126BD08321C1635A2D446_1341/lib/my_particle_cpp_ACLiC_dict_rdict.pcm  
  inflating: /tmp/maxwoo/E724C5E71F5126BD08321C1635A2D446_1341/lib/my_particle_cpp.d  
  inflating: /tmp/maxwoo/E724C5E71F5126BD08321C1635A2D446_1341/lib/my_particle_cpp.so  
  inflating: /tmp/maxwoo/E724C5E71F5126BD08321C1635A2D446_1341/lib/my_particle.h  
  inflating: /tmp/maxwoo/E724C5E71F5126BD08321C1635A2D446_1341/lib/NpartNormalizer.cpp  
  inflating: /tmp/maxwoo/E724C5E71F5126BD08321C1635A2D446_1341/lib/NpartNormalizer_cpp_ACLiC_dict_rdict.pcm  
  inflating: /tmp/maxwoo/E724C5E71F5126BD08321C1635A2D446_1341/lib/NpartNormalizer_cpp.d  
  inflating: /tmp/maxwoo/E724C5E71F5126BD08321C1635A2D446_1341/lib/NpartNormalizer_cpp.so  
  inflating: /tmp/maxwoo/E724C5E71F5126BD08321C1635A2D446_1341/lib/NpartNormalizer.h  
Running: cp /star/data01/pwg/xiatong/AMPT/14GeV/data_447192051.root /tmp/maxwoo/E724C5E71F5126BD08321C1635A2D446_1341/INPUTFILES/data_447192051.root
Running: cp /star/data01/pwg/xiatong/AMPT/14GeV/data_447192081.root /tmp/maxwoo/E724C5E71F5126BD08321C1635A2D446_1341/INPUTFILES/data_447192081.root
Running: cp /star/data01/pwg/xiatong/AMPT/14GeV/data_447192101.root /tmp/maxwoo/E724C5E71F5126BD08321C1635A2D446_1341/INPUTFILES/data_447192101.root
Running: cp /star/data01/pwg/xiatong/AMPT/14GeV/data_447192131.root /tmp/maxwoo/E724C5E71F5126BD08321C1635A2D446_1341/INPUTFILES/data_447192131.root
Running: cp /star/data01/pwg/xiatong/AMPT/14GeV/data_447192171.root /tmp/maxwoo/E724C5E71F5126BD08321C1635A2D446_1341/INPUTFILES/data_447192171.root
Running: cp /star/data01/pwg/xiatong/AMPT/14GeV/data_447192231.root /tmp/maxwoo/E724C5E71F5126BD08321C1635A2D446_1341/INPUTFILES/data_447192231.root
Running: cp /star/data01/pwg/xiatong/AMPT/14GeV/data_447192251.root /tmp/maxwoo/E724C5E71F5126BD08321C1635A2D446_1341/INPUTFILES/data_447192251.root
Running: cp /star/data01/pwg/xiatong/AMPT/14GeV/data_447192281.root /tmp/maxwoo/E724C5E71F5126BD08321C1635A2D446_1341/INPUTFILES/data_447192281.root
Running: cp /star/data01/pwg/xiatong/AMPT/14GeV/data_447192291.root /tmp/maxwoo/E724C5E71F5126BD08321C1635A2D446_1341/INPUTFILES/data_447192291.root
Running: cp /star/data01/pwg/xiatong/AMPT/14GeV/data_447192421.root /tmp/maxwoo/E724C5E71F5126BD08321C1635A2D446_1341/INPUTFILES/data_447192421.root
Running: cp /star/data01/pwg/xiatong/AMPT/14GeV/data_447192641.root /tmp/maxwoo/E724C5E71F5126BD08321C1635A2D446_1341/INPUTFILES/data_447192641.root
Running: cp /star/data01/pwg/xiatong/AMPT/14GeV/data_447198051.root /tmp/maxwoo/E724C5E71F5126BD08321C1635A2D446_1341/INPUTFILES/data_447198051.root
Running: cp /star/data01/pwg/xiatong/AMPT/14GeV/data_447250771.root /tmp/maxwoo/E724C5E71F5126BD08321C1635A2D446_1341/INPUTFILES/data_447250771.root
Running: cp /star/data01/pwg/xiatong/AMPT/14GeV/data_447250781.root /tmp/maxwoo/E724C5E71F5126BD08321C1635A2D446_1341/INPUTFILES/data_447250781.root
Running: cp /star/data01/pwg/xiatong/AMPT/14GeV/data_447283681.root /tmp/maxwoo/E724C5E71F5126BD08321C1635A2D446_1341/INPUTFILES/data_447283681.root
Running: cp /star/data01/pwg/xiatong/AMPT/14GeV/data_447283691.root /tmp/maxwoo/E724C5E71F5126BD08321C1635A2D446_1341/INPUTFILES/data_447283691.root
Running: cp /star/data01/pwg/xiatong/AMPT/14GeV/data_447311141.root /tmp/maxwoo/E724C5E71F5126BD08321C1635A2D446_1341/INPUTFILES/data_447311141.root
Running: cp /star/data01/pwg/xiatong/AMPT/14GeV/data_447320021.root /tmp/maxwoo/E724C5E71F5126BD08321C1635A2D446_1341/INPUTFILES/data_447320021.root
Running: cp /star/data01/pwg/xiatong/AMPT/14GeV/data_447321361.root /tmp/maxwoo/E724C5E71F5126BD08321C1635A2D446_1341/INPUTFILES/data_447321361.root
Running: cp /star/data01/pwg/xiatong/AMPT/14GeV/data_447350761.root /tmp/maxwoo/E724C5E71F5126BD08321C1635A2D446_1341/INPUTFILES/data_447350761.root
Running: cp /star/data01/pwg/xiatong/AMPT/14GeV/data_447423951.root /tmp/maxwoo/E724C5E71F5126BD08321C1635A2D446_1341/INPUTFILES/data_447423951.root
Running: cp /star/data01/pwg/xiatong/AMPT/14GeV/data_447432521.root /tmp/maxwoo/E724C5E71F5126BD08321C1635A2D446_1341/INPUTFILES/data_447432521.root
Running: cp /star/data01/pwg/xiatong/AMPT/14GeV/data_447450741.root /tmp/maxwoo/E724C5E71F5126BD08321C1635A2D446_1341/INPUTFILES/data_447450741.root
Running: cp /star/data01/pwg/xiatong/AMPT/14GeV/data_447550731.root /tmp/maxwoo/E724C5E71F5126BD08321C1635A2D446_1341/INPUTFILES/data_447550731.root
Running: cp /star/data01/pwg/xiatong/AMPT/14GeV/data_447683671.root /tmp/maxwoo/E724C5E71F5126BD08321C1635A2D446_1341/INPUTFILES/data_447683671.root
Running: cp /star/data01/pwg/xiatong/AMPT/14GeV/data_447713161.root /tmp/maxwoo/E724C5E71F5126BD08321C1635A2D446_1341/INPUTFILES/data_447713161.root
Running: cp /star/data01/pwg/xiatong/AMPT/14GeV/data_447727501.root /tmp/maxwoo/E724C5E71F5126BD08321C1635A2D446_1341/INPUTFILES/data_447727501.root
Running: cp /star/data01/pwg/xiatong/AMPT/14GeV/data_447750721.root /tmp/maxwoo/E724C5E71F5126BD08321C1635A2D446_1341/INPUTFILES/data_447750721.root
Running: cp /star/data01/pwg/xiatong/AMPT/14GeV/data_447768141.root /tmp/maxwoo/E724C5E71F5126BD08321C1635A2D446_1341/INPUTFILES/data_447768141.root
Running: cp /star/data01/pwg/xiatong/AMPT/14GeV/data_447783661.root /tmp/maxwoo/E724C5E71F5126BD08321C1635A2D446_1341/INPUTFILES/data_447783661.root
Running: cp /star/data01/pwg/xiatong/AMPT/14GeV/data_447910181.root /tmp/maxwoo/E724C5E71F5126BD08321C1635A2D446_1341/INPUTFILES/data_447910181.root
Running: cp /star/data01/pwg/xiatong/AMPT/14GeV/data_447915441.root /tmp/maxwoo/E724C5E71F5126BD08321C1635A2D446_1341/INPUTFILES/data_447915441.root
Running: cp /star/data01/pwg/xiatong/AMPT/14GeV/data_447916651.root /tmp/maxwoo/E724C5E71F5126BD08321C1635A2D446_1341/INPUTFILES/data_447916651.root
Running: cp /star/data01/pwg/xiatong/AMPT/14GeV/data_447919771.root /tmp/maxwoo/E724C5E71F5126BD08321C1635A2D446_1341/INPUTFILES/data_447919771.root
Running: cp /star/data01/pwg/xiatong/AMPT/14GeV/data_448014981.root /tmp/maxwoo/E724C5E71F5126BD08321C1635A2D446_1341/INPUTFILES/data_448014981.root
Running: cp /star/data01/pwg/xiatong/AMPT/14GeV/data_448030731.root /tmp/maxwoo/E724C5E71F5126BD08321C1635A2D446_1341/INPUTFILES/data_448030731.root
Running: cp /star/data01/pwg/xiatong/AMPT/14GeV/data_448033131.root /tmp/maxwoo/E724C5E71F5126BD08321C1635A2D446_1341/INPUTFILES/data_448033131.root
Swapping $FILELIST with: /tmp/maxwoo/E724C5E71F5126BD08321C1635A2D446_1341/INPUTFILES/E724C5E71F5126BD08321C1635A2D446_1341.local.list
+++++++++++local copy debug++++++++++++++++++++
newFileList: /tmp/maxwoo/E724C5E71F5126BD08321C1635A2D446_1341/INPUTFILES/E724C5E71F5126BD08321C1635A2D446_1341.local.list
++++++++++++++++cat FILELIST+++++++++++++++++++
/tmp/maxwoo/E724C5E71F5126BD08321C1635A2D446_1341/INPUTFILES/data_447192051.root 
/tmp/maxwoo/E724C5E71F5126BD08321C1635A2D446_1341/INPUTFILES/data_447192081.root 
/tmp/maxwoo/E724C5E71F5126BD08321C1635A2D446_1341/INPUTFILES/data_447192101.root 
/tmp/maxwoo/E724C5E71F5126BD08321C1635A2D446_1341/INPUTFILES/data_447192131.root 
/tmp/maxwoo/E724C5E71F5126BD08321C1635A2D446_1341/INPUTFILES/data_447192171.root 
/tmp/maxwoo/E724C5E71F5126BD08321C1635A2D446_1341/INPUTFILES/data_447192231.root 
/tmp/maxwoo/E724C5E71F5126BD08321C1635A2D446_1341/INPUTFILES/data_447192251.root 
/tmp/maxwoo/E724C5E71F5126BD08321C1635A2D446_1341/INPUTFILES/data_447192281.root 
/tmp/maxwoo/E724C5E71F5126BD08321C1635A2D446_1341/INPUTFILES/data_447192291.root 
/tmp/maxwoo/E724C5E71F5126BD08321C1635A2D446_1341/INPUTFILES/data_447192421.root 
/tmp/maxwoo/E724C5E71F5126BD08321C1635A2D446_1341/INPUTFILES/data_447192641.root 
/tmp/maxwoo/E724C5E71F5126BD08321C1635A2D446_1341/INPUTFILES/data_447198051.root 
/tmp/maxwoo/E724C5E71F5126BD08321C1635A2D446_1341/INPUTFILES/data_447250771.root 
/tmp/maxwoo/E724C5E71F5126BD08321C1635A2D446_1341/INPUTFILES/data_447250781.root 
/tmp/maxwoo/E724C5E71F5126BD08321C1635A2D446_1341/INPUTFILES/data_447283681.root 
/tmp/maxwoo/E724C5E71F5126BD08321C1635A2D446_1341/INPUTFILES/data_447283691.root 
/tmp/maxwoo/E724C5E71F5126BD08321C1635A2D446_1341/INPUTFILES/data_447311141.root 
/tmp/maxwoo/E724C5E71F5126BD08321C1635A2D446_1341/INPUTFILES/data_447320021.root 
/tmp/maxwoo/E724C5E71F5126BD08321C1635A2D446_1341/INPUTFILES/data_447321361.root 
/tmp/maxwoo/E724C5E71F5126BD08321C1635A2D446_1341/INPUTFILES/data_447350761.root 
/tmp/maxwoo/E724C5E71F5126BD08321C1635A2D446_1341/INPUTFILES/data_447423951.root 
/tmp/maxwoo/E724C5E71F5126BD08321C1635A2D446_1341/INPUTFILES/data_447432521.root 
/tmp/maxwoo/E724C5E71F5126BD08321C1635A2D446_1341/INPUTFILES/data_447450741.root 
/tmp/maxwoo/E724C5E71F5126BD08321C1635A2D446_1341/INPUTFILES/data_447550731.root 
/tmp/maxwoo/E724C5E71F5126BD08321C1635A2D446_1341/INPUTFILES/data_447683671.root 
/tmp/maxwoo/E724C5E71F5126BD08321C1635A2D446_1341/INPUTFILES/data_447713161.root 
/tmp/maxwoo/E724C5E71F5126BD08321C1635A2D446_1341/INPUTFILES/data_447727501.root 
/tmp/maxwoo/E724C5E71F5126BD08321C1635A2D446_1341/INPUTFILES/data_447750721.root 
/tmp/maxwoo/E724C5E71F5126BD08321C1635A2D446_1341/INPUTFILES/data_447768141.root 
/tmp/maxwoo/E724C5E71F5126BD08321C1635A2D446_1341/INPUTFILES/data_447783661.root 
/tmp/maxwoo/E724C5E71F5126BD08321C1635A2D446_1341/INPUTFILES/data_447910181.root 
/tmp/maxwoo/E724C5E71F5126BD08321C1635A2D446_1341/INPUTFILES/data_447915441.root 
/tmp/maxwoo/E724C5E71F5126BD08321C1635A2D446_1341/INPUTFILES/data_447916651.root 
/tmp/maxwoo/E724C5E71F5126BD08321C1635A2D446_1341/INPUTFILES/data_447919771.root 
/tmp/maxwoo/E724C5E71F5126BD08321C1635A2D446_1341/INPUTFILES/data_448014981.root 
/tmp/maxwoo/E724C5E71F5126BD08321C1635A2D446_1341/INPUTFILES/data_448030731.root 
/tmp/maxwoo/E724C5E71F5126BD08321C1635A2D446_1341/INPUTFILES/data_448033131.root 
++++++++++++++++++++find.++++++++++++++++++++++
.
./.errror.log
./.output.log
./Check_Cf.C
./check.C
./lib
./lib/CenMaker.cpp
./lib/CenMaker_cpp_ACLiC_dict_rdict.pcm
./lib/CenMaker_cpp.d
./lib/CenMaker_cpp.so
./lib/CenMaker.h
./lib/MixedBuffer.cpp
./lib/MixedBuffer_cpp_ACLiC_dict_rdict.pcm
./lib/MixedBuffer_cpp.d
./lib/MixedBuffer_cpp.so
./lib/MixedBuffer.h
./lib/my_event.cpp
./lib/my_event_cpp_ACLiC_dict_rdict.pcm
./lib/my_event_cpp.d
./lib/my_event_cpp.so
./lib/my_event.h
./lib/my_particle.cpp
./lib/my_particle_cpp_ACLiC_dict_rdict.pcm
./lib/my_particle_cpp.d
./lib/my_particle_cpp.so
./lib/my_particle.h
./lib/NpartNormalizer.cpp
./lib/NpartNormalizer_cpp_ACLiC_dict_rdict.pcm
./lib/NpartNormalizer_cpp.d
./lib/NpartNormalizer_cpp.so
./lib/NpartNormalizer.h
./.sandboxFiles
./INPUTFILES
./INPUTFILES/E724C5E71F5126BD08321C1635A2D446_1341.local.list
./INPUTFILES/data_447192051.root
./INPUTFILES/data_447192081.root
./INPUTFILES/data_447192101.root
./INPUTFILES/data_447192131.root
./INPUTFILES/data_447192171.root
./INPUTFILES/data_447192231.root
./INPUTFILES/data_447192251.root
./INPUTFILES/data_447192281.root
./INPUTFILES/data_447192291.root
./INPUTFILES/data_447192421.root
./INPUTFILES/data_447192641.root
./INPUTFILES/data_447198051.root
./INPUTFILES/data_447250771.root
./INPUTFILES/data_447250781.root
./INPUTFILES/data_447283681.root
./INPUTFILES/data_447283691.root
./INPUTFILES/data_447311141.root
./INPUTFILES/data_447320021.root
./INPUTFILES/data_447321361.root
./INPUTFILES/data_447350761.root
./INPUTFILES/data_447423951.root
./INPUTFILES/data_447432521.root
./INPUTFILES/data_447450741.root
./INPUTFILES/data_447550731.root
./INPUTFILES/data_447683671.root
./INPUTFILES/data_447713161.root
./INPUTFILES/data_447727501.root
./INPUTFILES/data_447750721.root
./INPUTFILES/data_447768141.root
./INPUTFILES/data_447783661.root
./INPUTFILES/data_447910181.root
./INPUTFILES/data_447915441.root
./INPUTFILES/data_447916651.root
./INPUTFILES/data_447919771.root
./INPUTFILES/data_448014981.root
./INPUTFILES/data_448030731.root
./INPUTFILES/data_448033131.root
++++++++++++++++INPUTFILE Var++++++++++++++++++
FILELIST=/tmp/maxwoo/E724C5E71F5126BD08321C1635A2D446_1341/INPUTFILES/E724C5E71F5126BD08321C1635A2D446_1341.local.list
INPUTFILECOUNT=37
INPUTFILE0=/tmp/maxwoo/E724C5E71F5126BD08321C1635A2D446_1341/INPUTFILES/data_447192051.root
INPUTFILE1=/tmp/maxwoo/E724C5E71F5126BD08321C1635A2D446_1341/INPUTFILES/data_447192081.root
INPUTFILE2=/tmp/maxwoo/E724C5E71F5126BD08321C1635A2D446_1341/INPUTFILES/data_447192101.root
INPUTFILE3=/tmp/maxwoo/E724C5E71F5126BD08321C1635A2D446_1341/INPUTFILES/data_447192131.root
INPUTFILE4=/tmp/maxwoo/E724C5E71F5126BD08321C1635A2D446_1341/INPUTFILES/data_447192171.root
INPUTFILE5=/tmp/maxwoo/E724C5E71F5126BD08321C1635A2D446_1341/INPUTFILES/data_447192231.root
INPUTFILE6=/tmp/maxwoo/E724C5E71F5126BD08321C1635A2D446_1341/INPUTFILES/data_447192251.root
INPUTFILE7=/tmp/maxwoo/E724C5E71F5126BD08321C1635A2D446_1341/INPUTFILES/data_447192281.root
INPUTFILE8=/tmp/maxwoo/E724C5E71F5126BD08321C1635A2D446_1341/INPUTFILES/data_447192291.root
INPUTFILE9=/tmp/maxwoo/E724C5E71F5126BD08321C1635A2D446_1341/INPUTFILES/data_447192421.root
INPUTFILE10=/tmp/maxwoo/E724C5E71F5126BD08321C1635A2D446_1341/INPUTFILES/data_447192641.root
INPUTFILE11=/tmp/maxwoo/E724C5E71F5126BD08321C1635A2D446_1341/INPUTFILES/data_447198051.root
INPUTFILE12=/tmp/maxwoo/E724C5E71F5126BD08321C1635A2D446_1341/INPUTFILES/data_447250771.root
INPUTFILE13=/tmp/maxwoo/E724C5E71F5126BD08321C1635A2D446_1341/INPUTFILES/data_447250781.root
INPUTFILE14=/tmp/maxwoo/E724C5E71F5126BD08321C1635A2D446_1341/INPUTFILES/data_447283681.root
INPUTFILE15=/tmp/maxwoo/E724C5E71F5126BD08321C1635A2D446_1341/INPUTFILES/data_447283691.root
INPUTFILE16=/tmp/maxwoo/E724C5E71F5126BD08321C1635A2D446_1341/INPUTFILES/data_447311141.root
INPUTFILE17=/tmp/maxwoo/E724C5E71F5126BD08321C1635A2D446_1341/INPUTFILES/data_447320021.root
INPUTFILE18=/tmp/maxwoo/E724C5E71F5126BD08321C1635A2D446_1341/INPUTFILES/data_447321361.root
INPUTFILE19=/tmp/maxwoo/E724C5E71F5126BD08321C1635A2D446_1341/INPUTFILES/data_447350761.root
INPUTFILE20=/tmp/maxwoo/E724C5E71F5126BD08321C1635A2D446_1341/INPUTFILES/data_447423951.root
INPUTFILE21=/tmp/maxwoo/E724C5E71F5126BD08321C1635A2D446_1341/INPUTFILES/data_447432521.root
INPUTFILE22=/tmp/maxwoo/E724C5E71F5126BD08321C1635A2D446_1341/INPUTFILES/data_447450741.root
INPUTFILE23=/tmp/maxwoo/E724C5E71F5126BD08321C1635A2D446_1341/INPUTFILES/data_447550731.root
INPUTFILE24=/tmp/maxwoo/E724C5E71F5126BD08321C1635A2D446_1341/INPUTFILES/data_447683671.root
INPUTFILE25=/tmp/maxwoo/E724C5E71F5126BD08321C1635A2D446_1341/INPUTFILES/data_447713161.root
INPUTFILE26=/tmp/maxwoo/E724C5E71F5126BD08321C1635A2D446_1341/INPUTFILES/data_447727501.root
INPUTFILE27=/tmp/maxwoo/E724C5E71F5126BD08321C1635A2D446_1341/INPUTFILES/data_447750721.root
INPUTFILE28=/tmp/maxwoo/E724C5E71F5126BD08321C1635A2D446_1341/INPUTFILES/data_447768141.root
INPUTFILE29=/tmp/maxwoo/E724C5E71F5126BD08321C1635A2D446_1341/INPUTFILES/data_447783661.root
INPUTFILE30=/tmp/maxwoo/E724C5E71F5126BD08321C1635A2D446_1341/INPUTFILES/data_447910181.root
INPUTFILE31=/tmp/maxwoo/E724C5E71F5126BD08321C1635A2D446_1341/INPUTFILES/data_447915441.root
INPUTFILE32=/tmp/maxwoo/E724C5E71F5126BD08321C1635A2D446_1341/INPUTFILES/data_447916651.root
INPUTFILE33=/tmp/maxwoo/E724C5E71F5126BD08321C1635A2D446_1341/INPUTFILES/data_447919771.root
INPUTFILE34=/tmp/maxwoo/E724C5E71F5126BD08321C1635A2D446_1341/INPUTFILES/data_448014981.root
INPUTFILE35=/tmp/maxwoo/E724C5E71F5126BD08321C1635A2D446_1341/INPUTFILES/data_448030731.root
INPUTFILE36=/tmp/maxwoo/E724C5E71F5126BD08321C1635A2D446_1341/INPUTFILES/data_448033131.root
LocalInputFileDir=/tmp/maxwoo/E724C5E71F5126BD08321C1635A2D446_1341/INPUTFILES
NewFILELIST=/tmp/maxwoo/E724C5E71F5126BD08321C1635A2D446_1341/INPUTFILES/E724C5E71F5126BD08321C1635A2D446_1341.local.list
+++++++++++++++++++++++++++++++++++++++++++++++
--------------------------------
Simple Unified Meta Scheduler 1.10.50 we are starting in $SCRATCH : /home/tmp/maxwoo/E724C5E71F5126BD08321C1635A2D446_1341
--------------------------------
total 44
-rw-r--r-- 1 maxwoo rhstar   656 Apr  4 01:57 check.C
-rw-r--r-- 1 maxwoo rhstar 29310 May 13 23:42 Check_Cf.C
drwxr-xr-x 2 maxwoo rhstar  4096 May 15 05:51 INPUTFILES
drwxr-xr-x 2 maxwoo rhstar  4096 May 15 02:48 lib
  *******************************************
  *                                         *
  *        W E L C O M E  to  R O O T       *
  *                                         *
  *   Version   5.34/38     12 March 2018   *
  *                                         *
  *  You are welcome to visit our Web site  *
  *          http://root.cern.ch            *
  *                                         *
  *******************************************

ROOT 5.34/38 (v5-34-38@v5-34-38, Mar 12 2018, 15:49:39 on linux)

CINT/ROOT C/C++ Interpreter version 5.18.00, July 2, 2010
Type ? for help. Commands must be C++ statements.
Enclose multiple statements between { }.
*** Float Point Exception is OFF ***
 *** Start at Date : Sun May 15 05:51:41 2022
QAInfo:You are using STAR_LEVEL : dev, ROOT_LEVEL : 5.34.38 and node : rcas2015.rcf.bnl.gov 

Processing check.C++("/tmp/maxwoo/E724C5E71F5126BD08321C1635A2D446_1341/INPUTFILES/E724C5E71F5126BD08321C1635A2D446_1341.local.list","E724C5E71F5126BD08321C1635A2D446_1341",1)...

This is the end of ROOT -- Goodbye

Cleaning up sandbox file:  /tmp/maxwoo/E724C5E71F5126BD08321C1635A2D446_1341/check.C
Cleaning up sandbox file:  /tmp/maxwoo/E724C5E71F5126BD08321C1635A2D446_1341/Check_Cf.C
Cleaning up sandbox file:  /tmp/maxwoo/E724C5E71F5126BD08321C1635A2D446_1341/lib
Cleaning up sandbox file:  /tmp/maxwoo/E724C5E71F5126BD08321C1635A2D446_1341/.sandboxFiles
Error: Scheduler could not find any files in $SCRATCH matching your <output> tag fromScratch value: *.root 
115347 Execution of (/star/data01/pwg/xiatong/git/strangeness/script/schedE724C5E71F5126BD08321C1635A2D446_1341.csh ) has ended, exiting normally
115347 We END on [Sun May 15 05:51:43 EDT 2022]
