We are starting on node: rcas2021.rcf.bnl.gov
HOME is not defined
Using getent method
HOME is now /star/u/maxwoo
314711 We will spawn ourselves (/star/data01/pwg/xiatong/git/strangeness/script/schedE724C5E71F5126BD08321C1635A2D446_1333.csh )
314711 We BEGIN on [Sun May 15 05:51:47 EDT 2022]
[1] 314905
314711 We are waiting for 314905 
314711 Grandchild PID is 314936 - found in 0 x 1 seconds
314711 Establishing first watcher   on    Sun May 15 05:51:47 EDT 2022
314711 Process tree is 314711 (main) -> 314905 (child) -> 314936 (grandchild)
F S   UID    PID   PPID  C PRI  NI ADDR SZ WCHAN  TTY        TIME CMD
314905 Stepping into the main SUMS wrapper program with []
Archive:  /star/data01/pwg/xiatong/git/strangeness/package.zip
  inflating: /tmp/maxwoo/E724C5E71F5126BD08321C1635A2D446_1333/Check_Cf.C  
  inflating: /tmp/maxwoo/E724C5E71F5126BD08321C1635A2D446_1333/check.C  
   creating: /tmp/maxwoo/E724C5E71F5126BD08321C1635A2D446_1333/lib/
  inflating: /tmp/maxwoo/E724C5E71F5126BD08321C1635A2D446_1333/lib/CenMaker.cpp  
  inflating: /tmp/maxwoo/E724C5E71F5126BD08321C1635A2D446_1333/lib/CenMaker_cpp_ACLiC_dict_rdict.pcm  
  inflating: /tmp/maxwoo/E724C5E71F5126BD08321C1635A2D446_1333/lib/CenMaker_cpp.d  
  inflating: /tmp/maxwoo/E724C5E71F5126BD08321C1635A2D446_1333/lib/CenMaker_cpp.so  
  inflating: /tmp/maxwoo/E724C5E71F5126BD08321C1635A2D446_1333/lib/CenMaker.h  
  inflating: /tmp/maxwoo/E724C5E71F5126BD08321C1635A2D446_1333/lib/MixedBuffer.cpp  
  inflating: /tmp/maxwoo/E724C5E71F5126BD08321C1635A2D446_1333/lib/MixedBuffer_cpp_ACLiC_dict_rdict.pcm  
  inflating: /tmp/maxwoo/E724C5E71F5126BD08321C1635A2D446_1333/lib/MixedBuffer_cpp.d  
  inflating: /tmp/maxwoo/E724C5E71F5126BD08321C1635A2D446_1333/lib/MixedBuffer_cpp.so  
  inflating: /tmp/maxwoo/E724C5E71F5126BD08321C1635A2D446_1333/lib/MixedBuffer.h  
  inflating: /tmp/maxwoo/E724C5E71F5126BD08321C1635A2D446_1333/lib/my_event.cpp  
  inflating: /tmp/maxwoo/E724C5E71F5126BD08321C1635A2D446_1333/lib/my_event_cpp_ACLiC_dict_rdict.pcm  
  inflating: /tmp/maxwoo/E724C5E71F5126BD08321C1635A2D446_1333/lib/my_event_cpp.d  
  inflating: /tmp/maxwoo/E724C5E71F5126BD08321C1635A2D446_1333/lib/my_event_cpp.so  
  inflating: /tmp/maxwoo/E724C5E71F5126BD08321C1635A2D446_1333/lib/my_event.h  
  inflating: /tmp/maxwoo/E724C5E71F5126BD08321C1635A2D446_1333/lib/my_particle.cpp  
  inflating: /tmp/maxwoo/E724C5E71F5126BD08321C1635A2D446_1333/lib/my_particle_cpp_ACLiC_dict_rdict.pcm  
  inflating: /tmp/maxwoo/E724C5E71F5126BD08321C1635A2D446_1333/lib/my_particle_cpp.d  
  inflating: /tmp/maxwoo/E724C5E71F5126BD08321C1635A2D446_1333/lib/my_particle_cpp.so  
  inflating: /tmp/maxwoo/E724C5E71F5126BD08321C1635A2D446_1333/lib/my_particle.h  
  inflating: /tmp/maxwoo/E724C5E71F5126BD08321C1635A2D446_1333/lib/NpartNormalizer.cpp  
  inflating: /tmp/maxwoo/E724C5E71F5126BD08321C1635A2D446_1333/lib/NpartNormalizer_cpp_ACLiC_dict_rdict.pcm  
  inflating: /tmp/maxwoo/E724C5E71F5126BD08321C1635A2D446_1333/lib/NpartNormalizer_cpp.d  
  inflating: /tmp/maxwoo/E724C5E71F5126BD08321C1635A2D446_1333/lib/NpartNormalizer_cpp.so  
  inflating: /tmp/maxwoo/E724C5E71F5126BD08321C1635A2D446_1333/lib/NpartNormalizer.h  
Running: cp /star/data01/pwg/xiatong/AMPT/14GeV/data_443155141.root /tmp/maxwoo/E724C5E71F5126BD08321C1635A2D446_1333/INPUTFILES/data_443155141.root
Running: cp /star/data01/pwg/xiatong/AMPT/14GeV/data_443155401.root /tmp/maxwoo/E724C5E71F5126BD08321C1635A2D446_1333/INPUTFILES/data_443155401.root
Running: cp /star/data01/pwg/xiatong/AMPT/14GeV/data_443155921.root /tmp/maxwoo/E724C5E71F5126BD08321C1635A2D446_1333/INPUTFILES/data_443155921.root
Running: cp /star/data01/pwg/xiatong/AMPT/14GeV/data_443156411.root /tmp/maxwoo/E724C5E71F5126BD08321C1635A2D446_1333/INPUTFILES/data_443156411.root
Running: cp /star/data01/pwg/xiatong/AMPT/14GeV/data_443157301.root /tmp/maxwoo/E724C5E71F5126BD08321C1635A2D446_1333/INPUTFILES/data_443157301.root
Running: cp /star/data01/pwg/xiatong/AMPT/14GeV/data_443157571.root /tmp/maxwoo/E724C5E71F5126BD08321C1635A2D446_1333/INPUTFILES/data_443157571.root
Running: cp /star/data01/pwg/xiatong/AMPT/14GeV/data_443158111.root /tmp/maxwoo/E724C5E71F5126BD08321C1635A2D446_1333/INPUTFILES/data_443158111.root
Running: cp /star/data01/pwg/xiatong/AMPT/14GeV/data_443158631.root /tmp/maxwoo/E724C5E71F5126BD08321C1635A2D446_1333/INPUTFILES/data_443158631.root
Running: cp /star/data01/pwg/xiatong/AMPT/14GeV/data_443158901.root /tmp/maxwoo/E724C5E71F5126BD08321C1635A2D446_1333/INPUTFILES/data_443158901.root
Running: cp /star/data01/pwg/xiatong/AMPT/14GeV/data_443159431.root /tmp/maxwoo/E724C5E71F5126BD08321C1635A2D446_1333/INPUTFILES/data_443159431.root
Running: cp /star/data01/pwg/xiatong/AMPT/14GeV/data_443159701.root /tmp/maxwoo/E724C5E71F5126BD08321C1635A2D446_1333/INPUTFILES/data_443159701.root
Running: cp /star/data01/pwg/xiatong/AMPT/14GeV/data_443159981.root /tmp/maxwoo/E724C5E71F5126BD08321C1635A2D446_1333/INPUTFILES/data_443159981.root
Running: cp /star/data01/pwg/xiatong/AMPT/14GeV/data_443160261.root /tmp/maxwoo/E724C5E71F5126BD08321C1635A2D446_1333/INPUTFILES/data_443160261.root
Running: cp /star/data01/pwg/xiatong/AMPT/14GeV/data_443161161.root /tmp/maxwoo/E724C5E71F5126BD08321C1635A2D446_1333/INPUTFILES/data_443161161.root
Running: cp /star/data01/pwg/xiatong/AMPT/14GeV/data_443161461.root /tmp/maxwoo/E724C5E71F5126BD08321C1635A2D446_1333/INPUTFILES/data_443161461.root
Running: cp /star/data01/pwg/xiatong/AMPT/14GeV/data_443161741.root /tmp/maxwoo/E724C5E71F5126BD08321C1635A2D446_1333/INPUTFILES/data_443161741.root
Running: cp /star/data01/pwg/xiatong/AMPT/14GeV/data_443177771.root /tmp/maxwoo/E724C5E71F5126BD08321C1635A2D446_1333/INPUTFILES/data_443177771.root
Running: cp /star/data01/pwg/xiatong/AMPT/14GeV/data_443183931.root /tmp/maxwoo/E724C5E71F5126BD08321C1635A2D446_1333/INPUTFILES/data_443183931.root
Running: cp /star/data01/pwg/xiatong/AMPT/14GeV/data_443191771.root /tmp/maxwoo/E724C5E71F5126BD08321C1635A2D446_1333/INPUTFILES/data_443191771.root
Running: cp /star/data01/pwg/xiatong/AMPT/14GeV/data_443192741.root /tmp/maxwoo/E724C5E71F5126BD08321C1635A2D446_1333/INPUTFILES/data_443192741.root
Running: cp /star/data01/pwg/xiatong/AMPT/14GeV/data_443192751.root /tmp/maxwoo/E724C5E71F5126BD08321C1635A2D446_1333/INPUTFILES/data_443192751.root
Running: cp /star/data01/pwg/xiatong/AMPT/14GeV/data_443192771.root /tmp/maxwoo/E724C5E71F5126BD08321C1635A2D446_1333/INPUTFILES/data_443192771.root
Running: cp /star/data01/pwg/xiatong/AMPT/14GeV/data_443192821.root /tmp/maxwoo/E724C5E71F5126BD08321C1635A2D446_1333/INPUTFILES/data_443192821.root
Running: cp /star/data01/pwg/xiatong/AMPT/14GeV/data_443192831.root /tmp/maxwoo/E724C5E71F5126BD08321C1635A2D446_1333/INPUTFILES/data_443192831.root
Running: cp /star/data01/pwg/xiatong/AMPT/14GeV/data_443192871.root /tmp/maxwoo/E724C5E71F5126BD08321C1635A2D446_1333/INPUTFILES/data_443192871.root
Running: cp /star/data01/pwg/xiatong/AMPT/14GeV/data_443192881.root /tmp/maxwoo/E724C5E71F5126BD08321C1635A2D446_1333/INPUTFILES/data_443192881.root
Running: cp /star/data01/pwg/xiatong/AMPT/14GeV/data_443192891.root /tmp/maxwoo/E724C5E71F5126BD08321C1635A2D446_1333/INPUTFILES/data_443192891.root
Running: cp /star/data01/pwg/xiatong/AMPT/14GeV/data_443192931.root /tmp/maxwoo/E724C5E71F5126BD08321C1635A2D446_1333/INPUTFILES/data_443192931.root
Running: cp /star/data01/pwg/xiatong/AMPT/14GeV/data_443192941.root /tmp/maxwoo/E724C5E71F5126BD08321C1635A2D446_1333/INPUTFILES/data_443192941.root
Running: cp /star/data01/pwg/xiatong/AMPT/14GeV/data_443193001.root /tmp/maxwoo/E724C5E71F5126BD08321C1635A2D446_1333/INPUTFILES/data_443193001.root
Running: cp /star/data01/pwg/xiatong/AMPT/14GeV/data_443193051.root /tmp/maxwoo/E724C5E71F5126BD08321C1635A2D446_1333/INPUTFILES/data_443193051.root
Running: cp /star/data01/pwg/xiatong/AMPT/14GeV/data_443193071.root /tmp/maxwoo/E724C5E71F5126BD08321C1635A2D446_1333/INPUTFILES/data_443193071.root
Running: cp /star/data01/pwg/xiatong/AMPT/14GeV/data_443193091.root /tmp/maxwoo/E724C5E71F5126BD08321C1635A2D446_1333/INPUTFILES/data_443193091.root
Running: cp /star/data01/pwg/xiatong/AMPT/14GeV/data_443193101.root /tmp/maxwoo/E724C5E71F5126BD08321C1635A2D446_1333/INPUTFILES/data_443193101.root
Running: cp /star/data01/pwg/xiatong/AMPT/14GeV/data_443193111.root /tmp/maxwoo/E724C5E71F5126BD08321C1635A2D446_1333/INPUTFILES/data_443193111.root
Running: cp /star/data01/pwg/xiatong/AMPT/14GeV/data_443193121.root /tmp/maxwoo/E724C5E71F5126BD08321C1635A2D446_1333/INPUTFILES/data_443193121.root
Running: cp /star/data01/pwg/xiatong/AMPT/14GeV/data_443193131.root /tmp/maxwoo/E724C5E71F5126BD08321C1635A2D446_1333/INPUTFILES/data_443193131.root
Swapping $FILELIST with: /tmp/maxwoo/E724C5E71F5126BD08321C1635A2D446_1333/INPUTFILES/E724C5E71F5126BD08321C1635A2D446_1333.local.list
+++++++++++local copy debug++++++++++++++++++++
newFileList: /tmp/maxwoo/E724C5E71F5126BD08321C1635A2D446_1333/INPUTFILES/E724C5E71F5126BD08321C1635A2D446_1333.local.list
++++++++++++++++cat FILELIST+++++++++++++++++++
/tmp/maxwoo/E724C5E71F5126BD08321C1635A2D446_1333/INPUTFILES/data_443155141.root 
/tmp/maxwoo/E724C5E71F5126BD08321C1635A2D446_1333/INPUTFILES/data_443155401.root 
/tmp/maxwoo/E724C5E71F5126BD08321C1635A2D446_1333/INPUTFILES/data_443155921.root 
/tmp/maxwoo/E724C5E71F5126BD08321C1635A2D446_1333/INPUTFILES/data_443156411.root 
/tmp/maxwoo/E724C5E71F5126BD08321C1635A2D446_1333/INPUTFILES/data_443157301.root 
/tmp/maxwoo/E724C5E71F5126BD08321C1635A2D446_1333/INPUTFILES/data_443157571.root 
/tmp/maxwoo/E724C5E71F5126BD08321C1635A2D446_1333/INPUTFILES/data_443158111.root 
/tmp/maxwoo/E724C5E71F5126BD08321C1635A2D446_1333/INPUTFILES/data_443158631.root 
/tmp/maxwoo/E724C5E71F5126BD08321C1635A2D446_1333/INPUTFILES/data_443158901.root 
/tmp/maxwoo/E724C5E71F5126BD08321C1635A2D446_1333/INPUTFILES/data_443159431.root 
/tmp/maxwoo/E724C5E71F5126BD08321C1635A2D446_1333/INPUTFILES/data_443159701.root 
/tmp/maxwoo/E724C5E71F5126BD08321C1635A2D446_1333/INPUTFILES/data_443159981.root 
/tmp/maxwoo/E724C5E71F5126BD08321C1635A2D446_1333/INPUTFILES/data_443160261.root 
/tmp/maxwoo/E724C5E71F5126BD08321C1635A2D446_1333/INPUTFILES/data_443161161.root 
/tmp/maxwoo/E724C5E71F5126BD08321C1635A2D446_1333/INPUTFILES/data_443161461.root 
/tmp/maxwoo/E724C5E71F5126BD08321C1635A2D446_1333/INPUTFILES/data_443161741.root 
/tmp/maxwoo/E724C5E71F5126BD08321C1635A2D446_1333/INPUTFILES/data_443177771.root 
/tmp/maxwoo/E724C5E71F5126BD08321C1635A2D446_1333/INPUTFILES/data_443183931.root 
/tmp/maxwoo/E724C5E71F5126BD08321C1635A2D446_1333/INPUTFILES/data_443191771.root 
/tmp/maxwoo/E724C5E71F5126BD08321C1635A2D446_1333/INPUTFILES/data_443192741.root 
/tmp/maxwoo/E724C5E71F5126BD08321C1635A2D446_1333/INPUTFILES/data_443192751.root 
/tmp/maxwoo/E724C5E71F5126BD08321C1635A2D446_1333/INPUTFILES/data_443192771.root 
/tmp/maxwoo/E724C5E71F5126BD08321C1635A2D446_1333/INPUTFILES/data_443192821.root 
/tmp/maxwoo/E724C5E71F5126BD08321C1635A2D446_1333/INPUTFILES/data_443192831.root 
/tmp/maxwoo/E724C5E71F5126BD08321C1635A2D446_1333/INPUTFILES/data_443192871.root 
/tmp/maxwoo/E724C5E71F5126BD08321C1635A2D446_1333/INPUTFILES/data_443192881.root 
/tmp/maxwoo/E724C5E71F5126BD08321C1635A2D446_1333/INPUTFILES/data_443192891.root 
/tmp/maxwoo/E724C5E71F5126BD08321C1635A2D446_1333/INPUTFILES/data_443192931.root 
/tmp/maxwoo/E724C5E71F5126BD08321C1635A2D446_1333/INPUTFILES/data_443192941.root 
/tmp/maxwoo/E724C5E71F5126BD08321C1635A2D446_1333/INPUTFILES/data_443193001.root 
/tmp/maxwoo/E724C5E71F5126BD08321C1635A2D446_1333/INPUTFILES/data_443193051.root 
/tmp/maxwoo/E724C5E71F5126BD08321C1635A2D446_1333/INPUTFILES/data_443193071.root 
/tmp/maxwoo/E724C5E71F5126BD08321C1635A2D446_1333/INPUTFILES/data_443193091.root 
/tmp/maxwoo/E724C5E71F5126BD08321C1635A2D446_1333/INPUTFILES/data_443193101.root 
/tmp/maxwoo/E724C5E71F5126BD08321C1635A2D446_1333/INPUTFILES/data_443193111.root 
/tmp/maxwoo/E724C5E71F5126BD08321C1635A2D446_1333/INPUTFILES/data_443193121.root 
/tmp/maxwoo/E724C5E71F5126BD08321C1635A2D446_1333/INPUTFILES/data_443193131.root 
++++++++++++++++++++find.++++++++++++++++++++++
.
./.errror.log
./.output.log
./Check_Cf.C
./check.C
./lib
./lib/CenMaker.cpp
./lib/CenMaker_cpp_ACLiC_dict_rdict.pcm
./lib/CenMaker_cpp.d
./lib/CenMaker_cpp.so
./lib/CenMaker.h
./lib/MixedBuffer.cpp
./lib/MixedBuffer_cpp_ACLiC_dict_rdict.pcm
./lib/MixedBuffer_cpp.d
./lib/MixedBuffer_cpp.so
./lib/MixedBuffer.h
./lib/my_event.cpp
./lib/my_event_cpp_ACLiC_dict_rdict.pcm
./lib/my_event_cpp.d
./lib/my_event_cpp.so
./lib/my_event.h
./lib/my_particle.cpp
./lib/my_particle_cpp_ACLiC_dict_rdict.pcm
./lib/my_particle_cpp.d
./lib/my_particle_cpp.so
./lib/my_particle.h
./lib/NpartNormalizer.cpp
./lib/NpartNormalizer_cpp_ACLiC_dict_rdict.pcm
./lib/NpartNormalizer_cpp.d
./lib/NpartNormalizer_cpp.so
./lib/NpartNormalizer.h
./.sandboxFiles
./INPUTFILES
./INPUTFILES/E724C5E71F5126BD08321C1635A2D446_1333.local.list
./INPUTFILES/data_443155141.root
./INPUTFILES/data_443155401.root
./INPUTFILES/data_443155921.root
./INPUTFILES/data_443156411.root
./INPUTFILES/data_443157301.root
./INPUTFILES/data_443157571.root
./INPUTFILES/data_443158111.root
./INPUTFILES/data_443158631.root
./INPUTFILES/data_443158901.root
./INPUTFILES/data_443159431.root
./INPUTFILES/data_443159701.root
./INPUTFILES/data_443159981.root
./INPUTFILES/data_443160261.root
./INPUTFILES/data_443161161.root
./INPUTFILES/data_443161461.root
./INPUTFILES/data_443161741.root
./INPUTFILES/data_443177771.root
./INPUTFILES/data_443183931.root
./INPUTFILES/data_443191771.root
./INPUTFILES/data_443192741.root
./INPUTFILES/data_443192751.root
./INPUTFILES/data_443192771.root
./INPUTFILES/data_443192821.root
./INPUTFILES/data_443192831.root
./INPUTFILES/data_443192871.root
./INPUTFILES/data_443192881.root
./INPUTFILES/data_443192891.root
./INPUTFILES/data_443192931.root
./INPUTFILES/data_443192941.root
./INPUTFILES/data_443193001.root
./INPUTFILES/data_443193051.root
./INPUTFILES/data_443193071.root
./INPUTFILES/data_443193091.root
./INPUTFILES/data_443193101.root
./INPUTFILES/data_443193111.root
./INPUTFILES/data_443193121.root
./INPUTFILES/data_443193131.root
++++++++++++++++INPUTFILE Var++++++++++++++++++
FILELIST=/tmp/maxwoo/E724C5E71F5126BD08321C1635A2D446_1333/INPUTFILES/E724C5E71F5126BD08321C1635A2D446_1333.local.list
INPUTFILECOUNT=37
INPUTFILE0=/tmp/maxwoo/E724C5E71F5126BD08321C1635A2D446_1333/INPUTFILES/data_443155141.root
INPUTFILE1=/tmp/maxwoo/E724C5E71F5126BD08321C1635A2D446_1333/INPUTFILES/data_443155401.root
INPUTFILE2=/tmp/maxwoo/E724C5E71F5126BD08321C1635A2D446_1333/INPUTFILES/data_443155921.root
INPUTFILE3=/tmp/maxwoo/E724C5E71F5126BD08321C1635A2D446_1333/INPUTFILES/data_443156411.root
INPUTFILE4=/tmp/maxwoo/E724C5E71F5126BD08321C1635A2D446_1333/INPUTFILES/data_443157301.root
INPUTFILE5=/tmp/maxwoo/E724C5E71F5126BD08321C1635A2D446_1333/INPUTFILES/data_443157571.root
INPUTFILE6=/tmp/maxwoo/E724C5E71F5126BD08321C1635A2D446_1333/INPUTFILES/data_443158111.root
INPUTFILE7=/tmp/maxwoo/E724C5E71F5126BD08321C1635A2D446_1333/INPUTFILES/data_443158631.root
INPUTFILE8=/tmp/maxwoo/E724C5E71F5126BD08321C1635A2D446_1333/INPUTFILES/data_443158901.root
INPUTFILE9=/tmp/maxwoo/E724C5E71F5126BD08321C1635A2D446_1333/INPUTFILES/data_443159431.root
INPUTFILE10=/tmp/maxwoo/E724C5E71F5126BD08321C1635A2D446_1333/INPUTFILES/data_443159701.root
INPUTFILE11=/tmp/maxwoo/E724C5E71F5126BD08321C1635A2D446_1333/INPUTFILES/data_443159981.root
INPUTFILE12=/tmp/maxwoo/E724C5E71F5126BD08321C1635A2D446_1333/INPUTFILES/data_443160261.root
INPUTFILE13=/tmp/maxwoo/E724C5E71F5126BD08321C1635A2D446_1333/INPUTFILES/data_443161161.root
INPUTFILE14=/tmp/maxwoo/E724C5E71F5126BD08321C1635A2D446_1333/INPUTFILES/data_443161461.root
INPUTFILE15=/tmp/maxwoo/E724C5E71F5126BD08321C1635A2D446_1333/INPUTFILES/data_443161741.root
INPUTFILE16=/tmp/maxwoo/E724C5E71F5126BD08321C1635A2D446_1333/INPUTFILES/data_443177771.root
INPUTFILE17=/tmp/maxwoo/E724C5E71F5126BD08321C1635A2D446_1333/INPUTFILES/data_443183931.root
INPUTFILE18=/tmp/maxwoo/E724C5E71F5126BD08321C1635A2D446_1333/INPUTFILES/data_443191771.root
INPUTFILE19=/tmp/maxwoo/E724C5E71F5126BD08321C1635A2D446_1333/INPUTFILES/data_443192741.root
INPUTFILE20=/tmp/maxwoo/E724C5E71F5126BD08321C1635A2D446_1333/INPUTFILES/data_443192751.root
INPUTFILE21=/tmp/maxwoo/E724C5E71F5126BD08321C1635A2D446_1333/INPUTFILES/data_443192771.root
INPUTFILE22=/tmp/maxwoo/E724C5E71F5126BD08321C1635A2D446_1333/INPUTFILES/data_443192821.root
INPUTFILE23=/tmp/maxwoo/E724C5E71F5126BD08321C1635A2D446_1333/INPUTFILES/data_443192831.root
INPUTFILE24=/tmp/maxwoo/E724C5E71F5126BD08321C1635A2D446_1333/INPUTFILES/data_443192871.root
INPUTFILE25=/tmp/maxwoo/E724C5E71F5126BD08321C1635A2D446_1333/INPUTFILES/data_443192881.root
INPUTFILE26=/tmp/maxwoo/E724C5E71F5126BD08321C1635A2D446_1333/INPUTFILES/data_443192891.root
INPUTFILE27=/tmp/maxwoo/E724C5E71F5126BD08321C1635A2D446_1333/INPUTFILES/data_443192931.root
INPUTFILE28=/tmp/maxwoo/E724C5E71F5126BD08321C1635A2D446_1333/INPUTFILES/data_443192941.root
INPUTFILE29=/tmp/maxwoo/E724C5E71F5126BD08321C1635A2D446_1333/INPUTFILES/data_443193001.root
INPUTFILE30=/tmp/maxwoo/E724C5E71F5126BD08321C1635A2D446_1333/INPUTFILES/data_443193051.root
INPUTFILE31=/tmp/maxwoo/E724C5E71F5126BD08321C1635A2D446_1333/INPUTFILES/data_443193071.root
INPUTFILE32=/tmp/maxwoo/E724C5E71F5126BD08321C1635A2D446_1333/INPUTFILES/data_443193091.root
INPUTFILE33=/tmp/maxwoo/E724C5E71F5126BD08321C1635A2D446_1333/INPUTFILES/data_443193101.root
INPUTFILE34=/tmp/maxwoo/E724C5E71F5126BD08321C1635A2D446_1333/INPUTFILES/data_443193111.root
INPUTFILE35=/tmp/maxwoo/E724C5E71F5126BD08321C1635A2D446_1333/INPUTFILES/data_443193121.root
INPUTFILE36=/tmp/maxwoo/E724C5E71F5126BD08321C1635A2D446_1333/INPUTFILES/data_443193131.root
LocalInputFileDir=/tmp/maxwoo/E724C5E71F5126BD08321C1635A2D446_1333/INPUTFILES
NewFILELIST=/tmp/maxwoo/E724C5E71F5126BD08321C1635A2D446_1333/INPUTFILES/E724C5E71F5126BD08321C1635A2D446_1333.local.list
+++++++++++++++++++++++++++++++++++++++++++++++
--------------------------------
Simple Unified Meta Scheduler 1.10.50 we are starting in $SCRATCH : /home/tmp/maxwoo/E724C5E71F5126BD08321C1635A2D446_1333
--------------------------------
total 44
-rw-r--r-- 1 maxwoo rhstar   656 Apr  4 01:57 check.C
-rw-r--r-- 1 maxwoo rhstar 29310 May 13 23:42 Check_Cf.C
drwxr-xr-x 2 maxwoo rhstar  4096 May 15 05:52 INPUTFILES
drwxr-xr-x 2 maxwoo rhstar  4096 May 15 02:48 lib
  *******************************************
  *                                         *
  *        W E L C O M E  to  R O O T       *
  *                                         *
  *   Version   5.34/38     12 March 2018   *
  *                                         *
  *  You are welcome to visit our Web site  *
  *          http://root.cern.ch            *
  *                                         *
  *******************************************

ROOT 5.34/38 (v5-34-38@v5-34-38, Mar 12 2018, 15:49:39 on linux)

CINT/ROOT C/C++ Interpreter version 5.18.00, July 2, 2010
Type ? for help. Commands must be C++ statements.
Enclose multiple statements between { }.
*** Float Point Exception is OFF ***
 *** Start at Date : Sun May 15 05:52:01 2022
QAInfo:You are using STAR_LEVEL : dev, ROOT_LEVEL : 5.34.38 and node : rcas2021.rcf.bnl.gov 

Processing check.C++("/tmp/maxwoo/E724C5E71F5126BD08321C1635A2D446_1333/INPUTFILES/E724C5E71F5126BD08321C1635A2D446_1333.local.list","E724C5E71F5126BD08321C1635A2D446_1333",1)...

This is the end of ROOT -- Goodbye

Cleaning up sandbox file:  /tmp/maxwoo/E724C5E71F5126BD08321C1635A2D446_1333/check.C
Cleaning up sandbox file:  /tmp/maxwoo/E724C5E71F5126BD08321C1635A2D446_1333/Check_Cf.C
Cleaning up sandbox file:  /tmp/maxwoo/E724C5E71F5126BD08321C1635A2D446_1333/lib
Cleaning up sandbox file:  /tmp/maxwoo/E724C5E71F5126BD08321C1635A2D446_1333/.sandboxFiles
Error: Scheduler could not find any files in $SCRATCH matching your <output> tag fromScratch value: *.root 
314711 Execution of (/star/data01/pwg/xiatong/git/strangeness/script/schedE724C5E71F5126BD08321C1635A2D446_1333.csh ) has ended, exiting normally
314711 We END on [Sun May 15 05:52:04 EDT 2022]
